2018-10-04 00:03:01 EXEC SPC_COM_DATA '','','';
2018-10-04 00:03:07 EXEC SPC_COM_DATA '','','';
2018-10-04 00:03:07 EXEC SPC_LISTENING_LST1 '','','','';
2018-10-04 00:03:07 EXEC SPC_COM_DATA '','','';
2018-10-04 00:03:07 EXEC SPC_LISTENING_LST2 '8','8','';
2018-10-04 00:03:12 EXEC SPC_COM_DATA '','','';
2018-10-04 00:03:12 EXEC SPC_COM_GET_MORE_COMMENT '1','1';
2018-10-04 00:05:18 EXEC SPC_COM_DATA '','','';
2018-10-04 00:05:18 EXEC SPC_COM_GET_MORE_COMMENT '14','1';
2018-10-04 00:05:19 EXEC SPC_COM_DATA '','','';
2018-10-04 00:05:19 EXEC SPC_COM_GET_MORE_COMMENT '8','1';
2018-10-04 00:05:34 EXEC SPC_COM_DATA '','','';
2018-10-04 00:05:34 EXEC SPC_LISTENING_LST1 '10','','8','8';
2018-10-04 00:05:34 EXEC SPC_COM_DATA '','','';
2018-10-04 00:05:34 EXEC SPC_LISTENING_LST2 '8','8','';
2018-10-04 00:05:57 EXEC SPC_COM_DATA '','','';
2018-10-04 00:05:57 EXEC SPC_COM_GET_MORE_COMMENT '8','1';
2018-10-04 00:10:12 EXEC SPC_COM_DATA '','','';
2018-10-04 00:10:12 EXEC SPC_LISTENING_LST1 '10','','8','8';
2018-10-04 00:10:44 EXEC SPC_COM_DATA '','','';
2018-10-04 00:10:44 EXEC SPC_LISTENING_LST1 '10','','8','8';
2018-10-04 00:10:45 EXEC SPC_COM_DATA '','','';
2018-10-04 00:10:45 EXEC SPC_LISTENING_LST2 '8','8','';
2018-10-04 00:12:11 EXEC SPC_COM_DATA '','','';
2018-10-04 00:12:11 EXEC SPC_LISTENING_LST1 '10','','8','8';
2018-10-04 00:12:12 EXEC SPC_COM_DATA '','','';
2018-10-04 00:12:12 EXEC SPC_LISTENING_LST2 '8','8','';
2018-10-04 00:12:16 EXEC SPC_COM_DATA '','','';
2018-10-04 00:12:16 EXEC SPC_COM_GET_MORE_COMMENT '8','1';
2018-10-04 00:12:39 EXEC SPC_COM_DATA '','','';
2018-10-04 00:12:39 EXEC SPC_COM_GET_MORE_COMMENT '14','1';
2018-10-04 00:13:06 EXEC SPC_COM_DATA '','','';
2018-10-04 00:13:06 EXEC SPC_LISTENING_LST1 '10','','8','8';
2018-10-04 00:13:07 EXEC SPC_COM_DATA '','','';
2018-10-04 00:13:07 EXEC SPC_LISTENING_LST2 '8','8','';
2018-10-04 00:13:11 EXEC SPC_COM_DATA '','','';
2018-10-04 00:13:11 EXEC SPC_COM_GET_MORE_COMMENT '8','1';
2018-10-04 00:13:27 EXEC SPC_COM_DATA '','','';
2018-10-04 00:13:27 EXEC SPC_COM_GET_MORE_COMMENT '14','1';
2018-10-04 00:13:37 EXEC SPC_COM_DATA '','','';
2018-10-04 00:13:37 EXEC SPC_LISTENING_LST1 '10','','8','8';
2018-10-04 00:13:37 EXEC SPC_COM_DATA '','','';
2018-10-04 00:13:37 EXEC SPC_LISTENING_LST2 '8','8','';
2018-10-04 00:14:16 EXEC SPC_COM_DATA '','','';
2018-10-04 00:14:16 EXEC SPC_COM_GET_MORE_COMMENT '14','1';
2018-10-04 00:14:18 EXEC SPC_COM_DATA '','','';
2018-10-04 00:14:18 EXEC SPC_COM_GET_MORE_COMMENT '8','1';
2018-10-04 00:15:24 EXEC SPC_COM_DATA '','','';
2018-10-04 00:15:24 EXEC SPC_LISTENING_LST1 '10','','8','8';
2018-10-04 00:15:24 EXEC SPC_COM_DATA '','','';
2018-10-04 00:15:24 EXEC SPC_LISTENING_LST2 '8','8','';
2018-10-04 00:15:27 EXEC SPC_COM_DATA '','','';
2018-10-04 00:15:27 EXEC SPC_COM_GET_MORE_COMMENT '8','1';
2018-10-04 00:15:31 EXEC SPC_COM_DATA '','','';
2018-10-04 00:15:31 EXEC SPC_COM_GET_MORE_COMMENT '14','1';
2018-10-04 00:15:37 EXEC SPC_COM_DATA '','','';
2018-10-04 00:15:37 EXEC SPC_LISTENING_LST1 '10','','8','8';
2018-10-04 00:15:37 EXEC SPC_COM_DATA '','','';
2018-10-04 00:15:38 EXEC SPC_LISTENING_LST2 '8','8','';
2018-10-04 00:16:04 EXEC SPC_COM_DATA '','','';
2018-10-04 00:16:04 EXEC SPC_COM_GET_MORE_COMMENT '1','1';
2018-10-04 00:16:07 EXEC SPC_COM_DATA '','','';
2018-10-04 00:16:07 EXEC SPC_COM_GET_MORE_COMMENT '4','1';
2018-10-04 00:16:08 EXEC SPC_COM_DATA '','','';
2018-10-04 00:16:08 EXEC SPC_COM_GET_MORE_COMMENT '5','1';
2018-10-04 00:16:24 EXEC SPC_COM_DATA '','','';
2018-10-04 00:16:24 EXEC SPC_LISTENING_LST1 '9','','8','8';
2018-10-04 00:16:24 EXEC SPC_COM_DATA '','','';
2018-10-04 00:16:24 EXEC SPC_LISTENING_LST2 '8','8','';
2018-10-04 00:17:47 EXEC SPC_COM_DATA '','','';
2018-10-04 00:17:47 EXEC SPC_LISTENING_LST1 '10','','8','8';
2018-10-04 00:17:48 EXEC SPC_COM_DATA '','','';
2018-10-04 00:17:48 EXEC SPC_LISTENING_LST2 '8','8','';
2018-10-04 00:24:54 EXEC SPC_COM_DATA '','','';
2018-10-04 00:24:54 EXEC SPC_LISTENING_LST1 '10','','8','8';
2018-10-04 00:24:55 EXEC SPC_COM_DATA '','','';
2018-10-04 00:24:55 EXEC SPC_LISTENING_LST2 '8','8','';
2018-10-04 00:28:27 EXEC SPC_COM_PERMISSION '1','2','g001';
2018-10-04 00:28:28 EXEC SPC_COM_MENU '1';
2018-10-04 00:28:32 EXEC SPC_COM_PERMISSION '1','2','w001';
2018-10-04 00:28:32 EXEC SPC_COM_MENU '1';
2018-10-04 00:28:32 EXEC SPC_COM_M999_INQ1 '7';
2018-10-04 00:28:35 EXEC SPC_COM_PERMISSION '1','2','w002';
2018-10-04 00:28:35 EXEC SPC_COM_MENU '1';
2018-10-04 00:28:35 EXEC SPC_W002_FND1
2018-10-04 00:28:37 EXEC SPC_COM_MENU '1';
2018-10-04 00:28:37 EXEC SPC_COMMON_CATALORUE '3';
2018-10-04 00:28:39 EXEC SPC_COM_MENU '1';
2018-10-04 00:28:39 EXEC SPC_COMMON_GROUP '8';
2018-10-04 00:28:49 EXEC SPC_COM_PERMISSION '1','2','g005';
2018-10-04 00:28:49 EXEC SPC_COM_MENU '1';
2018-10-04 00:28:49 EXEC SPC_COM_M999_INQ1 '7';
2018-10-04 00:28:53 EXEC SPC_COM_MENU '1';
2018-10-04 00:28:53 EXEC SPC_COMMON_CATALORUE '3';
2018-10-04 00:28:57 EXEC SPC_COM_PERMISSION '1','2','g006';
2018-10-04 00:28:57 EXEC SPC_COM_MENU '1';
2018-10-04 00:28:57 EXEC SPC_COM_M999_INQ1 '7';
2018-10-04 00:28:59 EXEC SPC_COM_MENU '1';
2018-10-04 00:28:59 EXEC SPC_COMMON_CATALORUE '3';
2018-10-04 00:28:59 EXEC SPC_COM_MENU '1';
2018-10-04 00:28:59 EXEC SPC_COMMON_GROUP '';
2018-10-04 00:29:00 EXEC SPC_COM_MENU '1';
2018-10-04 00:29:01 EXEC SPC_COMMON_GROUP '8';
2018-10-04 00:29:10 EXEC SPC_COM_MENU '1';
2018-10-04 00:29:10 EXEC SPC_G006_ACT1 '3','8','c','ndq809','127.0.0.1';
2018-10-04 00:29:14 EXEC SPC_COM_PERMISSION '1','2','w002';
2018-10-04 00:29:14 EXEC SPC_COM_MENU '1';
2018-10-04 00:29:14 EXEC SPC_W002_FND1
2018-10-04 00:29:17 EXEC SPC_COM_MENU '1';
2018-10-04 00:29:17 EXEC SPC_COMMON_CATALORUE '3';
2018-10-04 00:29:18 EXEC SPC_COM_MENU '1';
2018-10-04 00:29:18 EXEC SPC_COMMON_GROUP '8';
2018-10-04 00:30:22 EXEC SPC_COM_MENU '1';
2018-10-04 00:30:22 EXEC SPC_COM_M999_INQ1 '8';
2018-10-04 00:30:22 EXEC SPC_COM_MENU '1';
2018-10-04 00:30:23 EXEC SPC_p003_LST1 '','','','50';
2018-10-04 00:30:27 EXEC SPC_COM_MENU '1';
2018-10-04 00:30:27 EXEC SPC_COM_M999_INQ1 '8';
2018-10-04 00:30:28 EXEC SPC_COM_MENU '1';
2018-10-04 00:30:28 EXEC SPC_p003_LST1 '','','','50';
2018-10-04 00:30:34 EXEC SPC_COM_MENU '1';
2018-10-04 00:30:34 EXEC SPC_COM_M999_INQ1 '8';
2018-10-04 00:30:35 EXEC SPC_COM_MENU '1';
2018-10-04 00:30:35 EXEC SPC_p003_LST1 '1','Hello','Xin chào','50';
2018-10-04 00:30:38 EXEC SPC_COM_MENU '1';
2018-10-04 00:30:38 EXEC SPC_p003_LST1 '','','','50','1';
2018-10-04 00:30:45 EXEC SPC_COM_MENU '1';
2018-10-04 00:30:45 EXEC SPC_COM_M999_INQ1 '8';
2018-10-04 00:30:45 EXEC SPC_COM_MENU '1';
2018-10-04 00:30:45 EXEC SPC_p003_LST1 '','','','50';
2018-10-04 00:30:55 EXEC SPC_COM_MENU '1';
2018-10-04 00:30:55 EXEC SPC_w002_ACT1 '','3','8','9','','<p>m&igrave;nh hợp nhau&nbsp;đến như vậy</p>
','/web-content/audio/listeningAudio/audio_5bb55f3f18296.mp3','audio_5bb55f3f18296.mp3','1','<row row_id="0" vocabulary_code="4" vocabulary_div="1" vocabulary_nm="goal" spelling="ɡəul" mean="vào" explain="when the bool into the lưới" /><row row_id="1" vocabulary_code="3" vocabulary_div="1" vocabulary_nm="kingdom" spelling="kingdum" mean="vương quốc" explain="the way to call a country in history" /><row row_id="2" vocabulary_code="1" vocabulary_div="1" vocabulary_nm="Hello" spelling="helou" mean="Xin chào" explain="say when meet someone" />','','','ndq809','127.0.0.1';
2018-10-04 00:30:56 EXEC SPC_COM_MENU '1';
2018-10-04 00:30:56 EXEC SPC_W002_LST1 '11';
2018-10-04 00:30:56 EXEC SPC_COM_MENU '1';
2018-10-04 00:30:56 EXEC SPC_COMMON_CATALORUE '3';
2018-10-04 00:30:56 EXEC SPC_COM_MENU '1';
2018-10-04 00:30:56 EXEC SPC_COMMON_GROUP '8';
2018-10-04 00:30:59 EXEC SPC_COM_DATA '','','';
2018-10-04 00:30:59 EXEC SPC_LISTENING_LST1 '10','','8','8';
2018-10-04 00:31:00 EXEC SPC_COM_DATA '','','';
2018-10-04 00:31:00 EXEC SPC_LISTENING_LST2 '8','8','';
2018-10-04 00:31:02 EXEC SPC_COM_DATA '','','';
2018-10-04 00:31:02 EXEC SPC_LISTENING_LST2 '8','9','';
2018-10-04 00:31:33 EXEC SPC_COM_MENU '1';
2018-10-04 00:31:33 EXEC SPC_w002_ACT1 '11','3','8','9','như 1 trò đùa','<p>m&igrave;nh hợp nhau&nbsp;đến như vậy</p>
','','','0','<row row_id="0" vocabulary_code="1" vocabulary_div="1" vocabulary_nm="Hello" spelling="helou" mean="Xin chào" explain="say when meet someone" /><row row_id="1" vocabulary_code="3" vocabulary_div="1" vocabulary_nm="kingdom" spelling="kingdum" mean="vương quốc" explain="the way to call a country in history" /><row row_id="2" vocabulary_code="4" vocabulary_div="1" vocabulary_nm="goal" spelling="ɡəul" mean="vào" explain="when the bool into the lưới" />','','','ndq809','127.0.0.1';
2018-10-04 00:31:34 EXEC SPC_COM_MENU '1';
2018-10-04 00:31:34 EXEC SPC_W002_LST1 '11';
2018-10-04 00:31:35 EXEC SPC_COM_MENU '1';
2018-10-04 00:31:35 EXEC SPC_COMMON_CATALORUE '3';
2018-10-04 00:31:35 EXEC SPC_COM_MENU '1';
2018-10-04 00:31:35 EXEC SPC_COMMON_GROUP '8';
2018-10-04 00:31:37 EXEC SPC_COM_DATA '','','';
2018-10-04 00:31:37 EXEC SPC_LISTENING_LST1 '11','','8','9';
2018-10-04 00:31:37 EXEC SPC_COM_DATA '','','';
2018-10-04 00:31:37 EXEC SPC_LISTENING_LST2 '8','9','';
2018-10-04 00:31:43 EXEC SPC_COM_DATA '','','';
2018-10-04 00:31:43 EXEC SPC_LISTENING_LST2 '8','8','';
2018-10-04 00:32:13 EXEC SPC_COM_DATA '','','';
2018-10-04 00:32:13 EXEC SPC_LISTENING_LST2 '8','9','';
2018-10-04 00:32:37 EXEC SPC_COM_DATA '','','';
2018-10-04 00:32:37 EXEC SPC_LISTENING_LST2 '8','8','';
2018-10-04 00:32:45 EXEC SPC_COM_DATA '','','';
2018-10-04 00:32:45 EXEC SPC_LISTENING_LST2 '8','9','';
2018-10-04 00:32:52 EXEC SPC_COM_DATA '','','';
2018-10-04 00:32:52 EXEC SPC_TRANSLATE_LST1 '3','';
2018-10-04 00:32:53 EXEC SPC_COM_DATA '','','';
2018-10-04 00:32:53 EXEC SPC_TRANSLATE_LST2 'kingdom','','127.0.0.1';
2018-10-04 00:34:24 EXEC SPC_COM_DATA '','','';
2018-10-04 00:34:24 EXEC SPC_LISTENING_LST1 '11','','8','9';
2018-10-04 00:34:25 EXEC SPC_COM_DATA '','','';
2018-10-04 00:34:25 EXEC SPC_LISTENING_LST2 '8','9','';
2018-10-04 00:55:33 EXEC SPC_COM_DATA '','','';
2018-10-04 00:55:33 EXEC SPC_LISTENING_LST1 '11','','8','9';
2018-10-04 00:55:33 EXEC SPC_COM_DATA '','','';
2018-10-04 00:55:33 EXEC SPC_LISTENING_LST2 '8','9','';
2018-10-04 00:55:38 EXEC SPC_COM_DATA '','','';
2018-10-04 00:55:38 EXEC SPC_LISTENING_LST1 '11','','8','9';
2018-10-04 00:55:39 EXEC SPC_COM_DATA '','','';
2018-10-04 00:55:39 EXEC SPC_LISTENING_LST2 '8','9','';
2018-10-04 00:58:17 EXEC SPC_COM_DATA '','','';
2018-10-04 00:58:17 EXEC SPC_LISTENING_LST1 '11','','8','9';
2018-10-04 00:58:17 EXEC SPC_COM_DATA '','','';
2018-10-04 00:58:17 EXEC SPC_LISTENING_LST2 '8','9','';
2018-10-04 00:59:02 EXEC SPC_COM_DATA '','','';
2018-10-04 00:59:02 EXEC SPC_LISTENING_LST1 '11','','8','9';
2018-10-04 00:59:03 EXEC SPC_COM_DATA '','','';
2018-10-04 00:59:03 EXEC SPC_LISTENING_LST2 '8','9','';
2018-10-04 00:59:52 EXEC SPC_COM_DATA '','','';
2018-10-04 00:59:52 EXEC SPC_LISTENING_LST1 '11','','8','9';
2018-10-04 00:59:53 EXEC SPC_COM_DATA '','','';
2018-10-04 00:59:53 EXEC SPC_LISTENING_LST2 '8','9','';
2018-10-04 01:01:59 EXEC SPC_COM_DATA '','','';
2018-10-04 01:01:59 EXEC SPC_LISTENING_LST1 '11','','8','9';
2018-10-04 01:02:00 EXEC SPC_COM_DATA '','','';
2018-10-04 01:02:00 EXEC SPC_LISTENING_LST2 '8','9','';
2018-10-04 01:02:19 EXEC SPC_COM_DATA '','','';
2018-10-04 01:02:19 EXEC SPC_LISTENING_LST1 '11','','8','9';
2018-10-04 01:02:20 EXEC SPC_COM_DATA '','','';
2018-10-04 01:02:20 EXEC SPC_LISTENING_LST2 '8','9','';
2018-10-04 01:03:26 EXEC SPC_COM_DATA '','','';
2018-10-04 01:03:26 EXEC SPC_LISTENING_LST1 '11','','8','9';
2018-10-04 01:03:26 EXEC SPC_COM_DATA '','','';
2018-10-04 01:03:26 EXEC SPC_LISTENING_LST2 '8','9','';
2018-10-04 01:05:31 EXEC SPC_COM_DATA '','','';
2018-10-04 01:05:31 EXEC SPC_LISTENING_LST1 '11','','8','9';
2018-10-04 01:05:32 EXEC SPC_COM_DATA '','','';
2018-10-04 01:05:32 EXEC SPC_LISTENING_LST2 '8','9','';
2018-10-04 01:05:55 EXEC SPC_COM_DATA '','','';
2018-10-04 01:05:55 EXEC SPC_LISTENING_LST1 '11','','8','9';
2018-10-04 01:05:56 EXEC SPC_COM_DATA '','','';
2018-10-04 01:05:56 EXEC SPC_LISTENING_LST2 '8','9','';
2018-10-04 01:12:50 EXEC SPC_COM_DATA '','','';
2018-10-04 01:12:50 EXEC SPC_LISTENING_LST1 '11','','8','9';
2018-10-04 01:12:59 EXEC SPC_COM_DATA '','','';
2018-10-04 01:12:59 EXEC SPC_LISTENING_LST1 '11','','8','9';
2018-10-04 01:13:00 EXEC SPC_COM_DATA '','','';
2018-10-04 01:13:00 EXEC SPC_LISTENING_LST2 '8','9','';
2018-10-04 01:13:34 EXEC SPC_COM_DATA '','','';
2018-10-04 01:13:34 EXEC SPC_LISTENING_LST1 '11','','8','9';
2018-10-04 01:13:34 EXEC SPC_COM_DATA '','','';
2018-10-04 01:13:34 EXEC SPC_LISTENING_LST2 '8','9','';
2018-10-04 01:14:03 EXEC SPC_COM_DATA '','','';
2018-10-04 01:14:03 EXEC SPC_LISTENING_LST1 '11','','8','9';
2018-10-04 01:14:04 EXEC SPC_COM_DATA '','','';
2018-10-04 01:14:04 EXEC SPC_LISTENING_LST2 '8','9','';
2018-10-04 01:14:18 EXEC SPC_COM_DATA '','','';
2018-10-04 01:14:18 EXEC SPC_LISTENING_LST1 '11','','8','9';
2018-10-04 01:14:18 EXEC SPC_COM_DATA '','','';
2018-10-04 01:14:18 EXEC SPC_LISTENING_LST2 '8','9','';
2018-10-04 01:15:20 EXEC SPC_COM_DATA '','','';
2018-10-04 01:15:20 EXEC SPC_LISTENING_LST1 '11','','8','9';
2018-10-04 01:15:21 EXEC SPC_COM_DATA '','','';
2018-10-04 01:15:21 EXEC SPC_LISTENING_LST2 '8','9','';
2018-10-04 01:15:41 EXEC SPC_COM_DATA '','','';
2018-10-04 01:15:41 EXEC SPC_LISTENING_LST1 '11','','8','9';
2018-10-04 01:15:42 EXEC SPC_COM_DATA '','','';
2018-10-04 01:15:42 EXEC SPC_LISTENING_LST2 '8','9','';
2018-10-04 01:16:36 EXEC SPC_COM_DATA '','','';
2018-10-04 01:16:36 EXEC SPC_LISTENING_LST1 '11','','8','9';
2018-10-04 01:16:36 EXEC SPC_COM_DATA '','','';
2018-10-04 01:16:36 EXEC SPC_LISTENING_LST2 '8','9','';
2018-10-04 01:19:23 EXEC SPC_COM_DATA '','','';
2018-10-04 01:19:23 EXEC SPC_LISTENING_LST1 '11','','8','9';
2018-10-04 01:19:23 EXEC SPC_COM_DATA '','','';
2018-10-04 01:19:23 EXEC SPC_LISTENING_LST2 '8','9','';
2018-10-04 01:19:47 EXEC SPC_COM_DATA '','','';
2018-10-04 01:19:47 EXEC SPC_LISTENING_LST1 '11','','8','9';
2018-10-04 01:19:48 EXEC SPC_COM_DATA '','','';
2018-10-04 01:19:48 EXEC SPC_LISTENING_LST2 '8','9','';
2018-10-04 01:20:39 EXEC SPC_COM_DATA '','','';
2018-10-04 01:20:39 EXEC SPC_LISTENING_LST1 '11','','8','9';
2018-10-04 01:20:40 EXEC SPC_COM_DATA '','','';
2018-10-04 01:20:40 EXEC SPC_LISTENING_LST2 '8','9','';
2018-10-04 01:21:05 EXEC SPC_COM_DATA '','','';
2018-10-04 01:21:05 EXEC SPC_LISTENING_LST1 '11','','8','9';
2018-10-04 01:21:06 EXEC SPC_COM_DATA '','','';
2018-10-04 01:21:06 EXEC SPC_LISTENING_LST2 '8','9','';
2018-10-04 01:24:21 EXEC SPC_COM_DATA '','','';
2018-10-04 01:24:21 EXEC SPC_LISTENING_LST1 '11','','8','9';
2018-10-04 01:24:22 EXEC SPC_COM_DATA '','','';
2018-10-04 01:24:22 EXEC SPC_LISTENING_LST2 '8','9','';
2018-10-04 01:24:35 EXEC SPC_COM_DATA '','','';
2018-10-04 01:24:35 EXEC SPC_LISTENING_LST1 '11','','8','9';
2018-10-04 01:24:36 EXEC SPC_COM_DATA '','','';
2018-10-04 01:24:36 EXEC SPC_LISTENING_LST2 '8','9','';
2018-10-04 01:25:00 EXEC SPC_COM_DATA '','','';
2018-10-04 01:25:00 EXEC SPC_LISTENING_LST1 '11','','8','9';
2018-10-04 01:25:01 EXEC SPC_COM_DATA '','','';
2018-10-04 01:25:01 EXEC SPC_LISTENING_LST2 '8','9','';
2018-10-04 01:27:09 EXEC SPC_COM_DATA '','','';
2018-10-04 01:27:09 EXEC SPC_LISTENING_LST2 '8','8','';
2018-10-04 01:27:47 EXEC SPC_COM_DATA '','','';
2018-10-04 01:27:47 EXEC SPC_LISTENING_LST1 '9','','8','8';
2018-10-04 01:27:48 EXEC SPC_COM_DATA '','','';
2018-10-04 01:27:48 EXEC SPC_LISTENING_LST2 '8','8','';
2018-10-04 01:52:16 EXEC SPC_COM_DATA '','','';
2018-10-04 01:52:16 EXEC SPC_LISTENING_LST1 '9','','8','8';
2018-10-04 01:52:17 EXEC SPC_COM_DATA '','','';
2018-10-04 01:52:17 EXEC SPC_LISTENING_LST2 '8','8','';
2018-10-04 01:52:54 EXEC SPC_COM_DATA '','','';
2018-10-04 01:52:54 EXEC SPC_LISTENING_LST1 '10','','8','8';
2018-10-04 01:52:55 EXEC SPC_COM_DATA '','','';
2018-10-04 01:52:55 EXEC SPC_LISTENING_LST2 '8','8','';
2018-10-04 01:53:04 EXEC SPC_COM_DATA '','','';
2018-10-04 01:53:04 EXEC SPC_LISTENING_LST1 '10','','8','8';
2018-10-04 01:53:05 EXEC SPC_COM_DATA '','','';
2018-10-04 01:53:05 EXEC SPC_LISTENING_LST2 '8','8','';
2018-10-04 01:53:15 EXEC SPC_COM_DATA '','','';
2018-10-04 01:53:15 EXEC SPC_LISTENING_LST1 '10','','8','8';
2018-10-04 01:53:15 EXEC SPC_COM_DATA '','','';
2018-10-04 01:53:15 EXEC SPC_LISTENING_LST2 '8','8','';
2018-10-04 01:53:33 EXEC SPC_COM_DATA '','','';
2018-10-04 01:53:33 EXEC SPC_LISTENING_LST1 '10','','8','8';
2018-10-04 01:53:33 EXEC SPC_COM_DATA '','','';
2018-10-04 01:53:33 EXEC SPC_LISTENING_LST2 '8','8','';
2018-10-04 01:54:48 EXEC SPC_COM_DATA '','','';
2018-10-04 01:54:48 EXEC SPC_LISTENING_LST1 '10','','8','8';
2018-10-04 01:54:48 EXEC SPC_COM_DATA '','','';
2018-10-04 01:54:48 EXEC SPC_LISTENING_LST2 '8','8','';
2018-10-04 01:58:37 EXEC SPC_COM_DATA '','','';
2018-10-04 01:58:37 EXEC SPC_COM_GET_MORE_COMMENT '8','1';
2018-10-04 02:23:57 EXEC SPC_COM_DATA '','','';
2018-10-04 02:23:57 EXEC SPC_COM_GET_MORE_COMMENT '1','1';
2018-10-04 02:24:01 EXEC SPC_COM_DATA '','','';
2018-10-04 02:24:01 EXEC SPC_COM_GET_MORE_COMMENT '4','1';
2018-10-04 02:24:18 EXEC SPC_COM_DATA '','','';
2018-10-04 02:24:18 EXEC SPC_TRANSLATE_LST1 '4','';
2018-10-04 02:24:19 EXEC SPC_COM_DATA '','','';
2018-10-04 02:24:19 EXEC SPC_TRANSLATE_LST2 'goal','','127.0.0.1';
2018-10-04 02:24:30 EXEC SPC_COM_DATA '','','';
2018-10-04 02:24:30 EXEC SPC_TRANSLATE_LST1 '4','';
2018-10-04 02:24:31 EXEC SPC_COM_DATA '','','';
2018-10-04 02:24:31 EXEC SPC_TRANSLATE_LST2 'goal','','127.0.0.1';
2018-10-04 02:24:39 EXEC SPC_COM_DATA '','','';
2018-10-04 02:24:39 EXEC SPC_LISTENING_LST1 '','','8','8';
2018-10-04 02:24:40 EXEC SPC_COM_DATA '','','';
2018-10-04 02:24:40 EXEC SPC_LISTENING_LST2 '8','8','';
2018-10-04 02:24:50 EXEC SPC_COM_DATA '','','';
2018-10-04 02:24:50 EXEC SPC_LISTENING_LST2 '8','9','';
2018-10-04 02:25:44 EXEC SPC_COM_MENU '1';
2018-10-04 02:25:45 EXEC SPC_w002_ACT1 '11','3','8','9','như 1 trò đùa','<p>&nbsp;現在の打刻漏れ / 申請報告漏れ</p>
','','','0','<row row_id="0" vocabulary_code="1" vocabulary_div="1" vocabulary_nm="Hello" spelling="helou" mean="Xin chào" explain="say when meet someone" /><row row_id="1" vocabulary_code="3" vocabulary_div="1" vocabulary_nm="kingdom" spelling="kingdum" mean="vương quốc" explain="the way to call a country in history" /><row row_id="2" vocabulary_code="4" vocabulary_div="1" vocabulary_nm="goal" spelling="ɡəul" mean="vào" explain="when the bool into the lưới" />','','','ndq809','127.0.0.1';
2018-10-04 02:25:46 EXEC SPC_COM_MENU '1';
2018-10-04 02:25:46 EXEC SPC_W002_LST1 '11';
2018-10-04 02:25:46 EXEC SPC_COM_MENU '1';
2018-10-04 02:25:46 EXEC SPC_COMMON_CATALORUE '3';
2018-10-04 02:25:46 EXEC SPC_COM_MENU '1';
2018-10-04 02:25:46 EXEC SPC_COMMON_GROUP '8';
2018-10-04 02:25:50 EXEC SPC_COM_DATA '','','';
2018-10-04 02:25:50 EXEC SPC_LISTENING_LST1 '11','','8','9';
2018-10-04 02:25:50 EXEC SPC_COM_DATA '','','';
2018-10-04 02:25:50 EXEC SPC_LISTENING_LST2 '8','9','';
2018-10-04 02:26:46 EXEC SPC_COM_MENU '1';
2018-10-04 02:26:46 EXEC SPC_w002_ACT1 '11','3','8','9','như 1 trò đùa','<p>một hai ba bốn</p>
','','','0','<row row_id="0" vocabulary_code="1" vocabulary_div="1" vocabulary_nm="Hello" spelling="helou" mean="Xin chào" explain="say when meet someone" /><row row_id="1" vocabulary_code="3" vocabulary_div="1" vocabulary_nm="kingdom" spelling="kingdum" mean="vương quốc" explain="the way to call a country in history" /><row row_id="2" vocabulary_code="4" vocabulary_div="1" vocabulary_nm="goal" spelling="ɡəul" mean="vào" explain="when the bool into the lưới" />','','','ndq809','127.0.0.1';
2018-10-04 02:26:48 EXEC SPC_COM_MENU '1';
2018-10-04 02:26:48 EXEC SPC_W002_LST1 '11';
2018-10-04 02:26:48 EXEC SPC_COM_MENU '1';
2018-10-04 02:26:48 EXEC SPC_COMMON_CATALORUE '3';
2018-10-04 02:26:48 EXEC SPC_COM_MENU '1';
2018-10-04 02:26:48 EXEC SPC_COMMON_GROUP '8';
2018-10-04 02:26:53 EXEC SPC_COM_DATA '','','';
2018-10-04 02:26:53 EXEC SPC_LISTENING_LST1 '11','','8','9';
2018-10-04 02:26:53 EXEC SPC_COM_DATA '','','';
2018-10-04 02:26:53 EXEC SPC_LISTENING_LST2 '8','9','';
2018-10-04 02:27:09 EXEC SPC_COM_MENU '1';
2018-10-04 02:27:09 EXEC SPC_w002_ACT1 '11','3','8','9','như 1 trò đùa','<p>uể oải</p>
','','','0','<row row_id="0" vocabulary_code="1" vocabulary_div="1" vocabulary_nm="Hello" spelling="helou" mean="Xin chào" explain="say when meet someone" /><row row_id="1" vocabulary_code="3" vocabulary_div="1" vocabulary_nm="kingdom" spelling="kingdum" mean="vương quốc" explain="the way to call a country in history" /><row row_id="2" vocabulary_code="4" vocabulary_div="1" vocabulary_nm="goal" spelling="ɡəul" mean="vào" explain="when the bool into the lưới" />','','','ndq809','127.0.0.1';
2018-10-04 02:27:10 EXEC SPC_COM_MENU '1';
2018-10-04 02:27:10 EXEC SPC_W002_LST1 '11';
2018-10-04 02:27:10 EXEC SPC_COM_MENU '1';
2018-10-04 02:27:10 EXEC SPC_COMMON_CATALORUE '3';
2018-10-04 02:27:11 EXEC SPC_COM_MENU '1';
2018-10-04 02:27:11 EXEC SPC_COMMON_GROUP '8';
2018-10-04 02:27:11 EXEC SPC_COM_DATA '','','';
2018-10-04 02:27:11 EXEC SPC_LISTENING_LST1 '11','','8','9';
2018-10-04 02:27:12 EXEC SPC_COM_DATA '','','';
2018-10-04 02:27:12 EXEC SPC_LISTENING_LST2 '8','9','';
2018-10-04 02:27:40 EXEC SPC_COM_MENU '1';
2018-10-04 02:27:40 EXEC SPC_w002_ACT1 '11','3','8','9','như 1 trò đùa','<p>mung lung như một tr&ograve;&nbsp;đ&ugrave;a</p>
','','','0','<row row_id="0" vocabulary_code="1" vocabulary_div="1" vocabulary_nm="Hello" spelling="helou" mean="Xin chào" explain="say when meet someone" /><row row_id="1" vocabulary_code="3" vocabulary_div="1" vocabulary_nm="kingdom" spelling="kingdum" mean="vương quốc" explain="the way to call a country in history" /><row row_id="2" vocabulary_code="4" vocabulary_div="1" vocabulary_nm="goal" spelling="ɡəul" mean="vào" explain="when the bool into the lưới" />','','','ndq809','127.0.0.1';
2018-10-04 02:27:42 EXEC SPC_COM_MENU '1';
2018-10-04 02:27:42 EXEC SPC_W002_LST1 '11';
2018-10-04 02:27:42 EXEC SPC_COM_MENU '1';
2018-10-04 02:27:42 EXEC SPC_COMMON_CATALORUE '3';
2018-10-04 02:27:42 EXEC SPC_COM_MENU '1';
2018-10-04 02:27:42 EXEC SPC_COMMON_GROUP '8';
2018-10-04 02:27:45 EXEC SPC_COM_DATA '','','';
2018-10-04 02:27:45 EXEC SPC_LISTENING_LST1 '11','','8','9';
2018-10-04 02:27:45 EXEC SPC_COM_DATA '','','';
2018-10-04 02:27:45 EXEC SPC_LISTENING_LST2 '8','9','';
2018-10-04 02:28:58 EXEC SPC_COM_DATA '','','';
2018-10-04 02:28:58 EXEC SPC_TRANSLATE_LST1 '1','';
2018-10-04 02:28:59 EXEC SPC_COM_DATA '','','';
2018-10-04 02:28:59 EXEC SPC_TRANSLATE_LST2 'Hello','','127.0.0.1';
2018-10-04 02:30:20 EXEC SPC_COM_DATA '','','';
2018-10-04 02:30:20 EXEC SPC_LISTENING_LST1 '11','','8','9';
2018-10-04 02:30:44 EXEC SPC_COM_DATA '','','';
2018-10-04 02:30:44 EXEC SPC_LISTENING_LST1 '11','','8','9';
2018-10-04 02:30:44 EXEC SPC_COM_DATA '','','';
2018-10-04 02:30:44 EXEC SPC_LISTENING_LST2 '8','9','';
2018-10-04 02:31:19 EXEC SPC_COM_DATA '','','';
2018-10-04 02:31:19 EXEC SPC_LISTENING_LST1 '11','','8','9';
2018-10-04 02:31:20 EXEC SPC_COM_DATA '','','';
2018-10-04 02:31:20 EXEC SPC_LISTENING_LST2 '8','9','';
2018-10-04 02:32:13 EXEC SPC_COM_DATA '','','';
2018-10-04 02:32:13 EXEC SPC_LISTENING_LST1 '11','','8','9';
2018-10-04 02:32:14 EXEC SPC_COM_DATA '','','';
2018-10-04 02:32:14 EXEC SPC_LISTENING_LST2 '8','9','';
2018-10-04 02:32:49 EXEC SPC_COM_DATA '','','';
2018-10-04 02:32:49 EXEC SPC_LISTENING_LST1 '11','','8','9';
2018-10-04 02:32:49 EXEC SPC_COM_DATA '','','';
2018-10-04 02:32:49 EXEC SPC_LISTENING_LST2 '8','9','';
2018-10-04 02:33:47 EXEC SPC_COM_DATA '','','';
2018-10-04 02:33:47 EXEC SPC_LISTENING_LST1 '11','','8','9';
2018-10-04 02:33:47 EXEC SPC_COM_DATA '','','';
2018-10-04 02:33:47 EXEC SPC_LISTENING_LST2 '8','9','';
2018-10-04 02:34:50 EXEC SPC_COM_DATA '','','';
2018-10-04 02:34:50 EXEC SPC_LISTENING_LST1 '11','','8','9';
2018-10-04 02:34:51 EXEC SPC_COM_DATA '','','';
2018-10-04 02:34:51 EXEC SPC_LISTENING_LST2 '8','9','';
2018-10-04 02:35:21 EXEC SPC_COM_DATA '','','';
2018-10-04 02:35:21 EXEC SPC_LISTENING_LST1 '11','','8','9';
2018-10-04 02:35:21 EXEC SPC_COM_DATA '','','';
2018-10-04 02:35:21 EXEC SPC_LISTENING_LST2 '8','9','';
2018-10-04 02:36:12 EXEC SPC_COM_DATA '','','';
2018-10-04 02:36:12 EXEC SPC_LISTENING_LST1 '11','','8','9';
2018-10-04 02:36:12 EXEC SPC_COM_DATA '','','';
2018-10-04 02:36:12 EXEC SPC_LISTENING_LST2 '8','9','';
2018-10-04 02:36:39 EXEC SPC_COM_DATA '','','';
2018-10-04 02:36:39 EXEC SPC_LISTENING_LST1 '11','','8','9';
2018-10-04 02:36:39 EXEC SPC_COM_DATA '','','';
2018-10-04 02:36:39 EXEC SPC_LISTENING_LST2 '8','9','';
2018-10-04 02:36:57 EXEC SPC_COM_DATA '','','';
2018-10-04 02:36:57 EXEC SPC_LISTENING_LST2 '8','8','';
2018-10-04 02:39:31 EXEC SPC_COM_DATA '','','';
2018-10-04 02:39:32 EXEC SPC_LISTENING_LST1 '10','','8','8';
2018-10-04 02:39:32 EXEC SPC_COM_DATA '','','';
2018-10-04 02:39:32 EXEC SPC_LISTENING_LST2 '8','8','';
2018-10-04 02:39:40 EXEC SPC_COM_DATA '','','';
2018-10-04 02:39:40 EXEC SPC_LISTENING_LST1 '10','','8','8';
2018-10-04 02:39:40 EXEC SPC_COM_DATA '','','';
2018-10-04 02:39:40 EXEC SPC_LISTENING_LST2 '8','8','';
2018-10-04 02:39:44 EXEC SPC_COM_DATA '','','';
2018-10-04 02:39:44 EXEC SPC_LISTENING_LST1 '10','','8','8';
2018-10-04 02:39:44 EXEC SPC_COM_DATA '','','';
2018-10-04 02:39:44 EXEC SPC_LISTENING_LST2 '8','8','';
2018-10-04 02:39:57 EXEC SPC_COM_DATA '','','';
2018-10-04 02:39:57 EXEC SPC_LISTENING_LST1 '10','','8','8';
2018-10-04 02:39:57 EXEC SPC_COM_DATA '','','';
2018-10-04 02:39:57 EXEC SPC_LISTENING_LST2 '8','8','';
2018-10-04 02:47:09 EXEC SPC_COM_DATA '','','';
2018-10-04 02:47:09 EXEC SPC_LISTENING_LST2 '8','9','';
2018-10-04 02:48:32 EXEC SPC_COM_DATA '','','';
2018-10-04 02:48:32 EXEC SPC_LISTENING_LST1 '9','','8','9';
2018-10-04 02:48:33 EXEC SPC_COM_DATA '','','';
2018-10-04 02:48:33 EXEC SPC_LISTENING_LST2 '8','8','';
2018-10-04 02:52:25 EXEC SPC_COM_DATA '','','';
2018-10-04 02:52:25 EXEC SPC_LISTENING_LST1 '10','','8','8';
2018-10-04 02:52:26 EXEC SPC_COM_DATA '','','';
2018-10-04 02:52:26 EXEC SPC_LISTENING_LST2 '8','8','';
2018-10-04 03:00:36 EXEC SPC_COM_DATA '','','';
2018-10-04 03:00:36 EXEC SPC_LISTENING_LST1 '11','','8','8';
2018-10-04 03:00:37 EXEC SPC_COM_DATA '','','';
2018-10-04 03:00:37 EXEC SPC_LISTENING_LST2 '8','9','';
2018-10-04 03:01:45 EXEC SPC_COM_DATA '','','';
2018-10-04 03:01:45 EXEC SPC_LISTENING_LST2 '8','8','';
2018-10-04 03:01:56 EXEC SPC_COM_DATA '','','';
2018-10-04 03:01:56 EXEC SPC_TRANSLATE_LST1 '2','';
2018-10-04 03:01:57 EXEC SPC_COM_DATA '','','';
2018-10-04 03:01:57 EXEC SPC_TRANSLATE_LST2 'king','','127.0.0.1';
2018-10-04 04:28:02 EXEC SPC_COM_DATA '','','';
2018-10-04 04:28:02 EXEC SPC_GRAMMAR_LST1 '','','8','8';
2018-10-04 04:28:04 EXEC SPC_COM_DATA '','','';
2018-10-04 04:28:04 EXEC SPC_GRAMMAR_LST2 '6','6','';
2018-10-04 04:28:15 EXEC SPC_COM_DATA '','','';
2018-10-04 04:28:15 EXEC SPC_COM_EXAM_LIST '1','4','0','2','';
2018-10-04 04:28:18 EXEC SPC_COM_DATA '','','';
2018-10-04 04:28:18 EXEC SPC_COM_EXAM_LIST '1','4','0','1','';
2018-10-04 04:28:21 EXEC SPC_COM_DATA '','','';
2018-10-04 04:28:21 EXEC SPC_COM_EXAM_LIST '1','4','0','2','';
2018-10-04 04:28:22 EXEC SPC_COM_DATA '','','';
2018-10-04 04:28:22 EXEC SPC_COM_EXAM_LIST '1','4','0','1','';
2018-10-04 04:29:27 EXEC SPC_COM_DATA '','','';
2018-10-04 04:29:27 EXEC SPC_LISTENING_LST1 '','','6','6';
2018-10-04 04:29:28 EXEC SPC_COM_DATA '','','';
2018-10-04 04:29:28 EXEC SPC_LISTENING_LST2 '8','8','';
2018-10-04 04:30:57 EXEC SPC_COM_DATA '','','';
2018-10-04 04:30:57 EXEC SPC_LISTENING_LST1 '10','','8','8';
2018-10-04 04:30:58 EXEC SPC_COM_DATA '','','';
2018-10-04 04:30:58 EXEC SPC_LISTENING_LST2 '8','8','';
2018-10-04 04:31:19 EXEC SPC_COM_DATA '','','';
2018-10-04 04:31:19 EXEC SPC_LISTENING_LST1 '10','','8','8';
2018-10-04 04:31:19 EXEC SPC_COM_DATA '','','';
2018-10-04 04:31:19 EXEC SPC_LISTENING_LST2 '8','8','';
2018-10-04 04:32:02 EXEC SPC_COM_DATA '','','';
2018-10-04 04:32:02 EXEC SPC_LISTENING_LST1 '10','','8','8';
2018-10-04 04:32:02 EXEC SPC_COM_DATA '','','';
2018-10-04 04:32:02 EXEC SPC_LISTENING_LST2 '8','8','';
2018-10-04 04:34:11 EXEC SPC_COM_DATA '','','';
2018-10-04 04:34:11 EXEC SPC_COM_GET_MORE_COMMENT '8','1';
2018-10-04 04:34:15 EXEC SPC_COM_DATA '','','';
2018-10-04 04:34:15 EXEC SPC_COM_GET_MORE_COMMENT '14','1';
2018-10-04 04:34:23 EXEC SPC_COM_DATA '','','';
2018-10-04 04:34:23 EXEC SPC_COM_GET_MORE_COMMENT '1','1';
2018-10-04 04:34:29 EXEC SPC_COM_DATA '','','';
2018-10-04 04:34:29 EXEC SPC_COM_GET_MORE_COMMENT '4','1';
2018-10-04 04:34:31 EXEC SPC_COM_DATA '','','';
2018-10-04 04:34:31 EXEC SPC_COM_GET_MORE_COMMENT '5','1';
2018-10-04 04:36:28 EXEC SPC_COM_DATA '','','';
2018-10-04 04:36:28 EXEC SPC_LISTENING_LST1 '9','','8','8';
2018-10-04 04:36:28 EXEC SPC_COM_DATA '','','';
2018-10-04 04:36:28 EXEC SPC_LISTENING_LST2 '8','8','';
2018-10-04 04:38:22 EXEC SPC_COM_DATA '','','';
2018-10-04 04:38:22 EXEC SPC_LISTENING_LST1 '9','','8','8';
2018-10-04 04:38:22 EXEC SPC_COM_DATA '','','';
2018-10-04 04:38:22 EXEC SPC_LISTENING_LST2 '8','8','';
2018-10-04 04:41:05 EXEC SPC_COM_DATA '','','';
2018-10-04 04:41:05 EXEC SPC_COM_GET_MORE_COMMENT '4','1';
2018-10-04 04:41:07 EXEC SPC_COM_DATA '','','';
2018-10-04 04:41:07 EXEC SPC_COM_GET_MORE_COMMENT '1','1';
2018-10-04 05:20:56 EXEC SPC_COM_DATA '','','';
2018-10-04 05:20:57 EXEC SPC_LISTENING_LST1 '9','','8','8';
2018-10-04 05:20:58 EXEC SPC_COM_DATA '','','';
2018-10-04 05:20:58 EXEC SPC_LISTENING_LST2 '8','8','';
2018-10-04 05:21:01 EXEC SPC_COM_DATA '','','';
2018-10-04 05:21:15 EXEC SPC_COM_DATA '','','';
2018-10-04 05:21:15 EXEC SPC_LISTENING_LST1 '9','','8','8';
2018-10-04 05:21:15 EXEC SPC_COM_DATA '','','';
2018-10-04 05:21:15 EXEC SPC_LISTENING_LST2 '8','8','';
2018-10-04 05:21:32 EXEC SPC_COM_DATA '','','';
2018-10-04 05:21:49 EXEC SPC_COM_DATA '','','';
2018-10-04 05:21:49 EXEC SPC_COM_GET_PAGE_COMMENT '1','9','2','';
2018-10-04 05:21:49 SQLSTATE[21S01]: [Microsoft][ODBC Driver 13 for SQL Server][SQL Server]列名または指定された値の数がテーブルの定義と一致しません。
2018-10-04 05:22:22 EXEC SPC_COM_DATA '','','';
2018-10-04 05:22:22 EXEC SPC_COM_GET_PAGE_COMMENT '1','9','2','';
2018-10-04 05:26:41 EXEC SPC_COM_DATA '','','';
2018-10-04 05:26:41 EXEC SPC_LISTENING_LST1 '9','','8','8';
2018-10-04 05:26:42 EXEC SPC_COM_DATA '','','';
2018-10-04 05:26:42 EXEC SPC_LISTENING_LST2 '8','8','';
2018-10-04 05:26:45 EXEC SPC_COM_DATA '','','';
2018-10-04 05:26:45 EXEC SPC_COM_GET_PAGE_COMMENT '1','9','2','';
2018-10-04 05:27:01 EXEC SPC_COM_DATA '','','';
2018-10-04 05:27:01 EXEC SPC_COM_GET_PAGE_COMMENT '1','9','1','';
2018-10-04 05:27:04 EXEC SPC_COM_DATA '','','';
2018-10-04 05:27:04 EXEC SPC_COM_GET_PAGE_COMMENT '1','9','2','';
2018-10-04 05:27:49 EXEC SPC_COM_DATA '','','';
2018-10-04 05:27:49 EXEC SPC_LISTENING_LST1 '9','','8','8';
2018-10-04 05:27:49 EXEC SPC_COM_DATA '','','';
2018-10-04 05:27:49 EXEC SPC_LISTENING_LST2 '8','8','';
2018-10-04 05:27:51 EXEC SPC_COM_DATA '','','';
2018-10-04 05:27:51 EXEC SPC_COM_GET_PAGE_COMMENT '1','9','2','';
2018-10-04 05:28:18 EXEC SPC_COM_DATA '','','';
2018-10-04 05:28:18 EXEC SPC_LISTENING_LST1 '9','','8','8';
2018-10-04 05:28:19 EXEC SPC_COM_DATA '','','';
2018-10-04 05:28:19 EXEC SPC_LISTENING_LST2 '8','8','';
2018-10-04 05:28:21 EXEC SPC_COM_DATA '','','';
2018-10-04 05:28:21 EXEC SPC_COM_GET_PAGE_COMMENT '1','9','2','';
2018-10-04 05:28:35 EXEC SPC_COM_DATA '','','';
2018-10-04 05:28:35 EXEC SPC_LISTENING_LST1 '9','','8','8';
2018-10-04 05:28:36 EXEC SPC_COM_DATA '','','';
2018-10-04 05:28:36 EXEC SPC_LISTENING_LST2 '8','8','';
2018-10-04 05:28:46 EXEC SPC_COM_DATA '','','';
2018-10-04 05:28:46 EXEC SPC_LISTENING_LST1 '9','','8','8';
2018-10-04 05:28:46 EXEC SPC_COM_DATA '','','';
2018-10-04 05:28:46 EXEC SPC_LISTENING_LST2 '8','8','';
2018-10-04 05:28:48 EXEC SPC_COM_DATA '','','';
2018-10-04 05:28:48 EXEC SPC_COM_GET_PAGE_COMMENT '1','9','2','';
2018-10-04 05:28:50 EXEC SPC_COM_DATA '','','';
2018-10-04 05:28:50 EXEC SPC_COM_GET_PAGE_COMMENT '1','9','1','';
2018-10-04 05:28:51 EXEC SPC_COM_DATA '','','';
2018-10-04 05:28:51 EXEC SPC_COM_GET_PAGE_COMMENT '1','9','2','';
2018-10-04 05:28:53 EXEC SPC_COM_DATA '','','';
2018-10-04 05:28:53 EXEC SPC_COM_GET_PAGE_COMMENT '1','9','1','';
2018-10-04 05:28:55 EXEC SPC_COM_DATA '','','';
2018-10-04 05:28:55 EXEC SPC_COM_GET_PAGE_COMMENT '1','9','2','';
2018-10-04 05:29:01 EXEC SPC_COM_DATA '','','';
2018-10-04 05:29:01 EXEC SPC_COM_GET_PAGE_COMMENT '1','9','1','';
2018-10-04 05:29:04 EXEC SPC_COM_DATA '','','';
2018-10-04 05:29:04 EXEC SPC_COM_GET_PAGE_COMMENT '1','9','2','';
2018-10-04 05:29:07 EXEC SPC_COM_DATA '','','';
2018-10-04 05:29:07 EXEC SPC_COM_GET_PAGE_COMMENT '1','9','1','';
2018-10-04 05:29:11 EXEC SPC_COM_DATA '','','';
2018-10-04 05:29:11 EXEC SPC_COM_GET_MORE_COMMENT '1','1';
2018-10-04 05:29:14 EXEC SPC_COM_DATA '','','';
2018-10-04 05:29:14 EXEC SPC_COM_GET_MORE_COMMENT '4','1';
2018-10-04 05:29:15 EXEC SPC_COM_DATA '','','';
2018-10-04 05:29:15 EXEC SPC_COM_GET_MORE_COMMENT '5','1';
2018-10-04 05:29:18 EXEC SPC_COM_DATA '','','';
2018-10-04 05:29:18 EXEC SPC_COM_GET_PAGE_COMMENT '1','9','2','';
2018-10-04 05:29:26 EXEC SPC_COM_DATA '','','';
2018-10-04 05:29:26 EXEC SPC_COM_GET_PAGE_COMMENT '1','9','1','';
2018-10-04 05:29:35 EXEC SPC_COM_DATA '','','';
2018-10-04 05:29:35 EXEC SPC_COM_GET_PAGE_COMMENT '2','10','1','';
2018-10-04 05:29:37 EXEC SPC_COM_DATA '','','';
2018-10-04 05:29:37 EXEC SPC_COM_GET_PAGE_COMMENT '2','10','1','';
2018-10-04 05:30:34 EXEC SPC_COM_DATA '','','';
2018-10-04 05:30:34 EXEC SPC_LISTENING_LST1 '10','','8','8';
2018-10-04 05:30:34 EXEC SPC_COM_DATA '','','';
2018-10-04 05:30:34 EXEC SPC_LISTENING_LST2 '8','8','';
2018-10-04 05:30:38 EXEC SPC_COM_DATA '','','';
2018-10-04 05:30:38 EXEC SPC_COM_GET_PAGE_COMMENT '2','10','1','';
2018-10-04 05:30:40 EXEC SPC_COM_DATA '','','';
2018-10-04 05:30:40 EXEC SPC_COM_GET_PAGE_COMMENT '2','10','1','';
2018-10-04 05:30:41 EXEC SPC_COM_DATA '','','';
2018-10-04 05:30:41 EXEC SPC_COM_GET_PAGE_COMMENT '2','10','1','';
2018-10-04 05:30:48 EXEC SPC_COM_DATA '','','';
2018-10-04 05:30:48 EXEC SPC_COM_GET_PAGE_COMMENT '1','9','2','';
2018-10-04 05:30:50 EXEC SPC_COM_DATA '','','';
2018-10-04 05:30:50 EXEC SPC_COM_GET_PAGE_COMMENT '1','9','1','';
2018-10-04 05:30:52 EXEC SPC_COM_DATA '','','';
2018-10-04 05:30:52 EXEC SPC_COM_GET_PAGE_COMMENT '1','9','2','';
2018-10-04 05:30:54 EXEC SPC_COM_DATA '','','';
2018-10-04 05:30:54 EXEC SPC_COM_GET_PAGE_COMMENT '1','9','1','';
2018-10-04 05:30:56 EXEC SPC_COM_DATA '','','';
2018-10-04 05:30:56 EXEC SPC_COM_GET_PAGE_COMMENT '1','9','2','';
2018-10-04 05:30:59 EXEC SPC_COM_DATA '','','';
2018-10-04 05:30:59 EXEC SPC_COM_GET_PAGE_COMMENT '1','9','1','';
2018-10-04 05:31:01 EXEC SPC_COM_DATA '','','';
2018-10-04 05:31:01 EXEC SPC_COM_GET_PAGE_COMMENT '1','9','2','';
2018-10-04 05:32:12 EXEC SPC_COM_DATA '','','';
2018-10-04 05:32:12 EXEC SPC_COM_GET_PAGE_COMMENT '1','9','1','';
2018-10-04 05:32:38 EXEC SPC_COMMON_ACCOUNT '1','1';
2018-10-04 05:32:38 EXEC SPC_COM_DATA 'quypro','1','1';
2018-10-04 05:32:38 EXEC SPC_LISTENING_LST1 '9','quypro','8','8';
2018-10-04 05:32:38 EXEC SPC_COM_DATA 'quypro','1','1';
2018-10-04 05:32:38 EXEC SPC_LISTENING_LST2 '8','8','quypro';
2018-10-04 05:35:06 EXEC SPC_COM_DATA 'quypro','1','1';
2018-10-04 05:35:06 EXEC SPC_LISTENING_LST1 '9','quypro','8','8';
2018-10-04 05:35:07 EXEC SPC_COM_DATA 'quypro','1','1';
2018-10-04 05:35:07 EXEC SPC_LISTENING_LST2 '8','8','quypro';
2018-10-04 05:44:02 EXEC SPC_COM_DATA 'quypro','1','1';
2018-10-04 05:44:02 EXEC SPC_LISTENING_LST1 '9','quypro','8','8';
2018-10-04 05:44:03 EXEC SPC_COM_DATA 'quypro','1','1';
2018-10-04 05:44:03 EXEC SPC_LISTENING_LST2 '8','8','quypro';
2018-10-04 05:44:30 EXEC SPC_COM_DATA 'quypro','1','1';
2018-10-04 05:44:30 EXEC SPC_LISTENING_LST1 '9','quypro','8','8';
2018-10-04 05:44:31 EXEC SPC_COM_DATA 'quypro','1','1';
2018-10-04 05:44:31 EXEC SPC_LISTENING_LST2 '8','8','quypro';
2018-10-04 05:44:53 EXEC SPC_COM_DATA 'quypro','1','1';
2018-10-04 05:44:53 EXEC SPC_LISTENING_LST1 '9','quypro','8','8';
2018-10-04 05:44:53 EXEC SPC_COM_DATA 'quypro','1','1';
2018-10-04 05:44:53 EXEC SPC_LISTENING_LST2 '8','8','quypro';
2018-10-04 05:45:01 EXEC SPC_COM_DATA 'quypro','1','1';
2018-10-04 05:45:01 EXEC SPC_COM_ADD_COMMENT '1','9','chỉ là bình luận thôi mà','','quypro','127.0.0.1';
2018-10-04 05:45:10 EXEC SPC_COM_DATA 'quypro','1','1';
2018-10-04 05:45:10 EXEC SPC_COM_GET_PAGE_COMMENT '1','9','2','quypro';
2018-10-04 05:45:12 EXEC SPC_COM_DATA 'quypro','1','1';
2018-10-04 05:45:12 EXEC SPC_COM_GET_PAGE_COMMENT '1','9','1','quypro';
2018-10-04 05:45:14 EXEC SPC_COM_DATA 'quypro','1','1';
2018-10-04 05:45:14 EXEC SPC_COM_GET_PAGE_COMMENT '1','9','2','quypro';
2018-10-04 05:45:16 EXEC SPC_COM_DATA 'quypro','1','1';
2018-10-04 05:45:16 EXEC SPC_COM_GET_PAGE_COMMENT '1','9','1','quypro';
2018-10-04 05:45:17 EXEC SPC_COM_DATA 'quypro','1','1';
2018-10-04 05:45:17 EXEC SPC_COM_GET_PAGE_COMMENT '1','9','2','quypro';
2018-10-04 05:45:18 EXEC SPC_COM_DATA 'quypro','1','1';
2018-10-04 05:45:18 EXEC SPC_COM_GET_PAGE_COMMENT '1','9','1','quypro';
2018-10-04 05:45:51 EXEC SPC_COM_DATA 'quypro','1','1';
2018-10-04 05:45:51 EXEC SPC_COM_ADD_COMMENT '1','9','uh thì m là quý','1','quypro','127.0.0.1';
2018-10-04 05:46:05 EXEC SPC_COM_DATA 'quypro','1','1';
2018-10-04 05:46:05 EXEC SPC_COM_GET_PAGE_COMMENT '1','9','2','quypro';
2018-10-04 05:46:06 EXEC SPC_COM_DATA 'quypro','1','1';
2018-10-04 05:46:06 EXEC SPC_COM_GET_PAGE_COMMENT '1','9','1','quypro';
2018-10-04 05:46:08 EXEC SPC_COM_DATA 'quypro','1','1';
2018-10-04 05:46:08 EXEC SPC_COM_GET_MORE_COMMENT '1','1';
2018-10-04 05:52:55 EXEC SPC_COM_DATA 'quypro','1','1';
2018-10-04 05:52:55 EXEC SPC_LISTENING_LST1 '9','quypro','8','8';
2018-10-04 05:52:55 EXEC SPC_COM_DATA 'quypro','1','1';
2018-10-04 05:52:56 EXEC SPC_LISTENING_LST2 '8','8','quypro';
2018-10-04 05:58:52 EXEC SPC_COM_DATA 'quypro','1','1';
2018-10-04 05:58:52 EXEC SPC_COM_GET_MORE_COMMENT '1','1';
2018-10-04 06:00:02 EXEC SPC_COM_DATA 'quypro','1','1';
2018-10-04 06:00:02 EXEC SPC_LISTENING_LST1 '9','quypro','8','8';
2018-10-04 06:00:03 EXEC SPC_COM_DATA 'quypro','1','1';
2018-10-04 06:00:03 EXEC SPC_LISTENING_LST2 '8','8','quypro';
2018-10-04 06:01:34 EXEC SPC_COM_DATA 'quypro','1','1';
2018-10-04 06:01:34 EXEC SPC_LISTENING_LST1 '9','quypro','8','8';
2018-10-04 06:01:35 EXEC SPC_COM_DATA 'quypro','1','1';
2018-10-04 06:01:35 EXEC SPC_LISTENING_LST2 '8','8','quypro';
2018-10-04 06:02:45 EXEC SPC_COM_DATA 'quypro','1','1';
2018-10-04 06:02:45 EXEC SPC_LISTENING_LST1 '9','quypro','8','8';
2018-10-04 06:02:46 EXEC SPC_COM_DATA 'quypro','1','1';
2018-10-04 06:02:46 EXEC SPC_LISTENING_LST2 '8','8','quypro';
2018-10-04 06:02:48 EXEC SPC_COM_DATA 'quypro','1','1';
2018-10-04 06:02:49 EXEC SPC_COM_DATA 'quypro','1','1';
2018-10-04 06:03:26 EXEC SPC_COM_DATA 'quypro','1','1';
2018-10-04 06:03:41 EXEC SPC_COM_DATA 'quypro','1','1';
2018-10-04 06:03:41 EXEC SPC_LISTENING_LST1 '9','quypro','8','8';
2018-10-04 06:03:42 EXEC SPC_COM_DATA 'quypro','1','1';
2018-10-04 06:03:42 EXEC SPC_LISTENING_LST2 '8','8','quypro';
2018-10-04 06:04:13 EXEC SPC_COM_DATA 'quypro','1','1';
2018-10-04 06:04:41 EXEC SPC_COM_DATA 'quypro','1','1';
2018-10-04 06:04:41 EXEC SPC_LISTENING_LST1 '9','quypro','8','8';
2018-10-04 06:04:42 EXEC SPC_COM_DATA 'quypro','1','1';
2018-10-04 06:04:42 EXEC SPC_LISTENING_LST2 '8','8','quypro';
2018-10-04 06:04:45 EXEC SPC_COM_DATA 'quypro','1','1';
2018-10-04 06:04:45 EXEC SPC_COM_GET_PAGE_COMMENT '1','3','9','2','quypro';
2018-10-04 06:04:46 EXEC SPC_COM_DATA 'quypro','1','1';
2018-10-04 06:04:46 EXEC SPC_COM_GET_PAGE_COMMENT '1','3','9','1','quypro';
2018-10-04 06:04:50 EXEC SPC_COM_DATA 'quypro','1','1';
2018-10-04 06:04:50 EXEC SPC_COM_GET_PAGE_COMMENT '1','3','9','2','quypro';
2018-10-04 06:04:52 EXEC SPC_COM_DATA 'quypro','1','1';
2018-10-04 06:04:52 EXEC SPC_COM_GET_PAGE_COMMENT '1','3','9','1','quypro';
2018-10-04 06:04:54 EXEC SPC_COM_DATA 'quypro','1','1';
2018-10-04 06:04:54 EXEC SPC_COM_GET_PAGE_COMMENT '1','3','9','2','quypro';
2018-10-04 06:05:26 EXEC SPC_COM_DATA 'quypro','1','1';
2018-10-04 06:05:32 EXEC SPC_COM_DATA 'quypro','1','1';
2018-10-04 06:05:33 EXEC SPC_COM_DATA 'quypro','1','1';
2018-10-04 06:05:33 EXEC SPC_COM_DATA 'quypro','1','1';
2018-10-04 06:05:33 EXEC SPC_COM_DATA 'quypro','1','1';
2018-10-04 06:05:49 EXEC SPC_COM_DATA 'quypro','1','1';
2018-10-04 06:06:20 EXEC SPC_COM_DATA 'quypro','1','1';
2018-10-04 06:06:29 EXEC SPC_COM_DATA 'quypro','1','1';
2018-10-04 06:08:32 EXEC SPC_COM_DATA 'quypro','1','1';
2018-10-04 06:08:32 EXEC SPC_COM_ADD_COMMENT '1','3','9','i like comment','33','quypro','127.0.0.1';
2018-10-04 06:08:42 EXEC SPC_COM_DATA 'quypro','1','1';
2018-10-04 06:08:43 EXEC SPC_COM_GET_PAGE_COMMENT '1','3','9','1','quypro';
2018-10-04 06:08:46 EXEC SPC_COM_DATA 'quypro','1','1';
2018-10-04 06:08:46 EXEC SPC_COM_GET_PAGE_COMMENT '1','3','9','2','quypro';
2018-10-04 06:08:51 EXEC SPC_COM_DATA 'quypro','1','1';
2018-10-04 06:08:51 EXEC SPC_COM_GET_PAGE_COMMENT '1','3','9','1','quypro';
2018-10-04 06:08:53 EXEC SPC_COM_DATA 'quypro','1','1';
2018-10-04 06:08:53 EXEC SPC_COM_GET_PAGE_COMMENT '1','3','9','2','quypro';
2018-10-04 06:09:25 EXEC SPC_COM_DATA 'quypro','1','1';
2018-10-04 06:09:25 EXEC SPC_COM_GET_PAGE_COMMENT '1','3','9','1','quypro';
2018-10-04 06:09:27 EXEC SPC_COM_DATA 'quypro','1','1';
2018-10-04 06:09:27 EXEC SPC_COM_GET_MORE_COMMENT '1','1';
2018-10-04 06:09:30 EXEC SPC_COM_DATA 'quypro','1','1';
2018-10-04 06:09:30 EXEC SPC_COM_GET_MORE_COMMENT '4','1';
2018-10-04 06:09:31 EXEC SPC_COM_DATA 'quypro','1','1';
2018-10-04 06:09:31 EXEC SPC_COM_GET_MORE_COMMENT '5','1';
2018-10-04 06:10:13 EXEC SPC_COM_DATA 'quypro','1','1';
2018-10-04 06:10:13 EXEC SPC_COM_GET_PAGE_COMMENT '1','3','9','2','quypro';
2018-10-04 06:10:56 EXEC SPC_COM_DATA 'quypro','1','1';
2018-10-04 06:10:56 EXEC SPC_VOCABULARY_LST1 '','quypro','8','8';
2018-10-04 06:10:57 EXEC SPC_COM_DATA 'quypro','1','1';
2018-10-04 06:10:57 EXEC SPC_VOCABULARY_LST2 '2','1','quypro';
2018-10-04 06:12:25 EXEC SPC_COM_DATA 'quypro','1','1';
2018-10-04 06:12:25 EXEC SPC_VOCABULARY_LST1 '3','quypro','2','1';
2018-10-04 06:12:26 EXEC SPC_COM_DATA 'quypro','1','1';
2018-10-04 06:12:26 EXEC SPC_VOCABULARY_LST2 '2','1','quypro';
2018-10-04 06:12:48 EXEC SPC_COM_DATA 'quypro','1','1';
2018-10-04 06:12:48 EXEC SPC_COM_EXAM_LIST '3','4','0','2','quypro';
2018-10-04 06:12:49 EXEC SPC_COM_DATA 'quypro','1','1';
2018-10-04 06:12:49 EXEC SPC_COM_EXAM_LIST '3','4','0','1','quypro';
2018-10-04 06:12:51 EXEC SPC_COM_DATA 'quypro','1','1';
2018-10-04 06:12:51 EXEC SPC_COM_EXAM_LIST '3','4','0','2','quypro';
2018-10-04 06:12:53 EXEC SPC_COM_DATA 'quypro','1','1';
2018-10-04 06:12:53 EXEC SPC_COM_EXAM_LIST '3','4','0','1','quypro';
2018-10-04 06:13:00 EXEC SPC_COM_DATA 'quypro','1','1';
2018-10-04 06:13:00 EXEC SPC_VOCABULARY_LST1 '','quypro','2','1';
2018-10-04 06:13:00 EXEC SPC_COM_DATA 'quypro','1','1';
2018-10-04 06:13:00 EXEC SPC_VOCABULARY_LST2 '2','1','quypro';
2018-10-04 06:13:32 EXEC SPC_COM_DATA 'quypro','1','1';
2018-10-04 06:13:32 EXEC SPC_TRANSLATE_LST1 '','quypro';
2018-10-04 06:13:34 EXEC SPC_COM_DATA 'quypro','1','1';
2018-10-04 06:13:34 EXEC SPC_TRANSLATE_LST2 'goal','quypro','127.0.0.1';
2018-10-04 06:13:38 EXEC SPC_COM_DATA 'quypro','1','1';
2018-10-04 06:13:38 EXEC SPC_COM_EXAM_LIST '1','4','0','2','quypro';
2018-10-04 06:13:39 EXEC SPC_COM_DATA 'quypro','1','1';
2018-10-04 06:13:39 EXEC SPC_COM_EXAM_LIST '1','4','0','1','quypro';
2018-10-04 06:14:26 EXEC SPC_COM_DATA 'quypro','1','1';
2018-10-04 06:14:26 EXEC SPC_COM_EXAM_LIST '1','4','0','2','quypro';
2018-10-04 06:14:27 EXEC SPC_COM_DATA 'quypro','1','1';
2018-10-04 06:14:27 EXEC SPC_COM_EXAM_LIST '1','4','0','1','quypro';
2018-10-04 06:18:13 EXEC SPC_COM_DATA 'quypro','1','1';
2018-10-04 06:18:13 EXEC SPC_VOCABULARY_LST1 '','quypro','2','1';
2018-10-04 06:18:13 EXEC SPC_COM_DATA 'quypro','1','1';
2018-10-04 06:18:13 EXEC SPC_VOCABULARY_LST2 '2','1','quypro';
2018-10-04 06:18:18 EXEC SPC_COM_DATA 'quypro','1','1';
2018-10-04 06:18:18 EXEC SPC_VOCABULARY_LST1 '4','quypro','2','1';
2018-10-04 06:18:18 EXEC SPC_COM_DATA 'quypro','1','1';
2018-10-04 06:18:18 EXEC SPC_VOCABULARY_LST2 '2','1','quypro';
2018-10-04 06:19:22 EXEC SPC_COM_DATA 'quypro','1','1';
2018-10-04 06:19:22 EXEC SPC_COM_EXAM_LIST '2','3','0','1','quypro';
2018-10-04 06:19:22 EXEC SPC_COM_DATA 'quypro','1','1';
2018-10-04 06:19:22 EXEC SPC_COM_EXAM_LIST '2','3','0','1','quypro';
2018-10-04 06:24:36 EXEC SPC_COM_DATA 'quypro','1','1';
2018-10-04 06:24:36 EXEC SPC_COM_ADD_EXAM '2','3','1','USA is best place','Mỹ là nơi tuyệt vời nhất','quypro','127.0.0.1';
2018-10-04 06:24:36 EXEC SPC_COM_DATA 'quypro','1','1';
2018-10-04 06:24:36 EXEC SPC_COM_EXAM_LIST '2','3','1','1','quypro';
2018-10-04 06:25:05 EXEC SPC_COM_DATA 'quypro','1','1';
2018-10-04 06:25:05 EXEC SPC_VOCABULARY_LST1 '3','quypro','2','1';
2018-10-04 06:25:06 EXEC SPC_COM_DATA 'quypro','1','1';
2018-10-04 06:25:06 EXEC SPC_VOCABULARY_LST2 '2','1','quypro';
2018-10-04 06:25:28 EXEC SPC_COM_DATA 'quypro','1','1';
2018-10-04 06:25:28 EXEC SPC_VOCABULARY_LST1 '4','quypro','2','1';
2018-10-04 06:25:29 EXEC SPC_COM_DATA 'quypro','1','1';
2018-10-04 06:25:29 EXEC SPC_VOCABULARY_LST2 '2','1','quypro';
2018-10-04 06:25:51 EXEC SPC_COM_DATA 'quypro','1','1';
2018-10-04 06:25:51 EXEC SPC_VOCABULARY_LST1 '4','quypro','2','1';
2018-10-04 06:25:52 EXEC SPC_COM_DATA 'quypro','1','1';
2018-10-04 06:25:52 EXEC SPC_VOCABULARY_LST2 '2','1','quypro';
2018-10-04 06:32:07 EXEC SPC_COM_DATA 'quypro','1','1';
2018-10-04 06:32:07 EXEC SPC_GRAMMAR_LST1 '','quypro','2','1';
2018-10-04 06:32:07 EXEC SPC_COM_DATA 'quypro','1','1';
2018-10-04 06:32:07 EXEC SPC_GRAMMAR_LST2 '6','6','quypro';
2018-10-04 06:32:17 EXEC SPC_COM_DATA 'quypro','1','1';
2018-10-04 06:32:17 EXEC SPC_COM_QUESTION_LIST '4';
2018-10-04 06:32:39 EXEC SPC_COM_DATA 'quypro','1','1';
2018-10-04 06:32:39 EXEC SPC_VOCABULARY_LST1 '','quypro','6','6';
2018-10-04 06:32:39 EXEC SPC_COM_DATA 'quypro','1','1';
2018-10-04 06:32:39 EXEC SPC_VOCABULARY_LST2 '2','1','quypro';
2018-10-04 06:35:46 EXEC SPC_COM_DATA 'quypro','1','1';
2018-10-04 06:35:46 EXEC SPC_VOCABULARY_LST1 '','quypro','6','6';
2018-10-04 06:35:47 EXEC SPC_COM_DATA 'quypro','1','1';
2018-10-04 06:35:47 EXEC SPC_VOCABULARY_LST2 '2','1','quypro';
2018-10-04 06:36:17 EXEC SPC_COM_DATA 'quypro','1','1';
2018-10-04 06:36:17 EXEC SPC_TRANSLATE_LST1 '','quypro';
2018-10-04 06:36:19 EXEC SPC_COM_DATA 'quypro','1','1';
2018-10-04 06:36:19 EXEC SPC_TRANSLATE_LST2 'goal','quypro','127.0.0.1';
2018-10-04 06:39:56 EXEC SPC_COM_DATA 'quypro','1','1';
2018-10-04 06:39:56 EXEC SPC_VOCABULARY_LST1 '','quypro','2','1';
2018-10-04 06:39:57 EXEC SPC_COM_DATA 'quypro','1','1';
2018-10-04 06:39:57 EXEC SPC_VOCABULARY_LST2 '2','1','quypro';
2018-10-04 06:39:59 EXEC SPC_COM_DATA 'quypro','1','1';
2018-10-04 06:39:59 EXEC SPC_COM_EXAM_LIST '2','3','0','1','1','quypro';
2018-10-04 06:40:00 EXEC SPC_COM_DATA 'quypro','1','1';
2018-10-04 06:40:00 EXEC SPC_COM_EXAM_LIST '2','3','0','1','1','quypro';
2018-10-04 06:40:06 EXEC SPC_COM_DATA 'quypro','1','1';
2018-10-04 06:40:06 EXEC SPC_GRAMMAR_LST1 '','quypro','2','1';
2018-10-04 06:40:06 EXEC SPC_COM_DATA 'quypro','1','1';
2018-10-04 06:40:06 EXEC SPC_GRAMMAR_LST2 '6','6','quypro';
2018-10-04 06:40:08 EXEC SPC_COM_DATA 'quypro','1','1';
2018-10-04 06:40:08 EXEC SPC_COM_EXAM_LIST '1','4','0','2','2','quypro';
2018-10-04 06:40:09 EXEC SPC_COM_DATA 'quypro','1','1';
2018-10-04 06:40:09 EXEC SPC_COM_EXAM_LIST '1','4','0','1','2','quypro';
2018-10-04 06:45:45 EXEC SPC_COM_DATA 'quypro','1','1';
2018-10-04 06:45:45 EXEC SPC_VOCABULARY_LST1 '','quypro','6','6';
2018-10-04 06:45:47 EXEC SPC_COM_DATA 'quypro','1','1';
2018-10-04 06:45:47 EXEC SPC_VOCABULARY_LST2 '2','1','quypro';
2018-10-04 06:45:49 EXEC SPC_COM_DATA 'quypro','1','1';
2018-10-04 06:45:49 EXEC SPC_COM_EXAM_LIST '2','3','0','1','1','quypro';
2018-10-04 06:45:52 EXEC SPC_COM_DATA 'quypro','1','1';
2018-10-04 06:45:52 EXEC SPC_GRAMMAR_LST1 '','quypro','2','1';
2018-10-04 06:45:53 EXEC SPC_COM_DATA 'quypro','1','1';
2018-10-04 06:45:53 EXEC SPC_GRAMMAR_LST2 '6','6','quypro';
2018-10-04 06:45:54 EXEC SPC_COM_DATA 'quypro','1','1';
2018-10-04 06:45:54 EXEC SPC_COM_EXAM_LIST '1','4','0','2','2','quypro';
2018-10-04 06:45:56 EXEC SPC_COM_DATA 'quypro','1','1';
2018-10-04 06:45:56 EXEC SPC_COM_EXAM_LIST '1','4','0','1','2','quypro';
2018-10-04 06:45:57 EXEC SPC_COM_DATA 'quypro','1','1';
2018-10-04 06:45:57 EXEC SPC_COM_EXAM_LIST '1','4','0','2','2','quypro';
2018-10-04 06:45:58 EXEC SPC_COM_DATA 'quypro','1','1';
2018-10-04 06:45:58 EXEC SPC_COM_EXAM_LIST '1','4','0','1','2','quypro';
2018-10-04 06:46:00 EXEC SPC_COM_DATA 'quypro','1','1';
2018-10-04 06:46:00 EXEC SPC_COM_EXAM_LIST '1','4','0','2','2','quypro';
2018-10-04 06:46:02 EXEC SPC_COM_DATA 'quypro','1','1';
2018-10-04 06:46:02 EXEC SPC_COM_EXAM_LIST '1','4','0','1','2','quypro';
2018-10-04 06:46:03 EXEC SPC_COM_DATA 'quypro','1','1';
2018-10-04 06:46:03 EXEC SPC_COM_EXAM_LIST '1','4','0','2','2','quypro';
2018-10-04 06:46:05 EXEC SPC_COM_DATA 'quypro','1','1';
2018-10-04 06:46:05 EXEC SPC_LISTENING_LST1 '','quypro','6','6';
2018-10-04 06:46:06 EXEC SPC_COM_DATA 'quypro','1','1';
2018-10-04 06:46:06 EXEC SPC_LISTENING_LST2 '8','8','quypro';
2018-10-04 06:46:08 EXEC SPC_COM_DATA 'quypro','1','1';
2018-10-04 06:46:08 EXEC SPC_COM_GET_PAGE_COMMENT '1','3','9','2','quypro';
2018-10-04 06:46:09 EXEC SPC_COM_DATA 'quypro','1','1';
2018-10-04 06:46:09 EXEC SPC_COM_GET_PAGE_COMMENT '1','3','9','1','quypro';
2018-10-04 06:46:17 EXEC SPC_COM_DATA 'quypro','1','1';
2018-10-04 06:46:17 EXEC SPC_TRANSLATE_LST1 '','quypro';
2018-10-04 06:46:21 EXEC SPC_COM_DATA 'quypro','1','1';
2018-10-04 06:46:21 EXEC SPC_TRANSLATE_LST2 'Hello','quypro','127.0.0.1';
2018-10-04 06:46:28 EXEC SPC_COM_DATA 'quypro','1','1';
2018-10-04 06:46:28 EXEC SPC_TRANSLATE_LST2 'kingdom','quypro','127.0.0.1';
2018-10-04 06:46:33 EXEC SPC_COM_DATA 'quypro','1','1';
2018-10-04 06:46:33 EXEC SPC_COM_EXAM_LIST '2','3','0','1','1','quypro';
2018-10-04 06:46:33 EXEC SPC_COM_DATA 'quypro','1','1';
2018-10-04 06:46:33 EXEC SPC_COM_EXAM_LIST '2','3','0','1','1','quypro';
2018-10-04 06:47:39 EXEC SPC_COM_DATA 'quypro','1','1';
2018-10-04 06:47:39 EXEC SPC_VOCABULARY_LST1 '','quypro','8','8';
2018-10-04 06:47:39 EXEC SPC_COM_DATA 'quypro','1','1';
2018-10-04 06:47:39 EXEC SPC_VOCABULARY_LST2 '2','1','quypro';
2018-10-04 06:47:41 EXEC SPC_COM_DATA 'quypro','1','1';
2018-10-04 06:47:41 EXEC SPC_GRAMMAR_LST1 '','quypro','2','1';
2018-10-04 06:47:41 EXEC SPC_COM_DATA 'quypro','1','1';
2018-10-04 06:47:41 EXEC SPC_GRAMMAR_LST2 '6','6','quypro';
2018-10-04 06:47:44 EXEC SPC_COM_DATA 'quypro','1','1';
2018-10-04 06:47:44 EXEC SPC_LISTENING_LST1 '','quypro','6','6';
2018-10-04 06:47:45 EXEC SPC_COM_DATA 'quypro','1','1';
2018-10-04 06:47:45 EXEC SPC_LISTENING_LST2 '8','8','quypro';
2018-10-04 06:47:47 EXEC SPC_COM_DATA 'quypro','1','1';
2018-10-04 06:47:47 EXEC SPC_COM_MENU '1';
2018-10-04 06:47:50 EXEC SPC_COM_DATA 'quypro','1','1';
2018-10-04 06:47:50 EXEC SPC_LISTENING_LST1 '','quypro','8','8';
2018-10-04 06:47:50 EXEC SPC_COM_DATA 'quypro','1','1';
2018-10-04 06:47:50 EXEC SPC_LISTENING_LST2 '8','8','quypro';
2018-10-04 06:47:57 EXEC SPC_COM_DATA 'quypro','1','1';
2018-10-04 06:47:57 EXEC SPC_COM_GET_PAGE_COMMENT '1','3','9','2','quypro';
2018-10-04 06:47:58 EXEC SPC_COM_DATA 'quypro','1','1';
2018-10-04 06:47:58 EXEC SPC_COM_GET_PAGE_COMMENT '1','3','9','1','quypro';
2018-10-04 06:47:59 EXEC SPC_COM_DATA 'quypro','1','1';
2018-10-04 06:47:59 EXEC SPC_COM_GET_MORE_COMMENT '1','1';
2018-10-04 06:48:02 EXEC SPC_COM_DATA 'quypro','1','1';
2018-10-04 06:48:02 EXEC SPC_COM_GET_PAGE_COMMENT '1','3','9','2','quypro';
2018-10-04 06:48:04 EXEC SPC_COM_DATA 'quypro','1','1';
2018-10-04 06:48:04 EXEC SPC_COM_GET_PAGE_COMMENT '1','3','9','1','quypro';
2018-10-04 06:51:22 EXEC SPC_COM_DATA 'quypro','1','1';
2018-10-04 06:51:22 EXEC SPC_COM_MENU '1';
2018-10-04 06:51:27 EXEC SPC_COM_DATA 'quypro','1','1';
2018-10-04 06:51:27 EXEC SPC_COM_MENU '1';
2018-10-04 06:51:46 EXEC SPC_COM_DATA 'quypro','1','1';
2018-10-04 06:51:46 EXEC SPC_COM_MENU '1';
2018-10-04 06:51:52 EXEC SPC_COM_DATA 'quypro','1','1';
2018-10-04 06:51:52 EXEC SPC_TRANSLATE_LST1 '','quypro';
2018-10-04 06:51:54 EXEC SPC_COM_DATA 'quypro','1','1';
2018-10-04 06:51:54 EXEC SPC_COM_MENU '1';
2018-10-04 06:51:55 EXEC SPC_COM_DATA 'quypro','1','1';
2018-10-04 06:51:55 EXEC SPC_COM_MENU '1';
2018-10-04 06:51:58 EXEC SPC_COM_DATA 'quypro','1','1';
2018-10-04 06:51:58 EXEC SPC_TRANSLATE_LST1 '','quypro';
2018-10-04 06:52:01 EXEC SPC_COM_DATA 'quypro','1','1';
2018-10-04 06:52:01 EXEC SPC_COM_MENU '1';
2018-10-04 06:52:02 EXEC SPC_COM_DATA 'quypro','1','1';
2018-10-04 06:52:02 EXEC SPC_GRAMMAR_LST1 '','quypro','8','8';
2018-10-04 06:52:02 EXEC SPC_COM_DATA 'quypro','1','1';
2018-10-04 06:52:02 EXEC SPC_GRAMMAR_LST2 '6','6','quypro';
2018-10-04 06:52:05 EXEC SPC_COM_DATA 'quypro','1','1';
2018-10-04 06:52:05 EXEC SPC_LISTENING_LST1 '','quypro','6','6';
2018-10-04 06:52:05 EXEC SPC_COM_DATA 'quypro','1','1';
2018-10-04 06:52:05 EXEC SPC_LISTENING_LST2 '8','8','quypro';
2018-10-04 06:52:24 EXEC SPC_COM_DATA 'quypro','1','1';
2018-10-04 06:52:24 EXEC SPC_COM_GET_PAGE_COMMENT '1','3','9','2','quypro';
2018-10-04 06:52:28 EXEC SPC_COM_DATA 'quypro','1','1';
2018-10-04 06:52:28 EXEC SPC_COM_GET_PAGE_COMMENT '1','3','9','1','quypro';
2018-10-04 06:52:31 EXEC SPC_COM_DATA 'quypro','1','1';
2018-10-04 06:52:31 EXEC SPC_COM_GET_MORE_COMMENT '4','1';
2018-10-04 06:52:34 EXEC SPC_COM_DATA 'quypro','1','1';
2018-10-04 06:52:34 EXEC SPC_COM_GET_MORE_COMMENT '5','1';
2018-10-04 06:52:37 EXEC SPC_COM_DATA 'quypro','1','1';
2018-10-04 06:52:37 EXEC SPC_COM_GET_MORE_COMMENT '1','1';
2018-10-04 06:52:39 EXEC SPC_COM_DATA 'quypro','1','1';
2018-10-04 06:52:39 EXEC SPC_COM_GET_PAGE_COMMENT '1','3','9','2','quypro';
2018-10-04 06:52:41 EXEC SPC_COM_DATA 'quypro','1','1';
2018-10-04 06:52:41 EXEC SPC_COM_GET_PAGE_COMMENT '1','3','9','1','quypro';
2018-10-04 06:53:15 EXEC SPC_COM_DATA 'quypro','1','1';
2018-10-04 06:53:15 EXEC SPC_LISTENING_LST2 '8','9','quypro';
2018-10-04 06:53:21 EXEC SPC_COM_DATA 'quypro','1','1';
2018-10-04 06:53:21 EXEC SPC_COM_ADD_LESSON '3','8','9','quypro','127.0.0.1';
2018-10-04 06:53:25 EXEC SPC_COM_DATA 'quypro','1','1';
2018-10-04 06:53:25 EXEC SPC_LISTENING_LST2 '8','8','quypro';
2018-10-04 06:53:34 EXEC SPC_COM_DATA 'quypro','1','1';
2018-10-04 06:53:34 EXEC SPC_LISTENING_LST2 '8','9','quypro';
2018-10-04 06:53:39 EXEC SPC_COM_DATA 'quypro','1','1';
2018-10-04 06:53:39 EXEC SPC_LISTENING_LST2 '8','8','quypro';
2018-10-04 06:53:41 EXEC SPC_COM_DATA 'quypro','1','1';
2018-10-04 06:53:41 EXEC SPC_LISTENING_LST2 '8','9','quypro';
2018-10-04 06:53:43 EXEC SPC_COM_DATA 'quypro','1','1';
2018-10-04 06:53:44 EXEC SPC_LISTENING_LST1 '','quypro','8','9';
2018-10-04 06:53:44 EXEC SPC_COM_DATA 'quypro','1','1';
2018-10-04 06:53:44 EXEC SPC_LISTENING_LST2 '8','8','quypro';
2018-10-04 06:53:47 EXEC SPC_COM_DATA 'quypro','1','1';
2018-10-04 06:53:47 EXEC SPC_LISTENING_LST2 '8','9','quypro';
2018-10-04 06:55:48 EXEC SPC_COM_DATA 'quypro','1','1';
2018-10-04 06:55:48 EXEC SPC_LISTENING_LST2 '8','8','quypro';
2018-10-04 06:55:49 EXEC SPC_COM_DATA 'quypro','1','1';
2018-10-04 06:55:49 EXEC SPC_LISTENING_LST2 '8','9','quypro';
2018-10-04 06:55:50 EXEC SPC_COM_DATA 'quypro','1','1';
2018-10-04 06:55:50 EXEC SPC_LISTENING_LST2 '8','8','quypro';
2018-10-04 06:55:52 EXEC SPC_COM_DATA 'quypro','1','1';
2018-10-04 06:55:52 EXEC SPC_LISTENING_LST2 '8','9','quypro';
2018-10-04 06:56:44 EXEC SPC_COM_DATA 'quypro','1','1';
2018-10-04 06:56:44 EXEC SPC_LISTENING_LST1 '11','quypro','8','9';
2018-10-04 06:56:44 EXEC SPC_COM_DATA 'quypro','1','1';
2018-10-04 06:56:44 EXEC SPC_LISTENING_LST2 '8','9','quypro';
2018-10-04 06:58:00 EXEC SPC_COM_DATA 'quypro','1','1';
2018-10-04 06:58:00 EXEC SPC_TRANSLATE_LST1 '4','quypro';
2018-10-04 06:58:01 EXEC SPC_COM_DATA 'quypro','1','1';
2018-10-04 06:58:01 EXEC SPC_TRANSLATE_LST2 'goal','quypro','127.0.0.1';
2018-10-04 07:02:52 EXEC SPC_COM_DATA 'quypro','1','1';
2018-10-04 07:02:52 EXEC SPC_VOCABULARY_LST1 '','quypro','8','9';
2018-10-04 07:02:52 EXEC SPC_COM_DATA 'quypro','1','1';
2018-10-04 07:02:52 EXEC SPC_VOCABULARY_LST2 '2','1','quypro';
2018-10-04 07:02:56 EXEC SPC_COM_DATA 'quypro','1','1';
2018-10-04 07:02:56 EXEC SPC_COM_TOGGLE_EFFECT '2','1029','1','1','0','quypro','127.0.0.1';
2018-10-04 07:03:14 EXEC SPC_COM_DATA 'quypro','1','1';
2018-10-04 07:03:14 EXEC SPC_VOCABULARY_LST2 '2','3','quypro';
2018-10-04 07:03:15 EXEC SPC_COM_DATA 'quypro','1','1';
2018-10-04 07:03:15 EXEC SPC_COM_ADD_LESSON '1','2','3','quypro','127.0.0.1';
2018-10-04 07:03:31 EXEC SPC_COM_DATA 'quypro','1','1';
2018-10-04 07:03:31 EXEC SPC_COM_DELETE_LESSON '1256','quypro','127.0.0.1';
2018-10-04 07:03:31 EXEC SPC_COM_DATA 'quypro','1','1';
2018-10-04 07:03:31 EXEC SPC_VOCABULARY_LST2 '2','1','quypro';
2018-10-04 07:03:47 EXEC SPC_COM_DATA 'quypro','1','1';
2018-10-04 07:03:47 EXEC SPC_COM_REMEMBER '1','2','2','3','quypro','127.0.0.1';
2018-10-04 07:04:19 EXEC SPC_COM_DATA 'quypro','1','1';
2018-10-04 07:04:19 EXEC SPC_COM_FORGET '2','3','2','quypro';
2018-10-04 07:04:21 EXEC SPC_COM_DATA 'quypro','1','1';
2018-10-04 07:04:21 EXEC SPC_GRAMMAR_LST1 '','quypro','2','1';
2018-10-04 07:04:22 EXEC SPC_COM_DATA 'quypro','1','1';
2018-10-04 07:04:22 EXEC SPC_GRAMMAR_LST2 '6','6','quypro';
2018-10-04 07:04:35 EXEC SPC_COM_DATA 'quypro','1','1';
2018-10-04 07:04:35 EXEC SPC_COM_MENU '1';
2018-10-04 07:04:37 EXEC SPC_COM_DATA 'quypro','1','1';
2018-10-04 07:04:37 EXEC SPC_TRANSLATE_LST1 '','quypro';
2018-10-04 07:04:44 EXEC SPC_COM_DATA 'quypro','1','1';
2018-10-04 07:04:44 EXEC SPC_TRANSLATE_LST2 'kingdom','quypro','127.0.0.1';
2018-10-04 07:05:22 EXEC SPC_COM_DATA 'quypro','1','1';
2018-10-04 07:05:22 EXEC SPC_TRANSLATE_LST2 'Hello','quypro','127.0.0.1';
2018-10-04 07:07:14 EXEC SPC_COM_DATA 'quypro','1','1';
2018-10-04 07:07:14 EXEC SPC_COM_TOGGLE_EFFECT '1','22','1','1','1','quypro','127.0.0.1';
2018-10-04 07:07:18 EXEC SPC_COM_DATA 'quypro','1','1';
2018-10-04 07:07:18 EXEC SPC_COM_TOGGLE_EFFECT '1','22','1','1','0','quypro','127.0.0.1';
2018-10-04 07:07:34 EXEC SPC_COM_DATA 'quypro','1','1';
2018-10-04 07:07:34 EXEC SPC_GRAMMAR_LST1 '','quypro','6','6';
2018-10-04 07:07:35 EXEC SPC_COM_DATA 'quypro','1','1';
2018-10-04 07:07:35 EXEC SPC_GRAMMAR_LST2 '6','6','quypro';
2018-10-04 07:07:38 EXEC SPC_COM_DATA 'quypro','1','1';
2018-10-04 07:07:38 EXEC SPC_COM_TOGGLE_EFFECT '1','1152','1','1','0','quypro','127.0.0.1';
2018-10-04 07:14:38 EXEC SPC_COM_DATA 'quypro','1','1';
2018-10-04 07:14:38 EXEC SPC_VOCABULARY_LST1 '','quypro','6','6';
2018-10-04 07:15:02 EXEC SPC_COM_DATA 'quypro','1','1';
2018-10-04 07:15:02 EXEC SPC_VOCABULARY_LST1 '','quypro','6','6';
2018-10-04 07:15:03 EXEC SPC_COM_DATA 'quypro','1','1';
2018-10-04 07:15:03 EXEC SPC_VOCABULARY_LST2 '2','1','quypro';
2018-10-04 07:15:07 EXEC SPC_COM_DATA 'quypro','1','1';
2018-10-04 07:15:07 EXEC SPC_GRAMMAR_LST1 '','quypro','2','1';
2018-10-04 07:15:07 EXEC SPC_COM_DATA 'quypro','1','1';
2018-10-04 07:15:07 EXEC SPC_GRAMMAR_LST2 '6','6','quypro';
2018-10-04 07:15:08 EXEC SPC_COM_DATA 'quypro','1','1';
2018-10-04 07:15:08 EXEC SPC_VOCABULARY_LST1 '','quypro','6','6';
2018-10-04 07:15:09 EXEC SPC_COM_DATA 'quypro','1','1';
2018-10-04 07:15:09 EXEC SPC_VOCABULARY_LST2 '2','1','quypro';
2018-10-04 07:15:10 EXEC SPC_COM_DATA 'quypro','1','1';
2018-10-04 07:15:10 EXEC SPC_GRAMMAR_LST1 '','quypro','2','1';
2018-10-04 07:15:11 EXEC SPC_COM_DATA 'quypro','1','1';
2018-10-04 07:15:11 EXEC SPC_GRAMMAR_LST2 '6','6','quypro';
2018-10-04 07:15:16 EXEC SPC_COM_DATA 'quypro','1','1';
2018-10-04 07:15:16 EXEC SPC_VOCABULARY_LST1 '','quypro','6','6';
2018-10-04 07:15:17 EXEC SPC_COM_DATA 'quypro','1','1';
2018-10-04 07:15:17 EXEC SPC_VOCABULARY_LST2 '2','1','quypro';
2018-10-04 07:15:18 EXEC SPC_COM_DATA 'quypro','1','1';
2018-10-04 07:15:18 EXEC SPC_GRAMMAR_LST1 '','quypro','2','1';
2018-10-04 07:15:18 EXEC SPC_COM_DATA 'quypro','1','1';
2018-10-04 07:15:18 EXEC SPC_GRAMMAR_LST2 '6','6','quypro';
2018-10-04 07:15:23 EXEC SPC_COM_DATA 'quypro','1','1';
2018-10-04 07:15:23 EXEC SPC_LISTENING_LST1 '','quypro','6','6';
2018-10-04 07:15:23 EXEC SPC_COM_DATA 'quypro','1','1';
2018-10-04 07:15:23 EXEC SPC_LISTENING_LST2 '8','8','quypro';
2018-10-04 07:18:54 EXEC SPC_COM_DATA 'quypro','1','1';
2018-10-04 07:18:54 EXEC SPC_GRAMMAR_LST1 '','quypro','8','8';
2018-10-04 07:18:54 EXEC SPC_COM_DATA 'quypro','1','1';
2018-10-04 07:18:54 EXEC SPC_GRAMMAR_LST2 '6','6','quypro';
2018-10-04 07:18:56 EXEC SPC_COM_DATA 'quypro','1','1';
2018-10-04 07:18:56 EXEC SPC_COM_TOGGLE_EFFECT '1','1037','1','2','0','quypro','127.0.0.1';
2018-10-04 07:19:05 EXEC SPC_COM_DATA 'quypro','1','1';
2018-10-04 07:19:05 EXEC SPC_COM_TOGGLE_EFFECT '1','1037','1','2','0','quypro','127.0.0.1';
2018-10-04 07:19:26 EXEC SPC_COM_DATA 'quypro','1','1';
2018-10-04 07:19:26 EXEC SPC_GRAMMAR_LST1 '4','quypro','6','6';
2018-10-04 07:19:27 EXEC SPC_COM_DATA 'quypro','1','1';
2018-10-04 07:19:27 EXEC SPC_GRAMMAR_LST2 '6','6','quypro';
2018-10-04 07:19:35 EXEC SPC_COM_DATA 'quypro','1','1';
2018-10-04 07:19:35 EXEC SPC_COM_TOGGLE_EFFECT '1','1038','1','1','0','quypro','127.0.0.1';
2018-10-04 07:19:37 EXEC SPC_COM_DATA 'quypro','1','1';
2018-10-04 07:19:37 EXEC SPC_COM_TOGGLE_EFFECT '1','1038','1','1','1','quypro','127.0.0.1';
2018-10-04 07:19:47 EXEC SPC_COM_DATA 'quypro','1','1';
2018-10-04 07:19:47 EXEC SPC_GRAMMAR_LST1 '4','quypro','6','6';
2018-10-04 07:19:48 EXEC SPC_COM_DATA 'quypro','1','1';
2018-10-04 07:19:48 EXEC SPC_GRAMMAR_LST2 '6','6','quypro';
2018-10-04 07:20:09 EXEC SPC_COM_DATA 'quypro','1','1';
2018-10-04 07:20:09 EXEC SPC_GRAMMAR_LST1 '4','quypro','6','6';
2018-10-04 07:20:10 EXEC SPC_COM_DATA 'quypro','1','1';
2018-10-04 07:20:10 EXEC SPC_GRAMMAR_LST2 '6','6','quypro';
2018-10-04 07:20:19 EXEC SPC_COM_DATA 'quypro','1','1';
2018-10-04 07:20:19 EXEC SPC_COM_TOGGLE_EFFECT '1','1037','1','2','0','quypro','127.0.0.1';
2018-10-04 07:22:25 EXEC SPC_COM_DATA 'quypro','1','1';
2018-10-04 07:22:25 EXEC SPC_COM_TOGGLE_EFFECT '1','1037','1','2','0','quypro','127.0.0.1';
2018-10-04 07:22:28 EXEC SPC_COM_DATA 'quypro','1','1';
2018-10-04 07:22:28 EXEC SPC_COM_TOGGLE_EFFECT '1','1037','1','2','1','quypro','127.0.0.1';
2018-10-04 07:22:52 EXEC SPC_COM_DATA 'quypro','1','1';
2018-10-04 07:22:52 EXEC SPC_COM_TOGGLE_EFFECT '1','1037','1','2','0','quypro','127.0.0.1';
2018-10-04 07:24:06 EXEC SPC_COM_DATA 'quypro','1','1';
2018-10-04 07:24:06 EXEC SPC_GRAMMAR_LST1 '4','quypro','6','6';
2018-10-04 07:24:07 EXEC SPC_COM_DATA 'quypro','1','1';
2018-10-04 07:24:07 EXEC SPC_GRAMMAR_LST2 '6','6','quypro';
2018-10-04 07:24:09 EXEC SPC_COM_DATA 'quypro','1','1';
2018-10-04 07:24:09 EXEC SPC_COM_TOGGLE_EFFECT '1','1037','1','2','0','quypro','127.0.0.1';
2018-10-04 07:24:11 EXEC SPC_COM_DATA 'quypro','1','1';
2018-10-04 07:24:11 EXEC SPC_COM_TOGGLE_EFFECT '1','1037','1','2','1','quypro','127.0.0.1';
2018-10-04 07:24:12 EXEC SPC_COM_DATA 'quypro','1','1';
2018-10-04 07:24:12 EXEC SPC_COM_TOGGLE_EFFECT '1','1037','1','2','0','quypro','127.0.0.1';
2018-10-04 07:24:26 EXEC SPC_COM_DATA 'quypro','1','1';
2018-10-04 07:24:26 EXEC SPC_GRAMMAR_LST1 '4','quypro','6','6';
2018-10-04 07:24:27 EXEC SPC_COM_DATA 'quypro','1','1';
2018-10-04 07:24:27 EXEC SPC_GRAMMAR_LST2 '6','6','quypro';
2018-10-04 07:24:39 EXEC SPC_COM_DATA 'quypro','1','1';
2018-10-04 07:24:39 EXEC SPC_COM_TOGGLE_EFFECT '1','1038','1','2','0','quypro','127.0.0.1';
2018-10-04 07:24:41 EXEC SPC_COM_DATA 'quypro','1','1';
2018-10-04 07:24:41 EXEC SPC_GRAMMAR_LST1 '4','quypro','6','6';
2018-10-04 07:24:42 EXEC SPC_COM_DATA 'quypro','1','1';
2018-10-04 07:24:42 EXEC SPC_GRAMMAR_LST2 '6','6','quypro';
2018-10-04 07:24:57 EXEC SPC_COM_DATA 'quypro','1','1';
2018-10-04 07:24:57 EXEC SPC_VOCABULARY_LST1 '','quypro','6','6';
2018-10-04 07:24:58 EXEC SPC_COM_DATA 'quypro','1','1';
2018-10-04 07:24:58 EXEC SPC_VOCABULARY_LST2 '2','1','quypro';
2018-10-04 07:34:04 EXEC SPC_COM_DATA 'quypro','1','1';
2018-10-04 07:34:04 EXEC SPC_COM_TOGGLE_EFFECT '2','1160','1','1','0','quypro','127.0.0.1';
2018-10-04 07:34:16 EXEC SPC_COM_DATA 'quypro','1','1';
2018-10-04 07:34:16 EXEC SPC_VOCABULARY_LST1 '3','quypro','2','1';
2018-10-04 07:34:16 EXEC SPC_COM_DATA 'quypro','1','1';
2018-10-04 07:34:16 EXEC SPC_VOCABULARY_LST2 '2','1','quypro';
2018-10-04 08:03:52 EXEC SPC_COM_DATA 'quypro','1','1';
2018-10-04 08:03:52 EXEC SPC_LISTENING_LST1 '','quypro','2','1';
2018-10-04 08:03:54 EXEC SPC_COM_DATA 'quypro','1','1';
2018-10-04 08:03:54 EXEC SPC_LISTENING_LST2 '8','8','quypro';
2018-10-04 08:03:58 EXEC SPC_COM_DATA 'quypro','1','1';
2018-10-04 08:04:13 EXEC SPC_COM_DATA 'quypro','1','1';
2018-10-04 08:04:13 EXEC SPC_LISTENING_LST1 '9','quypro','8','8';
2018-10-04 08:04:14 EXEC SPC_COM_DATA 'quypro','1','1';
2018-10-04 08:04:14 EXEC SPC_LISTENING_LST2 '8','8','quypro';
2018-10-04 08:04:18 EXEC SPC_COM_DATA 'quypro','1','1';
2018-10-04 08:04:37 EXEC SPC_COM_DATA 'quypro','1','1';
2018-10-04 08:04:37 EXEC SPC_LISTENING_LST1 '','quypro','8','8';
2018-10-04 08:04:38 EXEC SPC_COM_DATA 'quypro','1','1';
2018-10-04 08:04:38 EXEC SPC_LISTENING_LST2 '8','8','quypro';
2018-10-04 08:04:44 EXEC SPC_COM_DATA 'quypro','1','1';
2018-10-04 08:04:44 EXEC SPC_LISTENING_LST1 '9','quypro','8','8';
2018-10-04 08:04:45 EXEC SPC_COM_DATA 'quypro','1','1';
2018-10-04 08:04:45 EXEC SPC_LISTENING_LST2 '8','8','quypro';
2018-10-04 08:05:21 EXEC SPC_COM_DATA 'quypro','1','1';
2018-10-04 08:05:21 EXEC SPC_LISTENING_LST1 '9','quypro','8','8';
2018-10-04 08:05:22 EXEC SPC_COM_DATA 'quypro','1','1';
2018-10-04 08:05:22 EXEC SPC_LISTENING_LST2 '8','8','quypro';
2018-10-04 08:05:29 EXEC SPC_COM_DATA 'quypro','1','1';
2018-10-04 08:06:10 EXEC SPC_COM_DATA 'quypro','1','1';
2018-10-04 08:06:10 EXEC SPC_LISTENING_LST1 '9','quypro','8','8';
2018-10-04 08:06:11 EXEC SPC_COM_DATA 'quypro','1','1';
2018-10-04 08:06:11 EXEC SPC_LISTENING_LST2 '8','8','quypro';
2018-10-04 08:06:13 EXEC SPC_COM_DATA 'quypro','1','1';
2018-10-04 08:07:32 EXEC SPC_COM_DATA 'quypro','1','1';
2018-10-04 08:07:32 EXEC SPC_LISTENING_LST1 '9','quypro','8','8';
2018-10-04 08:07:32 EXEC SPC_COM_DATA 'quypro','1','1';
2018-10-04 08:07:32 EXEC SPC_LISTENING_LST2 '8','8','quypro';
2018-10-04 08:07:34 EXEC SPC_COM_DATA 'quypro','1','1';
2018-10-04 08:07:34 EXEC SPC_COM_TOGGLE_EFFECT '1','1','3','3','0','quypro','127.0.0.1';
2018-10-04 08:13:21 EXEC SPC_COM_DATA 'quypro','1','1';
2018-10-04 08:13:21 EXEC SPC_LISTENING_LST1 '9','quypro','8','8';
2018-10-04 08:13:22 EXEC SPC_COM_DATA 'quypro','1','1';
2018-10-04 08:13:22 EXEC SPC_LISTENING_LST2 '8','8','quypro';
2018-10-04 08:13:33 EXEC SPC_COM_DATA 'quypro','1','1';
2018-10-04 08:13:33 EXEC SPC_COM_TOGGLE_EFFECT '1','2','3','3','0','quypro','127.0.0.1';
2018-10-04 08:13:40 EXEC SPC_COM_DATA 'quypro','1','1';
2018-10-04 08:13:40 EXEC SPC_LISTENING_LST1 '9','quypro','8','8';
2018-10-04 08:13:41 EXEC SPC_COM_DATA 'quypro','1','1';
2018-10-04 08:13:41 EXEC SPC_LISTENING_LST2 '8','8','quypro';
2018-10-04 08:14:15 EXEC SPC_COM_DATA 'quypro','1','1';
2018-10-04 08:14:15 EXEC SPC_LISTENING_LST1 '9','quypro','8','8';
2018-10-04 08:14:15 EXEC SPC_COM_DATA 'quypro','1','1';
2018-10-04 08:14:15 EXEC SPC_LISTENING_LST2 '8','8','quypro';
2018-10-04 08:14:20 EXEC SPC_COM_DATA 'quypro','1','1';
2018-10-04 08:14:20 EXEC SPC_COM_TOGGLE_EFFECT '1','2','3','3','0','quypro','127.0.0.1';
2018-10-04 08:14:24 EXEC SPC_COM_DATA 'quypro','1','1';
2018-10-04 08:14:24 EXEC SPC_LISTENING_LST1 '9','quypro','8','8';
2018-10-04 08:14:25 EXEC SPC_COM_DATA 'quypro','1','1';
2018-10-04 08:14:25 EXEC SPC_LISTENING_LST2 '8','8','quypro';
2018-10-04 08:14:53 EXEC SPC_COM_DATA 'quypro','1','1';
2018-10-04 08:14:53 EXEC SPC_COM_TOGGLE_EFFECT '1','2','3','3','0','quypro','127.0.0.1';
2018-10-04 08:16:26 EXEC SPC_COM_DATA 'quypro','1','1';
2018-10-04 08:16:26 EXEC SPC_COM_TOGGLE_EFFECT '1','2','3','3','1','quypro','127.0.0.1';
2018-10-04 08:16:50 EXEC SPC_COM_DATA 'quypro','1','1';
2018-10-04 08:16:50 EXEC SPC_LISTENING_LST1 '9','quypro','8','8';
2018-10-04 08:16:51 EXEC SPC_COM_DATA 'quypro','1','1';
2018-10-04 08:16:51 EXEC SPC_LISTENING_LST2 '8','8','quypro';
2018-10-04 08:21:00 EXEC SPC_COM_DATA 'quypro','1','1';
2018-10-04 08:21:00 EXEC SPC_LISTENING_LST1 '9','quypro','8','8';
2018-10-04 08:21:00 EXEC SPC_COM_DATA 'quypro','1','1';
2018-10-04 08:21:00 EXEC SPC_LISTENING_LST2 '8','8','quypro';
2018-10-04 08:21:04 EXEC SPC_COM_DATA 'quypro','1','1';
2018-10-04 08:21:04 EXEC SPC_COM_TOGGLE_EFFECT '1','2','3','3','0','quypro','127.0.0.1';
2018-10-04 08:21:05 EXEC SPC_COM_DATA 'quypro','1','1';
2018-10-04 08:21:05 EXEC SPC_COM_TOGGLE_EFFECT '1','2','3','3','1','quypro','127.0.0.1';
2018-10-04 08:21:07 EXEC SPC_COM_DATA 'quypro','1','1';
2018-10-04 08:21:07 EXEC SPC_COM_TOGGLE_EFFECT '1','2','3','3','0','quypro','127.0.0.1';
2018-10-04 08:21:07 EXEC SPC_COM_DATA 'quypro','1','1';
2018-10-04 08:21:07 EXEC SPC_COM_TOGGLE_EFFECT '1','2','3','3','1','quypro','127.0.0.1';
2018-10-04 08:24:53 EXEC SPC_COM_DATA 'quypro','1','1';
2018-10-04 08:24:53 EXEC SPC_LISTENING_LST1 '9','quypro','8','8';
2018-10-04 08:24:54 EXEC SPC_COM_DATA 'quypro','1','1';
2018-10-04 08:24:54 EXEC SPC_LISTENING_LST2 '8','8','quypro';
2018-10-04 08:25:33 EXEC SPC_COM_DATA 'quypro','1','1';
2018-10-04 08:25:33 EXEC SPC_LISTENING_LST1 '9','quypro','8','8';
2018-10-04 08:25:33 EXEC SPC_COM_DATA 'quypro','1','1';
2018-10-04 08:25:33 EXEC SPC_LISTENING_LST2 '8','8','quypro';
2018-10-04 08:25:41 EXEC SPC_COM_DATA 'quypro','1','1';
2018-10-04 08:25:41 EXEC SPC_COM_TOGGLE_EFFECT '1','1','3','3','0','quypro','127.0.0.1';
2018-10-04 08:25:43 EXEC SPC_COM_DATA 'quypro','1','1';
2018-10-04 08:25:43 EXEC SPC_LISTENING_LST1 '9','quypro','8','8';
2018-10-04 08:25:44 EXEC SPC_COM_DATA 'quypro','1','1';
2018-10-04 08:25:44 EXEC SPC_LISTENING_LST2 '8','8','quypro';
2018-10-04 08:25:50 EXEC SPC_COM_DATA 'quypro','1','1';
2018-10-04 08:25:50 EXEC SPC_COM_TOGGLE_EFFECT '1','1','3','3','1','quypro','127.0.0.1';
2018-10-04 08:25:51 EXEC SPC_COM_DATA 'quypro','1','1';
2018-10-04 08:25:51 EXEC SPC_LISTENING_LST1 '9','quypro','8','8';
2018-10-04 08:25:52 EXEC SPC_COM_DATA 'quypro','1','1';
2018-10-04 08:25:52 EXEC SPC_LISTENING_LST2 '8','8','quypro';
2018-10-04 08:26:00 EXEC SPC_COM_DATA 'quypro','1','1';
2018-10-04 08:26:00 EXEC SPC_LISTENING_LST1 '9','quypro','8','8';
2018-10-04 08:26:01 EXEC SPC_COM_DATA 'quypro','1','1';
2018-10-04 08:26:01 EXEC SPC_LISTENING_LST2 '8','8','quypro';
2018-10-04 08:26:45 EXEC SPC_COM_DATA 'quypro','1','1';
2018-10-04 08:26:45 EXEC SPC_LISTENING_LST1 '9','quypro','8','8';
2018-10-04 08:26:46 EXEC SPC_COM_DATA 'quypro','1','1';
2018-10-04 08:26:46 EXEC SPC_LISTENING_LST2 '8','8','quypro';
2018-10-04 08:26:59 EXEC SPC_COM_DATA 'quypro','1','1';
2018-10-04 08:26:59 EXEC SPC_COM_TOGGLE_EFFECT '1','1','3','3','0','quypro','127.0.0.1';
2018-10-04 08:27:00 EXEC SPC_COM_DATA 'quypro','1','1';
2018-10-04 08:27:00 EXEC SPC_LISTENING_LST1 '9','quypro','8','8';
2018-10-04 08:27:01 EXEC SPC_COM_DATA 'quypro','1','1';
2018-10-04 08:27:01 EXEC SPC_LISTENING_LST2 '8','8','quypro';
2018-10-04 08:29:12 EXEC SPC_COM_DATA 'quypro','1','1';
2018-10-04 08:29:12 EXEC SPC_LISTENING_LST1 '9','quypro','8','8';
2018-10-04 08:29:13 EXEC SPC_COM_DATA 'quypro','1','1';
2018-10-04 08:29:13 EXEC SPC_LISTENING_LST2 '8','8','quypro';
2018-10-04 08:29:16 EXEC SPC_COM_DATA 'quypro','1','1';
2018-10-04 08:29:16 EXEC SPC_COM_TOGGLE_EFFECT '1','1','3','3','1','quypro','127.0.0.1';
2018-10-04 08:29:18 EXEC SPC_COM_DATA 'quypro','1','1';
2018-10-04 08:29:18 EXEC SPC_COM_TOGGLE_EFFECT '1','1','3','3','0','quypro','127.0.0.1';
2018-10-04 08:29:29 EXEC SPC_COM_DATA 'quypro','1','1';
2018-10-04 08:29:29 EXEC SPC_LISTENING_LST1 '9','quypro','8','8';
2018-10-04 08:29:29 EXEC SPC_COM_DATA 'quypro','1','1';
2018-10-04 08:29:29 EXEC SPC_LISTENING_LST2 '8','8','quypro';
2018-10-04 08:29:31 EXEC SPC_COM_DATA 'quypro','1','1';
2018-10-04 08:29:31 EXEC SPC_COM_TOGGLE_EFFECT '1','1','3','3','1','quypro','127.0.0.1';
2018-10-04 08:29:32 EXEC SPC_COM_DATA 'quypro','1','1';
2018-10-04 08:29:32 EXEC SPC_COM_TOGGLE_EFFECT '1','1','3','3','0','quypro','127.0.0.1';
2018-10-04 08:30:35 EXEC SPC_COM_DATA 'quypro','1','1';
2018-10-04 08:30:35 EXEC SPC_LISTENING_LST1 '9','quypro','8','8';
2018-10-04 08:30:36 EXEC SPC_COM_DATA 'quypro','1','1';
2018-10-04 08:30:36 EXEC SPC_LISTENING_LST2 '8','8','quypro';
2018-10-04 08:30:43 EXEC SPC_COM_DATA 'quypro','1','1';
2018-10-04 08:30:43 EXEC SPC_COM_TOGGLE_EFFECT '1','1','3','3','1','quypro','127.0.0.1';
2018-10-04 08:30:44 EXEC SPC_COM_DATA 'quypro','1','1';
2018-10-04 08:30:44 EXEC SPC_COM_TOGGLE_EFFECT '1','1','3','3','0','quypro','127.0.0.1';
2018-10-04 08:30:45 EXEC SPC_COM_DATA 'quypro','1','1';
2018-10-04 08:30:45 EXEC SPC_COM_TOGGLE_EFFECT '1','1','3','3','1','quypro','127.0.0.1';
2018-10-04 08:30:46 EXEC SPC_COM_DATA 'quypro','1','1';
2018-10-04 08:30:46 EXEC SPC_COM_TOGGLE_EFFECT '1','1','3','3','0','quypro','127.0.0.1';
2018-10-04 08:30:47 EXEC SPC_COM_DATA 'quypro','1','1';
2018-10-04 08:30:47 EXEC SPC_COM_TOGGLE_EFFECT '1','1','3','3','1','quypro','127.0.0.1';
2018-10-04 08:30:56 EXEC SPC_COM_DATA 'quypro','1','1';
2018-10-04 08:30:56 EXEC SPC_COM_TOGGLE_EFFECT '1','1','3','3','0','quypro','127.0.0.1';
2018-10-04 08:31:23 EXEC SPC_COM_DATA 'quypro','1','1';
2018-10-04 08:31:23 EXEC SPC_LISTENING_LST1 '9','quypro','8','8';
2018-10-04 08:31:23 EXEC SPC_COM_DATA 'quypro','1','1';
2018-10-04 08:31:23 EXEC SPC_LISTENING_LST2 '8','8','quypro';
2018-10-04 08:31:29 EXEC SPC_COM_DATA 'quypro','1','1';
2018-10-04 08:31:29 EXEC SPC_COM_TOGGLE_EFFECT '1','1','3','3','1','quypro','127.0.0.1';
2018-10-04 08:31:30 EXEC SPC_COM_DATA 'quypro','1','1';
2018-10-04 08:31:30 EXEC SPC_COM_TOGGLE_EFFECT '1','1','3','3','0','quypro','127.0.0.1';
2018-10-04 08:34:09 EXEC SPC_COM_DATA 'quypro','1','1';
2018-10-04 08:34:09 EXEC SPC_COM_TOGGLE_EFFECT '1','23','3','3','0','quypro','127.0.0.1';
2018-10-04 08:34:11 EXEC SPC_COM_DATA 'quypro','1','1';
2018-10-04 08:34:11 EXEC SPC_COM_TOGGLE_EFFECT '1','28','3','3','0','quypro','127.0.0.1';
2018-10-04 08:34:14 EXEC SPC_COM_DATA 'quypro','1','1';
2018-10-04 08:34:14 EXEC SPC_LISTENING_LST1 '9','quypro','8','8';
2018-10-04 08:34:14 EXEC SPC_COM_DATA 'quypro','1','1';
2018-10-04 08:34:14 EXEC SPC_LISTENING_LST2 '8','8','quypro';
2018-10-04 08:39:22 EXEC SPC_COM_DATA 'quypro','1','1';
2018-10-04 08:39:22 EXEC SPC_COM_TOGGLE_EFFECT '1','3','3','3','0','quypro','127.0.0.1';
2018-10-04 08:39:27 EXEC SPC_COM_DATA 'quypro','1','1';
2018-10-04 08:39:28 EXEC SPC_COM_GET_MORE_COMMENT '1','1';
2018-10-04 08:39:32 EXEC SPC_COM_DATA 'quypro','1','1';
2018-10-04 08:39:32 EXEC SPC_COM_GET_MORE_COMMENT '1','1';
2018-10-04 08:39:41 EXEC SPC_COM_DATA 'quypro','1','1';
2018-10-04 08:39:41 EXEC SPC_COM_GET_MORE_COMMENT '1','1';
2018-10-04 08:43:21 EXEC SPC_COM_DATA 'quypro','1','1';
2018-10-04 08:43:21 EXEC SPC_COM_GET_MORE_COMMENT '1','1','quypro';
2018-10-04 08:43:21 SQLSTATE[42000]: [Microsoft][ODBC Driver 13 for SQL Server][SQL Server]データ型 nvarchar を int に変換中にエラーが発生しました。
2018-10-04 08:45:46 EXEC SPC_COM_DATA 'quypro','1','1';
2018-10-04 08:45:46 EXEC SPC_COM_GET_MORE_COMMENT '1','1','quypro';
2018-10-04 08:45:49 EXEC SPC_COM_DATA 'quypro','1','1';
2018-10-04 08:46:18 EXEC SPC_COM_DATA 'quypro','1','1';
2018-10-04 08:46:18 EXEC SPC_LISTENING_LST1 '9','quypro','8','8';
2018-10-04 08:46:18 EXEC SPC_COM_DATA 'quypro','1','1';
2018-10-04 08:46:18 EXEC SPC_LISTENING_LST2 '8','8','quypro';
2018-10-04 08:46:20 EXEC SPC_COM_DATA 'quypro','1','1';
2018-10-04 08:46:20 EXEC SPC_COM_GET_MORE_COMMENT '1','1','quypro';
2018-10-04 08:48:59 EXEC SPC_COM_DATA 'quypro','1','1';
2018-10-04 08:48:59 EXEC SPC_LISTENING_LST1 '9','quypro','8','8';
2018-10-04 08:49:00 EXEC SPC_COM_DATA 'quypro','1','1';
2018-10-04 08:49:00 EXEC SPC_LISTENING_LST2 '8','8','quypro';
2018-10-04 08:49:02 EXEC SPC_COM_DATA 'quypro','1','1';
2018-10-04 08:49:02 EXEC SPC_COM_GET_MORE_COMMENT '1','1','quypro';
2018-10-04 08:49:04 EXEC SPC_COM_DATA 'quypro','1','1';
2018-10-04 08:49:04 EXEC SPC_COM_TOGGLE_EFFECT '1','16','3','3','0','quypro','127.0.0.1';
2018-10-04 08:49:48 EXEC SPC_COM_DATA 'quypro','1','1';
2018-10-04 08:49:48 EXEC SPC_COM_TOGGLE_EFFECT '1','34','3','3','0','quypro','127.0.0.1';
2018-10-04 08:49:52 EXEC SPC_COM_DATA 'quypro','1','1';
2018-10-04 08:49:52 EXEC SPC_COM_GET_PAGE_COMMENT '1','3','9','2','quypro';
2018-10-04 08:49:53 EXEC SPC_COM_DATA 'quypro','1','1';
2018-10-04 08:49:53 EXEC SPC_COM_GET_PAGE_COMMENT '1','3','9','1','quypro';
2018-10-04 08:49:55 EXEC SPC_COM_DATA 'quypro','1','1';
2018-10-04 08:49:55 EXEC SPC_COM_GET_MORE_COMMENT '1','1','quypro';
2018-10-04 08:51:26 EXEC SPC_COM_DATA 'quypro','1','1';
2018-10-04 08:51:26 EXEC SPC_VOCABULARY_LST1 '','quypro','8','8';
2018-10-04 08:51:28 EXEC SPC_COM_DATA 'quypro','1','1';
2018-10-04 08:51:28 EXEC SPC_VOCABULARY_LST2 '2','1','quypro';
2018-10-04 08:51:31 EXEC SPC_COM_DATA 'quypro','1','1';
2018-10-04 08:51:31 EXEC SPC_COM_TOGGLE_EFFECT '2','1029','1','1','0','quypro','127.0.0.1';
2018-10-04 08:52:02 EXEC SPC_COM_DATA 'quypro','1','1';
2018-10-04 08:52:02 EXEC SPC_LISTENING_LST1 '','quypro','2','1';
2018-10-04 08:52:02 EXEC SPC_COM_DATA 'quypro','1','1';
2018-10-04 08:52:02 EXEC SPC_LISTENING_LST2 '8','8','quypro';
2018-10-04 08:52:20 EXEC SPC_COM_DATA 'quypro','1','1';
2018-10-04 08:52:20 EXEC SPC_COM_GET_PAGE_COMMENT '1','3','9','2','quypro';
2018-10-04 08:52:21 EXEC SPC_COM_DATA 'quypro','1','1';
2018-10-04 08:52:21 EXEC SPC_COM_GET_PAGE_COMMENT '1','3','9','1','quypro';
2018-10-04 08:52:26 EXEC SPC_COM_DATA 'quypro','1','1';
2018-10-04 08:52:26 EXEC SPC_LISTENING_LST1 '9','quypro','8','8';
2018-10-04 08:52:26 EXEC SPC_COM_DATA 'quypro','1','1';
2018-10-04 08:52:26 EXEC SPC_LISTENING_LST2 '8','8','quypro';
2018-10-04 08:55:08 EXEC SPC_COM_DATA 'quypro','1','1';
2018-10-04 08:55:08 EXEC SPC_LISTENING_LST1 '9','quypro','8','8';
2018-10-04 08:55:09 EXEC SPC_COM_DATA 'quypro','1','1';
2018-10-04 08:55:09 EXEC SPC_LISTENING_LST2 '8','8','quypro';
2018-10-04 08:55:11 EXEC SPC_COM_DATA 'quypro','1','1';
2018-10-04 08:55:11 EXEC SPC_LISTENING_LST1 '9','quypro','8','8';
2018-10-04 08:55:12 EXEC SPC_COM_DATA 'quypro','1','1';
2018-10-04 08:55:12 EXEC SPC_LISTENING_LST2 '8','8','quypro';
2018-10-04 08:56:16 EXEC SPC_COM_DATA 'quypro','1','1';
2018-10-04 08:56:16 EXEC SPC_LISTENING_LST1 '9','quypro','8','8';
2018-10-04 08:56:17 EXEC SPC_COM_DATA 'quypro','1','1';
2018-10-04 08:56:17 EXEC SPC_LISTENING_LST2 '8','8','quypro';
2018-10-04 08:56:36 EXEC SPC_COM_DATA 'quypro','1','1';
2018-10-04 08:56:36 EXEC SPC_LISTENING_LST1 '9','quypro','8','8';
2018-10-04 08:56:36 EXEC SPC_COM_DATA 'quypro','1','1';
2018-10-04 08:56:36 EXEC SPC_LISTENING_LST2 '8','8','quypro';
2018-10-04 08:56:39 EXEC SPC_COM_DATA 'quypro','1','1';
2018-10-04 08:56:39 EXEC SPC_COM_TOGGLE_EFFECT '1','2','3','3','0','quypro','127.0.0.1';
2018-10-04 08:56:41 EXEC SPC_COM_DATA 'quypro','1','1';
2018-10-04 08:56:41 EXEC SPC_COM_TOGGLE_EFFECT '1','2','3','3','1','quypro','127.0.0.1';
2018-10-04 08:56:42 EXEC SPC_COM_DATA 'quypro','1','1';
2018-10-04 08:56:42 EXEC SPC_COM_TOGGLE_EFFECT '1','2','3','3','0','quypro','127.0.0.1';
2018-10-04 08:56:43 EXEC SPC_COM_DATA 'quypro','1','1';
2018-10-04 08:56:43 EXEC SPC_COM_TOGGLE_EFFECT '1','2','3','3','1','quypro','127.0.0.1';
2018-10-04 08:56:44 EXEC SPC_COM_DATA 'quypro','1','1';
2018-10-04 08:56:44 EXEC SPC_COM_TOGGLE_EFFECT '1','2','3','3','0','quypro','127.0.0.1';
2018-10-04 08:56:45 EXEC SPC_COM_DATA 'quypro','1','1';
2018-10-04 08:56:45 EXEC SPC_COM_TOGGLE_EFFECT '1','2','3','3','1','quypro','127.0.0.1';
2018-10-04 08:56:48 EXEC SPC_COM_DATA 'quypro','1','1';
2018-10-04 08:56:48 EXEC SPC_COM_TOGGLE_EFFECT '1','2','3','3','0','quypro','127.0.0.1';
2018-10-04 08:56:49 EXEC SPC_COM_DATA 'quypro','1','1';
2018-10-04 08:56:49 EXEC SPC_COM_TOGGLE_EFFECT '1','2','3','3','1','quypro','127.0.0.1';
2018-10-04 08:57:23 EXEC SPC_COM_DATA 'quypro','1','1';
2018-10-04 08:57:23 EXEC SPC_LISTENING_LST1 '9','quypro','8','8';
2018-10-04 08:57:23 EXEC SPC_COM_DATA 'quypro','1','1';
2018-10-04 08:57:23 EXEC SPC_LISTENING_LST2 '8','8','quypro';
2018-10-04 08:57:26 EXEC SPC_COM_DATA 'quypro','1','1';
2018-10-04 08:57:26 EXEC SPC_COM_GET_PAGE_COMMENT '1','3','9','2','quypro';
2018-10-04 08:57:27 EXEC SPC_COM_DATA 'quypro','1','1';
2018-10-04 08:57:27 EXEC SPC_COM_GET_PAGE_COMMENT '1','3','9','1','quypro';
2018-10-04 08:57:29 EXEC SPC_COM_DATA 'quypro','1','1';
2018-10-04 08:57:29 EXEC SPC_COM_GET_PAGE_COMMENT '1','3','9','2','quypro';
2018-10-04 08:57:31 EXEC SPC_COM_DATA 'quypro','1','1';
2018-10-04 08:57:31 EXEC SPC_COM_TOGGLE_EFFECT '1','25','3','3','0','quypro','127.0.0.1';
2018-10-04 08:57:32 EXEC SPC_COM_DATA 'quypro','1','1';
2018-10-04 08:57:32 EXEC SPC_COM_GET_PAGE_COMMENT '1','3','9','1','quypro';
2018-10-04 08:57:35 EXEC SPC_COM_DATA 'quypro','1','1';
2018-10-04 08:57:35 EXEC SPC_COM_GET_PAGE_COMMENT '1','3','9','2','quypro';
2018-10-04 08:57:51 EXEC SPC_COM_DATA 'quypro','1','1';
2018-10-04 08:57:51 EXEC SPC_COM_GET_PAGE_COMMENT '1','3','9','1','quypro';
2018-10-04 08:57:54 EXEC SPC_COM_DATA 'quypro','1','1';
2018-10-04 08:57:54 EXEC SPC_COM_GET_PAGE_COMMENT '1','3','9','2','quypro';
2018-10-04 08:58:02 EXEC SPC_COM_DATA 'quypro','1','1';
2018-10-04 08:58:02 EXEC SPC_COM_TOGGLE_EFFECT '2','10','3','3','0','quypro','127.0.0.1';
2018-10-04 08:58:04 EXEC SPC_COM_DATA 'quypro','1','1';
2018-10-04 08:58:04 EXEC SPC_COM_TOGGLE_EFFECT '2','11','3','3','0','quypro','127.0.0.1';
2018-10-04 08:59:17 EXEC SPC_COM_DATA 'quypro','1','1';
2018-10-04 08:59:17 EXEC SPC_COM_GET_MORE_COMMENT '14','1','quypro';
2018-10-04 08:59:19 EXEC SPC_COM_DATA 'quypro','1','1';
2018-10-04 08:59:19 EXEC SPC_COM_GET_MORE_COMMENT '8','1','quypro';
2018-10-04 08:59:47 EXEC SPC_COM_DATA 'quypro','1','1';
2018-10-04 08:59:48 EXEC SPC_LISTENING_LST2 '8','8','quypro';
2018-10-04 08:59:52 EXEC SPC_COM_DATA 'quypro','1','1';
2018-10-04 08:59:52 EXEC SPC_LISTENING_LST2 '8','9','quypro';
2018-10-04 08:59:53 EXEC SPC_COM_DATA 'quypro','1','1';
2018-10-04 08:59:53 EXEC SPC_LISTENING_LST2 '8','8','quypro';
2018-10-04 08:59:55 EXEC SPC_COM_DATA 'quypro','1','1';
2018-10-04 08:59:55 EXEC SPC_LISTENING_LST2 '8','9','quypro';
2018-10-04 08:59:57 EXEC SPC_COM_DATA 'quypro','1','1';
2018-10-04 08:59:57 EXEC SPC_LISTENING_LST2 '8','8','quypro';
2018-10-04 08:59:58 EXEC SPC_COM_DATA 'quypro','1','1';
2018-10-04 08:59:58 EXEC SPC_LISTENING_LST2 '8','9','quypro';
2018-10-04 09:00:02 EXEC SPC_COM_DATA 'quypro','1','1';
2018-10-04 09:00:02 EXEC SPC_LISTENING_LST2 '8','8','quypro';
2018-10-04 09:00:07 EXEC SPC_COM_DATA 'quypro','1','1';
2018-10-04 09:00:07 EXEC SPC_COM_GET_PAGE_COMMENT '1','3','9','2','quypro';
2018-10-04 09:00:08 EXEC SPC_COM_DATA 'quypro','1','1';
2018-10-04 09:00:08 EXEC SPC_COM_GET_PAGE_COMMENT '1','3','9','1','quypro';
2018-10-04 09:00:31 EXEC SPC_COM_DATA 'quypro','1','1';
2018-10-04 09:00:31 EXEC SPC_COM_MENU '1';
2018-10-04 09:00:58 EXEC SPC_COM_DATA '','','';
2018-10-04 09:00:58 EXEC SPC_VOCABULARY_LST1 '','','','';
2018-10-04 09:01:02 EXEC SPC_COM_DATA '','','';
2018-10-04 09:01:02 EXEC SPC_VOCABULARY_LST2 '2','1','';
2018-10-04 09:01:16 EXEC SPC_COMMON_ACCOUNT '2','1';
2018-10-04 09:01:16 EXEC SPC_COM_DATA 'khoai','2','1';
2018-10-04 09:01:16 EXEC SPC_VOCABULARY_LST1 '1','khoai','2','1';
2018-10-04 09:01:17 EXEC SPC_COM_DATA 'khoai','2','1';
2018-10-04 09:01:17 EXEC SPC_VOCABULARY_LST2 '2','1','khoai';
2018-10-04 09:01:22 EXEC SPC_COM_DATA 'khoai','2','1';
2018-10-04 09:01:22 EXEC SPC_GRAMMAR_LST1 '','khoai','2','1';
2018-10-04 09:01:23 EXEC SPC_COM_DATA 'khoai','2','1';
2018-10-04 09:01:23 EXEC SPC_GRAMMAR_LST2 '6','6','khoai';
2018-10-04 09:01:27 EXEC SPC_COM_DATA 'khoai','2','1';
2018-10-04 09:01:27 EXEC SPC_LISTENING_LST1 '','khoai','6','6';
2018-10-04 09:01:28 EXEC SPC_COM_DATA 'khoai','2','1';
2018-10-04 09:01:28 EXEC SPC_LISTENING_LST2 '8','8','khoai';
2018-10-04 09:01:39 EXEC SPC_COM_DATA 'khoai','2','1';
2018-10-04 09:01:39 EXEC SPC_COM_GET_MORE_COMMENT '4','1','khoai';
