2018-06-05 00:01:08 EXEC SPC_COM_PERMISSION '1','g001';
2018-06-05 00:01:11 EXEC SPC_COM_PERMISSION '1','g001';
2018-06-05 00:01:11 EXEC SPC_COM_MENU '1';
2018-06-05 00:02:30 EXEC SPC_COM_PERMISSION '1','m003';
2018-06-05 00:02:30 EXEC SPC_COM_MENU '1';
2018-06-05 00:02:30 EXEC SPC_M003_FND1
2018-06-05 00:12:10 EXEC SPC_COM_PERMISSION '1','s001';
2018-06-05 00:12:10 EXEC SPC_COM_MENU '1';
2018-06-05 00:12:10 EXEC SPC_S001_FND1
2018-06-05 00:13:36 EXEC SPC_COM_PERMISSION '1','s001';
2018-06-05 00:13:36 EXEC SPC_COM_MENU '1';
2018-06-05 00:13:36 EXEC SPC_S001_FND1
2018-06-05 00:13:39 EXEC SPC_COM_MENU '1';
2018-06-05 00:13:39 EXEC SPC_S001_LST1 '2';
2018-06-05 00:13:43 EXEC SPC_COM_MENU '1';
2018-06-05 00:13:43 EXEC SPC_S001_ACT1 '2','<row screen_id="m003" remark="sdadsadsada" access_per="1" menu_per="1" add_per="1" edit_per="1" delete_per="1" report_per="1" /><row screen_id="m004" remark="" access_per="1" menu_per="1" add_per="1" edit_per="1" delete_per="1" report_per="1" /><row screen_id="s001" remark="" access_per="0" menu_per="0" add_per="1" edit_per="1" delete_per="1" report_per="1" /><row screen_id="s002" remark="" access_per="1" menu_per="1" add_per="1" edit_per="1" delete_per="1" report_per="1" /><row screen_id="s003" remark="" access_per="1" menu_per="1" add_per="1" edit_per="1" delete_per="1" report_per="1" />','ndq809','127.0.0.1';
2018-06-05 00:13:45 EXEC SPC_COM_PERMISSION '1','s001';
2018-06-05 00:13:45 EXEC SPC_COM_MENU '1';
2018-06-05 00:13:45 EXEC SPC_S001_FND1
2018-06-05 00:15:07 EXEC SPC_COM_PERMISSION '1','s001';
2018-06-05 00:15:07 EXEC SPC_COM_MENU '1';
2018-06-05 00:15:07 EXEC SPC_S001_FND1
2018-06-05 00:15:10 EXEC SPC_COM_PERMISSION '1','s001';
2018-06-05 00:15:10 EXEC SPC_COM_MENU '1';
2018-06-05 00:15:10 EXEC SPC_S001_FND1
2018-06-05 00:15:22 EXEC SPC_COM_PERMISSION '1','s001';
2018-06-05 00:15:22 EXEC SPC_COM_MENU '1';
2018-06-05 00:15:22 EXEC SPC_S001_FND1
2018-06-05 00:15:22 EXEC SPC_COM_MENU '1';
2018-06-05 00:15:22 EXEC SPC_S001_LST1 '2';
2018-06-05 00:17:54 EXEC SPC_COM_PERMISSION '1','s001';
2018-06-05 00:17:54 EXEC SPC_COM_MENU '1';
2018-06-05 00:17:54 EXEC SPC_S001_FND1
2018-06-05 00:17:54 EXEC SPC_COM_MENU '1';
2018-06-05 00:17:54 EXEC SPC_S001_LST1 '2';
2018-06-05 00:18:00 EXEC SPC_COM_MENU '1';
2018-06-05 00:18:00 EXEC SPC_S001_LST1 '1';
2018-06-05 00:18:03 EXEC SPC_COM_MENU '1';
2018-06-05 00:18:03 EXEC SPC_S001_LST1 '4';
2018-06-05 00:18:17 EXEC SPC_COM_MENU '1';
2018-06-05 00:18:17 EXEC SPC_S001_ACT1 '4','<row screen_id="g001" remark="" access_per="1" menu_per="1" add_per="0" edit_per="0" delete_per="0" report_per="0" />','ndq809','127.0.0.1';
2018-06-05 00:18:19 EXEC SPC_COM_PERMISSION '1','s001';
2018-06-05 00:18:19 EXEC SPC_COM_MENU '1';
2018-06-05 00:18:19 EXEC SPC_S001_FND1
2018-06-05 00:18:19 EXEC SPC_COM_MENU '1';
2018-06-05 00:18:19 EXEC SPC_S001_LST1 '4';
2018-06-05 00:18:35 EXEC SPC_COM_MENU '1';
2018-06-05 00:18:35 EXEC SPC_S001_LST1 '1';
2018-06-05 00:18:44 EXEC SPC_COM_MENU '1';
2018-06-05 00:18:44 EXEC SPC_S001_ACT1 '1','<row screen_id="g001" remark="" access_per="0" menu_per="1" add_per="1" edit_per="1" delete_per="1" report_per="1" /><row screen_id="m003" remark="dád" access_per="1" menu_per="1" add_per="1" edit_per="1" delete_per="1" report_per="1" /><row screen_id="m004" remark="sdad" access_per="1" menu_per="1" add_per="1" edit_per="1" delete_per="1" report_per="1" /><row screen_id="s001" remark="dsada" access_per="0" menu_per="1" add_per="1" edit_per="1" delete_per="1" report_per="1" /><row screen_id="s002" remark="dsad" access_per="1" menu_per="1" add_per="1" edit_per="1" delete_per="1" report_per="1" /><row screen_id="s003" remark="ads" access_per="1" menu_per="1" add_per="1" edit_per="1" delete_per="1" report_per="1" />','ndq809','127.0.0.1';
2018-06-05 00:18:47 EXEC SPC_COM_PERMISSION '1','s001';
2018-06-05 00:18:47 EXEC SPC_COM_PERMISSION '1','s001';
2018-06-05 00:18:47 EXEC SPC_COM_PERMISSION '1','g001';
2018-06-05 00:18:53 EXEC SPC_COM_PERMISSION '1','s001';
2018-06-05 00:18:53 EXEC SPC_COM_PERMISSION '1','master';
2018-06-05 00:18:53 EXEC SPC_COM_PERMISSION '1','g001';
2018-06-05 00:18:59 EXEC SPC_COM_PERMISSION '3','g001';
2018-06-05 00:21:32 EXEC SPC_COM_MENU '3';
2018-06-05 00:21:38 EXEC SPC_COM_PERMISSION '3','s001';
2018-06-05 00:21:38 EXEC SPC_COM_PERMISSION '3','eplus.win';
2018-06-05 00:21:38 EXEC SPC_COM_PERMISSION '3','g001';
2018-06-05 00:28:51 EXEC SPC_COM_PERMISSION '1','g001';
2018-06-05 00:28:51 EXEC SPC_COM_MENU '1';
2018-06-05 00:28:56 EXEC SPC_COM_PERMISSION '1','s001';
2018-06-05 00:28:56 EXEC SPC_COM_MENU '1';
2018-06-05 00:28:56 EXEC SPC_S001_FND1
2018-06-05 00:29:00 EXEC SPC_COM_MENU '1';
2018-06-05 00:29:00 EXEC SPC_S001_LST1 '1';
2018-06-05 00:29:04 EXEC SPC_COM_MENU '1';
2018-06-05 00:29:04 EXEC SPC_S001_LST1 '3';
2018-06-05 00:29:26 EXEC SPC_COM_MENU '1';
2018-06-05 00:29:26 EXEC SPC_S001_ACT1 '3','<row screen_id="g001" remark="" access_per="1" menu_per="0" add_per="0" edit_per="1" delete_per="0" report_per="0" /><row screen_id="m003" remark="" access_per="1" menu_per="0" add_per="1" edit_per="1" delete_per="1" report_per="1" /><row screen_id="m004" remark="" access_per="1" menu_per="0" add_per="0" edit_per="1" delete_per="1" report_per="1" /><row screen_id="s001" remark="" access_per="1" menu_per="0" add_per="0" edit_per="1" delete_per="0" report_per="0" /><row screen_id="s002" remark="" access_per="1" menu_per="0" add_per="0" edit_per="1" delete_per="0" report_per="0" /><row screen_id="s003" remark="" access_per="1" menu_per="0" add_per="0" edit_per="1" delete_per="0" report_per="0" />','ndq809','127.0.0.1';
2018-06-05 00:29:27 EXEC SPC_COM_PERMISSION '1','s001';
2018-06-05 00:29:27 EXEC SPC_COM_MENU '1';
2018-06-05 00:29:27 EXEC SPC_S001_FND1
2018-06-05 00:29:28 EXEC SPC_COM_MENU '1';
2018-06-05 00:29:28 EXEC SPC_S001_LST1 '3';
2018-06-05 00:29:41 EXEC SPC_COM_PERMISSION '3','s001';
2018-06-05 00:29:41 EXEC SPC_COM_MENU '3';
2018-06-05 00:29:41 EXEC SPC_S001_FND1
2018-06-05 00:30:04 EXEC SPC_COM_MENU '3';
2018-06-05 00:30:04 EXEC SPC_S001_LST1 '3';
2018-06-05 00:30:08 EXEC SPC_COM_MENU '3';
2018-06-05 00:30:08 EXEC SPC_S001_ACT1 '3','<row screen_id="g001" remark="" access_per="1" menu_per="1" add_per="0" edit_per="1" delete_per="0" report_per="0" /><row screen_id="m003" remark="" access_per="1" menu_per="1" add_per="1" edit_per="1" delete_per="1" report_per="1" /><row screen_id="m004" remark="" access_per="1" menu_per="1" add_per="0" edit_per="1" delete_per="1" report_per="1" /><row screen_id="s001" remark="" access_per="1" menu_per="1" add_per="0" edit_per="1" delete_per="0" report_per="0" /><row screen_id="s002" remark="" access_per="1" menu_per="1" add_per="0" edit_per="1" delete_per="0" report_per="0" /><row screen_id="s003" remark="" access_per="1" menu_per="1" add_per="0" edit_per="1" delete_per="0" report_per="0" />','quy','127.0.0.1';
2018-06-05 00:30:09 EXEC SPC_COM_PERMISSION '3','s001';
2018-06-05 00:30:09 EXEC SPC_COM_MENU '3';
2018-06-05 00:30:09 EXEC SPC_S001_FND1
2018-06-05 00:30:09 EXEC SPC_COM_MENU '3';
2018-06-05 00:30:09 EXEC SPC_S001_LST1 '3';
2018-06-05 00:30:42 EXEC SPC_COM_PERMISSION '3','s002';
2018-06-05 00:30:42 EXEC SPC_COM_MENU '3';
2018-06-05 00:30:42 EXEC SPC_S003_FND1
2018-06-05 00:30:44 EXEC SPC_COM_PERMISSION '3','s003';
2018-06-05 00:30:44 EXEC SPC_COM_MENU '3';
2018-06-05 00:30:44 EXEC SPC_S003_FND1
2018-06-05 00:30:50 EXEC SPC_COM_PERMISSION '3','g001';
2018-06-05 00:30:50 EXEC SPC_COM_MENU '3';
2018-06-05 00:30:53 EXEC SPC_COM_PERMISSION '3','m003';
2018-06-05 00:30:53 EXEC SPC_COM_MENU '3';
2018-06-05 00:30:53 EXEC SPC_M003_FND1
2018-06-05 00:30:55 EXEC SPC_COM_PERMISSION '3','m002';
2018-06-05 00:30:55 EXEC SPC_COM_PERMISSION '3','m003';
2018-06-05 00:30:55 EXEC SPC_COM_PERMISSION '3','m003';
2018-06-05 00:30:55 EXEC SPC_COM_MENU '3';
2018-06-05 00:30:55 EXEC SPC_M003_FND1
2018-06-05 00:34:48 EXEC SPC_COM_PERMISSION '3','s001';
2018-06-05 00:34:48 EXEC SPC_COM_MENU '3';
2018-06-05 00:34:48 EXEC SPC_S001_FND1
2018-06-05 00:34:49 EXEC SPC_COM_MENU '3';
2018-06-05 00:34:49 EXEC SPC_S001_LST1 '3';
2018-06-05 00:35:06 EXEC SPC_COM_MENU '3';
2018-06-05 00:35:06 EXEC SPC_S001_ACT1 '3','<row screen_id="g001" remark="" access_per="1" menu_per="1" add_per="1" edit_per="1" delete_per="1" report_per="0" /><row screen_id="g004" remark="" access_per="1" menu_per="1" add_per="1" edit_per="1" delete_per="1" report_per="0" /><row screen_id="m003" remark="" access_per="1" menu_per="1" add_per="1" edit_per="1" delete_per="1" report_per="1" /><row screen_id="m004" remark="" access_per="1" menu_per="1" add_per="0" edit_per="1" delete_per="1" report_per="1" /><row screen_id="s001" remark="" access_per="1" menu_per="1" add_per="0" edit_per="1" delete_per="0" report_per="0" /><row screen_id="s002" remark="" access_per="1" menu_per="1" add_per="0" edit_per="1" delete_per="0" report_per="0" /><row screen_id="s003" remark="" access_per="1" menu_per="1" add_per="0" edit_per="1" delete_per="0" report_per="0" />','quy','127.0.0.1';
2018-06-05 00:35:07 EXEC SPC_COM_PERMISSION '3','s001';
2018-06-05 00:35:07 EXEC SPC_COM_MENU '3';
2018-06-05 00:35:07 EXEC SPC_S001_FND1
2018-06-05 00:35:08 EXEC SPC_COM_MENU '3';
2018-06-05 00:35:08 EXEC SPC_S001_LST1 '3';
2018-06-05 00:35:13 EXEC SPC_COM_PERMISSION '3','g003';
2018-06-05 00:35:13 EXEC SPC_COM_PERMISSION '3','s001';
2018-06-05 00:35:13 EXEC SPC_COM_PERMISSION '3','s001';
2018-06-05 00:35:13 EXEC SPC_COM_MENU '3';
2018-06-05 00:35:13 EXEC SPC_S001_FND1
2018-06-05 00:35:14 EXEC SPC_COM_MENU '3';
2018-06-05 00:35:14 EXEC SPC_S001_LST1 '3';
2018-06-05 00:35:59 EXEC SPC_COM_PERMISSION '3','s001';
2018-06-05 00:35:59 EXEC SPC_COM_MENU '3';
2018-06-05 00:35:59 EXEC SPC_S001_FND1
2018-06-05 00:36:00 EXEC SPC_COM_MENU '3';
2018-06-05 00:36:00 EXEC SPC_S001_LST1 '3';
2018-06-05 00:36:06 EXEC SPC_COM_MENU '3';
2018-06-05 00:36:06 EXEC SPC_S001_ACT1 '3','<row screen_id="g001" remark="" access_per="1" menu_per="1" add_per="1" edit_per="1" delete_per="1" report_per="0" /><row screen_id="g004" remark="" access_per="1" menu_per="1" add_per="1" edit_per="1" delete_per="1" report_per="0" /><row screen_id="m003" remark="" access_per="1" menu_per="1" add_per="1" edit_per="1" delete_per="1" report_per="1" /><row screen_id="m004" remark="" access_per="1" menu_per="1" add_per="0" edit_per="1" delete_per="1" report_per="1" /><row screen_id="s001" remark="" access_per="1" menu_per="1" add_per="0" edit_per="1" delete_per="0" report_per="0" /><row screen_id="s002" remark="" access_per="1" menu_per="1" add_per="0" edit_per="1" delete_per="0" report_per="0" /><row screen_id="s003" remark="" access_per="1" menu_per="1" add_per="0" edit_per="1" delete_per="0" report_per="0" />','quy','127.0.0.1';
2018-06-05 00:36:07 EXEC SPC_COM_PERMISSION '3','s001';
2018-06-05 00:36:07 EXEC SPC_COM_MENU '3';
2018-06-05 00:36:07 EXEC SPC_S001_FND1
2018-06-05 00:36:08 EXEC SPC_COM_MENU '3';
2018-06-05 00:36:08 EXEC SPC_S001_LST1 '3';
2018-06-05 00:36:12 EXEC SPC_COM_PERMISSION '3','g004';
2018-06-05 00:36:12 EXEC SPC_COM_MENU '3';
2018-06-05 00:37:19 EXEC SPC_COM_PERMISSION '3','g004';
2018-06-05 00:37:19 EXEC SPC_COM_MENU '3';
2018-06-05 00:39:13 EXEC SPC_COM_PERMISSION '3','g004';
2018-06-05 00:39:13 EXEC SPC_COM_MENU '3';
2018-06-05 00:40:02 EXEC SPC_COM_PERMISSION '3','g004';
2018-06-05 00:40:02 EXEC SPC_COM_MENU '3';
2018-06-05 00:40:09 EXEC SPC_COM_PERMISSION '3','s001';
2018-06-05 00:40:09 EXEC SPC_COM_MENU '3';
2018-06-05 00:40:09 EXEC SPC_S001_FND1
2018-06-05 00:40:10 EXEC SPC_COM_MENU '3';
2018-06-05 00:40:10 EXEC SPC_S001_LST1 '3';
2018-06-05 00:40:19 EXEC SPC_COM_MENU '3';
2018-06-05 00:40:19 EXEC SPC_S001_ACT1 '3','<row screen_id="g001" remark="" access_per="1" menu_per="1" add_per="1" edit_per="1" delete_per="1" report_per="0" /><row screen_id="g003" remark="" access_per="1" menu_per="1" add_per="1" edit_per="0" delete_per="0" report_per="0" /><row screen_id="g004" remark="" access_per="1" menu_per="1" add_per="1" edit_per="1" delete_per="1" report_per="0" /><row screen_id="m003" remark="" access_per="1" menu_per="1" add_per="1" edit_per="1" delete_per="1" report_per="1" /><row screen_id="m004" remark="" access_per="1" menu_per="1" add_per="0" edit_per="1" delete_per="1" report_per="1" /><row screen_id="s001" remark="" access_per="1" menu_per="1" add_per="0" edit_per="1" delete_per="0" report_per="0" /><row screen_id="s002" remark="" access_per="1" menu_per="1" add_per="0" edit_per="1" delete_per="0" report_per="0" /><row screen_id="s003" remark="" access_per="1" menu_per="1" add_per="0" edit_per="1" delete_per="0" report_per="0" />','quy','127.0.0.1';
2018-06-05 00:40:20 EXEC SPC_COM_PERMISSION '3','s001';
2018-06-05 00:40:21 EXEC SPC_COM_MENU '3';
2018-06-05 00:40:21 EXEC SPC_S001_FND1
2018-06-05 00:40:21 EXEC SPC_COM_MENU '3';
2018-06-05 00:40:21 EXEC SPC_S001_LST1 '3';
2018-06-05 00:40:32 EXEC SPC_COM_MENU '3';
2018-06-05 00:40:32 EXEC SPC_S001_ACT1 '3','<row screen_id="g001" remark="" access_per="1" menu_per="1" add_per="1" edit_per="1" delete_per="1" report_per="0" /><row screen_id="g003" remark="" access_per="1" menu_per="1" add_per="1" edit_per="1" delete_per="1" report_per="0" /><row screen_id="g004" remark="" access_per="1" menu_per="1" add_per="1" edit_per="1" delete_per="1" report_per="0" /><row screen_id="m003" remark="" access_per="1" menu_per="1" add_per="1" edit_per="1" delete_per="1" report_per="1" /><row screen_id="m004" remark="" access_per="1" menu_per="1" add_per="0" edit_per="1" delete_per="1" report_per="1" /><row screen_id="s001" remark="" access_per="1" menu_per="1" add_per="0" edit_per="1" delete_per="0" report_per="0" /><row screen_id="s002" remark="" access_per="1" menu_per="1" add_per="0" edit_per="1" delete_per="0" report_per="0" /><row screen_id="s003" remark="" access_per="1" menu_per="1" add_per="0" edit_per="1" delete_per="0" report_per="0" />','quy','127.0.0.1';
2018-06-05 00:40:33 EXEC SPC_COM_PERMISSION '3','s001';
2018-06-05 00:40:33 EXEC SPC_COM_MENU '3';
2018-06-05 00:40:33 EXEC SPC_S001_FND1
2018-06-05 00:40:34 EXEC SPC_COM_MENU '3';
2018-06-05 00:40:34 EXEC SPC_S001_LST1 '3';
2018-06-05 00:40:40 EXEC SPC_COM_PERMISSION '3','g004';
2018-06-05 00:40:40 EXEC SPC_COM_MENU '3';
2018-06-05 00:41:59 EXEC SPC_COM_PERMISSION '3','g003';
2018-06-05 00:41:59 EXEC SPC_COM_MENU '3';
2018-06-05 00:42:32 EXEC SPC_COM_PERMISSION '3','g004';
2018-06-05 00:42:32 EXEC SPC_COM_MENU '3';
2018-06-05 00:44:51 EXEC SPC_COM_MENU '3';
2018-06-05 00:44:53 EXEC SPC_COM_MENU '3';
2018-06-05 00:44:54 EXEC SPC_COM_MENU '3';
2018-06-05 00:46:00 EXEC SPC_COM_MENU '3';
2018-06-05 00:46:01 EXEC SPC_COM_MENU '3';
2018-06-05 00:46:16 EXEC SPC_COM_MENU '3';
2018-06-05 00:46:17 EXEC SPC_COM_MENU '3';
2018-06-05 00:46:21 EXEC SPC_COM_MENU '3';
2018-06-05 00:47:44 EXEC SPC_COM_MENU '3';
2018-06-05 00:49:08 EXEC SPC_COM_MENU '3';
2018-06-05 00:51:15 EXEC SPC_COM_MENU '3';
2018-06-05 00:56:52 EXEC SPC_COM_PERMISSION '3','g001';
2018-06-05 00:56:52 EXEC SPC_COM_MENU '3';
2018-06-05 00:57:08 EXEC SPC_COM_PERMISSION '3','g003';
2018-06-05 00:57:08 EXEC SPC_COM_MENU '3';
2018-06-05 00:57:10 EXEC SPC_COM_PERMISSION '3','g004';
2018-06-05 00:57:10 EXEC SPC_COM_MENU '3';
2018-06-05 00:57:40 EXEC SPC_COM_PERMISSION '3','s003';
2018-06-05 00:57:40 EXEC SPC_COM_MENU '3';
2018-06-05 00:57:40 EXEC SPC_S003_FND1
2018-06-05 01:03:11 EXEC SPC_COM_PERMISSION '3','m002';
2018-06-05 01:03:11 EXEC SPC_COM_PERMISSION '3','s003';
2018-06-05 01:03:11 EXEC SPC_COM_PERMISSION '3','s003';
2018-06-05 01:03:11 EXEC SPC_COM_MENU '3';
2018-06-05 01:03:11 EXEC SPC_S003_FND1
2018-06-05 01:03:22 EXEC SPC_COM_PERMISSION '3','g004';
2018-06-05 01:03:22 EXEC SPC_COM_MENU '3';
2018-06-05 01:03:22 EXEC SPC_COM_M999_INQ1 '7';
2018-06-05 01:09:22 EXEC SPC_COM_PERMISSION '3','g004';
2018-06-05 01:09:22 EXEC SPC_COM_MENU '3';
2018-06-05 01:09:22 EXEC SPC_COM_M999_INQ1 '7';
2018-06-05 01:15:51 EXEC SPC_COM_PERMISSION '3','g004';
2018-06-05 01:15:51 EXEC SPC_COM_MENU '3';
2018-06-05 01:15:51 EXEC SPC_COM_M999_INQ1 '7';
2018-06-05 01:16:00 EXEC SPC_COM_PERMISSION '3','g004';
2018-06-05 01:16:00 EXEC SPC_COM_MENU '3';
2018-06-05 01:16:00 EXEC SPC_COM_M999_INQ1 '7';
2018-06-05 01:17:08 EXEC SPC_COM_PERMISSION '3','g004';
2018-06-05 01:17:08 EXEC SPC_COM_MENU '3';
2018-06-05 01:17:08 EXEC SPC_COM_M999_INQ1 '7';
2018-06-05 01:17:14 EXEC SPC_COM_PERMISSION '3','s001';
2018-06-05 01:17:14 EXEC SPC_COM_MENU '3';
2018-06-05 01:17:14 EXEC SPC_S001_FND1
2018-06-05 01:17:15 EXEC SPC_COM_MENU '3';
2018-06-05 01:17:15 EXEC SPC_S001_LST1 '3';
2018-06-05 01:17:20 EXEC SPC_COM_MENU '3';
2018-06-05 01:17:20 EXEC SPC_S001_LST1 '';
2018-06-05 01:17:22 EXEC SPC_COM_MENU '3';
2018-06-05 01:17:22 EXEC SPC_S001_LST1 '1';
2018-06-05 01:18:00 EXEC SPC_COM_PERMISSION '3','g004';
2018-06-05 01:18:00 EXEC SPC_COM_MENU '3';
2018-06-05 01:18:00 EXEC SPC_COM_M999_INQ1 '7';
2018-06-05 01:23:31 EXEC SPC_COM_PERMISSION '3','g004';
2018-06-05 01:23:31 EXEC SPC_COM_MENU '3';
2018-06-05 01:23:31 EXEC SPC_COM_M999_INQ1 '7';
2018-06-05 01:23:32 EXEC SPC_COM_PERMISSION '3','g003';
2018-06-05 01:23:32 EXEC SPC_COM_MENU '3';
2018-06-05 01:23:40 EXEC SPC_COM_PERMISSION '3','g004';
2018-06-05 01:23:41 EXEC SPC_COM_MENU '3';
2018-06-05 01:23:41 EXEC SPC_COM_M999_INQ1 '7';
2018-06-05 01:30:36 EXEC SPC_COM_PERMISSION '3','g004';
2018-06-05 01:30:36 EXEC SPC_COM_MENU '3';
2018-06-05 01:30:36 EXEC SPC_COM_M999_INQ1 '7';
2018-06-05 01:30:39 EXEC SPC_COM_MENU '3';
2018-06-05 01:30:44 EXEC SPC_COM_PERMISSION '3','g004';
2018-06-05 01:30:44 EXEC SPC_COM_MENU '3';
2018-06-05 01:30:44 EXEC SPC_COM_M999_INQ1 '7';
2018-06-05 01:30:54 EXEC SPC_COM_PERMISSION '3','g004';
2018-06-05 01:30:54 EXEC SPC_COM_MENU '3';
2018-06-05 01:30:54 EXEC SPC_COM_M999_INQ1 '7';
2018-06-05 01:30:58 EXEC SPC_COM_MENU '3';
2018-06-05 01:31:00 EXEC SPC_COM_PERMISSION '3','g004';
2018-06-05 01:31:00 EXEC SPC_COM_MENU '3';
2018-06-05 01:31:00 EXEC SPC_COM_M999_INQ1 '7';
2018-06-05 01:31:59 EXEC SPC_COM_PERMISSION '3','g004';
2018-06-05 01:31:59 EXEC SPC_COM_MENU '3';
2018-06-05 01:31:59 EXEC SPC_COM_M999_INQ1 '7';
2018-06-05 01:32:02 EXEC SPC_COM_MENU '3';
2018-06-05 01:32:05 EXEC SPC_COM_PERMISSION '3','g004';
2018-06-05 01:32:05 EXEC SPC_COM_MENU '3';
2018-06-05 01:32:05 EXEC SPC_COM_M999_INQ1 '7';
2018-06-05 01:32:54 EXEC SPC_COM_PERMISSION '3','g004';
2018-06-05 01:32:54 EXEC SPC_COM_MENU '3';
2018-06-05 01:32:54 EXEC SPC_COM_M999_INQ1 '7';
2018-06-05 01:32:56 EXEC SPC_COM_MENU '3';
2018-06-05 01:32:56 EXEC SPC_G004_ACT1 'quy','127.0.0.1';
2018-06-05 01:32:56 SQLSTATE[42000]: [Microsoft][ODBC Driver 13 for SQL Server][SQL Server]ストアド プロシージャ 'SPC_G004_ACT1' が見つかりませんでした。
2018-06-05 01:33:05 EXEC SPC_COM_MENU '3';
2018-06-05 01:33:05 EXEC SPC_G004_ACT1 'quy','127.0.0.1';
2018-06-05 01:33:05 SQLSTATE[42000]: [Microsoft][ODBC Driver 13 for SQL Server][SQL Server]ストアド プロシージャ 'SPC_G004_ACT1' が見つかりませんでした。
2018-06-05 01:34:15 EXEC SPC_COM_PERMISSION '3','g004';
2018-06-05 01:34:15 EXEC SPC_COM_MENU '3';
2018-06-05 01:34:15 EXEC SPC_COM_M999_INQ1 '7';
2018-06-05 01:34:16 EXEC SPC_COM_MENU '3';
2018-06-05 02:05:10 EXEC SPC_COM_PERMISSION '3','g003';
2018-06-05 02:05:10 EXEC SPC_COM_MENU '3';
2018-06-05 02:05:13 EXEC SPC_COM_PERMISSION '3','g004';
2018-06-05 02:05:13 EXEC SPC_COM_MENU '3';
2018-06-05 02:05:13 EXEC SPC_COM_M999_INQ1 '7';
2018-06-05 02:44:57 EXEC SPC_COM_PERMISSION '3','s003';
2018-06-05 02:44:57 EXEC SPC_COM_MENU '3';
2018-06-05 02:44:58 EXEC SPC_S003_FND1
2018-06-05 02:58:50 EXEC SPC_COM_PERMISSION '3','g004';
2018-06-05 02:58:50 EXEC SPC_COM_MENU '3';
2018-06-05 02:58:50 EXEC SPC_COM_M999_INQ1 '7';
2018-06-05 02:59:03 EXEC SPC_COM_PERMISSION '3','g004';
2018-06-05 02:59:03 EXEC SPC_COM_MENU '3';
2018-06-05 02:59:03 EXEC SPC_COM_M999_INQ1 '7';
2018-06-05 03:02:18 EXEC SPC_COM_PERMISSION '3','g004';
2018-06-05 03:02:19 EXEC SPC_COM_MENU '3';
2018-06-05 03:02:19 EXEC SPC_COM_M999_INQ1 '7';
2018-06-05 03:02:49 EXEC SPC_COM_PERMISSION '3','g004';
2018-06-05 03:02:49 EXEC SPC_COM_MENU '3';
2018-06-05 03:02:49 EXEC SPC_COM_M999_INQ1 '7';
2018-06-05 03:03:03 EXEC SPC_COM_PERMISSION '3','g004';
2018-06-05 03:03:03 EXEC SPC_COM_MENU '3';
2018-06-05 03:03:03 EXEC SPC_COM_M999_INQ1 '7';
2018-06-05 03:03:54 EXEC SPC_COM_PERMISSION '3','g004';
2018-06-05 03:03:54 EXEC SPC_COM_MENU '3';
2018-06-05 03:03:54 EXEC SPC_COM_M999_INQ1 '7';
2018-06-05 03:04:15 EXEC SPC_COM_PERMISSION '3','g004';
2018-06-05 03:04:15 EXEC SPC_COM_MENU '3';
2018-06-05 03:04:15 EXEC SPC_COM_M999_INQ1 '7';
2018-06-05 03:04:54 EXEC SPC_COM_PERMISSION '3','g004';
2018-06-05 03:04:54 EXEC SPC_COM_MENU '3';
2018-06-05 03:04:54 EXEC SPC_COM_M999_INQ1 '7';
2018-06-05 04:06:33 EXEC SPC_COM_PERMISSION '3','g004';
2018-06-05 04:06:33 EXEC SPC_COM_MENU '3';
2018-06-05 04:06:33 EXEC SPC_COM_M999_INQ1 '7';
2018-06-05 04:11:46 EXEC SPC_COM_PERMISSION '3','g004';
2018-06-05 04:11:46 EXEC SPC_COM_MENU '3';
2018-06-05 04:11:46 EXEC SPC_COM_M999_INQ1 '7';
2018-06-05 04:14:11 EXEC SPC_COM_PERMISSION '3','g004';
2018-06-05 04:14:11 EXEC SPC_COM_MENU '3';
2018-06-05 04:14:11 EXEC SPC_COM_M999_INQ1 '7';
2018-06-05 04:14:24 EXEC SPC_COM_PERMISSION '3','g004';
2018-06-05 04:14:24 EXEC SPC_COM_MENU '3';
2018-06-05 04:14:24 EXEC SPC_COM_M999_INQ1 '7';
2018-06-05 04:16:14 EXEC SPC_COM_PERMISSION '3','g004';
2018-06-05 04:16:14 EXEC SPC_COM_MENU '3';
2018-06-05 04:16:14 EXEC SPC_COM_M999_INQ1 '7';
2018-06-05 04:16:23 EXEC SPC_COM_PERMISSION '3','g004';
2018-06-05 04:16:23 EXEC SPC_COM_MENU '3';
2018-06-05 04:16:23 EXEC SPC_COM_M999_INQ1 '7';
2018-06-05 04:16:39 EXEC SPC_COM_PERMISSION '3','g004';
2018-06-05 04:16:39 EXEC SPC_COM_MENU '3';
2018-06-05 04:16:39 EXEC SPC_COM_M999_INQ1 '7';
2018-06-05 04:16:48 EXEC SPC_COM_PERMISSION '3','g004';
2018-06-05 04:16:48 EXEC SPC_COM_MENU '3';
2018-06-05 04:16:48 EXEC SPC_COM_M999_INQ1 '7';
2018-06-05 04:17:44 EXEC SPC_COM_PERMISSION '3','g004';
2018-06-05 04:17:44 EXEC SPC_COM_MENU '3';
2018-06-05 04:17:44 EXEC SPC_COM_M999_INQ1 '7';
2018-06-05 04:19:51 EXEC SPC_COM_PERMISSION '3','g004';
2018-06-05 04:19:51 EXEC SPC_COM_MENU '3';
2018-06-05 04:19:51 EXEC SPC_COM_M999_INQ1 '7';
2018-06-05 04:20:40 EXEC SPC_COM_PERMISSION '3','g004';
2018-06-05 04:20:40 EXEC SPC_COM_MENU '3';
2018-06-05 04:20:40 EXEC SPC_COM_M999_INQ1 '7';
2018-06-05 04:21:18 EXEC SPC_COM_PERMISSION '3','g004';
2018-06-05 04:21:18 EXEC SPC_COM_MENU '3';
2018-06-05 04:21:18 EXEC SPC_COM_M999_INQ1 '7';
2018-06-05 04:46:26 EXEC SPC_COM_PERMISSION '3','g004';
2018-06-05 04:46:26 EXEC SPC_COM_MENU '3';
2018-06-05 04:46:26 EXEC SPC_COM_M999_INQ1 '7';
2018-06-05 04:46:29 EXEC SPC_COM_MENU '3';
2018-06-05 04:46:29 EXEC SPC_COM_G004_LST1 '';
2018-06-05 04:46:29 SQLSTATE[42000]: [Microsoft][ODBC Driver 13 for SQL Server][SQL Server]ストアド プロシージャ 'SPC_COM_G004_LST1' が見つかりませんでした。
2018-06-05 04:47:33 EXEC SPC_COM_PERMISSION '3','g004';
2018-06-05 04:47:33 EXEC SPC_COM_MENU '3';
2018-06-05 04:47:33 EXEC SPC_COM_M999_INQ1 '7';
2018-06-05 04:47:36 EXEC SPC_COM_MENU '3';
2018-06-05 04:47:36 EXEC SPC_G004_LST1 '';
2018-06-05 04:48:46 EXEC SPC_COM_PERMISSION '3','g004';
2018-06-05 04:48:46 EXEC SPC_COM_MENU '3';
2018-06-05 04:48:46 EXEC SPC_COM_M999_INQ1 '7';
2018-06-05 04:48:48 EXEC SPC_COM_MENU '3';
2018-06-05 04:48:48 EXEC SPC_G004_LST1 '';
2018-06-05 04:57:39 EXEC SPC_COM_PERMISSION '3','g004';
2018-06-05 04:57:39 EXEC SPC_COM_MENU '3';
2018-06-05 04:57:39 EXEC SPC_COM_M999_INQ1 '7';
2018-06-05 04:58:10 EXEC SPC_COM_PERMISSION '3','g004';
2018-06-05 04:58:10 EXEC SPC_COM_MENU '3';
2018-06-05 04:58:10 EXEC SPC_COM_M999_INQ1 '7';
2018-06-05 04:58:32 EXEC SPC_COM_PERMISSION '3','g004';
2018-06-05 04:58:32 EXEC SPC_COM_MENU '3';
2018-06-05 04:58:32 EXEC SPC_COM_M999_INQ1 '7';
2018-06-05 04:58:35 EXEC SPC_COM_MENU '3';
2018-06-05 04:58:35 EXEC SPC_G004_LST1 '';
2018-06-05 04:59:07 EXEC SPC_COM_PERMISSION '3','g004';
2018-06-05 04:59:07 EXEC SPC_COM_MENU '3';
2018-06-05 04:59:07 EXEC SPC_COM_M999_INQ1 '7';
2018-06-05 04:59:09 EXEC SPC_COM_MENU '3';
2018-06-05 04:59:09 EXEC SPC_G004_LST1 '';
2018-06-05 05:02:07 EXEC SPC_COM_PERMISSION '3','g004';
2018-06-05 05:02:07 EXEC SPC_COM_MENU '3';
2018-06-05 05:02:07 EXEC SPC_COM_M999_INQ1 '7';
2018-06-05 05:02:10 EXEC SPC_COM_MENU '3';
2018-06-05 05:02:10 EXEC SPC_G004_LST1 '';
2018-06-05 05:02:40 EXEC SPC_COM_PERMISSION '3','g004';
2018-06-05 05:02:40 EXEC SPC_COM_MENU '3';
2018-06-05 05:02:40 EXEC SPC_COM_M999_INQ1 '7';
2018-06-05 05:02:42 EXEC SPC_COM_MENU '3';
2018-06-05 05:02:42 EXEC SPC_G004_LST1 '';
2018-06-05 05:02:46 EXEC SPC_COM_MENU '3';
2018-06-05 05:02:46 EXEC SPC_G004_LST1
2018-06-05 05:02:57 EXEC SPC_COM_MENU '3';
2018-06-05 05:02:57 EXEC SPC_G004_LST1 '';
2018-06-05 05:03:14 EXEC SPC_COM_PERMISSION '3','g004';
2018-06-05 05:03:14 EXEC SPC_COM_MENU '3';
2018-06-05 05:03:14 EXEC SPC_COM_M999_INQ1 '7';
2018-06-05 05:03:16 EXEC SPC_COM_MENU '3';
2018-06-05 05:03:16 EXEC SPC_G004_LST1 '';
2018-06-05 05:03:20 EXEC SPC_COM_MENU '3';
2018-06-05 05:03:20 EXEC SPC_G004_LST1 '';
2018-06-05 05:03:22 EXEC SPC_COM_MENU '3';
2018-06-05 05:03:22 EXEC SPC_G004_LST1 '';
2018-06-05 05:03:25 EXEC SPC_COM_MENU '3';
2018-06-05 05:03:25 EXEC SPC_G004_LST1
2018-06-05 05:05:38 EXEC SPC_COM_MENU '3';
2018-06-05 05:05:38 EXEC SPC_G004_LST1 '';
2018-06-05 05:11:53 EXEC SPC_COM_MENU '3';
2018-06-05 05:11:53 EXEC SPC_G004_LST1 '';
2018-06-05 05:11:59 EXEC SPC_COM_MENU '3';
2018-06-05 05:11:59 EXEC SPC_G004_LST1 '';
2018-06-05 05:12:05 EXEC SPC_COM_MENU '3';
2018-06-05 05:12:05 EXEC SPC_G004_LST1 '';
2018-06-05 05:12:23 EXEC SPC_COM_MENU '3';
2018-06-05 05:12:23 EXEC SPC_G004_LST1 '';
2018-06-05 05:12:37 EXEC SPC_COM_MENU '3';
2018-06-05 05:12:37 EXEC SPC_G004_LST1 '';
2018-06-05 05:14:20 EXEC SPC_COM_PERMISSION '3','g004';
2018-06-05 05:14:20 EXEC SPC_COM_MENU '3';
2018-06-05 05:14:20 EXEC SPC_COM_M999_INQ1 '7';
2018-06-05 05:14:23 EXEC SPC_COM_MENU '3';
2018-06-05 05:14:23 EXEC SPC_G004_LST1 '1';
2018-06-05 05:14:50 EXEC SPC_COM_PERMISSION '3','g004';
2018-06-05 05:14:50 EXEC SPC_COM_MENU '3';
2018-06-05 05:14:50 EXEC SPC_COM_M999_INQ1 '7';
2018-06-05 05:14:52 EXEC SPC_COM_MENU '3';
2018-06-05 05:16:31 EXEC SPC_COM_MENU '3';
2018-06-05 05:16:31 EXEC SPC_G004_LST1 '2';
2018-06-05 05:16:34 EXEC SPC_COM_MENU '3';
2018-06-05 05:16:34 EXEC SPC_G004_LST1 '1';
2018-06-05 05:18:07 EXEC SPC_COM_PERMISSION '3','g004';
2018-06-05 05:18:07 EXEC SPC_COM_MENU '3';
2018-06-05 05:18:07 EXEC SPC_COM_M999_INQ1 '7';
2018-06-05 05:18:09 EXEC SPC_COM_MENU '3';
2018-06-05 05:18:09 EXEC SPC_G004_LST1 '1';
2018-06-05 05:18:34 EXEC SPC_COM_PERMISSION '3','g004';
2018-06-05 05:18:34 EXEC SPC_COM_MENU '3';
2018-06-05 05:18:34 EXEC SPC_COM_M999_INQ1 '7';
2018-06-05 05:18:37 EXEC SPC_COM_MENU '3';
2018-06-05 05:18:37 EXEC SPC_G004_LST1 '1';
2018-06-05 05:19:07 EXEC SPC_COM_MENU '3';
2018-06-05 05:19:07 EXEC SPC_G004_LST1 '3';
2018-06-05 05:19:13 EXEC SPC_COM_MENU '3';
2018-06-05 05:19:13 EXEC SPC_G004_LST1 '5';
2018-06-05 05:19:58 EXEC SPC_COM_PERMISSION '3','g004';
2018-06-05 05:19:58 EXEC SPC_COM_MENU '3';
2018-06-05 05:19:58 EXEC SPC_COM_M999_INQ1 '7';
2018-06-05 05:20:02 EXEC SPC_COM_MENU '3';
2018-06-05 05:20:02 EXEC SPC_G004_LST1 '1';
2018-06-05 05:20:22 EXEC SPC_COM_MENU '3';
2018-06-05 05:20:22 EXEC SPC_G004_ACT1 '1','kakakakaka','quy','127.0.0.1';
2018-06-05 05:20:22 SQLSTATE[42000]: [Microsoft][ODBC Driver 13 for SQL Server][SQL Server]ストアド プロシージャ 'SPC_G004_ACT1' が見つかりませんでした。
2018-06-05 05:21:05 EXEC SPC_COM_MENU '3';
2018-06-05 05:21:05 EXEC SPC_G004_ACT1 '1','kakakakaka','quy','127.0.0.1';
2018-06-05 05:21:13 EXEC SPC_COM_MENU '3';
2018-06-05 05:21:13 EXEC SPC_G004_LST1 '3';
2018-06-05 05:21:16 EXEC SPC_COM_MENU '3';
2018-06-05 05:21:16 EXEC SPC_G004_LST1 '1';
2018-06-05 05:24:50 EXEC SPC_COM_PERMISSION '3','g004';
2018-06-05 05:24:50 EXEC SPC_COM_MENU '3';
2018-06-05 05:24:50 EXEC SPC_COM_M999_INQ1 '7';
2018-06-05 05:24:55 EXEC SPC_COM_MENU '3';
2018-06-05 05:24:55 EXEC SPC_G004_LST1 '1';
2018-06-05 05:25:31 EXEC SPC_COM_PERMISSION '3','g004';
2018-06-05 05:25:31 EXEC SPC_COM_MENU '3';
2018-06-05 05:25:31 EXEC SPC_COM_M999_INQ1 '7';
2018-06-05 05:25:35 EXEC SPC_COM_MENU '3';
2018-06-05 05:25:35 EXEC SPC_G004_LST1 '1';
2018-06-05 05:25:39 EXEC SPC_COM_MENU '3';
2018-06-05 05:25:39 EXEC SPC_G004_ACT1 '1','ádad','quy','127.0.0.1';
2018-06-05 05:27:26 EXEC SPC_COM_MENU '3';
2018-06-05 05:27:27 EXEC SPC_G004_ACT1 '1','ádad','quy','127.0.0.1';
2018-06-05 05:27:32 EXEC SPC_COM_PERMISSION '3','g004';
2018-06-05 05:27:32 EXEC SPC_COM_MENU '3';
2018-06-05 05:27:32 EXEC SPC_COM_M999_INQ1 '7';
2018-06-05 05:29:30 EXEC SPC_COM_PERMISSION '3','g004';
2018-06-05 05:29:30 EXEC SPC_COM_MENU '3';
2018-06-05 05:29:30 EXEC SPC_COM_M999_INQ1 '7';
2018-06-05 05:29:38 EXEC SPC_COM_MENU '3';
2018-06-05 05:29:38 EXEC SPC_G004_LST1 '1';
2018-06-05 05:29:49 EXEC SPC_COM_MENU '3';
2018-06-05 05:29:49 EXEC SPC_G004_ACT1 '1','không ăn cơm','quy','127.0.0.1';
2018-06-05 05:30:50 EXEC SPC_COM_PERMISSION '3','g004';
2018-06-05 05:30:50 EXEC SPC_COM_MENU '3';
2018-06-05 05:30:50 EXEC SPC_COM_M999_INQ1 '7';
2018-06-05 05:30:55 EXEC SPC_COM_MENU '3';
2018-06-05 05:30:55 EXEC SPC_G004_LST1 '2';
2018-06-05 05:31:12 EXEC SPC_COM_MENU '3';
2018-06-05 05:31:12 EXEC SPC_G004_ACT1 '2','ăn quả nhớ kẻ trồng cây','quy','127.0.0.1';
2018-06-05 05:31:24 EXEC SPC_COM_MENU '3';
2018-06-05 05:31:24 EXEC SPC_G004_LST1 '3';
2018-06-05 05:33:23 EXEC SPC_COM_MENU '3';
2018-06-05 05:33:23 EXEC SPC_G004_ACT1 '3','ăn cơm nhớ kẻ nấu cơm','quy','127.0.0.1';
2018-06-05 05:37:47 EXEC SPC_COM_PERMISSION '3','g003';
2018-06-05 05:37:47 EXEC SPC_COM_MENU '3';
2018-06-05 05:37:50 EXEC SPC_COM_PERMISSION '3','g004';
2018-06-05 05:37:50 EXEC SPC_COM_MENU '3';
2018-06-05 05:37:50 EXEC SPC_COM_M999_INQ1 '7';
2018-06-05 05:38:25 EXEC SPC_COM_PERMISSION '3','g004';
2018-06-05 05:38:25 EXEC SPC_COM_MENU '3';
2018-06-05 05:38:25 EXEC SPC_COM_M999_INQ1 '7';
2018-06-05 05:38:29 EXEC SPC_COM_MENU '3';
2018-06-05 05:38:29 EXEC SPC_G004_LST1 '3';
2018-06-05 05:38:58 EXEC SPC_COM_MENU '3';
2018-06-05 05:38:58 EXEC SPC_G004_ACT1 '3','ăn xong chùi mép','quy','127.0.0.1';
2018-06-05 05:39:59 EXEC SPC_COM_PERMISSION '3','m003';
2018-06-05 05:39:59 EXEC SPC_COM_MENU '3';
2018-06-05 05:39:59 EXEC SPC_M003_FND1
2018-06-05 05:40:01 EXEC SPC_COM_PERMISSION '3','m002';
2018-06-05 05:40:01 EXEC SPC_COM_PERMISSION '3','m003';
2018-06-05 05:40:01 EXEC SPC_COM_PERMISSION '3','m003';
2018-06-05 05:40:01 EXEC SPC_COM_MENU '3';
2018-06-05 05:40:01 EXEC SPC_M003_FND1
2018-06-05 05:40:09 EXEC SPC_COM_PERMISSION '3','s003';
2018-06-05 05:40:09 EXEC SPC_COM_MENU '3';
2018-06-05 05:40:09 EXEC SPC_S003_FND1
2018-06-05 05:40:19 EXEC SPC_COM_PERMISSION '3','m003';
2018-06-05 05:40:19 EXEC SPC_COM_MENU '3';
2018-06-05 05:40:19 EXEC SPC_M003_FND1
2018-06-05 05:40:24 EXEC SPC_COM_PERMISSION '3','g004';
2018-06-05 05:40:24 EXEC SPC_COM_MENU '3';
2018-06-05 05:40:24 EXEC SPC_COM_M999_INQ1 '7';
2018-06-05 05:40:55 EXEC SPC_COM_PERMISSION '3','g004';
2018-06-05 05:40:55 EXEC SPC_COM_MENU '3';
2018-06-05 05:40:55 EXEC SPC_COM_M999_INQ1 '7';
2018-06-05 05:40:57 EXEC SPC_COM_MENU '3';
2018-06-05 05:41:20 EXEC SPC_COM_MENU '3';
2018-06-05 05:41:20 EXEC SPC_G004_LST1 '3';
2018-06-05 05:41:35 EXEC SPC_COM_MENU '3';
2018-06-05 05:41:35 EXEC SPC_G004_ACT1 '3','hjx hjx','quy','127.0.0.1';
2018-06-05 05:41:45 EXEC SPC_COM_PERMISSION '3','g006';
2018-06-05 05:41:45 EXEC SPC_COM_PERMISSION '3','g004';
2018-06-05 05:41:46 EXEC SPC_COM_PERMISSION '3','g004';
2018-06-05 05:41:46 EXEC SPC_COM_MENU '3';
2018-06-05 05:41:46 EXEC SPC_COM_M999_INQ1 '7';
2018-06-05 05:43:59 EXEC SPC_COM_MENU '3';
2018-06-05 05:43:59 EXEC SPC_G004_ACT2 '<row id="CAT-10" />','quy','127.0.0.1';
2018-06-05 05:44:13 EXEC SPC_COM_MENU '3';
2018-06-05 05:44:13 EXEC SPC_G004_LST1 '2';
2018-06-05 05:44:15 EXEC SPC_COM_MENU '3';
2018-06-05 05:44:15 EXEC SPC_G004_LST1 '3';
2018-06-05 05:44:22 EXEC SPC_COM_MENU '3';
2018-06-05 05:44:22 EXEC SPC_G004_LST1 '1';
2018-06-05 05:44:27 EXEC SPC_COM_PERMISSION '3','g004';
2018-06-05 05:44:27 EXEC SPC_COM_MENU '3';
2018-06-05 05:44:27 EXEC SPC_COM_M999_INQ1 '7';
2018-06-05 05:46:38 EXEC SPC_COM_PERMISSION '3','g004';
2018-06-05 05:46:38 EXEC SPC_COM_MENU '3';
2018-06-05 05:46:38 EXEC SPC_COM_M999_INQ1 '7';
2018-06-05 05:46:40 EXEC SPC_COM_MENU '3';
2018-06-05 05:46:40 EXEC SPC_G004_LST1 '1';
2018-06-05 05:46:43 EXEC SPC_COM_MENU '3';
2018-06-05 05:46:52 EXEC SPC_COM_MENU '3';
2018-06-05 05:47:05 EXEC SPC_COM_PERMISSION '3','g004';
2018-06-05 05:47:05 EXEC SPC_COM_MENU '3';
2018-06-05 05:47:05 EXEC SPC_COM_M999_INQ1 '7';
2018-06-05 05:47:07 EXEC SPC_COM_MENU '3';
2018-06-05 05:47:07 EXEC SPC_G004_LST1 '1';
2018-06-05 05:47:19 EXEC SPC_COM_MENU '3';
2018-06-05 05:47:19 EXEC SPC_G004_ACT1 '1','hoa rơi','quy','127.0.0.1';
2018-06-05 05:47:29 EXEC SPC_COM_MENU '3';
2018-06-05 05:47:29 EXEC SPC_G004_ACT2 '<row id="CAT-11" />','quy','127.0.0.1';
2018-06-05 05:47:31 EXEC SPC_COM_MENU '3';
2018-06-05 05:47:31 EXEC SPC_G004_LST1 '1';
2018-06-05 08:09:49 EXEC SPC_COM_MENU '3';
2018-06-05 08:19:36 EXEC SPC_COM_PERMISSION '3','g003';
2018-06-05 08:19:36 EXEC SPC_COM_MENU '3';
2018-06-05 08:19:36 EXEC SPC_COM_PERMISSION '3','g003';
2018-06-05 08:19:36 EXEC SPC_COM_MENU '3';
2018-06-05 08:25:31 EXEC SPC_COM_PERMISSION '3','s002';
2018-06-05 08:25:31 EXEC SPC_COM_MENU '3';
2018-06-05 08:25:31 EXEC SPC_S002_FND1
2018-06-05 08:26:18 EXEC SPC_COM_PERMISSION '3','s002';
2018-06-05 08:26:18 EXEC SPC_COM_MENU '3';
2018-06-05 08:26:18 EXEC SPC_S002_FND1
2018-06-05 08:27:59 EXEC SPC_COM_MENU '3';
2018-06-05 08:27:59 EXEC SPC_S002_LST1 '','','','','10','1';
2018-06-05 08:28:03 EXEC SPC_COM_MENU '3';
2018-06-05 08:28:03 EXEC SPC_S002_LST1 '','','2','','10','1';
2018-06-05 08:31:37 EXEC SPC_COM_PERMISSION '3','g003';
2018-06-05 08:31:37 EXEC SPC_COM_MENU '3';
2018-06-05 08:31:37 EXEC SPC_COM_M999_INQ1 '7';
2018-06-05 08:50:26 EXEC SPC_COM_PERMISSION '3','g003';
2018-06-05 08:50:26 EXEC SPC_COM_MENU '3';
2018-06-05 08:50:26 EXEC SPC_COM_M999_INQ1 '7';
2018-06-05 08:51:39 EXEC SPC_COM_PERMISSION '3','g003';
2018-06-05 08:51:39 EXEC SPC_COM_MENU '3';
2018-06-05 08:51:39 EXEC SPC_COM_M999_INQ1 '7';
2018-06-05 09:44:05 EXEC SPC_COM_PERMISSION '3','g003';
2018-06-05 09:44:05 EXEC SPC_COM_MENU '3';
2018-06-05 09:44:05 EXEC SPC_COM_M999_INQ1 '7';
2018-06-05 09:44:15 EXEC SPC_COM_MENU '3';
2018-06-05 09:44:15 EXEC SPC_G003_LST1 '','','10','1';
2018-06-05 09:45:07 EXEC SPC_COM_PERMISSION '3','g003';
2018-06-05 09:45:07 EXEC SPC_COM_MENU '3';
2018-06-05 09:45:07 EXEC SPC_COM_M999_INQ1 '7';
2018-06-05 09:45:09 EXEC SPC_COM_MENU '3';
2018-06-05 09:45:09 EXEC SPC_G003_LST1 '','','10','1';
2018-06-05 09:45:52 EXEC SPC_COM_PERMISSION '3','g003';
2018-06-05 09:45:52 EXEC SPC_COM_MENU '3';
2018-06-05 09:45:52 EXEC SPC_COM_M999_INQ1 '7';
2018-06-05 09:45:55 EXEC SPC_COM_MENU '3';
2018-06-05 09:45:55 EXEC SPC_G003_LST1 '','','10','1';
2018-06-05 09:47:38 EXEC SPC_COM_PERMISSION '3','g003';
2018-06-05 09:47:38 EXEC SPC_COM_MENU '3';
2018-06-05 09:47:38 EXEC SPC_COM_M999_INQ1 '7';
2018-06-05 09:48:10 EXEC SPC_COM_PERMISSION '3','g003';
2018-06-05 09:48:10 EXEC SPC_COM_MENU '3';
2018-06-05 09:48:10 EXEC SPC_COM_M999_INQ1 '7';
2018-06-05 09:48:17 EXEC SPC_COM_MENU '3';
2018-06-05 09:48:17 EXEC SPC_G003_LST1 '','','10','1';
2018-06-05 09:48:24 EXEC SPC_COM_MENU '3';
2018-06-05 09:49:23 EXEC SPC_COM_PERMISSION '3','g003';
2018-06-05 09:49:23 EXEC SPC_COM_MENU '3';
2018-06-05 09:49:23 EXEC SPC_COM_M999_INQ1 '7';
2018-06-05 09:49:25 EXEC SPC_COM_MENU '3';
2018-06-05 09:49:25 EXEC SPC_G003_LST1 '','','10','1';
2018-06-05 09:49:27 EXEC SPC_COM_MENU '3';
2018-06-05 09:49:47 EXEC SPC_COM_PERMISSION '3','s002';
2018-06-05 09:49:47 EXEC SPC_COM_MENU '3';
2018-06-05 09:49:47 EXEC SPC_S002_FND1
2018-06-05 09:49:50 EXEC SPC_COM_MENU '3';
2018-06-05 09:49:50 EXEC SPC_S002_LST1 '','','','','10','1';
2018-06-05 09:49:53 EXEC SPC_COM_MENU '3';
2018-06-05 09:50:52 EXEC SPC_COM_PERMISSION '3','s002';
2018-06-05 09:50:52 EXEC SPC_COM_MENU '3';
2018-06-05 09:50:52 EXEC SPC_S002_FND1
2018-06-05 09:51:00 EXEC SPC_COM_MENU '3';
2018-06-05 09:51:00 EXEC SPC_S002_LST1 '','','','','10','1';
2018-06-05 09:51:13 EXEC SPC_COM_PERMISSION '3','g003';
2018-06-05 09:51:13 EXEC SPC_COM_MENU '3';
2018-06-05 09:51:13 EXEC SPC_COM_M999_INQ1 '7';
2018-06-05 09:51:15 EXEC SPC_COM_MENU '3';
2018-06-05 09:51:15 EXEC SPC_G003_LST1 '','','10','1';
2018-06-05 09:51:19 EXEC SPC_COM_MENU '3';
2018-06-05 09:51:39 EXEC SPC_COM_MENU '3';
2018-06-05 09:51:46 EXEC SPC_COM_MENU '3';
2018-06-05 09:54:57 EXEC SPC_COM_PERMISSION '3','g003';
2018-06-05 09:54:57 EXEC SPC_COM_MENU '3';
2018-06-05 09:54:57 EXEC SPC_COM_M999_INQ1 '7';
2018-06-05 09:54:58 EXEC SPC_COM_MENU '3';
2018-06-05 09:54:58 EXEC SPC_G003_LST1 '','','10','1';
2018-06-05 09:55:03 EXEC SPC_COM_MENU '3';
2018-06-05 09:55:03 EXEC SPC_G003_ACT2 '<row id="CAT-2" /><row id="CAT-4" />','quy','127.0.0.1';
2018-06-05 09:55:06 EXEC SPC_COM_MENU '3';
2018-06-05 09:55:06 EXEC SPC_G003_LST1 '','','10','1';
2018-06-05 10:01:26 EXEC SPC_COM_PERMISSION '3','g003';
2018-06-05 10:01:26 EXEC SPC_COM_MENU '3';
2018-06-05 10:01:26 EXEC SPC_COM_M999_INQ1 '7';
2018-06-05 10:01:27 EXEC SPC_COM_MENU '3';
2018-06-05 10:01:27 EXEC SPC_G003_LST1 '','','10','1';
2018-06-05 10:01:40 EXEC SPC_COM_MENU '3';
2018-06-05 10:01:54 EXEC SPC_COM_MENU '3';
2018-06-05 10:02:03 EXEC SPC_COM_MENU '3';
2018-06-05 10:02:06 EXEC SPC_COM_MENU '3';
2018-06-05 10:02:06 EXEC SPC_G003_ACT1 '<row catalogue_id="CAT-7" catalogue_div="9" catalogue_nm="ăn quả nhớ kẻ trồng cây" />','quy','127.0.0.1';
2018-06-05 10:02:07 EXEC SPC_COM_MENU '3';
2018-06-05 10:02:07 EXEC SPC_G003_LST1 '','','10','1';
2018-06-05 10:03:24 EXEC SPC_COM_PERMISSION '3','s002';
2018-06-05 10:03:24 EXEC SPC_COM_MENU '3';
2018-06-05 10:03:24 EXEC SPC_S002_FND1
2018-06-05 10:03:26 EXEC SPC_COM_MENU '3';
2018-06-05 10:03:26 EXEC SPC_S002_LST1 '','','','','10','1';
2018-06-05 10:03:38 EXEC SPC_COM_MENU '3';
2018-06-05 10:03:43 EXEC SPC_COM_MENU '3';
2018-06-05 10:03:50 EXEC SPC_COM_MENU '3';
2018-06-05 10:03:50 EXEC SPC_S002_ACT1 '<row account_id="ACC-3" account_nm="Khoai" employee_id="EMP-56" system_div="1" account_div="5" remark="" /><row account_id="ACC-4" account_nm="TL809" employee_id="EMP-72" system_div="1" account_div="4" remark="ok fine" />','quy','127.0.0.1';
2018-06-05 10:03:51 EXEC SPC_COM_MENU '3';
2018-06-05 10:03:51 EXEC SPC_S002_LST1 '','','','','10','1';
2018-06-05 10:05:01 EXEC SPC_COM_PERMISSION '3','g003';
2018-06-05 10:05:01 EXEC SPC_COM_MENU '3';
2018-06-05 10:05:01 EXEC SPC_COM_M999_INQ1 '7';
2018-06-05 10:05:03 EXEC SPC_COM_MENU '3';
2018-06-05 10:05:03 EXEC SPC_G003_LST1 '','','10','1';
2018-06-05 10:07:44 EXEC SPC_COM_PERMISSION '3','g003';
2018-06-05 10:07:44 EXEC SPC_COM_MENU '3';
2018-06-05 10:07:44 EXEC SPC_COM_M999_INQ1 '7';
2018-06-05 10:07:45 EXEC SPC_COM_MENU '3';
2018-06-05 10:07:45 EXEC SPC_G003_LST1 '','','10','1';
2018-06-05 10:08:15 EXEC SPC_COM_MENU '3';
2018-06-05 10:08:26 EXEC SPC_COM_MENU '3';
2018-06-05 10:08:32 EXEC SPC_COM_MENU '3';
2018-06-05 10:08:35 EXEC SPC_COM_MENU '3';
2018-06-05 10:08:35 EXEC SPC_G003_ACT1 '<row catalogue_id="CAT-5" catalogue_div="1" catalogue_nm="Quý Nguyễn" /><row catalogue_id="CAT-9" catalogue_div="5" catalogue_nm="ăn xong chùi mép" /><row catalogue_id="CAT-6" catalogue_div="4" catalogue_nm="không ăn cơm" />','quy','127.0.0.1';
2018-06-05 10:08:36 EXEC SPC_COM_MENU '3';
2018-06-05 10:08:36 EXEC SPC_G003_LST1 '','','10','1';
2018-06-05 10:08:41 EXEC SPC_COM_PERMISSION '3','g003';
2018-06-05 10:08:41 EXEC SPC_COM_MENU '3';
2018-06-05 10:08:41 EXEC SPC_COM_M999_INQ1 '7';
2018-06-05 10:08:43 EXEC SPC_COM_MENU '3';
2018-06-05 10:08:43 EXEC SPC_G003_LST1 '','','10','1';
2018-06-05 10:19:21 EXEC SPC_COM_PERMISSION '3','g003';
2018-06-05 10:19:21 EXEC SPC_COM_MENU '3';
2018-06-05 10:19:21 EXEC SPC_COM_M999_INQ1 '7';
2018-06-05 10:19:24 EXEC SPC_COM_MENU '3';
2018-06-05 10:19:24 EXEC SPC_G004_LST1
2018-06-05 10:19:29 EXEC SPC_COM_PERMISSION '3','g003';
2018-06-05 10:19:29 EXEC SPC_COM_MENU '3';
2018-06-05 10:19:29 EXEC SPC_COM_M999_INQ1 '7';
2018-06-05 10:20:19 EXEC SPC_COM_PERMISSION '3','g003';
2018-06-05 10:20:19 EXEC SPC_COM_MENU '3';
2018-06-05 10:20:19 EXEC SPC_COM_M999_INQ1 '7';
2018-06-05 10:20:24 EXEC SPC_COM_MENU '3';
2018-06-05 10:20:24 EXEC SPC_G004_LST1
2018-06-05 10:20:30 EXEC SPC_COM_MENU '3';
2018-06-05 10:20:30 EXEC SPC_G004_LST1
2018-06-05 10:20:38 EXEC SPC_COM_MENU '3';
2018-06-05 10:20:38 EXEC SPC_G004_LST1
2018-06-05 10:21:52 EXEC SPC_COM_MENU '3';
2018-06-05 10:21:52 EXEC SPC_G004_LST1
2018-06-05 10:22:05 EXEC SPC_COM_MENU '3';
2018-06-05 10:22:05 EXEC SPC_G004_LST1
2018-06-05 10:22:16 EXEC SPC_COM_MENU '3';
2018-06-05 10:22:16 EXEC SPC_G004_LST1
2018-06-05 10:25:23 EXEC SPC_COM_PERMISSION '3','g003';
2018-06-05 10:25:23 EXEC SPC_COM_MENU '3';
2018-06-05 10:25:23 EXEC SPC_COM_M999_INQ1 '7';
2018-06-05 10:25:29 EXEC SPC_COM_MENU '3';
2018-06-05 10:25:29 EXEC SPC_G004_LST1
2018-06-05 10:26:04 EXEC SPC_COM_PERMISSION '3','g003';
2018-06-05 10:26:04 EXEC SPC_COM_MENU '3';
2018-06-05 10:26:04 EXEC SPC_COM_M999_INQ1 '7';
2018-06-05 10:26:08 EXEC SPC_COM_MENU '3';
2018-06-05 10:26:08 EXEC SPC_G004_LST1
2018-06-05 10:28:00 EXEC SPC_COM_PERMISSION '3','g003';
2018-06-05 10:28:00 EXEC SPC_COM_MENU '3';
2018-06-05 10:28:00 EXEC SPC_COM_M999_INQ1 '7';
2018-06-05 10:28:03 EXEC SPC_COM_MENU '3';
2018-06-05 10:28:03 EXEC SPC_G004_LST1 '1';
2018-06-05 10:28:08 EXEC SPC_COM_MENU '3';
2018-06-05 10:28:08 EXEC SPC_G004_LST1 '3';
2018-06-05 10:28:14 EXEC SPC_COM_MENU '3';
2018-06-05 10:28:14 EXEC SPC_G004_LST1 '1';
2018-06-05 10:28:20 EXEC SPC_COM_MENU '3';
2018-06-05 10:28:20 EXEC SPC_G004_LST1 '';
2018-06-05 10:29:02 EXEC SPC_COM_PERMISSION '3','g003';
2018-06-05 10:29:02 EXEC SPC_COM_MENU '3';
2018-06-05 10:29:02 EXEC SPC_COM_M999_INQ1 '7';
2018-06-05 10:29:05 EXEC SPC_COM_MENU '3';
2018-06-05 10:29:05 EXEC SPC_G004_LST1 '1';
2018-06-05 10:29:05 EXEC SPC_COM_MENU '3';
2018-06-05 10:29:05 EXEC SPC_G004_LST1 '';
2018-06-05 10:30:04 EXEC SPC_COM_PERMISSION '3','g003';
2018-06-05 10:30:04 EXEC SPC_COM_MENU '3';
2018-06-05 10:30:04 EXEC SPC_COM_M999_INQ1 '7';
2018-06-05 10:30:06 EXEC SPC_COM_MENU '3';
2018-06-05 10:30:06 EXEC SPC_G004_LST1 '1';
2018-06-05 10:30:10 EXEC SPC_COM_MENU '3';
2018-06-05 10:30:10 EXEC SPC_G004_LST1 '';
2018-06-05 10:38:46 EXEC SPC_COM_PERMISSION '3','g003';
2018-06-05 10:38:46 EXEC SPC_COM_MENU '3';
2018-06-05 10:38:46 EXEC SPC_COM_M999_INQ1 '7';
2018-06-05 10:38:49 EXEC SPC_COM_MENU '3';
2018-06-05 10:38:49 EXEC SPC_COMMON_CATALORUE '2';
2018-06-05 10:38:52 EXEC SPC_COM_MENU '3';
2018-06-05 10:38:52 EXEC SPC_COMMON_CATALORUE '1';
2018-06-05 10:38:55 EXEC SPC_COM_MENU '3';
2018-06-05 10:38:55 EXEC SPC_COMMON_CATALORUE '3';
2018-06-05 10:38:58 EXEC SPC_COM_MENU '3';
2018-06-05 10:38:58 EXEC SPC_COMMON_CATALORUE '4';
2018-06-05 10:39:02 EXEC SPC_COM_MENU '3';
2018-06-05 10:39:02 EXEC SPC_G003_LST1 '','','10','1';
2018-06-05 10:39:02 EXEC SPC_COM_MENU '3';
2018-06-05 10:39:02 EXEC SPC_COMMON_CATALORUE '';
2018-06-05 10:39:22 EXEC SPC_COM_MENU '3';
2018-06-05 10:39:22 EXEC SPC_COMMON_CATALORUE '5';
2018-06-05 10:41:25 EXEC SPC_COM_MENU '3';
2018-06-05 10:41:25 EXEC SPC_COMMON_CATALORUE '';
2018-06-05 10:42:03 EXEC SPC_COM_PERMISSION '3','g004';
2018-06-05 10:42:03 EXEC SPC_COM_MENU '3';
2018-06-05 10:42:03 EXEC SPC_COM_M999_INQ1 '7';
2018-06-05 10:42:07 EXEC SPC_COM_MENU '3';
2018-06-05 10:42:07 EXEC SPC_COMMON_CATALORUE '3';
2018-06-05 10:42:13 EXEC SPC_COM_MENU '3';
2018-06-05 10:42:13 EXEC SPC_COMMON_CATALORUE '1';
2018-06-05 10:42:46 EXEC SPC_COM_MENU '3';
2018-06-05 10:42:57 EXEC SPC_COM_MENU '3';
2018-06-05 10:42:57 EXEC SPC_G004_ACT1 '1','anh chàng đạp chai','quy','127.0.0.1';
2018-06-05 10:43:02 EXEC SPC_COM_PERMISSION '3','g003';
2018-06-05 10:43:02 EXEC SPC_COM_MENU '3';
2018-06-05 10:43:02 EXEC SPC_COM_M999_INQ1 '7';
2018-06-05 10:43:03 EXEC SPC_COM_MENU '3';
2018-06-05 10:43:03 EXEC SPC_G003_LST1 '','','10','1';
2018-06-05 10:43:04 EXEC SPC_COM_MENU '3';
2018-06-05 10:43:04 EXEC SPC_COMMON_CATALORUE '';
2018-06-05 10:43:07 EXEC SPC_COM_MENU '3';
2018-06-05 10:43:07 EXEC SPC_COMMON_CATALORUE '1';
2018-06-05 10:45:20 EXEC SPC_COM_MENU '3';
2018-06-05 10:45:20 EXEC SPC_COMMON_CATALORUE '3';
2018-06-05 10:45:22 EXEC SPC_COM_MENU '3';
2018-06-05 10:45:22 EXEC SPC_COMMON_CATALORUE '';
2018-06-05 10:46:01 EXEC SPC_COM_MENU '3';
2018-06-05 10:46:01 EXEC SPC_COMMON_CATALORUE '';
2018-06-05 10:47:48 EXEC SPC_COM_PERMISSION '3','g003';
2018-06-05 10:47:48 EXEC SPC_COM_MENU '3';
2018-06-05 10:47:48 EXEC SPC_COM_M999_INQ1 '7';
2018-06-05 10:48:02 EXEC SPC_COM_PERMISSION '3','g003';
2018-06-05 10:48:02 EXEC SPC_COM_MENU '3';
2018-06-05 10:48:02 EXEC SPC_COM_M999_INQ1 '7';
2018-06-05 10:48:05 EXEC SPC_COM_MENU '3';
2018-06-05 10:48:05 EXEC SPC_G003_LST1 '','','10','1';
2018-06-05 10:48:05 EXEC SPC_COM_MENU '3';
2018-06-05 10:48:05 EXEC SPC_COMMON_CATALORUE '';
2018-06-05 10:48:15 EXEC SPC_COM_PERMISSION '3','g003';
2018-06-05 10:48:15 EXEC SPC_COM_MENU '3';
2018-06-05 10:48:15 EXEC SPC_COM_M999_INQ1 '7';
2018-06-05 10:48:31 EXEC SPC_COM_PERMISSION '3','g003';
2018-06-05 10:48:31 EXEC SPC_COM_MENU '3';
2018-06-05 10:48:31 EXEC SPC_COM_M999_INQ1 '7';
2018-06-05 10:48:41 EXEC SPC_COM_PERMISSION '3','g003';
2018-06-05 10:48:41 EXEC SPC_COM_MENU '3';
2018-06-05 10:48:41 EXEC SPC_COM_M999_INQ1 '7';
2018-06-05 10:48:45 EXEC SPC_COM_MENU '3';
2018-06-05 10:48:45 EXEC SPC_G003_LST1 '','','10','1';
2018-06-05 10:50:18 EXEC SPC_COM_PERMISSION '3','g003';
2018-06-05 10:50:18 EXEC SPC_COM_MENU '3';
2018-06-05 10:50:18 EXEC SPC_COM_M999_INQ1 '7';
2018-06-05 10:50:20 EXEC SPC_COM_MENU '3';
2018-06-05 10:50:20 EXEC SPC_G003_LST1 '','','10','1';
2018-06-05 10:50:52 EXEC SPC_COM_PERMISSION '3','g003';
2018-06-05 10:50:52 EXEC SPC_COM_MENU '3';
2018-06-05 10:50:52 EXEC SPC_COM_M999_INQ1 '7';
2018-06-05 10:50:54 EXEC SPC_COM_MENU '3';
2018-06-05 10:50:54 EXEC SPC_G003_LST1 '','','10','1';
2018-06-05 10:51:24 EXEC SPC_COM_PERMISSION '3','g003';
2018-06-05 10:51:24 EXEC SPC_COM_MENU '3';
2018-06-05 10:51:24 EXEC SPC_COM_M999_INQ1 '7';
2018-06-05 10:51:33 EXEC SPC_COM_MENU '3';
2018-06-05 10:51:33 EXEC SPC_G003_LST1 '','','10','1';
2018-06-05 10:51:50 EXEC SPC_COM_MENU '3';
2018-06-05 10:51:50 EXEC SPC_G003_LST1 '2','','10','1';
2018-06-05 10:51:54 EXEC SPC_COM_MENU '3';
2018-06-05 10:51:54 EXEC SPC_G003_LST1 '1','','10','1';
2018-06-05 10:51:59 EXEC SPC_COM_MENU '3';
2018-06-05 10:51:59 EXEC SPC_G003_LST1 '5','','10','1';
2018-06-05 10:52:05 EXEC SPC_COM_MENU '3';
2018-06-05 10:52:05 EXEC SPC_G003_LST1 '','','10','1';
2018-06-05 10:52:15 EXEC SPC_COM_MENU '3';
2018-06-05 10:52:15 EXEC SPC_G003_LST1 '','quý','10','1';
2018-06-05 10:52:41 EXEC SPC_COM_MENU '3';
2018-06-05 10:52:45 EXEC SPC_COM_MENU '3';
2018-06-05 10:52:45 EXEC SPC_G003_ACT1 '<row catalogue_id="CAT-5" catalogue_div="1" catalogue_nm="ok i&amp;apos;m fine" />','quy','127.0.0.1';
2018-06-05 10:52:45 EXEC SPC_COM_MENU '3';
2018-06-05 10:52:45 EXEC SPC_G003_LST1 '','quý','10','1';
2018-06-05 10:52:49 EXEC SPC_COM_MENU '3';
2018-06-05 10:52:49 EXEC SPC_G003_LST1 '','quý','10','1';
2018-06-05 10:52:51 EXEC SPC_COM_MENU '3';
2018-06-05 10:52:51 EXEC SPC_G003_LST1 '','quý','10','1';
2018-06-05 10:52:55 EXEC SPC_COM_MENU '3';
2018-06-05 10:52:55 EXEC SPC_G003_LST1 '','','10','1';
2018-06-05 10:53:51 EXEC SPC_COM_MENU '3';
2018-06-05 10:53:53 EXEC SPC_COM_MENU '3';
2018-06-05 10:53:53 EXEC SPC_G003_ACT1 '<row catalogue_id="CAT-5" catalogue_div="1" catalogue_nm="dấu nháy là lỗi sấp mặt ngay" />','quy','127.0.0.1';
2018-06-05 10:53:54 EXEC SPC_COM_MENU '3';
2018-06-05 10:53:54 EXEC SPC_G003_LST1 '','','10','1';
2018-06-05 10:54:13 EXEC SPC_COM_MENU '3';
2018-06-05 10:54:13 EXEC SPC_G003_LST1 '2','','10','1';
2018-06-05 10:56:33 EXEC SPC_COM_PERMISSION '3','g004';
2018-06-05 10:56:33 EXEC SPC_COM_MENU '3';
2018-06-05 10:56:33 EXEC SPC_COM_M999_INQ1 '7';
2018-06-05 10:56:36 EXEC SPC_COM_PERMISSION '3','g003';
2018-06-05 10:56:36 EXEC SPC_COM_MENU '3';
2018-06-05 10:56:36 EXEC SPC_COM_M999_INQ1 '7';
2018-06-05 10:56:38 EXEC SPC_COM_MENU '3';
2018-06-05 10:56:38 EXEC SPC_G003_LST1 '','','10','1';
