2018-08-27 01:25:36 EXEC SPC_COM_PERMISSION '1','g001';
2018-08-27 01:25:36 EXEC SPC_COM_MENU '1';
2018-08-27 01:25:46 EXEC SPC_COM_PERMISSION '1','v001';
2018-08-27 01:25:46 EXEC SPC_COM_MENU '1';
2018-08-27 01:25:46 EXEC SPC_COM_M999_INQ1 '8';
2018-08-27 01:25:47 EXEC SPC_COM_MENU '1';
2018-08-27 01:25:47 EXEC SPC_V001_LST1 '0','','','50','1';
2018-08-27 02:58:02 EXEC SPC_COM_PERMISSION '1','v002';
2018-08-27 02:58:02 EXEC SPC_COM_MENU '1';
2018-08-27 02:58:02 EXEC SPC_V002_FND1
2018-08-27 02:58:04 EXEC SPC_COM_PERMISSION '1','v002';
2018-08-27 02:58:04 EXEC SPC_COM_MENU '1';
2018-08-27 02:58:04 EXEC SPC_V002_FND1
2018-08-27 02:58:04 EXEC SPC_COM_MENU '1';
2018-08-27 02:58:04 EXEC SPC_v002_LST1 '2','1';
2018-08-27 06:50:00 EXEC SPC_COM_MENU '1';
2018-08-27 06:50:00 EXEC SPC_v002_LST1 '2','2';
2018-08-27 06:59:45 EXEC SPC_COM_MENU '1';
2018-08-27 06:59:45 EXEC SPC_v002_LST1 '2','3';
2018-08-27 06:59:46 EXEC SPC_COM_PERMISSION '1','v002';
2018-08-27 06:59:46 EXEC SPC_COM_MENU '1';
2018-08-27 06:59:46 EXEC SPC_V002_FND1
2018-08-27 06:59:48 EXEC SPC_COM_MENU '1';
2018-08-27 06:59:48 EXEC SPC_v002_LST1 '1','1';
2018-08-27 06:59:50 EXEC SPC_COM_MENU '1';
2018-08-27 06:59:50 EXEC SPC_v002_LST1 '1','12';
2018-08-27 06:59:50 EXEC SPC_COM_PERMISSION '1','v002';
2018-08-27 06:59:50 EXEC SPC_COM_MENU '1';
2018-08-27 06:59:50 EXEC SPC_V002_FND1
2018-08-27 06:59:56 EXEC SPC_COM_MENU '1';
2018-08-27 06:59:56 EXEC SPC_v002_LST1 '1','2';
2018-08-27 06:59:56 EXEC SPC_COM_PERMISSION '1','v002';
2018-08-27 06:59:56 EXEC SPC_COM_MENU '1';
2018-08-27 06:59:56 EXEC SPC_V002_FND1
2018-08-27 06:59:58 EXEC SPC_COM_MENU '1';
2018-08-27 06:59:58 EXEC SPC_v002_LST1 '1','2';
2018-08-27 06:59:59 EXEC SPC_COM_PERMISSION '1','v002';
2018-08-27 06:59:59 EXEC SPC_COM_MENU '1';
2018-08-27 06:59:59 EXEC SPC_V002_FND1
2018-08-27 07:00:00 EXEC SPC_COM_MENU '1';
2018-08-27 07:00:00 EXEC SPC_v002_LST1 '1','1';
2018-08-27 07:00:02 EXEC SPC_COM_MENU '1';
2018-08-27 07:00:02 EXEC SPC_v002_LST1 '1','12';
2018-08-27 07:00:02 EXEC SPC_COM_PERMISSION '1','v002';
2018-08-27 07:00:02 EXEC SPC_COM_MENU '1';
2018-08-27 07:00:02 EXEC SPC_V002_FND1
2018-08-27 07:00:04 EXEC SPC_COM_MENU '1';
2018-08-27 07:00:04 EXEC SPC_v002_LST1 '2','1';
2018-08-27 07:00:05 EXEC SPC_COM_MENU '1';
2018-08-27 07:00:05 EXEC SPC_v002_LST1 '2','2';
2018-08-27 07:00:07 EXEC SPC_COM_MENU '1';
2018-08-27 07:00:07 EXEC SPC_v002_LST1 '2','3';
2018-08-27 07:00:07 EXEC SPC_COM_PERMISSION '1','v002';
2018-08-27 07:00:07 EXEC SPC_COM_MENU '1';
2018-08-27 07:00:07 EXEC SPC_V002_FND1
2018-08-27 07:00:20 EXEC SPC_COM_MENU '1';
2018-08-27 07:00:20 EXEC SPC_v002_LST1 '1','1';
2018-08-27 07:00:38 EXEC SPC_COM_MENU '1';
2018-08-27 07:00:38 EXEC SPC_v002_LST1 '1','2';
2018-08-27 07:00:38 EXEC SPC_COM_PERMISSION '1','v002';
2018-08-27 07:00:38 EXEC SPC_COM_MENU '1';
2018-08-27 07:00:38 EXEC SPC_V002_FND1
2018-08-27 07:00:40 EXEC SPC_COM_MENU '1';
2018-08-27 07:00:40 EXEC SPC_v002_LST1 '1','1';
2018-08-27 07:00:42 EXEC SPC_COM_MENU '1';
2018-08-27 07:00:42 EXEC SPC_v002_LST1 '1','2';
2018-08-27 07:00:42 EXEC SPC_COM_PERMISSION '1','v002';
2018-08-27 07:00:42 EXEC SPC_COM_MENU '1';
2018-08-27 07:00:42 EXEC SPC_V002_FND1
2018-08-27 07:00:47 EXEC SPC_COM_MENU '1';
2018-08-27 07:00:47 EXEC SPC_v002_LST1 '1','1';
2018-08-27 07:00:48 EXEC SPC_COM_MENU '1';
2018-08-27 07:00:48 EXEC SPC_v002_LST1 '1','2';
2018-08-27 07:00:49 EXEC SPC_COM_PERMISSION '1','v002';
2018-08-27 07:00:49 EXEC SPC_COM_MENU '1';
2018-08-27 07:00:49 EXEC SPC_V002_FND1
2018-08-27 07:00:50 EXEC SPC_COM_MENU '1';
2018-08-27 07:00:50 EXEC SPC_v002_LST1 '1','2';
2018-08-27 07:00:51 EXEC SPC_COM_PERMISSION '1','v002';
2018-08-27 07:00:51 EXEC SPC_COM_MENU '1';
2018-08-27 07:00:51 EXEC SPC_V002_FND1
2018-08-27 07:02:23 EXEC SPC_COM_MENU '1';
2018-08-27 07:02:23 EXEC SPC_v002_LST1 '1','2';
2018-08-27 07:02:23 EXEC SPC_COM_PERMISSION '1','v002';
2018-08-27 07:02:23 EXEC SPC_COM_MENU '1';
2018-08-27 07:02:23 EXEC SPC_V002_FND1
2018-08-27 07:02:26 EXEC SPC_COM_MENU '1';
2018-08-27 07:02:26 EXEC SPC_v002_LST1 '1','1';
2018-08-27 08:21:04 EXEC SPC_COM_PERMISSION '1','v001';
2018-08-27 08:21:04 EXEC SPC_COM_MENU '1';
2018-08-27 08:21:04 EXEC SPC_COM_M999_INQ1 '8';
2018-08-27 08:21:08 EXEC SPC_COM_MENU '1';
2018-08-27 08:21:08 EXEC SPC_V001_LST1 '0','','','50','1';
2018-08-27 08:22:04 EXEC SPC_COM_PERMISSION '1','m003';
2018-08-27 08:22:04 EXEC SPC_COM_MENU '1';
2018-08-27 08:22:04 EXEC SPC_M003_FND1
2018-08-27 08:22:06 EXEC SPC_COM_MENU '1';
2018-08-27 08:22:06 EXEC SPC_M003_LST1 '','','','0','10','1';
2018-08-27 08:22:12 EXEC SPC_COM_PERMISSION '1','s002';
2018-08-27 08:22:12 EXEC SPC_COM_MENU '1';
2018-08-27 08:22:12 EXEC SPC_S002_FND1
2018-08-27 08:22:14 EXEC SPC_COM_MENU '1';
2018-08-27 08:22:14 EXEC SPC_S002_LST1 '','','','','10','1';
2018-08-27 08:22:30 EXEC SPC_COM_MENU '1';
2018-08-27 08:22:30 EXEC SPC_COMMON_REFER 'EMAIL','1';
2018-08-27 08:43:33 EXEC SPC_COM_PERMISSION '1','s002';
2018-08-27 08:43:33 EXEC SPC_COM_MENU '1';
2018-08-27 08:43:33 EXEC SPC_S002_FND1
2018-08-27 08:43:35 EXEC SPC_COM_DATA 'ndq809';
2018-08-27 08:43:35 SQLSTATE[IMSSP]: The active result for the query contains no fields.
2018-08-27 08:43:36 EXEC SPC_COM_MENU '1';
2018-08-27 08:43:38 EXEC SPC_COM_DATA 'ndq809';
2018-08-27 08:43:38 SQLSTATE[IMSSP]: The active result for the query contains no fields.
2018-08-27 08:43:38 EXEC SPC_COM_MENU '1';
2018-08-27 08:43:38 EXEC SPC_VOCABULARY_LST1 'ndq809';
2018-08-27 08:43:39 EXEC SPC_COM_DATA 'ndq809';
2018-08-27 08:43:39 SQLSTATE[IMSSP]: The active result for the query contains no fields.
2018-08-27 08:43:39 EXEC SPC_COM_MENU '1';
2018-08-27 08:43:39 EXEC SPC_COMMON_GROUP '2';
2018-08-27 08:43:40 EXEC SPC_COM_DATA 'ndq809';
2018-08-27 08:43:40 SQLSTATE[IMSSP]: The active result for the query contains no fields.
2018-08-27 08:43:40 EXEC SPC_COM_MENU '1';
2018-08-27 08:43:40 EXEC SPC_VOCABULARY_LST2 '2','3','ndq809';
2018-08-27 08:43:58 EXEC SPC_COM_DATA 'ndq809';
2018-08-27 08:43:58 SQLSTATE[IMSSP]: The active result for the query contains no fields.
2018-08-27 08:43:58 EXEC SPC_COM_MENU '1';
2018-08-27 08:43:58 EXEC SPC_VOCABULARY_LST2 '2','1','ndq809';
2018-08-27 08:44:40 EXEC SPC_COM_DATA 'ndq809';
2018-08-27 08:44:40 SQLSTATE[IMSSP]: The active result for the query contains no fields.
2018-08-27 08:44:40 EXEC SPC_COM_MENU '1';
2018-08-27 08:44:40 EXEC SPC_VOCABULARY_LST1 'ndq809';
2018-08-27 08:44:41 EXEC SPC_COM_DATA 'ndq809';
2018-08-27 08:44:41 SQLSTATE[IMSSP]: The active result for the query contains no fields.
2018-08-27 08:44:41 EXEC SPC_COM_MENU '1';
2018-08-27 08:44:41 EXEC SPC_COMMON_GROUP '2';
2018-08-27 08:44:41 EXEC SPC_COM_DATA 'ndq809';
2018-08-27 08:44:41 SQLSTATE[IMSSP]: The active result for the query contains no fields.
2018-08-27 08:44:41 EXEC SPC_COM_MENU '1';
2018-08-27 08:44:42 EXEC SPC_VOCABULARY_LST2 '2','3','ndq809';
2018-08-27 08:44:45 EXEC SPC_COM_DATA 'ndq809';
2018-08-27 08:44:45 SQLSTATE[IMSSP]: The active result for the query contains no fields.
2018-08-27 08:44:45 EXEC SPC_COM_MENU '1';
2018-08-27 08:44:45 EXEC SPC_VOCABULARY_LST2 '2','1','ndq809';
2018-08-27 08:45:19 EXEC SPC_COM_DATA 'ndq809';
2018-08-27 08:45:19 SQLSTATE[IMSSP]: The active result for the query contains no fields.
2018-08-27 08:45:19 EXEC SPC_COM_MENU '1';
2018-08-27 08:45:19 EXEC SPC_VOCABULARY_LST1 'ndq809';
2018-08-27 08:45:20 EXEC SPC_COM_DATA 'ndq809';
2018-08-27 08:45:20 SQLSTATE[IMSSP]: The active result for the query contains no fields.
2018-08-27 08:45:20 EXEC SPC_COM_MENU '1';
2018-08-27 08:45:20 EXEC SPC_COMMON_GROUP '2';
2018-08-27 08:45:20 EXEC SPC_COM_DATA 'ndq809';
2018-08-27 08:45:20 SQLSTATE[IMSSP]: The active result for the query contains no fields.
2018-08-27 08:45:20 EXEC SPC_COM_MENU '1';
2018-08-27 08:45:20 EXEC SPC_VOCABULARY_LST2 '2','3','ndq809';
2018-08-27 08:45:23 EXEC SPC_COM_DATA 'ndq809';
2018-08-27 08:45:23 SQLSTATE[IMSSP]: The active result for the query contains no fields.
2018-08-27 08:45:23 EXEC SPC_COM_MENU '1';
2018-08-27 08:45:23 EXEC SPC_VOCABULARY_LST2 '2','1','ndq809';
2018-08-27 08:46:17 EXEC SPC_COM_DATA 'ndq809';
2018-08-27 08:46:17 SQLSTATE[IMSSP]: The active result for the query contains no fields.
2018-08-27 08:46:17 EXEC SPC_COM_MENU '1';
2018-08-27 08:46:17 EXEC SPC_VOCABULARY_LST1 'ndq809';
2018-08-27 08:46:18 EXEC SPC_COM_DATA 'ndq809';
2018-08-27 08:46:18 SQLSTATE[IMSSP]: The active result for the query contains no fields.
2018-08-27 08:46:18 EXEC SPC_COM_MENU '1';
2018-08-27 08:46:18 EXEC SPC_COMMON_GROUP '2';
2018-08-27 08:46:18 EXEC SPC_COM_DATA 'ndq809';
2018-08-27 08:46:18 SQLSTATE[IMSSP]: The active result for the query contains no fields.
2018-08-27 08:46:18 EXEC SPC_COM_MENU '1';
2018-08-27 08:46:18 EXEC SPC_VOCABULARY_LST2 '2','3','ndq809';
2018-08-27 09:00:26 EXEC SPC_COM_DATA 'ndq809';
2018-08-27 09:00:26 SQLSTATE[IMSSP]: The active result for the query contains no fields.
2018-08-27 09:00:26 EXEC SPC_COM_MENU '1';
2018-08-27 09:00:26 EXEC SPC_VOCABULARY_LST1 'ndq809';
2018-08-27 09:00:28 EXEC SPC_COM_DATA 'ndq809';
2018-08-27 09:00:28 SQLSTATE[IMSSP]: The active result for the query contains no fields.
2018-08-27 09:00:28 EXEC SPC_COM_MENU '1';
2018-08-27 09:00:28 EXEC SPC_COMMON_GROUP '2';
2018-08-27 09:00:28 EXEC SPC_COM_DATA 'ndq809';
2018-08-27 09:00:28 SQLSTATE[IMSSP]: The active result for the query contains no fields.
2018-08-27 09:00:28 EXEC SPC_COM_MENU '1';
2018-08-27 09:00:28 EXEC SPC_VOCABULARY_LST2 '2','3','ndq809';
2018-08-27 09:00:40 EXEC SPC_COM_DATA 'ndq809';
2018-08-27 09:00:40 SQLSTATE[IMSSP]: The active result for the query contains no fields.
2018-08-27 09:00:40 EXEC SPC_COM_MENU '1';
2018-08-27 09:00:40 EXEC SPC_VOCABULARY_LST1 'ndq809';
2018-08-27 09:00:41 EXEC SPC_COM_DATA 'ndq809';
2018-08-27 09:00:41 SQLSTATE[IMSSP]: The active result for the query contains no fields.
2018-08-27 09:00:41 EXEC SPC_COM_MENU '1';
2018-08-27 09:00:41 EXEC SPC_COMMON_GROUP '2';
2018-08-27 09:00:41 EXEC SPC_COM_DATA 'ndq809';
2018-08-27 09:00:41 SQLSTATE[IMSSP]: The active result for the query contains no fields.
2018-08-27 09:00:41 EXEC SPC_COM_MENU '1';
2018-08-27 09:00:42 EXEC SPC_VOCABULARY_LST2 '2','3','ndq809';
2018-08-27 09:01:47 EXEC SPC_COM_DATA 'ndq809';
2018-08-27 09:01:47 SQLSTATE[IMSSP]: The active result for the query contains no fields.
2018-08-27 09:01:47 EXEC SPC_COM_MENU '1';
2018-08-27 09:01:47 EXEC SPC_VOCABULARY_LST1 'ndq809';
2018-08-27 09:01:48 EXEC SPC_COM_DATA 'ndq809';
2018-08-27 09:01:48 SQLSTATE[IMSSP]: The active result for the query contains no fields.
2018-08-27 09:01:48 EXEC SPC_COM_MENU '1';
2018-08-27 09:01:48 EXEC SPC_COMMON_GROUP '2';
2018-08-27 09:01:48 EXEC SPC_COM_DATA 'ndq809';
2018-08-27 09:01:48 SQLSTATE[IMSSP]: The active result for the query contains no fields.
2018-08-27 09:01:48 EXEC SPC_COM_MENU '1';
2018-08-27 09:01:48 EXEC SPC_VOCABULARY_LST2 '2','3','ndq809';
2018-08-27 09:02:21 EXEC SPC_COM_DATA 'ndq809';
2018-08-27 09:02:21 SQLSTATE[IMSSP]: The active result for the query contains no fields.
2018-08-27 09:02:21 EXEC SPC_COM_MENU '1';
2018-08-27 09:02:21 EXEC SPC_VOCABULARY_LST1 'ndq809';
2018-08-27 09:02:22 EXEC SPC_COM_DATA 'ndq809';
2018-08-27 09:02:22 SQLSTATE[IMSSP]: The active result for the query contains no fields.
2018-08-27 09:02:22 EXEC SPC_COM_MENU '1';
2018-08-27 09:02:22 EXEC SPC_COMMON_GROUP '2';
2018-08-27 09:02:22 EXEC SPC_COM_DATA 'ndq809';
2018-08-27 09:02:22 SQLSTATE[IMSSP]: The active result for the query contains no fields.
2018-08-27 09:02:22 EXEC SPC_COM_MENU '1';
2018-08-27 09:02:22 EXEC SPC_VOCABULARY_LST2 '2','3','ndq809';
2018-08-27 09:02:41 EXEC SPC_COM_DATA 'ndq809';
2018-08-27 09:02:41 SQLSTATE[IMSSP]: The active result for the query contains no fields.
2018-08-27 09:02:41 EXEC SPC_COM_MENU '1';
2018-08-27 09:02:41 EXEC SPC_VOCABULARY_LST1 'ndq809';
2018-08-27 09:02:42 EXEC SPC_COM_DATA 'ndq809';
2018-08-27 09:02:42 SQLSTATE[IMSSP]: The active result for the query contains no fields.
2018-08-27 09:02:42 EXEC SPC_COM_MENU '1';
2018-08-27 09:02:42 EXEC SPC_COMMON_GROUP '2';
2018-08-27 09:02:42 EXEC SPC_COM_DATA 'ndq809';
2018-08-27 09:02:42 SQLSTATE[IMSSP]: The active result for the query contains no fields.
2018-08-27 09:02:42 EXEC SPC_COM_MENU '1';
2018-08-27 09:02:42 EXEC SPC_VOCABULARY_LST2 '2','3','ndq809';
2018-08-27 09:03:12 EXEC SPC_COM_DATA 'ndq809';
2018-08-27 09:03:12 SQLSTATE[IMSSP]: The active result for the query contains no fields.
2018-08-27 09:03:12 EXEC SPC_COM_MENU '1';
2018-08-27 09:03:12 EXEC SPC_VOCABULARY_LST1 'ndq809';
2018-08-27 09:03:13 EXEC SPC_COM_DATA 'ndq809';
2018-08-27 09:03:13 SQLSTATE[IMSSP]: The active result for the query contains no fields.
2018-08-27 09:03:13 EXEC SPC_COM_MENU '1';
2018-08-27 09:03:13 EXEC SPC_COMMON_GROUP '2';
2018-08-27 09:03:13 EXEC SPC_COM_DATA 'ndq809';
2018-08-27 09:03:13 SQLSTATE[IMSSP]: The active result for the query contains no fields.
2018-08-27 09:03:13 EXEC SPC_COM_MENU '1';
2018-08-27 09:03:13 EXEC SPC_VOCABULARY_LST2 '2','3','ndq809';
2018-08-27 09:03:28 EXEC SPC_COM_DATA 'ndq809';
2018-08-27 09:03:28 SQLSTATE[IMSSP]: The active result for the query contains no fields.
2018-08-27 09:03:28 EXEC SPC_COM_MENU '1';
2018-08-27 09:03:28 EXEC SPC_VOCABULARY_LST1 'ndq809';
2018-08-27 09:03:29 EXEC SPC_COM_DATA 'ndq809';
2018-08-27 09:03:29 SQLSTATE[IMSSP]: The active result for the query contains no fields.
2018-08-27 09:03:29 EXEC SPC_COM_MENU '1';
2018-08-27 09:03:29 EXEC SPC_COMMON_GROUP '2';
2018-08-27 09:03:29 EXEC SPC_COM_DATA 'ndq809';
2018-08-27 09:03:29 SQLSTATE[IMSSP]: The active result for the query contains no fields.
2018-08-27 09:03:29 EXEC SPC_COM_MENU '1';
2018-08-27 09:03:29 EXEC SPC_VOCABULARY_LST2 '2','3','ndq809';
2018-08-27 09:04:18 EXEC SPC_COM_DATA 'ndq809';
2018-08-27 09:04:18 SQLSTATE[IMSSP]: The active result for the query contains no fields.
2018-08-27 09:04:18 EXEC SPC_COM_MENU '1';
2018-08-27 09:04:18 EXEC SPC_VOCABULARY_LST1 'ndq809';
2018-08-27 09:04:19 EXEC SPC_COM_DATA 'ndq809';
2018-08-27 09:04:19 SQLSTATE[IMSSP]: The active result for the query contains no fields.
2018-08-27 09:04:19 EXEC SPC_COM_MENU '1';
2018-08-27 09:04:19 EXEC SPC_COMMON_GROUP '2';
2018-08-27 09:04:20 EXEC SPC_COM_DATA 'ndq809';
2018-08-27 09:04:20 SQLSTATE[IMSSP]: The active result for the query contains no fields.
2018-08-27 09:04:20 EXEC SPC_COM_MENU '1';
2018-08-27 09:04:20 EXEC SPC_VOCABULARY_LST2 '2','3','ndq809';
2018-08-27 09:08:15 EXEC SPC_COM_DATA '';
2018-08-27 09:08:15 SQLSTATE[IMSSP]: The active result for the query contains no fields.
2018-08-27 09:08:15 EXEC SPC_VOCABULARY_LST1 '';
2018-08-27 09:08:16 EXEC SPC_COM_DATA '';
2018-08-27 09:08:16 SQLSTATE[IMSSP]: The active result for the query contains no fields.
2018-08-27 09:08:16 EXEC SPC_COMMON_GROUP '2';
2018-08-27 09:08:16 EXEC SPC_COM_DATA '';
2018-08-27 09:08:16 SQLSTATE[IMSSP]: The active result for the query contains no fields.
2018-08-27 09:08:16 EXEC SPC_VOCABULARY_LST2 '2','1','';
2018-08-27 09:08:19 EXEC SPC_COM_DATA '';
2018-08-27 09:08:19 SQLSTATE[IMSSP]: The active result for the query contains no fields.
2018-08-27 09:08:19 EXEC SPC_VOCABULARY_LST2 '2','3','';
2018-08-27 10:10:27 EXEC SPC_COM_DATA '';
2018-08-27 10:10:27 SQLSTATE[IMSSP]: The active result for the query contains no fields.
2018-08-27 10:10:27 EXEC SPC_VOCABULARY_LST2 '2','1','';
2018-08-27 10:10:58 EXEC SPC_COM_DATA '';
2018-08-27 10:10:58 SQLSTATE[IMSSP]: The active result for the query contains no fields.
2018-08-27 10:10:58 EXEC SPC_VOCABULARY_LST2 '2','3','';
2018-08-27 10:15:02 EXEC SPC_COM_DATA '';
2018-08-27 10:15:02 SQLSTATE[IMSSP]: The active result for the query contains no fields.
2018-08-27 10:15:02 EXEC SPC_VOCABULARY_LST2 '2','1','';
2018-08-27 10:15:04 EXEC SPC_COM_DATA '';
2018-08-27 10:15:04 SQLSTATE[IMSSP]: The active result for the query contains no fields.
2018-08-27 10:15:04 EXEC SPC_VOCABULARY_LST2 '2','3','';
