2018-12-13 00:03:52 EXEC SPC_COM_DATA '','','';
2018-12-13 00:23:07 EXEC SPC_COM_DATA '','','';
2018-12-13 00:23:07 EXEC SPC_DICTIONARY_LST1 '','';
2018-12-13 00:23:11 EXEC SPC_COM_DATA '','','';
2018-12-13 00:23:11 EXEC SPC_DICTIONARY_LST3 'hel';
2018-12-13 00:23:13 EXEC SPC_COM_DATA '','','';
2018-12-13 00:23:13 EXEC SPC_DICTIONARY_LST2 'Hello','','127.0.0.1';
2018-12-13 00:23:18 EXEC SPC_COM_DATA '','','';
2018-12-13 00:23:18 EXEC SPC_DICTIONARY_LST3 'Hello';
2018-12-13 00:23:22 EXEC SPC_COM_DATA '','','';
2018-12-13 00:23:22 EXEC SPC_DICTIONARY_LST3 'king';
2018-12-13 00:23:24 EXEC SPC_COM_DATA '','','';
2018-12-13 00:23:24 EXEC SPC_DICTIONARY_LST2 'king','','127.0.0.1';
2018-12-13 00:23:27 EXEC SPC_COM_DATA '','','';
2018-12-13 00:28:26 EXEC SPC_COM_DATA '','','';
2018-12-13 00:29:48 EXEC SPC_COM_DATA '','','';
2018-12-13 00:30:22 EXEC SPC_COM_DATA '','','';
2018-12-13 00:31:02 EXEC SPC_COM_DATA '','','';
2018-12-13 00:32:21 EXEC SPC_COM_DATA '','','';
2018-12-13 00:38:40 EXEC SPC_COM_DATA '','','';
2018-12-13 00:45:26 EXEC SPC_COM_DATA '','','';
2018-12-13 00:46:46 EXEC SPC_COM_DATA '','','';
2018-12-13 00:47:36 EXEC SPC_COM_DATA '','','';
2018-12-13 00:48:44 EXEC SPC_COM_DATA '','','';
2018-12-13 00:52:13 EXEC SPC_COM_DATA '','','';
2018-12-13 00:53:38 EXEC SPC_COM_DATA '','','';
2018-12-13 00:54:29 EXEC SPC_COM_DATA '','','';
2018-12-13 00:55:17 EXEC SPC_COM_DATA '','','';
2018-12-13 01:05:03 EXEC SPC_COM_DATA '','','';
2018-12-13 01:16:20 EXEC SPC_COM_DATA '','','';
2018-12-13 01:20:12 EXEC SPC_COM_DATA '','','';
2018-12-13 01:21:08 EXEC SPC_COM_DATA '','','';
2018-12-13 02:01:55 EXEC SPC_COM_DATA '','','';
2018-12-13 02:02:50 EXEC SPC_COM_DATA '','','';
2018-12-13 02:04:20 EXEC SPC_COM_DATA '','','';
2018-12-13 02:05:14 EXEC SPC_COM_DATA '','','';
2018-12-13 02:05:39 EXEC SPC_COM_DATA '','','';
2018-12-13 02:07:26 EXEC SPC_COM_DATA '','','';
2018-12-13 02:07:45 EXEC SPC_COM_DATA '','','';
2018-12-13 02:09:48 EXEC SPC_COM_DATA '','','';
2018-12-13 02:11:18 EXEC SPC_COM_DATA '','','';
2018-12-13 02:12:03 EXEC SPC_COM_DATA '','','';
2018-12-13 02:12:17 EXEC SPC_COM_DATA '','','';
2018-12-13 02:13:45 EXEC SPC_COM_DATA '','','';
2018-12-13 02:14:23 EXEC SPC_COM_DATA '','','';
2018-12-13 02:15:08 EXEC SPC_COM_DATA '','','';
2018-12-13 02:16:03 EXEC SPC_COM_DATA '','','';
2018-12-13 02:16:13 EXEC SPC_COM_DATA '','','';
2018-12-13 02:16:46 EXEC SPC_COM_DATA '','','';
2018-12-13 02:17:17 EXEC SPC_COM_DATA '','','';
2018-12-13 02:23:46 EXEC SPC_COM_DATA '','','';
2018-12-13 02:24:40 EXEC SPC_COM_DATA '','','';
2018-12-13 02:26:32 EXEC SPC_COM_DATA '','','';
2018-12-13 02:26:59 EXEC SPC_COM_DATA '','','';
2018-12-13 02:28:31 EXEC SPC_COM_DATA '','','';
2018-12-13 02:28:59 EXEC SPC_COM_DATA '','','';
2018-12-13 02:31:52 EXEC SPC_COM_DATA '','','';
2018-12-13 02:32:28 EXEC SPC_COM_DATA '','','';
2018-12-13 02:32:39 EXEC SPC_COM_DATA '','','';
2018-12-13 02:32:51 EXEC SPC_COM_DATA '','','';
2018-12-13 02:34:19 EXEC SPC_COM_DATA '','','';
2018-12-13 02:34:45 EXEC SPC_COM_DATA '','','';
2018-12-13 02:35:20 EXEC SPC_COM_DATA '','','';
2018-12-13 02:39:50 EXEC SPC_COM_DATA '','','';
2018-12-13 02:44:38 EXEC SPC_COM_DATA '','','';
2018-12-13 03:01:03 EXEC SPC_COM_DATA '','','';
2018-12-13 04:01:43 EXEC SPC_COM_DATA '','','';
2018-12-13 04:02:26 EXEC SPC_COM_DATA '','','';
2018-12-13 04:06:14 EXEC SPC_COM_DATA '','','';
2018-12-13 04:12:21 EXEC SPC_COM_DATA '','','';
2018-12-13 04:14:42 EXEC SPC_COM_DATA '','','';
2018-12-13 04:21:55 EXEC SPC_COM_DATA '','','';
2018-12-13 04:22:32 EXEC SPC_COM_DATA '','','';
2018-12-13 04:22:56 EXEC SPC_COM_DATA '','','';
2018-12-13 04:24:52 EXEC SPC_COM_DATA '','','';
2018-12-13 04:25:22 EXEC SPC_COM_DATA '','','';
2018-12-13 04:26:14 EXEC SPC_COM_DATA '','','';
2018-12-13 04:27:21 EXEC SPC_COM_DATA '','','';
2018-12-13 04:30:12 EXEC SPC_COM_DATA '','','';
2018-12-13 04:31:10 EXEC SPC_COM_DATA '','','';
2018-12-13 04:31:52 EXEC SPC_COM_DATA '','','';
2018-12-13 04:32:42 EXEC SPC_COM_DATA '','','';
2018-12-13 04:35:23 EXEC SPC_COM_DATA '','','';
2018-12-13 04:42:06 EXEC SPC_COM_DATA '','','';
2018-12-13 04:43:44 EXEC SPC_COM_DATA '','','';
2018-12-13 04:44:07 EXEC SPC_COM_DATA '','','';
2018-12-13 04:45:41 EXEC SPC_COM_DATA '','','';
2018-12-13 04:46:05 EXEC SPC_COM_DATA '','','';
2018-12-13 04:47:08 EXEC SPC_COM_DATA '','','';
2018-12-13 04:47:51 EXEC SPC_COM_DATA '','','';
2018-12-13 04:48:27 EXEC SPC_COM_DATA '','','';
2018-12-13 04:50:51 EXEC SPC_COM_DATA '','','';
2018-12-13 04:50:59 EXEC SPC_COM_DATA '','','';
2018-12-13 04:55:22 EXEC SPC_COM_DATA '','','';
2018-12-13 04:55:39 EXEC SPC_COM_DATA '','','';
2018-12-13 04:56:13 EXEC SPC_COM_DATA '','','';
2018-12-13 04:56:25 EXEC SPC_COM_DATA '','','';
2018-12-13 04:56:43 EXEC SPC_COM_DATA '','','';
2018-12-13 04:57:10 EXEC SPC_COM_DATA '','','';
2018-12-13 04:58:15 EXEC SPC_COM_DATA '','','';
2018-12-13 04:58:45 EXEC SPC_COM_DATA '','','';
2018-12-13 04:59:06 EXEC SPC_COM_DATA '','','';
2018-12-13 05:01:09 EXEC SPC_COM_DATA '','','';
2018-12-13 05:01:49 EXEC SPC_COM_DATA '','','';
2018-12-13 05:04:12 EXEC SPC_COM_DATA '','','';
2018-12-13 05:04:50 EXEC SPC_COM_DATA '','','';
2018-12-13 05:14:13 EXEC SPC_COM_DATA '','','';
2018-12-13 05:14:46 EXEC SPC_COM_DATA '','','';
2018-12-13 05:15:15 EXEC SPC_COM_DATA '','','';
2018-12-13 05:17:08 EXEC SPC_COM_DATA '','','';
2018-12-13 05:22:25 EXEC SPC_COM_DATA '','','';
2018-12-13 05:23:03 EXEC SPC_COM_DATA '','','';
2018-12-13 05:25:26 EXEC SPC_COM_DATA '','','';
2018-12-13 05:28:58 EXEC SPC_COM_DATA '','','';
2018-12-13 05:30:16 EXEC SPC_COM_DATA '','','';
2018-12-13 05:44:52 EXEC SPC_COM_DATA '','','';
2018-12-13 05:45:27 EXEC SPC_COM_DATA '','','';
2018-12-13 05:45:43 EXEC SPC_COM_DATA '','','';
2018-12-13 05:46:11 EXEC SPC_COM_DATA '','','';
2018-12-13 05:47:10 EXEC SPC_COM_DATA '','','';
2018-12-13 05:47:22 EXEC SPC_COM_DATA '','','';
2018-12-13 05:50:23 EXEC SPC_COM_DATA '','','';
2018-12-13 05:53:03 EXEC SPC_COM_DATA '','','';
2018-12-13 06:03:19 EXEC SPC_COM_DATA '','','';
2018-12-13 06:11:52 EXEC SPC_COM_DATA '','','';
2018-12-13 06:12:47 EXEC SPC_COM_DATA '','','';
2018-12-13 06:12:52 EXEC SPC_COM_DATA '','','';
2018-12-13 06:14:53 EXEC SPC_COM_DATA '','','';
2018-12-13 06:18:18 EXEC SPC_COM_DATA '','','';
2018-12-13 06:20:07 EXEC SPC_COM_DATA '','','';
2018-12-13 06:21:19 EXEC SPC_COM_DATA '','','';
2018-12-13 06:25:31 EXEC SPC_COM_DATA '','','';
2018-12-13 06:26:18 EXEC SPC_COM_DATA '','','';
2018-12-13 08:00:58 EXEC SPC_COM_DATA '','','';
2018-12-13 08:04:07 EXEC SPC_COM_DATA '','','';
2018-12-13 08:04:20 EXEC SPC_COM_DATA '','','';
2018-12-13 08:05:49 EXEC SPC_COM_DATA '','','';
2018-12-13 08:06:26 EXEC SPC_COM_DATA '','','';
2018-12-13 08:10:57 EXEC SPC_COM_DATA '','','';
2018-12-13 08:11:09 EXEC SPC_COM_DATA '','','';
2018-12-13 08:11:42 EXEC SPC_COM_DATA '','','';
2018-12-13 08:12:37 EXEC SPC_COM_DATA '','','';
2018-12-13 08:13:29 EXEC SPC_COM_DATA '','','';
2018-12-13 08:19:01 EXEC SPC_COM_DATA '','','';
2018-12-13 08:32:29 EXEC SPC_COM_DATA '','','';
2018-12-13 08:42:03 EXEC SPC_COM_DATA '','','';
2018-12-13 08:42:36 EXEC SPC_COM_DATA '','','';
2018-12-13 08:44:05 EXEC SPC_COM_DATA '','','';
2018-12-13 08:48:43 EXEC SPC_COM_DATA '','','';
2018-12-13 08:55:48 EXEC SPC_COM_DATA '','','';
2018-12-13 08:56:37 EXEC SPC_COM_DATA '','','';
2018-12-13 08:59:21 EXEC SPC_COM_DATA '','','';
2018-12-13 08:59:59 EXEC SPC_COM_DATA '','','';
