2018-08-09 00:52:29 EXEC SPC_COM_PERMISSION '1','g001';
2018-08-09 00:52:29 EXEC SPC_COM_MENU '1';
2018-08-09 01:10:38 EXEC SPC_COM_PERMISSION '1','v002';
2018-08-09 01:10:39 EXEC SPC_COM_MENU '1';
2018-08-09 01:10:39 EXEC SPC_COM_M999_INQ1 '7';
2018-08-09 01:10:43 EXEC SPC_COM_MENU '1';
2018-08-09 01:10:46 EXEC SPC_COM_MENU '1';
2018-08-09 01:15:18 EXEC SPC_COM_PERMISSION '1','v002';
2018-08-09 01:15:18 EXEC SPC_COM_MENU '1';
2018-08-09 01:15:18 EXEC SPC_COM_M999_INQ1 '7';
2018-08-09 01:16:00 EXEC SPC_COM_PERMISSION '1','v002';
2018-08-09 01:16:00 EXEC SPC_COM_MENU '1';
2018-08-09 01:16:00 EXEC SPC_COM_M999_INQ1 '7';
2018-08-09 01:16:02 EXEC SPC_COM_MENU '1';
2018-08-09 01:16:04 EXEC SPC_COM_MENU '1';
2018-08-09 01:16:04 EXEC SPC_COM_MENU '1';
2018-08-09 01:16:08 EXEC SPC_COM_MENU '1';
2018-08-09 01:17:04 EXEC SPC_COM_PERMISSION '1','g001';
2018-08-09 01:17:04 EXEC SPC_COM_MENU '1';
2018-08-09 01:17:09 EXEC SPC_COM_PERMISSION '1','w002';
2018-08-09 01:17:09 EXEC SPC_COM_MENU '1';
2018-08-09 01:17:09 EXEC SPC_W002_FND1
2018-08-09 01:17:14 EXEC SPC_COM_PERMISSION '1','v002';
2018-08-09 01:17:14 EXEC SPC_COM_MENU '1';
2018-08-09 01:17:14 EXEC SPC_COM_M999_INQ1 '7';
2018-08-09 01:17:18 EXEC SPC_COM_MENU '1';
2018-08-09 01:17:22 EXEC SPC_COM_MENU '1';
2018-08-09 01:17:57 EXEC SPC_COM_PERMISSION '1','v002';
2018-08-09 01:17:57 EXEC SPC_COM_MENU '1';
2018-08-09 01:17:57 EXEC SPC_COM_M999_INQ1 '7';
2018-08-09 01:17:59 EXEC SPC_COM_MENU '1';
2018-08-09 01:18:05 EXEC SPC_COM_MENU '1';
2018-08-09 01:21:29 EXEC SPC_COM_PERMISSION '1','v002';
2018-08-09 01:21:29 EXEC SPC_COM_MENU '1';
2018-08-09 01:21:29 EXEC SPC_COM_M999_INQ1 '7';
2018-08-09 01:21:32 EXEC SPC_COM_MENU '1';
2018-08-09 01:21:40 EXEC SPC_COM_MENU '1';
2018-08-09 01:22:39 EXEC SPC_COM_PERMISSION '1','v002';
2018-08-09 01:22:39 EXEC SPC_COM_MENU '1';
2018-08-09 01:22:39 EXEC SPC_COM_M999_INQ1 '7';
2018-08-09 01:22:42 EXEC SPC_COM_MENU '1';
2018-08-09 01:23:11 EXEC SPC_COM_MENU '1';
2018-08-09 01:24:19 EXEC SPC_COM_PERMISSION '1','v002';
2018-08-09 01:24:19 EXEC SPC_COM_MENU '1';
2018-08-09 01:24:19 EXEC SPC_COM_M999_INQ1 '7';
2018-08-09 01:24:24 EXEC SPC_COM_MENU '1';
2018-08-09 01:24:27 EXEC SPC_COM_MENU '1';
2018-08-09 01:25:00 EXEC SPC_COM_PERMISSION '1','v002';
2018-08-09 01:25:00 EXEC SPC_COM_MENU '1';
2018-08-09 01:25:00 EXEC SPC_COM_M999_INQ1 '7';
2018-08-09 01:25:05 EXEC SPC_COM_MENU '1';
2018-08-09 01:25:08 EXEC SPC_COM_MENU '1';
2018-08-09 01:25:14 EXEC SPC_COM_PERMISSION '1','v002';
2018-08-09 01:25:14 EXEC SPC_COM_MENU '1';
2018-08-09 01:25:14 EXEC SPC_COM_M999_INQ1 '7';
2018-08-09 01:25:18 EXEC SPC_COM_MENU '1';
2018-08-09 01:25:20 EXEC SPC_COM_MENU '1';
2018-08-09 01:25:45 EXEC SPC_COM_PERMISSION '1','v002';
2018-08-09 01:25:45 EXEC SPC_COM_MENU '1';
2018-08-09 01:25:45 EXEC SPC_COM_M999_INQ1 '7';
2018-08-09 01:25:48 EXEC SPC_COM_MENU '1';
2018-08-09 01:25:50 EXEC SPC_COM_MENU '1';
2018-08-09 01:26:16 EXEC SPC_COM_PERMISSION '1','v002';
2018-08-09 01:26:16 EXEC SPC_COM_MENU '1';
2018-08-09 01:26:16 EXEC SPC_COM_M999_INQ1 '7';
2018-08-09 01:26:18 EXEC SPC_COM_MENU '1';
2018-08-09 01:26:20 EXEC SPC_COM_MENU '1';
2018-08-09 01:27:54 EXEC SPC_COM_MENU '1';
2018-08-09 01:28:02 EXEC SPC_COM_MENU '1';
2018-08-09 01:28:18 EXEC SPC_COM_MENU '1';
2018-08-09 01:28:33 EXEC SPC_COM_MENU '1';
2018-08-09 01:28:49 EXEC SPC_COM_PERMISSION '1','v002';
2018-08-09 01:28:49 EXEC SPC_COM_MENU '1';
2018-08-09 01:28:49 EXEC SPC_COM_M999_INQ1 '7';
2018-08-09 01:28:56 EXEC SPC_COM_MENU '1';
2018-08-09 01:29:13 EXEC SPC_COM_MENU '1';
2018-08-09 01:45:17 EXEC SPC_COM_PERMISSION '1','v002';
2018-08-09 01:45:17 EXEC SPC_COM_MENU '1';
2018-08-09 01:45:17 EXEC SPC_COM_M999_INQ1 '7';
2018-08-09 01:45:20 EXEC SPC_COM_MENU '1';
2018-08-09 01:45:28 EXEC SPC_COM_MENU '1';
2018-08-09 01:46:50 EXEC SPC_COM_PERMISSION '1','v002';
2018-08-09 01:46:50 EXEC SPC_COM_MENU '1';
2018-08-09 01:46:50 EXEC SPC_COM_M999_INQ1 '7';
2018-08-09 01:47:03 EXEC SPC_COM_MENU '1';
2018-08-09 01:47:57 EXEC SPC_COM_PERMISSION '1','v002';
2018-08-09 01:47:57 EXEC SPC_COM_MENU '1';
2018-08-09 01:47:57 EXEC SPC_COM_M999_INQ1 '7';
2018-08-09 01:48:00 EXEC SPC_COM_MENU '1';
2018-08-09 01:48:35 EXEC SPC_COM_PERMISSION '1','v002';
2018-08-09 01:48:35 EXEC SPC_COM_MENU '1';
2018-08-09 01:48:35 EXEC SPC_COM_M999_INQ1 '7';
2018-08-09 01:49:07 EXEC SPC_COM_MENU '1';
2018-08-09 01:50:02 EXEC SPC_COM_MENU '1';
2018-08-09 02:55:00 EXEC SPC_COM_PERMISSION '1','v002';
2018-08-09 02:55:01 EXEC SPC_COM_MENU '1';
2018-08-09 02:55:01 EXEC SPC_COM_M999_INQ1 '7';
2018-08-09 02:55:04 EXEC SPC_COM_MENU '1';
2018-08-09 02:56:10 EXEC SPC_COM_MENU '1';
2018-08-09 02:56:15 EXEC SPC_COM_MENU '1';
2018-08-09 02:56:28 EXEC SPC_COM_PERMISSION '1','v002';
2018-08-09 02:56:28 EXEC SPC_COM_MENU '1';
2018-08-09 02:56:28 EXEC SPC_COM_M999_INQ1 '7';
2018-08-09 02:57:38 EXEC SPC_COM_PERMISSION '1','v002';
2018-08-09 02:57:38 EXEC SPC_COM_MENU '1';
2018-08-09 02:57:38 EXEC SPC_COM_M999_INQ1 '7';
2018-08-09 02:57:48 EXEC SPC_COM_MENU '1';
2018-08-09 02:57:52 EXEC SPC_COM_MENU '1';
2018-08-09 03:00:19 EXEC SPC_COM_PERMISSION '1','v002';
2018-08-09 03:00:19 EXEC SPC_COM_MENU '1';
2018-08-09 03:00:19 EXEC SPC_COM_M999_INQ1 '7';
2018-08-09 03:00:22 EXEC SPC_COM_MENU '1';
2018-08-09 03:00:25 EXEC SPC_COM_MENU '1';
2018-08-09 04:27:29 EXEC SPC_COM_MENU '1';
2018-08-09 04:27:44 EXEC SPC_COM_MENU '1';
2018-08-09 04:32:01 EXEC SPC_COM_MENU '1';
2018-08-09 04:33:18 EXEC SPC_COM_MENU '1';
2018-08-09 04:37:12 EXEC SPC_COM_MENU '1';
2018-08-09 04:43:19 EXEC SPC_COM_MENU '1';
2018-08-09 04:44:04 EXEC SPC_COM_MENU '1';
2018-08-09 04:51:29 EXEC SPC_COM_PERMISSION '1','v002';
2018-08-09 04:51:29 EXEC SPC_COM_MENU '1';
2018-08-09 04:51:29 EXEC SPC_COM_M999_INQ1 '7';
2018-08-09 04:51:49 EXEC SPC_COM_MENU '1';
2018-08-09 04:51:53 EXEC SPC_COM_MENU '1';
2018-08-09 04:55:19 EXEC SPC_COM_PERMISSION '1','v002';
2018-08-09 04:55:19 EXEC SPC_COM_MENU '1';
2018-08-09 04:55:19 EXEC SPC_COM_M999_INQ1 '7';
2018-08-09 04:55:22 EXEC SPC_COM_MENU '1';
2018-08-09 04:56:03 EXEC SPC_COM_PERMISSION '1','v002';
2018-08-09 04:56:03 EXEC SPC_COM_MENU '1';
2018-08-09 04:56:03 EXEC SPC_COM_M999_INQ1 '7';
2018-08-09 04:56:05 EXEC SPC_COM_MENU '1';
2018-08-09 04:56:45 EXEC SPC_COM_PERMISSION '1','v002';
2018-08-09 04:56:45 EXEC SPC_COM_MENU '1';
2018-08-09 04:56:45 EXEC SPC_COM_M999_INQ1 '7';
2018-08-09 04:57:17 EXEC SPC_COM_PERMISSION '1','v002';
2018-08-09 04:57:17 EXEC SPC_COM_MENU '1';
2018-08-09 04:57:17 EXEC SPC_COM_M999_INQ1 '7';
2018-08-09 04:57:22 EXEC SPC_COM_MENU '1';
2018-08-09 04:57:30 EXEC SPC_COM_MENU '1';
2018-08-09 04:58:31 EXEC SPC_COM_PERMISSION '1','v002';
2018-08-09 04:58:31 EXEC SPC_COM_MENU '1';
2018-08-09 04:58:31 EXEC SPC_COM_M999_INQ1 '7';
2018-08-09 04:58:35 EXEC SPC_COM_MENU '1';
2018-08-09 04:58:37 EXEC SPC_COM_MENU '1';
2018-08-09 05:00:22 EXEC SPC_COM_PERMISSION '1','v002';
2018-08-09 05:00:22 EXEC SPC_COM_MENU '1';
2018-08-09 05:00:22 EXEC SPC_COM_M999_INQ1 '7';
2018-08-09 05:00:28 EXEC SPC_COM_MENU '1';
2018-08-09 05:00:31 EXEC SPC_COM_MENU '1';
2018-08-09 05:04:06 EXEC SPC_COM_PERMISSION '1','v002';
2018-08-09 05:04:06 EXEC SPC_COM_MENU '1';
2018-08-09 05:04:06 EXEC SPC_COM_M999_INQ1 '7';
2018-08-09 05:04:09 EXEC SPC_COM_MENU '1';
2018-08-09 05:04:11 EXEC SPC_COM_MENU '1';
2018-08-09 05:05:58 EXEC SPC_COM_PERMISSION '1','v002';
2018-08-09 05:05:58 EXEC SPC_COM_MENU '1';
2018-08-09 05:05:58 EXEC SPC_COM_M999_INQ1 '7';
2018-08-09 05:06:04 EXEC SPC_COM_MENU '1';
2018-08-09 05:06:05 EXEC SPC_COM_MENU '1';
2018-08-09 05:06:31 EXEC SPC_COM_PERMISSION '1','v002';
2018-08-09 05:06:31 EXEC SPC_COM_MENU '1';
2018-08-09 05:06:31 EXEC SPC_COM_M999_INQ1 '7';
2018-08-09 05:06:35 EXEC SPC_COM_MENU '1';
2018-08-09 05:06:36 EXEC SPC_COM_MENU '1';
2018-08-09 05:06:49 EXEC SPC_COM_PERMISSION '1','v002';
2018-08-09 05:06:49 EXEC SPC_COM_MENU '1';
2018-08-09 05:06:49 EXEC SPC_COM_M999_INQ1 '7';
2018-08-09 05:06:53 EXEC SPC_COM_MENU '1';
2018-08-09 05:06:54 EXEC SPC_COM_MENU '1';
2018-08-09 05:07:13 EXEC SPC_COM_PERMISSION '1','v002';
2018-08-09 05:07:13 EXEC SPC_COM_MENU '1';
2018-08-09 05:07:13 EXEC SPC_COM_M999_INQ1 '7';
2018-08-09 05:07:16 EXEC SPC_COM_MENU '1';
2018-08-09 05:07:20 EXEC SPC_COM_MENU '1';
2018-08-09 05:07:38 EXEC SPC_COM_MENU '1';
2018-08-09 05:07:40 EXEC SPC_COM_MENU '1';
2018-08-09 05:08:15 EXEC SPC_COM_MENU '1';
2018-08-09 05:08:25 EXEC SPC_COM_MENU '1';
2018-08-09 05:08:32 EXEC SPC_COM_MENU '1';
2018-08-09 05:08:35 EXEC SPC_COM_MENU '1';
2018-08-09 05:08:54 EXEC SPC_COM_MENU '1';
2018-08-09 05:09:38 EXEC SPC_COM_MENU '1';
2018-08-09 05:09:56 EXEC SPC_COM_MENU '1';
2018-08-09 05:09:57 EXEC SPC_COM_MENU '1';
2018-08-09 05:12:30 EXEC SPC_COM_PERMISSION '1','v002';
2018-08-09 05:12:30 EXEC SPC_COM_MENU '1';
2018-08-09 05:12:30 EXEC SPC_COM_M999_INQ1 '7';
2018-08-09 05:13:32 EXEC SPC_COM_PERMISSION '1','v002';
2018-08-09 05:13:32 EXEC SPC_COM_MENU '1';
2018-08-09 05:13:32 EXEC SPC_COM_M999_INQ1 '7';
2018-08-09 05:13:37 EXEC SPC_COM_MENU '1';
2018-08-09 05:13:42 EXEC SPC_COM_MENU '1';
2018-08-09 05:13:46 EXEC SPC_COM_MENU '1';
2018-08-09 05:15:34 EXEC SPC_COM_PERMISSION '1','v002';
2018-08-09 05:15:34 EXEC SPC_COM_MENU '1';
2018-08-09 05:15:34 EXEC SPC_COM_M999_INQ1 '7';
2018-08-09 05:15:37 EXEC SPC_COM_MENU '1';
2018-08-09 05:15:39 EXEC SPC_COM_MENU '1';
2018-08-09 05:15:43 EXEC SPC_COM_MENU '1';
2018-08-09 05:16:54 EXEC SPC_COM_PERMISSION '1','v002';
2018-08-09 05:16:54 EXEC SPC_COM_MENU '1';
2018-08-09 05:16:54 EXEC SPC_COM_M999_INQ1 '7';
2018-08-09 05:16:58 EXEC SPC_COM_MENU '1';
2018-08-09 05:17:01 EXEC SPC_COM_MENU '1';
2018-08-09 05:17:04 EXEC SPC_COM_MENU '1';
2018-08-09 05:19:57 EXEC SPC_COM_PERMISSION '1','v002';
2018-08-09 05:19:57 EXEC SPC_COM_MENU '1';
2018-08-09 05:19:57 EXEC SPC_COM_M999_INQ1 '7';
2018-08-09 05:20:40 EXEC SPC_COM_PERMISSION '1','v002';
2018-08-09 05:20:40 EXEC SPC_COM_MENU '1';
2018-08-09 05:20:40 EXEC SPC_COM_M999_INQ1 '7';
2018-08-09 05:21:03 EXEC SPC_COM_PERMISSION '1','v002';
2018-08-09 05:21:03 EXEC SPC_COM_MENU '1';
2018-08-09 05:21:03 EXEC SPC_COM_M999_INQ1 '7';
2018-08-09 05:21:38 EXEC SPC_COM_PERMISSION '1','v002';
2018-08-09 05:21:38 EXEC SPC_COM_MENU '1';
2018-08-09 05:21:38 EXEC SPC_COM_M999_INQ1 '7';
2018-08-09 05:21:43 EXEC SPC_COM_MENU '1';
2018-08-09 05:21:44 EXEC SPC_COM_MENU '1';
2018-08-09 05:21:48 EXEC SPC_COM_MENU '1';
2018-08-09 05:22:19 EXEC SPC_COM_PERMISSION '1','v002';
2018-08-09 05:22:19 EXEC SPC_COM_MENU '1';
2018-08-09 05:22:19 EXEC SPC_COM_M999_INQ1 '7';
2018-08-09 05:22:22 EXEC SPC_COM_MENU '1';
2018-08-09 05:22:24 EXEC SPC_COM_MENU '1';
2018-08-09 05:22:28 EXEC SPC_COM_MENU '1';
2018-08-09 05:23:10 EXEC SPC_COM_PERMISSION '1','v002';
2018-08-09 05:23:10 EXEC SPC_COM_MENU '1';
2018-08-09 05:23:10 EXEC SPC_COM_M999_INQ1 '7';
2018-08-09 05:23:30 EXEC SPC_COM_PERMISSION '1','v002';
2018-08-09 05:23:30 EXEC SPC_COM_MENU '1';
2018-08-09 05:23:30 EXEC SPC_COM_M999_INQ1 '7';
2018-08-09 05:23:38 EXEC SPC_COM_PERMISSION '1','v002';
2018-08-09 05:23:38 EXEC SPC_COM_MENU '1';
2018-08-09 05:23:38 EXEC SPC_COM_M999_INQ1 '7';
2018-08-09 05:23:51 EXEC SPC_COM_PERMISSION '1','v002';
2018-08-09 05:23:51 EXEC SPC_COM_MENU '1';
2018-08-09 05:23:51 EXEC SPC_COM_M999_INQ1 '7';
2018-08-09 05:24:19 EXEC SPC_COM_PERMISSION '1','v002';
2018-08-09 05:24:19 EXEC SPC_COM_MENU '1';
2018-08-09 05:24:19 EXEC SPC_COM_M999_INQ1 '7';
2018-08-09 05:24:22 EXEC SPC_COM_MENU '1';
2018-08-09 05:24:25 EXEC SPC_COM_MENU '1';
2018-08-09 05:24:33 EXEC SPC_COM_MENU '1';
2018-08-09 05:24:33 EXEC SPC_COM_MENU '1';
2018-08-09 05:24:40 EXEC SPC_COM_MENU '1';
2018-08-09 05:24:48 EXEC SPC_COM_MENU '1';
2018-08-09 05:27:38 EXEC SPC_COM_PERMISSION '1','v002';
2018-08-09 05:27:38 EXEC SPC_COM_MENU '1';
2018-08-09 05:27:38 EXEC SPC_COM_M999_INQ1 '7';
2018-08-09 05:28:04 EXEC SPC_COM_MENU '1';
2018-08-09 05:28:08 EXEC SPC_COM_MENU '1';
2018-08-09 05:28:18 EXEC SPC_COM_MENU '1';
2018-08-09 05:28:18 EXEC SPC_COM_MENU '1';
2018-08-09 05:28:45 EXEC SPC_COM_MENU '1';
2018-08-09 05:28:55 EXEC SPC_COM_MENU '1';
2018-08-09 05:29:21 EXEC SPC_COM_PERMISSION '1','m004';
2018-08-09 05:29:21 EXEC SPC_COM_MENU '1';
2018-08-09 05:29:21 EXEC SPC_M004_FND1
2018-08-09 05:29:24 EXEC SPC_COM_PERMISSION '1','m003';
2018-08-09 05:29:24 EXEC SPC_COM_MENU '1';
2018-08-09 05:29:24 EXEC SPC_M003_FND1
2018-08-09 05:29:25 EXEC SPC_COM_MENU '1';
2018-08-09 05:29:25 EXEC SPC_M003_LST1 '','','','','10','1';
2018-08-09 05:29:31 EXEC SPC_COM_MENU '1';
2018-08-09 05:29:35 EXEC SPC_COM_MENU '1';
2018-08-09 05:29:42 EXEC SPC_COM_MENU '1';
2018-08-09 05:29:51 EXEC SPC_COM_MENU '1';
2018-08-09 05:30:16 EXEC SPC_COM_PERMISSION '1','m003';
2018-08-09 05:30:16 EXEC SPC_COM_MENU '1';
2018-08-09 05:30:16 EXEC SPC_M003_FND1
2018-08-09 05:30:44 EXEC SPC_COM_MENU '1';
2018-08-09 05:30:44 EXEC SPC_M003_LST1 '','','','','10','1';
2018-08-09 05:30:48 EXEC SPC_COM_MENU '1';
2018-08-09 05:30:57 EXEC SPC_COM_MENU '1';
2018-08-09 05:31:28 EXEC SPC_COM_MENU '1';
2018-08-09 05:32:48 EXEC SPC_COM_PERMISSION '1','m003';
2018-08-09 05:32:48 EXEC SPC_COM_MENU '1';
2018-08-09 05:32:48 EXEC SPC_M003_FND1
2018-08-09 05:32:50 EXEC SPC_COM_MENU '1';
2018-08-09 05:32:50 EXEC SPC_M003_LST1 '','','','','10','1';
2018-08-09 05:32:56 EXEC SPC_COM_MENU '1';
2018-08-09 05:32:58 EXEC SPC_COM_MENU '1';
2018-08-09 05:33:09 EXEC SPC_COM_MENU '1';
2018-08-09 05:33:14 EXEC SPC_COM_MENU '1';
2018-08-09 05:33:47 EXEC SPC_COM_PERMISSION '1','m003';
2018-08-09 05:33:47 EXEC SPC_COM_MENU '1';
2018-08-09 05:33:47 EXEC SPC_M003_FND1
2018-08-09 05:33:51 EXEC SPC_COM_MENU '1';
2018-08-09 05:33:51 EXEC SPC_M003_LST1 '','','','','10','1';
2018-08-09 05:33:54 EXEC SPC_COM_MENU '1';
2018-08-09 05:33:56 EXEC SPC_COM_MENU '1';
2018-08-09 05:33:59 EXEC SPC_COM_MENU '1';
2018-08-09 05:34:01 EXEC SPC_COM_MENU '1';
2018-08-09 05:34:04 EXEC SPC_COM_MENU '1';
2018-08-09 05:34:11 EXEC SPC_COM_MENU '1';
2018-08-09 05:34:13 EXEC SPC_COM_MENU '1';
2018-08-09 05:34:48 EXEC SPC_COM_PERMISSION '1','m003';
2018-08-09 05:34:48 EXEC SPC_COM_MENU '1';
2018-08-09 05:34:48 EXEC SPC_M003_FND1
2018-08-09 05:34:51 EXEC SPC_COM_MENU '1';
2018-08-09 05:34:51 EXEC SPC_M003_LST1 '','','','','10','1';
2018-08-09 05:34:55 EXEC SPC_COM_MENU '1';
2018-08-09 05:34:57 EXEC SPC_COM_MENU '1';
2018-08-09 05:35:25 EXEC SPC_COM_MENU '1';
2018-08-09 05:36:29 EXEC SPC_COM_PERMISSION '1','m003';
2018-08-09 05:36:29 EXEC SPC_COM_MENU '1';
2018-08-09 05:36:29 EXEC SPC_M003_FND1
2018-08-09 05:36:31 EXEC SPC_COM_MENU '1';
2018-08-09 05:36:31 EXEC SPC_M003_LST1 '','','','','10','1';
2018-08-09 05:36:39 EXEC SPC_COM_MENU '1';
2018-08-09 05:36:42 EXEC SPC_COM_MENU '1';
2018-08-09 05:36:47 EXEC SPC_COM_MENU '1';
2018-08-09 05:37:18 EXEC SPC_COM_MENU '1';
2018-08-09 05:37:57 EXEC SPC_COM_PERMISSION '1','m003';
2018-08-09 05:37:57 EXEC SPC_COM_MENU '1';
2018-08-09 05:37:57 EXEC SPC_M003_FND1
2018-08-09 05:37:59 EXEC SPC_COM_MENU '1';
2018-08-09 05:37:59 EXEC SPC_M003_LST1 '','','','','10','1';
2018-08-09 05:38:04 EXEC SPC_COM_MENU '1';
2018-08-09 05:38:09 EXEC SPC_COM_MENU '1';
2018-08-09 05:38:15 EXEC SPC_COM_MENU '1';
2018-08-09 05:38:17 EXEC SPC_COM_MENU '1';
2018-08-09 05:40:14 EXEC SPC_COM_PERMISSION '1','m003';
2018-08-09 05:40:14 EXEC SPC_COM_MENU '1';
2018-08-09 05:40:14 EXEC SPC_M003_FND1
2018-08-09 05:40:20 EXEC SPC_COM_MENU '1';
2018-08-09 05:40:29 EXEC SPC_COM_PERMISSION '1','m003';
2018-08-09 05:40:29 EXEC SPC_COM_MENU '1';
2018-08-09 05:40:29 EXEC SPC_M003_FND1
2018-08-09 05:41:01 EXEC SPC_COM_PERMISSION '1','m003';
2018-08-09 05:41:01 EXEC SPC_COM_MENU '1';
2018-08-09 05:41:01 EXEC SPC_M003_FND1
2018-08-09 05:41:05 EXEC SPC_COM_MENU '1';
2018-08-09 05:41:36 EXEC SPC_COM_PERMISSION '1','m003';
2018-08-09 05:41:36 EXEC SPC_COM_MENU '1';
2018-08-09 05:41:36 EXEC SPC_M003_FND1
2018-08-09 05:41:57 EXEC SPC_COM_PERMISSION '1','m003';
2018-08-09 05:41:57 EXEC SPC_COM_MENU '1';
2018-08-09 05:41:57 EXEC SPC_M003_FND1
2018-08-09 05:42:01 EXEC SPC_COM_MENU '1';
2018-08-09 05:42:03 EXEC SPC_COM_MENU '1';
2018-08-09 05:42:08 EXEC SPC_COM_MENU '1';
2018-08-09 05:42:24 EXEC SPC_COM_PERMISSION '1','m003';
2018-08-09 05:42:24 EXEC SPC_COM_MENU '1';
2018-08-09 05:42:24 EXEC SPC_M003_FND1
2018-08-09 05:42:30 EXEC SPC_COM_MENU '1';
2018-08-09 05:42:38 EXEC SPC_COM_MENU '1';
2018-08-09 05:42:59 EXEC SPC_COM_PERMISSION '1','m003';
2018-08-09 05:42:59 EXEC SPC_COM_MENU '1';
2018-08-09 05:42:59 EXEC SPC_M003_FND1
2018-08-09 05:43:07 EXEC SPC_COM_MENU '1';
2018-08-09 05:43:07 EXEC SPC_M003_LST1 '','','','','10','1';
2018-08-09 05:43:16 EXEC SPC_COM_MENU '1';
2018-08-09 05:43:18 EXEC SPC_COM_MENU '1';
2018-08-09 05:43:26 EXEC SPC_COM_MENU '1';
2018-08-09 05:43:27 EXEC SPC_COM_MENU '1';
2018-08-09 05:43:31 EXEC SPC_COM_MENU '1';
2018-08-09 05:43:41 EXEC SPC_COM_MENU '1';
2018-08-09 05:43:50 EXEC SPC_COM_MENU '1';
2018-08-09 05:43:57 EXEC SPC_COM_MENU '1';
2018-08-09 05:44:00 EXEC SPC_COM_MENU '1';
2018-08-09 05:44:04 EXEC SPC_COM_MENU '1';
2018-08-09 05:44:07 EXEC SPC_COM_MENU '1';
2018-08-09 05:44:09 EXEC SPC_COM_MENU '1';
2018-08-09 05:44:11 EXEC SPC_COM_PERMISSION '1','m003';
2018-08-09 05:44:11 EXEC SPC_COM_MENU '1';
2018-08-09 05:44:11 EXEC SPC_M003_FND1
2018-08-09 05:44:13 EXEC SPC_COM_MENU '1';
2018-08-09 05:44:13 EXEC SPC_M003_LST1 '','','','','10','1';
2018-08-09 05:44:16 EXEC SPC_COM_MENU '1';
2018-08-09 05:44:19 EXEC SPC_COM_MENU '1';
2018-08-09 05:44:20 EXEC SPC_COM_MENU '1';
2018-08-09 05:44:22 EXEC SPC_COM_MENU '1';
2018-08-09 05:44:42 EXEC SPC_COM_PERMISSION '1','m003';
2018-08-09 05:44:42 EXEC SPC_COM_MENU '1';
2018-08-09 05:44:42 EXEC SPC_M003_FND1
2018-08-09 05:45:05 EXEC SPC_COM_PERMISSION '1','m003';
2018-08-09 05:45:05 EXEC SPC_COM_MENU '1';
2018-08-09 05:45:05 EXEC SPC_M003_FND1
2018-08-09 05:45:11 EXEC SPC_COM_MENU '1';
2018-08-09 05:45:11 EXEC SPC_M003_LST1 '','','','','10','1';
2018-08-09 05:45:19 EXEC SPC_COM_MENU '1';
2018-08-09 05:45:20 EXEC SPC_COM_MENU '1';
2018-08-09 05:45:38 EXEC SPC_COM_MENU '1';
2018-08-09 05:45:41 EXEC SPC_COM_MENU '1';
2018-08-09 05:45:46 EXEC SPC_COM_MENU '1';
2018-08-09 05:46:16 EXEC SPC_COM_PERMISSION '1','m003';
2018-08-09 05:46:16 EXEC SPC_COM_MENU '1';
2018-08-09 05:46:16 EXEC SPC_M003_FND1
2018-08-09 05:46:58 EXEC SPC_COM_PERMISSION '1','m003';
2018-08-09 05:46:58 EXEC SPC_COM_MENU '1';
2018-08-09 05:46:58 EXEC SPC_M003_FND1
2018-08-09 05:47:02 EXEC SPC_COM_MENU '1';
2018-08-09 05:47:05 EXEC SPC_COM_MENU '1';
2018-08-09 05:47:13 EXEC SPC_COM_MENU '1';
2018-08-09 05:47:13 EXEC SPC_M003_LST1 '','','','','10','1';
2018-08-09 05:47:13 EXEC SPC_COM_MENU '1';
2018-08-09 05:48:06 EXEC SPC_COM_PERMISSION '1','m003';
2018-08-09 05:48:06 EXEC SPC_COM_MENU '1';
2018-08-09 05:48:06 EXEC SPC_M003_FND1
2018-08-09 05:48:08 EXEC SPC_COM_MENU '1';
2018-08-09 05:48:08 EXEC SPC_M003_LST1 '','','','','10','1';
2018-08-09 05:48:12 EXEC SPC_COM_MENU '1';
2018-08-09 05:48:14 EXEC SPC_COM_MENU '1';
2018-08-09 05:48:18 EXEC SPC_COM_MENU '1';
2018-08-09 05:48:21 EXEC SPC_COM_MENU '1';
2018-08-09 05:48:21 EXEC SPC_M003_ACT1 '<row row_id="1" avarta="/uploads/cropped-image5b6a9c4a85e85_20180809 0505080812121533793692755.jpg" emp_id="EMP-56" family_nm="Khoai Lang" first_name="Nướng" email="khoai@gmail.com" cellphone="11122114" sex="2" birth_date="18/12/1993" department_id="DEP-1" employee_div="2" remark="Nhân viên gần cùi" />','ndq809','127.0.0.1';
2018-08-09 05:48:21 EXEC SPC_COM_MENU '1';
2018-08-09 05:48:21 EXEC SPC_M003_LST1 '','','','','10','1';
2018-08-09 05:48:21 EXEC SPC_COM_MENU '1';
2018-08-09 05:53:44 EXEC SPC_COM_MENU '1';
2018-08-09 05:54:44 EXEC SPC_COM_PERMISSION '1','m003';
2018-08-09 05:54:44 EXEC SPC_COM_MENU '1';
2018-08-09 05:54:44 EXEC SPC_M003_FND1
2018-08-09 05:54:47 EXEC SPC_COM_MENU '1';
2018-08-09 05:54:47 EXEC SPC_M003_LST1 '','','','','10','1';
2018-08-09 05:54:54 EXEC SPC_COM_MENU '1';
2018-08-09 05:54:56 EXEC SPC_COM_MENU '1';
2018-08-09 05:55:03 EXEC SPC_COM_MENU '1';
2018-08-09 05:55:09 EXEC SPC_COM_MENU '1';
2018-08-09 05:55:10 EXEC SPC_COM_MENU '1';
2018-08-09 05:55:17 EXEC SPC_COM_MENU '1';
2018-08-09 05:55:26 EXEC SPC_COM_PERMISSION '1','m003';
2018-08-09 05:55:26 EXEC SPC_COM_MENU '1';
2018-08-09 05:55:26 EXEC SPC_M003_FND1
2018-08-09 05:56:42 EXEC SPC_COM_MENU '1';
2018-08-09 05:56:50 EXEC SPC_COM_MENU '1';
2018-08-09 05:58:02 EXEC SPC_COM_MENU '1';
2018-08-09 05:58:50 EXEC SPC_COM_PERMISSION '1','m003';
2018-08-09 05:58:50 EXEC SPC_COM_MENU '1';
2018-08-09 05:58:50 EXEC SPC_M003_FND1
2018-08-09 05:58:54 EXEC SPC_COM_MENU '1';
2018-08-09 05:58:59 EXEC SPC_COM_MENU '1';
2018-08-09 05:59:02 EXEC SPC_COM_PERMISSION '1','m004';
2018-08-09 05:59:02 EXEC SPC_COM_MENU '1';
2018-08-09 05:59:02 EXEC SPC_M004_FND1
2018-08-09 05:59:06 EXEC SPC_COM_MENU '1';
2018-08-09 05:59:09 EXEC SPC_COM_MENU '1';
2018-08-09 05:59:11 EXEC SPC_COM_MENU '1';
2018-08-09 05:59:46 EXEC SPC_COM_PERMISSION '1','v002';
2018-08-09 05:59:46 EXEC SPC_COM_MENU '1';
2018-08-09 05:59:46 EXEC SPC_COM_M999_INQ1 '7';
2018-08-09 06:00:20 EXEC SPC_COM_PERMISSION '1','m004';
2018-08-09 06:00:20 EXEC SPC_COM_MENU '1';
2018-08-09 06:00:20 EXEC SPC_M004_FND1
2018-08-09 06:00:49 EXEC SPC_COM_MENU '1';
2018-08-09 06:00:56 EXEC SPC_COM_MENU '1';
2018-08-09 06:00:59 EXEC SPC_COM_MENU '1';
2018-08-09 06:02:07 EXEC SPC_COM_PERMISSION '1','m004';
2018-08-09 06:02:07 EXEC SPC_COM_MENU '1';
2018-08-09 06:02:07 EXEC SPC_M004_FND1
2018-08-09 06:02:18 EXEC SPC_COM_PERMISSION '1','s003';
2018-08-09 06:02:18 EXEC SPC_COM_MENU '1';
2018-08-09 06:02:18 EXEC SPC_S003_FND1
2018-08-09 06:02:21 EXEC SPC_COM_PERMISSION '1','v002';
2018-08-09 06:02:21 EXEC SPC_COM_MENU '1';
2018-08-09 06:02:21 EXEC SPC_COM_M999_INQ1 '7';
2018-08-09 06:03:11 EXEC SPC_COM_PERMISSION '1','v002';
2018-08-09 06:03:11 EXEC SPC_COM_MENU '1';
2018-08-09 06:03:11 EXEC SPC_COM_M999_INQ1 '7';
2018-08-09 06:03:18 EXEC SPC_COM_PERMISSION '1','v002';
2018-08-09 06:03:18 EXEC SPC_COM_MENU '1';
2018-08-09 06:03:18 EXEC SPC_COM_M999_INQ1 '7';
2018-08-09 06:03:27 EXEC SPC_COM_PERMISSION '1','v002';
2018-08-09 06:03:28 EXEC SPC_COM_MENU '1';
2018-08-09 06:03:28 EXEC SPC_COM_M999_INQ1 '7';
2018-08-09 06:03:44 EXEC SPC_COM_PERMISSION '1','v002';
2018-08-09 06:03:44 EXEC SPC_COM_MENU '1';
2018-08-09 06:03:44 EXEC SPC_COM_M999_INQ1 '7';
2018-08-09 06:03:51 EXEC SPC_COM_PERMISSION '1','v002';
2018-08-09 06:03:51 EXEC SPC_COM_MENU '1';
2018-08-09 06:03:51 EXEC SPC_COM_M999_INQ1 '7';
2018-08-09 06:04:24 EXEC SPC_COM_PERMISSION '1','v002';
2018-08-09 06:04:24 EXEC SPC_COM_MENU '1';
2018-08-09 06:04:24 EXEC SPC_COM_M999_INQ1 '7';
2018-08-09 06:04:47 EXEC SPC_COM_MENU '1';
2018-08-09 06:04:50 EXEC SPC_COM_MENU '1';
2018-08-09 06:04:56 EXEC SPC_COM_MENU '1';
2018-08-09 06:08:34 EXEC SPC_COM_PERMISSION '1','v002';
2018-08-09 06:08:34 EXEC SPC_COM_MENU '1';
2018-08-09 06:08:34 EXEC SPC_COM_M999_INQ1 '7';
2018-08-09 06:08:37 EXEC SPC_COM_MENU '1';
2018-08-09 06:08:48 EXEC SPC_COM_PERMISSION '1','m003';
2018-08-09 06:08:48 EXEC SPC_COM_MENU '1';
2018-08-09 06:08:48 EXEC SPC_M003_FND1
2018-08-09 06:10:22 EXEC SPC_COM_MENU '1';
2018-08-09 06:10:25 EXEC SPC_COM_MENU '1';
2018-08-09 06:10:28 EXEC SPC_COM_MENU '1';
2018-08-09 06:10:28 EXEC SPC_M003_LST1 '','','','','10','1';
2018-08-09 06:31:31 EXEC SPC_COM_PERMISSION '1','m003';
2018-08-09 06:31:31 EXEC SPC_COM_MENU '1';
2018-08-09 06:31:31 EXEC SPC_M003_FND1
2018-08-09 06:31:37 EXEC SPC_COM_MENU '1';
2018-08-09 06:31:41 EXEC SPC_COM_MENU '1';
2018-08-09 06:31:41 EXEC SPC_M003_LST1 '','','','','10','1';
2018-08-09 06:31:45 EXEC SPC_COM_PERMISSION '1','m003';
2018-08-09 06:31:45 EXEC SPC_COM_MENU '1';
2018-08-09 06:31:45 EXEC SPC_M003_FND1
2018-08-09 06:36:18 EXEC SPC_COM_PERMISSION '1','m003';
2018-08-09 06:36:18 EXEC SPC_COM_MENU '1';
2018-08-09 06:36:18 EXEC SPC_M003_FND1
2018-08-09 06:36:20 EXEC SPC_COM_MENU '1';
2018-08-09 06:36:23 EXEC SPC_COM_MENU '1';
2018-08-09 06:36:25 EXEC SPC_COM_MENU '1';
2018-08-09 06:36:25 EXEC SPC_M003_LST1 '','','','','10','1';
2018-08-09 06:46:34 EXEC SPC_COM_PERMISSION '1','m003';
2018-08-09 06:46:34 EXEC SPC_COM_MENU '1';
2018-08-09 06:46:34 EXEC SPC_M003_FND1
2018-08-09 06:46:35 EXEC SPC_COM_MENU '1';
2018-08-09 06:46:35 EXEC SPC_M003_LST1 '','','','','10','1';
2018-08-09 06:50:10 EXEC SPC_COM_PERMISSION '1','m003';
2018-08-09 06:50:10 EXEC SPC_COM_MENU '1';
2018-08-09 06:50:11 EXEC SPC_M003_FND1
2018-08-09 06:50:18 EXEC SPC_COM_MENU '1';
2018-08-09 06:50:31 EXEC SPC_COM_MENU '1';
2018-08-09 06:50:31 EXEC SPC_M003_LST1 '','','','','10','1';
2018-08-09 06:50:42 EXEC SPC_COM_MENU '1';
2018-08-09 06:51:32 EXEC SPC_COM_MENU '1';
2018-08-09 06:51:34 EXEC SPC_COM_MENU '1';
2018-08-09 06:51:42 EXEC SPC_COM_MENU '1';
2018-08-09 06:52:06 EXEC SPC_COM_PERMISSION '1','m003';
2018-08-09 06:52:06 EXEC SPC_COM_MENU '1';
2018-08-09 06:52:06 EXEC SPC_M003_FND1
2018-08-09 06:52:12 EXEC SPC_COM_MENU '1';
2018-08-09 06:52:12 EXEC SPC_M003_LST1 '','','','','10','1';
2018-08-09 06:52:18 EXEC SPC_COM_MENU '1';
2018-08-09 06:52:20 EXEC SPC_COM_MENU '1';
2018-08-09 06:52:26 EXEC SPC_COM_MENU '1';
2018-08-09 06:52:31 EXEC SPC_COM_MENU '1';
2018-08-09 06:52:31 EXEC SPC_M003_LST1 '','','','','10','1';
2018-08-09 06:52:40 EXEC SPC_COM_PERMISSION '1','m003';
2018-08-09 06:52:40 EXEC SPC_COM_MENU '1';
2018-08-09 06:52:40 EXEC SPC_M003_FND1
2018-08-09 06:52:43 EXEC SPC_COM_MENU '1';
2018-08-09 06:52:43 EXEC SPC_M003_LST1 '','','','','10','1';
2018-08-09 06:52:46 EXEC SPC_COM_MENU '1';
2018-08-09 06:52:48 EXEC SPC_COM_MENU '1';
2018-08-09 06:52:59 EXEC SPC_COM_PERMISSION '1','m003';
2018-08-09 06:52:59 EXEC SPC_COM_MENU '1';
2018-08-09 06:52:59 EXEC SPC_M003_FND1
2018-08-09 06:53:01 EXEC SPC_COM_MENU '1';
2018-08-09 06:53:01 EXEC SPC_M003_LST1 '','','','','10','1';
2018-08-09 06:53:06 EXEC SPC_COM_MENU '1';
2018-08-09 06:53:08 EXEC SPC_COM_MENU '1';
2018-08-09 06:53:09 EXEC SPC_COM_MENU '1';
2018-08-09 06:53:14 EXEC SPC_COM_MENU '1';
2018-08-09 06:53:14 EXEC SPC_M003_ACT1 '<row row_id="1" avarta="/uploads/cropped-image5b6a9c4a85e85_20180809 0606080806061533797586668.jpg" emp_id="EMP-56" family_nm="Khoai Lang" first_name="Nướng" email="khoai@gmail.com" cellphone="11122114" sex="2" birth_date="18/12/1993" department_id="DEP-1" employee_div="2" remark="Nhân viên gần cùi" />','ndq809','127.0.0.1';
2018-08-09 06:53:14 EXEC SPC_COM_MENU '1';
2018-08-09 06:53:14 EXEC SPC_M003_LST1 '','','','','10','1';
2018-08-09 06:53:22 EXEC SPC_COM_MENU '1';
2018-08-09 06:58:23 EXEC SPC_COM_PERMISSION '1','m003';
2018-08-09 06:58:23 EXEC SPC_COM_MENU '1';
2018-08-09 06:58:23 EXEC SPC_M003_FND1
2018-08-09 06:58:25 EXEC SPC_COM_MENU '1';
2018-08-09 06:58:25 EXEC SPC_M003_LST1 '','','','','10','1';
2018-08-09 06:58:36 EXEC SPC_COM_PERMISSION '1','m003';
2018-08-09 06:58:36 EXEC SPC_COM_MENU '1';
2018-08-09 06:58:36 EXEC SPC_M003_FND1
2018-08-09 06:59:07 EXEC SPC_COM_PERMISSION '1','m003';
2018-08-09 06:59:07 EXEC SPC_COM_MENU '1';
2018-08-09 06:59:07 EXEC SPC_M003_FND1
2018-08-09 06:59:10 EXEC SPC_COM_MENU '1';
2018-08-09 06:59:12 EXEC SPC_COM_MENU '1';
2018-08-09 06:59:14 EXEC SPC_COM_PERMISSION '1','m003';
2018-08-09 06:59:14 EXEC SPC_COM_MENU '1';
2018-08-09 06:59:14 EXEC SPC_M003_FND1
2018-08-09 06:59:15 EXEC SPC_COM_MENU '1';
2018-08-09 06:59:15 EXEC SPC_M003_LST1 '','','','','10','1';
2018-08-09 06:59:22 EXEC SPC_COM_MENU '1';
2018-08-09 06:59:25 EXEC SPC_COM_MENU '1';
2018-08-09 06:59:30 EXEC SPC_COM_MENU '1';
2018-08-09 07:03:12 EXEC SPC_COM_PERMISSION '1','m003';
2018-08-09 07:03:12 EXEC SPC_COM_MENU '1';
2018-08-09 07:03:12 EXEC SPC_M003_FND1
2018-08-09 07:03:14 EXEC SPC_COM_MENU '1';
2018-08-09 07:03:14 EXEC SPC_M003_LST1 '','','','','10','1';
2018-08-09 07:03:21 EXEC SPC_COM_MENU '1';
2018-08-09 07:03:23 EXEC SPC_COM_MENU '1';
2018-08-09 07:03:24 EXEC SPC_COM_MENU '1';
2018-08-09 07:03:32 EXEC SPC_COM_MENU '1';
2018-08-09 07:03:37 EXEC SPC_COM_MENU '1';
2018-08-09 07:03:41 EXEC SPC_COM_MENU '1';
2018-08-09 07:03:43 EXEC SPC_COM_MENU '1';
2018-08-09 07:03:43 EXEC SPC_M003_ACT1 '<row row_id="1" avarta="/uploads/cropped-image5b62cf96ac52a_20180809 0707080821211533798201659.jpg" emp_id="EMP-56" family_nm="Khoai Lang" first_name="Nướng" email="khoai@gmail.com" cellphone="11122114" sex="2" birth_date="18/12/1993" department_id="DEP-1" employee_div="2" remark="Nhân viên gần cùi" /><row row_id="2" avarta="/uploads/cropped-image5b6a6b6562b55_20180809 0707080832321533798212599.jpg" emp_id="EMP-69" family_nm="Nguyễn Đình" first_name="Quý" email="quynd809@gmail.com" cellphone="0123456789" sex="1" birth_date="08/09/1993" department_id="" employee_div="1" remark="Quản trị viên" />','ndq809','127.0.0.1';
2018-08-09 07:04:03 EXEC SPC_COM_MENU '1';
2018-08-09 07:04:03 EXEC SPC_COM_MENU '1';
2018-08-09 07:04:03 EXEC SPC_P001_LST1 '','50';
2018-08-09 07:04:06 EXEC SPC_COM_MENU '1';
2018-08-09 07:04:10 EXEC SPC_COM_MENU '1';
2018-08-09 07:04:10 EXEC SPC_M003_ACT1 '<row row_id="1" avarta="/uploads/cropped-image5b62cf96ac52a_20180809 0707080821211533798201659.jpg" emp_id="EMP-56" family_nm="Khoai Lang" first_name="Nướng" email="khoai@gmail.com" cellphone="11122114" sex="2" birth_date="18/12/1993" department_id="DEP-1" employee_div="2" remark="Nhân viên gần cùi" /><row row_id="2" avarta="/uploads/cropped-image5b6a6b6562b55_20180809 0707080832321533798212599.jpg" emp_id="EMP-69" family_nm="Nguyễn Đình" first_name="Quý" email="quynd809@gmail.com" cellphone="0123456789" sex="1" birth_date="08/09/1993" department_id="DEP-3" employee_div="1" remark="Quản trị viên" />','ndq809','127.0.0.1';
2018-08-09 07:04:10 EXEC SPC_COM_MENU '1';
2018-08-09 07:04:10 EXEC SPC_M003_LST1 '','','','','10','1';
2018-08-09 07:06:42 EXEC SPC_COM_PERMISSION '1','m003';
2018-08-09 07:06:42 EXEC SPC_COM_MENU '1';
2018-08-09 07:06:42 EXEC SPC_M003_FND1
2018-08-09 07:06:43 EXEC SPC_COM_MENU '1';
2018-08-09 07:06:43 EXEC SPC_M003_LST1 '','','','','10','1';
2018-08-09 07:06:49 EXEC SPC_COM_MENU '1';
2018-08-09 07:06:50 EXEC SPC_COM_MENU '1';
2018-08-09 07:06:55 EXEC SPC_COM_MENU '1';
2018-08-09 07:06:55 EXEC SPC_COM_MENU '1';
2018-08-09 07:06:59 EXEC SPC_COM_MENU '1';
2018-08-09 07:07:01 EXEC SPC_COM_MENU '1';
2018-08-09 07:07:06 EXEC SPC_COM_MENU '1';
2018-08-09 07:07:07 EXEC SPC_COM_MENU '1';
2018-08-09 07:07:10 EXEC SPC_COM_MENU '1';
2018-08-09 07:07:15 EXEC SPC_COM_MENU '1';
2018-08-09 07:07:23 EXEC SPC_COM_MENU '1';
2018-08-09 07:07:29 EXEC SPC_COM_MENU '1';
2018-08-09 07:07:29 EXEC SPC_COM_MENU '1';
2018-08-09 07:07:37 EXEC SPC_COM_MENU '1';
2018-08-09 07:07:45 EXEC SPC_COM_MENU '1';
2018-08-09 07:07:50 EXEC SPC_COM_MENU '1';
2018-08-09 07:07:55 EXEC SPC_COM_MENU '1';
2018-08-09 07:07:56 EXEC SPC_COM_MENU '1';
2018-08-09 07:07:59 EXEC SPC_COM_MENU '1';
2018-08-09 07:07:59 EXEC SPC_M003_ACT1 '<row row_id="1" avarta="/uploads/cropped-image5b6a9c4a85e85_20180809 0707080806061533798426100.jpg" emp_id="EMP-56" family_nm="Khoai Lang" first_name="Nướng" email="khoai@gmail.com" cellphone="11122114" sex="2" birth_date="18/12/1993" department_id="DEP-1" employee_div="2" remark="Nhân viên gần cùi" /><row row_id="2" avarta="/uploads/cropped-image5b62e4521bfe8_20180809 0707080850501533798470846.jpg" emp_id="EMP-69" family_nm="Nguyễn Đình" first_name="Quý" email="quynd809@gmail.com" cellphone="0123456789" sex="1" birth_date="08/09/1993" department_id="DEP-3" employee_div="1" remark="Quản trị viên" />','ndq809','127.0.0.1';
2018-08-09 07:08:00 EXEC SPC_COM_MENU '1';
2018-08-09 07:08:00 EXEC SPC_M003_LST1 '','','','','10','1';
2018-08-09 07:11:46 EXEC SPC_COM_MENU '1';
2018-08-09 07:11:57 EXEC SPC_COM_MENU '1';
2018-08-09 07:12:04 EXEC SPC_COM_MENU '1';
2018-08-09 07:12:06 EXEC SPC_COM_MENU '1';
2018-08-09 07:12:06 EXEC SPC_M003_ACT1 '<row row_id="3" avarta="/uploads/cropped-avarta_20180809 0707080846461533798706699.jpg" emp_id="EMP-70" family_nm="Linh" first_name="Lan" email="linhlan@gmail.com" cellphone="11223344" sex="2" birth_date="18/05/2003" department_id="DEP-2" employee_div="2" remark="dasdasdada" />','ndq809','127.0.0.1';
2018-08-09 07:12:07 EXEC SPC_COM_MENU '1';
2018-08-09 07:12:07 EXEC SPC_M003_LST1 '','','','','10','1';
2018-08-09 07:12:12 EXEC SPC_COM_MENU '1';
2018-08-09 07:12:12 EXEC SPC_M003_LST1 '','','','','10','2';
2018-08-09 07:12:14 EXEC SPC_COM_MENU '1';
2018-08-09 07:12:14 EXEC SPC_M003_LST1 '','','','','10','1';
2018-08-09 07:12:19 EXEC SPC_COM_MENU '1';
2018-08-09 07:12:27 EXEC SPC_COM_MENU '1';
2018-08-09 07:12:27 EXEC SPC_M003_ACT1 '<row row_id="3" avarta="/uploads/cropped-avarta_20180809 0707080846461533798706699.jpg" emp_id="EMP-70" family_nm="Linh" first_name="Lan" email="linhlan@gmail.com" cellphone="11223344" sex="2" birth_date="18/05/2003" department_id="DEP-2" employee_div="2" remark="dasdasdada" />','ndq809','127.0.0.1';
2018-08-09 07:12:27 EXEC SPC_COM_MENU '1';
2018-08-09 07:12:27 EXEC SPC_M003_LST1 '','','','','10','2';
2018-08-09 07:13:14 EXEC SPC_COM_MENU '1';
2018-08-09 07:13:25 EXEC SPC_COM_MENU '1';
2018-08-09 07:13:34 EXEC SPC_COM_MENU '1';
2018-08-09 07:13:37 EXEC SPC_COM_MENU '1';
2018-08-09 07:13:37 EXEC SPC_M003_ACT1 '<row row_id="1" avarta="/uploads/cropped-agreement_20180809 0707080814141533798794524.jpg" emp_id="EMP-89" family_nm="Đình" first_name="kakaka" email="khoai@gmail.com" cellphone="123456789" sex="1" birth_date="16/10/2013" department_id="DEP-1" employee_div="3" remark="không thèm ghi chú" />','ndq809','127.0.0.1';
2018-08-09 07:13:37 EXEC SPC_COM_MENU '1';
2018-08-09 07:13:37 EXEC SPC_M003_LST1 '','','','','10','2';
2018-08-09 07:13:50 EXEC SPC_COM_MENU '1';
2018-08-09 07:13:50 EXEC SPC_M003_LST1 '','','','1','10','1';
2018-08-09 07:15:11 EXEC SPC_COM_MENU '1';
2018-08-09 07:15:11 EXEC SPC_COMMON_REFER 'p001','DEP-3';
2018-08-09 07:15:16 EXEC SPC_COM_MENU '1';
2018-08-09 07:15:16 EXEC SPC_COMMON_REFER 'p001','DEP-3';
2018-08-09 07:15:39 EXEC SPC_COM_MENU '1';
2018-08-09 07:16:30 EXEC SPC_COM_PERMISSION '1','v002';
2018-08-09 07:16:30 EXEC SPC_COM_MENU '1';
2018-08-09 07:16:30 EXEC SPC_COM_M999_INQ1 '7';
2018-08-09 07:17:05 EXEC SPC_COM_PERMISSION '1','v002';
2018-08-09 07:17:05 EXEC SPC_COM_MENU '1';
2018-08-09 07:17:05 EXEC SPC_COM_M999_INQ1 '7';
2018-08-09 07:18:23 EXEC SPC_COM_MENU '1';
2018-08-09 07:18:28 EXEC SPC_COM_MENU '1';
2018-08-09 07:18:39 EXEC SPC_COM_MENU '1';
2018-08-09 07:20:29 EXEC SPC_COM_PERMISSION '1','m004';
2018-08-09 07:20:29 EXEC SPC_COM_MENU '1';
2018-08-09 07:20:29 EXEC SPC_M004_FND1
2018-08-09 07:21:20 EXEC SPC_COM_PERMISSION '1','m004';
2018-08-09 07:21:20 EXEC SPC_COM_MENU '1';
2018-08-09 07:21:20 EXEC SPC_M004_FND1
2018-08-09 07:21:53 EXEC SPC_COM_PERMISSION '1','m004';
2018-08-09 07:21:53 EXEC SPC_COM_MENU '1';
2018-08-09 07:21:53 EXEC SPC_M004_FND1
2018-08-09 07:22:40 EXEC SPC_COM_PERMISSION '1','v002';
2018-08-09 07:22:40 EXEC SPC_COM_MENU '1';
2018-08-09 07:22:40 EXEC SPC_COM_M999_INQ1 '7';
2018-08-09 07:22:53 EXEC SPC_COM_PERMISSION '1','m004';
2018-08-09 07:22:53 EXEC SPC_COM_MENU '1';
2018-08-09 07:22:53 EXEC SPC_M004_FND1
2018-08-09 07:24:14 EXEC SPC_COM_PERMISSION '1','v002';
2018-08-09 07:24:14 EXEC SPC_COM_MENU '1';
2018-08-09 07:24:14 EXEC SPC_COM_M999_INQ1 '7';
2018-08-09 07:24:26 EXEC SPC_COM_PERMISSION '1','v002';
2018-08-09 07:24:26 EXEC SPC_COM_MENU '1';
2018-08-09 07:24:26 EXEC SPC_COM_M999_INQ1 '7';
2018-08-09 07:26:18 EXEC SPC_COM_PERMISSION '1','v002';
2018-08-09 07:26:18 EXEC SPC_COM_MENU '1';
2018-08-09 07:26:18 EXEC SPC_COM_M999_INQ1 '7';
2018-08-09 07:27:57 EXEC SPC_COM_PERMISSION '1','m004';
2018-08-09 07:27:57 EXEC SPC_COM_MENU '1';
2018-08-09 07:27:57 EXEC SPC_M004_FND1
2018-08-09 07:28:25 EXEC SPC_COM_PERMISSION '1','m004';
2018-08-09 07:28:25 EXEC SPC_COM_MENU '1';
2018-08-09 07:28:25 EXEC SPC_M004_FND1
2018-08-09 07:29:43 EXEC SPC_COM_PERMISSION '1','m004';
2018-08-09 07:29:43 EXEC SPC_COM_MENU '1';
2018-08-09 07:29:43 EXEC SPC_M004_FND1
2018-08-09 07:29:52 EXEC SPC_COM_PERMISSION '1','m004';
2018-08-09 07:29:52 EXEC SPC_COM_MENU '1';
2018-08-09 07:29:52 EXEC SPC_M004_FND1
2018-08-09 07:30:08 EXEC SPC_COM_PERMISSION '1','m004';
2018-08-09 07:30:08 EXEC SPC_COM_MENU '1';
2018-08-09 07:30:08 EXEC SPC_M004_FND1
2018-08-09 07:30:24 EXEC SPC_COM_PERMISSION '1','m004';
2018-08-09 07:30:24 EXEC SPC_COM_MENU '1';
2018-08-09 07:30:24 EXEC SPC_M004_FND1
2018-08-09 07:31:57 EXEC SPC_COM_PERMISSION '1','m004';
2018-08-09 07:31:57 EXEC SPC_COM_MENU '1';
2018-08-09 07:31:57 EXEC SPC_M004_FND1
2018-08-09 07:32:08 EXEC SPC_COM_PERMISSION '1','v002';
2018-08-09 07:32:08 EXEC SPC_COM_MENU '1';
2018-08-09 07:32:08 EXEC SPC_COM_M999_INQ1 '7';
2018-08-09 07:36:20 EXEC SPC_COM_PERMISSION '1','v002';
2018-08-09 07:36:21 EXEC SPC_COM_MENU '1';
2018-08-09 07:36:21 EXEC SPC_COM_M999_INQ1 '7';
2018-08-09 07:36:48 EXEC SPC_COM_PERMISSION '1','v002';
2018-08-09 07:36:48 EXEC SPC_COM_MENU '1';
2018-08-09 07:36:48 EXEC SPC_COM_M999_INQ1 '7';
2018-08-09 07:38:03 EXEC SPC_COM_PERMISSION '1','v002';
2018-08-09 07:38:03 EXEC SPC_COM_MENU '1';
2018-08-09 07:38:03 EXEC SPC_COM_M999_INQ1 '7';
2018-08-09 07:38:59 EXEC SPC_COM_PERMISSION '1','v002';
2018-08-09 07:38:59 EXEC SPC_COM_MENU '1';
2018-08-09 07:38:59 EXEC SPC_COM_M999_INQ1 '7';
2018-08-09 07:39:51 EXEC SPC_COM_PERMISSION '1','v002';
2018-08-09 07:39:51 EXEC SPC_COM_MENU '1';
2018-08-09 07:39:51 EXEC SPC_COM_M999_INQ1 '7';
2018-08-09 07:40:01 EXEC SPC_COM_PERMISSION '1','v002';
2018-08-09 07:40:01 EXEC SPC_COM_MENU '1';
2018-08-09 07:40:01 EXEC SPC_COM_M999_INQ1 '7';
2018-08-09 07:40:38 EXEC SPC_COM_PERMISSION '1','v002';
2018-08-09 07:40:38 EXEC SPC_COM_MENU '1';
2018-08-09 07:40:38 EXEC SPC_COM_M999_INQ1 '7';
2018-08-09 07:40:52 EXEC SPC_COM_PERMISSION '1','v002';
2018-08-09 07:40:52 EXEC SPC_COM_MENU '1';
2018-08-09 07:40:52 EXEC SPC_COM_M999_INQ1 '7';
2018-08-09 07:41:25 EXEC SPC_COM_PERMISSION '1','v002';
2018-08-09 07:41:25 EXEC SPC_COM_MENU '1';
2018-08-09 07:41:25 EXEC SPC_COM_M999_INQ1 '7';
2018-08-09 07:41:59 EXEC SPC_COM_PERMISSION '1','v002';
2018-08-09 07:41:59 EXEC SPC_COM_MENU '1';
2018-08-09 07:41:59 EXEC SPC_COM_M999_INQ1 '7';
2018-08-09 07:42:16 EXEC SPC_COM_PERMISSION '1','v002';
2018-08-09 07:42:16 EXEC SPC_COM_MENU '1';
2018-08-09 07:42:16 EXEC SPC_COM_M999_INQ1 '7';
2018-08-09 07:42:55 EXEC SPC_COM_PERMISSION '1','v002';
2018-08-09 07:42:55 EXEC SPC_COM_MENU '1';
2018-08-09 07:42:55 EXEC SPC_COM_M999_INQ1 '7';
2018-08-09 07:43:14 EXEC SPC_COM_PERMISSION '1','v002';
2018-08-09 07:43:14 EXEC SPC_COM_MENU '1';
2018-08-09 07:43:14 EXEC SPC_COM_M999_INQ1 '7';
2018-08-09 07:44:01 EXEC SPC_COM_PERMISSION '1','w002';
2018-08-09 07:44:01 EXEC SPC_COM_MENU '1';
2018-08-09 07:44:01 EXEC SPC_W002_FND1
2018-08-09 07:44:23 EXEC SPC_COM_PERMISSION '1','w002';
2018-08-09 07:44:23 EXEC SPC_COM_MENU '1';
2018-08-09 07:44:23 EXEC SPC_W002_FND1
2018-08-09 07:45:17 EXEC SPC_COM_PERMISSION '1','v002';
2018-08-09 07:45:17 EXEC SPC_COM_MENU '1';
2018-08-09 07:45:17 EXEC SPC_COM_M999_INQ1 '7';
2018-08-09 07:45:50 EXEC SPC_COM_PERMISSION '1','v002';
2018-08-09 07:45:50 EXEC SPC_COM_MENU '1';
2018-08-09 07:45:50 EXEC SPC_COM_M999_INQ1 '7';
2018-08-09 07:46:11 EXEC SPC_COM_PERMISSION '1','v002';
2018-08-09 07:46:11 EXEC SPC_COM_MENU '1';
2018-08-09 07:46:11 EXEC SPC_COM_M999_INQ1 '7';
2018-08-09 07:46:49 EXEC SPC_COM_PERMISSION '1','v002';
2018-08-09 07:46:49 EXEC SPC_COM_MENU '1';
2018-08-09 07:46:49 EXEC SPC_COM_M999_INQ1 '7';
2018-08-09 07:47:40 EXEC SPC_COM_PERMISSION '1','v002';
2018-08-09 07:47:40 EXEC SPC_COM_MENU '1';
2018-08-09 07:47:40 EXEC SPC_COM_M999_INQ1 '7';
2018-08-09 07:48:10 EXEC SPC_COM_PERMISSION '1','v002';
2018-08-09 07:48:10 EXEC SPC_COM_MENU '1';
2018-08-09 07:48:10 EXEC SPC_COM_M999_INQ1 '7';
2018-08-09 07:48:59 EXEC SPC_COM_PERMISSION '1','v002';
2018-08-09 07:48:59 EXEC SPC_COM_MENU '1';
2018-08-09 07:48:59 EXEC SPC_COM_M999_INQ1 '7';
2018-08-09 07:49:47 EXEC SPC_COM_PERMISSION '1','v002';
2018-08-09 07:49:47 EXEC SPC_COM_MENU '1';
2018-08-09 07:49:47 EXEC SPC_COM_M999_INQ1 '7';
2018-08-09 07:50:16 EXEC SPC_COM_PERMISSION '1','v002';
2018-08-09 07:50:16 EXEC SPC_COM_MENU '1';
2018-08-09 07:50:16 EXEC SPC_COM_M999_INQ1 '7';
2018-08-09 07:50:27 EXEC SPC_COM_PERMISSION '1','v002';
2018-08-09 07:50:27 EXEC SPC_COM_MENU '1';
2018-08-09 07:50:27 EXEC SPC_COM_M999_INQ1 '7';
2018-08-09 07:52:05 EXEC SPC_COM_PERMISSION '1','w002';
2018-08-09 07:52:05 EXEC SPC_COM_MENU '1';
2018-08-09 07:52:05 EXEC SPC_W002_FND1
2018-08-09 07:53:40 EXEC SPC_COM_PERMISSION '1','w002';
2018-08-09 07:53:40 EXEC SPC_COM_MENU '1';
2018-08-09 07:53:40 EXEC SPC_W002_FND1
2018-08-09 07:53:45 EXEC SPC_COM_PERMISSION '1','w002';
2018-08-09 07:53:45 EXEC SPC_COM_MENU '1';
2018-08-09 07:53:45 EXEC SPC_W002_FND1
2018-08-09 07:53:47 EXEC SPC_COM_PERMISSION '1','w002';
2018-08-09 07:53:47 EXEC SPC_COM_MENU '1';
2018-08-09 07:53:47 EXEC SPC_W002_FND1
2018-08-09 07:53:51 EXEC SPC_COM_PERMISSION '1','v002';
2018-08-09 07:53:51 EXEC SPC_COM_MENU '1';
2018-08-09 07:53:51 EXEC SPC_COM_M999_INQ1 '7';
2018-08-09 07:53:57 EXEC SPC_COM_PERMISSION '1','v002';
2018-08-09 07:53:57 EXEC SPC_COM_MENU '1';
2018-08-09 07:53:57 EXEC SPC_COM_M999_INQ1 '7';
2018-08-09 07:55:45 EXEC SPC_COM_PERMISSION '1','v002';
2018-08-09 07:55:45 EXEC SPC_COM_MENU '1';
2018-08-09 07:55:45 EXEC SPC_COM_M999_INQ1 '7';
2018-08-09 07:56:00 EXEC SPC_COM_PERMISSION '1','v002';
2018-08-09 07:56:00 EXEC SPC_COM_MENU '1';
2018-08-09 07:56:00 EXEC SPC_COM_M999_INQ1 '7';
2018-08-09 07:58:51 EXEC SPC_COM_PERMISSION '1','v002';
2018-08-09 07:58:51 EXEC SPC_COM_MENU '1';
2018-08-09 07:58:51 EXEC SPC_COM_M999_INQ1 '7';
2018-08-09 07:59:58 EXEC SPC_COM_PERMISSION '1','v002';
2018-08-09 07:59:58 EXEC SPC_COM_MENU '1';
2018-08-09 07:59:58 EXEC SPC_COM_M999_INQ1 '7';
2018-08-09 08:00:18 EXEC SPC_COM_PERMISSION '1','v002';
2018-08-09 08:00:18 EXEC SPC_COM_MENU '1';
2018-08-09 08:00:18 EXEC SPC_COM_M999_INQ1 '7';
2018-08-09 08:01:19 EXEC SPC_COM_PERMISSION '1','v002';
2018-08-09 08:01:19 EXEC SPC_COM_MENU '1';
2018-08-09 08:01:19 EXEC SPC_COM_M999_INQ1 '7';
2018-08-09 08:01:30 EXEC SPC_COM_PERMISSION '1','v002';
2018-08-09 08:01:30 EXEC SPC_COM_MENU '1';
2018-08-09 08:01:30 EXEC SPC_COM_M999_INQ1 '7';
2018-08-09 08:01:55 EXEC SPC_COM_PERMISSION '1','v002';
2018-08-09 08:01:55 EXEC SPC_COM_MENU '1';
2018-08-09 08:01:55 EXEC SPC_COM_M999_INQ1 '7';
2018-08-09 08:03:38 EXEC SPC_COM_PERMISSION '1','v002';
2018-08-09 08:03:38 EXEC SPC_COM_MENU '1';
2018-08-09 08:03:38 EXEC SPC_COM_M999_INQ1 '7';
2018-08-09 08:03:54 EXEC SPC_COM_PERMISSION '1','v002';
2018-08-09 08:03:54 EXEC SPC_COM_MENU '1';
2018-08-09 08:03:54 EXEC SPC_COM_M999_INQ1 '7';
2018-08-09 08:05:07 EXEC SPC_COM_PERMISSION '1','v002';
2018-08-09 08:05:07 EXEC SPC_COM_MENU '1';
2018-08-09 08:05:07 EXEC SPC_COM_M999_INQ1 '7';
2018-08-09 08:05:52 EXEC SPC_COM_PERMISSION '1','v002';
2018-08-09 08:05:52 EXEC SPC_COM_MENU '1';
2018-08-09 08:05:52 EXEC SPC_COM_M999_INQ1 '7';
2018-08-09 08:06:56 EXEC SPC_COM_PERMISSION '1','v002';
2018-08-09 08:06:56 EXEC SPC_COM_MENU '1';
2018-08-09 08:06:56 EXEC SPC_COM_M999_INQ1 '7';
2018-08-09 08:07:04 EXEC SPC_COM_PERMISSION '1','v002';
2018-08-09 08:07:04 EXEC SPC_COM_MENU '1';
2018-08-09 08:07:04 EXEC SPC_COM_M999_INQ1 '7';
2018-08-09 08:07:21 EXEC SPC_COM_PERMISSION '1','v002';
2018-08-09 08:07:21 EXEC SPC_COM_MENU '1';
2018-08-09 08:07:21 EXEC SPC_COM_M999_INQ1 '7';
2018-08-09 08:09:11 EXEC SPC_COM_PERMISSION '1','v002';
2018-08-09 08:09:11 EXEC SPC_COM_MENU '1';
2018-08-09 08:09:11 EXEC SPC_COM_M999_INQ1 '7';
2018-08-09 08:10:42 EXEC SPC_COM_PERMISSION '1','v002';
2018-08-09 08:10:42 EXEC SPC_COM_MENU '1';
2018-08-09 08:10:42 EXEC SPC_COM_M999_INQ1 '7';
2018-08-09 08:12:25 EXEC SPC_COM_PERMISSION '1','v002';
2018-08-09 08:12:25 EXEC SPC_COM_MENU '1';
2018-08-09 08:12:25 EXEC SPC_COM_M999_INQ1 '7';
2018-08-09 08:12:48 EXEC SPC_COM_PERMISSION '1','v002';
2018-08-09 08:12:48 EXEC SPC_COM_MENU '1';
2018-08-09 08:12:48 EXEC SPC_COM_M999_INQ1 '7';
2018-08-09 08:13:14 EXEC SPC_COM_PERMISSION '1','v002';
2018-08-09 08:13:14 EXEC SPC_COM_MENU '1';
2018-08-09 08:13:14 EXEC SPC_COM_M999_INQ1 '7';
2018-08-09 08:16:44 EXEC SPC_COM_PERMISSION '1','v002';
2018-08-09 08:16:44 EXEC SPC_COM_MENU '1';
2018-08-09 08:16:44 EXEC SPC_COM_M999_INQ1 '7';
2018-08-09 08:17:25 EXEC SPC_COM_MENU '1';
2018-08-09 08:17:41 EXEC SPC_COM_MENU '1';
2018-08-09 08:17:48 EXEC SPC_COM_MENU '1';
2018-08-09 08:18:12 EXEC SPC_COM_MENU '1';
2018-08-09 08:22:12 EXEC SPC_COM_PERMISSION '1','v002';
2018-08-09 08:22:12 EXEC SPC_COM_MENU '1';
2018-08-09 08:22:12 EXEC SPC_COM_M999_INQ1 '7';
2018-08-09 08:23:46 EXEC SPC_COM_PERMISSION '1','v002';
2018-08-09 08:23:46 EXEC SPC_COM_MENU '1';
2018-08-09 08:23:46 EXEC SPC_COM_M999_INQ1 '7';
2018-08-09 08:25:06 EXEC SPC_COM_PERMISSION '1','v002';
2018-08-09 08:25:06 EXEC SPC_COM_MENU '1';
2018-08-09 08:25:06 EXEC SPC_COM_M999_INQ1 '7';
2018-08-09 08:25:17 EXEC SPC_COM_PERMISSION '1','v002';
2018-08-09 08:25:17 EXEC SPC_COM_MENU '1';
2018-08-09 08:25:17 EXEC SPC_COM_M999_INQ1 '7';
2018-08-09 08:25:34 EXEC SPC_COM_PERMISSION '1','v002';
2018-08-09 08:25:34 EXEC SPC_COM_MENU '1';
2018-08-09 08:25:34 EXEC SPC_COM_M999_INQ1 '7';
2018-08-09 08:26:05 EXEC SPC_COM_PERMISSION '1','v002';
2018-08-09 08:26:05 EXEC SPC_COM_MENU '1';
2018-08-09 08:26:05 EXEC SPC_COM_M999_INQ1 '7';
2018-08-09 08:26:26 EXEC SPC_COM_PERMISSION '1','v002';
2018-08-09 08:26:26 EXEC SPC_COM_MENU '1';
2018-08-09 08:26:26 EXEC SPC_COM_M999_INQ1 '7';
2018-08-09 08:27:38 EXEC SPC_COM_PERMISSION '1','m004';
2018-08-09 08:27:38 EXEC SPC_COM_MENU '1';
2018-08-09 08:27:38 EXEC SPC_M004_FND1
2018-08-09 08:28:17 EXEC SPC_COM_PERMISSION '1','s002';
2018-08-09 08:28:17 EXEC SPC_COM_MENU '1';
2018-08-09 08:28:17 EXEC SPC_S002_FND1
2018-08-09 08:28:23 EXEC SPC_COM_PERMISSION '1','s003';
2018-08-09 08:28:23 EXEC SPC_COM_MENU '1';
2018-08-09 08:28:24 EXEC SPC_S003_FND1
2018-08-09 08:28:27 EXEC SPC_COM_PERMISSION '1','v002';
2018-08-09 08:28:27 EXEC SPC_COM_MENU '1';
2018-08-09 08:28:27 EXEC SPC_COM_M999_INQ1 '7';
2018-08-09 08:28:39 EXEC SPC_COM_PERMISSION '1','v002';
2018-08-09 08:28:39 EXEC SPC_COM_MENU '1';
2018-08-09 08:28:39 EXEC SPC_COM_M999_INQ1 '7';
2018-08-09 08:28:45 EXEC SPC_COM_PERMISSION '1','v002';
2018-08-09 08:28:45 EXEC SPC_COM_MENU '1';
2018-08-09 08:28:45 EXEC SPC_COM_M999_INQ1 '7';
2018-08-09 08:30:01 EXEC SPC_COM_PERMISSION '1','v002';
2018-08-09 08:30:01 EXEC SPC_COM_MENU '1';
2018-08-09 08:30:01 EXEC SPC_COM_M999_INQ1 '7';
2018-08-09 08:30:03 EXEC SPC_COM_PERMISSION '1','v002';
2018-08-09 08:30:03 EXEC SPC_COM_MENU '1';
2018-08-09 08:30:03 EXEC SPC_COM_M999_INQ1 '7';
2018-08-09 08:30:46 EXEC SPC_COM_PERMISSION '1','v002';
2018-08-09 08:30:46 EXEC SPC_COM_MENU '1';
2018-08-09 08:30:46 EXEC SPC_COM_M999_INQ1 '7';
2018-08-09 08:31:34 EXEC SPC_COM_PERMISSION '1','v002';
2018-08-09 08:31:34 EXEC SPC_COM_MENU '1';
2018-08-09 08:31:34 EXEC SPC_COM_M999_INQ1 '7';
2018-08-09 08:32:17 EXEC SPC_COM_PERMISSION '1','v002';
2018-08-09 08:32:17 EXEC SPC_COM_MENU '1';
2018-08-09 08:32:17 EXEC SPC_COM_M999_INQ1 '7';
2018-08-09 08:32:37 EXEC SPC_COM_PERMISSION '1','v002';
2018-08-09 08:32:37 EXEC SPC_COM_MENU '1';
2018-08-09 08:32:37 EXEC SPC_COM_M999_INQ1 '7';
2018-08-09 08:34:55 EXEC SPC_COM_PERMISSION '1','v002';
2018-08-09 08:34:55 EXEC SPC_COM_MENU '1';
2018-08-09 08:34:55 EXEC SPC_COM_M999_INQ1 '7';
2018-08-09 08:35:37 EXEC SPC_COM_PERMISSION '1','v002';
2018-08-09 08:35:37 EXEC SPC_COM_MENU '1';
2018-08-09 08:35:37 EXEC SPC_COM_M999_INQ1 '7';
2018-08-09 08:42:18 EXEC SPC_COM_PERMISSION '1','v002';
2018-08-09 08:42:18 EXEC SPC_COM_MENU '1';
2018-08-09 08:42:18 EXEC SPC_COM_M999_INQ1 '7';
2018-08-09 08:42:39 EXEC SPC_COM_PERMISSION '1','v002';
2018-08-09 08:42:39 EXEC SPC_COM_MENU '1';
2018-08-09 08:42:39 EXEC SPC_COM_M999_INQ1 '7';
2018-08-09 08:43:09 EXEC SPC_COM_PERMISSION '1','v002';
2018-08-09 08:43:09 EXEC SPC_COM_MENU '1';
2018-08-09 08:43:09 EXEC SPC_COM_M999_INQ1 '7';
2018-08-09 08:43:49 EXEC SPC_COM_PERMISSION '1','m004';
2018-08-09 08:43:49 EXEC SPC_COM_MENU '1';
2018-08-09 08:43:49 EXEC SPC_M004_FND1
2018-08-09 08:44:43 EXEC SPC_COM_PERMISSION '1','m004';
2018-08-09 08:44:43 EXEC SPC_COM_MENU '1';
2018-08-09 08:44:43 EXEC SPC_M004_FND1
2018-08-09 08:45:22 EXEC SPC_COM_PERMISSION '1','v002';
2018-08-09 08:45:22 EXEC SPC_COM_MENU '1';
2018-08-09 08:45:22 EXEC SPC_COM_M999_INQ1 '7';
2018-08-09 08:47:21 EXEC SPC_COM_PERMISSION '1','w002';
2018-08-09 08:47:21 EXEC SPC_COM_MENU '1';
2018-08-09 08:47:21 EXEC SPC_W002_FND1
2018-08-09 08:47:49 EXEC SPC_COM_PERMISSION '1','v002';
2018-08-09 08:47:49 EXEC SPC_COM_MENU '1';
2018-08-09 08:47:49 EXEC SPC_COM_M999_INQ1 '7';
2018-08-09 08:48:49 EXEC SPC_COM_PERMISSION '1','w002';
2018-08-09 08:48:50 EXEC SPC_COM_MENU '1';
2018-08-09 08:48:50 EXEC SPC_W002_FND1
2018-08-09 08:48:53 EXEC SPC_COM_PERMISSION '1','v002';
2018-08-09 08:48:53 EXEC SPC_COM_MENU '1';
2018-08-09 08:48:53 EXEC SPC_COM_M999_INQ1 '7';
