2018-10-18 00:11:57 EXEC SPC_COM_DATA '','','';
2018-10-18 00:12:02 EXEC SPC_COM_DATA '','','';
2018-10-18 00:12:02 EXEC SPC_READING_LST1 '','','','';
2018-10-18 00:12:03 EXEC SPC_COM_DATA '','','';
2018-10-18 00:12:03 EXEC SPC_READING_LST2 '12','14','';
2018-10-18 00:12:07 EXEC SPC_COM_DATA '','','';
2018-10-18 00:12:07 EXEC SPC_WRITING_LST1 '','','12','14';
2018-10-18 00:12:08 EXEC SPC_COM_DATA '','','';
2018-10-18 00:12:08 EXEC SPC_WRITING_LST2 '9','10','';
2018-10-18 00:12:12 EXEC SPC_COM_DATA '','','';
2018-10-18 00:12:12 EXEC SPC_READING_LST1 '','','9','10';
2018-10-18 00:12:13 EXEC SPC_COM_DATA '','','';
2018-10-18 00:12:13 EXEC SPC_READING_LST2 '12','14','';
2018-10-18 00:12:21 EXEC SPC_COM_DATA '','','';
2018-10-18 00:12:21 EXEC SPC_WRITING_LST1 '','','12','14';
2018-10-18 00:12:22 EXEC SPC_COM_DATA '','','';
2018-10-18 00:12:22 EXEC SPC_WRITING_LST2 '9','10','';
2018-10-18 00:12:25 EXEC SPC_COM_DATA '','','';
2018-10-18 00:12:25 EXEC SPC_COM_GET_PAGE_COMMENT '1','4','12','1','';
2018-10-18 00:12:26 EXEC SPC_COM_DATA '','','';
2018-10-18 00:12:26 EXEC SPC_COM_GET_PAGE_COMMENT '1','4','12','1','';
2018-10-18 00:16:41 EXEC SPC_COM_DATA '','','';
2018-10-18 00:16:41 EXEC SPC_WRITING_LST1 '12','','9','10';
2018-10-18 00:16:42 EXEC SPC_COM_DATA '','','';
2018-10-18 00:16:42 EXEC SPC_WRITING_LST2 '9','10','';
2018-10-18 00:17:02 EXEC SPC_COM_DATA '','','';
2018-10-18 00:17:02 EXEC SPC_WRITING_LST1 '12','','9','10';
2018-10-18 00:17:03 EXEC SPC_COM_DATA '','','';
2018-10-18 00:17:03 EXEC SPC_WRITING_LST2 '9','10','';
2018-10-18 00:17:44 EXEC SPC_COMMON_ACCOUNT '1','1';
2018-10-18 00:17:44 EXEC SPC_COM_DATA 'quypro','1','1';
2018-10-18 00:17:44 EXEC SPC_WRITING_LST1 '12','quypro','9','10';
2018-10-18 00:17:45 EXEC SPC_COM_DATA 'quypro','1','1';
2018-10-18 00:17:45 EXEC SPC_WRITING_LST2 '9','10','quypro';
2018-10-18 00:17:55 EXEC SPC_COM_DATA '','','';
2018-10-18 00:17:55 EXEC SPC_WRITING_LST1 '12','','','';
2018-10-18 00:17:55 EXEC SPC_COM_DATA '','','';
2018-10-18 00:17:55 EXEC SPC_WRITING_LST2 '9','10','';
2018-10-18 00:18:49 EXEC SPC_COMMON_ACCOUNT '1','1';
2018-10-18 00:18:49 EXEC SPC_COM_DATA 'quypro','1','1';
2018-10-18 00:18:50 EXEC SPC_WRITING_LST1 '12','quypro','9','10';
2018-10-18 00:18:50 EXEC SPC_COM_DATA 'quypro','1','1';
2018-10-18 00:18:50 EXEC SPC_WRITING_LST2 '9','10','quypro';
2018-10-18 00:19:03 EXEC SPC_COM_DATA 'quypro','1','1';
2018-10-18 00:19:03 EXEC SPC_WRITING_LST1 '12','quypro','9','10';
2018-10-18 00:19:04 EXEC SPC_COM_DATA 'quypro','1','1';
2018-10-18 00:19:04 EXEC SPC_WRITING_LST2 '9','10','quypro';
2018-10-18 00:21:01 EXEC SPC_COM_DATA 'quypro','1','1';
2018-10-18 00:21:01 EXEC SPC_TRANSLATE_LST1 '3','quypro';
2018-10-18 00:21:02 EXEC SPC_COM_DATA 'quypro','1','1';
2018-10-18 00:21:02 EXEC SPC_TRANSLATE_LST2 'kingdom','quypro','127.0.0.1';
2018-10-18 00:27:04 EXEC SPC_COM_DATA 'quypro','1','1';
2018-10-18 00:27:04 EXEC SPC_WRITING_LST2 '10','12','quypro';
2018-10-18 00:27:07 EXEC SPC_COM_DATA 'quypro','1','1';
2018-10-18 00:27:07 EXEC SPC_WRITING_LST2 '9','10','quypro';
2018-10-18 00:28:06 EXEC SPC_COM_DATA 'quypro','1','1';
2018-10-18 00:28:06 EXEC SPC_READING_LST1 '','quypro','9','10';
2018-10-18 00:28:07 EXEC SPC_COM_DATA 'quypro','1','1';
2018-10-18 00:28:07 EXEC SPC_READING_LST2 '12','14','quypro';
2018-10-18 00:28:09 EXEC SPC_COM_DATA 'quypro','1','1';
2018-10-18 00:28:09 EXEC SPC_COM_MENU '1';
2018-10-18 00:43:01 EXEC SPC_COM_DATA 'quypro','1','1';
2018-10-18 00:43:01 EXEC SPC_READING_LST1 '','quypro','12','14';
2018-10-18 00:43:02 EXEC SPC_COM_DATA 'quypro','1','1';
2018-10-18 00:43:02 EXEC SPC_READING_LST2 '12','14','quypro';
2018-10-18 00:43:07 EXEC SPC_COM_DATA 'quypro','1','1';
2018-10-18 00:43:07 EXEC SPC_WRITING_LST1 '','quypro','12','14';
2018-10-18 00:43:07 EXEC SPC_COM_DATA 'quypro','1','1';
2018-10-18 00:43:07 EXEC SPC_WRITING_LST2 '9','10','quypro';
2018-10-18 00:44:28 EXEC SPC_COM_DATA 'quypro','1','1';
2018-10-18 00:44:28 EXEC SPC_TRANSLATE_LST1 '2','quypro';
2018-10-18 00:44:28 EXEC SPC_COM_DATA 'quypro','1','1';
2018-10-18 00:44:28 EXEC SPC_TRANSLATE_LST2 'king','quypro','127.0.0.1';
2018-10-18 00:48:18 EXEC SPC_COM_DATA 'quypro','1','1';
2018-10-18 00:48:18 EXEC SPC_WRITING_LST1 '12','quypro','9','10';
2018-10-18 00:48:18 EXEC SPC_COM_DATA 'quypro','1','1';
2018-10-18 00:48:18 EXEC SPC_WRITING_LST2 '9','10','quypro';
2018-10-18 00:50:02 EXEC SPC_COM_DATA 'quypro','1','1';
2018-10-18 00:50:02 EXEC SPC_WRITING_LST1 '12','quypro','9','10';
2018-10-18 00:50:03 EXEC SPC_COM_DATA 'quypro','1','1';
2018-10-18 00:50:03 EXEC SPC_WRITING_LST2 '9','10','quypro';
2018-10-18 00:50:56 EXEC SPC_COM_DATA 'quypro','1','1';
2018-10-18 00:50:56 EXEC SPC_WRITING_LST1 '12','quypro','9','10';
2018-10-18 00:50:57 EXEC SPC_COM_DATA 'quypro','1','1';
2018-10-18 00:50:57 EXEC SPC_WRITING_LST2 '9','10','quypro';
2018-10-18 00:58:35 EXEC SPC_COM_DATA 'quypro','1','1';
2018-10-18 00:58:35 EXEC SPC_WRITING_LST1 '12','quypro','9','10';
2018-10-18 00:58:35 EXEC SPC_COM_DATA 'quypro','1','1';
2018-10-18 00:58:35 EXEC SPC_WRITING_LST2 '9','10','quypro';
2018-10-18 01:00:16 EXEC SPC_COM_DATA 'quypro','1','1';
2018-10-18 01:00:16 EXEC SPC_WRITING_LST1 '12','quypro','9','10';
2018-10-18 01:00:17 EXEC SPC_COM_DATA 'quypro','1','1';
2018-10-18 01:00:17 EXEC SPC_WRITING_LST2 '9','10','quypro';
2018-10-18 01:03:33 EXEC SPC_COM_DATA 'quypro','1','1';
2018-10-18 01:03:33 EXEC SPC_WRITING_LST1 '12','quypro','9','10';
2018-10-18 01:03:34 EXEC SPC_COM_DATA 'quypro','1','1';
2018-10-18 01:03:34 EXEC SPC_WRITING_LST2 '9','10','quypro';
2018-10-18 01:04:23 EXEC SPC_COM_DATA 'quypro','1','1';
2018-10-18 01:04:23 EXEC SPC_WRITING_LST1 '12','quypro','9','10';
2018-10-18 01:04:24 EXEC SPC_COM_DATA 'quypro','1','1';
2018-10-18 01:04:24 EXEC SPC_WRITING_LST2 '9','10','quypro';
2018-10-18 01:05:26 EXEC SPC_COM_DATA 'quypro','1','1';
2018-10-18 01:05:26 EXEC SPC_WRITING_LST1 '12','quypro','9','10';
2018-10-18 01:05:26 EXEC SPC_COM_DATA 'quypro','1','1';
2018-10-18 01:05:26 EXEC SPC_WRITING_LST2 '9','10','quypro';
2018-10-18 01:05:30 EXEC SPC_COM_DATA 'quypro','1','1';
2018-10-18 01:05:30 EXEC SPC_WRITING_LST2 '10','12','quypro';
2018-10-18 01:05:33 EXEC SPC_COM_DATA 'quypro','1','1';
2018-10-18 01:05:33 EXEC SPC_WRITING_LST2 '9','10','quypro';
2018-10-18 01:06:41 EXEC SPC_COM_DATA 'quypro','1','1';
2018-10-18 01:06:41 EXEC SPC_WRITING_LST1 '12','quypro','9','10';
2018-10-18 01:06:42 EXEC SPC_COM_DATA 'quypro','1','1';
2018-10-18 01:06:42 EXEC SPC_WRITING_LST2 '9','10','quypro';
2018-10-18 01:08:53 EXEC SPC_COM_DATA 'quypro','1','1';
2018-10-18 01:08:53 EXEC SPC_WRITING_LST1 '12','quypro','9','10';
2018-10-18 01:08:53 EXEC SPC_COM_DATA 'quypro','1','1';
2018-10-18 01:08:53 EXEC SPC_WRITING_LST2 '9','10','quypro';
2018-10-18 01:10:49 EXEC SPC_COM_DATA 'quypro','1','1';
2018-10-18 01:10:49 EXEC SPC_WRITING_LST1 '12','quypro','9','10';
2018-10-18 01:10:50 EXEC SPC_COM_DATA 'quypro','1','1';
2018-10-18 01:10:50 EXEC SPC_WRITING_LST2 '9','10','quypro';
2018-10-18 01:15:29 EXEC SPC_COM_DATA 'quypro','1','1';
2018-10-18 01:15:29 EXEC SPC_WRITING_LST1 '12','quypro','9','10';
2018-10-18 01:15:30 EXEC SPC_COM_DATA 'quypro','1','1';
2018-10-18 01:15:30 EXEC SPC_WRITING_LST2 '9','10','quypro';
2018-10-18 01:16:44 EXEC SPC_COM_DATA 'quypro','1','1';
2018-10-18 01:16:44 EXEC SPC_WRITING_LST1 '12','quypro','9','10';
2018-10-18 01:16:45 EXEC SPC_COM_DATA 'quypro','1','1';
2018-10-18 01:16:45 EXEC SPC_WRITING_LST2 '9','10','quypro';
2018-10-18 01:24:16 EXEC SPC_COM_DATA 'quypro','1','1';
2018-10-18 01:24:16 EXEC SPC_WRITING_LST1 '12','quypro','9','10';
2018-10-18 01:24:16 EXEC SPC_COM_DATA 'quypro','1','1';
2018-10-18 01:24:16 EXEC SPC_WRITING_LST2 '9','10','quypro';
2018-10-18 01:26:02 EXEC SPC_COM_DATA 'quypro','1','1';
2018-10-18 01:26:02 EXEC SPC_WRITING_LST1 '12','quypro','9','10';
2018-10-18 01:26:03 EXEC SPC_COM_DATA 'quypro','1','1';
2018-10-18 01:26:03 EXEC SPC_WRITING_LST2 '9','10','quypro';
2018-10-18 01:26:28 EXEC SPC_COM_DATA '','','';
2018-10-18 01:26:28 EXEC SPC_WRITING_LST1 '12','','','';
2018-10-18 01:26:30 EXEC SPC_COM_DATA '','','';
2018-10-18 01:26:30 EXEC SPC_WRITING_LST2 '9','10','';
2018-10-18 01:26:42 EXEC SPC_COMMON_ACCOUNT '2','1';
2018-10-18 01:26:42 EXEC SPC_COM_DATA 'khoai','2','1';
2018-10-18 01:26:42 EXEC SPC_WRITING_LST1 '12','khoai','9','10';
2018-10-18 01:26:42 EXEC SPC_COM_DATA 'khoai','2','1';
2018-10-18 01:26:42 EXEC SPC_WRITING_LST2 '9','10','khoai';
2018-10-18 01:28:05 EXEC SPC_COM_DATA 'quypro','1','1';
2018-10-18 01:28:05 EXEC SPC_WRITING_LST1 '12','quypro','9','10';
2018-10-18 01:28:06 EXEC SPC_COM_DATA 'quypro','1','1';
2018-10-18 01:28:06 EXEC SPC_WRITING_LST2 '9','10','quypro';
2018-10-18 01:28:34 EXEC SPC_COM_DATA 'quypro','1','1';
2018-10-18 01:28:34 EXEC SPC_WRITING_LST1 '12','quypro','9','10';
2018-10-18 01:28:34 EXEC SPC_COM_DATA 'quypro','1','1';
2018-10-18 01:28:34 EXEC SPC_WRITING_LST2 '9','10','quypro';
2018-10-18 02:54:36 EXEC SPC_COM_DATA 'quypro','1','1';
2018-10-18 02:54:36 EXEC SPC_COM_MENU '1';
2018-10-18 02:54:39 EXEC SPC_COM_DATA 'quypro','1','1';
2018-10-18 02:54:39 EXEC SPC_READING_LST1 '','quypro','9','10';
2018-10-18 02:54:39 EXEC SPC_COM_DATA 'quypro','1','1';
2018-10-18 02:54:39 EXEC SPC_READING_LST2 '12','14','quypro';
2018-10-18 02:54:43 EXEC SPC_COM_DATA 'quypro','1','1';
2018-10-18 02:54:43 EXEC SPC_WRITING_LST1 '','quypro','12','14';
2018-10-18 02:54:43 EXEC SPC_COM_DATA 'quypro','1','1';
2018-10-18 02:54:43 EXEC SPC_WRITING_LST2 '9','10','quypro';
2018-10-18 02:55:00 EXEC SPC_COM_DATA 'quypro','1','1';
2018-10-18 02:55:00 EXEC SPC_WRITING_LST1 '12','quypro','9','10';
2018-10-18 02:55:00 EXEC SPC_COM_DATA 'quypro','1','1';
2018-10-18 02:55:00 EXEC SPC_WRITING_LST2 '9','10','quypro';
2018-10-18 02:55:48 EXEC SPC_COM_DATA 'quypro','1','1';
2018-10-18 02:55:48 EXEC SPC_WRITING_LST1 '12','quypro','9','10';
2018-10-18 02:55:48 EXEC SPC_COM_DATA 'quypro','1','1';
2018-10-18 02:55:48 EXEC SPC_WRITING_LST2 '9','10','quypro';
2018-10-18 02:56:09 EXEC SPC_COM_DATA 'quypro','1','1';
2018-10-18 02:56:09 EXEC SPC_WRITING_LST1 '12','quypro','9','10';
2018-10-18 02:56:09 EXEC SPC_COM_DATA 'quypro','1','1';
2018-10-18 02:56:09 EXEC SPC_WRITING_LST2 '9','10','quypro';
2018-10-18 04:06:14 EXEC SPC_COM_DATA 'quypro','1','1';
2018-10-18 04:06:14 EXEC SPC_READING_LST1 '','quypro','9','10';
2018-10-18 04:06:15 EXEC SPC_COM_DATA 'quypro','1','1';
2018-10-18 04:06:15 EXEC SPC_READING_LST2 '12','14','quypro';
2018-10-18 04:06:16 EXEC SPC_COM_DATA 'quypro','1','1';
2018-10-18 04:06:16 EXEC SPC_WRITING_LST1 '','quypro','12','14';
2018-10-18 04:06:17 EXEC SPC_COM_DATA 'quypro','1','1';
2018-10-18 04:06:17 EXEC SPC_WRITING_LST2 '9','10','quypro';
2018-10-18 04:06:49 EXEC SPC_COM_DATA '','','';
2018-10-18 04:08:30 EXEC SPC_COM_DATA 'quypro','1','1';
2018-10-18 04:08:30 EXEC SPC_TRANSLATE_LST1 '3','quypro';
2018-10-18 04:08:31 EXEC SPC_COM_DATA 'quypro','1','1';
2018-10-18 04:08:31 EXEC SPC_TRANSLATE_LST2 'kingdom','quypro','127.0.0.1';
2018-10-18 04:08:52 EXEC SPC_COM_DATA 'quypro','1','1';
2018-10-18 04:08:52 EXEC SPC_WRITING_LST1 '12','quypro','9','10';
2018-10-18 04:08:53 EXEC SPC_COM_DATA 'quypro','1','1';
2018-10-18 04:08:53 EXEC SPC_WRITING_LST2 '9','10','quypro';
2018-10-18 04:09:23 EXEC SPC_COM_DATA 'quypro','1','1';
2018-10-18 04:09:23 EXEC SPC_WRITING_LST1 '12','quypro','9','10';
2018-10-18 04:09:24 EXEC SPC_COM_DATA 'quypro','1','1';
2018-10-18 04:09:24 EXEC SPC_WRITING_LST2 '9','10','quypro';
2018-10-18 04:10:28 EXEC SPC_COM_DATA 'quypro','1','1';
2018-10-18 04:10:28 EXEC SPC_WRITING_LST1 '12','quypro','9','10';
2018-10-18 04:10:29 EXEC SPC_COM_DATA 'quypro','1','1';
2018-10-18 04:10:29 EXEC SPC_WRITING_LST2 '9','10','quypro';
2018-10-18 04:10:48 EXEC SPC_COM_DATA 'quypro','1','1';
2018-10-18 04:10:48 EXEC SPC_WRITING_LST1 '12','quypro','9','10';
2018-10-18 04:10:48 EXEC SPC_COM_DATA 'quypro','1','1';
2018-10-18 04:10:48 EXEC SPC_WRITING_LST2 '9','10','quypro';
2018-10-18 04:11:36 EXEC SPC_COM_DATA 'quypro','1','1';
2018-10-18 04:11:36 EXEC SPC_WRITING_LST1 '12','quypro','9','10';
2018-10-18 04:11:37 EXEC SPC_COM_DATA 'quypro','1','1';
2018-10-18 04:11:37 EXEC SPC_WRITING_LST2 '9','10','quypro';
2018-10-18 04:20:25 EXEC SPC_COM_DATA 'quypro','1','1';
2018-10-18 04:20:25 EXEC SPC_WRITING_LST1 '16','quypro','9','10';
2018-10-18 04:20:26 EXEC SPC_COM_DATA 'quypro','1','1';
2018-10-18 04:20:26 EXEC SPC_WRITING_LST2 '9','10','quypro';
2018-10-18 04:20:29 EXEC SPC_COM_DATA 'quypro','1','1';
2018-10-18 04:20:29 EXEC SPC_WRITING_LST1 '16','quypro','9','10';
2018-10-18 04:20:29 EXEC SPC_COM_DATA 'quypro','1','1';
2018-10-18 04:20:29 EXEC SPC_WRITING_LST2 '9','10','quypro';
2018-10-18 04:42:52 EXEC SPC_COM_DATA 'quypro','1','1';
2018-10-18 04:42:52 EXEC SPC_VOCABULARY_LST1 '','quypro','9','10';
2018-10-18 04:42:52 EXEC SPC_COM_DATA 'quypro','1','1';
2018-10-18 04:42:52 EXEC SPC_VOCABULARY_LST2 '2','1','quypro';
2018-10-18 04:42:55 EXEC SPC_COM_DATA 'quypro','1','1';
2018-10-18 04:42:55 EXEC SPC_GRAMMAR_LST1 '','quypro','2','1';
2018-10-18 04:42:56 EXEC SPC_COM_DATA 'quypro','1','1';
2018-10-18 04:42:56 EXEC SPC_GRAMMAR_LST2 '6','6','quypro';
2018-10-18 04:42:57 EXEC SPC_COM_DATA 'quypro','1','1';
2018-10-18 04:42:57 EXEC SPC_LISTENING_LST1 '','quypro','6','6';
2018-10-18 04:42:58 EXEC SPC_COM_DATA 'quypro','1','1';
2018-10-18 04:42:58 EXEC SPC_LISTENING_LST2 '8','8','quypro';
2018-10-18 04:42:58 SQLSTATE[42S22]: [Microsoft][ODBC Driver 13 for SQL Server][SQL Server]列名 'vocabulary_code' が無効です。
2018-10-18 04:45:21 EXEC SPC_COM_DATA 'quypro','1','1';
2018-10-18 04:45:21 EXEC SPC_LISTENING_LST1 '','quypro','6','6';
2018-10-18 04:45:21 EXEC SPC_COM_DATA 'quypro','1','1';
2018-10-18 04:45:21 EXEC SPC_LISTENING_LST2 '8','8','quypro';
2018-10-18 04:45:21 SQLSTATE[42S22]: [Microsoft][ODBC Driver 13 for SQL Server][SQL Server]列名 'vocabulary_code' が無効です。
2018-10-18 04:48:54 EXEC SPC_COM_DATA 'quypro','1','1';
2018-10-18 04:48:54 EXEC SPC_LISTENING_LST1 '','quypro','6','6';
2018-10-18 04:48:55 EXEC SPC_COM_DATA 'quypro','1','1';
2018-10-18 04:48:55 EXEC SPC_LISTENING_LST2 '8','8','quypro';
2018-10-18 04:49:05 EXEC SPC_COM_DATA 'quypro','1','1';
2018-10-18 04:49:05 EXEC SPC_WRITING_LST1 '','quypro','8','8';
2018-10-18 04:49:06 EXEC SPC_COM_DATA 'quypro','1','1';
2018-10-18 04:49:06 EXEC SPC_WRITING_LST2 '9','10','quypro';
2018-10-18 04:49:10 EXEC SPC_COM_DATA 'quypro','1','1';
2018-10-18 04:49:10 EXEC SPC_READING_LST1 '','quypro','9','10';
2018-10-18 04:49:10 EXEC SPC_COM_DATA 'quypro','1','1';
2018-10-18 04:49:10 EXEC SPC_READING_LST2 '12','14','quypro';
2018-10-18 04:49:17 EXEC SPC_COM_DATA 'quypro','1','1';
2018-10-18 04:49:17 EXEC SPC_COM_MENU '1';
2018-10-18 04:49:20 EXEC SPC_COM_DATA 'quypro','1','1';
2018-10-18 04:49:20 EXEC SPC_TRANSLATE_LST1 '','quypro';
2018-10-18 04:49:22 EXEC SPC_COM_DATA 'quypro','1','1';
2018-10-18 04:49:22 EXEC SPC_TRANSLATE_LST2 'kingdom','quypro','127.0.0.1';
2018-10-18 04:49:25 EXEC SPC_COM_DATA 'quypro','1','1';
2018-10-18 04:49:25 EXEC SPC_READING_LST1 '','quypro','12','14';
2018-10-18 04:49:25 EXEC SPC_COM_DATA 'quypro','1','1';
2018-10-18 04:49:25 EXEC SPC_READING_LST2 '12','14','quypro';
2018-10-18 04:49:27 EXEC SPC_COM_DATA 'quypro','1','1';
2018-10-18 04:49:27 EXEC SPC_WRITING_LST1 '','quypro','12','14';
2018-10-18 04:49:27 EXEC SPC_COM_DATA 'quypro','1','1';
2018-10-18 04:49:27 EXEC SPC_WRITING_LST2 '9','10','quypro';
2018-10-18 04:49:29 EXEC SPC_COM_DATA 'quypro','1','1';
2018-10-18 04:49:29 EXEC SPC_LISTENING_LST1 '','quypro','9','10';
2018-10-18 04:49:29 EXEC SPC_COM_DATA 'quypro','1','1';
2018-10-18 04:49:29 EXEC SPC_LISTENING_LST2 '8','8','quypro';
2018-10-18 04:49:31 EXEC SPC_COM_DATA 'quypro','1','1';
2018-10-18 04:49:31 EXEC SPC_WRITING_LST1 '','quypro','8','8';
2018-10-18 04:49:31 EXEC SPC_COM_DATA 'quypro','1','1';
2018-10-18 04:49:31 EXEC SPC_WRITING_LST2 '9','10','quypro';
2018-10-18 04:49:32 EXEC SPC_COM_DATA 'quypro','1','1';
2018-10-18 04:49:32 EXEC SPC_TRANSLATE_LST1 '2','quypro';
2018-10-18 04:49:33 EXEC SPC_COM_DATA 'quypro','1','1';
2018-10-18 04:49:33 EXEC SPC_TRANSLATE_LST2 'king','quypro','127.0.0.1';
2018-10-18 04:49:52 EXEC SPC_COM_DATA '','','';
2018-10-18 04:49:52 EXEC SPC_WRITING_LST1 '12','','','';
2018-10-18 04:49:53 EXEC SPC_COM_DATA '','','';
2018-10-18 04:49:53 EXEC SPC_WRITING_LST2 '9','10','';
2018-10-18 04:50:13 EXEC SPC_COMMON_ACCOUNT '1','2';
2018-10-18 04:50:14 EXEC SPC_COM_PERMISSION '1','2','g001';
2018-10-18 04:50:14 EXEC SPC_COM_MENU '1';
2018-10-18 04:50:17 EXEC SPC_COM_PERMISSION '1','2','w001';
2018-10-18 04:50:17 EXEC SPC_COM_MENU '1';
2018-10-18 04:50:17 EXEC SPC_COM_M999_INQ1 '7';
2018-10-18 04:50:20 EXEC SPC_COM_MENU '1';
2018-10-18 04:50:20 EXEC SPC_w001_LST1 '','','','','10','1';
2018-10-18 04:50:27 EXEC SPC_COM_PERMISSION '1','2','w002';
2018-10-18 04:50:27 EXEC SPC_COM_MENU '1';
2018-10-18 04:50:28 EXEC SPC_W002_FND1
2018-10-18 04:50:28 EXEC SPC_COM_MENU '1';
2018-10-18 04:50:28 EXEC SPC_W002_LST1 '12';
2018-10-18 04:50:28 SQLSTATE[42S22]: [Microsoft][ODBC Driver 13 for SQL Server][SQL Server]列名 'vocabulary_code' が無効です。
2018-10-18 04:51:41 EXEC SPC_COM_DATA '','','';
2018-10-18 04:51:41 EXEC SPC_WRITING_LST1 '12','','','';
2018-10-18 04:51:42 EXEC SPC_COM_DATA '','','';
2018-10-18 04:51:42 EXEC SPC_WRITING_LST2 '9','10','';
2018-10-18 04:51:56 EXEC SPC_COMMON_ACCOUNT '1','2';
2018-10-18 04:51:56 EXEC SPC_COM_DATA 'ndq809','1','2';
2018-10-18 04:51:56 EXEC SPC_WRITING_LST1 '12','ndq809','9','10';
2018-10-18 04:51:57 EXEC SPC_COM_DATA 'ndq809','1','2';
2018-10-18 04:51:57 EXEC SPC_WRITING_LST2 '9','10','ndq809';
2018-10-18 04:52:02 EXEC SPC_COM_PERMISSION '1','2','g001';
2018-10-18 04:52:02 EXEC SPC_COM_MENU '1';
2018-10-18 04:52:05 EXEC SPC_COM_PERMISSION '1','2','w002';
2018-10-18 04:52:05 EXEC SPC_COM_MENU '1';
2018-10-18 04:52:05 EXEC SPC_W002_FND1
2018-10-18 04:52:09 EXEC SPC_COM_PERMISSION '1','2','w001';
2018-10-18 04:52:09 EXEC SPC_COM_MENU '1';
2018-10-18 04:52:09 EXEC SPC_COM_M999_INQ1 '7';
2018-10-18 04:52:09 EXEC SPC_COM_MENU '1';
2018-10-18 04:52:09 EXEC SPC_w001_LST1 '','','','','10','1';
2018-10-18 04:52:13 EXEC SPC_COM_PERMISSION '1','2','w002';
2018-10-18 04:52:13 EXEC SPC_COM_MENU '1';
2018-10-18 04:52:13 EXEC SPC_W002_FND1
2018-10-18 04:52:14 EXEC SPC_COM_MENU '1';
2018-10-18 04:52:14 EXEC SPC_W002_LST1 '12';
2018-10-18 04:52:14 SQLSTATE[42S22]: [Microsoft][ODBC Driver 13 for SQL Server][SQL Server]列名 'vocabulary_code' が無効です。
2018-10-18 04:52:20 EXEC SPC_COM_PERMISSION '1','2','w002';
2018-10-18 04:52:20 EXEC SPC_COM_MENU '1';
2018-10-18 04:52:20 EXEC SPC_W002_FND1
2018-10-18 04:52:21 EXEC SPC_COM_MENU '1';
2018-10-18 04:52:21 EXEC SPC_W002_LST1 '12';
2018-10-18 04:52:21 SQLSTATE[42S22]: [Microsoft][ODBC Driver 13 for SQL Server][SQL Server]列名 'vocabulary_code' が無効です。
2018-10-18 04:54:25 EXEC SPC_COM_PERMISSION '1','2','w002';
2018-10-18 04:54:25 EXEC SPC_COM_MENU '1';
2018-10-18 04:54:25 EXEC SPC_W002_FND1
2018-10-18 04:54:26 EXEC SPC_COM_MENU '1';
2018-10-18 04:54:26 EXEC SPC_W002_LST1 '12';
2018-10-18 04:54:26 EXEC SPC_COM_MENU '1';
2018-10-18 04:54:26 EXEC SPC_COMMON_CATALORUE '4';
2018-10-18 04:54:26 EXEC SPC_COM_MENU '1';
2018-10-18 04:54:26 EXEC SPC_COMMON_GROUP '9';
2018-10-18 04:54:42 EXEC SPC_COM_PERMISSION '1','2','w002';
2018-10-18 04:54:42 EXEC SPC_COM_MENU '1';
2018-10-18 04:54:42 EXEC SPC_W002_FND1
2018-10-18 04:54:43 EXEC SPC_COM_MENU '1';
2018-10-18 04:54:43 EXEC SPC_W002_LST1 '12';
2018-10-18 04:54:43 EXEC SPC_COM_MENU '1';
2018-10-18 04:54:43 EXEC SPC_COMMON_CATALORUE '4';
2018-10-18 04:54:43 EXEC SPC_COM_MENU '1';
2018-10-18 04:54:43 EXEC SPC_COMMON_GROUP '9';
2018-10-18 04:54:47 EXEC SPC_COM_MENU '1';
2018-10-18 04:54:47 EXEC SPC_w002_ACT1 '12','4','9','10','15 Reasons Why We Love Vietnam… & You Will Too!','<p>The majority of the Vietnamese people live&nbsp;pretty hard working lives.&nbsp; They have very little in terms of material items.&nbsp;&nbsp;Their homes contain only the necessary items needed to survive and yet you will generally find smiling and friendly faces around Vietnam. Regardless of their grueling hours working hard, they seem happy.&nbsp; Here in this country, you won&rsquo;t find people walking past you with their heads down stuck in their phones. You won&rsquo;t find people walking past you with headphones plugged into their ears.&nbsp; People will notice you, people will smile at you, wave at you and acknowledge you.</p>

<p>Sure, there are going to be some pretty persistent hagglers out on the streets.&nbsp; The people are pretty desperate to earn some money as with all their hard work, they earn very little and often live from one day to the next. You might feel the desperation as they try to push you to &lsquo;buy from me&rsquo;.&nbsp; Keep in mind the circumstances they work under and how different their life is to yours!&nbsp; That doesn&rsquo;t mean you have to feel obliged to buy from them. Keeping your temper in check and affirming your &lsquo;no thanks&rsquo; will be all that is needed. &nbsp;We loved the people of Vietnam and we missed them when we returned to our technology-driven home country.</p>
','','','0','<row row_id="0" vocabulary_code="1" vocabulary_div="1" vocabulary_nm="Hello" spelling="helou" mean="Xin chào" explain="say when meet someone" /><row row_id="1" vocabulary_code="2" vocabulary_div="1" vocabulary_nm="king" spelling="king" mean="vua" explain="someone who leader of a country" /><row row_id="2" vocabulary_code="3" vocabulary_div="1" vocabulary_nm="kingdom" spelling="kingdum" mean="vương quốc" explain="the way to call a country in history" /><row row_id="3" vocabulary_code="4" vocabulary_div="1" vocabulary_nm="goal" spelling="ɡəul" mean="vào" explain="when the bool into the lưới" />','','','ndq809','127.0.0.1';
2018-10-18 04:54:49 EXEC SPC_COM_MENU '1';
2018-10-18 04:54:49 EXEC SPC_W002_LST1 '12';
2018-10-18 04:54:49 EXEC SPC_COM_MENU '1';
2018-10-18 04:54:49 EXEC SPC_COMMON_CATALORUE '4';
2018-10-18 04:54:49 EXEC SPC_COM_MENU '1';
2018-10-18 04:54:49 EXEC SPC_COMMON_GROUP '9';
2018-10-18 05:08:53 EXEC SPC_COM_PERMISSION '1','2','w002';
2018-10-18 05:08:53 EXEC SPC_COM_MENU '1';
2018-10-18 05:08:53 EXEC SPC_W002_FND1
2018-10-18 05:08:54 EXEC SPC_COM_MENU '1';
2018-10-18 05:08:54 EXEC SPC_W002_LST1 '12';
2018-10-18 05:08:54 EXEC SPC_COM_MENU '1';
2018-10-18 05:08:54 EXEC SPC_COMMON_CATALORUE '4';
2018-10-18 05:08:54 EXEC SPC_COM_MENU '1';
2018-10-18 05:08:54 EXEC SPC_COMMON_GROUP '9';
2018-10-18 05:10:58 EXEC SPC_COM_PERMISSION '1','2','w002';
2018-10-18 05:10:58 EXEC SPC_COM_MENU '1';
2018-10-18 05:10:58 EXEC SPC_W002_FND1
2018-10-18 05:10:58 EXEC SPC_COM_MENU '1';
2018-10-18 05:10:58 EXEC SPC_W002_LST1 '12';
2018-10-18 05:11:02 EXEC SPC_COM_MENU '1';
2018-10-18 05:11:02 EXEC SPC_COMMON_CATALORUE '4';
2018-10-18 05:11:02 EXEC SPC_COM_MENU '1';
2018-10-18 05:11:02 EXEC SPC_COMMON_GROUP '9';
2018-10-18 05:11:59 EXEC SPC_COM_PERMISSION '1','2','w002';
2018-10-18 05:11:59 EXEC SPC_COM_MENU '1';
2018-10-18 05:11:59 EXEC SPC_W002_FND1
2018-10-18 05:12:00 EXEC SPC_COM_MENU '1';
2018-10-18 05:12:00 EXEC SPC_W002_LST1 '12';
2018-10-18 05:12:00 EXEC SPC_COM_MENU '1';
2018-10-18 05:12:00 EXEC SPC_COMMON_CATALORUE '4';
2018-10-18 05:12:00 EXEC SPC_COM_MENU '1';
2018-10-18 05:12:00 EXEC SPC_COMMON_GROUP '9';
2018-10-18 05:12:02 EXEC SPC_COM_PERMISSION '1','2','w002';
2018-10-18 05:12:02 EXEC SPC_COM_MENU '1';
2018-10-18 05:12:02 EXEC SPC_W002_FND1
2018-10-18 05:12:03 EXEC SPC_COM_MENU '1';
2018-10-18 05:12:03 EXEC SPC_W002_LST1 '12';
2018-10-18 05:12:03 EXEC SPC_COM_MENU '1';
2018-10-18 05:12:03 EXEC SPC_COMMON_CATALORUE '4';
2018-10-18 05:12:03 EXEC SPC_COM_MENU '1';
2018-10-18 05:12:03 EXEC SPC_COMMON_GROUP '9';
2018-10-18 05:14:26 EXEC SPC_COM_PERMISSION '1','2','w002';
2018-10-18 05:14:26 EXEC SPC_COM_MENU '1';
2018-10-18 05:14:26 EXEC SPC_W002_FND1
2018-10-18 05:14:26 EXEC SPC_COM_MENU '1';
2018-10-18 05:14:26 EXEC SPC_W002_LST1 '12';
2018-10-18 05:14:26 EXEC SPC_COM_MENU '1';
2018-10-18 05:14:26 EXEC SPC_COMMON_CATALORUE '4';
2018-10-18 05:14:26 EXEC SPC_COM_MENU '1';
2018-10-18 05:14:26 EXEC SPC_COMMON_GROUP '9';
2018-10-18 05:14:42 EXEC SPC_COM_MENU '1';
2018-10-18 05:14:42 EXEC SPC_W002_LST1 '14';
2018-10-18 05:14:42 EXEC SPC_COM_MENU '1';
2018-10-18 05:14:42 EXEC SPC_COMMON_CATALORUE '5';
2018-10-18 05:14:42 EXEC SPC_COM_MENU '1';
2018-10-18 05:14:42 EXEC SPC_COMMON_GROUP '12';
2018-10-18 05:20:25 EXEC SPC_COM_PERMISSION '1','2','w002';
2018-10-18 05:20:25 EXEC SPC_COM_MENU '1';
2018-10-18 05:20:25 EXEC SPC_W002_FND1
2018-10-18 05:20:25 EXEC SPC_COM_MENU '1';
2018-10-18 05:20:25 EXEC SPC_W002_LST1 '12';
2018-10-18 05:20:25 EXEC SPC_COM_MENU '1';
2018-10-18 05:20:25 EXEC SPC_COMMON_CATALORUE '4';
2018-10-18 05:20:25 EXEC SPC_COM_MENU '1';
2018-10-18 05:20:25 EXEC SPC_COMMON_GROUP '9';
2018-10-18 05:20:34 EXEC SPC_COM_PERMISSION '1','2','w002';
2018-10-18 05:20:34 EXEC SPC_COM_MENU '1';
2018-10-18 05:20:34 EXEC SPC_W002_FND1
2018-10-18 05:20:34 EXEC SPC_COM_MENU '1';
2018-10-18 05:20:34 EXEC SPC_W002_LST1 '12';
2018-10-18 05:20:34 EXEC SPC_COM_MENU '1';
2018-10-18 05:20:34 EXEC SPC_COMMON_CATALORUE '4';
2018-10-18 05:20:34 EXEC SPC_COM_MENU '1';
2018-10-18 05:20:34 EXEC SPC_COMMON_GROUP '9';
2018-10-18 05:27:02 EXEC SPC_COM_PERMISSION '1','2','w002';
2018-10-18 05:27:02 EXEC SPC_COM_MENU '1';
2018-10-18 05:27:02 EXEC SPC_W002_FND1
2018-10-18 05:27:03 EXEC SPC_COM_MENU '1';
2018-10-18 05:27:03 EXEC SPC_W002_LST1 '12';
2018-10-18 05:27:03 EXEC SPC_COM_MENU '1';
2018-10-18 05:27:03 EXEC SPC_COMMON_CATALORUE '4';
2018-10-18 05:27:03 EXEC SPC_COM_MENU '1';
2018-10-18 05:27:03 EXEC SPC_COMMON_GROUP '9';
2018-10-18 05:27:52 EXEC SPC_COM_PERMISSION '1','2','w002';
2018-10-18 05:27:52 EXEC SPC_COM_MENU '1';
2018-10-18 05:27:52 EXEC SPC_W002_FND1
2018-10-18 05:27:52 EXEC SPC_COM_MENU '1';
2018-10-18 05:27:52 EXEC SPC_W002_LST1 '12';
2018-10-18 05:27:52 EXEC SPC_COM_MENU '1';
2018-10-18 05:27:52 EXEC SPC_COMMON_CATALORUE '4';
2018-10-18 05:27:53 EXEC SPC_COM_MENU '1';
2018-10-18 05:27:53 EXEC SPC_COMMON_GROUP '9';
2018-10-18 05:28:25 EXEC SPC_COM_PERMISSION '1','2','w002';
2018-10-18 05:28:25 EXEC SPC_COM_MENU '1';
2018-10-18 05:28:25 EXEC SPC_W002_FND1
2018-10-18 05:28:26 EXEC SPC_COM_MENU '1';
2018-10-18 05:28:26 EXEC SPC_W002_LST1 '12';
2018-10-18 05:28:26 EXEC SPC_COM_MENU '1';
2018-10-18 05:28:26 EXEC SPC_COMMON_CATALORUE '4';
2018-10-18 05:28:26 EXEC SPC_COM_MENU '1';
2018-10-18 05:28:26 EXEC SPC_COMMON_GROUP '9';
2018-10-18 05:28:38 EXEC SPC_COM_PERMISSION '1','2','w002';
2018-10-18 05:28:38 EXEC SPC_COM_MENU '1';
2018-10-18 05:28:38 EXEC SPC_W002_FND1
2018-10-18 05:28:39 EXEC SPC_COM_MENU '1';
2018-10-18 05:28:39 EXEC SPC_W002_LST1 '12';
2018-10-18 05:28:39 EXEC SPC_COM_MENU '1';
2018-10-18 05:28:39 EXEC SPC_COMMON_CATALORUE '4';
2018-10-18 05:28:39 EXEC SPC_COM_MENU '1';
2018-10-18 05:28:39 EXEC SPC_COMMON_GROUP '9';
2018-10-18 05:29:04 EXEC SPC_COM_PERMISSION '1','2','w002';
2018-10-18 05:29:04 EXEC SPC_COM_MENU '1';
2018-10-18 05:29:04 EXEC SPC_W002_FND1
2018-10-18 05:29:05 EXEC SPC_COM_MENU '1';
2018-10-18 05:29:05 EXEC SPC_W002_LST1 '12';
2018-10-18 05:29:05 EXEC SPC_COM_MENU '1';
2018-10-18 05:29:05 EXEC SPC_COMMON_CATALORUE '4';
2018-10-18 05:29:05 EXEC SPC_COM_MENU '1';
2018-10-18 05:29:05 EXEC SPC_COMMON_GROUP '9';
2018-10-18 05:29:19 EXEC SPC_COM_PERMISSION '1','2','w002';
2018-10-18 05:29:19 EXEC SPC_COM_MENU '1';
2018-10-18 05:29:19 EXEC SPC_W002_FND1
2018-10-18 05:29:19 EXEC SPC_COM_MENU '1';
2018-10-18 05:29:19 EXEC SPC_W002_LST1 '12';
2018-10-18 05:29:19 EXEC SPC_COM_MENU '1';
2018-10-18 05:29:19 EXEC SPC_COMMON_CATALORUE '4';
2018-10-18 05:29:19 EXEC SPC_COM_MENU '1';
2018-10-18 05:29:19 EXEC SPC_COMMON_GROUP '9';
2018-10-18 05:29:55 EXEC SPC_COM_PERMISSION '1','2','w002';
2018-10-18 05:29:55 EXEC SPC_COM_MENU '1';
2018-10-18 05:29:55 EXEC SPC_W002_FND1
2018-10-18 05:29:55 EXEC SPC_COM_MENU '1';
2018-10-18 05:29:55 EXEC SPC_W002_LST1 '12';
2018-10-18 05:29:55 EXEC SPC_COM_MENU '1';
2018-10-18 05:29:55 EXEC SPC_COMMON_CATALORUE '4';
2018-10-18 05:29:55 EXEC SPC_COM_MENU '1';
2018-10-18 05:29:55 EXEC SPC_COMMON_GROUP '9';
2018-10-18 06:56:24 EXEC SPC_COM_PERMISSION '1','2','w002';
2018-10-18 06:56:24 EXEC SPC_COM_MENU '1';
2018-10-18 06:56:24 EXEC SPC_COM_MENU '1';
2018-10-18 06:56:24 EXEC SPC_COMMON_CATALORUE '1';
2018-10-18 06:56:24 EXEC SPC_W002_FND1
2018-10-18 06:56:25 EXEC SPC_COM_MENU '1';
2018-10-18 06:56:25 EXEC SPC_W002_LST1 '12';
2018-10-18 06:56:26 EXEC SPC_COM_MENU '1';
2018-10-18 06:56:26 EXEC SPC_COMMON_CATALORUE '4';
2018-10-18 06:56:26 EXEC SPC_COM_MENU '1';
2018-10-18 06:56:26 EXEC SPC_COMMON_GROUP '9';
2018-10-18 06:56:28 EXEC SPC_COM_MENU '1';
2018-10-18 06:56:28 EXEC SPC_COMMON_CATALORUE '1';
2018-10-18 06:56:30 EXEC SPC_COM_MENU '1';
2018-10-18 06:56:30 EXEC SPC_COMMON_CATALORUE '2';
2018-10-18 06:56:34 EXEC SPC_COM_MENU '1';
2018-10-18 06:56:34 EXEC SPC_COMMON_CATALORUE '3';
2018-10-18 06:56:36 EXEC SPC_COM_MENU '1';
2018-10-18 06:56:36 EXEC SPC_COMMON_CATALORUE '4';
2018-10-18 06:56:36 EXEC SPC_COM_MENU '1';
2018-10-18 06:56:36 EXEC SPC_COMMON_GROUP '9';
2018-10-18 06:56:38 EXEC SPC_COM_MENU '1';
2018-10-18 06:56:38 EXEC SPC_COMMON_CATALORUE '5';
2018-10-18 06:56:40 EXEC SPC_COM_MENU '1';
2018-10-18 06:56:40 EXEC SPC_COMMON_CATALORUE '6';
2018-10-18 06:56:46 EXEC SPC_COM_MENU '1';
2018-10-18 06:56:46 EXEC SPC_COMMON_CATALORUE '1';
2018-10-18 06:56:46 EXEC SPC_COM_MENU '1';
2018-10-18 06:56:46 EXEC SPC_COMMON_GROUP '';
2018-10-18 06:56:48 EXEC SPC_COM_MENU '1';
2018-10-18 06:56:48 EXEC SPC_COMMON_CATALORUE '2';
2018-10-18 06:56:48 EXEC SPC_COM_MENU '1';
2018-10-18 06:56:48 EXEC SPC_COMMON_GROUP '';
2018-10-18 06:56:50 EXEC SPC_COM_MENU '1';
2018-10-18 06:56:50 EXEC SPC_COMMON_CATALORUE '1';
2018-10-18 06:56:50 EXEC SPC_COM_MENU '1';
2018-10-18 06:56:50 EXEC SPC_COMMON_GROUP '';
2018-10-18 07:01:05 EXEC SPC_COM_MENU '1';
2018-10-18 07:01:05 EXEC SPC_COMMON_CATALORUE '2';
2018-10-18 07:01:05 EXEC SPC_COM_MENU '1';
2018-10-18 07:01:05 EXEC SPC_COMMON_GROUP '';
2018-10-18 07:06:25 EXEC SPC_COM_MENU '1';
2018-10-18 07:06:25 EXEC SPC_COMMON_CATALORUE '1';
2018-10-18 07:06:25 EXEC SPC_COM_MENU '1';
2018-10-18 07:06:25 EXEC SPC_COMMON_GROUP '';
2018-10-18 07:06:59 EXEC SPC_COM_MENU '1';
2018-10-18 07:06:59 EXEC SPC_COMMON_CATALORUE '2';
2018-10-18 07:06:59 EXEC SPC_COM_MENU '1';
2018-10-18 07:06:59 EXEC SPC_COMMON_GROUP '';
2018-10-18 07:09:31 EXEC SPC_COM_DATA '','','';
2018-10-18 07:09:37 EXEC SPC_COM_DATA '','','';
2018-10-18 07:09:37 EXEC SPC_GRAMMAR_LST1 '','','','';
2018-10-18 07:09:38 EXEC SPC_COM_DATA '','','';
2018-10-18 07:09:38 EXEC SPC_GRAMMAR_LST2 '6','6','';
2018-10-18 07:09:42 EXEC SPC_COM_DATA '','','';
2018-10-18 07:09:42 EXEC SPC_VOCABULARY_LST1 '','','6','6';
2018-10-18 07:09:42 EXEC SPC_COM_DATA '','','';
2018-10-18 07:09:42 EXEC SPC_VOCABULARY_LST2 '2','1','';
2018-10-18 07:10:42 EXEC SPC_COM_DATA '','','';
2018-10-18 07:10:42 EXEC SPC_GRAMMAR_LST1 '','','2','1';
2018-10-18 07:10:43 EXEC SPC_COM_DATA '','','';
2018-10-18 07:10:43 EXEC SPC_GRAMMAR_LST2 '6','6','';
2018-10-18 07:10:45 EXEC SPC_COM_DATA '','','';
2018-10-18 07:10:45 EXEC SPC_COM_QUESTION_LIST '4';
2018-10-18 07:11:52 EXEC SPC_COM_MENU '1';
2018-10-18 07:11:52 EXEC SPC_COMMON_CATALORUE '3';
2018-10-18 07:11:52 EXEC SPC_COM_MENU '1';
2018-10-18 07:11:52 EXEC SPC_COMMON_GROUP '';
2018-10-18 07:13:08 EXEC SPC_COM_DATA '','','';
2018-10-18 07:13:08 EXEC SPC_LISTENING_LST1 '','','6','6';
2018-10-18 07:13:09 EXEC SPC_COM_DATA '','','';
2018-10-18 07:13:09 EXEC SPC_LISTENING_LST2 '8','8','';
2018-10-18 07:13:22 EXEC SPC_COM_DATA '','','';
2018-10-18 07:13:22 EXEC SPC_COM_GET_PAGE_COMMENT '1','3','9','2','';
2018-10-18 07:13:24 EXEC SPC_COM_DATA '','','';
2018-10-18 07:13:24 EXEC SPC_COM_GET_PAGE_COMMENT '1','3','9','1','';
2018-10-18 07:13:27 EXEC SPC_COM_DATA '','','';
2018-10-18 07:13:27 EXEC SPC_COM_GET_MORE_COMMENT '1','1','';
2018-10-18 07:13:38 EXEC SPC_COM_DATA '','','';
2018-10-18 07:13:38 EXEC SPC_COM_GET_MORE_COMMENT '4','1','';
2018-10-18 07:13:41 EXEC SPC_COM_DATA '','','';
2018-10-18 07:13:41 EXEC SPC_COM_GET_MORE_COMMENT '5','1','';
2018-10-18 07:14:10 EXEC SPC_COM_MENU '1';
2018-10-18 07:14:10 EXEC SPC_COMMON_CATALORUE '4';
2018-10-18 07:14:10 EXEC SPC_COM_MENU '1';
2018-10-18 07:14:10 EXEC SPC_COMMON_GROUP '9';
2018-10-18 07:15:09 EXEC SPC_COM_DATA '','','';
2018-10-18 07:15:10 EXEC SPC_WRITING_LST1 '','','8','8';
2018-10-18 07:15:10 EXEC SPC_COM_DATA '','','';
2018-10-18 07:15:10 EXEC SPC_WRITING_LST2 '9','10','';
2018-10-18 07:15:40 EXEC SPC_COM_MENU '1';
2018-10-18 07:15:40 EXEC SPC_COMMON_CATALORUE '5';
2018-10-18 07:15:40 EXEC SPC_COM_MENU '1';
2018-10-18 07:15:41 EXEC SPC_COMMON_GROUP '';
2018-10-18 07:16:39 EXEC SPC_COM_DATA '','','';
2018-10-18 07:16:39 EXEC SPC_READING_LST1 '','','9','10';
2018-10-18 07:16:40 EXEC SPC_COM_DATA '','','';
2018-10-18 07:16:40 EXEC SPC_READING_LST2 '12','14','';
2018-10-18 07:17:21 EXEC SPC_COM_MENU '1';
2018-10-18 07:17:21 EXEC SPC_COMMON_CATALORUE '6';
2018-10-18 07:17:21 EXEC SPC_COM_MENU '1';
2018-10-18 07:17:21 EXEC SPC_COMMON_GROUP '';
2018-10-18 07:23:02 EXEC SPC_COM_MENU '1';
2018-10-18 07:23:02 EXEC SPC_COMMON_CATALORUE '7';
2018-10-18 07:23:02 EXEC SPC_COM_MENU '1';
2018-10-18 07:23:02 EXEC SPC_COMMON_GROUP '';
2018-10-18 07:28:50 EXEC SPC_COM_MENU '1';
2018-10-18 07:28:50 EXEC SPC_COMMON_CATALORUE '1';
2018-10-18 07:28:50 EXEC SPC_COM_MENU '1';
2018-10-18 07:28:50 EXEC SPC_COMMON_GROUP '';
2018-10-18 07:29:00 EXEC SPC_COM_PERMISSION '1','2','w002';
2018-10-18 07:29:00 EXEC SPC_COM_MENU '1';
2018-10-18 07:29:00 EXEC SPC_W002_FND1
2018-10-18 07:29:01 EXEC SPC_COM_MENU '1';
2018-10-18 07:29:01 EXEC SPC_W002_LST1 '12';
2018-10-18 07:29:01 EXEC SPC_COM_MENU '1';
2018-10-18 07:29:01 EXEC SPC_COMMON_CATALORUE '4';
2018-10-18 07:29:01 EXEC SPC_COM_MENU '1';
2018-10-18 07:29:01 EXEC SPC_COMMON_GROUP '9';
2018-10-18 07:29:04 EXEC SPC_COM_PERMISSION '1','2','w001';
2018-10-18 07:29:04 EXEC SPC_COM_MENU '1';
2018-10-18 07:29:04 EXEC SPC_COM_M999_INQ1 '7';
2018-10-18 07:29:08 EXEC SPC_COM_MENU '1';
2018-10-18 07:29:08 EXEC SPC_COMMON_CATALORUE '1';
2018-10-18 07:29:10 EXEC SPC_COM_MENU '1';
2018-10-18 07:29:10 EXEC SPC_w001_LST1 '1','','','','10','1';
2018-10-18 07:29:14 EXEC SPC_COM_PERMISSION '1','2','w002';
2018-10-18 07:29:14 EXEC SPC_COM_MENU '1';
2018-10-18 07:29:14 EXEC SPC_W002_FND1
2018-10-18 07:29:14 EXEC SPC_COM_MENU '1';
2018-10-18 07:29:14 EXEC SPC_W002_LST1 '5';
2018-10-18 07:29:15 EXEC SPC_COM_MENU '1';
2018-10-18 07:29:15 EXEC SPC_COMMON_CATALORUE '1';
2018-10-18 07:29:15 EXEC SPC_COM_MENU '1';
2018-10-18 07:29:15 EXEC SPC_COMMON_GROUP '2';
2018-10-18 07:29:40 EXEC SPC_COM_PERMISSION '1','2','w002';
2018-10-18 07:29:40 EXEC SPC_COM_MENU '1';
2018-10-18 07:29:40 EXEC SPC_W002_FND1
2018-10-18 07:29:41 EXEC SPC_COM_MENU '1';
2018-10-18 07:29:41 EXEC SPC_W002_LST1 '5';
2018-10-18 07:29:41 EXEC SPC_COM_MENU '1';
2018-10-18 07:29:41 EXEC SPC_COMMON_CATALORUE '1';
2018-10-18 07:29:41 EXEC SPC_COM_MENU '1';
2018-10-18 07:29:41 EXEC SPC_COMMON_GROUP '2';
2018-10-18 07:29:49 EXEC SPC_COM_MENU '1';
2018-10-18 07:29:49 EXEC SPC_w002_ACT1 '5','1','2','1','','','','','0','<row row_id="0" vocabulary_code="1" vocabulary_div="1" vocabulary_nm="Hello" spelling="helou" mean="Xin chào" explain="say when meet someone" /><row row_id="1" vocabulary_code="3" vocabulary_div="1" vocabulary_nm="kingdom" spelling="kingdum" mean="vương quốc" explain="the way to call a country in history" /><row row_id="2" vocabulary_code="4" vocabulary_div="1" vocabulary_nm="goal" spelling="ɡəul" mean="vào" explain="when the bool into the lưới" />','','','ndq809','127.0.0.1';
2018-10-18 07:29:50 EXEC SPC_COM_MENU '1';
2018-10-18 07:29:50 EXEC SPC_W002_LST1 '5';
2018-10-18 07:29:51 EXEC SPC_COM_MENU '1';
2018-10-18 07:29:51 EXEC SPC_COMMON_CATALORUE '1';
2018-10-18 07:29:51 EXEC SPC_COM_MENU '1';
2018-10-18 07:29:51 EXEC SPC_COMMON_GROUP '2';
2018-10-18 07:31:20 EXEC SPC_COM_PERMISSION '1','2','w002';
2018-10-18 07:31:20 EXEC SPC_COM_MENU '1';
2018-10-18 07:31:20 EXEC SPC_W002_FND1
2018-10-18 07:31:21 EXEC SPC_COM_MENU '1';
2018-10-18 07:31:21 EXEC SPC_W002_LST1 '5';
2018-10-18 07:31:21 EXEC SPC_COM_MENU '1';
2018-10-18 07:31:21 EXEC SPC_COMMON_CATALORUE '1';
2018-10-18 07:31:21 EXEC SPC_COM_MENU '1';
2018-10-18 07:31:21 EXEC SPC_COMMON_GROUP '2';
2018-10-18 07:31:31 EXEC SPC_COM_MENU '1';
2018-10-18 07:34:56 EXEC SPC_COM_MENU '1';
2018-10-18 07:34:56 EXEC SPC_COMMON_CATALORUE '6';
2018-10-18 07:36:40 EXEC SPC_COM_MENU '1';
2018-10-18 07:36:40 EXEC SPC_COMMON_CATALORUE '7';
2018-10-18 07:36:41 EXEC SPC_COM_MENU '1';
2018-10-18 07:36:41 EXEC SPC_COMMON_GROUP '';
2018-10-18 07:38:28 EXEC SPC_COM_MENU '1';
2018-10-18 07:38:28 EXEC SPC_COMMON_CATALORUE '8';
2018-10-18 07:38:28 EXEC SPC_COM_MENU '1';
2018-10-18 07:38:28 EXEC SPC_COMMON_GROUP '';
2018-10-18 07:39:21 EXEC SPC_COM_MENU '1';
2018-10-18 07:39:21 EXEC SPC_COMMON_CATALORUE '9';
2018-10-18 07:39:22 EXEC SPC_COM_MENU '1';
2018-10-18 07:39:22 EXEC SPC_COMMON_GROUP '';
2018-10-18 07:40:22 EXEC SPC_COM_MENU '1';
2018-10-18 07:40:22 EXEC SPC_COMMON_CATALORUE '10';
2018-10-18 07:40:23 EXEC SPC_COM_MENU '1';
2018-10-18 07:40:23 EXEC SPC_COMMON_GROUP '';
2018-10-18 07:43:18 EXEC SPC_COM_PERMISSION '1','2','w002';
2018-10-18 07:43:18 EXEC SPC_COM_MENU '1';
2018-10-18 07:43:18 EXEC SPC_W002_FND1
2018-10-18 07:43:21 EXEC SPC_COM_MENU '1';
2018-10-18 07:43:21 EXEC SPC_W002_LST1 '5';
2018-10-18 07:43:21 EXEC SPC_COM_MENU '1';
2018-10-18 07:43:21 EXEC SPC_COMMON_CATALORUE '1';
2018-10-18 07:43:21 EXEC SPC_COM_MENU '1';
2018-10-18 07:43:21 EXEC SPC_COMMON_GROUP '2';
2018-10-18 07:43:26 EXEC SPC_COM_MENU '1';
2018-10-18 07:43:26 EXEC SPC_COMMON_CATALORUE '2';
2018-10-18 07:43:28 EXEC SPC_COM_MENU '1';
2018-10-18 07:43:28 EXEC SPC_COMMON_CATALORUE '1';
2018-10-18 07:43:28 EXEC SPC_COM_MENU '1';
2018-10-18 07:43:28 EXEC SPC_COMMON_GROUP '2';
2018-10-18 07:43:30 EXEC SPC_COM_MENU '1';
2018-10-18 07:43:30 EXEC SPC_COMMON_CATALORUE '2';
2018-10-18 07:46:20 EXEC SPC_COM_PERMISSION '1','2','w002';
2018-10-18 07:46:20 EXEC SPC_COM_MENU '1';
2018-10-18 07:46:20 EXEC SPC_W002_FND1
2018-10-18 07:46:20 EXEC SPC_COM_MENU '1';
2018-10-18 07:46:20 EXEC SPC_W002_LST1 '5';
2018-10-18 07:46:20 EXEC SPC_COM_MENU '1';
2018-10-18 07:46:20 EXEC SPC_COMMON_CATALORUE '1';
2018-10-18 07:46:20 EXEC SPC_COM_MENU '1';
2018-10-18 07:46:20 EXEC SPC_COMMON_GROUP '2';
2018-10-18 07:46:22 EXEC SPC_COM_MENU '1';
2018-10-18 07:46:22 EXEC SPC_COMMON_CATALORUE '3';
2018-10-18 07:46:25 EXEC SPC_COM_MENU '1';
2018-10-18 07:46:25 EXEC SPC_COMMON_CATALORUE '1';
2018-10-18 07:46:25 EXEC SPC_COM_MENU '1';
2018-10-18 07:46:25 EXEC SPC_COMMON_GROUP '2';
2018-10-18 07:46:28 EXEC SPC_COM_MENU '1';
2018-10-18 07:46:28 EXEC SPC_COMMON_CATALORUE '2';
2018-10-18 07:46:32 EXEC SPC_COM_MENU '1';
2018-10-18 07:46:32 EXEC SPC_COMMON_CATALORUE '3';
2018-10-18 07:46:36 EXEC SPC_COM_MENU '1';
2018-10-18 07:46:36 EXEC SPC_COMMON_CATALORUE '4';
2018-10-18 07:46:41 EXEC SPC_COM_MENU '1';
2018-10-18 07:46:41 EXEC SPC_COMMON_CATALORUE '5';
2018-10-18 07:46:48 EXEC SPC_COM_MENU '1';
2018-10-18 07:46:48 EXEC SPC_COMMON_CATALORUE '6';
2018-10-18 07:46:56 EXEC SPC_COM_MENU '1';
2018-10-18 07:46:56 EXEC SPC_COMMON_CATALORUE '7';
2018-10-18 07:46:56 EXEC SPC_COM_MENU '1';
2018-10-18 07:46:56 EXEC SPC_COMMON_GROUP '';
2018-10-18 07:47:00 EXEC SPC_COM_MENU '1';
2018-10-18 07:47:00 EXEC SPC_COMMON_CATALORUE '9';
2018-10-18 07:47:00 EXEC SPC_COM_MENU '1';
2018-10-18 07:47:00 EXEC SPC_COMMON_GROUP '';
2018-10-18 07:47:03 EXEC SPC_COM_MENU '1';
2018-10-18 07:47:03 EXEC SPC_COMMON_CATALORUE '2';
2018-10-18 07:47:03 EXEC SPC_COM_MENU '1';
2018-10-18 07:47:03 EXEC SPC_COMMON_GROUP '';
2018-10-18 07:47:06 EXEC SPC_COM_MENU '1';
2018-10-18 07:47:06 EXEC SPC_COMMON_CATALORUE '1';
2018-10-18 07:47:06 EXEC SPC_COM_MENU '1';
2018-10-18 07:47:06 EXEC SPC_COMMON_GROUP '2';
2018-10-18 07:47:09 EXEC SPC_COM_MENU '1';
2018-10-18 07:47:09 EXEC SPC_COMMON_CATALORUE '2';
2018-10-18 07:47:09 EXEC SPC_COM_MENU '1';
2018-10-18 07:47:09 EXEC SPC_COMMON_GROUP '';
2018-10-18 07:47:11 EXEC SPC_COM_MENU '1';
2018-10-18 07:47:11 EXEC SPC_COMMON_CATALORUE '1';
2018-10-18 07:47:11 EXEC SPC_COM_MENU '1';
2018-10-18 07:47:11 EXEC SPC_COMMON_GROUP '2';
2018-10-18 07:47:13 EXEC SPC_COM_MENU '1';
2018-10-18 07:47:13 EXEC SPC_COMMON_CATALORUE '2';
2018-10-18 07:47:13 EXEC SPC_COM_MENU '1';
2018-10-18 07:47:13 EXEC SPC_COMMON_GROUP '';
2018-10-18 07:47:16 EXEC SPC_COM_MENU '1';
2018-10-18 07:47:16 EXEC SPC_COMMON_CATALORUE '1';
2018-10-18 07:47:16 EXEC SPC_COM_MENU '1';
2018-10-18 07:47:16 EXEC SPC_COMMON_GROUP '2';
2018-10-18 07:49:04 EXEC SPC_COM_MENU '1';
2018-10-18 07:49:04 EXEC SPC_COMMON_CATALORUE '2';
2018-10-18 07:49:04 EXEC SPC_COM_MENU '1';
2018-10-18 07:49:04 EXEC SPC_COMMON_GROUP '';
2018-10-18 07:49:10 EXEC SPC_COM_MENU '1';
2018-10-18 07:49:10 EXEC SPC_COMMON_CATALORUE '3';
2018-10-18 07:49:10 EXEC SPC_COM_MENU '1';
2018-10-18 07:49:10 EXEC SPC_COMMON_GROUP '';
2018-10-18 07:49:13 EXEC SPC_COM_MENU '1';
2018-10-18 07:49:13 EXEC SPC_COMMON_CATALORUE '4';
2018-10-18 07:49:13 EXEC SPC_COM_MENU '1';
2018-10-18 07:49:13 EXEC SPC_COMMON_GROUP '';
2018-10-18 07:49:16 EXEC SPC_COM_MENU '1';
2018-10-18 07:49:16 EXEC SPC_COMMON_CATALORUE '5';
2018-10-18 07:49:16 EXEC SPC_COM_MENU '1';
2018-10-18 07:49:16 EXEC SPC_COMMON_GROUP '';
2018-10-18 07:49:18 EXEC SPC_COM_MENU '1';
2018-10-18 07:49:18 EXEC SPC_COMMON_CATALORUE '7';
2018-10-18 07:49:18 EXEC SPC_COM_MENU '1';
2018-10-18 07:49:18 EXEC SPC_COMMON_GROUP '';
2018-10-18 07:49:28 EXEC SPC_COM_MENU '1';
2018-10-18 07:49:28 EXEC SPC_COMMON_CATALORUE '8';
2018-10-18 07:49:28 EXEC SPC_COM_MENU '1';
2018-10-18 07:49:28 EXEC SPC_COMMON_GROUP '';
2018-10-18 07:49:30 EXEC SPC_COM_MENU '1';
2018-10-18 07:49:30 EXEC SPC_COMMON_CATALORUE '4';
2018-10-18 07:49:30 EXEC SPC_COM_MENU '1';
2018-10-18 07:49:30 EXEC SPC_COMMON_GROUP '';
2018-10-18 07:49:35 EXEC SPC_COM_MENU '1';
2018-10-18 07:49:35 EXEC SPC_COMMON_CATALORUE '1';
2018-10-18 07:49:35 EXEC SPC_COM_MENU '1';
2018-10-18 07:49:35 EXEC SPC_COMMON_GROUP '2';
2018-10-18 07:50:46 EXEC SPC_COM_PERMISSION '1','2','w002';
2018-10-18 07:50:46 EXEC SPC_COM_MENU '1';
2018-10-18 07:50:46 EXEC SPC_W002_FND1
2018-10-18 07:50:51 EXEC SPC_COM_MENU '1';
2018-10-18 07:50:51 EXEC SPC_COMMON_CATALORUE '1';
2018-10-18 07:51:00 EXEC SPC_COM_MENU '1';
2018-10-18 07:51:00 EXEC SPC_COMMON_CATALORUE '2';
2018-10-18 07:51:05 EXEC SPC_COM_MENU '1';
2018-10-18 07:51:05 EXEC SPC_COMMON_CATALORUE '1';
2018-10-18 07:51:56 EXEC SPC_COM_PERMISSION '1','2','w002';
2018-10-18 07:51:56 EXEC SPC_COM_MENU '1';
2018-10-18 07:51:56 EXEC SPC_W002_FND1
2018-10-18 07:51:59 EXEC SPC_COM_MENU '1';
2018-10-18 07:51:59 EXEC SPC_COMMON_CATALORUE '1';
2018-10-18 07:52:06 EXEC SPC_COM_MENU '1';
2018-10-18 07:52:06 EXEC SPC_COMMON_CATALORUE '2';
2018-10-18 07:52:08 EXEC SPC_COM_MENU '1';
2018-10-18 07:52:08 EXEC SPC_COMMON_CATALORUE '4';
2018-10-18 07:52:15 EXEC SPC_COM_MENU '1';
2018-10-18 07:52:15 EXEC SPC_COMMON_CATALORUE '6';
2018-10-18 07:52:25 EXEC SPC_COM_PERMISSION '1','2','w002';
2018-10-18 07:52:25 EXEC SPC_COM_MENU '1';
2018-10-18 07:52:25 EXEC SPC_W002_FND1
2018-10-18 07:52:27 EXEC SPC_COM_MENU '1';
2018-10-18 07:52:27 EXEC SPC_COMMON_CATALORUE '6';
2018-10-18 07:52:36 EXEC SPC_COM_PERMISSION '1','2','w002';
2018-10-18 07:52:36 EXEC SPC_COM_MENU '1';
2018-10-18 07:52:36 EXEC SPC_W002_FND1
2018-10-18 07:52:38 EXEC SPC_COM_MENU '1';
2018-10-18 07:52:38 EXEC SPC_COMMON_CATALORUE '1';
2018-10-18 07:52:40 EXEC SPC_COM_MENU '1';
2018-10-18 07:52:40 EXEC SPC_COMMON_CATALORUE '2';
2018-10-18 07:52:41 EXEC SPC_COM_MENU '1';
2018-10-18 07:52:41 EXEC SPC_COMMON_CATALORUE '5';
2018-10-18 07:52:44 EXEC SPC_COM_MENU '1';
2018-10-18 07:52:44 EXEC SPC_COMMON_CATALORUE '8';
2018-10-18 07:54:03 EXEC SPC_COM_PERMISSION '1','2','w002';
2018-10-18 07:54:03 EXEC SPC_COM_MENU '1';
2018-10-18 07:54:03 EXEC SPC_W002_FND1
2018-10-18 07:54:05 EXEC SPC_COM_MENU '1';
2018-10-18 07:54:05 EXEC SPC_COMMON_CATALORUE '7';
2018-10-18 07:54:08 EXEC SPC_COM_MENU '1';
2018-10-18 07:54:08 EXEC SPC_COMMON_CATALORUE '6';
2018-10-18 07:54:16 EXEC SPC_COM_PERMISSION '1','2','w002';
2018-10-18 07:54:16 EXEC SPC_COM_MENU '1';
2018-10-18 07:54:16 EXEC SPC_W002_FND1
2018-10-18 07:54:19 EXEC SPC_COM_MENU '1';
2018-10-18 07:54:19 EXEC SPC_COMMON_CATALORUE '10';
2018-10-18 07:55:12 EXEC SPC_COM_PERMISSION '1','2','w002';
2018-10-18 07:55:12 EXEC SPC_COM_MENU '1';
2018-10-18 07:55:12 EXEC SPC_W002_FND1
2018-10-18 07:55:14 EXEC SPC_COM_MENU '1';
2018-10-18 07:55:14 EXEC SPC_COMMON_CATALORUE '1';
2018-10-18 07:55:18 EXEC SPC_COM_MENU '1';
2018-10-18 07:55:18 EXEC SPC_COMMON_CATALORUE '2';
2018-10-18 07:55:20 EXEC SPC_COM_MENU '1';
2018-10-18 07:55:20 EXEC SPC_COMMON_CATALORUE '4';
2018-10-18 07:55:22 EXEC SPC_COM_MENU '1';
2018-10-18 07:55:22 EXEC SPC_COMMON_CATALORUE '5';
2018-10-18 07:55:24 EXEC SPC_COM_MENU '1';
2018-10-18 07:55:24 EXEC SPC_COMMON_CATALORUE '7';
2018-10-18 07:55:27 EXEC SPC_COM_MENU '1';
2018-10-18 07:55:27 EXEC SPC_COMMON_CATALORUE '10';
2018-10-18 07:56:38 EXEC SPC_COM_PERMISSION '1','2','w002';
2018-10-18 07:56:38 EXEC SPC_COM_MENU '1';
2018-10-18 07:56:38 EXEC SPC_W002_FND1
2018-10-18 07:56:40 EXEC SPC_COM_MENU '1';
2018-10-18 07:56:40 EXEC SPC_COMMON_CATALORUE '1';
2018-10-18 07:56:48 EXEC SPC_COM_MENU '1';
2018-10-18 07:56:48 EXEC SPC_COMMON_CATALORUE '2';
2018-10-18 07:56:53 EXEC SPC_COM_MENU '1';
2018-10-18 07:56:53 EXEC SPC_COMMON_CATALORUE '3';
2018-10-18 07:56:57 EXEC SPC_COM_PERMISSION '1','2','w001';
2018-10-18 07:56:57 EXEC SPC_COM_MENU '1';
2018-10-18 07:56:57 EXEC SPC_COM_M999_INQ1 '7';
2018-10-18 07:56:59 EXEC SPC_COM_MENU '1';
2018-10-18 07:56:59 EXEC SPC_w001_LST1 '','','','','10','1';
2018-10-18 07:57:03 EXEC SPC_COM_PERMISSION '1','2','w002';
2018-10-18 07:57:03 EXEC SPC_COM_MENU '1';
2018-10-18 07:57:03 EXEC SPC_W002_FND1
2018-10-18 07:57:03 EXEC SPC_COM_MENU '1';
2018-10-18 07:57:03 EXEC SPC_W002_LST1 '9';
2018-10-18 07:57:04 EXEC SPC_COM_MENU '1';
2018-10-18 07:57:04 EXEC SPC_COMMON_CATALORUE '3';
2018-10-18 07:57:04 EXEC SPC_COM_MENU '1';
2018-10-18 07:57:04 EXEC SPC_COMMON_GROUP '8';
2018-10-18 08:03:14 EXEC SPC_COM_PERMISSION '1','2','w002';
2018-10-18 08:03:14 EXEC SPC_COM_MENU '1';
2018-10-18 08:03:14 EXEC SPC_W002_FND1
2018-10-18 08:03:16 EXEC SPC_COM_MENU '1';
2018-10-18 08:03:16 EXEC SPC_COMMON_CATALORUE '3';
2018-10-18 08:03:41 EXEC SPC_COM_MENU '1';
2018-10-18 08:15:51 EXEC SPC_COM_PERMISSION '1','2','w002';
2018-10-18 08:15:51 EXEC SPC_COM_MENU '1';
2018-10-18 08:15:51 EXEC SPC_W002_FND1
2018-10-18 08:15:56 EXEC SPC_COM_PERMISSION '1','2','w002';
2018-10-18 08:15:56 EXEC SPC_COM_MENU '1';
2018-10-18 08:15:56 EXEC SPC_W002_FND1
2018-10-18 08:15:59 EXEC SPC_COM_MENU '1';
2018-10-18 08:15:59 EXEC SPC_COMMON_CATALORUE '1';
2018-10-18 08:16:01 EXEC SPC_COM_MENU '1';
2018-10-18 08:16:01 EXEC SPC_COMMON_CATALORUE '3';
2018-10-18 08:18:21 EXEC SPC_COM_PERMISSION '1','2','w002';
2018-10-18 08:18:21 EXEC SPC_COM_MENU '1';
2018-10-18 08:18:21 EXEC SPC_W002_FND1
2018-10-18 08:18:24 EXEC SPC_COM_MENU '1';
2018-10-18 08:18:24 EXEC SPC_COMMON_CATALORUE '3';
2018-10-18 08:18:27 EXEC SPC_COM_MENU '1';
2018-10-18 08:18:38 EXEC SPC_COM_MENU '1';
2018-10-18 08:18:38 EXEC SPC_W002_LST1 '9';
2018-10-18 08:18:38 EXEC SPC_COM_MENU '1';
2018-10-18 08:18:38 EXEC SPC_COMMON_CATALORUE '3';
2018-10-18 08:18:38 EXEC SPC_COM_MENU '1';
2018-10-18 08:18:38 EXEC SPC_COMMON_GROUP '8';
2018-10-18 08:18:44 EXEC SPC_COM_MENU '1';
2018-10-18 08:19:02 EXEC SPC_COM_PERMISSION '1','2','w002';
2018-10-18 08:19:02 EXEC SPC_COM_MENU '1';
2018-10-18 08:19:02 EXEC SPC_W002_FND1
2018-10-18 08:19:04 EXEC SPC_COM_MENU '1';
2018-10-18 08:19:04 EXEC SPC_COMMON_CATALORUE '3';
2018-10-18 08:19:08 EXEC SPC_COM_MENU '1';
2018-10-18 08:21:16 EXEC SPC_COM_MENU '1';
2018-10-18 08:23:02 EXEC SPC_COM_PERMISSION '1','2','w002';
2018-10-18 08:23:02 EXEC SPC_COM_MENU '1';
2018-10-18 08:23:02 EXEC SPC_W002_FND1
2018-10-18 08:23:04 EXEC SPC_COM_MENU '1';
2018-10-18 08:23:04 EXEC SPC_COMMON_CATALORUE '3';
2018-10-18 08:23:07 EXEC SPC_COM_MENU '1';
2018-10-18 08:28:43 EXEC SPC_COM_PERMISSION '1','2','w002';
2018-10-18 08:28:43 EXEC SPC_COM_MENU '1';
2018-10-18 08:28:43 EXEC SPC_W002_FND1
2018-10-18 08:28:48 EXEC SPC_COM_MENU '1';
2018-10-18 08:28:48 EXEC SPC_COMMON_CATALORUE '3';
2018-10-18 08:28:50 EXEC SPC_COM_MENU '1';
2018-10-18 08:29:11 EXEC SPC_COM_MENU '1';
2018-10-18 08:29:11 EXEC SPC_COMMON_CATALORUE '7';
2018-10-18 08:29:15 EXEC SPC_COM_MENU '1';
2018-10-18 08:29:31 EXEC SPC_COM_PERMISSION '1','2','w002';
2018-10-18 08:29:31 EXEC SPC_COM_MENU '1';
2018-10-18 08:29:31 EXEC SPC_W002_FND1
2018-10-18 08:29:34 EXEC SPC_COM_MENU '1';
2018-10-18 08:29:34 EXEC SPC_COMMON_CATALORUE '7';
2018-10-18 08:29:36 EXEC SPC_COM_MENU '1';
2018-10-18 08:31:59 EXEC SPC_COM_MENU '1';
2018-10-18 08:36:11 EXEC SPC_COM_PERMISSION '1','2','w002';
2018-10-18 08:36:11 EXEC SPC_COM_MENU '1';
2018-10-18 08:36:11 EXEC SPC_W002_FND1
2018-10-18 08:36:14 EXEC SPC_COM_MENU '1';
2018-10-18 08:36:14 EXEC SPC_COMMON_CATALORUE '7';
2018-10-18 08:36:17 EXEC SPC_COM_MENU '1';
2018-10-18 08:38:21 EXEC SPC_COM_PERMISSION '1','2','w002';
2018-10-18 08:38:21 EXEC SPC_COM_MENU '1';
2018-10-18 08:38:21 EXEC SPC_W002_FND1
2018-10-18 08:38:23 EXEC SPC_COM_MENU '1';
2018-10-18 08:38:35 EXEC SPC_COM_MENU '1';
2018-10-18 08:38:35 EXEC SPC_COMMON_CATALORUE '7';
2018-10-18 08:38:38 EXEC SPC_COM_PERMISSION '1','2','w002';
2018-10-18 08:38:38 EXEC SPC_COM_MENU '1';
2018-10-18 08:38:38 EXEC SPC_W002_FND1
2018-10-18 08:38:41 EXEC SPC_COM_MENU '1';
2018-10-18 08:38:41 EXEC SPC_COMMON_CATALORUE '7';
2018-10-18 08:38:43 EXEC SPC_COM_MENU '1';
2018-10-18 08:40:04 EXEC SPC_COM_MENU '1';
2018-10-18 08:40:04 EXEC SPC_COMMON_CATALORUE '3';
2018-10-18 08:40:06 EXEC SPC_COM_MENU '1';
2018-10-18 08:40:15 EXEC SPC_COM_PERMISSION '1','2','w002';
2018-10-18 08:40:15 EXEC SPC_COM_MENU '1';
2018-10-18 08:40:15 EXEC SPC_W002_FND1
2018-10-18 08:40:19 EXEC SPC_COM_MENU '1';
2018-10-18 08:40:19 EXEC SPC_COMMON_CATALORUE '3';
2018-10-18 08:40:22 EXEC SPC_COM_MENU '1';
2018-10-18 08:40:45 EXEC SPC_COM_PERMISSION '1','2','w002';
2018-10-18 08:40:45 EXEC SPC_COM_MENU '1';
2018-10-18 08:40:45 EXEC SPC_W002_FND1
2018-10-18 08:40:48 EXEC SPC_COM_MENU '1';
2018-10-18 08:40:48 EXEC SPC_COMMON_CATALORUE '3';
2018-10-18 08:40:50 EXEC SPC_COM_MENU '1';
2018-10-18 08:40:53 EXEC SPC_COM_PERMISSION '1','2','w002';
2018-10-18 08:40:53 EXEC SPC_COM_MENU '1';
2018-10-18 08:40:53 EXEC SPC_W002_FND1
2018-10-18 08:40:56 EXEC SPC_COM_MENU '1';
2018-10-18 08:40:56 EXEC SPC_COMMON_CATALORUE '7';
2018-10-18 08:40:58 EXEC SPC_COM_MENU '1';
2018-10-18 08:46:38 EXEC SPC_COM_PERMISSION '1','2','w002';
2018-10-18 08:46:38 EXEC SPC_COM_MENU '1';
2018-10-18 08:46:38 EXEC SPC_W002_FND1
2018-10-18 08:46:42 EXEC SPC_COM_MENU '1';
2018-10-18 08:46:42 EXEC SPC_COMMON_CATALORUE '7';
2018-10-18 08:46:44 EXEC SPC_COM_MENU '1';
2018-10-18 08:46:56 EXEC SPC_COM_PERMISSION '1','2','w002';
2018-10-18 08:46:56 EXEC SPC_COM_MENU '1';
2018-10-18 08:46:56 EXEC SPC_W002_FND1
2018-10-18 08:46:59 EXEC SPC_COM_MENU '1';
2018-10-18 08:46:59 EXEC SPC_COMMON_CATALORUE '7';
2018-10-18 08:47:01 EXEC SPC_COM_MENU '1';
2018-10-18 08:47:07 EXEC SPC_COM_MENU '1';
2018-10-18 08:47:07 EXEC SPC_COMMON_CATALORUE '3';
2018-10-18 08:47:10 EXEC SPC_COM_MENU '1';
2018-10-18 08:48:34 EXEC SPC_COM_PERMISSION '1','2','w002';
2018-10-18 08:48:34 EXEC SPC_COM_MENU '1';
2018-10-18 08:48:34 EXEC SPC_W002_FND1
2018-10-18 08:48:39 EXEC SPC_COM_MENU '1';
2018-10-18 08:48:39 EXEC SPC_COMMON_CATALORUE '3';
2018-10-18 08:48:41 EXEC SPC_COM_MENU '1';
2018-10-18 08:48:47 EXEC SPC_COM_MENU '1';
2018-10-18 08:48:47 EXEC SPC_COMMON_CATALORUE '7';
2018-10-18 08:48:49 EXEC SPC_COM_MENU '1';
2018-10-18 08:51:48 EXEC SPC_COM_MENU '1';
2018-10-18 08:51:48 EXEC SPC_COMMON_CATALORUE '2';
2018-10-18 08:51:50 EXEC SPC_COM_MENU '1';
2018-10-18 08:51:50 EXEC SPC_COMMON_GROUP '7';
2018-10-18 08:51:53 EXEC SPC_COM_MENU '1';
2018-10-18 08:51:53 EXEC SPC_COMMON_GROUP '6';
2018-10-18 08:52:05 EXEC SPC_COM_PERMISSION '1','2','w002';
2018-10-18 08:52:05 EXEC SPC_COM_MENU '1';
2018-10-18 08:52:05 EXEC SPC_W002_FND1
2018-10-18 08:52:23 EXEC SPC_COM_MENU '1';
2018-10-18 08:52:51 EXEC SPC_COM_MENU '1';
2018-10-18 08:52:51 EXEC SPC_COMMON_CATALORUE '3';
2018-10-18 08:52:52 EXEC SPC_COM_MENU '1';
2018-10-18 08:52:52 EXEC SPC_COMMON_CATALORUE '';
2018-10-18 08:52:58 EXEC SPC_COM_PERMISSION '1','2','w002';
2018-10-18 08:52:58 EXEC SPC_COM_MENU '1';
2018-10-18 08:52:58 EXEC SPC_W002_FND1
2018-10-18 08:53:57 EXEC SPC_COM_PERMISSION '1','2','w002';
2018-10-18 08:53:57 EXEC SPC_COM_MENU '1';
2018-10-18 08:53:57 EXEC SPC_W002_FND1
2018-10-18 08:53:58 EXEC SPC_COM_MENU '1';
2018-10-18 08:53:58 EXEC SPC_COMMON_CATALORUE '';
2018-10-18 08:54:07 EXEC SPC_COM_PERMISSION '1','2','w002';
2018-10-18 08:54:07 EXEC SPC_COM_MENU '1';
2018-10-18 08:54:07 EXEC SPC_W002_FND1
2018-10-18 08:54:07 EXEC SPC_COM_MENU '1';
2018-10-18 08:54:07 EXEC SPC_COMMON_CATALORUE '';
2018-10-18 08:54:13 EXEC SPC_COM_MENU '1';
2018-10-18 08:54:13 EXEC SPC_COMMON_CATALORUE '4';
2018-10-18 08:54:15 EXEC SPC_COM_MENU '1';
2018-10-18 08:54:15 EXEC SPC_COMMON_CATALORUE '';
2018-10-18 08:55:32 EXEC SPC_COM_PERMISSION '1','2','w002';
2018-10-18 08:55:32 EXEC SPC_COM_MENU '1';
2018-10-18 08:55:32 EXEC SPC_W002_FND1
2018-10-18 08:55:37 EXEC SPC_COM_PERMISSION '1','2','w002';
2018-10-18 08:55:37 EXEC SPC_COM_MENU '1';
2018-10-18 08:55:37 EXEC SPC_W002_FND1
2018-10-18 08:55:39 EXEC SPC_COM_PERMISSION '1','2','w002';
2018-10-18 08:55:39 EXEC SPC_COM_MENU '1';
2018-10-18 08:55:39 EXEC SPC_W002_FND1
2018-10-18 08:55:41 EXEC SPC_COM_PERMISSION '1','2','w002';
2018-10-18 08:55:41 EXEC SPC_COM_MENU '1';
2018-10-18 08:55:41 EXEC SPC_W002_FND1
2018-10-18 08:55:42 EXEC SPC_COM_PERMISSION '1','2','w002';
2018-10-18 08:55:42 EXEC SPC_COM_MENU '1';
2018-10-18 08:55:42 EXEC SPC_W002_FND1
2018-10-18 08:55:42 EXEC SPC_COM_PERMISSION '1','2','w002';
2018-10-18 08:55:42 EXEC SPC_COM_MENU '1';
2018-10-18 08:55:42 EXEC SPC_W002_FND1
2018-10-18 08:55:43 EXEC SPC_COM_PERMISSION '1','2','w002';
2018-10-18 08:55:43 EXEC SPC_COM_MENU '1';
2018-10-18 08:55:43 EXEC SPC_W002_FND1
2018-10-18 08:55:44 EXEC SPC_COM_PERMISSION '1','2','w002';
2018-10-18 08:55:44 EXEC SPC_COM_MENU '1';
2018-10-18 08:55:44 EXEC SPC_W002_FND1
2018-10-18 08:55:44 EXEC SPC_COM_PERMISSION '1','2','w002';
2018-10-18 08:55:44 EXEC SPC_COM_MENU '1';
2018-10-18 08:55:44 EXEC SPC_W002_FND1
2018-10-18 08:55:45 EXEC SPC_COM_PERMISSION '1','2','w002';
2018-10-18 08:55:45 EXEC SPC_COM_MENU '1';
2018-10-18 08:55:45 EXEC SPC_W002_FND1
2018-10-18 08:55:46 EXEC SPC_COM_PERMISSION '1','2','w002';
2018-10-18 08:55:46 EXEC SPC_COM_MENU '1';
2018-10-18 08:55:46 EXEC SPC_W002_FND1
2018-10-18 08:55:46 EXEC SPC_COM_PERMISSION '1','2','w002';
2018-10-18 08:55:46 EXEC SPC_COM_MENU '1';
2018-10-18 08:55:46 EXEC SPC_W002_FND1
2018-10-18 08:55:47 EXEC SPC_COM_PERMISSION '1','2','w002';
2018-10-18 08:55:47 EXEC SPC_COM_MENU '1';
2018-10-18 08:55:47 EXEC SPC_W002_FND1
2018-10-18 08:55:48 EXEC SPC_COM_PERMISSION '1','2','w002';
2018-10-18 08:55:48 EXEC SPC_COM_MENU '1';
2018-10-18 08:55:48 EXEC SPC_W002_FND1
2018-10-18 08:55:53 EXEC SPC_COM_MENU '1';
2018-10-18 08:55:53 EXEC SPC_COMMON_CATALORUE '3';
2018-10-18 08:56:00 EXEC SPC_COM_MENU '1';
2018-10-18 08:56:00 EXEC SPC_COMMON_CATALORUE '1';
2018-10-18 08:56:04 EXEC SPC_COM_MENU '1';
2018-10-18 08:56:04 EXEC SPC_COMMON_CATALORUE '7';
2018-10-18 08:56:17 EXEC SPC_COM_PERMISSION '1','2','w002';
2018-10-18 08:56:17 EXEC SPC_COM_MENU '1';
2018-10-18 08:56:17 EXEC SPC_W002_FND1
2018-10-18 08:56:19 EXEC SPC_COM_PERMISSION '1','2','w002';
2018-10-18 08:56:19 EXEC SPC_COM_MENU '1';
2018-10-18 08:56:19 EXEC SPC_W002_FND1
2018-10-18 08:56:20 EXEC SPC_COM_PERMISSION '1','2','w002';
2018-10-18 08:56:20 EXEC SPC_COM_MENU '1';
2018-10-18 08:56:20 EXEC SPC_W002_FND1
2018-10-18 08:56:21 EXEC SPC_COM_PERMISSION '1','2','w002';
2018-10-18 08:56:21 EXEC SPC_COM_MENU '1';
2018-10-18 08:56:21 EXEC SPC_W002_FND1
2018-10-18 08:56:22 EXEC SPC_COM_PERMISSION '1','2','w002';
2018-10-18 08:56:22 EXEC SPC_COM_MENU '1';
2018-10-18 08:56:22 EXEC SPC_W002_FND1
2018-10-18 08:56:22 EXEC SPC_COM_PERMISSION '1','2','w002';
2018-10-18 08:56:22 EXEC SPC_COM_MENU '1';
2018-10-18 08:56:22 EXEC SPC_W002_FND1
2018-10-18 08:56:23 EXEC SPC_COM_PERMISSION '1','2','w002';
2018-10-18 08:56:23 EXEC SPC_COM_MENU '1';
2018-10-18 08:56:23 EXEC SPC_W002_FND1
2018-10-18 08:56:53 EXEC SPC_COM_MENU '1';
2018-10-18 08:56:53 EXEC SPC_COMMON_CATALORUE '2';
2018-10-18 08:57:46 EXEC SPC_COM_PERMISSION '1','2','w002';
2018-10-18 08:57:46 EXEC SPC_COM_MENU '1';
2018-10-18 08:57:46 EXEC SPC_W002_FND1
2018-10-18 08:57:47 EXEC SPC_COM_PERMISSION '1','2','w002';
2018-10-18 08:57:47 EXEC SPC_COM_MENU '1';
2018-10-18 08:57:47 EXEC SPC_W002_FND1
2018-10-18 08:57:48 EXEC SPC_COM_PERMISSION '1','2','w002';
2018-10-18 08:57:48 EXEC SPC_COM_MENU '1';
2018-10-18 08:57:48 EXEC SPC_W002_FND1
2018-10-18 08:57:50 EXEC SPC_COM_MENU '1';
2018-10-18 08:57:50 EXEC SPC_COMMON_CATALORUE '3';
2018-10-18 08:57:52 EXEC SPC_COM_MENU '1';
2018-10-18 08:57:52 EXEC SPC_COMMON_CATALORUE '2';
2018-10-18 08:57:54 EXEC SPC_COM_MENU '1';
2018-10-18 08:57:54 EXEC SPC_COMMON_CATALORUE '6';
2018-10-18 08:57:56 EXEC SPC_COM_MENU '1';
2018-10-18 08:57:56 EXEC SPC_COMMON_CATALORUE '2';
2018-10-18 08:57:57 EXEC SPC_COM_MENU '1';
2018-10-18 08:57:57 EXEC SPC_COMMON_CATALORUE '1';
2018-10-18 08:57:59 EXEC SPC_COM_MENU '1';
2018-10-18 08:57:59 EXEC SPC_COMMON_CATALORUE '5';
2018-10-18 08:58:01 EXEC SPC_COM_MENU '1';
2018-10-18 08:58:01 EXEC SPC_COMMON_CATALORUE '8';
2018-10-18 08:59:36 EXEC SPC_COM_MENU '1';
2018-10-18 08:59:38 EXEC SPC_COM_PERMISSION '1','2','w002';
2018-10-18 08:59:38 EXEC SPC_COM_MENU '1';
2018-10-18 08:59:38 EXEC SPC_W002_FND1
2018-10-18 08:59:41 EXEC SPC_COM_MENU '1';
2018-10-18 08:59:41 EXEC SPC_COMMON_CATALORUE '8';
2018-10-18 08:59:44 EXEC SPC_COM_MENU '1';
2018-10-18 08:59:52 EXEC SPC_COM_PERMISSION '1','2','w002';
2018-10-18 08:59:52 EXEC SPC_COM_MENU '1';
2018-10-18 08:59:52 EXEC SPC_W002_FND1
