2018-05-22 00:00:23 EXEC SPC_M003_FND1
2018-05-22 00:00:26 EXEC SPC_P001_LST1 '','1';
2018-05-22 00:00:29 EXEC SPC_M003_LST1 '','','','0','10','1';
2018-05-22 00:00:30 EXEC SPC_M003_LST1 '','','','0','10','1';
2018-05-22 00:00:47 EXEC SPC_P001_LST1 '','1';
2018-05-22 00:02:13 EXEC SPC_M003_FND1
2018-05-22 00:02:17 EXEC SPC_M003_FND1
2018-05-22 00:02:25 EXEC SPC_M003_FND1
2018-05-22 00:02:56 EXEC SPC_M003_FND1
2018-05-22 00:03:01 EXEC SPC_M003_LST1 '','','','0','10','1';
2018-05-22 00:03:06 EXEC SPC_P001_LST1 '','1';
2018-05-22 00:03:15 EXEC SPC_M004_FND1
2018-05-22 00:10:03 EXEC SPC_M004_FND1
2018-05-22 00:13:57 EXEC SPC_M004_FND1
2018-05-22 00:14:28 EXEC SPC_M004_FND1
2018-05-22 00:17:45 EXEC SPC_M004_FND1
2018-05-22 00:18:30 EXEC SPC_M004_FND1
2018-05-22 00:19:13 EXEC SPC_M004_FND1
2018-05-22 00:21:00 EXEC SPC_M004_FND1
2018-05-22 00:22:52 EXEC SPC_M004_FND1
2018-05-22 00:23:09 EXEC SPC_M004_FND1
2018-05-22 00:24:36 EXEC SPC_M004_FND1
2018-05-22 00:27:15 EXEC SPC_M004_FND1
2018-05-22 00:28:34 EXEC SPC_M004_FND1
2018-05-22 00:29:03 EXEC SPC_M004_FND1
2018-05-22 00:29:34 EXEC SPC_M004_FND1
2018-05-22 00:31:48 EXEC SPC_M004_FND1
2018-05-22 00:34:03 EXEC SPC_M004_FND1
2018-05-22 00:35:38 EXEC SPC_M004_FND1
2018-05-22 00:35:56 EXEC SPC_M004_FND1
2018-05-22 00:40:22 EXEC SPC_M004_FND1
2018-05-22 00:40:45 EXEC SPC_M004_FND1
2018-05-22 00:42:24 EXEC SPC_M004_FND1
2018-05-22 00:43:04 EXEC SPC_M004_FND1
2018-05-22 00:44:13 EXEC SPC_M004_FND1
2018-05-22 00:57:06 EXEC SPC_M004_FND1
2018-05-22 00:57:48 EXEC SPC_M004_FND1
2018-05-22 00:57:55 EXEC SPC_M004_FND1
2018-05-22 01:13:22 EXEC SPC_M004_FND1
2018-05-22 01:14:22 EXEC SPC_M004_FND1
2018-05-22 01:17:30 EXEC SPC_M004_FND1
2018-05-22 01:19:22 EXEC SPC_M004_FND1
2018-05-22 01:19:37 EXEC SPC_M003_FND1
2018-05-22 01:21:54 EXEC SPC_M003_FND1
2018-05-22 01:23:31 EXEC SPC_M003_FND1
2018-05-22 01:25:10 EXEC SPC_M003_FND1
2018-05-22 01:25:31 EXEC SPC_M003_FND1
2018-05-22 01:27:42 EXEC SPC_M003_FND1
2018-05-22 01:28:34 EXEC SPC_M003_FND1
2018-05-22 01:28:45 EXEC SPC_M003_FND1
2018-05-22 01:29:28 EXEC SPC_M003_FND1
2018-05-22 01:31:33 EXEC SPC_M003_FND1
2018-05-22 01:31:45 EXEC SPC_M003_FND1
2018-05-22 01:32:41 EXEC SPC_M003_FND1
2018-05-22 01:33:26 EXEC SPC_M003_FND1
2018-05-22 01:33:53 EXEC SPC_M003_FND1
2018-05-22 01:35:39 EXEC SPC_M003_FND1
2018-05-22 01:35:45 EXEC SPC_M003_FND1
2018-05-22 01:45:35 EXEC SPC_M003_FND1
2018-05-22 04:05:21 EXEC SPC_M004_FND1
2018-05-22 04:05:32 EXEC SPC_M003_FND1
2018-05-22 04:28:20 EXEC SPC_M003_FND1
2018-05-22 04:29:51 EXEC SPC_M003_FND1
2018-05-22 04:30:28 EXEC SPC_M003_FND1
2018-05-22 04:31:16 EXEC SPC_M003_FND1
2018-05-22 04:32:33 EXEC SPC_M003_FND1
2018-05-22 04:32:40 EXEC SPC_M003_FND1
2018-05-22 04:33:11 EXEC SPC_M003_FND1
2018-05-22 04:33:18 EXEC SPC_M003_FND1
2018-05-22 04:34:14 EXEC SPC_M003_FND1
2018-05-22 04:34:28 EXEC SPC_M003_FND1
2018-05-22 04:34:34 EXEC SPC_M003_FND1
2018-05-22 04:35:13 EXEC SPC_M003_FND1
2018-05-22 04:35:17 EXEC SPC_M003_FND1
2018-05-22 04:35:42 EXEC SPC_M003_FND1
2018-05-22 04:37:02 EXEC SPC_M003_FND1
2018-05-22 04:39:37 EXEC SPC_M003_FND1
2018-05-22 04:39:44 EXEC SPC_M003_FND1
2018-05-22 04:40:55 EXEC SPC_M003_FND1
2018-05-22 04:41:15 EXEC SPC_M003_FND1
2018-05-22 04:41:51 EXEC SPC_M003_FND1
2018-05-22 05:00:27 EXEC SPC_M003_LST1 '','','','0','10','1';
2018-05-22 05:01:42 EXEC SPC_M003_LST1 '','','','0','10','1';
2018-05-22 05:01:51 EXEC SPC_M004_FND1
2018-05-22 05:02:07 EXEC SPC_COMMON_REFER 'p001','dep-1';
2018-05-22 05:02:16 EXEC SPC_P001_LST1 '','1';
2018-05-22 05:02:18 EXEC SPC_COMMON_REFER 'p001','DEP-1';
2018-05-22 05:03:10 EXEC SPC_M004_ACT1 '/web-content/images/avarta/default_avarta.jpg','','','','','0','22/05/2018','DEP-1','2','','quy','127.0.0.1';
2018-05-22 05:03:17 EXEC SPC_M004_ACT2 '<row id="EMP-101" />','quy','127.0.0.1';
2018-05-22 05:18:16 EXEC SPC_M003_FND1
2018-05-22 05:18:17 EXEC SPC_M004_FND1
2018-05-22 05:18:18 EXEC SPC_M003_FND1
2018-05-22 05:18:20 EXEC SPC_M003_LST1 '','','','0','10','1';
2018-05-22 05:18:42 EXEC SPC_M003_FND1
2018-05-22 05:18:50 EXEC SPC_M004_FND1
2018-05-22 05:50:02 EXEC SPC_M004_FND1
2018-05-22 06:01:25 EXEC SPC_M004_FND1
2018-05-22 06:05:19 EXEC SPC_M004_FND1
2018-05-22 06:05:47 EXEC SPC_M004_FND1
2018-05-22 06:10:05 EXEC SPC_M004_FND1
2018-05-22 06:11:42 EXEC SPC_M004_FND1
2018-05-22 06:14:18 EXEC SPC_M004_FND1
2018-05-22 06:15:01 EXEC SPC_M004_FND1
2018-05-22 06:16:55 EXEC SPC_M004_FND1
2018-05-22 06:18:14 EXEC SPC_M004_FND1
2018-05-22 06:23:44 EXEC SPC_M004_FND1
2018-05-22 06:24:02 EXEC SPC_M004_FND1
2018-05-22 06:25:44 EXEC SPC_s003_FND1
2018-05-22 06:25:44 SQLSTATE[42000]: [Microsoft][ODBC Driver 13 for SQL Server][SQL Server]ストアド プロシージャ 'SPC_s003_FND1' が見つかりませんでした。
2018-05-22 06:29:04 EXEC SPC_S003_FND1
2018-05-22 06:29:35 EXEC SPC_S003_FND1
2018-05-22 06:29:58 EXEC SPC_P001_LST1 '','1';
2018-05-22 06:30:04 EXEC SPC_COMMON_REFER 'p001','DEP-1';
2018-05-22 08:17:31 EXEC SPC_P001_LST1 '','1';
2018-05-22 08:18:13 EXEC SPC_COMMON_REFER 'p001','DEP-1';
2018-05-22 08:22:28 EXEC SPC_S003_FND1
2018-05-22 08:22:30 EXEC SPC_P001_LST1 '','1';
2018-05-22 08:22:33 EXEC SPC_P001_LST1 '','1','2';
2018-05-22 08:22:34 EXEC SPC_P001_LST1 '','1','3';
2018-05-22 08:22:58 EXEC SPC_S003_FND1
2018-05-22 08:23:01 EXEC SPC_P001_LST1 '','1';
2018-05-22 08:23:32 EXEC SPC_S003_FND1
2018-05-22 08:23:33 EXEC SPC_P001_LST1 '','1';
2018-05-22 08:27:11 EXEC SPC_S003_FND1
2018-05-22 08:29:18 EXEC SPC_S003_FND1
2018-05-22 08:29:19 EXEC SPC_M999_INQ1 '1';
2018-05-22 08:29:19 SQLSTATE[42000]: [Microsoft][ODBC Driver 13 for SQL Server][SQL Server]ストアド プロシージャ 'SPC_M999_INQ1' が見つかりませんでした。
2018-05-22 08:29:52 EXEC SPC_S003_FND1
2018-05-22 08:29:53 EXEC SPC_COM_M999_INQ1 '1';
2018-05-22 08:30:18 EXEC SPC_S003_FND1
2018-05-22 08:30:19 EXEC SPC_COM_M999_INQ1 '2';
2018-05-22 08:34:26 EXEC SPC_S003_FND1
2018-05-22 08:34:28 EXEC SPC_COM_M999_INQ1 '2';
2018-05-22 08:35:54 EXEC SPC_S003_FND1
2018-05-22 08:35:55 EXEC SPC_COM_M999_INQ1 '2';
2018-05-22 08:36:05 EXEC SPC_P001_LST1 '','1';
2018-05-22 08:36:19 EXEC SPC_S003_FND1
2018-05-22 08:36:21 EXEC SPC_COM_M999_INQ1 '2';
2018-05-22 08:36:23 EXEC SPC_P001_LST1 '','1';
2018-05-22 08:36:38 EXEC SPC_COM_M999_INQ1 '2';
2018-05-22 08:36:41 EXEC SPC_P001_LST1 '','1';
2018-05-22 08:36:59 EXEC SPC_P001_LST1 '','1';
2018-05-22 08:38:17 EXEC SPC_COM_M999_INQ1 '2';
2018-05-22 08:38:21 EXEC SPC_P001_LST1 '','1';
2018-05-22 08:39:34 EXEC SPC_COM_M999_INQ1 '2';
2018-05-22 08:39:38 EXEC SPC_P001_LST1 '','1';
2018-05-22 08:40:49 EXEC SPC_COM_M999_INQ1 '2';
2018-05-22 08:40:53 EXEC SPC_S003_FND1
2018-05-22 08:40:54 EXEC SPC_COM_M999_INQ1 '2';
2018-05-22 08:41:01 EXEC SPC_P001_LST1 '','1';
2018-05-22 08:48:13 EXEC SPC_P001_LST1 '','1','1';
2018-05-22 08:48:15 EXEC SPC_P001_LST1 '','1','2';
2018-05-22 08:48:16 EXEC SPC_P001_LST1 '','1','3';
2018-05-22 08:48:31 EXEC SPC_S003_FND1
2018-05-22 08:48:33 EXEC SPC_COM_M999_INQ1 '2';
2018-05-22 08:48:40 EXEC SPC_P001_LST1 '','1';
2018-05-22 08:50:58 EXEC SPC_S003_FND1
2018-05-22 08:51:00 EXEC SPC_COM_M999_INQ1 '2';
2018-05-22 08:51:02 EXEC SPC_P001_LST1 '','1';
2018-05-22 08:52:10 EXEC SPC_S003_FND1
2018-05-22 08:52:12 EXEC SPC_COM_M999_INQ1 '2';
2018-05-22 08:52:15 EXEC SPC_P001_LST1 '','1';
2018-05-22 08:52:54 EXEC SPC_COM_M999_INQ1 '2';
2018-05-22 08:52:56 EXEC SPC_P001_LST1 '','1';
2018-05-22 08:56:17 EXEC SPC_S003_FND1
2018-05-22 08:56:21 EXEC SPC_COM_M999_INQ1 '2';
2018-05-22 08:56:23 EXEC SPC_P001_LST1 '','1';
2018-05-22 09:00:40 EXEC SPC_S003_FND1
2018-05-22 09:00:42 EXEC SPC_COM_M999_INQ1 '2';
2018-05-22 09:00:47 EXEC SPC_P001_LST1 '','1';
2018-05-22 09:01:50 EXEC SPC_S003_FND1
2018-05-22 09:01:52 EXEC SPC_COM_M999_INQ1 '2';
2018-05-22 09:01:55 EXEC SPC_P001_LST1 '','1';
2018-05-22 09:03:15 EXEC SPC_S003_FND1
2018-05-22 09:03:17 EXEC SPC_COM_M999_INQ1 '2';
2018-05-22 09:03:20 EXEC SPC_P001_LST1 '','1';
2018-05-22 09:03:45 EXEC SPC_COM_M999_INQ1 '2';
2018-05-22 09:03:53 EXEC SPC_P001_LST1 '','1';
2018-05-22 09:04:54 EXEC SPC_P001_LST1 '','1','2';
2018-05-22 09:04:55 EXEC SPC_P001_LST1 '','1','3';
2018-05-22 09:04:56 EXEC SPC_P001_LST1 '','1','1';
2018-05-22 09:05:02 EXEC SPC_P001_LST1 '','1','1';
2018-05-22 09:05:10 EXEC SPC_P001_LST1 '','DEP-1','','1','1';
2018-05-22 09:05:10 SQLSTATE[42000]: [Microsoft][ODBC Driver 13 for SQL Server][SQL Server]プロシージャまたは関数 SPC_P001_LST1 に指定された引数が多すぎます。
2018-05-22 09:06:54 EXEC SPC_COM_M999_INQ1 '2';
2018-05-22 09:08:53 EXEC SPC_S003_FND1
2018-05-22 09:08:55 EXEC SPC_COM_M999_INQ1 '2';
2018-05-22 09:08:57 EXEC SPC_P001_LST1 '','1';
2018-05-22 09:09:12 EXEC SPC_S003_FND1
2018-05-22 09:09:13 EXEC SPC_COM_M999_INQ1 '2';
2018-05-22 09:09:19 EXEC SPC_P001_LST1 '','1';
2018-05-22 09:09:54 EXEC SPC_S003_FND1
2018-05-22 09:09:57 EXEC SPC_COM_M999_INQ1 '2';
2018-05-22 09:10:00 EXEC SPC_P001_LST1 '','1';
2018-05-22 09:14:20 EXEC SPC_S003_FND1
2018-05-22 09:31:52 EXEC SPC_COM_M999_INQ1 '2';
2018-05-22 09:31:55 EXEC SPC_P001_LST1 '','1';
2018-05-22 09:32:49 EXEC SPC_S003_FND1
2018-05-22 09:32:51 EXEC SPC_COM_M999_INQ1 '2';
2018-05-22 09:32:59 EXEC SPC_P001_LST1 '','1';
2018-05-22 09:36:04 EXEC SPC_S003_FND1
2018-05-22 09:36:07 EXEC SPC_COM_M999_INQ1 '2';
2018-05-22 09:36:14 EXEC SPC_P001_LST1 '','1';
2018-05-22 09:37:01 EXEC SPC_S003_FND1
2018-05-22 09:37:03 EXEC SPC_COM_M999_INQ1 '2';
2018-05-22 09:39:02 EXEC SPC_P001_LST1 '','1';
2018-05-22 09:39:42 EXEC SPC_S003_FND1
2018-05-22 09:39:44 EXEC SPC_COM_M999_INQ1 '2';
2018-05-22 09:39:48 EXEC SPC_P001_LST1 '','1';
2018-05-22 09:44:46 EXEC SPC_S003_FND1
2018-05-22 09:44:49 EXEC SPC_COM_M999_INQ1 '2';
2018-05-22 09:44:54 EXEC SPC_P001_LST1 '','1';
2018-05-22 09:47:03 EXEC SPC_S003_FND1
2018-05-22 09:47:06 EXEC SPC_COM_M999_INQ1 '2';
2018-05-22 09:47:09 EXEC SPC_P001_LST1 '','1';
2018-05-22 09:51:04 EXEC SPC_S003_FND1
2018-05-22 09:51:06 EXEC SPC_COM_M999_INQ1 '2';
2018-05-22 09:51:10 EXEC SPC_P001_LST1 '','1';
2018-05-22 09:51:26 EXEC SPC_COM_M999_INQ1 '2';
2018-05-22 09:52:08 EXEC SPC_COM_M999_INQ1 '2';
2018-05-22 09:52:20 EXEC SPC_P001_LST1 '','1';
2018-05-22 09:52:24 EXEC SPC_P001_LST1 '','1','1';
2018-05-22 09:52:42 EXEC SPC_S003_FND1
2018-05-22 09:52:42 EXEC SPC_COM_M999_INQ1 '2';
2018-05-22 09:53:00 EXEC SPC_M004_FND1
2018-05-22 09:53:04 EXEC SPC_P001_LST1 '','1';
2018-05-22 09:53:47 EXEC SPC_M004_FND1
2018-05-22 09:53:49 EXEC SPC_P001_LST1 '','1';
2018-05-22 09:54:05 EXEC SPC_P001_LST1 '','1';
2018-05-22 09:54:44 EXEC SPC_M004_FND1
2018-05-22 09:54:47 EXEC SPC_P001_LST1 '','1';
2018-05-22 09:55:38 EXEC SPC_P001_LST1 '','1';
2018-05-22 09:56:21 EXEC SPC_M004_FND1
2018-05-22 09:56:24 EXEC SPC_P001_LST1 '','1';
2018-05-22 09:57:31 EXEC SPC_M004_FND1
2018-05-22 09:57:34 EXEC SPC_P001_LST1 '','1';
2018-05-22 09:58:01 EXEC SPC_M004_FND1
2018-05-22 09:58:06 EXEC SPC_P001_LST1 '','1';
2018-05-22 09:58:31 EXEC SPC_M004_FND1
2018-05-22 09:58:34 EXEC SPC_P001_LST1 '','1';
2018-05-22 09:58:36 EXEC SPC_P001_LST1 '','1','1';
2018-05-22 09:59:26 EXEC SPC_M004_FND1
2018-05-22 09:59:28 EXEC SPC_P001_LST1 '','1';
2018-05-22 09:59:43 EXEC SPC_M004_FND1
2018-05-22 09:59:46 EXEC SPC_P001_LST1 '','1';
2018-05-22 10:01:32 EXEC SPC_P001_LST1 '','1';
2018-05-22 10:02:19 EXEC SPC_M004_FND1
2018-05-22 10:02:23 EXEC SPC_P001_LST1 '','1';
2018-05-22 10:02:24 EXEC SPC_P001_LST1 '','1','1';
2018-05-22 10:02:26 EXEC SPC_P001_LST1 '','1','1';
2018-05-22 10:02:27 EXEC SPC_P001_LST1 '','1','1';
2018-05-22 10:02:30 EXEC SPC_M003_FND1
2018-05-22 10:02:32 EXEC SPC_M003_LST1 '','','','0','10','1';
2018-05-22 10:03:24 EXEC SPC_M003_FND1
2018-05-22 10:03:27 EXEC SPC_P001_LST1 '','1';
2018-05-22 10:11:27 EXEC SPC_M003_FND1
2018-05-22 10:11:29 EXEC SPC_P001_LST1 '','1';
2018-05-22 10:12:50 EXEC SPC_M003_FND1
2018-05-22 10:12:56 EXEC SPC_P001_LST1 '','1';
2018-05-22 10:14:36 EXEC SPC_S003_FND1
2018-05-22 10:14:39 EXEC SPC_COM_M999_INQ1 '2';
2018-05-22 10:14:41 EXEC SPC_P001_LST1 '','1';
2018-05-22 10:14:43 EXEC SPC_P001_LST1 '','1','2';
2018-05-22 10:16:10 EXEC SPC_S003_FND1
2018-05-22 10:16:11 EXEC SPC_COM_M999_INQ1 '2';
2018-05-22 10:17:08 EXEC SPC_M003_FND1
2018-05-22 10:18:29 EXEC SPC_M003_FND1
2018-05-22 10:18:39 EXEC SPC_M003_FND1
2018-05-22 10:18:41 EXEC SPC_S003_FND1
2018-05-22 10:18:46 EXEC SPC_COM_M999_INQ1 '2';
2018-05-22 10:18:50 EXEC SPC_P001_LST1 '','','','0','1','1';
2018-05-22 10:18:50 SQLSTATE[42000]: [Microsoft][ODBC Driver 13 for SQL Server][SQL Server]プロシージャまたは関数 SPC_P001_LST1 に指定された引数が多すぎます。
2018-05-22 10:21:23 EXEC SPC_S003_FND1
2018-05-22 10:21:24 EXEC SPC_COM_M999_INQ1 '2';
2018-05-22 10:21:27 EXEC SPC_P002_LST1 '','','','0','1','1';
2018-05-22 10:21:35 EXEC SPC_P002_LST1 '','','','0','1','1';
2018-05-22 10:22:22 EXEC SPC_S003_FND1
2018-05-22 10:22:24 EXEC SPC_COM_M999_INQ1 '2';
2018-05-22 10:22:27 EXEC SPC_P002_LST1 '','','','0','1','1';
2018-05-22 10:23:12 EXEC SPC_S003_FND1
2018-05-22 10:23:14 EXEC SPC_COM_M999_INQ1 '2';
2018-05-22 10:23:15 EXEC SPC_P002_LST1 '','','','0','1','1';
2018-05-22 10:23:36 EXEC SPC_S003_FND1
2018-05-22 10:23:37 EXEC SPC_COM_M999_INQ1 '2';
2018-05-22 10:23:39 EXEC SPC_P002_LST1 '','','','0','1','1';
2018-05-22 10:24:35 EXEC SPC_S003_FND1
2018-05-22 10:24:38 EXEC SPC_COM_M999_INQ1 '2';
2018-05-22 10:24:39 EXEC SPC_P002_LST1 '','','','0','1','1';
2018-05-22 10:24:46 EXEC SPC_P002_LST1 '','','','0','1','2';
2018-05-22 10:24:47 EXEC SPC_P002_LST1 '','','','0','1','3';
2018-05-22 10:24:48 EXEC SPC_P002_LST1 '','','','0','1','4';
2018-05-22 10:24:49 EXEC SPC_P002_LST1 '','','','0','1','5';
2018-05-22 10:24:51 EXEC SPC_P002_LST1 '','','','0','1','6';
2018-05-22 10:24:52 EXEC SPC_P002_LST1 '','','','0','1','7';
2018-05-22 10:24:55 EXEC SPC_P002_LST1 '','','','0','1','8';
2018-05-22 10:24:56 EXEC SPC_P002_LST1 '','','','0','1','9';
2018-05-22 10:24:58 EXEC SPC_P002_LST1 '','','','0','1','11';
2018-05-22 10:25:00 EXEC SPC_P002_LST1 '','','','0','1','14';
2018-05-22 10:25:02 EXEC SPC_P002_LST1 '','','','0','1','11';
2018-05-22 10:25:05 EXEC SPC_P002_LST1 '','','','0','1','1';
2018-05-22 10:25:07 EXEC SPC_P002_LST1 '','','','0','1','14';
2018-05-22 10:25:08 EXEC SPC_P002_LST1 '','','','0','1','11';
2018-05-22 10:25:13 EXEC SPC_P002_LST1 '','','','0','1','12';
2018-05-22 10:25:14 EXEC SPC_P002_LST1 '','','','0','1','10';
2018-05-22 10:25:16 EXEC SPC_P002_LST1 '','','','0','1','9';
2018-05-22 10:25:32 EXEC SPC_P001_LST1 '','1';
2018-05-22 10:25:35 EXEC SPC_P002_LST1 '','','DEP-1','0','1','1';
2018-05-22 10:25:38 EXEC SPC_P002_LST1 '','','DEP-1','0','1','7';
2018-05-22 10:25:39 EXEC SPC_P002_LST1 '','','DEP-1','0','1','5';
2018-05-22 10:26:04 EXEC SPC_S003_FND1
2018-05-22 10:26:05 EXEC SPC_COM_M999_INQ1 '2';
2018-05-22 10:26:08 EXEC SPC_P002_LST1 '','','','0','1','1';
2018-05-22 10:26:27 EXEC SPC_S003_FND1
2018-05-22 10:26:29 EXEC SPC_COM_M999_INQ1 '2';
2018-05-22 10:26:29 EXEC SPC_P002_LST1 '','','','0','1';
2018-05-22 10:27:08 EXEC SPC_COM_M999_INQ1 '2';
2018-05-22 10:27:09 EXEC SPC_P002_LST1 '','','','0','1';
2018-05-22 10:27:13 EXEC SPC_S003_FND1
2018-05-22 10:27:15 EXEC SPC_COM_M999_INQ1 '2';
2018-05-22 10:27:15 EXEC SPC_P002_LST1 '','','','0','1';
2018-05-22 10:29:18 EXEC SPC_S003_FND1
2018-05-22 10:29:19 EXEC SPC_COM_M999_INQ1 '2';
2018-05-22 10:29:20 EXEC SPC_P002_LST1 '','','','0','1';
2018-05-22 10:31:44 EXEC SPC_P002_LST1 '','','','0','1','2';
2018-05-22 10:32:52 EXEC SPC_S003_FND1
2018-05-22 10:33:06 EXEC SPC_S003_FND1
2018-05-22 10:33:09 EXEC SPC_COM_M999_INQ1 '2';
2018-05-22 10:33:10 EXEC SPC_P002_LST1 '','','','0','1';
2018-05-22 10:34:06 EXEC SPC_S003_FND1
2018-05-22 10:34:08 EXEC SPC_COM_M999_INQ1 '2';
2018-05-22 10:34:08 EXEC SPC_P002_LST1 '','','','0','1';
2018-05-22 10:35:18 EXEC SPC_S003_FND1
2018-05-22 10:35:20 EXEC SPC_COM_M999_INQ1 '2';
2018-05-22 10:35:20 EXEC SPC_P002_LST1 '','','','0','1';
2018-05-22 10:37:19 EXEC SPC_S003_FND1
2018-05-22 10:37:20 EXEC SPC_COM_M999_INQ1 '2';
2018-05-22 10:37:21 EXEC SPC_P002_LST1 '','','','0','1';
2018-05-22 10:39:18 EXEC SPC_S003_FND1
2018-05-22 10:39:20 EXEC SPC_COM_M999_INQ1 '2';
2018-05-22 10:39:20 EXEC SPC_P002_LST1 '','','','0','1';
2018-05-22 10:39:20 SQLSTATE[21S01]: [Microsoft][ODBC Driver 13 for SQL Server][SQL Server]列名または指定された値の数がテーブルの定義と一致しません。
2018-05-22 10:39:57 EXEC SPC_S003_FND1
2018-05-22 10:39:58 EXEC SPC_COM_M999_INQ1 '2';
2018-05-22 10:39:59 EXEC SPC_P002_LST1 '','','','0','1';
2018-05-22 10:39:59 SQLSTATE[21S01]: [Microsoft][ODBC Driver 13 for SQL Server][SQL Server]列名または指定された値の数がテーブルの定義と一致しません。
2018-05-22 10:40:06 EXEC SPC_P002_LST1 '','','','0','1','1';
2018-05-22 10:40:06 SQLSTATE[21S01]: [Microsoft][ODBC Driver 13 for SQL Server][SQL Server]列名または指定された値の数がテーブルの定義と一致しません。
2018-05-22 10:41:10 EXEC SPC_S003_FND1
2018-05-22 10:41:11 EXEC SPC_COM_M999_INQ1 '2';
2018-05-22 10:41:12 EXEC SPC_P002_LST1 '','','','0','1';
2018-05-22 10:41:27 EXEC SPC_COMMON_REFER 'p002','EMP-54';
2018-05-22 10:41:27 SQLSTATE[IMSSP]: The active result for the query contains no fields.
2018-05-22 10:44:00 EXEC SPC_S003_FND1
2018-05-22 10:44:06 EXEC SPC_COMMON_REFER 'p002','emp-55';
2018-05-22 10:44:30 EXEC SPC_S003_FND1
2018-05-22 10:44:34 EXEC SPC_COMMON_REFER 'p002','emp-55';
2018-05-22 10:44:44 EXEC SPC_COM_M999_INQ1 '2';
2018-05-22 10:44:44 EXEC SPC_P002_LST1 '','','','0','1';
2018-05-22 10:44:45 EXEC SPC_P002_LST1 '','','','0','1','4';
2018-05-22 10:48:47 EXEC SPC_COMMON_REFER 'p002','EMP-71';
2018-05-22 10:48:49 EXEC SPC_COMMON_REFER 'p002','EMP-71';
2018-05-22 10:48:59 EXEC SPC_COM_M999_INQ1 '2';
2018-05-22 10:49:00 EXEC SPC_P002_LST1 '','','','0','1';
2018-05-22 10:49:18 EXEC SPC_S003_FND1
2018-05-22 10:49:23 EXEC SPC_COM_M999_INQ1 '2';
2018-05-22 10:49:24 EXEC SPC_P002_LST1 '','','','0','1';
