2018-07-23 02:12:43 EXEC SPC_COM_MENU '1';
2018-07-23 02:12:43 Array to string conversion
2018-07-23 02:14:05 EXEC SPC_COM_MENU '1';
2018-07-23 02:14:05 EXEC SPC_COMMON_CATALORUE '3';
2018-07-23 02:14:06 EXEC SPC_COM_MENU '1';
2018-07-23 02:14:06 EXEC SPC_COMMON_GROUP '';
2018-07-23 02:14:07 EXEC SPC_COM_MENU '1';
2018-07-23 02:14:07 EXEC SPC_COMMON_GROUP 'CAT-8';
2018-07-23 02:14:26 EXEC SPC_COM_MENU '1';
2018-07-23 02:15:42 EXEC SPC_COM_PERMISSION '1','w002';
2018-07-23 02:15:42 EXEC SPC_COM_MENU '1';
2018-07-23 02:15:42 EXEC SPC_COM_M999_INQ1 '7';
2018-07-23 02:15:45 EXEC SPC_COM_MENU '1';
2018-07-23 02:15:45 EXEC SPC_COMMON_CATALORUE '3';
2018-07-23 02:15:46 EXEC SPC_COM_MENU '1';
2018-07-23 02:15:46 EXEC SPC_COMMON_GROUP 'CAT-8';
2018-07-23 02:15:57 EXEC SPC_COM_MENU '1';
2018-07-23 02:15:57 Array to string conversion
2018-07-23 02:16:52 EXEC SPC_COM_PERMISSION '1','w002';
2018-07-23 02:16:52 EXEC SPC_COM_MENU '1';
2018-07-23 02:16:52 EXEC SPC_COM_M999_INQ1 '7';
2018-07-23 02:16:54 EXEC SPC_COM_MENU '1';
2018-07-23 02:16:54 EXEC SPC_COMMON_CATALORUE '3';
2018-07-23 02:59:40 EXEC SPC_COM_PERMISSION '1','w002';
2018-07-23 02:59:40 EXEC SPC_COM_MENU '1';
2018-07-23 02:59:40 EXEC SPC_COM_M999_INQ1 '7';
2018-07-23 02:59:43 EXEC SPC_COM_MENU '1';
2018-07-23 02:59:43 EXEC SPC_COMMON_CATALORUE '3';
2018-07-23 02:59:45 EXEC SPC_COM_MENU '1';
2018-07-23 02:59:45 EXEC SPC_COMMON_GROUP 'CAT-8';
2018-07-23 04:15:14 EXEC SPC_COM_MENU '1';
2018-07-23 04:17:08 EXEC SPC_COM_PERMISSION '1','w002';
2018-07-23 04:17:08 EXEC SPC_COM_MENU '1';
2018-07-23 04:17:08 EXEC SPC_COM_M999_INQ1 '7';
2018-07-23 04:17:12 EXEC SPC_COM_MENU '1';
2018-07-23 04:17:12 EXEC SPC_COMMON_CATALORUE '3';
2018-07-23 04:17:14 EXEC SPC_COM_MENU '1';
2018-07-23 04:17:14 EXEC SPC_COMMON_GROUP 'CAT-8';
2018-07-23 04:17:29 EXEC SPC_COM_MENU '1';
2018-07-23 04:17:29 Array to string conversion
2018-07-23 04:23:14 EXEC SPC_COM_PERMISSION '1','w002';
2018-07-23 04:23:14 EXEC SPC_COM_MENU '1';
2018-07-23 04:23:14 EXEC SPC_COM_M999_INQ1 '7';
2018-07-23 04:23:17 EXEC SPC_COM_MENU '1';
2018-07-23 04:23:17 EXEC SPC_COMMON_CATALORUE '3';
2018-07-23 04:23:18 EXEC SPC_COM_MENU '1';
2018-07-23 04:23:18 EXEC SPC_COMMON_GROUP 'CAT-8';
2018-07-23 04:23:30 EXEC SPC_COM_MENU '1';
2018-07-23 04:24:03 EXEC SPC_COM_MENU '1';
2018-07-23 04:26:08 EXEC SPC_COM_PERMISSION '1','w002';
2018-07-23 04:26:08 EXEC SPC_COM_MENU '1';
2018-07-23 04:26:08 EXEC SPC_COM_M999_INQ1 '7';
2018-07-23 04:26:10 EXEC SPC_COM_MENU '1';
2018-07-23 04:26:10 EXEC SPC_COMMON_CATALORUE '3';
2018-07-23 04:26:11 EXEC SPC_COM_MENU '1';
2018-07-23 04:26:11 EXEC SPC_COMMON_GROUP 'CAT-8';
2018-07-23 04:26:17 EXEC SPC_COM_MENU '1';
2018-07-23 04:26:18 Array to string conversion
2018-07-23 04:26:58 EXEC SPC_COM_PERMISSION '1','w002';
2018-07-23 04:26:58 EXEC SPC_COM_MENU '1';
2018-07-23 04:26:58 EXEC SPC_COM_M999_INQ1 '7';
2018-07-23 04:27:01 EXEC SPC_COM_MENU '1';
2018-07-23 04:27:01 EXEC SPC_COMMON_CATALORUE '2';
2018-07-23 04:27:03 EXEC SPC_COM_MENU '1';
2018-07-23 04:27:03 EXEC SPC_COMMON_CATALORUE '3';
2018-07-23 04:27:05 EXEC SPC_COM_MENU '1';
2018-07-23 04:27:05 EXEC SPC_COMMON_GROUP 'CAT-8';
2018-07-23 04:27:16 EXEC SPC_COM_MENU '1';
2018-07-23 04:27:16 EXEC SPC_w002_ACT1 '3','CAT-8','GRO-4','xccxzcxz','','','<row vocabulary_id="" vocabulary_dtl_id="" vocabulary_nm="" spelling="" mean="" explain="" />','ndq809','127.0.0.1';
2018-07-23 04:28:37 EXEC SPC_COM_PERMISSION '1','w002';
2018-07-23 04:28:37 EXEC SPC_COM_MENU '1';
2018-07-23 04:28:37 EXEC SPC_COM_M999_INQ1 '7';
2018-07-23 04:35:02 EXEC SPC_COM_PERMISSION '1','w002';
2018-07-23 04:35:02 EXEC SPC_COM_MENU '1';
2018-07-23 04:35:02 EXEC SPC_COM_M999_INQ1 '7';
2018-07-23 04:35:13 EXEC SPC_COM_PERMISSION '1','w002';
2018-07-23 04:35:13 EXEC SPC_COM_MENU '1';
2018-07-23 04:35:13 EXEC SPC_COM_M999_INQ1 '7';
2018-07-23 04:35:15 EXEC SPC_COM_MENU '1';
2018-07-23 04:35:15 EXEC SPC_COMMON_CATALORUE '1';
2018-07-23 04:35:17 EXEC SPC_COM_MENU '1';
2018-07-23 04:35:17 EXEC SPC_COMMON_CATALORUE '3';
2018-07-23 04:35:25 EXEC SPC_COM_MENU '1';
2018-07-23 04:35:25 EXEC SPC_COMMON_GROUP 'CAT-8';
2018-07-23 04:35:43 EXEC SPC_COM_MENU '1';
2018-07-23 04:36:55 EXEC SPC_COM_PERMISSION '1','w002';
2018-07-23 04:36:55 EXEC SPC_COM_MENU '1';
2018-07-23 04:36:55 EXEC SPC_COM_M999_INQ1 '7';
