2018-05-21 00:08:13 EXEC SPC_M004_FND1
2018-05-21 00:08:53 EXEC SPC_M003_FND1
2018-05-21 00:15:09 EXEC SPC_M003_FND1
2018-05-21 00:22:48 EXEC SPC_M003_FND1
2018-05-21 00:40:35 EXEC SPC_M003_FND1
2018-05-21 00:44:51 EXEC SPC_M003_FND1
2018-05-21 00:46:50 EXEC SPC_M003_FND1
2018-05-21 00:51:13 EXEC SPC_M003_FND1
2018-05-21 00:53:55 EXEC SPC_M003_FND1
2018-05-21 00:54:23 EXEC SPC_M004_FND1
2018-05-21 00:54:41 EXEC SPC_M003_FND1
2018-05-21 01:01:03 EXEC SPC_M003_FND1
2018-05-21 01:02:10 EXEC SPC_M003_FND1
2018-05-21 01:03:08 EXEC SPC_M003_FND1
2018-05-21 01:04:17 EXEC SPC_M003_FND1
2018-05-21 01:04:18 EXEC SPC_M003_FND1
2018-05-21 01:04:30 EXEC SPC_M003_FND1
2018-05-21 01:04:30 EXEC SPC_M003_FND1
2018-05-21 01:05:35 EXEC SPC_M004_FND1
2018-05-21 01:05:35 EXEC SPC_M004_FND1
2018-05-21 01:06:43 EXEC SPC_M003_FND1
2018-05-21 01:06:59 EXEC SPC_M003_FND1
2018-05-21 01:09:07 EXEC SPC_M003_FND1
2018-05-21 01:09:08 EXEC SPC_M003_FND1
2018-05-21 01:11:33 EXEC SPC_M003_FND1
2018-05-21 01:11:33 EXEC SPC_M003_FND1
2018-05-21 01:12:06 EXEC SPC_M003_FND1
2018-05-21 01:12:07 EXEC SPC_M003_FND1
2018-05-21 01:13:22 EXEC SPC_M003_FND1
2018-05-21 01:13:23 EXEC SPC_M003_FND1
2018-05-21 01:13:29 EXEC SPC_M003_FND1
2018-05-21 01:13:30 EXEC SPC_M003_FND1
2018-05-21 01:15:04 EXEC SPC_M003_FND1
2018-05-21 01:15:05 EXEC SPC_M003_FND1
2018-05-21 01:15:26 EXEC SPC_M003_FND1
2018-05-21 01:15:49 EXEC SPC_M003_FND1
2018-05-21 01:15:49 EXEC SPC_M003_FND1
2018-05-21 01:15:59 EXEC SPC_M003_FND1
2018-05-21 01:16:29 EXEC SPC_M003_FND1
2018-05-21 01:17:16 EXEC SPC_M003_FND1
2018-05-21 01:17:18 EXEC SPC_M003_FND1
2018-05-21 01:17:43 EXEC SPC_M003_FND1
2018-05-21 01:17:57 EXEC SPC_M003_FND1
2018-05-21 01:18:09 EXEC SPC_M003_FND1
2018-05-21 01:19:40 EXEC SPC_M003_FND1
2018-05-21 01:20:24 EXEC SPC_M003_FND1
2018-05-21 01:21:10 EXEC SPC_M003_FND1
2018-05-21 01:21:27 EXEC SPC_M003_FND1
2018-05-21 01:22:17 EXEC SPC_M003_FND1
2018-05-21 01:22:33 EXEC SPC_M003_FND1
2018-05-21 01:22:34 EXEC SPC_M003_FND1
2018-05-21 01:23:48 EXEC SPC_M003_FND1
2018-05-21 01:23:49 EXEC SPC_M003_FND1
2018-05-21 01:23:58 EXEC SPC_M003_LST1 '','','','0','10','1';
2018-05-21 01:24:17 EXEC SPC_COMMON_REFER 'p001','DEP-2';
2018-05-21 01:25:38 EXEC SPC_M004_FND1
2018-05-21 01:25:38 EXEC SPC_M004_FND1
2018-05-21 01:25:45 EXEC SPC_P001_LST1 '','1';
2018-05-21 01:25:48 EXEC SPC_P001_LST1 '','1','2';
2018-05-21 01:25:49 EXEC SPC_P001_LST1 '','1','3';
2018-05-21 01:26:22 EXEC SPC_M004_FND1
2018-05-21 01:26:35 EXEC SPC_M003_FND1
2018-05-21 01:26:38 EXEC SPC_M003_LST1 '','','','0','10','1';
2018-05-21 01:27:38 EXEC SPC_COMMON_REFER 'p001','DEP-1';
2018-05-21 01:27:53 EXEC SPC_M003_ACT1 '<row avarta="http://eplus.win/uploads/cropped-無題_20180521 0101050521211526866041749.jpg" emp_id="EMP-72" family_nm="Tố" first_name="Linh" email="ndq809@gmail.com" cellphone="10124" sex="1" birth_date="12/11/1999" department_id="DEP-1" employee_div="4" remark="linh gà" />','quy','127.0.0.1';
2018-05-21 01:27:54 EXEC SPC_M003_LST1 '','','','0','10','1';
2018-05-21 01:31:35 EXEC SPC_M003_FND1
2018-05-21 01:31:37 EXEC SPC_M003_LST1 '','','','0','10','1';
2018-05-21 01:34:12 EXEC SPC_M003_FND1
2018-05-21 01:34:14 EXEC SPC_M003_LST1 '','','','0','10','1';
2018-05-21 01:37:22 EXEC SPC_M003_FND1
2018-05-21 01:37:24 EXEC SPC_M003_LST1 '','','','0','10','1';
2018-05-21 01:37:56 EXEC SPC_M004_FND1
2018-05-21 01:38:01 EXEC SPC_M003_FND1
2018-05-21 01:38:02 EXEC SPC_M003_LST1 '','','','0','10','1';
2018-05-21 01:39:14 EXEC SPC_M003_FND1
2018-05-21 01:39:25 EXEC SPC_M003_LST1 '','','','0','10','1';
2018-05-21 01:39:27 EXEC SPC_M004_FND1
2018-05-21 01:39:36 EXEC SPC_M004_ACT1 '/web-content/images/avarta/default_avarta.jpg','','','','','0','','','1','','quy','127.0.0.1';
2018-05-21 01:39:42 EXEC SPC_M004_ACT2 '<row id="EMP-81" />','quy','127.0.0.1';
2018-05-21 02:38:17 EXEC SPC_M004_FND1
2018-05-21 03:03:01 EXEC SPC_M004_FND1
2018-05-21 04:03:46 EXEC SPC_M004_FND1
2018-05-21 04:40:58 EXEC SPC_M004_FND1
2018-05-21 04:41:06 EXEC SPC_M004_ACT1 '/web-content/images/avarta/default_avarta.jpg','','','','','0','','','1','','quy','127.0.0.1';
2018-05-21 04:41:22 EXEC SPC_M004_ACT2 '<row id="EMP-82" />','quy','127.0.0.1';
2018-05-21 04:43:36 EXEC SPC_M004_ACT1 '/web-content/images/avarta/default_avarta.jpg','','','','','0','','','1','','quy','127.0.0.1';
2018-05-21 04:43:47 EXEC SPC_M004_ACT2 '<row id="EMP-82" /><row id="EMP-83" />','quy','127.0.0.1';
2018-05-21 04:49:13 EXEC SPC_M004_FND1
2018-05-21 04:49:18 EXEC SPC_M004_ACT1 '/web-content/images/avarta/default_avarta.jpg','','','','','0','','','2','','quy','127.0.0.1';
2018-05-21 04:49:35 EXEC SPC_M004_ACT2 '<row id="EMP-84" />','quy','127.0.0.1';
2018-05-21 04:51:41 EXEC SPC_P001_LST1 '','1';
2018-05-21 04:51:44 EXEC SPC_P001_LST1 '','1','2';
2018-05-21 04:51:45 EXEC SPC_P001_LST1 '','1','3';
2018-05-21 04:51:47 EXEC SPC_P001_LST1 '','1','1';
2018-05-21 04:52:46 EXEC SPC_M004_ACT1 '/web-content/images/avarta/default_avarta.jpg','','','','','0','','','2','','quy','127.0.0.1';
2018-05-21 04:52:58 EXEC SPC_M004_ACT2 '<row id="EMP-84" /><row id="EMP-85" />','quy','127.0.0.1';
2018-05-21 04:56:29 EXEC SPC_COMMON_REFER 'p001','eqweqweqwr';
2018-05-21 04:56:30 EXEC SPC_COMMON_REFER 'p001','ưeqeqe';
2018-05-21 04:56:31 EXEC SPC_COMMON_REFER 'p001','te';
2018-05-21 04:56:45 EXEC SPC_M004_FND1
2018-05-21 05:13:37 EXEC SPC_M004_FND1
2018-05-21 05:26:30 EXEC SPC_M004_FND1
2018-05-21 05:27:25 EXEC SPC_M004_FND1
2018-05-21 05:27:39 EXEC SPC_M004_FND1
2018-05-21 05:34:30 EXEC SPC_M003_FND1
2018-05-21 05:48:36 EXEC SPC_M003_FND1
2018-05-21 05:50:55 EXEC SPC_M003_FND1
2018-05-21 05:51:13 EXEC SPC_M004_FND1
2018-05-21 05:52:43 EXEC SPC_M004_FND1
2018-05-21 05:53:11 EXEC SPC_M004_FND1
2018-05-21 05:53:31 EXEC SPC_M004_FND1
2018-05-21 05:55:02 EXEC SPC_M004_FND1
2018-05-21 05:55:24 EXEC SPC_M004_FND1
2018-05-21 05:55:30 EXEC SPC_M003_FND1
2018-05-21 05:58:39 EXEC SPC_M003_FND1
2018-05-21 05:59:12 EXEC SPC_M003_FND1
2018-05-21 06:00:16 EXEC SPC_M003_LST1 '','','','0','10','1';
2018-05-21 06:02:32 EXEC SPC_M003_FND1
2018-05-21 06:04:30 EXEC SPC_M003_FND1
2018-05-21 06:45:58 EXEC SPC_M003_FND1
2018-05-21 06:46:04 EXEC SPC_M004_FND1
2018-05-21 06:46:11 EXEC SPC_M003_FND1
2018-05-21 06:51:32 EXEC SPC_M003_LST1 '','','','0','10','1';
2018-05-21 06:52:54 EXEC SPC_M003_ACT1 '<row avarta="/web-content/images/avarta/default_avarta.jpg" emp_id="" family_nm="" first_name="" email="" cellphone="" sex="0" birth_date="" department_id="" employee_div="" remark="" /><row avarta="http://eplus.win/uploads/cropped-loading_20180518 0909050502021526635202023.jpg" emp_id="EMP-70" family_nm="Linh" first_name="Lan" email="linhlan@gmail.com" cellphone="11223344" sex="2" birth_date="18/05/2003" department_id="DEP-2" employee_div="2" remark="" /><row avarta="http://eplus.win/uploads/cropped-title-icon3_20180521 0606050527271526885547800.jpg" emp_id="EMP-73" family_nm="Hoàng" first_name="Sang" email="sangkute@gmail.com" cellphone="112114" sex="1" birth_date="12/11/2011" department_id="DEP-1" employee_div="1" remark="cháu tui" />','quy','127.0.0.1';
2018-05-21 06:52:55 EXEC SPC_M003_LST1 '','','','0','10','1';
2018-05-21 06:54:42 EXEC SPC_M004_FND1
2018-05-21 06:55:29 EXEC SPC_M003_FND1
2018-05-21 06:55:31 EXEC SPC_M003_LST1 '','','','0','10','1';
2018-05-21 06:55:59 EXEC SPC_COMMON_REFER 'p001','dep-1';
2018-05-21 06:56:01 EXEC SPC_M003_LST1 '','','DEP-1','0','10','1';
2018-05-21 06:58:03 EXEC SPC_M003_FND1
2018-05-21 06:58:06 EXEC SPC_M003_LST1 '','','','0','10','1';
2018-05-21 06:58:29 EXEC SPC_M003_FND1
2018-05-21 06:58:31 EXEC SPC_M003_LST1 '','','','0','10','1';
2018-05-21 06:59:42 EXEC SPC_M003_FND1
2018-05-21 06:59:44 EXEC SPC_M003_LST1 '','','','0','10','1';
2018-05-21 07:00:12 EXEC SPC_M003_FND1
2018-05-21 07:00:14 EXEC SPC_M003_LST1 '','','','0','10','1';
2018-05-21 07:00:35 EXEC SPC_M004_FND1
2018-05-21 07:01:22 EXEC SPC_COMMON_REFER 'p001','dep-1';
2018-05-21 07:01:37 EXEC SPC_M004_ACT1 '/web-content/images/avarta/default_avarta.jpg','Đình','Quý1','khoai@gmail.com','','1','16/10/2013','DEP-1','5','không thèm ghi chú','quy','127.0.0.1';
2018-05-21 07:01:41 EXEC SPC_M004_ACT1 '/web-content/images/avarta/default_avarta.jpg','Đình','Quý1','khoai@gmail.com','','1','16/10/2013','DEP-1','5','không thèm ghi chú','quy','127.0.0.1';
2018-05-21 07:01:43 EXEC SPC_M004_ACT1 '/web-content/images/avarta/default_avarta.jpg','Đình','Quý1','khoai@gmail.com','','1','16/10/2013','DEP-1','5','không thèm ghi chú','quy','127.0.0.1';
2018-05-21 07:01:46 EXEC SPC_M004_ACT1 '/web-content/images/avarta/default_avarta.jpg','Đình','Quý1','khoai@gmail.com','','1','16/10/2013','DEP-1','5','không thèm ghi chú','quy','127.0.0.1';
2018-05-21 07:01:48 EXEC SPC_M004_ACT1 '/web-content/images/avarta/default_avarta.jpg','Đình','Quý1','khoai@gmail.com','','1','16/10/2013','DEP-1','5','không thèm ghi chú','quy','127.0.0.1';
2018-05-21 07:01:50 EXEC SPC_M004_ACT1 '/web-content/images/avarta/default_avarta.jpg','Đình','Quý1','khoai@gmail.com','','1','16/10/2013','DEP-1','5','không thèm ghi chú','quy','127.0.0.1';
2018-05-21 07:01:54 EXEC SPC_M004_ACT1 '/web-content/images/avarta/default_avarta.jpg','Đình','Quý1','khoai@gmail.com','','1','16/10/2013','DEP-1','5','không thèm ghi chú','quy','127.0.0.1';
2018-05-21 07:01:56 EXEC SPC_M004_ACT1 '/web-content/images/avarta/default_avarta.jpg','Đình','Quý1','khoai@gmail.com','','1','16/10/2013','DEP-1','5','không thèm ghi chú','quy','127.0.0.1';
2018-05-21 07:01:59 EXEC SPC_M004_ACT1 '/web-content/images/avarta/default_avarta.jpg','Đình','Quý1','khoai@gmail.com','','1','16/10/2013','DEP-1','5','không thèm ghi chú','quy','127.0.0.1';
2018-05-21 07:02:02 EXEC SPC_M004_ACT1 '/web-content/images/avarta/default_avarta.jpg','Đình','Quý1','khoai@gmail.com','','1','16/10/2013','DEP-1','5','không thèm ghi chú','quy','127.0.0.1';
2018-05-21 07:02:04 EXEC SPC_M004_ACT1 '/web-content/images/avarta/default_avarta.jpg','Đình','Quý1','khoai@gmail.com','','1','16/10/2013','DEP-1','5','không thèm ghi chú','quy','127.0.0.1';
2018-05-21 07:02:07 EXEC SPC_M004_ACT1 '/web-content/images/avarta/default_avarta.jpg','Đình','Quý1','khoai@gmail.com','','1','16/10/2013','DEP-1','5','không thèm ghi chú','quy','127.0.0.1';
2018-05-21 07:02:10 EXEC SPC_M004_ACT1 '/web-content/images/avarta/default_avarta.jpg','Đình','Quý1','khoai@gmail.com','','1','16/10/2013','DEP-1','5','không thèm ghi chú','quy','127.0.0.1';
2018-05-21 07:02:13 EXEC SPC_M003_FND1
2018-05-21 07:02:14 EXEC SPC_M003_LST1 '','','','0','10','1';
2018-05-21 07:02:17 EXEC SPC_M003_LST1 '','','','0','10','2';
2018-05-21 07:02:19 EXEC SPC_M003_LST1 '','','','0','10','1';
2018-05-21 07:02:21 EXEC SPC_M003_LST1 '','','','0','10','2';
2018-05-21 07:02:24 EXEC SPC_M003_LST1 '','','','0','10','1';
2018-05-21 07:02:26 EXEC SPC_M003_LST1 '','','','0','10','2';
2018-05-21 07:02:28 EXEC SPC_M003_LST1 '','','','0','10','1';
2018-05-21 07:02:31 EXEC SPC_M003_LST1 '','','','0','10','2';
2018-05-21 07:02:35 EXEC SPC_M003_LST1 '','','','0','10','1';
2018-05-21 07:02:48 EXEC SPC_M003_LST1 '','','','0','10','2';
2018-05-21 07:02:49 EXEC SPC_M003_LST1 '','','','0','10','1';
2018-05-21 07:06:37 EXEC SPC_M003_FND1
2018-05-21 07:06:39 EXEC SPC_M003_LST1 '','','','0','10','1';
2018-05-21 07:06:41 EXEC SPC_M003_LST1 '','','','0','10','2';
2018-05-21 07:06:42 EXEC SPC_M003_LST1 '','','','0','10','1';
2018-05-21 07:06:43 EXEC SPC_M003_LST1 '','','','0','10','2';
2018-05-21 07:06:45 EXEC SPC_M003_LST1 '','','','0','10','1';
2018-05-21 07:06:46 EXEC SPC_M003_LST1 '','','','0','10','2';
2018-05-21 07:06:49 EXEC SPC_M003_LST1 '','','','0','10','1';
2018-05-21 07:07:42 EXEC SPC_M003_LST1 '','','','0','10','2';
2018-05-21 07:09:26 EXEC SPC_M003_FND1
2018-05-21 07:09:29 EXEC SPC_M003_LST1 '','','','0','10','1';
2018-05-21 07:10:41 EXEC SPC_M003_LST1 '','','','0','10','NaN';
2018-05-21 07:10:41 SQLSTATE[42000]: [Microsoft][ODBC Driver 13 for SQL Server][SQL Server]データ型 nvarchar を int に変換中にエラーが発生しました。
2018-05-21 07:10:41 EXEC SPC_M003_ACT1 '<row avarta="http://eplus.win/uploads/cropped-avarta_20180521 0707050512121526886612845.jpg" emp_id="EMP-86" family_nm="Đình" first_name="Quý2" email="khoai@gmail.com" cellphone="" sex="1" birth_date="16/10/1999" department_id="DEP-1" employee_div="5" remark="không thèm ghi chú" />','quy','127.0.0.1';
2018-05-21 07:10:45 EXEC SPC_M003_LST1 '','','','0','10','1';
2018-05-21 07:13:26 EXEC SPC_M003_FND1
2018-05-21 07:13:29 EXEC SPC_M003_LST1 '','','','0','10','1';
2018-05-21 07:13:55 EXEC SPC_COMMON_REFER 'p001','DEP-3';
2018-05-21 07:14:07 EXEC SPC_M003_LST1 '','','','0','10','NaN';
2018-05-21 07:14:07 SQLSTATE[42000]: [Microsoft][ODBC Driver 13 for SQL Server][SQL Server]データ型 nvarchar を int に変換中にエラーが発生しました。
2018-05-21 07:14:07 EXEC SPC_M003_ACT1 '<row avarta="/web-content/images/avarta/default_avarta.jpg" emp_id="EMP-87" family_nm="Đình" first_name="Quý1" email="ndq809@gmail.com" cellphone="1221" sex="1" birth_date="16/10/1985" department_id="DEP-3" employee_div="2" remark="không thèm ghi chú" />','quy','127.0.0.1';
2018-05-21 07:14:56 EXEC SPC_M003_LST1 '','','','0','10','NaN';
2018-05-21 07:14:56 EXEC SPC_M003_ACT1 '<row avarta="/web-content/images/avarta/default_avarta.jpg" emp_id="EMP-87" family_nm="Đình" first_name="Quý1" email="ndq809@gmail.com" cellphone="1221" sex="1" birth_date="16/10/1985" department_id="DEP-3" employee_div="2" remark="không thèm ghi chú" />','quy','127.0.0.1';
2018-05-21 07:14:56 SQLSTATE[42000]: [Microsoft][ODBC Driver 13 for SQL Server][SQL Server]データ型 nvarchar を int に変換中にエラーが発生しました。
2018-05-21 07:15:11 EXEC SPC_M003_LST1 '','','','0','10','NaN';
2018-05-21 07:15:11 EXEC SPC_M003_ACT1 '<row avarta="/web-content/images/avarta/default_avarta.jpg" emp_id="EMP-87" family_nm="Đình" first_name="Quý1" email="ndq809@gmail.com" cellphone="1221" sex="1" birth_date="16/10/1985" department_id="DEP-3" employee_div="2" remark="không thèm ghi chú" />','quy','127.0.0.1';
2018-05-21 07:15:11 SQLSTATE[42000]: [Microsoft][ODBC Driver 13 for SQL Server][SQL Server]データ型 nvarchar を int に変換中にエラーが発生しました。
2018-05-21 07:16:13 EXEC SPC_M003_FND1
2018-05-21 07:16:15 EXEC SPC_M003_LST1 '','','','0','10','1';
2018-05-21 07:16:46 EXEC SPC_COMMON_REFER 'p001','DEP-2';
2018-05-21 07:16:52 EXEC SPC_M003_ACT1 '<row avarta="/web-content/images/avarta/default_avarta.jpg" emp_id="EMP-88" family_nm="lalala" first_name="chim" email="khoai@gmail.com" cellphone="" sex="2" birth_date="16/10/2013" department_id="DEP-2" employee_div="5" remark="không thèm ghi chú" />','quy','127.0.0.1';
2018-05-21 07:16:52 EXEC SPC_M003_LST1 '','','','0','10','2';
2018-05-21 07:17:08 EXEC SPC_M003_LST1 '','','','0','10','1';
2018-05-21 07:17:12 EXEC SPC_M003_LST1 '','','','0','10','2';
2018-05-21 07:17:21 EXEC SPC_M003_LST1 '','','','0','10','1';
2018-05-21 07:17:22 EXEC SPC_M003_LST1 '','','','0','10','2';
2018-05-21 07:17:23 EXEC SPC_M003_LST1 '','','','0','10','1';
2018-05-21 07:17:25 EXEC SPC_M003_LST1 '','','','0','10','2';
2018-05-21 07:17:26 EXEC SPC_M003_LST1 '','','','0','10','1';
2018-05-21 07:17:32 EXEC SPC_M003_LST1 '','','','0','10','2';
2018-05-21 07:17:40 EXEC SPC_M003_ACT2 '<row id="EMP-96" /><row id="EMP-97" /><row id="EMP-98" />','quy','127.0.0.1';
2018-05-21 07:17:40 EXEC SPC_M003_LST1 '','','','0','10','1';
2018-05-21 07:17:47 EXEC SPC_M003_LST1 '','','','0','10','1';
2018-05-21 07:17:48 EXEC SPC_M003_LST1 '','','','0','10','2';
2018-05-21 07:21:07 EXEC SPC_M003_FND1
2018-05-21 07:21:09 EXEC SPC_M003_LST1 '','','','0','10','1';
2018-05-21 07:21:10 EXEC SPC_M003_LST1 '','','','0','10','2';
2018-05-21 07:21:12 EXEC SPC_M003_LST1 '','','','0','10','1';
2018-05-21 07:21:19 EXEC SPC_M003_LST1 '','','','0','10','2';
2018-05-21 07:21:36 EXEC SPC_M003_FND1
2018-05-21 07:21:38 EXEC SPC_M003_LST1 '','','','0','10','1';
2018-05-21 07:21:40 EXEC SPC_M003_LST1 '','','','0','10','2';
2018-05-21 07:21:47 EXEC SPC_M003_ACT2 '<row id="EMP-94" /><row id="EMP-95" />','quy','127.0.0.1';
2018-05-21 07:21:47 EXEC SPC_M003_LST1 '','','','0','10','2';
2018-05-21 07:22:14 EXEC SPC_M003_FND1
2018-05-21 07:22:16 EXEC SPC_M003_LST1 '','','','0','10','1';
2018-05-21 07:22:18 EXEC SPC_M003_LST1 '','','','0','10','2';
2018-05-21 07:22:22 EXEC SPC_M003_ACT2 '<row id="EMP-93" />','quy','127.0.0.1';
2018-05-21 07:22:50 EXEC SPC_COMMON_REFER 'p001','DEP-3';
2018-05-21 07:23:19 EXEC SPC_M003_ACT1 '<row avarta="/web-content/images/avarta/default_avarta.jpg" emp_id="EMP-92" family_nm="Đình" first_name="Quý2" email="ndq809@gmail.com" cellphone="12344321" sex="1" birth_date="16/10/1996" department_id="DEP-3" employee_div="1" remark="không thèm ghi chú" />','quy','127.0.0.1';
2018-05-21 07:23:29 EXEC SPC_M003_FND1
2018-05-21 07:23:34 EXEC SPC_M003_LST1 '','','','0','10','1';
2018-05-21 07:23:36 EXEC SPC_M003_LST1 '','','','0','10','2';
2018-05-21 07:23:52 EXEC SPC_M003_LST1 '','','','0','10','1';
2018-05-21 07:23:54 EXEC SPC_M003_LST1 '','','','0','10','2';
2018-05-21 07:24:20 EXEC SPC_M003_ACT1 '<row avarta="/web-content/images/avarta/default_avarta.jpg" emp_id="EMP-92" family_nm="Đình" first_name="Quý3" email="ndq809@gmail.com" cellphone="12344321" sex="1" birth_date="16/10/1996" department_id="DEP-3" employee_div="1" remark="không thèm ghi chú" />','quy','127.0.0.1';
2018-05-21 07:24:47 EXEC SPC_COMMON_REFER 'p001','DEP-3';
2018-05-21 07:24:55 EXEC SPC_M003_ACT1 '<row avarta="/web-content/images/avarta/default_avarta.jpg" emp_id="EMP-92" family_nm="Đình" first_name="Quý3" email="ndq809@gmail.com" cellphone="12344321" sex="1" birth_date="16/10/1996" department_id="DEP-3" employee_div="1" remark="không thèm ghi chú" /><row avarta="/web-content/images/avarta/default_avarta.jpg" emp_id="EMP-91" family_nm="Đình" first_name="pro" email="khoai@gmail.com" cellphone="" sex="1" birth_date="16/10/1999" department_id="DEP-3" employee_div="5" remark="không thèm ghi chú" />','quy','127.0.0.1';
2018-05-21 07:24:58 EXEC SPC_M003_ACT1 '<row avarta="/web-content/images/avarta/default_avarta.jpg" emp_id="EMP-92" family_nm="Đình" first_name="Quý3" email="ndq809@gmail.com" cellphone="12344321" sex="1" birth_date="16/10/1996" department_id="DEP-3" employee_div="1" remark="không thèm ghi chú" /><row avarta="/web-content/images/avarta/default_avarta.jpg" emp_id="EMP-91" family_nm="Đình" first_name="pro" email="khoai@gmail.com" cellphone="" sex="1" birth_date="16/10/1999" department_id="DEP-3" employee_div="5" remark="không thèm ghi chú" />','quy','127.0.0.1';
2018-05-21 07:24:58 EXEC SPC_M003_LST1 '','','','0','10','2';
2018-05-21 07:27:40 EXEC SPC_M003_ACT1 '<row avarta="/web-content/images/avarta/default_avarta.jpg" emp_id="EMP-92" family_nm="Đình" first_name="Quý3" email="ndq809@gmail.com" cellphone="12344321" sex="1" birth_date="16/10/1996" department_id="DEP-3" employee_div="1" remark="không thèm ghi chú" /><row avarta="/web-content/images/avarta/default_avarta.jpg" emp_id="EMP-91" family_nm="Đình" first_name="pro" email="khoai@gmail.com" cellphone="" sex="1" birth_date="16/10/1999" department_id="DEP-3" employee_div="5" remark="không thèm ghi chú" /><row avarta="/web-content/images/avarta/default_avarta.jpg" emp_id="EMP-89" family_nm="Đình" first_name="kakaka" email="khoai@gmail.com" cellphone="" sex="1" birth_date="16/10/2013" department_id="DEP-1" employee_div="3" remark="không thèm ghi chú" />','quy','127.0.0.1';
2018-05-21 07:27:40 EXEC SPC_M003_LST1 '','','','0','10','1';
2018-05-21 07:27:49 EXEC SPC_M003_LST1 '','','','0','10','2';
2018-05-21 07:29:33 EXEC SPC_M003_FND1
2018-05-21 07:29:35 EXEC SPC_M003_LST1 '','','','0','10','1';
2018-05-21 07:29:37 EXEC SPC_M003_LST1 '','','','0','10','2';
2018-05-21 07:29:49 EXEC SPC_M003_ACT1 '<row avarta="/web-content/images/avarta/default_avarta.jpg" emp_id="EMP-89" family_nm="Đình" first_name="kakaka" email="khoai@gmail.com" cellphone="123456789" sex="1" birth_date="16/10/2013" department_id="DEP-1" employee_div="3" remark="không thèm ghi chú" />','quy','127.0.0.1';
2018-05-21 07:34:16 EXEC SPC_M003_FND1
2018-05-21 07:34:19 EXEC SPC_M003_LST1 '','','','0','10','1';
2018-05-21 07:34:20 EXEC SPC_M003_LST1 '','','','0','10','2';
2018-05-21 07:34:39 EXEC SPC_M003_ACT1 '<row avarta="/web-content/images/avarta/default_avarta.jpg" emp_id="EMP-90" family_nm="Đình" first_name="Quý1" email="khoai@gmail.com" cellphone="" sex="2" birth_date="16/10/2013" department_id="DEP-1" employee_div="5" remark="không thèm ghi chú" /><row avarta="/web-content/images/avarta/default_avarta.jpg" emp_id="EMP-92" family_nm="Đình" first_name="Quý3" email="ndq809@gmail.com" cellphone="12344321" sex="2" birth_date="16/10/1996" department_id="DEP-3" employee_div="1" remark="không thèm ghi chú" />','quy','127.0.0.1';
2018-05-21 07:34:39 EXEC SPC_M003_LST1 '','','','0','10','2';
2018-05-21 07:34:45 EXEC SPC_M003_LST1 '','','','0','10','1';
2018-05-21 07:34:47 EXEC SPC_M003_LST1 '','','','0','10','2';
2018-05-21 07:34:49 EXEC SPC_M003_LST1 '','','','0','10','1';
2018-05-21 07:36:43 EXEC SPC_M003_LST1 '','','','0','10','2';
2018-05-21 07:36:48 EXEC SPC_M003_LST1 '','','','0','10','1';
2018-05-21 07:36:50 EXEC SPC_M003_LST1 '','','','0','10','2';
2018-05-21 07:41:07 EXEC SPC_M003_FND1
2018-05-21 07:41:11 EXEC SPC_M003_LST1 '','','','0','10','1';
2018-05-21 07:41:30 EXEC SPC_M004_FND1
2018-05-21 07:42:11 EXEC SPC_COMMON_REFER 'p001','dep-1';
2018-05-21 07:42:28 EXEC SPC_COMMON_REFER 'p001','DEP-1';
2018-05-21 07:50:08 EXEC SPC_M004_ACT1 '/web-content/images/avarta/default_avarta.jpg','','','','','0','26/06/2012','DEP-1','3','','quy','127.0.0.1';
2018-05-21 07:50:17 EXEC SPC_M003_FND1
2018-05-21 07:50:18 EXEC SPC_M003_LST1 '','','','0','10','1';
2018-05-21 07:50:20 EXEC SPC_M003_LST1 '','','','0','10','2';
2018-05-21 07:50:23 EXEC SPC_M003_LST1 '','','','0','10','1';
2018-05-21 07:50:24 EXEC SPC_M003_LST1 '','','','0','10','2';
2018-05-21 07:50:28 EXEC SPC_M003_LST1 '','','','0','10','1';
2018-05-21 07:50:29 EXEC SPC_M003_LST1 '','','','0','10','2';
2018-05-21 07:50:39 EXEC SPC_M003_ACT2 '<row id="EMP-99" /><row id="EMP-92" />','quy','127.0.0.1';
2018-05-21 07:51:14 EXEC SPC_M003_ACT2 '<row id="EMP-99" /><row id="EMP-92" />','quy','127.0.0.1';
2018-05-21 07:53:29 EXEC SPC_M003_FND1
2018-05-21 07:53:37 EXEC SPC_M003_LST1 '','','','0','10','1';
2018-05-21 07:53:54 EXEC SPC_M003_LST1 '','','','0','10','1';
2018-05-21 07:54:44 EXEC SPC_M003_LST1 '','','','0','10','1';
2018-05-21 07:54:46 EXEC SPC_M003_LST1 '','','','0','10','2';
2018-05-21 07:54:49 EXEC SPC_M003_LST1 '','','','0','10','1';
2018-05-21 07:55:08 EXEC SPC_M004_FND1
2018-05-21 08:15:24 EXEC SPC_M003_FND1
2018-05-21 08:15:49 EXEC SPC_M003_FND1
2018-05-21 08:15:53 EXEC SPC_M004_FND1
2018-05-21 08:17:09 EXEC SPC_M004_FND1
2018-05-21 08:17:10 EXEC SPC_M003_FND1
2018-05-21 08:17:12 EXEC SPC_M004_FND1
2018-05-21 08:20:49 EXEC SPC_M004_FND1
2018-05-21 08:33:59 EXEC SPC_M004_FND1
2018-05-21 08:34:04 EXEC SPC_M004_ACT1 '/web-content/images/avarta/default_avarta.jpg','','','','','0','','','1','','quy','127.0.0.1';
2018-05-21 08:34:07 EXEC SPC_M003_FND1
2018-05-21 08:34:10 EXEC SPC_M003_LST1 '','','','0','10','1';
2018-05-21 08:34:18 EXEC SPC_M003_LST1 '','','','0','10','2';
2018-05-21 08:34:22 EXEC SPC_M003_LST1 '','','','0','10','1';
2018-05-21 08:34:33 EXEC SPC_M003_LST1 '','','','0','10','1';
2018-05-21 08:35:22 EXEC SPC_M003_LST1 '','','','0','10','1';
2018-05-21 08:35:24 EXEC SPC_M003_LST1 '','','','0','10','1';
2018-05-21 08:36:15 EXEC SPC_M003_LST1 '','','','0','10','1';
2018-05-21 08:38:17 EXEC SPC_M003_LST1 '','','','0','10','1';
2018-05-21 08:38:17 SQLSTATE[42S22]: [Microsoft][ODBC Driver 13 for SQL Server][SQL Server]列名 'generate_id' が無効です。
2018-05-21 08:38:34 EXEC SPC_M003_LST1 '','','','0','10','1';
2018-05-21 08:38:39 EXEC SPC_M003_LST1 '','','','0','10','2';
2018-05-21 08:39:56 EXEC SPC_M003_LST1 '','','','0','10','1';
2018-05-21 08:39:57 EXEC SPC_M003_LST1 '','','','0','10','2';
2018-05-21 08:40:07 EXEC SPC_M003_LST1 '','','','0','10','1';
2018-05-21 08:40:08 EXEC SPC_M003_LST1 '','','','0','10','2';
2018-05-21 08:42:15 EXEC SPC_M003_FND1
2018-05-21 08:42:24 EXEC SPC_M003_LST1 '','','','0','10','1';
2018-05-21 08:43:18 EXEC SPC_M003_FND1
2018-05-21 08:43:20 EXEC SPC_M003_LST1 '','','','0','10','1';
2018-05-21 08:48:32 EXEC SPC_M003_FND1
2018-05-21 08:48:35 EXEC SPC_M003_LST1 '','','','0','10','1';
2018-05-21 08:48:53 EXEC SPC_M003_FND1
2018-05-21 08:56:27 EXEC SPC_M004_FND1
2018-05-21 09:04:38 EXEC SPC_M004_FND1
2018-05-21 09:05:16 EXEC SPC_M004_FND1
2018-05-21 09:05:37 EXEC SPC_M004_FND1
2018-05-21 09:09:29 EXEC SPC_M004_FND1
2018-05-21 09:11:55 EXEC SPC_M004_FND1
2018-05-21 09:12:26 EXEC SPC_M004_FND1
2018-05-21 09:12:59 EXEC SPC_M004_FND1
2018-05-21 09:24:05 EXEC SPC_M003_FND1
2018-05-21 09:24:06 EXEC SPC_M004_FND1
2018-05-21 09:25:19 EXEC SPC_M004_FND1
2018-05-21 23:54:03 EXEC SPC_M004_FND1
2018-05-21 23:54:06 EXEC SPC_M003_FND1
2018-05-21 23:54:07 EXEC SPC_M003_LST1 '','','','0','10','1';
2018-05-21 23:54:09 EXEC SPC_M003_LST1 '','','','0','10','1';
2018-05-21 23:56:04 EXEC SPC_P001_LST1 '','1';
2018-05-21 23:56:06 EXEC SPC_M003_LST1 '','','','0','10','1';
2018-05-21 23:56:13 EXEC SPC_P001_LST1 'cvvxvcv','1','1';
2018-05-21 23:56:41 EXEC SPC_P001_LST1 '','1';
2018-05-21 23:58:15 EXEC SPC_M003_FND1
2018-05-21 23:58:22 EXEC SPC_P001_LST1 '','1';
