2018-11-02 00:03:32 EXEC SPC_COM_DATA '','','';
2018-11-02 00:03:55 EXEC SPC_COMMON_ACCOUNT '1','1';
2018-11-02 00:03:55 EXEC SPC_COM_DATA 'quypro','1','1';
2018-11-02 00:03:55 EXEC SPC_COM_MENU '1';
2018-11-02 00:04:01 EXEC SPC_COM_DATA 'quypro','1','1';
2018-11-02 00:04:01 EXEC SPC_WRITING_LST1 '','quypro','','';
2018-11-02 00:04:01 EXEC SPC_COM_DATA 'quypro','1','1';
2018-11-02 00:04:02 EXEC SPC_COMMON_GET_SUGGEST
2018-11-02 00:04:02 EXEC SPC_COM_DATA 'quypro','1','1';
2018-11-02 00:04:02 EXEC SPC_WRITING_LST2 '9','10','quypro';
2018-11-02 00:04:07 EXEC SPC_COM_M999_INQ1 '8';
2018-11-02 00:04:07 EXEC SPC_USER_P001_LST2 '';
2018-11-02 00:04:19 EXEC SPC_COM_M999_INQ1 '8';
2018-11-02 00:04:19 EXEC SPC_USER_P001_LST2 '';
2018-11-02 00:04:23 EXEC SPC_COM_M999_INQ1 '8';
2018-11-02 00:04:23 EXEC SPC_USER_P001_LST2 '<row row_id="3" id="5" /><row row_id="3" id="6" /><row row_id="3" id="7" />';
2018-11-02 00:04:27 EXEC SPC_COM_M999_INQ1 '8';
2018-11-02 00:04:27 EXEC SPC_USER_P001_LST2 '<row row_id="3" id="5" /><row row_id="3" id="6" /><row row_id="3" id="7" />';
2018-11-02 00:04:30 EXEC SPC_COM_M999_INQ1 '8';
2018-11-02 00:04:30 EXEC SPC_USER_P001_LST2 '<row row_id="3" id="5" /><row row_id="3" id="6" /><row row_id="3" id="7" />';
2018-11-02 00:06:26 EXEC SPC_COM_DATA 'quypro','1','1';
2018-11-02 00:06:26 EXEC SPC_WRITING_LST1 '7','quypro','9','10';
2018-11-02 00:06:27 EXEC SPC_COM_DATA 'quypro','1','1';
2018-11-02 00:06:27 EXEC SPC_COMMON_GET_SUGGEST
2018-11-02 00:06:27 EXEC SPC_COM_DATA 'quypro','1','1';
2018-11-02 00:06:27 EXEC SPC_WRITING_LST2 '9','10','quypro';
2018-11-02 00:06:46 EXEC SPC_COM_DATA 'quypro','1','1';
2018-11-02 00:06:46 EXEC SPC_WRITING_LST1 '7','quypro','9','10';
2018-11-02 00:06:47 EXEC SPC_COM_DATA 'quypro','1','1';
2018-11-02 00:06:47 EXEC SPC_COMMON_GET_SUGGEST
2018-11-02 00:06:47 EXEC SPC_COM_DATA 'quypro','1','1';
2018-11-02 00:06:47 EXEC SPC_WRITING_LST2 '9','10','quypro';
2018-11-02 00:07:10 EXEC SPC_COM_M999_INQ1 '8';
2018-11-02 00:07:10 EXEC SPC_USER_P001_LST2 '';
2018-11-02 00:07:21 EXEC SPC_COM_M999_INQ1 '8';
2018-11-02 00:07:21 EXEC SPC_USER_P001_LST2 '<row row_id="3" id="5" /><row row_id="3" id="6" /><row row_id="3" id="7" />';
2018-11-02 00:07:34 EXEC SPC_COM_M999_INQ1 '8';
2018-11-02 00:07:34 EXEC SPC_USER_P001_LST2 '<row row_id="3" id="5" /><row row_id="3" id="6" /><row row_id="3" id="7" />';
2018-11-02 00:07:39 EXEC SPC_COM_M999_INQ1 '8';
2018-11-02 00:07:39 EXEC SPC_USER_P001_LST2 '<row row_id="3" id="5" /><row row_id="3" id="6" /><row row_id="3" id="7" />';
2018-11-02 00:07:45 EXEC SPC_COM_DATA 'quypro','1','1';
2018-11-02 00:07:45 EXEC SPC_WRITING_LST1 '','quypro','9','10';
2018-11-02 00:07:46 EXEC SPC_COM_DATA 'quypro','1','1';
2018-11-02 00:07:46 EXEC SPC_COMMON_GET_SUGGEST
2018-11-02 00:07:46 EXEC SPC_COM_DATA 'quypro','1','1';
2018-11-02 00:07:46 EXEC SPC_WRITING_LST2 '9','10','quypro';
2018-11-02 00:07:59 EXEC SPC_COM_M999_INQ1 '8';
2018-11-02 00:07:59 EXEC SPC_USER_P001_LST2 '';
2018-11-02 00:08:04 EXEC SPC_COM_M999_INQ1 '8';
2018-11-02 00:08:04 EXEC SPC_USER_P001_LST2 '<row row_id="3" id="5" /><row row_id="3" id="6" /><row row_id="3" id="7" />';
2018-11-02 00:11:37 EXEC SPC_COM_DATA 'quypro','1','1';
2018-11-02 00:11:37 EXEC SPC_WRITING_LST1 '7','quypro','9','10';
2018-11-02 00:11:37 EXEC SPC_COM_DATA 'quypro','1','1';
2018-11-02 00:11:37 EXEC SPC_COMMON_GET_SUGGEST
2018-11-02 00:11:37 EXEC SPC_COM_DATA 'quypro','1','1';
2018-11-02 00:11:37 EXEC SPC_WRITING_LST2 '9','10','quypro';
2018-11-02 00:11:40 EXEC SPC_COM_M999_INQ1 '8';
2018-11-02 00:11:40 EXEC SPC_USER_P001_LST2 '';
2018-11-02 00:11:43 EXEC SPC_COM_M999_INQ1 '8';
2018-11-02 00:11:43 EXEC SPC_USER_P001_LST2 '';
2018-11-02 00:11:46 EXEC SPC_COM_M999_INQ1 '8';
2018-11-02 00:11:46 EXEC SPC_USER_P001_LST2 '';
2018-11-02 00:13:05 EXEC SPC_COM_DATA 'quypro','1','1';
2018-11-02 00:13:05 EXEC SPC_WRITING_LST1 '7','quypro','9','10';
2018-11-02 00:13:05 EXEC SPC_COM_DATA 'quypro','1','1';
2018-11-02 00:13:05 EXEC SPC_COMMON_GET_SUGGEST
2018-11-02 00:13:05 EXEC SPC_COM_DATA 'quypro','1','1';
2018-11-02 00:13:05 EXEC SPC_WRITING_LST2 '9','10','quypro';
2018-11-02 00:13:08 EXEC SPC_COM_M999_INQ1 '8';
2018-11-02 00:13:08 EXEC SPC_USER_P001_LST2 '';
2018-11-02 00:13:14 EXEC SPC_COM_M999_INQ1 '8';
2018-11-02 00:13:14 EXEC SPC_USER_P001_LST2 '';
2018-11-02 00:13:19 EXEC SPC_COM_M999_INQ1 '8';
2018-11-02 00:13:19 EXEC SPC_USER_P001_LST2 '<row row_id="3" id="5" /><row row_id="3" id="6" /><row row_id="3" id="7" />';
2018-11-02 00:13:21 EXEC SPC_USER_P001_LST1 '0','','','3','50','1';
2018-11-02 00:13:25 EXEC SPC_USER_P001_LST3 '<row row_id="3" id="5" /><row row_id="3" id="6" /><row row_id="3" id="7" /><row row_id="3" id="1" /><row row_id="3" id="2" />';
2018-11-02 00:13:28 EXEC SPC_COM_M999_INQ1 '8';
2018-11-02 00:13:28 EXEC SPC_USER_P001_LST2 '<row row_id="3" id="5" /><row row_id="3" id="6" /><row row_id="3" id="7" />';
2018-11-02 00:13:32 EXEC SPC_COM_M999_INQ1 '8';
2018-11-02 00:13:32 EXEC SPC_USER_P001_LST2 '<row row_id="3" id="5" /><row row_id="3" id="6" /><row row_id="3" id="7" /><row row_id="3" id="1" /><row row_id="3" id="2" />';
2018-11-02 00:15:37 EXEC SPC_COM_DATA 'quypro','1','1';
2018-11-02 00:15:37 EXEC SPC_WRITING_LST1 '7','quypro','9','10';
2018-11-02 00:15:38 EXEC SPC_COM_DATA 'quypro','1','1';
2018-11-02 00:15:38 EXEC SPC_COMMON_GET_SUGGEST
2018-11-02 00:15:38 EXEC SPC_COM_DATA 'quypro','1','1';
2018-11-02 00:15:38 EXEC SPC_WRITING_LST2 '9','10','quypro';
2018-11-02 00:15:40 EXEC SPC_COM_M999_INQ1 '8';
2018-11-02 00:15:41 EXEC SPC_USER_P001_LST2 '';
2018-11-02 00:15:44 EXEC SPC_COM_M999_INQ1 '8';
2018-11-02 00:15:44 EXEC SPC_USER_P001_LST2 '<row row_id="3" id="5" /><row row_id="3" id="6" /><row row_id="3" id="7" />';
2018-11-02 00:16:11 EXEC SPC_COM_M999_INQ1 '8';
2018-11-02 00:16:11 EXEC SPC_USER_P001_LST2 '<row row_id="3" id="5" /><row row_id="3" id="6" /><row row_id="3" id="7" />';
2018-11-02 00:16:13 EXEC SPC_USER_P001_LST1 '0','','','3','50','1';
2018-11-02 00:16:15 EXEC SPC_USER_P001_LST3 '<row row_id="3" id="5" /><row row_id="3" id="6" /><row row_id="3" id="7" /><row row_id="3" id="1" /><row row_id="3" id="2" />';
2018-11-02 00:16:18 EXEC SPC_COM_M999_INQ1 '8';
2018-11-02 00:16:18 EXEC SPC_USER_P001_LST2 '<row row_id="3" id="5" /><row row_id="3" id="6" /><row row_id="3" id="7" /><row row_id="3" id="1" /><row row_id="3" id="2" />';
2018-11-02 00:16:44 EXEC SPC_COM_M999_INQ1 '8';
2018-11-02 00:16:44 EXEC SPC_USER_P001_LST2 '<row row_id="3" id="5" /><row row_id="3" id="6" /><row row_id="3" id="7" /><row row_id="3" id="1" /><row row_id="3" id="2" />';
2018-11-02 00:17:15 EXEC SPC_COM_DATA 'quypro','1','1';
2018-11-02 00:17:15 EXEC SPC_WRITING_LST1 '7','quypro','9','10';
2018-11-02 00:17:15 EXEC SPC_COM_DATA 'quypro','1','1';
2018-11-02 00:17:15 EXEC SPC_COMMON_GET_SUGGEST
2018-11-02 00:17:15 EXEC SPC_COM_DATA 'quypro','1','1';
2018-11-02 00:17:15 EXEC SPC_WRITING_LST2 '9','10','quypro';
2018-11-02 00:18:24 EXEC SPC_COM_DATA 'quypro','1','1';
2018-11-02 00:18:24 EXEC SPC_WRITING_LST1 '7','quypro','9','10';
2018-11-02 00:18:25 EXEC SPC_COM_DATA 'quypro','1','1';
2018-11-02 00:18:25 EXEC SPC_COMMON_GET_SUGGEST
2018-11-02 00:18:25 EXEC SPC_COM_DATA 'quypro','1','1';
2018-11-02 00:18:25 EXEC SPC_WRITING_LST2 '9','10','quypro';
2018-11-02 00:19:37 EXEC SPC_COM_M999_INQ1 '8';
2018-11-02 00:19:37 EXEC SPC_USER_P001_LST2 '<row row_id="3" id="5" /><row row_id="3" id="6" /><row row_id="3" id="7" />';
2018-11-02 00:22:47 EXEC SPC_COM_DATA 'quypro','1','1';
2018-11-02 00:22:47 EXEC SPC_WRITING_LST1 '7','quypro','9','10';
2018-11-02 00:22:48 EXEC SPC_COM_DATA 'quypro','1','1';
2018-11-02 00:22:48 EXEC SPC_COMMON_GET_SUGGEST
2018-11-02 00:22:48 EXEC SPC_COM_DATA 'quypro','1','1';
2018-11-02 00:22:48 EXEC SPC_WRITING_LST2 '9','10','quypro';
2018-11-02 00:22:57 EXEC SPC_COM_M999_INQ1 '8';
2018-11-02 00:22:58 EXEC SPC_USER_P001_LST2 '<row row_id="3" id="5" /><row row_id="3" id="6" /><row row_id="3" id="7" />';
2018-11-02 00:23:06 EXEC SPC_USER_P001_LST1 '0','','','3','50','1';
2018-11-02 00:23:11 EXEC SPC_USER_P001_LST3 '<row row_id="3" id="5" /><row row_id="3" id="6" /><row row_id="3" id="7" /><row row_id="3" id="1" /><row row_id="3" id="2" />';
2018-11-02 00:24:13 EXEC SPC_COM_DATA 'quypro','1','1';
2018-11-02 00:24:13 EXEC SPC_WRITING_LST1 '7','quypro','9','10';
2018-11-02 00:24:14 EXEC SPC_COM_DATA 'quypro','1','1';
2018-11-02 00:24:14 EXEC SPC_COMMON_GET_SUGGEST
2018-11-02 00:24:14 EXEC SPC_COM_DATA 'quypro','1','1';
2018-11-02 00:24:14 EXEC SPC_WRITING_LST2 '9','10','quypro';
2018-11-02 00:24:29 EXEC SPC_COM_DATA 'quypro','1','1';
2018-11-02 00:24:29 EXEC SPC_WRITING_LST1 '7','quypro','9','10';
2018-11-02 00:24:30 EXEC SPC_COM_DATA 'quypro','1','1';
2018-11-02 00:24:30 EXEC SPC_COMMON_GET_SUGGEST
2018-11-02 00:24:30 EXEC SPC_COM_DATA 'quypro','1','1';
2018-11-02 00:24:30 EXEC SPC_WRITING_LST2 '9','10','quypro';
2018-11-02 00:25:07 EXEC SPC_COM_DATA 'quypro','1','1';
2018-11-02 00:25:07 EXEC SPC_WRITING_LST1 '7','quypro','9','10';
2018-11-02 00:25:08 EXEC SPC_COM_DATA 'quypro','1','1';
2018-11-02 00:25:08 EXEC SPC_COMMON_GET_SUGGEST
2018-11-02 00:25:08 EXEC SPC_COM_DATA 'quypro','1','1';
2018-11-02 00:25:08 EXEC SPC_WRITING_LST2 '9','10','quypro';
2018-11-02 00:25:13 EXEC SPC_COM_M999_INQ1 '8';
2018-11-02 00:25:13 EXEC SPC_USER_P001_LST2 '';
2018-11-02 00:25:19 EXEC SPC_COM_M999_INQ1 '8';
2018-11-02 00:25:20 EXEC SPC_USER_P001_LST2 '<row row_id="3" id="5" /><row row_id="3" id="6" /><row row_id="3" id="7" />';
2018-11-02 00:25:23 EXEC SPC_USER_P001_LST1 '0','','','3','50','1';
2018-11-02 00:25:28 EXEC SPC_USER_P001_LST3 '<row row_id="3" id="5" /><row row_id="3" id="6" /><row row_id="3" id="7" /><row row_id="3" id="1" /><row row_id="3" id="2" />';
2018-11-02 00:27:23 EXEC SPC_COM_DATA 'quypro','1','1';
2018-11-02 00:27:23 EXEC SPC_WRITING_LST1 '8','quypro','9','10';
2018-11-02 00:27:24 EXEC SPC_COM_DATA 'quypro','1','1';
2018-11-02 00:27:24 EXEC SPC_COMMON_GET_SUGGEST
2018-11-02 00:27:24 EXEC SPC_COM_DATA 'quypro','1','1';
2018-11-02 00:27:24 EXEC SPC_WRITING_LST2 '9','10','quypro';
2018-11-02 00:28:41 EXEC SPC_COM_DATA 'quypro','1','1';
2018-11-02 00:28:41 EXEC SPC_WRITING_LST1 '8','quypro','9','10';
2018-11-02 00:28:42 EXEC SPC_COM_DATA 'quypro','1','1';
2018-11-02 00:28:42 EXEC SPC_COMMON_GET_SUGGEST
2018-11-02 00:28:42 EXEC SPC_COM_DATA 'quypro','1','1';
2018-11-02 00:28:42 EXEC SPC_WRITING_LST2 '9','10','quypro';
2018-11-02 00:28:46 EXEC SPC_COM_M999_INQ1 '8';
2018-11-02 00:28:46 EXEC SPC_USER_P001_LST2 '<row row_id="3" id="5" /><row row_id="3" id="6" /><row row_id="3" id="7" />';
2018-11-02 00:28:48 EXEC SPC_USER_P001_LST1 '0','','','3','50','1';
2018-11-02 00:28:51 EXEC SPC_USER_P001_LST3 '<row row_id="3" id="5" /><row row_id="3" id="6" /><row row_id="3" id="7" /><row row_id="3" id="1" /><row row_id="3" id="2" />';
2018-11-02 00:29:33 EXEC SPC_COM_M999_INQ1 '8';
2018-11-02 00:29:33 EXEC SPC_USER_P001_LST2 '<row row_id="3" id="5" /><row row_id="3" id="6" /><row row_id="3" id="7" /><row row_id="3" id="1" /><row row_id="3" id="2" />';
2018-11-02 00:29:35 EXEC SPC_USER_P001_LST1 '0','','','3','50','1';
2018-11-02 00:40:43 EXEC SPC_COM_DATA 'quypro','1','1';
2018-11-02 00:40:43 EXEC SPC_WRITING_LST1 '8','quypro','9','10';
2018-11-02 00:40:44 EXEC SPC_COM_DATA 'quypro','1','1';
2018-11-02 00:40:44 EXEC SPC_COMMON_GET_SUGGEST
2018-11-02 00:40:44 EXEC SPC_COM_DATA 'quypro','1','1';
2018-11-02 00:40:44 EXEC SPC_WRITING_LST2 '9','10','quypro';
2018-11-02 00:40:48 EXEC SPC_COM_M999_INQ1 '8';
2018-11-02 00:40:48 EXEC SPC_USER_P001_LST2 '<row row_id="3" id="5" /><row row_id="3" id="6" /><row row_id="3" id="7" />';
2018-11-02 00:40:50 EXEC SPC_USER_P001_LST1 '0','','','3','','50','1';
2018-11-02 00:44:57 EXEC SPC_USER_P001_LST1 '0','','','3','<row row_id="3" id="5" /><row row_id="3" id="6" /><row row_id="3" id="7" />','50','1';
2018-11-02 00:45:48 EXEC SPC_USER_P001_LST1 '0','','','3','<row row_id="3" id="5" /><row row_id="3" id="6" /><row row_id="3" id="7" />','50','1';
2018-11-02 00:46:02 EXEC SPC_COM_M999_INQ1 '8';
2018-11-02 00:46:02 EXEC SPC_USER_P001_LST2 '<row row_id="3" id="5" /><row row_id="3" id="6" /><row row_id="3" id="7" />';
2018-11-02 00:46:06 EXEC SPC_USER_P001_LST1 '0','','','3','<row row_id="3" id="5" /><row row_id="3" id="6" />','50','1';
2018-11-02 00:49:33 EXEC SPC_COMMON_ACCOUNT '1','2';
2018-11-02 00:49:33 EXEC SPC_COM_PERMISSION '1','2','w002';
2018-11-02 00:49:33 EXEC SPC_COM_MENU '1';
2018-11-02 00:49:33 EXEC SPC_W002_FND1
2018-11-02 00:49:36 EXEC SPC_COM_MENU '1';
2018-11-02 00:49:36 EXEC SPC_W002_LST1 '17';
2018-11-02 00:49:38 EXEC SPC_COM_MENU '1';
2018-11-02 00:49:38 EXEC SPC_W002_LST1 '1';
2018-11-02 00:49:38 EXEC SPC_COM_MENU '1';
2018-11-02 00:49:38 EXEC SPC_W002_LST2 '1';
2018-11-02 00:49:39 EXEC SPC_COM_MENU '1';
2018-11-02 00:49:39 EXEC SPC_COMMON_GROUP '2';
2018-11-02 00:49:39 EXEC SPC_COM_MENU '1';
2018-11-02 00:49:39 EXEC SPC_COM_M999_INQ1 '8';
2018-11-02 00:49:40 EXEC SPC_COM_MENU '1';
2018-11-02 00:49:40 EXEC SPC_p003_LST2 '<row vocabulary_code="2" vocabulary_id="2" vocabulary_div="Tính từ" vocabulary_nm="king" spelling="king" mean="vua" explain="someone who leader of a country" /><row vocabulary_code="3" vocabulary_id="2" vocabulary_div="Danh từ" vocabulary_nm="kingdom" spelling="kingdum" mean="vương quốc" explain="the way to call a country in history" /><row vocabulary_code="4" vocabulary_id="3" vocabulary_div="Trạng từ" vocabulary_nm="goal" spelling="ɡəul" mean="vào" explain="when the bool into the lưới" /><row vocabulary_code="7" vocabulary_id="6" vocabulary_div="Danh từ" vocabulary_nm="vicious" spelling="ˈvɪʃ.əs" mean="xấu xa,hằn học" explain="" />';
2018-11-02 00:49:50 EXEC SPC_COM_MENU '1';
2018-11-02 00:49:50 EXEC SPC_p003_LST1 '0','','','<row vocabulary_code="2" /><row vocabulary_code="3" /><row vocabulary_code="4" /><row vocabulary_code="7" />','50','1';
2018-11-02 00:50:38 EXEC SPC_COM_MENU '1';
2018-11-02 00:50:38 EXEC SPC_COM_M999_INQ1 '8';
2018-11-02 00:50:39 EXEC SPC_COM_MENU '1';
2018-11-02 00:50:39 EXEC SPC_p003_LST2 '<row vocabulary_code="2" vocabulary_id="2" vocabulary_div="Tính từ" vocabulary_nm="king" spelling="king" mean="vua" explain="someone who leader of a country" /><row vocabulary_code="3" vocabulary_id="2" vocabulary_div="Danh từ" vocabulary_nm="kingdom" spelling="kingdum" mean="vương quốc" explain="the way to call a country in history" /><row vocabulary_code="4" vocabulary_id="3" vocabulary_div="Trạng từ" vocabulary_nm="goal" spelling="ɡəul" mean="vào" explain="when the bool into the lưới" /><row vocabulary_code="7" vocabulary_id="6" vocabulary_div="Danh từ" vocabulary_nm="vicious" spelling="ˈvɪʃ.əs" mean="xấu xa,hằn học" explain="" />';
2018-11-02 00:50:41 EXEC SPC_COM_MENU '1';
2018-11-02 00:50:41 EXEC SPC_p003_LST1 '0','','','<row vocabulary_code="2" /><row vocabulary_code="3" /><row vocabulary_code="4" /><row vocabulary_code="7" />','50','1';
2018-11-02 00:53:04 EXEC SPC_COM_M999_INQ1 '8';
2018-11-02 00:53:05 EXEC SPC_USER_P001_LST2 '<row row_id="3" id="5" /><row row_id="3" id="6" /><row row_id="3" id="7" />';
2018-11-02 00:54:23 EXEC SPC_COM_M999_INQ1 '8';
2018-11-02 00:54:23 EXEC SPC_USER_P001_LST2 '<row row_id="3" id="5" /><row row_id="3" id="6" /><row row_id="3" id="7" />';
2018-11-02 00:54:28 EXEC SPC_USER_P001_LST1 '2','','','3','<row row_id="3" id="5" /><row row_id="3" id="6" /><row row_id="3" id="7" />','50','1';
2018-11-02 01:08:38 EXEC SPC_COM_M999_INQ1 '8';
2018-11-02 01:08:39 EXEC SPC_USER_P001_LST2 '<row row_id="3" id="5" /><row row_id="3" id="6" /><row row_id="3" id="7" />';
2018-11-02 01:08:42 EXEC SPC_USER_P001_LST1 '0','','','3','<row row_id="3" id="5" /><row row_id="3" id="6" /><row row_id="3" id="7" />','50','1';
2018-11-02 01:09:50 EXEC SPC_COM_M999_INQ1 '8';
2018-11-02 01:09:50 EXEC SPC_USER_P001_LST2 '<row row_id="3" id="5" /><row row_id="3" id="6" /><row row_id="3" id="7" />';
2018-11-02 01:18:08 EXEC SPC_COM_DATA 'quypro','1','1';
2018-11-02 01:18:08 EXEC SPC_WRITING_LST1 '8','quypro','9','10';
2018-11-02 01:18:09 EXEC SPC_COM_DATA 'quypro','1','1';
2018-11-02 01:18:09 EXEC SPC_COMMON_GET_SUGGEST
2018-11-02 01:18:09 EXEC SPC_COM_DATA 'quypro','1','1';
2018-11-02 01:18:09 EXEC SPC_WRITING_LST2 '9','10','quypro';
2018-11-02 01:20:00 EXEC SPC_COM_DATA 'quypro','1','1';
2018-11-02 01:20:00 EXEC SPC_WRITING_LST1 '8','quypro','9','10';
2018-11-02 01:20:00 EXEC SPC_COM_DATA 'quypro','1','1';
2018-11-02 01:20:00 EXEC SPC_COMMON_GET_SUGGEST
2018-11-02 01:20:00 EXEC SPC_COM_DATA 'quypro','1','1';
2018-11-02 01:20:00 EXEC SPC_WRITING_LST2 '9','10','quypro';
2018-11-02 01:20:23 EXEC SPC_COM_DATA 'quypro','1','1';
2018-11-02 01:20:23 EXEC SPC_WRITING_LST1 '8','quypro','9','10';
2018-11-02 01:20:24 EXEC SPC_COM_DATA 'quypro','1','1';
2018-11-02 01:20:24 EXEC SPC_COMMON_GET_SUGGEST
2018-11-02 01:20:24 EXEC SPC_COM_DATA 'quypro','1','1';
2018-11-02 01:20:24 EXEC SPC_WRITING_LST2 '9','10','quypro';
2018-11-02 01:33:11 EXEC SPC_COM_DATA 'quypro','1','1';
2018-11-02 01:33:11 EXEC SPC_WRITING_LST1 '8','quypro','9','10';
2018-11-02 01:33:12 EXEC SPC_COM_DATA 'quypro','1','1';
2018-11-02 01:33:12 EXEC SPC_COMMON_GET_SUGGEST
2018-11-02 01:33:12 EXEC SPC_COM_DATA 'quypro','1','1';
2018-11-02 01:33:12 EXEC SPC_WRITING_LST2 '9','10','quypro';
2018-11-02 01:46:44 EXEC SPC_COM_DATA 'quypro','1','1';
2018-11-02 01:46:44 EXEC SPC_WRITING_LST1 '8','quypro','9','10';
2018-11-02 01:46:44 EXEC SPC_COM_DATA 'quypro','1','1';
2018-11-02 01:46:44 EXEC SPC_COMMON_GET_SUGGEST
2018-11-02 01:46:44 EXEC SPC_COM_DATA 'quypro','1','1';
2018-11-02 01:46:44 EXEC SPC_WRITING_LST2 '9','10','quypro';
2018-11-02 01:47:54 EXEC SPC_COM_DATA 'quypro','1','1';
2018-11-02 01:47:54 EXEC SPC_WRITING_LST1 '8','quypro','9','10';
2018-11-02 01:47:55 EXEC SPC_COM_DATA 'quypro','1','1';
2018-11-02 01:47:55 EXEC SPC_COMMON_GET_SUGGEST
2018-11-02 01:47:56 EXEC SPC_COM_DATA 'quypro','1','1';
2018-11-02 01:47:56 EXEC SPC_WRITING_LST2 '9','10','quypro';
2018-11-02 01:48:07 EXEC SPC_COM_DATA 'quypro','1','1';
2018-11-02 01:48:07 EXEC SPC_WRITING_LST1 '8','quypro','9','10';
2018-11-02 01:48:07 EXEC SPC_COM_DATA 'quypro','1','1';
2018-11-02 01:48:07 EXEC SPC_COMMON_GET_SUGGEST
2018-11-02 01:48:07 EXEC SPC_COM_DATA 'quypro','1','1';
2018-11-02 01:48:07 EXEC SPC_WRITING_LST2 '9','10','quypro';
2018-11-02 01:49:39 EXEC SPC_COM_DATA 'quypro','1','1';
2018-11-02 01:49:39 EXEC SPC_WRITING_LST1 '8','quypro','9','10';
2018-11-02 01:49:40 EXEC SPC_COM_DATA 'quypro','1','1';
2018-11-02 01:49:40 EXEC SPC_COMMON_GET_SUGGEST
2018-11-02 01:49:40 EXEC SPC_COM_DATA 'quypro','1','1';
2018-11-02 01:49:40 EXEC SPC_WRITING_LST2 '9','10','quypro';
2018-11-02 01:49:56 EXEC SPC_COM_DATA 'quypro','1','1';
2018-11-02 01:49:56 EXEC SPC_WRITING_LST1 '8','quypro','9','10';
2018-11-02 01:49:57 EXEC SPC_COM_DATA 'quypro','1','1';
2018-11-02 01:49:57 EXEC SPC_COMMON_GET_SUGGEST
2018-11-02 01:49:57 EXEC SPC_COM_DATA 'quypro','1','1';
2018-11-02 01:49:57 EXEC SPC_WRITING_LST2 '9','10','quypro';
2018-11-02 01:50:50 EXEC SPC_COM_DATA 'quypro','1','1';
2018-11-02 01:50:50 EXEC SPC_WRITING_LST1 '8','quypro','9','10';
2018-11-02 01:50:50 EXEC SPC_COM_DATA 'quypro','1','1';
2018-11-02 01:50:50 EXEC SPC_COMMON_GET_SUGGEST
2018-11-02 01:50:50 EXEC SPC_COM_DATA 'quypro','1','1';
2018-11-02 01:50:50 EXEC SPC_WRITING_LST2 '9','10','quypro';
2018-11-02 01:51:16 EXEC SPC_COM_DATA 'quypro','1','1';
2018-11-02 01:51:16 EXEC SPC_WRITING_LST1 '8','quypro','9','10';
2018-11-02 01:51:17 EXEC SPC_COM_DATA 'quypro','1','1';
2018-11-02 01:51:17 EXEC SPC_COMMON_GET_SUGGEST
2018-11-02 01:51:17 EXEC SPC_COM_DATA 'quypro','1','1';
2018-11-02 01:51:17 EXEC SPC_WRITING_LST2 '9','10','quypro';
2018-11-02 01:51:23 EXEC SPC_COM_DATA 'quypro','1','1';
2018-11-02 01:51:23 EXEC SPC_WRITING_LST1 '8','quypro','9','10';
2018-11-02 01:51:24 EXEC SPC_COM_DATA 'quypro','1','1';
2018-11-02 01:51:24 EXEC SPC_COMMON_GET_SUGGEST
2018-11-02 01:51:24 EXEC SPC_COM_DATA 'quypro','1','1';
2018-11-02 01:51:24 EXEC SPC_WRITING_LST2 '9','10','quypro';
2018-11-02 01:52:26 EXEC SPC_COM_DATA 'quypro','1','1';
2018-11-02 01:52:26 EXEC SPC_WRITING_LST1 '8','quypro','9','10';
2018-11-02 01:52:27 EXEC SPC_COM_DATA 'quypro','1','1';
2018-11-02 01:52:27 EXEC SPC_COMMON_GET_SUGGEST
2018-11-02 01:52:28 EXEC SPC_COM_DATA 'quypro','1','1';
2018-11-02 01:52:28 EXEC SPC_WRITING_LST2 '9','10','quypro';
2018-11-02 01:52:49 EXEC SPC_COM_DATA 'ndq809','1','2';
2018-11-02 01:52:49 EXEC SPC_WRITING_LST1 '12','ndq809','','';
2018-11-02 01:52:50 EXEC SPC_COM_DATA 'ndq809','1','2';
2018-11-02 01:52:50 EXEC SPC_COMMON_GET_SUGGEST
2018-11-02 01:52:50 EXEC SPC_COM_DATA 'ndq809','1','2';
2018-11-02 01:52:50 EXEC SPC_WRITING_LST2 '9','10','ndq809';
2018-11-02 01:52:57 EXEC SPC_COM_PERMISSION '1','2','g001';
2018-11-02 01:52:57 EXEC SPC_COM_MENU '1';
2018-11-02 01:53:01 EXEC SPC_COM_PERMISSION '1','2','w001';
2018-11-02 01:53:01 EXEC SPC_COM_MENU '1';
2018-11-02 01:53:01 EXEC SPC_COM_M999_INQ1 '7';
2018-11-02 01:53:04 EXEC SPC_COM_PERMISSION '1','2','w002';
2018-11-02 01:53:04 EXEC SPC_COM_MENU '1';
2018-11-02 01:53:04 EXEC SPC_W002_FND1
2018-11-02 01:53:09 EXEC SPC_COM_MENU '1';
2018-11-02 01:53:09 EXEC SPC_W002_LST2 '2';
2018-11-02 01:53:11 EXEC SPC_COM_PERMISSION '1','2','w002';
2018-11-02 01:53:11 EXEC SPC_COM_MENU '1';
2018-11-02 01:53:11 EXEC SPC_W002_FND1
2018-11-02 01:53:18 EXEC SPC_COM_MENU '1';
2018-11-02 01:53:18 EXEC SPC_W002_LST2 '5';
2018-11-02 01:54:00 EXEC SPC_COM_PERMISSION '1','2','w002';
2018-11-02 01:54:00 EXEC SPC_COM_MENU '1';
2018-11-02 01:54:00 EXEC SPC_W002_FND1
2018-11-02 01:54:03 EXEC SPC_COM_MENU '1';
2018-11-02 01:54:03 EXEC SPC_W002_LST2 '4';
2018-11-02 01:55:51 EXEC SPC_COM_DATA 'quypro','1','1';
2018-11-02 01:55:51 EXEC SPC_WRITING_LST1 '8','quypro','9','10';
2018-11-02 01:55:52 EXEC SPC_COM_DATA 'quypro','1','1';
2018-11-02 01:55:52 EXEC SPC_COMMON_GET_SUGGEST
2018-11-02 01:55:52 EXEC SPC_COM_DATA 'quypro','1','1';
2018-11-02 01:55:52 EXEC SPC_WRITING_LST2 '9','10','quypro';
2018-11-02 01:56:19 EXEC SPC_COM_DATA 'quypro','1','1';
2018-11-02 01:56:19 EXEC SPC_WRITING_LST1 '8','quypro','9','10';
2018-11-02 01:56:20 EXEC SPC_COM_DATA 'quypro','1','1';
2018-11-02 01:56:20 EXEC SPC_COMMON_GET_SUGGEST
2018-11-02 01:56:20 EXEC SPC_COM_DATA 'quypro','1','1';
2018-11-02 01:56:20 EXEC SPC_WRITING_LST2 '9','10','quypro';
2018-11-02 01:56:32 EXEC SPC_COM_DATA 'quypro','1','1';
2018-11-02 01:56:32 EXEC SPC_WRITING_LST1 '8','quypro','9','10';
2018-11-02 01:56:33 EXEC SPC_COM_DATA 'quypro','1','1';
2018-11-02 01:56:33 EXEC SPC_COMMON_GET_SUGGEST
2018-11-02 01:56:33 EXEC SPC_COM_DATA 'quypro','1','1';
2018-11-02 01:56:33 EXEC SPC_WRITING_LST2 '9','10','quypro';
2018-11-02 01:57:13 EXEC SPC_COM_MENU '1';
2018-11-02 01:57:13 EXEC SPC_W002_LST2 '2';
2018-11-02 01:59:19 EXEC SPC_COM_DATA 'quypro','1','1';
2018-11-02 01:59:19 EXEC SPC_WRITING_LST1 '8','quypro','9','10';
2018-11-02 01:59:19 EXEC SPC_COM_DATA 'quypro','1','1';
2018-11-02 01:59:19 EXEC SPC_COMMON_GET_SUGGEST
2018-11-02 01:59:20 EXEC SPC_COM_DATA 'quypro','1','1';
2018-11-02 01:59:20 EXEC SPC_WRITING_LST2 '9','10','quypro';
2018-11-02 02:00:20 EXEC SPC_COM_DATA 'quypro','1','1';
2018-11-02 02:00:20 EXEC SPC_WRITING_LST1 '8','quypro','9','10';
2018-11-02 02:00:20 EXEC SPC_COM_DATA 'quypro','1','1';
2018-11-02 02:00:20 EXEC SPC_COMMON_GET_SUGGEST
2018-11-02 02:00:20 EXEC SPC_COM_DATA 'quypro','1','1';
2018-11-02 02:00:20 EXEC SPC_WRITING_LST2 '9','10','quypro';
2018-11-02 02:01:27 EXEC SPC_COM_DATA 'quypro','1','1';
2018-11-02 02:01:27 EXEC SPC_WRITING_LST1 '8','quypro','9','10';
2018-11-02 02:01:28 EXEC SPC_COM_DATA 'quypro','1','1';
2018-11-02 02:01:28 EXEC SPC_COMMON_GET_SUGGEST
2018-11-02 02:01:28 EXEC SPC_COM_DATA 'quypro','1','1';
2018-11-02 02:01:28 EXEC SPC_WRITING_LST2 '9','10','quypro';
2018-11-02 02:05:40 EXEC SPC_COM_DATA 'quypro','1','1';
2018-11-02 02:05:40 EXEC SPC_WRITING_LST1 '8','quypro','9','10';
2018-11-02 02:05:41 EXEC SPC_COM_DATA 'quypro','1','1';
2018-11-02 02:05:41 EXEC SPC_COMMON_GET_SUGGEST
2018-11-02 02:05:41 EXEC SPC_COM_DATA 'quypro','1','1';
2018-11-02 02:05:41 EXEC SPC_WRITING_LST2 '9','10','quypro';
2018-11-02 02:08:11 EXEC SPC_COM_DATA 'quypro','1','1';
2018-11-02 02:08:11 EXEC SPC_WRITING_LST1 '8','quypro','9','10';
2018-11-02 02:08:12 EXEC SPC_COM_DATA 'quypro','1','1';
2018-11-02 02:08:12 EXEC SPC_COMMON_GET_SUGGEST
2018-11-02 02:08:12 EXEC SPC_COM_DATA 'quypro','1','1';
2018-11-02 02:08:12 EXEC SPC_WRITING_LST2 '9','10','quypro';
2018-11-02 02:11:03 EXEC SPC_COM_DATA 'quypro','1','1';
2018-11-02 02:11:03 EXEC SPC_WRITING_LST1 '8','quypro','9','10';
2018-11-02 02:11:04 EXEC SPC_COM_DATA 'quypro','1','1';
2018-11-02 02:11:04 EXEC SPC_COMMON_GET_SUGGEST
2018-11-02 02:11:04 EXEC SPC_COM_DATA 'quypro','1','1';
2018-11-02 02:11:04 EXEC SPC_WRITING_LST2 '9','10','quypro';
2018-11-02 02:12:12 EXEC SPC_COM_PERMISSION '1','2','w002';
2018-11-02 02:12:12 EXEC SPC_COM_MENU '1';
2018-11-02 02:12:12 EXEC SPC_W002_FND1
2018-11-02 02:12:14 EXEC SPC_COM_MENU '1';
2018-11-02 02:12:14 EXEC SPC_W002_LST2 '2';
2018-11-02 02:12:37 EXEC SPC_COM_PERMISSION '1','2','w002';
2018-11-02 02:12:37 EXEC SPC_COM_MENU '1';
2018-11-02 02:12:37 EXEC SPC_W002_FND1
2018-11-02 02:12:40 EXEC SPC_COM_MENU '1';
2018-11-02 02:12:40 EXEC SPC_W002_LST2 '2';
2018-11-02 02:12:46 EXEC SPC_COM_PERMISSION '1','2','w002';
2018-11-02 02:12:46 EXEC SPC_COM_MENU '1';
2018-11-02 02:12:46 EXEC SPC_W002_FND1
2018-11-02 02:12:49 EXEC SPC_COM_MENU '1';
2018-11-02 02:12:49 EXEC SPC_W002_LST2 '4';
2018-11-02 02:13:31 EXEC SPC_COM_DATA 'quypro','1','1';
2018-11-02 02:13:31 EXEC SPC_WRITING_LST1 '8','quypro','9','10';
2018-11-02 02:13:32 EXEC SPC_COM_DATA 'quypro','1','1';
2018-11-02 02:13:32 EXEC SPC_COMMON_GET_SUGGEST
2018-11-02 02:13:32 EXEC SPC_COM_DATA 'quypro','1','1';
2018-11-02 02:13:32 EXEC SPC_WRITING_LST2 '9','10','quypro';
2018-11-02 02:13:58 EXEC SPC_COM_DATA 'quypro','1','1';
2018-11-02 02:13:58 EXEC SPC_WRITING_LST1 '8','quypro','9','10';
2018-11-02 02:13:58 EXEC SPC_COM_DATA 'quypro','1','1';
2018-11-02 02:13:58 EXEC SPC_COMMON_GET_SUGGEST
2018-11-02 02:13:58 EXEC SPC_COM_DATA 'quypro','1','1';
2018-11-02 02:13:58 EXEC SPC_WRITING_LST2 '9','10','quypro';
2018-11-02 02:19:53 EXEC SPC_COM_M999_INQ1 '8';
2018-11-02 02:19:53 EXEC SPC_USER_P001_LST2 '<row row_id="3" id="5" /><row row_id="3" id="6" /><row row_id="3" id="7" />';
2018-11-02 02:25:31 EXEC SPC_COM_DATA 'quypro','1','1';
2018-11-02 02:25:31 EXEC SPC_WRITING_LST1 '8','quypro','9','10';
2018-11-02 02:25:32 EXEC SPC_COM_DATA 'quypro','1','1';
2018-11-02 02:25:32 EXEC SPC_COMMON_GET_SUGGEST
2018-11-02 02:25:32 EXEC SPC_COM_DATA 'quypro','1','1';
2018-11-02 02:25:32 EXEC SPC_WRITING_LST2 '9','10','quypro';
2018-11-02 02:25:54 EXEC SPC_COM_DATA 'quypro','1','1';
2018-11-02 02:25:54 EXEC SPC_WRITING_LST1 '8','quypro','9','10';
2018-11-02 02:25:54 EXEC SPC_COM_DATA 'quypro','1','1';
2018-11-02 02:25:54 EXEC SPC_COMMON_GET_SUGGEST
2018-11-02 02:25:54 EXEC SPC_COM_DATA 'quypro','1','1';
2018-11-02 02:25:54 EXEC SPC_WRITING_LST2 '9','10','quypro';
