2018-09-10 00:02:08 EXEC SPC_COM_PERMISSION '1','1','g001';
2018-09-10 00:02:52 EXEC SPC_COM_PERMISSION '3','3','g001';
2018-09-10 01:51:48 EXEC SPC_COM_PERMISSION '3','3','g001';
2018-09-10 01:52:31 EXEC SPC_COM_PERMISSION '3','3','g001';
2018-09-10 01:53:12 EXEC SPC_COM_PERMISSION '1','2','g001';
2018-09-10 01:53:12 EXEC SPC_COM_MENU '1';
2018-09-10 01:53:30 EXEC SPC_COM_PERMISSION '1','2','v001';
2018-09-10 01:53:30 EXEC SPC_COM_MENU '1';
2018-09-10 01:53:30 EXEC SPC_COM_M999_INQ1 '8';
2018-09-10 01:54:16 EXEC SPC_COM_DATA '','','';
2018-09-10 01:54:38 EXEC SPC_COM_PERMISSION '1','2','m007';
2018-09-10 01:54:38 EXEC SPC_COM_MENU '1';
2018-09-10 01:54:38 EXEC SPC_M007_FND1
2018-09-10 01:54:48 EXEC SPC_COM_DATA '','','';
2018-09-10 01:55:01 EXEC SPC_COM_DATA 'quypro','1','1';
2018-09-10 01:55:01 EXEC SPC_COM_MENU '1';
2018-09-10 01:55:04 EXEC SPC_COM_DATA 'quypro','1','1';
2018-09-10 01:55:04 EXEC SPC_VOCABULARY_LST1 '','quypro';
2018-09-10 01:55:05 EXEC SPC_COM_DATA 'quypro','1','1';
2018-09-10 01:55:05 EXEC SPC_COMMON_GROUP '2';
2018-09-10 01:55:06 EXEC SPC_COM_DATA 'quypro','1','1';
2018-09-10 01:55:06 EXEC SPC_VOCABULARY_LST2 '2','3','quypro';
2018-09-10 02:01:52 EXEC SPC_COM_PERMISSION '1','2','g003';
2018-09-10 02:01:52 EXEC SPC_COM_MENU '1';
2018-09-10 02:01:52 EXEC SPC_COM_M999_INQ1 '7';
2018-09-10 02:01:57 EXEC SPC_COM_PERMISSION '1','2','g004';
2018-09-10 02:01:57 EXEC SPC_COM_MENU '1';
2018-09-10 02:01:57 EXEC SPC_COM_M999_INQ1 '7';
2018-09-10 02:02:01 EXEC SPC_COM_PERMISSION '1','2','g005';
2018-09-10 02:02:01 EXEC SPC_COM_MENU '1';
2018-09-10 02:02:01 EXEC SPC_COM_M999_INQ1 '7';
2018-09-10 02:02:03 EXEC SPC_COM_PERMISSION '1','2','g006';
2018-09-10 02:02:03 EXEC SPC_COM_MENU '1';
2018-09-10 02:02:03 EXEC SPC_COM_M999_INQ1 '7';
2018-09-10 02:02:05 EXEC SPC_COM_MENU '1';
2018-09-10 02:02:05 EXEC SPC_COMMON_CATALORUE '1';
2018-09-10 02:02:05 EXEC SPC_COM_MENU '1';
2018-09-10 02:02:05 EXEC SPC_COMMON_GROUP '';
2018-09-10 02:02:10 EXEC SPC_COM_MENU '1';
2018-09-10 02:02:10 EXEC SPC_COMMON_GROUP '3';
2018-09-10 02:02:37 EXEC SPC_COM_MENU '1';
2018-09-10 02:02:37 EXEC SPC_G006_ACT1 '1','3','Bóng đá','ndq809','127.0.0.1';
2018-09-10 02:02:50 EXEC SPC_COM_PERMISSION '1','2','g006';
2018-09-10 02:02:50 EXEC SPC_COM_MENU '1';
2018-09-10 02:02:50 EXEC SPC_COM_M999_INQ1 '7';
2018-09-10 02:02:56 EXEC SPC_COM_DATA 'quypro','1','1';
2018-09-10 02:02:56 EXEC SPC_VOCABULARY_LST1 '1','quypro';
2018-09-10 02:02:57 EXEC SPC_COM_DATA 'quypro','1','1';
2018-09-10 02:02:57 EXEC SPC_COMMON_GROUP '2';
2018-09-10 02:02:58 EXEC SPC_COM_DATA 'quypro','1','1';
2018-09-10 02:02:58 EXEC SPC_VOCABULARY_LST2 '2','3','quypro';
2018-09-10 02:03:03 EXEC SPC_COM_DATA 'quypro','1','1';
2018-09-10 02:03:03 EXEC SPC_COMMON_GROUP '3';
2018-09-10 02:03:03 EXEC SPC_COM_DATA 'quypro','1','1';
2018-09-10 02:03:03 EXEC SPC_VOCABULARY_LST2 '3','5','quypro';
2018-09-10 02:03:11 EXEC SPC_COM_DATA 'quypro','1','1';
2018-09-10 02:03:11 EXEC SPC_COMMON_GROUP '2';
2018-09-10 02:03:11 EXEC SPC_COM_DATA 'quypro','1','1';
2018-09-10 02:03:11 EXEC SPC_VOCABULARY_LST2 '2','1','quypro';
2018-09-10 02:03:18 EXEC SPC_COM_DATA 'quypro','1','1';
2018-09-10 02:03:18 EXEC SPC_VOCABULARY_LST2 '2','3','quypro';
2018-09-10 02:03:21 EXEC SPC_COM_DATA 'quypro','1','1';
2018-09-10 02:03:21 EXEC SPC_VOCABULARY_LST2 '2','1','quypro';
2018-09-10 02:03:23 EXEC SPC_COM_DATA 'quypro','1','1';
2018-09-10 02:03:23 EXEC SPC_COMMON_GROUP '3';
2018-09-10 02:03:23 EXEC SPC_COM_DATA 'quypro','1','1';
2018-09-10 02:03:23 EXEC SPC_VOCABULARY_LST2 '3','5','quypro';
2018-09-10 02:03:28 EXEC SPC_COM_DATA 'quypro','1','1';
2018-09-10 02:03:28 EXEC SPC_COMMON_GROUP '2';
2018-09-10 02:03:28 EXEC SPC_COM_DATA 'quypro','1','1';
2018-09-10 02:03:28 EXEC SPC_VOCABULARY_LST2 '2','1','quypro';
2018-09-10 02:04:06 EXEC SPC_COM_PERMISSION '1','2','w002';
2018-09-10 02:04:06 EXEC SPC_COM_MENU '1';
2018-09-10 02:04:06 EXEC SPC_W002_FND1
2018-09-10 02:04:41 EXEC SPC_COM_PERMISSION '1','2','w002';
2018-09-10 02:04:41 EXEC SPC_COM_MENU '1';
2018-09-10 02:04:41 EXEC SPC_W002_FND1
2018-09-10 02:04:46 EXEC SPC_COM_MENU '1';
2018-09-10 02:04:46 EXEC SPC_COMMON_CATALORUE '1';
2018-09-10 02:04:48 EXEC SPC_COM_MENU '1';
2018-09-10 02:04:48 EXEC SPC_COMMON_GROUP '3';
2018-09-10 02:06:58 EXEC SPC_COM_PERMISSION '1','2','v002';
2018-09-10 02:06:58 EXEC SPC_COM_MENU '1';
2018-09-10 02:06:58 EXEC SPC_V002_FND1
2018-09-10 02:09:47 EXEC SPC_COM_MENU '1';
2018-09-10 02:10:04 EXEC SPC_COM_MENU '1';
2018-09-10 02:13:41 EXEC SPC_COM_MENU '1';
2018-09-10 02:13:41 EXEC SPC_V002_ACT1 '','','goal','1','ɡəul','vào','/web-content/images/vocabulary/cropped-160294942_20180910 0202090947471536545387403.jpg','when the bool into the lưới','hahaa','/web-content/audio/listeningAudio/audio_5b95d355172f2.mp3','','ndq809','127.0.0.1';
2018-09-10 02:13:43 EXEC SPC_COM_MENU '1';
2018-09-10 02:13:43 EXEC SPC_v002_LST1 '4','1';
2018-09-10 02:13:58 EXEC SPC_COM_MENU '1';
2018-09-10 02:13:58 EXEC SPC_v002_LST1 '4','1';
2018-09-10 02:14:05 EXEC SPC_COM_PERMISSION '1','2','v001';
2018-09-10 02:14:05 EXEC SPC_COM_MENU '1';
2018-09-10 02:14:05 EXEC SPC_COM_M999_INQ1 '8';
2018-09-10 02:14:06 EXEC SPC_COM_MENU '1';
2018-09-10 02:14:06 EXEC SPC_V001_LST1 '0','','','50','1';
2018-09-10 02:14:10 EXEC SPC_COM_PERMISSION '1','2','v002';
2018-09-10 02:14:10 EXEC SPC_COM_MENU '1';
2018-09-10 02:14:10 EXEC SPC_V002_FND1
2018-09-10 02:14:11 EXEC SPC_COM_MENU '1';
2018-09-10 02:14:11 EXEC SPC_v002_LST1 '3','1';
2018-09-10 02:14:33 EXEC SPC_COM_PERMISSION '1','2','w001';
2018-09-10 02:14:33 EXEC SPC_COM_MENU '1';
2018-09-10 02:14:33 EXEC SPC_COM_M999_INQ1 '7';
2018-09-10 02:14:40 EXEC SPC_COM_MENU '1';
2018-09-10 02:14:40 EXEC SPC_COMMON_CATALORUE '1';
2018-09-10 02:14:42 EXEC SPC_COM_MENU '1';
2018-09-10 02:14:42 EXEC SPC_w001_LST1 '1','','','','10','1';
2018-09-10 02:14:47 EXEC SPC_COM_PERMISSION '1','2','w002';
2018-09-10 02:14:47 EXEC SPC_COM_MENU '1';
2018-09-10 02:14:47 EXEC SPC_W002_FND1
2018-09-10 02:14:49 EXEC SPC_COM_MENU '1';
2018-09-10 02:14:49 EXEC SPC_COMMON_CATALORUE '1';
2018-09-10 02:14:52 EXEC SPC_COM_MENU '1';
2018-09-10 02:14:52 EXEC SPC_COMMON_GROUP '3';
2018-09-10 02:14:59 EXEC SPC_COM_MENU '1';
2018-09-10 02:14:59 EXEC SPC_COM_M999_INQ1 '8';
2018-09-10 02:15:00 EXEC SPC_COM_MENU '1';
2018-09-10 02:15:00 EXEC SPC_p003_LST1 '','','','50';
2018-09-10 02:15:07 EXEC SPC_COM_MENU '1';
2018-09-10 02:15:07 EXEC SPC_w002_ACT1 '','1','3','5','','','','','0','<row row_id="0" vocabulary_code="4" vocabulary_div="1" vocabulary_nm="goal" spelling="ɡəul" mean="vào" explain="when the bool into the lưới" />','','ndq809','127.0.0.1';
2018-09-10 02:15:10 EXEC SPC_COM_MENU '1';
2018-09-10 02:15:10 EXEC SPC_W002_LST1 '3';
2018-09-10 02:15:10 EXEC SPC_COM_MENU '1';
2018-09-10 02:15:10 EXEC SPC_COMMON_CATALORUE '1';
2018-09-10 02:15:10 EXEC SPC_COM_MENU '1';
2018-09-10 02:15:10 EXEC SPC_COMMON_GROUP '3';
2018-09-10 02:15:19 EXEC SPC_COM_DATA 'quypro','1','1';
2018-09-10 02:15:19 EXEC SPC_VOCABULARY_LST1 '1','quypro';
2018-09-10 02:15:20 EXEC SPC_COM_DATA 'quypro','1','1';
2018-09-10 02:15:20 EXEC SPC_COMMON_GROUP '2';
2018-09-10 02:15:20 EXEC SPC_COM_DATA 'quypro','1','1';
2018-09-10 02:15:20 EXEC SPC_VOCABULARY_LST2 '2','3','quypro';
2018-09-10 02:15:24 EXEC SPC_COM_DATA 'quypro','1','1';
2018-09-10 02:15:24 EXEC SPC_COMMON_GROUP '3';
2018-09-10 02:15:24 EXEC SPC_COM_DATA 'quypro','1','1';
2018-09-10 02:15:24 EXEC SPC_VOCABULARY_LST2 '3','5','quypro';
2018-09-10 02:16:12 EXEC SPC_COM_DATA 'quypro','1','1';
2018-09-10 02:16:12 EXEC SPC_COMMON_GROUP '2';
2018-09-10 02:16:12 EXEC SPC_COM_DATA 'quypro','1','1';
2018-09-10 02:16:12 EXEC SPC_VOCABULARY_LST2 '2','3','quypro';
2018-09-10 02:16:44 EXEC SPC_COM_DATA 'quypro','1','1';
2018-09-10 02:16:44 EXEC SPC_COM_MENU '1';
2018-09-10 02:16:46 EXEC SPC_COM_DATA 'quypro','1','1';
2018-09-10 02:16:46 EXEC SPC_VOCABULARY_LST1 '','quypro';
2018-09-10 02:16:47 EXEC SPC_COM_DATA 'quypro','1','1';
2018-09-10 02:16:47 EXEC SPC_COMMON_GROUP '2';
2018-09-10 02:16:47 EXEC SPC_COM_DATA 'quypro','1','1';
2018-09-10 02:16:47 EXEC SPC_VOCABULARY_LST2 '2','3','quypro';
2018-09-10 02:19:41 EXEC SPC_COM_MENU '1';
2018-09-10 02:19:41 EXEC SPC_W002_LST1 '4';
2018-09-10 02:19:41 EXEC SPC_COM_MENU '1';
2018-09-10 02:19:41 EXEC SPC_COMMON_CATALORUE '';
2018-09-10 02:19:43 EXEC SPC_COM_MENU '1';
2018-09-10 02:19:43 EXEC SPC_W002_LST1 '2';
2018-09-10 02:19:43 EXEC SPC_COM_MENU '1';
2018-09-10 02:19:43 EXEC SPC_COMMON_CATALORUE '1';
2018-09-10 02:19:43 EXEC SPC_COM_MENU '1';
2018-09-10 02:19:43 EXEC SPC_COMMON_GROUP '2';
2018-09-10 02:19:46 EXEC SPC_COM_MENU '1';
2018-09-10 02:19:46 EXEC SPC_W002_LST1 '3';
2018-09-10 02:19:46 EXEC SPC_COM_MENU '1';
2018-09-10 02:19:46 EXEC SPC_COMMON_CATALORUE '1';
2018-09-10 02:19:47 EXEC SPC_COM_MENU '1';
2018-09-10 02:19:47 EXEC SPC_COMMON_GROUP '3';
2018-09-10 02:19:48 EXEC SPC_COM_MENU '1';
2018-09-10 02:19:48 EXEC SPC_W002_LST1 '4';
2018-09-10 02:19:49 EXEC SPC_COM_MENU '1';
2018-09-10 02:19:49 EXEC SPC_COMMON_CATALORUE '';
2018-09-10 02:19:54 EXEC SPC_COM_MENU '1';
2018-09-10 02:19:54 EXEC SPC_W002_LST1 '5';
2018-09-10 02:19:56 EXEC SPC_COM_MENU '1';
2018-09-10 02:19:56 EXEC SPC_W002_LST1 '3';
2018-09-10 02:19:56 EXEC SPC_COM_MENU '1';
2018-09-10 02:19:56 EXEC SPC_COMMON_CATALORUE '1';
2018-09-10 02:19:56 EXEC SPC_COM_MENU '1';
2018-09-10 02:19:56 EXEC SPC_COMMON_GROUP '3';
2018-09-10 04:02:19 EXEC SPC_COM_DATA 'quypro','1','1';
2018-09-10 04:02:19 EXEC SPC_VOCABULARY_LST2 '2','1','quypro';
2018-09-10 04:02:21 EXEC SPC_COM_DATA 'quypro','1','1';
2018-09-10 04:02:21 EXEC SPC_VOCABULARY_LST2 '2','3','quypro';
2018-09-10 04:02:23 EXEC SPC_COM_DATA 'quypro','1','1';
2018-09-10 04:02:23 EXEC SPC_VOCABULARY_LST2 '2','1','quypro';
2018-09-10 04:02:26 EXEC SPC_COM_DATA 'quypro','1','1';
2018-09-10 04:02:26 EXEC SPC_COMMON_GROUP '3';
2018-09-10 04:02:26 EXEC SPC_COM_DATA 'quypro','1','1';
2018-09-10 04:02:26 EXEC SPC_VOCABULARY_LST2 '3','5','quypro';
2018-09-10 04:02:40 EXEC SPC_COM_DATA 'quypro','1','1';
2018-09-10 04:02:40 EXEC SPC_COMMON_GROUP '2';
2018-09-10 04:02:40 EXEC SPC_COM_DATA 'quypro','1','1';
2018-09-10 04:02:40 EXEC SPC_VOCABULARY_LST2 '2','1','quypro';
2018-09-10 04:02:43 EXEC SPC_COM_DATA 'quypro','1','1';
2018-09-10 04:02:43 EXEC SPC_VOCABULARY_LST2 '2','3','quypro';
2018-09-10 04:02:51 EXEC SPC_COM_DATA '','','';
2018-09-10 04:02:52 EXEC SPC_VOCABULARY_LST1 '1','';
2018-09-10 04:02:53 EXEC SPC_COM_DATA '','','';
2018-09-10 04:02:53 EXEC SPC_COMMON_GROUP '2';
2018-09-10 04:02:53 EXEC SPC_COM_DATA '','','';
2018-09-10 04:02:53 EXEC SPC_VOCABULARY_LST2 '2','3','';
