2018-08-10 00:35:55 EXEC SPC_COM_PERMISSION '1','g001';
2018-08-10 00:35:56 EXEC SPC_COM_MENU '1';
2018-08-10 00:36:09 EXEC SPC_COM_PERMISSION '1','v002';
2018-08-10 00:36:09 EXEC SPC_COM_MENU '1';
2018-08-10 00:36:09 EXEC SPC_COM_M999_INQ1 '7';
2018-08-10 00:44:35 EXEC SPC_COM_PERMISSION '1','m004';
2018-08-10 00:44:35 EXEC SPC_COM_MENU '1';
2018-08-10 00:44:35 EXEC SPC_M004_FND1
2018-08-10 00:45:01 EXEC SPC_COM_PERMISSION '1','v002';
2018-08-10 00:45:01 EXEC SPC_COM_MENU '1';
2018-08-10 00:45:01 EXEC SPC_COM_M999_INQ1 '7';
2018-08-10 00:46:55 EXEC SPC_COM_PERMISSION '1','v002';
2018-08-10 00:46:55 EXEC SPC_COM_MENU '1';
2018-08-10 00:46:55 EXEC SPC_COM_M999_INQ1 '7';
2018-08-10 00:47:16 EXEC SPC_COM_PERMISSION '1','v002';
2018-08-10 00:47:16 EXEC SPC_COM_MENU '1';
2018-08-10 00:47:16 EXEC SPC_COM_M999_INQ1 '7';
2018-08-10 00:48:34 EXEC SPC_COM_PERMISSION '1','w001';
2018-08-10 00:48:34 EXEC SPC_COM_MENU '1';
2018-08-10 00:48:34 EXEC SPC_COM_M999_INQ1 '7';
2018-08-10 00:48:41 EXEC SPC_COM_PERMISSION '1','w002';
2018-08-10 00:48:41 EXEC SPC_COM_MENU '1';
2018-08-10 00:48:41 EXEC SPC_W002_FND1
2018-08-10 00:48:44 EXEC SPC_COM_MENU '1';
2018-08-10 00:48:44 EXEC SPC_W002_LST1 'POST-1';
2018-08-10 00:48:44 EXEC SPC_COM_MENU '1';
2018-08-10 00:48:44 EXEC SPC_COMMON_CATALORUE '1';
2018-08-10 00:48:44 EXEC SPC_COM_MENU '1';
2018-08-10 00:48:44 EXEC SPC_COMMON_GROUP 'CAT-12';
2018-08-10 00:49:15 EXEC SPC_COM_MENU '1';
2018-08-10 00:49:15 EXEC SPC_COM_M999_INQ1 '8';
2018-08-10 00:49:16 EXEC SPC_COM_MENU '1';
2018-08-10 00:49:16 EXEC SPC_p003_LST1 '3','cry2','khóc2','50';
2018-08-10 00:49:50 EXEC SPC_COM_PERMISSION '1','v002';
2018-08-10 00:49:50 EXEC SPC_COM_MENU '1';
2018-08-10 00:49:50 EXEC SPC_COM_M999_INQ1 '7';
2018-08-10 00:50:02 EXEC SPC_COM_PERMISSION '1','v002';
2018-08-10 00:50:02 EXEC SPC_COM_MENU '1';
2018-08-10 00:50:02 EXEC SPC_COM_M999_INQ1 '7';
2018-08-10 00:51:31 EXEC SPC_COM_PERMISSION '1','v002';
2018-08-10 00:51:31 EXEC SPC_COM_MENU '1';
2018-08-10 00:51:31 EXEC SPC_COM_M999_INQ1 '7';
2018-08-10 00:52:10 EXEC SPC_COM_PERMISSION '1','v002';
2018-08-10 00:52:10 EXEC SPC_COM_MENU '1';
2018-08-10 00:52:10 EXEC SPC_COM_M999_INQ1 '7';
2018-08-10 00:52:19 EXEC SPC_COM_PERMISSION '1','v002';
2018-08-10 00:52:19 EXEC SPC_COM_MENU '1';
2018-08-10 00:52:19 EXEC SPC_COM_M999_INQ1 '7';
2018-08-10 00:57:39 EXEC SPC_COM_PERMISSION '1','v002';
2018-08-10 00:57:39 EXEC SPC_COM_MENU '1';
2018-08-10 00:57:39 EXEC SPC_COM_M999_INQ1 '7';
2018-08-10 00:58:44 EXEC SPC_COM_PERMISSION '1','v002';
2018-08-10 00:58:44 EXEC SPC_COM_MENU '1';
2018-08-10 00:58:44 EXEC SPC_COM_M999_INQ1 '7';
2018-08-10 00:58:58 EXEC SPC_COM_PERMISSION '1','v002';
2018-08-10 00:58:58 EXEC SPC_COM_MENU '1';
2018-08-10 00:58:58 EXEC SPC_COM_M999_INQ1 '7';
2018-08-10 00:59:15 EXEC SPC_COM_PERMISSION '1','s001';
2018-08-10 00:59:15 EXEC SPC_COM_MENU '1';
2018-08-10 00:59:15 EXEC SPC_S001_FND1
2018-08-10 00:59:17 EXEC SPC_COM_MENU '1';
2018-08-10 00:59:17 EXEC SPC_S001_LST1 '1';
2018-08-10 00:59:30 EXEC SPC_COM_PERMISSION '1','s002';
2018-08-10 00:59:30 EXEC SPC_COM_MENU '1';
2018-08-10 00:59:30 EXEC SPC_S002_FND1
2018-08-10 00:59:31 EXEC SPC_COM_MENU '1';
2018-08-10 00:59:31 EXEC SPC_S002_LST1 '','','','','10','1';
2018-08-10 00:59:44 EXEC SPC_COM_PERMISSION '1','s001';
2018-08-10 00:59:44 EXEC SPC_COM_MENU '1';
2018-08-10 00:59:44 EXEC SPC_S001_FND1
2018-08-10 00:59:46 EXEC SPC_COM_MENU '1';
2018-08-10 00:59:46 EXEC SPC_S001_LST1 '1';
2018-08-10 01:00:00 EXEC SPC_COM_MENU '1';
2018-08-10 01:00:01 EXEC SPC_S001_ACT1 '1','<row screen_id="g001" remark="" access_per="1" menu_per="1" add_per="1" edit_per="1" delete_per="1" report_per="1" /><row screen_id="g003" remark="" access_per="1" menu_per="1" add_per="1" edit_per="1" delete_per="1" report_per="1" /><row screen_id="g004" remark="" access_per="1" menu_per="1" add_per="1" edit_per="1" delete_per="1" report_per="1" /><row screen_id="g005" remark="" access_per="1" menu_per="1" add_per="1" edit_per="1" delete_per="1" report_per="1" /><row screen_id="g006" remark="" access_per="1" menu_per="1" add_per="1" edit_per="1" delete_per="1" report_per="1" /><row screen_id="m001" remark="" access_per="1" menu_per="0" add_per="0" edit_per="0" delete_per="0" report_per="0" /><row screen_id="m002" remark="" access_per="1" menu_per="0" add_per="0" edit_per="0" delete_per="0" report_per="0" /><row screen_id="m003" remark="dád" access_per="1" menu_per="1" add_per="1" edit_per="1" delete_per="1" report_per="1" /><row screen_id="m004" remark="sdad" access_per="1" menu_per="1" add_per="1" edit_per="1" delete_per="1" report_per="1" /><row screen_id="m005" remark="" access_per="1" menu_per="0" add_per="0" edit_per="0" delete_per="0" report_per="0" /><row screen_id="m006" remark="" access_per="1" menu_per="0" add_per="0" edit_per="0" delete_per="0" report_per="0" /><row screen_id="m007" remark="" access_per="1" menu_per="1" add_per="1" edit_per="1" delete_per="1" report_per="0" /><row screen_id="s001" remark="dsada" access_per="1" menu_per="1" add_per="1" edit_per="1" delete_per="1" report_per="1" /><row screen_id="s002" remark="dsad" access_per="1" menu_per="1" add_per="1" edit_per="1" delete_per="1" report_per="1" /><row screen_id="s003" remark="ads" access_per="1" menu_per="1" add_per="1" edit_per="1" delete_per="1" report_per="1" /><row screen_id="v001" remark="" access_per="1" menu_per="1" add_per="1" edit_per="1" delete_per="1" report_per="1" /><row screen_id="v002" remark="" access_per="1" menu_per="1" add_per="1" edit_per="1" delete_per="1" report_per="1" /><row screen_id="w001" remark="" access_per="1" menu_per="1" add_per="1" edit_per="1" delete_per="1" report_per="0" /><row screen_id="w002" remark="" access_per="1" menu_per="1" add_per="1" edit_per="1" delete_per="1" report_per="0" />','ndq809','127.0.0.1';
2018-08-10 01:00:02 EXEC SPC_COM_PERMISSION '1','s001';
2018-08-10 01:00:02 EXEC SPC_COM_MENU '1';
2018-08-10 01:00:02 EXEC SPC_S001_FND1
2018-08-10 01:00:11 EXEC SPC_COM_PERMISSION '1','v002';
2018-08-10 01:00:11 EXEC SPC_COM_MENU '1';
2018-08-10 01:00:11 EXEC SPC_COM_M999_INQ1 '7';
2018-08-10 01:42:45 EXEC SPC_COM_PERMISSION '1','g001';
2018-08-10 01:42:45 EXEC SPC_COM_MENU '1';
2018-08-10 01:42:49 EXEC SPC_COM_PERMISSION '1','v002';
2018-08-10 01:42:49 EXEC SPC_COM_MENU '1';
2018-08-10 01:42:49 EXEC SPC_COM_M999_INQ1 '7';
2018-08-10 01:43:15 EXEC SPC_COM_PERMISSION '1','v002';
2018-08-10 01:43:15 EXEC SPC_COM_MENU '1';
2018-08-10 01:43:15 EXEC SPC_COM_M999_INQ1 '7';
2018-08-10 01:43:29 EXEC SPC_COM_PERMISSION '1','v002';
2018-08-10 01:43:29 EXEC SPC_COM_MENU '1';
2018-08-10 01:43:29 EXEC SPC_COM_M999_INQ1 '7';
2018-08-10 01:44:03 EXEC SPC_COM_PERMISSION '1','v002';
2018-08-10 01:44:03 EXEC SPC_COM_MENU '1';
2018-08-10 01:44:03 EXEC SPC_COM_M999_INQ1 '7';
2018-08-10 01:56:54 EXEC SPC_COM_PERMISSION '1','v002';
2018-08-10 01:56:55 EXEC SPC_COM_MENU '1';
2018-08-10 01:56:55 EXEC SPC_V002_FND1
2018-08-10 01:59:01 EXEC SPC_COM_PERMISSION '1','v002';
2018-08-10 01:59:01 EXEC SPC_COM_MENU '1';
2018-08-10 01:59:01 EXEC SPC_V002_FND1
2018-08-10 01:59:11 EXEC SPC_COM_PERMISSION '1','v002';
2018-08-10 01:59:11 EXEC SPC_COM_MENU '1';
2018-08-10 01:59:11 EXEC SPC_V002_FND1
2018-08-10 02:07:00 EXEC SPC_COM_PERMISSION '1','v002';
2018-08-10 02:07:00 EXEC SPC_COM_MENU '1';
2018-08-10 02:07:00 EXEC SPC_V002_FND1
2018-08-10 02:45:55 EXEC SPC_COM_PERMISSION '1','m004';
2018-08-10 02:45:55 EXEC SPC_COM_MENU '1';
2018-08-10 02:45:55 EXEC SPC_M004_FND1
2018-08-10 02:46:01 EXEC SPC_COM_PERMISSION '1','m003';
2018-08-10 02:46:01 EXEC SPC_COM_MENU '1';
2018-08-10 02:46:01 EXEC SPC_M003_FND1
2018-08-10 02:46:03 EXEC SPC_COM_MENU '1';
2018-08-10 02:46:03 EXEC SPC_M003_LST1 '','','','','10','1';
2018-08-10 04:22:41 EXEC SPC_COM_PERMISSION '1','v002';
2018-08-10 04:22:41 EXEC SPC_COM_MENU '1';
2018-08-10 04:22:41 EXEC SPC_V002_FND1
2018-08-10 04:49:07 EXEC SPC_COM_PERMISSION '1','v002';
2018-08-10 04:49:07 EXEC SPC_COM_MENU '1';
2018-08-10 04:49:07 EXEC SPC_V002_FND1
2018-08-10 04:57:21 EXEC SPC_COM_PERMISSION '1','v002';
2018-08-10 04:57:21 EXEC SPC_COM_MENU '1';
2018-08-10 04:57:21 EXEC SPC_V002_FND1
2018-08-10 04:57:48 EXEC SPC_COM_PERMISSION '1','v002';
2018-08-10 04:57:48 EXEC SPC_COM_MENU '1';
2018-08-10 04:57:48 EXEC SPC_V002_FND1
2018-08-10 05:02:40 EXEC SPC_COM_PERMISSION '1','m004';
2018-08-10 05:02:40 EXEC SPC_COM_MENU '1';
2018-08-10 05:02:40 EXEC SPC_M004_FND1
2018-08-10 05:03:58 EXEC SPC_COM_PERMISSION '1','v002';
2018-08-10 05:03:58 EXEC SPC_COM_MENU '1';
2018-08-10 05:03:58 EXEC SPC_V002_FND1
2018-08-10 05:10:38 EXEC SPC_COM_PERMISSION '1','v002';
2018-08-10 05:10:38 EXEC SPC_COM_MENU '1';
2018-08-10 05:10:38 EXEC SPC_V002_FND1
2018-08-10 05:10:38 EXEC SPC_COM_PERMISSION '1','v002';
2018-08-10 05:10:38 EXEC SPC_COM_MENU '1';
2018-08-10 05:10:38 EXEC SPC_V002_FND1
2018-08-10 05:11:15 EXEC SPC_COM_PERMISSION '1','v002';
2018-08-10 05:11:15 EXEC SPC_COM_MENU '1';
2018-08-10 05:11:15 EXEC SPC_V002_FND1
2018-08-10 05:11:16 EXEC SPC_COM_PERMISSION '1','v002';
2018-08-10 05:11:16 EXEC SPC_COM_MENU '1';
2018-08-10 05:11:16 EXEC SPC_V002_FND1
2018-08-10 05:11:18 EXEC SPC_COM_MENU '1';
2018-08-10 05:11:18 EXEC SPC_v002_LST1 'VOC-';
2018-08-10 05:11:19 SQLSTATE[22018]: [Microsoft][ODBC Driver 13 for SQL Server][SQL Server]nvarchar の値 'VOC-' をデータ型 int に変換できませんでした。
2018-08-10 05:26:35 EXEC SPC_COM_PERMISSION '1','v002';
2018-08-10 05:26:35 EXEC SPC_COM_MENU '1';
2018-08-10 05:26:35 EXEC SPC_V002_FND1
2018-08-10 05:26:35 EXEC SPC_COM_PERMISSION '1','v002';
2018-08-10 05:26:35 EXEC SPC_COM_MENU '1';
2018-08-10 05:26:35 EXEC SPC_V002_FND1
2018-08-10 05:26:41 EXEC SPC_COM_MENU '1';
2018-08-10 05:26:41 Array to string conversion
2018-08-10 05:28:43 EXEC SPC_COM_PERMISSION '1','v002';
2018-08-10 05:28:43 EXEC SPC_COM_MENU '1';
2018-08-10 05:28:43 EXEC SPC_V002_FND1
2018-08-10 05:28:43 EXEC SPC_COM_PERMISSION '1','v002';
2018-08-10 05:28:43 EXEC SPC_COM_MENU '1';
2018-08-10 05:28:43 EXEC SPC_V002_FND1
2018-08-10 05:28:48 EXEC SPC_COM_PERMISSION '1','v002';
2018-08-10 05:28:48 EXEC SPC_COM_MENU '1';
2018-08-10 05:28:48 EXEC SPC_V002_FND1
2018-08-10 05:28:48 EXEC SPC_COM_PERMISSION '1','v002';
2018-08-10 05:28:48 EXEC SPC_COM_MENU '1';
2018-08-10 05:28:48 EXEC SPC_V002_FND1
2018-08-10 05:29:03 EXEC SPC_COM_PERMISSION '1','v002';
2018-08-10 05:29:03 EXEC SPC_COM_MENU '1';
2018-08-10 05:29:03 EXEC SPC_V002_FND1
2018-08-10 05:29:03 EXEC SPC_COM_PERMISSION '1','v002';
2018-08-10 05:29:03 EXEC SPC_COM_MENU '1';
2018-08-10 05:29:03 EXEC SPC_V002_FND1
2018-08-10 05:29:07 EXEC SPC_COM_MENU '1';
2018-08-10 05:29:07 EXEC SPC_v002_LST1 'VOC-1','1';
2018-08-10 05:29:07 SQLSTATE[22018]: [Microsoft][ODBC Driver 13 for SQL Server][SQL Server]nvarchar の値 'VOC-1' をデータ型 int に変換できませんでした。
2018-08-10 05:31:38 EXEC SPC_COM_PERMISSION '1','v002';
2018-08-10 05:31:38 EXEC SPC_COM_MENU '1';
2018-08-10 05:31:38 EXEC SPC_V002_FND1
2018-08-10 05:31:38 EXEC SPC_COM_PERMISSION '1','v002';
2018-08-10 05:31:38 EXEC SPC_COM_MENU '1';
2018-08-10 05:31:38 EXEC SPC_V002_FND1
2018-08-10 05:31:41 EXEC SPC_COM_MENU '1';
2018-08-10 05:31:41 EXEC SPC_v002_LST1 '1','1';
2018-08-10 05:32:08 EXEC SPC_COM_PERMISSION '1','v002';
2018-08-10 05:32:08 EXEC SPC_COM_MENU '1';
2018-08-10 05:32:08 EXEC SPC_V002_FND1
2018-08-10 05:32:08 EXEC SPC_COM_PERMISSION '1','v002';
2018-08-10 05:32:08 EXEC SPC_COM_MENU '1';
2018-08-10 05:32:08 EXEC SPC_V002_FND1
2018-08-10 05:32:12 EXEC SPC_COM_MENU '1';
2018-08-10 05:32:12 EXEC SPC_v002_LST1 '11','1';
2018-08-10 05:33:47 EXEC SPC_COM_PERMISSION '1','v002';
2018-08-10 05:33:47 EXEC SPC_COM_MENU '1';
2018-08-10 05:33:47 EXEC SPC_V002_FND1
2018-08-10 05:33:47 EXEC SPC_COM_PERMISSION '1','v002';
2018-08-10 05:33:47 EXEC SPC_COM_MENU '1';
2018-08-10 05:33:47 EXEC SPC_V002_FND1
2018-08-10 05:33:49 EXEC SPC_COM_MENU '1';
2018-08-10 05:33:49 EXEC SPC_v002_LST1 '1','1';
2018-08-10 05:35:17 EXEC SPC_COM_PERMISSION '1','v002';
2018-08-10 05:35:17 EXEC SPC_COM_MENU '1';
2018-08-10 05:35:17 EXEC SPC_V002_FND1
2018-08-10 05:35:18 EXEC SPC_COM_PERMISSION '1','v002';
2018-08-10 05:35:18 EXEC SPC_COM_MENU '1';
2018-08-10 05:35:18 EXEC SPC_V002_FND1
2018-08-10 05:35:19 EXEC SPC_COM_MENU '1';
2018-08-10 05:35:19 EXEC SPC_v002_LST1 '1','1';
2018-08-10 05:36:25 EXEC SPC_COM_PERMISSION '1','v002';
2018-08-10 05:36:25 EXEC SPC_COM_MENU '1';
2018-08-10 05:36:25 EXEC SPC_V002_FND1
2018-08-10 05:36:25 EXEC SPC_COM_PERMISSION '1','v002';
2018-08-10 05:36:25 EXEC SPC_COM_MENU '1';
2018-08-10 05:36:25 EXEC SPC_V002_FND1
2018-08-10 05:36:27 EXEC SPC_COM_MENU '1';
2018-08-10 05:36:27 EXEC SPC_v002_LST1 '1','1';
2018-08-10 05:37:15 EXEC SPC_COM_PERMISSION '1','v002';
2018-08-10 05:37:15 EXEC SPC_COM_MENU '1';
2018-08-10 05:37:15 EXEC SPC_V002_FND1
2018-08-10 05:37:15 EXEC SPC_COM_PERMISSION '1','v002';
2018-08-10 05:37:15 EXEC SPC_COM_MENU '1';
2018-08-10 05:37:15 EXEC SPC_V002_FND1
2018-08-10 05:37:17 EXEC SPC_COM_MENU '1';
2018-08-10 05:37:17 EXEC SPC_v002_LST1 '1','1';
2018-08-10 05:37:46 EXEC SPC_COM_PERMISSION '1','v002';
2018-08-10 05:37:46 EXEC SPC_COM_MENU '1';
2018-08-10 05:37:46 EXEC SPC_V002_FND1
2018-08-10 05:37:46 EXEC SPC_COM_PERMISSION '1','v002';
2018-08-10 05:37:46 EXEC SPC_COM_MENU '1';
2018-08-10 05:37:46 EXEC SPC_V002_FND1
2018-08-10 05:37:48 EXEC SPC_COM_MENU '1';
2018-08-10 05:37:48 EXEC SPC_v002_LST1 '1','1';
2018-08-10 05:42:24 EXEC SPC_COM_PERMISSION '1','v002';
2018-08-10 05:42:24 EXEC SPC_COM_MENU '1';
2018-08-10 05:42:24 EXEC SPC_V002_FND1
2018-08-10 05:42:24 EXEC SPC_COM_PERMISSION '1','v002';
2018-08-10 05:42:24 EXEC SPC_COM_MENU '1';
2018-08-10 05:42:24 EXEC SPC_V002_FND1
2018-08-10 05:42:26 EXEC SPC_COM_MENU '1';
2018-08-10 05:42:26 EXEC SPC_v002_LST1 '1','1';
2018-08-10 05:43:31 EXEC SPC_COM_PERMISSION '1','v002';
2018-08-10 05:43:31 EXEC SPC_COM_MENU '1';
2018-08-10 05:43:31 EXEC SPC_V002_FND1
2018-08-10 05:43:31 EXEC SPC_COM_PERMISSION '1','v002';
2018-08-10 05:43:31 EXEC SPC_COM_MENU '1';
2018-08-10 05:43:31 EXEC SPC_V002_FND1
2018-08-10 05:43:32 EXEC SPC_COM_MENU '1';
2018-08-10 05:43:32 EXEC SPC_v002_LST1 '1','1';
2018-08-10 05:43:38 EXEC SPC_COM_MENU '1';
2018-08-10 05:43:55 EXEC SPC_COM_MENU '1';
2018-08-10 05:44:00 EXEC SPC_COM_MENU '1';
2018-08-10 05:47:10 EXEC SPC_COM_PERMISSION '1','v002';
2018-08-10 05:47:10 EXEC SPC_COM_MENU '1';
2018-08-10 05:47:10 EXEC SPC_V002_FND1
2018-08-10 05:47:10 EXEC SPC_COM_PERMISSION '1','v002';
2018-08-10 05:47:10 EXEC SPC_COM_MENU '1';
2018-08-10 05:47:10 EXEC SPC_V002_FND1
2018-08-10 05:47:13 EXEC SPC_COM_MENU '1';
2018-08-10 05:47:13 EXEC SPC_v002_LST1 '1','1';
2018-08-10 05:47:17 EXEC SPC_COM_PERMISSION '1','v002';
2018-08-10 05:47:17 EXEC SPC_COM_MENU '1';
2018-08-10 05:47:17 EXEC SPC_V002_FND1
2018-08-10 05:47:17 EXEC SPC_COM_PERMISSION '1','v002';
2018-08-10 05:47:17 EXEC SPC_COM_MENU '1';
2018-08-10 05:47:17 EXEC SPC_V002_FND1
2018-08-10 05:47:21 EXEC SPC_COM_MENU '1';
2018-08-10 05:47:21 EXEC SPC_v002_LST1 '1','1';
2018-08-10 05:52:04 EXEC SPC_COM_PERMISSION '1','v002';
2018-08-10 05:52:04 EXEC SPC_COM_MENU '1';
2018-08-10 05:52:04 EXEC SPC_V002_FND1
2018-08-10 05:52:04 EXEC SPC_COM_PERMISSION '1','v002';
2018-08-10 05:52:04 EXEC SPC_COM_MENU '1';
2018-08-10 05:52:04 EXEC SPC_V002_FND1
2018-08-10 05:52:06 EXEC SPC_COM_MENU '1';
2018-08-10 05:52:06 EXEC SPC_v002_LST1 '1','1';
2018-08-10 05:52:36 EXEC SPC_COM_PERMISSION '1','v002';
2018-08-10 05:52:36 EXEC SPC_COM_MENU '1';
2018-08-10 05:52:36 EXEC SPC_V002_FND1
2018-08-10 05:52:36 EXEC SPC_COM_PERMISSION '1','v002';
2018-08-10 05:52:36 EXEC SPC_COM_MENU '1';
2018-08-10 05:52:36 EXEC SPC_V002_FND1
2018-08-10 05:53:16 EXEC SPC_COM_PERMISSION '1','v002';
2018-08-10 05:53:16 EXEC SPC_COM_MENU '1';
2018-08-10 05:53:16 EXEC SPC_V002_FND1
2018-08-10 05:53:16 EXEC SPC_COM_PERMISSION '1','v002';
2018-08-10 05:53:16 EXEC SPC_COM_MENU '1';
2018-08-10 05:53:16 EXEC SPC_V002_FND1
2018-08-10 05:54:56 EXEC SPC_COM_PERMISSION '1','v002';
2018-08-10 05:54:56 EXEC SPC_COM_MENU '1';
2018-08-10 05:54:56 EXEC SPC_V002_FND1
2018-08-10 05:54:57 EXEC SPC_COM_PERMISSION '1','v002';
2018-08-10 05:54:57 EXEC SPC_COM_MENU '1';
2018-08-10 05:54:57 EXEC SPC_V002_FND1
2018-08-10 05:55:07 EXEC SPC_COM_PERMISSION '1','v002';
2018-08-10 05:55:07 EXEC SPC_COM_MENU '1';
2018-08-10 05:55:07 EXEC SPC_V002_FND1
2018-08-10 05:55:07 EXEC SPC_COM_PERMISSION '1','v002';
2018-08-10 05:55:07 EXEC SPC_COM_MENU '1';
2018-08-10 05:55:07 EXEC SPC_V002_FND1
2018-08-10 05:55:10 EXEC SPC_COM_MENU '1';
2018-08-10 05:55:10 EXEC SPC_v002_LST1 '1','1';
2018-08-10 05:56:14 EXEC SPC_COM_PERMISSION '1','w002';
2018-08-10 05:56:14 EXEC SPC_COM_MENU '1';
2018-08-10 05:56:14 EXEC SPC_W002_FND1
2018-08-10 05:56:19 EXEC SPC_COM_MENU '1';
2018-08-10 05:56:19 EXEC SPC_W002_LST1 'POST-1';
2018-08-10 05:56:19 EXEC SPC_COM_MENU '1';
2018-08-10 05:56:19 EXEC SPC_COMMON_CATALORUE '1';
2018-08-10 05:56:19 EXEC SPC_COM_MENU '1';
2018-08-10 05:56:19 EXEC SPC_COMMON_GROUP 'CAT-12';
2018-08-10 05:56:21 EXEC SPC_COM_MENU '1';
2018-08-10 05:56:21 EXEC SPC_W002_LST1 'POST-2';
2018-08-10 05:56:21 EXEC SPC_COM_MENU '1';
2018-08-10 05:56:21 EXEC SPC_COMMON_CATALORUE '7';
2018-08-10 05:56:21 EXEC SPC_COM_MENU '1';
2018-08-10 05:56:21 EXEC SPC_COMMON_GROUP 'CAT-1025';
2018-08-10 05:56:25 EXEC SPC_COM_MENU '1';
2018-08-10 05:56:25 EXEC SPC_W002_LST1 'POST-3';
2018-08-10 05:56:25 EXEC SPC_COM_MENU '1';
2018-08-10 05:56:25 EXEC SPC_COMMON_CATALORUE '';
2018-08-10 05:56:27 EXEC SPC_COM_MENU '1';
2018-08-10 05:56:27 EXEC SPC_W002_LST1 'POST-1';
2018-08-10 05:56:27 EXEC SPC_COM_MENU '1';
2018-08-10 05:56:27 EXEC SPC_COMMON_CATALORUE '1';
2018-08-10 05:56:27 EXEC SPC_COM_MENU '1';
2018-08-10 05:56:27 EXEC SPC_COMMON_GROUP 'CAT-12';
2018-08-10 05:56:33 EXEC SPC_COM_MENU '1';
2018-08-10 05:56:33 EXEC SPC_COMMON_CATALORUE '3';
2018-08-10 05:56:33 EXEC SPC_COM_MENU '1';
2018-08-10 05:56:33 EXEC SPC_COMMON_GROUP '';
2018-08-10 05:56:34 EXEC SPC_COM_MENU '1';
2018-08-10 05:56:34 EXEC SPC_COMMON_GROUP 'CAT-8';
2018-08-10 05:56:42 EXEC SPC_COM_MENU '1';
2018-08-10 05:56:42 EXEC SPC_w002_ACT1 'POST-1','3','CAT-8','GRO-6','Khi người mình yêu khóc','<pre>
t&ocirc;i cũng đớn đau t&ocirc;i cũng đớn l&ograve;ng</pre>
','/web-content/audio/listeningAudio/audio_5b6d291a69ba7.mp3','audio_5b6d291a69ba7.mp3','1','<row row_id="0" vocabulary_id="1" vocabulary_dtl_id="3" vocabulary_div="3" vocabulary_nm="cry2" spelling="kurai2" mean="khóc2" explain="nước mắt rơi2" /><row row_id="1" vocabulary_id="2" vocabulary_dtl_id="1" vocabulary_div="1" vocabulary_nm="lover" spelling="lớp vờ" mean="người yêu" explain="yêu cc" /><row row_id="2" vocabulary_id="2" vocabulary_dtl_id="2" vocabulary_div="2" vocabulary_nm="lover1" spelling="lớp vờ1" mean="người yêu1" explain="yêu cc1" /><row row_id="3" vocabulary_id="2" vocabulary_dtl_id="3" vocabulary_div="3" vocabulary_nm="lover2" spelling="lớp vờ2" mean="người yêu2" explain="yêu cc2" /><row row_id="4" vocabulary_id="2" vocabulary_dtl_id="4" vocabulary_div="4" vocabulary_nm="lover3" spelling="lớp vờ3" mean="người yêu3" explain="yêu cc3" />','','ndq809','127.0.0.1';
2018-08-10 05:56:55 EXEC SPC_COM_MENU '1';
2018-08-10 05:56:55 EXEC SPC_w002_ACT1 'POST-1','3','CAT-8','GRO-6','Khi người mình yêu khóc','<pre>
t&ocirc;i cũng đớn đau t&ocirc;i cũng đớn l&ograve;ng</pre>
','/web-content/audio/listeningAudio/audio_5b6d29273e9b0.mp3','audio_5b6d29273e9b0.mp3','1','<row row_id="0" vocabulary_id="1" vocabulary_dtl_id="3" vocabulary_div="3" vocabulary_nm="cry2" spelling="kurai2" mean="khóc2" explain="nước mắt rơi2" /><row row_id="1" vocabulary_id="2" vocabulary_dtl_id="1" vocabulary_div="1" vocabulary_nm="lover" spelling="lớp vờ" mean="người yêu" explain="yêu cc" /><row row_id="2" vocabulary_id="2" vocabulary_dtl_id="2" vocabulary_div="2" vocabulary_nm="lover1" spelling="lớp vờ1" mean="người yêu1" explain="yêu cc1" /><row row_id="3" vocabulary_id="2" vocabulary_dtl_id="3" vocabulary_div="3" vocabulary_nm="lover2" spelling="lớp vờ2" mean="người yêu2" explain="yêu cc2" /><row row_id="4" vocabulary_id="2" vocabulary_dtl_id="4" vocabulary_div="4" vocabulary_nm="lover3" spelling="lớp vờ3" mean="người yêu3" explain="yêu cc3" />','','ndq809','127.0.0.1';
2018-08-10 05:56:56 EXEC SPC_COM_MENU '1';
2018-08-10 05:56:56 EXEC SPC_W002_LST1 'POST-1';
2018-08-10 05:56:56 EXEC SPC_COM_MENU '1';
2018-08-10 05:56:56 EXEC SPC_COMMON_CATALORUE '3';
2018-08-10 05:56:56 EXEC SPC_COM_MENU '1';
2018-08-10 05:56:56 EXEC SPC_COMMON_GROUP 'CAT-8';
2018-08-10 05:58:37 EXEC SPC_COM_PERMISSION '1','v002';
2018-08-10 05:58:37 EXEC SPC_COM_MENU '1';
2018-08-10 05:58:37 EXEC SPC_V002_FND1
2018-08-10 05:58:37 EXEC SPC_COM_PERMISSION '1','v002';
2018-08-10 05:58:37 EXEC SPC_COM_MENU '1';
2018-08-10 05:58:37 EXEC SPC_V002_FND1
2018-08-10 05:58:41 EXEC SPC_COM_MENU '1';
2018-08-10 05:58:41 EXEC SPC_v002_LST1 '1','1';
2018-08-10 05:59:17 EXEC SPC_COM_PERMISSION '1','v002';
2018-08-10 05:59:17 EXEC SPC_COM_MENU '1';
2018-08-10 05:59:17 EXEC SPC_V002_FND1
2018-08-10 05:59:17 EXEC SPC_COM_PERMISSION '1','v002';
2018-08-10 05:59:17 EXEC SPC_COM_MENU '1';
2018-08-10 05:59:17 EXEC SPC_V002_FND1
2018-08-10 05:59:22 EXEC SPC_COM_MENU '1';
2018-08-10 05:59:22 EXEC SPC_v002_LST1 '1','1';
2018-08-10 06:00:44 EXEC SPC_COM_PERMISSION '1','v002';
2018-08-10 06:00:44 EXEC SPC_COM_MENU '1';
2018-08-10 06:00:44 EXEC SPC_V002_FND1
2018-08-10 06:00:44 EXEC SPC_COM_PERMISSION '1','v002';
2018-08-10 06:00:44 EXEC SPC_COM_MENU '1';
2018-08-10 06:00:44 EXEC SPC_V002_FND1
2018-08-10 06:00:47 EXEC SPC_COM_MENU '1';
2018-08-10 06:00:47 EXEC SPC_v002_LST1 '1','1';
2018-08-10 06:01:43 EXEC SPC_COM_PERMISSION '1','v002';
2018-08-10 06:01:44 EXEC SPC_COM_MENU '1';
2018-08-10 06:01:44 EXEC SPC_V002_FND1
2018-08-10 06:01:44 EXEC SPC_COM_PERMISSION '1','v002';
2018-08-10 06:01:44 EXEC SPC_COM_MENU '1';
2018-08-10 06:01:44 EXEC SPC_V002_FND1
2018-08-10 06:01:47 EXEC SPC_COM_MENU '1';
2018-08-10 06:01:47 EXEC SPC_v002_LST1 '1','1';
2018-08-10 06:02:33 EXEC SPC_COM_MENU '1';
2018-08-10 06:02:36 EXEC SPC_COM_MENU '1';
2018-08-10 06:08:00 EXEC SPC_COM_PERMISSION '1','w002';
2018-08-10 06:08:00 EXEC SPC_COM_MENU '1';
2018-08-10 06:08:00 EXEC SPC_W002_FND1
2018-08-10 06:08:11 EXEC SPC_COM_MENU '1';
2018-08-10 06:08:11 EXEC SPC_W002_LST1 'POST-1';
2018-08-10 06:08:11 EXEC SPC_COM_MENU '1';
2018-08-10 06:08:11 EXEC SPC_COMMON_CATALORUE '3';
2018-08-10 06:08:11 EXEC SPC_COM_MENU '1';
2018-08-10 06:08:11 EXEC SPC_COMMON_GROUP 'CAT-8';
2018-08-10 06:10:20 EXEC SPC_COM_PERMISSION '1','v002';
2018-08-10 06:10:20 EXEC SPC_COM_MENU '1';
2018-08-10 06:10:20 EXEC SPC_V002_FND1
2018-08-10 06:10:20 EXEC SPC_COM_PERMISSION '1','v002';
2018-08-10 06:10:21 EXEC SPC_COM_MENU '1';
2018-08-10 06:10:21 EXEC SPC_V002_FND1
2018-08-10 06:10:34 EXEC SPC_COM_MENU '1';
2018-08-10 06:10:34 EXEC SPC_v002_LST1 '1','1';
2018-08-10 06:11:14 EXEC SPC_COM_MENU '1';
2018-08-10 06:11:19 EXEC SPC_COM_MENU '1';
2018-08-10 06:11:22 EXEC SPC_COM_MENU '1';
2018-08-10 06:11:39 EXEC SPC_COM_MENU '1';
2018-08-10 06:11:41 EXEC SPC_COM_MENU '1';
2018-08-10 06:28:27 EXEC SPC_COM_PERMISSION '1','v002';
2018-08-10 06:28:27 EXEC SPC_COM_MENU '1';
2018-08-10 06:28:27 EXEC SPC_V002_FND1
2018-08-10 06:28:27 EXEC SPC_COM_PERMISSION '1','v002';
2018-08-10 06:28:27 EXEC SPC_COM_MENU '1';
2018-08-10 06:28:28 EXEC SPC_V002_FND1
2018-08-10 06:28:29 EXEC SPC_COM_MENU '1';
2018-08-10 06:28:29 EXEC SPC_v002_LST1 '1','1';
2018-08-10 06:52:20 EXEC SPC_COM_MENU '1';
2018-08-10 06:52:25 EXEC SPC_COM_PERMISSION '1','v002';
2018-08-10 06:52:25 EXEC SPC_COM_MENU '1';
2018-08-10 06:52:25 EXEC SPC_V002_FND1
2018-08-10 06:52:26 EXEC SPC_COM_PERMISSION '1','v002';
2018-08-10 06:52:26 EXEC SPC_COM_MENU '1';
2018-08-10 06:52:26 EXEC SPC_V002_FND1
2018-08-10 06:52:28 EXEC SPC_COM_MENU '1';
2018-08-10 06:52:31 EXEC SPC_COM_MENU '1';
2018-08-10 06:52:34 EXEC SPC_COM_MENU '1';
2018-08-10 06:52:34 EXEC SPC_v002_LST1 '1','1';
2018-08-10 06:52:36 EXEC SPC_COM_MENU '1';
2018-08-10 06:52:42 EXEC SPC_COM_MENU '1';
2018-08-10 06:52:58 EXEC SPC_COM_MENU '1';
2018-08-10 06:53:44 EXEC SPC_COM_PERMISSION '1','m004';
2018-08-10 06:53:44 EXEC SPC_COM_MENU '1';
2018-08-10 06:53:44 EXEC SPC_M004_FND1
2018-08-10 06:54:44 EXEC SPC_COM_MENU '1';
2018-08-10 06:54:47 EXEC SPC_COM_MENU '1';
2018-08-10 06:55:07 EXEC SPC_COM_MENU '1';
2018-08-10 06:55:30 EXEC SPC_COM_PERMISSION '1','m004';
2018-08-10 06:55:30 EXEC SPC_COM_MENU '1';
2018-08-10 06:55:30 EXEC SPC_M004_FND1
2018-08-10 06:58:50 EXEC SPC_COM_PERMISSION '1','m004';
2018-08-10 06:58:50 EXEC SPC_COM_MENU '1';
2018-08-10 06:58:50 EXEC SPC_M004_FND1
2018-08-10 06:58:53 EXEC SPC_COM_MENU '1';
2018-08-10 06:58:54 EXEC SPC_COM_MENU '1';
2018-08-10 06:58:56 EXEC SPC_COM_MENU '1';
2018-08-10 06:59:08 EXEC SPC_COM_PERMISSION '1','s003';
2018-08-10 06:59:09 EXEC SPC_COM_MENU '1';
2018-08-10 06:59:09 EXEC SPC_S003_FND1
2018-08-10 06:59:12 EXEC SPC_COM_PERMISSION '1','v002';
2018-08-10 06:59:12 EXEC SPC_COM_MENU '1';
2018-08-10 06:59:12 EXEC SPC_V002_FND1
2018-08-10 06:59:12 EXEC SPC_COM_PERMISSION '1','v002';
2018-08-10 06:59:12 EXEC SPC_COM_MENU '1';
2018-08-10 06:59:12 EXEC SPC_V002_FND1
2018-08-10 06:59:23 EXEC SPC_COM_MENU '1';
2018-08-10 06:59:26 EXEC SPC_COM_MENU '1';
2018-08-10 06:59:39 EXEC SPC_COM_MENU '1';
2018-08-10 07:00:11 EXEC SPC_COM_MENU '1';
2018-08-10 07:00:11 EXEC SPC_v002_LST1 '1','1';
2018-08-10 07:09:33 EXEC SPC_COM_PERMISSION '1','w002';
2018-08-10 07:09:33 EXEC SPC_COM_MENU '1';
2018-08-10 07:09:33 EXEC SPC_W002_FND1
2018-08-10 07:09:35 EXEC SPC_COM_MENU '1';
2018-08-10 07:09:35 EXEC SPC_COMMON_CATALORUE '1';
2018-08-10 07:09:37 EXEC SPC_COM_MENU '1';
2018-08-10 07:09:37 EXEC SPC_COMMON_CATALORUE '3';
2018-08-10 07:09:39 EXEC SPC_COM_MENU '1';
2018-08-10 07:09:39 EXEC SPC_COMMON_CATALORUE '2';
2018-08-10 07:09:40 EXEC SPC_COM_MENU '1';
2018-08-10 07:09:40 EXEC SPC_COMMON_CATALORUE '3';
2018-08-10 07:09:43 EXEC SPC_COM_MENU '1';
2018-08-10 07:09:43 EXEC SPC_COMMON_CATALORUE '5';
2018-08-10 07:09:46 EXEC SPC_COM_MENU '1';
2018-08-10 07:09:46 EXEC SPC_COMMON_CATALORUE '6';
2018-08-10 07:09:48 EXEC SPC_COM_MENU '1';
2018-08-10 07:09:48 EXEC SPC_COMMON_CATALORUE '7';
2018-08-10 07:09:51 EXEC SPC_COM_MENU '1';
2018-08-10 07:09:51 EXEC SPC_COMMON_CATALORUE '1';
2018-08-10 07:10:02 EXEC SPC_COM_PERMISSION '1','v002';
2018-08-10 07:10:02 EXEC SPC_COM_MENU '1';
2018-08-10 07:10:02 EXEC SPC_V002_FND1
2018-08-10 07:10:02 EXEC SPC_COM_PERMISSION '1','v002';
2018-08-10 07:10:02 EXEC SPC_COM_MENU '1';
2018-08-10 07:10:02 EXEC SPC_V002_FND1
2018-08-10 07:10:14 EXEC SPC_COM_MENU '1';
2018-08-10 07:10:14 EXEC SPC_v002_LST1 '1','1';
2018-08-10 07:11:44 EXEC SPC_COM_PERMISSION '1','v002';
2018-08-10 07:11:44 EXEC SPC_COM_MENU '1';
2018-08-10 07:11:44 EXEC SPC_V002_FND1
2018-08-10 07:11:44 EXEC SPC_COM_PERMISSION '1','v002';
2018-08-10 07:11:44 EXEC SPC_COM_MENU '1';
2018-08-10 07:11:44 EXEC SPC_V002_FND1
2018-08-10 08:39:16 EXEC SPC_COM_PERMISSION '1','v002';
2018-08-10 08:39:16 EXEC SPC_COM_MENU '1';
2018-08-10 08:39:16 EXEC SPC_V002_FND1
2018-08-10 08:39:17 EXEC SPC_COM_PERMISSION '1','v002';
2018-08-10 08:39:17 EXEC SPC_COM_MENU '1';
2018-08-10 08:39:17 EXEC SPC_V002_FND1
2018-08-10 08:39:19 EXEC SPC_COM_MENU '1';
2018-08-10 08:39:19 EXEC SPC_v002_LST1 '1','1';
2018-08-10 08:39:46 EXEC SPC_COM_PERMISSION '1','v002';
2018-08-10 08:39:46 EXEC SPC_COM_MENU '1';
2018-08-10 08:39:47 EXEC SPC_V002_FND1
2018-08-10 08:39:47 EXEC SPC_COM_PERMISSION '1','v002';
2018-08-10 08:39:47 EXEC SPC_COM_MENU '1';
2018-08-10 08:39:47 EXEC SPC_V002_FND1
2018-08-10 08:39:48 EXEC SPC_COM_MENU '1';
2018-08-10 08:39:48 EXEC SPC_v002_LST1 '1','1';
2018-08-10 08:39:54 EXEC SPC_COM_MENU '1';
2018-08-10 08:40:02 EXEC SPC_COM_MENU '1';
2018-08-10 08:42:26 EXEC SPC_COM_PERMISSION '1','v002';
2018-08-10 08:42:26 EXEC SPC_COM_MENU '1';
2018-08-10 08:42:26 EXEC SPC_V002_FND1
2018-08-10 08:42:26 EXEC SPC_COM_PERMISSION '1','v002';
2018-08-10 08:42:26 EXEC SPC_COM_MENU '1';
2018-08-10 08:42:26 EXEC SPC_V002_FND1
2018-08-10 08:42:28 EXEC SPC_COM_MENU '1';
2018-08-10 08:42:28 EXEC SPC_v002_LST1 '1','1';
2018-08-10 08:42:37 EXEC SPC_COM_MENU '1';
2018-08-10 08:43:17 EXEC SPC_COM_PERMISSION '1','v002';
2018-08-10 08:43:17 EXEC SPC_COM_MENU '1';
2018-08-10 08:43:17 EXEC SPC_V002_FND1
2018-08-10 08:43:17 EXEC SPC_COM_PERMISSION '1','v002';
2018-08-10 08:43:17 EXEC SPC_COM_MENU '1';
2018-08-10 08:43:17 EXEC SPC_V002_FND1
2018-08-10 08:43:21 EXEC SPC_COM_MENU '1';
2018-08-10 08:43:21 EXEC SPC_v002_LST1 '1','1';
2018-08-10 08:43:25 EXEC SPC_COM_MENU '1';
2018-08-10 08:43:25 EXEC SPC_V002_ACT1 '/web-content/audio/listeningAudio/audio_5b6d502dd5881.mp3','','ndq809','127.0.0.1';
2018-08-10 08:43:25 SQLSTATE[42000]: [Microsoft][ODBC Driver 13 for SQL Server][SQL Server]ストアド プロシージャ 'SPC_V002_ACT1' が見つかりませんでした。
2018-08-10 08:43:41 EXEC SPC_COM_MENU '1';
2018-08-10 08:43:41 EXEC SPC_V002_ACT1 '/web-content/audio/listeningAudio/audio_5b6d503db00b3.mp3','','ndq809','127.0.0.1';
2018-08-10 08:43:41 SQLSTATE[42000]: [Microsoft][ODBC Driver 13 for SQL Server][SQL Server]データ型 nvarchar を int に変換中にエラーが発生しました。
2018-08-10 08:46:47 EXEC SPC_COM_PERMISSION '1','v002';
2018-08-10 08:46:47 EXEC SPC_COM_MENU '1';
2018-08-10 08:46:47 EXEC SPC_V002_FND1
2018-08-10 08:46:47 EXEC SPC_COM_PERMISSION '1','v002';
2018-08-10 08:46:47 EXEC SPC_COM_MENU '1';
2018-08-10 08:46:47 EXEC SPC_V002_FND1
2018-08-10 08:46:56 EXEC SPC_COM_PERMISSION '1','v002';
2018-08-10 08:46:56 EXEC SPC_COM_MENU '1';
2018-08-10 08:46:56 EXEC SPC_V002_FND1
2018-08-10 08:46:56 EXEC SPC_COM_PERMISSION '1','v002';
2018-08-10 08:46:56 EXEC SPC_COM_MENU '1';
2018-08-10 08:46:56 EXEC SPC_V002_FND1
2018-08-10 08:49:15 EXEC SPC_COM_PERMISSION '1','v002';
2018-08-10 08:49:15 EXEC SPC_COM_MENU '1';
2018-08-10 08:49:15 EXEC SPC_V002_FND1
2018-08-10 08:49:16 EXEC SPC_COM_PERMISSION '1','v002';
2018-08-10 08:49:16 EXEC SPC_COM_MENU '1';
2018-08-10 08:49:16 EXEC SPC_V002_FND1
2018-08-10 08:49:19 EXEC SPC_COM_MENU '1';
2018-08-10 08:49:19 EXEC SPC_v002_LST1 '1','1';
2018-08-10 08:49:26 EXEC SPC_COM_MENU '1';
2018-08-10 08:49:26 EXEC SPC_V002_ACT1 '1','1','cry','3','kurai','khóc','/web-content/images/relax_image/image_5b6a6b6562b55.jpg','nước mắt rơi','','/web-content/audio/listeningAudio/audio_5b6d5196da9ff.mp3','','ndq809','127.0.0.1';
2018-08-10 08:49:28 EXEC SPC_COM_MENU '1';
2018-08-10 08:49:28 EXEC SPC_v002_LST1 '1','1';
2018-08-10 08:49:42 EXEC SPC_COM_PERMISSION '1','v002';
2018-08-10 08:49:42 EXEC SPC_COM_MENU '1';
2018-08-10 08:49:42 EXEC SPC_V002_FND1
2018-08-10 08:49:42 EXEC SPC_COM_PERMISSION '1','v002';
2018-08-10 08:49:42 EXEC SPC_COM_MENU '1';
2018-08-10 08:49:42 EXEC SPC_V002_FND1
2018-08-10 08:49:44 EXEC SPC_COM_MENU '1';
2018-08-10 08:49:44 EXEC SPC_v002_LST1 '1','1';
2018-08-10 08:49:56 EXEC SPC_COM_MENU '1';
2018-08-10 08:50:02 EXEC SPC_COM_MENU '1';
2018-08-10 08:53:52 EXEC SPC_COM_PERMISSION '1','v002';
2018-08-10 08:53:52 EXEC SPC_COM_MENU '1';
2018-08-10 08:53:52 EXEC SPC_V002_FND1
2018-08-10 08:53:53 EXEC SPC_COM_PERMISSION '1','v002';
2018-08-10 08:53:53 EXEC SPC_COM_MENU '1';
2018-08-10 08:53:53 EXEC SPC_V002_FND1
2018-08-10 08:53:55 EXEC SPC_COM_MENU '1';
2018-08-10 08:53:55 EXEC SPC_v002_LST1 '1','1';
2018-08-10 08:54:02 EXEC SPC_COM_MENU '1';
2018-08-10 08:54:08 EXEC SPC_COM_MENU '1';
2018-08-10 08:54:38 EXEC SPC_COM_MENU '1';
2018-08-10 08:55:15 EXEC SPC_COM_PERMISSION '1','v002';
2018-08-10 08:55:15 EXEC SPC_COM_MENU '1';
2018-08-10 08:55:15 EXEC SPC_V002_FND1
2018-08-10 08:55:16 EXEC SPC_COM_PERMISSION '1','v002';
2018-08-10 08:55:16 EXEC SPC_COM_MENU '1';
2018-08-10 08:55:16 EXEC SPC_V002_FND1
2018-08-10 08:55:18 EXEC SPC_COM_MENU '1';
2018-08-10 08:55:18 EXEC SPC_v002_LST1 '1','1';
2018-08-10 08:55:24 EXEC SPC_COM_MENU '1';
2018-08-10 08:55:31 EXEC SPC_COM_MENU '1';
2018-08-10 08:55:31 EXEC SPC_V002_ACT1 '1','1','cry','3','kurai','khóc','/web-content/images/relax_image/image_5b6a6b6562b55.jpg','nước mắt rơi rơi rơi','','','','ndq809','127.0.0.1';
2018-08-10 08:55:32 EXEC SPC_COM_MENU '1';
2018-08-10 08:55:32 EXEC SPC_v002_LST1 '1','1';
2018-08-10 08:55:36 EXEC SPC_COM_PERMISSION '1','v002';
2018-08-10 08:55:36 EXEC SPC_COM_MENU '1';
2018-08-10 08:55:36 EXEC SPC_V002_FND1
2018-08-10 08:55:36 EXEC SPC_COM_PERMISSION '1','v002';
2018-08-10 08:55:36 EXEC SPC_COM_MENU '1';
2018-08-10 08:55:36 EXEC SPC_V002_FND1
2018-08-10 08:55:38 EXEC SPC_COM_MENU '1';
2018-08-10 08:55:38 EXEC SPC_v002_LST1 '1','1';
2018-08-10 08:56:28 EXEC SPC_COM_MENU '1';
2018-08-10 08:56:28 EXEC SPC_V002_ACT1 '1','1','cry','3','kurai','khóc','/web-content/images/relax_image/image_5b6a6b6562b55.jpg','nước mắt rơi rơi rơi','','/web-content/audio/listeningAudio/audio_5b6d533c9f838.mp3','','ndq809','127.0.0.1';
2018-08-10 08:56:30 EXEC SPC_COM_MENU '1';
2018-08-10 08:56:30 EXEC SPC_v002_LST1 '1','1';
2018-08-10 09:00:37 EXEC SPC_COM_PERMISSION '1','v002';
2018-08-10 09:00:37 EXEC SPC_COM_MENU '1';
2018-08-10 09:00:37 EXEC SPC_V002_FND1
2018-08-10 09:00:37 EXEC SPC_COM_PERMISSION '1','v002';
2018-08-10 09:00:37 EXEC SPC_COM_MENU '1';
2018-08-10 09:00:37 EXEC SPC_V002_FND1
2018-08-10 09:00:41 EXEC SPC_COM_MENU '1';
2018-08-10 09:00:41 EXEC SPC_v002_LST1 '1','1';
2018-08-10 09:01:48 EXEC SPC_COM_MENU '1';
2018-08-10 09:01:48 EXEC SPC_V002_ACT1 '1','1','cry','3','kurai','khóc','/web-content/images/relax_image/image_5b6a6b6562b55.jpg','nước mắt rơi rơi rơi','','/web-content/audio/listeningAudio/audio_5b6d547c27143.mp3','','ndq809','127.0.0.1';
2018-08-10 09:01:49 EXEC SPC_COM_MENU '1';
2018-08-10 09:01:49 EXEC SPC_v002_LST1 '1','1';
2018-08-10 09:02:15 EXEC SPC_COM_MENU '1';
2018-08-10 09:02:15 EXEC SPC_v002_LST1 '1','1';
2018-08-10 09:02:51 EXEC SPC_COM_PERMISSION '1','v002';
2018-08-10 09:02:51 EXEC SPC_COM_MENU '1';
2018-08-10 09:02:51 EXEC SPC_V002_FND1
2018-08-10 09:02:52 EXEC SPC_COM_PERMISSION '1','v002';
2018-08-10 09:02:52 EXEC SPC_COM_MENU '1';
2018-08-10 09:02:52 EXEC SPC_V002_FND1
2018-08-10 09:02:53 EXEC SPC_COM_MENU '1';
2018-08-10 09:02:53 EXEC SPC_v002_LST1 '1','1';
2018-08-10 09:03:49 EXEC SPC_COM_PERMISSION '1','v002';
2018-08-10 09:03:50 EXEC SPC_COM_MENU '1';
2018-08-10 09:03:50 EXEC SPC_V002_FND1
2018-08-10 09:03:50 EXEC SPC_COM_PERMISSION '1','v002';
2018-08-10 09:03:50 EXEC SPC_COM_MENU '1';
2018-08-10 09:03:50 EXEC SPC_V002_FND1
2018-08-10 09:03:51 EXEC SPC_COM_MENU '1';
2018-08-10 09:03:51 EXEC SPC_v002_LST1 '1','1';
2018-08-10 09:04:32 EXEC SPC_COM_PERMISSION '1','v002';
2018-08-10 09:04:32 EXEC SPC_COM_MENU '1';
2018-08-10 09:04:32 EXEC SPC_V002_FND1
2018-08-10 09:04:33 EXEC SPC_COM_PERMISSION '1','v002';
2018-08-10 09:04:33 EXEC SPC_COM_MENU '1';
2018-08-10 09:04:33 EXEC SPC_V002_FND1
2018-08-10 09:04:35 EXEC SPC_COM_MENU '1';
2018-08-10 09:04:36 EXEC SPC_v002_LST1 '1','1';
2018-08-10 09:04:53 EXEC SPC_COM_MENU '1';
2018-08-10 09:04:53 EXEC SPC_v002_LST1 '1','0';
2018-08-10 09:04:53 EXEC SPC_COM_PERMISSION '1','v002';
2018-08-10 09:04:53 EXEC SPC_COM_MENU '1';
2018-08-10 09:04:53 EXEC SPC_V002_FND1
2018-08-10 09:04:55 EXEC SPC_COM_MENU '1';
2018-08-10 09:04:55 EXEC SPC_v002_LST1 '1','1';
2018-08-10 09:05:59 EXEC SPC_COM_PERMISSION '1','v002';
2018-08-10 09:05:59 EXEC SPC_COM_MENU '1';
2018-08-10 09:05:59 EXEC SPC_V002_FND1
2018-08-10 09:06:00 EXEC SPC_COM_PERMISSION '1','v002';
2018-08-10 09:06:00 EXEC SPC_COM_MENU '1';
2018-08-10 09:06:00 EXEC SPC_V002_FND1
2018-08-10 09:06:01 EXEC SPC_COM_MENU '1';
2018-08-10 09:06:01 EXEC SPC_v002_LST1 '1','1';
2018-08-10 09:07:03 EXEC SPC_COM_PERMISSION '1','v002';
2018-08-10 09:07:03 EXEC SPC_COM_MENU '1';
2018-08-10 09:07:03 EXEC SPC_V002_FND1
2018-08-10 09:07:04 EXEC SPC_COM_PERMISSION '1','v002';
2018-08-10 09:07:04 EXEC SPC_COM_MENU '1';
2018-08-10 09:07:04 EXEC SPC_V002_FND1
2018-08-10 09:07:06 EXEC SPC_COM_MENU '1';
2018-08-10 09:07:06 EXEC SPC_v002_LST1 '1','1';
2018-08-10 09:07:27 EXEC SPC_COM_PERMISSION '1','v002';
2018-08-10 09:07:27 EXEC SPC_COM_MENU '1';
2018-08-10 09:07:27 EXEC SPC_V002_FND1
2018-08-10 09:07:28 EXEC SPC_COM_PERMISSION '1','v002';
2018-08-10 09:07:28 EXEC SPC_COM_MENU '1';
2018-08-10 09:07:28 EXEC SPC_V002_FND1
2018-08-10 09:07:31 EXEC SPC_COM_MENU '1';
2018-08-10 09:07:31 EXEC SPC_v002_LST1 '1','1';
2018-08-10 09:08:23 EXEC SPC_COM_PERMISSION '1','v002';
2018-08-10 09:08:23 EXEC SPC_COM_MENU '1';
2018-08-10 09:08:23 EXEC SPC_V002_FND1
2018-08-10 09:08:24 EXEC SPC_COM_PERMISSION '1','v002';
2018-08-10 09:08:24 EXEC SPC_COM_MENU '1';
2018-08-10 09:08:24 EXEC SPC_V002_FND1
2018-08-10 09:08:26 EXEC SPC_COM_MENU '1';
2018-08-10 09:08:26 EXEC SPC_v002_LST1 '1','1';
2018-08-10 09:08:31 EXEC SPC_COM_PERMISSION '1','v002';
2018-08-10 09:08:31 EXEC SPC_COM_MENU '1';
2018-08-10 09:08:31 EXEC SPC_V002_FND1
2018-08-10 09:08:31 EXEC SPC_COM_PERMISSION '1','v002';
2018-08-10 09:08:31 EXEC SPC_COM_MENU '1';
2018-08-10 09:08:31 EXEC SPC_V002_FND1
2018-08-10 09:08:34 EXEC SPC_COM_MENU '1';
2018-08-10 09:08:34 EXEC SPC_v002_LST1 '1','1';
2018-08-10 09:08:53 EXEC SPC_COM_PERMISSION '1','v002';
2018-08-10 09:08:53 EXEC SPC_COM_MENU '1';
2018-08-10 09:08:53 EXEC SPC_V002_FND1
2018-08-10 09:08:53 EXEC SPC_COM_PERMISSION '1','v002';
2018-08-10 09:08:53 EXEC SPC_COM_MENU '1';
2018-08-10 09:08:53 EXEC SPC_V002_FND1
2018-08-10 09:08:56 EXEC SPC_COM_MENU '1';
2018-08-10 09:08:56 EXEC SPC_v002_LST1 '1','1';
2018-08-10 09:09:01 EXEC SPC_COM_MENU '1';
2018-08-10 09:09:01 EXEC SPC_v002_LST1 '1','0';
2018-08-10 09:09:04 EXEC SPC_COM_MENU '1';
2018-08-10 09:09:04 EXEC SPC_v002_LST1 '1','1';
2018-08-10 09:10:04 EXEC SPC_COM_PERMISSION '1','v002';
2018-08-10 09:10:04 EXEC SPC_COM_MENU '1';
2018-08-10 09:10:04 EXEC SPC_V002_FND1
2018-08-10 09:10:04 EXEC SPC_COM_PERMISSION '1','v002';
2018-08-10 09:10:04 EXEC SPC_COM_MENU '1';
2018-08-10 09:10:04 EXEC SPC_V002_FND1
2018-08-10 09:10:11 EXEC SPC_COM_MENU '1';
2018-08-10 09:10:11 EXEC SPC_v002_LST1 '1','1';
2018-08-10 09:10:22 EXEC SPC_COM_MENU '1';
2018-08-10 09:10:22 EXEC SPC_v002_LST1 '1','2';
2018-08-10 09:10:22 EXEC SPC_COM_PERMISSION '1','v002';
2018-08-10 09:10:22 EXEC SPC_COM_MENU '1';
2018-08-10 09:10:22 EXEC SPC_V002_FND1
2018-08-10 09:10:26 EXEC SPC_COM_MENU '1';
2018-08-10 09:10:26 EXEC SPC_v002_LST1 '1','1';
2018-08-10 09:10:40 EXEC SPC_COM_PERMISSION '1','v002';
2018-08-10 09:10:40 EXEC SPC_COM_MENU '1';
2018-08-10 09:10:40 EXEC SPC_V002_FND1
2018-08-10 09:10:40 EXEC SPC_COM_PERMISSION '1','v002';
2018-08-10 09:10:40 EXEC SPC_COM_MENU '1';
2018-08-10 09:10:40 EXEC SPC_V002_FND1
2018-08-10 09:10:42 EXEC SPC_COM_MENU '1';
2018-08-10 09:10:42 EXEC SPC_v002_LST1 '1','1';
2018-08-10 09:10:43 EXEC SPC_COM_MENU '1';
2018-08-10 09:10:43 EXEC SPC_v002_LST1 '1','2';
2018-08-10 09:10:46 EXEC SPC_COM_MENU '1';
2018-08-10 09:10:47 EXEC SPC_v002_LST1 '1','3';
2018-08-10 09:10:50 EXEC SPC_COM_MENU '1';
2018-08-10 09:10:50 EXEC SPC_v002_LST1 '1','4';
2018-08-10 09:10:54 EXEC SPC_COM_MENU '1';
2018-08-10 09:10:54 EXEC SPC_v002_LST1 '1','4';
2018-08-10 09:10:54 EXEC SPC_COM_PERMISSION '1','v002';
2018-08-10 09:10:54 EXEC SPC_COM_MENU '1';
2018-08-10 09:10:54 EXEC SPC_V002_FND1
2018-08-10 09:10:59 EXEC SPC_COM_MENU '1';
2018-08-10 09:10:59 EXEC SPC_v002_LST1 '1','2';
2018-08-10 09:10:59 EXEC SPC_COM_PERMISSION '1','v002';
2018-08-10 09:10:59 EXEC SPC_COM_MENU '1';
2018-08-10 09:10:59 EXEC SPC_V002_FND1
2018-08-10 09:11:01 EXEC SPC_COM_MENU '1';
2018-08-10 09:11:01 EXEC SPC_v002_LST1 '1','3';
2018-08-10 09:11:01 EXEC SPC_COM_PERMISSION '1','v002';
2018-08-10 09:11:01 EXEC SPC_COM_MENU '1';
2018-08-10 09:11:01 EXEC SPC_V002_FND1
2018-08-10 09:11:03 EXEC SPC_COM_MENU '1';
2018-08-10 09:11:03 EXEC SPC_v002_LST1 '1','4';
2018-08-10 09:11:03 EXEC SPC_COM_PERMISSION '1','v002';
2018-08-10 09:11:03 EXEC SPC_COM_MENU '1';
2018-08-10 09:11:03 EXEC SPC_V002_FND1
2018-08-10 09:11:06 EXEC SPC_COM_MENU '1';
2018-08-10 09:11:06 EXEC SPC_v002_LST1 '1','2';
2018-08-10 09:11:07 EXEC SPC_COM_PERMISSION '1','v002';
2018-08-10 09:11:07 EXEC SPC_COM_MENU '1';
2018-08-10 09:11:07 EXEC SPC_V002_FND1
2018-08-10 09:11:19 EXEC SPC_COM_MENU '1';
2018-08-10 09:11:19 EXEC SPC_v002_LST1 '1','1';
2018-08-10 09:12:30 EXEC SPC_COM_PERMISSION '1','v002';
2018-08-10 09:12:30 EXEC SPC_COM_MENU '1';
2018-08-10 09:12:30 EXEC SPC_V002_FND1
2018-08-10 09:12:30 EXEC SPC_COM_PERMISSION '1','v002';
2018-08-10 09:12:30 EXEC SPC_COM_MENU '1';
2018-08-10 09:12:30 EXEC SPC_V002_FND1
2018-08-10 09:12:32 EXEC SPC_COM_MENU '1';
2018-08-10 09:12:32 EXEC SPC_v002_LST1 '1','1';
2018-08-10 09:14:37 EXEC SPC_COM_PERMISSION '1','v002';
2018-08-10 09:14:37 EXEC SPC_COM_MENU '1';
2018-08-10 09:14:37 EXEC SPC_V002_FND1
2018-08-10 09:14:37 EXEC SPC_COM_PERMISSION '1','v002';
2018-08-10 09:14:37 EXEC SPC_COM_MENU '1';
2018-08-10 09:14:37 EXEC SPC_V002_FND1
2018-08-10 09:14:39 EXEC SPC_COM_MENU '1';
2018-08-10 09:14:39 EXEC SPC_v002_LST1 '1','1';
2018-08-10 09:15:07 EXEC SPC_COM_PERMISSION '1','v002';
2018-08-10 09:15:07 EXEC SPC_COM_MENU '1';
2018-08-10 09:15:07 EXEC SPC_V002_FND1
2018-08-10 09:15:07 EXEC SPC_COM_PERMISSION '1','v002';
2018-08-10 09:15:07 EXEC SPC_COM_MENU '1';
2018-08-10 09:15:07 EXEC SPC_V002_FND1
2018-08-10 09:15:09 EXEC SPC_COM_MENU '1';
2018-08-10 09:15:09 EXEC SPC_v002_LST1 '1','1';
2018-08-10 09:15:28 EXEC SPC_COM_MENU '1';
2018-08-10 09:15:28 EXEC SPC_V002_ACT1 '1','1','cry','3','kurai','khóc','/web-content/images/relax_image/image_5b6a6b6562b55.jpg','nước mắt rơi rơi rơi','','/web-content/audio/listeningAudio/audio_5b6d57b090b94.mp3','','ndq809','127.0.0.1';
2018-08-10 09:15:29 EXEC SPC_COM_MENU '1';
2018-08-10 09:15:29 EXEC SPC_v002_LST1 '1','1';
2018-08-10 09:15:53 EXEC SPC_COM_MENU '1';
2018-08-10 09:15:56 EXEC SPC_COM_MENU '1';
2018-08-10 09:15:59 EXEC SPC_COM_MENU '1';
2018-08-10 09:15:59 EXEC SPC_V002_ACT1 '1','1','cry','3','kurai','khóc','/uploads/cropped-image5b6a9c4a85e85_20180810 0909080853531533892553478.jpg','nước mắt rơi rơi rơi','','','','ndq809','127.0.0.1';
2018-08-10 09:16:00 EXEC SPC_COM_MENU '1';
2018-08-10 09:16:00 EXEC SPC_v002_LST1 '1','1';
2018-08-10 09:17:30 EXEC SPC_COM_MENU '1';
2018-08-10 09:17:30 EXEC SPC_V002_ACT1 '1','1','cry','3','kurai','khóc','/uploads/cropped-image5b6a9c4a85e85_20180810 0909080853531533892553478.jpg','nước mắt rơi rơi rơi','','/web-content/audio/listeningAudio/audio_5b6d582a867d7.mp3','','ndq809','127.0.0.1';
2018-08-10 09:17:31 EXEC SPC_COM_MENU '1';
2018-08-10 09:17:31 EXEC SPC_v002_LST1 '1','1';
2018-08-10 09:17:34 EXEC SPC_COM_MENU '1';
2018-08-10 09:17:34 EXEC SPC_V002_ACT1 '1','1','cry','3','kurai','khóc','/uploads/cropped-image5b6a9c4a85e85_20180810 0909080853531533892553478.jpg','nước mắt rơi rơi rơi','','','','ndq809','127.0.0.1';
2018-08-10 09:17:35 EXEC SPC_COM_MENU '1';
2018-08-10 09:17:35 EXEC SPC_v002_LST1 '1','1';
2018-08-10 09:21:15 EXEC SPC_COM_MENU '1';
2018-08-10 09:21:15 EXEC SPC_V002_ACT1 '1','1','cry','3','kurai','khóc','/uploads/cropped-image5b6a9c4a85e85_20180810 0909080853531533892553478.jpg','nước mắt rơi rơi rơi','','','<row language1_content="i&amp;#39;m cry when i sad" language2_content="buồn thì khóc" /><row language1_content="cry in the rain" language2_content="khóc trong mưa" />','ndq809','127.0.0.1';
2018-08-10 09:21:16 EXEC SPC_COM_MENU '1';
2018-08-10 09:21:16 EXEC SPC_v002_LST1 '1','1';
2018-08-10 09:21:27 EXEC SPC_COM_PERMISSION '1','v002';
2018-08-10 09:21:27 EXEC SPC_COM_MENU '1';
2018-08-10 09:21:27 EXEC SPC_V002_FND1
2018-08-10 09:21:27 EXEC SPC_COM_PERMISSION '1','v002';
2018-08-10 09:21:27 EXEC SPC_COM_MENU '1';
2018-08-10 09:21:27 EXEC SPC_V002_FND1
2018-08-10 09:21:29 EXEC SPC_COM_MENU '1';
2018-08-10 09:21:29 EXEC SPC_v002_LST1 '1','1';
