2018-12-04 00:20:12 EXEC SPC_COM_DATA '','','';
2018-12-04 00:20:16 EXEC SPC_COM_DATA '','','';
2018-12-04 00:20:16 EXEC SPC_RELAX_LST1 '','';
2018-12-04 00:20:17 EXEC SPC_COM_DATA '','','';
2018-12-04 00:20:17 EXEC SPC_RELAX_LST2 '','1','7','','';
2018-12-04 00:20:22 EXEC SPC_COM_DATA '','','';
2018-12-04 00:20:22 EXEC SPC_RELAX_ACT2 '26','','127.0.0.1';
2018-12-04 00:21:53 EXEC SPC_COM_DATA '','','';
2018-12-04 00:21:53 EXEC SPC_RELAX_LST1 '26','';
2018-12-04 00:21:53 EXEC SPC_COM_DATA '','','';
2018-12-04 00:21:53 EXEC SPC_RELAX_LST2 '26','1','7','','';
2018-12-04 00:21:59 EXEC SPC_COM_DATA '','','';
2018-12-04 00:21:59 EXEC SPC_RELAX_ACT2 '26','','127.0.0.1';
2018-12-04 00:22:17 EXEC SPC_COM_DATA '','','';
2018-12-04 00:22:17 EXEC SPC_RELAX_LST1 '26','';
2018-12-04 00:22:17 EXEC SPC_COM_DATA '','','';
2018-12-04 00:22:17 EXEC SPC_RELAX_LST2 '26','1','7','','';
2018-12-04 00:22:22 EXEC SPC_COM_DATA '','','';
2018-12-04 00:22:22 EXEC SPC_RELAX_ACT2 '26','','127.0.0.1';
2018-12-04 00:23:54 EXEC SPC_COM_DATA '','','';
2018-12-04 00:23:54 EXEC SPC_RELAX_LST1 '26','';
2018-12-04 00:23:54 EXEC SPC_COM_DATA '','','';
2018-12-04 00:23:54 EXEC SPC_RELAX_LST2 '26','1','7','','';
2018-12-04 00:23:59 EXEC SPC_COM_DATA '','','';
2018-12-04 00:23:59 EXEC SPC_RELAX_ACT2 '26','','127.0.0.1';
2018-12-04 00:25:17 EXEC SPC_COM_DATA '','','';
2018-12-04 00:25:17 EXEC SPC_RELAX_LST1 '26','';
2018-12-04 00:25:17 EXEC SPC_COM_DATA '','','';
2018-12-04 00:25:17 EXEC SPC_RELAX_LST2 '26','1','7','','';
2018-12-04 00:25:23 EXEC SPC_COM_DATA '','','';
2018-12-04 00:25:23 EXEC SPC_RELAX_ACT2 '26','','127.0.0.1';
2018-12-04 00:31:34 EXEC SPC_COM_DATA '','','';
2018-12-04 00:31:34 EXEC SPC_RELAX_LST1 '26','';
2018-12-04 00:31:34 EXEC SPC_COM_DATA '','','';
2018-12-04 00:31:34 EXEC SPC_RELAX_LST2 '26','1','7','','';
2018-12-04 00:31:40 EXEC SPC_COM_DATA '','','';
2018-12-04 00:31:40 EXEC SPC_RELAX_ACT2 '26','','127.0.0.1';
2018-12-04 00:31:42 EXEC SPC_COM_DATA '','','';
2018-12-04 00:31:42 EXEC SPC_RELAX_LST1 '26','';
2018-12-04 00:31:42 EXEC SPC_COM_DATA '','','';
2018-12-04 00:31:42 EXEC SPC_RELAX_LST2 '26','1','7','','';
2018-12-04 00:31:48 EXEC SPC_COM_DATA '','','';
2018-12-04 00:31:48 EXEC SPC_RELAX_ACT2 '26','','127.0.0.1';
2018-12-04 00:33:05 EXEC SPC_COM_DATA '','','';
2018-12-04 00:33:05 EXEC SPC_RELAX_LST1 '26','';
2018-12-04 00:33:05 EXEC SPC_COM_DATA '','','';
2018-12-04 00:33:05 EXEC SPC_RELAX_LST2 '26','1','7','','';
2018-12-04 00:33:11 EXEC SPC_COM_DATA '','','';
2018-12-04 00:33:11 EXEC SPC_RELAX_ACT2 '26','','127.0.0.1';
2018-12-04 00:33:16 EXEC SPC_COM_DATA '','','';
2018-12-04 00:33:16 EXEC SPC_RELAX_LST1 '26','';
2018-12-04 00:33:16 EXEC SPC_COM_DATA '','','';
2018-12-04 00:33:16 EXEC SPC_RELAX_LST2 '26','1','7','','';
2018-12-04 00:33:22 EXEC SPC_COM_DATA '','','';
2018-12-04 00:33:22 EXEC SPC_RELAX_ACT2 '26','','127.0.0.1';
2018-12-04 00:34:10 EXEC SPC_COM_DATA '','','';
2018-12-04 00:34:10 EXEC SPC_RELAX_LST1 '26','';
2018-12-04 00:34:23 EXEC SPC_COM_DATA '','','';
2018-12-04 00:34:23 EXEC SPC_RELAX_LST1 '26','';
2018-12-04 00:34:24 EXEC SPC_COM_DATA '','','';
2018-12-04 00:34:24 EXEC SPC_RELAX_LST2 '26','1','7','','';
2018-12-04 00:34:30 EXEC SPC_COM_DATA '','','';
2018-12-04 00:34:30 EXEC SPC_RELAX_ACT2 '26','','127.0.0.1';
2018-12-04 00:35:04 EXEC SPC_COM_DATA '','','';
2018-12-04 00:35:04 EXEC SPC_RELAX_LST1 '26','';
2018-12-04 00:35:05 EXEC SPC_COM_DATA '','','';
2018-12-04 00:35:05 EXEC SPC_RELAX_LST2 '26','1','7','','';
2018-12-04 00:35:10 EXEC SPC_COM_DATA '','','';
2018-12-04 00:35:10 EXEC SPC_RELAX_ACT2 '26','','127.0.0.1';
2018-12-04 00:35:18 EXEC SPC_COM_DATA '','','';
2018-12-04 00:35:18 EXEC SPC_RELAX_LST1 '26','';
2018-12-04 00:35:18 EXEC SPC_COM_DATA '','','';
2018-12-04 00:35:18 EXEC SPC_RELAX_LST2 '26','1','7','','';
2018-12-04 00:35:24 EXEC SPC_COM_DATA '','','';
2018-12-04 00:35:24 EXEC SPC_RELAX_ACT2 '26','','127.0.0.1';
2018-12-04 00:46:13 EXEC SPC_COM_DATA '','','';
2018-12-04 00:46:13 EXEC SPC_RELAX_LST1 '26','';
2018-12-04 00:46:14 EXEC SPC_COM_DATA '','','';
2018-12-04 00:46:14 EXEC SPC_RELAX_LST2 '26','1','7','','';
2018-12-04 00:46:19 EXEC SPC_COM_DATA '','','';
2018-12-04 00:46:19 EXEC SPC_RELAX_ACT2 '26','','127.0.0.1';
2018-12-04 00:46:25 EXEC SPC_COM_DATA '','','';
2018-12-04 00:46:25 EXEC SPC_RELAX_LST1 '','';
2018-12-04 00:46:25 EXEC SPC_COM_DATA '','','';
2018-12-04 00:46:25 EXEC SPC_RELAX_LST2 '','1','7','','';
2018-12-04 00:46:30 EXEC SPC_COM_DATA '','','';
2018-12-04 00:46:30 EXEC SPC_RELAX_ACT2 '26','','127.0.0.1';
2018-12-04 00:46:45 EXEC SPC_COM_DATA '','','';
2018-12-04 00:46:45 EXEC SPC_RELAX_LST1 '26','';
2018-12-04 00:46:46 EXEC SPC_COM_DATA '','','';
2018-12-04 00:46:46 EXEC SPC_RELAX_LST2 '26','1','7','','';
2018-12-04 00:46:51 EXEC SPC_COM_DATA '','','';
2018-12-04 00:46:51 EXEC SPC_RELAX_ACT2 '26','','127.0.0.1';
2018-12-04 00:48:18 EXEC SPC_COM_DATA '','','';
2018-12-04 00:48:18 EXEC SPC_RELAX_LST1 '26','';
2018-12-04 00:48:19 EXEC SPC_COM_DATA '','','';
2018-12-04 00:48:19 EXEC SPC_RELAX_LST2 '26','1','7','','';
2018-12-04 00:48:24 EXEC SPC_COM_DATA '','','';
2018-12-04 00:48:24 EXEC SPC_RELAX_ACT2 '26','','127.0.0.1';
2018-12-04 00:50:09 EXEC SPC_COM_DATA '','','';
2018-12-04 00:50:09 EXEC SPC_RELAX_LST1 '26','';
2018-12-04 00:50:09 EXEC SPC_COM_DATA '','','';
2018-12-04 00:50:09 EXEC SPC_RELAX_LST2 '26','1','7','','';
2018-12-04 00:52:06 EXEC SPC_COM_DATA '','','';
2018-12-04 00:52:06 EXEC SPC_RELAX_ACT2 '26','','127.0.0.1';
2018-12-04 00:52:36 EXEC SPC_COM_DATA '','','';
2018-12-04 00:52:36 EXEC SPC_RELAX_LST1 '26','';
2018-12-04 00:52:37 EXEC SPC_COM_DATA '','','';
2018-12-04 00:52:37 EXEC SPC_RELAX_LST2 '26','1','7','','';
2018-12-04 00:52:48 EXEC SPC_COM_DATA '','','';
2018-12-04 00:52:48 EXEC SPC_RELAX_ACT2 '26','','127.0.0.1';
2018-12-04 00:53:27 EXEC SPC_COM_DATA '','','';
2018-12-04 00:53:27 EXEC SPC_RELAX_LST1 '26','';
2018-12-04 00:53:28 EXEC SPC_COM_DATA '','','';
2018-12-04 00:53:28 EXEC SPC_RELAX_LST2 '26','1','7','','';
2018-12-04 00:54:11 EXEC SPC_COM_DATA '','','';
2018-12-04 00:54:11 EXEC SPC_RELAX_ACT2 '26','','127.0.0.1';
2018-12-04 00:59:05 EXEC SPC_COM_DATA '','','';
2018-12-04 00:59:05 EXEC SPC_RELAX_LST1 '26','';
2018-12-04 00:59:06 EXEC SPC_COM_DATA '','','';
2018-12-04 00:59:06 EXEC SPC_RELAX_LST2 '26','1','7','','';
2018-12-04 00:59:14 EXEC SPC_COM_DATA '','','';
2018-12-04 00:59:14 EXEC SPC_RELAX_ACT2 '26','','127.0.0.1';
2018-12-04 01:02:47 EXEC SPC_COM_DATA '','','';
2018-12-04 01:02:47 EXEC SPC_RELAX_LST1 '26','';
2018-12-04 01:02:48 EXEC SPC_COM_DATA '','','';
2018-12-04 01:02:48 EXEC SPC_RELAX_LST2 '26','1','7','','';
2018-12-04 01:02:56 EXEC SPC_COM_DATA '','','';
2018-12-04 01:02:56 EXEC SPC_RELAX_ACT2 '26','','127.0.0.1';
2018-12-04 01:04:13 EXEC SPC_COM_DATA '','','';
2018-12-04 01:04:13 EXEC SPC_RELAX_LST1 '26','';
2018-12-04 01:04:14 EXEC SPC_COM_DATA '','','';
2018-12-04 01:04:14 EXEC SPC_RELAX_LST2 '26','1','7','','';
2018-12-04 01:04:21 EXEC SPC_COM_DATA '','','';
2018-12-04 01:04:21 EXEC SPC_RELAX_ACT2 '26','','127.0.0.1';
2018-12-04 01:05:41 EXEC SPC_COM_DATA '','','';
2018-12-04 01:05:41 EXEC SPC_RELAX_LST1 '26','';
2018-12-04 01:05:41 EXEC SPC_COM_DATA '','','';
2018-12-04 01:05:41 EXEC SPC_RELAX_LST2 '26','1','7','','';
2018-12-04 01:05:47 EXEC SPC_COM_DATA '','','';
2018-12-04 01:05:47 EXEC SPC_RELAX_ACT2 '26','','127.0.0.1';
2018-12-04 02:19:35 EXEC SPC_COM_DATA '','','';
2018-12-04 02:19:35 EXEC SPC_SOCIAL_LST1 '21','';
2018-12-04 02:19:39 EXEC SPC_COM_DATA '','','';
2018-12-04 02:19:39 EXEC SPC_SOCIAL_LST2 '21','1','','';
2018-12-04 02:19:46 EXEC SPC_COM_DATA '','','';
2018-12-04 02:19:46 EXEC SPC_SOCIAL_ACT2 '21','','127.0.0.1';
2018-12-04 05:09:31 EXEC SPC_COM_PERMISSION '1','2','g001';
2018-12-04 05:09:32 EXEC SPC_COM_MENU '1';
2018-12-04 05:09:40 EXEC SPC_COM_PERMISSION '1','2','w002';
2018-12-04 05:09:40 EXEC SPC_COM_MENU '1';
2018-12-04 05:09:40 EXEC SPC_W002_FND1
2018-12-04 05:09:43 EXEC SPC_COM_MENU '1';
2018-12-04 05:09:43 EXEC SPC_W002_LST1 '28';
2018-12-04 05:09:43 EXEC SPC_COM_MENU '1';
2018-12-04 05:09:43 EXEC SPC_W002_LST2 '8';
2018-12-04 05:13:00 EXEC SPC_COM_PERMISSION '1','2','w002';
2018-12-04 05:13:00 EXEC SPC_COM_MENU '1';
2018-12-04 05:13:00 EXEC SPC_W002_FND1
2018-12-04 05:13:03 EXEC SPC_COM_MENU '1';
2018-12-04 05:13:03 EXEC SPC_W002_LST1 '28';
2018-12-04 05:13:03 EXEC SPC_COM_MENU '1';
2018-12-04 05:13:03 EXEC SPC_W002_LST2 '8';
2018-12-04 05:13:25 EXEC SPC_COM_PERMISSION '1','2','w002';
2018-12-04 05:13:25 EXEC SPC_COM_MENU '1';
2018-12-04 05:13:25 EXEC SPC_W002_FND1
2018-12-04 05:13:28 EXEC SPC_COM_MENU '1';
2018-12-04 05:13:28 EXEC SPC_W002_LST1 '28';
2018-12-04 05:13:30 EXEC SPC_COM_MENU '1';
2018-12-04 05:13:30 EXEC SPC_W002_LST2 '8';
2018-12-04 05:14:07 EXEC SPC_COM_PERMISSION '1','2','w002';
2018-12-04 05:14:07 EXEC SPC_COM_MENU '1';
2018-12-04 05:14:07 EXEC SPC_W002_FND1
2018-12-04 05:14:09 EXEC SPC_COM_MENU '1';
2018-12-04 05:14:09 EXEC SPC_W002_LST1 '28';
2018-12-04 05:14:10 EXEC SPC_COM_MENU '1';
2018-12-04 05:14:10 EXEC SPC_W002_LST2 '8';
2018-12-04 05:16:14 EXEC SPC_COM_PERMISSION '1','2','w002';
2018-12-04 05:16:14 EXEC SPC_COM_MENU '1';
2018-12-04 05:16:14 EXEC SPC_W002_FND1
2018-12-04 05:16:19 EXEC SPC_COM_MENU '1';
2018-12-04 05:16:19 EXEC SPC_W002_LST1 '28';
2018-12-04 05:16:19 EXEC SPC_COM_MENU '1';
2018-12-04 05:16:19 EXEC SPC_W002_LST2 '8';
2018-12-04 05:16:30 EXEC SPC_COM_PERMISSION '1','2','w002';
2018-12-04 05:16:30 EXEC SPC_COM_MENU '1';
2018-12-04 05:16:30 EXEC SPC_W002_FND1
2018-12-04 05:16:36 EXEC SPC_COM_MENU '1';
2018-12-04 05:16:36 EXEC SPC_W002_LST1 '28';
2018-12-04 05:16:36 EXEC SPC_COM_MENU '1';
2018-12-04 05:16:36 EXEC SPC_W002_LST2 '8';
2018-12-04 05:19:28 EXEC SPC_COM_PERMISSION '1','2','w002';
2018-12-04 05:19:28 EXEC SPC_COM_MENU '1';
2018-12-04 05:19:28 EXEC SPC_W002_FND1
2018-12-04 05:19:31 EXEC SPC_COM_MENU '1';
2018-12-04 05:19:31 EXEC SPC_W002_LST1 '28';
2018-12-04 05:19:40 EXEC SPC_COM_MENU '1';
2018-12-04 05:19:40 EXEC SPC_W002_LST2 '8';
2018-12-04 05:22:10 EXEC SPC_COM_PERMISSION '1','2','w002';
2018-12-04 05:22:10 EXEC SPC_COM_MENU '1';
2018-12-04 05:22:10 EXEC SPC_W002_FND1
2018-12-04 05:22:15 EXEC SPC_COM_MENU '1';
2018-12-04 05:22:15 EXEC SPC_W002_LST1 '28';
2018-12-04 05:22:15 EXEC SPC_COM_MENU '1';
2018-12-04 05:22:15 EXEC SPC_W002_LST2 '8';
2018-12-04 05:22:41 EXEC SPC_COM_PERMISSION '1','2','w002';
2018-12-04 05:22:41 EXEC SPC_COM_MENU '1';
2018-12-04 05:22:41 EXEC SPC_W002_FND1
2018-12-04 05:22:45 EXEC SPC_COM_MENU '1';
2018-12-04 05:22:45 EXEC SPC_W002_LST1 '28';
2018-12-04 05:22:45 EXEC SPC_COM_MENU '1';
2018-12-04 05:22:45 EXEC SPC_W002_LST2 '8';
2018-12-04 05:24:03 EXEC SPC_COM_PERMISSION '1','2','w002';
2018-12-04 05:24:03 EXEC SPC_COM_MENU '1';
2018-12-04 05:24:03 EXEC SPC_W002_FND1
2018-12-04 05:24:07 EXEC SPC_COM_MENU '1';
2018-12-04 05:24:07 EXEC SPC_W002_LST1 '28';
2018-12-04 05:24:07 EXEC SPC_COM_MENU '1';
2018-12-04 05:24:07 EXEC SPC_W002_LST2 '8';
2018-12-04 05:24:38 EXEC SPC_COM_PERMISSION '1','2','w002';
2018-12-04 05:24:38 EXEC SPC_COM_MENU '1';
2018-12-04 05:24:38 EXEC SPC_W002_FND1
2018-12-04 05:24:41 EXEC SPC_COM_MENU '1';
2018-12-04 05:24:41 EXEC SPC_W002_LST1 '28';
2018-12-04 05:24:41 EXEC SPC_COM_MENU '1';
2018-12-04 05:24:41 EXEC SPC_W002_LST2 '8';
2018-12-04 05:24:53 EXEC SPC_COM_MENU '1';
2018-12-04 05:24:53 EXEC SPC_w002_ACT1 '28','8','','','ok con dê','<row tag_id="73" is_new="0" /><row tag_id="74" is_new="0" />','<p>best music of the year !!!</p>
','https://www.youtube.com/watch?v=QdXdx9IaakA','','3','','','','ndq809','127.0.0.1';
2018-12-04 05:24:55 EXEC SPC_COM_MENU '1';
2018-12-04 05:24:55 EXEC SPC_W002_LST1 '28';
2018-12-04 05:24:56 EXEC SPC_COM_MENU '1';
2018-12-04 05:24:56 EXEC SPC_W002_LST2 '8';
2018-12-04 05:25:02 EXEC SPC_COM_MENU '1';
2018-12-04 05:25:02 EXEC SPC_W002_LST1 '29';
2018-12-04 05:25:02 EXEC SPC_COM_MENU '1';
2018-12-04 05:25:02 EXEC SPC_W002_LST2 '8';
2018-12-04 05:25:06 EXEC SPC_COM_MENU '1';
2018-12-04 05:25:06 EXEC SPC_w002_ACT1 '29','8','','','facebook video','<row tag_id="75" is_new="0" /><row tag_id="76" is_new="0" />','<p>test facebook video thử coi =))</p>
','https://www.facebook.com/vietfunnyvideo/videos/e78c96b4/1371488622995266/','','4','','','','ndq809','127.0.0.1';
2018-12-04 05:25:07 EXEC SPC_COM_MENU '1';
2018-12-04 05:25:07 EXEC SPC_W002_LST1 '29';
2018-12-04 05:25:08 EXEC SPC_COM_MENU '1';
2018-12-04 05:25:08 EXEC SPC_W002_LST2 '8';
2018-12-04 05:35:56 EXEC SPC_COM_DATA '','','';
2018-12-04 05:36:01 EXEC SPC_COM_DATA '','','';
2018-12-04 05:36:01 EXEC SPC_RELAX_LST1 '','';
2018-12-04 05:36:02 EXEC SPC_COM_DATA '','','';
2018-12-04 05:36:02 EXEC SPC_RELAX_LST2 '','1','7','','';
2018-12-04 05:36:07 EXEC SPC_COM_DATA '','','';
2018-12-04 05:36:07 EXEC SPC_RELAX_ACT2 '26','','127.0.0.1';
2018-12-04 05:36:30 EXEC SPC_COM_DATA '','','';
2018-12-04 05:36:30 EXEC SPC_RELAX_LST1 '26','';
2018-12-04 05:36:31 EXEC SPC_COM_DATA '','','';
2018-12-04 05:36:31 EXEC SPC_RELAX_LST2 '26','1','7','','';
2018-12-04 05:36:36 EXEC SPC_COM_DATA '','','';
2018-12-04 05:36:36 EXEC SPC_RELAX_ACT2 '26','','127.0.0.1';
2018-12-04 05:37:13 EXEC SPC_COM_DATA '','','';
2018-12-04 05:37:13 EXEC SPC_RELAX_LST1 '','';
2018-12-04 05:37:14 EXEC SPC_COM_DATA '','','';
2018-12-04 05:37:14 EXEC SPC_RELAX_LST2 '','1','7','','';
2018-12-04 05:37:19 EXEC SPC_COM_DATA '','','';
2018-12-04 05:37:19 EXEC SPC_RELAX_ACT2 '29','','127.0.0.1';
2018-12-04 05:37:44 EXEC SPC_COM_DATA '','','';
2018-12-04 05:37:44 EXEC SPC_RELAX_ACT2 '29','','127.0.0.1';
2018-12-04 05:38:00 EXEC SPC_COM_DATA '','','';
2018-12-04 05:38:00 EXEC SPC_RELAX_LST1 '29','';
2018-12-04 05:38:01 EXEC SPC_COM_DATA '','','';
2018-12-04 05:38:01 EXEC SPC_RELAX_LST2 '29','1','7','','';
2018-12-04 05:38:30 EXEC SPC_COM_DATA '','','';
2018-12-04 05:38:30 EXEC SPC_RELAX_ACT2 '29','','127.0.0.1';
2018-12-04 05:39:10 EXEC SPC_COM_DATA '','','';
2018-12-04 05:39:10 EXEC SPC_RELAX_LST1 '','';
2018-12-04 05:39:11 EXEC SPC_COM_DATA '','','';
2018-12-04 05:39:11 EXEC SPC_RELAX_LST2 '','1','7','','';
2018-12-04 05:39:18 EXEC SPC_COM_DATA '','','';
2018-12-04 05:39:18 EXEC SPC_RELAX_ACT2 '26','','127.0.0.1';
2018-12-04 05:39:41 EXEC SPC_COM_DATA '','','';
2018-12-04 05:39:41 EXEC SPC_RELAX_LST1 '','';
2018-12-04 05:39:42 EXEC SPC_COM_DATA '','','';
2018-12-04 05:39:42 EXEC SPC_RELAX_LST2 '','1','7','','';
2018-12-04 05:39:50 EXEC SPC_COM_DATA '','','';
2018-12-04 05:39:50 EXEC SPC_RELAX_ACT2 '26','','127.0.0.1';
2018-12-04 05:39:52 EXEC SPC_COM_DATA '','','';
2018-12-04 05:39:52 EXEC SPC_RELAX_LST1 '26','';
2018-12-04 05:39:53 EXEC SPC_COM_DATA '','','';
2018-12-04 05:39:53 EXEC SPC_RELAX_LST2 '26','1','7','','';
2018-12-04 05:39:58 EXEC SPC_COM_DATA '','','';
2018-12-04 05:39:58 EXEC SPC_RELAX_ACT2 '26','','127.0.0.1';
2018-12-04 05:40:01 EXEC SPC_COM_DATA '','','';
2018-12-04 05:40:01 EXEC SPC_RELAX_LST1 '26','';
2018-12-04 05:40:01 EXEC SPC_COM_DATA '','','';
2018-12-04 05:40:01 EXEC SPC_RELAX_LST2 '26','1','7','','';
2018-12-04 05:40:06 EXEC SPC_COM_DATA '','','';
2018-12-04 05:40:06 EXEC SPC_RELAX_LST1 '','';
2018-12-04 05:40:07 EXEC SPC_COM_DATA '','','';
2018-12-04 05:40:07 EXEC SPC_RELAX_LST2 '','1','7','','';
2018-12-04 05:40:12 EXEC SPC_COM_DATA '','','';
2018-12-04 05:40:12 EXEC SPC_RELAX_ACT2 '26','','127.0.0.1';
2018-12-04 05:40:37 EXEC SPC_COM_DATA '','','';
2018-12-04 05:40:37 EXEC SPC_RELAX_LST1 '26','';
2018-12-04 05:40:38 EXEC SPC_COM_DATA '','','';
2018-12-04 05:40:38 EXEC SPC_RELAX_LST2 '26','1','7','','';
2018-12-04 05:40:43 EXEC SPC_COM_DATA '','','';
2018-12-04 05:40:43 EXEC SPC_RELAX_ACT2 '26','','127.0.0.1';
2018-12-04 05:41:06 EXEC SPC_COM_DATA '','','';
2018-12-04 05:41:06 EXEC SPC_RELAX_LST1 '26','';
2018-12-04 05:41:06 EXEC SPC_COM_DATA '','','';
2018-12-04 05:41:06 EXEC SPC_RELAX_LST2 '26','1','7','','';
2018-12-04 05:41:11 EXEC SPC_COM_DATA '','','';
2018-12-04 05:41:11 EXEC SPC_RELAX_ACT2 '26','','127.0.0.1';
2018-12-04 05:58:25 EXEC SPC_COM_DATA '','','';
2018-12-04 05:58:25 EXEC SPC_RELAX_LST1 '','';
2018-12-04 05:58:26 EXEC SPC_COM_DATA '','','';
2018-12-04 05:58:26 EXEC SPC_RELAX_LST2 '','1','7','','';
2018-12-04 05:58:35 EXEC SPC_COM_DATA '','','';
2018-12-04 05:58:35 EXEC SPC_RELAX_LST1 '29','';
2018-12-04 05:58:36 EXEC SPC_COM_DATA '','','';
2018-12-04 05:58:36 EXEC SPC_RELAX_LST2 '29','1','7','','';
2018-12-04 05:58:41 EXEC SPC_COM_DATA '','','';
2018-12-04 05:58:41 EXEC SPC_RELAX_ACT2 '29','','127.0.0.1';
2018-12-04 05:58:59 EXEC SPC_COM_DATA '','','';
2018-12-04 05:58:59 EXEC SPC_RELAX_LST1 '','';
2018-12-04 05:59:00 EXEC SPC_COM_DATA '','','';
2018-12-04 05:59:00 EXEC SPC_RELAX_LST2 '','1','7','','';
2018-12-04 05:59:05 EXEC SPC_COM_DATA '','','';
2018-12-04 05:59:05 EXEC SPC_RELAX_LST1 '28','';
2018-12-04 05:59:06 EXEC SPC_COM_DATA '','','';
2018-12-04 05:59:06 EXEC SPC_RELAX_LST2 '28','1','7','','';
2018-12-04 05:59:11 EXEC SPC_COM_DATA '','','';
2018-12-04 05:59:11 EXEC SPC_RELAX_ACT2 '28','','127.0.0.1';
2018-12-04 06:04:49 EXEC SPC_COM_DATA '','','';
2018-12-04 06:04:49 EXEC SPC_RELAX_LST1 '28','';
2018-12-04 06:04:51 EXEC SPC_COM_DATA '','','';
2018-12-04 06:04:52 EXEC SPC_RELAX_LST2 '28','1','7','','';
2018-12-04 06:04:57 EXEC SPC_COM_DATA '','','';
2018-12-04 06:04:57 EXEC SPC_RELAX_ACT2 '28','','127.0.0.1';
2018-12-04 06:05:07 EXEC SPC_COM_DATA '','','';
2018-12-04 06:05:07 EXEC SPC_RELAX_LST1 '28','';
2018-12-04 06:05:08 EXEC SPC_COM_DATA '','','';
2018-12-04 06:05:08 EXEC SPC_RELAX_LST2 '28','1','7','','';
2018-12-04 06:05:13 EXEC SPC_COM_DATA '','','';
2018-12-04 06:05:13 EXEC SPC_RELAX_ACT2 '28','','127.0.0.1';
2018-12-04 06:05:26 EXEC SPC_COM_DATA '','','';
2018-12-04 06:05:26 EXEC SPC_RELAX_LST1 '','';
2018-12-04 06:05:26 EXEC SPC_COM_DATA '','','';
2018-12-04 06:05:27 EXEC SPC_RELAX_LST2 '','1','7','','';
2018-12-04 06:05:34 EXEC SPC_COM_DATA '','','';
2018-12-04 06:05:34 EXEC SPC_RELAX_ACT2 '28','','127.0.0.1';
2018-12-04 06:06:07 EXEC SPC_COM_DATA '','','';
2018-12-04 06:06:07 EXEC SPC_RELAX_ACT2 '29','','127.0.0.1';
2018-12-04 06:06:21 EXEC SPC_COM_DATA '','','';
2018-12-04 06:06:21 EXEC SPC_RELAX_LST1 '29','';
2018-12-04 06:06:22 EXEC SPC_COM_DATA '','','';
2018-12-04 06:06:22 EXEC SPC_RELAX_LST2 '29','1','7','','';
2018-12-04 06:06:27 EXEC SPC_COM_DATA '','','';
2018-12-04 06:06:27 EXEC SPC_RELAX_ACT2 '29','','127.0.0.1';
2018-12-04 07:26:35 EXEC SPC_COM_DATA '','','';
2018-12-04 07:26:35 EXEC SPC_RELAX_LST1 '','';
2018-12-04 07:26:38 EXEC SPC_COM_DATA '','','';
2018-12-04 07:26:38 EXEC SPC_RELAX_LST2 '','1','7','','';
2018-12-04 07:26:45 EXEC SPC_COM_DATA '','','';
2018-12-04 07:26:45 EXEC SPC_RELAX_ACT2 '29','','127.0.0.1';
2018-12-04 07:26:53 EXEC SPC_COM_DATA '','','';
2018-12-04 07:26:53 EXEC SPC_RELAX_ACT2 '28','','127.0.0.1';
2018-12-04 07:27:02 EXEC SPC_COM_DATA '','','';
2018-12-04 07:27:02 EXEC SPC_RELAX_ACT2 '28','','127.0.0.1';
2018-12-04 07:27:05 EXEC SPC_COM_DATA '','','';
2018-12-04 07:27:05 EXEC SPC_RELAX_LST1 '29','';
2018-12-04 07:27:06 EXEC SPC_COM_DATA '','','';
2018-12-04 07:27:06 EXEC SPC_RELAX_LST2 '29','1','7','','';
2018-12-04 07:27:11 EXEC SPC_COM_DATA '','','';
2018-12-04 07:27:11 EXEC SPC_RELAX_ACT2 '29','','127.0.0.1';
2018-12-04 07:27:18 EXEC SPC_COM_DATA '','','';
2018-12-04 07:27:18 EXEC SPC_RELAX_LST1 '','';
2018-12-04 07:27:18 EXEC SPC_COM_DATA '','','';
2018-12-04 07:27:19 EXEC SPC_RELAX_LST2 '','1','7','','';
2018-12-04 07:27:23 EXEC SPC_COM_DATA '','','';
2018-12-04 07:27:23 EXEC SPC_RELAX_LST1 '28','';
2018-12-04 07:27:24 EXEC SPC_COM_DATA '','','';
2018-12-04 07:27:24 EXEC SPC_RELAX_LST2 '28','1','7','','';
2018-12-04 07:27:29 EXEC SPC_COM_DATA '','','';
2018-12-04 07:27:29 EXEC SPC_RELAX_ACT2 '28','','127.0.0.1';
2018-12-04 07:30:03 EXEC SPC_COM_DATA '','','';
2018-12-04 07:30:03 EXEC SPC_RELAX_LST1 '','';
2018-12-04 07:30:03 EXEC SPC_COM_DATA '','','';
2018-12-04 07:30:03 EXEC SPC_RELAX_LST2 '','1','7','','';
2018-12-04 07:30:10 EXEC SPC_COM_DATA '','','';
2018-12-04 07:30:10 EXEC SPC_RELAX_ACT2 '29','','127.0.0.1';
2018-12-04 07:30:17 EXEC SPC_COM_DATA '','','';
2018-12-04 07:30:17 EXEC SPC_RELAX_LST1 '29','';
2018-12-04 07:30:17 EXEC SPC_COM_DATA '','','';
2018-12-04 07:30:17 EXEC SPC_RELAX_LST2 '29','1','7','','';
2018-12-04 07:30:23 EXEC SPC_COM_DATA '','','';
2018-12-04 07:30:23 EXEC SPC_RELAX_ACT2 '29','','127.0.0.1';
2018-12-04 07:31:26 EXEC SPC_COM_DATA '','','';
2018-12-04 07:31:26 EXEC SPC_RELAX_LST1 '29','';
2018-12-04 07:31:26 EXEC SPC_COM_DATA '','','';
2018-12-04 07:31:26 EXEC SPC_RELAX_LST2 '29','1','7','','';
2018-12-04 07:31:32 EXEC SPC_COM_DATA '','','';
2018-12-04 07:31:32 EXEC SPC_RELAX_ACT2 '29','','127.0.0.1';
2018-12-04 07:31:35 EXEC SPC_COM_DATA '','','';
2018-12-04 07:31:35 EXEC SPC_RELAX_LST1 '','';
2018-12-04 07:31:35 EXEC SPC_COM_DATA '','','';
2018-12-04 07:31:35 EXEC SPC_RELAX_LST2 '','1','7','','';
2018-12-04 07:31:35 EXEC SPC_COM_DATA '','','';
2018-12-04 07:31:36 EXEC SPC_RELAX_LST1 '','';
2018-12-04 07:31:52 EXEC SPC_COM_DATA '','','';
2018-12-04 07:31:52 EXEC SPC_RELAX_ACT2 '28','','127.0.0.1';
2018-12-04 07:32:06 EXEC SPC_COM_DATA '','','';
2018-12-04 07:32:06 EXEC SPC_RELAX_ACT2 '29','','127.0.0.1';
2018-12-04 07:37:01 EXEC SPC_COM_DATA '','','';
2018-12-04 07:37:01 EXEC SPC_RELAX_LST1 '29','';
2018-12-04 07:37:02 EXEC SPC_COM_DATA '','','';
2018-12-04 07:37:02 EXEC SPC_RELAX_LST2 '29','1','7','','';
2018-12-04 07:37:07 EXEC SPC_COM_DATA '','','';
2018-12-04 07:37:07 EXEC SPC_RELAX_ACT2 '29','','127.0.0.1';
2018-12-04 07:37:10 EXEC SPC_COM_DATA '','','';
2018-12-04 07:37:10 EXEC SPC_RELAX_LST1 '','';
2018-12-04 07:37:10 EXEC SPC_COM_DATA '','','';
2018-12-04 07:37:10 EXEC SPC_RELAX_LST2 '','1','7','','';
2018-12-04 07:37:24 EXEC SPC_COM_DATA '','','';
2018-12-04 07:37:24 EXEC SPC_RELAX_ACT2 '29','','127.0.0.1';
2018-12-04 07:40:44 EXEC SPC_COM_DATA '','','';
2018-12-04 07:40:44 EXEC SPC_RELAX_LST1 '29','';
2018-12-04 07:40:45 EXEC SPC_COM_DATA '','','';
2018-12-04 07:40:45 EXEC SPC_RELAX_LST2 '29','1','7','','';
2018-12-04 07:40:58 EXEC SPC_COM_DATA '','','';
2018-12-04 07:40:58 EXEC SPC_RELAX_LST1 '29','';
2018-12-04 07:40:59 EXEC SPC_COM_DATA '','','';
2018-12-04 07:40:59 EXEC SPC_RELAX_LST2 '29','1','7','','';
2018-12-04 07:41:04 EXEC SPC_COM_DATA '','','';
2018-12-04 07:41:04 EXEC SPC_RELAX_ACT2 '29','','127.0.0.1';
2018-12-04 07:41:24 EXEC SPC_COM_DATA '','','';
2018-12-04 07:41:24 EXEC SPC_RELAX_ACT2 '29','','127.0.0.1';
2018-12-04 07:42:01 EXEC SPC_COM_DATA '','','';
2018-12-04 07:42:01 EXEC SPC_RELAX_LST1 '29','';
2018-12-04 07:42:02 EXEC SPC_COM_DATA '','','';
2018-12-04 07:42:02 EXEC SPC_RELAX_LST2 '29','1','7','','';
2018-12-04 07:42:16 EXEC SPC_COM_DATA '','','';
2018-12-04 07:42:16 EXEC SPC_RELAX_LST1 '29','';
2018-12-04 07:42:17 EXEC SPC_COM_DATA '','','';
2018-12-04 07:42:17 EXEC SPC_RELAX_LST2 '29','1','7','','';
2018-12-04 07:42:22 EXEC SPC_COM_DATA '','','';
2018-12-04 07:42:22 EXEC SPC_RELAX_ACT2 '29','','127.0.0.1';
2018-12-04 07:43:17 EXEC SPC_COM_DATA '','','';
2018-12-04 07:43:17 EXEC SPC_RELAX_ACT2 '29','','127.0.0.1';
2018-12-04 07:44:07 EXEC SPC_COM_DATA '','','';
2018-12-04 07:44:07 EXEC SPC_RELAX_LST1 '29','';
2018-12-04 07:44:07 EXEC SPC_COM_DATA '','','';
2018-12-04 07:44:07 EXEC SPC_RELAX_LST2 '29','1','7','','';
2018-12-04 07:44:22 EXEC SPC_COM_DATA '','','';
2018-12-04 07:44:22 EXEC SPC_RELAX_ACT2 '29','','127.0.0.1';
2018-12-04 07:45:15 EXEC SPC_COM_DATA '','','';
2018-12-04 07:45:15 EXEC SPC_RELAX_ACT2 '29','','127.0.0.1';
2018-12-04 07:46:18 EXEC SPC_COM_DATA '','','';
2018-12-04 07:46:18 EXEC SPC_RELAX_LST1 '29','';
2018-12-04 07:46:19 EXEC SPC_COM_DATA '','','';
2018-12-04 07:46:19 EXEC SPC_RELAX_LST2 '29','1','7','','';
2018-12-04 07:46:24 EXEC SPC_COM_DATA '','','';
2018-12-04 07:46:24 EXEC SPC_RELAX_ACT2 '29','','127.0.0.1';
2018-12-04 07:46:47 EXEC SPC_COM_DATA '','','';
2018-12-04 07:46:47 EXEC SPC_RELAX_ACT2 '29','','127.0.0.1';
2018-12-04 07:46:51 EXEC SPC_COM_DATA '','','';
2018-12-04 07:46:51 EXEC SPC_RELAX_LST1 '','';
2018-12-04 07:46:52 EXEC SPC_COM_DATA '','','';
2018-12-04 07:46:52 EXEC SPC_RELAX_LST2 '','1','7','','';
2018-12-04 07:47:07 EXEC SPC_COM_DATA '','','';
2018-12-04 07:47:07 EXEC SPC_RELAX_LST1 '29','';
2018-12-04 07:47:08 EXEC SPC_COM_DATA '','','';
2018-12-04 07:47:08 EXEC SPC_RELAX_LST2 '29','1','7','','';
2018-12-04 07:47:24 EXEC SPC_COM_DATA '','','';
2018-12-04 07:47:24 EXEC SPC_RELAX_ACT2 '29','','127.0.0.1';
2018-12-04 07:47:42 EXEC SPC_COM_DATA '','','';
2018-12-04 07:47:42 EXEC SPC_RELAX_LST1 '29','';
2018-12-04 07:47:42 EXEC SPC_COM_DATA '','','';
2018-12-04 07:47:42 EXEC SPC_RELAX_LST2 '29','1','7','','';
2018-12-04 07:47:48 EXEC SPC_COM_DATA '','','';
2018-12-04 07:47:48 EXEC SPC_RELAX_ACT2 '29','','127.0.0.1';
2018-12-04 07:48:11 EXEC SPC_COM_DATA '','','';
2018-12-04 07:48:11 EXEC SPC_RELAX_ACT2 '29','','127.0.0.1';
2018-12-04 07:48:17 EXEC SPC_COM_DATA '','','';
2018-12-04 07:48:17 EXEC SPC_RELAX_LST1 '29','';
2018-12-04 07:48:18 EXEC SPC_COM_DATA '','','';
2018-12-04 07:48:18 EXEC SPC_RELAX_LST2 '29','1','7','','';
2018-12-04 07:48:23 EXEC SPC_COM_DATA '','','';
2018-12-04 07:48:23 EXEC SPC_RELAX_ACT2 '29','','127.0.0.1';
2018-12-04 07:48:52 EXEC SPC_COM_DATA '','','';
2018-12-04 07:48:53 EXEC SPC_RELAX_ACT2 '29','','127.0.0.1';
2018-12-04 07:49:58 EXEC SPC_COM_DATA '','','';
2018-12-04 07:49:58 EXEC SPC_RELAX_LST1 '29','';
2018-12-04 07:49:59 EXEC SPC_COM_DATA '','','';
2018-12-04 07:49:59 EXEC SPC_RELAX_LST2 '29','1','7','','';
2018-12-04 07:50:04 EXEC SPC_COM_DATA '','','';
2018-12-04 07:50:04 EXEC SPC_RELAX_ACT2 '29','','127.0.0.1';
2018-12-04 07:50:29 EXEC SPC_COM_DATA '','','';
2018-12-04 07:50:29 EXEC SPC_RELAX_LST1 '29','';
2018-12-04 07:50:29 EXEC SPC_COM_DATA '','','';
2018-12-04 07:50:30 EXEC SPC_RELAX_LST2 '29','1','7','','';
2018-12-04 07:50:46 EXEC SPC_COM_DATA '','','';
2018-12-04 07:50:46 EXEC SPC_RELAX_ACT2 '29','','127.0.0.1';
2018-12-04 07:51:07 EXEC SPC_COM_DATA '','','';
2018-12-04 07:51:07 EXEC SPC_RELAX_LST1 '29','';
2018-12-04 07:51:08 EXEC SPC_COM_DATA '','','';
2018-12-04 07:51:08 EXEC SPC_RELAX_LST2 '29','1','7','','';
2018-12-04 07:51:25 EXEC SPC_COM_DATA '','','';
2018-12-04 07:51:25 EXEC SPC_RELAX_ACT2 '29','','127.0.0.1';
2018-12-04 07:51:36 EXEC SPC_COM_DATA '','','';
2018-12-04 07:51:36 EXEC SPC_RELAX_ACT2 '29','','127.0.0.1';
2018-12-04 07:51:42 EXEC SPC_COM_DATA '','','';
2018-12-04 07:51:42 EXEC SPC_RELAX_LST1 '29','';
2018-12-04 07:51:43 EXEC SPC_COM_DATA '','','';
2018-12-04 07:51:43 EXEC SPC_RELAX_LST2 '29','1','7','','';
2018-12-04 07:51:48 EXEC SPC_COM_DATA '','','';
2018-12-04 07:51:48 EXEC SPC_RELAX_LST1 '29','';
2018-12-04 07:51:49 EXEC SPC_COM_DATA '','','';
2018-12-04 07:51:49 EXEC SPC_RELAX_LST2 '29','1','7','','';
2018-12-04 07:51:54 EXEC SPC_COM_DATA '','','';
2018-12-04 07:51:54 EXEC SPC_RELAX_ACT2 '29','','127.0.0.1';
2018-12-04 07:56:42 EXEC SPC_COM_DATA '','','';
2018-12-04 07:56:42 EXEC SPC_RELAX_LST1 '29','';
2018-12-04 07:56:43 EXEC SPC_COM_DATA '','','';
2018-12-04 07:56:43 EXEC SPC_RELAX_LST2 '29','1','7','','';
2018-12-04 07:56:48 EXEC SPC_COM_DATA '','','';
2018-12-04 07:56:48 EXEC SPC_RELAX_ACT2 '29','','127.0.0.1';
2018-12-04 07:57:14 EXEC SPC_COM_DATA '','','';
2018-12-04 07:57:14 EXEC SPC_RELAX_LST1 '29','';
2018-12-04 07:57:15 EXEC SPC_COM_DATA '','','';
2018-12-04 07:57:15 EXEC SPC_RELAX_LST2 '29','1','7','','';
2018-12-04 07:57:20 EXEC SPC_COM_DATA '','','';
2018-12-04 07:57:20 EXEC SPC_RELAX_ACT2 '29','','127.0.0.1';
2018-12-04 07:57:59 EXEC SPC_COM_DATA '','','';
2018-12-04 07:57:59 EXEC SPC_RELAX_LST1 '29','';
2018-12-04 07:58:00 EXEC SPC_COM_DATA '','','';
2018-12-04 07:58:00 EXEC SPC_RELAX_LST2 '29','1','7','','';
2018-12-04 07:58:05 EXEC SPC_COM_DATA '','','';
2018-12-04 07:58:05 EXEC SPC_RELAX_ACT2 '29','','127.0.0.1';
2018-12-04 08:01:31 EXEC SPC_COM_DATA '','','';
2018-12-04 08:01:31 EXEC SPC_RELAX_LST1 '29','';
2018-12-04 08:01:31 EXEC SPC_COM_DATA '','','';
2018-12-04 08:01:31 EXEC SPC_RELAX_LST2 '29','1','7','','';
2018-12-04 08:01:37 EXEC SPC_COM_DATA '','','';
2018-12-04 08:01:37 EXEC SPC_RELAX_ACT2 '29','','127.0.0.1';
2018-12-04 08:04:02 EXEC SPC_COM_DATA '','','';
2018-12-04 08:04:02 EXEC SPC_RELAX_ACT2 '29','','127.0.0.1';
2018-12-04 08:04:19 EXEC SPC_COM_DATA '','','';
2018-12-04 08:04:19 EXEC SPC_RELAX_LST1 '29','';
2018-12-04 08:04:20 EXEC SPC_COM_DATA '','','';
2018-12-04 08:04:20 EXEC SPC_RELAX_LST2 '29','1','7','','';
2018-12-04 08:04:25 EXEC SPC_COM_DATA '','','';
2018-12-04 08:04:26 EXEC SPC_RELAX_ACT2 '29','','127.0.0.1';
2018-12-04 08:04:32 EXEC SPC_COM_DATA '','','';
2018-12-04 08:04:32 EXEC SPC_RELAX_LST1 '29','';
2018-12-04 08:04:33 EXEC SPC_COM_DATA '','','';
2018-12-04 08:04:33 EXEC SPC_RELAX_LST2 '29','1','7','','';
2018-12-04 08:04:39 EXEC SPC_COM_DATA '','','';
2018-12-04 08:04:39 EXEC SPC_RELAX_ACT2 '29','','127.0.0.1';
2018-12-04 08:05:11 EXEC SPC_COM_DATA '','','';
2018-12-04 08:05:11 EXEC SPC_RELAX_LST1 '29','';
2018-12-04 08:05:11 EXEC SPC_COM_DATA '','','';
2018-12-04 08:05:11 EXEC SPC_RELAX_LST2 '29','1','7','','';
2018-12-04 08:05:17 EXEC SPC_COM_DATA '','','';
2018-12-04 08:05:17 EXEC SPC_RELAX_ACT2 '29','','127.0.0.1';
2018-12-04 08:05:18 EXEC SPC_COM_DATA '','','';
2018-12-04 08:05:18 EXEC SPC_RELAX_LST1 '29','';
2018-12-04 08:05:18 EXEC SPC_COM_DATA '','','';
2018-12-04 08:05:19 EXEC SPC_RELAX_LST2 '29','1','7','','';
2018-12-04 08:05:24 EXEC SPC_COM_DATA '','','';
2018-12-04 08:05:24 EXEC SPC_RELAX_ACT2 '29','','127.0.0.1';
2018-12-04 08:05:53 EXEC SPC_COM_DATA '','','';
2018-12-04 08:05:53 EXEC SPC_RELAX_LST1 '29','';
2018-12-04 08:05:54 EXEC SPC_COM_DATA '','','';
2018-12-04 08:05:54 EXEC SPC_RELAX_LST2 '29','1','7','','';
2018-12-04 08:05:59 EXEC SPC_COM_DATA '','','';
2018-12-04 08:05:59 EXEC SPC_RELAX_ACT2 '29','','127.0.0.1';
2018-12-04 08:06:40 EXEC SPC_COM_DATA '','','';
2018-12-04 08:06:40 EXEC SPC_RELAX_LST1 '29','';
2018-12-04 08:06:41 EXEC SPC_COM_DATA '','','';
2018-12-04 08:06:41 EXEC SPC_RELAX_LST2 '29','1','7','','';
2018-12-04 08:06:46 EXEC SPC_COM_DATA '','','';
2018-12-04 08:06:46 EXEC SPC_RELAX_ACT2 '29','','127.0.0.1';
2018-12-04 08:07:12 EXEC SPC_COM_DATA '','','';
2018-12-04 08:07:12 EXEC SPC_RELAX_ACT2 '29','','127.0.0.1';
2018-12-04 08:09:31 EXEC SPC_COM_DATA '','','';
2018-12-04 08:09:31 EXEC SPC_RELAX_LST1 '29','';
2018-12-04 08:09:32 EXEC SPC_COM_DATA '','','';
2018-12-04 08:09:32 EXEC SPC_RELAX_LST2 '29','1','7','','';
2018-12-04 08:09:37 EXEC SPC_COM_DATA '','','';
2018-12-04 08:09:37 EXEC SPC_RELAX_ACT2 '29','','127.0.0.1';
2018-12-04 08:10:05 EXEC SPC_COM_DATA '','','';
2018-12-04 08:10:05 EXEC SPC_RELAX_ACT2 '29','','127.0.0.1';
2018-12-04 08:13:34 EXEC SPC_COM_DATA '','','';
2018-12-04 08:13:34 EXEC SPC_RELAX_LST1 '29','';
2018-12-04 08:13:35 EXEC SPC_COM_DATA '','','';
2018-12-04 08:13:35 EXEC SPC_RELAX_LST2 '29','1','7','','';
2018-12-04 08:16:14 EXEC SPC_COM_DATA '','','';
2018-12-04 08:16:14 EXEC SPC_RELAX_ACT2 '29','','127.0.0.1';
2018-12-04 08:16:30 EXEC SPC_COM_DATA '','','';
2018-12-04 08:16:30 EXEC SPC_RELAX_LST1 '29','';
2018-12-04 08:16:31 EXEC SPC_COM_DATA '','','';
2018-12-04 08:16:31 EXEC SPC_RELAX_LST2 '29','1','7','','';
2018-12-04 08:18:33 EXEC SPC_COM_DATA '','','';
2018-12-04 08:18:33 EXEC SPC_RELAX_ACT2 '29','','127.0.0.1';
2018-12-04 08:22:08 EXEC SPC_COM_DATA '','','';
2018-12-04 08:22:08 EXEC SPC_RELAX_LST1 '29','';
2018-12-04 08:22:09 EXEC SPC_COM_DATA '','','';
2018-12-04 08:22:09 EXEC SPC_RELAX_LST2 '29','1','7','','';
2018-12-04 08:22:24 EXEC SPC_COM_DATA '','','';
2018-12-04 08:22:24 EXEC SPC_RELAX_ACT2 '29','','127.0.0.1';
2018-12-04 08:23:50 EXEC SPC_COM_DATA '','','';
2018-12-04 08:23:50 EXEC SPC_RELAX_LST1 '29','';
2018-12-04 08:23:51 EXEC SPC_COM_DATA '','','';
2018-12-04 08:23:51 EXEC SPC_RELAX_LST2 '29','1','7','','';
2018-12-04 08:24:19 EXEC SPC_COM_DATA '','','';
2018-12-04 08:24:20 EXEC SPC_RELAX_ACT2 '29','','127.0.0.1';
2018-12-04 08:24:25 EXEC SPC_COM_DATA '','','';
2018-12-04 08:24:25 EXEC SPC_RELAX_LST1 '','';
2018-12-04 08:24:26 EXEC SPC_COM_DATA '','','';
2018-12-04 08:24:26 EXEC SPC_RELAX_LST2 '','1','7','','';
2018-12-04 08:24:49 EXEC SPC_COM_DATA '','','';
2018-12-04 08:24:49 EXEC SPC_RELAX_ACT2 '29','','127.0.0.1';
2018-12-04 08:25:24 EXEC SPC_COM_DATA '','','';
2018-12-04 08:25:24 EXEC SPC_RELAX_ACT2 '29','','127.0.0.1';
2018-12-04 08:25:45 EXEC SPC_COM_DATA '','','';
2018-12-04 08:25:45 EXEC SPC_RELAX_ACT2 '29','','127.0.0.1';
2018-12-04 08:25:45 EXEC SPC_COM_DATA '','','';
2018-12-04 08:25:45 EXEC SPC_RELAX_LST1 '29','';
2018-12-04 08:25:45 EXEC SPC_COM_DATA '','','';
2018-12-04 08:25:45 EXEC SPC_RELAX_LST2 '29','1','7','','';
2018-12-04 08:25:51 EXEC SPC_COM_DATA '','','';
2018-12-04 08:25:51 EXEC SPC_RELAX_ACT2 '29','','127.0.0.1';
2018-12-04 08:28:12 EXEC SPC_COM_DATA '','','';
2018-12-04 08:28:12 EXEC SPC_RELAX_LST1 '29','';
2018-12-04 08:28:12 EXEC SPC_COM_DATA '','','';
2018-12-04 08:28:12 EXEC SPC_RELAX_LST2 '29','1','7','','';
2018-12-04 08:28:18 EXEC SPC_COM_DATA '','','';
2018-12-04 08:28:18 EXEC SPC_RELAX_ACT2 '29','','127.0.0.1';
2018-12-04 08:29:15 EXEC SPC_COM_DATA '','','';
2018-12-04 08:29:15 EXEC SPC_RELAX_LST1 '29','';
2018-12-04 08:29:15 EXEC SPC_COM_DATA '','','';
2018-12-04 08:29:15 EXEC SPC_RELAX_LST2 '29','1','7','','';
2018-12-04 08:29:21 EXEC SPC_COM_DATA '','','';
2018-12-04 08:29:21 EXEC SPC_RELAX_ACT2 '29','','127.0.0.1';
2018-12-04 08:30:01 EXEC SPC_COM_DATA '','','';
2018-12-04 08:30:01 EXEC SPC_RELAX_LST1 '29','';
2018-12-04 08:30:02 EXEC SPC_COM_DATA '','','';
2018-12-04 08:30:02 EXEC SPC_RELAX_LST2 '29','1','7','','';
2018-12-04 08:30:07 EXEC SPC_COM_DATA '','','';
2018-12-04 08:30:08 EXEC SPC_RELAX_ACT2 '29','','127.0.0.1';
2018-12-04 08:30:30 EXEC SPC_COM_DATA '','','';
2018-12-04 08:30:30 EXEC SPC_RELAX_ACT2 '29','','127.0.0.1';
2018-12-04 08:30:47 EXEC SPC_COM_DATA '','','';
2018-12-04 08:30:47 EXEC SPC_RELAX_LST1 '29','';
2018-12-04 08:30:47 EXEC SPC_COM_DATA '','','';
2018-12-04 08:30:47 EXEC SPC_RELAX_LST2 '29','1','7','','';
2018-12-04 08:30:53 EXEC SPC_COM_DATA '','','';
2018-12-04 08:30:53 EXEC SPC_RELAX_ACT2 '29','','127.0.0.1';
2018-12-04 08:31:01 EXEC SPC_COM_DATA '','','';
2018-12-04 08:31:01 EXEC SPC_RELAX_LST1 '29','';
2018-12-04 08:31:01 EXEC SPC_COM_DATA '','','';
2018-12-04 08:31:01 EXEC SPC_RELAX_LST2 '29','1','7','','';
2018-12-04 08:31:07 EXEC SPC_COM_DATA '','','';
2018-12-04 08:31:07 EXEC SPC_RELAX_ACT2 '29','','127.0.0.1';
2018-12-04 08:31:28 EXEC SPC_COM_DATA '','','';
2018-12-04 08:31:28 EXEC SPC_RELAX_LST1 '29','';
2018-12-04 08:31:29 EXEC SPC_COM_DATA '','','';
2018-12-04 08:31:29 EXEC SPC_RELAX_LST2 '29','1','7','','';
2018-12-04 08:31:34 EXEC SPC_COM_DATA '','','';
2018-12-04 08:31:34 EXEC SPC_RELAX_ACT2 '29','','127.0.0.1';
2018-12-04 08:31:51 EXEC SPC_COM_DATA '','','';
2018-12-04 08:31:51 EXEC SPC_RELAX_LST1 '29','';
2018-12-04 08:31:52 EXEC SPC_COM_DATA '','','';
2018-12-04 08:31:52 EXEC SPC_RELAX_LST2 '29','1','7','','';
2018-12-04 08:31:57 EXEC SPC_COM_DATA '','','';
2018-12-04 08:31:57 EXEC SPC_RELAX_ACT2 '29','','127.0.0.1';
2018-12-04 08:32:17 EXEC SPC_COM_DATA '','','';
2018-12-04 08:32:17 EXEC SPC_RELAX_ACT2 '29','','127.0.0.1';
2018-12-04 08:36:36 EXEC SPC_COM_DATA '','','';
2018-12-04 08:36:36 EXEC SPC_RELAX_LST1 '29','';
2018-12-04 08:36:37 EXEC SPC_COM_DATA '','','';
2018-12-04 08:36:37 EXEC SPC_RELAX_LST2 '29','1','7','','';
2018-12-04 08:36:42 EXEC SPC_COM_DATA '','','';
2018-12-04 08:36:42 EXEC SPC_RELAX_ACT2 '29','','127.0.0.1';
2018-12-04 08:36:53 EXEC SPC_COM_DATA '','','';
2018-12-04 08:36:53 EXEC SPC_RELAX_ACT2 '29','','127.0.0.1';
2018-12-04 08:37:09 EXEC SPC_COM_DATA '','','';
2018-12-04 08:37:09 EXEC SPC_RELAX_LST1 '29','';
2018-12-04 08:37:10 EXEC SPC_COM_DATA '','','';
2018-12-04 08:37:10 EXEC SPC_RELAX_LST2 '29','1','7','','';
2018-12-04 08:37:15 EXEC SPC_COM_DATA '','','';
2018-12-04 08:37:15 EXEC SPC_RELAX_ACT2 '29','','127.0.0.1';
2018-12-04 08:37:27 EXEC SPC_COM_DATA '','','';
2018-12-04 08:37:27 EXEC SPC_RELAX_ACT2 '29','','127.0.0.1';
2018-12-04 08:38:31 EXEC SPC_COM_DATA '','','';
2018-12-04 08:38:31 EXEC SPC_RELAX_LST1 '29','';
2018-12-04 08:38:31 EXEC SPC_COM_DATA '','','';
2018-12-04 08:38:31 EXEC SPC_RELAX_LST2 '29','1','7','','';
2018-12-04 08:38:47 EXEC SPC_COM_DATA '','','';
2018-12-04 08:38:47 EXEC SPC_RELAX_ACT2 '29','','127.0.0.1';
2018-12-04 08:38:56 EXEC SPC_COM_DATA '','','';
2018-12-04 08:38:56 EXEC SPC_RELAX_LST1 '29','';
2018-12-04 08:38:56 EXEC SPC_COM_DATA '','','';
2018-12-04 08:38:57 EXEC SPC_RELAX_LST2 '29','1','7','','';
2018-12-04 08:39:02 EXEC SPC_COM_DATA '','','';
2018-12-04 08:39:02 EXEC SPC_RELAX_ACT2 '29','','127.0.0.1';
2018-12-04 08:39:28 EXEC SPC_COM_DATA '','','';
2018-12-04 08:39:28 EXEC SPC_RELAX_ACT2 '29','','127.0.0.1';
2018-12-04 08:39:49 EXEC SPC_COM_DATA '','','';
2018-12-04 08:39:49 EXEC SPC_RELAX_LST1 '29','';
2018-12-04 08:39:50 EXEC SPC_COM_DATA '','','';
2018-12-04 08:39:50 EXEC SPC_RELAX_LST2 '29','1','7','','';
2018-12-04 08:39:55 EXEC SPC_COM_DATA '','','';
2018-12-04 08:39:55 EXEC SPC_RELAX_ACT2 '29','','127.0.0.1';
2018-12-04 08:40:16 EXEC SPC_COM_DATA '','','';
2018-12-04 08:40:16 EXEC SPC_RELAX_LST1 '29','';
2018-12-04 08:40:17 EXEC SPC_COM_DATA '','','';
2018-12-04 08:40:17 EXEC SPC_RELAX_LST2 '29','1','7','','';
2018-12-04 08:40:22 EXEC SPC_COM_DATA '','','';
2018-12-04 08:40:22 EXEC SPC_RELAX_ACT2 '29','','127.0.0.1';
2018-12-04 08:40:50 EXEC SPC_COM_DATA '','','';
2018-12-04 08:40:50 EXEC SPC_RELAX_LST1 '29','';
2018-12-04 08:40:51 EXEC SPC_COM_DATA '','','';
2018-12-04 08:40:51 EXEC SPC_RELAX_LST2 '29','1','7','','';
2018-12-04 08:40:56 EXEC SPC_COM_DATA '','','';
2018-12-04 08:40:56 EXEC SPC_RELAX_ACT2 '29','','127.0.0.1';
2018-12-04 08:43:30 EXEC SPC_COM_DATA '','','';
2018-12-04 08:43:30 EXEC SPC_RELAX_LST1 '29','';
2018-12-04 08:43:30 EXEC SPC_COM_DATA '','','';
2018-12-04 08:43:30 EXEC SPC_RELAX_LST2 '29','1','7','','';
2018-12-04 08:43:36 EXEC SPC_COM_DATA '','','';
2018-12-04 08:43:36 EXEC SPC_RELAX_ACT2 '29','','127.0.0.1';
2018-12-04 08:43:55 EXEC SPC_COM_DATA '','','';
2018-12-04 08:43:55 EXEC SPC_RELAX_ACT2 '29','','127.0.0.1';
2018-12-04 08:44:25 EXEC SPC_COM_DATA '','','';
2018-12-04 08:44:25 EXEC SPC_RELAX_ACT2 '29','','127.0.0.1';
2018-12-04 08:44:44 EXEC SPC_COM_DATA '','','';
2018-12-04 08:44:44 EXEC SPC_RELAX_LST1 '29','';
2018-12-04 08:44:45 EXEC SPC_COM_DATA '','','';
2018-12-04 08:44:45 EXEC SPC_RELAX_LST2 '29','1','7','','';
2018-12-04 08:44:50 EXEC SPC_COM_DATA '','','';
2018-12-04 08:44:50 EXEC SPC_RELAX_ACT2 '29','','127.0.0.1';
2018-12-04 08:45:03 EXEC SPC_COM_DATA '','','';
2018-12-04 08:45:03 EXEC SPC_RELAX_ACT2 '29','','127.0.0.1';
2018-12-04 08:45:22 EXEC SPC_COM_DATA '','','';
2018-12-04 08:45:22 EXEC SPC_RELAX_ACT2 '29','','127.0.0.1';
2018-12-04 08:47:01 EXEC SPC_COM_DATA '','','';
2018-12-04 08:47:01 EXEC SPC_RELAX_LST1 '29','';
2018-12-04 08:47:02 EXEC SPC_COM_DATA '','','';
2018-12-04 08:47:02 EXEC SPC_RELAX_LST2 '29','1','7','','';
2018-12-04 08:47:07 EXEC SPC_COM_DATA '','','';
2018-12-04 08:47:07 EXEC SPC_RELAX_ACT2 '29','','127.0.0.1';
2018-12-04 08:52:34 EXEC SPC_COM_DATA '','','';
2018-12-04 08:52:34 EXEC SPC_RELAX_LST1 '29','';
2018-12-04 08:52:35 EXEC SPC_COM_DATA '','','';
2018-12-04 08:52:35 EXEC SPC_RELAX_LST2 '29','1','7','','';
2018-12-04 08:52:41 EXEC SPC_COM_DATA '','','';
2018-12-04 08:52:41 EXEC SPC_RELAX_ACT2 '29','','127.0.0.1';
2018-12-04 08:52:52 EXEC SPC_COM_DATA '','','';
2018-12-04 08:52:52 EXEC SPC_RELAX_ACT2 '29','','127.0.0.1';
2018-12-04 08:55:43 EXEC SPC_COM_DATA '','','';
2018-12-04 08:55:43 EXEC SPC_RELAX_LST1 '29','';
2018-12-04 08:55:44 EXEC SPC_COM_DATA '','','';
2018-12-04 08:55:44 EXEC SPC_RELAX_LST2 '29','1','7','','';
2018-12-04 08:55:49 EXEC SPC_COM_DATA '','','';
2018-12-04 08:55:49 EXEC SPC_RELAX_ACT2 '29','','127.0.0.1';
2018-12-04 08:56:09 EXEC SPC_COM_DATA '','','';
2018-12-04 08:56:09 EXEC SPC_RELAX_ACT2 '29','','127.0.0.1';
2018-12-04 08:56:54 EXEC SPC_COM_DATA '','','';
2018-12-04 08:56:54 EXEC SPC_RELAX_LST1 '29','';
2018-12-04 08:56:55 EXEC SPC_COM_DATA '','','';
2018-12-04 08:56:55 EXEC SPC_RELAX_LST2 '29','1','7','','';
2018-12-04 08:56:56 EXEC SPC_COM_DATA '','','';
2018-12-04 08:56:56 EXEC SPC_RELAX_LST1 '','';
2018-12-04 08:56:57 EXEC SPC_COM_DATA '','','';
2018-12-04 08:56:57 EXEC SPC_RELAX_LST2 '','1','7','','';
2018-12-04 08:57:04 EXEC SPC_COM_DATA '','','';
2018-12-04 08:57:04 EXEC SPC_RELAX_ACT2 '29','','127.0.0.1';
2018-12-04 08:57:09 EXEC SPC_COM_DATA '','','';
2018-12-04 08:57:09 EXEC SPC_RELAX_ACT2 '28','','127.0.0.1';
2018-12-04 08:57:30 EXEC SPC_COM_DATA '','','';
2018-12-04 08:57:30 EXEC SPC_RELAX_ACT2 '28','','127.0.0.1';
2018-12-04 08:58:27 EXEC SPC_COM_DATA '','','';
2018-12-04 08:58:28 EXEC SPC_RELAX_LST1 '28','';
2018-12-04 08:58:28 EXEC SPC_COM_DATA '','','';
2018-12-04 08:58:28 EXEC SPC_RELAX_LST2 '28','1','7','','';
2018-12-04 08:58:34 EXEC SPC_COM_DATA '','','';
2018-12-04 08:58:34 EXEC SPC_RELAX_ACT2 '28','','127.0.0.1';
2018-12-04 08:59:51 EXEC SPC_COM_DATA '','','';
2018-12-04 08:59:51 EXEC SPC_RELAX_ACT2 '28','','127.0.0.1';
2018-12-04 08:59:58 EXEC SPC_COM_DATA '','','';
2018-12-04 08:59:58 EXEC SPC_RELAX_LST1 '','';
2018-12-04 08:59:59 EXEC SPC_COM_DATA '','','';
2018-12-04 08:59:59 EXEC SPC_RELAX_LST2 '','1','7','','';
2018-12-04 09:00:11 EXEC SPC_COM_DATA '','','';
2018-12-04 09:00:11 EXEC SPC_RELAX_ACT2 '29','','127.0.0.1';
2018-12-04 09:01:28 EXEC SPC_COM_DATA '','','';
2018-12-04 09:01:28 EXEC SPC_RELAX_LST1 '29','';
2018-12-04 09:01:29 EXEC SPC_COM_DATA '','','';
2018-12-04 09:01:29 EXEC SPC_RELAX_LST2 '29','1','7','','';
2018-12-04 09:01:34 EXEC SPC_COM_DATA '','','';
2018-12-04 09:01:34 EXEC SPC_RELAX_LST1 '','';
2018-12-04 09:01:34 EXEC SPC_COM_DATA '','','';
2018-12-04 09:01:35 EXEC SPC_RELAX_LST2 '','1','7','','';
2018-12-04 09:01:45 EXEC SPC_COM_DATA '','','';
2018-12-04 09:01:45 EXEC SPC_RELAX_ACT2 '28','','127.0.0.1';
2018-12-04 09:02:21 EXEC SPC_COM_DATA '','','';
2018-12-04 09:02:21 EXEC SPC_RELAX_LST1 '28','';
2018-12-04 09:02:22 EXEC SPC_COM_DATA '','','';
2018-12-04 09:02:22 EXEC SPC_RELAX_LST2 '28','1','7','','';
2018-12-04 09:02:27 EXEC SPC_COM_DATA '','','';
2018-12-04 09:02:27 EXEC SPC_RELAX_ACT2 '28','','127.0.0.1';
2018-12-04 09:03:18 EXEC SPC_COM_DATA '','','';
2018-12-04 09:03:18 EXEC SPC_RELAX_LST1 '28','';
2018-12-04 09:03:19 EXEC SPC_COM_DATA '','','';
2018-12-04 09:03:19 EXEC SPC_RELAX_LST2 '28','1','7','','';
2018-12-04 09:03:24 EXEC SPC_COM_DATA '','','';
2018-12-04 09:03:24 EXEC SPC_RELAX_ACT2 '28','','127.0.0.1';
2018-12-04 09:03:32 EXEC SPC_COM_DATA '','','';
2018-12-04 09:03:32 EXEC SPC_RELAX_LST1 '','';
2018-12-04 09:03:33 EXEC SPC_COM_DATA '','','';
2018-12-04 09:03:33 EXEC SPC_RELAX_LST2 '','1','7','','';
2018-12-04 09:03:43 EXEC SPC_COM_DATA '','','';
2018-12-04 09:03:43 EXEC SPC_RELAX_ACT2 '29','','127.0.0.1';
2018-12-04 09:04:11 EXEC SPC_COM_DATA '','','';
2018-12-04 09:04:11 EXEC SPC_RELAX_LST1 '29','';
2018-12-04 09:04:12 EXEC SPC_COM_DATA '','','';
2018-12-04 09:04:12 EXEC SPC_RELAX_LST2 '29','1','7','','';
2018-12-04 09:04:17 EXEC SPC_COM_DATA '','','';
2018-12-04 09:04:17 EXEC SPC_RELAX_ACT2 '29','','127.0.0.1';
2018-12-04 09:04:18 EXEC SPC_COM_DATA '','','';
2018-12-04 09:04:18 EXEC SPC_RELAX_LST1 '','';
2018-12-04 09:04:19 EXEC SPC_COM_DATA '','','';
2018-12-04 09:04:19 EXEC SPC_RELAX_LST2 '','1','7','','';
2018-12-04 09:04:29 EXEC SPC_COM_DATA '','','';
2018-12-04 09:04:29 EXEC SPC_RELAX_ACT2 '29','','127.0.0.1';
2018-12-04 09:04:38 EXEC SPC_COM_DATA '','','';
2018-12-04 09:04:39 EXEC SPC_RELAX_ACT2 '29','','127.0.0.1';
2018-12-04 09:04:46 EXEC SPC_COM_DATA '','','';
2018-12-04 09:04:46 EXEC SPC_RELAX_ACT2 '28','','127.0.0.1';
2018-12-04 09:05:23 EXEC SPC_COM_DATA '','','';
2018-12-04 09:05:23 EXEC SPC_RELAX_LST1 '28','';
2018-12-04 09:05:24 EXEC SPC_COM_DATA '','','';
2018-12-04 09:05:24 EXEC SPC_RELAX_LST2 '28','1','7','','';
2018-12-04 09:05:29 EXEC SPC_COM_DATA '','','';
2018-12-04 09:05:29 EXEC SPC_RELAX_ACT2 '28','','127.0.0.1';
2018-12-04 09:06:36 EXEC SPC_COM_DATA '','','';
2018-12-04 09:06:36 EXEC SPC_RELAX_LST1 '28','';
2018-12-04 09:06:36 EXEC SPC_COM_DATA '','','';
2018-12-04 09:06:36 EXEC SPC_RELAX_LST2 '28','1','7','','';
2018-12-04 09:06:42 EXEC SPC_COM_DATA '','','';
2018-12-04 09:06:42 EXEC SPC_RELAX_ACT2 '28','','127.0.0.1';
2018-12-04 09:10:44 EXEC SPC_COM_DATA '','','';
2018-12-04 09:10:44 EXEC SPC_RELAX_LST1 '28','';
2018-12-04 09:10:45 EXEC SPC_COM_DATA '','','';
2018-12-04 09:10:45 EXEC SPC_RELAX_LST2 '28','1','7','','';
2018-12-04 09:10:50 EXEC SPC_COM_DATA '','','';
2018-12-04 09:10:50 EXEC SPC_RELAX_ACT2 '28','','127.0.0.1';
2018-12-04 09:11:39 EXEC SPC_COM_DATA '','','';
2018-12-04 09:11:39 EXEC SPC_RELAX_LST1 '28','';
2018-12-04 09:11:40 EXEC SPC_COM_DATA '','','';
2018-12-04 09:11:40 EXEC SPC_RELAX_LST2 '28','1','7','','';
2018-12-04 09:11:45 EXEC SPC_COM_DATA '','','';
2018-12-04 09:11:45 EXEC SPC_RELAX_ACT2 '28','','127.0.0.1';
2018-12-04 09:13:17 EXEC SPC_COM_DATA '','','';
2018-12-04 09:13:17 EXEC SPC_RELAX_LST1 '28','';
2018-12-04 09:13:18 EXEC SPC_COM_DATA '','','';
2018-12-04 09:13:18 EXEC SPC_RELAX_LST2 '28','1','7','','';
2018-12-04 09:13:23 EXEC SPC_COM_DATA '','','';
2018-12-04 09:13:23 EXEC SPC_RELAX_ACT2 '28','','127.0.0.1';
2018-12-04 09:14:15 EXEC SPC_COM_DATA '','','';
2018-12-04 09:14:15 EXEC SPC_RELAX_LST1 '28','';
2018-12-04 09:14:16 EXEC SPC_COM_DATA '','','';
2018-12-04 09:14:16 EXEC SPC_RELAX_LST2 '28','1','7','','';
2018-12-04 09:14:22 EXEC SPC_COM_DATA '','','';
2018-12-04 09:14:22 EXEC SPC_RELAX_ACT2 '28','','127.0.0.1';
2018-12-04 09:14:41 EXEC SPC_COM_DATA '','','';
2018-12-04 09:14:41 EXEC SPC_RELAX_LST1 '28','';
2018-12-04 09:14:42 EXEC SPC_COM_DATA '','','';
2018-12-04 09:14:42 EXEC SPC_RELAX_LST2 '28','1','7','','';
2018-12-04 09:14:48 EXEC SPC_COM_DATA '','','';
2018-12-04 09:14:48 EXEC SPC_RELAX_ACT2 '28','','127.0.0.1';
2018-12-04 09:15:25 EXEC SPC_COM_DATA '','','';
2018-12-04 09:15:25 EXEC SPC_RELAX_LST1 '','';
2018-12-04 09:15:25 EXEC SPC_COM_DATA '','','';
2018-12-04 09:15:25 EXEC SPC_RELAX_LST2 '','1','7','','';
2018-12-04 09:15:39 EXEC SPC_COM_DATA '','','';
2018-12-04 09:15:39 EXEC SPC_RELAX_ACT2 '29','','127.0.0.1';
2018-12-04 09:15:44 EXEC SPC_COM_DATA '','','';
2018-12-04 09:15:44 EXEC SPC_RELAX_ACT2 '28','','127.0.0.1';
2018-12-04 09:15:51 EXEC SPC_COM_DATA '','','';
2018-12-04 09:15:51 EXEC SPC_RELAX_ACT2 '29','','127.0.0.1';
2018-12-04 09:16:37 EXEC SPC_COM_DATA '','','';
2018-12-04 09:16:37 EXEC SPC_RELAX_LST1 '29','';
2018-12-04 09:16:38 EXEC SPC_COM_DATA '','','';
2018-12-04 09:16:38 EXEC SPC_RELAX_LST2 '29','1','7','','';
2018-12-04 09:16:43 EXEC SPC_COM_DATA '','','';
2018-12-04 09:16:43 EXEC SPC_RELAX_ACT2 '29','','127.0.0.1';
2018-12-04 09:17:03 EXEC SPC_COM_DATA '','','';
2018-12-04 09:17:03 EXEC SPC_RELAX_LST1 '29','';
2018-12-04 09:17:04 EXEC SPC_COM_DATA '','','';
2018-12-04 09:17:04 EXEC SPC_RELAX_LST2 '29','1','7','','';
2018-12-04 09:17:09 EXEC SPC_COM_DATA '','','';
2018-12-04 09:17:09 EXEC SPC_RELAX_ACT2 '29','','127.0.0.1';
2018-12-04 09:17:20 EXEC SPC_COM_DATA '','','';
2018-12-04 09:17:20 EXEC SPC_RELAX_LST1 '29','';
2018-12-04 09:17:21 EXEC SPC_COM_DATA '','','';
2018-12-04 09:17:21 EXEC SPC_RELAX_LST2 '29','1','7','','';
2018-12-04 09:17:26 EXEC SPC_COM_DATA '','','';
2018-12-04 09:17:26 EXEC SPC_RELAX_ACT2 '29','','127.0.0.1';
2018-12-04 09:24:24 EXEC SPC_COM_DATA '','','';
2018-12-04 09:24:24 EXEC SPC_RELAX_LST1 '29','';
2018-12-04 09:24:25 EXEC SPC_COM_DATA '','','';
2018-12-04 09:24:25 EXEC SPC_RELAX_LST2 '29','1','7','','';
2018-12-04 09:24:30 EXEC SPC_COM_DATA '','','';
2018-12-04 09:24:30 EXEC SPC_RELAX_ACT2 '29','','127.0.0.1';
2018-12-04 09:26:32 EXEC SPC_COM_DATA '','','';
2018-12-04 09:26:32 EXEC SPC_RELAX_LST1 '29','';
2018-12-04 09:26:33 EXEC SPC_COM_DATA '','','';
2018-12-04 09:26:33 EXEC SPC_RELAX_LST2 '29','1','7','','';
2018-12-04 09:26:38 EXEC SPC_COM_DATA '','','';
2018-12-04 09:26:38 EXEC SPC_RELAX_ACT2 '29','','127.0.0.1';
2018-12-04 09:26:59 EXEC SPC_COM_DATA '','','';
2018-12-04 09:26:59 EXEC SPC_RELAX_LST1 '29','';
2018-12-04 09:27:00 EXEC SPC_COM_DATA '','','';
2018-12-04 09:27:00 EXEC SPC_RELAX_LST2 '29','1','7','','';
2018-12-04 09:27:06 EXEC SPC_COM_DATA '','','';
2018-12-04 09:27:06 EXEC SPC_RELAX_ACT2 '29','','127.0.0.1';
2018-12-04 09:27:27 EXEC SPC_COM_DATA '','','';
2018-12-04 09:27:27 EXEC SPC_RELAX_LST1 '29','';
2018-12-04 09:27:28 EXEC SPC_COM_DATA '','','';
2018-12-04 09:27:28 EXEC SPC_RELAX_LST2 '29','1','7','','';
2018-12-04 09:27:34 EXEC SPC_COM_DATA '','','';
2018-12-04 09:27:34 EXEC SPC_RELAX_ACT2 '29','','127.0.0.1';
2018-12-04 09:30:58 EXEC SPC_COM_DATA '','','';
2018-12-04 09:30:58 EXEC SPC_RELAX_LST1 '29','';
2018-12-04 09:30:59 EXEC SPC_COM_DATA '','','';
2018-12-04 09:30:59 EXEC SPC_RELAX_LST2 '29','1','7','','';
2018-12-04 09:31:04 EXEC SPC_COM_DATA '','','';
2018-12-04 09:31:04 EXEC SPC_RELAX_ACT2 '29','','127.0.0.1';
