2018-10-19 00:07:37 EXEC SPC_COM_PERMISSION '1','2','g001';
2018-10-19 00:07:37 EXEC SPC_COM_MENU '1';
2018-10-19 00:07:45 EXEC SPC_COM_PERMISSION '1','2','w002';
2018-10-19 00:07:45 EXEC SPC_COM_MENU '1';
2018-10-19 00:07:45 EXEC SPC_W002_FND1
2018-10-19 00:07:52 EXEC SPC_COM_MENU '1';
2018-10-19 00:07:52 EXEC SPC_COMMON_CATALORUE '2';
2018-10-19 00:07:55 EXEC SPC_COM_MENU '1';
2018-10-19 00:07:55 EXEC SPC_COMMON_CATALORUE '4';
2018-10-19 00:07:57 EXEC SPC_COM_MENU '1';
2018-10-19 00:07:57 EXEC SPC_COMMON_CATALORUE '5';
2018-10-19 00:08:01 EXEC SPC_COM_MENU '1';
2018-10-19 00:08:01 EXEC SPC_COMMON_CATALORUE '8';
2018-10-19 00:08:04 EXEC SPC_COM_MENU '1';
2018-10-19 00:08:04 EXEC SPC_COMMON_CATALORUE '4';
2018-10-19 00:08:11 EXEC SPC_COM_MENU '1';
2018-10-19 00:08:11 EXEC SPC_COMMON_CATALORUE '3';
2018-10-19 00:08:24 EXEC SPC_COM_MENU '1';
2018-10-19 00:09:47 EXEC SPC_COM_PERMISSION '1','2','w002';
2018-10-19 00:09:47 EXEC SPC_COM_MENU '1';
2018-10-19 00:09:47 EXEC SPC_W002_FND1
2018-10-19 00:09:49 EXEC SPC_COM_MENU '1';
2018-10-19 00:09:49 EXEC SPC_COMMON_CATALORUE '4';
2018-10-19 00:09:51 EXEC SPC_COM_MENU '1';
2018-10-19 00:09:51 EXEC SPC_COMMON_CATALORUE '6';
2018-10-19 00:09:52 EXEC SPC_COM_MENU '1';
2018-10-19 00:09:52 EXEC SPC_COMMON_CATALORUE '2';
2018-10-19 00:09:54 EXEC SPC_COM_MENU '1';
2018-10-19 00:09:54 EXEC SPC_COMMON_CATALORUE '4';
2018-10-19 00:10:22 EXEC SPC_COM_PERMISSION '1','2','w002';
2018-10-19 00:10:22 EXEC SPC_COM_MENU '1';
2018-10-19 00:10:22 EXEC SPC_W002_FND1
2018-10-19 00:10:28 EXEC SPC_COM_MENU '1';
2018-10-19 00:10:32 EXEC SPC_COM_MENU '1';
2018-10-19 00:10:32 EXEC SPC_COMMON_CATALORUE '3';
2018-10-19 00:10:43 EXEC SPC_COM_PERMISSION '1','2','w002';
2018-10-19 00:10:43 EXEC SPC_COM_MENU '1';
2018-10-19 00:10:43 EXEC SPC_W002_FND1
2018-10-19 00:10:45 EXEC SPC_COM_MENU '1';
2018-10-19 00:10:45 EXEC SPC_COMMON_CATALORUE '3';
2018-10-19 00:11:28 EXEC SPC_COM_PERMISSION '1','2','w002';
2018-10-19 00:11:28 EXEC SPC_COM_MENU '1';
2018-10-19 00:11:28 EXEC SPC_W002_FND1
2018-10-19 00:11:32 EXEC SPC_COM_MENU '1';
2018-10-19 00:11:32 EXEC SPC_COMMON_CATALORUE '3';
2018-10-19 00:13:01 EXEC SPC_COM_PERMISSION '1','2','w002';
2018-10-19 00:13:01 EXEC SPC_COM_MENU '1';
2018-10-19 00:13:01 EXEC SPC_W002_FND1
2018-10-19 00:13:03 EXEC SPC_COM_MENU '1';
2018-10-19 00:13:03 EXEC SPC_COMMON_CATALORUE '3';
2018-10-19 00:13:05 EXEC SPC_COM_MENU '1';
2018-10-19 00:14:02 EXEC SPC_COM_PERMISSION '1','2','w002';
2018-10-19 00:14:02 EXEC SPC_COM_MENU '1';
2018-10-19 00:14:02 EXEC SPC_W002_FND1
2018-10-19 00:14:48 EXEC SPC_COM_PERMISSION '1','2','w002';
2018-10-19 00:14:48 EXEC SPC_COM_MENU '1';
2018-10-19 00:14:48 EXEC SPC_W002_FND1
2018-10-19 00:15:07 EXEC SPC_COM_MENU '1';
2018-10-19 00:15:07 EXEC SPC_COMMON_CATALORUE '3';
2018-10-19 00:15:10 EXEC SPC_COM_MENU '1';
2018-10-19 00:15:21 EXEC SPC_COM_PERMISSION '1','2','w002';
2018-10-19 00:15:21 EXEC SPC_COM_MENU '1';
2018-10-19 00:15:21 EXEC SPC_W002_FND1
2018-10-19 00:15:36 EXEC SPC_COM_MENU '1';
2018-10-19 00:15:36 EXEC SPC_COMMON_CATALORUE '3';
2018-10-19 00:18:10 EXEC SPC_COM_MENU '1';
2018-10-19 00:18:10 EXEC SPC_COMMON_CATALORUE '1';
2018-10-19 00:20:53 EXEC SPC_COM_PERMISSION '1','2','w002';
2018-10-19 00:20:53 EXEC SPC_COM_MENU '1';
2018-10-19 00:20:53 EXEC SPC_W002_FND1
2018-10-19 00:20:58 EXEC SPC_COM_MENU '1';
2018-10-19 00:20:58 EXEC SPC_COMMON_CATALORUE '3';
2018-10-19 00:21:00 EXEC SPC_COM_MENU '1';
2018-10-19 00:21:07 EXEC SPC_COM_MENU '1';
2018-10-19 00:21:07 EXEC SPC_COMMON_CATALORUE '7';
2018-10-19 00:21:09 EXEC SPC_COM_MENU '1';
2018-10-19 00:21:22 EXEC SPC_COM_MENU '1';
2018-10-19 00:21:22 EXEC SPC_COMMON_CATALORUE '3';
2018-10-19 00:21:24 EXEC SPC_COM_MENU '1';
2018-10-19 00:21:38 EXEC SPC_COM_PERMISSION '1','2','w002';
2018-10-19 00:21:38 EXEC SPC_COM_MENU '1';
2018-10-19 00:21:38 EXEC SPC_W002_FND1
2018-10-19 00:21:52 EXEC SPC_COM_PERMISSION '1','2','w002';
2018-10-19 00:21:52 EXEC SPC_COM_MENU '1';
2018-10-19 00:21:52 EXEC SPC_W002_FND1
2018-10-19 00:21:53 EXEC SPC_COM_MENU '1';
2018-10-19 00:21:54 EXEC SPC_COMMON_CATALORUE '1';
2018-10-19 00:21:56 EXEC SPC_COM_MENU '1';
2018-10-19 00:21:56 EXEC SPC_COMMON_CATALORUE '2';
2018-10-19 00:21:58 EXEC SPC_COM_MENU '1';
2018-10-19 00:22:01 EXEC SPC_COM_MENU '1';
2018-10-19 00:22:01 EXEC SPC_COMMON_CATALORUE '1';
2018-10-19 00:22:03 EXEC SPC_COM_MENU '1';
2018-10-19 00:22:05 EXEC SPC_COM_MENU '1';
2018-10-19 00:22:05 EXEC SPC_COMMON_CATALORUE '3';
2018-10-19 00:22:08 EXEC SPC_COM_MENU '1';
2018-10-19 00:22:10 EXEC SPC_COM_MENU '1';
2018-10-19 00:22:10 EXEC SPC_COMMON_CATALORUE '4';
2018-10-19 00:22:13 EXEC SPC_COM_MENU '1';
2018-10-19 00:22:16 EXEC SPC_COM_MENU '1';
2018-10-19 00:22:16 EXEC SPC_COMMON_CATALORUE '5';
2018-10-19 00:22:18 EXEC SPC_COM_MENU '1';
2018-10-19 00:22:21 EXEC SPC_COM_MENU '1';
2018-10-19 00:22:21 EXEC SPC_COMMON_CATALORUE '6';
2018-10-19 00:22:27 EXEC SPC_COM_MENU '1';
2018-10-19 00:22:27 EXEC SPC_COMMON_CATALORUE '7';
2018-10-19 00:22:29 EXEC SPC_COM_MENU '1';
2018-10-19 00:22:32 EXEC SPC_COM_MENU '1';
2018-10-19 00:22:32 EXEC SPC_COMMON_CATALORUE '8';
2018-10-19 00:22:34 EXEC SPC_COM_MENU '1';
2018-10-19 00:22:47 EXEC SPC_COM_MENU '1';
2018-10-19 00:22:47 EXEC SPC_COMMON_CATALORUE '9';
2018-10-19 00:22:51 EXEC SPC_COM_MENU '1';
2018-10-19 00:22:51 EXEC SPC_COMMON_CATALORUE '10';
2018-10-19 00:22:53 EXEC SPC_COM_MENU '1';
2018-10-19 00:22:56 EXEC SPC_COM_PERMISSION '1','2','w002';
2018-10-19 00:22:56 EXEC SPC_COM_MENU '1';
2018-10-19 00:22:56 EXEC SPC_W002_FND1
2018-10-19 00:24:04 EXEC SPC_COM_MENU '1';
2018-10-19 00:24:04 EXEC SPC_COMMON_CATALORUE '1';
2018-10-19 00:24:08 EXEC SPC_COM_MENU '1';
2018-10-19 00:25:21 EXEC SPC_COM_PERMISSION '1','2','w002';
2018-10-19 00:25:21 EXEC SPC_COM_MENU '1';
2018-10-19 00:25:21 EXEC SPC_W002_FND1
2018-10-19 00:25:26 EXEC SPC_COM_MENU '1';
2018-10-19 00:25:26 EXEC SPC_COMMON_CATALORUE '3';
2018-10-19 00:25:31 EXEC SPC_COM_MENU '1';
2018-10-19 00:25:32 EXEC SPC_COMMON_CATALORUE '5';
2018-10-19 00:25:34 EXEC SPC_COM_MENU '1';
2018-10-19 00:25:34 EXEC SPC_COMMON_CATALORUE '6';
2018-10-19 00:25:37 EXEC SPC_COM_MENU '1';
2018-10-19 00:31:02 EXEC SPC_COM_MENU '1';
2018-10-19 00:31:02 EXEC SPC_COMMON_CATALORUE '3';
2018-10-19 00:31:04 EXEC SPC_COM_MENU '1';
2018-10-19 00:31:53 EXEC SPC_COM_MENU '1';
2018-10-19 00:31:53 EXEC SPC_COMMON_CATALORUE '8';
2018-10-19 00:32:43 EXEC SPC_COM_MENU '1';
2018-10-19 00:35:45 EXEC SPC_COM_PERMISSION '1','2','w002';
2018-10-19 00:35:45 EXEC SPC_COM_MENU '1';
2018-10-19 00:35:45 EXEC SPC_W002_FND1
2018-10-19 00:35:48 EXEC SPC_COM_MENU '1';
2018-10-19 00:35:48 EXEC SPC_COMMON_CATALORUE '6';
2018-10-19 00:35:52 EXEC SPC_COM_MENU '1';
2018-10-19 00:35:52 EXEC SPC_COMMON_CATALORUE '8';
2018-10-19 00:35:54 EXEC SPC_COM_MENU '1';
2018-10-19 00:37:23 EXEC SPC_COM_PERMISSION '1','2','w002';
2018-10-19 00:37:23 EXEC SPC_COM_MENU '1';
2018-10-19 00:37:23 EXEC SPC_W002_FND1
2018-10-19 00:37:28 EXEC SPC_COM_MENU '1';
2018-10-19 00:37:28 EXEC SPC_COMMON_CATALORUE '7';
2018-10-19 00:37:31 EXEC SPC_COM_MENU '1';
2018-10-19 00:37:31 EXEC SPC_COMMON_CATALORUE '8';
2018-10-19 00:38:48 EXEC SPC_COM_PERMISSION '1','2','w002';
2018-10-19 00:38:48 EXEC SPC_COM_MENU '1';
2018-10-19 00:38:48 EXEC SPC_W002_FND1
2018-10-19 00:38:58 EXEC SPC_COM_PERMISSION '1','2','w002';
2018-10-19 00:38:58 EXEC SPC_COM_MENU '1';
2018-10-19 00:38:58 EXEC SPC_W002_FND1
2018-10-19 00:39:01 EXEC SPC_COM_MENU '1';
2018-10-19 00:39:01 EXEC SPC_COMMON_CATALORUE '7';
2018-10-19 00:39:05 EXEC SPC_COM_MENU '1';
2018-10-19 00:39:05 EXEC SPC_COMMON_CATALORUE '8';
2018-10-19 00:39:08 EXEC SPC_COM_MENU '1';
2018-10-19 00:39:28 EXEC SPC_COM_MENU '1';
2018-10-19 00:39:28 EXEC SPC_COMMON_CATALORUE '6';
2018-10-19 00:39:31 EXEC SPC_COM_MENU '1';
2018-10-19 00:40:21 EXEC SPC_COM_PERMISSION '1','2','w002';
2018-10-19 00:40:21 EXEC SPC_COM_MENU '1';
2018-10-19 00:40:21 EXEC SPC_W002_FND1
2018-10-19 00:40:24 EXEC SPC_COM_MENU '1';
2018-10-19 00:40:24 EXEC SPC_COMMON_CATALORUE '6';
2018-10-19 00:40:27 EXEC SPC_COM_MENU '1';
2018-10-19 00:41:05 EXEC SPC_COM_MENU '1';
2018-10-19 00:41:05 EXEC SPC_COMMON_CATALORUE '7';
2018-10-19 00:41:09 EXEC SPC_COM_MENU '1';
2018-10-19 00:41:16 EXEC SPC_COM_MENU '1';
2018-10-19 00:41:16 EXEC SPC_COMMON_CATALORUE '8';
2018-10-19 00:41:19 EXEC SPC_COM_MENU '1';
2018-10-19 00:41:23 EXEC SPC_COM_MENU '1';
2018-10-19 00:41:23 EXEC SPC_COMMON_CATALORUE '6';
2018-10-19 00:41:25 EXEC SPC_COM_MENU '1';
2018-10-19 00:42:16 EXEC SPC_COM_PERMISSION '1','2','w002';
2018-10-19 00:42:16 EXEC SPC_COM_MENU '1';
2018-10-19 00:42:16 EXEC SPC_W002_FND1
2018-10-19 00:42:18 EXEC SPC_COM_MENU '1';
2018-10-19 00:42:18 EXEC SPC_COMMON_CATALORUE '4';
2018-10-19 00:42:21 EXEC SPC_COM_MENU '1';
2018-10-19 00:42:21 EXEC SPC_COMMON_CATALORUE '5';
2018-10-19 00:42:23 EXEC SPC_COM_MENU '1';
2018-10-19 00:42:23 EXEC SPC_COMMON_CATALORUE '6';
2018-10-19 00:46:00 EXEC SPC_COM_PERMISSION '1','2','w002';
2018-10-19 00:46:00 EXEC SPC_COM_MENU '1';
2018-10-19 00:46:00 EXEC SPC_W002_FND1
2018-10-19 00:46:04 EXEC SPC_COM_MENU '1';
2018-10-19 00:46:04 EXEC SPC_COMMON_CATALORUE '6';
2018-10-19 00:46:17 EXEC SPC_COM_PERMISSION '1','2','w002';
2018-10-19 00:46:17 EXEC SPC_COM_MENU '1';
2018-10-19 00:46:17 EXEC SPC_W002_FND1
2018-10-19 00:51:59 EXEC SPC_COM_MENU '1';
2018-10-19 00:51:59 EXEC SPC_COMMON_CATALORUE '6';
2018-10-19 00:54:18 EXEC SPC_COM_PERMISSION '1','2','w002';
2018-10-19 00:54:18 EXEC SPC_COM_MENU '1';
2018-10-19 00:54:18 EXEC SPC_W002_FND1
2018-10-19 00:54:21 EXEC SPC_COM_MENU '1';
2018-10-19 00:54:21 EXEC SPC_COMMON_CATALORUE '6';
2018-10-19 00:54:27 EXEC SPC_COM_MENU '1';
2018-10-19 00:55:21 EXEC SPC_COM_PERMISSION '1','2','w002';
2018-10-19 00:55:21 EXEC SPC_COM_MENU '1';
2018-10-19 00:55:21 EXEC SPC_W002_FND1
2018-10-19 00:55:26 EXEC SPC_COM_MENU '1';
2018-10-19 00:55:26 EXEC SPC_COMMON_CATALORUE '6';
2018-10-19 00:55:32 EXEC SPC_COM_MENU '1';
2018-10-19 00:55:51 EXEC SPC_COM_MENU '1';
2018-10-19 00:57:53 EXEC SPC_COM_MENU '1';
2018-10-19 00:58:27 EXEC SPC_COM_MENU '1';
2018-10-19 00:59:41 EXEC SPC_COM_MENU '1';
2018-10-19 00:59:59 EXEC SPC_COM_MENU '1';
2018-10-19 01:01:25 EXEC SPC_COM_PERMISSION '1','2','w002';
2018-10-19 01:01:25 EXEC SPC_COM_MENU '1';
2018-10-19 01:01:25 EXEC SPC_W002_FND1
2018-10-19 01:01:28 EXEC SPC_COM_MENU '1';
2018-10-19 01:01:28 EXEC SPC_COMMON_CATALORUE '6';
2018-10-19 01:01:35 EXEC SPC_COM_MENU '1';
2018-10-19 01:27:43 EXEC SPC_COM_PERMISSION '1','2','w002';
2018-10-19 01:27:43 EXEC SPC_COM_MENU '1';
2018-10-19 01:27:43 EXEC SPC_W002_FND1
2018-10-19 01:27:47 EXEC SPC_COM_MENU '1';
2018-10-19 01:27:47 EXEC SPC_COMMON_CATALORUE '6';
2018-10-19 01:31:01 EXEC SPC_COM_PERMISSION '1','2','w002';
2018-10-19 01:31:01 EXEC SPC_COM_MENU '1';
2018-10-19 01:31:01 EXEC SPC_W002_FND1
2018-10-19 01:31:05 EXEC SPC_COM_MENU '1';
2018-10-19 01:31:05 EXEC SPC_COMMON_CATALORUE '6';
2018-10-19 01:47:00 EXEC SPC_COM_PERMISSION '1','2','w002';
2018-10-19 01:47:00 EXEC SPC_COM_MENU '1';
2018-10-19 01:47:00 EXEC SPC_W002_FND1
2018-10-19 01:47:05 EXEC SPC_COM_MENU '1';
2018-10-19 01:47:05 EXEC SPC_COMMON_CATALORUE '6';
2018-10-19 01:47:50 EXEC SPC_COM_PERMISSION '1','2','w002';
2018-10-19 01:47:50 EXEC SPC_COM_MENU '1';
2018-10-19 01:47:50 EXEC SPC_W002_FND1
2018-10-19 01:47:56 EXEC SPC_COM_MENU '1';
2018-10-19 01:47:56 EXEC SPC_COMMON_CATALORUE '6';
2018-10-19 01:47:59 EXEC SPC_COM_MENU '1';
2018-10-19 01:50:41 EXEC SPC_COM_PERMISSION '1','2','w002';
2018-10-19 01:50:41 EXEC SPC_COM_MENU '1';
2018-10-19 01:50:41 EXEC SPC_W002_FND1
2018-10-19 01:51:20 EXEC SPC_COM_MENU '1';
2018-10-19 01:51:20 EXEC SPC_COMMON_CATALORUE '6';
2018-10-19 01:52:14 EXEC SPC_COM_PERMISSION '1','2','w002';
2018-10-19 01:52:14 EXEC SPC_COM_MENU '1';
2018-10-19 01:52:14 EXEC SPC_W002_FND1
2018-10-19 01:52:19 EXEC SPC_COM_MENU '1';
2018-10-19 01:52:19 EXEC SPC_COMMON_CATALORUE '6';
2018-10-19 01:52:50 EXEC SPC_COM_PERMISSION '1','2','w002';
2018-10-19 01:52:50 EXEC SPC_COM_MENU '1';
2018-10-19 01:52:50 EXEC SPC_W002_FND1
2018-10-19 01:52:52 EXEC SPC_COM_MENU '1';
2018-10-19 01:52:53 EXEC SPC_COMMON_CATALORUE '6';
2018-10-19 01:53:55 EXEC SPC_COM_PERMISSION '1','2','w002';
2018-10-19 01:53:55 EXEC SPC_COM_MENU '1';
2018-10-19 01:53:55 EXEC SPC_W002_FND1
2018-10-19 01:53:57 EXEC SPC_COM_MENU '1';
2018-10-19 01:53:57 EXEC SPC_COMMON_CATALORUE '6';
2018-10-19 01:56:33 EXEC SPC_COM_PERMISSION '1','2','w002';
2018-10-19 01:56:33 EXEC SPC_COM_MENU '1';
2018-10-19 01:56:33 EXEC SPC_W002_FND1
2018-10-19 01:56:40 EXEC SPC_COM_MENU '1';
2018-10-19 01:56:40 EXEC SPC_COMMON_CATALORUE '6';
2018-10-19 01:56:45 EXEC SPC_COM_MENU '1';
2018-10-19 01:58:49 EXEC SPC_COM_MENU '1';
2018-10-19 01:59:12 EXEC SPC_COM_MENU '1';
2018-10-19 01:59:51 EXEC SPC_COM_MENU '1';
2018-10-19 02:01:28 EXEC SPC_COM_MENU '1';
2018-10-19 02:01:28 EXEC SPC_w002_ACT1 '','6','','<row post_tag="3" /><row post_tag="4" /><row post_tag="6" />','','','','','','0','','','','ndq809','127.0.0.1';
2018-10-19 02:01:28 SQLSTATE[42000]: [Microsoft][ODBC Driver 13 for SQL Server][SQL Server]プロシージャまたは関数 SPC_W002_ACT1 に指定された引数が多すぎます。
2018-10-19 02:01:42 EXEC SPC_COM_MENU '1';
2018-10-19 02:08:44 EXEC SPC_COM_MENU '1';
2018-10-19 02:08:44 EXEC SPC_COMMON_CATALORUE '2';
2018-10-19 02:08:52 EXEC SPC_COM_MENU '1';
2018-10-19 02:08:52 EXEC SPC_COMMON_CATALORUE '4';
2018-10-19 02:21:53 EXEC SPC_COM_MENU '1';
2018-10-19 02:21:53 EXEC SPC_COMMON_CATALORUE '6';
2018-10-19 02:21:56 EXEC SPC_COM_MENU '1';
2018-10-19 02:22:27 EXEC SPC_COM_MENU '1';
2018-10-19 02:22:59 EXEC SPC_COM_PERMISSION '1','2','w002';
2018-10-19 02:22:59 EXEC SPC_COM_MENU '1';
2018-10-19 02:22:59 EXEC SPC_W002_FND1
2018-10-19 02:23:02 EXEC SPC_COM_MENU '1';
2018-10-19 02:23:02 EXEC SPC_COMMON_CATALORUE '1';
2018-10-19 02:23:03 EXEC SPC_COM_PERMISSION '1','2','w001';
2018-10-19 02:23:03 EXEC SPC_COM_MENU '1';
2018-10-19 02:23:03 EXEC SPC_COM_M999_INQ1 '7';
2018-10-19 02:23:04 EXEC SPC_COM_MENU '1';
2018-10-19 02:23:04 EXEC SPC_w001_LST1 '','','','','10','1';
2018-10-19 02:23:08 EXEC SPC_COM_PERMISSION '1','2','w002';
2018-10-19 02:23:08 EXEC SPC_COM_MENU '1';
2018-10-19 02:23:08 EXEC SPC_W002_FND1
2018-10-19 02:23:08 EXEC SPC_COM_MENU '1';
2018-10-19 02:23:08 EXEC SPC_W002_LST1 '12';
2018-10-19 02:23:09 EXEC SPC_COM_MENU '1';
2018-10-19 02:23:09 EXEC SPC_COMMON_CATALORUE '4';
2018-10-19 02:23:09 EXEC SPC_COM_MENU '1';
2018-10-19 02:23:09 EXEC SPC_COMMON_GROUP '9';
2018-10-19 02:27:13 EXEC SPC_COM_PERMISSION '1','2','w002';
2018-10-19 02:27:13 EXEC SPC_COM_MENU '1';
2018-10-19 02:27:13 EXEC SPC_W002_FND1
2018-10-19 02:27:13 EXEC SPC_COM_MENU '1';
2018-10-19 02:27:13 EXEC SPC_W002_LST1 '12';
2018-10-19 02:28:02 EXEC SPC_COM_PERMISSION '1','2','w002';
2018-10-19 02:28:02 EXEC SPC_COM_MENU '1';
2018-10-19 02:28:02 EXEC SPC_W002_FND1
2018-10-19 02:28:03 EXEC SPC_COM_MENU '1';
2018-10-19 02:28:03 EXEC SPC_W002_LST1 '12';
2018-10-19 02:28:03 EXEC SPC_COM_MENU '1';
2018-10-19 02:28:03 EXEC SPC_COMMON_CATALORUE '4';
2018-10-19 02:28:03 EXEC SPC_COM_MENU '1';
2018-10-19 02:28:03 EXEC SPC_COMMON_GROUP '9';
2018-10-19 02:29:24 EXEC SPC_COM_PERMISSION '1','2','w002';
2018-10-19 02:29:24 EXEC SPC_COM_MENU '1';
2018-10-19 02:29:24 EXEC SPC_W002_FND1
2018-10-19 02:29:24 EXEC SPC_COM_MENU '1';
2018-10-19 02:29:24 EXEC SPC_W002_LST1 '12';
2018-10-19 02:29:25 EXEC SPC_COM_MENU '1';
2018-10-19 02:29:25 EXEC SPC_COMMON_CATALORUE '4';
2018-10-19 02:29:25 EXEC SPC_COM_MENU '1';
2018-10-19 02:29:25 EXEC SPC_COMMON_GROUP '9';
2018-10-19 02:30:04 EXEC SPC_COM_PERMISSION '1','2','w002';
2018-10-19 02:30:04 EXEC SPC_COM_MENU '1';
2018-10-19 02:30:04 EXEC SPC_W002_FND1
2018-10-19 02:30:05 EXEC SPC_COM_MENU '1';
2018-10-19 02:30:05 EXEC SPC_W002_LST1 '12';
2018-10-19 02:30:05 EXEC SPC_COM_MENU '1';
2018-10-19 02:30:05 EXEC SPC_COMMON_CATALORUE '4';
2018-10-19 02:30:05 EXEC SPC_COM_MENU '1';
2018-10-19 02:30:05 EXEC SPC_COMMON_GROUP '9';
2018-10-19 02:30:39 EXEC SPC_COM_MENU '1';
2018-10-19 02:30:39 EXEC SPC_COMMON_CATALORUE '1';
2018-10-19 02:30:42 EXEC SPC_COM_PERMISSION '1','2','w002';
2018-10-19 02:30:42 EXEC SPC_COM_MENU '1';
2018-10-19 02:30:42 EXEC SPC_W002_FND1
2018-10-19 02:30:42 EXEC SPC_COM_MENU '1';
2018-10-19 02:30:42 EXEC SPC_W002_LST1 '12';
2018-10-19 02:30:42 EXEC SPC_COM_MENU '1';
2018-10-19 02:30:42 EXEC SPC_COMMON_CATALORUE '4';
2018-10-19 02:30:42 EXEC SPC_COM_MENU '1';
2018-10-19 02:30:42 EXEC SPC_COMMON_GROUP '9';
2018-10-19 02:30:46 EXEC SPC_COM_PERMISSION '1','2','w002';
2018-10-19 02:30:46 EXEC SPC_COM_MENU '1';
2018-10-19 02:30:46 EXEC SPC_W002_FND1
2018-10-19 02:30:48 EXEC SPC_COM_MENU '1';
2018-10-19 02:30:48 EXEC SPC_COMMON_CATALORUE '1';
2018-10-19 02:30:57 EXEC SPC_COM_MENU '1';
2018-10-19 02:30:57 EXEC SPC_COM_M999_INQ1 '8';
2018-10-19 02:30:57 EXEC SPC_COM_MENU '1';
2018-10-19 02:30:57 EXEC SPC_p003_LST1 '','','','50';
2018-10-19 02:31:32 EXEC SPC_COM_MENU '1';
2018-10-19 02:31:32 EXEC SPC_COMMON_GROUP '2';
2018-10-19 02:32:39 EXEC SPC_COM_PERMISSION '1','2','w002';
2018-10-19 02:32:39 EXEC SPC_COM_MENU '1';
2018-10-19 02:32:39 EXEC SPC_W002_FND1
2018-10-19 02:32:46 EXEC SPC_COM_MENU '1';
2018-10-19 02:32:46 EXEC SPC_COMMON_CATALORUE '1';
2018-10-19 02:33:40 EXEC SPC_COM_PERMISSION '1','2','w002';
2018-10-19 02:33:40 EXEC SPC_COM_MENU '1';
2018-10-19 02:33:40 EXEC SPC_W002_FND1
2018-10-19 02:33:42 EXEC SPC_COM_MENU '1';
2018-10-19 02:33:42 EXEC SPC_COMMON_CATALORUE '1';
2018-10-19 02:33:56 EXEC SPC_COM_PERMISSION '1','2','w002';
2018-10-19 02:33:56 EXEC SPC_COM_MENU '1';
2018-10-19 02:33:56 EXEC SPC_W002_FND1
2018-10-19 02:33:58 EXEC SPC_COM_MENU '1';
2018-10-19 02:33:58 EXEC SPC_COMMON_CATALORUE '1';
2018-10-19 02:34:07 EXEC SPC_COM_PERMISSION '1','2','w002';
2018-10-19 02:34:07 EXEC SPC_COM_MENU '1';
2018-10-19 02:34:07 EXEC SPC_W002_FND1
2018-10-19 02:34:09 EXEC SPC_COM_MENU '1';
2018-10-19 02:34:09 EXEC SPC_COMMON_CATALORUE '1';
2018-10-19 02:34:38 EXEC SPC_COM_PERMISSION '1','2','w002';
2018-10-19 02:34:38 EXEC SPC_COM_MENU '1';
2018-10-19 02:34:38 EXEC SPC_W002_FND1
2018-10-19 02:35:42 EXEC SPC_COM_MENU '1';
2018-10-19 02:35:42 EXEC SPC_COMMON_CATALORUE '2';
2018-10-19 02:35:45 EXEC SPC_COM_MENU '1';
2018-10-19 02:35:45 EXEC SPC_COMMON_CATALORUE '3';
2018-10-19 02:36:41 EXEC SPC_COM_PERMISSION '1','2','w002';
2018-10-19 02:36:41 EXEC SPC_COM_MENU '1';
2018-10-19 02:36:41 EXEC SPC_W002_FND1
2018-10-19 02:36:43 EXEC SPC_COM_MENU '1';
2018-10-19 02:36:43 EXEC SPC_COMMON_CATALORUE '1';
2018-10-19 02:36:47 EXEC SPC_COM_MENU '1';
2018-10-19 02:36:47 EXEC SPC_COM_M999_INQ1 '8';
2018-10-19 02:36:47 EXEC SPC_COM_MENU '1';
2018-10-19 02:36:47 EXEC SPC_p003_LST1 '','','','50';
2018-10-19 02:36:59 EXEC SPC_COM_PERMISSION '1','2','w002';
2018-10-19 02:36:59 EXEC SPC_COM_MENU '1';
2018-10-19 02:36:59 EXEC SPC_W002_FND1
2018-10-19 02:37:03 EXEC SPC_COM_MENU '1';
2018-10-19 02:37:03 EXEC SPC_W002_LST1 '9';
2018-10-19 02:37:03 EXEC SPC_COM_MENU '1';
2018-10-19 02:37:03 EXEC SPC_COMMON_CATALORUE '3';
2018-10-19 02:37:03 EXEC SPC_COM_MENU '1';
2018-10-19 02:37:03 EXEC SPC_COMMON_GROUP '8';
2018-10-19 02:37:23 EXEC SPC_COM_MENU '1';
2018-10-19 02:40:11 EXEC SPC_COM_MENU '1';
2018-10-19 02:42:09 EXEC SPC_COM_PERMISSION '1','2','w002';
2018-10-19 02:42:09 EXEC SPC_COM_MENU '1';
2018-10-19 02:42:09 EXEC SPC_W002_FND1
2018-10-19 02:42:11 EXEC SPC_COM_MENU '1';
2018-10-19 02:42:11 EXEC SPC_W002_LST1 '9';
2018-10-19 02:42:11 EXEC SPC_COM_MENU '1';
2018-10-19 02:42:11 EXEC SPC_COMMON_CATALORUE '3';
2018-10-19 02:42:11 EXEC SPC_COM_MENU '1';
2018-10-19 02:42:11 EXEC SPC_COMMON_GROUP '8';
2018-10-19 02:42:16 EXEC SPC_COM_MENU '1';
2018-10-19 02:42:16 EXEC SPC_w002_ACT1 '9','3','8','8','dsadsad','','<p>社内業務システム</p>
','','','0','<row row_id="0" vocabulary_code="2" vocabulary_div="1" vocabulary_nm="king" spelling="king" mean="vua" explain="someone who leader of a country" /><row row_id="1" vocabulary_code="4" vocabulary_div="1" vocabulary_nm="goal" spelling="ɡəul" mean="vào" explain="when the bool into the lưới" />','','','ndq809','127.0.0.1';
2018-10-19 02:42:18 EXEC SPC_COM_MENU '1';
2018-10-19 02:42:18 EXEC SPC_W002_LST1 '9';
2018-10-19 02:42:18 EXEC SPC_COM_MENU '1';
2018-10-19 02:42:18 EXEC SPC_COMMON_CATALORUE '3';
2018-10-19 02:42:18 EXEC SPC_COM_MENU '1';
2018-10-19 02:42:18 EXEC SPC_COMMON_GROUP '8';
2018-10-19 02:42:24 EXEC SPC_COM_PERMISSION '1','2','w002';
2018-10-19 02:42:24 EXEC SPC_COM_MENU '1';
2018-10-19 02:42:24 EXEC SPC_W002_FND1
2018-10-19 02:42:26 EXEC SPC_COM_MENU '1';
2018-10-19 02:42:26 EXEC SPC_COMMON_CATALORUE '3';
2018-10-19 02:42:29 EXEC SPC_COM_MENU '1';
2018-10-19 02:42:46 EXEC SPC_COM_PERMISSION '1','2','w002';
2018-10-19 02:42:46 EXEC SPC_COM_MENU '1';
2018-10-19 02:42:46 EXEC SPC_W002_FND1
2018-10-19 02:42:49 EXEC SPC_COM_MENU '1';
2018-10-19 02:42:49 EXEC SPC_COMMON_CATALORUE '3';
2018-10-19 02:42:51 EXEC SPC_COM_MENU '1';
2018-10-19 02:42:58 EXEC SPC_COM_MENU '1';
2018-10-19 02:42:58 EXEC SPC_W002_LST1 '9';
2018-10-19 02:42:58 EXEC SPC_COM_MENU '1';
2018-10-19 02:42:58 EXEC SPC_COMMON_CATALORUE '3';
2018-10-19 02:42:58 EXEC SPC_COM_MENU '1';
2018-10-19 02:42:58 EXEC SPC_COMMON_GROUP '8';
2018-10-19 02:43:01 EXEC SPC_COM_MENU '1';
2018-10-19 02:43:01 EXEC SPC_w002_ACT1 '9','3','8','8','dsadsad','','<p>社内業務システム</p>
','','','0','<row row_id="0" vocabulary_code="2" vocabulary_div="1" vocabulary_nm="king" spelling="king" mean="vua" explain="someone who leader of a country" /><row row_id="1" vocabulary_code="4" vocabulary_div="1" vocabulary_nm="goal" spelling="ɡəul" mean="vào" explain="when the bool into the lưới" />','','','ndq809','127.0.0.1';
2018-10-19 02:43:02 EXEC SPC_COM_MENU '1';
2018-10-19 02:43:02 EXEC SPC_W002_LST1 '9';
2018-10-19 02:43:02 EXEC SPC_COM_MENU '1';
2018-10-19 02:43:02 EXEC SPC_COMMON_CATALORUE '3';
2018-10-19 02:43:02 EXEC SPC_COM_MENU '1';
2018-10-19 02:43:02 EXEC SPC_COMMON_GROUP '8';
2018-10-19 02:43:22 EXEC SPC_COM_MENU '1';
2018-10-19 02:43:22 EXEC SPC_w002_ACT1 '9','3','8','8','bài nghe của tui','','<p>社内業務システム</p>
','','','0','<row row_id="0" vocabulary_code="2" vocabulary_div="1" vocabulary_nm="king" spelling="king" mean="vua" explain="someone who leader of a country" /><row row_id="1" vocabulary_code="4" vocabulary_div="1" vocabulary_nm="goal" spelling="ɡəul" mean="vào" explain="when the bool into the lưới" />','','','ndq809','127.0.0.1';
2018-10-19 02:43:23 EXEC SPC_COM_MENU '1';
2018-10-19 02:43:23 EXEC SPC_W002_LST1 '9';
2018-10-19 02:43:24 EXEC SPC_COM_MENU '1';
2018-10-19 02:43:24 EXEC SPC_COMMON_CATALORUE '3';
2018-10-19 02:43:24 EXEC SPC_COM_MENU '1';
2018-10-19 02:43:24 EXEC SPC_COMMON_GROUP '8';
2018-10-19 02:43:59 EXEC SPC_COM_MENU '1';
2018-10-19 02:43:59 EXEC SPC_w002_ACT1 '9','3','8','8','bài nghe của tui','','<p>社内業務システム</p>
','','','0','<row row_id="0" vocabulary_code="2" vocabulary_div="1" vocabulary_nm="king" spelling="king" mean="vua" explain="someone who leader of a country" /><row row_id="1" vocabulary_code="4" vocabulary_div="1" vocabulary_nm="goal" spelling="ɡəul" mean="vào" explain="when the bool into the lưới" />','','','ndq809','127.0.0.1';
2018-10-19 02:44:01 EXEC SPC_COM_MENU '1';
2018-10-19 02:44:01 EXEC SPC_W002_LST1 '9';
2018-10-19 02:44:01 EXEC SPC_COM_MENU '1';
2018-10-19 02:44:01 EXEC SPC_COMMON_CATALORUE '3';
2018-10-19 02:44:01 EXEC SPC_COM_MENU '1';
2018-10-19 02:44:01 EXEC SPC_COMMON_GROUP '8';
2018-10-19 02:44:06 EXEC SPC_COM_PERMISSION '1','2','w002';
2018-10-19 02:44:06 EXEC SPC_COM_MENU '1';
2018-10-19 02:44:06 EXEC SPC_W002_FND1
2018-10-19 02:44:12 EXEC SPC_COM_MENU '1';
2018-10-19 02:44:12 EXEC SPC_W002_LST1 '9';
2018-10-19 02:44:12 EXEC SPC_COM_MENU '1';
2018-10-19 02:44:12 EXEC SPC_COMMON_CATALORUE '3';
2018-10-19 02:44:12 EXEC SPC_COM_MENU '1';
2018-10-19 02:44:12 EXEC SPC_COMMON_GROUP '8';
2018-10-19 02:44:25 EXEC SPC_COM_MENU '1';
2018-10-19 02:44:25 EXEC SPC_w002_ACT1 '9','3','8','8','bài nghe của tui','','<p>社内業務システム</p>
','','','0','<row row_id="0" vocabulary_code="2" vocabulary_div="1" vocabulary_nm="king" spelling="king" mean="vua" explain="someone who leader of a country" /><row row_id="1" vocabulary_code="4" vocabulary_div="1" vocabulary_nm="goal" spelling="ɡəul" mean="vào" explain="when the bool into the lưới" />','','','ndq809','127.0.0.1';
2018-10-19 02:44:27 EXEC SPC_COM_MENU '1';
2018-10-19 02:44:27 EXEC SPC_W002_LST1 '9';
2018-10-19 02:44:27 EXEC SPC_COM_MENU '1';
2018-10-19 02:44:27 EXEC SPC_COMMON_CATALORUE '3';
2018-10-19 02:44:27 EXEC SPC_COM_MENU '1';
2018-10-19 02:44:27 EXEC SPC_COMMON_GROUP '8';
2018-10-19 02:45:04 EXEC SPC_COM_MENU '1';
2018-10-19 02:45:04 EXEC SPC_w002_ACT1 '9','3','8','8','bài nghe của tui','','<p>社内業務システム</p>
','','','0','<row row_id="0" vocabulary_code="2" vocabulary_div="1" vocabulary_nm="king" spelling="king" mean="vua" explain="someone who leader of a country" /><row row_id="1" vocabulary_code="4" vocabulary_div="1" vocabulary_nm="goal" spelling="ɡəul" mean="vào" explain="when the bool into the lưới" />','','','ndq809','127.0.0.1';
2018-10-19 02:45:05 EXEC SPC_COM_MENU '1';
2018-10-19 02:45:05 EXEC SPC_W002_LST1 '9';
2018-10-19 02:45:05 EXEC SPC_COM_MENU '1';
2018-10-19 02:45:05 EXEC SPC_COMMON_CATALORUE '3';
2018-10-19 02:45:06 EXEC SPC_COM_MENU '1';
2018-10-19 02:45:06 EXEC SPC_COMMON_GROUP '8';
2018-10-19 02:45:55 EXEC SPC_COM_MENU '1';
2018-10-19 02:45:55 EXEC SPC_w002_ACT1 '9','3','8','8','bài nghe của tui','','<p>社内業務システム</p>
','','','0','<row row_id="0" vocabulary_code="2" vocabulary_div="1" vocabulary_nm="king" spelling="king" mean="vua" explain="someone who leader of a country" /><row row_id="1" vocabulary_code="4" vocabulary_div="1" vocabulary_nm="goal" spelling="ɡəul" mean="vào" explain="when the bool into the lưới" />','','','ndq809','127.0.0.1';
2018-10-19 02:45:56 EXEC SPC_COM_MENU '1';
2018-10-19 02:45:56 EXEC SPC_W002_LST1 '9';
2018-10-19 02:45:56 EXEC SPC_COM_MENU '1';
2018-10-19 02:45:56 EXEC SPC_COMMON_CATALORUE '3';
2018-10-19 02:45:56 EXEC SPC_COM_MENU '1';
2018-10-19 02:45:56 EXEC SPC_COMMON_GROUP '8';
2018-10-19 02:47:26 EXEC SPC_COM_PERMISSION '1','2','w002';
2018-10-19 02:47:26 EXEC SPC_COM_MENU '1';
2018-10-19 02:47:26 EXEC SPC_W002_FND1
2018-10-19 02:47:28 EXEC SPC_COM_MENU '1';
2018-10-19 02:47:28 EXEC SPC_W002_LST1 '9';
2018-10-19 02:47:28 EXEC SPC_COM_MENU '1';
2018-10-19 02:47:28 EXEC SPC_COMMON_CATALORUE '3';
2018-10-19 02:47:28 EXEC SPC_COM_MENU '1';
2018-10-19 02:47:28 EXEC SPC_COMMON_GROUP '8';
2018-10-19 02:47:34 EXEC SPC_COM_MENU '1';
2018-10-19 02:47:34 EXEC SPC_w002_ACT1 '9','3','8','8','bài nghe của tui','','<p>社内業務システム</p>
','','','0','<row row_id="0" vocabulary_code="2" vocabulary_div="1" vocabulary_nm="king" spelling="king" mean="vua" explain="someone who leader of a country" /><row row_id="1" vocabulary_code="4" vocabulary_div="1" vocabulary_nm="goal" spelling="ɡəul" mean="vào" explain="when the bool into the lưới" />','','','ndq809','127.0.0.1';
2018-10-19 02:47:35 EXEC SPC_COM_MENU '1';
2018-10-19 02:47:35 EXEC SPC_W002_LST1 '9';
2018-10-19 02:47:35 EXEC SPC_COM_MENU '1';
2018-10-19 02:47:35 EXEC SPC_COMMON_CATALORUE '3';
2018-10-19 02:47:36 EXEC SPC_COM_MENU '1';
2018-10-19 02:47:36 EXEC SPC_COMMON_GROUP '8';
2018-10-19 02:55:28 EXEC SPC_COM_MENU '1';
2018-10-19 02:57:31 EXEC SPC_COM_MENU '1';
2018-10-19 03:03:41 EXEC SPC_COM_PERMISSION '1','2','w002';
2018-10-19 03:03:41 EXEC SPC_COM_MENU '1';
2018-10-19 03:03:41 EXEC SPC_W002_FND1
2018-10-19 03:03:44 EXEC SPC_COM_MENU '1';
2018-10-19 03:03:44 EXEC SPC_COMMON_CATALORUE '3';
2018-10-19 03:03:46 EXEC SPC_COM_MENU '1';
2018-10-19 03:03:46 EXEC SPC_W002_LST1 '9';
2018-10-19 03:03:46 EXEC SPC_COM_MENU '1';
2018-10-19 03:03:46 EXEC SPC_COMMON_CATALORUE '3';
2018-10-19 03:03:46 EXEC SPC_COM_MENU '1';
2018-10-19 03:03:46 EXEC SPC_COMMON_GROUP '8';
2018-10-19 03:03:52 EXEC SPC_COM_MENU '1';
2018-10-19 03:04:15 EXEC SPC_COM_MENU '1';
2018-10-19 03:04:15 EXEC SPC_w002_ACT1 '9','3','8','8','bài nghe của tui','','<p>社内業務システム</p>
','/web-content/audio/listeningAudio/audio_5bc949af9678b.mp3','audio_5bc949af9678b.mp3','1','<row row_id="0" vocabulary_code="2" vocabulary_div="1" vocabulary_nm="king" spelling="king" mean="vua" explain="someone who leader of a country" /><row row_id="1" vocabulary_code="4" vocabulary_div="1" vocabulary_nm="goal" spelling="ɡəul" mean="vào" explain="when the bool into the lưới" />','','','ndq809','127.0.0.1';
2018-10-19 03:04:16 EXEC SPC_COM_MENU '1';
2018-10-19 03:04:16 EXEC SPC_W002_LST1 '9';
2018-10-19 03:04:16 EXEC SPC_COM_MENU '1';
2018-10-19 03:04:16 EXEC SPC_COMMON_CATALORUE '3';
2018-10-19 03:04:17 EXEC SPC_COM_MENU '1';
2018-10-19 03:04:17 EXEC SPC_COMMON_GROUP '8';
2018-10-19 04:01:10 EXEC SPC_COM_PERMISSION '1','2','w001';
2018-10-19 04:01:10 EXEC SPC_COM_MENU '1';
2018-10-19 04:01:10 EXEC SPC_COM_M999_INQ1 '7';
2018-10-19 04:01:13 EXEC SPC_COM_MENU '1';
2018-10-19 04:01:13 EXEC SPC_w001_LST1 '','','','','10','1';
2018-10-19 04:01:22 EXEC SPC_COM_MENU '1';
2018-10-19 04:01:22 EXEC SPC_w001_LST1 '','','','','10','2';
2018-10-19 04:01:23 EXEC SPC_COM_MENU '1';
2018-10-19 04:01:23 EXEC SPC_w001_LST1 '','','','','10','1';
2018-10-19 04:01:26 EXEC SPC_COM_PERMISSION '1','2','w002';
2018-10-19 04:01:26 EXEC SPC_COM_MENU '1';
2018-10-19 04:01:26 EXEC SPC_W002_FND1
2018-10-19 04:01:29 EXEC SPC_COM_MENU '1';
2018-10-19 04:01:29 EXEC SPC_COMMON_CATALORUE '7';
2018-10-19 04:04:49 EXEC SPC_COM_MENU '1';
2018-10-19 04:04:49 EXEC SPC_w002_ACT1 '','7','','','beautiful girl','<row post_tag="girl" /><row post_tag="love" />','<p>the best girl ever !</p>
','/web-content/images/relax_image/image_5bc957e1ddf07.jpg','image_5bc957e1ddf07.jpg','2','','','','ndq809','127.0.0.1';
2018-10-19 04:04:51 EXEC SPC_COM_MENU '1';
2018-10-19 04:04:51 EXEC SPC_W002_LST1 '17';
2018-10-19 04:04:51 EXEC SPC_COM_MENU '1';
2018-10-19 04:04:51 EXEC SPC_COMMON_CATALORUE '7';
2018-10-19 04:05:11 EXEC SPC_COM_MENU '1';
2018-10-19 04:05:11 EXEC SPC_w002_ACT1 '17','7','','','beautiful girl','<row post_tag="girl" /><row post_tag="love" />','<p>the best girl ever !</p>
','/web-content/images/relax_image/image_5bc957f758806.jpg','image_5bc957f758806.jpg','2','','','','ndq809','127.0.0.1';
2018-10-19 04:05:12 EXEC SPC_COM_MENU '1';
2018-10-19 04:05:12 EXEC SPC_W002_LST1 '17';
2018-10-19 04:05:12 EXEC SPC_COM_MENU '1';
2018-10-19 04:05:12 EXEC SPC_COMMON_CATALORUE '7';
2018-10-19 04:05:18 EXEC SPC_COM_MENU '1';
2018-10-19 04:05:19 EXEC SPC_w002_ACT1 '17','7','','','beautiful girl','<row post_tag="girl" /><row post_tag="love" />','<p>the best girl ever !</p>
','/web-content/images/relax_image/image_5bc957fef2a0e.jpg','image_5bc957fef2a0e.jpg','2','','','','ndq809','127.0.0.1';
2018-10-19 04:05:20 EXEC SPC_COM_MENU '1';
2018-10-19 04:05:20 EXEC SPC_W002_LST1 '17';
2018-10-19 04:05:20 EXEC SPC_COM_MENU '1';
2018-10-19 04:05:20 EXEC SPC_COMMON_CATALORUE '7';
2018-10-19 04:22:34 EXEC SPC_COM_MENU '1';
2018-10-19 04:22:34 EXEC SPC_w002_ACT1 '17','7','','','beautiful girl','<row post_tag="girl" /><row post_tag="love" />','<p>the best girl ever !</p>
','','','0','','','','ndq809','127.0.0.1';
2018-10-19 04:22:35 EXEC SPC_COM_MENU '1';
2018-10-19 04:22:35 EXEC SPC_W002_LST1 '17';
2018-10-19 04:22:35 EXEC SPC_COM_MENU '1';
2018-10-19 04:22:35 EXEC SPC_COMMON_CATALORUE '7';
2018-10-19 04:38:40 EXEC SPC_COM_PERMISSION '1','2','w002';
2018-10-19 04:38:40 EXEC SPC_COM_MENU '1';
2018-10-19 04:38:40 EXEC SPC_W002_FND1
2018-10-19 04:38:44 EXEC SPC_COM_MENU '1';
2018-10-19 04:38:44 EXEC SPC_W002_LST1 '17';
2018-10-19 04:38:44 EXEC SPC_COM_MENU '1';
2018-10-19 04:38:44 EXEC SPC_COMMON_CATALORUE '7';
2018-10-19 04:40:42 EXEC SPC_COM_PERMISSION '1','2','w002';
2018-10-19 04:40:42 EXEC SPC_COM_MENU '1';
2018-10-19 04:40:42 EXEC SPC_W002_FND1
2018-10-19 04:40:45 EXEC SPC_COM_MENU '1';
2018-10-19 04:40:45 EXEC SPC_W002_LST1 '17';
2018-10-19 04:40:45 EXEC SPC_COM_MENU '1';
2018-10-19 04:40:45 EXEC SPC_COMMON_CATALORUE '7';
2018-10-19 04:41:35 EXEC SPC_COM_PERMISSION '1','2','w002';
2018-10-19 04:41:35 EXEC SPC_COM_MENU '1';
2018-10-19 04:41:35 EXEC SPC_W002_FND1
2018-10-19 04:41:38 EXEC SPC_COM_MENU '1';
2018-10-19 04:41:38 EXEC SPC_W002_LST1 '17';
2018-10-19 04:41:38 EXEC SPC_COM_MENU '1';
2018-10-19 04:41:38 EXEC SPC_COMMON_CATALORUE '7';
2018-10-19 04:41:47 EXEC SPC_COM_MENU '1';
2018-10-19 04:41:47 EXEC SPC_w002_ACT1 '17','7','','','beautiful girl','<row post_tag="3" /><row post_tag="2" /><row post_tag="5" /><row post_tag="-1" />','<p>the best girl ever !</p>
','','','0','','','','ndq809','127.0.0.1';
2018-10-19 04:41:48 EXEC SPC_COM_MENU '1';
2018-10-19 04:41:48 EXEC SPC_W002_LST1 '17';
2018-10-19 04:41:48 EXEC SPC_COM_MENU '1';
2018-10-19 04:41:48 EXEC SPC_COMMON_CATALORUE '7';
2018-10-19 04:48:31 EXEC SPC_COM_PERMISSION '1','2','w002';
2018-10-19 04:48:31 EXEC SPC_COM_MENU '1';
2018-10-19 04:48:31 EXEC SPC_W002_FND1
2018-10-19 04:48:36 EXEC SPC_COM_MENU '1';
2018-10-19 04:48:36 EXEC SPC_W002_LST1 '17';
2018-10-19 04:48:37 EXEC SPC_COM_MENU '1';
2018-10-19 04:48:37 EXEC SPC_COMMON_CATALORUE '7';
2018-10-19 04:49:18 EXEC SPC_COM_PERMISSION '1','2','w002';
2018-10-19 04:49:18 EXEC SPC_COM_MENU '1';
2018-10-19 04:49:18 EXEC SPC_W002_FND1
2018-10-19 04:49:20 EXEC SPC_COM_MENU '1';
2018-10-19 04:49:20 EXEC SPC_W002_LST1 '17';
2018-10-19 04:49:20 EXEC SPC_COM_MENU '1';
2018-10-19 04:49:20 EXEC SPC_COMMON_CATALORUE '7';
2018-10-19 04:50:43 EXEC SPC_COM_PERMISSION '1','2','w002';
2018-10-19 04:50:43 EXEC SPC_COM_MENU '1';
2018-10-19 04:50:43 EXEC SPC_W002_FND1
2018-10-19 04:50:57 EXEC SPC_COM_MENU '1';
2018-10-19 04:50:57 EXEC SPC_COMMON_CATALORUE '2';
2018-10-19 04:55:56 EXEC SPC_COM_PERMISSION '1','2','w002';
2018-10-19 04:55:56 EXEC SPC_COM_MENU '1';
2018-10-19 04:55:56 EXEC SPC_W002_FND1
2018-10-19 04:55:59 EXEC SPC_COM_MENU '1';
2018-10-19 04:55:59 EXEC SPC_W002_LST1 '17';
2018-10-19 04:55:59 EXEC SPC_COM_MENU '1';
2018-10-19 04:55:59 EXEC SPC_COMMON_CATALORUE '7';
2018-10-19 04:56:13 EXEC SPC_COM_MENU '1';
2018-10-19 04:56:13 EXEC SPC_w002_ACT1 '17','7','','','beautiful girl','<row post_tag="girl" is_new="1" /><row post_tag="3" is_new="0" /><row post_tag="lalala" is_new="1" />','<p>the best girl ever !</p>
','','','0','','','','ndq809','127.0.0.1';
2018-10-19 04:56:14 EXEC SPC_COM_MENU '1';
2018-10-19 04:56:14 EXEC SPC_W002_LST1 '17';
2018-10-19 04:56:14 EXEC SPC_COM_MENU '1';
2018-10-19 04:56:14 EXEC SPC_COMMON_CATALORUE '7';
2018-10-19 04:57:45 EXEC SPC_COM_PERMISSION '1','2','w002';
2018-10-19 04:57:45 EXEC SPC_COM_MENU '1';
2018-10-19 04:57:45 EXEC SPC_W002_FND1
2018-10-19 04:57:47 EXEC SPC_COM_MENU '1';
2018-10-19 04:57:47 EXEC SPC_W002_LST1 '17';
2018-10-19 04:57:47 EXEC SPC_COM_MENU '1';
2018-10-19 04:57:47 EXEC SPC_COMMON_CATALORUE '7';
2018-10-19 04:57:49 EXEC SPC_COM_MENU '1';
2018-10-19 04:57:49 EXEC SPC_w002_ACT1 '17','7','','','beautiful girl','','<p>the best girl ever !</p>
','','','0','','','','ndq809','127.0.0.1';
2018-10-19 04:57:50 EXEC SPC_COM_MENU '1';
2018-10-19 04:57:50 EXEC SPC_W002_LST1 '17';
2018-10-19 04:57:50 EXEC SPC_COM_MENU '1';
2018-10-19 04:57:50 EXEC SPC_COMMON_CATALORUE '7';
2018-10-19 05:07:29 EXEC SPC_COM_PERMISSION '1','2','m007';
2018-10-19 05:07:29 EXEC SPC_COM_MENU '1';
2018-10-19 05:07:29 EXEC SPC_M007_FND1
2018-10-19 05:07:33 EXEC SPC_COM_MENU '1';
2018-10-19 05:07:33 EXEC SPC_m007_LST1 '7';
2018-10-19 05:07:33 EXEC SPC_M007_FND1
2018-10-19 05:08:58 EXEC SPC_COM_MENU '1';
2018-10-19 05:08:58 EXEC SPC_M007_ACT1 '7','<row row_id="0" number_id="0" content="" num_remark1="" num_remark2="" num_remark3="" text_remark1="" text_remark2="" text_remark3="" /><row row_id="1" number_id="1" content="Từ Vựng" num_remark1="" num_remark2="" num_remark3="" text_remark1="" text_remark2="" text_remark3="" /><row row_id="2" number_id="2" content="Ngữ Pháp" num_remark1="1" num_remark2="" num_remark3="" text_remark1="" text_remark2="" text_remark3="" /><row row_id="3" number_id="3" content="Nghe" num_remark1="" num_remark2="" num_remark3="" text_remark1="" text_remark2="" text_remark3="" /><row row_id="4" number_id="4" content="Học Viết" num_remark1="" num_remark2="" num_remark3="" text_remark1="" text_remark2="" text_remark3="" /><row row_id="5" number_id="5" content="Đọc Hiểu" num_remark1="" num_remark2="" num_remark3="" text_remark1="" text_remark2="" text_remark3="" /><row row_id="6" number_id="6" content="Câu Hỏi Thảo Luận" num_remark1="2" num_remark2="" num_remark3="" text_remark1="" text_remark2="" text_remark3="" /><row row_id="7" number_id="7" content="Giải Trí Hình Ảnh" num_remark1="3" num_remark2="" num_remark3="" text_remark1="" text_remark2="" text_remark3="" /><row row_id="8" number_id="8" content="Giải Trí Video" num_remark1="4" num_remark2="" num_remark3="" text_remark1="" text_remark2="" text_remark3="" /><row row_id="9" number_id="9" content="Giải Trí Truyện" num_remark1="5" num_remark2="" num_remark3="" text_remark1="" text_remark2="" text_remark3="" /><row row_id="10" number_id="10" content="Quảng Cáo" num_remark1="6" num_remark2="" num_remark3="" text_remark1="" text_remark2="" text_remark3="" />','ndq809','127.0.0.1';
2018-10-19 05:08:59 EXEC SPC_COM_MENU '1';
2018-10-19 05:08:59 EXEC SPC_m007_LST1 '7';
2018-10-19 05:08:59 EXEC SPC_M007_FND1
2018-10-19 05:13:19 EXEC SPC_COM_PERMISSION '1','2','w002';
2018-10-19 05:13:19 EXEC SPC_COM_MENU '1';
2018-10-19 05:13:19 EXEC SPC_W002_FND1
2018-10-19 05:13:22 EXEC SPC_COM_MENU '1';
2018-10-19 05:13:22 EXEC SPC_W002_LST1 '17';
2018-10-19 05:13:22 EXEC SPC_COM_MENU '1';
2018-10-19 05:13:22 EXEC SPC_COMMON_CATALORUE '7';
2018-10-19 05:13:40 EXEC SPC_COM_MENU '1';
2018-10-19 05:13:40 EXEC SPC_w002_ACT1 '17','7','','','beautiful girl','<row tag_nm="girl" is_new="1" /><row tag_nm="anime" is_new="1" />','<p>the best girl ever !</p>
','','','0','','','','ndq809','127.0.0.1';
2018-10-19 05:13:41 EXEC SPC_COM_MENU '1';
2018-10-19 05:13:41 EXEC SPC_W002_LST1 '17';
2018-10-19 05:13:42 EXEC SPC_COM_MENU '1';
2018-10-19 05:13:42 EXEC SPC_COMMON_CATALORUE '7';
2018-10-19 05:14:42 EXEC SPC_COM_PERMISSION '1','2','w002';
2018-10-19 05:14:42 EXEC SPC_COM_MENU '1';
2018-10-19 05:14:42 EXEC SPC_W002_FND1
2018-10-19 05:14:44 EXEC SPC_COM_MENU '1';
2018-10-19 05:14:44 EXEC SPC_W002_LST1 '17';
2018-10-19 05:14:44 EXEC SPC_COM_MENU '1';
2018-10-19 05:14:44 EXEC SPC_COMMON_CATALORUE '7';
2018-10-19 05:23:42 EXEC SPC_COM_PERMISSION '1','2','w002';
2018-10-19 05:23:42 EXEC SPC_COM_MENU '1';
2018-10-19 05:23:42 EXEC SPC_W002_FND1
2018-10-19 05:23:45 EXEC SPC_COM_MENU '1';
2018-10-19 05:23:45 EXEC SPC_W002_LST1 '17';
2018-10-19 05:23:45 EXEC SPC_COM_MENU '1';
2018-10-19 05:23:45 EXEC SPC_COMMON_CATALORUE '7';
2018-10-19 05:24:01 EXEC SPC_COM_MENU '1';
2018-10-19 05:24:01 EXEC SPC_w002_ACT1 '17','7','','','beautiful girl','<row tag_nm="girl" is_new="1" /><row tag_nm="anime" is_new="1" />','<p>the best girl ever !</p>
','','','0','','','','ndq809','127.0.0.1';
2018-10-19 08:00:37 EXEC SPC_COM_PERMISSION '1','2','w002';
2018-10-19 08:00:38 EXEC SPC_COM_MENU '1';
2018-10-19 08:00:38 EXEC SPC_W002_FND1
2018-10-19 08:02:26 EXEC SPC_COM_PERMISSION '1','2','w002';
2018-10-19 08:02:26 EXEC SPC_COM_MENU '1';
2018-10-19 08:02:26 EXEC SPC_W002_FND1
2018-10-19 08:02:34 EXEC SPC_COM_MENU '1';
2018-10-19 08:02:34 EXEC SPC_W002_LST1 '17';
2018-10-19 08:02:34 EXEC SPC_COM_MENU '1';
2018-10-19 08:02:34 EXEC SPC_COMMON_CATALORUE '7';
2018-10-19 08:27:11 EXEC SPC_COM_PERMISSION '1','2','w002';
2018-10-19 08:27:11 EXEC SPC_COM_MENU '1';
2018-10-19 08:27:11 EXEC SPC_W002_FND1
2018-10-19 08:28:14 EXEC SPC_COM_PERMISSION '1','2','w002';
2018-10-19 08:28:14 EXEC SPC_COM_MENU '1';
2018-10-19 08:28:14 EXEC SPC_W002_FND1
2018-10-19 08:28:16 EXEC SPC_COM_MENU '1';
2018-10-19 08:28:16 EXEC SPC_COMMON_CATALORUE '2';
2018-10-19 08:28:17 EXEC SPC_COM_PERMISSION '1','2','w002';
2018-10-19 08:28:17 EXEC SPC_COM_MENU '1';
2018-10-19 08:28:17 EXEC SPC_W002_FND1
2018-10-19 08:28:19 EXEC SPC_COM_MENU '1';
2018-10-19 08:28:19 EXEC SPC_W002_LST1 '17';
2018-10-19 08:28:19 EXEC SPC_COM_MENU '1';
2018-10-19 08:28:19 EXEC SPC_COMMON_CATALORUE '7';
2018-10-19 08:28:58 EXEC SPC_COM_PERMISSION '1','2','w002';
2018-10-19 08:28:58 EXEC SPC_COM_MENU '1';
2018-10-19 08:28:58 EXEC SPC_W002_FND1
2018-10-19 08:29:07 EXEC SPC_COM_MENU '1';
2018-10-19 08:29:07 EXEC SPC_W002_LST1 '17';
2018-10-19 08:29:07 EXEC SPC_COM_MENU '1';
2018-10-19 08:29:07 EXEC SPC_COMMON_CATALORUE '7';
2018-10-19 08:30:36 EXEC SPC_COM_PERMISSION '1','2','w002';
2018-10-19 08:30:36 EXEC SPC_COM_MENU '1';
2018-10-19 08:30:36 EXEC SPC_W002_FND1
2018-10-19 08:30:38 EXEC SPC_COM_MENU '1';
2018-10-19 08:30:38 EXEC SPC_W002_LST1 '17';
2018-10-19 08:30:38 EXEC SPC_COM_MENU '1';
2018-10-19 08:30:38 EXEC SPC_COMMON_CATALORUE '7';
