2018-12-10 00:18:27 EXEC SPC_COM_DATA '','','';
2018-12-10 00:18:32 EXEC SPC_COM_DATA '','','';
2018-12-10 00:18:32 EXEC SPC_RELAX_LST1 '','';
2018-12-10 00:18:33 EXEC SPC_COM_DATA '','','';
2018-12-10 00:18:33 EXEC SPC_RELAX_LST2 '','1','1','1','0','','';
2018-12-10 00:18:36 EXEC SPC_COM_DATA '','','';
2018-12-10 00:18:36 EXEC SPC_RELAX_LST2 '','1','1','1','<row tag_id="70" /><row tag_id="71" /><row tag_id="72" />','0','';
2018-12-10 00:18:36 EXEC SPC_COM_DATA '','','';
2018-12-10 00:18:36 EXEC SPC_RELAX_LST2 '','1','1','1','<row tag_id="70" /><row tag_id="71" /><row tag_id="72" />','0','';
2018-12-10 00:18:36 EXEC SPC_COM_DATA '','','';
2018-12-10 00:18:36 EXEC SPC_RELAX_LST2 '','1','1','1','<row tag_id="70" /><row tag_id="71" /><row tag_id="72" />','0','';
2018-12-10 00:18:36 EXEC SPC_COM_DATA '','','';
2018-12-10 00:18:36 EXEC SPC_RELAX_LST2 '','1','1','1','<row tag_id="70" /><row tag_id="71" /><row tag_id="72" />','0','';
2018-12-10 00:18:37 EXEC SPC_COM_DATA '','','';
2018-12-10 00:18:37 EXEC SPC_RELAX_LST2 '','1','1','1','<row tag_id="70" /><row tag_id="71" /><row tag_id="72" />','0','';
2018-12-10 00:18:37 EXEC SPC_COM_DATA '','','';
2018-12-10 00:18:37 EXEC SPC_RELAX_LST2 '','1','1','1','<row tag_id="70" /><row tag_id="71" /><row tag_id="72" />','0','';
2018-12-10 00:18:40 EXEC SPC_COM_DATA '','','';
2018-12-10 00:18:40 EXEC SPC_RELAX_LST2 '','1','1','1','<row tag_id="70" /><row tag_id="71" /><row tag_id="72" />','0','';
2018-12-10 00:18:40 EXEC SPC_COM_DATA '','','';
2018-12-10 00:18:40 EXEC SPC_RELAX_LST2 '','1','1','1','<row tag_id="70" /><row tag_id="71" /><row tag_id="72" />','0','';
2018-12-10 00:18:40 EXEC SPC_COM_DATA '','','';
2018-12-10 00:18:40 EXEC SPC_RELAX_LST2 '','1','1','1','<row tag_id="70" /><row tag_id="71" /><row tag_id="72" />','0','';
2018-12-10 00:18:40 EXEC SPC_COM_DATA '','','';
2018-12-10 00:18:40 EXEC SPC_RELAX_LST2 '','1','1','1','<row tag_id="70" /><row tag_id="71" /><row tag_id="72" />','0','';
2018-12-10 00:18:50 EXEC SPC_COM_DATA '','','';
2018-12-10 00:18:50 EXEC SPC_RELAX_ACT2 '27','','127.0.0.1';
2018-12-10 00:19:04 EXEC SPC_COM_DATA '','','';
2018-12-10 00:19:04 EXEC SPC_RELAX_LST2 '','1','1','1','<row tag_id="70" /><row tag_id="71" /><row tag_id="72" />','0','';
2018-12-10 00:19:04 EXEC SPC_COM_DATA '','','';
2018-12-10 00:19:04 EXEC SPC_RELAX_LST2 '','1','1','1','<row tag_id="70" /><row tag_id="71" /><row tag_id="72" />','0','';
2018-12-10 00:19:04 EXEC SPC_COM_DATA '','','';
2018-12-10 00:19:04 EXEC SPC_RELAX_LST2 '','1','1','1','<row tag_id="70" /><row tag_id="71" /><row tag_id="72" />','0','';
2018-12-10 00:19:04 EXEC SPC_COM_DATA '','','';
2018-12-10 00:19:04 EXEC SPC_RELAX_LST2 '','1','1','1','<row tag_id="70" /><row tag_id="71" /><row tag_id="72" />','0','';
2018-12-10 00:19:04 EXEC SPC_COM_DATA '','','';
2018-12-10 00:19:04 EXEC SPC_RELAX_LST2 '','1','1','1','<row tag_id="70" /><row tag_id="71" /><row tag_id="72" />','0','';
2018-12-10 00:19:04 EXEC SPC_COM_DATA '','','';
2018-12-10 00:19:04 EXEC SPC_RELAX_LST2 '','1','1','1','<row tag_id="70" /><row tag_id="71" /><row tag_id="72" />','0','';
2018-12-10 00:19:05 EXEC SPC_COM_DATA '','','';
2018-12-10 00:19:05 EXEC SPC_RELAX_LST2 '','1','1','1','<row tag_id="70" /><row tag_id="71" /><row tag_id="72" />','0','';
2018-12-10 00:19:05 EXEC SPC_COM_DATA '','','';
2018-12-10 00:19:05 EXEC SPC_RELAX_LST2 '','1','1','1','<row tag_id="70" /><row tag_id="71" /><row tag_id="72" />','0','';
2018-12-10 00:19:15 EXEC SPC_COM_DATA '','','';
2018-12-10 00:19:15 EXEC SPC_RELAX_ACT2 '27','','127.0.0.1';
2018-12-10 00:58:58 EXEC SPC_COM_DATA '','','';
2018-12-10 00:58:58 EXEC SPC_RELAX_ACT2 '27','','127.0.0.1';
2018-12-10 01:13:59 EXEC SPC_COM_DATA '','','';
2018-12-10 01:13:59 EXEC SPC_RELAX_ACT2 '27','','127.0.0.1';
2018-12-10 01:21:14 EXEC SPC_COM_DATA '','','';
2018-12-10 01:21:14 EXEC SPC_RELAX_LST1 '27','';
2018-12-10 01:21:15 EXEC SPC_COM_DATA '','','';
2018-12-10 01:21:15 EXEC SPC_RELAX_LST2 '27','1','1','1','0','','';
2018-12-10 01:21:20 EXEC SPC_COM_DATA '','','';
2018-12-10 01:21:20 EXEC SPC_TRANSLATE_LST1 '','';
2018-12-10 01:21:22 EXEC SPC_COM_DATA '','','';
2018-12-10 01:21:22 EXEC SPC_RELAX_LST1 '','';
2018-12-10 01:21:23 EXEC SPC_COM_DATA '','','';
2018-12-10 01:21:23 EXEC SPC_RELAX_LST2 '','1','1','1','0','','';
2018-12-10 01:21:24 EXEC SPC_COM_DATA '','','';
2018-12-10 01:21:24 EXEC SPC_TRANSLATE_LST1 '','';
2018-12-10 01:21:25 EXEC SPC_COM_DATA '','','';
2018-12-10 01:21:25 EXEC SPC_RELAX_LST1 '','';
2018-12-10 01:21:25 EXEC SPC_COM_DATA '','','';
2018-12-10 01:21:25 EXEC SPC_RELAX_LST2 '','1','1','1','0','','';
2018-12-10 01:21:27 EXEC SPC_COM_DATA '','','';
2018-12-10 01:21:27 EXEC SPC_TRANSLATE_LST1 '','';
2018-12-10 01:47:43 EXEC SPC_COM_DATA '','','';
2018-12-10 01:48:42 EXEC SPC_COM_DATA '','','';
2018-12-10 01:48:42 EXEC SPC_DICTIONARY_LST1 '','';
2018-12-10 01:48:46 EXEC SPC_COM_DATA '','','';
2018-12-10 01:51:09 EXEC SPC_COM_DATA '','','';
2018-12-10 01:51:09 EXEC SPC_DICTIONARY_LST1 '','';
2018-12-10 01:51:23 EXEC SPC_COM_DATA '','','';
2018-12-10 01:51:23 EXEC SPC_DICTIONARY_LST3 'hel';
2018-12-10 01:51:27 EXEC SPC_COM_DATA '','','';
2018-12-10 01:51:27 EXEC SPC_DICTIONARY_LST2 'Hello','','127.0.0.1';
2018-12-10 01:51:43 EXEC SPC_COM_DATA '','','';
2018-12-10 01:51:43 EXEC SPC_DICTIONARY_LST3 'Hello';
2018-12-10 01:51:46 EXEC SPC_COM_DATA '','','';
2018-12-10 01:51:46 EXEC SPC_DICTIONARY_LST3 'king';
2018-12-10 01:51:47 EXEC SPC_COM_DATA '','','';
2018-12-10 01:51:47 EXEC SPC_DICTIONARY_LST2 'king','','127.0.0.1';
2018-12-10 01:52:35 EXEC SPC_COM_DATA '','','';
2018-12-10 01:52:35 EXEC SPC_RELAX_LST1 '','';
2018-12-10 01:52:36 EXEC SPC_COM_DATA '','','';
2018-12-10 01:52:36 EXEC SPC_RELAX_LST2 '','1','1','1','0','','';
2018-12-10 01:52:39 EXEC SPC_COM_DATA '','','';
2018-12-10 01:52:39 EXEC SPC_RELAX_LST2 '27','1','1','1','<row tag_id="70" /><row tag_id="71" /><row tag_id="72" />','0','';
2018-12-10 01:52:45 EXEC SPC_COM_DATA '','','';
2018-12-10 01:52:45 EXEC SPC_RELAX_LST2 '27','1','1','1','<row tag_id="70" /><row tag_id="71" /><row tag_id="72" />','0','';
2018-12-10 01:52:49 EXEC SPC_COM_DATA '','','';
2018-12-10 01:52:49 EXEC SPC_RELAX_LST2 '27','1','1','1','<row tag_id="70" /><row tag_id="71" /><row tag_id="72" />','0','';
2018-12-10 01:52:53 EXEC SPC_COM_DATA '','','';
2018-12-10 01:52:53 EXEC SPC_RELAX_LST1 '27','';
2018-12-10 01:52:53 EXEC SPC_COM_DATA '','','';
2018-12-10 01:52:53 EXEC SPC_RELAX_LST2 '27','1','1','1','0','','';
2018-12-10 01:52:55 EXEC SPC_COM_DATA '','','';
2018-12-10 01:52:55 EXEC SPC_DICTIONARY_LST1 '','';
2018-12-10 01:52:56 EXEC SPC_COM_DATA '','','';
2018-12-10 01:52:56 EXEC SPC_RELAX_LST1 '','';
2018-12-10 01:52:56 EXEC SPC_COM_DATA '','','';
2018-12-10 01:52:56 EXEC SPC_RELAX_LST2 '','1','1','1','0','','';
2018-12-10 01:52:57 EXEC SPC_COM_DATA '','','';
2018-12-10 01:52:57 EXEC SPC_DICTIONARY_LST1 '','';
2018-12-10 01:52:58 EXEC SPC_COM_DATA '','','';
2018-12-10 01:52:58 EXEC SPC_RELAX_LST1 '','';
2018-12-10 01:52:58 EXEC SPC_COM_DATA '','','';
2018-12-10 01:52:58 EXEC SPC_RELAX_LST2 '','1','1','1','0','','';
2018-12-10 01:53:00 EXEC SPC_COM_DATA '','','';
2018-12-10 01:53:00 EXEC SPC_DICTIONARY_LST1 '','';
2018-12-10 01:53:01 EXEC SPC_COM_DATA '','','';
2018-12-10 01:53:01 EXEC SPC_SOCIAL_LST1 '','';
2018-12-10 01:53:01 EXEC SPC_COM_DATA '','','';
2018-12-10 01:53:01 EXEC SPC_SOCIAL_LST2 '','1','','';
2018-12-10 01:53:02 EXEC SPC_COM_DATA '','','';
2018-12-10 01:53:02 EXEC SPC_READING_LST1 '','','','';
2018-12-10 01:53:02 EXEC SPC_COM_DATA '','','';
2018-12-10 01:53:02 EXEC SPC_READING_LST2 '12','14','';
2018-12-10 01:53:03 EXEC SPC_COM_DATA '','','';
2018-12-10 01:53:03 EXEC SPC_WRITING_LST1 '','','12','14';
2018-12-10 01:53:03 EXEC SPC_COM_DATA '','','';
2018-12-10 01:53:03 EXEC SPC_COMMON_GET_SUGGEST
2018-12-10 01:53:03 EXEC SPC_COM_DATA '','','';
2018-12-10 01:53:03 EXEC SPC_WRITING_LST2 '9','10','';
2018-12-10 01:53:04 EXEC SPC_COM_DATA '','','';
2018-12-10 01:53:04 EXEC SPC_LISTENING_LST1 '','','9','10';
2018-12-10 01:53:04 EXEC SPC_COM_DATA '','','';
2018-12-10 01:53:04 EXEC SPC_LISTENING_LST2 '8','8','';
2018-12-10 01:53:05 EXEC SPC_COM_DATA '','','';
2018-12-10 01:53:05 EXEC SPC_GRAMMAR_LST1 '','','8','8';
2018-12-10 01:53:06 EXEC SPC_COM_DATA '','','';
2018-12-10 01:53:06 EXEC SPC_GRAMMAR_LST2 '6','6','';
2018-12-10 01:53:06 EXEC SPC_COM_DATA '','','';
2018-12-10 01:53:06 EXEC SPC_VOCABULARY_LST1 '','','6','6';
2018-12-10 01:53:07 EXEC SPC_COM_DATA '','','';
2018-12-10 01:53:07 EXEC SPC_VOCABULARY_LST2 '2','1','';
2018-12-10 01:53:08 EXEC SPC_COM_DATA '','','';
2018-12-10 01:53:08 EXEC SPC_RELAX_LST1 '','';
2018-12-10 01:53:09 EXEC SPC_COM_DATA '','','';
2018-12-10 01:53:09 EXEC SPC_RELAX_LST2 '','1','1','1','0','','';
2018-12-10 01:53:10 EXEC SPC_COM_DATA '','','';
2018-12-10 01:53:10 EXEC SPC_DICTIONARY_LST1 '','';
2018-12-10 02:00:36 EXEC SPC_COM_DATA '','','';
2018-12-10 02:00:36 EXEC SPC_DICTIONARY_LST3 'he,l';
2018-12-10 02:00:39 EXEC SPC_COM_DATA '','','';
2018-12-10 02:00:39 EXEC SPC_DICTIONARY_LST3 'hel';
2018-12-10 02:00:49 EXEC SPC_COM_DATA '','','';
2018-12-10 02:00:54 EXEC SPC_COM_DATA '','','';
2018-12-10 02:00:54 EXEC SPC_RELAX_LST1 '','';
2018-12-10 02:00:54 EXEC SPC_COM_DATA '','','';
2018-12-10 02:00:54 EXEC SPC_RELAX_LST2 '','1','1','1','0','','';
2018-12-10 02:00:56 EXEC SPC_COM_DATA '','','';
2018-12-10 02:00:56 EXEC SPC_DICTIONARY_LST1 '','';
2018-12-10 02:00:58 EXEC SPC_COM_DATA '','','';
2018-12-10 02:00:58 EXEC SPC_RELAX_LST1 '','';
2018-12-10 02:00:59 EXEC SPC_COM_DATA '','','';
2018-12-10 02:00:59 EXEC SPC_RELAX_LST2 '','1','1','1','0','','';
2018-12-10 02:01:02 EXEC SPC_COM_DATA '','','';
2018-12-10 02:01:02 EXEC SPC_SOCIAL_LST1 '','';
2018-12-10 02:01:03 EXEC SPC_COM_DATA '','','';
2018-12-10 02:01:03 EXEC SPC_SOCIAL_LST2 '','1','','';
2018-12-10 02:01:08 EXEC SPC_COM_DATA '','','';
2018-12-10 02:01:08 EXEC SPC_SOCIAL_ACT2 '21','','127.0.0.1';
2018-12-10 02:01:52 EXEC SPC_COM_DATA '','','';
2018-12-10 02:01:52 EXEC SPC_DICTIONARY_LST1 '','';
2018-12-10 02:01:54 EXEC SPC_COM_DATA '','','';
2018-12-10 02:01:54 EXEC SPC_VOCABULARY_LST1 '','','2','1';
2018-12-10 02:01:55 EXEC SPC_COM_DATA '','','';
2018-12-10 02:01:55 EXEC SPC_VOCABULARY_LST2 '2','1','';
2018-12-10 02:01:56 EXEC SPC_COM_DATA '','','';
2018-12-10 02:02:05 EXEC SPC_COM_DATA '','','';
2018-12-10 02:02:05 EXEC SPC_VOCABULARY_LST1 '','','2','1';
2018-12-10 02:02:05 EXEC SPC_COM_DATA '','','';
2018-12-10 02:02:05 EXEC SPC_VOCABULARY_LST2 '2','1','';
2018-12-10 02:08:55 EXEC SPC_COM_DATA '','','';
2018-12-10 02:08:55 EXEC SPC_VOCABULARY_LST1 '1','','2','1';
2018-12-10 02:08:56 EXEC SPC_COM_DATA '','','';
2018-12-10 02:08:56 EXEC SPC_VOCABULARY_LST2 '2','1','';
2018-12-10 02:08:57 EXEC SPC_COM_DATA '','','';
2018-12-10 02:08:57 EXEC SPC_VOCABULARY_LST1 '1','','2','1';
2018-12-10 02:08:57 EXEC SPC_COM_DATA '','','';
2018-12-10 02:08:57 EXEC SPC_VOCABULARY_LST2 '2','1','';
2018-12-10 02:08:59 EXEC SPC_COM_DATA '','','';
2018-12-10 02:08:59 EXEC SPC_TRANSLATION_LST1 '','','2','1';
2018-12-10 02:08:59 SQLSTATE[42000]: [Microsoft][ODBC Driver 13 for SQL Server][SQL Server]ストアド プロシージャ 'SPC_TRANSLATION_LST1' が見つかりませんでした。
2018-12-10 02:10:46 EXEC SPC_COM_DATA '','','';
2018-12-10 02:10:46 EXEC SPC_TRANSLATION_LST1 '','','2','1';
2018-12-10 02:10:46 SQLSTATE[42000]: [Microsoft][ODBC Driver 13 for SQL Server][SQL Server]ストアド プロシージャ 'SPC_TRANSLATION_LST1' が見つかりませんでした。
2018-12-10 02:11:24 EXEC SPC_COM_DATA '','','';
2018-12-10 02:11:49 EXEC SPC_COM_DATA '','','';
2018-12-10 02:12:15 EXEC SPC_COM_DATA '','','';
2018-12-10 02:13:34 EXEC SPC_COM_DATA '','','';
2018-12-10 02:13:54 EXEC SPC_COM_DATA '','','';
2018-12-10 02:16:35 EXEC SPC_COM_DATA '','','';
2018-12-10 05:10:04 EXEC SPC_COM_DATA '','','';
2018-12-10 05:16:08 EXEC SPC_COM_DATA '','','';
2018-12-10 05:16:34 EXEC SPC_COM_DATA '','','';
2018-12-10 05:18:10 EXEC SPC_COM_DATA '','','';
2018-12-10 05:19:29 EXEC SPC_COM_DATA '','','';
2018-12-10 05:20:04 EXEC SPC_COM_DATA '','','';
2018-12-10 05:26:23 EXEC SPC_COM_DATA '','','';
2018-12-10 05:28:04 EXEC SPC_COM_DATA '','','';
2018-12-10 05:28:22 EXEC SPC_COM_DATA '','','';
2018-12-10 05:31:56 EXEC SPC_COM_DATA '','','';
2018-12-10 05:32:51 EXEC SPC_COM_DATA '','','';
2018-12-10 05:33:02 EXEC SPC_COM_DATA '','','';
2018-12-10 05:33:30 EXEC SPC_COM_DATA '','','';
2018-12-10 05:33:57 EXEC SPC_COM_DATA '','','';
2018-12-10 05:34:13 EXEC SPC_COM_DATA '','','';
2018-12-10 05:37:17 EXEC SPC_COM_DATA '','','';
2018-12-10 05:37:30 EXEC SPC_COM_DATA '','','';
2018-12-10 05:38:33 EXEC SPC_COM_DATA '','','';
2018-12-10 05:38:54 EXEC SPC_COM_DATA '','','';
2018-12-10 05:41:01 EXEC SPC_COM_DATA '','','';
2018-12-10 05:49:47 EXEC SPC_COM_DATA '','','';
2018-12-10 05:52:27 EXEC SPC_COM_DATA '','','';
2018-12-10 05:53:20 EXEC SPC_COM_DATA '','','';
2018-12-10 05:53:39 EXEC SPC_COM_DATA '','','';
2018-12-10 05:53:51 EXEC SPC_COM_DATA '','','';
2018-12-10 05:54:12 EXEC SPC_COM_DATA '','','';
2018-12-10 05:57:02 EXEC SPC_COM_DATA '','','';
2018-12-10 05:58:49 EXEC SPC_COM_DATA '','','';
2018-12-10 06:00:01 EXEC SPC_COM_DATA '','','';
2018-12-10 06:00:12 EXEC SPC_COM_DATA '','','';
2018-12-10 06:00:32 EXEC SPC_COM_DATA '','','';
2018-12-10 06:02:19 EXEC SPC_COM_DATA '','','';
2018-12-10 06:03:45 EXEC SPC_COM_DATA '','','';
2018-12-10 06:04:51 EXEC SPC_COM_DATA '','','';
2018-12-10 06:06:06 EXEC SPC_COM_DATA '','','';
2018-12-10 06:08:36 EXEC SPC_COM_DATA '','','';
2018-12-10 06:29:50 EXEC SPC_COM_DATA '','','';
2018-12-10 06:49:51 EXEC SPC_COM_DATA '','','';
2018-12-10 07:07:34 EXEC SPC_COM_DATA '','','';
2018-12-10 07:17:55 EXEC SPC_COM_DATA '','','';
2018-12-10 07:18:57 EXEC SPC_COM_DATA '','','';
2018-12-10 07:21:55 EXEC SPC_COM_DATA '','','';
2018-12-10 07:22:41 EXEC SPC_COM_DATA '','','';
2018-12-10 07:24:51 EXEC SPC_COM_DATA '','','';
2018-12-10 07:25:10 EXEC SPC_COM_DATA '','','';
2018-12-10 07:26:30 EXEC SPC_COM_DATA '','','';
2018-12-10 07:27:22 EXEC SPC_COM_DATA '','','';
2018-12-10 07:28:03 EXEC SPC_COM_DATA '','','';
2018-12-10 07:29:37 EXEC SPC_COM_DATA '','','';
2018-12-10 07:30:04 EXEC SPC_COM_DATA '','','';
2018-12-10 07:31:02 EXEC SPC_COM_DATA '','','';
2018-12-10 07:32:21 EXEC SPC_COM_DATA '','','';
2018-12-10 07:34:18 EXEC SPC_COM_DATA '','','';
2018-12-10 07:34:18 EXEC SPC_GRAMMAR_LST1 '','','2','1';
2018-12-10 07:34:19 EXEC SPC_COM_DATA '','','';
2018-12-10 07:34:19 EXEC SPC_GRAMMAR_LST2 '6','6','';
2018-12-10 07:34:21 EXEC SPC_COM_DATA '','','';
2018-12-10 07:34:21 EXEC SPC_VOCABULARY_LST1 '','','6','6';
2018-12-10 07:34:22 EXEC SPC_COM_DATA '','','';
2018-12-10 07:34:22 EXEC SPC_VOCABULARY_LST2 '2','1','';
2018-12-10 07:34:27 EXEC SPC_COM_DATA '','','';
2018-12-10 07:34:27 EXEC SPC_LISTENING_LST1 '','','2','1';
2018-12-10 07:34:27 EXEC SPC_COM_DATA '','','';
2018-12-10 07:34:27 EXEC SPC_LISTENING_LST2 '8','8','';
2018-12-10 07:34:38 EXEC SPC_COMMON_ACCOUNT '2','1';
2018-12-10 07:34:38 EXEC SPC_COM_DATA 'khoai','2','1';
2018-12-10 07:34:38 EXEC SPC_LISTENING_LST1 '22','khoai','8','8';
2018-12-10 07:34:39 EXEC SPC_COM_DATA 'khoai','2','1';
2018-12-10 07:34:39 EXEC SPC_LISTENING_LST2 '8','8','khoai';
2018-12-10 07:39:34 EXEC SPC_COM_DATA 'khoai','2','1';
2018-12-10 07:39:34 EXEC SPC_COM_MENU '2';
2018-12-10 07:39:36 EXEC SPC_COM_DATA 'khoai','2','1';
2018-12-10 07:40:39 EXEC SPC_COM_DATA 'khoai','2','1';
2018-12-10 07:41:40 EXEC SPC_COM_DATA 'khoai','2','1';
2018-12-10 07:41:55 EXEC SPC_COM_DATA 'khoai','2','1';
2018-12-10 07:42:43 EXEC SPC_COM_DATA 'khoai','2','1';
2018-12-10 07:42:48 EXEC SPC_COM_DATA 'khoai','2','1';
2018-12-10 07:42:59 EXEC SPC_COM_DATA 'khoai','2','1';
2018-12-10 07:43:08 EXEC SPC_COM_DATA 'khoai','2','1';
2018-12-10 07:44:06 EXEC SPC_COM_DATA 'khoai','2','1';
2018-12-10 07:46:39 EXEC SPC_COM_DATA 'khoai','2','1';
2018-12-10 07:47:30 EXEC SPC_COM_DATA 'khoai','2','1';
2018-12-10 07:47:51 EXEC SPC_COM_DATA 'khoai','2','1';
2018-12-10 07:52:10 EXEC SPC_COM_DATA 'khoai','2','1';
2018-12-10 07:52:21 EXEC SPC_COM_DATA 'khoai','2','1';
2018-12-10 08:13:20 EXEC SPC_COM_DATA 'khoai','2','1';
2018-12-10 08:14:26 EXEC SPC_COM_DATA 'khoai','2','1';
2018-12-10 08:15:23 EXEC SPC_COM_DATA 'khoai','2','1';
2018-12-10 08:31:52 EXEC SPC_COM_DATA 'khoai','2','1';
2018-12-10 08:32:25 EXEC SPC_COM_DATA 'khoai','2','1';
2018-12-10 08:35:14 EXEC SPC_COM_DATA 'khoai','2','1';
2018-12-10 08:36:17 EXEC SPC_COM_DATA 'khoai','2','1';
2018-12-10 08:36:49 EXEC SPC_COM_DATA 'khoai','2','1';
2018-12-10 08:38:20 EXEC SPC_COM_DATA 'khoai','2','1';
2018-12-10 08:39:08 EXEC SPC_COM_DATA 'khoai','2','1';
2018-12-10 08:39:48 EXEC SPC_COM_DATA 'khoai','2','1';
2018-12-10 08:40:15 EXEC SPC_COM_DATA 'khoai','2','1';
2018-12-10 08:40:46 EXEC SPC_COM_DATA 'khoai','2','1';
2018-12-10 08:41:36 EXEC SPC_COM_DATA 'khoai','2','1';
2018-12-10 08:43:17 EXEC SPC_COM_DATA 'khoai','2','1';
2018-12-10 08:46:01 EXEC SPC_COM_DATA 'khoai','2','1';
2018-12-10 08:47:47 EXEC SPC_COM_DATA 'khoai','2','1';
2018-12-10 08:48:40 EXEC SPC_COM_DATA 'khoai','2','1';
2018-12-10 08:50:54 EXEC SPC_COM_DATA 'khoai','2','1';
