2018-10-15 00:01:49 EXEC SPC_COM_DATA '','','';
2018-10-15 00:02:03 EXEC SPC_COM_DATA '','','';
2018-10-15 00:02:03 EXEC SPC_WRITING_LST1 '','','','';
2018-10-15 00:02:04 EXEC SPC_COM_DATA '','','';
2018-10-15 00:02:04 EXEC SPC_WRITING_LST2 '9','10','';
2018-10-15 00:02:40 EXEC SPC_COM_DATA '','','';
2018-10-15 00:02:40 EXEC SPC_WRITING_LST2 '9','11','';
2018-10-15 00:02:43 EXEC SPC_COM_DATA '','','';
2018-10-15 00:02:43 EXEC SPC_WRITING_LST2 '9','10','';
2018-10-15 00:03:11 EXEC SPC_COM_DATA '','','';
2018-10-15 00:03:11 EXEC SPC_WRITING_LST1 '','','9','10';
2018-10-15 00:03:11 EXEC SPC_COM_DATA '','','';
2018-10-15 00:03:11 EXEC SPC_WRITING_LST2 '9','10','';
2018-10-15 00:03:21 EXEC SPC_COM_DATA '','','';
2018-10-15 00:03:21 EXEC SPC_READING_LST1 '','','9','10';
2018-10-15 00:03:21 EXEC SPC_COM_DATA '','','';
2018-10-15 00:03:21 EXEC SPC_READING_LST2 '12','14','';
2018-10-15 00:03:39 EXEC SPC_COM_DATA '','','';
2018-10-15 00:03:39 EXEC SPC_WRITING_LST1 '','','12','14';
2018-10-15 00:03:39 EXEC SPC_COM_DATA '','','';
2018-10-15 00:03:39 EXEC SPC_WRITING_LST2 '9','10','';
2018-10-15 00:04:58 EXEC SPC_COM_DATA '','','';
2018-10-15 00:04:58 EXEC SPC_READING_LST1 '','','9','10';
2018-10-15 00:04:59 EXEC SPC_COM_DATA '','','';
2018-10-15 00:04:59 EXEC SPC_READING_LST2 '12','14','';
2018-10-15 00:05:05 EXEC SPC_COM_DATA '','','';
2018-10-15 00:05:05 EXEC SPC_WRITING_LST1 '','','12','14';
2018-10-15 00:05:05 EXEC SPC_COM_DATA '','','';
2018-10-15 00:05:05 EXEC SPC_WRITING_LST2 '9','10','';
2018-10-15 00:05:58 EXEC SPC_COM_DATA '','','';
2018-10-15 00:05:58 EXEC SPC_WRITING_LST1 '','','9','10';
2018-10-15 00:05:58 EXEC SPC_COM_DATA '','','';
2018-10-15 00:05:58 EXEC SPC_WRITING_LST2 '9','10','';
2018-10-15 00:06:03 EXEC SPC_COM_DATA '','','';
2018-10-15 00:06:03 EXEC SPC_COM_GET_PAGE_COMMENT '1','4','12','1','';
2018-10-15 00:18:31 EXEC SPC_COMMON_ACCOUNT '1','1';
2018-10-15 00:18:32 EXEC SPC_COM_DATA 'quypro','1','1';
2018-10-15 00:18:32 EXEC SPC_WRITING_LST1 '12','quypro','9','10';
2018-10-15 00:18:32 EXEC SPC_COM_DATA 'quypro','1','1';
2018-10-15 00:18:32 EXEC SPC_WRITING_LST2 '9','10','quypro';
2018-10-15 00:18:47 EXEC SPC_COM_DATA 'quypro','1','1';
2018-10-15 00:18:47 EXEC SPC_COM_ADD_LESSON '4','9','10','quypro','127.0.0.1';
2018-10-15 00:19:04 EXEC SPC_COM_DATA 'quypro','1','1';
2018-10-15 00:19:04 EXEC SPC_COM_REMEMBER '4','1','1','12','quypro','127.0.0.1';
2018-10-15 00:25:05 EXEC SPC_COM_DATA 'quypro','1','1';
2018-10-15 00:25:05 EXEC SPC_VOCABULARY_LST1 '','quypro','9','10';
2018-10-15 00:25:06 EXEC SPC_COM_DATA 'quypro','1','1';
2018-10-15 00:25:06 EXEC SPC_VOCABULARY_LST2 '2','1','quypro';
2018-10-15 00:25:54 EXEC SPC_COM_DATA 'quypro','1','1';
2018-10-15 00:25:54 EXEC SPC_COM_REMEMBER '1','2','1','1','quypro','127.0.0.1';
2018-10-15 00:26:47 EXEC SPC_COM_DATA 'quypro','1','1';
2018-10-15 00:26:47 EXEC SPC_LISTENING_LST1 '','quypro','2','1';
2018-10-15 00:26:48 EXEC SPC_COM_DATA 'quypro','1','1';
2018-10-15 00:26:48 EXEC SPC_LISTENING_LST2 '8','8','quypro';
2018-10-15 00:28:30 EXEC SPC_COM_DATA 'quypro','1','1';
2018-10-15 00:28:31 EXEC SPC_VOCABULARY_LST1 '','quypro','8','8';
2018-10-15 00:28:31 EXEC SPC_COM_DATA 'quypro','1','1';
2018-10-15 00:28:31 EXEC SPC_VOCABULARY_LST2 '2','1','quypro';
2018-10-15 00:28:32 EXEC SPC_COM_DATA 'quypro','1','1';
2018-10-15 00:28:32 EXEC SPC_GRAMMAR_LST1 '','quypro','2','1';
2018-10-15 00:28:32 EXEC SPC_COM_DATA 'quypro','1','1';
2018-10-15 00:28:32 EXEC SPC_GRAMMAR_LST2 '6','6','quypro';
2018-10-15 00:28:34 EXEC SPC_COM_DATA 'quypro','1','1';
2018-10-15 00:28:34 EXEC SPC_COM_REMEMBER '2','2','1','4','quypro','127.0.0.1';
2018-10-15 00:28:38 EXEC SPC_COM_DATA 'quypro','1','1';
2018-10-15 00:28:38 EXEC SPC_LISTENING_LST1 '','quypro','6','6';
2018-10-15 00:28:38 EXEC SPC_COM_DATA 'quypro','1','1';
2018-10-15 00:28:38 EXEC SPC_LISTENING_LST2 '8','8','quypro';
2018-10-15 00:28:41 EXEC SPC_COM_DATA 'quypro','1','1';
2018-10-15 00:28:41 EXEC SPC_COM_REMEMBER '3','2','1','9','quypro','127.0.0.1';
2018-10-15 00:28:48 EXEC SPC_COM_DATA 'quypro','1','1';
2018-10-15 00:28:48 EXEC SPC_COM_REMEMBER '3','2','1','9','quypro','127.0.0.1';
2018-10-15 00:29:04 EXEC SPC_COM_DATA 'quypro','1','1';
2018-10-15 00:29:04 EXEC SPC_LISTENING_LST1 '','quypro','8','8';
2018-10-15 00:29:04 EXEC SPC_COM_DATA 'quypro','1','1';
2018-10-15 00:29:04 EXEC SPC_LISTENING_LST2 '8','8','quypro';
2018-10-15 00:29:11 EXEC SPC_COM_DATA 'quypro','1','1';
2018-10-15 00:29:11 EXEC SPC_COM_REMEMBER '3','2','1','9','quypro','127.0.0.1';
2018-10-15 00:37:05 EXEC SPC_COM_DATA 'quypro','1','1';
2018-10-15 00:37:05 EXEC SPC_GRAMMAR_LST1 '','quypro','8','8';
2018-10-15 00:37:06 EXEC SPC_COM_DATA 'quypro','1','1';
2018-10-15 00:37:06 EXEC SPC_GRAMMAR_LST2 '6','6','quypro';
2018-10-15 00:37:47 EXEC SPC_COM_DATA 'quypro','1','1';
2018-10-15 00:37:47 EXEC SPC_WRITING_LST1 '','quypro','6','6';
2018-10-15 00:37:48 EXEC SPC_COM_DATA 'quypro','1','1';
2018-10-15 00:37:48 EXEC SPC_WRITING_LST2 '9','10','quypro';
2018-10-15 00:38:30 EXEC SPC_COM_DATA 'quypro','1','1';
2018-10-15 00:38:30 EXEC SPC_READING_LST1 '','quypro','9','10';
2018-10-15 00:38:31 EXEC SPC_COM_DATA 'quypro','1','1';
2018-10-15 00:38:31 EXEC SPC_READING_LST2 '12','14','quypro';
2018-10-15 00:38:32 EXEC SPC_COM_DATA 'quypro','1','1';
2018-10-15 00:38:32 EXEC SPC_TRANSLATE_LST1 '','quypro';
2018-10-15 00:39:43 EXEC SPC_COM_DATA 'quypro','1','1';
2018-10-15 00:39:43 EXEC SPC_VOCABULARY_LST1 '','quypro','12','14';
2018-10-15 00:39:43 EXEC SPC_COM_DATA 'quypro','1','1';
2018-10-15 00:39:43 EXEC SPC_VOCABULARY_LST2 '2','1','quypro';
2018-10-15 00:39:51 EXEC SPC_COM_DATA 'quypro','1','1';
2018-10-15 00:39:51 EXEC SPC_COM_ADD_LESSON '1','2','1','quypro','127.0.0.1';
2018-10-15 00:39:59 EXEC SPC_COM_DATA 'quypro','1','1';
2018-10-15 00:39:59 EXEC SPC_COM_REMEMBER '1','2','1','1','quypro','127.0.0.1';
2018-10-15 00:40:09 EXEC SPC_COM_DATA 'quypro','1','1';
2018-10-15 00:40:09 EXEC SPC_VOCABULARY_LST1 '3','quypro','2','1';
2018-10-15 00:40:09 EXEC SPC_COM_DATA 'quypro','1','1';
2018-10-15 00:40:09 EXEC SPC_VOCABULARY_LST2 '2','1','quypro';
2018-10-15 00:40:12 EXEC SPC_COM_DATA 'quypro','1','1';
2018-10-15 00:40:12 EXEC SPC_GRAMMAR_LST1 '','quypro','2','1';
2018-10-15 00:40:12 EXEC SPC_COM_DATA 'quypro','1','1';
2018-10-15 00:40:12 EXEC SPC_GRAMMAR_LST2 '6','6','quypro';
2018-10-15 00:40:15 EXEC SPC_COM_DATA 'quypro','1','1';
2018-10-15 00:40:15 EXEC SPC_COM_REMEMBER '2','3','1','4','quypro','127.0.0.1';
2018-10-15 00:40:25 EXEC SPC_COM_DATA 'quypro','1','1';
2018-10-15 00:40:25 EXEC SPC_GRAMMAR_LST1 '6','quypro','6','6';
2018-10-15 00:40:26 EXEC SPC_COM_DATA 'quypro','1','1';
2018-10-15 00:40:26 EXEC SPC_GRAMMAR_LST2 '6','6','quypro';
2018-10-15 00:41:24 EXEC SPC_COM_DATA 'quypro','1','1';
2018-10-15 00:41:24 EXEC SPC_GRAMMAR_LST1 '6','quypro','6','6';
2018-10-15 00:41:24 EXEC SPC_COM_DATA 'quypro','1','1';
2018-10-15 00:41:24 EXEC SPC_GRAMMAR_LST2 '6','6','quypro';
2018-10-15 00:42:18 EXEC SPC_COM_DATA 'quypro','1','1';
2018-10-15 00:42:18 EXEC SPC_LISTENING_LST1 '','quypro','6','6';
2018-10-15 00:42:18 EXEC SPC_COM_DATA 'quypro','1','1';
2018-10-15 00:42:18 EXEC SPC_LISTENING_LST2 '8','8','quypro';
2018-10-15 00:42:22 EXEC SPC_COM_DATA 'quypro','1','1';
2018-10-15 00:42:22 EXEC SPC_COM_REMEMBER '3','3','1','9','quypro','127.0.0.1';
2018-10-15 00:42:24 EXEC SPC_COM_DATA 'quypro','1','1';
2018-10-15 00:42:24 EXEC SPC_LISTENING_LST1 '10','quypro','8','8';
2018-10-15 00:42:24 EXEC SPC_COM_DATA 'quypro','1','1';
2018-10-15 00:42:24 EXEC SPC_LISTENING_LST2 '8','8','quypro';
2018-10-15 00:44:04 EXEC SPC_COM_DATA 'quypro','1','1';
2018-10-15 00:44:04 EXEC SPC_WRITING_LST1 '','quypro','8','8';
2018-10-15 00:44:05 EXEC SPC_COM_DATA 'quypro','1','1';
2018-10-15 00:44:05 EXEC SPC_WRITING_LST2 '9','10','quypro';
2018-10-15 00:44:27 EXEC SPC_COM_DATA 'quypro','1','1';
2018-10-15 00:44:27 EXEC SPC_READING_LST1 '','quypro','8','8';
2018-10-15 00:44:28 EXEC SPC_COM_DATA 'quypro','1','1';
2018-10-15 00:44:28 EXEC SPC_READING_LST2 '12','14','quypro';
2018-10-15 00:44:30 EXEC SPC_COM_DATA 'quypro','1','1';
2018-10-15 00:44:30 EXEC SPC_COM_REMEMBER '5','3','1','14','quypro','127.0.0.1';
2018-10-15 00:44:32 EXEC SPC_COM_DATA 'quypro','1','1';
2018-10-15 00:44:32 EXEC SPC_READING_LST1 '15','quypro','12','14';
2018-10-15 00:44:32 EXEC SPC_COM_DATA 'quypro','1','1';
2018-10-15 00:44:32 EXEC SPC_READING_LST2 '12','14','quypro';
2018-10-15 00:48:19 EXEC SPC_COMMON_ACCOUNT '1','2';
2018-10-15 00:48:19 EXEC SPC_COM_PERMISSION '1','2','g001';
2018-10-15 00:48:19 EXEC SPC_COM_MENU '1';
2018-10-15 00:48:23 EXEC SPC_COM_PERMISSION '1','2','w001';
2018-10-15 00:48:23 EXEC SPC_COM_MENU '1';
2018-10-15 00:48:23 EXEC SPC_COM_M999_INQ1 '7';
2018-10-15 00:48:32 EXEC SPC_COM_PERMISSION '1','2','m007';
2018-10-15 00:48:32 EXEC SPC_COM_MENU '1';
2018-10-15 00:48:32 EXEC SPC_M007_FND1
2018-10-15 00:48:36 EXEC SPC_COM_MENU '1';
2018-10-15 00:48:36 EXEC SPC_m007_LST1 '7';
2018-10-15 00:48:36 EXEC SPC_M007_FND1
2018-10-15 00:49:07 EXEC SPC_COM_DATA 'quypro','1','1';
2018-10-15 00:49:07 EXEC SPC_WRITING_LST1 '','quypro','12','14';
2018-10-15 00:49:08 EXEC SPC_COM_DATA 'quypro','1','1';
2018-10-15 00:49:08 EXEC SPC_WRITING_LST2 '9','10','quypro';
2018-10-15 00:50:52 EXEC SPC_COM_DATA 'quypro','1','1';
2018-10-15 00:50:52 EXEC SPC_WRITING_LST1 '','quypro','12','14';
2018-10-15 00:50:52 EXEC SPC_COM_DATA 'quypro','1','1';
2018-10-15 00:50:52 EXEC SPC_WRITING_LST2 '9','10','quypro';
2018-10-15 00:53:34 EXEC SPC_COM_DATA 'quypro','1','1';
2018-10-15 00:53:34 EXEC SPC_WRITING_LST1 '12','quypro','9','10';
2018-10-15 00:53:35 EXEC SPC_COM_DATA 'quypro','1','1';
2018-10-15 00:53:35 EXEC SPC_WRITING_LST2 '9','10','quypro';
2018-10-15 00:56:56 EXEC SPC_COM_DATA 'quypro','1','1';
2018-10-15 00:56:56 EXEC SPC_COM_ADD_LESSON '4','9','10','quypro','127.0.0.1';
2018-10-15 00:56:58 EXEC SPC_COM_DATA 'quypro','1','1';
2018-10-15 00:56:58 EXEC SPC_WRITING_LST1 '12','quypro','9','10';
2018-10-15 00:56:58 EXEC SPC_COM_DATA 'quypro','1','1';
2018-10-15 00:56:58 EXEC SPC_WRITING_LST2 '9','10','quypro';
2018-10-15 00:57:01 EXEC SPC_COM_DATA 'quypro','1','1';
2018-10-15 00:57:01 EXEC SPC_COM_DELETE_LESSON '6','quypro','127.0.0.1';
2018-10-15 00:57:03 EXEC SPC_COM_DATA 'quypro','1','1';
2018-10-15 00:57:03 EXEC SPC_WRITING_LST1 '12','quypro','9','10';
2018-10-15 00:57:03 EXEC SPC_COM_DATA 'quypro','1','1';
2018-10-15 00:57:03 EXEC SPC_WRITING_LST2 '9','10','quypro';
2018-10-15 00:57:14 EXEC SPC_COM_DATA 'quypro','1','1';
2018-10-15 00:57:14 EXEC SPC_READING_LST1 '','quypro','9','10';
2018-10-15 00:57:14 EXEC SPC_COM_DATA 'quypro','1','1';
2018-10-15 00:57:14 EXEC SPC_READING_LST2 '12','14','quypro';
2018-10-15 00:57:27 EXEC SPC_COM_DATA 'quypro','1','1';
2018-10-15 00:57:27 EXEC SPC_WRITING_LST1 '','quypro','12','14';
2018-10-15 00:57:28 EXEC SPC_COM_DATA 'quypro','1','1';
2018-10-15 00:57:28 EXEC SPC_WRITING_LST2 '9','10','quypro';
2018-10-15 00:57:30 EXEC SPC_COM_DATA 'quypro','1','1';
2018-10-15 00:57:30 EXEC SPC_COM_ADD_LESSON '4','9','10','quypro','127.0.0.1';
2018-10-15 00:57:32 EXEC SPC_COM_DATA 'quypro','1','1';
2018-10-15 00:57:32 EXEC SPC_WRITING_LST1 '12','quypro','9','10';
2018-10-15 00:57:33 EXEC SPC_COM_DATA 'quypro','1','1';
2018-10-15 00:57:33 EXEC SPC_WRITING_LST2 '9','10','quypro';
2018-10-15 00:57:36 EXEC SPC_COM_DATA 'quypro','1','1';
2018-10-15 00:57:36 EXEC SPC_COM_DELETE_LESSON '7','quypro','127.0.0.1';
2018-10-15 00:59:12 EXEC SPC_COM_DATA 'quypro','1','1';
2018-10-15 00:59:12 EXEC SPC_COM_TOGGLE_EFFECT '1','46','3','3','0','quypro','127.0.0.1';
2018-10-15 00:59:15 EXEC SPC_COM_DATA 'quypro','1','1';
2018-10-15 00:59:15 EXEC SPC_WRITING_LST1 '12','quypro','9','10';
2018-10-15 00:59:15 EXEC SPC_COM_DATA 'quypro','1','1';
2018-10-15 00:59:15 EXEC SPC_WRITING_LST2 '9','10','quypro';
2018-10-15 00:59:20 EXEC SPC_COM_DATA 'quypro','1','1';
2018-10-15 00:59:21 EXEC SPC_WRITING_LST2 '9','11','quypro';
2018-10-15 00:59:22 EXEC SPC_COM_DATA 'quypro','1','1';
2018-10-15 00:59:22 EXEC SPC_WRITING_LST2 '9','10','quypro';
2018-10-15 00:59:43 EXEC SPC_COM_DATA 'quypro','1','1';
2018-10-15 00:59:43 EXEC SPC_READING_LST1 '','quypro','9','10';
2018-10-15 00:59:43 EXEC SPC_COM_DATA 'quypro','1','1';
2018-10-15 00:59:43 EXEC SPC_READING_LST2 '12','14','quypro';
2018-10-15 00:59:49 EXEC SPC_COM_DATA 'quypro','1','1';
2018-10-15 00:59:49 EXEC SPC_COM_TOGGLE_EFFECT '2','41','3','3','0','quypro','127.0.0.1';
2018-10-15 00:59:52 EXEC SPC_COM_DATA 'quypro','1','1';
2018-10-15 00:59:52 EXEC SPC_READING_LST1 '15','quypro','12','14';
2018-10-15 00:59:52 EXEC SPC_COM_DATA 'quypro','1','1';
2018-10-15 00:59:52 EXEC SPC_READING_LST2 '12','14','quypro';
2018-10-15 00:59:54 EXEC SPC_COM_DATA 'quypro','1','1';
2018-10-15 00:59:54 EXEC SPC_WRITING_LST1 '','quypro','12','14';
2018-10-15 00:59:55 EXEC SPC_COM_DATA 'quypro','1','1';
2018-10-15 00:59:55 EXEC SPC_WRITING_LST2 '9','10','quypro';
2018-10-15 01:01:07 EXEC SPC_COM_DATA 'quypro','1','1';
2018-10-15 01:01:07 EXEC SPC_VOCABULARY_LST1 '','quypro','9','10';
2018-10-15 01:01:07 EXEC SPC_COM_DATA 'quypro','1','1';
2018-10-15 01:01:07 EXEC SPC_VOCABULARY_LST2 '2','1','quypro';
2018-10-15 01:01:11 EXEC SPC_COM_DATA 'quypro','1','1';
2018-10-15 01:01:11 EXEC SPC_TRANSLATE_LST1 '3','quypro';
2018-10-15 01:01:11 EXEC SPC_COM_DATA 'quypro','1','1';
2018-10-15 01:01:11 EXEC SPC_TRANSLATE_LST2 'kingdom','quypro','127.0.0.1';
2018-10-15 01:01:23 EXEC SPC_COM_DATA 'quypro','1','1';
2018-10-15 01:01:23 EXEC SPC_TRANSLATE_LST2 'Hello','quypro','127.0.0.1';
2018-10-15 01:01:32 EXEC SPC_COM_DATA 'quypro','1','1';
2018-10-15 01:01:32 EXEC SPC_READING_LST1 '','quypro','2','1';
2018-10-15 01:01:32 EXEC SPC_COM_DATA 'quypro','1','1';
2018-10-15 01:01:32 EXEC SPC_READING_LST2 '12','14','quypro';
2018-10-15 01:01:34 EXEC SPC_COM_DATA 'quypro','1','1';
2018-10-15 01:01:34 EXEC SPC_WRITING_LST1 '','quypro','12','14';
2018-10-15 01:01:34 EXEC SPC_COM_DATA 'quypro','1','1';
2018-10-15 01:01:34 EXEC SPC_WRITING_LST2 '9','10','quypro';
