2018-10-31 02:13:02 EXEC SPC_COM_PERMISSION '1','1','g001';
2018-10-31 02:13:15 EXEC SPC_COMMON_ACCOUNT '1','2';
2018-10-31 02:13:37 EXEC SPC_COMMON_ACCOUNT '1','2';
2018-10-31 02:13:37 EXEC SPC_COM_PERMISSION '1','2','w002';
2018-10-31 02:13:37 EXEC SPC_COM_MENU '1';
2018-10-31 02:13:37 EXEC SPC_W002_FND1
2018-10-31 02:13:49 EXEC SPC_COM_MENU '1';
2018-10-31 02:13:49 EXEC SPC_W002_LST2 '1';
2018-10-31 02:13:52 EXEC SPC_COM_MENU '1';
2018-10-31 02:13:52 EXEC SPC_COM_M999_INQ1 '8';
2018-10-31 02:13:52 EXEC SPC_COM_MENU '1';
2018-10-31 02:13:52 EXEC SPC_p003_LST1 '0','','','50','1';
2018-10-31 02:14:53 EXEC SPC_COM_MENU '1';
2018-10-31 02:14:53 EXEC SPC_COM_M999_INQ1 '8';
2018-10-31 02:14:53 EXEC SPC_COM_MENU '1';
2018-10-31 02:14:53 EXEC SPC_p003_LST1 '0','','','50','1';
2018-10-31 02:16:29 EXEC SPC_COM_MENU '1';
2018-10-31 02:16:29 EXEC SPC_COM_M999_INQ1 '8';
2018-10-31 02:16:29 EXEC SPC_COM_MENU '1';
2018-10-31 02:16:29 EXEC SPC_p003_LST1 '0','','','50','1';
2018-10-31 02:16:41 EXEC SPC_COM_PERMISSION '1','2','w002';
2018-10-31 02:16:41 EXEC SPC_COM_MENU '1';
2018-10-31 02:16:41 EXEC SPC_W002_FND1
2018-10-31 02:18:05 EXEC SPC_COM_MENU '1';
2018-10-31 02:18:05 EXEC SPC_W002_LST2 '1';
2018-10-31 02:18:07 EXEC SPC_COM_MENU '1';
2018-10-31 02:18:07 EXEC SPC_COM_M999_INQ1 '8';
2018-10-31 02:18:08 EXEC SPC_COM_MENU '1';
2018-10-31 02:18:08 EXEC SPC_p003_LST1 '0','','','50','1';
2018-10-31 02:19:05 EXEC SPC_COM_PERMISSION '1','2','w002';
2018-10-31 02:19:05 EXEC SPC_COM_MENU '1';
2018-10-31 02:19:06 EXEC SPC_W002_FND1
2018-10-31 02:19:08 EXEC SPC_COM_MENU '1';
2018-10-31 02:19:08 EXEC SPC_W002_LST2 '1';
2018-10-31 02:19:11 EXEC SPC_COM_MENU '1';
2018-10-31 02:19:11 EXEC SPC_COM_M999_INQ1 '8';
2018-10-31 02:19:11 EXEC SPC_COM_MENU '1';
2018-10-31 02:19:11 EXEC SPC_p003_LST1 '0','','','50','1';
2018-10-31 02:19:31 EXEC SPC_COM_MENU '1';
2018-10-31 02:19:31 EXEC SPC_COM_M999_INQ1 '8';
2018-10-31 02:19:32 EXEC SPC_COM_MENU '1';
2018-10-31 02:19:32 EXEC SPC_p003_LST1 '0','','','50','1';
2018-10-31 02:20:08 EXEC SPC_COM_MENU '1';
2018-10-31 02:20:08 EXEC SPC_COM_M999_INQ1 '8';
2018-10-31 02:20:09 EXEC SPC_COM_MENU '1';
2018-10-31 02:20:09 EXEC SPC_p003_LST1 '0','','','50','1';
2018-10-31 02:22:09 EXEC SPC_COM_MENU '1';
2018-10-31 02:22:09 EXEC SPC_COM_M999_INQ1 '8';
2018-10-31 02:22:09 EXEC SPC_COM_MENU '1';
2018-10-31 02:22:09 EXEC SPC_p003_LST1 '0','','','50','1';
2018-10-31 02:22:42 EXEC SPC_COM_PERMISSION '1','2','v002';
2018-10-31 02:22:42 EXEC SPC_COM_MENU '1';
2018-10-31 02:22:42 EXEC SPC_V002_FND1
2018-10-31 02:22:43 EXEC SPC_COM_PERMISSION '1','2','v002';
2018-10-31 02:22:43 EXEC SPC_COM_MENU '1';
2018-10-31 02:22:43 EXEC SPC_V002_FND1
2018-10-31 02:23:00 EXEC SPC_COM_MENU '1';
2018-10-31 02:23:00 EXEC SPC_W002_LST2 '1';
2018-10-31 02:23:15 EXEC SPC_COM_MENU '1';
2018-10-31 02:23:15 EXEC SPC_COM_M999_INQ1 '8';
2018-10-31 02:23:15 EXEC SPC_COM_MENU '1';
2018-10-31 02:23:15 EXEC SPC_p003_LST1 '0','','','50','1';
2018-10-31 02:25:11 EXEC SPC_COM_MENU '1';
2018-10-31 02:25:11 EXEC SPC_p003_LST1 '2','','','50','1';
2018-10-31 02:25:15 EXEC SPC_COM_MENU '1';
2018-10-31 02:25:15 EXEC SPC_p003_LST1 '1','','','50','1';
2018-10-31 02:25:28 EXEC SPC_COM_MENU '1';
2018-10-31 02:25:28 EXEC SPC_p003_LST1 '','','','50','1';
2018-10-31 02:25:58 EXEC SPC_COM_MENU '1';
2018-10-31 02:25:58 EXEC SPC_COM_M999_INQ1 '8';
2018-10-31 02:25:58 EXEC SPC_COM_MENU '1';
2018-10-31 02:25:58 EXEC SPC_p003_LST1 '0','','','50','1';
2018-10-31 02:26:53 EXEC SPC_COM_PERMISSION '1','2','w002';
2018-10-31 02:26:53 EXEC SPC_COM_MENU '1';
2018-10-31 02:26:53 EXEC SPC_W002_FND1
2018-10-31 02:26:55 EXEC SPC_COM_MENU '1';
2018-10-31 02:26:55 EXEC SPC_W002_LST2 '1';
2018-10-31 02:26:57 EXEC SPC_COM_MENU '1';
2018-10-31 02:26:57 EXEC SPC_COM_M999_INQ1 '8';
2018-10-31 02:26:57 EXEC SPC_COM_MENU '1';
2018-10-31 02:26:57 EXEC SPC_p003_LST1 '0','','','50','1';
2018-10-31 02:27:09 EXEC SPC_COM_MENU '1';
2018-10-31 02:27:09 EXEC SPC_p003_LST1 '','','','50','1';
2018-10-31 02:27:30 EXEC SPC_COM_MENU '1';
2018-10-31 02:27:30 EXEC SPC_p003_LST1 '','','','50','1';
2018-10-31 02:28:47 EXEC SPC_COM_MENU '1';
2018-10-31 02:28:47 EXEC SPC_COM_M999_INQ1 '8';
2018-10-31 02:28:48 EXEC SPC_COM_MENU '1';
2018-10-31 02:28:48 EXEC SPC_p003_LST1 '0','','','50','1';
2018-10-31 02:30:17 EXEC SPC_COM_MENU '1';
2018-10-31 02:30:17 EXEC SPC_COM_M999_INQ1 '8';
2018-10-31 02:30:17 EXEC SPC_COM_MENU '1';
2018-10-31 02:30:17 EXEC SPC_p003_LST1 '0','','','50','1';
2018-10-31 02:32:50 EXEC SPC_COM_PERMISSION '1','2','w002';
2018-10-31 02:32:50 EXEC SPC_COM_MENU '1';
2018-10-31 02:32:50 EXEC SPC_W002_FND1
2018-10-31 02:32:51 EXEC SPC_COM_MENU '1';
2018-10-31 02:32:52 EXEC SPC_W002_LST2 '1';
2018-10-31 02:33:05 EXEC SPC_COM_MENU '1';
2018-10-31 02:33:05 EXEC SPC_COM_M999_INQ1 '8';
2018-10-31 02:33:06 EXEC SPC_COM_MENU '1';
2018-10-31 02:33:06 EXEC SPC_p003_LST1 '0','','','50','1';
2018-10-31 02:33:52 EXEC SPC_COM_PERMISSION '1','2','w002';
2018-10-31 02:33:52 EXEC SPC_COM_MENU '1';
2018-10-31 02:33:52 EXEC SPC_W002_FND1
2018-10-31 02:33:54 EXEC SPC_COM_MENU '1';
2018-10-31 02:33:54 EXEC SPC_W002_LST2 '1';
2018-10-31 02:34:27 EXEC SPC_COM_PERMISSION '1','2','w002';
2018-10-31 02:34:27 EXEC SPC_COM_MENU '1';
2018-10-31 02:34:27 EXEC SPC_W002_FND1
2018-10-31 02:34:29 EXEC SPC_COM_MENU '1';
2018-10-31 02:34:29 EXEC SPC_W002_LST2 '1';
2018-10-31 02:34:33 EXEC SPC_COM_MENU '1';
2018-10-31 02:34:33 EXEC SPC_COM_M999_INQ1 '8';
2018-10-31 02:34:33 EXEC SPC_COM_MENU '1';
2018-10-31 02:34:33 EXEC SPC_p003_LST1 '0','','','50','1';
2018-10-31 02:35:33 EXEC SPC_COM_PERMISSION '1','2','w002';
2018-10-31 02:35:33 EXEC SPC_COM_MENU '1';
2018-10-31 02:35:33 EXEC SPC_W002_FND1
2018-10-31 02:35:36 EXEC SPC_COM_MENU '1';
2018-10-31 02:35:36 EXEC SPC_W002_LST2 '1';
2018-10-31 02:36:20 EXEC SPC_COM_PERMISSION '1','2','w002';
2018-10-31 02:36:20 EXEC SPC_COM_MENU '1';
2018-10-31 02:36:20 EXEC SPC_W002_FND1
2018-10-31 02:36:22 EXEC SPC_COM_MENU '1';
2018-10-31 02:36:22 EXEC SPC_W002_LST2 '1';
2018-10-31 02:36:50 EXEC SPC_COM_DATA 'ndq809','1','2';
2018-10-31 02:36:50 EXEC SPC_COM_MENU '1';
2018-10-31 02:36:56 EXEC SPC_COM_DATA 'ndq809','1','2';
2018-10-31 02:36:56 EXEC SPC_READING_LST1 '','ndq809','','';
2018-10-31 02:36:56 EXEC SPC_COM_DATA 'ndq809','1','2';
2018-10-31 02:36:56 EXEC SPC_READING_LST2 '12','14','ndq809';
2018-10-31 02:36:57 EXEC SPC_COM_DATA 'ndq809','1','2';
2018-10-31 02:36:57 EXEC SPC_WRITING_LST1 '','ndq809','12','14';
2018-10-31 02:36:58 EXEC SPC_COM_DATA 'ndq809','1','2';
2018-10-31 02:36:58 EXEC SPC_COMMON_GET_SUGGEST
2018-10-31 02:36:58 EXEC SPC_COM_DATA 'ndq809','1','2';
2018-10-31 02:36:58 EXEC SPC_WRITING_LST2 '9','10','ndq809';
2018-10-31 02:37:18 EXEC SPC_COM_DATA '','','';
2018-10-31 02:37:29 EXEC SPC_COMMON_ACCOUNT '2','1';
2018-10-31 02:37:29 EXEC SPC_COM_DATA 'khoai','2','1';
2018-10-31 02:37:29 EXEC SPC_COM_MENU '2';
2018-10-31 02:37:32 EXEC SPC_COM_DATA 'khoai','2','1';
2018-10-31 02:37:32 EXEC SPC_WRITING_LST1 '','khoai','','';
2018-10-31 02:37:32 EXEC SPC_COM_DATA 'khoai','2','1';
2018-10-31 02:37:32 EXEC SPC_COMMON_GET_SUGGEST
2018-10-31 02:37:32 EXEC SPC_COM_DATA 'khoai','2','1';
2018-10-31 02:37:32 EXEC SPC_WRITING_LST2 '9','10','khoai';
2018-10-31 02:38:03 EXEC SPC_COM_PERMISSION '1','2','w002';
2018-10-31 02:38:03 EXEC SPC_COM_MENU '1';
2018-10-31 02:38:03 EXEC SPC_W002_FND1
2018-10-31 02:38:06 EXEC SPC_COM_MENU '1';
2018-10-31 02:38:06 EXEC SPC_W002_LST2 '1';
2018-10-31 02:38:33 EXEC SPC_COM_PERMISSION '1','2','w002';
2018-10-31 02:38:33 EXEC SPC_COM_MENU '1';
2018-10-31 02:38:33 EXEC SPC_W002_FND1
2018-10-31 02:38:36 EXEC SPC_COM_MENU '1';
2018-10-31 02:38:36 EXEC SPC_W002_LST2 '1';
2018-10-31 02:38:58 EXEC SPC_COM_PERMISSION '1','2','w002';
2018-10-31 02:38:58 EXEC SPC_COM_MENU '1';
2018-10-31 02:38:58 EXEC SPC_W002_FND1
2018-10-31 02:39:00 EXEC SPC_COM_MENU '1';
2018-10-31 02:39:00 EXEC SPC_W002_LST2 '1';
2018-10-31 02:39:11 EXEC SPC_COM_PERMISSION '1','2','w002';
2018-10-31 02:39:11 EXEC SPC_COM_MENU '1';
2018-10-31 02:39:11 EXEC SPC_W002_FND1
2018-10-31 02:39:13 EXEC SPC_COM_MENU '1';
2018-10-31 02:39:13 EXEC SPC_W002_LST2 '1';
2018-10-31 02:39:19 EXEC SPC_COM_MENU '1';
2018-10-31 02:39:19 EXEC SPC_COM_M999_INQ1 '8';
2018-10-31 02:39:19 EXEC SPC_COM_MENU '1';
2018-10-31 02:39:19 EXEC SPC_p003_LST1 '0','','','50','1';
2018-10-31 02:39:34 EXEC SPC_COM_PERMISSION '1','2','w002';
2018-10-31 02:39:34 EXEC SPC_COM_MENU '1';
2018-10-31 02:39:34 EXEC SPC_W002_FND1
2018-10-31 02:39:35 EXEC SPC_COM_MENU '1';
2018-10-31 02:39:35 EXEC SPC_W002_LST2 '1';
2018-10-31 02:39:39 EXEC SPC_COM_MENU '1';
2018-10-31 02:39:39 EXEC SPC_COM_M999_INQ1 '8';
2018-10-31 02:39:39 EXEC SPC_COM_MENU '1';
2018-10-31 02:39:39 EXEC SPC_p003_LST1 '0','','','50','1';
2018-10-31 02:40:06 EXEC SPC_COM_PERMISSION '1','2','w002';
2018-10-31 02:40:06 EXEC SPC_COM_MENU '1';
2018-10-31 02:40:06 EXEC SPC_W002_FND1
2018-10-31 02:40:07 EXEC SPC_COM_MENU '1';
2018-10-31 02:40:07 EXEC SPC_W002_LST1 '1';
2018-10-31 02:40:07 EXEC SPC_COM_MENU '1';
2018-10-31 02:40:07 EXEC SPC_W002_LST2 '1';
2018-10-31 02:40:08 EXEC SPC_COM_MENU '1';
2018-10-31 02:40:08 EXEC SPC_COMMON_GROUP '2';
2018-10-31 02:40:19 EXEC SPC_COM_PERMISSION '1','2','w002';
2018-10-31 02:40:19 EXEC SPC_COM_MENU '1';
2018-10-31 02:40:19 EXEC SPC_W002_FND1
2018-10-31 02:49:30 EXEC SPC_COM_PERMISSION '1','2','w002';
2018-10-31 02:49:30 EXEC SPC_COM_MENU '1';
2018-10-31 02:49:30 EXEC SPC_W002_FND1
2018-10-31 02:49:33 EXEC SPC_COM_MENU '1';
2018-10-31 02:49:33 EXEC SPC_W002_LST1 '11';
2018-10-31 02:49:33 EXEC SPC_COM_MENU '1';
2018-10-31 02:49:33 EXEC SPC_W002_LST2 '5';
2018-10-31 02:49:34 EXEC SPC_COM_MENU '1';
2018-10-31 02:49:34 EXEC SPC_COMMON_GROUP '12';
2018-10-31 02:49:42 EXEC SPC_COM_MENU '1';
2018-10-31 02:49:42 EXEC SPC_W002_LST1 '1';
2018-10-31 02:49:42 EXEC SPC_COM_MENU '1';
2018-10-31 02:49:43 EXEC SPC_W002_LST2 '1';
2018-10-31 02:49:43 EXEC SPC_COM_MENU '1';
2018-10-31 02:49:43 EXEC SPC_COMMON_GROUP '2';
2018-10-31 02:49:52 EXEC SPC_COM_MENU '1';
2018-10-31 02:49:53 EXEC SPC_w002_ACT1 '1','1','2','3','','','','','','0','<row row_id="0" vocabulary_code="1" vocabulary_div="1" vocabulary_nm="Hello" spelling="helou" mean="Xin chào" explain="say when meet someone" /><row row_id="1" vocabulary_code="2" vocabulary_div="1" vocabulary_nm="king" spelling="king" mean="vua" explain="someone who leader of a country" /><row row_id="2" vocabulary_code="3" vocabulary_div="1" vocabulary_nm="kingdom" spelling="kingdum" mean="vương quốc" explain="the way to call a country in history" /><row row_id="3" vocabulary_code="4" vocabulary_div="1" vocabulary_nm="goal" spelling="ɡəul" mean="vào" explain="when the bool into the lưới" />','','','ndq809','127.0.0.1';
2018-10-31 02:49:54 EXEC SPC_COM_MENU '1';
2018-10-31 02:49:54 EXEC SPC_W002_LST1 '1';
2018-10-31 02:49:55 EXEC SPC_COM_MENU '1';
2018-10-31 02:49:55 EXEC SPC_W002_LST2 '1';
2018-10-31 02:49:55 EXEC SPC_COM_MENU '1';
2018-10-31 02:49:55 EXEC SPC_COMMON_GROUP '2';
2018-10-31 02:50:32 EXEC SPC_COM_PERMISSION '1','2','v001';
2018-10-31 02:50:32 EXEC SPC_COM_MENU '1';
2018-10-31 02:50:32 EXEC SPC_COM_M999_INQ1 '8';
2018-10-31 02:50:34 EXEC SPC_COM_MENU '1';
2018-10-31 02:50:34 EXEC SPC_V001_LST1 '0','','','50','1';
2018-10-31 02:50:37 EXEC SPC_COM_PERMISSION '1','2','v002';
2018-10-31 02:50:37 EXEC SPC_COM_MENU '1';
2018-10-31 02:50:37 EXEC SPC_V002_FND1
2018-10-31 02:50:37 EXEC SPC_COM_PERMISSION '1','2','v002';
2018-10-31 02:50:37 EXEC SPC_COM_MENU '1';
2018-10-31 02:50:37 EXEC SPC_V002_FND1
2018-10-31 02:50:37 EXEC SPC_COM_MENU '1';
2018-10-31 02:50:37 EXEC SPC_v002_LST1 '1','1';
2018-10-31 02:50:44 EXEC SPC_COM_MENU '1';
2018-10-31 02:50:44 EXEC SPC_V002_ACT1 '1','1','Hello','3','helou','Xin chào','/web-content/images/vocabulary/cropped-image5b6a6b6562b55_20180823 0505080818181535003958556.jpg','say when meet someone','none','','','ndq809','127.0.0.1';
2018-10-31 02:50:45 EXEC SPC_COM_MENU '1';
2018-10-31 02:50:45 EXEC SPC_v002_LST1 '1','1';
2018-10-31 02:50:48 EXEC SPC_COM_MENU '1';
2018-10-31 02:50:48 EXEC SPC_v002_LST1 '2','1';
2018-10-31 02:50:53 EXEC SPC_COM_MENU '1';
2018-10-31 02:50:53 EXEC SPC_V002_ACT1 '2','1','king','2','king','vua','/web-content/images/vocabulary/cropped-image5b62e1b318b70_20180823 0606080839391535005239287.jpg','someone who leader of a country','none','','<row language1_content="a cat" language2_content="một con mèo" /><row language1_content="the cats" language2_content="những con mèo" />','ndq809','127.0.0.1';
2018-10-31 02:50:54 EXEC SPC_COM_MENU '1';
2018-10-31 02:50:54 EXEC SPC_v002_LST1 '2','1';
2018-10-31 02:50:56 EXEC SPC_COM_MENU '1';
2018-10-31 02:50:56 EXEC SPC_v002_LST1 '3','1';
2018-10-31 02:51:00 EXEC SPC_COM_MENU '1';
2018-10-31 02:51:00 EXEC SPC_V002_ACT1 '3','1','goal','4','ɡəul','vào','/web-content/images/vocabulary/cropped-160294942_20180910 0202090947471536545387403.jpg','when the bool into the lưới','hahaa','','','ndq809','127.0.0.1';
2018-10-31 02:51:02 EXEC SPC_COM_MENU '1';
2018-10-31 02:51:02 EXEC SPC_v002_LST1 '3','1';
2018-10-31 02:51:03 EXEC SPC_COM_MENU '1';
2018-10-31 02:51:03 EXEC SPC_v002_LST1 '4','1';
2018-10-31 02:51:03 EXEC SPC_COM_PERMISSION '1','2','v002';
2018-10-31 02:51:04 EXEC SPC_COM_MENU '1';
2018-10-31 02:51:04 EXEC SPC_V002_FND1
2018-10-31 02:51:15 EXEC SPC_COM_PERMISSION '1','2','w001';
2018-10-31 02:51:15 EXEC SPC_COM_MENU '1';
2018-10-31 02:51:15 EXEC SPC_COM_M999_INQ1 '7';
2018-10-31 02:51:21 EXEC SPC_COM_PERMISSION '1','2','w002';
2018-10-31 02:51:21 EXEC SPC_COM_MENU '1';
2018-10-31 02:51:21 EXEC SPC_W002_FND1
2018-10-31 02:51:23 EXEC SPC_COM_MENU '1';
2018-10-31 02:51:23 EXEC SPC_W002_LST1 '1';
2018-10-31 02:51:23 EXEC SPC_COM_MENU '1';
2018-10-31 02:51:23 EXEC SPC_W002_LST2 '1';
2018-10-31 02:51:23 EXEC SPC_COM_MENU '1';
2018-10-31 02:51:23 EXEC SPC_COMMON_GROUP '2';
2018-10-31 02:51:36 EXEC SPC_COM_MENU '1';
2018-10-31 02:51:36 EXEC SPC_COM_M999_INQ1 '8';
2018-10-31 02:51:36 EXEC SPC_COM_MENU '1';
2018-10-31 02:51:36 EXEC SPC_p003_LST1 '0','','','50','1';
2018-10-31 02:51:43 EXEC SPC_COM_MENU '1';
2018-10-31 02:51:43 EXEC SPC_p003_LST1 '4','','','50','1';
2018-10-31 02:52:13 EXEC SPC_COM_MENU '1';
2018-10-31 02:52:13 EXEC SPC_COM_M999_INQ1 '8';
2018-10-31 02:52:13 EXEC SPC_COM_MENU '1';
2018-10-31 02:52:13 EXEC SPC_p003_LST1 '0','','','50','1';
2018-10-31 02:52:17 EXEC SPC_COM_MENU '1';
2018-10-31 02:52:17 EXEC SPC_p003_LST1 '0','','','50','1';
2018-10-31 02:53:01 EXEC SPC_COM_MENU '1';
2018-10-31 02:53:01 EXEC SPC_W002_LST2 '2';
2018-10-31 02:53:06 EXEC SPC_COM_MENU '1';
2018-10-31 02:53:06 EXEC SPC_W002_LST2 '3';
2018-10-31 02:53:09 EXEC SPC_COM_MENU '1';
2018-10-31 02:53:09 EXEC SPC_COM_M999_INQ1 '8';
2018-10-31 02:53:09 EXEC SPC_COM_MENU '1';
2018-10-31 02:53:09 EXEC SPC_p003_LST1 '0','','','50','1';
2018-10-31 02:53:13 EXEC SPC_COM_MENU '1';
2018-10-31 02:53:13 EXEC SPC_W002_LST2 '6';
2018-10-31 02:53:16 EXEC SPC_COM_MENU '1';
2018-10-31 02:53:16 EXEC SPC_W002_LST2 '1';
2018-10-31 02:53:16 EXEC SPC_COM_MENU '1';
2018-10-31 02:53:16 EXEC SPC_COMMON_GROUP '2';
2018-10-31 02:53:19 EXEC SPC_COM_MENU '1';
2018-10-31 02:53:19 EXEC SPC_COM_M999_INQ1 '8';
2018-10-31 02:53:19 EXEC SPC_COM_MENU '1';
2018-10-31 02:53:19 EXEC SPC_p003_LST1 '0','','','50','1';
2018-10-31 02:54:10 EXEC SPC_COM_MENU '1';
2018-10-31 02:54:10 EXEC SPC_COM_M999_INQ1 '8';
2018-10-31 02:54:10 EXEC SPC_COM_MENU '1';
2018-10-31 02:54:10 EXEC SPC_p003_LST1 '0','','','50','1';
2018-10-31 02:54:58 EXEC SPC_COM_MENU '1';
2018-10-31 02:54:58 EXEC SPC_COM_M999_INQ1 '8';
2018-10-31 02:54:58 EXEC SPC_COM_MENU '1';
2018-10-31 02:54:58 EXEC SPC_p003_LST1 '0','','','50','1';
2018-10-31 02:55:22 EXEC SPC_COM_MENU '1';
2018-10-31 02:55:22 EXEC SPC_COM_M999_INQ1 '8';
2018-10-31 02:55:22 EXEC SPC_COM_MENU '1';
2018-10-31 02:55:22 EXEC SPC_p003_LST1 '0','','','50','1';
2018-10-31 02:55:25 EXEC SPC_COM_MENU '1';
2018-10-31 02:55:25 EXEC SPC_p003_LST1 '0','sdadsaddsad','','50','1';
2018-10-31 02:57:09 EXEC SPC_COM_MENU '1';
2018-10-31 02:57:09 EXEC SPC_w002_ACT1 '1','1','2','3','','','','','','0','<row row_id="0" vocabulary_code="1" vocabulary_div="3" vocabulary_nm="Hello" spelling="helou" mean="Xin chào" explain="say when meet someone" /><row row_id="1" vocabulary_code="2" vocabulary_div="2" vocabulary_nm="king" spelling="king" mean="vua" explain="someone who leader of a country" /><row row_id="2" vocabulary_code="3" vocabulary_div="1" vocabulary_nm="kingdom" spelling="kingdum" mean="vương quốc" explain="the way to call a country in history" /><row row_id="3" vocabulary_code="4" vocabulary_div="4" vocabulary_nm="goal" spelling="ɡəul" mean="vào" explain="when the bool into the lưới" />','','','ndq809','127.0.0.1';
2018-10-31 02:57:11 EXEC SPC_COM_MENU '1';
2018-10-31 02:57:11 EXEC SPC_W002_LST1 '1';
2018-10-31 02:57:11 EXEC SPC_COM_MENU '1';
2018-10-31 02:57:11 EXEC SPC_W002_LST2 '1';
2018-10-31 02:57:11 EXEC SPC_COM_MENU '1';
2018-10-31 02:57:11 EXEC SPC_COMMON_GROUP '2';
2018-10-31 02:58:04 EXEC SPC_COM_MENU '1';
2018-10-31 02:58:04 EXEC SPC_COM_M999_INQ1 '8';
2018-10-31 02:58:05 EXEC SPC_COM_MENU '1';
2018-10-31 02:58:05 EXEC SPC_p003_LST1 '0','','','50','1';
2018-10-31 04:07:41 EXEC SPC_COM_PERMISSION '1','2','w002';
2018-10-31 04:07:41 EXEC SPC_COM_MENU '1';
2018-10-31 04:07:41 EXEC SPC_W002_FND1
2018-10-31 04:07:43 EXEC SPC_COM_MENU '1';
2018-10-31 04:07:43 EXEC SPC_W002_LST2 '1';
2018-10-31 04:07:44 EXEC SPC_COM_MENU '1';
2018-10-31 04:07:44 EXEC SPC_COM_M999_INQ1 '8';
2018-10-31 04:07:45 EXEC SPC_COM_MENU '1';
2018-10-31 04:08:48 EXEC SPC_COM_PERMISSION '1','2','w002';
2018-10-31 04:08:48 EXEC SPC_COM_MENU '1';
2018-10-31 04:08:48 EXEC SPC_W002_FND1
2018-10-31 04:08:53 EXEC SPC_COM_MENU '1';
2018-10-31 04:08:53 EXEC SPC_W002_LST1 '1';
2018-10-31 04:08:53 EXEC SPC_COM_MENU '1';
2018-10-31 04:08:53 EXEC SPC_W002_LST2 '1';
2018-10-31 04:08:53 EXEC SPC_COM_MENU '1';
2018-10-31 04:08:53 EXEC SPC_COMMON_GROUP '2';
2018-10-31 04:08:55 EXEC SPC_COM_MENU '1';
2018-10-31 04:08:55 EXEC SPC_COM_M999_INQ1 '8';
2018-10-31 04:08:55 EXEC SPC_COM_MENU '1';
2018-10-31 04:09:54 EXEC SPC_COM_PERMISSION '1','2','w002';
2018-10-31 04:09:54 EXEC SPC_COM_MENU '1';
2018-10-31 04:09:54 EXEC SPC_W002_FND1
2018-10-31 04:09:57 EXEC SPC_COM_MENU '1';
2018-10-31 04:09:57 EXEC SPC_W002_LST2 '1';
2018-10-31 04:10:01 EXEC SPC_COM_MENU '1';
2018-10-31 04:10:01 EXEC SPC_W002_LST1 '1';
2018-10-31 04:10:01 EXEC SPC_COM_MENU '1';
2018-10-31 04:10:01 EXEC SPC_W002_LST2 '1';
2018-10-31 04:10:01 EXEC SPC_COM_MENU '1';
2018-10-31 04:10:01 EXEC SPC_COMMON_GROUP '2';
2018-10-31 04:10:05 EXEC SPC_COM_MENU '1';
2018-10-31 04:10:05 EXEC SPC_COM_M999_INQ1 '8';
2018-10-31 04:10:06 EXEC SPC_COM_MENU '1';
2018-10-31 04:11:08 EXEC SPC_COM_PERMISSION '1','2','w002';
2018-10-31 04:11:08 EXEC SPC_COM_MENU '1';
2018-10-31 04:11:08 EXEC SPC_W002_FND1
2018-10-31 04:11:13 EXEC SPC_COM_MENU '1';
2018-10-31 04:11:13 EXEC SPC_W002_LST1 '1';
2018-10-31 04:11:13 EXEC SPC_COM_MENU '1';
2018-10-31 04:11:13 EXEC SPC_W002_LST2 '1';
2018-10-31 04:11:13 EXEC SPC_COM_MENU '1';
2018-10-31 04:11:13 EXEC SPC_COMMON_GROUP '2';
2018-10-31 04:11:15 EXEC SPC_COM_MENU '1';
2018-10-31 04:11:15 EXEC SPC_COM_M999_INQ1 '8';
2018-10-31 04:11:16 EXEC SPC_COM_MENU '1';
2018-10-31 04:12:28 EXEC SPC_COM_PERMISSION '1','2','w002';
2018-10-31 04:12:28 EXEC SPC_COM_MENU '1';
2018-10-31 04:12:28 EXEC SPC_W002_FND1
2018-10-31 04:12:29 EXEC SPC_COM_MENU '1';
2018-10-31 04:12:29 EXEC SPC_W002_LST1 '1';
2018-10-31 04:12:29 EXEC SPC_COM_MENU '1';
2018-10-31 04:12:29 EXEC SPC_W002_LST2 '1';
2018-10-31 04:12:30 EXEC SPC_COM_MENU '1';
2018-10-31 04:12:30 EXEC SPC_COMMON_GROUP '2';
2018-10-31 04:12:32 EXEC SPC_COM_MENU '1';
2018-10-31 04:12:32 EXEC SPC_COM_M999_INQ1 '8';
2018-10-31 04:12:32 EXEC SPC_COM_MENU '1';
2018-10-31 04:13:14 EXEC SPC_COM_PERMISSION '1','2','w002';
2018-10-31 04:13:14 EXEC SPC_COM_MENU '1';
2018-10-31 04:13:14 EXEC SPC_W002_FND1
2018-10-31 04:13:16 EXEC SPC_COM_MENU '1';
2018-10-31 04:13:16 EXEC SPC_W002_LST1 '1';
2018-10-31 04:13:16 EXEC SPC_COM_MENU '1';
2018-10-31 04:13:16 EXEC SPC_W002_LST2 '1';
2018-10-31 04:13:16 EXEC SPC_COM_MENU '1';
2018-10-31 04:13:16 EXEC SPC_COMMON_GROUP '2';
2018-10-31 04:13:19 EXEC SPC_COM_MENU '1';
2018-10-31 04:13:19 EXEC SPC_COM_M999_INQ1 '8';
2018-10-31 04:13:20 EXEC SPC_COM_MENU '1';
2018-10-31 04:13:38 EXEC SPC_COM_MENU '1';
2018-10-31 04:13:38 EXEC SPC_COM_M999_INQ1 '8';
2018-10-31 04:13:39 EXEC SPC_COM_MENU '1';
2018-10-31 04:32:03 EXEC SPC_COM_PERMISSION '1','2','w002';
2018-10-31 04:32:03 EXEC SPC_COM_MENU '1';
2018-10-31 04:32:03 EXEC SPC_W002_FND1
2018-10-31 04:32:05 EXEC SPC_COM_MENU '1';
2018-10-31 04:32:05 EXEC SPC_W002_LST1 '1';
2018-10-31 04:32:05 EXEC SPC_COM_MENU '1';
2018-10-31 04:32:05 EXEC SPC_W002_LST2 '1';
2018-10-31 04:32:05 EXEC SPC_COM_MENU '1';
2018-10-31 04:32:05 EXEC SPC_COMMON_GROUP '2';
2018-10-31 04:32:36 EXEC SPC_COM_MENU '1';
2018-10-31 04:32:36 EXEC SPC_COM_M999_INQ1 '8';
2018-10-31 04:33:18 EXEC SPC_COM_PERMISSION '1','2','w002';
2018-10-31 04:33:18 EXEC SPC_COM_MENU '1';
2018-10-31 04:33:18 EXEC SPC_W002_FND1
2018-10-31 04:33:21 EXEC SPC_COM_MENU '1';
2018-10-31 04:33:21 EXEC SPC_W002_LST1 '17';
2018-10-31 04:33:22 EXEC SPC_COM_MENU '1';
2018-10-31 04:33:22 EXEC SPC_W002_LST1 '1';
2018-10-31 04:33:22 EXEC SPC_COM_MENU '1';
2018-10-31 04:33:22 EXEC SPC_W002_LST2 '1';
2018-10-31 04:33:22 EXEC SPC_COM_MENU '1';
2018-10-31 04:33:22 EXEC SPC_COMMON_GROUP '2';
2018-10-31 04:33:23 EXEC SPC_COM_MENU '1';
2018-10-31 04:33:23 EXEC SPC_COM_M999_INQ1 '8';
2018-10-31 04:33:23 EXEC SPC_COM_MENU '1';
2018-10-31 04:33:31 EXEC SPC_COM_MENU '1';
2018-10-31 04:33:31 EXEC SPC_COM_M999_INQ1 '8';
2018-10-31 04:33:31 EXEC SPC_COM_MENU '1';
2018-10-31 04:34:29 EXEC SPC_COM_PERMISSION '1','2','w002';
2018-10-31 04:34:29 EXEC SPC_COM_MENU '1';
2018-10-31 04:34:29 EXEC SPC_W002_FND1
2018-10-31 04:34:31 EXEC SPC_COM_MENU '1';
2018-10-31 04:34:31 EXEC SPC_W002_LST1 '1';
2018-10-31 04:34:31 EXEC SPC_COM_MENU '1';
2018-10-31 04:34:31 EXEC SPC_W002_LST2 '1';
2018-10-31 04:34:31 EXEC SPC_COM_MENU '1';
2018-10-31 04:34:31 EXEC SPC_COMMON_GROUP '2';
2018-10-31 04:34:33 EXEC SPC_COM_MENU '1';
2018-10-31 04:34:33 EXEC SPC_COM_M999_INQ1 '8';
2018-10-31 04:34:33 EXEC SPC_COM_MENU '1';
2018-10-31 04:35:06 EXEC SPC_COM_PERMISSION '1','2','w002';
2018-10-31 04:35:06 EXEC SPC_COM_MENU '1';
2018-10-31 04:35:06 EXEC SPC_W002_FND1
2018-10-31 04:35:09 EXEC SPC_COM_MENU '1';
2018-10-31 04:35:09 EXEC SPC_W002_LST1 '1';
2018-10-31 04:35:09 EXEC SPC_COM_MENU '1';
2018-10-31 04:35:09 EXEC SPC_W002_LST2 '1';
2018-10-31 04:35:09 EXEC SPC_COM_MENU '1';
2018-10-31 04:35:09 EXEC SPC_COMMON_GROUP '2';
2018-10-31 04:35:11 EXEC SPC_COM_MENU '1';
2018-10-31 04:35:11 EXEC SPC_COM_M999_INQ1 '8';
2018-10-31 04:35:11 EXEC SPC_COM_MENU '1';
2018-10-31 04:35:26 EXEC SPC_COM_PERMISSION '1','2','w002';
2018-10-31 04:35:26 EXEC SPC_COM_MENU '1';
2018-10-31 04:35:26 EXEC SPC_W002_FND1
2018-10-31 04:35:28 EXEC SPC_COM_MENU '1';
2018-10-31 04:35:28 EXEC SPC_W002_LST2 '1';
2018-10-31 04:35:31 EXEC SPC_COM_MENU '1';
2018-10-31 04:35:31 EXEC SPC_W002_LST1 '1';
2018-10-31 04:35:31 EXEC SPC_COM_MENU '1';
2018-10-31 04:35:31 EXEC SPC_W002_LST2 '1';
2018-10-31 04:35:31 EXEC SPC_COM_MENU '1';
2018-10-31 04:35:31 EXEC SPC_COMMON_GROUP '2';
2018-10-31 04:35:32 EXEC SPC_COM_MENU '1';
2018-10-31 04:35:32 EXEC SPC_COM_M999_INQ1 '8';
2018-10-31 04:35:33 EXEC SPC_COM_MENU '1';
2018-10-31 04:35:33 EXEC SPC_p003_LST2 '<row vocabulary_code="1" vocabulary_id="1" vocabulary_div="3" vocabulary_nm="Hello" spelling="helou" mean="Xin chào" explain="say when meet someone" /><row vocabulary_code="2" vocabulary_id="2" vocabulary_div="2" vocabulary_nm="king" spelling="king" mean="vua" explain="someone who leader of a country" /><row vocabulary_code="3" vocabulary_id="2" vocabulary_div="1" vocabulary_nm="kingdom" spelling="kingdum" mean="vương quốc" explain="the way to call a country in history" /><row vocabulary_code="4" vocabulary_id="3" vocabulary_div="4" vocabulary_nm="goal" spelling="ɡəul" mean="vào" explain="when the bool into the lưới" />';
2018-10-31 04:36:24 EXEC SPC_COM_MENU '1';
2018-10-31 04:36:24 EXEC SPC_COM_M999_INQ1 '8';
2018-10-31 04:36:24 EXEC SPC_COM_MENU '1';
2018-10-31 04:36:24 EXEC SPC_p003_LST2 '<row vocabulary_code="1" vocabulary_id="1" vocabulary_div="3" vocabulary_nm="Hello" spelling="helou" mean="Xin chào" explain="say when meet someone" /><row vocabulary_code="2" vocabulary_id="2" vocabulary_div="2" vocabulary_nm="king" spelling="king" mean="vua" explain="someone who leader of a country" /><row vocabulary_code="3" vocabulary_id="2" vocabulary_div="1" vocabulary_nm="kingdom" spelling="kingdum" mean="vương quốc" explain="the way to call a country in history" /><row vocabulary_code="4" vocabulary_id="3" vocabulary_div="4" vocabulary_nm="goal" spelling="ɡəul" mean="vào" explain="when the bool into the lưới" />';
2018-10-31 04:36:27 EXEC SPC_COM_MENU '1';
2018-10-31 04:36:27 EXEC SPC_p003_LST1 '0','','','<row vocabulary_code="1" vocabulary_id="1" vocabulary_div="3" vocabulary_nm="Hello" spelling="helou" mean="Xin chào" explain="say when meet someone" /><row vocabulary_code="2" vocabulary_id="2" vocabulary_div="2" vocabulary_nm="king" spelling="king" mean="vua" explain="someone who leader of a country" /><row vocabulary_code="3" vocabulary_id="2" vocabulary_div="1" vocabulary_nm="kingdom" spelling="kingdum" mean="vương quốc" explain="the way to call a country in history" /><row vocabulary_code="4" vocabulary_id="3" vocabulary_div="4" vocabulary_nm="goal" spelling="ɡəul" mean="vào" explain="when the bool into the lưới" />','50','1';
2018-10-31 04:36:27 SQLSTATE[42000]: [Microsoft][ODBC Driver 13 for SQL Server][SQL Server]プロシージャまたは関数 SPC_P003_LST1 に指定された引数が多すぎます。
2018-10-31 04:36:42 EXEC SPC_COM_PERMISSION '1','2','w002';
2018-10-31 04:36:42 EXEC SPC_COM_MENU '1';
2018-10-31 04:36:42 EXEC SPC_W002_FND1
2018-10-31 04:36:44 EXEC SPC_COM_MENU '1';
2018-10-31 04:36:44 EXEC SPC_W002_LST1 '1';
2018-10-31 04:36:44 EXEC SPC_COM_MENU '1';
2018-10-31 04:36:44 EXEC SPC_W002_LST2 '1';
2018-10-31 04:36:44 EXEC SPC_COM_MENU '1';
2018-10-31 04:36:44 EXEC SPC_COMMON_GROUP '2';
2018-10-31 04:36:45 EXEC SPC_COM_MENU '1';
2018-10-31 04:36:45 EXEC SPC_COM_M999_INQ1 '8';
2018-10-31 04:36:45 EXEC SPC_COM_MENU '1';
2018-10-31 04:36:45 EXEC SPC_p003_LST2 '<row vocabulary_code="1" vocabulary_id="1" vocabulary_div="3" vocabulary_nm="Hello" spelling="helou" mean="Xin chào" explain="say when meet someone" /><row vocabulary_code="2" vocabulary_id="2" vocabulary_div="2" vocabulary_nm="king" spelling="king" mean="vua" explain="someone who leader of a country" /><row vocabulary_code="3" vocabulary_id="2" vocabulary_div="1" vocabulary_nm="kingdom" spelling="kingdum" mean="vương quốc" explain="the way to call a country in history" /><row vocabulary_code="4" vocabulary_id="3" vocabulary_div="4" vocabulary_nm="goal" spelling="ɡəul" mean="vào" explain="when the bool into the lưới" />';
2018-10-31 04:36:48 EXEC SPC_COM_MENU '1';
2018-10-31 04:37:15 EXEC SPC_COM_MENU '1';
2018-10-31 04:37:41 EXEC SPC_COM_MENU '1';
2018-10-31 04:37:41 EXEC SPC_p003_LST1 '0','','','50','1';
2018-10-31 04:39:25 EXEC SPC_COM_PERMISSION '1','2','w002';
2018-10-31 04:39:25 EXEC SPC_COM_MENU '1';
2018-10-31 04:39:25 EXEC SPC_W002_FND1
2018-10-31 04:39:28 EXEC SPC_COM_MENU '1';
2018-10-31 04:39:28 EXEC SPC_W002_LST1 '1';
2018-10-31 04:39:28 EXEC SPC_COM_MENU '1';
2018-10-31 04:39:28 EXEC SPC_W002_LST2 '1';
2018-10-31 04:39:28 EXEC SPC_COM_MENU '1';
2018-10-31 04:39:28 EXEC SPC_COMMON_GROUP '2';
2018-10-31 04:39:30 EXEC SPC_COM_MENU '1';
2018-10-31 04:39:30 EXEC SPC_COM_M999_INQ1 '8';
2018-10-31 04:39:30 EXEC SPC_COM_MENU '1';
2018-10-31 04:39:30 EXEC SPC_p003_LST2 '<row vocabulary_code="1" vocabulary_id="1" vocabulary_div="3" vocabulary_nm="Hello" spelling="helou" mean="Xin chào" explain="say when meet someone" /><row vocabulary_code="2" vocabulary_id="2" vocabulary_div="2" vocabulary_nm="king" spelling="king" mean="vua" explain="someone who leader of a country" /><row vocabulary_code="3" vocabulary_id="2" vocabulary_div="1" vocabulary_nm="kingdom" spelling="kingdum" mean="vương quốc" explain="the way to call a country in history" /><row vocabulary_code="4" vocabulary_id="3" vocabulary_div="4" vocabulary_nm="goal" spelling="ɡəul" mean="vào" explain="when the bool into the lưới" />';
2018-10-31 04:39:32 EXEC SPC_COM_MENU '1';
2018-10-31 04:39:32 EXEC SPC_p003_LST1 '0','','','50','1';
2018-10-31 04:42:16 EXEC SPC_COM_MENU '1';
2018-10-31 04:42:16 EXEC SPC_COM_M999_INQ1 '8';
2018-10-31 04:42:16 EXEC SPC_COM_MENU '1';
2018-10-31 04:42:16 EXEC SPC_p003_LST2 '<row vocabulary_code="1" vocabulary_id="1" vocabulary_div="3" vocabulary_nm="Hello" spelling="helou" mean="Xin chào" explain="say when meet someone" /><row vocabulary_code="2" vocabulary_id="2" vocabulary_div="2" vocabulary_nm="king" spelling="king" mean="vua" explain="someone who leader of a country" /><row vocabulary_code="3" vocabulary_id="2" vocabulary_div="1" vocabulary_nm="kingdom" spelling="kingdum" mean="vương quốc" explain="the way to call a country in history" /><row vocabulary_code="4" vocabulary_id="3" vocabulary_div="4" vocabulary_nm="goal" spelling="ɡəul" mean="vào" explain="when the bool into the lưới" />';
2018-10-31 04:42:25 EXEC SPC_COM_PERMISSION '1','2','w002';
2018-10-31 04:42:25 EXEC SPC_COM_MENU '1';
2018-10-31 04:42:25 EXEC SPC_W002_FND1
2018-10-31 04:42:27 EXEC SPC_COM_MENU '1';
2018-10-31 04:42:27 EXEC SPC_W002_LST2 '1';
2018-10-31 04:42:28 EXEC SPC_COM_MENU '1';
2018-10-31 04:42:28 EXEC SPC_COM_M999_INQ1 '8';
2018-10-31 04:42:29 EXEC SPC_COM_MENU '1';
2018-10-31 04:43:33 EXEC SPC_COM_MENU '1';
2018-10-31 04:43:33 EXEC SPC_COM_M999_INQ1 '8';
2018-10-31 04:43:34 EXEC SPC_COM_MENU '1';
2018-10-31 04:43:48 EXEC SPC_COM_MENU '1';
2018-10-31 04:43:48 EXEC SPC_COM_M999_INQ1 '8';
2018-10-31 04:43:49 EXEC SPC_COM_MENU '1';
2018-10-31 04:44:04 EXEC SPC_COM_MENU '1';
2018-10-31 04:44:04 EXEC SPC_COM_M999_INQ1 '8';
2018-10-31 04:44:05 EXEC SPC_COM_MENU '1';
2018-10-31 04:44:28 EXEC SPC_COM_MENU '1';
2018-10-31 04:44:28 EXEC SPC_COM_M999_INQ1 '8';
2018-10-31 04:44:28 EXEC SPC_COM_MENU '1';
2018-10-31 04:44:28 EXEC SPC_p003_LST2 '';
2018-10-31 04:45:04 EXEC SPC_COM_MENU '1';
2018-10-31 04:45:04 EXEC SPC_COM_M999_INQ1 '8';
2018-10-31 04:45:05 EXEC SPC_COM_MENU '1';
2018-10-31 04:45:05 EXEC SPC_p003_LST2 '';
2018-10-31 04:46:03 EXEC SPC_COM_MENU '1';
2018-10-31 04:46:03 EXEC SPC_COM_M999_INQ1 '8';
2018-10-31 04:46:03 EXEC SPC_COM_MENU '1';
2018-10-31 04:46:03 EXEC SPC_p003_LST2 '';
2018-10-31 04:46:07 EXEC SPC_COM_MENU '1';
2018-10-31 04:46:07 EXEC SPC_p003_LST1 '0','','','50','1';
2018-10-31 04:46:37 EXEC SPC_COM_MENU '1';
2018-10-31 04:46:37 EXEC SPC_COM_M999_INQ1 '8';
2018-10-31 04:46:37 EXEC SPC_COM_MENU '1';
2018-10-31 04:46:37 EXEC SPC_p003_LST2 '';
2018-10-31 04:46:40 EXEC SPC_COM_MENU '1';
2018-10-31 04:46:40 EXEC SPC_p003_LST1 '0','','','50','1';
2018-10-31 04:47:45 EXEC SPC_COM_MENU '1';
2018-10-31 04:47:45 EXEC SPC_COM_M999_INQ1 '8';
2018-10-31 04:47:45 EXEC SPC_COM_MENU '1';
2018-10-31 04:47:45 EXEC SPC_p003_LST2 '';
2018-10-31 04:47:52 EXEC SPC_COM_MENU '1';
2018-10-31 04:47:52 EXEC SPC_p003_LST1 '2','','','50','1';
2018-10-31 04:47:55 EXEC SPC_COM_MENU '1';
2018-10-31 04:47:55 EXEC SPC_p003_LST1 '1','','','50','1';
2018-10-31 04:48:12 EXEC SPC_COM_MENU '1';
2018-10-31 04:48:12 EXEC SPC_COM_M999_INQ1 '8';
2018-10-31 04:48:12 EXEC SPC_COM_MENU '1';
2018-10-31 04:48:12 EXEC SPC_p003_LST2 '';
2018-10-31 04:52:44 EXEC SPC_COM_MENU '1';
2018-10-31 04:52:44 EXEC SPC_COM_M999_INQ1 '8';
2018-10-31 04:52:44 EXEC SPC_COM_MENU '1';
2018-10-31 04:52:44 EXEC SPC_p003_LST2 '';
2018-10-31 04:54:27 EXEC SPC_COM_MENU '1';
2018-10-31 04:54:27 EXEC SPC_COM_M999_INQ1 '8';
2018-10-31 04:54:28 EXEC SPC_COM_MENU '1';
2018-10-31 04:54:28 EXEC SPC_p003_LST2 '';
2018-10-31 04:54:30 EXEC SPC_COM_MENU '1';
2018-10-31 04:54:30 EXEC SPC_p003_LST1 '0','','','50','1';
2018-10-31 04:55:40 EXEC SPC_COM_MENU '1';
2018-10-31 04:55:40 EXEC SPC_COM_M999_INQ1 '8';
2018-10-31 04:55:41 EXEC SPC_COM_MENU '1';
2018-10-31 04:55:41 EXEC SPC_p003_LST2 '';
2018-10-31 04:55:44 EXEC SPC_COM_MENU '1';
2018-10-31 04:55:44 EXEC SPC_p003_LST1 '0','','','50','1';
2018-10-31 04:59:41 EXEC SPC_COM_MENU '1';
2018-10-31 04:59:42 EXEC SPC_COM_M999_INQ1 '8';
2018-10-31 04:59:42 EXEC SPC_COM_MENU '1';
2018-10-31 04:59:42 EXEC SPC_p003_LST2 '';
2018-10-31 04:59:44 EXEC SPC_COM_MENU '1';
2018-10-31 04:59:44 EXEC SPC_p003_LST1 '0','','','50','1';
2018-10-31 07:52:19 EXEC SPC_COM_DATA 'ndq809','1','2';
2018-10-31 07:52:19 EXEC SPC_COM_MENU '1';
