2018-08-07 00:18:08 EXEC SPC_COM_PERMISSION '1','g001';
2018-08-07 00:18:08 EXEC SPC_COM_MENU '1';
2018-08-07 00:18:13 EXEC SPC_COM_PERMISSION '1','w002';
2018-08-07 00:18:13 EXEC SPC_COM_MENU '1';
2018-08-07 00:18:13 EXEC SPC_W002_FND1
2018-08-07 00:18:19 EXEC SPC_COM_MENU '1';
2018-08-07 00:18:19 EXEC SPC_COMMON_CATALORUE '1';
2018-08-07 00:18:21 EXEC SPC_COM_MENU '1';
2018-08-07 00:18:21 EXEC SPC_COMMON_GROUP 'CAT-12';
2018-08-07 00:18:27 EXEC SPC_COM_MENU '1';
2018-08-07 00:18:27 EXEC SPC_COM_M999_INQ1 '8';
2018-08-07 00:18:28 EXEC SPC_COM_MENU '1';
2018-08-07 00:18:28 EXEC SPC_p003_LST1 '','','','50';
2018-08-07 00:19:02 EXEC SPC_COM_MENU '1';
2018-08-07 00:19:03 EXEC SPC_w002_ACT1 '','1','CAT-12','GRO-5','','','','','0','<row vocabulary_id="1" vocabulary_dtl_id="1" vocabulary_div="1" vocabulary_nm="Quý" spelling="クイ" mean="đập chai" explain="hehehe" /><row edit-confirm="1" vocabulary_id="1" vocabulary_dtl_id="1" vocabulary_div="2" vocabulary_nm="Quý" spelling="クイ2" mean="đập chai2" explain="hehehe" /><row edit-confirm="1" vocabulary_id="1" vocabulary_dtl_id="1" vocabulary_div="4" vocabulary_nm="Quý" spelling="クイ3" mean="đập chai3" explain="hehehe" />','','ndq809','127.0.0.1';
2018-08-07 00:19:42 EXEC SPC_COM_MENU '1';
2018-08-07 00:19:42 EXEC SPC_w002_ACT1 '','1','CAT-12','GRO-5','','','','','0','<row vocabulary_id="1" vocabulary_dtl_id="1" vocabulary_div="1" vocabulary_nm="Quý" spelling="クイ" mean="đập chai" explain="hehehe" /><row edit-confirm="1" vocabulary_id="1" vocabulary_dtl_id="1" vocabulary_div="2" vocabulary_nm="Quý" spelling="クイ2" mean="đập chai2" explain="hehehe" /><row edit-confirm="1" vocabulary_id="1" vocabulary_dtl_id="1" vocabulary_div="4" vocabulary_nm="Quý" spelling="クイ3" mean="đập chai3" explain="hehehe" />','','ndq809','127.0.0.1';
2018-08-07 01:09:54 EXEC SPC_COM_MENU '1';
2018-08-07 01:09:54 EXEC SPC_w002_ACT1 '','1','CAT-12','GRO-5','','','','','0','<row vocabulary_id="1" vocabulary_dtl_id="1" vocabulary_div="1" vocabulary_nm="Quý" spelling="クイ" mean="đập chai" explain="hehehe" /><row edit-confirm="1" vocabulary_id="1" vocabulary_dtl_id="1" vocabulary_div="2" vocabulary_nm="Quý" spelling="クイ2" mean="đập chai2" explain="hehehe" /><row edit-confirm="1" vocabulary_id="1" vocabulary_dtl_id="1" vocabulary_div="4" vocabulary_nm="Quý" spelling="クイ3" mean="đập chai3" explain="hehehe" />','','ndq809','127.0.0.1';
2018-08-07 01:14:35 EXEC SPC_COM_MENU '1';
2018-08-07 01:14:35 EXEC SPC_COMMON_CATALORUE '2';
2018-08-07 01:15:03 EXEC SPC_COM_MENU '1';
2018-08-07 01:15:06 EXEC SPC_COM_MENU '1';
2018-08-07 01:15:06 EXEC SPC_COMMON_GROUP 'CAT-7';
2018-08-07 01:15:09 EXEC SPC_COM_MENU '1';
2018-08-07 01:15:09 EXEC SPC_w002_ACT1 '','2','CAT-7','GRO-16','','','','','0','<row vocabulary_id="1" vocabulary_dtl_id="1" vocabulary_div="1" vocabulary_nm="Quý" spelling="クイ" mean="đập chai" explain="hehehe" /><row edit-confirm="1" vocabulary_id="1" vocabulary_dtl_id="1" vocabulary_div="2" vocabulary_nm="Quý" spelling="クイ2" mean="đập chai2" explain="hehehe" /><row edit-confirm="1" vocabulary_id="1" vocabulary_dtl_id="1" vocabulary_div="4" vocabulary_nm="Quý" spelling="クイ3" mean="đập chai3" explain="hehehe" /><row edit-confirm="1" vocabulary_id="" vocabulary_dtl_id="" vocabulary_div="1" vocabulary_nm="xcs" spelling="dsda" mean="đá" explain="dsad" /><row edit-confirm="1" vocabulary_id="" vocabulary_dtl_id="" vocabulary_div="4" vocabulary_nm="rte" spelling="tret" mean="trêt" explain="rêtr" />','','ndq809','127.0.0.1';
2018-08-07 01:15:45 EXEC SPC_COM_MENU '1';
2018-08-07 01:15:45 EXEC SPC_w002_ACT1 '','2','CAT-7','GRO-16','eqweqe','<p>ewqeqeq</p>
','','','0','<row vocabulary_id="1" vocabulary_dtl_id="1" vocabulary_div="1" vocabulary_nm="Quý" spelling="クイ" mean="đập chai" explain="hehehe" /><row edit-confirm="1" vocabulary_id="1" vocabulary_dtl_id="1" vocabulary_div="2" vocabulary_nm="Quý" spelling="クイ2" mean="đập chai2" explain="hehehe" /><row edit-confirm="1" vocabulary_id="1" vocabulary_dtl_id="1" vocabulary_div="4" vocabulary_nm="Quý" spelling="クイ3" mean="đập chai3" explain="hehehe" /><row edit-confirm="1" vocabulary_id="" vocabulary_dtl_id="" vocabulary_div="1" vocabulary_nm="xcs" spelling="dsda" mean="đá" explain="dsad" /><row edit-confirm="1" vocabulary_id="" vocabulary_dtl_id="" vocabulary_div="4" vocabulary_nm="rte" spelling="tret" mean="trêt" explain="rêtr" />','','ndq809','127.0.0.1';
2018-08-07 04:48:15 EXEC SPC_COM_PERMISSION '1','w002';
2018-08-07 04:48:15 EXEC SPC_COM_MENU '1';
2018-08-07 04:48:15 EXEC SPC_W002_FND1
2018-08-07 04:48:25 EXEC SPC_COM_MENU '1';
2018-08-07 04:48:25 EXEC SPC_COMMON_CATALORUE '1';
2018-08-07 04:48:43 EXEC SPC_COM_MENU '1';
2018-08-07 04:48:43 EXEC SPC_COM_M999_INQ1 '8';
2018-08-07 04:48:44 EXEC SPC_COM_MENU '1';
2018-08-07 04:48:44 EXEC SPC_p003_LST1 '','','','50';
2018-08-07 04:50:54 EXEC SPC_COM_MENU '1';
2018-08-07 04:50:54 EXEC SPC_COM_M999_INQ1 '8';
2018-08-07 04:50:55 EXEC SPC_COM_MENU '1';
2018-08-07 04:50:55 EXEC SPC_p003_LST1 '','','','50';
2018-08-07 04:50:59 EXEC SPC_COM_MENU '1';
2018-08-07 04:50:59 EXEC SPC_COMMON_CATALORUE '1';
2018-08-07 04:51:01 EXEC SPC_COM_MENU '1';
2018-08-07 04:51:01 EXEC SPC_COM_M999_INQ1 '8';
2018-08-07 04:51:02 EXEC SPC_COM_MENU '1';
2018-08-07 04:51:02 EXEC SPC_p003_LST1 '','','','50';
2018-08-07 05:36:14 EXEC SPC_COM_PERMISSION '1','w002';
2018-08-07 05:36:14 EXEC SPC_COM_MENU '1';
2018-08-07 05:36:14 EXEC SPC_W002_FND1
2018-08-07 05:36:18 EXEC SPC_COM_MENU '1';
2018-08-07 05:36:18 EXEC SPC_COMMON_CATALORUE '1';
2018-08-07 05:36:26 EXEC SPC_COM_MENU '1';
2018-08-07 05:36:26 EXEC SPC_COM_M999_INQ1 '8';
2018-08-07 05:36:27 EXEC SPC_COM_MENU '1';
2018-08-07 05:36:27 EXEC SPC_p003_LST1 '','','','50';
2018-08-07 05:36:42 EXEC SPC_COM_MENU '1';
2018-08-07 05:36:42 EXEC SPC_COM_M999_INQ1 '8';
2018-08-07 05:36:43 EXEC SPC_COM_MENU '1';
2018-08-07 05:36:43 EXEC SPC_p003_LST1 '','','','50';
2018-08-07 05:38:28 EXEC SPC_COM_PERMISSION '1','w002';
2018-08-07 05:38:28 EXEC SPC_COM_MENU '1';
2018-08-07 05:38:28 EXEC SPC_W002_FND1
2018-08-07 05:38:30 EXEC SPC_COM_MENU '1';
2018-08-07 05:38:30 EXEC SPC_COMMON_CATALORUE '1';
2018-08-07 05:38:33 EXEC SPC_COM_MENU '1';
2018-08-07 05:38:33 EXEC SPC_COM_M999_INQ1 '8';
2018-08-07 05:38:34 EXEC SPC_COM_MENU '1';
2018-08-07 05:38:34 EXEC SPC_p003_LST1 '','','','50';
2018-08-07 05:38:40 EXEC SPC_COM_MENU '1';
2018-08-07 05:38:40 EXEC SPC_COM_M999_INQ1 '8';
2018-08-07 05:38:40 EXEC SPC_COM_MENU '1';
2018-08-07 05:38:40 EXEC SPC_p003_LST1 '','','','50';
2018-08-07 05:39:21 EXEC SPC_COM_PERMISSION '1','w002';
2018-08-07 05:39:21 EXEC SPC_COM_MENU '1';
2018-08-07 05:39:21 EXEC SPC_W002_FND1
2018-08-07 05:39:24 EXEC SPC_COM_MENU '1';
2018-08-07 05:39:24 EXEC SPC_COMMON_CATALORUE '1';
2018-08-07 05:39:27 EXEC SPC_COM_MENU '1';
2018-08-07 05:39:27 EXEC SPC_COMMON_CATALORUE '2';
2018-08-07 05:39:37 EXEC SPC_COM_MENU '1';
2018-08-07 05:39:37 EXEC SPC_W002_LST1 'POST-2';
2018-08-07 05:39:38 EXEC SPC_COM_MENU '1';
2018-08-07 05:39:38 EXEC SPC_COMMON_CATALORUE '1';
2018-08-07 05:39:38 EXEC SPC_COM_MENU '1';
2018-08-07 05:39:38 EXEC SPC_COMMON_GROUP 'CAT-12';
2018-08-07 05:40:03 EXEC SPC_COM_MENU '1';
2018-08-07 05:40:03 EXEC SPC_w002_ACT1 'POST-2','1','CAT-12','GRO-14','','','','','0','<row copy-index="-1" vocabulary_id="1" vocabulary_dtl_id="1" vocabulary_div="1" vocabulary_nm="Quý" spelling="クイ" mean="đập chai" explain="hehehe" /><row copy-index="-1" vocabulary_id="1" vocabulary_dtl_id="2" vocabulary_div="3" vocabulary_nm="Quý1" spelling="クイ1" mean="đập chai1" explain="hehehe1" /><row edit-confirm="1" copy-index="" vocabulary_id="" vocabulary_dtl_id="" vocabulary_div="3" vocabulary_nm="khoai" spelling="khoai" mean="khoai" explain="khoai" />','','ndq809','127.0.0.1';
2018-08-07 05:40:19 EXEC SPC_COM_MENU '1';
2018-08-07 05:40:19 EXEC SPC_w002_ACT1 'POST-2','1','CAT-12','GRO-14','','','','','0','<row copy-index="-1" vocabulary_id="1" vocabulary_dtl_id="1" vocabulary_div="1" vocabulary_nm="Quý" spelling="クイ" mean="đập chai" explain="hehehe" /><row copy-index="-1" vocabulary_id="1" vocabulary_dtl_id="2" vocabulary_div="3" vocabulary_nm="Quý1" spelling="クイ1" mean="đập chai1" explain="hehehe1" /><row edit-confirm="1" copy-index="" vocabulary_id="" vocabulary_dtl_id="" vocabulary_div="3" vocabulary_nm="khoai" spelling="khoai" mean="khoai" explain="khoai" />','','ndq809','127.0.0.1';
2018-08-07 05:40:39 EXEC SPC_COM_MENU '1';
2018-08-07 05:40:39 EXEC SPC_COM_M999_INQ1 '8';
2018-08-07 05:40:40 EXEC SPC_COM_MENU '1';
2018-08-07 05:40:40 EXEC SPC_p003_LST1 '3','Quý1','đập chai1','50';
2018-08-07 05:40:55 EXEC SPC_COM_MENU '1';
2018-08-07 05:40:55 EXEC SPC_w002_ACT1 'POST-2','1','CAT-12','GRO-14','','','','','0','<row copy-index="-1" vocabulary_id="1" vocabulary_dtl_id="1" vocabulary_div="1" vocabulary_nm="Quý" spelling="クイ" mean="đập chai" explain="hehehe" /><row copy-index="-1" vocabulary_id="1" vocabulary_dtl_id="2" vocabulary_div="3" vocabulary_nm="Quý1" spelling="クイ1" mean="đập chai1" explain="hehehe1" /><row edit-confirm="1" copy-index="" vocabulary_id="" vocabulary_dtl_id="" vocabulary_div="3" vocabulary_nm="khoai" spelling="khoai" mean="khoai" explain="khoai" />','','ndq809','127.0.0.1';
2018-08-07 05:41:51 EXEC SPC_COM_MENU '1';
2018-08-07 05:41:52 EXEC SPC_w002_ACT1 'POST-2','1','CAT-12','GRO-14','','','','','0','<row copy-index="-1" vocabulary_id="1" vocabulary_dtl_id="1" vocabulary_div="1" vocabulary_nm="Quý" spelling="クイ" mean="đập chai" explain="hehehe" /><row copy-index="-1" vocabulary_id="1" vocabulary_dtl_id="2" vocabulary_div="3" vocabulary_nm="Quý1" spelling="クイ1" mean="đập chai1" explain="hehehe1" /><row edit-confirm="1" copy-index="" vocabulary_id="" vocabulary_dtl_id="" vocabulary_div="3" vocabulary_nm="khoai" spelling="khoai" mean="khoai" explain="khoai" />','','ndq809','127.0.0.1';
2018-08-07 05:44:21 EXEC SPC_COM_MENU '1';
2018-08-07 05:44:21 EXEC SPC_COM_M999_INQ1 '8';
2018-08-07 05:44:22 EXEC SPC_COM_MENU '1';
2018-08-07 05:44:22 EXEC SPC_p003_LST1 '1','Quý','đập chai','50';
2018-08-07 05:44:25 EXEC SPC_COM_MENU '1';
2018-08-07 05:44:25 EXEC SPC_p003_LST1 '','','','50','1';
2018-08-07 05:44:31 EXEC SPC_COM_PERMISSION '1','w002';
2018-08-07 05:44:31 EXEC SPC_COM_MENU '1';
2018-08-07 05:44:31 EXEC SPC_W002_FND1
2018-08-07 05:44:33 EXEC SPC_COM_MENU '1';
2018-08-07 05:44:33 EXEC SPC_COMMON_CATALORUE '1';
2018-08-07 05:44:35 EXEC SPC_COM_MENU '1';
2018-08-07 05:44:35 EXEC SPC_COM_M999_INQ1 '8';
2018-08-07 05:44:35 EXEC SPC_COM_MENU '1';
2018-08-07 05:44:35 EXEC SPC_p003_LST1 '','','','50';
2018-08-07 05:44:54 EXEC SPC_COM_MENU '1';
2018-08-07 05:44:54 EXEC SPC_COM_M999_INQ1 '8';
2018-08-07 05:44:55 EXEC SPC_COM_MENU '1';
2018-08-07 05:44:55 EXEC SPC_p003_LST1 '','','','50';
2018-08-07 05:47:22 EXEC SPC_COM_PERMISSION '1','w002';
2018-08-07 05:47:22 EXEC SPC_COM_MENU '1';
2018-08-07 05:47:22 EXEC SPC_W002_FND1
2018-08-07 05:47:25 EXEC SPC_COM_MENU '1';
2018-08-07 05:47:25 EXEC SPC_COMMON_CATALORUE '1';
2018-08-07 05:47:31 EXEC SPC_COM_MENU '1';
2018-08-07 05:47:31 EXEC SPC_COM_M999_INQ1 '8';
2018-08-07 05:47:31 EXEC SPC_COM_MENU '1';
2018-08-07 05:47:31 EXEC SPC_p003_LST1 '','','','50';
2018-08-07 05:48:31 EXEC SPC_COM_PERMISSION '1','w002';
2018-08-07 05:48:31 EXEC SPC_COM_MENU '1';
2018-08-07 05:48:31 EXEC SPC_W002_FND1
2018-08-07 05:48:34 EXEC SPC_COM_MENU '1';
2018-08-07 05:48:34 EXEC SPC_COMMON_CATALORUE '1';
2018-08-07 05:48:40 EXEC SPC_COM_MENU '1';
2018-08-07 05:48:40 EXEC SPC_COM_M999_INQ1 '8';
2018-08-07 05:48:41 EXEC SPC_COM_MENU '1';
2018-08-07 05:48:41 EXEC SPC_p003_LST1 '','','','50';
2018-08-07 05:49:58 EXEC SPC_COM_PERMISSION '1','w002';
2018-08-07 05:49:58 EXEC SPC_COM_MENU '1';
2018-08-07 05:49:58 EXEC SPC_W002_FND1
2018-08-07 05:50:01 EXEC SPC_COM_MENU '1';
2018-08-07 05:50:01 EXEC SPC_COMMON_CATALORUE '1';
2018-08-07 05:50:03 EXEC SPC_COM_MENU '1';
2018-08-07 05:50:03 EXEC SPC_COM_M999_INQ1 '8';
2018-08-07 05:50:04 EXEC SPC_COM_MENU '1';
2018-08-07 05:50:04 EXEC SPC_p003_LST1 '','','','50';
2018-08-07 05:50:49 EXEC SPC_COM_PERMISSION '1','w002';
2018-08-07 05:50:49 EXEC SPC_COM_MENU '1';
2018-08-07 05:50:49 EXEC SPC_W002_FND1
2018-08-07 05:50:53 EXEC SPC_COM_MENU '1';
2018-08-07 05:50:53 EXEC SPC_COMMON_CATALORUE '1';
2018-08-07 05:50:56 EXEC SPC_COM_MENU '1';
2018-08-07 05:50:56 EXEC SPC_COM_M999_INQ1 '8';
2018-08-07 05:50:56 EXEC SPC_COM_MENU '1';
2018-08-07 05:50:56 EXEC SPC_p003_LST1 '','','','50';
2018-08-07 05:51:01 EXEC SPC_COM_MENU '1';
2018-08-07 05:51:01 EXEC SPC_COM_M999_INQ1 '8';
2018-08-07 05:51:01 EXEC SPC_COM_MENU '1';
2018-08-07 05:51:01 EXEC SPC_p003_LST1 '','','','50';
2018-08-07 05:51:12 EXEC SPC_COM_PERMISSION '1','w002';
2018-08-07 05:51:12 EXEC SPC_COM_MENU '1';
2018-08-07 05:51:12 EXEC SPC_W002_FND1
2018-08-07 05:51:14 EXEC SPC_COM_MENU '1';
2018-08-07 05:51:14 EXEC SPC_COMMON_CATALORUE '1';
2018-08-07 05:51:16 EXEC SPC_COM_MENU '1';
2018-08-07 05:51:16 EXEC SPC_COM_M999_INQ1 '8';
2018-08-07 05:51:17 EXEC SPC_COM_MENU '1';
2018-08-07 05:51:17 EXEC SPC_p003_LST1 '','','','50';
2018-08-07 05:51:27 EXEC SPC_COM_MENU '1';
2018-08-07 05:51:27 EXEC SPC_COM_M999_INQ1 '8';
2018-08-07 05:51:27 EXEC SPC_COM_MENU '1';
2018-08-07 05:51:27 EXEC SPC_p003_LST1 '','','','50';
2018-08-07 05:56:33 EXEC SPC_COM_PERMISSION '1','w002';
2018-08-07 05:56:33 EXEC SPC_COM_MENU '1';
2018-08-07 05:56:33 EXEC SPC_W002_FND1
2018-08-07 05:57:36 EXEC SPC_COM_MENU '1';
2018-08-07 05:57:36 EXEC SPC_COMMON_CATALORUE '1';
2018-08-07 05:57:38 EXEC SPC_COM_MENU '1';
2018-08-07 05:57:38 EXEC SPC_COM_M999_INQ1 '8';
2018-08-07 05:57:39 EXEC SPC_COM_MENU '1';
2018-08-07 05:57:39 EXEC SPC_p003_LST1 '','','','50';
2018-08-07 05:57:45 EXEC SPC_COM_MENU '1';
2018-08-07 05:57:45 EXEC SPC_COM_M999_INQ1 '8';
2018-08-07 05:57:46 EXEC SPC_COM_MENU '1';
2018-08-07 05:57:46 EXEC SPC_p003_LST1 '','','','50';
2018-08-07 05:57:54 EXEC SPC_COM_MENU '1';
2018-08-07 05:57:54 EXEC SPC_COM_M999_INQ1 '8';
2018-08-07 05:57:55 EXEC SPC_COM_MENU '1';
2018-08-07 05:57:55 EXEC SPC_p003_LST1 '3','khoai','khoai','50';
2018-08-07 05:58:07 EXEC SPC_COM_MENU '1';
2018-08-07 05:58:10 EXEC SPC_COM_MENU '1';
2018-08-07 05:58:10 EXEC SPC_COMMON_GROUP 'CAT-12';
2018-08-07 05:58:14 EXEC SPC_COM_MENU '1';
2018-08-07 05:58:14 EXEC SPC_w002_ACT1 '','1','CAT-12','GRO-5','','','','','0','<row copy-index="-1" vocabulary_id="1" vocabulary_dtl_id="1" vocabulary_div="1" vocabulary_nm="Quý" spelling="クイ" mean="đập chai" explain="hehehe" /><row edit-confirm="1" copy-index="1" vocabulary_id="1" vocabulary_dtl_id="1" vocabulary_div="2" vocabulary_nm="Quý" spelling="クイ" mean="đập chai" explain="hehehe" /><row copy-index="-1" vocabulary_id="2" vocabulary_dtl_id="1" vocabulary_div="3" vocabulary_nm="khoai" spelling="khoai" mean="khoai" explain="khoai" /><row edit-confirm="1" copy-index="2" vocabulary_id="1" vocabulary_dtl_id="1" vocabulary_div="3" vocabulary_nm="Quý" spelling="クイ" mean="đập chai" explain="hehehe" /><row edit-confirm="1" copy-index="1" vocabulary_id="2" vocabulary_dtl_id="1" vocabulary_div="4" vocabulary_nm="khoai" spelling="khoai" mean="khoai" explain="khoai" />','','ndq809','127.0.0.1';
2018-08-07 06:09:30 EXEC SPC_COM_PERMISSION '1','w002';
2018-08-07 06:09:30 EXEC SPC_COM_MENU '1';
2018-08-07 06:09:30 EXEC SPC_W002_FND1
2018-08-07 06:09:34 EXEC SPC_COM_MENU '1';
2018-08-07 06:09:34 EXEC SPC_COMMON_CATALORUE '1';
2018-08-07 06:09:37 EXEC SPC_COM_MENU '1';
2018-08-07 06:09:37 EXEC SPC_COM_M999_INQ1 '8';
2018-08-07 06:09:38 EXEC SPC_COM_MENU '1';
2018-08-07 06:09:38 EXEC SPC_p003_LST1 '','','','50';
2018-08-07 06:09:42 EXEC SPC_COM_MENU '1';
2018-08-07 06:09:42 EXEC SPC_COM_M999_INQ1 '8';
2018-08-07 06:09:43 EXEC SPC_COM_MENU '1';
2018-08-07 06:09:43 EXEC SPC_p003_LST1 '','','','50';
2018-08-07 06:09:49 EXEC SPC_COM_MENU '1';
2018-08-07 06:09:51 EXEC SPC_COM_MENU '1';
2018-08-07 06:09:51 EXEC SPC_COMMON_GROUP 'CAT-12';
2018-08-07 06:09:56 EXEC SPC_COM_MENU '1';
2018-08-07 06:09:56 EXEC SPC_w002_ACT1 '','1','CAT-12','GRO-7','','','','','0','<row copy-index="-1" vocabulary_id="1" vocabulary_dtl_id="1" vocabulary_div="1" vocabulary_nm="Quý" spelling="クイ" mean="đập chai" explain="hehehe" /><row copy-index="-1" vocabulary_id="2" vocabulary_dtl_id="1" vocabulary_div="3" vocabulary_nm="khoai" spelling="khoai" mean="khoai" explain="khoai" />','','ndq809','127.0.0.1';
2018-08-07 06:09:59 EXEC SPC_COM_MENU '1';
2018-08-07 06:09:59 EXEC SPC_W002_LST1 'POST-3';
2018-08-07 06:09:59 EXEC SPC_COM_MENU '1';
2018-08-07 06:09:59 EXEC SPC_COMMON_CATALORUE '1';
2018-08-07 06:09:59 EXEC SPC_COM_MENU '1';
2018-08-07 06:09:59 EXEC SPC_COMMON_GROUP 'CAT-12';
2018-08-07 06:10:07 EXEC SPC_COM_MENU '1';
2018-08-07 06:10:07 EXEC SPC_W002_LST1 '';
2018-08-07 06:10:07 EXEC SPC_COM_MENU '1';
2018-08-07 06:10:07 EXEC SPC_COMMON_CATALORUE '';
2018-08-07 06:10:10 EXEC SPC_COM_MENU '1';
2018-08-07 06:10:10 EXEC SPC_COMMON_CATALORUE '1';
2018-08-07 06:10:12 EXEC SPC_COM_MENU '1';
2018-08-07 06:10:12 EXEC SPC_COMMON_GROUP 'CAT-12';
2018-08-07 06:10:14 EXEC SPC_COM_MENU '1';
2018-08-07 06:10:14 EXEC SPC_COM_M999_INQ1 '8';
2018-08-07 06:10:15 EXEC SPC_COM_MENU '1';
2018-08-07 06:10:15 EXEC SPC_p003_LST1 '','','','50';
2018-08-07 06:10:22 EXEC SPC_COM_MENU '1';
2018-08-07 06:10:22 EXEC SPC_COM_M999_INQ1 '8';
2018-08-07 06:10:23 EXEC SPC_COM_MENU '1';
2018-08-07 06:10:23 EXEC SPC_p003_LST1 '','','','50';
2018-08-07 06:10:47 EXEC SPC_COM_MENU '1';
2018-08-07 06:10:47 EXEC SPC_w002_ACT1 '','1','CAT-12','GRO-5','','','','','0','<row copy-index="-1" vocabulary_id="1" vocabulary_dtl_id="1" vocabulary_div="1" vocabulary_nm="Quý" spelling="クイ" mean="đập chai" explain="hehehe" /><row edit-confirm="1" copy-index="1" vocabulary_id="1" vocabulary_dtl_id="1" vocabulary_div="3" vocabulary_nm="Quý" spelling="クイ" mean="đập chai" explain="hehehe" /><row copy-index="-1" vocabulary_id="2" vocabulary_dtl_id="1" vocabulary_div="3" vocabulary_nm="khoai" spelling="khoai" mean="khoai" explain="khoai" /><row edit-confirm="1" copy-index="1" vocabulary_id="2" vocabulary_dtl_id="1" vocabulary_div="1" vocabulary_nm="khoai" spelling="khoai" mean="khoai" explain="khoai" />','','ndq809','127.0.0.1';
2018-08-07 06:10:49 EXEC SPC_COM_MENU '1';
2018-08-07 06:10:49 EXEC SPC_W002_LST1 'POST-4';
2018-08-07 06:10:49 EXEC SPC_COM_MENU '1';
2018-08-07 06:10:50 EXEC SPC_COMMON_CATALORUE '1';
2018-08-07 06:10:50 EXEC SPC_COM_MENU '1';
2018-08-07 06:10:50 EXEC SPC_COMMON_GROUP 'CAT-12';
2018-08-07 06:10:54 EXEC SPC_COM_MENU '1';
2018-08-07 06:10:55 EXEC SPC_COM_M999_INQ1 '8';
2018-08-07 06:10:55 EXEC SPC_COM_MENU '1';
2018-08-07 06:10:55 EXEC SPC_p003_LST1 '3','khoai','khoai','50';
2018-08-07 06:10:57 EXEC SPC_COM_MENU '1';
2018-08-07 06:10:57 EXEC SPC_p003_LST1 '','','','50','1';
2018-08-07 06:12:59 EXEC SPC_COM_PERMISSION '1','w002';
2018-08-07 06:12:59 EXEC SPC_COM_MENU '1';
2018-08-07 06:12:59 EXEC SPC_W002_FND1
2018-08-07 06:13:01 EXEC SPC_COM_MENU '1';
2018-08-07 06:13:01 EXEC SPC_W002_LST1 'POST-1';
2018-08-07 06:13:07 EXEC SPC_COM_MENU '1';
2018-08-07 06:13:07 EXEC SPC_COM_M999_INQ1 '8';
2018-08-07 06:13:08 EXEC SPC_COM_MENU '1';
2018-08-07 06:13:08 EXEC SPC_p003_LST1 '','','','50';
2018-08-07 06:13:22 EXEC SPC_COM_MENU '1';
2018-08-07 06:13:22 EXEC SPC_COMMON_CATALORUE '3';
2018-08-07 06:15:57 EXEC SPC_COM_MENU '1';
2018-08-07 06:16:00 EXEC SPC_COM_MENU '1';
2018-08-07 06:16:00 EXEC SPC_COMMON_GROUP 'CAT-8';
2018-08-07 06:16:06 EXEC SPC_COM_MENU '1';
2018-08-07 06:16:06 EXEC SPC_w002_ACT1 '','3','CAT-8','GRO-4','định mệnh','<p>chưa thấy thằng n&agrave;o n&aacute;t như thằng chim</p>
','/web-content/audio/listeningAudio/audio_5b693926360fc.mp3','audio_5b693926360fc.mp3','1','<row edit-confirm="1" copy-index="" vocabulary_id="" vocabulary_dtl_id="" vocabulary_div="1" vocabulary_nm="chim" spelling="nát" mean="nát bét" explain="nát bét nhè luôn" /><row edit-confirm="1" copy-index="" vocabulary_id="" vocabulary_dtl_id="" vocabulary_div="3" vocabulary_nm="quý" spelling="đập chai" mean="quá chuẩn" explain="chuẩn vkl" />','<row language1_content="i&amp;#39;m hero" language2_content="tôi là quý" />','ndq809','127.0.0.1';
2018-08-07 06:16:17 EXEC SPC_COM_MENU '1';
2018-08-07 06:16:17 EXEC SPC_W002_LST1 'POST-1';
2018-08-07 06:16:18 EXEC SPC_COM_MENU '1';
2018-08-07 06:16:18 EXEC SPC_COMMON_CATALORUE '';
2018-08-07 06:16:20 EXEC SPC_COM_MENU '1';
2018-08-07 06:16:21 EXEC SPC_W002_LST1 'POST-1';
2018-08-07 06:16:29 EXEC SPC_COM_MENU '1';
2018-08-07 06:16:29 EXEC SPC_W002_LST1 '';
2018-08-07 06:16:31 EXEC SPC_COM_MENU '1';
2018-08-07 06:16:31 EXEC SPC_W002_LST1 'POST-1';
2018-08-07 06:16:34 EXEC SPC_COM_MENU '1';
2018-08-07 06:16:34 EXEC SPC_COMMON_CATALORUE '1';
2018-08-07 06:16:36 EXEC SPC_COM_MENU '1';
2018-08-07 06:16:36 EXEC SPC_COMMON_CATALORUE '2';
2018-08-07 06:16:38 EXEC SPC_COM_MENU '1';
2018-08-07 06:16:38 EXEC SPC_COMMON_CATALORUE '3';
2018-08-07 06:16:40 EXEC SPC_COM_MENU '1';
2018-08-07 06:16:40 EXEC SPC_COMMON_CATALORUE '1';
2018-08-07 06:16:44 EXEC SPC_COM_MENU '1';
2018-08-07 06:16:44 EXEC SPC_W002_LST1 'POST-1';
2018-08-07 06:16:44 EXEC SPC_COM_MENU '1';
2018-08-07 06:16:44 EXEC SPC_COMMON_CATALORUE '';
2018-08-07 06:16:56 EXEC SPC_COM_MENU '1';
2018-08-07 06:16:56 EXEC SPC_COMMON_CATALORUE '6';
2018-08-07 06:17:00 EXEC SPC_COM_MENU '1';
2018-08-07 06:17:00 EXEC SPC_COMMON_CATALORUE '9';
2018-08-07 06:17:28 EXEC SPC_COM_MENU '1';
2018-08-07 06:17:28 EXEC SPC_COMMON_CATALORUE '3';
2018-08-07 06:17:52 EXEC SPC_COM_MENU '1';
2018-08-07 06:17:52 EXEC SPC_COMMON_GROUP 'CAT-8';
2018-08-07 06:18:02 EXEC SPC_COM_MENU '1';
2018-08-07 06:18:02 EXEC SPC_COM_M999_INQ1 '8';
2018-08-07 06:18:03 EXEC SPC_COM_MENU '1';
2018-08-07 06:18:03 EXEC SPC_p003_LST1 '','','','50';
2018-08-07 06:18:32 EXEC SPC_COM_MENU '1';
2018-08-07 06:18:32 EXEC SPC_w002_ACT1 '','3','CAT-8','GRO-4','aaaaaaaaaaaaaaaaaaaaaaa','<p>bbbbbbbbbbbbbbbbbbbbbbbbbbb</p>
','/web-content/audio/listeningAudio/audio_5b6939b86bf70.mp3','audio_5b6939b86bf70.mp3','1','<row edit-confirm="1" copy-index="" vocabulary_id="" vocabulary_dtl_id="" vocabulary_div="1" vocabulary_nm="qưeq" spelling="eqwe" mean="eqww" explain="ewqe" /><row edit-confirm="1" copy-index="" vocabulary_id="" vocabulary_dtl_id="" vocabulary_div="2" vocabulary_nm="ewqe" spelling="ưeq" mean="ưeq" explain="eqweq" />','','ndq809','127.0.0.1';
2018-08-07 06:20:49 EXEC SPC_COM_MENU '1';
2018-08-07 06:20:49 EXEC SPC_w002_ACT1 '','3','CAT-8','GRO-4','aaaaaaaaaaaaaaaaaaaaaaa','<p>bbbbbbbbbbbbbbbbbbbbbbbbbbb</p>
','/web-content/audio/listeningAudio/audio_5b693a4199ae8.mp3','audio_5b693a4199ae8.mp3','1','<row edit-confirm="1" copy-index="" vocabulary_id="" vocabulary_dtl_id="" vocabulary_div="1" vocabulary_nm="qưeq" spelling="eqwe" mean="eqww" explain="ewqe" /><row edit-confirm="1" copy-index="" vocabulary_id="" vocabulary_dtl_id="" vocabulary_div="2" vocabulary_nm="ewqe" spelling="ưeq" mean="ưeq" explain="eqweq" />','','ndq809','127.0.0.1';
2018-08-07 07:04:15 EXEC SPC_COM_MENU '1';
2018-08-07 07:04:15 EXEC SPC_COMMON_CATALORUE '1';
2018-08-07 07:04:19 EXEC SPC_COM_MENU '1';
2018-08-07 07:04:19 EXEC SPC_COMMON_GROUP 'CAT-12';
2018-08-07 07:05:24 EXEC SPC_COM_PERMISSION '1','w002';
2018-08-07 07:05:24 EXEC SPC_COM_MENU '1';
2018-08-07 07:05:24 EXEC SPC_W002_FND1
2018-08-07 07:05:26 EXEC SPC_COM_PERMISSION '1','w002';
2018-08-07 07:05:26 EXEC SPC_COM_MENU '1';
2018-08-07 07:05:26 EXEC SPC_W002_FND1
2018-08-07 07:05:29 EXEC SPC_COM_PERMISSION '1','w002';
2018-08-07 07:05:29 EXEC SPC_COM_MENU '1';
2018-08-07 07:05:29 EXEC SPC_W002_FND1
2018-08-07 07:05:36 EXEC SPC_COM_MENU '1';
2018-08-07 07:05:39 EXEC SPC_COM_PERMISSION '1','g001';
2018-08-07 07:05:39 EXEC SPC_COM_MENU '1';
2018-08-07 07:07:37 EXEC SPC_COM_PERMISSION '1','g001';
2018-08-07 07:07:37 EXEC SPC_COM_MENU '1';
2018-08-07 07:07:39 EXEC SPC_COM_PERMISSION '1','g001';
2018-08-07 07:07:39 EXEC SPC_COM_MENU '1';
2018-08-07 07:07:40 EXEC SPC_COM_PERMISSION '1','g001';
2018-08-07 07:07:40 EXEC SPC_COM_MENU '1';
2018-08-07 07:07:41 EXEC SPC_COM_PERMISSION '1','g001';
2018-08-07 07:07:41 EXEC SPC_COM_MENU '1';
2018-08-07 07:07:44 EXEC SPC_COM_PERMISSION '1','w002';
2018-08-07 07:07:44 EXEC SPC_COM_MENU '1';
2018-08-07 07:07:44 EXEC SPC_W002_FND1
2018-08-07 07:07:52 EXEC SPC_COM_MENU '1';
2018-08-07 07:07:52 EXEC SPC_COMMON_CATALORUE '1';
2018-08-07 07:07:55 EXEC SPC_COM_MENU '1';
2018-08-07 07:07:55 EXEC SPC_COM_M999_INQ1 '8';
2018-08-07 07:07:55 EXEC SPC_COM_MENU '1';
2018-08-07 07:07:55 EXEC SPC_p003_LST1 '','','','50';
2018-08-07 07:07:58 EXEC SPC_COM_MENU '1';
2018-08-07 07:07:58 EXEC SPC_COM_M999_INQ1 '8';
2018-08-07 07:07:59 EXEC SPC_COM_MENU '1';
2018-08-07 07:07:59 EXEC SPC_p003_LST1 '','','','50';
2018-08-07 07:08:02 EXEC SPC_COM_MENU '1';
2018-08-07 07:08:02 EXEC SPC_COM_M999_INQ1 '8';
2018-08-07 07:08:03 EXEC SPC_COM_MENU '1';
2018-08-07 07:08:03 EXEC SPC_p003_LST1 '','','','50';
2018-08-07 07:08:09 EXEC SPC_COM_MENU '1';
2018-08-07 07:08:09 EXEC SPC_COMMON_GROUP 'CAT-12';
2018-08-07 07:08:14 EXEC SPC_COM_MENU '1';
2018-08-07 07:08:14 EXEC SPC_COM_M999_INQ1 '8';
2018-08-07 07:08:14 EXEC SPC_COM_MENU '1';
2018-08-07 07:08:14 EXEC SPC_p003_LST1 '','','','50';
2018-08-07 07:08:18 EXEC SPC_COM_MENU '1';
2018-08-07 07:08:18 EXEC SPC_COM_M999_INQ1 '8';
2018-08-07 07:08:19 EXEC SPC_COM_MENU '1';
2018-08-07 07:08:19 EXEC SPC_p003_LST1 '','','','50';
2018-08-07 07:08:23 EXEC SPC_COM_MENU '1';
2018-08-07 07:08:23 EXEC SPC_COM_M999_INQ1 '8';
2018-08-07 07:08:23 EXEC SPC_COM_MENU '1';
2018-08-07 07:08:23 EXEC SPC_p003_LST1 '','','','50';
2018-08-07 07:08:36 EXEC SPC_COM_PERMISSION '1','w002';
2018-08-07 07:08:36 EXEC SPC_COM_MENU '1';
2018-08-07 07:08:36 EXEC SPC_W002_FND1
2018-08-07 07:08:49 EXEC SPC_COM_MENU '1';
2018-08-07 07:08:49 EXEC SPC_COMMON_CATALORUE '1';
2018-08-07 07:08:56 EXEC SPC_COM_MENU '1';
2018-08-07 07:08:56 EXEC SPC_COMMON_GROUP 'CAT-12';
2018-08-07 08:21:10 EXEC SPC_COM_MENU '1';
2018-08-07 08:21:10 EXEC SPC_COM_MENU '1';
2018-08-07 08:21:15 EXEC SPC_COM_PERMISSION '1','g001';
2018-08-07 08:21:15 EXEC SPC_COM_MENU '1';
2018-08-07 08:21:20 EXEC SPC_COM_PERMISSION '1','w002';
2018-08-07 08:21:20 EXEC SPC_COM_MENU '1';
2018-08-07 08:21:20 EXEC SPC_W002_FND1
2018-08-07 09:39:39 EXEC SPC_COM_PERMISSION '1','g001';
2018-08-07 09:39:39 EXEC SPC_COM_MENU '1';
2018-08-07 09:44:03 EXEC SPC_COM_PERMISSION '1','w002';
2018-08-07 09:44:03 EXEC SPC_COM_MENU '1';
2018-08-07 09:44:03 EXEC SPC_W002_FND1
2018-08-07 09:44:05 EXEC SPC_COM_MENU '1';
2018-08-07 09:44:05 EXEC SPC_COMMON_CATALORUE '1';
2018-08-07 09:44:08 EXEC SPC_COM_MENU '1';
2018-08-07 09:44:08 EXEC SPC_COMMON_GROUP 'CAT-12';
2018-08-07 09:44:12 EXEC SPC_COM_MENU '1';
2018-08-07 09:44:12 EXEC SPC_COM_M999_INQ1 '8';
2018-08-07 09:44:12 EXEC SPC_COM_MENU '1';
2018-08-07 09:44:12 EXEC SPC_p003_LST1 '','','','50';
2018-08-07 09:44:13 EXEC SPC_COM_MENU '1';
2018-08-07 09:44:13 EXEC SPC_p003_LST1 '','','','50','1';
2018-08-07 09:44:18 EXEC SPC_COM_PERMISSION '1','w002';
2018-08-07 09:44:18 EXEC SPC_COM_MENU '1';
2018-08-07 09:44:18 EXEC SPC_W002_FND1
2018-08-07 09:44:20 EXEC SPC_COM_MENU '1';
2018-08-07 09:44:20 EXEC SPC_COMMON_CATALORUE '2';
2018-08-07 09:44:23 EXEC SPC_COM_MENU '1';
2018-08-07 09:44:23 EXEC SPC_COMMON_GROUP 'CAT-7';
2018-08-07 09:45:24 EXEC SPC_COM_MENU '1';
2018-08-07 09:45:24 EXEC SPC_w002_ACT1 '','2','CAT-7','GRO-16','dsdasdsadad','<p>dadasdsdsa&nbsp;</p>
','','','0','<row edit-confirm="1" copy-index="" vocabulary_id="" vocabulary_dtl_id="" vocabulary_div="1" vocabulary_nm="hello" spelling="helou" mean="xin chào" explain="chào ai đó" /><row edit-confirm="1" copy-index="" vocabulary_id="" vocabulary_dtl_id="" vocabulary_div="3" vocabulary_nm="go" spelling="gou" mean="đi" explain="đi đâu đó" />','','ndq809','127.0.0.1';
2018-08-07 09:45:30 EXEC SPC_COM_MENU '1';
2018-08-07 09:45:30 EXEC SPC_COM_M999_INQ1 '8';
2018-08-07 09:45:30 EXEC SPC_COM_MENU '1';
2018-08-07 09:45:30 EXEC SPC_p003_LST1 '1','hello','xin chào','50';
2018-08-07 09:45:34 EXEC SPC_COM_MENU '1';
2018-08-07 09:45:34 EXEC SPC_p003_LST1 '','','','50','1';
2018-08-07 09:46:15 EXEC SPC_COM_PERMISSION '1','w002';
2018-08-07 09:46:15 EXEC SPC_COM_MENU '1';
2018-08-07 09:46:15 EXEC SPC_W002_FND1
2018-08-07 09:46:35 EXEC SPC_COM_PERMISSION '1','w002';
2018-08-07 09:46:35 EXEC SPC_COM_MENU '1';
2018-08-07 09:46:35 EXEC SPC_W002_FND1
2018-08-07 09:46:36 EXEC SPC_COM_MENU '1';
2018-08-07 09:46:36 EXEC SPC_COMMON_CATALORUE '1';
2018-08-07 09:46:40 EXEC SPC_COM_MENU '1';
2018-08-07 09:46:40 EXEC SPC_COM_M999_INQ1 '8';
2018-08-07 09:46:41 EXEC SPC_COM_MENU '1';
2018-08-07 09:46:41 EXEC SPC_p003_LST1 '','','','50';
2018-08-07 09:47:07 EXEC SPC_COM_MENU '1';
2018-08-07 09:47:07 EXEC SPC_COM_M999_INQ1 '8';
2018-08-07 09:47:07 EXEC SPC_COM_MENU '1';
2018-08-07 09:47:07 EXEC SPC_p003_LST1 '','','','50';
2018-08-07 09:47:47 EXEC SPC_COM_MENU '1';
2018-08-07 09:47:47 EXEC SPC_COMMON_GROUP 'CAT-12';
2018-08-07 09:47:52 EXEC SPC_COM_MENU '1';
2018-08-07 09:47:52 EXEC SPC_w002_ACT1 '','1','CAT-12','GRO-7','','','','','0','<row vocabulary_id="1" vocabulary_dtl_id="1" vocabulary_div="1" vocabulary_nm="hello" spelling="helou" mean="xin chào" explain="chào ai đó" /><row edit-confirm="1" vocabulary_id="1" vocabulary_dtl_id="1" vocabulary_div="2" vocabulary_nm="hello1" spelling="helou1" mean="xin chào1" explain="chào ai đó1" /><row edit-confirm="1" vocabulary_id="1" vocabulary_dtl_id="1" vocabulary_div="3" vocabulary_nm="hello12" spelling="helou12" mean="xin chào12" explain="chào ai đó12" /><row vocabulary_id="2" vocabulary_dtl_id="1" vocabulary_div="3" vocabulary_nm="go" spelling="gou" mean="đi" explain="đi đâu đó" /><row edit-confirm="1" vocabulary_id="2" vocabulary_dtl_id="1" vocabulary_div="2" vocabulary_nm="go1" spelling="gou1" mean="đi1" explain="đi đâu đó1" /><row edit-confirm="1" vocabulary_id="2" vocabulary_dtl_id="1" vocabulary_div="4" vocabulary_nm="go12" spelling="gou12" mean="đi12" explain="đi đâu đó12" /><row edit-confirm="1" vocabulary_id="2" vocabulary_dtl_id="1" vocabulary_div="1" vocabulary_nm="go123" spelling="gou123" mean="đi123" explain="đi đâu đó123" />','','ndq809','127.0.0.1';
2018-08-07 09:47:58 EXEC SPC_COM_MENU '1';
2018-08-07 09:47:58 EXEC SPC_COM_M999_INQ1 '8';
2018-08-07 09:47:58 EXEC SPC_COM_MENU '1';
2018-08-07 09:47:58 EXEC SPC_p003_LST1 '1','hello','xin chào','50';
2018-08-07 09:48:00 EXEC SPC_COM_MENU '1';
2018-08-07 09:48:00 EXEC SPC_p003_LST1 '','','','50','1';
2018-08-07 09:56:03 EXEC SPC_COM_PERMISSION '1','w002';
2018-08-07 09:56:04 EXEC SPC_COM_MENU '1';
2018-08-07 09:56:04 EXEC SPC_W002_FND1
2018-08-07 09:56:06 EXEC SPC_COM_MENU '1';
2018-08-07 09:56:06 EXEC SPC_W002_LST1 'POST-1';
2018-08-07 09:56:11 EXEC SPC_COM_MENU '1';
2018-08-07 09:56:11 EXEC SPC_W002_LST1 'POST-';
2018-08-07 09:56:13 EXEC SPC_COM_MENU '1';
2018-08-07 09:56:13 EXEC SPC_COMMON_CATALORUE '2';
2018-08-07 09:56:15 EXEC SPC_COM_MENU '1';
2018-08-07 09:56:15 EXEC SPC_COMMON_CATALORUE '3';
2018-08-07 09:56:16 EXEC SPC_COM_MENU '1';
2018-08-07 09:56:16 EXEC SPC_COMMON_GROUP 'CAT-8';
2018-08-07 09:58:27 EXEC SPC_COM_MENU '1';
2018-08-07 09:58:28 EXEC SPC_w002_ACT1 '','3','CAT-8','GRO-6','Khi người mình yêu khóc','<pre>
t&ocirc;i cũng đớn đau t&ocirc;i cũng đớn l&ograve;ng</pre>
','/web-content/audio/listeningAudio/audio_5b696d44080d3.mp3','audio_5b696d44080d3.mp3','1','<row edit-confirm="1" vocabulary_id="" vocabulary_dtl_id="" vocabulary_div="3" vocabulary_nm="cry" spelling="kurai" mean="khóc" explain="nước mắt rơi" /><row edit-confirm="1" vocabulary_id="" vocabulary_dtl_id="" vocabulary_div="1" vocabulary_nm="lover" spelling="lớp vờ" mean="người yêu" explain="yêu cc" />','','ndq809','127.0.0.1';
2018-08-07 09:58:29 EXEC SPC_COM_MENU '1';
2018-08-07 09:58:29 EXEC SPC_W002_LST1 'POST-1';
2018-08-07 09:58:29 EXEC SPC_COM_MENU '1';
2018-08-07 09:58:29 EXEC SPC_COMMON_CATALORUE '3';
2018-08-07 09:58:29 EXEC SPC_COM_MENU '1';
2018-08-07 09:58:29 EXEC SPC_COMMON_GROUP 'CAT-8';
2018-08-07 09:58:41 EXEC SPC_COM_MENU '1';
2018-08-07 09:58:41 EXEC SPC_COMMON_CATALORUE '1';
2018-08-07 09:58:44 EXEC SPC_COM_MENU '1';
2018-08-07 09:58:44 EXEC SPC_COMMON_GROUP 'CAT-12';
2018-08-07 09:59:44 EXEC SPC_COM_MENU '1';
2018-08-07 09:59:44 EXEC SPC_w002_ACT1 'POST-1','1','CAT-12','GRO-5','Khi người mình yêu khóc','<pre>
t&ocirc;i cũng đớn đau t&ocirc;i cũng đớn l&ograve;ng</pre>
','','','0','<row vocabulary_id="1" vocabulary_dtl_id="1" vocabulary_div="3" vocabulary_nm="cry" spelling="kurai" mean="khóc" explain="nước mắt rơi" /><row vocabulary_id="2" vocabulary_dtl_id="1" vocabulary_div="1" vocabulary_nm="lover" spelling="lớp vờ" mean="người yêu" explain="yêu cc" /><row edit-confirm="1" vocabulary_id="1" vocabulary_dtl_id="1" vocabulary_div="3" vocabulary_nm="cry1" spelling="kurai1" mean="khóc1" explain="nước mắt rơi1" /><row edit-confirm="1" vocabulary_id="1" vocabulary_dtl_id="1" vocabulary_div="3" vocabulary_nm="cry2" spelling="kurai2" mean="khóc2" explain="nước mắt rơi2" /><row edit-confirm="1" vocabulary_id="2" vocabulary_dtl_id="1" vocabulary_div="2" vocabulary_nm="lover1" spelling="lớp vờ1" mean="người yêu1" explain="yêu cc1" /><row edit-confirm="1" vocabulary_id="2" vocabulary_dtl_id="1" vocabulary_div="3" vocabulary_nm="lover2" spelling="lớp vờ2" mean="người yêu2" explain="yêu cc2" /><row edit-confirm="1" vocabulary_id="2" vocabulary_dtl_id="1" vocabulary_div="4" vocabulary_nm="lover3" spelling="lớp vờ3" mean="người yêu3" explain="yêu cc3" />','','ndq809','127.0.0.1';
2018-08-07 09:59:52 EXEC SPC_COM_MENU '1';
2018-08-07 09:59:52 EXEC SPC_W002_LST1 'POST-1';
2018-08-07 09:59:52 EXEC SPC_COM_MENU '1';
2018-08-07 09:59:52 EXEC SPC_COMMON_CATALORUE '1';
2018-08-07 09:59:52 EXEC SPC_COM_MENU '1';
2018-08-07 09:59:52 EXEC SPC_COMMON_GROUP 'CAT-12';
2018-08-07 10:00:15 EXEC SPC_COM_MENU '1';
2018-08-07 10:00:15 EXEC SPC_COM_M999_INQ1 '8';
2018-08-07 10:00:16 EXEC SPC_COM_MENU '1';
2018-08-07 10:00:16 EXEC SPC_p003_LST1 '3','cry','khóc','50';
2018-08-07 10:00:18 EXEC SPC_COM_MENU '1';
2018-08-07 10:00:18 EXEC SPC_p003_LST1 '','','','50','1';
2018-08-07 10:04:15 EXEC SPC_COM_MENU '1';
2018-08-07 10:04:15 EXEC SPC_COM_M999_INQ1 '8';
2018-08-07 10:04:15 EXEC SPC_COM_MENU '1';
2018-08-07 10:04:15 EXEC SPC_p003_LST1 '3','cry','khóc','50';
2018-08-07 10:04:19 EXEC SPC_COM_MENU '1';
2018-08-07 10:04:19 EXEC SPC_p003_LST1 '','','','50','1';
2018-08-07 10:04:36 EXEC SPC_COM_MENU '1';
2018-08-07 10:04:36 EXEC SPC_p003_LST1 '2','','','50','1';
2018-08-07 10:04:41 EXEC SPC_COM_MENU '1';
2018-08-07 10:04:41 EXEC SPC_p003_LST1 '1','','','50','1';
2018-08-07 10:04:44 EXEC SPC_COM_MENU '1';
2018-08-07 10:04:44 EXEC SPC_p003_LST1 '4','','','50','1';
2018-08-07 10:05:00 EXEC SPC_COM_MENU '1';
2018-08-07 10:05:00 EXEC SPC_COM_M999_INQ1 '8';
2018-08-07 10:05:01 EXEC SPC_COM_MENU '1';
2018-08-07 10:05:01 EXEC SPC_p003_LST1 '3','cry','khóc','50';
2018-08-07 10:05:31 EXEC SPC_COM_PERMISSION '1','w002';
2018-08-07 10:05:31 EXEC SPC_COM_MENU '1';
2018-08-07 10:05:31 EXEC SPC_W002_FND1
2018-08-07 10:05:34 EXEC SPC_COM_MENU '1';
2018-08-07 10:05:34 EXEC SPC_W002_LST1 'POST-1';
2018-08-07 10:05:34 EXEC SPC_COM_MENU '1';
2018-08-07 10:05:34 EXEC SPC_COMMON_CATALORUE '1';
2018-08-07 10:05:34 EXEC SPC_COM_MENU '1';
2018-08-07 10:05:34 EXEC SPC_COMMON_GROUP 'CAT-12';
2018-08-07 10:05:50 EXEC SPC_COM_MENU '1';
2018-08-07 10:05:50 EXEC SPC_COM_M999_INQ1 '8';
2018-08-07 10:05:50 EXEC SPC_COM_MENU '1';
2018-08-07 10:05:50 EXEC SPC_p003_LST1 '3','cry','khóc','50';
2018-08-07 10:06:03 EXEC SPC_COM_MENU '1';
2018-08-07 10:06:03 EXEC SPC_COM_M999_INQ1 '8';
2018-08-07 10:06:03 EXEC SPC_COM_MENU '1';
2018-08-07 10:06:03 EXEC SPC_p003_LST1 '3','cry1','khóc1','50';
2018-08-07 10:06:09 EXEC SPC_COM_PERMISSION '1','w002';
2018-08-07 10:06:09 EXEC SPC_COM_MENU '1';
2018-08-07 10:06:09 EXEC SPC_W002_FND1
