2018-07-04 00:19:24 EXEC SPC_COM_PERMISSION '3','g001';
2018-07-04 00:19:29 EXEC SPC_COM_PERMISSION '3','g001';
2018-07-04 00:19:29 EXEC SPC_COM_MENU '3';
2018-07-04 00:19:48 EXEC SPC_COM_PERMISSION '3','m007';
2018-07-04 00:19:48 EXEC SPC_COM_MENU '3';
2018-07-04 00:19:48 EXEC SPC_M007_FND1
2018-07-04 00:19:59 EXEC SPC_COM_MENU '3';
2018-07-04 00:19:59 EXEC SPC_m007_LST1 '1';
2018-07-04 00:20:03 EXEC SPC_COM_MENU '3';
2018-07-04 00:20:03 EXEC SPC_m007_LST1 '5';
2018-07-04 00:20:07 EXEC SPC_COM_MENU '3';
2018-07-04 00:20:07 EXEC SPC_m007_LST1 '7';
2018-07-04 00:20:11 EXEC SPC_COM_MENU '3';
2018-07-04 00:20:11 EXEC SPC_m007_LST1 '3';
2018-07-04 00:37:34 EXEC SPC_COM_PERMISSION '3','m007';
2018-07-04 00:37:34 EXEC SPC_COM_MENU '3';
2018-07-04 00:37:34 EXEC SPC_M007_FND1
2018-07-04 00:37:38 EXEC SPC_COM_PERMISSION '3','m002';
2018-07-04 00:37:38 EXEC SPC_COM_PERMISSION '3','m007';
2018-07-04 00:37:38 EXEC SPC_COM_PERMISSION '3','m007';
2018-07-04 00:37:38 EXEC SPC_COM_MENU '3';
2018-07-04 00:37:38 EXEC SPC_M007_FND1
2018-07-04 00:37:46 EXEC SPC_COM_PERMISSION '3','m003';
2018-07-04 00:37:46 EXEC SPC_COM_MENU '3';
2018-07-04 00:37:46 EXEC SPC_M003_FND1
2018-07-04 00:37:51 EXEC SPC_COM_PERMISSION '3','s001';
2018-07-04 00:37:51 EXEC SPC_COM_MENU '3';
2018-07-04 00:37:51 EXEC SPC_S001_FND1
2018-07-04 00:37:59 EXEC SPC_COM_MENU '3';
2018-07-04 00:38:19 EXEC SPC_COM_PERMISSION '3','m007';
2018-07-04 00:38:19 EXEC SPC_COM_MENU '3';
2018-07-04 00:38:19 EXEC SPC_M007_FND1
2018-07-04 00:39:09 EXEC SPC_COM_PERMISSION '3','m007';
2018-07-04 00:39:09 EXEC SPC_COM_MENU '3';
2018-07-04 00:39:09 EXEC SPC_M007_FND1
2018-07-04 00:39:12 EXEC SPC_COM_MENU '3';
2018-07-04 00:39:12 EXEC SPC_M007_ACT1 '','<row number_id="" content="" num_remark1="" num_remark2="" num_remark3="" text_remark1="" text_remark2="" text_remark3="" />','quy','127.0.0.1';
2018-07-04 00:39:19 EXEC SPC_COM_MENU '3';
2018-07-04 00:39:19 EXEC SPC_m007_LST1 '';
2018-07-04 00:39:20 EXEC SPC_COM_PERMISSION '3','m007';
2018-07-04 00:39:20 EXEC SPC_COM_MENU '3';
2018-07-04 00:39:20 EXEC SPC_M007_FND1
2018-07-04 00:39:26 EXEC SPC_COM_MENU '3';
2018-07-04 00:39:26 EXEC SPC_M007_ACT1 '','<row number_id="" content="" num_remark1="" num_remark2="" num_remark3="" text_remark1="" text_remark2="" text_remark3="" />','quy','127.0.0.1';
2018-07-04 00:39:28 EXEC SPC_COM_MENU '3';
2018-07-04 00:39:28 EXEC SPC_m007_LST1 '';
2018-07-04 00:39:30 EXEC SPC_COM_MENU '3';
2018-07-04 00:39:30 EXEC SPC_m007_LST1 '1';
2018-07-04 00:39:32 EXEC SPC_COM_MENU '3';
2018-07-04 00:39:32 EXEC SPC_m007_LST1 '';
2018-07-04 00:39:35 EXEC SPC_COM_MENU '3';
2018-07-04 00:39:35 EXEC SPC_m007_LST1 '3';
2018-07-04 00:41:23 EXEC SPC_COM_MENU '3';
2018-07-04 00:41:23 EXEC SPC_M007_ACT1 '3','<row number_id="1" content="Chăm sóc khách hàng" num_remark1="" num_remark2="" num_remark3="" text_remark1="" text_remark2="" text_remark3="" /><row number_id="2" content="Hoạch định chiến lược" num_remark1="" num_remark2="" num_remark3="" text_remark1="" text_remark2="" text_remark3="" /><row number_id="3" content="Marketing" num_remark1="" num_remark2="" num_remark3="" text_remark1="" text_remark2="" text_remark3="" />','quy','127.0.0.1';
2018-07-04 00:41:25 EXEC SPC_COM_MENU '3';
2018-07-04 00:41:25 EXEC SPC_m007_LST1 '3';
2018-07-04 00:58:40 EXEC SPC_COM_PERMISSION '3','m007';
2018-07-04 00:58:40 EXEC SPC_COM_MENU '3';
2018-07-04 00:58:40 EXEC SPC_M007_FND1
2018-07-04 00:58:43 EXEC SPC_COM_MENU '3';
2018-07-04 00:58:43 EXEC SPC_M007_ACT1 '','<row number_id="" content="" num_remark1="" num_remark2="" num_remark3="" text_remark1="" text_remark2="" text_remark3="" />','quy','127.0.0.1';
2018-07-04 00:58:45 EXEC SPC_COM_MENU '3';
2018-07-04 00:58:45 EXEC SPC_m007_LST1 '';
2018-07-04 00:59:28 EXEC SPC_COM_MENU '3';
2018-07-04 00:59:28 EXEC SPC_m007_LST1 '2';
2018-07-04 00:59:30 EXEC SPC_COM_MENU '3';
2018-07-04 00:59:30 EXEC SPC_M007_ACT1 '2','<row number_id="1" content="Ban quản trị" num_remark1="" num_remark2="" num_remark3="" text_remark1="" text_remark2="" text_remark3="" /><row number_id="2" content="Nhân viên chính thức" num_remark1="" num_remark2="" num_remark3="" text_remark1="" text_remark2="" text_remark3="" /><row number_id="3" content="Nhân viên hợp đồng" num_remark1="" num_remark2="" num_remark3="" text_remark1="" text_remark2="" text_remark3="" /><row number_id="4" content="Nhân viên bán thời gian" num_remark1="" num_remark2="" num_remark3="" text_remark1="" text_remark2="" text_remark3="" /><row number_id="5" content="Loại khác" num_remark1="" num_remark2="" num_remark3="" text_remark1="" text_remark2="" text_remark3="" />','quy','127.0.0.1';
2018-07-04 00:59:31 EXEC SPC_COM_MENU '3';
2018-07-04 00:59:31 EXEC SPC_m007_LST1 '2';
2018-07-04 01:07:13 EXEC SPC_COM_PERMISSION '3','m007';
2018-07-04 01:07:13 EXEC SPC_COM_MENU '3';
2018-07-04 01:07:13 EXEC SPC_M007_FND1
2018-07-04 01:07:16 EXEC SPC_COM_MENU '3';
2018-07-04 01:07:51 EXEC SPC_COM_PERMISSION '3','m007';
2018-07-04 01:07:51 EXEC SPC_COM_MENU '3';
2018-07-04 01:07:51 EXEC SPC_M007_FND1
2018-07-04 01:07:52 EXEC SPC_COM_MENU '3';
2018-07-04 01:07:52 EXEC SPC_M007_ACT1 '','<row number_id="" content="" num_remark1="" num_remark2="" num_remark3="" text_remark1="" text_remark2="" text_remark3="" />','quy','127.0.0.1';
2018-07-04 01:07:55 EXEC SPC_COM_MENU '3';
2018-07-04 01:07:55 EXEC SPC_m007_LST1 '';
2018-07-04 01:08:43 EXEC SPC_COM_PERMISSION '3','m007';
2018-07-04 01:08:43 EXEC SPC_COM_MENU '3';
2018-07-04 01:08:43 EXEC SPC_M007_FND1
2018-07-04 01:08:45 EXEC SPC_COM_MENU '3';
2018-07-04 01:08:45 EXEC SPC_M007_ACT1 '','<row number_id="" content="" num_remark1="" num_remark2="" num_remark3="" text_remark1="" text_remark2="" text_remark3="" />','quy','127.0.0.1';
2018-07-04 01:08:46 EXEC SPC_COM_MENU '3';
2018-07-04 01:08:46 EXEC SPC_m007_LST1 '';
2018-07-04 01:09:35 EXEC SPC_COM_PERMISSION '3','m007';
2018-07-04 01:09:35 EXEC SPC_COM_MENU '3';
2018-07-04 01:09:35 EXEC SPC_M007_FND1
2018-07-04 01:09:37 EXEC SPC_COM_MENU '3';
2018-07-04 01:10:07 EXEC SPC_COM_PERMISSION '3','m007';
2018-07-04 01:10:07 EXEC SPC_COM_MENU '3';
2018-07-04 01:10:07 EXEC SPC_M007_FND1
2018-07-04 01:10:10 EXEC SPC_COM_MENU '3';
2018-07-04 01:10:40 EXEC SPC_COM_PERMISSION '3','m007';
2018-07-04 01:10:40 EXEC SPC_COM_MENU '3';
2018-07-04 01:10:40 EXEC SPC_M007_FND1
2018-07-04 01:10:42 EXEC SPC_COM_MENU '3';
2018-07-04 01:11:06 EXEC SPC_COM_PERMISSION '3','m007';
2018-07-04 01:11:06 EXEC SPC_COM_MENU '3';
2018-07-04 01:11:06 EXEC SPC_M007_FND1
2018-07-04 01:11:08 EXEC SPC_COM_MENU '3';
2018-07-04 01:12:46 EXEC SPC_COM_PERMISSION '3','m007';
2018-07-04 01:12:46 EXEC SPC_COM_MENU '3';
2018-07-04 01:12:46 EXEC SPC_M007_FND1
2018-07-04 01:12:48 EXEC SPC_COM_MENU '3';
2018-07-04 01:12:48 EXEC SPC_M007_ACT1 '','<row number_id="" content="" num_remark1="" num_remark2="" num_remark3="" text_remark1="" text_remark2="" text_remark3="" />','quy','127.0.0.1';
2018-07-04 01:12:49 EXEC SPC_COM_MENU '3';
2018-07-04 01:12:49 EXEC SPC_m007_LST1 '';
2018-07-04 01:13:25 EXEC SPC_COM_PERMISSION '3','m007';
2018-07-04 01:13:25 EXEC SPC_COM_MENU '3';
2018-07-04 01:13:25 EXEC SPC_M007_FND1
2018-07-04 01:13:27 EXEC SPC_COM_MENU '3';
2018-07-04 01:20:45 EXEC SPC_COM_PERMISSION '3','m007';
2018-07-04 01:20:45 EXEC SPC_COM_MENU '3';
2018-07-04 01:20:45 EXEC SPC_M007_FND1
2018-07-04 01:20:54 EXEC SPC_COM_MENU '3';
2018-07-04 01:21:12 EXEC SPC_COM_PERMISSION '3','m007';
2018-07-04 01:21:12 EXEC SPC_COM_MENU '3';
2018-07-04 01:21:12 EXEC SPC_M007_FND1
2018-07-04 01:21:15 EXEC SPC_COM_MENU '3';
2018-07-04 01:21:43 EXEC SPC_COM_MENU '3';
2018-07-04 01:22:35 EXEC SPC_COM_PERMISSION '3','m007';
2018-07-04 01:22:35 EXEC SPC_COM_MENU '3';
2018-07-04 01:22:35 EXEC SPC_M007_FND1
2018-07-04 01:22:37 EXEC SPC_COM_MENU '3';
2018-07-04 01:22:54 EXEC SPC_COM_PERMISSION '3','m007';
2018-07-04 01:22:54 EXEC SPC_COM_MENU '3';
2018-07-04 01:22:54 EXEC SPC_M007_FND1
2018-07-04 01:23:00 EXEC SPC_COM_MENU '3';
2018-07-04 01:24:43 EXEC SPC_COM_PERMISSION '3','m007';
2018-07-04 01:24:43 EXEC SPC_COM_MENU '3';
2018-07-04 01:24:43 EXEC SPC_M007_FND1
2018-07-04 01:24:45 EXEC SPC_COM_MENU '3';
2018-07-04 01:25:10 EXEC SPC_COM_PERMISSION '3','m007';
2018-07-04 01:25:10 EXEC SPC_COM_MENU '3';
2018-07-04 01:25:10 EXEC SPC_M007_FND1
2018-07-04 01:25:12 EXEC SPC_COM_MENU '3';
2018-07-04 01:32:17 EXEC SPC_COM_PERMISSION '3','m007';
2018-07-04 01:32:17 EXEC SPC_COM_MENU '3';
2018-07-04 01:32:17 EXEC SPC_M007_FND1
2018-07-04 01:32:19 EXEC SPC_COM_MENU '3';
2018-07-04 01:32:19 EXEC SPC_M007_ACT1 '','<row number_id="" content="" num_remark1="" num_remark2="" num_remark3="" text_remark1="" text_remark2="" text_remark3="" />','quy','127.0.0.1';
2018-07-04 01:32:21 EXEC SPC_COM_MENU '3';
2018-07-04 01:32:21 EXEC SPC_m007_LST1 '';
2018-07-04 01:33:07 EXEC SPC_COM_PERMISSION '3','m007';
2018-07-04 01:33:07 EXEC SPC_COM_MENU '3';
2018-07-04 01:33:07 EXEC SPC_M007_FND1
2018-07-04 01:33:09 EXEC SPC_COM_MENU '3';
2018-07-04 01:49:03 EXEC SPC_COM_PERMISSION '3','m007';
2018-07-04 01:49:03 EXEC SPC_COM_MENU '3';
2018-07-04 01:49:03 EXEC SPC_M007_FND1
2018-07-04 01:49:06 EXEC SPC_COM_MENU '3';
2018-07-04 01:49:31 EXEC SPC_COM_MENU '3';
2018-07-04 01:51:36 EXEC SPC_COM_MENU '3';
2018-07-04 01:52:34 EXEC SPC_COM_MENU '3';
2018-07-04 01:55:14 EXEC SPC_COM_PERMISSION '3','m007';
2018-07-04 01:55:14 EXEC SPC_COM_MENU '3';
2018-07-04 01:55:14 EXEC SPC_M007_FND1
2018-07-04 01:55:16 EXEC SPC_COM_MENU '3';
2018-07-04 02:01:42 EXEC SPC_COM_PERMISSION '3','m007';
2018-07-04 02:01:42 EXEC SPC_COM_MENU '3';
2018-07-04 02:01:42 EXEC SPC_M007_FND1
2018-07-04 02:01:45 EXEC SPC_COM_MENU '3';
2018-07-04 02:02:22 EXEC SPC_COM_PERMISSION '3','m007';
2018-07-04 02:02:22 EXEC SPC_COM_MENU '3';
2018-07-04 02:02:22 EXEC SPC_M007_FND1
2018-07-04 02:02:24 EXEC SPC_COM_MENU '3';
2018-07-04 02:03:11 EXEC SPC_COM_PERMISSION '3','m007';
2018-07-04 02:03:11 EXEC SPC_COM_MENU '3';
2018-07-04 02:03:11 EXEC SPC_M007_FND1
2018-07-04 02:03:13 EXEC SPC_COM_MENU '3';
2018-07-04 02:03:28 EXEC SPC_COM_PERMISSION '3','m007';
2018-07-04 02:03:28 EXEC SPC_COM_MENU '3';
2018-07-04 02:03:28 EXEC SPC_M007_FND1
2018-07-04 02:03:32 EXEC SPC_COM_MENU '3';
2018-07-04 02:03:51 EXEC SPC_COM_PERMISSION '3','m007';
2018-07-04 02:03:51 EXEC SPC_COM_MENU '3';
2018-07-04 02:03:51 EXEC SPC_M007_FND1
2018-07-04 02:03:52 EXEC SPC_COM_MENU '3';
2018-07-04 02:04:05 EXEC SPC_COM_MENU '3';
2018-07-04 02:04:11 EXEC SPC_COM_PERMISSION '3','m007';
2018-07-04 02:04:11 EXEC SPC_COM_MENU '3';
2018-07-04 02:04:11 EXEC SPC_M007_FND1
2018-07-04 02:05:19 EXEC SPC_COM_MENU '3';
2018-07-04 02:05:30 EXEC SPC_COM_MENU '3';
2018-07-04 02:05:38 EXEC SPC_COM_PERMISSION '3','m007';
2018-07-04 02:05:38 EXEC SPC_COM_MENU '3';
2018-07-04 02:05:38 EXEC SPC_M007_FND1
2018-07-04 02:06:02 EXEC SPC_COM_MENU '3';
2018-07-04 02:28:30 EXEC SPC_COM_MENU '3';
2018-07-04 02:30:10 EXEC SPC_COM_MENU '3';
2018-07-04 02:30:18 EXEC SPC_COM_MENU '3';
2018-07-04 02:32:03 EXEC SPC_COM_PERMISSION '3','m007';
2018-07-04 02:32:03 EXEC SPC_COM_MENU '3';
2018-07-04 02:32:03 EXEC SPC_M007_FND1
2018-07-04 02:32:05 EXEC SPC_COM_MENU '3';
2018-07-04 02:32:42 EXEC SPC_COM_PERMISSION '3','m007';
2018-07-04 02:32:42 EXEC SPC_COM_MENU '3';
2018-07-04 02:32:42 EXEC SPC_M007_FND1
2018-07-04 02:32:45 EXEC SPC_COM_MENU '3';
2018-07-04 02:33:22 EXEC SPC_COM_PERMISSION '3','m007';
2018-07-04 02:33:22 EXEC SPC_COM_MENU '3';
2018-07-04 02:33:22 EXEC SPC_M007_FND1
2018-07-04 02:33:24 EXEC SPC_COM_MENU '3';
2018-07-04 02:33:28 EXEC SPC_COM_MENU '3';
2018-07-04 02:33:36 EXEC SPC_COM_MENU '3';
2018-07-04 02:33:36 EXEC SPC_m007_LST1 '2';
2018-07-04 02:33:39 EXEC SPC_COM_MENU '3';
2018-07-04 02:33:43 EXEC SPC_COM_PERMISSION '3','m007';
2018-07-04 02:33:44 EXEC SPC_COM_MENU '3';
2018-07-04 02:33:44 EXEC SPC_M007_FND1
2018-07-04 02:34:47 EXEC SPC_COM_PERMISSION '3','m007';
2018-07-04 02:34:47 EXEC SPC_COM_MENU '3';
2018-07-04 02:34:47 EXEC SPC_M007_FND1
2018-07-04 02:34:49 EXEC SPC_COM_MENU '3';
2018-07-04 02:34:49 EXEC SPC_m007_LST1 '1';
2018-07-04 02:34:54 EXEC SPC_COM_MENU '3';
2018-07-04 02:35:02 EXEC SPC_COM_MENU '3';
2018-07-04 02:35:10 EXEC SPC_COM_MENU '3';
2018-07-04 02:35:16 EXEC SPC_COM_PERMISSION '3','m007';
2018-07-04 02:35:16 EXEC SPC_COM_MENU '3';
2018-07-04 02:35:16 EXEC SPC_M007_FND1
2018-07-04 04:35:11 EXEC SPC_COM_MENU '3';
2018-07-04 04:35:19 EXEC SPC_COM_MENU '3';
2018-07-04 04:35:24 EXEC SPC_COM_MENU '3';
2018-07-04 04:35:24 EXEC SPC_m007_LST1 '4';
2018-07-04 04:35:28 EXEC SPC_COM_MENU '3';
2018-07-04 04:35:35 EXEC SPC_COM_MENU '3';
2018-07-04 04:35:44 EXEC SPC_COM_PERMISSION '3','m007';
2018-07-04 04:35:44 EXEC SPC_COM_MENU '3';
2018-07-04 04:35:44 EXEC SPC_M007_FND1
2018-07-04 05:39:46 EXEC SPC_COM_MENU '3';
2018-07-04 05:39:55 EXEC SPC_COM_MENU '3';
2018-07-04 05:39:58 EXEC SPC_COM_MENU '3';
2018-07-04 05:40:02 EXEC SPC_COM_MENU '3';
2018-07-04 05:40:07 EXEC SPC_COM_MENU '3';
2018-07-04 05:40:07 EXEC SPC_m007_LST1 '3';
2018-07-04 05:40:11 EXEC SPC_COM_MENU '3';
2018-07-04 05:40:21 EXEC SPC_COM_PERMISSION '3','m007';
2018-07-04 05:40:21 EXEC SPC_COM_MENU '3';
2018-07-04 05:40:21 EXEC SPC_M007_FND1
2018-07-04 05:41:39 EXEC SPC_COM_MENU '3';
2018-07-04 05:42:22 EXEC SPC_COM_PERMISSION '3','m007';
2018-07-04 05:42:22 EXEC SPC_COM_MENU '3';
2018-07-04 05:42:22 EXEC SPC_M007_FND1
2018-07-04 05:42:24 EXEC SPC_COM_MENU '3';
2018-07-04 05:42:24 EXEC SPC_m007_LST1 '2';
2018-07-04 05:42:27 EXEC SPC_COM_MENU '3';
2018-07-04 05:42:27 EXEC SPC_m007_LST1 '5';
2018-07-04 05:45:15 EXEC SPC_COM_MENU '3';
2018-07-04 05:45:15 EXEC SPC_M007_ACT1 '5','<row number_id="1" content="Giám đốc" num_remark1="" num_remark2="" num_remark3="" text_remark1="" text_remark2="" text_remark3="" /><row number_id="2" content="Trưởng phòng" num_remark1="" num_remark2="" num_remark3="" text_remark1="" text_remark2="" text_remark3="" /><row number_id="3" content="Phó phòng" num_remark1="" num_remark2="" num_remark3="" text_remark1="" text_remark2="" text_remark3="" /><row number_id="4" content="Trợ lý" num_remark1="" num_remark2="" num_remark3="" text_remark1="" text_remark2="" text_remark3="" /><row number_id="5" content="Cộng tác viên" num_remark1="" num_remark2="" num_remark3="" text_remark1="" text_remark2="" text_remark3="" />','quy','127.0.0.1';
2018-07-04 05:45:18 EXEC SPC_COM_MENU '3';
2018-07-04 05:45:18 EXEC SPC_m007_LST1 '5';
2018-07-04 06:04:12 EXEC SPC_COM_PERMISSION '3','m007';
2018-07-04 06:04:12 EXEC SPC_COM_MENU '3';
2018-07-04 06:04:12 EXEC SPC_M007_FND1
2018-07-04 06:07:01 EXEC SPC_COM_PERMISSION '3','m007';
2018-07-04 06:07:01 EXEC SPC_COM_MENU '3';
2018-07-04 06:07:01 EXEC SPC_M007_FND1
2018-07-04 06:07:15 EXEC SPC_COM_PERMISSION '3','m007';
2018-07-04 06:07:15 EXEC SPC_COM_MENU '3';
2018-07-04 06:07:15 EXEC SPC_M007_FND1
2018-07-04 06:07:54 EXEC SPC_COM_PERMISSION '3','m007';
2018-07-04 06:07:54 EXEC SPC_COM_MENU '3';
2018-07-04 06:07:54 EXEC SPC_M007_FND1
2018-07-04 06:08:04 EXEC SPC_COM_PERMISSION '3','m007';
2018-07-04 06:08:04 EXEC SPC_COM_MENU '3';
2018-07-04 06:08:04 EXEC SPC_M007_FND1
2018-07-04 06:08:13 EXEC SPC_COM_PERMISSION '3','m007';
2018-07-04 06:08:13 EXEC SPC_COM_MENU '3';
2018-07-04 06:08:13 EXEC SPC_M007_FND1
2018-07-04 06:11:30 EXEC SPC_COM_PERMISSION '3','m007';
2018-07-04 06:11:30 EXEC SPC_COM_MENU '3';
2018-07-04 06:11:30 EXEC SPC_M007_FND1
2018-07-04 06:14:43 EXEC SPC_COM_PERMISSION '3','m007';
2018-07-04 06:14:43 EXEC SPC_COM_MENU '3';
2018-07-04 06:14:43 EXEC SPC_M007_FND1
2018-07-04 06:15:09 EXEC SPC_COM_PERMISSION '3','m007';
2018-07-04 06:15:09 EXEC SPC_COM_MENU '3';
2018-07-04 06:15:09 EXEC SPC_M007_FND1
2018-07-04 06:17:45 EXEC SPC_COM_PERMISSION '3','m007';
2018-07-04 06:17:45 EXEC SPC_COM_MENU '3';
2018-07-04 06:17:45 EXEC SPC_M007_FND1
2018-07-04 10:51:26 EXEC SPC_COM_PERMISSION '3','g001';
2018-07-04 10:51:26 EXEC SPC_COM_MENU '3';
2018-07-04 10:51:33 EXEC SPC_COM_PERMISSION '3','g001';
2018-07-04 10:51:33 EXEC SPC_COM_MENU '3';
2018-07-04 10:51:49 EXEC SPC_COM_PERMISSION '3','g001';
2018-07-04 10:51:49 EXEC SPC_COM_MENU '3';
2018-07-04 10:51:57 EXEC SPC_COM_PERMISSION '3','m007';
2018-07-04 10:51:57 EXEC SPC_COM_MENU '3';
2018-07-04 10:51:57 EXEC SPC_M007_FND1
2018-07-04 10:52:19 EXEC SPC_COM_PERMISSION '3','m007';
2018-07-04 10:52:19 EXEC SPC_COM_MENU '3';
2018-07-04 10:52:19 EXEC SPC_M007_FND1
2018-07-04 10:53:11 EXEC SPC_COM_PERMISSION '3','m007';
2018-07-04 10:53:11 EXEC SPC_COM_MENU '3';
2018-07-04 10:53:11 EXEC SPC_M007_FND1
2018-07-04 10:53:24 EXEC SPC_COM_PERMISSION '3','m007';
2018-07-04 10:53:24 EXEC SPC_COM_MENU '3';
2018-07-04 10:53:24 EXEC SPC_M007_FND1
2018-07-04 10:57:25 EXEC SPC_COM_PERMISSION '3','m007';
2018-07-04 10:57:25 EXEC SPC_COM_MENU '3';
2018-07-04 10:57:25 EXEC SPC_M007_FND1
2018-07-04 10:58:53 EXEC SPC_COM_PERMISSION '3','m007';
2018-07-04 10:58:53 EXEC SPC_COM_MENU '3';
2018-07-04 10:58:53 EXEC SPC_M007_FND1
2018-07-04 11:00:14 EXEC SPC_COM_PERMISSION '3','m007';
2018-07-04 11:00:14 EXEC SPC_COM_MENU '3';
2018-07-04 11:00:14 EXEC SPC_M007_FND1
2018-07-04 11:00:59 EXEC SPC_COM_PERMISSION '3','m007';
2018-07-04 11:00:59 EXEC SPC_COM_MENU '3';
2018-07-04 11:00:59 EXEC SPC_M007_FND1
2018-07-04 11:01:47 EXEC SPC_COM_PERMISSION '3','m007';
2018-07-04 11:01:47 EXEC SPC_COM_MENU '3';
2018-07-04 11:01:47 EXEC SPC_M007_FND1
2018-07-04 11:03:33 EXEC SPC_COM_PERMISSION '3','m007';
2018-07-04 11:03:33 EXEC SPC_COM_MENU '3';
2018-07-04 11:03:33 EXEC SPC_M007_FND1
2018-07-04 11:03:49 EXEC SPC_COM_PERMISSION '3','m007';
2018-07-04 11:03:49 EXEC SPC_COM_MENU '3';
2018-07-04 11:03:49 EXEC SPC_M007_FND1
2018-07-04 11:04:05 EXEC SPC_COM_PERMISSION '3','m007';
2018-07-04 11:04:05 EXEC SPC_COM_MENU '3';
2018-07-04 11:04:05 EXEC SPC_M007_FND1
