2018-10-22 00:02:58 EXEC SPC_COM_PERMISSION '1','2','g001';
2018-10-22 00:02:58 EXEC SPC_COM_MENU '1';
2018-10-22 00:03:15 EXEC SPC_COM_PERMISSION '1','2','w001';
2018-10-22 00:03:15 EXEC SPC_COM_MENU '1';
2018-10-22 00:03:15 EXEC SPC_COM_M999_INQ1 '7';
2018-10-22 00:03:18 EXEC SPC_COM_MENU '1';
2018-10-22 00:03:18 EXEC SPC_w001_LST1 '','','','','10','1';
2018-10-22 00:03:25 EXEC SPC_COM_MENU '1';
2018-10-22 00:03:25 EXEC SPC_w001_LST1 '','','','','10','2';
2018-10-22 00:03:26 EXEC SPC_COM_MENU '1';
2018-10-22 00:03:26 EXEC SPC_w001_LST1 '','','','','10','1';
2018-10-22 00:03:46 EXEC SPC_COM_MENU '1';
2018-10-22 00:03:46 EXEC SPC_w001_LST1 '','','','','10','2';
2018-10-22 00:04:00 EXEC SPC_COM_PERMISSION '1','2','w002';
2018-10-22 00:04:00 EXEC SPC_COM_MENU '1';
2018-10-22 00:04:00 EXEC SPC_W002_FND1
2018-10-22 00:04:01 EXEC SPC_COM_MENU '1';
2018-10-22 00:04:01 EXEC SPC_W002_LST1 '17';
2018-10-22 00:04:01 EXEC SPC_COM_MENU '1';
2018-10-22 00:04:01 EXEC SPC_COMMON_CATALORUE '7';
2018-10-22 00:04:19 EXEC SPC_COM_PERMISSION '1','2','w001';
2018-10-22 00:04:19 EXEC SPC_COM_MENU '1';
2018-10-22 00:04:19 EXEC SPC_COM_M999_INQ1 '7';
2018-10-22 00:04:23 EXEC SPC_COM_MENU '1';
2018-10-22 00:04:23 EXEC SPC_COMMON_CATALORUE '7';
2018-10-22 00:04:24 EXEC SPC_COM_MENU '1';
2018-10-22 00:04:24 EXEC SPC_w001_LST1 '7','','','','10','1';
2018-10-22 00:04:51 EXEC SPC_COM_MENU '1';
2018-10-22 00:04:51 EXEC SPC_COMMON_CATALORUE '';
2018-10-22 00:04:52 EXEC SPC_COM_MENU '1';
2018-10-22 00:04:52 EXEC SPC_w001_LST1 '','','','','10','1';
2018-10-22 00:04:55 EXEC SPC_COM_MENU '1';
2018-10-22 00:04:55 EXEC SPC_w001_LST1 '','','','','10','2';
2018-10-22 00:05:05 EXEC SPC_COM_PERMISSION '1','2','w002';
2018-10-22 00:05:05 EXEC SPC_COM_MENU '1';
2018-10-22 00:05:05 EXEC SPC_W002_FND1
2018-10-22 00:05:05 EXEC SPC_COM_MENU '1';
2018-10-22 00:05:05 EXEC SPC_W002_LST1 '17';
2018-10-22 00:05:05 EXEC SPC_COM_MENU '1';
2018-10-22 00:05:05 EXEC SPC_COMMON_CATALORUE '7';
2018-10-22 00:09:14 EXEC SPC_COM_MENU '1';
2018-10-22 00:09:14 EXEC SPC_w002_ACT1 '17','7','','','beautiful girl','<row tag_id="13" is_new="0" /><row tag_id="14" is_new="0" />','<p>the best girl ever !</p>
','','','0','','','','ndq809','127.0.0.1';
2018-10-22 00:09:16 EXEC SPC_COM_MENU '1';
2018-10-22 00:09:16 EXEC SPC_W002_LST1 '17';
2018-10-22 00:09:16 EXEC SPC_COM_MENU '1';
2018-10-22 00:09:16 EXEC SPC_COMMON_CATALORUE '7';
2018-10-22 00:13:58 EXEC SPC_COM_PERMISSION '1','2','m007';
2018-10-22 00:13:58 EXEC SPC_COM_MENU '1';
2018-10-22 00:13:58 EXEC SPC_M007_FND1
2018-10-22 00:14:01 EXEC SPC_COM_MENU '1';
2018-10-22 00:14:01 EXEC SPC_m007_LST1 '7';
2018-10-22 00:14:01 EXEC SPC_M007_FND1
2018-10-22 00:15:27 EXEC SPC_COM_PERMISSION '1','2','w001';
2018-10-22 00:15:27 EXEC SPC_COM_MENU '1';
2018-10-22 00:15:27 EXEC SPC_COM_M999_INQ1 '7';
2018-10-22 00:15:29 EXEC SPC_COM_MENU '1';
2018-10-22 00:15:29 EXEC SPC_w001_LST1 '','','','','10','1';
2018-10-22 00:15:33 EXEC SPC_COM_MENU '1';
2018-10-22 00:15:33 EXEC SPC_w001_LST1 '','','','','10','2';
2018-10-22 00:15:46 EXEC SPC_COM_PERMISSION '1','2','w002';
2018-10-22 00:15:46 EXEC SPC_COM_MENU '1';
2018-10-22 00:15:46 EXEC SPC_W002_FND1
2018-10-22 00:15:47 EXEC SPC_COM_MENU '1';
2018-10-22 00:15:47 EXEC SPC_W002_LST1 '17';
2018-10-22 00:15:47 EXEC SPC_COM_MENU '1';
2018-10-22 00:15:47 EXEC SPC_COMMON_CATALORUE '7';
2018-10-22 00:16:00 EXEC SPC_COM_MENU '1';
2018-10-22 00:16:00 EXEC SPC_w002_ACT1 '17','7','','','beautiful girl','<row tag_id="13" is_new="0" />','<p>the best girl ever !</p>
','','','0','','','','ndq809','127.0.0.1';
2018-10-22 00:16:01 EXEC SPC_COM_MENU '1';
2018-10-22 00:16:01 EXEC SPC_W002_LST1 '17';
2018-10-22 00:16:01 EXEC SPC_COM_MENU '1';
2018-10-22 00:16:01 EXEC SPC_COMMON_CATALORUE '7';
2018-10-22 00:16:30 EXEC SPC_COM_MENU '1';
2018-10-22 00:16:30 EXEC SPC_w002_ACT1 '17','7','','','beautiful girl','<row tag_id="13" is_new="0" /><row tag_nm="anime" is_new="1" />','<p>the best girl ever !</p>
','','','0','','','','ndq809','127.0.0.1';
2018-10-22 00:16:31 EXEC SPC_COM_MENU '1';
2018-10-22 00:16:31 EXEC SPC_W002_LST1 '17';
2018-10-22 00:16:31 EXEC SPC_COM_MENU '1';
2018-10-22 00:16:31 EXEC SPC_COMMON_CATALORUE '7';
2018-10-22 00:16:35 EXEC SPC_COM_PERMISSION '1','2','w002';
2018-10-22 00:16:35 EXEC SPC_COM_MENU '1';
2018-10-22 00:16:35 EXEC SPC_W002_FND1
2018-10-22 00:16:35 EXEC SPC_COM_MENU '1';
2018-10-22 00:16:35 EXEC SPC_W002_LST1 '17';
2018-10-22 00:16:35 EXEC SPC_COM_MENU '1';
2018-10-22 00:16:35 EXEC SPC_COMMON_CATALORUE '7';
2018-10-22 00:16:39 EXEC SPC_COM_MENU '1';
2018-10-22 00:16:39 EXEC SPC_W002_LST1 '';
2018-10-22 00:16:42 EXEC SPC_COM_MENU '1';
2018-10-22 00:16:42 EXEC SPC_COMMON_CATALORUE '7';
2018-10-22 00:18:25 EXEC SPC_COM_MENU '1';
2018-10-22 00:18:51 EXEC SPC_COM_MENU '1';
2018-10-22 00:18:51 EXEC SPC_w002_ACT1 '','7','','','アクセス禁止','<row tag_nm="prevent" is_new="1" /><row tag_nm="access" is_new="1" />','<p>you can&#39;t access</p>
','/web-content/images/relax_image/image_5bcd176b44223.jpg','image_5bcd176b44223.jpg','2','','','','ndq809','127.0.0.1';
2018-10-22 00:18:52 EXEC SPC_COM_MENU '1';
2018-10-22 00:18:52 EXEC SPC_W002_LST1 '18';
2018-10-22 00:18:52 EXEC SPC_COM_MENU '1';
2018-10-22 00:18:52 EXEC SPC_COMMON_CATALORUE '7';
2018-10-22 00:19:03 EXEC SPC_COM_MENU '1';
2018-10-22 00:19:03 EXEC SPC_W002_LST1 '17';
2018-10-22 00:19:03 EXEC SPC_COM_MENU '1';
2018-10-22 00:19:03 EXEC SPC_COMMON_CATALORUE '7';
2018-10-22 00:32:18 EXEC SPC_COM_PERMISSION '1','2','w002';
2018-10-22 00:32:18 EXEC SPC_COM_MENU '1';
2018-10-22 00:32:18 EXEC SPC_W002_FND1
2018-10-22 00:32:19 EXEC SPC_COM_MENU '1';
2018-10-22 00:32:19 EXEC SPC_W002_LST1 '17';
2018-10-22 00:32:19 EXEC SPC_COM_MENU '1';
2018-10-22 00:32:19 EXEC SPC_COMMON_CATALORUE '7';
2018-10-22 00:32:36 EXEC SPC_COM_MENU '1';
2018-10-22 00:32:36 EXEC SPC_W002_LST1 '18';
2018-10-22 00:32:36 EXEC SPC_COM_MENU '1';
2018-10-22 00:32:36 EXEC SPC_COMMON_CATALORUE '7';
2018-10-22 00:43:00 EXEC SPC_COM_MENU '1';
2018-10-22 00:43:00 EXEC SPC_W002_LST1 '';
2018-10-22 00:43:05 EXEC SPC_COM_MENU '1';
2018-10-22 00:43:05 EXEC SPC_COMMON_CATALORUE '6';
2018-10-22 00:44:47 EXEC SPC_COM_MENU '1';
2018-10-22 00:45:03 EXEC SPC_COM_MENU '1';
2018-10-22 00:45:11 EXEC SPC_COM_MENU '1';
2018-10-22 00:47:01 EXEC SPC_COM_MENU '1';
2018-10-22 00:47:01 EXEC SPC_w002_ACT1 '','6','','','why i'm handsome too much?','<row tag_nm="handsome" is_new="1" /><row tag_nm="crazy" is_new="1" />','<p>just kindding =))</p>
','','','0','','','','ndq809','127.0.0.1';
2018-10-22 00:47:03 EXEC SPC_COM_MENU '1';
2018-10-22 00:47:03 EXEC SPC_W002_LST1 '19';
2018-10-22 00:47:03 EXEC SPC_COM_MENU '1';
2018-10-22 00:47:03 EXEC SPC_COMMON_CATALORUE '6';
2018-10-22 00:47:13 EXEC SPC_COM_PERMISSION '1','2','w002';
2018-10-22 00:47:13 EXEC SPC_COM_MENU '1';
2018-10-22 00:47:13 EXEC SPC_W002_FND1
2018-10-22 00:47:14 EXEC SPC_COM_MENU '1';
2018-10-22 00:47:14 EXEC SPC_W002_LST1 '17';
2018-10-22 00:47:14 EXEC SPC_COM_MENU '1';
2018-10-22 00:47:14 EXEC SPC_COMMON_CATALORUE '7';
2018-10-22 00:47:21 EXEC SPC_COM_MENU '1';
2018-10-22 00:47:21 EXEC SPC_W002_LST1 '19';
2018-10-22 00:47:21 EXEC SPC_COM_MENU '1';
2018-10-22 00:47:21 EXEC SPC_COMMON_CATALORUE '6';
2018-10-22 00:48:17 EXEC SPC_COM_MENU '1';
2018-10-22 00:48:17 EXEC SPC_W002_LST1 '18';
2018-10-22 00:48:17 EXEC SPC_COM_MENU '1';
2018-10-22 00:48:17 EXEC SPC_COMMON_CATALORUE '7';
2018-10-22 00:48:20 EXEC SPC_COM_MENU '1';
2018-10-22 00:48:20 EXEC SPC_w002_ACT1 '18','7','','','アクセス禁止','<row tag_id="16" is_new="0" /><row tag_id="17" is_new="0" />','<p>you can&#39;t access</p>
','','','0','','','','ndq809','127.0.0.1';
2018-10-22 00:48:21 EXEC SPC_COM_MENU '1';
2018-10-22 00:48:21 EXEC SPC_W002_LST1 '18';
2018-10-22 00:48:21 EXEC SPC_COM_MENU '1';
2018-10-22 00:48:21 EXEC SPC_COMMON_CATALORUE '7';
2018-10-22 00:48:30 EXEC SPC_COM_MENU '1';
2018-10-22 00:48:30 EXEC SPC_w002_ACT1 '18','7','','','アクセス禁止','<row tag_id="16" is_new="0" /><row tag_id="17" is_new="0" />','<p>you can&#39;t access</p>
','/web-content/images/relax_image/image_5bcd1e5e614f7.png','image_5bcd1e5e614f7.png','2','','','','ndq809','127.0.0.1';
2018-10-22 00:48:31 EXEC SPC_COM_MENU '1';
2018-10-22 00:48:31 EXEC SPC_W002_LST1 '18';
2018-10-22 00:48:31 EXEC SPC_COM_MENU '1';
2018-10-22 00:48:31 EXEC SPC_COMMON_CATALORUE '7';
2018-10-22 00:54:17 EXEC SPC_COM_PERMISSION '1','2','w001';
2018-10-22 00:54:17 EXEC SPC_COM_MENU '1';
2018-10-22 00:54:17 EXEC SPC_COM_M999_INQ1 '7';
2018-10-22 00:54:18 EXEC SPC_COM_MENU '1';
2018-10-22 00:54:18 EXEC SPC_w001_LST1 '','','','','10','1';
2018-10-22 00:54:21 EXEC SPC_COM_MENU '1';
2018-10-22 00:54:21 EXEC SPC_w001_LST1 '','','','','10','2';
2018-10-22 00:54:44 EXEC SPC_COM_MENU '1';
2018-10-22 00:54:44 EXEC SPC_COM_M999_INQ1 '8';
2018-10-22 00:54:44 EXEC SPC_COM_MENU '1';
2018-10-22 00:54:44 EXEC SPC_p004_LST1 '19';
2018-10-22 00:54:49 EXEC SPC_COM_MENU '1';
2018-10-22 00:54:49 EXEC SPC_COM_M999_INQ1 '8';
2018-10-22 00:54:49 EXEC SPC_COM_MENU '1';
2018-10-22 00:54:49 EXEC SPC_p004_LST1 '18';
2018-10-22 00:54:59 EXEC SPC_COM_MENU '1';
2018-10-22 00:54:59 EXEC SPC_w001_LST1 '','','','','10','1';
2018-10-22 00:55:04 EXEC SPC_COM_PERMISSION '1','2','w002';
2018-10-22 00:55:04 EXEC SPC_COM_MENU '1';
2018-10-22 00:55:04 EXEC SPC_W002_FND1
2018-10-22 00:55:04 EXEC SPC_COM_MENU '1';
2018-10-22 00:55:04 EXEC SPC_W002_LST1 '12';
2018-10-22 00:55:04 EXEC SPC_COM_MENU '1';
2018-10-22 00:55:04 EXEC SPC_COMMON_CATALORUE '4';
2018-10-22 00:55:04 EXEC SPC_COM_MENU '1';
2018-10-22 00:55:04 EXEC SPC_COMMON_GROUP '9';
2018-10-22 00:55:17 EXEC SPC_COM_MENU '1';
2018-10-22 00:55:17 EXEC SPC_W002_LST1 '11';
2018-10-22 00:55:17 EXEC SPC_COM_MENU '1';
2018-10-22 00:55:17 EXEC SPC_COMMON_CATALORUE '3';
2018-10-22 00:55:17 EXEC SPC_COM_MENU '1';
2018-10-22 00:55:17 EXEC SPC_COMMON_GROUP '8';
2018-10-22 00:55:20 EXEC SPC_COM_MENU '1';
2018-10-22 00:55:20 EXEC SPC_W002_LST1 '12';
2018-10-22 00:55:20 EXEC SPC_COM_MENU '1';
2018-10-22 00:55:20 EXEC SPC_COMMON_CATALORUE '4';
2018-10-22 00:55:20 EXEC SPC_COM_MENU '1';
2018-10-22 00:55:20 EXEC SPC_COMMON_GROUP '9';
2018-10-22 00:55:27 EXEC SPC_COM_PERMISSION '1','2','w002';
2018-10-22 00:55:27 EXEC SPC_COM_MENU '1';
2018-10-22 00:55:27 EXEC SPC_W002_FND1
2018-10-22 00:55:28 EXEC SPC_COM_MENU '1';
2018-10-22 00:55:28 EXEC SPC_W002_LST1 '12';
2018-10-22 00:55:28 EXEC SPC_COM_MENU '1';
2018-10-22 00:55:28 EXEC SPC_COMMON_CATALORUE '4';
2018-10-22 00:55:28 EXEC SPC_COM_MENU '1';
2018-10-22 00:55:28 EXEC SPC_COMMON_GROUP '9';
2018-10-22 00:55:35 EXEC SPC_COM_PERMISSION '1','2','w002';
2018-10-22 00:55:35 EXEC SPC_COM_MENU '1';
2018-10-22 00:55:35 EXEC SPC_W002_FND1
2018-10-22 00:55:35 EXEC SPC_COM_MENU '1';
2018-10-22 00:55:35 EXEC SPC_W002_LST1 '12';
2018-10-22 00:55:35 EXEC SPC_COM_MENU '1';
2018-10-22 00:55:35 EXEC SPC_COMMON_CATALORUE '4';
2018-10-22 00:55:35 EXEC SPC_COM_MENU '1';
2018-10-22 00:55:35 EXEC SPC_COMMON_GROUP '9';
2018-10-22 00:55:58 EXEC SPC_COM_DATA '','','';
2018-10-22 00:56:01 EXEC SPC_COM_DATA '','','';
2018-10-22 00:56:02 EXEC SPC_WRITING_LST1 '','','','';
2018-10-22 00:56:02 EXEC SPC_COM_DATA '','','';
2018-10-22 00:56:02 EXEC SPC_WRITING_LST2 '9','10','';
2018-10-22 00:57:10 EXEC SPC_COM_DATA '','','';
2018-10-22 00:57:10 EXEC SPC_VOCABULARY_LST1 '','','','';
2018-10-22 00:57:15 EXEC SPC_COM_DATA '','','';
2018-10-22 00:57:15 EXEC SPC_VOCABULARY_LST2 '2','1','';
2018-10-22 00:57:41 EXEC SPC_COMMON_ACCOUNT '1','2';
2018-10-22 00:57:41 EXEC SPC_COM_DATA 'ndq809','1','2';
2018-10-22 00:57:41 EXEC SPC_VOCABULARY_LST1 '','ndq809','2','1';
2018-10-22 00:57:42 EXEC SPC_COM_DATA 'ndq809','1','2';
2018-10-22 00:57:42 EXEC SPC_VOCABULARY_LST2 '2','1','ndq809';
2018-10-22 00:57:45 EXEC SPC_COM_PERMISSION '1','2','g001';
2018-10-22 00:57:45 EXEC SPC_COM_MENU '1';
2018-10-22 00:58:21 EXEC SPC_COMMON_ACCOUNT '2','1';
2018-10-22 00:58:21 EXEC SPC_COM_DATA 'khoai','2','1';
2018-10-22 00:58:21 EXEC SPC_WRITING_LST1 '12','khoai','9','10';
2018-10-22 00:58:21 EXEC SPC_COM_DATA 'khoai','2','1';
2018-10-22 00:58:21 EXEC SPC_WRITING_LST2 '9','10','khoai';
2018-10-22 01:01:38 EXEC SPC_COM_PERMISSION '1','2','w002';
2018-10-22 01:01:38 EXEC SPC_COM_MENU '1';
2018-10-22 01:01:38 EXEC SPC_W002_FND1
2018-10-22 01:01:41 EXEC SPC_COM_MENU '1';
2018-10-22 01:01:41 EXEC SPC_COMMON_CATALORUE '6';
2018-10-22 01:15:40 EXEC SPC_COM_PERMISSION '1','2','w002';
2018-10-22 01:15:40 EXEC SPC_COM_MENU '1';
2018-10-22 01:15:40 EXEC SPC_W002_FND1
2018-10-22 01:15:41 EXEC SPC_COM_MENU '1';
2018-10-22 01:15:41 EXEC SPC_W002_LST2 '6';
2018-10-22 01:15:41 SQLSTATE[21000]: [Microsoft][ODBC Driver 13 for SQL Server][SQL Server]サブクエリは複数の値を返しました。サブクエリが =、!=、<、<=、>、>= の後に続く場合や、サブクエリが 1 つの式として使われる場合は複数の値は許可されません。
2018-10-22 01:15:46 EXEC SPC_COM_MENU '1';
2018-10-22 01:15:46 EXEC SPC_W002_LST2 '2';
2018-10-22 01:15:46 SQLSTATE[21000]: [Microsoft][ODBC Driver 13 for SQL Server][SQL Server]サブクエリは複数の値を返しました。サブクエリが =、!=、<、<=、>、>= の後に続く場合や、サブクエリが 1 つの式として使われる場合は複数の値は許可されません。
2018-10-22 01:15:52 EXEC SPC_COM_MENU '1';
2018-10-22 01:15:52 EXEC SPC_W002_LST2 '1';
2018-10-22 01:15:52 SQLSTATE[21000]: [Microsoft][ODBC Driver 13 for SQL Server][SQL Server]サブクエリは複数の値を返しました。サブクエリが =、!=、<、<=、>、>= の後に続く場合や、サブクエリが 1 つの式として使われる場合は複数の値は許可されません。
2018-10-22 01:15:56 EXEC SPC_COM_MENU '1';
2018-10-22 01:15:56 EXEC SPC_W002_LST2 '3';
2018-10-22 01:15:56 SQLSTATE[21000]: [Microsoft][ODBC Driver 13 for SQL Server][SQL Server]サブクエリは複数の値を返しました。サブクエリが =、!=、<、<=、>、>= の後に続く場合や、サブクエリが 1 つの式として使われる場合は複数の値は許可されません。
2018-10-22 01:15:59 EXEC SPC_COM_MENU '1';
2018-10-22 01:15:59 EXEC SPC_W002_LST2 '6';
2018-10-22 01:15:59 SQLSTATE[21000]: [Microsoft][ODBC Driver 13 for SQL Server][SQL Server]サブクエリは複数の値を返しました。サブクエリが =、!=、<、<=、>、>= の後に続く場合や、サブクエリが 1 つの式として使われる場合は複数の値は許可されません。
2018-10-22 01:18:48 EXEC SPC_COM_PERMISSION '1','2','w002';
2018-10-22 01:18:48 EXEC SPC_COM_MENU '1';
2018-10-22 01:18:48 EXEC SPC_W002_FND1
2018-10-22 01:18:49 EXEC SPC_COM_MENU '1';
2018-10-22 01:18:49 EXEC SPC_W002_LST2 '6';
2018-10-22 01:18:49 SQLSTATE[21000]: [Microsoft][ODBC Driver 13 for SQL Server][SQL Server]サブクエリは複数の値を返しました。サブクエリが =、!=、<、<=、>、>= の後に続く場合や、サブクエリが 1 つの式として使われる場合は複数の値は許可されません。
2018-10-22 02:32:36 EXEC SPC_COM_PERMISSION '1','2','w002';
2018-10-22 02:32:36 EXEC SPC_COM_MENU '1';
2018-10-22 02:32:36 EXEC SPC_W002_FND1
2018-10-22 02:32:39 EXEC SPC_COM_MENU '1';
2018-10-22 02:32:39 EXEC SPC_W002_LST2 '6';
2018-10-22 02:32:39 SQLSTATE[21000]: [Microsoft][ODBC Driver 13 for SQL Server][SQL Server]サブクエリは複数の値を返しました。サブクエリが =、!=、<、<=、>、>= の後に続く場合や、サブクエリが 1 つの式として使われる場合は複数の値は許可されません。
2018-10-22 02:43:55 EXEC SPC_COM_PERMISSION '1','2','w002';
2018-10-22 02:43:55 EXEC SPC_COM_MENU '1';
2018-10-22 02:43:55 EXEC SPC_W002_FND1
2018-10-22 02:43:56 EXEC SPC_COM_MENU '1';
2018-10-22 02:43:56 EXEC SPC_W002_LST2 '6';
2018-10-22 02:43:56 SQLSTATE[21000]: [Microsoft][ODBC Driver 13 for SQL Server][SQL Server]サブクエリは複数の値を返しました。サブクエリが =、!=、<、<=、>、>= の後に続く場合や、サブクエリが 1 つの式として使われる場合は複数の値は許可されません。
2018-10-22 02:43:59 EXEC SPC_COM_PERMISSION '1','2','w002';
2018-10-22 02:43:59 EXEC SPC_COM_MENU '1';
2018-10-22 02:43:59 EXEC SPC_W002_FND1
2018-10-22 02:44:00 EXEC SPC_COM_MENU '1';
2018-10-22 02:44:00 EXEC SPC_W002_LST2 '6';
2018-10-22 02:44:00 SQLSTATE[21000]: [Microsoft][ODBC Driver 13 for SQL Server][SQL Server]サブクエリは複数の値を返しました。サブクエリが =、!=、<、<=、>、>= の後に続く場合や、サブクエリが 1 つの式として使われる場合は複数の値は許可されません。
2018-10-22 02:44:46 EXEC SPC_COM_PERMISSION '1','2','w002';
2018-10-22 02:44:46 EXEC SPC_COM_MENU '1';
2018-10-22 02:44:46 EXEC SPC_W002_FND1
2018-10-22 02:44:47 EXEC SPC_COM_MENU '1';
2018-10-22 02:44:47 EXEC SPC_W002_LST2 '6';
2018-10-22 02:46:03 EXEC SPC_COM_PERMISSION '1','2','w002';
2018-10-22 02:46:03 EXEC SPC_COM_MENU '1';
2018-10-22 02:46:03 EXEC SPC_W002_FND1
2018-10-22 02:46:03 EXEC SPC_COM_MENU '1';
2018-10-22 02:46:03 EXEC SPC_W002_LST2 '6';
2018-10-22 02:47:45 EXEC SPC_COM_PERMISSION '1','2','w002';
2018-10-22 02:47:45 EXEC SPC_COM_MENU '1';
2018-10-22 02:47:45 EXEC SPC_W002_FND1
2018-10-22 02:47:46 EXEC SPC_COM_MENU '1';
2018-10-22 02:47:46 EXEC SPC_W002_LST2 '6';
2018-10-22 02:48:42 EXEC SPC_COM_PERMISSION '1','2','w002';
2018-10-22 02:48:42 EXEC SPC_COM_MENU '1';
2018-10-22 02:48:42 EXEC SPC_W002_FND1
2018-10-22 02:48:43 EXEC SPC_COM_MENU '1';
2018-10-22 02:48:43 EXEC SPC_W002_LST2 '6';
2018-10-22 02:48:59 EXEC SPC_COM_PERMISSION '1','2','w002';
2018-10-22 02:48:59 EXEC SPC_COM_MENU '1';
2018-10-22 02:48:59 EXEC SPC_W002_FND1
2018-10-22 02:49:00 EXEC SPC_COM_MENU '1';
2018-10-22 02:49:00 EXEC SPC_W002_LST2 '6';
2018-10-22 02:49:03 EXEC SPC_COM_MENU '1';
2018-10-22 02:49:03 EXEC SPC_W002_LST2 '7';
2018-10-22 02:49:49 EXEC SPC_COM_MENU '1';
2018-10-22 02:49:49 EXEC SPC_W002_LST1 '17';
2018-10-22 02:49:49 EXEC SPC_COM_MENU '1';
2018-10-22 02:49:49 EXEC SPC_W002_LST2 '7';
2018-10-22 02:49:53 EXEC SPC_COM_MENU '1';
2018-10-22 02:49:53 EXEC SPC_W002_LST1 '19';
2018-10-22 02:49:53 EXEC SPC_COM_MENU '1';
2018-10-22 02:49:53 EXEC SPC_W002_LST2 '6';
2018-10-22 02:50:07 EXEC SPC_COM_MENU '1';
2018-10-22 02:50:07 EXEC SPC_W002_LST1 '17';
2018-10-22 02:50:07 EXEC SPC_COM_MENU '1';
2018-10-22 02:50:07 EXEC SPC_W002_LST2 '7';
2018-10-22 02:51:43 EXEC SPC_COM_PERMISSION '1','2','w002';
2018-10-22 02:51:43 EXEC SPC_COM_MENU '1';
2018-10-22 02:51:43 EXEC SPC_W002_FND1
2018-10-22 02:51:44 EXEC SPC_COM_MENU '1';
2018-10-22 02:51:44 EXEC SPC_W002_LST2 '7';
2018-10-22 02:51:47 EXEC SPC_COM_MENU '1';
2018-10-22 02:51:47 EXEC SPC_W002_LST1 '19';
2018-10-22 02:51:48 EXEC SPC_COM_MENU '1';
2018-10-22 02:51:48 EXEC SPC_W002_LST2 '6';
2018-10-22 02:51:53 EXEC SPC_COM_MENU '1';
2018-10-22 02:51:53 EXEC SPC_W002_LST1 '18';
2018-10-22 02:51:53 EXEC SPC_COM_MENU '1';
2018-10-22 02:51:53 EXEC SPC_W002_LST2 '7';
2018-10-22 02:51:59 EXEC SPC_COM_MENU '1';
2018-10-22 02:51:59 EXEC SPC_W002_LST1 '17';
2018-10-22 02:51:59 EXEC SPC_COM_MENU '1';
2018-10-22 02:51:59 EXEC SPC_W002_LST2 '7';
2018-10-22 02:52:13 EXEC SPC_COM_MENU '1';
2018-10-22 02:52:14 EXEC SPC_w002_ACT1 '17','7','','','beautiful girl','<row tag_id="13" is_new="0" />','<p>the best girl ever !</p>
','','','0','','','','ndq809','127.0.0.1';
2018-10-22 02:52:15 EXEC SPC_COM_MENU '1';
2018-10-22 02:52:15 EXEC SPC_W002_LST1 '17';
2018-10-22 02:52:15 EXEC SPC_COM_MENU '1';
2018-10-22 02:52:15 EXEC SPC_W002_LST2 '7';
2018-10-22 02:52:37 EXEC SPC_COM_PERMISSION '1','2','w002';
2018-10-22 02:52:37 EXEC SPC_COM_MENU '1';
2018-10-22 02:52:37 EXEC SPC_W002_FND1
2018-10-22 02:52:38 EXEC SPC_COM_MENU '1';
2018-10-22 02:52:38 EXEC SPC_W002_LST2 '7';
2018-10-22 02:52:50 EXEC SPC_COM_PERMISSION '1','2','w002';
2018-10-22 02:52:50 EXEC SPC_COM_MENU '1';
2018-10-22 02:52:50 EXEC SPC_W002_FND1
2018-10-22 02:52:51 EXEC SPC_COM_MENU '1';
2018-10-22 02:52:51 EXEC SPC_W002_LST2 '7';
2018-10-22 02:52:55 EXEC SPC_COM_MENU '1';
2018-10-22 02:52:55 EXEC SPC_W002_LST2 '6';
2018-10-22 02:53:22 EXEC SPC_COM_MENU '1';
2018-10-22 02:53:22 EXEC SPC_W002_LST1 '19';
2018-10-22 02:53:22 EXEC SPC_COM_MENU '1';
2018-10-22 02:53:22 EXEC SPC_W002_LST2 '6';
2018-10-22 02:53:28 EXEC SPC_COM_MENU '1';
2018-10-22 02:53:28 EXEC SPC_W002_LST1 '18';
2018-10-22 02:53:28 EXEC SPC_COM_MENU '1';
2018-10-22 02:53:28 EXEC SPC_W002_LST2 '7';
2018-10-22 02:53:33 EXEC SPC_COM_MENU '1';
2018-10-22 02:53:33 EXEC SPC_W002_LST1 '17';
2018-10-22 02:53:33 EXEC SPC_COM_MENU '1';
2018-10-22 02:53:33 EXEC SPC_W002_LST2 '7';
2018-10-22 02:53:37 EXEC SPC_COM_PERMISSION '1','2','w002';
2018-10-22 02:53:37 EXEC SPC_COM_MENU '1';
2018-10-22 02:53:37 EXEC SPC_W002_FND1
2018-10-22 02:53:37 EXEC SPC_COM_MENU '1';
2018-10-22 02:53:37 EXEC SPC_W002_LST2 '7';
2018-10-22 02:54:03 EXEC SPC_COM_MENU '1';
2018-10-22 02:54:03 EXEC SPC_W002_LST1 '18';
2018-10-22 02:54:03 EXEC SPC_COM_MENU '1';
2018-10-22 02:54:03 EXEC SPC_W002_LST2 '7';
2018-10-22 02:54:05 EXEC SPC_COM_PERMISSION '1','2','w002';
2018-10-22 02:54:05 EXEC SPC_COM_MENU '1';
2018-10-22 02:54:05 EXEC SPC_W002_FND1
2018-10-22 02:54:06 EXEC SPC_COM_MENU '1';
2018-10-22 02:54:06 EXEC SPC_W002_LST2 '7';
2018-10-22 02:54:14 EXEC SPC_COM_DATA '','','';
2018-10-22 02:54:14 EXEC SPC_WRITING_LST1 '12','','','';
2018-10-22 02:54:17 EXEC SPC_COM_DATA '','','';
2018-10-22 02:54:17 EXEC SPC_WRITING_LST2 '9','10','';
2018-10-22 02:54:32 EXEC SPC_COMMON_ACCOUNT '1','2';
2018-10-22 02:54:32 EXEC SPC_COM_PERMISSION '1','2','w002';
2018-10-22 02:54:32 EXEC SPC_COM_MENU '1';
2018-10-22 02:54:32 EXEC SPC_W002_FND1
2018-10-22 02:54:39 EXEC SPC_COM_PERMISSION '1','2','w001';
2018-10-22 02:54:39 EXEC SPC_COM_MENU '1';
2018-10-22 02:54:39 EXEC SPC_COM_M999_INQ1 '7';
2018-10-22 02:54:41 EXEC SPC_COM_PERMISSION '1','2','w002';
2018-10-22 02:54:41 EXEC SPC_COM_MENU '1';
2018-10-22 02:54:41 EXEC SPC_W002_FND1
2018-10-22 02:54:47 EXEC SPC_COM_MENU '1';
2018-10-22 02:54:47 EXEC SPC_W002_LST1 '17';
2018-10-22 02:54:47 EXEC SPC_COM_MENU '1';
2018-10-22 02:54:47 EXEC SPC_W002_LST2 '7';
2018-10-22 02:54:49 EXEC SPC_COM_PERMISSION '1','2','w001';
2018-10-22 02:54:49 EXEC SPC_COM_MENU '1';
2018-10-22 02:54:49 EXEC SPC_COM_M999_INQ1 '7';
2018-10-22 02:54:51 EXEC SPC_COM_MENU '1';
2018-10-22 02:54:51 EXEC SPC_w001_LST1 '','','','','10','1';
2018-10-22 02:54:53 EXEC SPC_COM_MENU '1';
2018-10-22 02:54:53 EXEC SPC_w001_LST1 '','','','','10','2';
2018-10-22 02:54:55 EXEC SPC_COM_PERMISSION '1','2','w002';
2018-10-22 02:54:55 EXEC SPC_COM_MENU '1';
2018-10-22 02:54:55 EXEC SPC_W002_FND1
2018-10-22 02:54:55 EXEC SPC_COM_MENU '1';
2018-10-22 02:54:55 EXEC SPC_W002_LST1 '17';
2018-10-22 02:54:55 EXEC SPC_COM_MENU '1';
2018-10-22 02:54:55 EXEC SPC_W002_LST2 '7';
2018-10-22 02:55:34 EXEC SPC_COM_MENU '1';
2018-10-22 02:55:34 EXEC SPC_W002_LST1 '18';
2018-10-22 02:55:34 EXEC SPC_COM_MENU '1';
2018-10-22 02:55:34 EXEC SPC_W002_LST2 '7';
2018-10-22 02:55:38 EXEC SPC_COM_MENU '1';
2018-10-22 02:55:38 EXEC SPC_W002_LST1 '19';
2018-10-22 02:55:38 EXEC SPC_COM_MENU '1';
2018-10-22 02:55:38 EXEC SPC_W002_LST2 '6';
2018-10-22 02:55:49 EXEC SPC_COM_MENU '1';
2018-10-22 02:55:49 EXEC SPC_W002_LST1 '18';
2018-10-22 02:55:49 EXEC SPC_COM_MENU '1';
2018-10-22 02:55:49 EXEC SPC_W002_LST2 '7';
2018-10-22 02:56:37 EXEC SPC_COM_MENU '1';
2018-10-22 02:56:37 EXEC SPC_W002_LST1 '17';
2018-10-22 02:56:37 EXEC SPC_COM_MENU '1';
2018-10-22 02:56:37 EXEC SPC_W002_LST2 '7';
2018-10-22 02:56:44 EXEC SPC_COM_MENU '1';
2018-10-22 02:56:44 EXEC SPC_w002_ACT1 '17','7','','','beautiful girl','','<p>the best girl ever !</p>
','','','0','','','','ndq809','127.0.0.1';
2018-10-22 02:56:45 EXEC SPC_COM_MENU '1';
2018-10-22 02:56:45 EXEC SPC_W002_LST1 '17';
2018-10-22 02:56:46 EXEC SPC_COM_MENU '1';
2018-10-22 02:56:46 EXEC SPC_W002_LST2 '7';
2018-10-22 02:57:03 EXEC SPC_COM_MENU '1';
2018-10-22 02:57:03 EXEC SPC_w002_ACT1 '17','7','','','beautiful girl','<row tag_id="13" is_new="0" /><row tag_nm="anime" is_new="1" />','<p>the best girl ever !</p>
','','','0','','','','ndq809','127.0.0.1';
2018-10-22 02:57:05 EXEC SPC_COM_MENU '1';
2018-10-22 02:57:05 EXEC SPC_W002_LST1 '17';
2018-10-22 02:57:05 EXEC SPC_COM_MENU '1';
2018-10-22 02:57:05 EXEC SPC_W002_LST2 '7';
2018-10-22 02:57:18 EXEC SPC_COM_MENU '1';
2018-10-22 02:57:18 EXEC SPC_w002_ACT1 '17','7','','','beautiful girl','<row tag_id="13" is_new="0" />','<p>the best girl ever !</p>
','','','0','','','','ndq809','127.0.0.1';
2018-10-22 02:57:19 EXEC SPC_COM_MENU '1';
2018-10-22 02:57:19 EXEC SPC_W002_LST1 '17';
2018-10-22 02:57:19 EXEC SPC_COM_MENU '1';
2018-10-22 02:57:19 EXEC SPC_W002_LST2 '7';
2018-10-22 03:01:21 EXEC SPC_COM_PERMISSION '1','2','w002';
2018-10-22 03:01:21 EXEC SPC_COM_MENU '1';
2018-10-22 03:01:21 EXEC SPC_W002_FND1
2018-10-22 03:01:21 EXEC SPC_COM_MENU '1';
2018-10-22 03:01:21 EXEC SPC_W002_LST1 '17';
2018-10-22 03:01:22 EXEC SPC_COM_MENU '1';
2018-10-22 03:01:22 EXEC SPC_W002_LST2 '7';
2018-10-22 04:03:59 EXEC SPC_COM_PERMISSION '1','2','g001';
2018-10-22 04:03:59 EXEC SPC_COM_MENU '1';
2018-10-22 04:04:03 EXEC SPC_COM_PERMISSION '1','2','w001';
2018-10-22 04:04:03 EXEC SPC_COM_MENU '1';
2018-10-22 04:04:03 EXEC SPC_COM_M999_INQ1 '7';
2018-10-22 04:04:04 EXEC SPC_COM_MENU '1';
2018-10-22 04:04:04 EXEC SPC_w001_LST1 '','','','','10','1';
2018-10-22 04:04:05 EXEC SPC_COM_MENU '1';
2018-10-22 04:04:05 EXEC SPC_w001_LST1 '','','','','10','2';
2018-10-22 04:04:11 EXEC SPC_COM_PERMISSION '1','2','w002';
2018-10-22 04:04:11 EXEC SPC_COM_MENU '1';
2018-10-22 04:04:11 EXEC SPC_W002_FND1
2018-10-22 04:04:11 EXEC SPC_COM_MENU '1';
2018-10-22 04:04:11 EXEC SPC_W002_LST1 '17';
2018-10-22 04:04:12 EXEC SPC_COM_MENU '1';
2018-10-22 04:04:12 EXEC SPC_W002_LST2 '7';
2018-10-22 04:08:37 EXEC SPC_COM_PERMISSION '1','2','w002';
2018-10-22 04:08:37 EXEC SPC_COM_MENU '1';
2018-10-22 04:08:37 EXEC SPC_W002_FND1
2018-10-22 04:08:37 EXEC SPC_COM_MENU '1';
2018-10-22 04:08:37 EXEC SPC_W002_LST1 '17';
2018-10-22 04:08:37 EXEC SPC_COM_MENU '1';
2018-10-22 04:08:37 EXEC SPC_W002_LST2 '7';
2018-10-22 04:08:44 EXEC SPC_COM_MENU '1';
2018-10-22 04:08:44 EXEC SPC_w002_ACT1 '17','7','','','beautiful girl','<row tag_id="13" is_new="0" /><row tag_id="14" is_new="0" />','<p>the best girl ever !</p>
','','','0','','','','ndq809','127.0.0.1';
2018-10-22 04:08:45 EXEC SPC_COM_MENU '1';
2018-10-22 04:08:45 EXEC SPC_W002_LST1 '17';
2018-10-22 04:08:46 EXEC SPC_COM_MENU '1';
2018-10-22 04:08:46 EXEC SPC_W002_LST2 '7';
2018-10-22 04:17:22 EXEC SPC_COM_MENU '1';
2018-10-22 04:17:22 EXEC SPC_w002_ACT1 '17','7','','','beautiful girl','<row tag_id="13" is_new="0" />','<p>the best girl ever !</p>
','','','0','','','','ndq809','127.0.0.1';
2018-10-22 04:17:23 EXEC SPC_COM_MENU '1';
2018-10-22 04:17:23 EXEC SPC_W002_LST1 '17';
2018-10-22 04:17:23 EXEC SPC_COM_MENU '1';
2018-10-22 04:17:23 EXEC SPC_W002_LST2 '7';
2018-10-22 04:18:18 EXEC SPC_COM_PERMISSION '1','2','w002';
2018-10-22 04:18:18 EXEC SPC_COM_MENU '1';
2018-10-22 04:18:18 EXEC SPC_W002_FND1
2018-10-22 04:18:18 EXEC SPC_COM_MENU '1';
2018-10-22 04:18:18 EXEC SPC_W002_LST1 '17';
2018-10-22 04:18:18 EXEC SPC_COM_MENU '1';
2018-10-22 04:18:18 EXEC SPC_W002_LST2 '7';
2018-10-22 04:23:09 EXEC SPC_COM_MENU '1';
2018-10-22 04:23:09 EXEC SPC_W002_LST1 '18';
2018-10-22 04:23:09 EXEC SPC_COM_MENU '1';
2018-10-22 04:23:09 EXEC SPC_W002_LST2 '7';
2018-10-22 04:23:24 EXEC SPC_COM_MENU '1';
2018-10-22 04:23:24 EXEC SPC_W002_LST1 '19';
2018-10-22 04:23:24 EXEC SPC_COM_MENU '1';
2018-10-22 04:23:24 EXEC SPC_W002_LST2 '6';
2018-10-22 04:23:36 EXEC SPC_COM_MENU '1';
2018-10-22 04:23:36 EXEC SPC_W002_LST1 '17';
2018-10-22 04:23:36 EXEC SPC_COM_MENU '1';
2018-10-22 04:23:36 EXEC SPC_W002_LST2 '7';
2018-10-22 04:30:17 EXEC SPC_COM_MENU '1';
2018-10-22 04:30:17 EXEC SPC_w002_ACT1 '17','7','','','beautiful girl','','<p>the best girl ever !</p>
','','','0','','','','ndq809','127.0.0.1';
2018-10-22 04:30:18 EXEC SPC_COM_MENU '1';
2018-10-22 04:30:18 EXEC SPC_W002_LST1 '17';
2018-10-22 04:30:18 EXEC SPC_COM_MENU '1';
2018-10-22 04:30:18 EXEC SPC_W002_LST2 '7';
2018-10-22 04:30:30 EXEC SPC_COM_MENU '1';
2018-10-22 04:30:30 EXEC SPC_w002_ACT1 '17','7','','','beautiful girl','<row tag_id="13" is_new="0" /><row tag_id="16" is_new="0" />','<p>the best girl ever !</p>
','','','0','','','','ndq809','127.0.0.1';
2018-10-22 04:30:31 EXEC SPC_COM_MENU '1';
2018-10-22 04:30:31 EXEC SPC_W002_LST1 '17';
2018-10-22 04:30:31 EXEC SPC_COM_MENU '1';
2018-10-22 04:30:31 EXEC SPC_W002_LST2 '7';
2018-10-22 04:31:16 EXEC SPC_COM_DATA '','','';
2018-10-22 04:31:16 EXEC SPC_VOCABULARY_LST1 '','','','';
2018-10-22 04:31:17 EXEC SPC_COM_DATA '','','';
2018-10-22 04:31:17 EXEC SPC_VOCABULARY_LST2 '2','1','';
2018-10-22 04:31:34 EXEC SPC_COMMON_ACCOUNT '1','2';
2018-10-22 04:31:34 EXEC SPC_COM_PERMISSION '1','2','w002';
2018-10-22 04:31:34 EXEC SPC_COM_MENU '1';
2018-10-22 04:31:34 EXEC SPC_W002_FND1
2018-10-22 04:31:40 EXEC SPC_COM_MENU '1';
2018-10-22 04:31:40 EXEC SPC_W002_LST1 '17';
2018-10-22 04:31:41 EXEC SPC_COM_MENU '1';
2018-10-22 04:31:41 EXEC SPC_W002_LST2 '7';
2018-10-22 04:31:55 EXEC SPC_COM_PERMISSION '1','2','w001';
2018-10-22 04:31:55 EXEC SPC_COM_MENU '1';
2018-10-22 04:31:55 EXEC SPC_COM_M999_INQ1 '7';
2018-10-22 04:31:57 EXEC SPC_COM_MENU '1';
2018-10-22 04:31:57 EXEC SPC_w001_LST1 '','','','','10','1';
2018-10-22 04:31:58 EXEC SPC_COM_MENU '1';
2018-10-22 04:31:58 EXEC SPC_w001_LST1 '','','','','10','2';
2018-10-22 04:32:02 EXEC SPC_COM_PERMISSION '1','2','w002';
2018-10-22 04:32:02 EXEC SPC_COM_MENU '1';
2018-10-22 04:32:02 EXEC SPC_W002_FND1
2018-10-22 04:32:02 EXEC SPC_COM_MENU '1';
2018-10-22 04:32:02 EXEC SPC_W002_LST1 '17';
2018-10-22 04:32:02 EXEC SPC_COM_MENU '1';
2018-10-22 04:32:02 EXEC SPC_W002_LST2 '7';
2018-10-22 04:32:04 EXEC SPC_COM_PERMISSION '1','2','w002';
2018-10-22 04:32:04 EXEC SPC_COM_MENU '1';
2018-10-22 04:32:04 EXEC SPC_W002_FND1
2018-10-22 04:32:05 EXEC SPC_COM_MENU '1';
2018-10-22 04:32:05 EXEC SPC_W002_LST1 '17';
2018-10-22 04:32:05 EXEC SPC_COM_MENU '1';
2018-10-22 04:32:05 EXEC SPC_W002_LST2 '7';
2018-10-22 04:32:06 EXEC SPC_COM_PERMISSION '1','2','w002';
2018-10-22 04:32:06 EXEC SPC_COM_MENU '1';
2018-10-22 04:32:06 EXEC SPC_W002_FND1
2018-10-22 04:32:06 EXEC SPC_COM_MENU '1';
2018-10-22 04:32:06 EXEC SPC_W002_LST1 '17';
2018-10-22 04:32:06 EXEC SPC_COM_MENU '1';
2018-10-22 04:32:06 EXEC SPC_W002_LST2 '7';
2018-10-22 04:32:12 EXEC SPC_COM_PERMISSION '1','2','w001';
2018-10-22 04:32:12 EXEC SPC_COM_MENU '1';
2018-10-22 04:32:12 EXEC SPC_COM_M999_INQ1 '7';
2018-10-22 04:32:13 EXEC SPC_COM_MENU '1';
2018-10-22 04:32:13 EXEC SPC_w001_LST1 '','','','','10','1';
2018-10-22 04:32:15 EXEC SPC_COM_MENU '1';
2018-10-22 04:32:15 EXEC SPC_w001_LST1 '','','','','10','2';
2018-10-22 04:32:16 EXEC SPC_COM_PERMISSION '1','2','w002';
2018-10-22 04:32:16 EXEC SPC_COM_MENU '1';
2018-10-22 04:32:16 EXEC SPC_W002_FND1
2018-10-22 04:32:17 EXEC SPC_COM_MENU '1';
2018-10-22 04:32:17 EXEC SPC_W002_LST1 '17';
2018-10-22 04:32:17 EXEC SPC_COM_MENU '1';
2018-10-22 04:32:17 EXEC SPC_W002_LST2 '7';
2018-10-22 04:32:19 EXEC SPC_COM_PERMISSION '1','2','w002';
2018-10-22 04:32:19 EXEC SPC_COM_MENU '1';
2018-10-22 04:32:19 EXEC SPC_W002_FND1
2018-10-22 04:32:19 EXEC SPC_COM_MENU '1';
2018-10-22 04:32:19 EXEC SPC_W002_LST1 '17';
2018-10-22 04:32:20 EXEC SPC_COM_MENU '1';
2018-10-22 04:32:20 EXEC SPC_W002_LST2 '7';
2018-10-22 04:32:21 EXEC SPC_COM_PERMISSION '1','2','w002';
2018-10-22 04:32:21 EXEC SPC_COM_MENU '1';
2018-10-22 04:32:21 EXEC SPC_W002_FND1
2018-10-22 04:32:21 EXEC SPC_COM_MENU '1';
2018-10-22 04:32:21 EXEC SPC_W002_LST1 '17';
2018-10-22 04:32:21 EXEC SPC_COM_MENU '1';
2018-10-22 04:32:21 EXEC SPC_W002_LST2 '7';
2018-10-22 04:32:25 EXEC SPC_COM_MENU '1';
2018-10-22 04:32:25 EXEC SPC_W002_LST1 '18';
2018-10-22 04:32:25 EXEC SPC_COM_MENU '1';
2018-10-22 04:32:25 EXEC SPC_W002_LST2 '7';
2018-10-22 04:32:33 EXEC SPC_COM_MENU '1';
2018-10-22 04:32:33 EXEC SPC_W002_LST1 '19';
2018-10-22 04:32:33 EXEC SPC_COM_MENU '1';
2018-10-22 04:32:33 EXEC SPC_W002_LST2 '6';
2018-10-22 04:32:38 EXEC SPC_COM_MENU '1';
2018-10-22 04:32:38 EXEC SPC_W002_LST1 '18';
2018-10-22 04:32:38 EXEC SPC_COM_MENU '1';
2018-10-22 04:32:38 EXEC SPC_W002_LST2 '7';
2018-10-22 04:32:50 EXEC SPC_COM_MENU '1';
2018-10-22 04:32:50 EXEC SPC_W002_LST1 '17';
2018-10-22 04:32:50 EXEC SPC_COM_MENU '1';
2018-10-22 04:32:50 EXEC SPC_W002_LST2 '7';
2018-10-22 04:32:55 EXEC SPC_COM_MENU '1';
2018-10-22 04:32:55 EXEC SPC_w002_ACT1 '17','7','','','beautiful girl','<row tag_id="13" is_new="0" /><row tag_id="16" is_new="0" /><row tag_id="17" is_new="0" />','<p>the best girl ever !</p>
','','','0','','','','ndq809','127.0.0.1';
2018-10-22 04:32:57 EXEC SPC_COM_MENU '1';
2018-10-22 04:32:57 EXEC SPC_W002_LST1 '17';
2018-10-22 04:32:57 EXEC SPC_COM_MENU '1';
2018-10-22 04:32:57 EXEC SPC_W002_LST2 '7';
2018-10-22 04:33:00 EXEC SPC_COM_MENU '1';
2018-10-22 04:33:00 EXEC SPC_W002_LST1 '18';
2018-10-22 04:33:01 EXEC SPC_COM_MENU '1';
2018-10-22 04:33:01 EXEC SPC_W002_LST2 '7';
2018-10-22 04:34:13 EXEC SPC_COM_MENU '1';
2018-10-22 04:34:13 EXEC SPC_w002_ACT1 '18','7','','','アクセス禁止','<row tag_id="16" is_new="0" /><row tag_id="14" is_new="0" />','<p>you can&#39;t access</p>
','','','0','','','','ndq809','127.0.0.1';
2018-10-22 04:34:41 EXEC SPC_COM_MENU '1';
2018-10-22 04:34:41 EXEC SPC_w002_ACT1 '18','7','','','アクセス禁止','<row tag_id="16" is_new="0" /><row tag_id="14" is_new="0" />','<p>you can&#39;t access</p>
','','','0','','','','ndq809','127.0.0.1';
2018-10-22 04:35:46 EXEC SPC_COM_MENU '1';
2018-10-22 04:35:46 EXEC SPC_w002_ACT1 '18','7','','','アクセス禁止','<row tag_id="16" is_new="0" /><row tag_id="14" is_new="0" />','<p>you can&#39;t access</p>
','','','0','','','','ndq809','127.0.0.1';
2018-10-22 04:35:47 EXEC SPC_COM_MENU '1';
2018-10-22 04:35:47 EXEC SPC_W002_LST1 '18';
2018-10-22 04:35:47 EXEC SPC_COM_MENU '1';
2018-10-22 04:35:47 EXEC SPC_W002_LST2 '7';
2018-10-22 04:40:43 EXEC SPC_COM_PERMISSION '1','2','w002';
2018-10-22 04:40:43 EXEC SPC_COM_MENU '1';
2018-10-22 04:40:43 EXEC SPC_W002_FND1
2018-10-22 04:40:43 EXEC SPC_COM_MENU '1';
2018-10-22 04:40:43 EXEC SPC_W002_LST1 '17';
2018-10-22 04:40:43 EXEC SPC_COM_MENU '1';
2018-10-22 04:40:43 EXEC SPC_W002_LST2 '7';
2018-10-22 04:41:10 EXEC SPC_COM_MENU '1';
2018-10-22 04:41:10 EXEC SPC_w002_ACT1 '17','7','','','beautiful girl','<row tag_id="13" is_new="0" /><row tag_id="16" is_new="0" /><row tag_id="17" is_new="0" />','<p>the best girl ever !</p>
','','','0','','','','ndq809','127.0.0.1';
2018-10-22 04:41:11 EXEC SPC_COM_MENU '1';
2018-10-22 04:41:11 EXEC SPC_W002_LST1 '17';
2018-10-22 04:41:11 EXEC SPC_COM_MENU '1';
2018-10-22 04:41:11 EXEC SPC_W002_LST2 '7';
2018-10-22 04:41:25 EXEC SPC_COM_MENU '1';
2018-10-22 04:41:25 EXEC SPC_w002_ACT1 '17','7','','','beautiful girl','<row tag_id="13" is_new="0" /><row tag_id="16" is_new="0" /><row tag_id="17" is_new="0" /><row tag_id="14" is_new="0" />','<p>the best girl ever !</p>
','','','0','','','','ndq809','127.0.0.1';
2018-10-22 04:41:26 EXEC SPC_COM_MENU '1';
2018-10-22 04:41:26 EXEC SPC_W002_LST1 '17';
2018-10-22 04:41:26 EXEC SPC_COM_MENU '1';
2018-10-22 04:41:26 EXEC SPC_W002_LST2 '7';
2018-10-22 04:41:39 EXEC SPC_COM_MENU '1';
2018-10-22 04:41:39 EXEC SPC_W002_LST1 '18';
2018-10-22 04:41:39 EXEC SPC_COM_MENU '1';
2018-10-22 04:41:39 EXEC SPC_W002_LST2 '7';
2018-10-22 04:43:06 EXEC SPC_COM_PERMISSION '1','2','w002';
2018-10-22 04:43:06 EXEC SPC_COM_MENU '1';
2018-10-22 04:43:06 EXEC SPC_W002_FND1
2018-10-22 04:43:07 EXEC SPC_COM_MENU '1';
2018-10-22 04:43:07 EXEC SPC_W002_LST1 '18';
2018-10-22 04:43:07 EXEC SPC_COM_MENU '1';
2018-10-22 04:43:07 EXEC SPC_W002_LST2 '7';
2018-10-22 04:52:15 EXEC SPC_COM_PERMISSION '1','2','w002';
2018-10-22 04:52:15 EXEC SPC_COM_MENU '1';
2018-10-22 04:52:15 EXEC SPC_W002_FND1
2018-10-22 04:52:15 EXEC SPC_COM_MENU '1';
2018-10-22 04:52:15 EXEC SPC_W002_LST1 '18';
2018-10-22 04:52:15 EXEC SPC_COM_MENU '1';
2018-10-22 04:52:15 EXEC SPC_W002_LST2 '7';
2018-10-22 05:14:44 EXEC SPC_COM_PERMISSION '1','2','w002';
2018-10-22 05:14:44 EXEC SPC_COM_MENU '1';
2018-10-22 05:14:44 EXEC SPC_W002_FND1
2018-10-22 05:14:44 EXEC SPC_COM_MENU '1';
2018-10-22 05:14:44 EXEC SPC_W002_LST1 '18';
2018-10-22 05:14:45 EXEC SPC_COM_MENU '1';
2018-10-22 05:14:45 EXEC SPC_W002_LST2 '7';
2018-10-22 05:14:49 EXEC SPC_COM_MENU '1';
2018-10-22 05:14:49 EXEC SPC_W002_LST1 '17';
2018-10-22 05:14:50 EXEC SPC_COM_MENU '1';
2018-10-22 05:14:50 EXEC SPC_W002_LST2 '7';
2018-10-22 05:14:53 EXEC SPC_COM_MENU '1';
2018-10-22 05:14:53 EXEC SPC_W002_LST1 '18';
2018-10-22 05:14:53 EXEC SPC_COM_MENU '1';
2018-10-22 05:14:53 EXEC SPC_W002_LST2 '7';
2018-10-22 05:15:04 EXEC SPC_COM_MENU '1';
2018-10-22 05:15:04 EXEC SPC_w002_ACT1 '18','7','','','アクセス禁止','<row tag_id="14" is_new="0" /><row tag_id="16" is_new="0" /><row tag_id="13" is_new="0" />','<p>you can&#39;t access</p>
','','','0','','','','ndq809','127.0.0.1';
2018-10-22 05:15:05 EXEC SPC_COM_MENU '1';
2018-10-22 05:15:05 EXEC SPC_W002_LST1 '18';
2018-10-22 05:15:05 EXEC SPC_COM_MENU '1';
2018-10-22 05:15:05 EXEC SPC_W002_LST2 '7';
2018-10-22 05:15:08 EXEC SPC_COM_MENU '1';
2018-10-22 05:15:08 EXEC SPC_W002_LST1 '17';
2018-10-22 05:15:08 EXEC SPC_COM_MENU '1';
2018-10-22 05:15:08 EXEC SPC_W002_LST2 '7';
2018-10-22 05:15:12 EXEC SPC_COM_MENU '1';
2018-10-22 05:15:12 EXEC SPC_W002_LST1 '18';
2018-10-22 05:15:12 EXEC SPC_COM_MENU '1';
2018-10-22 05:15:12 EXEC SPC_W002_LST2 '7';
2018-10-22 05:16:11 EXEC SPC_COM_PERMISSION '1','2','w002';
2018-10-22 05:16:11 EXEC SPC_COM_MENU '1';
2018-10-22 05:16:11 EXEC SPC_W002_FND1
2018-10-22 05:16:12 EXEC SPC_COM_MENU '1';
2018-10-22 05:16:12 EXEC SPC_W002_LST1 '17';
2018-10-22 05:16:13 EXEC SPC_COM_MENU '1';
2018-10-22 05:16:13 EXEC SPC_W002_LST2 '7';
2018-10-22 05:16:18 EXEC SPC_COM_MENU '1';
2018-10-22 05:16:18 EXEC SPC_W002_LST1 '18';
2018-10-22 05:16:18 EXEC SPC_COM_MENU '1';
2018-10-22 05:16:18 EXEC SPC_W002_LST2 '7';
2018-10-22 05:17:01 EXEC SPC_COMMON_ACCOUNT '1','2';
2018-10-22 05:17:01 EXEC SPC_COM_PERMISSION '1','2','w002';
2018-10-22 05:17:01 EXEC SPC_COM_MENU '1';
2018-10-22 05:17:01 EXEC SPC_W002_FND1
2018-10-22 05:17:02 EXEC SPC_COM_MENU '1';
2018-10-22 05:17:02 EXEC SPC_W002_LST1 '17';
2018-10-22 05:17:03 EXEC SPC_COM_MENU '1';
2018-10-22 05:17:03 EXEC SPC_W002_LST2 '7';
2018-10-22 05:17:11 EXEC SPC_COM_MENU '1';
2018-10-22 05:17:11 EXEC SPC_W002_LST1 '18';
2018-10-22 05:17:12 EXEC SPC_COM_MENU '1';
2018-10-22 05:17:12 EXEC SPC_W002_LST2 '7';
2018-10-22 05:19:11 EXEC SPC_COM_MENU '1';
2018-10-22 05:19:11 EXEC SPC_w002_ACT1 '18','7','','','アクセス禁止','<row tag_id="13" is_new="0" /><row tag_id="14" is_new="0" /><row tag_id="16" is_new="0" /><row tag_nm="日本語" is_new="1" />','<p>you can&#39;t access</p>
','','','0','','','','ndq809','127.0.0.1';
2018-10-22 05:19:12 EXEC SPC_COM_MENU '1';
2018-10-22 05:19:12 EXEC SPC_W002_LST1 '18';
2018-10-22 05:19:12 EXEC SPC_COM_MENU '1';
2018-10-22 05:19:12 EXEC SPC_W002_LST2 '7';
2018-10-22 05:19:23 EXEC SPC_COM_MENU '1';
2018-10-22 05:19:23 EXEC SPC_W002_LST1 '17';
2018-10-22 05:19:23 EXEC SPC_COM_MENU '1';
2018-10-22 05:19:23 EXEC SPC_W002_LST2 '7';
2018-10-22 05:19:55 EXEC SPC_COM_MENU '1';
2018-10-22 05:19:55 EXEC SPC_W002_LST2 '3';
2018-10-22 05:19:59 EXEC SPC_COM_MENU '1';
2018-10-22 05:19:59 EXEC SPC_W002_LST2 '6';
2018-10-22 05:20:04 EXEC SPC_COM_PERMISSION '1','2','w002';
2018-10-22 05:20:04 EXEC SPC_COM_MENU '1';
2018-10-22 05:20:04 EXEC SPC_W002_FND1
2018-10-22 05:20:05 EXEC SPC_COM_MENU '1';
2018-10-22 05:20:05 EXEC SPC_W002_LST1 '18';
2018-10-22 05:20:05 EXEC SPC_COM_MENU '1';
2018-10-22 05:20:05 EXEC SPC_W002_LST2 '7';
2018-10-22 05:22:07 EXEC SPC_COM_PERMISSION '1','2','w002';
2018-10-22 05:22:07 EXEC SPC_COM_MENU '1';
2018-10-22 05:22:07 EXEC SPC_W002_FND1
2018-10-22 05:22:07 EXEC SPC_COM_MENU '1';
2018-10-22 05:22:07 EXEC SPC_W002_LST1 '18';
2018-10-22 05:22:07 EXEC SPC_COM_MENU '1';
2018-10-22 05:22:07 EXEC SPC_W002_LST2 '7';
2018-10-22 05:22:13 EXEC SPC_COM_MENU '1';
2018-10-22 05:22:13 EXEC SPC_W002_LST2 '6';
2018-10-22 05:22:19 EXEC SPC_COM_MENU '1';
2018-10-22 05:22:19 EXEC SPC_W002_LST2 '7';
2018-10-22 05:22:26 EXEC SPC_COM_MENU '1';
2018-10-22 05:22:26 EXEC SPC_W002_LST2 '3';
2018-10-22 05:22:31 EXEC SPC_COM_MENU '1';
2018-10-22 05:22:31 EXEC SPC_W002_LST2 '6';
2018-10-22 05:22:34 EXEC SPC_COM_PERMISSION '1','2','w002';
2018-10-22 05:22:34 EXEC SPC_COM_MENU '1';
2018-10-22 05:22:34 EXEC SPC_W002_FND1
2018-10-22 05:22:35 EXEC SPC_COM_MENU '1';
2018-10-22 05:22:35 EXEC SPC_W002_LST1 '18';
2018-10-22 05:22:35 EXEC SPC_COM_MENU '1';
2018-10-22 05:22:35 EXEC SPC_W002_LST2 '7';
2018-10-22 05:24:30 EXEC SPC_COM_PERMISSION '1','2','w002';
2018-10-22 05:24:30 EXEC SPC_COM_MENU '1';
2018-10-22 05:24:30 EXEC SPC_W002_FND1
2018-10-22 05:24:31 EXEC SPC_COM_MENU '1';
2018-10-22 05:24:31 EXEC SPC_W002_LST1 '18';
2018-10-22 05:24:31 EXEC SPC_COM_MENU '1';
2018-10-22 05:24:31 EXEC SPC_W002_LST2 '7';
2018-10-22 05:24:33 EXEC SPC_COM_PERMISSION '1','2','w002';
2018-10-22 05:24:33 EXEC SPC_COM_MENU '1';
2018-10-22 05:24:33 EXEC SPC_W002_FND1
2018-10-22 05:24:33 EXEC SPC_COM_MENU '1';
2018-10-22 05:24:33 EXEC SPC_W002_LST1 '18';
2018-10-22 05:24:33 EXEC SPC_COM_MENU '1';
2018-10-22 05:24:33 EXEC SPC_W002_LST2 '7';
2018-10-22 05:24:47 EXEC SPC_COM_PERMISSION '1','2','w002';
2018-10-22 05:24:47 EXEC SPC_COM_MENU '1';
2018-10-22 05:24:47 EXEC SPC_W002_FND1
2018-10-22 05:24:48 EXEC SPC_COM_MENU '1';
2018-10-22 05:24:48 EXEC SPC_W002_LST1 '18';
2018-10-22 05:24:48 EXEC SPC_COM_MENU '1';
2018-10-22 05:24:48 EXEC SPC_W002_LST2 '7';
2018-10-22 05:24:50 EXEC SPC_COM_PERMISSION '1','2','w002';
2018-10-22 05:24:50 EXEC SPC_COM_MENU '1';
2018-10-22 05:24:50 EXEC SPC_W002_FND1
2018-10-22 05:24:50 EXEC SPC_COM_MENU '1';
2018-10-22 05:24:50 EXEC SPC_W002_LST1 '18';
2018-10-22 05:24:50 EXEC SPC_COM_MENU '1';
2018-10-22 05:24:50 EXEC SPC_W002_LST2 '7';
2018-10-22 05:24:52 EXEC SPC_COM_PERMISSION '1','2','w002';
2018-10-22 05:24:52 EXEC SPC_COM_MENU '1';
2018-10-22 05:24:52 EXEC SPC_W002_FND1
2018-10-22 05:24:52 EXEC SPC_COM_MENU '1';
2018-10-22 05:24:52 EXEC SPC_W002_LST1 '18';
2018-10-22 05:24:52 EXEC SPC_COM_MENU '1';
2018-10-22 05:24:52 EXEC SPC_W002_LST2 '7';
2018-10-22 05:24:56 EXEC SPC_COM_PERMISSION '1','2','w002';
2018-10-22 05:24:56 EXEC SPC_COM_MENU '1';
2018-10-22 05:24:56 EXEC SPC_W002_FND1
2018-10-22 05:24:56 EXEC SPC_COM_MENU '1';
2018-10-22 05:24:56 EXEC SPC_W002_LST1 '18';
2018-10-22 05:24:56 EXEC SPC_COM_MENU '1';
2018-10-22 05:24:56 EXEC SPC_W002_LST2 '7';
2018-10-22 05:47:15 EXEC SPC_COM_MENU '1';
2018-10-22 05:47:15 EXEC SPC_W002_LST1 '17';
2018-10-22 05:47:15 EXEC SPC_COM_MENU '1';
2018-10-22 05:47:15 EXEC SPC_W002_LST2 '7';
2018-10-22 05:47:21 EXEC SPC_COM_MENU '1';
2018-10-22 05:47:21 EXEC SPC_W002_LST1 '18';
2018-10-22 05:47:21 EXEC SPC_COM_MENU '1';
2018-10-22 05:47:21 EXEC SPC_W002_LST2 '7';
2018-10-22 05:48:57 EXEC SPC_COM_PERMISSION '1','2','w002';
2018-10-22 05:48:57 EXEC SPC_COM_MENU '1';
2018-10-22 05:48:57 EXEC SPC_W002_FND1
2018-10-22 05:48:58 EXEC SPC_COM_MENU '1';
2018-10-22 05:48:58 EXEC SPC_W002_LST1 '18';
2018-10-22 05:48:58 EXEC SPC_COM_MENU '1';
2018-10-22 05:48:58 EXEC SPC_W002_LST2 '7';
2018-10-22 05:52:13 EXEC SPC_COM_PERMISSION '1','2','w002';
2018-10-22 05:52:13 EXEC SPC_COM_MENU '1';
2018-10-22 05:52:13 EXEC SPC_W002_FND1
2018-10-22 05:52:13 EXEC SPC_COM_MENU '1';
2018-10-22 05:52:13 EXEC SPC_W002_LST1 '18';
2018-10-22 05:52:14 EXEC SPC_COM_MENU '1';
2018-10-22 05:52:14 EXEC SPC_W002_LST2 '7';
2018-10-22 05:52:16 EXEC SPC_COM_PERMISSION '1','2','w002';
2018-10-22 05:52:16 EXEC SPC_COM_MENU '1';
2018-10-22 05:52:16 EXEC SPC_W002_FND1
2018-10-22 05:52:16 EXEC SPC_COM_MENU '1';
2018-10-22 05:52:16 EXEC SPC_W002_LST1 '18';
2018-10-22 05:52:16 EXEC SPC_COM_MENU '1';
2018-10-22 05:52:16 EXEC SPC_W002_LST2 '7';
2018-10-22 05:52:19 EXEC SPC_COM_PERMISSION '1','2','w002';
2018-10-22 05:52:19 EXEC SPC_COM_MENU '1';
2018-10-22 05:52:19 EXEC SPC_W002_FND1
2018-10-22 05:52:19 EXEC SPC_COM_MENU '1';
2018-10-22 05:52:19 EXEC SPC_W002_LST1 '18';
2018-10-22 05:52:19 EXEC SPC_COM_MENU '1';
2018-10-22 05:52:19 EXEC SPC_W002_LST2 '7';
2018-10-22 05:52:47 EXEC SPC_COM_PERMISSION '1','2','w002';
2018-10-22 05:52:47 EXEC SPC_COM_MENU '1';
2018-10-22 05:52:47 EXEC SPC_W002_FND1
2018-10-22 05:52:47 EXEC SPC_COM_MENU '1';
2018-10-22 05:52:47 EXEC SPC_W002_LST1 '18';
2018-10-22 05:52:47 EXEC SPC_COM_MENU '1';
2018-10-22 05:52:47 EXEC SPC_W002_LST2 '7';
2018-10-22 05:52:56 EXEC SPC_COM_MENU '1';
2018-10-22 05:52:56 EXEC SPC_W002_LST1 '17';
2018-10-22 05:52:56 EXEC SPC_COM_MENU '1';
2018-10-22 05:52:56 EXEC SPC_W002_LST2 '7';
2018-10-22 05:53:05 EXEC SPC_COM_MENU '1';
2018-10-22 05:53:05 EXEC SPC_W002_LST2 '6';
2018-10-22 05:53:14 EXEC SPC_COM_PERMISSION '1','2','w002';
2018-10-22 05:53:14 EXEC SPC_COM_MENU '1';
2018-10-22 05:53:14 EXEC SPC_W002_FND1
2018-10-22 05:53:14 EXEC SPC_COM_MENU '1';
2018-10-22 05:53:14 EXEC SPC_W002_LST1 '18';
2018-10-22 05:53:14 EXEC SPC_COM_MENU '1';
2018-10-22 05:53:14 EXEC SPC_W002_LST2 '7';
2018-10-22 05:55:09 EXEC SPC_COM_PERMISSION '1','2','w002';
2018-10-22 05:55:09 EXEC SPC_COM_MENU '1';
2018-10-22 05:55:09 EXEC SPC_W002_FND1
2018-10-22 05:55:10 EXEC SPC_COM_MENU '1';
2018-10-22 05:55:10 EXEC SPC_W002_LST1 '18';
2018-10-22 05:55:10 EXEC SPC_COM_MENU '1';
2018-10-22 05:55:10 EXEC SPC_W002_LST2 '7';
2018-10-22 05:55:11 EXEC SPC_COM_PERMISSION '1','2','w002';
2018-10-22 05:55:11 EXEC SPC_COM_MENU '1';
2018-10-22 05:55:11 EXEC SPC_W002_FND1
2018-10-22 05:55:12 EXEC SPC_COM_MENU '1';
2018-10-22 05:55:12 EXEC SPC_W002_LST1 '18';
2018-10-22 05:55:12 EXEC SPC_COM_MENU '1';
2018-10-22 05:55:12 EXEC SPC_W002_LST2 '7';
2018-10-22 05:55:16 EXEC SPC_COM_MENU '1';
2018-10-22 05:55:16 EXEC SPC_W002_LST1 '17';
2018-10-22 05:55:16 EXEC SPC_COM_MENU '1';
2018-10-22 05:55:16 EXEC SPC_W002_LST2 '7';
2018-10-22 05:55:56 EXEC SPC_COM_PERMISSION '1','2','w002';
2018-10-22 05:55:56 EXEC SPC_COM_MENU '1';
2018-10-22 05:55:56 EXEC SPC_W002_FND1
2018-10-22 05:55:57 EXEC SPC_COM_MENU '1';
2018-10-22 05:55:57 EXEC SPC_W002_LST1 '18';
2018-10-22 05:55:57 EXEC SPC_COM_MENU '1';
2018-10-22 05:55:57 EXEC SPC_W002_LST2 '7';
2018-10-22 05:56:00 EXEC SPC_COM_MENU '1';
2018-10-22 05:56:00 EXEC SPC_W002_LST1 '17';
2018-10-22 05:56:00 EXEC SPC_COM_MENU '1';
2018-10-22 05:56:00 EXEC SPC_W002_LST2 '7';
2018-10-22 05:56:07 EXEC SPC_COM_MENU '1';
2018-10-22 05:56:07 EXEC SPC_W002_LST2 '6';
2018-10-22 05:56:11 EXEC SPC_COM_MENU '1';
2018-10-22 05:56:11 EXEC SPC_W002_LST2 '7';
2018-10-22 05:56:17 EXEC SPC_COM_MENU '1';
2018-10-22 05:56:17 EXEC SPC_W002_LST1 '18';
2018-10-22 05:56:17 EXEC SPC_COM_MENU '1';
2018-10-22 05:56:17 EXEC SPC_W002_LST2 '7';
