2018-08-03 00:15:35 EXEC SPC_COM_PERMISSION '1','g001';
2018-08-03 00:15:35 EXEC SPC_COM_MENU '1';
2018-08-03 00:15:40 EXEC SPC_COM_PERMISSION '1','w002';
2018-08-03 00:15:40 EXEC SPC_COM_MENU '1';
2018-08-03 00:15:40 EXEC SPC_W002_FND1
2018-08-03 00:15:51 EXEC SPC_COM_MENU '1';
2018-08-03 00:15:51 EXEC SPC_W002_LST1 'POST-22';
2018-08-03 00:15:52 EXEC SPC_COM_MENU '1';
2018-08-03 00:15:52 EXEC SPC_COMMON_CATALORUE '7';
2018-08-03 00:15:52 EXEC SPC_COM_MENU '1';
2018-08-03 00:15:52 EXEC SPC_COMMON_GROUP 'CAT-1025';
2018-08-03 00:16:13 EXEC SPC_COM_PERMISSION '1','w001';
2018-08-03 00:16:13 EXEC SPC_COM_MENU '1';
2018-08-03 00:16:13 EXEC SPC_COM_M999_INQ1 '7';
2018-08-03 00:16:19 EXEC SPC_COM_MENU '1';
2018-08-03 00:16:19 EXEC SPC_w001_LST1 '','','','','10','1';
2018-08-03 00:16:24 EXEC SPC_COM_MENU '1';
2018-08-03 00:16:24 EXEC SPC_w001_LST1 '','','','','10','2';
2018-08-03 00:16:25 EXEC SPC_COM_MENU '1';
2018-08-03 00:16:25 EXEC SPC_w001_LST1 '','','','','10','3';
2018-08-03 00:16:27 EXEC SPC_COM_MENU '1';
2018-08-03 00:16:27 EXEC SPC_w001_LST1 '','','','','10','1';
2018-08-03 00:16:31 EXEC SPC_COM_MENU '1';
2018-08-03 00:16:31 EXEC SPC_COM_M999_INQ1 '8';
2018-08-03 00:16:32 EXEC SPC_COM_MENU '1';
2018-08-03 00:16:32 EXEC SPC_p004_LST1 'POST-3';
2018-08-03 00:18:06 EXEC SPC_COM_PERMISSION '1','w001';
2018-08-03 00:18:07 EXEC SPC_COM_MENU '1';
2018-08-03 00:18:07 EXEC SPC_COM_M999_INQ1 '7';
2018-08-03 00:18:10 EXEC SPC_COM_MENU '1';
2018-08-03 00:18:10 EXEC SPC_w001_LST1 '','','','','10','1';
2018-08-03 00:18:15 EXEC SPC_COM_MENU '1';
2018-08-03 00:18:15 EXEC SPC_COM_M999_INQ1 '8';
2018-08-03 00:18:16 EXEC SPC_COM_MENU '1';
2018-08-03 00:18:16 EXEC SPC_p004_LST1 'POST-3';
2018-08-03 00:18:33 EXEC SPC_COM_MENU '1';
2018-08-03 00:18:33 EXEC SPC_COM_M999_INQ1 '8';
2018-08-03 00:18:34 EXEC SPC_COM_MENU '1';
2018-08-03 00:18:34 EXEC SPC_p004_LST1 'POST-1';
2018-08-03 00:18:51 EXEC SPC_COM_MENU '1';
2018-08-03 00:18:51 EXEC SPC_COM_M999_INQ1 '8';
2018-08-03 00:18:52 EXEC SPC_COM_MENU '1';
2018-08-03 00:18:52 EXEC SPC_p004_LST1 'POST-1';
2018-08-03 00:19:03 EXEC SPC_COM_PERMISSION '1','w001';
2018-08-03 00:19:03 EXEC SPC_COM_MENU '1';
2018-08-03 00:19:03 EXEC SPC_COM_M999_INQ1 '7';
2018-08-03 00:19:44 EXEC SPC_COM_MENU '1';
2018-08-03 00:19:44 EXEC SPC_w001_LST1 '','','','','10','1';
2018-08-03 00:19:49 EXEC SPC_COM_MENU '1';
2018-08-03 00:19:49 EXEC SPC_COM_M999_INQ1 '8';
2018-08-03 00:19:50 EXEC SPC_COM_MENU '1';
2018-08-03 00:19:50 EXEC SPC_p004_LST1 'POST-8';
2018-08-03 00:19:57 EXEC SPC_COM_MENU '1';
2018-08-03 00:19:57 EXEC SPC_COM_M999_INQ1 '8';
2018-08-03 00:19:57 EXEC SPC_COM_MENU '1';
2018-08-03 00:19:57 EXEC SPC_p004_LST1 'POST-1';
2018-08-03 00:22:51 EXEC SPC_COM_PERMISSION '1','w001';
2018-08-03 00:22:51 EXEC SPC_COM_MENU '1';
2018-08-03 00:22:51 EXEC SPC_COM_M999_INQ1 '7';
2018-08-03 00:22:54 EXEC SPC_COM_MENU '1';
2018-08-03 00:22:54 EXEC SPC_w001_LST1 '','','','','10','1';
2018-08-03 00:22:55 EXEC SPC_COM_MENU '1';
2018-08-03 00:22:55 EXEC SPC_COM_M999_INQ1 '8';
2018-08-03 00:22:56 EXEC SPC_COM_MENU '1';
2018-08-03 00:22:56 EXEC SPC_p004_LST1 'POST-1';
2018-08-03 00:23:01 EXEC SPC_COM_PERMISSION '1','w002';
2018-08-03 00:23:01 EXEC SPC_COM_MENU '1';
2018-08-03 00:23:01 EXEC SPC_W002_FND1
2018-08-03 00:23:44 EXEC SPC_COM_MENU '1';
2018-08-03 00:23:44 EXEC SPC_W002_LST1 'POST-';
2018-08-03 00:25:02 EXEC SPC_COM_MENU '1';
2018-08-03 00:25:02 EXEC SPC_W002_LST1 'POST-';
2018-08-03 00:26:45 EXEC SPC_COM_PERMISSION '1','w002';
2018-08-03 00:26:45 EXEC SPC_COM_MENU '1';
2018-08-03 00:26:45 EXEC SPC_W002_FND1
2018-08-03 00:26:46 EXEC SPC_COM_MENU '1';
2018-08-03 00:26:46 EXEC SPC_W002_LST1 'POST-1';
2018-08-03 00:26:46 EXEC SPC_COM_MENU '1';
2018-08-03 00:26:46 EXEC SPC_COMMON_CATALORUE '3';
2018-08-03 00:26:47 EXEC SPC_COM_MENU '1';
2018-08-03 00:26:47 EXEC SPC_COMMON_GROUP 'CAT-8';
2018-08-03 00:27:14 EXEC SPC_COM_MENU '1';
2018-08-03 00:27:15 EXEC SPC_w002_ACT1 'POST-1','3','CAT-8','GRO-4','Đi học làm chi','<pre>
<em>Ch&uacute;ng ta đi học để l&agrave;m chi</em>

<em>th&igrave; cử quanh năm để l&agrave;m g&igrave;</em>

<em>học h&agrave;nh cho lắm ko &aacute;p dụng</em>

<em>ph&iacute; cả cuộc đời chỉ để thi</em></pre>

<p><code><em>QUYND</em></code></p>

<p>&nbsp;</p>
','','','0','<row vocabulary_id="VOC-1" vocabulary_dtl_id="1" vocabulary_div="1" vocabulary_nm="go" spelling="gou" mean="Đi" explain="go some where" /><row vocabulary_id="VOC-2" vocabulary_dtl_id="1" vocabulary_div="2" vocabulary_nm="beautiful" spelling="&amp;#39;bju:tifl" mean="đẹp" explain="very attractive in a physical way" /><row vocabulary_id="VOC-4" vocabulary_dtl_id="1" vocabulary_div="3" vocabulary_nm="hello" spelling="helou" mean="chào" explain="lalala demacia" />','ndq809','127.0.0.1';
2018-08-03 00:27:17 EXEC SPC_COM_MENU '1';
2018-08-03 00:27:17 EXEC SPC_W002_LST1 'POST-1';
2018-08-03 00:27:17 EXEC SPC_COM_MENU '1';
2018-08-03 00:27:17 EXEC SPC_COMMON_CATALORUE '3';
2018-08-03 00:27:17 EXEC SPC_COM_MENU '1';
2018-08-03 00:27:17 EXEC SPC_COMMON_GROUP 'CAT-8';
2018-08-03 00:27:36 EXEC SPC_COM_PERMISSION '1','w001';
2018-08-03 00:27:36 EXEC SPC_COM_MENU '1';
2018-08-03 00:27:36 EXEC SPC_COM_M999_INQ1 '7';
2018-08-03 00:27:38 EXEC SPC_COM_MENU '1';
2018-08-03 00:27:38 EXEC SPC_w001_LST1 '','','','','10','1';
2018-08-03 00:27:41 EXEC SPC_COM_MENU '1';
2018-08-03 00:27:41 EXEC SPC_COM_M999_INQ1 '8';
2018-08-03 00:27:42 EXEC SPC_COM_MENU '1';
2018-08-03 00:27:42 EXEC SPC_p004_LST1 'POST-1';
2018-08-03 00:27:51 EXEC SPC_COM_PERMISSION '1','w002';
2018-08-03 00:27:51 EXEC SPC_COM_MENU '1';
2018-08-03 00:27:51 EXEC SPC_W002_FND1
2018-08-03 00:27:52 EXEC SPC_COM_MENU '1';
2018-08-03 00:27:52 EXEC SPC_W002_LST1 'POST-3';
2018-08-03 00:27:52 EXEC SPC_COM_MENU '1';
2018-08-03 00:27:52 EXEC SPC_COMMON_CATALORUE '7';
2018-08-03 00:27:52 EXEC SPC_COM_MENU '1';
2018-08-03 00:27:52 EXEC SPC_COMMON_GROUP 'CAT-1025';
2018-08-03 00:28:34 EXEC SPC_COM_MENU '1';
2018-08-03 00:28:34 EXEC SPC_w002_ACT1 'POST-3','7','CAT-1025','GRO-15','Du học và những vấn nạn','<blockquote>
<p><strong>Du học sinh</strong> bao nhi&ecirc;u c&ocirc;ng gai <s>c&aacute;c kiểu</s></p>
</blockquote>
','/web-content/images/relax_image/image_5b63a1b2d26d7.jpg','image_5b63a1b2d26d7.jpg','2','<row vocabulary_id="VOC-1" vocabulary_dtl_id="1" vocabulary_div="1" vocabulary_nm="go" spelling="gou" mean="Đi" explain="go some where" /><row vocabulary_id="VOC-3" vocabulary_dtl_id="1" vocabulary_div="1" vocabulary_nm="love" spelling="lʌv" mean="Yêu" explain="a feeling of strong or constant affection for a person" /><row vocabulary_id="VOC-4" vocabulary_dtl_id="1" vocabulary_div="3" vocabulary_nm="hello" spelling="helou" mean="chào" explain="lalala demacia" />','ndq809','127.0.0.1';
2018-08-03 00:28:36 EXEC SPC_COM_MENU '1';
2018-08-03 00:28:36 EXEC SPC_W002_LST1 'POST-3';
2018-08-03 00:28:36 EXEC SPC_COM_MENU '1';
2018-08-03 00:28:36 EXEC SPC_COMMON_CATALORUE '7';
2018-08-03 00:28:36 EXEC SPC_COM_MENU '1';
2018-08-03 00:28:37 EXEC SPC_COMMON_GROUP 'CAT-1025';
2018-08-03 00:28:48 EXEC SPC_COM_PERMISSION '1','w001';
2018-08-03 00:28:48 EXEC SPC_COM_MENU '1';
2018-08-03 00:28:48 EXEC SPC_COM_M999_INQ1 '7';
2018-08-03 00:28:51 EXEC SPC_COM_MENU '1';
2018-08-03 00:28:51 EXEC SPC_w001_LST1 '','','','','10','1';
2018-08-03 00:28:52 EXEC SPC_COM_MENU '1';
2018-08-03 00:28:52 EXEC SPC_COM_M999_INQ1 '8';
2018-08-03 00:28:53 EXEC SPC_COM_MENU '1';
2018-08-03 00:28:53 EXEC SPC_p004_LST1 'POST-1';
2018-08-03 00:28:57 EXEC SPC_COM_MENU '1';
2018-08-03 00:28:57 EXEC SPC_COM_M999_INQ1 '8';
2018-08-03 00:28:58 EXEC SPC_COM_MENU '1';
2018-08-03 00:28:58 EXEC SPC_p004_LST1 'POST-2';
2018-08-03 00:29:01 EXEC SPC_COM_PERMISSION '1','w002';
2018-08-03 00:29:01 EXEC SPC_COM_MENU '1';
2018-08-03 00:29:01 EXEC SPC_W002_FND1
2018-08-03 00:29:02 EXEC SPC_COM_MENU '1';
2018-08-03 00:29:02 EXEC SPC_W002_LST1 'POST-3';
2018-08-03 00:29:02 EXEC SPC_COM_MENU '1';
2018-08-03 00:29:02 EXEC SPC_COMMON_CATALORUE '7';
2018-08-03 00:29:02 EXEC SPC_COM_MENU '1';
2018-08-03 00:29:02 EXEC SPC_COMMON_GROUP 'CAT-1025';
2018-08-03 00:29:33 EXEC SPC_COM_PERMISSION '1','w002';
2018-08-03 00:29:33 EXEC SPC_COM_MENU '1';
2018-08-03 00:29:33 EXEC SPC_W002_FND1
2018-08-03 00:29:37 EXEC SPC_COM_MENU '1';
2018-08-03 00:29:37 EXEC SPC_W002_LST1 'POST-2';
2018-08-03 00:29:38 EXEC SPC_COM_MENU '1';
2018-08-03 00:29:38 EXEC SPC_COMMON_CATALORUE '3';
2018-08-03 00:29:38 EXEC SPC_COM_MENU '1';
2018-08-03 00:29:38 EXEC SPC_COMMON_GROUP 'CAT-8';
2018-08-03 00:29:46 EXEC SPC_COM_MENU '1';
2018-08-03 00:29:46 EXEC SPC_W002_LST1 'POST-3';
2018-08-03 00:29:46 EXEC SPC_COM_MENU '1';
2018-08-03 00:29:46 EXEC SPC_COMMON_CATALORUE '7';
2018-08-03 00:29:47 EXEC SPC_COM_MENU '1';
2018-08-03 00:29:47 EXEC SPC_COMMON_GROUP 'CAT-1025';
2018-08-03 00:29:55 EXEC SPC_COM_MENU '1';
2018-08-03 00:29:56 EXEC SPC_W002_LST1 'POST-3';
2018-08-03 00:29:56 EXEC SPC_COM_MENU '1';
2018-08-03 00:29:56 EXEC SPC_COMMON_CATALORUE '7';
2018-08-03 00:29:56 EXEC SPC_COM_MENU '1';
2018-08-03 00:29:56 EXEC SPC_COMMON_GROUP 'CAT-1025';
2018-08-03 00:29:57 EXEC SPC_COM_PERMISSION '1','w002';
2018-08-03 00:29:57 EXEC SPC_COM_MENU '1';
2018-08-03 00:29:57 EXEC SPC_W002_FND1
2018-08-03 00:29:58 EXEC SPC_COM_MENU '1';
2018-08-03 00:29:58 EXEC SPC_W002_LST1 'POST-3';
2018-08-03 00:29:58 EXEC SPC_COM_MENU '1';
2018-08-03 00:29:58 EXEC SPC_COMMON_CATALORUE '7';
2018-08-03 00:29:58 EXEC SPC_COM_MENU '1';
2018-08-03 00:29:58 EXEC SPC_COMMON_GROUP 'CAT-1025';
2018-08-03 00:30:08 EXEC SPC_COM_PERMISSION '1','w002';
2018-08-03 00:30:08 EXEC SPC_COM_MENU '1';
2018-08-03 00:30:08 EXEC SPC_W002_FND1
2018-08-03 00:30:08 EXEC SPC_COM_MENU '1';
2018-08-03 00:30:09 EXEC SPC_W002_LST1 'POST-10';
2018-08-03 00:30:09 EXEC SPC_COM_MENU '1';
2018-08-03 00:30:09 EXEC SPC_COMMON_CATALORUE '1';
2018-08-03 00:30:09 EXEC SPC_COM_MENU '1';
2018-08-03 00:30:09 EXEC SPC_COMMON_GROUP 'CAT-12';
2018-08-03 00:30:28 EXEC SPC_COM_PERMISSION '1','g001';
2018-08-03 00:30:28 EXEC SPC_COM_MENU '1';
2018-08-03 00:30:32 EXEC SPC_COM_PERMISSION '1','w001';
2018-08-03 00:30:32 EXEC SPC_COM_MENU '1';
2018-08-03 00:30:32 EXEC SPC_COM_M999_INQ1 '7';
2018-08-03 00:30:37 EXEC SPC_COM_MENU '1';
2018-08-03 00:30:37 EXEC SPC_w001_LST1 '','','','','10','1';
2018-08-03 00:30:43 EXEC SPC_COM_MENU '1';
2018-08-03 00:30:43 EXEC SPC_COM_M999_INQ1 '8';
2018-08-03 00:30:43 EXEC SPC_COM_MENU '1';
2018-08-03 00:30:43 EXEC SPC_p004_LST1 'POST-9';
2018-08-03 00:30:46 EXEC SPC_COM_MENU '1';
2018-08-03 00:30:46 EXEC SPC_COM_M999_INQ1 '8';
2018-08-03 00:30:47 EXEC SPC_COM_MENU '1';
2018-08-03 00:30:47 EXEC SPC_p004_LST1 'POST-10';
2018-08-03 00:31:19 EXEC SPC_COM_PERMISSION '1','w002';
2018-08-03 00:31:19 EXEC SPC_COM_MENU '1';
2018-08-03 00:31:19 EXEC SPC_W002_FND1
2018-08-03 00:31:20 EXEC SPC_COM_MENU '1';
2018-08-03 00:31:20 EXEC SPC_W002_LST1 'POST-1';
2018-08-03 00:31:20 EXEC SPC_COM_MENU '1';
2018-08-03 00:31:20 EXEC SPC_COMMON_CATALORUE '3';
2018-08-03 00:31:21 EXEC SPC_COM_MENU '1';
2018-08-03 00:31:21 EXEC SPC_COMMON_GROUP 'CAT-8';
2018-08-03 00:33:53 EXEC SPC_COM_PERMISSION '1','w002';
2018-08-03 00:33:53 EXEC SPC_COM_MENU '1';
2018-08-03 00:33:53 EXEC SPC_W002_FND1
2018-08-03 00:33:54 EXEC SPC_COM_MENU '1';
2018-08-03 00:33:54 EXEC SPC_W002_LST1 'POST-1';
2018-08-03 00:33:54 EXEC SPC_COM_MENU '1';
2018-08-03 00:33:54 EXEC SPC_COMMON_CATALORUE '3';
2018-08-03 00:33:55 EXEC SPC_COM_MENU '1';
2018-08-03 00:33:55 EXEC SPC_COMMON_GROUP 'CAT-8';
2018-08-03 00:35:27 EXEC SPC_COM_PERMISSION '1','w002';
2018-08-03 00:35:27 EXEC SPC_COM_MENU '1';
2018-08-03 00:35:27 EXEC SPC_W002_FND1
2018-08-03 00:35:28 EXEC SPC_COM_MENU '1';
2018-08-03 00:35:28 EXEC SPC_W002_LST1 'POST-1';
2018-08-03 00:35:29 EXEC SPC_COM_MENU '1';
2018-08-03 00:35:29 EXEC SPC_COMMON_CATALORUE '3';
2018-08-03 00:35:29 EXEC SPC_COM_MENU '1';
2018-08-03 00:35:29 EXEC SPC_COMMON_GROUP 'CAT-8';
2018-08-03 00:35:56 EXEC SPC_COM_PERMISSION '1','w002';
2018-08-03 00:35:56 EXEC SPC_COM_MENU '1';
2018-08-03 00:35:56 EXEC SPC_W002_FND1
2018-08-03 00:35:57 EXEC SPC_COM_MENU '1';
2018-08-03 00:35:57 EXEC SPC_W002_LST1 'POST-1';
2018-08-03 00:35:58 EXEC SPC_COM_MENU '1';
2018-08-03 00:35:58 EXEC SPC_COMMON_CATALORUE '3';
2018-08-03 00:35:58 EXEC SPC_COM_MENU '1';
2018-08-03 00:35:58 EXEC SPC_COMMON_GROUP 'CAT-8';
2018-08-03 00:36:19 EXEC SPC_COM_MENU '1';
2018-08-03 00:36:19 EXEC SPC_w002_ACT1 'POST-1','3','CAT-8','GRO-4','Đi học làm chi','<pre>
<em>Ch&uacute;ng ta đi học để l&agrave;m chi</em>

<em>th&igrave; cử quanh năm để l&agrave;m g&igrave;</em>

<em>học h&agrave;nh cho lắm ko &aacute;p dụng</em>

<em>ph&iacute; cả cuộc đời chỉ để thi</em></pre>

<p><code><em>QUYND</em></code></p>

<p>&nbsp;</p>
','/web-content/audio/listeningAudio/audio_5b63a3832128a.mp3','audio_5b63a3832128a.mp3','1','<row vocabulary_id="VOC-1" vocabulary_dtl_id="1" vocabulary_div="1" vocabulary_nm="go" spelling="gou" mean="Đi" explain="go some where" /><row vocabulary_id="VOC-2" vocabulary_dtl_id="1" vocabulary_div="2" vocabulary_nm="beautiful" spelling="&amp;#39;bju:tifl" mean="đẹp" explain="very attractive in a physical way" /><row vocabulary_id="VOC-4" vocabulary_dtl_id="1" vocabulary_div="3" vocabulary_nm="hello" spelling="helou" mean="chào" explain="lalala demacia" />','ndq809','127.0.0.1';
2018-08-03 00:36:21 EXEC SPC_COM_MENU '1';
2018-08-03 00:36:21 EXEC SPC_W002_LST1 'POST-1';
2018-08-03 00:36:21 EXEC SPC_COM_MENU '1';
2018-08-03 00:36:21 EXEC SPC_COMMON_CATALORUE '3';
2018-08-03 00:36:21 EXEC SPC_COM_MENU '1';
2018-08-03 00:36:21 EXEC SPC_COMMON_GROUP 'CAT-8';
2018-08-03 00:45:26 EXEC SPC_COM_PERMISSION '1','w002';
2018-08-03 00:45:26 EXEC SPC_COM_MENU '1';
2018-08-03 00:45:26 EXEC SPC_W002_FND1
2018-08-03 00:45:27 EXEC SPC_COM_MENU '1';
2018-08-03 00:45:27 EXEC SPC_W002_LST1 'POST-1';
2018-08-03 00:45:27 EXEC SPC_COM_MENU '1';
2018-08-03 00:45:27 EXEC SPC_COMMON_CATALORUE '3';
2018-08-03 00:45:28 EXEC SPC_COM_MENU '1';
2018-08-03 00:45:28 EXEC SPC_COMMON_GROUP 'CAT-8';
2018-08-03 00:45:52 EXEC SPC_COM_PERMISSION '1','w002';
2018-08-03 00:45:52 EXEC SPC_COM_MENU '1';
2018-08-03 00:45:52 EXEC SPC_W002_FND1
2018-08-03 00:45:53 EXEC SPC_COM_MENU '1';
2018-08-03 00:45:53 EXEC SPC_W002_LST1 'POST-1';
2018-08-03 00:45:54 EXEC SPC_COM_MENU '1';
2018-08-03 00:45:54 EXEC SPC_COMMON_CATALORUE '3';
2018-08-03 00:45:54 EXEC SPC_COM_MENU '1';
2018-08-03 00:45:54 EXEC SPC_COMMON_GROUP 'CAT-8';
2018-08-03 00:46:48 EXEC SPC_COM_PERMISSION '1','w002';
2018-08-03 00:46:48 EXEC SPC_COM_MENU '1';
2018-08-03 00:46:48 EXEC SPC_W002_FND1
2018-08-03 00:46:48 EXEC SPC_COM_MENU '1';
2018-08-03 00:46:49 EXEC SPC_W002_LST1 'POST-1';
2018-08-03 00:46:49 EXEC SPC_COM_MENU '1';
2018-08-03 00:46:49 EXEC SPC_COMMON_CATALORUE '3';
2018-08-03 00:46:49 EXEC SPC_COM_MENU '1';
2018-08-03 00:46:49 EXEC SPC_COMMON_GROUP 'CAT-8';
2018-08-03 00:46:53 EXEC SPC_COM_MENU '1';
2018-08-03 00:46:53 EXEC SPC_w002_ACT2 '<row 0="POST-1" />','ndq809','127.0.0.1';
2018-08-03 00:46:55 EXEC SPC_COM_MENU '1';
2018-08-03 00:46:55 EXEC SPC_W002_LST1 'POST-1';
2018-08-03 00:46:55 EXEC SPC_COM_MENU '1';
2018-08-03 00:46:55 EXEC SPC_COMMON_CATALORUE '3';
2018-08-03 00:46:56 EXEC SPC_COM_MENU '1';
2018-08-03 00:46:56 EXEC SPC_COMMON_GROUP 'CAT-8';
2018-08-03 00:48:27 EXEC SPC_COM_PERMISSION '1','w002';
2018-08-03 00:48:27 EXEC SPC_COM_MENU '1';
2018-08-03 00:48:27 EXEC SPC_W002_FND1
2018-08-03 00:48:28 EXEC SPC_COM_MENU '1';
2018-08-03 00:48:28 EXEC SPC_W002_LST1 'POST-1';
2018-08-03 00:48:29 EXEC SPC_COM_MENU '1';
2018-08-03 00:48:29 EXEC SPC_COMMON_CATALORUE '3';
2018-08-03 00:48:29 EXEC SPC_COM_MENU '1';
2018-08-03 00:48:29 EXEC SPC_COMMON_GROUP 'CAT-8';
2018-08-03 00:49:27 EXEC SPC_COM_MENU '1';
2018-08-03 00:49:27 EXEC SPC_w002_ACT2 '<row 0="POST-1" />','ndq809','127.0.0.1';
2018-08-03 00:49:29 EXEC SPC_COM_MENU '1';
2018-08-03 00:49:29 EXEC SPC_W002_LST1 'POST-1';
2018-08-03 00:49:29 EXEC SPC_COM_MENU '1';
2018-08-03 00:49:29 EXEC SPC_COMMON_CATALORUE '3';
2018-08-03 00:49:30 EXEC SPC_COM_MENU '1';
2018-08-03 00:49:30 EXEC SPC_COMMON_GROUP 'CAT-8';
2018-08-03 00:50:31 EXEC SPC_COM_MENU '1';
2018-08-03 00:50:31 EXEC SPC_w002_ACT2 'POST-1','ndq809','127.0.0.1';
2018-08-03 00:50:33 EXEC SPC_COM_MENU '1';
2018-08-03 00:50:33 EXEC SPC_W002_LST1 'POST-1';
2018-08-03 00:50:33 EXEC SPC_COM_MENU '1';
2018-08-03 00:50:33 EXEC SPC_COMMON_CATALORUE '';
2018-08-03 00:50:52 EXEC SPC_COM_PERMISSION '1','w002';
2018-08-03 00:50:52 EXEC SPC_COM_MENU '1';
2018-08-03 00:50:52 EXEC SPC_W002_FND1
2018-08-03 00:50:52 EXEC SPC_COM_MENU '1';
2018-08-03 00:50:52 EXEC SPC_W002_LST1 'POST-1';
2018-08-03 00:52:52 EXEC SPC_COM_MENU '1';
2018-08-03 00:52:52 EXEC SPC_W002_LST1 'POST-';
2018-08-03 00:52:58 EXEC SPC_COM_MENU '1';
2018-08-03 00:52:58 EXEC SPC_W002_LST1 'POST-';
2018-08-03 00:53:03 EXEC SPC_COM_MENU '1';
2018-08-03 00:53:03 EXEC SPC_W002_LST1 'POST-';
2018-08-03 00:53:05 EXEC SPC_COM_MENU '1';
2018-08-03 00:53:05 EXEC SPC_W002_LST1 'POST-';
2018-08-03 00:53:19 EXEC SPC_COM_PERMISSION '1','w002';
2018-08-03 00:53:19 EXEC SPC_COM_MENU '1';
2018-08-03 00:53:19 EXEC SPC_W002_FND1
2018-08-03 00:53:20 EXEC SPC_COM_MENU '1';
2018-08-03 00:53:20 EXEC SPC_W002_LST1 'POST-1';
2018-08-03 00:53:55 EXEC SPC_COM_PERMISSION '1','w002';
2018-08-03 00:53:55 EXEC SPC_COM_MENU '1';
2018-08-03 00:53:55 EXEC SPC_W002_FND1
2018-08-03 00:53:56 EXEC SPC_COM_MENU '1';
2018-08-03 00:53:56 EXEC SPC_W002_LST1 'POST-1';
2018-08-03 00:55:39 EXEC SPC_COM_MENU '1';
2018-08-03 00:55:39 EXEC SPC_W002_LST1 'POST-1';
2018-08-03 00:55:44 EXEC SPC_COM_MENU '1';
2018-08-03 00:55:44 EXEC SPC_W002_LST1 'POST-2';
2018-08-03 00:55:44 EXEC SPC_COM_MENU '1';
2018-08-03 00:55:44 EXEC SPC_COMMON_CATALORUE '3';
2018-08-03 00:55:45 EXEC SPC_COM_MENU '1';
2018-08-03 00:55:45 EXEC SPC_COMMON_GROUP 'CAT-8';
2018-08-03 00:55:57 EXEC SPC_COM_MENU '1';
2018-08-03 00:55:57 EXEC SPC_W002_LST1 'POST-1';
2018-08-03 00:56:03 EXEC SPC_COM_MENU '1';
2018-08-03 00:56:03 EXEC SPC_W002_LST1 'POST-2';
2018-08-03 00:56:03 EXEC SPC_COM_MENU '1';
2018-08-03 00:56:03 EXEC SPC_COMMON_CATALORUE '3';
2018-08-03 00:56:04 EXEC SPC_COM_MENU '1';
2018-08-03 00:56:04 EXEC SPC_COMMON_GROUP 'CAT-8';
2018-08-03 00:56:37 EXEC SPC_COM_MENU '1';
2018-08-03 00:56:37 EXEC SPC_w002_ACT1 'POST-2','3','CAT-8','GRO-4','hốt luôn 1 em','<pre>
<em><span class="marker"><ins>ko cần phải nghĩ</ins></span></em></pre>
','','','0','<row vocabulary_id="VOC-1" vocabulary_dtl_id="1" vocabulary_div="1" vocabulary_nm="go" spelling="gou" mean="Đi" explain="go some where" />','ndq809','127.0.0.1';
2018-08-03 00:56:51 EXEC SPC_COM_PERMISSION '1','w002';
2018-08-03 00:56:51 EXEC SPC_COM_MENU '1';
2018-08-03 00:56:51 EXEC SPC_W002_FND1
2018-08-03 00:56:52 EXEC SPC_COM_MENU '1';
2018-08-03 00:56:52 EXEC SPC_W002_LST1 'POST-1';
2018-08-03 00:56:57 EXEC SPC_COM_PERMISSION '1','w001';
2018-08-03 00:56:57 EXEC SPC_COM_MENU '1';
2018-08-03 00:56:57 EXEC SPC_COM_M999_INQ1 '7';
2018-08-03 00:56:59 EXEC SPC_COM_MENU '1';
2018-08-03 00:56:59 EXEC SPC_w001_LST1 '','','','','10','1';
2018-08-03 00:57:05 EXEC SPC_COM_MENU '1';
2018-08-03 00:57:05 EXEC SPC_w001_LST1 '','','','','10','2';
2018-08-03 00:57:07 EXEC SPC_COM_MENU '1';
2018-08-03 00:57:07 EXEC SPC_w001_LST1 '','','','','10','3';
2018-08-03 00:57:09 EXEC SPC_COM_MENU '1';
2018-08-03 00:57:09 EXEC SPC_COM_M999_INQ1 '8';
2018-08-03 00:57:09 EXEC SPC_COM_MENU '1';
2018-08-03 00:57:09 EXEC SPC_p004_LST1 'POST-22';
2018-08-03 00:57:43 EXEC SPC_COM_MENU '1';
2018-08-03 00:57:43 EXEC SPC_COM_M999_INQ1 '8';
2018-08-03 00:57:44 EXEC SPC_COM_MENU '1';
2018-08-03 00:57:44 EXEC SPC_p004_LST1 'POST-22';
2018-08-03 00:59:21 EXEC SPC_COM_PERMISSION '1','w002';
2018-08-03 00:59:21 EXEC SPC_COM_MENU '1';
2018-08-03 00:59:21 EXEC SPC_W002_FND1
2018-08-03 00:59:23 EXEC SPC_COM_MENU '1';
2018-08-03 00:59:23 EXEC SPC_W002_LST1 'POST-22';
2018-08-03 00:59:51 EXEC SPC_COM_PERMISSION '1','w001';
2018-08-03 00:59:51 EXEC SPC_COM_MENU '1';
2018-08-03 00:59:51 EXEC SPC_COM_M999_INQ1 '7';
2018-08-03 00:59:53 EXEC SPC_COM_MENU '1';
2018-08-03 00:59:53 EXEC SPC_w001_LST1 '','','','','10','1';
2018-08-03 00:59:55 EXEC SPC_COM_MENU '1';
2018-08-03 00:59:55 EXEC SPC_COM_M999_INQ1 '8';
2018-08-03 00:59:56 EXEC SPC_COM_MENU '1';
2018-08-03 00:59:56 EXEC SPC_p004_LST1 'POST-2';
2018-08-03 00:59:58 EXEC SPC_COM_PERMISSION '1','w002';
2018-08-03 00:59:58 EXEC SPC_COM_MENU '1';
2018-08-03 00:59:58 EXEC SPC_W002_FND1
2018-08-03 00:59:59 EXEC SPC_COM_MENU '1';
2018-08-03 00:59:59 EXEC SPC_W002_LST1 'POST-2';
2018-08-03 00:59:59 EXEC SPC_COM_MENU '1';
2018-08-03 00:59:59 EXEC SPC_COMMON_CATALORUE '3';
2018-08-03 00:59:59 EXEC SPC_COM_MENU '1';
2018-08-03 00:59:59 EXEC SPC_COMMON_GROUP 'CAT-8';
2018-08-03 01:00:22 EXEC SPC_COM_MENU '1';
2018-08-03 01:00:22 EXEC SPC_W002_LST1 'POST-1';
2018-08-03 01:00:28 EXEC SPC_COM_MENU '1';
2018-08-03 01:00:28 EXEC SPC_W002_LST1 'POST-10';
2018-08-03 01:00:28 EXEC SPC_COM_MENU '1';
2018-08-03 01:00:28 EXEC SPC_COMMON_CATALORUE '1';
2018-08-03 01:00:28 EXEC SPC_COM_MENU '1';
2018-08-03 01:00:28 EXEC SPC_COMMON_GROUP 'CAT-12';
2018-08-03 01:01:13 EXEC SPC_COM_MENU '1';
2018-08-03 01:01:13 EXEC SPC_COM_M999_INQ1 '8';
2018-08-03 01:01:14 EXEC SPC_COM_MENU '1';
2018-08-03 01:01:14 EXEC SPC_p004_LST1 'POST-2';
2018-08-03 01:01:15 EXEC SPC_COM_PERMISSION '1','w002';
2018-08-03 01:01:15 EXEC SPC_COM_MENU '1';
2018-08-03 01:01:15 EXEC SPC_W002_FND1
2018-08-03 01:01:16 EXEC SPC_COM_MENU '1';
2018-08-03 01:01:16 EXEC SPC_W002_LST1 'POST-2';
2018-08-03 01:01:16 EXEC SPC_COM_MENU '1';
2018-08-03 01:01:16 EXEC SPC_COMMON_CATALORUE '3';
2018-08-03 01:01:16 EXEC SPC_COM_MENU '1';
2018-08-03 01:01:16 EXEC SPC_COMMON_GROUP 'CAT-8';
2018-08-03 01:01:53 EXEC SPC_COM_PERMISSION '1','w001';
2018-08-03 01:01:53 EXEC SPC_COM_MENU '1';
2018-08-03 01:01:53 EXEC SPC_COM_M999_INQ1 '7';
2018-08-03 01:01:55 EXEC SPC_COM_MENU '1';
2018-08-03 01:01:55 EXEC SPC_w001_LST1 '','','','','10','1';
2018-08-03 01:01:56 EXEC SPC_COM_MENU '1';
2018-08-03 01:01:56 EXEC SPC_COM_M999_INQ1 '8';
2018-08-03 01:01:56 EXEC SPC_COM_MENU '1';
2018-08-03 01:01:56 EXEC SPC_p004_LST1 'POST-2';
2018-08-03 01:01:59 EXEC SPC_COM_PERMISSION '1','w002';
2018-08-03 01:01:59 EXEC SPC_COM_MENU '1';
2018-08-03 01:01:59 EXEC SPC_W002_FND1
2018-08-03 01:01:59 EXEC SPC_COM_MENU '1';
2018-08-03 01:01:59 EXEC SPC_W002_LST1 'POST-2';
2018-08-03 01:02:00 EXEC SPC_COM_MENU '1';
2018-08-03 01:02:00 EXEC SPC_COMMON_CATALORUE '3';
2018-08-03 01:02:00 EXEC SPC_COM_MENU '1';
2018-08-03 01:02:00 EXEC SPC_COMMON_GROUP 'CAT-8';
2018-08-03 01:06:31 EXEC SPC_COM_PERMISSION '1','g001';
2018-08-03 01:06:31 EXEC SPC_COM_MENU '1';
2018-08-03 01:06:35 EXEC SPC_COM_PERMISSION '1','w002';
2018-08-03 01:06:35 EXEC SPC_COM_MENU '1';
2018-08-03 01:06:35 EXEC SPC_W002_FND1
2018-08-03 01:06:37 EXEC SPC_COM_MENU '1';
2018-08-03 01:06:37 EXEC SPC_W002_LST1 'POST-';
2018-08-03 01:06:41 EXEC SPC_COM_PERMISSION '1','w001';
2018-08-03 01:06:41 EXEC SPC_COM_MENU '1';
2018-08-03 01:06:41 EXEC SPC_COM_M999_INQ1 '7';
2018-08-03 01:06:51 EXEC SPC_COM_PERMISSION '1','w002';
2018-08-03 01:06:52 EXEC SPC_COM_MENU '1';
2018-08-03 01:06:52 EXEC SPC_W002_FND1
2018-08-03 01:06:56 EXEC SPC_COM_MENU '1';
2018-08-03 01:06:56 EXEC SPC_W002_LST1 'POST-';
2018-08-03 01:08:22 EXEC SPC_COM_PERMISSION '1','w002';
2018-08-03 01:08:22 EXEC SPC_COM_MENU '1';
2018-08-03 01:08:22 EXEC SPC_W002_FND1
2018-08-03 01:08:24 EXEC SPC_COM_MENU '1';
2018-08-03 01:08:24 EXEC SPC_W002_LST1 'POST-';
2018-08-03 01:08:47 EXEC SPC_COM_PERMISSION '1','w001';
2018-08-03 01:08:47 EXEC SPC_COM_MENU '1';
2018-08-03 01:08:47 EXEC SPC_COM_M999_INQ1 '7';
2018-08-03 01:10:11 EXEC SPC_COM_MENU '1';
2018-08-03 01:10:11 EXEC SPC_w001_LST1 '','','','','10','1';
2018-08-03 01:10:12 EXEC SPC_COM_MENU '1';
2018-08-03 01:10:12 EXEC SPC_COM_M999_INQ1 '8';
2018-08-03 01:10:13 EXEC SPC_COM_MENU '1';
2018-08-03 01:10:13 EXEC SPC_p004_LST1 'POST-2';
2018-08-03 01:13:04 EXEC SPC_COM_PERMISSION '1','w001';
2018-08-03 01:13:04 EXEC SPC_COM_MENU '1';
2018-08-03 01:13:04 EXEC SPC_COM_M999_INQ1 '7';
2018-08-03 01:13:06 EXEC SPC_COM_MENU '1';
2018-08-03 01:13:06 EXEC SPC_w001_LST1 '','','','','10','1';
2018-08-03 01:13:07 EXEC SPC_COM_MENU '1';
2018-08-03 01:13:07 EXEC SPC_COM_M999_INQ1 '8';
2018-08-03 01:13:08 EXEC SPC_COM_MENU '1';
2018-08-03 01:13:08 EXEC SPC_p004_LST1 'POST-2';
2018-08-03 01:13:13 EXEC SPC_COM_PERMISSION '1','w001';
2018-08-03 01:13:13 EXEC SPC_COM_MENU '1';
2018-08-03 01:13:14 EXEC SPC_COM_M999_INQ1 '7';
2018-08-03 01:13:36 EXEC SPC_COM_MENU '1';
2018-08-03 01:13:36 EXEC SPC_w001_LST1 '','','','','10','1';
2018-08-03 01:13:37 EXEC SPC_COM_MENU '1';
2018-08-03 01:13:37 EXEC SPC_COM_M999_INQ1 '8';
2018-08-03 01:13:38 EXEC SPC_COM_MENU '1';
2018-08-03 01:13:38 EXEC SPC_p004_LST1 'POST-2';
2018-08-03 01:17:59 EXEC SPC_COM_PERMISSION '1','w001';
2018-08-03 01:17:59 EXEC SPC_COM_MENU '1';
2018-08-03 01:17:59 EXEC SPC_COM_M999_INQ1 '7';
2018-08-03 01:18:04 EXEC SPC_COM_MENU '1';
2018-08-03 01:18:04 EXEC SPC_w001_LST1 '','','','','10','1';
2018-08-03 01:18:05 EXEC SPC_COM_MENU '1';
2018-08-03 01:18:05 EXEC SPC_COM_M999_INQ1 '8';
2018-08-03 01:18:06 EXEC SPC_COM_MENU '1';
2018-08-03 01:18:06 EXEC SPC_p004_LST1 'POST-2';
2018-08-03 01:18:18 EXEC SPC_COM_PERMISSION '1','w002';
2018-08-03 01:18:18 EXEC SPC_COM_MENU '1';
2018-08-03 01:18:18 EXEC SPC_W002_FND1
2018-08-03 01:18:22 EXEC SPC_COM_MENU '1';
2018-08-03 01:18:22 EXEC SPC_W002_LST1 'POST-1';
2018-08-03 01:18:25 EXEC SPC_COM_MENU '1';
2018-08-03 01:18:25 EXEC SPC_W002_LST1 'POST-2';
2018-08-03 01:18:26 EXEC SPC_COM_MENU '1';
2018-08-03 01:18:26 EXEC SPC_COMMON_CATALORUE '3';
2018-08-03 01:18:26 EXEC SPC_COM_MENU '1';
2018-08-03 01:18:26 EXEC SPC_COMMON_GROUP 'CAT-8';
2018-08-03 01:20:40 EXEC SPC_COM_PERMISSION '1','w001';
2018-08-03 01:20:40 EXEC SPC_COM_MENU '1';
2018-08-03 01:20:40 EXEC SPC_COM_M999_INQ1 '7';
2018-08-03 01:20:42 EXEC SPC_COM_PERMISSION '1','w001';
2018-08-03 01:20:42 EXEC SPC_COM_MENU '1';
2018-08-03 01:20:42 EXEC SPC_COM_M999_INQ1 '7';
2018-08-03 01:20:44 EXEC SPC_COM_MENU '1';
2018-08-03 01:20:44 EXEC SPC_w001_LST1 '','','','','10','1';
2018-08-03 01:20:46 EXEC SPC_COM_MENU '1';
2018-08-03 01:20:46 EXEC SPC_COM_M999_INQ1 '8';
2018-08-03 01:20:47 EXEC SPC_COM_MENU '1';
2018-08-03 01:20:47 EXEC SPC_p004_LST1 'POST-2';
2018-08-03 01:23:03 EXEC SPC_COM_PERMISSION '1','w001';
2018-08-03 01:23:03 EXEC SPC_COM_MENU '1';
2018-08-03 01:23:03 EXEC SPC_COM_M999_INQ1 '7';
2018-08-03 01:23:06 EXEC SPC_COM_MENU '1';
2018-08-03 01:23:06 EXEC SPC_w001_LST1 '','','','','10','1';
2018-08-03 01:23:07 EXEC SPC_COM_MENU '1';
2018-08-03 01:23:07 EXEC SPC_COM_M999_INQ1 '8';
2018-08-03 01:23:08 EXEC SPC_COM_MENU '1';
2018-08-03 01:23:08 EXEC SPC_p004_LST1 'POST-2';
2018-08-03 01:23:28 EXEC SPC_COM_MENU '1';
2018-08-03 01:23:28 EXEC SPC_w002_ACT2 'POST-2','ndq809','127.0.0.1';
2018-08-03 01:23:29 EXEC SPC_COM_MENU '1';
2018-08-03 01:23:29 EXEC SPC_w001_LST1 '','','','','10','1';
2018-08-03 01:23:51 EXEC SPC_COM_PERMISSION '1','w001';
2018-08-03 01:23:51 EXEC SPC_COM_MENU '1';
2018-08-03 01:23:51 EXEC SPC_COM_M999_INQ1 '7';
2018-08-03 01:23:54 EXEC SPC_COM_MENU '1';
2018-08-03 01:23:54 EXEC SPC_w001_LST1 '','','','','10','1';
2018-08-03 01:23:57 EXEC SPC_COM_MENU '1';
2018-08-03 01:23:57 EXEC SPC_COM_M999_INQ1 '8';
2018-08-03 01:23:57 EXEC SPC_COM_MENU '1';
2018-08-03 01:23:57 EXEC SPC_p004_LST1 'POST-5';
2018-08-03 01:24:02 EXEC SPC_COM_MENU '1';
2018-08-03 01:24:02 EXEC SPC_w002_ACT2 'POST-5','ndq809','127.0.0.1';
2018-08-03 01:24:04 EXEC SPC_COM_MENU '1';
2018-08-03 01:24:04 EXEC SPC_w001_LST1 '','','','','10','1';
2018-08-03 01:24:08 EXEC SPC_COM_MENU '1';
2018-08-03 01:24:09 EXEC SPC_COM_M999_INQ1 '8';
2018-08-03 01:24:09 EXEC SPC_COM_MENU '1';
2018-08-03 01:24:09 EXEC SPC_p004_LST1 'POST-6';
2018-08-03 01:24:12 EXEC SPC_COM_MENU '1';
2018-08-03 01:24:12 EXEC SPC_w002_ACT2 'POST-6','ndq809','127.0.0.1';
2018-08-03 01:24:13 EXEC SPC_COM_MENU '1';
2018-08-03 01:24:13 EXEC SPC_w001_LST1 '','','','','10','1';
2018-08-03 01:24:16 EXEC SPC_COM_MENU '1';
2018-08-03 01:24:16 EXEC SPC_COM_M999_INQ1 '8';
2018-08-03 01:24:16 EXEC SPC_COM_MENU '1';
2018-08-03 01:24:16 EXEC SPC_p004_LST1 'POST-12';
2018-08-03 01:24:19 EXEC SPC_COM_MENU '1';
2018-08-03 01:24:19 EXEC SPC_w002_ACT2 'POST-12','ndq809','127.0.0.1';
2018-08-03 01:24:20 EXEC SPC_COM_MENU '1';
2018-08-03 01:24:20 EXEC SPC_w001_LST1 '','','','','10','1';
2018-08-03 01:24:32 EXEC SPC_COM_MENU '1';
2018-08-03 01:24:32 EXEC SPC_COM_M999_INQ1 '8';
2018-08-03 01:24:33 EXEC SPC_COM_MENU '1';
2018-08-03 01:24:33 EXEC SPC_p004_LST1 'POST-3';
2018-08-03 01:24:34 EXEC SPC_COM_PERMISSION '1','w002';
2018-08-03 01:24:34 EXEC SPC_COM_MENU '1';
2018-08-03 01:24:34 EXEC SPC_W002_FND1
2018-08-03 01:24:34 EXEC SPC_COM_MENU '1';
2018-08-03 01:24:34 EXEC SPC_W002_LST1 'POST-3';
2018-08-03 01:24:35 EXEC SPC_COM_MENU '1';
2018-08-03 01:24:35 EXEC SPC_COMMON_CATALORUE '7';
2018-08-03 01:24:35 EXEC SPC_COM_MENU '1';
2018-08-03 01:24:35 EXEC SPC_COMMON_GROUP 'CAT-1025';
2018-08-03 01:26:14 EXEC SPC_COM_PERMISSION '1','w001';
2018-08-03 01:26:14 EXEC SPC_COM_MENU '1';
2018-08-03 01:26:15 EXEC SPC_COM_M999_INQ1 '7';
2018-08-03 01:26:16 EXEC SPC_COM_MENU '1';
2018-08-03 01:26:16 EXEC SPC_w001_LST1 '','','','','10','1';
2018-08-03 01:34:07 EXEC SPC_COM_PERMISSION '1','w001';
2018-08-03 01:34:07 EXEC SPC_COM_MENU '1';
2018-08-03 01:34:07 EXEC SPC_COM_M999_INQ1 '7';
2018-08-03 01:34:09 EXEC SPC_COM_MENU '1';
2018-08-03 01:34:09 EXEC SPC_w001_LST1 '','','','','10','1';
2018-08-03 01:34:10 EXEC SPC_COM_MENU '1';
2018-08-03 01:34:10 EXEC SPC_w001_LST1 '','','','','10','2';
2018-08-03 01:34:12 EXEC SPC_COM_MENU '1';
2018-08-03 01:34:12 EXEC SPC_w001_LST1 '','','','','10','1';
2018-08-03 01:34:21 EXEC SPC_COM_MENU '1';
2018-08-03 01:34:21 EXEC SPC_w001_LST1 '','','','','10','2';
2018-08-03 01:34:22 EXEC SPC_COM_PERMISSION '1','w001';
2018-08-03 01:34:22 EXEC SPC_COM_MENU '1';
2018-08-03 01:34:22 EXEC SPC_COM_M999_INQ1 '7';
2018-08-03 01:45:15 EXEC SPC_COM_MENU '1';
2018-08-03 01:45:15 EXEC SPC_COMMON_CATALORUE '1';
2018-08-03 01:45:19 EXEC SPC_COM_MENU '1';
2018-08-03 01:45:19 EXEC SPC_COMMON_GROUP 'CAT-12';
2018-08-03 01:45:22 EXEC SPC_COM_MENU '1';
2018-08-03 01:45:22 EXEC SPC_w001_LST1 '1','CAT-12','GRO-7','','10','1';
2018-08-03 01:45:36 EXEC SPC_COM_MENU '1';
2018-08-03 01:45:36 EXEC SPC_COM_M999_INQ1 '8';
2018-08-03 01:45:37 EXEC SPC_COM_MENU '1';
2018-08-03 01:45:37 EXEC SPC_p004_LST1 'POST-9';
2018-08-03 01:45:42 EXEC SPC_COM_MENU '1';
2018-08-03 01:45:42 EXEC SPC_w002_ACT2 'POST-9','ndq809','127.0.0.1';
2018-08-03 01:45:44 EXEC SPC_COM_MENU '1';
2018-08-03 01:45:44 EXEC SPC_w001_LST1 '1','CAT-12','GRO-7','','10','1';
2018-08-03 01:46:11 EXEC SPC_COM_PERMISSION '1','w001';
2018-08-03 01:46:11 EXEC SPC_COM_MENU '1';
2018-08-03 01:46:11 EXEC SPC_COM_M999_INQ1 '7';
2018-08-03 01:46:15 EXEC SPC_COM_MENU '1';
2018-08-03 01:46:15 EXEC SPC_w001_LST1 '','','','','10','1';
2018-08-03 02:00:52 EXEC SPC_COM_PERMISSION '1','w001';
2018-08-03 02:00:52 EXEC SPC_COM_MENU '1';
2018-08-03 02:00:52 EXEC SPC_COM_M999_INQ1 '7';
2018-08-03 02:00:54 EXEC SPC_COM_MENU '1';
2018-08-03 02:00:54 EXEC SPC_w001_LST1 '','','','','10','1';
2018-08-03 02:00:55 EXEC SPC_COM_MENU '1';
2018-08-03 02:00:55 EXEC SPC_w001_LST1 '','','','','10','2';
2018-08-03 02:00:57 EXEC SPC_COM_MENU '1';
2018-08-03 02:00:57 EXEC SPC_w001_LST1 '','','','','10','1';
2018-08-03 02:00:58 EXEC SPC_COM_MENU '1';
2018-08-03 02:00:58 EXEC SPC_w001_LST1 '','','','','10','2';
2018-08-03 02:01:00 EXEC SPC_COM_MENU '1';
2018-08-03 02:01:00 EXEC SPC_w001_LST1 '','','','','10','1';
2018-08-03 02:01:01 EXEC SPC_COM_MENU '1';
2018-08-03 02:01:01 EXEC SPC_w001_LST1 '','','','','10','2';
2018-08-03 02:01:17 EXEC SPC_COM_MENU '1';
2018-08-03 02:01:18 EXEC SPC_w001_LST1 '','','','','10','1';
2018-08-03 02:01:38 EXEC SPC_COM_PERMISSION '1','w001';
2018-08-03 02:01:38 EXEC SPC_COM_MENU '1';
2018-08-03 02:01:38 EXEC SPC_COM_M999_INQ1 '7';
2018-08-03 02:01:40 EXEC SPC_COM_MENU '1';
2018-08-03 02:01:40 EXEC SPC_w001_LST1 '','','','','10','1';
2018-08-03 02:01:42 EXEC SPC_COM_MENU '1';
2018-08-03 02:01:42 EXEC SPC_w001_LST1 '','','','','10','2';
2018-08-03 02:01:44 EXEC SPC_COM_MENU '1';
2018-08-03 02:01:44 EXEC SPC_w001_LST1 '','','','','10','1';
2018-08-03 02:02:13 EXEC SPC_COM_PERMISSION '1','w001';
2018-08-03 02:02:13 EXEC SPC_COM_MENU '1';
2018-08-03 02:02:13 EXEC SPC_COM_M999_INQ1 '7';
2018-08-03 02:02:16 EXEC SPC_COM_MENU '1';
2018-08-03 02:02:16 EXEC SPC_w001_LST1 '','','','','10','1';
2018-08-03 02:02:18 EXEC SPC_COM_MENU '1';
2018-08-03 02:02:18 EXEC SPC_w001_LST1 '','','','','10','2';
2018-08-03 02:02:19 EXEC SPC_COM_MENU '1';
2018-08-03 02:02:19 EXEC SPC_w001_LST1 '','','','','10','1';
2018-08-03 02:04:01 EXEC SPC_COM_PERMISSION '1','w001';
2018-08-03 02:04:01 EXEC SPC_COM_MENU '1';
2018-08-03 02:04:01 EXEC SPC_COM_M999_INQ1 '7';
2018-08-03 02:04:04 EXEC SPC_COM_MENU '1';
2018-08-03 02:04:04 EXEC SPC_w001_LST1 '','','','','10','1';
2018-08-03 02:04:19 EXEC SPC_COM_MENU '1';
2018-08-03 02:04:19 EXEC SPC_w001_LST1 '','','','','10','2';
2018-08-03 02:06:00 EXEC SPC_COM_PERMISSION '1','w001';
2018-08-03 02:06:00 EXEC SPC_COM_MENU '1';
2018-08-03 02:06:00 EXEC SPC_COM_M999_INQ1 '7';
2018-08-03 02:06:02 EXEC SPC_COM_MENU '1';
2018-08-03 02:06:02 EXEC SPC_w001_LST1 '','','','','10','1';
2018-08-03 02:06:31 EXEC SPC_COM_PERMISSION '1','w001';
2018-08-03 02:06:31 EXEC SPC_COM_MENU '1';
2018-08-03 02:06:31 EXEC SPC_COM_M999_INQ1 '7';
2018-08-03 02:06:33 EXEC SPC_COM_MENU '1';
2018-08-03 02:06:33 EXEC SPC_w001_LST1 '','','','','10','1';
2018-08-03 02:07:02 EXEC SPC_COM_PERMISSION '1','w001';
2018-08-03 02:07:02 EXEC SPC_COM_MENU '1';
2018-08-03 02:07:02 EXEC SPC_COM_M999_INQ1 '7';
2018-08-03 02:07:03 EXEC SPC_COM_MENU '1';
2018-08-03 02:07:03 EXEC SPC_w001_LST1 '','','','','10','1';
2018-08-03 02:20:08 EXEC SPC_COM_PERMISSION '1','w001';
2018-08-03 02:20:08 EXEC SPC_COM_MENU '1';
2018-08-03 02:20:08 EXEC SPC_COM_M999_INQ1 '7';
2018-08-03 02:20:12 EXEC SPC_COM_MENU '1';
2018-08-03 02:20:12 EXEC SPC_w001_LST1 '','','','','10','1';
2018-08-03 02:20:41 EXEC SPC_COM_PERMISSION '1','w001';
2018-08-03 02:20:41 EXEC SPC_COM_MENU '1';
2018-08-03 02:20:41 EXEC SPC_COM_M999_INQ1 '7';
2018-08-03 02:20:43 EXEC SPC_COM_MENU '1';
2018-08-03 02:20:43 EXEC SPC_w001_LST1 '','','','','10','1';
2018-08-03 02:20:47 EXEC SPC_COM_MENU '1';
2018-08-03 02:20:47 EXEC SPC_w001_LST1 '','','','','10','2';
2018-08-03 02:20:49 EXEC SPC_COM_MENU '1';
2018-08-03 02:20:49 EXEC SPC_w001_LST1 '','','','','10','1';
2018-08-03 02:20:51 EXEC SPC_COM_MENU '1';
2018-08-03 02:20:51 EXEC SPC_w001_LST1 '','','','','10','2';
2018-08-03 02:20:56 EXEC SPC_COM_MENU '1';
2018-08-03 02:20:56 EXEC SPC_w001_LST1 '','','','','10','1';
2018-08-03 02:20:57 EXEC SPC_COM_MENU '1';
2018-08-03 02:20:57 EXEC SPC_w001_LST1 '','','','','10','2';
2018-08-03 02:24:23 EXEC SPC_COM_PERMISSION '1','w001';
2018-08-03 02:24:23 EXEC SPC_COM_MENU '1';
2018-08-03 02:24:23 EXEC SPC_COM_M999_INQ1 '7';
2018-08-03 02:25:37 EXEC SPC_COM_PERMISSION '1','w001';
2018-08-03 02:25:37 EXEC SPC_COM_MENU '1';
2018-08-03 02:25:37 EXEC SPC_COM_M999_INQ1 '7';
2018-08-03 02:28:29 EXEC SPC_COM_PERMISSION '1','g005';
2018-08-03 02:28:29 EXEC SPC_COM_MENU '1';
2018-08-03 02:28:29 EXEC SPC_COM_M999_INQ1 '7';
2018-08-03 02:28:31 EXEC SPC_COM_MENU '1';
2018-08-03 02:28:31 EXEC SPC_G005_LST1 '','','','10','1';
2018-08-03 02:36:25 EXEC SPC_COM_MENU '1';
2018-08-03 02:36:25 EXEC SPC_COMMON_CATALORUE '1';
2018-08-03 02:36:26 EXEC SPC_COM_MENU '1';
2018-08-03 02:36:26 EXEC SPC_COMMON_GROUP 'CAT-12';
2018-08-03 02:36:27 EXEC SPC_COM_MENU '1';
2018-08-03 02:36:27 EXEC SPC_COMMON_CATALORUE '3';
2018-08-03 02:36:27 EXEC SPC_COM_MENU '1';
2018-08-03 02:36:28 EXEC SPC_COMMON_GROUP 'CAT-8';
2018-08-03 02:36:29 EXEC SPC_COM_MENU '1';
2018-08-03 02:36:29 EXEC SPC_COMMON_CATALORUE '7';
2018-08-03 02:36:29 EXEC SPC_COM_MENU '1';
2018-08-03 02:36:29 EXEC SPC_COMMON_GROUP 'CAT-1025';
2018-08-03 02:36:31 EXEC SPC_COM_MENU '1';
2018-08-03 02:36:31 EXEC SPC_COMMON_CATALORUE '1';
2018-08-03 02:36:31 EXEC SPC_COM_MENU '1';
2018-08-03 02:36:31 EXEC SPC_COMMON_GROUP 'CAT-12';
2018-08-03 02:36:34 EXEC SPC_COM_MENU '1';
2018-08-03 02:36:34 EXEC SPC_COMMON_CATALORUE '1';
2018-08-03 02:36:34 EXEC SPC_COM_MENU '1';
2018-08-03 02:36:35 EXEC SPC_COMMON_GROUP 'CAT-12';
2018-08-03 02:48:01 EXEC SPC_COM_PERMISSION '1','g006';
2018-08-03 02:48:02 EXEC SPC_COM_MENU '1';
2018-08-03 02:48:02 EXEC SPC_COM_M999_INQ1 '7';
2018-08-03 02:48:13 EXEC SPC_COM_PERMISSION '1','g005';
2018-08-03 02:48:13 EXEC SPC_COM_MENU '1';
2018-08-03 02:48:13 EXEC SPC_COM_M999_INQ1 '7';
2018-08-03 02:48:15 EXEC SPC_COM_MENU '1';
2018-08-03 02:48:15 EXEC SPC_G005_LST1 '','','','10','1';
2018-08-03 02:48:17 EXEC SPC_COM_MENU '1';
2018-08-03 02:48:17 EXEC SPC_COMMON_CATALORUE '3';
2018-08-03 02:48:17 EXEC SPC_COM_MENU '1';
2018-08-03 02:48:18 EXEC SPC_COMMON_GROUP 'CAT-8';
2018-08-03 02:48:18 EXEC SPC_COM_MENU '1';
2018-08-03 02:48:18 EXEC SPC_COMMON_CATALORUE '1';
2018-08-03 02:48:18 EXEC SPC_COM_MENU '1';
2018-08-03 02:48:18 EXEC SPC_COMMON_GROUP 'CAT-12';
2018-08-03 02:48:19 EXEC SPC_COM_MENU '1';
2018-08-03 02:48:19 EXEC SPC_COMMON_CATALORUE '4';
2018-08-03 02:48:20 EXEC SPC_COM_MENU '1';
2018-08-03 02:48:20 EXEC SPC_COMMON_GROUP 'CAT-6';
2018-08-03 02:48:21 EXEC SPC_COM_MENU '1';
2018-08-03 02:48:21 EXEC SPC_COMMON_CATALORUE '3';
2018-08-03 02:48:21 EXEC SPC_COM_MENU '1';
2018-08-03 02:48:21 EXEC SPC_COMMON_GROUP 'CAT-8';
2018-08-03 02:48:26 EXEC SPC_COM_MENU '1';
2018-08-03 02:48:26 EXEC SPC_COMMON_CATALORUE '7';
2018-08-03 02:48:26 EXEC SPC_COM_MENU '1';
2018-08-03 02:48:26 EXEC SPC_COMMON_GROUP 'CAT-1025';
2018-08-03 02:48:28 EXEC SPC_COM_MENU '1';
2018-08-03 02:48:28 EXEC SPC_COMMON_CATALORUE '1';
2018-08-03 02:48:28 EXEC SPC_COM_MENU '1';
2018-08-03 02:48:28 EXEC SPC_COMMON_GROUP 'CAT-12';
2018-08-03 02:54:02 EXEC SPC_COM_PERMISSION '1','w002';
2018-08-03 02:54:02 EXEC SPC_COM_MENU '1';
2018-08-03 02:54:02 EXEC SPC_W002_FND1
2018-08-03 02:55:15 EXEC SPC_COM_MENU '1';
2018-08-03 02:55:16 EXEC SPC_W002_LST1 'POST-';
2018-08-03 02:55:18 EXEC SPC_COM_PERMISSION '1','w001';
2018-08-03 02:55:18 EXEC SPC_COM_MENU '1';
2018-08-03 02:55:18 EXEC SPC_COM_M999_INQ1 '7';
2018-08-03 02:55:58 EXEC SPC_COM_MENU '1';
2018-08-03 02:55:58 EXEC SPC_w001_LST1 '','','','','10','1';
2018-08-03 02:55:59 EXEC SPC_COM_MENU '1';
2018-08-03 02:55:59 EXEC SPC_COM_M999_INQ1 '8';
2018-08-03 02:55:59 EXEC SPC_COM_MENU '1';
2018-08-03 02:55:59 EXEC SPC_p004_LST1 'POST-8';
2018-08-03 02:56:01 EXEC SPC_COM_PERMISSION '1','w002';
2018-08-03 02:56:01 EXEC SPC_COM_MENU '1';
2018-08-03 02:56:01 EXEC SPC_W002_FND1
2018-08-03 02:56:02 EXEC SPC_COM_MENU '1';
2018-08-03 02:56:02 EXEC SPC_W002_LST1 'POST-8';
2018-08-03 02:56:02 EXEC SPC_COM_MENU '1';
2018-08-03 02:56:02 EXEC SPC_COMMON_CATALORUE '1';
2018-08-03 02:56:03 EXEC SPC_COM_MENU '1';
2018-08-03 02:56:03 EXEC SPC_COMMON_GROUP 'CAT-12';
2018-08-03 02:56:13 EXEC SPC_COM_PERMISSION '1','w001';
2018-08-03 02:56:13 EXEC SPC_COM_MENU '1';
2018-08-03 02:56:13 EXEC SPC_COM_M999_INQ1 '7';
2018-08-03 02:56:48 EXEC SPC_COM_MENU '1';
2018-08-03 02:56:48 EXEC SPC_COMMON_CATALORUE '1';
2018-08-03 02:56:48 EXEC SPC_COM_MENU '1';
2018-08-03 02:56:48 EXEC SPC_COMMON_GROUP 'CAT-12';
2018-08-03 02:56:50 EXEC SPC_COM_MENU '1';
2018-08-03 02:56:50 EXEC SPC_COMMON_CATALORUE '3';
2018-08-03 02:56:50 EXEC SPC_COM_MENU '1';
2018-08-03 02:56:50 EXEC SPC_COMMON_GROUP 'CAT-8';
2018-08-03 02:56:52 EXEC SPC_COM_MENU '1';
2018-08-03 02:56:52 EXEC SPC_COM_MENU '1';
2018-08-03 02:56:52 EXEC SPC_COMMON_GROUP 'CAT-8';
2018-08-03 02:56:52 EXEC SPC_COMMON_CATALORUE '3';
2018-08-03 02:56:54 EXEC SPC_COM_MENU '1';
2018-08-03 02:56:54 EXEC SPC_COMMON_CATALORUE '1';
2018-08-03 02:56:54 EXEC SPC_COM_MENU '1';
2018-08-03 02:56:54 EXEC SPC_COMMON_GROUP 'CAT-12';
2018-08-03 02:56:56 EXEC SPC_COM_MENU '1';
2018-08-03 02:56:56 EXEC SPC_COMMON_CATALORUE '7';
2018-08-03 02:56:57 EXEC SPC_COM_MENU '1';
2018-08-03 02:56:57 EXEC SPC_COMMON_GROUP 'CAT-1025';
2018-08-03 02:56:58 EXEC SPC_COM_MENU '1';
2018-08-03 02:56:58 EXEC SPC_COMMON_CATALORUE '1';
2018-08-03 02:56:58 EXEC SPC_COM_MENU '1';
2018-08-03 02:56:58 EXEC SPC_COMMON_GROUP 'CAT-12';
2018-08-03 02:57:00 EXEC SPC_COM_MENU '1';
2018-08-03 02:57:00 EXEC SPC_COMMON_CATALORUE '3';
2018-08-03 02:57:00 EXEC SPC_COM_MENU '1';
2018-08-03 02:57:00 EXEC SPC_COMMON_GROUP 'CAT-8';
2018-08-03 02:57:02 EXEC SPC_COM_MENU '1';
2018-08-03 02:57:02 EXEC SPC_COMMON_CATALORUE '1';
2018-08-03 02:57:02 EXEC SPC_COM_MENU '1';
2018-08-03 02:57:02 EXEC SPC_COMMON_GROUP 'CAT-12';
2018-08-03 02:57:13 EXEC SPC_COM_MENU '1';
2018-08-03 02:57:13 EXEC SPC_G005_LST1 '','','','10','1';
2018-08-03 02:57:20 EXEC SPC_COM_PERMISSION '1','g006';
2018-08-03 02:57:20 EXEC SPC_COM_MENU '1';
2018-08-03 02:57:20 EXEC SPC_COM_M999_INQ1 '7';
2018-08-03 02:57:29 EXEC SPC_COM_PERMISSION '1','g005';
2018-08-03 02:57:29 EXEC SPC_COM_MENU '1';
2018-08-03 02:57:29 EXEC SPC_COM_M999_INQ1 '7';
2018-08-03 02:58:00 EXEC SPC_COM_PERMISSION '1','g006';
2018-08-03 02:58:00 EXEC SPC_COM_MENU '1';
2018-08-03 02:58:00 EXEC SPC_COM_M999_INQ1 '7';
2018-08-03 02:58:19 EXEC SPC_COM_PERMISSION '1','g005';
2018-08-03 02:58:19 EXEC SPC_COM_MENU '1';
2018-08-03 02:58:19 EXEC SPC_COM_M999_INQ1 '7';
2018-08-03 02:58:22 EXEC SPC_COM_MENU '1';
2018-08-03 02:58:22 EXEC SPC_G005_LST1 '','','','10','1';
2018-08-03 02:59:00 EXEC SPC_COM_MENU '1';
2018-08-03 02:59:00 EXEC SPC_COMMON_CATALORUE '1';
2018-08-03 02:59:00 EXEC SPC_COM_MENU '1';
2018-08-03 02:59:00 EXEC SPC_COMMON_GROUP 'CAT-12';
2018-08-03 02:59:01 EXEC SPC_COM_MENU '1';
2018-08-03 02:59:01 EXEC SPC_COM_MENU '1';
2018-08-03 02:59:01 EXEC SPC_COMMON_GROUP 'CAT-12';
2018-08-03 02:59:01 EXEC SPC_COMMON_CATALORUE '1';
2018-08-03 02:59:02 EXEC SPC_COM_MENU '1';
2018-08-03 02:59:02 EXEC SPC_COMMON_CATALORUE '4';
2018-08-03 02:59:03 EXEC SPC_COM_MENU '1';
2018-08-03 02:59:03 EXEC SPC_COMMON_GROUP 'CAT-6';
2018-08-03 03:00:08 EXEC SPC_COM_MENU '1';
2018-08-03 03:00:08 EXEC SPC_COMMON_CATALORUE '3';
2018-08-03 03:00:09 EXEC SPC_COM_MENU '1';
2018-08-03 03:00:09 EXEC SPC_COMMON_GROUP 'CAT-8';
2018-08-03 03:00:09 EXEC SPC_COM_MENU '1';
2018-08-03 03:00:09 EXEC SPC_COMMON_CATALORUE '1';
2018-08-03 03:00:10 EXEC SPC_COM_MENU '1';
2018-08-03 03:00:10 EXEC SPC_COMMON_GROUP 'CAT-12';
2018-08-03 03:00:11 EXEC SPC_COM_MENU '1';
2018-08-03 03:00:11 EXEC SPC_COMMON_CATALORUE '7';
2018-08-03 03:00:11 EXEC SPC_COM_MENU '1';
2018-08-03 03:00:11 EXEC SPC_COMMON_GROUP 'CAT-1025';
2018-08-03 03:00:21 EXEC SPC_COM_MENU '1';
2018-08-03 03:00:21 EXEC SPC_COMMON_CATALORUE '3';
2018-08-03 03:00:21 EXEC SPC_COM_MENU '1';
2018-08-03 03:00:21 EXEC SPC_COMMON_GROUP 'CAT-8';
2018-08-03 03:01:01 EXEC SPC_COM_PERMISSION '1','g006';
2018-08-03 03:01:01 EXEC SPC_COM_MENU '1';
2018-08-03 03:01:01 EXEC SPC_COM_M999_INQ1 '7';
2018-08-03 03:01:09 EXEC SPC_COM_MENU '1';
2018-08-03 03:01:09 EXEC SPC_COMMON_CATALORUE '2';
2018-08-03 03:01:11 EXEC SPC_COM_MENU '1';
2018-08-03 03:01:11 EXEC SPC_COMMON_GROUP 'CAT-7';
2018-08-03 03:01:51 EXEC SPC_COM_MENU '1';
2018-08-03 03:01:51 EXEC SPC_G006_ACT1 '2','CAT-7','tự động từ','ndq809','127.0.0.1';
2018-08-03 03:54:13 EXEC SPC_COM_MENU '1';
2018-08-03 03:54:17 EXEC SPC_COM_MENU '1';
2018-08-03 03:54:19 EXEC SPC_COM_MENU '1';
2018-08-03 03:54:25 EXEC SPC_COM_MENU '1';
2018-08-03 03:54:28 EXEC SPC_COM_MENU '1';
2018-08-03 03:54:30 EXEC SPC_COM_MENU '1';
2018-08-03 03:54:32 EXEC SPC_COM_MENU '1';
2018-08-03 03:55:55 EXEC SPC_COM_PERMISSION '1','w002';
2018-08-03 03:55:55 EXEC SPC_COM_MENU '1';
2018-08-03 03:55:55 EXEC SPC_W002_FND1
2018-08-03 03:55:57 EXEC SPC_COM_MENU '1';
2018-08-03 03:55:57 EXEC SPC_W002_LST1 'POST-';
2018-08-03 03:56:02 EXEC SPC_COM_MENU '1';
2018-08-03 03:56:02 EXEC SPC_W002_LST1 'POST-';
2018-08-03 03:56:04 EXEC SPC_COM_MENU '1';
2018-08-03 03:56:04 EXEC SPC_W002_LST1 'POST-';
2018-08-03 03:57:16 EXEC SPC_COM_PERMISSION '1','v002';
2018-08-03 03:57:16 EXEC SPC_COM_MENU '1';
2018-08-03 03:59:11 EXEC SPC_COM_PERMISSION '1','v002';
2018-08-03 03:59:11 EXEC SPC_COM_MENU '1';
2018-08-03 03:59:15 EXEC SPC_COM_PERMISSION '1','w002';
2018-08-03 03:59:15 EXEC SPC_COM_MENU '1';
2018-08-03 03:59:15 EXEC SPC_W002_FND1
2018-08-03 03:59:19 EXEC SPC_COM_MENU '1';
2018-08-03 03:59:19 EXEC SPC_W002_LST1 'POST-';
2018-08-03 04:05:53 EXEC SPC_COM_PERMISSION '1','w002';
2018-08-03 04:05:53 EXEC SPC_COM_MENU '1';
2018-08-03 04:05:53 EXEC SPC_W002_FND1
2018-08-03 04:05:57 EXEC SPC_COM_MENU '1';
2018-08-03 04:05:57 EXEC SPC_W002_LST1 'POST-';
2018-08-03 04:06:01 EXEC SPC_COM_MENU '1';
2018-08-03 04:06:01 EXEC SPC_W002_LST1 'POST-22';
2018-08-03 04:06:01 EXEC SPC_COM_MENU '1';
2018-08-03 04:06:02 EXEC SPC_COMMON_CATALORUE '7';
2018-08-03 04:06:02 EXEC SPC_COM_MENU '1';
2018-08-03 04:06:02 EXEC SPC_COMMON_GROUP 'CAT-1025';
2018-08-03 04:06:07 EXEC SPC_COM_MENU '1';
2018-08-03 04:06:07 EXEC SPC_w002_ACT1 'POST-22','7','CAT-1025','GRO-15','Sửa lại đàng hoàng xí','<blockquote>
<p>ok fine&nbsp;</p>
</blockquote>

<p><code><span class="marker">i am hero</span></code></p>

<h1>the best life in the home</h1>
','','','0','<row vocabulary_id="VOC-3" vocabulary_dtl_id="1" vocabulary_div="1" vocabulary_nm="love" spelling="lʌv" mean="Yêu" explain="a feeling of strong or constant affection for a person" /><row vocabulary_id="VOC-4" vocabulary_dtl_id="1" vocabulary_div="3" vocabulary_nm="hello" spelling="helou" mean="chào" explain="lalala demacia" /><row vocabulary_id="VOC-5" vocabulary_dtl_id="1" vocabulary_div="2" vocabulary_nm="beautifuly" spelling="&amp;#39;bju:tifl" mean="đẹp như chưa từng đc đẹp" explain="very attractive in a physical way" />','ndq809','127.0.0.1';
2018-08-03 04:06:08 EXEC SPC_COM_MENU '1';
2018-08-03 04:06:08 EXEC SPC_W002_LST1 'POST-22';
2018-08-03 04:06:09 EXEC SPC_COM_MENU '1';
2018-08-03 04:06:09 EXEC SPC_COMMON_CATALORUE '7';
2018-08-03 04:06:09 EXEC SPC_COM_MENU '1';
2018-08-03 04:06:09 EXEC SPC_COMMON_GROUP 'CAT-1025';
2018-08-03 04:07:21 EXEC SPC_COM_PERMISSION '1','w002';
2018-08-03 04:07:21 EXEC SPC_COM_MENU '1';
2018-08-03 04:07:21 EXEC SPC_W002_FND1
2018-08-03 04:07:30 EXEC SPC_COM_MENU '1';
2018-08-03 04:07:30 EXEC SPC_W002_LST1 'POST-';
2018-08-03 04:07:39 EXEC SPC_COM_PERMISSION '1','w002';
2018-08-03 04:07:39 EXEC SPC_COM_MENU '1';
2018-08-03 04:07:39 EXEC SPC_W002_FND1
2018-08-03 04:08:06 EXEC SPC_COM_MENU '1';
2018-08-03 04:08:06 EXEC SPC_W002_LST1 'POST-22';
2018-08-03 04:08:06 EXEC SPC_COM_MENU '1';
2018-08-03 04:08:06 EXEC SPC_COMMON_CATALORUE '7';
2018-08-03 04:08:07 EXEC SPC_COM_MENU '1';
2018-08-03 04:08:07 EXEC SPC_COMMON_GROUP 'CAT-1025';
2018-08-03 04:08:28 EXEC SPC_COM_MENU '1';
2018-08-03 04:08:28 EXEC SPC_w002_ACT1 'POST-22','7','CAT-1025','GRO-15','Sửa lại đàng hoàng xí','<blockquote>
<p>ok fine&nbsp;</p>
</blockquote>

<p><code><span class="marker">i am hero</span></code></p>

<h1>the best life in the home</h1>
','','','0','<row vocabulary_id="VOC-4" vocabulary_dtl_id="1" vocabulary_div="3" vocabulary_nm="hello" spelling="helou" mean="chào" explain="lalala demacia" /><row vocabulary_id="VOC-5" vocabulary_dtl_id="1" vocabulary_div="2" vocabulary_nm="beautifuly" spelling="&amp;#39;bju:tifl" mean="đẹp như chưa từng đc đẹp" explain="very attractive in a physical way" />','ndq809','127.0.0.1';
2018-08-03 04:08:30 EXEC SPC_COM_MENU '1';
2018-08-03 04:08:30 EXEC SPC_W002_LST1 'POST-22';
2018-08-03 04:08:30 EXEC SPC_COM_MENU '1';
2018-08-03 04:08:30 EXEC SPC_COMMON_CATALORUE '7';
2018-08-03 04:08:31 EXEC SPC_COM_MENU '1';
2018-08-03 04:08:31 EXEC SPC_COMMON_GROUP 'CAT-1025';
2018-08-03 04:11:34 EXEC SPC_COM_MENU '1';
2018-08-03 04:13:11 EXEC SPC_COM_PERMISSION '1','w002';
2018-08-03 04:13:11 EXEC SPC_COM_MENU '1';
2018-08-03 04:13:11 EXEC SPC_W002_FND1
2018-08-03 04:13:35 EXEC SPC_COM_MENU '1';
2018-08-03 04:13:35 EXEC SPC_W002_LST1 'POST-';
2018-08-03 04:15:17 EXEC SPC_COM_PERMISSION '1','w002';
2018-08-03 04:15:17 EXEC SPC_COM_MENU '1';
2018-08-03 04:15:17 EXEC SPC_W002_FND1
2018-08-03 04:15:29 EXEC SPC_COM_MENU '1';
2018-08-03 04:15:29 EXEC SPC_W002_LST1 'POST-';
2018-08-03 04:15:53 EXEC SPC_COM_PERMISSION '1','w002';
2018-08-03 04:15:53 EXEC SPC_COM_MENU '1';
2018-08-03 04:15:53 EXEC SPC_W002_FND1
2018-08-03 04:15:57 EXEC SPC_COM_MENU '1';
2018-08-03 04:15:57 EXEC SPC_W002_LST1 'POST-';
2018-08-03 04:18:31 EXEC SPC_COM_PERMISSION '1','w002';
2018-08-03 04:18:31 EXEC SPC_COM_MENU '1';
2018-08-03 04:18:31 EXEC SPC_W002_FND1
2018-08-03 04:18:45 EXEC SPC_COM_MENU '1';
2018-08-03 04:18:45 EXEC SPC_W002_LST1 'POST-';
2018-08-03 04:20:41 EXEC SPC_COM_PERMISSION '1','w002';
2018-08-03 04:20:41 EXEC SPC_COM_MENU '1';
2018-08-03 04:20:41 EXEC SPC_W002_FND1
2018-08-03 04:20:43 EXEC SPC_COM_MENU '1';
2018-08-03 04:20:43 EXEC SPC_W002_LST1 'POST-';
2018-08-03 04:20:53 EXEC SPC_COM_PERMISSION '1','w002';
2018-08-03 04:20:53 EXEC SPC_COM_MENU '1';
2018-08-03 04:20:53 EXEC SPC_W002_FND1
2018-08-03 04:20:55 EXEC SPC_COM_MENU '1';
2018-08-03 04:20:55 EXEC SPC_W002_LST1 'POST-';
2018-08-03 04:24:02 EXEC SPC_COM_PERMISSION '1','w002';
2018-08-03 04:24:02 EXEC SPC_COM_MENU '1';
2018-08-03 04:24:02 EXEC SPC_W002_FND1
2018-08-03 04:24:04 EXEC SPC_COM_MENU '1';
2018-08-03 04:24:04 EXEC SPC_W002_LST1 'POST-';
2018-08-03 04:24:39 EXEC SPC_COM_PERMISSION '1','w002';
2018-08-03 04:24:39 EXEC SPC_COM_MENU '1';
2018-08-03 04:24:39 EXEC SPC_W002_FND1
2018-08-03 04:24:41 EXEC SPC_COM_MENU '1';
2018-08-03 04:24:41 EXEC SPC_W002_LST1 'POST-';
2018-08-03 04:24:48 EXEC SPC_COM_PERMISSION '1','w002';
2018-08-03 04:24:48 EXEC SPC_COM_MENU '1';
2018-08-03 04:24:48 EXEC SPC_W002_FND1
2018-08-03 04:24:52 EXEC SPC_COM_MENU '1';
2018-08-03 04:24:52 EXEC SPC_W002_LST1 'POST-';
2018-08-03 04:25:47 EXEC SPC_COM_PERMISSION '1','w002';
2018-08-03 04:25:47 EXEC SPC_COM_MENU '1';
2018-08-03 04:25:47 EXEC SPC_W002_FND1
2018-08-03 04:25:49 EXEC SPC_COM_MENU '1';
2018-08-03 04:25:49 EXEC SPC_W002_LST1 'POST-';
2018-08-03 04:26:09 EXEC SPC_COM_PERMISSION '1','w002';
2018-08-03 04:26:09 EXEC SPC_COM_MENU '1';
2018-08-03 04:26:09 EXEC SPC_W002_FND1
2018-08-03 04:26:13 EXEC SPC_COM_MENU '1';
2018-08-03 04:26:13 EXEC SPC_W002_LST1 'POST-';
2018-08-03 04:27:11 EXEC SPC_COM_PERMISSION '1','w002';
2018-08-03 04:27:11 EXEC SPC_COM_MENU '1';
2018-08-03 04:27:11 EXEC SPC_W002_FND1
2018-08-03 04:27:15 EXEC SPC_COM_MENU '1';
2018-08-03 04:27:15 EXEC SPC_W002_LST1 'POST-';
2018-08-03 04:28:11 EXEC SPC_COM_PERMISSION '1','w002';
2018-08-03 04:28:11 EXEC SPC_COM_MENU '1';
2018-08-03 04:28:11 EXEC SPC_W002_FND1
2018-08-03 04:28:15 EXEC SPC_COM_MENU '1';
2018-08-03 04:28:15 EXEC SPC_W002_LST1 'POST-';
2018-08-03 04:29:15 EXEC SPC_COM_PERMISSION '1','w002';
2018-08-03 04:29:15 EXEC SPC_COM_MENU '1';
2018-08-03 04:29:15 EXEC SPC_W002_FND1
2018-08-03 04:29:45 EXEC SPC_COM_MENU '1';
2018-08-03 04:29:45 EXEC SPC_W002_LST1 'POST-';
2018-08-03 04:30:12 EXEC SPC_COM_PERMISSION '1','w002';
2018-08-03 04:30:12 EXEC SPC_COM_MENU '1';
2018-08-03 04:30:12 EXEC SPC_W002_FND1
2018-08-03 04:30:16 EXEC SPC_COM_MENU '1';
2018-08-03 04:30:16 EXEC SPC_W002_LST1 'POST-';
2018-08-03 04:30:30 EXEC SPC_COM_PERMISSION '1','w002';
2018-08-03 04:30:30 EXEC SPC_COM_MENU '1';
2018-08-03 04:30:30 EXEC SPC_W002_FND1
2018-08-03 04:30:34 EXEC SPC_COM_MENU '1';
2018-08-03 04:30:34 EXEC SPC_W002_LST1 'POST-22';
2018-08-03 04:30:35 EXEC SPC_COM_MENU '1';
2018-08-03 04:30:35 EXEC SPC_COMMON_CATALORUE '7';
2018-08-03 04:30:35 EXEC SPC_COM_MENU '1';
2018-08-03 04:30:35 EXEC SPC_COMMON_GROUP 'CAT-1025';
2018-08-03 04:31:32 EXEC SPC_COM_PERMISSION '1','w002';
2018-08-03 04:31:32 EXEC SPC_COM_MENU '1';
2018-08-03 04:31:32 EXEC SPC_W002_FND1
2018-08-03 04:31:35 EXEC SPC_COM_MENU '1';
2018-08-03 04:31:35 EXEC SPC_W002_LST1 'POST-';
2018-08-03 04:31:44 EXEC SPC_COM_PERMISSION '1','w002';
2018-08-03 04:31:44 EXEC SPC_COM_MENU '1';
2018-08-03 04:31:44 EXEC SPC_W002_FND1
2018-08-03 04:31:47 EXEC SPC_COM_MENU '1';
2018-08-03 04:31:47 EXEC SPC_W002_LST1 'POST-';
2018-08-03 04:31:57 EXEC SPC_COM_PERMISSION '1','w002';
2018-08-03 04:31:57 EXEC SPC_COM_MENU '1';
2018-08-03 04:31:57 EXEC SPC_W002_FND1
2018-08-03 04:31:59 EXEC SPC_COM_MENU '1';
2018-08-03 04:31:59 EXEC SPC_W002_LST1 'POST-';
2018-08-03 04:47:53 EXEC SPC_COM_MENU '1';
2018-08-03 04:47:53 EXEC SPC_W002_LST1 'POST-22';
2018-08-03 04:47:53 EXEC SPC_COM_MENU '1';
2018-08-03 04:47:53 EXEC SPC_COMMON_CATALORUE '7';
2018-08-03 04:47:54 EXEC SPC_COM_MENU '1';
2018-08-03 04:47:54 EXEC SPC_COMMON_GROUP 'CAT-1025';
2018-08-03 04:48:04 EXEC SPC_COM_MENU '1';
2018-08-03 04:49:51 EXEC SPC_COM_PERMISSION '1','w002';
2018-08-03 04:49:51 EXEC SPC_COM_MENU '1';
2018-08-03 04:49:51 EXEC SPC_W002_FND1
2018-08-03 04:49:52 EXEC SPC_COM_MENU '1';
2018-08-03 04:49:52 EXEC SPC_W002_LST1 'POST-';
2018-08-03 04:49:55 EXEC SPC_COM_MENU '1';
2018-08-03 04:49:55 EXEC SPC_W002_LST1 'POST-';
2018-08-03 04:50:10 EXEC SPC_COM_MENU '1';
2018-08-03 04:50:10 EXEC SPC_W002_LST1 'POST-22';
2018-08-03 04:50:11 EXEC SPC_COM_MENU '1';
2018-08-03 04:50:11 EXEC SPC_COMMON_CATALORUE '7';
2018-08-03 04:50:11 EXEC SPC_COM_MENU '1';
2018-08-03 04:50:11 EXEC SPC_COMMON_GROUP 'CAT-1025';
2018-08-03 04:50:18 EXEC SPC_COM_MENU '1';
2018-08-03 04:51:58 EXEC SPC_COM_PERMISSION '1','w002';
2018-08-03 04:51:58 EXEC SPC_COM_MENU '1';
2018-08-03 04:51:58 EXEC SPC_W002_FND1
2018-08-03 04:52:03 EXEC SPC_COM_MENU '1';
2018-08-03 04:52:03 EXEC SPC_W002_LST1 'POST-22';
2018-08-03 04:52:04 EXEC SPC_COM_MENU '1';
2018-08-03 04:52:04 EXEC SPC_COMMON_CATALORUE '7';
2018-08-03 04:52:04 EXEC SPC_COM_MENU '1';
2018-08-03 04:52:04 EXEC SPC_COMMON_GROUP 'CAT-1025';
2018-08-03 04:52:15 EXEC SPC_COM_MENU '1';
2018-08-03 04:53:18 EXEC SPC_COM_MENU '1';
2018-08-03 04:53:57 EXEC SPC_COM_PERMISSION '1','w002';
2018-08-03 04:53:57 EXEC SPC_COM_MENU '1';
2018-08-03 04:53:57 EXEC SPC_W002_FND1
2018-08-03 04:54:01 EXEC SPC_COM_MENU '1';
2018-08-03 04:54:01 EXEC SPC_W002_LST1 'POST-22';
2018-08-03 04:54:02 EXEC SPC_COM_MENU '1';
2018-08-03 04:54:02 EXEC SPC_COMMON_CATALORUE '7';
2018-08-03 04:54:02 EXEC SPC_COM_MENU '1';
2018-08-03 04:54:02 EXEC SPC_COMMON_GROUP 'CAT-1025';
2018-08-03 04:54:08 EXEC SPC_COM_MENU '1';
2018-08-03 04:54:20 EXEC SPC_COM_MENU '1';
2018-08-03 05:16:45 EXEC SPC_COM_PERMISSION '1','w002';
2018-08-03 05:16:45 EXEC SPC_COM_MENU '1';
2018-08-03 05:16:45 EXEC SPC_W002_FND1
2018-08-03 05:16:53 EXEC SPC_COM_MENU '1';
2018-08-03 05:16:53 EXEC SPC_W002_LST1 'POST-22';
2018-08-03 05:16:53 EXEC SPC_COM_MENU '1';
2018-08-03 05:16:53 EXEC SPC_COMMON_CATALORUE '7';
2018-08-03 05:16:54 EXEC SPC_COM_MENU '1';
2018-08-03 05:16:54 EXEC SPC_COMMON_GROUP 'CAT-1025';
2018-08-03 05:17:33 EXEC SPC_COM_PERMISSION '1','w002';
2018-08-03 05:17:33 EXEC SPC_COM_MENU '1';
2018-08-03 05:17:33 EXEC SPC_W002_FND1
2018-08-03 05:17:35 EXEC SPC_COM_MENU '1';
2018-08-03 05:17:35 EXEC SPC_W002_LST1 'POST-22';
2018-08-03 05:17:35 EXEC SPC_COM_MENU '1';
2018-08-03 05:17:35 EXEC SPC_COMMON_CATALORUE '7';
2018-08-03 05:17:35 EXEC SPC_COM_MENU '1';
2018-08-03 05:17:35 EXEC SPC_COMMON_GROUP 'CAT-1025';
2018-08-03 05:17:52 EXEC SPC_COM_MENU '1';
2018-08-03 05:17:52 EXEC SPC_w002_ACT1 'POST-22','7','CAT-1025','GRO-15','Sửa lại đàng hoàng xí','<blockquote>
<p>ok fine&nbsp;</p>
</blockquote>

<p><code><span class="marker">i am hero</span></code></p>

<h1>the best life in the home</h1>
','','','0','<row vocabulary_id="VOC-4" vocabulary_dtl_id="1" vocabulary_div="3" vocabulary_nm="hello" spelling="helou" mean="chào" explain="lalala demacia" /><row vocabulary_id="VOC-5" vocabulary_dtl_id="1" vocabulary_div="2" vocabulary_nm="beautifuly" spelling="&amp;#39;bju:tifl" mean="đẹp như chưa từng đc đẹp" explain="very attractive in a physical way" />','','ndq809','127.0.0.1';
2018-08-03 05:17:54 EXEC SPC_COM_MENU '1';
2018-08-03 05:17:54 EXEC SPC_W002_LST1 'POST-22';
2018-08-03 05:17:54 EXEC SPC_COM_MENU '1';
2018-08-03 05:17:54 EXEC SPC_COMMON_CATALORUE '7';
2018-08-03 05:17:55 EXEC SPC_COM_MENU '1';
2018-08-03 05:17:55 EXEC SPC_COMMON_GROUP 'CAT-1025';
2018-08-03 05:18:25 EXEC SPC_COM_MENU '1';
2018-08-03 05:18:25 EXEC SPC_w002_ACT1 'POST-22','7','CAT-1025','GRO-15','Sửa lại đàng hoàng xí','<blockquote>
<p>ok fine&nbsp;</p>
</blockquote>

<p><code><span class="marker">i am hero</span></code></p>

<h1>the best life in the home</h1>
','','','0','<row vocabulary_id="VOC-4" vocabulary_dtl_id="1" vocabulary_div="3" vocabulary_nm="hello" spelling="helou" mean="chào" explain="lalala demacia" /><row vocabulary_id="VOC-5" vocabulary_dtl_id="1" vocabulary_div="2" vocabulary_nm="beautifuly" spelling="&amp;#39;bju:tifl" mean="đẹp như chưa từng đc đẹp" explain="very attractive in a physical way" />','<row language1_content="lalala demacia" language2_content="tên liên minh méo biết dịch sao" />','ndq809','127.0.0.1';
2018-08-03 05:18:27 EXEC SPC_COM_MENU '1';
2018-08-03 05:18:27 EXEC SPC_W002_LST1 'POST-22';
2018-08-03 05:18:27 EXEC SPC_COM_MENU '1';
2018-08-03 05:18:27 EXEC SPC_COMMON_CATALORUE '7';
2018-08-03 05:18:27 EXEC SPC_COM_MENU '1';
2018-08-03 05:18:27 EXEC SPC_COMMON_GROUP 'CAT-1025';
2018-08-03 05:18:31 EXEC SPC_COM_PERMISSION '1','w002';
2018-08-03 05:18:31 EXEC SPC_COM_MENU '1';
2018-08-03 05:18:32 EXEC SPC_W002_FND1
2018-08-03 05:18:33 EXEC SPC_COM_MENU '1';
2018-08-03 05:18:33 EXEC SPC_W002_LST1 'POST-22';
2018-08-03 05:18:34 EXEC SPC_COM_MENU '1';
2018-08-03 05:18:34 EXEC SPC_COMMON_CATALORUE '7';
2018-08-03 05:18:34 EXEC SPC_COM_MENU '1';
2018-08-03 05:18:34 EXEC SPC_COMMON_GROUP 'CAT-1025';
2018-08-03 05:19:10 EXEC SPC_COM_MENU '1';
2018-08-03 05:19:10 EXEC SPC_w002_ACT1 'POST-22','7','CAT-1025','GRO-15','Sửa lại đàng hoàng xí','<blockquote>
<p>ok fine&nbsp;</p>
</blockquote>

<p><code><span class="marker">i am hero</span></code></p>

<h1>the best life in the home</h1>
','','','0','<row vocabulary_id="VOC-4" vocabulary_dtl_id="1" vocabulary_div="3" vocabulary_nm="hello" spelling="helou" mean="chào" explain="lalala demacia" /><row vocabulary_id="VOC-5" vocabulary_dtl_id="1" vocabulary_div="2" vocabulary_nm="beautifuly" spelling="&amp;#39;bju:tifl" mean="đẹp như chưa từng đc đẹp" explain="very attractive in a physical way" />','<row language1_content="lalala demacia" language2_content="tên liên minh méo biết dịch sao" /><row language1_content="hello i&amp;#39;m quy" language2_content="xin chào tôi là quý" />','ndq809','127.0.0.1';
2018-08-03 05:19:12 EXEC SPC_COM_MENU '1';
2018-08-03 05:19:12 EXEC SPC_W002_LST1 'POST-22';
2018-08-03 05:19:12 EXEC SPC_COM_MENU '1';
2018-08-03 05:19:12 EXEC SPC_COMMON_CATALORUE '7';
2018-08-03 05:19:12 EXEC SPC_COM_MENU '1';
2018-08-03 05:19:12 EXEC SPC_COMMON_GROUP 'CAT-1025';
2018-08-03 05:19:16 EXEC SPC_COM_PERMISSION '1','w002';
2018-08-03 05:19:16 EXEC SPC_COM_MENU '1';
2018-08-03 05:19:16 EXEC SPC_W002_FND1
2018-08-03 05:19:19 EXEC SPC_COM_MENU '1';
2018-08-03 05:19:19 EXEC SPC_W002_LST1 'POST-22';
2018-08-03 05:19:19 EXEC SPC_COM_MENU '1';
2018-08-03 05:19:19 EXEC SPC_COMMON_CATALORUE '7';
2018-08-03 05:19:20 EXEC SPC_COM_MENU '1';
2018-08-03 05:19:20 EXEC SPC_COMMON_GROUP 'CAT-1025';
2018-08-03 05:23:21 EXEC SPC_COM_PERMISSION '1','w002';
2018-08-03 05:23:21 EXEC SPC_COM_MENU '1';
2018-08-03 05:23:21 EXEC SPC_W002_FND1
2018-08-03 05:23:24 EXEC SPC_COM_MENU '1';
2018-08-03 05:23:24 EXEC SPC_W002_LST1 'POST-22';
2018-08-03 05:23:24 EXEC SPC_COM_MENU '1';
2018-08-03 05:23:24 EXEC SPC_COMMON_CATALORUE '7';
2018-08-03 05:23:25 EXEC SPC_COM_MENU '1';
2018-08-03 05:23:25 EXEC SPC_COMMON_GROUP 'CAT-1025';
2018-08-03 05:23:45 EXEC SPC_COM_PERMISSION '1','w002';
2018-08-03 05:23:45 EXEC SPC_COM_MENU '1';
2018-08-03 05:23:45 EXEC SPC_W002_FND1
2018-08-03 05:23:48 EXEC SPC_COM_MENU '1';
2018-08-03 05:23:48 EXEC SPC_W002_LST1 'POST-';
2018-08-03 05:24:03 EXEC SPC_COM_PERMISSION '1','w002';
2018-08-03 05:24:03 EXEC SPC_COM_MENU '1';
2018-08-03 05:24:03 EXEC SPC_W002_FND1
2018-08-03 05:24:05 EXEC SPC_COM_MENU '1';
2018-08-03 05:24:05 EXEC SPC_W002_LST1 'POST-22';
2018-08-03 05:24:05 EXEC SPC_COM_MENU '1';
2018-08-03 05:24:05 EXEC SPC_COMMON_CATALORUE '7';
2018-08-03 05:24:06 EXEC SPC_COM_MENU '1';
2018-08-03 05:24:06 EXEC SPC_COMMON_GROUP 'CAT-1025';
2018-08-03 05:24:30 EXEC SPC_COM_PERMISSION '1','w002';
2018-08-03 05:24:30 EXEC SPC_COM_MENU '1';
2018-08-03 05:24:30 EXEC SPC_W002_FND1
2018-08-03 05:24:32 EXEC SPC_COM_MENU '1';
2018-08-03 05:24:32 EXEC SPC_W002_LST1 'POST-22';
2018-08-03 05:24:32 EXEC SPC_COM_MENU '1';
2018-08-03 05:24:32 EXEC SPC_COMMON_CATALORUE '7';
2018-08-03 05:24:32 EXEC SPC_COM_MENU '1';
2018-08-03 05:24:33 EXEC SPC_COMMON_GROUP 'CAT-1025';
2018-08-03 05:24:59 EXEC SPC_COM_MENU '1';
2018-08-03 05:25:00 EXEC SPC_w002_ACT1 'POST-22','7','CAT-1025','GRO-15','Sửa lại đàng hoàng xí','<blockquote>
<p>ok fine&nbsp;</p>
</blockquote>

<p><code><span class="marker">i am hero</span></code></p>

<h1>the best life in the home</h1>
','/web-content/images/relax_image/image_5b63e72c0f6f4.jpg','image_5b63e72c0f6f4.jpg','2','<row vocabulary_id="VOC-4" vocabulary_dtl_id="1" vocabulary_div="3" vocabulary_nm="hello" spelling="helou" mean="chào" explain="lalala demacia" /><row vocabulary_id="VOC-5" vocabulary_dtl_id="1" vocabulary_div="2" vocabulary_nm="beautifuly" spelling="&amp;#39;bju:tifl" mean="đẹp như chưa từng đc đẹp" explain="very attractive in a physical way" />','<row language1_content="lalala demacia" language2_content="tên liên minh méo biết dịch sao" /><row language1_content="hello i&amp;#39;m quy" language2_content="xin chào tôi là quý" />','ndq809','127.0.0.1';
2018-08-03 05:25:01 EXEC SPC_COM_MENU '1';
2018-08-03 05:25:01 EXEC SPC_W002_LST1 'POST-22';
2018-08-03 05:25:02 EXEC SPC_COM_MENU '1';
2018-08-03 05:25:02 EXEC SPC_COMMON_CATALORUE '7';
2018-08-03 05:25:02 EXEC SPC_COM_MENU '1';
2018-08-03 05:25:02 EXEC SPC_COMMON_GROUP 'CAT-1025';
2018-08-03 05:25:29 EXEC SPC_COM_PERMISSION '1','w002';
2018-08-03 05:25:29 EXEC SPC_COM_MENU '1';
2018-08-03 05:25:29 EXEC SPC_W002_FND1
2018-08-03 05:25:32 EXEC SPC_COM_MENU '1';
2018-08-03 05:25:32 EXEC SPC_W002_LST1 'POST-22';
2018-08-03 05:25:32 EXEC SPC_COM_MENU '1';
2018-08-03 05:25:32 EXEC SPC_COMMON_CATALORUE '7';
2018-08-03 05:25:32 EXEC SPC_COM_MENU '1';
2018-08-03 05:25:32 EXEC SPC_COMMON_GROUP 'CAT-1025';
2018-08-03 05:26:00 EXEC SPC_COM_MENU '1';
2018-08-03 05:26:00 EXEC SPC_W002_LST1 'POST-21';
2018-08-03 05:26:00 EXEC SPC_COM_MENU '1';
2018-08-03 05:26:00 EXEC SPC_COMMON_CATALORUE '3';
2018-08-03 05:26:00 EXEC SPC_COM_MENU '1';
2018-08-03 05:26:00 EXEC SPC_COMMON_GROUP 'CAT-8';
2018-08-03 05:28:24 EXEC SPC_COM_PERMISSION '1','w002';
2018-08-03 05:28:24 EXEC SPC_COM_MENU '1';
2018-08-03 05:28:24 EXEC SPC_W002_FND1
2018-08-03 05:28:28 EXEC SPC_COM_MENU '1';
2018-08-03 05:28:28 EXEC SPC_W002_LST1 'POST-21';
2018-08-03 05:28:29 EXEC SPC_COM_MENU '1';
2018-08-03 05:28:29 EXEC SPC_COMMON_CATALORUE '3';
2018-08-03 05:28:29 EXEC SPC_COM_MENU '1';
2018-08-03 05:28:29 EXEC SPC_COMMON_GROUP 'CAT-8';
2018-08-03 05:31:03 EXEC SPC_COM_PERMISSION '1','w002';
2018-08-03 05:31:03 EXEC SPC_COM_MENU '1';
2018-08-03 05:31:03 EXEC SPC_W002_FND1
2018-08-03 05:31:07 EXEC SPC_COM_MENU '1';
2018-08-03 05:31:07 EXEC SPC_W002_LST1 'POST-21';
2018-08-03 05:31:08 EXEC SPC_COM_MENU '1';
2018-08-03 05:31:08 EXEC SPC_COMMON_CATALORUE '3';
2018-08-03 05:31:08 EXEC SPC_COM_MENU '1';
2018-08-03 05:31:08 EXEC SPC_COMMON_GROUP 'CAT-8';
2018-08-03 05:31:24 EXEC SPC_COM_PERMISSION '1','w002';
2018-08-03 05:31:24 EXEC SPC_COM_MENU '1';
2018-08-03 05:31:24 EXEC SPC_W002_FND1
2018-08-03 05:31:26 EXEC SPC_COM_MENU '1';
2018-08-03 05:31:26 EXEC SPC_W002_LST1 'POST-21';
2018-08-03 05:31:26 EXEC SPC_COM_MENU '1';
2018-08-03 05:31:26 EXEC SPC_COMMON_CATALORUE '3';
2018-08-03 05:31:27 EXEC SPC_COM_MENU '1';
2018-08-03 05:31:27 EXEC SPC_COMMON_GROUP 'CAT-8';
2018-08-03 05:32:12 EXEC SPC_COM_PERMISSION '1','w002';
2018-08-03 05:32:12 EXEC SPC_COM_MENU '1';
2018-08-03 05:32:12 EXEC SPC_W002_FND1
2018-08-03 05:32:17 EXEC SPC_COM_MENU '1';
2018-08-03 05:32:17 EXEC SPC_W002_LST1 'POST-21';
2018-08-03 05:32:17 EXEC SPC_COM_MENU '1';
2018-08-03 05:32:17 EXEC SPC_COMMON_CATALORUE '3';
2018-08-03 05:32:18 EXEC SPC_COM_MENU '1';
2018-08-03 05:32:18 EXEC SPC_COMMON_GROUP 'CAT-8';
2018-08-03 05:32:50 EXEC SPC_COM_PERMISSION '1','w002';
2018-08-03 05:32:50 EXEC SPC_COM_MENU '1';
2018-08-03 05:32:50 EXEC SPC_W002_FND1
2018-08-03 05:32:53 EXEC SPC_COM_MENU '1';
2018-08-03 05:32:53 EXEC SPC_W002_LST1 'POST-21';
2018-08-03 05:32:54 EXEC SPC_COM_MENU '1';
2018-08-03 05:32:54 EXEC SPC_COMMON_CATALORUE '3';
2018-08-03 05:32:54 EXEC SPC_COM_MENU '1';
2018-08-03 05:32:54 EXEC SPC_COMMON_GROUP 'CAT-8';
2018-08-03 05:33:08 EXEC SPC_COM_PERMISSION '1','w002';
2018-08-03 05:33:08 EXEC SPC_COM_MENU '1';
2018-08-03 05:33:08 EXEC SPC_W002_FND1
2018-08-03 05:33:10 EXEC SPC_COM_MENU '1';
2018-08-03 05:33:10 EXEC SPC_W002_LST1 'POST-21';
2018-08-03 05:33:10 EXEC SPC_COM_MENU '1';
2018-08-03 05:33:10 EXEC SPC_COMMON_CATALORUE '3';
2018-08-03 05:33:11 EXEC SPC_COM_MENU '1';
2018-08-03 05:33:11 EXEC SPC_COMMON_GROUP 'CAT-8';
2018-08-03 05:33:19 EXEC SPC_COM_PERMISSION '1','w002';
2018-08-03 05:33:19 EXEC SPC_COM_MENU '1';
2018-08-03 05:33:19 EXEC SPC_W002_FND1
2018-08-03 05:33:22 EXEC SPC_COM_MENU '1';
2018-08-03 05:33:22 EXEC SPC_W002_LST1 'POST-21';
2018-08-03 05:33:22 EXEC SPC_COM_MENU '1';
2018-08-03 05:33:22 EXEC SPC_COMMON_CATALORUE '3';
2018-08-03 05:33:23 EXEC SPC_COM_MENU '1';
2018-08-03 05:33:23 EXEC SPC_COMMON_GROUP 'CAT-8';
2018-08-03 05:34:19 EXEC SPC_COM_MENU '1';
2018-08-03 05:34:19 EXEC SPC_W002_LST1 'POST-22';
2018-08-03 05:34:19 EXEC SPC_COM_MENU '1';
2018-08-03 05:34:19 EXEC SPC_COMMON_CATALORUE '7';
2018-08-03 05:34:20 EXEC SPC_COM_MENU '1';
2018-08-03 05:34:20 EXEC SPC_COMMON_GROUP 'CAT-1025';
2018-08-03 05:39:56 EXEC SPC_COM_PERMISSION '1','w002';
2018-08-03 05:39:56 EXEC SPC_COM_MENU '1';
2018-08-03 05:39:56 EXEC SPC_W002_FND1
2018-08-03 05:39:57 EXEC SPC_COM_MENU '1';
2018-08-03 05:39:57 EXEC SPC_W002_LST1 'POST-';
2018-08-03 05:40:04 EXEC SPC_COM_MENU '1';
2018-08-03 05:40:04 EXEC SPC_W002_LST1 'POST-22';
2018-08-03 05:40:04 EXEC SPC_COM_MENU '1';
2018-08-03 05:40:04 EXEC SPC_COMMON_CATALORUE '7';
2018-08-03 05:40:05 EXEC SPC_COM_MENU '1';
2018-08-03 05:40:05 EXEC SPC_COMMON_GROUP 'CAT-1025';
2018-08-03 05:42:36 EXEC SPC_COM_PERMISSION '1','w002';
2018-08-03 05:42:36 EXEC SPC_COM_MENU '1';
2018-08-03 05:42:36 EXEC SPC_W002_FND1
2018-08-03 05:42:37 EXEC SPC_COM_MENU '1';
2018-08-03 05:42:37 EXEC SPC_W002_LST1 'POST-';
2018-08-03 05:43:48 EXEC SPC_COM_MENU '1';
2018-08-03 05:43:48 EXEC SPC_W002_LST1 'POST-';
2018-08-03 05:43:53 EXEC SPC_COM_MENU '1';
2018-08-03 05:43:53 EXEC SPC_W002_LST1 'POST-';
2018-08-03 07:34:21 EXEC SPC_COM_PERMISSION '1','g001';
2018-08-03 07:34:22 EXEC SPC_COM_MENU '1';
2018-08-03 07:34:26 EXEC SPC_COM_PERMISSION '1','w001';
2018-08-03 07:34:26 EXEC SPC_COM_MENU '1';
2018-08-03 07:34:26 EXEC SPC_COM_M999_INQ1 '7';
2018-08-03 07:34:29 EXEC SPC_COM_MENU '1';
2018-08-03 07:34:29 EXEC SPC_w001_LST1 '','','','','10','1';
2018-08-03 07:34:30 EXEC SPC_COM_MENU '1';
2018-08-03 07:34:30 EXEC SPC_COM_M999_INQ1 '8';
2018-08-03 07:34:31 EXEC SPC_COM_MENU '1';
2018-08-03 07:34:31 EXEC SPC_p004_LST1 'POST-7';
2018-08-03 07:34:35 EXEC SPC_COM_MENU '1';
2018-08-03 07:34:35 EXEC SPC_w002_ACT2 'POST-7','ndq809','127.0.0.1';
2018-08-03 07:34:36 EXEC SPC_COM_MENU '1';
2018-08-03 07:34:36 EXEC SPC_w001_LST1 '','','','','10','1';
2018-08-03 07:34:40 EXEC SPC_COM_MENU '1';
2018-08-03 07:34:40 EXEC SPC_w001_LST1 '','','','','10','2';
2018-08-03 07:34:43 EXEC SPC_COM_MENU '1';
2018-08-03 07:34:43 EXEC SPC_w001_LST1 '','','','','10','1';
2018-08-03 07:34:49 EXEC SPC_COM_MENU '1';
2018-08-03 07:34:49 EXEC SPC_COM_M999_INQ1 '8';
2018-08-03 07:34:50 EXEC SPC_COM_MENU '1';
2018-08-03 07:34:50 EXEC SPC_p004_LST1 'POST-15';
2018-08-03 07:34:53 EXEC SPC_COM_PERMISSION '1','w002';
2018-08-03 07:34:53 EXEC SPC_COM_MENU '1';
2018-08-03 07:34:53 EXEC SPC_W002_FND1
2018-08-03 07:34:53 EXEC SPC_COM_MENU '1';
2018-08-03 07:34:53 EXEC SPC_W002_LST1 'POST-15';
2018-08-03 07:34:54 EXEC SPC_COM_MENU '1';
2018-08-03 07:34:54 EXEC SPC_COMMON_CATALORUE '4';
2018-08-03 07:34:55 EXEC SPC_COM_MENU '1';
2018-08-03 07:34:55 EXEC SPC_COMMON_GROUP 'CAT-6';
2018-08-03 07:35:14 EXEC SPC_COM_MENU '1';
2018-08-03 07:35:14 EXEC SPC_w002_ACT2 'POST-15','ndq809','127.0.0.1';
2018-08-03 07:35:15 EXEC SPC_COM_MENU '1';
2018-08-03 07:35:15 EXEC SPC_W002_LST1 'POST-15';
2018-08-03 07:35:15 EXEC SPC_COM_MENU '1';
2018-08-03 07:35:15 EXEC SPC_COMMON_CATALORUE '';
2018-08-03 07:35:22 EXEC SPC_COM_MENU '1';
2018-08-03 07:35:23 EXEC SPC_W002_LST1 'POST-22';
2018-08-03 07:35:23 EXEC SPC_COM_MENU '1';
2018-08-03 07:35:23 EXEC SPC_COMMON_CATALORUE '7';
2018-08-03 07:35:23 EXEC SPC_COM_MENU '1';
2018-08-03 07:35:23 EXEC SPC_COMMON_GROUP 'CAT-1025';
2018-08-03 07:36:03 EXEC SPC_COM_MENU '1';
2018-08-03 07:36:03 EXEC SPC_w002_ACT1 'POST-22','7','CAT-1025','GRO-15','Sửa lại đàng hoàng xí','<blockquote>
<p>ok fine&nbsp;</p>
</blockquote>

<p><code><span class="marker">i am hero</span></code></p>

<h1>the best life in the home</h1>
','/web-content/images/relax_image/image_5b6405e37ba9d.jpg','image_5b6405e37ba9d.jpg','2','<row vocabulary_id="VOC-4" vocabulary_dtl_id="1" vocabulary_div="3" vocabulary_nm="hello" spelling="helou" mean="chào" explain="lalala demacia" /><row vocabulary_id="VOC-5" vocabulary_dtl_id="1" vocabulary_div="2" vocabulary_nm="beautifuly" spelling="&amp;#39;bju:tifl" mean="đẹp như chưa từng đc đẹp" explain="very attractive in a physical way" />','<row language1_content="lalala demacia" language2_content="tên liên minh méo biết dịch sao" /><row language1_content="hello i&amp;#39;m quy" language2_content="xin chào tôi là quý" />','ndq809','127.0.0.1';
2018-08-03 07:36:05 EXEC SPC_COM_MENU '1';
2018-08-03 07:36:05 EXEC SPC_W002_LST1 'POST-22';
2018-08-03 07:36:05 EXEC SPC_COM_MENU '1';
2018-08-03 07:36:05 EXEC SPC_COMMON_CATALORUE '7';
2018-08-03 07:36:05 EXEC SPC_COM_MENU '1';
2018-08-03 07:36:05 EXEC SPC_COMMON_GROUP 'CAT-1025';
2018-08-03 07:41:34 EXEC SPC_COM_MENU '1';
2018-08-03 07:41:34 EXEC SPC_COM_M999_INQ1 '8';
2018-08-03 07:41:35 EXEC SPC_COM_MENU '1';
2018-08-03 07:41:35 EXEC SPC_p003_LST1 '3','hello','chào','50';
2018-08-03 07:41:42 EXEC SPC_COM_MENU '1';
2018-08-03 07:41:42 EXEC SPC_COM_M999_INQ1 '8';
2018-08-03 07:41:42 EXEC SPC_COM_MENU '1';
2018-08-03 07:41:42 EXEC SPC_p003_LST1 '2','beautifuly','đẹp như chưa từng đc đẹp','50';
2018-08-03 07:41:52 EXEC SPC_COM_MENU '1';
2018-08-03 07:41:52 EXEC SPC_COM_M999_INQ1 '8';
2018-08-03 07:41:53 EXEC SPC_COM_MENU '1';
2018-08-03 07:41:53 EXEC SPC_p003_LST1 '2','beautifuly','đẹp như chưa từng đc đẹp','50';
2018-08-03 07:41:59 EXEC SPC_COM_MENU '1';
2018-08-03 07:41:59 EXEC SPC_COM_M999_INQ1 '8';
2018-08-03 07:41:59 EXEC SPC_COM_MENU '1';
2018-08-03 07:41:59 EXEC SPC_p003_LST1 '','','','50';
2018-08-03 07:42:09 EXEC SPC_COM_MENU '1';
2018-08-03 07:42:10 EXEC SPC_COM_M999_INQ1 '8';
2018-08-03 07:42:10 EXEC SPC_COM_MENU '1';
2018-08-03 07:42:10 EXEC SPC_p003_LST1 '2','beautifuly','đẹp như chưa từng đc đẹp','50';
2018-08-03 07:42:16 EXEC SPC_COM_MENU '1';
2018-08-03 07:42:16 EXEC SPC_COM_M999_INQ1 '8';
2018-08-03 07:42:16 EXEC SPC_COM_MENU '1';
2018-08-03 07:42:16 EXEC SPC_p003_LST1 '3','hello','chào','50';
2018-08-03 07:42:25 EXEC SPC_COM_MENU '1';
2018-08-03 07:42:25 EXEC SPC_w002_ACT1 'POST-22','7','CAT-1025','GRO-15','Sửa lại đàng hoàng xí','<blockquote>
<p>ok fine&nbsp;</p>
</blockquote>

<p><code><span class="marker">i am hero</span></code></p>

<h1>the best life in the home</h1>
','','','0','<row vocabulary_id="VOC-4" vocabulary_dtl_id="1" vocabulary_div="3" vocabulary_nm="hello" spelling="helou" mean="chào" explain="lalala demacia" /><row vocabulary_id="VOC-5" vocabulary_dtl_id="1" vocabulary_div="2" vocabulary_nm="beautifuly" spelling="&amp;#39;bju:tifl" mean="đẹp như chưa từng đc đẹp" explain="very attractive in a physical way" /><row vocabulary_id="VOC-1" vocabulary_dtl_id="1" vocabulary_div="1" vocabulary_nm="go" spelling="gou" mean="Đi" explain="go some where" />','<row language1_content="lalala demacia" language2_content="tên liên minh méo biết dịch sao" /><row language1_content="hello i&amp;#39;m quy" language2_content="xin chào tôi là quý" />','ndq809','127.0.0.1';
2018-08-03 07:42:27 EXEC SPC_COM_MENU '1';
2018-08-03 07:42:27 EXEC SPC_W002_LST1 'POST-22';
2018-08-03 07:42:27 EXEC SPC_COM_MENU '1';
2018-08-03 07:42:27 EXEC SPC_COMMON_CATALORUE '7';
2018-08-03 07:42:27 EXEC SPC_COM_MENU '1';
2018-08-03 07:42:27 EXEC SPC_COMMON_GROUP 'CAT-1025';
2018-08-03 07:42:47 EXEC SPC_COM_PERMISSION '1','v002';
2018-08-03 07:42:47 EXEC SPC_COM_MENU '1';
2018-08-03 07:47:53 EXEC SPC_COM_PERMISSION '1','v002';
2018-08-03 07:47:53 EXEC SPC_COM_MENU '1';
2018-08-03 07:47:53 EXEC SPC_COM_M999_INQ1 '7';
2018-08-03 07:48:40 EXEC SPC_COM_PERMISSION '1','v002';
2018-08-03 07:48:40 EXEC SPC_COM_MENU '1';
2018-08-03 07:48:40 EXEC SPC_COM_M999_INQ1 '7';
2018-08-03 07:49:08 EXEC SPC_COM_PERMISSION '1','v002';
2018-08-03 07:49:08 EXEC SPC_COM_MENU '1';
2018-08-03 07:49:08 EXEC SPC_COM_M999_INQ1 '7';
2018-08-03 07:55:31 EXEC SPC_COM_PERMISSION '1','g005';
2018-08-03 07:55:31 EXEC SPC_COM_MENU '1';
2018-08-03 07:55:31 EXEC SPC_COM_M999_INQ1 '7';
2018-08-03 07:55:33 EXEC SPC_COM_MENU '1';
2018-08-03 07:55:33 EXEC SPC_G005_LST1 '','','','10','1';
2018-08-03 07:55:35 EXEC SPC_COM_PERMISSION '1','w002';
2018-08-03 07:55:35 EXEC SPC_COM_MENU '1';
2018-08-03 07:55:35 EXEC SPC_W002_FND1
2018-08-03 07:55:41 EXEC SPC_COM_MENU '1';
2018-08-03 07:55:41 EXEC SPC_W002_LST1 'POST-';
2018-08-03 07:57:05 EXEC SPC_COM_PERMISSION '1','w002';
2018-08-03 07:57:05 EXEC SPC_COM_MENU '1';
2018-08-03 07:57:05 EXEC SPC_W002_FND1
2018-08-03 07:57:08 EXEC SPC_COM_MENU '1';
2018-08-03 07:57:08 EXEC SPC_W002_LST1 'POST-';
2018-08-03 07:57:24 EXEC SPC_COM_MENU '1';
2018-08-03 07:57:24 EXEC SPC_COMMON_CATALORUE '1';
2018-08-03 07:57:25 EXEC SPC_COM_MENU '1';
2018-08-03 07:57:25 EXEC SPC_COMMON_GROUP 'CAT-12';
2018-08-03 07:57:31 EXEC SPC_COM_MENU '1';
2018-08-03 07:57:31 EXEC SPC_COM_M999_INQ1 '8';
2018-08-03 07:57:32 EXEC SPC_COM_MENU '1';
2018-08-03 07:57:32 EXEC SPC_p003_LST1 '','','','50';
2018-08-03 07:58:13 EXEC SPC_COM_MENU '1';
2018-08-03 07:58:16 EXEC SPC_COM_MENU '1';
2018-08-03 07:59:05 EXEC SPC_COM_MENU '1';
2018-08-03 07:59:05 EXEC SPC_COM_M999_INQ1 '8';
2018-08-03 07:59:06 EXEC SPC_COM_MENU '1';
2018-08-03 07:59:06 EXEC SPC_p003_LST1 '2','beautiful','đẹp','50';
2018-08-03 07:59:30 EXEC SPC_COM_MENU '1';
2018-08-03 07:59:30 EXEC SPC_p003_LST1 '','','','50','1';
2018-08-03 08:02:04 EXEC SPC_COM_MENU '1';
2018-08-03 08:02:04 EXEC SPC_COM_M999_INQ1 '8';
2018-08-03 08:02:05 EXEC SPC_COM_MENU '1';
2018-08-03 08:02:05 EXEC SPC_p003_LST1 '2','beautiful','đẹp','50';
2018-08-03 08:04:28 EXEC SPC_COM_MENU '1';
2018-08-03 08:04:28 EXEC SPC_COM_M999_INQ1 '8';
2018-08-03 08:04:29 EXEC SPC_COM_MENU '1';
2018-08-03 08:04:29 EXEC SPC_p003_LST1 '2','beautiful','đẹp','50';
2018-08-03 08:05:44 EXEC SPC_COM_MENU '1';
2018-08-03 08:05:44 EXEC SPC_COM_M999_INQ1 '8';
2018-08-03 08:05:44 EXEC SPC_COM_MENU '1';
2018-08-03 08:05:44 EXEC SPC_p003_LST1 '','','','50';
2018-08-03 08:05:58 EXEC SPC_COM_MENU '1';
2018-08-03 08:05:58 EXEC SPC_W002_LST1 'POST-';
2018-08-03 08:05:58 EXEC SPC_COM_MENU '1';
2018-08-03 08:05:58 EXEC SPC_COMMON_CATALORUE '';
2018-08-03 08:09:48 EXEC SPC_COM_MENU '1';
2018-08-03 08:09:49 EXEC SPC_COMMON_CATALORUE '1';
2018-08-03 08:17:14 EXEC SPC_COM_MENU '1';
2018-08-03 08:17:14 EXEC SPC_COMMON_CATALORUE '3';
2018-08-03 08:17:25 EXEC SPC_COM_MENU '1';
2018-08-03 08:17:25 EXEC SPC_COMMON_CATALORUE '4';
2018-08-03 08:17:29 EXEC SPC_COM_MENU '1';
2018-08-03 08:17:29 EXEC SPC_COMMON_CATALORUE '6';
2018-08-03 08:17:37 EXEC SPC_COM_MENU '1';
2018-08-03 08:17:37 EXEC SPC_COMMON_CATALORUE '7';
2018-08-03 08:17:41 EXEC SPC_COM_MENU '1';
2018-08-03 08:17:41 EXEC SPC_COMMON_CATALORUE '8';
2018-08-03 08:17:43 EXEC SPC_COM_MENU '1';
2018-08-03 08:17:43 EXEC SPC_COMMON_CATALORUE '9';
2018-08-03 08:17:44 EXEC SPC_COM_MENU '1';
2018-08-03 08:17:45 EXEC SPC_COMMON_CATALORUE '10';
2018-08-03 08:17:52 EXEC SPC_COM_MENU '1';
2018-08-03 08:17:52 EXEC SPC_COMMON_CATALORUE '4';
2018-08-03 08:17:55 EXEC SPC_COM_MENU '1';
2018-08-03 08:17:55 EXEC SPC_COMMON_GROUP 'CAT-6';
2018-08-03 08:18:03 EXEC SPC_COM_MENU '1';
2018-08-03 08:18:03 EXEC SPC_COMMON_CATALORUE '7';
2018-08-03 08:22:30 EXEC SPC_COM_PERMISSION '1','w002';
2018-08-03 08:22:30 EXEC SPC_COM_MENU '1';
2018-08-03 08:22:30 EXEC SPC_W002_FND1
2018-08-03 08:22:32 EXEC SPC_COM_MENU '1';
2018-08-03 08:22:32 EXEC SPC_W002_LST1 'POST-';
2018-08-03 08:22:34 EXEC SPC_COM_MENU '1';
2018-08-03 08:22:34 EXEC SPC_COMMON_CATALORUE '1';
2018-08-03 08:22:34 EXEC SPC_COM_MENU '1';
2018-08-03 08:22:34 EXEC SPC_COMMON_GROUP '';
2018-08-03 08:22:36 EXEC SPC_COM_MENU '1';
2018-08-03 08:22:36 EXEC SPC_COMMON_GROUP 'CAT-12';
2018-08-03 08:22:39 EXEC SPC_COM_MENU '1';
2018-08-03 08:22:39 EXEC SPC_COMMON_CATALORUE '';
2018-08-03 08:22:56 EXEC SPC_COM_MENU '1';
2018-08-03 08:22:56 EXEC SPC_COMMON_CATALORUE '2';
2018-08-03 08:22:56 EXEC SPC_COM_MENU '1';
2018-08-03 08:22:56 EXEC SPC_COMMON_GROUP '';
2018-08-03 08:23:13 EXEC SPC_COM_MENU '1';
2018-08-03 08:23:13 EXEC SPC_COMMON_GROUP 'CAT-7';
2018-08-03 08:23:18 EXEC SPC_COM_MENU '1';
2018-08-03 08:23:18 EXEC SPC_COMMON_CATALORUE '';
2018-08-03 08:23:48 EXEC SPC_COM_PERMISSION '1','w002';
2018-08-03 08:23:48 EXEC SPC_COM_MENU '1';
2018-08-03 08:23:48 EXEC SPC_W002_FND1
2018-08-03 08:23:51 EXEC SPC_COM_MENU '1';
2018-08-03 08:23:51 EXEC SPC_W002_LST1 'POST-';
2018-08-03 08:23:52 EXEC SPC_COM_MENU '1';
2018-08-03 08:23:52 EXEC SPC_W002_LST1 'POST-';
2018-08-03 08:23:55 EXEC SPC_COM_MENU '1';
2018-08-03 08:23:55 EXEC SPC_COMMON_CATALORUE '1';
2018-08-03 08:23:55 EXEC SPC_COM_MENU '1';
2018-08-03 08:23:55 EXEC SPC_COMMON_GROUP '';
2018-08-03 08:24:00 EXEC SPC_COM_MENU '1';
2018-08-03 08:24:00 EXEC SPC_COMMON_GROUP 'CAT-12';
2018-08-03 08:24:18 EXEC SPC_COM_MENU '1';
2018-08-03 08:24:18 EXEC SPC_COMMON_CATALORUE '';
2018-08-03 08:24:18 EXEC SPC_COM_MENU '1';
2018-08-03 08:24:19 EXEC SPC_COMMON_GROUP '';
2018-08-03 08:24:31 EXEC SPC_COM_MENU '1';
2018-08-03 08:24:31 EXEC SPC_COMMON_CATALORUE '3';
2018-08-03 08:24:31 EXEC SPC_COM_MENU '1';
2018-08-03 08:24:31 EXEC SPC_COMMON_GROUP '';
2018-08-03 08:24:49 EXEC SPC_COM_MENU '1';
2018-08-03 08:24:49 EXEC SPC_COMMON_CATALORUE '7';
2018-08-03 08:24:50 EXEC SPC_COM_MENU '1';
2018-08-03 08:24:50 EXEC SPC_COMMON_GROUP '';
2018-08-03 08:24:58 EXEC SPC_COM_MENU '1';
2018-08-03 08:24:58 EXEC SPC_COMMON_GROUP 'CAT-1025';
2018-08-03 08:25:41 EXEC SPC_COM_PERMISSION '1','w002';
2018-08-03 08:25:41 EXEC SPC_COM_MENU '1';
2018-08-03 08:25:41 EXEC SPC_W002_FND1
2018-08-03 08:25:43 EXEC SPC_COM_MENU '1';
2018-08-03 08:25:43 EXEC SPC_W002_LST1 'POST-';
2018-08-03 08:25:45 EXEC SPC_COM_MENU '1';
2018-08-03 08:25:45 EXEC SPC_COMMON_CATALORUE '1';
2018-08-03 08:25:47 EXEC SPC_COM_MENU '1';
2018-08-03 08:25:47 EXEC SPC_COMMON_GROUP 'CAT-12';
2018-08-03 08:25:50 EXEC SPC_COM_MENU '1';
2018-08-03 08:25:50 EXEC SPC_COMMON_CATALORUE '';
2018-08-03 08:25:53 EXEC SPC_COM_MENU '1';
2018-08-03 08:25:53 EXEC SPC_COMMON_CATALORUE '3';
2018-08-03 08:25:55 EXEC SPC_COM_MENU '1';
2018-08-03 08:25:55 EXEC SPC_COMMON_GROUP 'CAT-8';
2018-08-03 08:26:00 EXEC SPC_COM_MENU '1';
2018-08-03 08:26:00 EXEC SPC_COMMON_CATALORUE '1';
2018-08-03 08:26:05 EXEC SPC_COM_MENU '1';
2018-08-03 08:26:05 EXEC SPC_COMMON_CATALORUE '3';
2018-08-03 08:26:07 EXEC SPC_COM_MENU '1';
2018-08-03 08:26:07 EXEC SPC_COMMON_GROUP 'CAT-8';
2018-08-03 08:26:13 EXEC SPC_COM_MENU '1';
2018-08-03 08:26:13 EXEC SPC_COMMON_CATALORUE '7';
2018-08-03 08:26:15 EXEC SPC_COM_MENU '1';
2018-08-03 08:26:15 EXEC SPC_COMMON_GROUP 'CAT-1025';
2018-08-03 08:26:27 EXEC SPC_COM_MENU '1';
2018-08-03 08:26:27 EXEC SPC_COMMON_CATALORUE '';
2018-08-03 08:26:34 EXEC SPC_COM_MENU '1';
2018-08-03 08:26:39 EXEC SPC_COM_PERMISSION '1','w002';
2018-08-03 08:26:39 EXEC SPC_COM_MENU '1';
2018-08-03 08:26:39 EXEC SPC_W002_FND1
2018-08-03 08:26:41 EXEC SPC_COM_MENU '1';
2018-08-03 08:26:41 EXEC SPC_W002_LST1 'POST-';
2018-08-03 08:28:04 EXEC SPC_COM_MENU '1';
2018-08-03 08:28:04 EXEC SPC_W002_LST1 'POST-';
2018-08-03 08:28:05 EXEC SPC_COM_MENU '1';
2018-08-03 08:28:05 EXEC SPC_COMMON_CATALORUE '1';
2018-08-03 08:28:37 EXEC SPC_COM_PERMISSION '1','g001';
2018-08-03 08:28:37 EXEC SPC_COM_MENU '1';
2018-08-03 08:28:44 EXEC SPC_COM_PERMISSION '1','m007';
2018-08-03 08:28:44 EXEC SPC_COM_MENU '1';
2018-08-03 08:28:44 EXEC SPC_M007_FND1
2018-08-03 08:28:48 EXEC SPC_COM_MENU '1';
2018-08-03 08:28:48 EXEC SPC_m007_LST1 '7';
2018-08-03 08:30:17 EXEC SPC_COM_PERMISSION '1','w002';
2018-08-03 08:30:17 EXEC SPC_COM_MENU '1';
2018-08-03 08:30:17 EXEC SPC_W002_FND1
2018-08-03 08:30:20 EXEC SPC_COM_MENU '1';
2018-08-03 08:30:20 EXEC SPC_W002_LST1 'POST-';
2018-08-03 08:30:22 EXEC SPC_COM_MENU '1';
2018-08-03 08:30:22 EXEC SPC_COMMON_CATALORUE '1';
2018-08-03 08:30:24 EXEC SPC_COM_MENU '1';
2018-08-03 08:30:24 EXEC SPC_COMMON_CATALORUE '3';
2018-08-03 08:30:26 EXEC SPC_COM_MENU '1';
2018-08-03 08:30:26 EXEC SPC_COMMON_CATALORUE '1';
2018-08-03 08:30:55 EXEC SPC_COM_PERMISSION '1','w002';
2018-08-03 08:30:55 EXEC SPC_COM_MENU '1';
2018-08-03 08:30:55 EXEC SPC_W002_FND1
2018-08-03 08:30:56 EXEC SPC_COM_MENU '1';
2018-08-03 08:30:56 EXEC SPC_W002_LST1 'POST-';
2018-08-03 08:30:58 EXEC SPC_COM_MENU '1';
2018-08-03 08:30:58 EXEC SPC_COMMON_CATALORUE '1';
2018-08-03 08:31:01 EXEC SPC_COM_MENU '1';
2018-08-03 08:31:01 EXEC SPC_COMMON_CATALORUE '3';
2018-08-03 08:32:10 EXEC SPC_COM_PERMISSION '1','w002';
2018-08-03 08:32:10 EXEC SPC_COM_MENU '1';
2018-08-03 08:32:10 EXEC SPC_W002_FND1
2018-08-03 08:32:13 EXEC SPC_COM_MENU '1';
2018-08-03 08:32:13 EXEC SPC_W002_LST1 'POST-';
2018-08-03 08:32:15 EXEC SPC_COM_MENU '1';
2018-08-03 08:32:15 EXEC SPC_COMMON_CATALORUE '1';
2018-08-03 08:32:17 EXEC SPC_COM_MENU '1';
2018-08-03 08:32:17 EXEC SPC_COMMON_CATALORUE '2';
2018-08-03 08:32:19 EXEC SPC_COM_MENU '1';
2018-08-03 08:32:19 EXEC SPC_COMMON_CATALORUE '4';
2018-08-03 08:32:21 EXEC SPC_COM_MENU '1';
2018-08-03 08:32:21 EXEC SPC_COMMON_CATALORUE '2';
2018-08-03 08:32:23 EXEC SPC_COM_MENU '1';
2018-08-03 08:32:23 EXEC SPC_COMMON_CATALORUE '3';
2018-08-03 08:32:48 EXEC SPC_COM_PERMISSION '1','w002';
2018-08-03 08:32:48 EXEC SPC_COM_MENU '1';
2018-08-03 08:32:48 EXEC SPC_W002_FND1
2018-08-03 08:32:50 EXEC SPC_COM_MENU '1';
2018-08-03 08:32:50 EXEC SPC_W002_LST1 'POST-';
2018-08-03 08:32:51 EXEC SPC_COM_MENU '1';
2018-08-03 08:32:51 EXEC SPC_COMMON_CATALORUE '1';
2018-08-03 08:32:53 EXEC SPC_COM_MENU '1';
2018-08-03 08:32:53 EXEC SPC_COMMON_CATALORUE '2';
2018-08-03 08:35:04 EXEC SPC_COM_PERMISSION '1','w002';
2018-08-03 08:35:05 EXEC SPC_COM_MENU '1';
2018-08-03 08:35:05 EXEC SPC_W002_FND1
2018-08-03 08:35:06 EXEC SPC_COM_MENU '1';
2018-08-03 08:35:06 EXEC SPC_W002_LST1 'POST-';
2018-08-03 08:35:08 EXEC SPC_COM_MENU '1';
2018-08-03 08:35:08 EXEC SPC_COMMON_CATALORUE '1';
2018-08-03 08:39:15 EXEC SPC_COM_PERMISSION '1','w002';
2018-08-03 08:39:15 EXEC SPC_COM_MENU '1';
2018-08-03 08:39:15 EXEC SPC_W002_FND1
2018-08-03 08:39:17 EXEC SPC_COM_MENU '1';
2018-08-03 08:39:17 EXEC SPC_W002_LST1 'POST-';
2018-08-03 08:39:19 EXEC SPC_COM_MENU '1';
2018-08-03 08:39:19 EXEC SPC_COMMON_CATALORUE '1';
2018-08-03 08:39:31 EXEC SPC_COM_PERMISSION '1','w002';
2018-08-03 08:39:31 EXEC SPC_COM_MENU '1';
2018-08-03 08:39:31 EXEC SPC_W002_FND1
2018-08-03 08:39:33 EXEC SPC_COM_MENU '1';
2018-08-03 08:39:33 EXEC SPC_W002_LST1 'POST-';
2018-08-03 08:39:35 EXEC SPC_COM_MENU '1';
2018-08-03 08:39:35 EXEC SPC_COMMON_CATALORUE '1';
2018-08-03 08:39:36 EXEC SPC_COM_MENU '1';
2018-08-03 08:39:37 EXEC SPC_COMMON_CATALORUE '2';
2018-08-03 08:39:39 EXEC SPC_COM_MENU '1';
2018-08-03 08:39:39 EXEC SPC_COMMON_CATALORUE '3';
2018-08-03 08:39:41 EXEC SPC_COM_MENU '1';
2018-08-03 08:39:41 EXEC SPC_COMMON_CATALORUE '4';
2018-08-03 08:39:43 EXEC SPC_COM_MENU '1';
2018-08-03 08:39:43 EXEC SPC_COMMON_CATALORUE '1';
2018-08-03 08:39:45 EXEC SPC_COM_MENU '1';
2018-08-03 08:39:45 EXEC SPC_COMMON_CATALORUE '3';
2018-08-03 08:39:47 EXEC SPC_COM_MENU '1';
2018-08-03 08:39:47 EXEC SPC_COMMON_CATALORUE '5';
2018-08-03 08:39:51 EXEC SPC_COM_MENU '1';
2018-08-03 08:39:51 EXEC SPC_COMMON_CATALORUE '1';
2018-08-03 08:39:53 EXEC SPC_COM_MENU '1';
2018-08-03 08:39:53 EXEC SPC_COMMON_CATALORUE '2';
2018-08-03 08:40:42 EXEC SPC_COM_PERMISSION '1','w002';
2018-08-03 08:40:42 EXEC SPC_COM_MENU '1';
2018-08-03 08:40:42 EXEC SPC_W002_FND1
2018-08-03 08:40:46 EXEC SPC_COM_MENU '1';
2018-08-03 08:40:46 EXEC SPC_W002_LST1 'POST-';
2018-08-03 08:40:50 EXEC SPC_COM_MENU '1';
2018-08-03 08:40:50 EXEC SPC_COMMON_CATALORUE '1';
2018-08-03 08:40:52 EXEC SPC_COM_MENU '1';
2018-08-03 08:40:52 EXEC SPC_COMMON_CATALORUE '2';
2018-08-03 08:40:58 EXEC SPC_COM_MENU '1';
2018-08-03 08:40:58 EXEC SPC_COMMON_CATALORUE '4';
2018-08-03 08:41:00 EXEC SPC_COM_MENU '1';
2018-08-03 08:41:00 EXEC SPC_COMMON_CATALORUE '1';
2018-08-03 08:41:33 EXEC SPC_COM_PERMISSION '1','w002';
2018-08-03 08:41:33 EXEC SPC_COM_MENU '1';
2018-08-03 08:41:33 EXEC SPC_W002_FND1
2018-08-03 08:41:40 EXEC SPC_COM_MENU '1';
2018-08-03 08:41:40 EXEC SPC_W002_LST1 'POST-22';
2018-08-03 08:41:40 EXEC SPC_COM_MENU '1';
2018-08-03 08:41:40 EXEC SPC_COMMON_CATALORUE '7';
2018-08-03 08:41:41 EXEC SPC_COM_MENU '1';
2018-08-03 08:41:41 EXEC SPC_COMMON_GROUP 'CAT-1025';
2018-08-03 08:41:45 EXEC SPC_COM_MENU '1';
2018-08-03 08:41:45 EXEC SPC_COMMON_CATALORUE '1';
2018-08-03 08:42:55 EXEC SPC_COM_PERMISSION '1','w002';
2018-08-03 08:42:55 EXEC SPC_COM_MENU '1';
2018-08-03 08:42:55 EXEC SPC_W002_FND1
2018-08-03 08:43:00 EXEC SPC_COM_MENU '1';
2018-08-03 08:43:00 EXEC SPC_W002_LST1 'POST-';
2018-08-03 08:43:04 EXEC SPC_COM_PERMISSION '1','w002';
2018-08-03 08:43:04 EXEC SPC_COM_MENU '1';
2018-08-03 08:43:04 EXEC SPC_W002_FND1
2018-08-03 08:43:07 EXEC SPC_COM_MENU '1';
2018-08-03 08:43:07 EXEC SPC_W002_LST1 'POST-';
2018-08-03 08:43:10 EXEC SPC_COM_MENU '1';
2018-08-03 08:43:10 EXEC SPC_COMMON_CATALORUE '1';
2018-08-03 08:43:13 EXEC SPC_COM_MENU '1';
2018-08-03 08:43:14 EXEC SPC_COMMON_CATALORUE '2';
2018-08-03 08:43:18 EXEC SPC_COM_MENU '1';
2018-08-03 08:43:18 EXEC SPC_COMMON_CATALORUE '3';
2018-08-03 08:43:23 EXEC SPC_COM_MENU '1';
2018-08-03 08:43:23 EXEC SPC_COMMON_CATALORUE '4';
2018-08-03 08:43:26 EXEC SPC_COM_MENU '1';
2018-08-03 08:43:26 EXEC SPC_COMMON_CATALORUE '6';
2018-08-03 08:43:28 EXEC SPC_COM_MENU '1';
2018-08-03 08:43:28 EXEC SPC_COMMON_CATALORUE '7';
2018-08-03 08:43:32 EXEC SPC_COM_MENU '1';
2018-08-03 08:43:32 EXEC SPC_COMMON_CATALORUE '1';
2018-08-03 08:46:16 EXEC SPC_COM_PERMISSION '1','w002';
2018-08-03 08:46:16 EXEC SPC_COM_MENU '1';
2018-08-03 08:46:16 EXEC SPC_W002_FND1
2018-08-03 08:46:19 EXEC SPC_COM_MENU '1';
2018-08-03 08:46:19 EXEC SPC_W002_LST1 'POST-';
2018-08-03 08:46:23 EXEC SPC_COM_MENU '1';
2018-08-03 08:46:23 EXEC SPC_W002_LST1 'POST-';
2018-08-03 08:46:25 EXEC SPC_COM_MENU '1';
2018-08-03 08:46:25 EXEC SPC_W002_LST1 'POST-';
2018-08-03 08:46:27 EXEC SPC_COM_MENU '1';
2018-08-03 08:46:27 EXEC SPC_W002_LST1 'POST-';
2018-08-03 08:46:28 EXEC SPC_COM_MENU '1';
2018-08-03 08:46:28 EXEC SPC_W002_LST1 'POST-';
2018-08-03 08:46:30 EXEC SPC_COM_MENU '1';
2018-08-03 08:46:30 EXEC SPC_W002_LST1 'POST-';
2018-08-03 08:46:38 EXEC SPC_COM_MENU '1';
2018-08-03 08:46:38 EXEC SPC_COMMON_CATALORUE '1';
2018-08-03 08:46:40 EXEC SPC_COM_MENU '1';
2018-08-03 08:46:40 EXEC SPC_COMMON_CATALORUE '2';
2018-08-03 08:47:04 EXEC SPC_COM_PERMISSION '1','w002';
2018-08-03 08:47:04 EXEC SPC_COM_MENU '1';
2018-08-03 08:47:04 EXEC SPC_W002_FND1
2018-08-03 08:47:06 EXEC SPC_COM_MENU '1';
2018-08-03 08:47:06 EXEC SPC_W002_LST1 'POST-';
2018-08-03 08:47:08 EXEC SPC_COM_MENU '1';
2018-08-03 08:47:08 EXEC SPC_COMMON_CATALORUE '2';
2018-08-03 08:47:10 EXEC SPC_COM_MENU '1';
2018-08-03 08:47:10 EXEC SPC_COMMON_CATALORUE '3';
2018-08-03 08:49:19 EXEC SPC_COM_MENU '1';
2018-08-03 08:49:19 EXEC SPC_COMMON_CATALORUE '2';
2018-08-03 08:49:31 EXEC SPC_COM_MENU '1';
2018-08-03 08:49:31 EXEC SPC_COMMON_CATALORUE '8';
2018-08-03 08:49:40 EXEC SPC_COM_MENU '1';
2018-08-03 08:49:40 EXEC SPC_COMMON_CATALORUE '3';
2018-08-03 08:49:50 EXEC SPC_COM_PERMISSION '1','w002';
2018-08-03 08:49:50 EXEC SPC_COM_MENU '1';
2018-08-03 08:49:50 EXEC SPC_W002_FND1
2018-08-03 08:49:52 EXEC SPC_COM_MENU '1';
2018-08-03 08:49:52 EXEC SPC_W002_LST1 'POST-';
2018-08-03 08:49:55 EXEC SPC_COM_MENU '1';
2018-08-03 08:49:55 EXEC SPC_COMMON_CATALORUE '2';
2018-08-03 08:49:58 EXEC SPC_COM_MENU '1';
2018-08-03 08:49:58 EXEC SPC_COMMON_CATALORUE '3';
2018-08-03 08:50:04 EXEC SPC_COM_MENU '1';
2018-08-03 08:50:04 EXEC SPC_COMMON_CATALORUE '5';
2018-08-03 08:50:07 EXEC SPC_COM_MENU '1';
2018-08-03 08:50:07 EXEC SPC_W002_LST1 'POST-22';
2018-08-03 08:50:08 EXEC SPC_COM_MENU '1';
2018-08-03 08:50:08 EXEC SPC_COMMON_CATALORUE '7';
2018-08-03 08:50:08 EXEC SPC_COM_MENU '1';
2018-08-03 08:50:08 EXEC SPC_COMMON_GROUP 'CAT-1025';
2018-08-03 08:50:18 EXEC SPC_COM_PERMISSION '1','w002';
2018-08-03 08:50:18 EXEC SPC_COM_MENU '1';
2018-08-03 08:50:18 EXEC SPC_W002_FND1
2018-08-03 08:50:28 EXEC SPC_COM_MENU '1';
2018-08-03 08:50:28 EXEC SPC_W002_LST1 'POST-';
2018-08-03 08:51:31 EXEC SPC_COM_MENU '1';
2018-08-03 08:51:31 EXEC SPC_W002_LST1 'POST-';
2018-08-03 08:51:33 EXEC SPC_COM_MENU '1';
2018-08-03 08:51:33 EXEC SPC_COMMON_CATALORUE '3';
2018-08-03 08:51:42 EXEC SPC_COM_PERMISSION '1','w002';
2018-08-03 08:51:42 EXEC SPC_COM_MENU '1';
2018-08-03 08:51:42 EXEC SPC_W002_FND1
2018-08-03 08:51:43 EXEC SPC_COM_MENU '1';
2018-08-03 08:51:43 EXEC SPC_W002_LST1 'POST-';
2018-08-03 08:51:45 EXEC SPC_COM_MENU '1';
2018-08-03 08:51:45 EXEC SPC_COMMON_CATALORUE '3';
2018-08-03 08:52:39 EXEC SPC_COM_PERMISSION '1','w002';
2018-08-03 08:52:39 EXEC SPC_COM_MENU '1';
2018-08-03 08:52:39 EXEC SPC_W002_FND1
2018-08-03 08:53:18 EXEC SPC_COM_MENU '1';
2018-08-03 08:53:18 EXEC SPC_W002_LST1 'POST-';
2018-08-03 08:53:20 EXEC SPC_COM_MENU '1';
2018-08-03 08:53:20 EXEC SPC_COMMON_CATALORUE '3';
2018-08-03 09:02:25 EXEC SPC_COM_PERMISSION '1','w002';
2018-08-03 09:02:25 EXEC SPC_COM_MENU '1';
2018-08-03 09:02:25 EXEC SPC_W002_FND1
2018-08-03 09:02:27 EXEC SPC_COM_MENU '1';
2018-08-03 09:02:27 EXEC SPC_W002_LST1 'POST-';
2018-08-03 09:02:28 EXEC SPC_COM_MENU '1';
2018-08-03 09:02:28 EXEC SPC_COMMON_CATALORUE '3';
2018-08-03 09:02:34 EXEC SPC_COM_MENU '1';
2018-08-03 09:02:34 EXEC SPC_W002_LST1 'POST-2';
2018-08-03 09:02:34 EXEC SPC_COM_MENU '1';
2018-08-03 09:02:34 EXEC SPC_COMMON_CATALORUE '';
2018-08-03 09:02:37 EXEC SPC_COM_MENU '1';
2018-08-03 09:02:37 EXEC SPC_W002_LST1 'POST-22';
2018-08-03 09:02:37 EXEC SPC_COM_MENU '1';
2018-08-03 09:02:37 EXEC SPC_COMMON_CATALORUE '7';
2018-08-03 09:02:37 EXEC SPC_COM_MENU '1';
2018-08-03 09:02:37 EXEC SPC_COMMON_GROUP 'CAT-1025';
2018-08-03 09:02:48 EXEC SPC_COM_MENU '1';
2018-08-03 09:02:48 EXEC SPC_W002_LST1 'POST-21';
2018-08-03 09:02:48 EXEC SPC_COM_MENU '1';
2018-08-03 09:02:48 EXEC SPC_COMMON_CATALORUE '3';
2018-08-03 09:02:48 EXEC SPC_COM_MENU '1';
2018-08-03 09:02:48 EXEC SPC_COMMON_GROUP 'CAT-8';
2018-08-03 09:03:16 EXEC SPC_COM_PERMISSION '1','w002';
2018-08-03 09:03:16 EXEC SPC_COM_MENU '1';
2018-08-03 09:03:16 EXEC SPC_W002_FND1
2018-08-03 09:03:18 EXEC SPC_COM_MENU '1';
2018-08-03 09:03:18 EXEC SPC_W002_LST1 'POST-';
2018-08-03 09:03:20 EXEC SPC_COM_MENU '1';
2018-08-03 09:03:20 EXEC SPC_COMMON_CATALORUE '4';
2018-08-03 09:03:22 EXEC SPC_COM_MENU '1';
2018-08-03 09:03:22 EXEC SPC_COMMON_CATALORUE '3';
2018-08-03 09:03:24 EXEC SPC_COM_MENU '1';
2018-08-03 09:03:25 EXEC SPC_W002_LST1 'POST-22';
2018-08-03 09:03:25 EXEC SPC_COM_MENU '1';
2018-08-03 09:03:25 EXEC SPC_COMMON_CATALORUE '7';
2018-08-03 09:03:25 EXEC SPC_COM_MENU '1';
2018-08-03 09:03:25 EXEC SPC_COMMON_GROUP 'CAT-1025';
2018-08-03 09:03:39 EXEC SPC_COM_PERMISSION '1','w002';
2018-08-03 09:03:39 EXEC SPC_COM_MENU '1';
2018-08-03 09:03:39 EXEC SPC_W002_FND1
2018-08-03 09:03:41 EXEC SPC_COM_MENU '1';
2018-08-03 09:03:41 EXEC SPC_W002_LST1 'POST-';
2018-08-03 09:03:48 EXEC SPC_COM_MENU '1';
2018-08-03 09:03:48 EXEC SPC_COMMON_CATALORUE '1';
2018-08-03 09:03:50 EXEC SPC_COM_MENU '1';
2018-08-03 09:03:50 EXEC SPC_COM_M999_INQ1 '8';
2018-08-03 09:03:50 EXEC SPC_COM_MENU '1';
2018-08-03 09:03:50 EXEC SPC_p003_LST1 '','','','50';
2018-08-03 09:03:54 EXEC SPC_COM_MENU '1';
2018-08-03 09:03:54 EXEC SPC_COM_M999_INQ1 '8';
2018-08-03 09:03:54 EXEC SPC_COM_MENU '1';
2018-08-03 09:03:54 EXEC SPC_p003_LST1 '','','','50';
2018-08-03 09:03:59 EXEC SPC_COM_MENU '1';
2018-08-03 09:03:59 EXEC SPC_COMMON_GROUP 'CAT-12';
2018-08-03 09:04:03 EXEC SPC_COM_MENU '1';
2018-08-03 09:04:03 EXEC SPC_w002_ACT1 '','1','CAT-12','GRO-5','','','','','0','<row vocabulary_id="VOC-1" vocabulary_dtl_id="1" vocabulary_div="1" vocabulary_nm="go" spelling="gou" mean="Đi" explain="go some where" /><row vocabulary_id="VOC-5" vocabulary_dtl_id="1" vocabulary_div="2" vocabulary_nm="beautifuly" spelling="&amp;#39;bju:tifl" mean="đẹp như chưa từng đc đẹp" explain="very attractive in a physical way" />','','ndq809','127.0.0.1';
2018-08-03 09:04:09 EXEC SPC_COM_MENU '1';
2018-08-03 09:04:09 EXEC SPC_W002_LST1 '';
2018-08-03 09:04:09 EXEC SPC_COM_MENU '1';
2018-08-03 09:04:09 EXEC SPC_COMMON_CATALORUE '';
2018-08-03 09:04:12 EXEC SPC_COM_MENU '1';
2018-08-03 09:04:12 EXEC SPC_COMMON_CATALORUE '1';
2018-08-03 09:04:13 EXEC SPC_COM_MENU '1';
2018-08-03 09:04:13 EXEC SPC_COMMON_GROUP 'CAT-12';
2018-08-03 09:04:16 EXEC SPC_COM_MENU '1';
2018-08-03 09:04:16 EXEC SPC_COM_M999_INQ1 '8';
2018-08-03 09:04:16 EXEC SPC_COM_MENU '1';
2018-08-03 09:04:16 EXEC SPC_p003_LST1 '','','','50';
2018-08-03 09:04:21 EXEC SPC_COM_MENU '1';
2018-08-03 09:04:21 EXEC SPC_COM_M999_INQ1 '8';
2018-08-03 09:04:21 EXEC SPC_COM_MENU '1';
2018-08-03 09:04:21 EXEC SPC_p003_LST1 '','','','50';
2018-08-03 09:04:26 EXEC SPC_COM_MENU '1';
2018-08-03 09:04:26 EXEC SPC_w002_ACT1 '','1','CAT-12','GRO-5','','','','','0','<row vocabulary_id="VOC-1" vocabulary_dtl_id="1" vocabulary_div="1" vocabulary_nm="go" spelling="gou" mean="Đi" explain="go some where" /><row vocabulary_id="VOC-4" vocabulary_dtl_id="1" vocabulary_div="3" vocabulary_nm="hello" spelling="helou" mean="chào" explain="lalala demacia" />','','ndq809','127.0.0.1';
2018-08-03 09:04:33 EXEC SPC_COM_MENU '1';
2018-08-03 09:04:33 EXEC SPC_W002_LST1 'POST-';
2018-08-03 09:04:33 EXEC SPC_COM_MENU '1';
2018-08-03 09:04:33 EXEC SPC_COMMON_CATALORUE '';
2018-08-03 09:04:40 EXEC SPC_COM_MENU '1';
2018-08-03 09:04:43 EXEC SPC_COM_MENU '1';
2018-08-03 09:04:43 EXEC SPC_COMMON_CATALORUE '1';
2018-08-03 09:04:44 EXEC SPC_COM_MENU '1';
2018-08-03 09:04:44 EXEC SPC_COMMON_GROUP 'CAT-12';
2018-08-03 09:04:47 EXEC SPC_COM_MENU '1';
2018-08-03 09:04:47 EXEC SPC_COM_M999_INQ1 '8';
2018-08-03 09:04:47 EXEC SPC_COM_MENU '1';
2018-08-03 09:04:47 EXEC SPC_p003_LST1 '','','','50';
2018-08-03 09:04:54 EXEC SPC_COM_MENU '1';
2018-08-03 09:04:54 EXEC SPC_w002_ACT1 '','1','CAT-12','GRO-5','','','','','0','<row vocabulary_id="VOC-2" vocabulary_dtl_id="1" vocabulary_div="2" vocabulary_nm="beautiful" spelling="&amp;#39;bju:tifl" mean="đẹp" explain="very attractive in a physical way" />','','ndq809','127.0.0.1';
2018-08-03 09:05:15 EXEC SPC_COM_MENU '1';
2018-08-03 09:05:15 EXEC SPC_W002_LST1 'POST-';
2018-08-03 09:05:15 EXEC SPC_COM_MENU '1';
2018-08-03 09:05:15 EXEC SPC_COMMON_CATALORUE '';
2018-08-03 09:05:18 EXEC SPC_COM_MENU '1';
2018-08-03 09:05:18 EXEC SPC_W002_LST1 'POST-';
2018-08-03 09:05:20 EXEC SPC_COM_MENU '1';
2018-08-03 09:05:20 EXEC SPC_COMMON_CATALORUE '2';
2018-08-03 09:05:22 EXEC SPC_COM_MENU '1';
2018-08-03 09:05:22 EXEC SPC_COMMON_CATALORUE '1';
2018-08-03 09:05:24 EXEC SPC_COM_MENU '1';
2018-08-03 09:05:24 EXEC SPC_COMMON_GROUP 'CAT-12';
2018-08-03 09:05:26 EXEC SPC_COM_MENU '1';
2018-08-03 09:05:26 EXEC SPC_COM_M999_INQ1 '8';
2018-08-03 09:05:27 EXEC SPC_COM_MENU '1';
2018-08-03 09:05:27 EXEC SPC_p003_LST1 '','','','50';
2018-08-03 09:05:33 EXEC SPC_COM_MENU '1';
2018-08-03 09:05:33 EXEC SPC_w002_ACT1 '','1','CAT-12','GRO-5','','','','','0','<row vocabulary_id="VOC-5" vocabulary_dtl_id="1" vocabulary_div="2" vocabulary_nm="beautifuly" spelling="&amp;#39;bju:tifl" mean="đẹp như chưa từng đc đẹp" explain="very attractive in a physical way" />','','ndq809','127.0.0.1';
2018-08-03 09:05:35 EXEC SPC_COM_MENU '1';
2018-08-03 09:05:35 EXEC SPC_W002_LST1 'POST-';
2018-08-03 09:05:35 EXEC SPC_COM_MENU '1';
2018-08-03 09:05:35 EXEC SPC_COMMON_CATALORUE '';
2018-08-03 09:57:40 EXEC SPC_COM_PERMISSION '1','g001';
2018-08-03 09:57:40 EXEC SPC_COM_MENU '1';
2018-08-03 09:57:44 EXEC SPC_COM_PERMISSION '1','w002';
2018-08-03 09:57:44 EXEC SPC_COM_MENU '1';
2018-08-03 09:57:44 EXEC SPC_W002_FND1
2018-08-03 09:57:46 EXEC SPC_COM_MENU '1';
2018-08-03 09:57:46 EXEC SPC_W002_LST1 'POST-';
2018-08-03 09:59:54 EXEC SPC_COM_MENU '1';
2018-08-03 09:59:54 EXEC SPC_W002_LST1 'POST-';
2018-08-03 09:59:56 EXEC SPC_COM_MENU '1';
2018-08-03 09:59:56 EXEC SPC_COMMON_CATALORUE '1';
2018-08-03 09:59:57 EXEC SPC_COM_MENU '1';
2018-08-03 09:59:57 EXEC SPC_COMMON_GROUP 'CAT-12';
2018-08-03 10:00:00 EXEC SPC_COM_MENU '1';
2018-08-03 10:00:00 EXEC SPC_COM_M999_INQ1 '8';
2018-08-03 10:00:01 EXEC SPC_COM_MENU '1';
2018-08-03 10:00:01 EXEC SPC_p003_LST1 '','','','50';
2018-08-03 10:00:05 EXEC SPC_COM_MENU '1';
2018-08-03 10:00:05 EXEC SPC_COM_M999_INQ1 '8';
2018-08-03 10:00:06 EXEC SPC_COM_MENU '1';
2018-08-03 10:00:06 EXEC SPC_p003_LST1 '','','','50';
2018-08-03 10:00:10 EXEC SPC_COM_MENU '1';
2018-08-03 10:00:10 EXEC SPC_w002_ACT1 '','1','CAT-12','GRO-5','','','','','0','<row vocabulary_id="VOC-1" vocabulary_dtl_id="1" vocabulary_div="1" vocabulary_nm="go" spelling="gou" mean="Đi" explain="go some where" /><row vocabulary_id="VOC-3" vocabulary_dtl_id="1" vocabulary_div="1" vocabulary_nm="love" spelling="lʌv" mean="Yêu" explain="a feeling of strong or constant affection for a person" />','','ndq809','127.0.0.1';
2018-08-03 10:00:12 EXEC SPC_COM_MENU '1';
2018-08-03 10:00:12 EXEC SPC_W002_LST1 'POST-23';
2018-08-03 10:00:12 EXEC SPC_COM_MENU '1';
2018-08-03 10:00:12 EXEC SPC_COMMON_CATALORUE '1';
2018-08-03 10:00:13 EXEC SPC_COM_MENU '1';
2018-08-03 10:00:13 EXEC SPC_COMMON_GROUP 'CAT-12';
2018-08-03 10:00:26 EXEC SPC_COM_MENU '1';
2018-08-03 10:00:26 EXEC SPC_COMMON_CATALORUE '2';
2018-08-03 10:00:35 EXEC SPC_COM_MENU '1';
2018-08-03 10:00:35 EXEC SPC_COMMON_CATALORUE '3';
2018-08-03 10:00:38 EXEC SPC_COM_MENU '1';
2018-08-03 10:00:38 EXEC SPC_COMMON_GROUP 'CAT-8';
2018-08-03 10:01:09 EXEC SPC_COM_MENU '1';
2018-08-03 10:01:09 EXEC SPC_w002_ACT1 'POST-23','3','CAT-8','GRO-4','aaaaaaaaaaaaaaaaa','<ul>
	<li><em>dsdfffffffffffffffffffffffffffffffffffff</em></li>
</ul>
','/web-content/audio/listeningAudio/audio_5b6427e522200.mp3','audio_5b6427e522200.mp3','1','<row vocabulary_id="VOC-1" vocabulary_dtl_id="1" vocabulary_div="1" vocabulary_nm="go" spelling="gou" mean="Đi" explain="go some where" /><row vocabulary_id="VOC-3" vocabulary_dtl_id="1" vocabulary_div="1" vocabulary_nm="love" spelling="lʌv" mean="Yêu" explain="a feeling of strong or constant affection for a person" />','<row language1_content="aaaaaaaaaaaa" language2_content="ffffffffffffffffffffffff" />','ndq809','127.0.0.1';
2018-08-03 10:01:11 EXEC SPC_COM_MENU '1';
2018-08-03 10:01:11 EXEC SPC_W002_LST1 'POST-23';
2018-08-03 10:01:11 EXEC SPC_COM_MENU '1';
2018-08-03 10:01:11 EXEC SPC_COMMON_CATALORUE '3';
2018-08-03 10:01:11 EXEC SPC_COM_MENU '1';
2018-08-03 10:01:11 EXEC SPC_COMMON_GROUP 'CAT-8';
2018-08-03 10:01:22 EXEC SPC_COM_MENU '1';
2018-08-03 10:01:22 EXEC SPC_w002_ACT2 'POST-23','ndq809','127.0.0.1';
2018-08-03 10:01:24 EXEC SPC_COM_MENU '1';
2018-08-03 10:01:24 EXEC SPC_W002_LST1 'POST-23';
2018-08-03 10:01:25 EXEC SPC_COM_MENU '1';
2018-08-03 10:01:25 EXEC SPC_COMMON_CATALORUE '';
2018-08-03 10:01:28 EXEC SPC_COM_MENU '1';
2018-08-03 10:01:28 EXEC SPC_W002_LST1 'POST-23';
