2018-07-26 00:12:28 EXEC SPC_COM_PERMISSION '1','g001';
2018-07-26 00:12:28 EXEC SPC_COM_MENU '1';
2018-07-26 00:12:46 EXEC SPC_COM_PERMISSION '1','w002';
2018-07-26 00:12:46 EXEC SPC_COM_MENU '1';
2018-07-26 00:12:46 EXEC SPC_W002_FND1
2018-07-26 00:12:49 EXEC SPC_COM_MENU '1';
2018-07-26 00:12:49 EXEC SPC_COMMON_CATALORUE '3';
2018-07-26 00:12:50 EXEC SPC_COM_MENU '1';
2018-07-26 00:12:50 EXEC SPC_COMMON_GROUP 'CAT-8';
2018-07-26 00:13:04 EXEC SPC_COM_MENU '1';
2018-07-26 00:13:17 EXEC SPC_COM_MENU '1';
2018-07-26 00:14:03 EXEC SPC_COM_PERMISSION '1','w002';
2018-07-26 00:14:03 EXEC SPC_COM_MENU '1';
2018-07-26 00:14:03 EXEC SPC_W002_FND1
2018-07-26 00:14:07 EXEC SPC_COM_MENU '1';
2018-07-26 00:14:07 EXEC SPC_COMMON_CATALORUE '1';
2018-07-26 00:14:08 EXEC SPC_COM_MENU '1';
2018-07-26 00:14:08 EXEC SPC_COMMON_GROUP 'CAT-12';
2018-07-26 00:14:15 EXEC SPC_COM_MENU '1';
2018-07-26 00:14:15 EXEC SPC_COMMON_CATALORUE '3';
2018-07-26 00:14:15 EXEC SPC_COM_MENU '1';
2018-07-26 00:14:15 EXEC SPC_COMMON_GROUP '';
2018-07-26 00:14:17 EXEC SPC_COM_MENU '1';
2018-07-26 00:14:17 EXEC SPC_COMMON_GROUP 'CAT-8';
2018-07-26 00:14:20 EXEC SPC_COM_MENU '1';
2018-07-26 00:14:27 EXEC SPC_COM_MENU '1';
2018-07-26 00:14:31 EXEC SPC_COM_PERMISSION '1','w002';
2018-07-26 00:14:31 EXEC SPC_COM_MENU '1';
2018-07-26 00:14:31 EXEC SPC_W002_FND1
2018-07-26 00:15:09 EXEC SPC_COM_PERMISSION '1','w002';
2018-07-26 00:15:09 EXEC SPC_COM_MENU '1';
2018-07-26 00:15:09 EXEC SPC_W002_FND1
2018-07-26 00:15:12 EXEC SPC_COM_MENU '1';
2018-07-26 00:15:12 EXEC SPC_COMMON_CATALORUE '3';
2018-07-26 00:15:14 EXEC SPC_COM_MENU '1';
2018-07-26 00:15:14 EXEC SPC_COMMON_GROUP 'CAT-8';
2018-07-26 00:15:20 EXEC SPC_COM_MENU '1';
2018-07-26 00:16:52 EXEC SPC_COM_PERMISSION '1','w002';
2018-07-26 00:16:52 EXEC SPC_COM_MENU '1';
2018-07-26 00:16:52 EXEC SPC_W002_FND1
2018-07-26 00:16:54 EXEC SPC_COM_MENU '1';
2018-07-26 00:16:54 EXEC SPC_COMMON_CATALORUE '3';
2018-07-26 00:16:56 EXEC SPC_COM_MENU '1';
2018-07-26 00:16:56 EXEC SPC_COMMON_GROUP 'CAT-8';
2018-07-26 00:17:01 EXEC SPC_COM_MENU '1';
2018-07-26 00:17:17 EXEC SPC_COM_PERMISSION '1','w002';
2018-07-26 00:17:17 EXEC SPC_COM_MENU '1';
2018-07-26 00:17:17 EXEC SPC_W002_FND1
2018-07-26 00:17:19 EXEC SPC_COM_MENU '1';
2018-07-26 00:17:21 EXEC SPC_COM_MENU '1';
2018-07-26 00:17:21 EXEC SPC_COMMON_CATALORUE '3';
2018-07-26 00:17:23 EXEC SPC_COM_MENU '1';
2018-07-26 00:17:23 EXEC SPC_COMMON_GROUP 'CAT-8';
2018-07-26 00:17:35 EXEC SPC_COM_MENU '1';
2018-07-26 00:17:38 EXEC SPC_COM_MENU '1';
2018-07-26 00:18:13 EXEC SPC_COM_PERMISSION '1','w002';
2018-07-26 00:18:13 EXEC SPC_COM_MENU '1';
2018-07-26 00:18:13 EXEC SPC_W002_FND1
2018-07-26 00:18:17 EXEC SPC_COM_MENU '1';
2018-07-26 00:18:17 EXEC SPC_COMMON_CATALORUE '3';
2018-07-26 00:18:19 EXEC SPC_COM_MENU '1';
2018-07-26 00:18:19 EXEC SPC_COMMON_GROUP 'CAT-8';
2018-07-26 00:18:26 EXEC SPC_COM_MENU '1';
2018-07-26 00:19:09 EXEC SPC_COM_PERMISSION '1','w002';
2018-07-26 00:19:09 EXEC SPC_COM_MENU '1';
2018-07-26 00:19:09 EXEC SPC_W002_FND1
2018-07-26 00:19:12 EXEC SPC_COM_MENU '1';
2018-07-26 00:19:12 EXEC SPC_COMMON_CATALORUE '3';
2018-07-26 00:19:13 EXEC SPC_COM_MENU '1';
2018-07-26 00:19:13 EXEC SPC_COMMON_GROUP 'CAT-8';
2018-07-26 00:19:19 EXEC SPC_COM_MENU '1';
2018-07-26 00:20:07 EXEC SPC_COM_PERMISSION '1','w002';
2018-07-26 00:20:07 EXEC SPC_COM_MENU '1';
2018-07-26 00:20:07 EXEC SPC_W002_FND1
2018-07-26 00:20:12 EXEC SPC_COM_MENU '1';
2018-07-26 00:20:12 EXEC SPC_COMMON_CATALORUE '3';
2018-07-26 00:20:13 EXEC SPC_COM_MENU '1';
2018-07-26 00:20:13 EXEC SPC_COMMON_GROUP 'CAT-8';
2018-07-26 00:20:20 EXEC SPC_COM_MENU '1';
2018-07-26 00:23:36 EXEC SPC_COM_PERMISSION '1','w002';
2018-07-26 00:23:36 EXEC SPC_COM_MENU '1';
2018-07-26 00:23:36 EXEC SPC_W002_FND1
2018-07-26 00:23:38 EXEC SPC_COM_MENU '1';
2018-07-26 00:23:38 EXEC SPC_COMMON_CATALORUE '3';
2018-07-26 00:23:39 EXEC SPC_COM_MENU '1';
2018-07-26 00:23:39 EXEC SPC_COMMON_GROUP 'CAT-8';
2018-07-26 00:23:45 EXEC SPC_COM_MENU '1';
2018-07-26 00:24:47 EXEC SPC_COM_PERMISSION '1','w002';
2018-07-26 00:24:47 EXEC SPC_COM_MENU '1';
2018-07-26 00:24:47 EXEC SPC_W002_FND1
2018-07-26 00:24:51 EXEC SPC_COM_MENU '1';
2018-07-26 00:24:51 EXEC SPC_COMMON_CATALORUE '3';
2018-07-26 00:24:52 EXEC SPC_COM_MENU '1';
2018-07-26 00:24:52 EXEC SPC_COMMON_GROUP 'CAT-8';
2018-07-26 00:25:00 EXEC SPC_COM_MENU '1';
2018-07-26 00:26:07 EXEC SPC_COM_PERMISSION '1','w002';
2018-07-26 00:26:07 EXEC SPC_COM_MENU '1';
2018-07-26 00:26:07 EXEC SPC_W002_FND1
2018-07-26 00:26:09 EXEC SPC_COM_MENU '1';
2018-07-26 00:26:09 EXEC SPC_COMMON_CATALORUE '1';
2018-07-26 00:26:11 EXEC SPC_COM_MENU '1';
2018-07-26 00:26:11 EXEC SPC_COMMON_GROUP 'CAT-12';
2018-07-26 00:26:22 EXEC SPC_COM_MENU '1';
2018-07-26 00:26:22 EXEC SPC_COMMON_CATALORUE '3';
2018-07-26 00:26:22 EXEC SPC_COM_MENU '1';
2018-07-26 00:26:22 EXEC SPC_COMMON_GROUP '';
2018-07-26 00:26:23 EXEC SPC_COM_MENU '1';
2018-07-26 00:26:23 EXEC SPC_COMMON_GROUP 'CAT-8';
2018-07-26 00:26:30 EXEC SPC_COM_MENU '1';
2018-07-26 00:29:19 EXEC SPC_COM_PERMISSION '1','w002';
2018-07-26 00:29:19 EXEC SPC_COM_MENU '1';
2018-07-26 00:29:19 EXEC SPC_W002_FND1
2018-07-26 00:37:37 EXEC SPC_COM_PERMISSION '1','w002';
2018-07-26 00:37:37 EXEC SPC_COM_MENU '1';
2018-07-26 00:37:37 EXEC SPC_W002_FND1
2018-07-26 00:37:41 EXEC SPC_COM_MENU '1';
2018-07-26 00:37:41 EXEC SPC_COMMON_CATALORUE '1';
2018-07-26 00:37:43 EXEC SPC_COM_MENU '1';
2018-07-26 00:37:43 EXEC SPC_COMMON_GROUP 'CAT-12';
2018-07-26 00:37:49 EXEC SPC_COM_MENU '1';
2018-07-26 00:37:49 EXEC SPC_w002_ACT1 '1','CAT-12','GRO-5','dsadadads','<p>dsadadas</p>
','','ndq809','127.0.0.1','';
2018-07-26 00:37:53 EXEC SPC_COM_MENU '1';
2018-07-26 00:37:53 EXEC SPC_w002_ACT1 '1','CAT-12','GRO-5','dsadadads','<p>dsadadas</p>
','','ndq809','127.0.0.1','';
2018-07-26 00:38:00 EXEC SPC_COM_MENU '1';
2018-07-26 00:38:00 EXEC SPC_w002_ACT2 '<row id="POST-55" /><row id="POST-56" />','ndq809','127.0.0.1';
2018-07-26 00:39:59 EXEC SPC_COM_PERMISSION '1','w002';
2018-07-26 00:39:59 EXEC SPC_COM_MENU '1';
2018-07-26 00:39:59 EXEC SPC_W002_FND1
2018-07-26 00:40:52 EXEC SPC_COM_PERMISSION '1','w002';
2018-07-26 00:40:52 EXEC SPC_COM_MENU '1';
2018-07-26 00:40:52 EXEC SPC_W002_FND1
2018-07-26 00:40:55 EXEC SPC_COM_PERMISSION '1','g001';
2018-07-26 00:40:55 EXEC SPC_COM_MENU '1';
2018-07-26 00:40:58 EXEC SPC_COM_MENU '1';
2018-07-26 00:41:02 EXEC SPC_COM_MENU '1';
2018-07-26 00:41:03 EXEC SPC_COM_MENU '1';
2018-07-26 00:41:05 EXEC SPC_COM_MENU '1';
2018-07-26 00:42:07 EXEC SPC_COM_PERMISSION '1','w002';
2018-07-26 00:42:07 EXEC SPC_COM_MENU '1';
2018-07-26 00:42:07 EXEC SPC_W002_FND1
2018-07-26 00:44:58 EXEC SPC_COM_MENU '1';
2018-07-26 00:44:58 EXEC SPC_COMMON_CATALORUE '3';
2018-07-26 00:45:48 EXEC SPC_COM_MENU '1';
2018-07-26 00:45:48 EXEC SPC_COM_M999_INQ1 '8';
2018-07-26 00:45:48 EXEC SPC_COM_MENU '1';
2018-07-26 00:45:48 EXEC SPC_p003_LST1 '','','','50';
2018-07-26 00:46:03 EXEC SPC_COM_MENU '1';
2018-07-26 00:46:10 EXEC SPC_COM_PERMISSION '1','w002';
2018-07-26 00:46:10 EXEC SPC_COM_MENU '1';
2018-07-26 00:46:10 EXEC SPC_W002_FND1
2018-07-26 00:47:41 EXEC SPC_COM_MENU '1';
2018-07-26 00:47:41 EXEC SPC_COM_M999_INQ1 '8';
2018-07-26 00:47:42 EXEC SPC_COM_MENU '1';
2018-07-26 00:47:42 EXEC SPC_p003_LST1 '','','','50';
2018-07-26 00:48:18 EXEC SPC_COM_MENU '1';
2018-07-26 00:48:18 EXEC SPC_COM_M999_INQ1 '8';
2018-07-26 00:48:19 EXEC SPC_COM_MENU '1';
2018-07-26 00:48:19 EXEC SPC_p003_LST1 '1','','','50';
2018-07-26 00:51:14 EXEC SPC_COM_PERMISSION '1','w002';
2018-07-26 00:51:14 EXEC SPC_COM_MENU '1';
2018-07-26 00:51:14 EXEC SPC_W002_FND1
2018-07-26 00:51:32 EXEC SPC_COM_PERMISSION '1','w002';
2018-07-26 00:51:32 EXEC SPC_COM_MENU '1';
2018-07-26 00:51:32 EXEC SPC_W002_FND1
2018-07-26 00:51:56 EXEC SPC_COM_MENU '1';
2018-07-26 00:52:00 EXEC SPC_COM_MENU '1';
2018-07-26 00:52:49 EXEC SPC_COM_PERMISSION '1','w002';
2018-07-26 00:52:49 EXEC SPC_COM_MENU '1';
2018-07-26 00:52:49 EXEC SPC_W002_FND1
2018-07-26 00:53:03 EXEC SPC_COM_PERMISSION '1','w002';
2018-07-26 00:53:03 EXEC SPC_COM_MENU '1';
2018-07-26 00:53:03 EXEC SPC_W002_FND1
2018-07-26 00:54:14 EXEC SPC_COM_PERMISSION '1','w002';
2018-07-26 00:54:14 EXEC SPC_COM_MENU '1';
2018-07-26 00:54:14 EXEC SPC_W002_FND1
2018-07-26 00:58:08 EXEC SPC_COM_PERMISSION '1','w002';
2018-07-26 00:58:08 EXEC SPC_COM_MENU '1';
2018-07-26 00:58:08 EXEC SPC_W002_FND1
2018-07-26 00:58:49 EXEC SPC_COM_PERMISSION '1','w002';
2018-07-26 00:58:49 EXEC SPC_COM_MENU '1';
2018-07-26 00:58:49 EXEC SPC_W002_FND1
2018-07-26 00:59:03 EXEC SPC_COM_PERMISSION '1','w002';
2018-07-26 00:59:03 EXEC SPC_COM_MENU '1';
2018-07-26 00:59:03 EXEC SPC_W002_FND1
2018-07-26 01:01:46 EXEC SPC_COM_PERMISSION '1','w002';
2018-07-26 01:01:46 EXEC SPC_COM_MENU '1';
2018-07-26 01:01:46 EXEC SPC_W002_FND1
2018-07-26 01:02:35 EXEC SPC_COM_PERMISSION '1','w002';
2018-07-26 01:02:35 EXEC SPC_COM_MENU '1';
2018-07-26 01:02:35 EXEC SPC_W002_FND1
2018-07-26 01:03:19 EXEC SPC_COM_PERMISSION '1','w002';
2018-07-26 01:03:19 EXEC SPC_COM_MENU '1';
2018-07-26 01:03:19 EXEC SPC_W002_FND1
2018-07-26 01:04:10 EXEC SPC_COM_PERMISSION '1','w002';
2018-07-26 01:04:10 EXEC SPC_COM_MENU '1';
2018-07-26 01:04:10 EXEC SPC_W002_FND1
2018-07-26 01:04:35 EXEC SPC_COM_PERMISSION '1','w002';
2018-07-26 01:04:35 EXEC SPC_COM_MENU '1';
2018-07-26 01:04:35 EXEC SPC_W002_FND1
2018-07-26 01:05:37 EXEC SPC_COM_PERMISSION '1','w002';
2018-07-26 01:05:37 EXEC SPC_COM_MENU '1';
2018-07-26 01:05:37 EXEC SPC_W002_FND1
2018-07-26 01:07:50 EXEC SPC_COM_PERMISSION '1','w002';
2018-07-26 01:07:50 EXEC SPC_COM_MENU '1';
2018-07-26 01:07:50 EXEC SPC_W002_FND1
2018-07-26 01:08:13 EXEC SPC_COM_PERMISSION '1','v001';
2018-07-26 01:08:13 EXEC SPC_COM_MENU '1';
2018-07-26 01:11:11 EXEC SPC_COM_PERMISSION '1','w002';
2018-07-26 01:11:11 EXEC SPC_COM_MENU '1';
2018-07-26 01:11:11 EXEC SPC_W002_FND1
2018-07-26 01:11:41 EXEC SPC_COM_PERMISSION '1','w002';
2018-07-26 01:11:41 EXEC SPC_COM_MENU '1';
2018-07-26 01:11:41 EXEC SPC_W002_FND1
2018-07-26 01:13:50 EXEC SPC_COM_PERMISSION '1','w002';
2018-07-26 01:13:50 EXEC SPC_COM_MENU '1';
2018-07-26 01:13:50 EXEC SPC_W002_FND1
2018-07-26 01:14:14 EXEC SPC_COM_PERMISSION '1','w002';
2018-07-26 01:14:14 EXEC SPC_COM_MENU '1';
2018-07-26 01:14:14 EXEC SPC_W002_FND1
2018-07-26 01:16:37 EXEC SPC_COM_PERMISSION '1','w002';
2018-07-26 01:16:37 EXEC SPC_COM_MENU '1';
2018-07-26 01:16:37 EXEC SPC_W002_FND1
2018-07-26 01:19:05 EXEC SPC_COM_PERMISSION '1','w002';
2018-07-26 01:19:05 EXEC SPC_COM_MENU '1';
2018-07-26 01:19:05 EXEC SPC_W002_FND1
2018-07-26 01:19:27 EXEC SPC_COM_PERMISSION '1','w002';
2018-07-26 01:19:27 EXEC SPC_COM_MENU '1';
2018-07-26 01:19:28 EXEC SPC_W002_FND1
2018-07-26 01:19:58 EXEC SPC_COM_PERMISSION '1','w002';
2018-07-26 01:19:58 EXEC SPC_COM_MENU '1';
2018-07-26 01:19:58 EXEC SPC_W002_FND1
2018-07-26 01:20:19 EXEC SPC_COM_PERMISSION '1','w002';
2018-07-26 01:20:19 EXEC SPC_COM_MENU '1';
2018-07-26 01:20:19 EXEC SPC_W002_FND1
2018-07-26 01:25:33 EXEC SPC_COM_PERMISSION '1','w002';
2018-07-26 01:25:33 EXEC SPC_COM_MENU '1';
2018-07-26 01:25:33 EXEC SPC_W002_FND1
2018-07-26 01:26:22 EXEC SPC_COM_PERMISSION '1','w002';
2018-07-26 01:26:22 EXEC SPC_COM_MENU '1';
2018-07-26 01:26:22 EXEC SPC_W002_FND1
2018-07-26 01:26:55 EXEC SPC_COM_PERMISSION '1','w002';
2018-07-26 01:26:55 EXEC SPC_COM_MENU '1';
2018-07-26 01:26:55 EXEC SPC_W002_FND1
2018-07-26 01:27:31 EXEC SPC_COM_PERMISSION '1','w002';
2018-07-26 01:27:31 EXEC SPC_COM_MENU '1';
2018-07-26 01:27:31 EXEC SPC_W002_FND1
2018-07-26 01:29:12 EXEC SPC_COM_PERMISSION '1','w002';
2018-07-26 01:29:12 EXEC SPC_COM_MENU '1';
2018-07-26 01:29:12 EXEC SPC_W002_FND1
2018-07-26 01:32:05 EXEC SPC_COM_PERMISSION '1','w002';
2018-07-26 01:32:05 EXEC SPC_COM_MENU '1';
2018-07-26 01:32:05 EXEC SPC_W002_FND1
2018-07-26 05:31:24 EXEC SPC_COM_MENU '1';
2018-07-26 05:35:45 EXEC SPC_COM_PERMISSION '1','g001';
2018-07-26 05:35:45 EXEC SPC_COM_MENU '1';
2018-07-26 05:39:14 EXEC SPC_COM_PERMISSION '1','g001';
2018-07-26 05:39:14 EXEC SPC_COM_MENU '1';
2018-07-26 05:39:25 EXEC SPC_COM_PERMISSION '1','w002';
2018-07-26 05:39:25 EXEC SPC_COM_MENU '1';
2018-07-26 05:39:25 EXEC SPC_W002_FND1
2018-07-26 05:40:12 EXEC SPC_COM_MENU '1';
2018-07-26 05:40:12 EXEC SPC_COMMON_CATALORUE '3';
2018-07-26 05:40:22 EXEC SPC_COM_PERMISSION '1','w002';
2018-07-26 05:40:22 EXEC SPC_COM_MENU '1';
2018-07-26 05:40:22 EXEC SPC_W002_FND1
2018-07-26 05:43:38 EXEC SPC_COM_PERMISSION '1','w002';
2018-07-26 05:43:38 EXEC SPC_COM_MENU '1';
2018-07-26 05:43:38 EXEC SPC_W002_FND1
2018-07-26 05:43:44 EXEC SPC_COM_MENU '1';
2018-07-26 05:43:44 EXEC SPC_COMMON_CATALORUE '3';
2018-07-26 05:43:58 EXEC SPC_COM_MENU '1';
2018-07-26 05:43:58 EXEC SPC_COMMON_CATALORUE '7';
2018-07-26 05:44:21 EXEC SPC_COM_PERMISSION '1','w002';
2018-07-26 05:44:21 EXEC SPC_COM_MENU '1';
2018-07-26 05:44:21 EXEC SPC_W002_FND1
2018-07-26 05:44:35 EXEC SPC_COM_PERMISSION '1','w002';
2018-07-26 05:44:35 EXEC SPC_COM_MENU '1';
2018-07-26 05:44:35 EXEC SPC_W002_FND1
2018-07-26 05:44:53 EXEC SPC_COM_PERMISSION '1','w002';
2018-07-26 05:44:53 EXEC SPC_COM_MENU '1';
2018-07-26 05:44:53 EXEC SPC_W002_FND1
2018-07-26 05:50:59 EXEC SPC_COM_MENU '1';
2018-07-26 05:51:01 EXEC SPC_COM_MENU '1';
2018-07-26 05:52:44 EXEC SPC_COM_PERMISSION '1','w002';
2018-07-26 05:52:44 EXEC SPC_COM_MENU '1';
2018-07-26 05:52:44 EXEC SPC_W002_FND1
2018-07-26 05:54:12 EXEC SPC_COM_PERMISSION '1','w002';
2018-07-26 05:54:12 EXEC SPC_COM_MENU '1';
2018-07-26 05:54:12 EXEC SPC_W002_FND1
2018-07-26 06:17:16 EXEC SPC_COM_PERMISSION '1','w002';
2018-07-26 06:17:16 EXEC SPC_COM_MENU '1';
2018-07-26 06:17:16 EXEC SPC_W002_FND1
2018-07-26 06:20:04 EXEC SPC_COM_PERMISSION '1','w002';
2018-07-26 06:20:04 EXEC SPC_COM_MENU '1';
2018-07-26 06:20:04 EXEC SPC_W002_FND1
2018-07-26 06:24:07 EXEC SPC_COM_PERMISSION '1','w002';
2018-07-26 06:24:07 EXEC SPC_COM_MENU '1';
2018-07-26 06:24:07 EXEC SPC_W002_FND1
2018-07-26 06:30:59 EXEC SPC_COM_PERMISSION '1','w002';
2018-07-26 06:30:59 EXEC SPC_COM_MENU '1';
2018-07-26 06:30:59 EXEC SPC_W002_FND1
2018-07-26 06:31:59 EXEC SPC_COM_PERMISSION '1','w002';
2018-07-26 06:31:59 EXEC SPC_COM_MENU '1';
2018-07-26 06:31:59 EXEC SPC_W002_FND1
2018-07-26 06:32:51 EXEC SPC_COM_PERMISSION '1','w002';
2018-07-26 06:32:51 EXEC SPC_COM_MENU '1';
2018-07-26 06:32:51 EXEC SPC_W002_FND1
2018-07-26 06:45:41 EXEC SPC_COM_PERMISSION '1','w002';
2018-07-26 06:45:41 EXEC SPC_COM_MENU '1';
2018-07-26 06:45:41 EXEC SPC_W002_FND1
2018-07-26 06:46:26 EXEC SPC_COM_PERMISSION '1','w002';
2018-07-26 06:46:26 EXEC SPC_COM_MENU '1';
2018-07-26 06:46:26 EXEC SPC_W002_FND1
2018-07-26 07:01:43 EXEC SPC_COM_PERMISSION '1','w002';
2018-07-26 07:01:43 EXEC SPC_COM_MENU '1';
2018-07-26 07:01:43 EXEC SPC_W002_FND1
2018-07-26 07:01:48 EXEC SPC_COM_MENU '1';
2018-07-26 07:01:48 EXEC SPC_COMMON_CATALORUE '7';
2018-07-26 07:02:04 EXEC SPC_COM_PERMISSION '1','w002';
2018-07-26 07:02:04 EXEC SPC_COM_MENU '1';
2018-07-26 07:02:04 EXEC SPC_W002_FND1
2018-07-26 07:02:07 EXEC SPC_COM_MENU '1';
2018-07-26 07:02:07 EXEC SPC_COMMON_CATALORUE '7';
2018-07-26 07:02:52 EXEC SPC_COM_PERMISSION '1','w002';
2018-07-26 07:02:52 EXEC SPC_COM_MENU '1';
2018-07-26 07:02:52 EXEC SPC_W002_FND1
2018-07-26 07:02:55 EXEC SPC_COM_MENU '1';
2018-07-26 07:02:55 EXEC SPC_COMMON_CATALORUE '7';
2018-07-26 07:03:20 EXEC SPC_COM_PERMISSION '1','w002';
2018-07-26 07:03:20 EXEC SPC_COM_MENU '1';
2018-07-26 07:03:20 EXEC SPC_W002_FND1
2018-07-26 07:03:23 EXEC SPC_COM_MENU '1';
2018-07-26 07:03:23 EXEC SPC_COMMON_CATALORUE '7';
2018-07-26 07:04:11 EXEC SPC_COM_PERMISSION '1','w002';
2018-07-26 07:04:11 EXEC SPC_COM_MENU '1';
2018-07-26 07:04:11 EXEC SPC_W002_FND1
2018-07-26 07:04:14 EXEC SPC_COM_MENU '1';
2018-07-26 07:04:14 EXEC SPC_COMMON_CATALORUE '7';
2018-07-26 07:06:10 EXEC SPC_COM_PERMISSION '1','w002';
2018-07-26 07:06:10 EXEC SPC_COM_MENU '1';
2018-07-26 07:06:10 EXEC SPC_W002_FND1
2018-07-26 07:06:20 EXEC SPC_COM_MENU '1';
2018-07-26 07:06:20 EXEC SPC_COMMON_CATALORUE '7';
2018-07-26 07:09:14 EXEC SPC_COM_PERMISSION '1','w002';
2018-07-26 07:09:14 EXEC SPC_COM_MENU '1';
2018-07-26 07:09:14 EXEC SPC_W002_FND1
2018-07-26 07:09:18 EXEC SPC_COM_MENU '1';
2018-07-26 07:09:18 EXEC SPC_COMMON_CATALORUE '7';
2018-07-26 07:10:03 EXEC SPC_COM_MENU '1';
2018-07-26 07:10:03 EXEC SPC_COMMON_CATALORUE '3';
2018-07-26 07:19:02 EXEC SPC_COM_PERMISSION '1','w002';
2018-07-26 07:19:02 EXEC SPC_COM_MENU '1';
2018-07-26 07:19:02 EXEC SPC_W002_FND1
2018-07-26 07:19:05 EXEC SPC_COM_MENU '1';
2018-07-26 07:19:05 EXEC SPC_COMMON_CATALORUE '3';
2018-07-26 07:20:54 EXEC SPC_COM_PERMISSION '1','w002';
2018-07-26 07:20:54 EXEC SPC_COM_MENU '1';
2018-07-26 07:20:54 EXEC SPC_W002_FND1
2018-07-26 07:20:57 EXEC SPC_COM_MENU '1';
2018-07-26 07:20:57 EXEC SPC_COMMON_CATALORUE '3';
2018-07-26 07:21:30 EXEC SPC_COM_MENU '1';
2018-07-26 07:21:30 EXEC SPC_COMMON_CATALORUE '7';
2018-07-26 07:21:50 EXEC SPC_COM_MENU '1';
2018-07-26 07:21:50 EXEC SPC_COMMON_CATALORUE '3';
2018-07-26 07:22:50 EXEC SPC_COM_PERMISSION '1','w002';
2018-07-26 07:22:50 EXEC SPC_COM_MENU '1';
2018-07-26 07:22:50 EXEC SPC_W002_FND1
2018-07-26 07:22:53 EXEC SPC_COM_MENU '1';
2018-07-26 07:22:53 EXEC SPC_COMMON_CATALORUE '3';
2018-07-26 07:23:32 EXEC SPC_COM_MENU '1';
2018-07-26 07:23:32 EXEC SPC_COMMON_CATALORUE '7';
2018-07-26 07:24:14 EXEC SPC_COM_PERMISSION '1','w002';
2018-07-26 07:24:15 EXEC SPC_COM_MENU '1';
2018-07-26 07:24:15 EXEC SPC_W002_FND1
2018-07-26 07:24:18 EXEC SPC_COM_MENU '1';
2018-07-26 07:24:18 EXEC SPC_COMMON_CATALORUE '7';
2018-07-26 07:31:46 EXEC SPC_COM_PERMISSION '1','w002';
2018-07-26 07:31:46 EXEC SPC_COM_MENU '1';
2018-07-26 07:31:46 EXEC SPC_W002_FND1
2018-07-26 07:32:07 EXEC SPC_COM_PERMISSION '1','w002';
2018-07-26 07:32:07 EXEC SPC_COM_MENU '1';
2018-07-26 07:32:07 EXEC SPC_W002_FND1
2018-07-26 07:32:26 EXEC SPC_COM_PERMISSION '1','w002';
2018-07-26 07:32:26 EXEC SPC_COM_MENU '1';
2018-07-26 07:32:26 EXEC SPC_W002_FND1
2018-07-26 07:32:49 EXEC SPC_COM_PERMISSION '1','w002';
2018-07-26 07:32:49 EXEC SPC_COM_MENU '1';
2018-07-26 07:32:49 EXEC SPC_W002_FND1
2018-07-26 07:32:51 EXEC SPC_COM_MENU '1';
2018-07-26 07:32:51 EXEC SPC_COMMON_CATALORUE '3';
2018-07-26 07:33:03 EXEC SPC_COM_MENU '1';
2018-07-26 07:33:03 EXEC SPC_COMMON_CATALORUE '7';
2018-07-26 07:33:46 EXEC SPC_COM_PERMISSION '1','w002';
2018-07-26 07:33:46 EXEC SPC_COM_MENU '1';
2018-07-26 07:33:46 EXEC SPC_W002_FND1
2018-07-26 07:33:48 EXEC SPC_COM_MENU '1';
2018-07-26 07:33:48 EXEC SPC_COMMON_CATALORUE '7';
2018-07-26 07:33:54 EXEC SPC_COM_MENU '1';
2018-07-26 07:33:54 EXEC SPC_COMMON_CATALORUE '3';
2018-07-26 07:34:00 EXEC SPC_COM_MENU '1';
2018-07-26 07:34:00 EXEC SPC_COMMON_CATALORUE '7';
2018-07-26 07:34:06 EXEC SPC_COM_PERMISSION '1','w002';
2018-07-26 07:34:06 EXEC SPC_COM_MENU '1';
2018-07-26 07:34:06 EXEC SPC_W002_FND1
2018-07-26 07:34:09 EXEC SPC_COM_MENU '1';
2018-07-26 07:34:09 EXEC SPC_COMMON_CATALORUE '7';
2018-07-26 07:34:33 EXEC SPC_COM_PERMISSION '1','w002';
2018-07-26 07:34:33 EXEC SPC_COM_MENU '1';
2018-07-26 07:34:33 EXEC SPC_W002_FND1
2018-07-26 07:34:36 EXEC SPC_COM_MENU '1';
2018-07-26 07:34:36 EXEC SPC_COMMON_CATALORUE '7';
2018-07-26 07:36:18 EXEC SPC_COM_PERMISSION '1','w002';
2018-07-26 07:36:18 EXEC SPC_COM_MENU '1';
2018-07-26 07:36:18 EXEC SPC_W002_FND1
2018-07-26 07:36:21 EXEC SPC_COM_MENU '1';
2018-07-26 07:36:21 EXEC SPC_COMMON_CATALORUE '7';
2018-07-26 07:36:30 EXEC SPC_COM_PERMISSION '1','w002';
2018-07-26 07:36:30 EXEC SPC_COM_MENU '1';
2018-07-26 07:36:30 EXEC SPC_W002_FND1
2018-07-26 07:36:33 EXEC SPC_COM_MENU '1';
2018-07-26 07:36:33 EXEC SPC_COMMON_CATALORUE '7';
2018-07-26 07:36:50 EXEC SPC_COM_PERMISSION '1','w002';
2018-07-26 07:36:50 EXEC SPC_COM_MENU '1';
2018-07-26 07:36:50 EXEC SPC_W002_FND1
2018-07-26 07:36:54 EXEC SPC_COM_MENU '1';
2018-07-26 07:36:54 EXEC SPC_COMMON_CATALORUE '7';
2018-07-26 07:38:01 EXEC SPC_COM_PERMISSION '1','w002';
2018-07-26 07:38:01 EXEC SPC_COM_MENU '1';
2018-07-26 07:38:01 EXEC SPC_W002_FND1
2018-07-26 07:38:04 EXEC SPC_COM_MENU '1';
2018-07-26 07:38:04 EXEC SPC_COMMON_CATALORUE '7';
2018-07-26 07:39:47 EXEC SPC_COM_PERMISSION '1','w002';
2018-07-26 07:39:47 EXEC SPC_COM_MENU '1';
2018-07-26 07:39:47 EXEC SPC_W002_FND1
2018-07-26 07:39:50 EXEC SPC_COM_MENU '1';
2018-07-26 07:39:50 EXEC SPC_COMMON_CATALORUE '7';
2018-07-26 07:40:10 EXEC SPC_COM_PERMISSION '1','w002';
2018-07-26 07:40:10 EXEC SPC_COM_MENU '1';
2018-07-26 07:40:10 EXEC SPC_W002_FND1
2018-07-26 07:40:15 EXEC SPC_COM_MENU '1';
2018-07-26 07:40:15 EXEC SPC_COMMON_CATALORUE '7';
2018-07-26 07:40:29 EXEC SPC_COM_PERMISSION '1','w002';
2018-07-26 07:40:29 EXEC SPC_COM_MENU '1';
2018-07-26 07:40:29 EXEC SPC_W002_FND1
2018-07-26 07:40:32 EXEC SPC_COM_MENU '1';
2018-07-26 07:40:32 EXEC SPC_COMMON_CATALORUE '7';
2018-07-26 07:42:39 EXEC SPC_COM_PERMISSION '1','w002';
2018-07-26 07:42:39 EXEC SPC_COM_MENU '1';
2018-07-26 07:42:39 EXEC SPC_W002_FND1
2018-07-26 07:42:43 EXEC SPC_COM_MENU '1';
2018-07-26 07:42:43 EXEC SPC_COMMON_CATALORUE '7';
2018-07-26 07:42:57 EXEC SPC_COM_PERMISSION '1','w002';
2018-07-26 07:42:57 EXEC SPC_COM_MENU '1';
2018-07-26 07:42:57 EXEC SPC_W002_FND1
2018-07-26 07:43:03 EXEC SPC_COM_MENU '1';
2018-07-26 07:43:03 EXEC SPC_COMMON_CATALORUE '7';
2018-07-26 07:49:50 EXEC SPC_COM_PERMISSION '1','w002';
2018-07-26 07:49:50 EXEC SPC_COM_MENU '1';
2018-07-26 07:49:50 EXEC SPC_W002_FND1
2018-07-26 07:49:53 EXEC SPC_COM_MENU '1';
2018-07-26 07:49:53 EXEC SPC_COMMON_CATALORUE '7';
2018-07-26 07:50:33 EXEC SPC_COM_PERMISSION '1','w002';
2018-07-26 07:50:33 EXEC SPC_COM_MENU '1';
2018-07-26 07:50:33 EXEC SPC_W002_FND1
2018-07-26 07:50:36 EXEC SPC_COM_MENU '1';
2018-07-26 07:50:36 EXEC SPC_COMMON_CATALORUE '7';
2018-07-26 07:58:17 EXEC SPC_COM_PERMISSION '1','w002';
2018-07-26 07:58:17 EXEC SPC_COM_MENU '1';
2018-07-26 07:58:17 EXEC SPC_W002_FND1
2018-07-26 07:58:28 EXEC SPC_COM_PERMISSION '1','w002';
2018-07-26 07:58:28 EXEC SPC_COM_MENU '1';
2018-07-26 07:58:28 EXEC SPC_W002_FND1
2018-07-26 07:58:31 EXEC SPC_COM_MENU '1';
2018-07-26 07:58:31 EXEC SPC_COMMON_CATALORUE '7';
2018-07-26 07:58:39 EXEC SPC_COM_PERMISSION '1','w002';
2018-07-26 07:58:39 EXEC SPC_COM_MENU '1';
2018-07-26 07:58:39 EXEC SPC_W002_FND1
2018-07-26 07:58:43 EXEC SPC_COM_MENU '1';
2018-07-26 07:58:43 EXEC SPC_COMMON_CATALORUE '7';
2018-07-26 08:00:15 EXEC SPC_COM_PERMISSION '1','w002';
2018-07-26 08:00:15 EXEC SPC_COM_MENU '1';
2018-07-26 08:00:15 EXEC SPC_W002_FND1
2018-07-26 08:00:18 EXEC SPC_COM_MENU '1';
2018-07-26 08:00:18 EXEC SPC_COMMON_CATALORUE '7';
2018-07-26 08:07:07 EXEC SPC_COM_PERMISSION '1','w002';
2018-07-26 08:07:07 EXEC SPC_COM_MENU '1';
2018-07-26 08:07:07 EXEC SPC_W002_FND1
2018-07-26 08:07:09 EXEC SPC_COM_MENU '1';
2018-07-26 08:07:09 EXEC SPC_COMMON_CATALORUE '3';
2018-07-26 08:07:13 EXEC SPC_COM_MENU '1';
2018-07-26 08:07:13 EXEC SPC_COMMON_GROUP 'CAT-8';
2018-07-26 08:07:18 EXEC SPC_COM_MENU '1';
2018-07-26 08:09:25 EXEC SPC_COM_PERMISSION '1','w002';
2018-07-26 08:09:25 EXEC SPC_COM_MENU '1';
2018-07-26 08:09:25 EXEC SPC_W002_FND1
2018-07-26 08:09:28 EXEC SPC_COM_MENU '1';
2018-07-26 08:09:28 EXEC SPC_COMMON_CATALORUE '7';
2018-07-26 08:09:32 EXEC SPC_COM_MENU '1';
2018-07-26 08:09:56 EXEC SPC_COM_PERMISSION '1','w002';
2018-07-26 08:09:56 EXEC SPC_COM_MENU '1';
2018-07-26 08:09:56 EXEC SPC_W002_FND1
2018-07-26 08:09:58 EXEC SPC_COM_MENU '1';
2018-07-26 08:09:58 EXEC SPC_COMMON_CATALORUE '7';
2018-07-26 08:10:03 EXEC SPC_COM_MENU '1';
2018-07-26 08:14:56 EXEC SPC_COM_PERMISSION '1','w002';
2018-07-26 08:14:56 EXEC SPC_COM_MENU '1';
2018-07-26 08:14:56 EXEC SPC_W002_FND1
2018-07-26 08:15:00 EXEC SPC_COM_MENU '1';
2018-07-26 08:15:00 EXEC SPC_COMMON_CATALORUE '7';
2018-07-26 08:15:47 EXEC SPC_COM_PERMISSION '1','w002';
2018-07-26 08:15:47 EXEC SPC_COM_MENU '1';
2018-07-26 08:15:47 EXEC SPC_W002_FND1
2018-07-26 08:15:49 EXEC SPC_COM_MENU '1';
2018-07-26 08:15:49 EXEC SPC_COMMON_CATALORUE '3';
2018-07-26 08:16:14 EXEC SPC_COM_PERMISSION '1','w002';
2018-07-26 08:16:14 EXEC SPC_COM_MENU '1';
2018-07-26 08:16:14 EXEC SPC_W002_FND1
2018-07-26 08:16:48 EXEC SPC_COM_PERMISSION '1','w002';
2018-07-26 08:16:48 EXEC SPC_COM_MENU '1';
2018-07-26 08:16:48 EXEC SPC_W002_FND1
2018-07-26 08:16:50 EXEC SPC_COM_MENU '1';
2018-07-26 08:16:50 EXEC SPC_COMMON_CATALORUE '7';
2018-07-26 08:16:56 EXEC SPC_COM_MENU '1';
2018-07-26 08:17:12 EXEC SPC_COM_PERMISSION '1','w002';
2018-07-26 08:17:12 EXEC SPC_COM_MENU '1';
2018-07-26 08:17:12 EXEC SPC_W002_FND1
2018-07-26 08:18:34 EXEC SPC_COM_PERMISSION '1','w002';
2018-07-26 08:18:34 EXEC SPC_COM_MENU '1';
2018-07-26 08:18:34 EXEC SPC_W002_FND1
2018-07-26 08:18:37 EXEC SPC_COM_MENU '1';
2018-07-26 08:18:37 EXEC SPC_COMMON_CATALORUE '7';
2018-07-26 08:19:06 EXEC SPC_COM_PERMISSION '1','w002';
2018-07-26 08:19:06 EXEC SPC_COM_MENU '1';
2018-07-26 08:19:06 EXEC SPC_W002_FND1
2018-07-26 08:19:10 EXEC SPC_COM_MENU '1';
2018-07-26 08:19:10 EXEC SPC_COMMON_CATALORUE '7';
2018-07-26 08:19:17 EXEC SPC_COM_MENU '1';
2018-07-26 08:19:42 EXEC SPC_COM_MENU '1';
2018-07-26 08:22:22 EXEC SPC_COM_PERMISSION '1','w002';
2018-07-26 08:22:22 EXEC SPC_COM_MENU '1';
2018-07-26 08:22:22 EXEC SPC_W002_FND1
2018-07-26 08:22:25 EXEC SPC_COM_MENU '1';
2018-07-26 08:22:25 EXEC SPC_COMMON_CATALORUE '5';
2018-07-26 08:22:27 EXEC SPC_COM_MENU '1';
2018-07-26 08:22:27 EXEC SPC_COMMON_CATALORUE '7';
2018-07-26 08:22:38 EXEC SPC_COM_PERMISSION '1','w002';
2018-07-26 08:22:38 EXEC SPC_COM_MENU '1';
2018-07-26 08:22:38 EXEC SPC_W002_FND1
2018-07-26 08:22:41 EXEC SPC_COM_MENU '1';
2018-07-26 08:22:41 EXEC SPC_COMMON_CATALORUE '7';
2018-07-26 08:22:44 EXEC SPC_COM_MENU '1';
2018-07-26 08:22:47 EXEC SPC_COM_PERMISSION '1','w002';
2018-07-26 08:22:47 EXEC SPC_COM_MENU '1';
2018-07-26 08:22:47 EXEC SPC_W002_FND1
2018-07-26 08:30:08 EXEC SPC_COM_PERMISSION '1','w002';
2018-07-26 08:30:08 EXEC SPC_COM_MENU '1';
2018-07-26 08:30:08 EXEC SPC_W002_FND1
2018-07-26 08:30:12 EXEC SPC_COM_MENU '1';
2018-07-26 08:30:12 EXEC SPC_COMMON_CATALORUE '7';
2018-07-26 08:30:14 EXEC SPC_COM_MENU '1';
2018-07-26 08:31:15 EXEC SPC_COM_PERMISSION '1','w002';
2018-07-26 08:31:15 EXEC SPC_COM_MENU '1';
2018-07-26 08:31:15 EXEC SPC_W002_FND1
2018-07-26 08:31:19 EXEC SPC_COM_MENU '1';
2018-07-26 08:31:19 EXEC SPC_COMMON_CATALORUE '7';
2018-07-26 08:33:04 EXEC SPC_COM_PERMISSION '1','w002';
2018-07-26 08:33:04 EXEC SPC_COM_MENU '1';
2018-07-26 08:33:04 EXEC SPC_W002_FND1
2018-07-26 08:33:08 EXEC SPC_COM_MENU '1';
2018-07-26 08:33:08 EXEC SPC_COMMON_CATALORUE '7';
2018-07-26 08:33:10 EXEC SPC_COM_MENU '1';
2018-07-26 08:34:23 EXEC SPC_COM_MENU '1';
2018-07-26 08:34:36 EXEC SPC_COM_PERMISSION '1','w002';
2018-07-26 08:34:37 EXEC SPC_COM_MENU '1';
2018-07-26 08:34:37 EXEC SPC_W002_FND1
2018-07-26 08:34:43 EXEC SPC_COM_MENU '1';
2018-07-26 08:34:43 EXEC SPC_COMMON_CATALORUE '7';
2018-07-26 08:35:01 EXEC SPC_COM_PERMISSION '1','w002';
2018-07-26 08:35:01 EXEC SPC_COM_MENU '1';
2018-07-26 08:35:01 EXEC SPC_W002_FND1
2018-07-26 08:35:05 EXEC SPC_COM_MENU '1';
2018-07-26 08:35:05 EXEC SPC_COMMON_CATALORUE '7';
2018-07-26 08:35:14 EXEC SPC_COM_PERMISSION '1','w002';
2018-07-26 08:35:14 EXEC SPC_COM_MENU '1';
2018-07-26 08:35:14 EXEC SPC_W002_FND1
2018-07-26 09:49:27 EXEC SPC_COM_MENU '1';
2018-07-26 09:49:27 EXEC SPC_COMMON_CATALORUE '7';
2018-07-26 09:49:30 EXEC SPC_COM_PERMISSION '1','w002';
2018-07-26 09:49:30 EXEC SPC_COM_MENU '1';
2018-07-26 09:49:30 EXEC SPC_W002_FND1
2018-07-26 10:44:55 EXEC SPC_COM_PERMISSION '1','w002';
2018-07-26 10:44:55 EXEC SPC_COM_MENU '1';
2018-07-26 10:44:55 EXEC SPC_W002_FND1
2018-07-26 10:46:53 EXEC SPC_COM_MENU '1';
2018-07-26 10:46:59 EXEC SPC_COM_MENU '1';
2018-07-26 10:47:12 EXEC SPC_COM_MENU '1';
2018-07-26 10:47:14 EXEC SPC_COM_MENU '1';
2018-07-26 10:47:15 EXEC SPC_COM_MENU '1';
2018-07-26 10:47:22 EXEC SPC_COM_MENU '1';
2018-07-26 10:47:23 EXEC SPC_COM_MENU '1';
2018-07-26 10:47:25 EXEC SPC_COM_MENU '1';
