2018-07-30 00:00:13 EXEC SPC_COM_PERMISSION '1','g003';
2018-07-30 00:00:13 EXEC SPC_COM_MENU '1';
2018-07-30 00:00:13 EXEC SPC_COM_M999_INQ1 '7';
2018-07-30 00:00:20 EXEC SPC_COM_PERMISSION '1','g005';
2018-07-30 00:00:20 EXEC SPC_COM_MENU '1';
2018-07-30 00:00:20 EXEC SPC_COM_M999_INQ1 '7';
2018-07-30 00:01:13 EXEC SPC_COM_PERMISSION '1','g005';
2018-07-30 00:01:13 EXEC SPC_COM_MENU '1';
2018-07-30 00:01:13 EXEC SPC_COM_M999_INQ1 '7';
2018-07-30 00:01:15 EXEC SPC_COM_MENU '1';
2018-07-30 00:01:15 EXEC SPC_G005_LST1 '','','','10','1';
2018-07-30 00:01:17 EXEC SPC_COM_MENU '1';
2018-07-30 00:01:17 EXEC SPC_COMMON_CATALORUE '3';
2018-07-30 00:01:17 EXEC SPC_COM_MENU '1';
2018-07-30 00:01:17 EXEC SPC_COMMON_GROUP 'CAT-8';
2018-07-30 00:01:26 EXEC SPC_COM_MENU '1';
2018-07-30 00:01:26 EXEC SPC_COMMON_CATALORUE '1';
2018-07-30 00:01:27 EXEC SPC_COM_MENU '1';
2018-07-30 00:01:27 EXEC SPC_COMMON_GROUP 'CAT-12';
2018-07-30 00:01:31 EXEC SPC_COM_MENU '1';
2018-07-30 00:01:31 EXEC SPC_COMMON_CATALORUE '7';
2018-07-30 00:01:31 EXEC SPC_COM_MENU '1';
2018-07-30 00:01:31 EXEC SPC_COMMON_GROUP 'CAT-1025';
2018-07-30 00:01:37 EXEC SPC_COM_MENU '1';
2018-07-30 00:01:37 EXEC SPC_COMMON_CATALORUE '3';
2018-07-30 00:01:38 EXEC SPC_COM_MENU '1';
2018-07-30 00:01:38 EXEC SPC_COMMON_GROUP 'CAT-8';
2018-07-30 00:01:41 EXEC SPC_COM_MENU '1';
2018-07-30 00:01:41 EXEC SPC_COMMON_CATALORUE '4';
2018-07-30 00:01:41 EXEC SPC_COM_MENU '1';
2018-07-30 00:01:41 EXEC SPC_COMMON_GROUP 'CAT-6';
2018-07-30 00:01:43 EXEC SPC_COM_MENU '1';
2018-07-30 00:01:43 EXEC SPC_COMMON_CATALORUE '1';
2018-07-30 00:01:44 EXEC SPC_COM_MENU '1';
2018-07-30 00:01:44 EXEC SPC_COMMON_GROUP 'CAT-12';
2018-07-30 00:02:59 EXEC SPC_COM_PERMISSION '1','g005';
2018-07-30 00:02:59 EXEC SPC_COM_MENU '1';
2018-07-30 00:02:59 EXEC SPC_COM_M999_INQ1 '7';
2018-07-30 00:03:07 EXEC SPC_COM_MENU '1';
2018-07-30 00:03:07 EXEC SPC_G005_LST1 '','','','10','1';
2018-07-30 00:03:09 EXEC SPC_COM_MENU '1';
2018-07-30 00:03:09 EXEC SPC_COMMON_CATALORUE '1';
2018-07-30 00:03:09 EXEC SPC_COM_MENU '1';
2018-07-30 00:03:09 EXEC SPC_COMMON_GROUP 'CAT-12';
2018-07-30 00:03:11 EXEC SPC_COM_MENU '1';
2018-07-30 00:03:11 EXEC SPC_COMMON_CATALORUE '1';
2018-07-30 00:03:11 EXEC SPC_COM_MENU '1';
2018-07-30 00:03:11 EXEC SPC_COMMON_GROUP 'CAT-12';
2018-07-30 00:03:11 EXEC SPC_COM_MENU '1';
2018-07-30 00:03:11 EXEC SPC_COMMON_GROUP 'CAT-12';
2018-07-30 00:03:14 EXEC SPC_COM_MENU '1';
2018-07-30 00:03:14 EXEC SPC_COMMON_CATALORUE '7';
2018-07-30 00:03:14 EXEC SPC_COM_MENU '1';
2018-07-30 00:03:14 EXEC SPC_COMMON_GROUP 'CAT-1025';
2018-07-30 00:03:16 EXEC SPC_COM_MENU '1';
2018-07-30 00:03:16 EXEC SPC_COMMON_CATALORUE '3';
2018-07-30 00:03:16 EXEC SPC_COM_MENU '1';
2018-07-30 00:03:16 EXEC SPC_COMMON_GROUP 'CAT-8';
2018-07-30 00:03:19 EXEC SPC_COM_MENU '1';
2018-07-30 00:03:19 EXEC SPC_COMMON_CATALORUE '4';
2018-07-30 00:03:19 EXEC SPC_COM_MENU '1';
2018-07-30 00:03:19 EXEC SPC_COMMON_GROUP 'CAT-6';
2018-07-30 00:03:22 EXEC SPC_COM_MENU '1';
2018-07-30 00:03:22 EXEC SPC_COMMON_CATALORUE '7';
2018-07-30 00:03:22 EXEC SPC_COM_MENU '1';
2018-07-30 00:03:22 EXEC SPC_COMMON_GROUP 'CAT-1025';
2018-07-30 00:07:14 EXEC SPC_COM_MENU '1';
2018-07-30 00:07:14 EXEC SPC_COMMON_CATALORUE '3';
2018-07-30 00:07:14 EXEC SPC_COM_MENU '1';
2018-07-30 00:07:14 EXEC SPC_COMMON_GROUP 'CAT-8';
2018-07-30 00:07:16 EXEC SPC_COM_MENU '1';
2018-07-30 00:07:16 EXEC SPC_COMMON_CATALORUE '3';
2018-07-30 00:07:16 EXEC SPC_COM_MENU '1';
2018-07-30 00:07:16 EXEC SPC_COMMON_GROUP 'CAT-8';
2018-07-30 00:07:17 EXEC SPC_COM_MENU '1';
2018-07-30 00:07:17 EXEC SPC_COMMON_GROUP 'CAT-8';
2018-07-30 00:07:18 EXEC SPC_COM_MENU '1';
2018-07-30 00:07:18 EXEC SPC_COMMON_CATALORUE '1';
2018-07-30 00:07:19 EXEC SPC_COM_MENU '1';
2018-07-30 00:07:19 EXEC SPC_COMMON_GROUP 'CAT-12';
2018-07-30 00:07:21 EXEC SPC_COM_MENU '1';
2018-07-30 00:07:21 EXEC SPC_COMMON_CATALORUE '7';
2018-07-30 00:07:21 EXEC SPC_COM_MENU '1';
2018-07-30 00:07:21 EXEC SPC_COMMON_GROUP 'CAT-1025';
2018-07-30 00:07:33 EXEC SPC_COM_MENU '1';
2018-07-30 00:07:33 EXEC SPC_COMMON_CATALORUE '1';
2018-07-30 00:07:33 EXEC SPC_COM_MENU '1';
2018-07-30 00:07:33 EXEC SPC_COMMON_GROUP '';
2018-07-30 00:07:35 EXEC SPC_COM_MENU '1';
2018-07-30 00:07:35 EXEC SPC_COMMON_GROUP 'CAT-12';
2018-07-30 00:08:51 EXEC SPC_COM_MENU '1';
2018-07-30 00:08:57 EXEC SPC_COM_MENU '1';
2018-07-30 00:08:57 EXEC SPC_G005_ACT1 '<row row_id="6" group_id="GRO-14" catalogue_div="1" catalogue_nm="CAT-12" group_nm="ko biết nữa" />','ndq809','127.0.0.1';
2018-07-30 00:08:58 EXEC SPC_COM_MENU '1';
2018-07-30 00:08:58 EXEC SPC_G005_LST1 '','','','10','1';
2018-07-30 00:09:02 EXEC SPC_COM_MENU '1';
2018-07-30 00:09:02 EXEC SPC_COM_MENU '1';
2018-07-30 00:09:02 EXEC SPC_COMMON_CATALORUE '1';
2018-07-30 00:09:02 EXEC SPC_COMMON_GROUP 'CAT-12';
2018-07-30 00:09:03 EXEC SPC_COM_MENU '1';
2018-07-30 00:09:03 EXEC SPC_COMMON_GROUP 'CAT-12';
2018-07-30 00:09:37 EXEC SPC_COM_MENU '1';
2018-07-30 00:09:41 EXEC SPC_COM_MENU '1';
2018-07-30 00:09:41 EXEC SPC_G005_ACT1 '<row row_id="6" group_id="GRO-14" catalogue_div="1" catalogue_nm="CAT-12" group_nm="tình yêu" />','ndq809','127.0.0.1';
2018-07-30 00:09:45 EXEC SPC_COM_MENU '1';
2018-07-30 00:09:45 EXEC SPC_G005_LST1 '','','','10','1';
2018-07-30 00:09:49 EXEC SPC_COM_MENU '1';
2018-07-30 00:09:49 EXEC SPC_COMMON_CATALORUE '1';
2018-07-30 00:09:49 EXEC SPC_COMMON_GROUP 'CAT-12';
2018-07-30 00:09:50 EXEC SPC_COM_MENU '1';
2018-07-30 00:09:50 EXEC SPC_COMMON_GROUP 'CAT-12';
2018-07-30 00:09:51 EXEC SPC_COM_MENU '1';
2018-07-30 00:09:51 EXEC SPC_COMMON_CATALORUE '4';
2018-07-30 00:09:52 EXEC SPC_COM_MENU '1';
2018-07-30 00:09:52 EXEC SPC_COMMON_GROUP 'CAT-6';
2018-07-30 00:09:53 EXEC SPC_COM_MENU '1';
2018-07-30 00:09:53 EXEC SPC_COMMON_CATALORUE '1';
2018-07-30 00:09:53 EXEC SPC_COM_MENU '1';
2018-07-30 00:09:53 EXEC SPC_COMMON_GROUP 'CAT-12';
2018-07-30 00:09:55 EXEC SPC_COM_MENU '1';
2018-07-30 00:09:55 EXEC SPC_COMMON_CATALORUE '3';
2018-07-30 00:09:55 EXEC SPC_COM_MENU '1';
2018-07-30 00:09:55 EXEC SPC_COMMON_GROUP 'CAT-8';
2018-07-30 00:09:58 EXEC SPC_COM_MENU '1';
2018-07-30 00:09:58 EXEC SPC_COMMON_CATALORUE '1';
2018-07-30 00:09:58 EXEC SPC_COM_MENU '1';
2018-07-30 00:09:58 EXEC SPC_COMMON_GROUP 'CAT-12';
2018-07-30 00:10:00 EXEC SPC_COM_MENU '1';
2018-07-30 00:10:00 EXEC SPC_COM_MENU '1';
2018-07-30 00:10:00 EXEC SPC_COMMON_CATALORUE '1';
2018-07-30 00:10:00 EXEC SPC_COMMON_GROUP 'CAT-12';
2018-07-30 00:10:01 EXEC SPC_COM_MENU '1';
2018-07-30 00:10:01 EXEC SPC_COMMON_GROUP 'CAT-12';
2018-07-30 00:10:02 EXEC SPC_COM_MENU '1';
2018-07-30 00:10:02 EXEC SPC_COM_MENU '1';
2018-07-30 00:10:02 EXEC SPC_COMMON_GROUP 'CAT-12';
2018-07-30 00:10:02 EXEC SPC_COMMON_CATALORUE '1';
2018-07-30 00:10:03 EXEC SPC_COM_MENU '1';
2018-07-30 00:10:03 EXEC SPC_COMMON_GROUP 'CAT-12';
2018-07-30 00:10:04 EXEC SPC_COM_MENU '1';
2018-07-30 00:10:04 EXEC SPC_COMMON_CATALORUE '3';
2018-07-30 00:10:05 EXEC SPC_COM_MENU '1';
2018-07-30 00:10:05 EXEC SPC_COMMON_GROUP 'CAT-8';
2018-07-30 00:10:11 EXEC SPC_COM_MENU '1';
2018-07-30 00:10:11 EXEC SPC_COMMON_CATALORUE '4';
2018-07-30 00:10:11 EXEC SPC_COM_MENU '1';
2018-07-30 00:10:11 EXEC SPC_COMMON_GROUP 'CAT-6';
2018-07-30 00:10:13 EXEC SPC_COM_MENU '1';
2018-07-30 00:10:13 EXEC SPC_COMMON_CATALORUE '3';
2018-07-30 00:10:13 EXEC SPC_COM_MENU '1';
2018-07-30 00:10:13 EXEC SPC_COMMON_GROUP 'CAT-8';
2018-07-30 00:10:15 EXEC SPC_COM_MENU '1';
2018-07-30 00:10:15 EXEC SPC_COM_MENU '1';
2018-07-30 00:10:15 EXEC SPC_COMMON_CATALORUE '3';
2018-07-30 00:10:15 EXEC SPC_COMMON_GROUP 'CAT-8';
2018-07-30 00:10:16 EXEC SPC_COM_MENU '1';
2018-07-30 00:10:16 EXEC SPC_COMMON_GROUP 'CAT-8';
2018-07-30 00:10:27 EXEC SPC_COM_MENU '1';
2018-07-30 00:10:27 EXEC SPC_COMMON_CATALORUE '1';
2018-07-30 00:10:27 EXEC SPC_COM_MENU '1';
2018-07-30 00:10:27 EXEC SPC_COMMON_GROUP 'CAT-12';
2018-07-30 00:10:29 EXEC SPC_COM_MENU '1';
2018-07-30 00:10:29 EXEC SPC_COMMON_CATALORUE '3';
2018-07-30 00:10:29 EXEC SPC_COM_MENU '1';
2018-07-30 00:10:29 EXEC SPC_COMMON_GROUP 'CAT-8';
2018-07-30 00:10:33 EXEC SPC_COM_MENU '1';
2018-07-30 00:10:33 EXEC SPC_COMMON_CATALORUE '1';
2018-07-30 00:10:33 EXEC SPC_COM_MENU '1';
2018-07-30 00:10:33 EXEC SPC_COMMON_GROUP 'CAT-12';
2018-07-30 00:10:35 EXEC SPC_COM_MENU '1';
2018-07-30 00:10:35 EXEC SPC_COMMON_CATALORUE '3';
2018-07-30 00:10:35 EXEC SPC_COM_MENU '1';
2018-07-30 00:10:35 EXEC SPC_COMMON_GROUP 'CAT-8';
2018-07-30 00:10:37 EXEC SPC_COM_MENU '1';
2018-07-30 00:10:37 EXEC SPC_COMMON_CATALORUE '1';
2018-07-30 00:10:37 EXEC SPC_COM_MENU '1';
2018-07-30 00:10:37 EXEC SPC_COMMON_GROUP 'CAT-12';
2018-07-30 00:10:40 EXEC SPC_COM_MENU '1';
2018-07-30 00:10:40 EXEC SPC_COMMON_CATALORUE '4';
2018-07-30 00:10:40 EXEC SPC_COM_MENU '1';
2018-07-30 00:10:40 EXEC SPC_COMMON_GROUP 'CAT-6';
2018-07-30 00:10:42 EXEC SPC_COM_MENU '1';
2018-07-30 00:10:42 EXEC SPC_COMMON_CATALORUE '3';
2018-07-30 00:10:42 EXEC SPC_COM_MENU '1';
2018-07-30 00:10:42 EXEC SPC_COMMON_GROUP 'CAT-8';
2018-07-30 00:10:44 EXEC SPC_COM_MENU '1';
2018-07-30 00:10:44 EXEC SPC_COM_MENU '1';
2018-07-30 00:10:44 EXEC SPC_COMMON_GROUP 'CAT-8';
2018-07-30 00:10:44 EXEC SPC_COMMON_CATALORUE '3';
2018-07-30 00:10:44 EXEC SPC_COM_MENU '1';
2018-07-30 00:10:44 EXEC SPC_COMMON_GROUP 'CAT-8';
2018-07-30 00:11:05 EXEC SPC_COM_PERMISSION '1','g005';
2018-07-30 00:11:05 EXEC SPC_COM_MENU '1';
2018-07-30 00:11:05 EXEC SPC_COM_M999_INQ1 '7';
2018-07-30 00:11:07 EXEC SPC_COM_MENU '1';
2018-07-30 00:11:07 EXEC SPC_G005_LST1 '','','','10','1';
2018-07-30 00:11:09 EXEC SPC_COM_MENU '1';
2018-07-30 00:11:09 EXEC SPC_COMMON_CATALORUE '1';
2018-07-30 00:11:10 EXEC SPC_COM_MENU '1';
2018-07-30 00:11:10 EXEC SPC_COMMON_GROUP 'CAT-12';
2018-07-30 00:11:12 EXEC SPC_COM_MENU '1';
2018-07-30 00:11:12 EXEC SPC_COM_MENU '1';
2018-07-30 00:11:12 EXEC SPC_COMMON_CATALORUE '1';
2018-07-30 00:11:12 EXEC SPC_COMMON_GROUP 'CAT-12';
2018-07-30 00:11:13 EXEC SPC_COM_MENU '1';
2018-07-30 00:11:13 EXEC SPC_COMMON_GROUP 'CAT-12';
2018-07-30 00:11:15 EXEC SPC_COM_MENU '1';
2018-07-30 00:11:15 EXEC SPC_COMMON_CATALORUE '3';
2018-07-30 00:11:15 EXEC SPC_COM_MENU '1';
2018-07-30 00:11:15 EXEC SPC_COMMON_GROUP 'CAT-8';
2018-07-30 00:11:17 EXEC SPC_COM_MENU '1';
2018-07-30 00:11:17 EXEC SPC_COMMON_CATALORUE '1';
2018-07-30 00:11:17 EXEC SPC_COM_MENU '1';
2018-07-30 00:11:17 EXEC SPC_COMMON_GROUP 'CAT-12';
2018-07-30 00:11:19 EXEC SPC_COM_MENU '1';
2018-07-30 00:11:19 EXEC SPC_COM_MENU '1';
2018-07-30 00:11:20 EXEC SPC_COMMON_GROUP 'CAT-12';
2018-07-30 00:11:20 EXEC SPC_COM_MENU '1';
2018-07-30 00:11:20 EXEC SPC_COMMON_GROUP 'CAT-12';
2018-07-30 00:11:22 EXEC SPC_COM_MENU '1';
2018-07-30 00:11:22 EXEC SPC_COMMON_CATALORUE '3';
2018-07-30 00:11:23 EXEC SPC_COM_MENU '1';
2018-07-30 00:11:23 EXEC SPC_COMMON_GROUP 'CAT-8';
2018-07-30 00:11:25 EXEC SPC_COM_MENU '1';
2018-07-30 00:11:25 EXEC SPC_COMMON_CATALORUE '1';
2018-07-30 00:11:25 EXEC SPC_COM_MENU '1';
2018-07-30 00:11:25 EXEC SPC_COMMON_GROUP 'CAT-12';
2018-07-30 00:11:27 EXEC SPC_COM_MENU '1';
2018-07-30 00:11:27 EXEC SPC_COM_MENU '1';
2018-07-30 00:11:27 EXEC SPC_COMMON_CATALORUE '1';
2018-07-30 00:11:27 EXEC SPC_COMMON_GROUP 'CAT-12';
2018-07-30 00:11:27 EXEC SPC_COM_MENU '1';
2018-07-30 00:11:27 EXEC SPC_COMMON_GROUP 'CAT-12';
2018-07-30 00:11:30 EXEC SPC_COM_MENU '1';
2018-07-30 00:11:30 EXEC SPC_COM_MENU '1';
2018-07-30 00:11:30 EXEC SPC_COMMON_CATALORUE '1';
2018-07-30 00:11:30 EXEC SPC_COMMON_GROUP 'CAT-12';
2018-07-30 00:11:30 EXEC SPC_COM_MENU '1';
2018-07-30 00:11:30 EXEC SPC_COMMON_GROUP 'CAT-12';
2018-07-30 00:11:32 EXEC SPC_COM_MENU '1';
2018-07-30 00:11:32 EXEC SPC_COMMON_CATALORUE '3';
2018-07-30 00:11:33 EXEC SPC_COM_MENU '1';
2018-07-30 00:11:33 EXEC SPC_COMMON_GROUP 'CAT-8';
2018-07-30 00:11:35 EXEC SPC_COM_MENU '1';
2018-07-30 00:11:35 EXEC SPC_COMMON_GROUP 'CAT-8';
2018-07-30 00:11:35 EXEC SPC_COMMON_CATALORUE '3';
2018-07-30 00:11:35 EXEC SPC_COM_MENU '1';
2018-07-30 00:11:35 EXEC SPC_COMMON_GROUP 'CAT-8';
2018-07-30 00:12:46 EXEC SPC_COM_MENU '1';
2018-07-30 00:12:46 EXEC SPC_COMMON_CATALORUE '1';
2018-07-30 00:12:46 EXEC SPC_COM_MENU '1';
2018-07-30 00:12:46 EXEC SPC_COMMON_GROUP 'CAT-12';
2018-07-30 00:12:49 EXEC SPC_COM_MENU '1';
2018-07-30 00:12:49 EXEC SPC_COMMON_CATALORUE '3';
2018-07-30 00:12:49 EXEC SPC_COM_MENU '1';
2018-07-30 00:12:49 EXEC SPC_COMMON_GROUP 'CAT-8';
2018-07-30 00:12:51 EXEC SPC_COM_MENU '1';
2018-07-30 00:12:51 EXEC SPC_COMMON_CATALORUE '3';
2018-07-30 00:12:51 EXEC SPC_COM_MENU '1';
2018-07-30 00:12:51 EXEC SPC_COMMON_GROUP 'CAT-8';
2018-07-30 00:12:52 EXEC SPC_COM_MENU '1';
2018-07-30 00:12:52 EXEC SPC_COMMON_GROUP 'CAT-8';
2018-07-30 00:12:54 EXEC SPC_COM_MENU '1';
2018-07-30 00:12:54 EXEC SPC_COMMON_CATALORUE '1';
2018-07-30 00:12:55 EXEC SPC_COM_MENU '1';
2018-07-30 00:12:55 EXEC SPC_COMMON_GROUP 'CAT-12';
2018-07-30 00:12:58 EXEC SPC_COM_MENU '1';
2018-07-30 00:12:58 EXEC SPC_COM_MENU '1';
2018-07-30 00:12:58 EXEC SPC_COMMON_GROUP 'CAT-12';
2018-07-30 00:12:58 EXEC SPC_COMMON_CATALORUE '1';
2018-07-30 00:12:58 EXEC SPC_COM_MENU '1';
2018-07-30 00:12:58 EXEC SPC_COMMON_GROUP 'CAT-12';
2018-07-30 00:14:15 EXEC SPC_COM_MENU '1';
2018-07-30 00:14:15 EXEC SPC_COMMON_CATALORUE '1';
2018-07-30 00:14:17 EXEC SPC_COM_MENU '1';
2018-07-30 00:14:17 EXEC SPC_COMMON_GROUP 'CAT-12';
2018-07-30 00:14:38 EXEC SPC_COM_PERMISSION '1','g005';
2018-07-30 00:14:38 EXEC SPC_COM_MENU '1';
2018-07-30 00:14:38 EXEC SPC_COM_M999_INQ1 '7';
2018-07-30 00:14:41 EXEC SPC_COM_MENU '1';
2018-07-30 00:14:41 EXEC SPC_G005_LST1 '','','','10','1';
2018-07-30 00:14:42 EXEC SPC_COM_MENU '1';
2018-07-30 00:14:42 EXEC SPC_COMMON_CATALORUE '1';
2018-07-30 00:14:43 EXEC SPC_COM_MENU '1';
2018-07-30 00:14:43 EXEC SPC_COMMON_GROUP 'CAT-12';
2018-07-30 00:14:45 EXEC SPC_COM_MENU '1';
2018-07-30 00:14:45 EXEC SPC_COMMON_CATALORUE '3';
2018-07-30 00:14:45 EXEC SPC_COM_MENU '1';
2018-07-30 00:14:45 EXEC SPC_COMMON_GROUP 'CAT-8';
2018-07-30 00:14:46 EXEC SPC_COM_MENU '1';
2018-07-30 00:14:46 EXEC SPC_COM_MENU '1';
2018-07-30 00:14:46 EXEC SPC_COMMON_CATALORUE '3';
2018-07-30 00:14:46 EXEC SPC_COMMON_GROUP 'CAT-8';
2018-07-30 00:14:47 EXEC SPC_COM_MENU '1';
2018-07-30 00:14:47 EXEC SPC_COMMON_GROUP 'CAT-8';
2018-07-30 00:14:49 EXEC SPC_COM_MENU '1';
2018-07-30 00:14:49 EXEC SPC_COMMON_CATALORUE '1';
2018-07-30 00:14:49 EXEC SPC_COM_MENU '1';
2018-07-30 00:14:49 EXEC SPC_COMMON_GROUP 'CAT-12';
2018-07-30 00:14:53 EXEC SPC_COM_MENU '1';
2018-07-30 00:14:53 EXEC SPC_COM_MENU '1';
2018-07-30 00:14:53 EXEC SPC_COMMON_CATALORUE '1';
2018-07-30 00:14:53 EXEC SPC_COMMON_GROUP 'CAT-12';
2018-07-30 00:14:53 EXEC SPC_COM_MENU '1';
2018-07-30 00:14:53 EXEC SPC_COMMON_GROUP 'CAT-12';
2018-07-30 00:14:55 EXEC SPC_COM_MENU '1';
2018-07-30 00:14:55 EXEC SPC_COMMON_CATALORUE '3';
2018-07-30 00:14:55 EXEC SPC_COM_MENU '1';
2018-07-30 00:14:55 EXEC SPC_COMMON_GROUP 'CAT-8';
2018-07-30 00:14:56 EXEC SPC_COM_MENU '1';
2018-07-30 00:14:56 EXEC SPC_COMMON_CATALORUE '1';
2018-07-30 00:14:57 EXEC SPC_COM_MENU '1';
2018-07-30 00:14:57 EXEC SPC_COMMON_GROUP 'CAT-12';
2018-07-30 00:14:58 EXEC SPC_COM_MENU '1';
2018-07-30 00:14:58 EXEC SPC_COMMON_CATALORUE '3';
2018-07-30 00:14:59 EXEC SPC_COM_MENU '1';
2018-07-30 00:14:59 EXEC SPC_COMMON_GROUP 'CAT-8';
2018-07-30 00:15:00 EXEC SPC_COM_MENU '1';
2018-07-30 00:15:00 EXEC SPC_COMMON_CATALORUE '2';
2018-07-30 00:15:04 EXEC SPC_COM_MENU '1';
2018-07-30 00:15:04 EXEC SPC_COMMON_GROUP 'CAT-7';
2018-07-30 00:15:07 EXEC SPC_COM_MENU '1';
2018-07-30 00:15:07 EXEC SPC_COMMON_CATALORUE '1';
2018-07-30 00:15:10 EXEC SPC_COM_MENU '1';
2018-07-30 00:15:10 EXEC SPC_COMMON_GROUP 'CAT-12';
2018-07-30 00:15:14 EXEC SPC_COM_MENU '1';
2018-07-30 00:15:14 EXEC SPC_COMMON_CATALORUE '3';
2018-07-30 00:15:16 EXEC SPC_COM_MENU '1';
2018-07-30 00:15:16 EXEC SPC_COMMON_GROUP 'CAT-8';
2018-07-30 00:15:38 EXEC SPC_COM_MENU '1';
2018-07-30 00:15:38 EXEC SPC_COM_MENU '1';
2018-07-30 00:15:38 EXEC SPC_COMMON_GROUP 'CAT-8';
2018-07-30 00:15:38 EXEC SPC_COMMON_CATALORUE '3';
2018-07-30 00:15:38 EXEC SPC_COM_MENU '1';
2018-07-30 00:15:38 EXEC SPC_COMMON_GROUP 'CAT-8';
2018-07-30 00:15:40 EXEC SPC_COM_MENU '1';
2018-07-30 00:15:40 EXEC SPC_COMMON_CATALORUE '4';
2018-07-30 00:15:41 EXEC SPC_COM_MENU '1';
2018-07-30 00:15:41 EXEC SPC_COMMON_GROUP 'CAT-6';
2018-07-30 00:15:42 EXEC SPC_COM_MENU '1';
2018-07-30 00:15:42 EXEC SPC_COMMON_CATALORUE '1';
2018-07-30 00:15:42 EXEC SPC_COM_MENU '1';
2018-07-30 00:15:42 EXEC SPC_COMMON_GROUP 'CAT-12';
2018-07-30 00:15:44 EXEC SPC_COM_MENU '1';
2018-07-30 00:15:44 EXEC SPC_COMMON_CATALORUE '3';
2018-07-30 00:15:44 EXEC SPC_COM_MENU '1';
2018-07-30 00:15:44 EXEC SPC_COMMON_GROUP 'CAT-8';
2018-07-30 00:15:46 EXEC SPC_COM_MENU '1';
2018-07-30 00:15:46 EXEC SPC_COMMON_CATALORUE '1';
2018-07-30 00:15:46 EXEC SPC_COM_MENU '1';
2018-07-30 00:15:46 EXEC SPC_COMMON_GROUP 'CAT-12';
2018-07-30 00:15:49 EXEC SPC_COM_MENU '1';
2018-07-30 00:15:49 EXEC SPC_COMMON_CATALORUE '3';
2018-07-30 00:15:49 EXEC SPC_COM_MENU '1';
2018-07-30 00:15:49 EXEC SPC_COMMON_GROUP 'CAT-8';
2018-07-30 00:15:51 EXEC SPC_COM_MENU '1';
2018-07-30 00:15:51 EXEC SPC_COMMON_CATALORUE '1';
2018-07-30 00:15:51 EXEC SPC_COM_MENU '1';
2018-07-30 00:15:51 EXEC SPC_COMMON_GROUP 'CAT-12';
2018-07-30 00:16:13 EXEC SPC_COM_PERMISSION '1','g003';
2018-07-30 00:16:13 EXEC SPC_COM_MENU '1';
2018-07-30 00:16:13 EXEC SPC_COM_M999_INQ1 '7';
2018-07-30 00:16:16 EXEC SPC_COM_MENU '1';
2018-07-30 00:16:16 EXEC SPC_COMMON_CATALORUE '1';
2018-07-30 00:16:22 EXEC SPC_COM_MENU '1';
2018-07-30 00:16:22 EXEC SPC_G003_LST1 '1','CAT-12','10','1';
2018-07-30 00:16:26 EXEC SPC_COM_MENU '1';
2018-07-30 00:16:26 EXEC SPC_G003_LST1 '1','','10','1';
2018-07-30 00:16:28 EXEC SPC_COM_MENU '1';
2018-07-30 00:16:28 EXEC SPC_COMMON_CATALORUE '';
2018-07-30 00:16:30 EXEC SPC_COM_MENU '1';
2018-07-30 00:16:30 EXEC SPC_G003_LST1 '','','10','1';
2018-07-30 00:16:34 EXEC SPC_COM_MENU '1';
2018-07-30 00:16:34 EXEC SPC_COMMON_CATALORUE '4';
2018-07-30 00:16:35 EXEC SPC_COM_MENU '1';
2018-07-30 00:16:35 EXEC SPC_COMMON_CATALORUE '5';
2018-07-30 00:16:36 EXEC SPC_COM_MENU '1';
2018-07-30 00:16:36 EXEC SPC_COMMON_CATALORUE '3';
2018-07-30 00:16:38 EXEC SPC_COM_MENU '1';
2018-07-30 00:16:38 EXEC SPC_COMMON_CATALORUE '4';
2018-07-30 00:16:39 EXEC SPC_COM_MENU '1';
2018-07-30 00:16:39 EXEC SPC_COMMON_CATALORUE '2';
2018-07-30 00:16:40 EXEC SPC_COM_MENU '1';
2018-07-30 00:16:40 EXEC SPC_COMMON_CATALORUE '4';
2018-07-30 00:16:41 EXEC SPC_COM_MENU '1';
2018-07-30 00:16:41 EXEC SPC_COMMON_CATALORUE '3';
2018-07-30 00:16:42 EXEC SPC_COM_MENU '1';
2018-07-30 00:16:42 EXEC SPC_COMMON_CATALORUE '1';
2018-07-30 00:16:43 EXEC SPC_COM_MENU '1';
2018-07-30 00:16:43 EXEC SPC_COMMON_CATALORUE '7';
2018-07-30 00:16:44 EXEC SPC_COM_MENU '1';
2018-07-30 00:16:44 EXEC SPC_COMMON_CATALORUE '4';
2018-07-30 00:16:45 EXEC SPC_COM_MENU '1';
2018-07-30 00:16:45 EXEC SPC_COMMON_CATALORUE '5';
2018-07-30 00:16:46 EXEC SPC_COM_MENU '1';
2018-07-30 00:16:46 EXEC SPC_COMMON_CATALORUE '3';
2018-07-30 00:16:57 EXEC SPC_COM_MENU '1';
2018-07-30 00:17:10 EXEC SPC_COM_PERMISSION '1','g005';
2018-07-30 00:17:10 EXEC SPC_COM_MENU '1';
2018-07-30 00:17:10 EXEC SPC_COM_M999_INQ1 '7';
2018-07-30 00:17:16 EXEC SPC_COM_PERMISSION '1','m003';
2018-07-30 00:17:16 EXEC SPC_COM_MENU '1';
2018-07-30 00:17:16 EXEC SPC_M003_FND1
2018-07-30 00:17:27 EXEC SPC_COM_MENU '1';
2018-07-30 00:17:27 EXEC SPC_M003_LST1 '','','','','10','1';
2018-07-30 00:18:07 EXEC SPC_COM_MENU '1';
2018-07-30 00:18:07 EXEC SPC_COMMON_REFER 'p001','DEP-1';
2018-07-30 00:18:12 EXEC SPC_COM_MENU '1';
2018-07-30 00:18:12 EXEC SPC_COMMON_REFER 'p001','DEP-1';
2018-07-30 00:18:17 EXEC SPC_COM_MENU '1';
2018-07-30 00:18:21 EXEC SPC_COM_MENU '1';
2018-07-30 00:18:21 EXEC SPC_M003_ACT1 '<row row_id="5" avarta="http://eplus.win/uploads/cropped-1500x930-doing-the-impossible_20180601 0909060652521527844312325.jpg" emp_id="EMP-72" family_nm="Tố" first_name="Linh" email="ndq809@gmail.com" cellphone="" sex="1" birth_date="12/11/1993" department_id="DEP-1" employee_div="2" remark="linh gà" />','ndq809','127.0.0.1';
2018-07-30 00:18:21 EXEC SPC_COM_MENU '1';
2018-07-30 00:18:21 EXEC SPC_M003_LST1 '','','','','10','1';
2018-07-30 00:18:45 EXEC SPC_COM_PERMISSION '1','m007';
2018-07-30 00:18:45 EXEC SPC_COM_MENU '1';
2018-07-30 00:18:45 EXEC SPC_M007_FND1
2018-07-30 00:18:51 EXEC SPC_COM_MENU '1';
2018-07-30 00:18:51 EXEC SPC_m007_LST1 '1';
2018-07-30 00:18:54 EXEC SPC_COM_MENU '1';
2018-07-30 00:18:54 EXEC SPC_m007_LST1 '2';
2018-07-30 00:18:59 EXEC SPC_COM_MENU '1';
2018-07-30 00:18:59 EXEC SPC_m007_LST1 '';
2018-07-30 00:19:10 EXEC SPC_COM_MENU '1';
2018-07-30 00:19:30 EXEC SPC_COM_MENU '1';
2018-07-30 00:19:43 EXEC SPC_COM_PERMISSION '1','s002';
2018-07-30 00:19:43 EXEC SPC_COM_MENU '1';
2018-07-30 00:19:43 EXEC SPC_S002_FND1
2018-07-30 00:19:47 EXEC SPC_COM_MENU '1';
2018-07-30 00:19:47 EXEC SPC_S002_LST1 '','','','','10','1';
2018-07-30 00:20:05 EXEC SPC_COM_MENU '1';
2018-07-30 00:20:05 EXEC SPC_COMMON_REFER 'p002','EMP-55';
2018-07-30 00:20:12 EXEC SPC_COM_PERMISSION '1','s003';
2018-07-30 00:20:12 EXEC SPC_COM_MENU '1';
2018-07-30 00:20:12 EXEC SPC_S003_FND1
2018-07-30 00:20:16 EXEC SPC_COM_PERMISSION '1','v001';
2018-07-30 00:20:16 EXEC SPC_COM_MENU '1';
2018-07-30 00:20:21 EXEC SPC_COM_PERMISSION '1','w001';
2018-07-30 00:20:21 EXEC SPC_COM_MENU '1';
2018-07-30 00:20:21 EXEC SPC_W002_FND1
2018-07-30 00:22:02 EXEC SPC_COM_PERMISSION '1','w001';
2018-07-30 00:22:02 EXEC SPC_COM_MENU '1';
2018-07-30 00:22:02 EXEC SPC_W002_FND1
2018-07-30 00:22:46 EXEC SPC_COM_PERMISSION '1','w001';
2018-07-30 00:22:46 EXEC SPC_COM_MENU '1';
2018-07-30 00:22:46 EXEC SPC_W002_FND1
2018-07-30 00:22:48 EXEC SPC_COM_MENU '1';
2018-07-30 00:22:48 EXEC SPC_COMMON_CATALORUE '1';
2018-07-30 00:22:49 EXEC SPC_COM_MENU '1';
2018-07-30 00:22:49 EXEC SPC_COMMON_GROUP 'CAT-12';
2018-07-30 00:23:04 EXEC SPC_COM_PERMISSION '1','w001';
2018-07-30 00:23:04 EXEC SPC_COM_MENU '1';
2018-07-30 00:23:04 EXEC SPC_W002_FND1
2018-07-30 00:23:06 EXEC SPC_COM_MENU '1';
2018-07-30 00:23:06 EXEC SPC_COMMON_CATALORUE '1';
2018-07-30 00:23:07 EXEC SPC_COM_MENU '1';
2018-07-30 00:23:07 EXEC SPC_COMMON_GROUP 'CAT-12';
2018-07-30 00:23:22 EXEC SPC_COM_PERMISSION '1','w001';
2018-07-30 00:23:22 EXEC SPC_COM_MENU '1';
2018-07-30 00:23:22 EXEC SPC_W002_FND1
2018-07-30 00:25:55 EXEC SPC_COM_PERMISSION '1','w001';
2018-07-30 00:25:55 EXEC SPC_COM_MENU '1';
2018-07-30 00:25:55 EXEC SPC_COM_M999_INQ1 '7';
2018-07-30 00:25:58 EXEC SPC_COM_MENU '1';
2018-07-30 00:25:58 EXEC SPC_COMMON_CATALORUE '1';
2018-07-30 00:25:59 EXEC SPC_COM_MENU '1';
2018-07-30 00:25:59 EXEC SPC_COMMON_GROUP 'CAT-12';
2018-07-30 00:26:03 EXEC SPC_COM_PERMISSION '1','w001';
2018-07-30 00:26:03 EXEC SPC_COM_MENU '1';
2018-07-30 00:26:03 EXEC SPC_COM_M999_INQ1 '7';
2018-07-30 00:38:09 EXEC SPC_COM_PERMISSION '1','w001';
2018-07-30 00:38:09 EXEC SPC_COM_MENU '1';
2018-07-30 00:38:09 EXEC SPC_COM_M999_INQ1 '7';
2018-07-30 00:38:11 EXEC SPC_COM_MENU '1';
2018-07-30 00:38:11 EXEC SPC_w001_LST1 '','','','','10','1';
2018-07-30 00:39:32 EXEC SPC_COM_PERMISSION '1','w001';
2018-07-30 00:39:32 EXEC SPC_COM_MENU '1';
2018-07-30 00:39:32 EXEC SPC_COM_M999_INQ1 '7';
2018-07-30 00:39:41 EXEC SPC_COM_PERMISSION '1','w001';
2018-07-30 00:39:41 EXEC SPC_COM_MENU '1';
2018-07-30 00:39:41 EXEC SPC_COM_M999_INQ1 '7';
2018-07-30 00:39:49 EXEC SPC_COM_MENU '1';
2018-07-30 00:39:49 EXEC SPC_COMMON_GROUP 'ăn cơm';
2018-07-30 00:39:51 EXEC SPC_COM_MENU '1';
2018-07-30 00:39:51 EXEC SPC_w001_LST1 '','ăn cơm','','','10','1';
2018-07-30 00:40:26 EXEC SPC_COM_MENU '1';
2018-07-30 00:40:26 EXEC SPC_w001_LST1 '','ăn cơm','lalala','','10','1';
2018-07-30 00:40:39 EXEC SPC_COM_MENU '1';
2018-07-30 00:40:39 EXEC SPC_w001_LST1 '','ăn cơm','thua','','10','1';
2018-07-30 00:40:43 EXEC SPC_COM_MENU '1';
2018-07-30 00:40:43 EXEC SPC_COMMON_CATALORUE '1';
2018-07-30 00:40:44 EXEC SPC_COM_MENU '1';
2018-07-30 00:40:44 EXEC SPC_COMMON_GROUP 'CAT-12';
2018-07-30 00:40:47 EXEC SPC_COM_MENU '1';
2018-07-30 00:40:47 EXEC SPC_w001_LST1 '1','CAT-12','GRO-5','','10','1';
2018-07-30 00:40:50 EXEC SPC_COM_MENU '1';
2018-07-30 00:40:50 EXEC SPC_w001_LST1 '1','CAT-12','GRO-7','','10','1';
2018-07-30 00:40:53 EXEC SPC_COM_MENU '1';
2018-07-30 00:40:53 EXEC SPC_COMMON_CATALORUE '';
2018-07-30 00:40:59 EXEC SPC_COM_MENU '1';
2018-07-30 00:40:59 EXEC SPC_w001_LST1 '','','','','10','1';
2018-07-30 00:41:04 EXEC SPC_COM_MENU '1';
2018-07-30 00:41:04 EXEC SPC_COMMON_CATALORUE '1';
2018-07-30 00:41:06 EXEC SPC_COM_MENU '1';
2018-07-30 00:41:06 EXEC SPC_COMMON_GROUP 'CAT-12';
2018-07-30 00:41:14 EXEC SPC_COM_MENU '1';
2018-07-30 00:41:14 EXEC SPC_COMMON_CATALORUE '';
2018-07-30 00:41:21 EXEC SPC_COM_MENU '1';
2018-07-30 00:41:21 EXEC SPC_COMMON_CATALORUE '1';
2018-07-30 00:41:23 EXEC SPC_COM_MENU '1';
2018-07-30 00:41:23 EXEC SPC_COMMON_GROUP 'CAT-12';
2018-07-30 00:41:29 EXEC SPC_COM_MENU '1';
2018-07-30 00:41:29 EXEC SPC_COMMON_CATALORUE '';
2018-07-30 00:45:05 EXEC SPC_COM_PERMISSION '1','g005';
2018-07-30 00:45:05 EXEC SPC_COM_MENU '1';
2018-07-30 00:45:05 EXEC SPC_COM_M999_INQ1 '7';
2018-07-30 00:45:07 EXEC SPC_COM_MENU '1';
2018-07-30 00:45:07 EXEC SPC_G005_LST1 '','','','10','1';
2018-07-30 00:45:10 EXEC SPC_COM_MENU '1';
2018-07-30 00:45:10 EXEC SPC_COMMON_CATALORUE '1';
2018-07-30 00:45:10 EXEC SPC_COM_MENU '1';
2018-07-30 00:45:10 EXEC SPC_COMMON_GROUP 'CAT-12';
2018-07-30 00:45:15 EXEC SPC_COM_MENU '1';
2018-07-30 00:45:15 EXEC SPC_COMMON_CATALORUE '';
2018-07-30 00:45:24 EXEC SPC_COM_PERMISSION '1','g005';
2018-07-30 00:45:24 EXEC SPC_COM_MENU '1';
2018-07-30 00:45:24 EXEC SPC_COM_M999_INQ1 '7';
2018-07-30 00:45:34 EXEC SPC_COM_PERMISSION '1','w002';
2018-07-30 00:45:34 EXEC SPC_COM_MENU '1';
2018-07-30 00:45:34 EXEC SPC_W002_FND1
2018-07-30 00:45:36 EXEC SPC_COM_PERMISSION '1','w001';
2018-07-30 00:45:36 EXEC SPC_COM_MENU '1';
2018-07-30 00:45:36 EXEC SPC_COM_M999_INQ1 '7';
2018-07-30 01:23:33 EXEC SPC_COM_MENU '1';
2018-07-30 01:23:33 EXEC SPC_w001_LST1 '','','','','10','1';
2018-07-30 01:24:05 EXEC SPC_COM_PERMISSION '1','w001';
2018-07-30 01:24:05 EXEC SPC_COM_MENU '1';
2018-07-30 01:24:05 EXEC SPC_COM_M999_INQ1 '7';
2018-07-30 01:24:06 EXEC SPC_COM_MENU '1';
2018-07-30 01:24:06 EXEC SPC_w001_LST1 '','','','','10','1';
2018-07-30 01:32:28 EXEC SPC_COM_PERMISSION '1','w001';
2018-07-30 01:32:28 EXEC SPC_COM_MENU '1';
2018-07-30 01:32:28 EXEC SPC_COM_M999_INQ1 '7';
2018-07-30 01:32:31 EXEC SPC_COM_MENU '1';
2018-07-30 01:32:31 EXEC SPC_COMMON_CATALORUE '1';
2018-07-30 01:32:32 EXEC SPC_COM_MENU '1';
2018-07-30 01:32:32 EXEC SPC_COMMON_GROUP 'CAT-12';
2018-07-30 01:32:36 EXEC SPC_COM_MENU '1';
2018-07-30 01:32:36 EXEC SPC_COMMON_CATALORUE '';
2018-07-30 01:47:03 EXEC SPC_COM_PERMISSION '1','w001';
2018-07-30 01:47:03 EXEC SPC_COM_MENU '1';
2018-07-30 01:47:03 EXEC SPC_COM_M999_INQ1 '7';
2018-07-30 01:47:08 EXEC SPC_COM_PERMISSION '1','g005';
2018-07-30 01:47:08 EXEC SPC_COM_MENU '1';
2018-07-30 01:47:08 EXEC SPC_COM_M999_INQ1 '7';
2018-07-30 01:47:12 EXEC SPC_COM_MENU '1';
2018-07-30 01:47:12 EXEC SPC_COMMON_CATALORUE '1';
2018-07-30 01:47:13 EXEC SPC_COM_MENU '1';
2018-07-30 01:47:13 EXEC SPC_COMMON_GROUP 'CAT-12';
2018-07-30 01:47:16 EXEC SPC_COM_MENU '1';
2018-07-30 01:47:16 EXEC SPC_COMMON_CATALORUE '';
2018-07-30 01:47:24 EXEC SPC_COM_MENU '1';
2018-07-30 01:47:24 EXEC SPC_COMMON_CATALORUE '1';
2018-07-30 01:47:25 EXEC SPC_COM_MENU '1';
2018-07-30 01:47:25 EXEC SPC_COMMON_GROUP 'CAT-12';
2018-07-30 01:47:30 EXEC SPC_COM_MENU '1';
2018-07-30 01:47:30 EXEC SPC_COMMON_CATALORUE '';
2018-07-30 01:47:33 EXEC SPC_COM_MENU '1';
2018-07-30 01:47:33 EXEC SPC_COMMON_CATALORUE '1';
2018-07-30 01:47:34 EXEC SPC_COM_MENU '1';
2018-07-30 01:47:34 EXEC SPC_COMMON_GROUP 'CAT-12';
2018-07-30 01:47:48 EXEC SPC_COM_MENU '1';
2018-07-30 01:47:48 EXEC SPC_COMMON_CATALORUE '';
2018-07-30 01:47:51 EXEC SPC_COM_MENU '1';
2018-07-30 01:47:51 EXEC SPC_COMMON_CATALORUE '1';
2018-07-30 01:47:53 EXEC SPC_COM_MENU '1';
2018-07-30 01:47:53 EXEC SPC_COMMON_GROUP 'CAT-12';
2018-07-30 01:47:56 EXEC SPC_COM_MENU '1';
2018-07-30 01:47:56 EXEC SPC_COMMON_CATALORUE '';
2018-07-30 01:50:22 EXEC SPC_COM_PERMISSION '1','g005';
2018-07-30 01:50:22 EXEC SPC_COM_MENU '1';
2018-07-30 01:50:22 EXEC SPC_COM_M999_INQ1 '7';
2018-07-30 01:51:04 EXEC SPC_COM_PERMISSION '1','g005';
2018-07-30 01:51:04 EXEC SPC_COM_MENU '1';
2018-07-30 01:51:04 EXEC SPC_COM_M999_INQ1 '7';
2018-07-30 01:51:06 EXEC SPC_COM_MENU '1';
2018-07-30 01:51:06 EXEC SPC_COMMON_CATALORUE '1';
2018-07-30 01:51:07 EXEC SPC_COM_MENU '1';
2018-07-30 01:51:07 EXEC SPC_COMMON_GROUP 'CAT-12';
2018-07-30 01:51:10 EXEC SPC_COM_MENU '1';
2018-07-30 01:51:10 EXEC SPC_COMMON_CATALORUE '';
2018-07-30 01:51:13 EXEC SPC_COM_MENU '1';
2018-07-30 01:51:13 EXEC SPC_COMMON_CATALORUE '1';
2018-07-30 01:51:15 EXEC SPC_COM_MENU '1';
2018-07-30 01:51:15 EXEC SPC_COMMON_GROUP 'CAT-12';
2018-07-30 01:51:18 EXEC SPC_COM_MENU '1';
2018-07-30 01:51:18 EXEC SPC_COMMON_CATALORUE '';
2018-07-30 01:52:33 EXEC SPC_COM_MENU '1';
2018-07-30 01:52:33 EXEC SPC_G005_LST1 '','','','10','1';
2018-07-30 01:52:34 EXEC SPC_COM_MENU '1';
2018-07-30 01:52:34 EXEC SPC_COMMON_CATALORUE '3';
2018-07-30 01:52:35 EXEC SPC_COM_MENU '1';
2018-07-30 01:52:35 EXEC SPC_COMMON_GROUP 'CAT-8';
2018-07-30 01:52:36 EXEC SPC_COM_MENU '1';
2018-07-30 01:52:36 EXEC SPC_COMMON_CATALORUE '3';
2018-07-30 01:52:37 EXEC SPC_COM_MENU '1';
2018-07-30 01:52:37 EXEC SPC_COMMON_GROUP 'CAT-8';
2018-07-30 01:52:37 EXEC SPC_COM_MENU '1';
2018-07-30 01:52:37 EXEC SPC_COMMON_GROUP 'CAT-8';
2018-07-30 01:52:38 EXEC SPC_COM_MENU '1';
2018-07-30 01:52:38 EXEC SPC_COMMON_CATALORUE '4';
2018-07-30 01:52:38 EXEC SPC_COM_MENU '1';
2018-07-30 01:52:38 EXEC SPC_COMMON_GROUP 'CAT-6';
2018-07-30 01:52:40 EXEC SPC_COM_MENU '1';
2018-07-30 01:52:40 EXEC SPC_COMMON_CATALORUE '1';
2018-07-30 01:52:40 EXEC SPC_COM_MENU '1';
2018-07-30 01:52:40 EXEC SPC_COMMON_GROUP 'CAT-12';
2018-07-30 01:52:41 EXEC SPC_COM_MENU '1';
2018-07-30 01:52:41 EXEC SPC_COMMON_CATALORUE '3';
2018-07-30 01:52:41 EXEC SPC_COM_MENU '1';
2018-07-30 01:52:41 EXEC SPC_COMMON_GROUP 'CAT-8';
2018-07-30 01:52:47 EXEC SPC_COM_MENU '1';
2018-07-30 01:52:47 EXEC SPC_COMMON_CATALORUE '4';
2018-07-30 01:52:48 EXEC SPC_COM_MENU '1';
2018-07-30 01:52:48 EXEC SPC_COMMON_GROUP 'CAT-6';
2018-07-30 01:52:49 EXEC SPC_COM_MENU '1';
2018-07-30 01:52:49 EXEC SPC_COMMON_CATALORUE '3';
2018-07-30 01:52:49 EXEC SPC_COM_MENU '1';
2018-07-30 01:52:49 EXEC SPC_COMMON_GROUP 'CAT-8';
2018-07-30 01:52:51 EXEC SPC_COM_MENU '1';
2018-07-30 01:52:51 EXEC SPC_COM_MENU '1';
2018-07-30 01:52:51 EXEC SPC_COMMON_CATALORUE '3';
2018-07-30 01:52:51 EXEC SPC_COMMON_GROUP 'CAT-8';
2018-07-30 01:52:52 EXEC SPC_COM_MENU '1';
2018-07-30 01:52:52 EXEC SPC_COMMON_GROUP 'CAT-8';
2018-07-30 01:52:54 EXEC SPC_COM_MENU '1';
2018-07-30 01:52:54 EXEC SPC_COM_MENU '1';
2018-07-30 01:52:54 EXEC SPC_COMMON_GROUP 'CAT-8';
2018-07-30 01:52:54 EXEC SPC_COMMON_CATALORUE '3';
2018-07-30 01:52:54 EXEC SPC_COM_MENU '1';
2018-07-30 01:52:54 EXEC SPC_COMMON_GROUP 'CAT-8';
2018-07-30 01:52:59 EXEC SPC_COM_MENU '1';
2018-07-30 01:52:59 EXEC SPC_COM_MENU '1';
2018-07-30 01:52:59 EXEC SPC_COMMON_GROUP 'CAT-8';
2018-07-30 01:52:59 EXEC SPC_COM_MENU '1';
2018-07-30 01:52:59 EXEC SPC_COMMON_GROUP 'CAT-8';
2018-07-30 01:53:01 EXEC SPC_COM_MENU '1';
2018-07-30 01:53:01 EXEC SPC_COMMON_CATALORUE '1';
2018-07-30 01:53:02 EXEC SPC_COM_MENU '1';
2018-07-30 01:53:02 EXEC SPC_COMMON_GROUP 'CAT-12';
2018-07-30 01:53:03 EXEC SPC_COM_MENU '1';
2018-07-30 01:53:03 EXEC SPC_COM_MENU '1';
2018-07-30 01:53:03 EXEC SPC_COMMON_CATALORUE '1';

2018-07-30 01:53:03 EXEC SPC_COM_MENU '1';
2018-07-30 01:53:03 EXEC SPC_COMMON_GROUP 'CAT-12';
2018-07-30 01:53:04 EXEC SPC_COM_MENU '1';
2018-07-30 01:53:04 EXEC SPC_COMMON_CATALORUE '3';
2018-07-30 01:53:05 EXEC SPC_COM_MENU '1';
2018-07-30 01:53:05 EXEC SPC_COMMON_GROUP 'CAT-8';
2018-07-30 01:53:05 EXEC SPC_COM_MENU '1';
2018-07-30 01:53:05 EXEC SPC_COMMON_CATALORUE '1';
2018-07-30 01:53:06 EXEC SPC_COM_MENU '1';
2018-07-30 01:53:06 EXEC SPC_COMMON_GROUP 'CAT-12';
2018-07-30 01:53:07 EXEC SPC_COM_MENU '1';
2018-07-30 01:53:07 EXEC SPC_COM_MENU '1';
2018-07-30 01:53:07 EXEC SPC_COMMON_GROUP 'CAT-12';
2018-07-30 01:53:07 EXEC SPC_COMMON_CATALORUE '1';
2018-07-30 01:53:08 EXEC SPC_COM_MENU '1';
2018-07-30 01:53:08 EXEC SPC_COMMON_GROUP 'CAT-12';
2018-07-30 01:53:08 EXEC SPC_COM_MENU '1';
2018-07-30 01:53:08 EXEC SPC_COMMON_CATALORUE '3';
2018-07-30 01:53:09 EXEC SPC_COM_MENU '1';
2018-07-30 01:53:09 EXEC SPC_COMMON_GROUP 'CAT-8';
2018-07-30 01:53:11 EXEC SPC_COM_MENU '1';
2018-07-30 01:53:11 EXEC SPC_COM_MENU '1';
2018-07-30 01:53:11 EXEC SPC_COMMON_GROUP 'CAT-8';
2018-07-30 01:53:11 EXEC SPC_COMMON_CATALORUE '3';
2018-07-30 01:53:11 EXEC SPC_COM_MENU '1';
2018-07-30 01:53:11 EXEC SPC_COMMON_GROUP 'CAT-8';
2018-07-30 01:55:57 EXEC SPC_COM_PERMISSION '1','g005';
2018-07-30 01:55:57 EXEC SPC_COM_MENU '1';
2018-07-30 01:55:57 EXEC SPC_COM_M999_INQ1 '7';
2018-07-30 01:55:59 EXEC SPC_COM_MENU '1';
2018-07-30 01:55:59 EXEC SPC_COMMON_CATALORUE '1';
2018-07-30 01:56:02 EXEC SPC_COM_MENU '1';
2018-07-30 01:56:02 EXEC SPC_COMMON_GROUP 'CAT-12';
2018-07-30 01:56:05 EXEC SPC_COM_MENU '1';
2018-07-30 01:56:05 EXEC SPC_COMMON_CATALORUE '';
2018-07-30 01:56:24 EXEC SPC_COM_PERMISSION '1','g005';
2018-07-30 01:56:24 EXEC SPC_COM_MENU '1';
2018-07-30 01:56:24 EXEC SPC_COM_M999_INQ1 '7';
2018-07-30 01:56:29 EXEC SPC_COM_MENU '1';
2018-07-30 01:56:29 EXEC SPC_COMMON_CATALORUE '1';
2018-07-30 01:56:30 EXEC SPC_COM_MENU '1';
2018-07-30 01:56:30 EXEC SPC_COMMON_GROUP 'CAT-12';
2018-07-30 01:56:33 EXEC SPC_COM_MENU '1';
2018-07-30 01:56:33 EXEC SPC_COMMON_CATALORUE '';
2018-07-30 01:56:36 EXEC SPC_COM_MENU '1';
2018-07-30 01:56:36 EXEC SPC_COMMON_CATALORUE '3';
2018-07-30 01:56:38 EXEC SPC_COM_MENU '1';
2018-07-30 01:56:38 EXEC SPC_COMMON_GROUP 'CAT-8';
2018-07-30 01:56:43 EXEC SPC_COM_MENU '1';
2018-07-30 01:56:43 EXEC SPC_COMMON_CATALORUE '1';
2018-07-30 01:56:45 EXEC SPC_COM_MENU '1';
2018-07-30 01:56:45 EXEC SPC_COMMON_GROUP 'CAT-12';
2018-07-30 01:56:52 EXEC SPC_COM_MENU '1';
2018-07-30 01:56:52 EXEC SPC_COMMON_CATALORUE '2';
2018-07-30 01:56:53 EXEC SPC_COM_MENU '1';
2018-07-30 01:56:53 EXEC SPC_COMMON_GROUP 'CAT-7';
2018-07-30 01:57:17 EXEC SPC_COM_MENU '1';
2018-07-30 01:57:17 EXEC SPC_COMMON_CATALORUE '';
2018-07-30 01:57:30 EXEC SPC_COM_MENU '1';
2018-07-30 01:57:30 EXEC SPC_COMMON_CATALORUE '2';
2018-07-30 01:57:32 EXEC SPC_COM_MENU '1';
2018-07-30 01:57:32 EXEC SPC_COMMON_GROUP 'CAT-7';
2018-07-30 01:58:12 EXEC SPC_COM_MENU '1';
2018-07-30 01:58:12 EXEC SPC_COMMON_CATALORUE '1';
2018-07-30 01:58:14 EXEC SPC_COM_MENU '1';
2018-07-30 01:58:14 EXEC SPC_COMMON_GROUP 'CAT-12';
2018-07-30 01:58:18 EXEC SPC_COM_MENU '1';
2018-07-30 01:58:18 EXEC SPC_COMMON_CATALORUE '1';
2018-07-30 01:58:20 EXEC SPC_COM_MENU '1';
2018-07-30 01:58:20 EXEC SPC_COMMON_GROUP 'CAT-12';
2018-07-30 01:59:12 EXEC SPC_COM_PERMISSION '1','g005';
2018-07-30 01:59:12 EXEC SPC_COM_MENU '1';
2018-07-30 01:59:12 EXEC SPC_COM_M999_INQ1 '7';
2018-07-30 01:59:15 EXEC SPC_COM_MENU '1';
2018-07-30 01:59:15 EXEC SPC_COMMON_CATALORUE '1';
2018-07-30 01:59:16 EXEC SPC_COM_MENU '1';
2018-07-30 01:59:16 EXEC SPC_COMMON_GROUP 'CAT-12';
2018-07-30 01:59:21 EXEC SPC_COM_MENU '1';
2018-07-30 01:59:21 EXEC SPC_COMMON_CATALORUE '1';
2018-07-30 01:59:22 EXEC SPC_COM_MENU '1';
2018-07-30 01:59:22 EXEC SPC_COMMON_GROUP 'CAT-12';
2018-07-30 01:59:31 EXEC SPC_COM_MENU '1';
2018-07-30 01:59:31 EXEC SPC_COMMON_CATALORUE '';
2018-07-30 02:10:52 EXEC SPC_COM_PERMISSION '1','g005';
2018-07-30 02:10:52 EXEC SPC_COM_MENU '1';
2018-07-30 02:10:52 EXEC SPC_COM_M999_INQ1 '7';
2018-07-30 02:10:57 EXEC SPC_COM_MENU '1';
2018-07-30 02:10:57 EXEC SPC_COMMON_CATALORUE '1';
2018-07-30 02:11:00 EXEC SPC_COM_MENU '1';
2018-07-30 02:11:00 EXEC SPC_COMMON_GROUP 'CAT-12';
2018-07-30 02:11:15 EXEC SPC_COM_MENU '1';
2018-07-30 02:11:15 EXEC SPC_COMMON_CATALORUE '';
2018-07-30 02:11:17 EXEC SPC_COM_MENU '1';
2018-07-30 02:11:17 EXEC SPC_COMMON_CATALORUE '1';
2018-07-30 02:11:18 EXEC SPC_COM_MENU '1';
2018-07-30 02:11:19 EXEC SPC_COMMON_GROUP 'CAT-12';
2018-07-30 02:17:50 EXEC SPC_COM_PERMISSION '1','g005';
2018-07-30 02:17:50 EXEC SPC_COM_MENU '1';
2018-07-30 02:17:50 EXEC SPC_COM_M999_INQ1 '7';
2018-07-30 02:17:53 EXEC SPC_COM_MENU '1';
2018-07-30 02:17:53 EXEC SPC_COMMON_CATALORUE '1';
2018-07-30 02:17:55 EXEC SPC_COM_MENU '1';
2018-07-30 02:17:55 EXEC SPC_COMMON_GROUP 'CAT-12';
2018-07-30 02:17:57 EXEC SPC_COM_MENU '1';
2018-07-30 02:17:57 EXEC SPC_COMMON_CATALORUE '';
2018-07-30 02:18:40 EXEC SPC_COM_PERMISSION '1','g005';
2018-07-30 02:18:40 EXEC SPC_COM_MENU '1';
2018-07-30 02:18:40 EXEC SPC_COM_M999_INQ1 '7';
2018-07-30 02:18:42 EXEC SPC_COM_MENU '1';
2018-07-30 02:18:42 EXEC SPC_COMMON_CATALORUE '1';
2018-07-30 02:18:44 EXEC SPC_COM_MENU '1';
2018-07-30 02:18:44 EXEC SPC_COMMON_GROUP 'CAT-12';
2018-07-30 02:18:48 EXEC SPC_COM_MENU '1';
2018-07-30 02:18:48 EXEC SPC_COMMON_CATALORUE '';
2018-07-30 02:18:50 EXEC SPC_COM_MENU '1';
2018-07-30 02:18:50 EXEC SPC_COMMON_CATALORUE '1';
2018-07-30 02:18:53 EXEC SPC_COM_MENU '1';
2018-07-30 02:18:53 EXEC SPC_COMMON_GROUP 'CAT-12';
2018-07-30 02:19:00 EXEC SPC_COM_MENU '1';
2018-07-30 02:19:00 EXEC SPC_COMMON_CATALORUE '2';
2018-07-30 02:19:02 EXEC SPC_COM_MENU '1';
2018-07-30 02:19:02 EXEC SPC_COMMON_GROUP 'CAT-7';
2018-07-30 02:19:05 EXEC SPC_COM_MENU '1';
2018-07-30 02:19:05 EXEC SPC_COMMON_CATALORUE '';
2018-07-30 02:19:33 EXEC SPC_COM_PERMISSION '1','g003';
2018-07-30 02:19:33 EXEC SPC_COM_MENU '1';
2018-07-30 02:19:33 EXEC SPC_COM_M999_INQ1 '7';
2018-07-30 02:19:35 EXEC SPC_COM_MENU '1';
2018-07-30 02:19:35 EXEC SPC_G003_LST1 '','','10','1';
2018-07-30 02:19:37 EXEC SPC_COM_MENU '1';
2018-07-30 02:19:37 EXEC SPC_COMMON_CATALORUE '1';
2018-07-30 02:19:40 EXEC SPC_COM_MENU '1';
2018-07-30 02:19:40 EXEC SPC_COMMON_CATALORUE '';
2018-07-30 02:20:40 EXEC SPC_COM_MENU '1';
2018-07-30 02:20:40 EXEC SPC_COMMON_CATALORUE '5';
2018-07-30 02:20:43 EXEC SPC_COM_MENU '1';
2018-07-30 02:20:43 EXEC SPC_COMMON_CATALORUE '3';
2018-07-30 02:20:45 EXEC SPC_COM_MENU '1';
2018-07-30 02:20:45 EXEC SPC_COMMON_CATALORUE '7';
2018-07-30 02:20:47 EXEC SPC_COM_MENU '1';
2018-07-30 02:20:47 EXEC SPC_COMMON_CATALORUE '4';
2018-07-30 02:20:51 EXEC SPC_COM_MENU '1';
2018-07-30 02:20:51 EXEC SPC_COMMON_CATALORUE '5';
2018-07-30 02:21:09 EXEC SPC_COM_MENU '1';
2018-07-30 02:21:09 EXEC SPC_COMMON_CATALORUE '7';
2018-07-30 02:21:09 EXEC SPC_COM_MENU '1';
2018-07-30 02:21:09 EXEC SPC_COMMON_CATALORUE '5';
2018-07-30 02:21:10 EXEC SPC_COM_MENU '1';
2018-07-30 02:21:10 EXEC SPC_COMMON_CATALORUE '2';
2018-07-30 02:21:11 EXEC SPC_COM_MENU '1';
2018-07-30 02:21:11 EXEC SPC_COMMON_CATALORUE '5';
2018-07-30 02:21:12 EXEC SPC_COM_MENU '1';
2018-07-30 02:21:12 EXEC SPC_COMMON_CATALORUE '4';
2018-07-30 02:21:12 EXEC SPC_COM_MENU '1';
2018-07-30 02:21:12 EXEC SPC_COMMON_CATALORUE '3';
2018-07-30 02:21:13 EXEC SPC_COM_MENU '1';
2018-07-30 02:21:13 EXEC SPC_COMMON_CATALORUE '4';
2018-07-30 02:21:14 EXEC SPC_COM_MENU '1';
2018-07-30 02:21:14 EXEC SPC_COMMON_CATALORUE '2';
2018-07-30 02:41:33 EXEC SPC_COM_PERMISSION '1','g003';
2018-07-30 02:41:33 EXEC SPC_COM_MENU '1';
2018-07-30 02:41:33 EXEC SPC_COM_M999_INQ1 '7';
2018-07-30 02:41:40 EXEC SPC_COM_PERMISSION '1','g005';
2018-07-30 02:41:40 EXEC SPC_COM_MENU '1';
2018-07-30 02:41:40 EXEC SPC_COM_M999_INQ1 '7';
2018-07-30 02:41:44 EXEC SPC_COM_MENU '1';
2018-07-30 02:41:44 EXEC SPC_G005_LST1 '','','','10','1';
2018-07-30 02:41:46 EXEC SPC_COM_MENU '1';
2018-07-30 02:41:46 EXEC SPC_COMMON_CATALORUE '3';
2018-07-30 02:41:46 EXEC SPC_COM_MENU '1';
2018-07-30 02:41:46 EXEC SPC_COMMON_GROUP 'CAT-8';
2018-07-30 02:41:48 EXEC SPC_COM_MENU '1';
2018-07-30 02:41:48 EXEC SPC_COMMON_CATALORUE '1';
2018-07-30 02:41:48 EXEC SPC_COM_MENU '1';
2018-07-30 02:41:48 EXEC SPC_COMMON_GROUP 'CAT-12';
2018-07-30 02:42:13 EXEC SPC_COM_PERMISSION '1','g003';
2018-07-30 02:42:13 EXEC SPC_COM_MENU '1';
2018-07-30 02:42:13 EXEC SPC_COM_M999_INQ1 '7';
2018-07-30 02:42:16 EXEC SPC_COM_MENU '1';
2018-07-30 02:42:16 EXEC SPC_G003_LST1 '','','10','1';
2018-07-30 02:42:17 EXEC SPC_COM_MENU '1';
2018-07-30 02:42:17 EXEC SPC_COMMON_CATALORUE '3';
2018-07-30 02:42:23 EXEC SPC_COM_MENU '1';
2018-07-30 02:42:23 EXEC SPC_COMMON_CATALORUE '';
2018-07-30 02:42:26 EXEC SPC_COM_PERMISSION '1','g003';
2018-07-30 02:42:26 EXEC SPC_COM_MENU '1';
2018-07-30 02:42:26 EXEC SPC_COM_M999_INQ1 '7';
2018-07-30 02:43:11 EXEC SPC_COM_MENU '1';
2018-07-30 02:43:11 EXEC SPC_G003_LST1 '','','10','1';
2018-07-30 02:43:12 EXEC SPC_COM_MENU '1';
2018-07-30 02:43:12 EXEC SPC_COMMON_CATALORUE '4';
2018-07-30 02:43:13 EXEC SPC_COM_MENU '1';
2018-07-30 02:43:13 EXEC SPC_COMMON_CATALORUE '3';
2018-07-30 02:43:15 EXEC SPC_COM_MENU '1';
2018-07-30 02:43:15 EXEC SPC_COMMON_CATALORUE '4';
2018-07-30 02:43:16 EXEC SPC_COM_MENU '1';
2018-07-30 02:43:16 EXEC SPC_COMMON_CATALORUE '4';
2018-07-30 02:43:17 EXEC SPC_COM_MENU '1';
2018-07-30 02:43:17 EXEC SPC_COMMON_CATALORUE '5';
2018-07-30 02:43:18 EXEC SPC_COM_MENU '1';
2018-07-30 02:43:18 EXEC SPC_COMMON_CATALORUE '2';
2018-07-30 02:43:19 EXEC SPC_COM_MENU '1';
2018-07-30 02:43:19 EXEC SPC_COMMON_CATALORUE '5';
2018-07-30 02:43:20 EXEC SPC_COM_MENU '1';
2018-07-30 02:43:20 EXEC SPC_COMMON_CATALORUE '7';
2018-07-30 02:43:52 EXEC SPC_COM_MENU '1';
2018-07-30 02:43:52 EXEC SPC_COMMON_CATALORUE '1';
2018-07-30 07:52:37 EXEC SPC_COM_PERMISSION '1','g001';
2018-07-30 07:52:38 EXEC SPC_COM_MENU '1';
2018-07-30 07:58:47 EXEC SPC_COM_PERMISSION '1','w002';
2018-07-30 07:58:47 EXEC SPC_COM_MENU '1';
2018-07-30 07:58:47 EXEC SPC_W002_FND1
2018-07-30 07:58:48 EXEC SPC_COM_PERMISSION '1','w001';
2018-07-30 07:58:48 EXEC SPC_COM_MENU '1';
2018-07-30 07:58:48 EXEC SPC_COM_M999_INQ1 '7';
2018-07-30 07:58:50 EXEC SPC_COM_MENU '1';
2018-07-30 07:58:50 EXEC SPC_w001_LST1 '','','','','10','1';
2018-07-30 07:59:03 EXEC SPC_COM_MENU '1';
2018-07-30 07:59:03 EXEC SPC_w001_LST1 '','','khóc','','10','1';
2018-07-30 07:59:10 EXEC SPC_COM_MENU '1';
2018-07-30 07:59:10 EXEC SPC_COMMON_GROUP 'lalala';
2018-07-30 08:04:17 EXEC SPC_COM_PERMISSION '1','w001';
2018-07-30 08:04:17 EXEC SPC_COM_MENU '1';
2018-07-30 08:04:17 EXEC SPC_COM_M999_INQ1 '7';
2018-07-30 08:04:19 EXEC SPC_COM_MENU '1';
2018-07-30 08:04:19 EXEC SPC_w001_LST1 '','','','','10','1';
2018-07-30 08:15:29 EXEC SPC_COM_PERMISSION '1','w001';
2018-07-30 08:15:29 EXEC SPC_COM_MENU '1';
2018-07-30 08:15:29 EXEC SPC_COM_M999_INQ1 '7';
2018-07-30 08:15:39 EXEC SPC_COM_MENU '1';
2018-07-30 08:15:39 EXEC SPC_w001_LST1 '','dsadsad','dsadasd','','10','1';
2018-07-30 08:15:42 EXEC SPC_COM_MENU '1';
2018-07-30 08:15:42 EXEC SPC_COMMON_CATALORUE '1';
2018-07-30 08:16:36 EXEC SPC_COM_PERMISSION '1','w001';
2018-07-30 08:16:36 EXEC SPC_COM_MENU '1';
2018-07-30 08:16:36 EXEC SPC_COM_M999_INQ1 '7';
2018-07-30 08:16:38 EXEC SPC_COM_MENU '1';
2018-07-30 08:16:38 EXEC SPC_COMMON_CATALORUE '1';
2018-07-30 08:16:43 EXEC SPC_COM_PERMISSION '1','w001';
2018-07-30 08:16:43 EXEC SPC_COM_MENU '1';
2018-07-30 08:16:43 EXEC SPC_COM_M999_INQ1 '7';
2018-07-30 08:22:11 EXEC SPC_COM_PERMISSION '1','w001';
2018-07-30 08:22:11 EXEC SPC_COM_MENU '1';
2018-07-30 08:22:11 EXEC SPC_COM_M999_INQ1 '7';
2018-07-30 08:22:13 EXEC SPC_COM_MENU '1';
2018-07-30 08:22:13 EXEC SPC_COMMON_CATALORUE '1';
2018-07-30 08:22:16 EXEC SPC_COM_MENU '1';
2018-07-30 08:22:16 EXEC SPC_COMMON_CATALORUE '2';
2018-07-30 08:22:21 EXEC SPC_COM_PERMISSION '1','w001';
2018-07-30 08:22:21 EXEC SPC_COM_MENU '1';
2018-07-30 08:22:21 EXEC SPC_COM_M999_INQ1 '7';
2018-07-30 08:22:24 EXEC SPC_COM_MENU '1';
2018-07-30 08:22:24 EXEC SPC_COMMON_CATALORUE '1';
2018-07-30 08:24:02 EXEC SPC_COM_PERMISSION '1','w001';
2018-07-30 08:24:02 EXEC SPC_COM_MENU '1';
2018-07-30 08:24:02 EXEC SPC_COM_M999_INQ1 '7';
2018-07-30 08:24:09 EXEC SPC_COM_PERMISSION '1','w001';
2018-07-30 08:24:09 EXEC SPC_COM_MENU '1';
2018-07-30 08:24:09 EXEC SPC_COM_M999_INQ1 '7';
2018-07-30 08:25:16 EXEC SPC_COM_PERMISSION '1','w001';
2018-07-30 08:25:16 EXEC SPC_COM_MENU '1';
2018-07-30 08:25:16 EXEC SPC_COM_M999_INQ1 '7';
2018-07-30 08:25:55 EXEC SPC_COM_PERMISSION '1','w001';
2018-07-30 08:25:55 EXEC SPC_COM_MENU '1';
2018-07-30 08:25:55 EXEC SPC_COM_M999_INQ1 '7';
2018-07-30 08:26:12 EXEC SPC_COM_PERMISSION '1','w001';
2018-07-30 08:26:12 EXEC SPC_COM_MENU '1';
2018-07-30 08:26:12 EXEC SPC_COM_M999_INQ1 '7';
2018-07-30 08:26:15 EXEC SPC_COM_MENU '1';
2018-07-30 08:26:15 EXEC SPC_COMMON_CATALORUE '1';
2018-07-30 08:26:17 EXEC SPC_COM_MENU '1';
2018-07-30 08:26:17 EXEC SPC_COMMON_GROUP 'CAT-12';
2018-07-30 08:26:21 EXEC SPC_COM_PERMISSION '1','w001';
2018-07-30 08:26:21 EXEC SPC_COM_MENU '1';
2018-07-30 08:26:21 EXEC SPC_COM_M999_INQ1 '7';
2018-07-30 08:26:23 EXEC SPC_COM_MENU '1';
2018-07-30 08:26:23 EXEC SPC_COMMON_CATALORUE '1';
2018-07-30 08:28:28 EXEC SPC_COM_PERMISSION '1','w001';
2018-07-30 08:28:28 EXEC SPC_COM_MENU '1';
2018-07-30 08:28:28 EXEC SPC_COM_M999_INQ1 '7';
2018-07-30 08:28:30 EXEC SPC_COM_MENU '1';
2018-07-30 08:28:30 EXEC SPC_w001_LST1 '','','','','10','1';
2018-07-30 08:38:06 EXEC SPC_COM_PERMISSION '1','w001';
2018-07-30 08:38:06 EXEC SPC_COM_MENU '1';
2018-07-30 08:38:06 EXEC SPC_COM_M999_INQ1 '7';
2018-07-30 08:38:08 EXEC SPC_COM_MENU '1';
2018-07-30 08:38:08 EXEC SPC_COMMON_CATALORUE '1';
2018-07-30 08:39:00 EXEC SPC_COM_PERMISSION '1','w001';
2018-07-30 08:39:00 EXEC SPC_COM_MENU '1';
2018-07-30 08:39:00 EXEC SPC_COM_M999_INQ1 '7';
2018-07-30 08:39:02 EXEC SPC_COM_MENU '1';
2018-07-30 08:39:02 EXEC SPC_COMMON_CATALORUE '1';
2018-07-30 08:39:10 EXEC SPC_COM_PERMISSION '1','w001';
2018-07-30 08:39:10 EXEC SPC_COM_MENU '1';
2018-07-30 08:39:10 EXEC SPC_COM_M999_INQ1 '7';
2018-07-30 08:47:28 EXEC SPC_COM_PERMISSION '1','w001';
2018-07-30 08:47:28 EXEC SPC_COM_MENU '1';
2018-07-30 08:47:28 EXEC SPC_COM_M999_INQ1 '7';
2018-07-30 08:47:39 EXEC SPC_COM_MENU '1';
2018-07-30 08:47:39 EXEC SPC_w001_LST1 '','dsadasd','fdsfdf','','10','1';
2018-07-30 08:47:59 EXEC SPC_COM_PERMISSION '1','w001';
2018-07-30 08:47:59 EXEC SPC_COM_MENU '1';
2018-07-30 08:47:59 EXEC SPC_COM_M999_INQ1 '7';
2018-07-30 08:48:34 EXEC SPC_COM_PERMISSION '1','w001';
2018-07-30 08:48:34 EXEC SPC_COM_MENU '1';
2018-07-30 08:48:34 EXEC SPC_COM_M999_INQ1 '7';
2018-07-30 08:48:35 EXEC SPC_COM_MENU '1';
2018-07-30 08:48:35 EXEC SPC_COMMON_CATALORUE '1';
2018-07-30 08:48:37 EXEC SPC_COM_MENU '1';
2018-07-30 08:48:37 EXEC SPC_COMMON_GROUP 'CAT-12';
