2018-12-06 00:09:26 EXEC SPC_COM_DATA '','','';
2018-12-06 00:09:29 EXEC SPC_COM_DATA '','','';
2018-12-06 00:09:29 EXEC SPC_RELAX_LST1 '','';
2018-12-06 00:09:30 EXEC SPC_COM_DATA '','','';
2018-12-06 00:09:30 EXEC SPC_RELAX_LST2 '','1','7','','';
2018-12-06 00:09:43 EXEC SPC_COM_DATA '','','';
2018-12-06 00:09:43 EXEC SPC_RELAX_ACT2 '29','','127.0.0.1';
2018-12-06 00:09:53 EXEC SPC_COM_DATA '','','';
2018-12-06 00:09:53 EXEC SPC_RELAX_ACT2 '28','','127.0.0.1';
2018-12-06 00:10:17 EXEC SPC_COM_DATA '','','';
2018-12-06 00:10:17 EXEC SPC_RELAX_ACT2 '30','','127.0.0.1';
2018-12-06 00:11:31 EXEC SPC_COM_DATA '','','';
2018-12-06 00:11:31 EXEC SPC_RELAX_ACT2 '31','','127.0.0.1';
2018-12-06 00:11:36 EXEC SPC_COM_DATA '','','';
2018-12-06 00:11:36 EXEC SPC_WRITING_LST1 '','','','';
2018-12-06 00:11:36 EXEC SPC_COM_DATA '','','';
2018-12-06 00:11:36 EXEC SPC_COMMON_GET_SUGGEST
2018-12-06 00:11:40 EXEC SPC_COM_DATA '','','';
2018-12-06 00:11:43 EXEC SPC_COM_DATA '','','';
2018-12-06 00:11:43 EXEC SPC_RELAX_LST1 '','';
2018-12-06 00:11:43 EXEC SPC_COM_DATA '','','';
2018-12-06 00:11:43 EXEC SPC_RELAX_LST2 '','1','7','','';
2018-12-06 00:11:48 EXEC SPC_COM_DATA '','','';
2018-12-06 00:11:48 EXEC SPC_RELAX_ACT2 '26','','127.0.0.1';
2018-12-06 00:19:40 EXEC SPC_COM_DATA '','','';
2018-12-06 00:19:40 EXEC SPC_SOCIAL_LST1 '21','';
2018-12-06 00:19:44 EXEC SPC_COM_DATA '','','';
2018-12-06 00:19:44 EXEC SPC_SOCIAL_LST2 '21','1','','';
2018-12-06 00:19:50 EXEC SPC_COM_DATA '','','';
2018-12-06 00:19:50 EXEC SPC_SOCIAL_ACT2 '21','','127.0.0.1';
2018-12-06 00:27:36 EXEC SPC_COMMON_ACCOUNT '1','2';
2018-12-06 00:27:36 EXEC SPC_COM_PERMISSION '1','2','w002';
2018-12-06 00:27:36 EXEC SPC_COM_MENU '1';
2018-12-06 00:27:36 EXEC SPC_W002_FND1
2018-12-06 00:27:37 EXEC SPC_COM_MENU '1';
2018-12-06 00:27:37 EXEC SPC_W002_LST1 '2';
2018-12-06 00:27:38 EXEC SPC_COM_MENU '1';
2018-12-06 00:27:38 EXEC SPC_W002_LST2 '2';
2018-12-06 00:27:38 EXEC SPC_COM_MENU '1';
2018-12-06 00:27:38 EXEC SPC_COMMON_GROUP '6';
2018-12-06 00:27:50 EXEC SPC_COM_PERMISSION '1','2','s001';
2018-12-06 00:27:50 EXEC SPC_COM_MENU '1';
2018-12-06 00:27:50 EXEC SPC_S001_FND1
2018-12-06 00:27:53 EXEC SPC_COM_MENU '1';
2018-12-06 00:27:53 EXEC SPC_S001_FND2 '1';
2018-12-06 00:27:55 EXEC SPC_COM_MENU '1';
2018-12-06 00:27:55 EXEC SPC_S001_LST2 '1';
2018-12-06 00:31:09 EXEC SPC_COM_DATA '','','';
2018-12-06 00:31:09 EXEC SPC_RELAX_LST1 '26','';
2018-12-06 00:31:09 EXEC SPC_COM_DATA '','','';
2018-12-06 00:31:09 EXEC SPC_RELAX_LST2 '26','1','7','','';
2018-12-06 00:31:15 EXEC SPC_COM_DATA '','','';
2018-12-06 00:31:15 EXEC SPC_RELAX_ACT2 '26','','127.0.0.1';
2018-12-06 00:43:34 EXEC SPC_COMMON_ACCOUNT '1','1';
2018-12-06 00:43:34 EXEC SPC_COM_DATA 'quypro','1','1';
2018-12-06 00:43:34 EXEC SPC_RELAX_LST1 '26','quypro';
2018-12-06 00:43:35 EXEC SPC_COM_DATA 'quypro','1','1';
2018-12-06 00:43:35 EXEC SPC_RELAX_LST2 '26','1','7','','quypro';
2018-12-06 00:43:40 EXEC SPC_COM_DATA 'quypro','1','1';
2018-12-06 00:43:40 EXEC SPC_RELAX_ACT2 '26','quypro','127.0.0.1';
2018-12-06 00:44:21 EXEC SPC_COM_DATA 'quypro','1','1';
2018-12-06 00:44:21 EXEC SPC_RELAX_LST1 '26','quypro';
2018-12-06 00:44:22 EXEC SPC_COM_DATA 'quypro','1','1';
2018-12-06 00:44:22 EXEC SPC_RELAX_LST2 '26','1','7','','quypro';
2018-12-06 00:44:27 EXEC SPC_COM_DATA 'quypro','1','1';
2018-12-06 00:44:27 EXEC SPC_RELAX_ACT2 '26','quypro','127.0.0.1';
2018-12-06 00:45:26 EXEC SPC_COM_DATA 'quypro','1','1';
2018-12-06 00:45:26 EXEC SPC_RELAX_LST1 '26','quypro';
2018-12-06 00:45:26 EXEC SPC_COM_DATA 'quypro','1','1';
2018-12-06 00:45:26 EXEC SPC_RELAX_LST2 '26','1','7','','quypro';
2018-12-06 00:45:32 EXEC SPC_COM_DATA 'quypro','1','1';
2018-12-06 00:45:32 EXEC SPC_RELAX_ACT2 '26','quypro','127.0.0.1';
2018-12-06 00:45:59 EXEC SPC_COM_DATA 'quypro','1','1';
2018-12-06 00:45:59 EXEC SPC_RELAX_LST1 '26','quypro';
2018-12-06 00:46:00 EXEC SPC_COM_DATA 'quypro','1','1';
2018-12-06 00:46:00 EXEC SPC_RELAX_LST2 '26','1','7','','quypro';
2018-12-06 00:46:05 EXEC SPC_COM_DATA 'quypro','1','1';
2018-12-06 00:46:05 EXEC SPC_RELAX_ACT2 '26','quypro','127.0.0.1';
2018-12-06 00:46:35 EXEC SPC_COM_DATA 'quypro','1','1';
2018-12-06 00:46:35 EXEC SPC_RELAX_LST1 '26','quypro';
2018-12-06 00:46:35 EXEC SPC_COM_DATA 'quypro','1','1';
2018-12-06 00:46:35 EXEC SPC_RELAX_LST2 '26','1','7','','quypro';
2018-12-06 00:46:41 EXEC SPC_COM_DATA 'quypro','1','1';
2018-12-06 00:46:41 EXEC SPC_RELAX_ACT2 '26','quypro','127.0.0.1';
2018-12-06 00:46:41 EXEC SPC_COM_DATA 'quypro','1','1';
2018-12-06 00:46:41 EXEC SPC_RELAX_LST1 '26','quypro';
2018-12-06 00:46:41 EXEC SPC_COM_DATA 'quypro','1','1';
2018-12-06 00:46:41 EXEC SPC_RELAX_LST2 '26','1','7','','quypro';
2018-12-06 00:46:47 EXEC SPC_COM_DATA 'quypro','1','1';
2018-12-06 00:46:47 EXEC SPC_RELAX_ACT2 '26','quypro','127.0.0.1';
2018-12-06 00:49:57 EXEC SPC_COM_DATA 'quypro','1','1';
2018-12-06 00:49:57 EXEC SPC_RELAX_LST1 '26','quypro';
2018-12-06 00:49:58 EXEC SPC_COM_DATA 'quypro','1','1';
2018-12-06 00:49:58 EXEC SPC_RELAX_LST2 '26','1','7','','quypro';
2018-12-06 00:50:03 EXEC SPC_COM_DATA 'quypro','1','1';
2018-12-06 00:50:03 EXEC SPC_RELAX_ACT2 '26','quypro','127.0.0.1';
2018-12-06 00:50:44 EXEC SPC_COM_DATA 'quypro','1','1';
2018-12-06 00:50:44 EXEC SPC_RELAX_LST1 '26','quypro';
2018-12-06 00:50:44 EXEC SPC_COM_DATA 'quypro','1','1';
2018-12-06 00:50:44 EXEC SPC_RELAX_LST2 '26','1','7','','quypro';
2018-12-06 00:50:49 EXEC SPC_COM_DATA 'quypro','1','1';
2018-12-06 00:50:49 EXEC SPC_RELAX_ACT2 '26','quypro','127.0.0.1';
2018-12-06 01:47:49 EXEC SPC_COM_DATA 'quypro','1','1';
2018-12-06 01:47:49 EXEC SPC_RELAX_LST1 '26','quypro';
2018-12-06 01:47:50 EXEC SPC_COM_DATA 'quypro','1','1';
2018-12-06 01:47:50 EXEC SPC_RELAX_LST2 '26','1','7','','quypro';
2018-12-06 01:47:58 EXEC SPC_COM_DATA 'quypro','1','1';
2018-12-06 01:47:58 EXEC SPC_RELAX_LST1 '26','quypro';
2018-12-06 01:47:59 EXEC SPC_COM_DATA 'quypro','1','1';
2018-12-06 01:47:59 EXEC SPC_RELAX_LST2 '26','1','7','','quypro';
2018-12-06 01:48:33 EXEC SPC_COM_DATA 'quypro','1','1';
2018-12-06 01:48:33 EXEC SPC_RELAX_LST1 '26','quypro';
2018-12-06 01:48:33 EXEC SPC_COM_DATA 'quypro','1','1';
2018-12-06 01:48:33 EXEC SPC_RELAX_LST2 '26','1','7','','quypro';
2018-12-06 01:48:38 EXEC SPC_COM_DATA 'quypro','1','1';
2018-12-06 01:48:38 EXEC SPC_RELAX_ACT2 '26','quypro','127.0.0.1';
2018-12-06 01:50:43 EXEC SPC_COM_DATA 'quypro','1','1';
2018-12-06 01:50:43 EXEC SPC_RELAX_LST1 '26','quypro';
2018-12-06 01:50:44 EXEC SPC_COM_DATA 'quypro','1','1';
2018-12-06 01:50:44 EXEC SPC_RELAX_LST2 '26','1','7','','quypro';
2018-12-06 01:50:49 EXEC SPC_COM_DATA 'quypro','1','1';
2018-12-06 01:50:49 EXEC SPC_RELAX_ACT2 '26','quypro','127.0.0.1';
2018-12-06 01:51:23 EXEC SPC_COM_DATA 'quypro','1','1';
2018-12-06 01:51:23 EXEC SPC_RELAX_LST1 '26','quypro';
2018-12-06 01:51:24 EXEC SPC_COM_DATA 'quypro','1','1';
2018-12-06 01:51:24 EXEC SPC_RELAX_LST2 '26','1','7','','quypro';
2018-12-06 01:51:29 EXEC SPC_COM_DATA 'quypro','1','1';
2018-12-06 01:51:29 EXEC SPC_RELAX_ACT2 '26','quypro','127.0.0.1';
2018-12-06 01:52:05 EXEC SPC_COM_DATA 'quypro','1','1';
2018-12-06 01:52:05 EXEC SPC_RELAX_LST1 '26','quypro';
2018-12-06 01:53:09 EXEC SPC_COM_DATA 'quypro','1','1';
2018-12-06 01:53:09 EXEC SPC_RELAX_LST1 '26','quypro';
2018-12-06 01:53:10 EXEC SPC_COM_DATA 'quypro','1','1';
2018-12-06 01:53:10 EXEC SPC_RELAX_LST2 '26','1','7','','quypro';
2018-12-06 01:53:36 EXEC SPC_COM_DATA 'quypro','1','1';
2018-12-06 01:53:36 EXEC SPC_RELAX_LST1 '26','quypro';
2018-12-06 01:53:37 EXEC SPC_COM_DATA 'quypro','1','1';
2018-12-06 01:53:37 EXEC SPC_RELAX_LST2 '26','1','7','','quypro';
2018-12-06 01:53:42 EXEC SPC_COM_DATA 'quypro','1','1';
2018-12-06 01:53:42 EXEC SPC_RELAX_ACT2 '26','quypro','127.0.0.1';
2018-12-06 01:55:25 EXEC SPC_COM_DATA 'quypro','1','1';
2018-12-06 01:55:25 EXEC SPC_RELAX_LST1 '26','quypro';
2018-12-06 01:55:26 EXEC SPC_COM_DATA 'quypro','1','1';
2018-12-06 01:55:26 EXEC SPC_RELAX_LST2 '26','1','7','','quypro';
2018-12-06 01:55:31 EXEC SPC_COM_DATA 'quypro','1','1';
2018-12-06 01:55:31 EXEC SPC_RELAX_ACT2 '26','quypro','127.0.0.1';
2018-12-06 01:57:08 EXEC SPC_COM_DATA 'quypro','1','1';
2018-12-06 01:57:08 EXEC SPC_RELAX_LST1 '26','quypro';
2018-12-06 01:57:09 EXEC SPC_COM_DATA 'quypro','1','1';
2018-12-06 01:57:09 EXEC SPC_RELAX_LST2 '26','1','7','','quypro';
2018-12-06 01:57:11 EXEC SPC_COM_DATA 'quypro','1','1';
2018-12-06 01:57:11 EXEC SPC_RELAX_LST1 '30','quypro';
2018-12-06 01:57:12 EXEC SPC_COM_DATA 'quypro','1','1';
2018-12-06 01:57:12 EXEC SPC_RELAX_LST2 '30','1','7','','quypro';
2018-12-06 01:57:16 EXEC SPC_COM_DATA 'quypro','1','1';
2018-12-06 01:57:16 EXEC SPC_RELAX_LST1 '27','quypro';
2018-12-06 01:57:17 EXEC SPC_COM_DATA 'quypro','1','1';
2018-12-06 01:57:17 EXEC SPC_RELAX_LST2 '27','1','7','','quypro';
2018-12-06 01:57:20 EXEC SPC_COM_DATA 'quypro','1','1';
2018-12-06 01:57:20 EXEC SPC_RELAX_LST1 '26','quypro';
2018-12-06 01:57:20 EXEC SPC_COM_DATA 'quypro','1','1';
2018-12-06 01:57:20 EXEC SPC_RELAX_LST2 '26','1','7','','quypro';
2018-12-06 01:57:22 EXEC SPC_COM_DATA 'quypro','1','1';
2018-12-06 01:57:22 EXEC SPC_RELAX_LST1 '28','quypro';
2018-12-06 01:57:23 EXEC SPC_COM_DATA 'quypro','1','1';
2018-12-06 01:57:23 EXEC SPC_RELAX_LST2 '28','1','7','','quypro';
2018-12-06 01:57:27 EXEC SPC_COM_DATA 'quypro','1','1';
2018-12-06 01:57:27 EXEC SPC_RELAX_LST1 '29','quypro';
2018-12-06 01:57:27 EXEC SPC_COM_DATA 'quypro','1','1';
2018-12-06 01:57:27 EXEC SPC_RELAX_LST2 '29','1','7','','quypro';
2018-12-06 01:57:30 EXEC SPC_COM_DATA 'quypro','1','1';
2018-12-06 01:57:30 EXEC SPC_RELAX_LST1 '31','quypro';
2018-12-06 01:57:31 EXEC SPC_COM_DATA 'quypro','1','1';
2018-12-06 01:57:31 EXEC SPC_RELAX_LST2 '31','1','7','','quypro';
2018-12-06 01:57:53 EXEC SPC_COM_DATA 'quypro','1','1';
2018-12-06 01:57:53 EXEC SPC_RELAX_ACT2 '31','quypro','127.0.0.1';
2018-12-06 02:58:14 EXEC SPC_COM_DATA 'quypro','1','1';
2018-12-06 02:58:14 EXEC SPC_RELAX_LST1 '31','quypro';
2018-12-06 02:58:15 EXEC SPC_COM_DATA 'quypro','1','1';
2018-12-06 02:58:15 EXEC SPC_RELAX_LST2 '31','1','7','','quypro';
2018-12-06 02:58:26 EXEC SPC_COM_DATA 'quypro','1','1';
2018-12-06 02:58:26 EXEC SPC_VOCABULARY_LST1 '','quypro','','';
2018-12-06 02:58:43 EXEC SPC_COM_DATA 'quypro','1','1';
2018-12-06 02:58:43 EXEC SPC_GRAMMAR_LST1 '','quypro','','';
2018-12-06 02:58:51 EXEC SPC_COM_DATA 'quypro','1','1';
2018-12-06 02:58:51 EXEC SPC_LISTENING_LST1 '','quypro','','';
2018-12-06 02:58:54 EXEC SPC_COM_DATA 'quypro','1','1';
2018-12-06 02:58:54 EXEC SPC_WRITING_LST1 '','quypro','','';
2018-12-06 02:58:54 EXEC SPC_COM_DATA 'quypro','1','1';
2018-12-06 02:58:54 EXEC SPC_COMMON_GET_SUGGEST
2018-12-06 02:59:00 EXEC SPC_COM_DATA 'quypro','1','1';
2018-12-06 02:59:00 EXEC SPC_READING_LST1 '','quypro','','';
2018-12-06 02:59:20 EXEC SPC_COM_DATA 'quypro','1','1';
2018-12-06 02:59:20 EXEC SPC_RELAX_LST1 '','quypro';
2018-12-06 02:59:21 EXEC SPC_COM_DATA 'quypro','1','1';
2018-12-06 02:59:21 EXEC SPC_RELAX_LST2 '','1','7','','quypro';
2018-12-06 02:59:24 EXEC SPC_COM_DATA 'quypro','1','1';
2018-12-06 02:59:24 EXEC SPC_TRANSLATE_LST1 '','quypro';
2018-12-06 02:59:29 EXEC SPC_COM_DATA 'quypro','1','1';
2018-12-06 02:59:29 EXEC SPC_SOCIAL_LST1 '','quypro';
2018-12-06 02:59:29 EXEC SPC_COM_DATA 'quypro','1','1';
2018-12-06 02:59:29 EXEC SPC_SOCIAL_LST2 '','1','','quypro';
2018-12-06 02:59:33 EXEC SPC_COM_DATA 'quypro','1','1';
2018-12-06 02:59:33 EXEC SPC_SOCIAL_LST1 '','quypro';
2018-12-06 02:59:34 EXEC SPC_COM_DATA 'quypro','1','1';
2018-12-06 02:59:34 EXEC SPC_SOCIAL_LST2 '','1','','quypro';
2018-12-06 02:59:34 EXEC SPC_COM_DATA 'quypro','1','1';
2018-12-06 02:59:34 EXEC SPC_READING_LST1 '','quypro','','';
2018-12-06 03:00:00 EXEC SPC_COM_DATA 'quypro','1','1';
2018-12-06 03:00:00 EXEC SPC_READING_LST1 '','quypro','','';
2018-12-06 03:00:24 EXEC SPC_COM_DATA 'quypro','1','1';
2018-12-06 03:00:24 EXEC SPC_GRAMMAR_LST1 '','quypro','','';
2018-12-06 03:01:21 EXEC SPC_COM_DATA 'quypro','1','1';
2018-12-06 03:01:21 EXEC SPC_GRAMMAR_LST1 '','quypro','','';
2018-12-06 03:01:22 EXEC SPC_COM_DATA 'quypro','1','1';
2018-12-06 03:01:22 EXEC SPC_GRAMMAR_LST2 '6','7','quypro';
2018-12-06 03:01:31 EXEC SPC_COM_DATA 'quypro','1','1';
2018-12-06 03:01:31 EXEC SPC_VOCABULARY_LST1 '','quypro','6','7';
2018-12-06 03:01:32 EXEC SPC_COM_DATA 'quypro','1','1';
2018-12-06 03:01:32 EXEC SPC_VOCABULARY_LST2 '2','3','quypro';
2018-12-06 03:01:43 EXEC SPC_COM_DATA 'quypro','1','1';
2018-12-06 03:01:43 EXEC SPC_RELAX_LST1 '','quypro';
2018-12-06 03:01:44 EXEC SPC_COM_DATA 'quypro','1','1';
2018-12-06 03:01:44 EXEC SPC_RELAX_LST2 '','1','7','','quypro';
2018-12-06 03:01:56 EXEC SPC_COM_DATA 'quypro','1','1';
2018-12-06 03:01:56 EXEC SPC_RELAX_ACT2 '30','quypro','127.0.0.1';
2018-12-06 03:02:05 EXEC SPC_COM_DATA 'quypro','1','1';
2018-12-06 03:02:05 EXEC SPC_VOCABULARY_LST1 '','quypro','2','3';
2018-12-06 03:02:06 EXEC SPC_COM_DATA 'quypro','1','1';
2018-12-06 03:02:06 EXEC SPC_VOCABULARY_LST2 '2','3','quypro';
2018-12-06 03:02:08 EXEC SPC_COM_DATA 'quypro','1','1';
2018-12-06 03:02:08 EXEC SPC_VOCABULARY_LST1 '','quypro','2','3';
2018-12-06 03:02:09 EXEC SPC_COM_DATA 'quypro','1','1';
2018-12-06 03:02:09 EXEC SPC_VOCABULARY_LST2 '2','3','quypro';
2018-12-06 03:02:17 EXEC SPC_COM_DATA 'quypro','1','1';
2018-12-06 03:02:17 EXEC SPC_LISTENING_LST1 '','quypro','2','3';
2018-12-06 03:02:17 EXEC SPC_COM_DATA 'quypro','1','1';
2018-12-06 03:02:17 EXEC SPC_LISTENING_LST2 '8','8','quypro';
2018-12-06 03:02:19 EXEC SPC_COM_DATA 'quypro','1','1';
2018-12-06 03:02:19 EXEC SPC_GRAMMAR_LST1 '','quypro','8','8';
2018-12-06 03:02:19 EXEC SPC_COM_DATA 'quypro','1','1';
2018-12-06 03:02:19 EXEC SPC_GRAMMAR_LST2 '6','7','quypro';
2018-12-06 04:01:32 EXEC SPC_COM_DATA 'quypro','1','1';
2018-12-06 04:01:32 EXEC SPC_GRAMMAR_LST2 '6','6','quypro';
2018-12-06 04:01:35 EXEC SPC_COM_DATA 'quypro','1','1';
2018-12-06 04:01:35 EXEC SPC_GRAMMAR_LST2 '6','7','quypro';
2018-12-06 04:01:45 EXEC SPC_COM_DATA 'quypro','1','1';
2018-12-06 04:01:45 EXEC SPC_RELAX_LST1 '','quypro';
2018-12-06 04:01:46 EXEC SPC_COM_DATA 'quypro','1','1';
2018-12-06 04:01:46 EXEC SPC_RELAX_LST2 '','1','7','','quypro';
2018-12-06 04:01:51 EXEC SPC_COM_DATA 'quypro','1','1';
2018-12-06 04:01:51 EXEC SPC_RELAX_ACT2 '26','quypro','127.0.0.1';
2018-12-06 04:18:50 EXEC SPC_COM_DATA 'quypro','1','1';
2018-12-06 04:18:50 EXEC SPC_RELAX_ACT2 '27','quypro','127.0.0.1';
2018-12-06 04:22:45 EXEC SPC_COM_DATA 'quypro','1','1';
2018-12-06 04:22:45 EXEC SPC_RELAX_ACT2 '27','quypro','127.0.0.1';
2018-12-06 04:23:02 EXEC SPC_COM_DATA 'quypro','1','1';
2018-12-06 04:23:02 EXEC SPC_RELAX_ACT2 '26','quypro','127.0.0.1';
2018-12-06 04:36:59 EXEC SPC_COM_DATA 'quypro','1','1';
2018-12-06 04:36:59 EXEC SPC_RELAX_LST1 '26','quypro';
2018-12-06 04:37:00 EXEC SPC_COM_DATA 'quypro','1','1';
2018-12-06 04:37:00 EXEC SPC_RELAX_LST2 '26','1','7','','quypro';
2018-12-06 04:37:05 EXEC SPC_COM_DATA 'quypro','1','1';
2018-12-06 04:37:05 EXEC SPC_RELAX_ACT2 '26','quypro','127.0.0.1';
2018-12-06 04:50:51 EXEC SPC_COM_DATA 'quypro','1','1';
2018-12-06 04:50:51 EXEC SPC_RELAX_LST1 '26','quypro';
2018-12-06 04:50:52 EXEC SPC_COM_DATA 'quypro','1','1';
2018-12-06 04:50:52 EXEC SPC_RELAX_LST2 '26','1','7','','quypro';
2018-12-06 04:50:58 EXEC SPC_COM_DATA 'quypro','1','1';
2018-12-06 04:50:58 EXEC SPC_RELAX_ACT2 '26','quypro','127.0.0.1';
2018-12-06 04:56:14 EXEC SPC_COM_DATA 'quypro','1','1';
2018-12-06 04:56:14 EXEC SPC_VOCABULARY_LST1 '','quypro','6','7';
2018-12-06 04:56:15 EXEC SPC_COM_DATA 'quypro','1','1';
2018-12-06 04:56:15 EXEC SPC_VOCABULARY_LST2 '2','3','quypro';
2018-12-06 04:58:47 EXEC SPC_COM_DATA 'quypro','1','1';
2018-12-06 04:58:47 EXEC SPC_RELAX_LST1 '','quypro';
2018-12-06 04:58:48 EXEC SPC_COM_DATA 'quypro','1','1';
2018-12-06 04:58:48 EXEC SPC_RELAX_LST2 '','1','7','','quypro';
2018-12-06 04:58:53 EXEC SPC_COM_DATA 'quypro','1','1';
2018-12-06 04:58:53 EXEC SPC_RELAX_ACT2 '26','quypro','127.0.0.1';
2018-12-06 04:59:43 EXEC SPC_COM_DATA 'quypro','1','1';
2018-12-06 04:59:43 EXEC SPC_RELAX_LST1 '26','quypro';
2018-12-06 04:59:44 EXEC SPC_COM_DATA 'quypro','1','1';
2018-12-06 04:59:44 EXEC SPC_RELAX_LST2 '26','1','7','','quypro';
2018-12-06 04:59:49 EXEC SPC_COM_DATA 'quypro','1','1';
2018-12-06 04:59:49 EXEC SPC_RELAX_ACT2 '26','quypro','127.0.0.1';
2018-12-06 05:00:07 EXEC SPC_COM_DATA 'quypro','1','1';
2018-12-06 05:00:07 EXEC SPC_RELAX_LST1 '26','quypro';
2018-12-06 05:00:08 EXEC SPC_COM_DATA 'quypro','1','1';
2018-12-06 05:00:08 EXEC SPC_RELAX_LST2 '26','1','7','','quypro';
2018-12-06 05:00:13 EXEC SPC_COM_DATA 'quypro','1','1';
2018-12-06 05:00:13 EXEC SPC_RELAX_ACT2 '26','quypro','127.0.0.1';
2018-12-06 05:02:33 EXEC SPC_COM_DATA 'quypro','1','1';
2018-12-06 05:02:33 EXEC SPC_RELAX_LST1 '26','quypro';
2018-12-06 05:02:33 EXEC SPC_COM_DATA 'quypro','1','1';
2018-12-06 05:02:33 EXEC SPC_RELAX_LST2 '26','1','7','','quypro';
2018-12-06 05:02:39 EXEC SPC_COM_DATA 'quypro','1','1';
2018-12-06 05:02:39 EXEC SPC_RELAX_ACT2 '26','quypro','127.0.0.1';
2018-12-06 05:03:25 EXEC SPC_COM_DATA 'quypro','1','1';
2018-12-06 05:03:25 EXEC SPC_RELAX_LST1 '26','quypro';
2018-12-06 05:03:26 EXEC SPC_COM_DATA 'quypro','1','1';
2018-12-06 05:03:26 EXEC SPC_RELAX_LST2 '26','1','7','','quypro';
2018-12-06 05:03:31 EXEC SPC_COM_DATA 'quypro','1','1';
2018-12-06 05:03:31 EXEC SPC_RELAX_ACT2 '26','quypro','127.0.0.1';
2018-12-06 05:10:23 EXEC SPC_COM_DATA 'quypro','1','1';
2018-12-06 05:10:23 EXEC SPC_RELAX_LST1 '26','quypro';
2018-12-06 05:10:24 EXEC SPC_COM_DATA 'quypro','1','1';
2018-12-06 05:10:24 EXEC SPC_RELAX_LST2 '26','1','7','','quypro';
2018-12-06 05:10:29 EXEC SPC_COM_DATA 'quypro','1','1';
2018-12-06 05:10:29 EXEC SPC_RELAX_ACT2 '26','quypro','127.0.0.1';
2018-12-06 05:11:57 EXEC SPC_COM_DATA 'quypro','1','1';
2018-12-06 05:11:57 EXEC SPC_RELAX_LST1 '26','quypro';
2018-12-06 05:11:58 EXEC SPC_COM_DATA 'quypro','1','1';
2018-12-06 05:11:58 EXEC SPC_RELAX_LST2 '26','1','7','','quypro';
2018-12-06 05:12:03 EXEC SPC_COM_DATA 'quypro','1','1';
2018-12-06 05:12:03 EXEC SPC_RELAX_ACT2 '26','quypro','127.0.0.1';
2018-12-06 05:16:53 EXEC SPC_COM_DATA 'quypro','1','1';
2018-12-06 05:16:53 EXEC SPC_RELAX_LST1 '26','quypro';
2018-12-06 05:16:54 EXEC SPC_COM_DATA 'quypro','1','1';
2018-12-06 05:16:54 EXEC SPC_RELAX_LST2 '26','1','7','','quypro';
2018-12-06 05:16:59 EXEC SPC_COM_DATA 'quypro','1','1';
2018-12-06 05:16:59 EXEC SPC_RELAX_ACT2 '26','quypro','127.0.0.1';
2018-12-06 05:27:59 EXEC SPC_COM_DATA 'quypro','1','1';
2018-12-06 05:27:59 EXEC SPC_RELAX_LST2 '','1','8','<row tag_id="67" /><row tag_id="68" /><row tag_id="69" />','quypro';
2018-12-06 05:28:04 EXEC SPC_COM_DATA 'quypro','1','1';
2018-12-06 05:28:04 EXEC SPC_RELAX_LST2 '','1','8','<row tag_id="67" /><row tag_id="68" /><row tag_id="69" />','quypro';
2018-12-06 05:28:09 EXEC SPC_COM_DATA 'quypro','1','1';
2018-12-06 05:28:09 EXEC SPC_RELAX_LST2 '','1','7','','quypro';
2018-12-06 05:28:34 EXEC SPC_COM_DATA 'quypro','1','1';
2018-12-06 05:28:34 EXEC SPC_RELAX_ACT2 '30','quypro','127.0.0.1';
2018-12-06 05:30:21 EXEC SPC_COM_DATA 'quypro','1','1';
2018-12-06 05:30:21 EXEC SPC_RELAX_LST2 '','1','8','<row tag_id="74" /><row tag_id="75" />','quypro';
2018-12-06 05:30:21 EXEC SPC_COM_DATA 'quypro','1','1';
2018-12-06 05:30:21 EXEC SPC_RELAX_LST2 '','1','8','<row tag_id="74" /><row tag_id="75" />','quypro';
2018-12-06 05:30:24 EXEC SPC_COM_DATA 'quypro','1','1';
2018-12-06 05:30:24 EXEC SPC_RELAX_LST2 '','1','8','<row tag_id="73" /><row tag_id="74" />','quypro';
2018-12-06 05:30:26 EXEC SPC_COM_DATA 'quypro','1','1';
2018-12-06 05:30:26 EXEC SPC_RELAX_LST2 '','1','8','<row tag_id="74" /><row tag_id="75" />','quypro';
2018-12-06 05:30:37 EXEC SPC_COM_DATA 'quypro','1','1';
2018-12-06 05:30:37 EXEC SPC_RELAX_ACT2 '30','quypro','127.0.0.1';
2018-12-06 05:33:55 EXEC SPC_COM_DATA 'quypro','1','1';
2018-12-06 05:33:55 EXEC SPC_RELAX_LST1 '30','quypro';
2018-12-06 05:33:56 EXEC SPC_COM_DATA 'quypro','1','1';
2018-12-06 05:33:56 EXEC SPC_RELAX_LST2 '30','1','7','','quypro';
2018-12-06 05:34:06 EXEC SPC_COM_DATA 'quypro','1','1';
2018-12-06 05:34:06 EXEC SPC_RELAX_ACT2 '30','quypro','127.0.0.1';
2018-12-06 05:34:38 EXEC SPC_COM_DATA 'quypro','1','1';
2018-12-06 05:34:38 EXEC SPC_RELAX_LST1 '30','quypro';
2018-12-06 05:34:39 EXEC SPC_COM_DATA 'quypro','1','1';
2018-12-06 05:34:39 EXEC SPC_RELAX_LST2 '30','1','7','','quypro';
2018-12-06 05:34:49 EXEC SPC_COM_DATA 'quypro','1','1';
2018-12-06 05:34:49 EXEC SPC_RELAX_ACT2 '30','quypro','127.0.0.1';
2018-12-06 05:39:13 EXEC SPC_COM_PERMISSION '1','2','w001';
2018-12-06 05:39:14 EXEC SPC_COM_MENU '1';
2018-12-06 05:39:14 EXEC SPC_COM_M999_INQ1 '7';
2018-12-06 05:39:18 EXEC SPC_COM_PERMISSION '1','2','w002';
2018-12-06 05:39:18 EXEC SPC_COM_MENU '1';
2018-12-06 05:39:18 EXEC SPC_W002_FND1
2018-12-06 05:39:22 EXEC SPC_COM_MENU '1';
2018-12-06 05:39:22 EXEC SPC_W002_LST2 '7';
2018-12-06 05:40:37 EXEC SPC_COM_DATA 'quypro','1','1';
2018-12-06 05:40:37 EXEC SPC_RELAX_LST1 '30','quypro';
2018-12-06 05:40:38 EXEC SPC_COM_DATA 'quypro','1','1';
2018-12-06 05:40:38 EXEC SPC_RELAX_LST2 '30','1','7','','quypro';
2018-12-06 05:40:48 EXEC SPC_COM_DATA 'quypro','1','1';
2018-12-06 05:40:48 EXEC SPC_RELAX_ACT2 '30','quypro','127.0.0.1';
2018-12-06 05:43:32 EXEC SPC_COM_DATA 'quypro','1','1';
2018-12-06 05:43:32 EXEC SPC_RELAX_LST1 '30','quypro';
2018-12-06 05:43:33 EXEC SPC_COM_DATA 'quypro','1','1';
2018-12-06 05:43:33 EXEC SPC_RELAX_LST2 '30','1','7','','quypro';
2018-12-06 05:43:34 EXEC SPC_COM_DATA 'quypro','1','1';
2018-12-06 05:43:34 EXEC SPC_RELAX_LST1 '','quypro';
2018-12-06 05:43:35 EXEC SPC_COM_DATA 'quypro','1','1';
2018-12-06 05:43:35 EXEC SPC_RELAX_LST2 '','1','7','','quypro';
2018-12-06 05:43:40 EXEC SPC_COM_DATA 'quypro','1','1';
2018-12-06 05:43:40 EXEC SPC_RELAX_ACT2 '26','quypro','127.0.0.1';
2018-12-06 05:44:15 EXEC SPC_COM_DATA 'quypro','1','1';
2018-12-06 05:44:15 EXEC SPC_RELAX_LST1 '26','quypro';
2018-12-06 05:44:16 EXEC SPC_COM_DATA 'quypro','1','1';
2018-12-06 05:44:16 EXEC SPC_RELAX_LST2 '26','1','7','','quypro';
2018-12-06 05:44:21 EXEC SPC_COM_DATA 'quypro','1','1';
2018-12-06 05:44:21 EXEC SPC_RELAX_ACT2 '26','quypro','127.0.0.1';
2018-12-06 05:45:12 EXEC SPC_COM_DATA 'quypro','1','1';
2018-12-06 05:45:12 EXEC SPC_RELAX_LST1 '26','quypro';
2018-12-06 05:45:13 EXEC SPC_COM_DATA 'quypro','1','1';
2018-12-06 05:45:13 EXEC SPC_RELAX_LST2 '26','1','7','','quypro';
2018-12-06 05:45:18 EXEC SPC_COM_DATA 'quypro','1','1';
2018-12-06 05:45:18 EXEC SPC_RELAX_ACT2 '26','quypro','127.0.0.1';
2018-12-06 05:45:39 EXEC SPC_COM_DATA 'quypro','1','1';
2018-12-06 05:45:39 EXEC SPC_RELAX_LST1 '26','quypro';
2018-12-06 05:45:40 EXEC SPC_COM_DATA 'quypro','1','1';
2018-12-06 05:45:40 EXEC SPC_RELAX_LST2 '26','1','7','','quypro';
2018-12-06 05:45:45 EXEC SPC_COM_DATA 'quypro','1','1';
2018-12-06 05:45:45 EXEC SPC_RELAX_ACT2 '26','quypro','127.0.0.1';
2018-12-06 05:51:27 EXEC SPC_COM_DATA 'quypro','1','1';
2018-12-06 05:51:27 EXEC SPC_RELAX_LST1 '26','quypro';
2018-12-06 05:51:29 EXEC SPC_COM_DATA 'quypro','1','1';
2018-12-06 05:51:29 EXEC SPC_RELAX_LST2 '26','1','7','','quypro';
2018-12-06 05:51:34 EXEC SPC_COM_DATA 'quypro','1','1';
2018-12-06 05:51:34 EXEC SPC_RELAX_ACT2 '26','quypro','127.0.0.1';
2018-12-06 05:52:07 EXEC SPC_COM_DATA 'quypro','1','1';
2018-12-06 05:52:07 EXEC SPC_RELAX_LST1 '26','quypro';
2018-12-06 05:52:08 EXEC SPC_COM_DATA 'quypro','1','1';
2018-12-06 05:52:08 EXEC SPC_RELAX_LST2 '26','1','7','','quypro';
2018-12-06 05:52:13 EXEC SPC_COM_DATA 'quypro','1','1';
2018-12-06 05:52:13 EXEC SPC_RELAX_ACT2 '26','quypro','127.0.0.1';
2018-12-06 05:56:55 EXEC SPC_COM_DATA 'quypro','1','1';
2018-12-06 05:56:55 EXEC SPC_RELAX_LST1 '26','quypro';
2018-12-06 05:56:56 EXEC SPC_COM_DATA 'quypro','1','1';
2018-12-06 05:56:56 EXEC SPC_RELAX_LST2 '26','1','7','','quypro';
2018-12-06 05:57:01 EXEC SPC_COM_DATA 'quypro','1','1';
2018-12-06 05:57:01 EXEC SPC_RELAX_ACT2 '26','quypro','127.0.0.1';
2018-12-06 06:05:38 EXEC SPC_COM_DATA 'quypro','1','1';
2018-12-06 06:05:38 EXEC SPC_RELAX_LST1 '26','quypro';
2018-12-06 06:05:39 EXEC SPC_COM_DATA 'quypro','1','1';
2018-12-06 06:05:39 EXEC SPC_RELAX_LST2 '26','1','7','','quypro';
2018-12-06 06:05:44 EXEC SPC_COM_DATA 'quypro','1','1';
2018-12-06 06:05:44 EXEC SPC_RELAX_ACT2 '26','quypro','127.0.0.1';
2018-12-06 06:09:43 EXEC SPC_COM_DATA 'quypro','1','1';
2018-12-06 06:09:43 EXEC SPC_RELAX_LST1 '26','quypro';
2018-12-06 06:09:43 EXEC SPC_COM_DATA 'quypro','1','1';
2018-12-06 06:09:43 EXEC SPC_RELAX_LST2 '26','1','7','','quypro';
2018-12-06 06:09:49 EXEC SPC_COM_DATA 'quypro','1','1';
2018-12-06 06:09:49 EXEC SPC_RELAX_ACT2 '26','quypro','127.0.0.1';
2018-12-06 06:09:51 EXEC SPC_COM_DATA 'quypro','1','1';
2018-12-06 06:09:51 EXEC SPC_RELAX_LST2 '','1','7','<row tag_id="68" /><row tag_id="72" /><row tag_id="70" />','quypro';
2018-12-06 06:09:56 EXEC SPC_COM_DATA 'quypro','1','1';
2018-12-06 06:09:57 EXEC SPC_RELAX_ACT2 '26','quypro','127.0.0.1';
2018-12-06 06:10:06 EXEC SPC_COM_DATA 'quypro','1','1';
2018-12-06 06:10:06 EXEC SPC_RELAX_ACT2 '26','quypro','127.0.0.1';
2018-12-06 06:10:20 EXEC SPC_COM_DATA 'quypro','1','1';
2018-12-06 06:10:20 EXEC SPC_SOCIAL_LST1 '','quypro';
2018-12-06 06:10:21 EXEC SPC_COM_DATA 'quypro','1','1';
2018-12-06 06:10:21 EXEC SPC_SOCIAL_LST2 '','1','','quypro';
2018-12-06 06:10:26 EXEC SPC_COM_DATA 'quypro','1','1';
2018-12-06 06:10:26 EXEC SPC_SOCIAL_ACT2 '21','quypro','127.0.0.1';
2018-12-06 06:46:14 EXEC SPC_COM_DATA 'quypro','1','1';
2018-12-06 06:46:14 EXEC SPC_RELAX_LST1 '','quypro';
2018-12-06 06:46:16 EXEC SPC_COM_DATA 'quypro','1','1';
2018-12-06 06:46:16 EXEC SPC_RELAX_LST2 '','1','7','','quypro';
2018-12-06 06:46:31 EXEC SPC_COM_DATA 'quypro','1','1';
2018-12-06 06:46:31 EXEC SPC_RELAX_ACT2 '26','quypro','127.0.0.1';
2018-12-06 06:47:19 EXEC SPC_COM_DATA 'quypro','1','1';
2018-12-06 06:47:19 EXEC SPC_RELAX_LST1 '26','quypro';
2018-12-06 06:47:20 EXEC SPC_COM_DATA 'quypro','1','1';
2018-12-06 06:47:20 EXEC SPC_RELAX_LST2 '26','1','7','','quypro';
2018-12-06 06:47:26 EXEC SPC_COM_DATA 'quypro','1','1';
2018-12-06 06:47:26 EXEC SPC_RELAX_ACT2 '26','quypro','127.0.0.1';
2018-12-06 06:47:37 EXEC SPC_COM_DATA 'quypro','1','1';
2018-12-06 06:47:37 EXEC SPC_RELAX_ACT2 '26','quypro','127.0.0.1';
2018-12-06 06:58:11 EXEC SPC_COM_DATA 'quypro','1','1';
2018-12-06 06:58:11 EXEC SPC_RELAX_LST1 '26','quypro';
2018-12-06 06:58:12 EXEC SPC_COM_DATA 'quypro','1','1';
2018-12-06 06:58:12 EXEC SPC_RELAX_LST2 '26','1','7','','quypro';
2018-12-06 06:58:17 EXEC SPC_COM_DATA 'quypro','1','1';
2018-12-06 06:58:17 EXEC SPC_RELAX_ACT2 '26','quypro','127.0.0.1';
2018-12-06 06:59:07 EXEC SPC_COM_DATA 'quypro','1','1';
2018-12-06 06:59:07 EXEC SPC_RELAX_LST1 '26','quypro';
2018-12-06 06:59:07 EXEC SPC_COM_DATA 'quypro','1','1';
2018-12-06 06:59:07 EXEC SPC_RELAX_LST2 '26','1','7','','quypro';
2018-12-06 06:59:12 EXEC SPC_COM_DATA 'quypro','1','1';
2018-12-06 06:59:12 EXEC SPC_RELAX_ACT2 '26','quypro','127.0.0.1';
2018-12-06 07:00:56 EXEC SPC_COM_DATA 'quypro','1','1';
2018-12-06 07:00:56 EXEC SPC_RELAX_LST1 '26','quypro';
2018-12-06 07:00:57 EXEC SPC_COM_DATA 'quypro','1','1';
2018-12-06 07:00:57 EXEC SPC_RELAX_LST2 '26','1','7','','quypro';
2018-12-06 07:01:02 EXEC SPC_COM_DATA 'quypro','1','1';
2018-12-06 07:01:02 EXEC SPC_RELAX_ACT2 '26','quypro','127.0.0.1';
2018-12-06 07:01:21 EXEC SPC_COM_DATA 'quypro','1','1';
2018-12-06 07:01:21 EXEC SPC_RELAX_LST1 '26','quypro';
2018-12-06 07:01:21 EXEC SPC_COM_DATA 'quypro','1','1';
2018-12-06 07:01:21 EXEC SPC_RELAX_LST2 '26','1','7','','quypro';
2018-12-06 07:01:27 EXEC SPC_COM_DATA 'quypro','1','1';
2018-12-06 07:01:27 EXEC SPC_RELAX_ACT2 '26','quypro','127.0.0.1';
2018-12-06 07:01:49 EXEC SPC_COM_DATA 'quypro','1','1';
2018-12-06 07:01:49 EXEC SPC_RELAX_LST1 '26','quypro';
2018-12-06 07:01:49 EXEC SPC_COM_DATA 'quypro','1','1';
2018-12-06 07:01:49 EXEC SPC_RELAX_LST2 '26','1','7','','quypro';
2018-12-06 07:01:55 EXEC SPC_COM_DATA 'quypro','1','1';
2018-12-06 07:01:55 EXEC SPC_RELAX_ACT2 '26','quypro','127.0.0.1';
2018-12-06 07:02:47 EXEC SPC_COM_DATA 'quypro','1','1';
2018-12-06 07:02:47 EXEC SPC_RELAX_LST1 '26','quypro';
2018-12-06 07:02:47 EXEC SPC_COM_DATA 'quypro','1','1';
2018-12-06 07:02:47 EXEC SPC_RELAX_LST2 '26','1','7','','quypro';
2018-12-06 07:02:52 EXEC SPC_COM_DATA 'quypro','1','1';
2018-12-06 07:02:52 EXEC SPC_RELAX_ACT2 '26','quypro','127.0.0.1';
2018-12-06 07:03:23 EXEC SPC_COM_DATA 'quypro','1','1';
2018-12-06 07:03:23 EXEC SPC_RELAX_LST1 '26','quypro';
2018-12-06 07:03:24 EXEC SPC_COM_DATA 'quypro','1','1';
2018-12-06 07:03:24 EXEC SPC_RELAX_LST2 '26','1','7','','quypro';
2018-12-06 07:03:29 EXEC SPC_COM_DATA 'quypro','1','1';
2018-12-06 07:03:29 EXEC SPC_RELAX_ACT2 '26','quypro','127.0.0.1';
2018-12-06 07:04:08 EXEC SPC_COM_DATA 'quypro','1','1';
2018-12-06 07:04:08 EXEC SPC_RELAX_LST1 '26','quypro';
2018-12-06 07:04:09 EXEC SPC_COM_DATA 'quypro','1','1';
2018-12-06 07:04:09 EXEC SPC_RELAX_LST2 '26','1','7','','quypro';
2018-12-06 07:04:14 EXEC SPC_COM_DATA 'quypro','1','1';
2018-12-06 07:04:14 EXEC SPC_RELAX_ACT2 '26','quypro','127.0.0.1';
2018-12-06 07:05:02 EXEC SPC_COM_DATA 'quypro','1','1';
2018-12-06 07:05:02 EXEC SPC_READING_LST1 '','quypro','2','3';
2018-12-06 07:05:03 EXEC SPC_COM_DATA 'quypro','1','1';
2018-12-06 07:05:03 EXEC SPC_READING_LST2 '12','14','quypro';
2018-12-06 07:05:04 EXEC SPC_COM_DATA 'quypro','1','1';
2018-12-06 07:05:04 EXEC SPC_WRITING_LST1 '','quypro','12','14';
2018-12-06 07:05:04 EXEC SPC_COM_DATA 'quypro','1','1';
2018-12-06 07:05:04 EXEC SPC_COMMON_GET_SUGGEST
2018-12-06 07:05:04 EXEC SPC_COM_DATA 'quypro','1','1';
2018-12-06 07:05:04 EXEC SPC_WRITING_LST2 '9','10','quypro';
2018-12-06 07:05:24 EXEC SPC_COM_DATA 'quypro','1','1';
2018-12-06 07:05:24 EXEC SPC_WRITING_LST1 '15','quypro','9','10';
2018-12-06 07:05:24 EXEC SPC_COM_DATA 'quypro','1','1';
2018-12-06 07:05:24 EXEC SPC_COMMON_GET_SUGGEST
2018-12-06 07:05:24 EXEC SPC_COM_DATA 'quypro','1','1';
2018-12-06 07:05:24 EXEC SPC_WRITING_LST2 '9','10','quypro';
2018-12-06 07:05:32 EXEC SPC_COM_DATA 'quypro','1','1';
2018-12-06 07:05:32 EXEC SPC_WRITING_LST1 '15','quypro','9','10';
2018-12-06 07:05:33 EXEC SPC_COM_DATA 'quypro','1','1';
2018-12-06 07:05:33 EXEC SPC_COMMON_GET_SUGGEST
2018-12-06 07:05:33 EXEC SPC_COM_DATA 'quypro','1','1';
2018-12-06 07:05:33 EXEC SPC_WRITING_LST2 '9','10','quypro';
2018-12-06 07:05:39 EXEC SPC_COM_DATA 'quypro','1','1';
2018-12-06 07:05:39 EXEC SPC_WRITING_LST1 '7','quypro','9','10';
2018-12-06 07:05:40 EXEC SPC_COM_DATA 'quypro','1','1';
2018-12-06 07:05:40 EXEC SPC_COMMON_GET_SUGGEST
2018-12-06 07:05:40 EXEC SPC_COM_DATA 'quypro','1','1';
2018-12-06 07:05:40 EXEC SPC_WRITING_LST2 '9','10','quypro';
2018-12-06 07:05:44 EXEC SPC_COM_DATA 'quypro','1','1';
2018-12-06 07:05:44 EXEC SPC_WRITING_ACT1 '4','15','<row tag_id="65" is_new="0" /><row tag_id="66" is_new="0" />','THE GAMER','<p style="margin-left:0px; margin-right:0px; text-align:justify">I cannot imagine living my life without my family by my side. Family is very important and valuable to me and is something that should never be taken for granted. Without my family, a large part of my life and culture would be missing.</p>

<p style="margin-left:0px; margin-right:0px; text-align:justify">Whether it&rsquo;s my grandparent, my two sisters, my mom, or my dad, I know I can always count on someone to help me feel better. In fact, I think that this is probably the most important thing that my family has taught me; a family is made up of people who you can trust and who you can count on.</p>

<p style="margin-left:0px; margin-right:0px; text-align:justify">Luckily, I&rsquo;m a little more grown up now; I can go into school by myself, and in a couple of years, when I go away to college, I&rsquo;ll really have to go to school by myself. There will be no one who I will know at college. Of course I know I&rsquo;ll make friends, but none of them will mean as much to me as my family does&hellip;..</p>','','quypro','127.0.0.1';
2018-12-06 07:06:07 EXEC SPC_COM_DATA 'quypro','1','1';
2018-12-06 07:06:07 EXEC SPC_WRITING_ACT1 '4','15','','THE GAMER','<p style="margin-left:0px; margin-right:0px; text-align:justify">I cannot imagine living my life without my family by my side. Family is very important and valuable to me and is something that should never be taken for granted. Without my family, a large part of my life and culture would be missing.</p>

<p style="margin-left:0px; margin-right:0px; text-align:justify">Whether it&rsquo;s my grandparent, my two sisters, my mom, or my dad, I know I can always count on someone to help me feel better. In fact, I think that this is probably the most important thing that my family has taught me; a family is made up of people who you can trust and who you can count on.</p>

<p style="margin-left:0px; margin-right:0px; text-align:justify">Luckily, I&rsquo;m a little more grown up now; I can go into school by myself, and in a couple of years, when I go away to college, I&rsquo;ll really have to go to school by myself. There will be no one who I will know at college. Of course I know I&rsquo;ll make friends, but none of them will mean as much to me as my family does&hellip;..</p>','','quypro','127.0.0.1';
2018-12-06 07:06:15 EXEC SPC_COM_DATA 'quypro','1','1';
2018-12-06 07:06:15 EXEC SPC_WRITING_ACT1 '4','15','<row tag_id="1" is_new="0" /><row tag_id="9" is_new="0" />','THE GAMER','<p style="margin-left:0px; margin-right:0px; text-align:justify">I cannot imagine living my life without my family by my side. Family is very important and valuable to me and is something that should never be taken for granted. Without my family, a large part of my life and culture would be missing.</p>

<p style="margin-left:0px; margin-right:0px; text-align:justify">Whether it&rsquo;s my grandparent, my two sisters, my mom, or my dad, I know I can always count on someone to help me feel better. In fact, I think that this is probably the most important thing that my family has taught me; a family is made up of people who you can trust and who you can count on.</p>

<p style="margin-left:0px; margin-right:0px; text-align:justify">Luckily, I&rsquo;m a little more grown up now; I can go into school by myself, and in a couple of years, when I go away to college, I&rsquo;ll really have to go to school by myself. There will be no one who I will know at college. Of course I know I&rsquo;ll make friends, but none of them will mean as much to me as my family does&hellip;..</p>','','quypro','127.0.0.1';
2018-12-06 07:06:19 EXEC SPC_COM_DATA 'quypro','1','1';
2018-12-06 07:06:19 EXEC SPC_SOCIAL_LST1 '','quypro';
2018-12-06 07:06:19 EXEC SPC_COM_DATA 'quypro','1','1';
2018-12-06 07:06:19 EXEC SPC_SOCIAL_LST2 '','1','','quypro';
2018-12-06 07:06:27 EXEC SPC_COM_DATA 'quypro','1','1';
2018-12-06 07:06:27 EXEC SPC_SOCIAL_LST1 '21','quypro';
2018-12-06 07:06:27 EXEC SPC_COM_DATA 'quypro','1','1';
2018-12-06 07:06:27 EXEC SPC_SOCIAL_LST2 '21','1','','quypro';
2018-12-06 07:06:29 EXEC SPC_COM_DATA 'quypro','1','1';
2018-12-06 07:06:29 EXEC SPC_SOCIAL_LST1 '16','quypro';
2018-12-06 07:06:30 EXEC SPC_COM_DATA 'quypro','1','1';
2018-12-06 07:06:30 EXEC SPC_SOCIAL_LST2 '16','1','','quypro';
2018-12-06 07:06:32 EXEC SPC_COM_DATA 'quypro','1','1';
2018-12-06 07:06:32 EXEC SPC_SOCIAL_LST1 '','quypro';
2018-12-06 07:06:33 EXEC SPC_COM_DATA 'quypro','1','1';
2018-12-06 07:06:33 EXEC SPC_SOCIAL_LST2 '','1','','quypro';
2018-12-06 07:06:41 EXEC SPC_COM_DATA 'quypro','1','1';
2018-12-06 07:06:41 EXEC SPC_SOCIAL_LST2 '','1','','quypro';
2018-12-06 07:06:57 EXEC SPC_COM_DATA 'quypro','1','1';
2018-12-06 07:06:57 EXEC SPC_SOCIAL_LST2 '','2','','quypro';
2018-12-06 07:06:58 EXEC SPC_COM_DATA 'quypro','1','1';
2018-12-06 07:06:58 EXEC SPC_SOCIAL_LST2 '','3','','quypro';
2018-12-06 07:07:07 EXEC SPC_COM_DATA 'quypro','1','1';
2018-12-06 07:07:07 EXEC SPC_RELAX_LST1 '','quypro';
2018-12-06 07:07:08 EXEC SPC_COM_DATA 'quypro','1','1';
2018-12-06 07:07:08 EXEC SPC_RELAX_LST2 '','1','7','','quypro';
2018-12-06 07:07:13 EXEC SPC_COM_DATA 'quypro','1','1';
2018-12-06 07:07:13 EXEC SPC_RELAX_ACT2 '26','quypro','127.0.0.1';
2018-12-06 07:07:33 EXEC SPC_COM_DATA 'quypro','1','1';
2018-12-06 07:07:34 EXEC SPC_WRITING_LST1 '','quypro','9','10';
2018-12-06 07:07:34 EXEC SPC_COM_DATA 'quypro','1','1';
2018-12-06 07:07:34 EXEC SPC_COMMON_GET_SUGGEST
2018-12-06 07:07:34 EXEC SPC_COM_DATA 'quypro','1','1';
2018-12-06 07:07:34 EXEC SPC_WRITING_LST2 '9','10','quypro';
2018-12-06 07:08:03 EXEC SPC_COM_DATA 'quypro','1','1';
2018-12-06 07:08:03 EXEC SPC_RELAX_LST1 '','quypro';
2018-12-06 07:08:03 EXEC SPC_COM_DATA 'quypro','1','1';
2018-12-06 07:08:03 EXEC SPC_RELAX_LST2 '','1','7','','quypro';
2018-12-06 07:08:08 EXEC SPC_COM_DATA 'quypro','1','1';
2018-12-06 07:08:08 EXEC SPC_RELAX_ACT2 '26','quypro','127.0.0.1';
2018-12-06 07:09:17 EXEC SPC_COM_DATA 'quypro','1','1';
2018-12-06 07:09:17 EXEC SPC_RELAX_LST1 '26','quypro';
2018-12-06 07:09:18 EXEC SPC_COM_DATA 'quypro','1','1';
2018-12-06 07:09:18 EXEC SPC_RELAX_LST2 '26','1','7','','quypro';
2018-12-06 07:09:23 EXEC SPC_COM_DATA 'quypro','1','1';
2018-12-06 07:09:23 EXEC SPC_RELAX_ACT2 '26','quypro','127.0.0.1';
2018-12-06 07:10:01 EXEC SPC_COM_DATA 'quypro','1','1';
2018-12-06 07:10:01 EXEC SPC_RELAX_LST1 '26','quypro';
2018-12-06 07:10:02 EXEC SPC_COM_DATA 'quypro','1','1';
2018-12-06 07:10:02 EXEC SPC_RELAX_LST2 '26','1','7','','quypro';
2018-12-06 07:10:07 EXEC SPC_COM_DATA 'quypro','1','1';
2018-12-06 07:10:07 EXEC SPC_RELAX_ACT2 '26','quypro','127.0.0.1';
2018-12-06 07:11:39 EXEC SPC_COM_DATA 'quypro','1','1';
2018-12-06 07:11:39 EXEC SPC_RELAX_LST1 '26','quypro';
2018-12-06 07:11:40 EXEC SPC_COM_DATA 'quypro','1','1';
2018-12-06 07:11:40 EXEC SPC_RELAX_LST2 '26','1','7','','quypro';
2018-12-06 07:11:45 EXEC SPC_COM_DATA 'quypro','1','1';
2018-12-06 07:11:45 EXEC SPC_RELAX_ACT2 '26','quypro','127.0.0.1';
2018-12-06 07:12:05 EXEC SPC_COM_DATA 'quypro','1','1';
2018-12-06 07:12:05 EXEC SPC_RELAX_LST1 '26','quypro';
2018-12-06 07:12:06 EXEC SPC_COM_DATA 'quypro','1','1';
2018-12-06 07:12:06 EXEC SPC_RELAX_LST2 '26','1','7','','quypro';
2018-12-06 07:12:11 EXEC SPC_COM_DATA 'quypro','1','1';
2018-12-06 07:12:11 EXEC SPC_RELAX_ACT2 '26','quypro','127.0.0.1';
2018-12-06 07:12:40 EXEC SPC_COM_DATA 'quypro','1','1';
2018-12-06 07:12:40 EXEC SPC_RELAX_LST1 '26','quypro';
2018-12-06 07:12:40 EXEC SPC_COM_DATA 'quypro','1','1';
2018-12-06 07:12:40 EXEC SPC_RELAX_LST2 '26','1','7','','quypro';
2018-12-06 07:12:46 EXEC SPC_COM_DATA 'quypro','1','1';
2018-12-06 07:12:46 EXEC SPC_RELAX_ACT2 '26','quypro','127.0.0.1';
2018-12-06 07:14:32 EXEC SPC_COM_DATA 'quypro','1','1';
2018-12-06 07:14:32 EXEC SPC_RELAX_LST1 '26','quypro';
2018-12-06 07:14:33 EXEC SPC_COM_DATA 'quypro','1','1';
2018-12-06 07:14:33 EXEC SPC_RELAX_LST2 '26','1','7','','quypro';
2018-12-06 07:14:38 EXEC SPC_COM_DATA 'quypro','1','1';
2018-12-06 07:14:38 EXEC SPC_RELAX_ACT2 '26','quypro','127.0.0.1';
2018-12-06 07:14:48 EXEC SPC_COM_DATA 'quypro','1','1';
2018-12-06 07:14:48 EXEC SPC_RELAX_LST1 '26','quypro';
2018-12-06 07:14:48 EXEC SPC_COM_DATA 'quypro','1','1';
2018-12-06 07:14:48 EXEC SPC_RELAX_LST2 '26','1','7','','quypro';
2018-12-06 07:14:54 EXEC SPC_COM_DATA 'quypro','1','1';
2018-12-06 07:14:54 EXEC SPC_RELAX_ACT2 '26','quypro','127.0.0.1';
2018-12-06 07:15:18 EXEC SPC_COM_DATA 'quypro','1','1';
2018-12-06 07:15:18 EXEC SPC_GRAMMAR_LST1 '','quypro','9','10';
2018-12-06 07:15:19 EXEC SPC_COM_DATA 'quypro','1','1';
2018-12-06 07:15:19 EXEC SPC_GRAMMAR_LST2 '6','7','quypro';
2018-12-06 07:15:19 EXEC SPC_COM_DATA 'quypro','1','1';
2018-12-06 07:15:19 EXEC SPC_WRITING_LST1 '','quypro','6','7';
2018-12-06 07:15:20 EXEC SPC_COM_DATA 'quypro','1','1';
2018-12-06 07:15:20 EXEC SPC_COMMON_GET_SUGGEST
2018-12-06 07:15:20 EXEC SPC_COM_DATA 'quypro','1','1';
2018-12-06 07:15:20 EXEC SPC_WRITING_LST2 '9','10','quypro';
2018-12-06 07:15:23 EXEC SPC_COM_DATA 'quypro','1','1';
2018-12-06 07:15:23 EXEC SPC_WRITING_ACT1 '4','15','<row tag_id="1" is_new="0" /><row tag_id="9" is_new="0" />','THE GAMER','<p style="margin-left:0px; margin-right:0px; text-align:justify">I cannot imagine living my life without my family by my side. Family is very important and valuable to me and is something that should never be taken for granted. Without my family, a large part of my life and culture would be missing.</p>

<p style="margin-left:0px; margin-right:0px; text-align:justify">Whether it&rsquo;s my grandparent, my two sisters, my mom, or my dad, I know I can always count on someone to help me feel better. In fact, I think that this is probably the most important thing that my family has taught me; a family is made up of people who you can trust and who you can count on.</p>

<p style="margin-left:0px; margin-right:0px; text-align:justify">Luckily, I&rsquo;m a little more grown up now; I can go into school by myself, and in a couple of years, when I go away to college, I&rsquo;ll really have to go to school by myself. There will be no one who I will know at college. Of course I know I&rsquo;ll make friends, but none of them will mean as much to me as my family does&hellip;..</p>','','quypro','127.0.0.1';
2018-12-06 07:15:29 EXEC SPC_COM_DATA 'quypro','1','1';
2018-12-06 07:15:29 EXEC SPC_WRITING_ACT1 '4','15','','THE GAMER','<p style="margin-left:0px; margin-right:0px; text-align:justify">I cannot imagine living my life without my family by my side. Family is very important and valuable to me and is something that should never be taken for granted. Without my family, a large part of my life and culture would be missing.</p>

<p style="margin-left:0px; margin-right:0px; text-align:justify">Whether it&rsquo;s my grandparent, my two sisters, my mom, or my dad, I know I can always count on someone to help me feel better. In fact, I think that this is probably the most important thing that my family has taught me; a family is made up of people who you can trust and who you can count on.</p>

<p style="margin-left:0px; margin-right:0px; text-align:justify">Luckily, I&rsquo;m a little more grown up now; I can go into school by myself, and in a couple of years, when I go away to college, I&rsquo;ll really have to go to school by myself. There will be no one who I will know at college. Of course I know I&rsquo;ll make friends, but none of them will mean as much to me as my family does&hellip;..</p>','','quypro','127.0.0.1';
2018-12-06 07:15:36 EXEC SPC_COM_DATA 'quypro','1','1';
2018-12-06 07:15:37 EXEC SPC_WRITING_ACT1 '4','15','<row tag_id="9" is_new="0" /><row tag_id="15" is_new="0" /><row tag_id="8" is_new="0" />','THE GAMER','<p style="margin-left:0px; margin-right:0px; text-align:justify">I cannot imagine living my life without my family by my side. Family is very important and valuable to me and is something that should never be taken for granted. Without my family, a large part of my life and culture would be missing.</p>

<p style="margin-left:0px; margin-right:0px; text-align:justify">Whether it&rsquo;s my grandparent, my two sisters, my mom, or my dad, I know I can always count on someone to help me feel better. In fact, I think that this is probably the most important thing that my family has taught me; a family is made up of people who you can trust and who you can count on.</p>

<p style="margin-left:0px; margin-right:0px; text-align:justify">Luckily, I&rsquo;m a little more grown up now; I can go into school by myself, and in a couple of years, when I go away to college, I&rsquo;ll really have to go to school by myself. There will be no one who I will know at college. Of course I know I&rsquo;ll make friends, but none of them will mean as much to me as my family does&hellip;..</p>','','quypro','127.0.0.1';
2018-12-06 07:15:41 EXEC SPC_COM_DATA 'quypro','1','1';
2018-12-06 07:15:41 EXEC SPC_RELAX_LST1 '','quypro';
2018-12-06 07:15:41 EXEC SPC_COM_DATA 'quypro','1','1';
2018-12-06 07:15:41 EXEC SPC_RELAX_LST2 '','1','7','','quypro';
2018-12-06 07:15:47 EXEC SPC_COM_DATA 'quypro','1','1';
2018-12-06 07:15:47 EXEC SPC_RELAX_ACT2 '26','quypro','127.0.0.1';
2018-12-06 07:19:13 EXEC SPC_COM_DATA 'quypro','1','1';
2018-12-06 07:19:13 EXEC SPC_RELAX_LST1 '26','quypro';
2018-12-06 07:19:15 EXEC SPC_COM_DATA 'quypro','1','1';
2018-12-06 07:19:15 EXEC SPC_RELAX_LST2 '26','1','7','','quypro';
2018-12-06 07:19:20 EXEC SPC_COM_DATA 'quypro','1','1';
2018-12-06 07:19:20 EXEC SPC_RELAX_ACT2 '26','quypro','127.0.0.1';
2018-12-06 07:22:18 EXEC SPC_COM_DATA 'quypro','1','1';
2018-12-06 07:22:18 EXEC SPC_RELAX_LST1 '26','quypro';
2018-12-06 07:22:19 EXEC SPC_COM_DATA 'quypro','1','1';
2018-12-06 07:22:19 EXEC SPC_RELAX_LST2 '26','1','7','','quypro';
2018-12-06 07:22:24 EXEC SPC_COM_DATA 'quypro','1','1';
2018-12-06 07:22:24 EXEC SPC_RELAX_ACT2 '26','quypro','127.0.0.1';
2018-12-06 07:24:06 EXEC SPC_COM_DATA 'quypro','1','1';
2018-12-06 07:24:06 EXEC SPC_RELAX_LST1 '26','quypro';
2018-12-06 07:24:07 EXEC SPC_COM_DATA 'quypro','1','1';
2018-12-06 07:24:07 EXEC SPC_RELAX_LST2 '26','1','7','','quypro';
2018-12-06 07:24:12 EXEC SPC_COM_DATA 'quypro','1','1';
2018-12-06 07:24:12 EXEC SPC_RELAX_ACT2 '26','quypro','127.0.0.1';
2018-12-06 07:25:23 EXEC SPC_COM_DATA 'quypro','1','1';
2018-12-06 07:25:23 EXEC SPC_RELAX_LST1 '26','quypro';
2018-12-06 07:25:24 EXEC SPC_COM_DATA 'quypro','1','1';
2018-12-06 07:25:24 EXEC SPC_RELAX_LST2 '26','1','7','','quypro';
2018-12-06 07:25:29 EXEC SPC_COM_DATA 'quypro','1','1';
2018-12-06 07:25:29 EXEC SPC_RELAX_ACT2 '26','quypro','127.0.0.1';
2018-12-06 07:26:47 EXEC SPC_COM_DATA 'quypro','1','1';
2018-12-06 07:26:47 EXEC SPC_RELAX_LST1 '26','quypro';
2018-12-06 07:26:48 EXEC SPC_COM_DATA 'quypro','1','1';
2018-12-06 07:26:48 EXEC SPC_RELAX_LST2 '26','1','7','','quypro';
2018-12-06 07:26:53 EXEC SPC_COM_DATA 'quypro','1','1';
2018-12-06 07:26:53 EXEC SPC_RELAX_ACT2 '26','quypro','127.0.0.1';
2018-12-06 07:27:51 EXEC SPC_COM_DATA 'quypro','1','1';
2018-12-06 07:27:51 EXEC SPC_RELAX_LST1 '26','quypro';
2018-12-06 07:27:51 EXEC SPC_COM_DATA 'quypro','1','1';
2018-12-06 07:27:51 EXEC SPC_RELAX_LST2 '26','1','7','','quypro';
2018-12-06 07:27:56 EXEC SPC_COM_DATA 'quypro','1','1';
2018-12-06 07:27:57 EXEC SPC_RELAX_ACT2 '26','quypro','127.0.0.1';
2018-12-06 07:28:55 EXEC SPC_COM_MENU '1';
2018-12-06 07:29:14 EXEC SPC_COM_DATA '','','';
2018-12-06 07:29:14 EXEC SPC_SOCIAL_LST1 '21','';
2018-12-06 07:32:07 EXEC SPC_COM_DATA 'quypro','1','1';
2018-12-06 07:32:07 EXEC SPC_RELAX_LST1 '26','quypro';
2018-12-06 07:32:08 EXEC SPC_COM_DATA 'quypro','1','1';
2018-12-06 07:32:08 EXEC SPC_RELAX_LST2 '26','1','7','','quypro';
2018-12-06 07:32:13 EXEC SPC_COM_DATA 'quypro','1','1';
2018-12-06 07:32:13 EXEC SPC_RELAX_ACT2 '26','quypro','127.0.0.1';
2018-12-06 07:33:37 EXEC SPC_COM_DATA 'quypro','1','1';
2018-12-06 07:33:37 EXEC SPC_RELAX_LST1 '26','quypro';
2018-12-06 07:33:38 EXEC SPC_COM_DATA 'quypro','1','1';
2018-12-06 07:33:38 EXEC SPC_RELAX_LST2 '26','1','7','','quypro';
2018-12-06 07:33:44 EXEC SPC_COM_DATA 'quypro','1','1';
2018-12-06 07:33:44 EXEC SPC_RELAX_ACT2 '26','quypro','127.0.0.1';
2018-12-06 07:34:14 EXEC SPC_COM_DATA 'quypro','1','1';
2018-12-06 07:34:14 EXEC SPC_RELAX_LST1 '26','quypro';
2018-12-06 07:34:14 EXEC SPC_COM_DATA 'quypro','1','1';
2018-12-06 07:34:14 EXEC SPC_RELAX_LST2 '26','1','7','','quypro';
2018-12-06 07:34:20 EXEC SPC_COM_DATA 'quypro','1','1';
2018-12-06 07:34:20 EXEC SPC_RELAX_ACT2 '26','quypro','127.0.0.1';
2018-12-06 07:35:16 EXEC SPC_COM_DATA 'quypro','1','1';
2018-12-06 07:35:16 EXEC SPC_RELAX_LST1 '26','quypro';
2018-12-06 07:35:17 EXEC SPC_COM_DATA 'quypro','1','1';
2018-12-06 07:35:17 EXEC SPC_RELAX_LST2 '26','1','7','','quypro';
2018-12-06 07:35:23 EXEC SPC_COM_DATA 'quypro','1','1';
2018-12-06 07:35:23 EXEC SPC_RELAX_ACT2 '26','quypro','127.0.0.1';
2018-12-06 07:36:14 EXEC SPC_COM_DATA 'quypro','1','1';
2018-12-06 07:36:14 EXEC SPC_RELAX_LST1 '26','quypro';
2018-12-06 07:36:15 EXEC SPC_COM_DATA 'quypro','1','1';
2018-12-06 07:36:15 EXEC SPC_RELAX_LST2 '26','1','7','','quypro';
2018-12-06 07:36:20 EXEC SPC_COM_DATA 'quypro','1','1';
2018-12-06 07:36:20 EXEC SPC_RELAX_ACT2 '26','quypro','127.0.0.1';
2018-12-06 07:37:37 EXEC SPC_COM_DATA 'quypro','1','1';
2018-12-06 07:37:37 EXEC SPC_RELAX_LST1 '26','quypro';
2018-12-06 07:37:38 EXEC SPC_COM_DATA 'quypro','1','1';
2018-12-06 07:37:38 EXEC SPC_RELAX_LST2 '26','1','7','','quypro';
2018-12-06 07:37:44 EXEC SPC_COM_DATA 'quypro','1','1';
2018-12-06 07:37:44 EXEC SPC_RELAX_ACT2 '26','quypro','127.0.0.1';
2018-12-06 07:42:43 EXEC SPC_COM_DATA 'quypro','1','1';
2018-12-06 07:42:43 EXEC SPC_RELAX_LST1 '26','quypro';
2018-12-06 07:42:44 EXEC SPC_COM_DATA 'quypro','1','1';
2018-12-06 07:42:44 EXEC SPC_RELAX_LST2 '26','1','7','','quypro';
2018-12-06 07:42:50 EXEC SPC_COM_DATA 'quypro','1','1';
2018-12-06 07:42:50 EXEC SPC_RELAX_ACT2 '26','quypro','127.0.0.1';
2018-12-06 08:18:33 EXEC SPC_COM_DATA 'quypro','1','1';
2018-12-06 08:18:33 EXEC SPC_RELAX_LST1 '26','quypro';
2018-12-06 08:18:35 EXEC SPC_COM_DATA 'quypro','1','1';
2018-12-06 08:18:35 EXEC SPC_RELAX_LST2 '26','1','7','','quypro';
2018-12-06 08:18:41 EXEC SPC_COM_DATA 'quypro','1','1';
2018-12-06 08:18:41 EXEC SPC_RELAX_ACT2 '26','quypro','127.0.0.1';
2018-12-06 08:18:49 EXEC SPC_COM_DATA 'quypro','1','1';
2018-12-06 08:18:49 EXEC SPC_RELAX_ACT3 '{"post_tag":[{"tag_id":"BBbjZ23rY8MJx6edL5Xgmq9Q94VvaWNVRnG4OzDlpAK1o0kEy7","is_new":0},{"tag_id":"7rYjZo0Wlx2kpnNV6q1yM48wDj8QELaDX3Kzd7RBmJb9Og5AeG","is_new":0}],"post_div":"4","post_language":"1","post_title":"abc","post_media":"C:\\fakepath\\スクリーンショット (1).png","post_content":"<p>dsadsdas</p>\n"}','';
2018-12-06 08:18:49 SQLSTATE[42000]: [Microsoft][ODBC Driver 13 for SQL Server][SQL Server]ストアド プロシージャ 'SPC_RELAX_ACT3' が見つかりませんでした。
2018-12-06 08:26:52 EXEC SPC_COM_DATA 'quypro','1','1';
2018-12-06 08:26:52 EXEC SPC_RELAX_LST1 '26','quypro';
2018-12-06 08:26:53 EXEC SPC_COM_DATA 'quypro','1','1';
2018-12-06 08:26:53 EXEC SPC_RELAX_LST2 '26','1','7','','quypro';
2018-12-06 08:26:58 EXEC SPC_COM_DATA 'quypro','1','1';
2018-12-06 08:26:58 EXEC SPC_RELAX_ACT2 '26','quypro','127.0.0.1';
2018-12-06 08:27:06 EXEC SPC_COM_DATA 'quypro','1','1';
2018-12-06 08:27:45 EXEC SPC_COM_DATA 'quypro','1','1';
2018-12-06 08:28:56 EXEC SPC_COM_DATA 'quypro','1','1';
2018-12-06 08:29:03 EXEC SPC_COM_DATA 'quypro','1','1';
2018-12-06 08:30:36 EXEC SPC_COM_DATA 'quypro','1','1';
2018-12-06 08:31:53 EXEC SPC_COM_DATA 'quypro','1','1';
2018-12-06 08:32:17 EXEC SPC_COM_DATA 'quypro','1','1';
2018-12-06 08:32:53 EXEC SPC_COM_DATA 'quypro','1','1';
2018-12-06 08:34:24 EXEC SPC_COM_DATA 'quypro','1','1';
2018-12-06 08:34:24 EXEC SPC_RELAX_LST1 '26','quypro';
2018-12-06 08:34:25 EXEC SPC_COM_DATA 'quypro','1','1';
2018-12-06 08:34:25 EXEC SPC_RELAX_LST2 '26','1','7','','quypro';
2018-12-06 08:34:30 EXEC SPC_COM_DATA 'quypro','1','1';
2018-12-06 08:34:30 EXEC SPC_RELAX_ACT2 '26','quypro','127.0.0.1';
2018-12-06 08:34:38 EXEC SPC_COM_DATA 'quypro','1','1';
2018-12-06 08:35:33 EXEC SPC_COM_DATA 'quypro','1','1';
2018-12-06 08:35:33 EXEC SPC_RELAX_LST1 '26','quypro';
2018-12-06 08:35:34 EXEC SPC_COM_DATA 'quypro','1','1';
2018-12-06 08:35:34 EXEC SPC_RELAX_LST2 '26','1','7','','quypro';
2018-12-06 08:35:40 EXEC SPC_COM_DATA 'quypro','1','1';
2018-12-06 08:35:40 EXEC SPC_RELAX_ACT2 '26','quypro','127.0.0.1';
2018-12-06 08:35:47 EXEC SPC_COM_DATA 'quypro','1','1';
2018-12-06 08:36:23 EXEC SPC_COM_DATA 'quypro','1','1';
2018-12-06 08:55:23 EXEC SPC_COM_DATA 'quypro','1','1';
2018-12-06 08:55:35 EXEC SPC_COM_DATA 'quypro','1','1';
2018-12-06 08:55:35 EXEC SPC_RELAX_ACT3 '4','family','<row tag_id="67" is_new="0" /><row tag_id="70" is_new="0" /><row tag_id="71" is_new="0" />','<p>trrteteft&nbsp;</p>
','','image_5c08e407d77c4.png','2','quypro','127.0.0.1';
2018-12-06 08:56:56 EXEC SPC_COM_DATA 'quypro','1','1';
2018-12-06 08:56:56 EXEC SPC_RELAX_ACT3 '4','family','<row tag_id="67" is_new="0" /><row tag_id="70" is_new="0" /><row tag_id="71" is_new="0" />','<p>trrteteft&nbsp;</p>
','','image_5c08e45886191.png','2','quypro','127.0.0.1';
2018-12-06 08:57:09 EXEC SPC_COM_DATA 'quypro','1','1';
2018-12-06 08:57:09 EXEC SPC_RELAX_LST1 '26','quypro';
2018-12-06 08:57:12 EXEC SPC_COM_DATA 'quypro','1','1';
2018-12-06 08:57:12 EXEC SPC_RELAX_LST2 '26','1','7','','quypro';
2018-12-06 08:57:13 EXEC SPC_COM_DATA 'quypro','1','1';
2018-12-06 08:57:13 EXEC SPC_RELAX_LST1 '','quypro';
2018-12-06 08:57:14 EXEC SPC_COM_DATA 'quypro','1','1';
2018-12-06 08:57:14 EXEC SPC_RELAX_LST2 '','1','7','','quypro';
2018-12-06 08:57:21 EXEC SPC_COM_DATA 'quypro','1','1';
2018-12-06 08:57:21 EXEC SPC_RELAX_ACT2 '26','quypro','127.0.0.1';
2018-12-06 08:57:36 EXEC SPC_COM_DATA 'quypro','1','1';
2018-12-06 08:57:36 EXEC SPC_RELAX_ACT2 '26','quypro','127.0.0.1';
2018-12-06 08:58:24 EXEC SPC_COM_DATA 'quypro','1','1';
2018-12-06 08:58:24 EXEC SPC_RELAX_ACT3 '4','why i'm handsome too much?','<row tag_id="68" is_new="0" /><row tag_id="70" is_new="0" /><row tag_id="71" is_new="0" />','<p>dasdsads&nbsp;</p>
','','image_5c08e4b0beb93.png','2','quypro','127.0.0.1';
2018-12-06 08:58:32 EXEC SPC_COM_DATA 'quypro','1','1';
2018-12-06 08:58:32 EXEC SPC_RELAX_LST1 '','quypro';
2018-12-06 08:58:32 EXEC SPC_COM_DATA 'quypro','1','1';
2018-12-06 08:58:32 EXEC SPC_RELAX_LST2 '','1','7','','quypro';
2018-12-06 08:58:43 EXEC SPC_COM_DATA 'quypro','1','1';
2018-12-06 08:58:43 EXEC SPC_RELAX_ACT2 '26','quypro','127.0.0.1';
2018-12-06 09:01:05 EXEC SPC_COM_DATA 'quypro','1','1';
2018-12-06 09:01:20 EXEC SPC_RELAX_LST1 '26','quypro';
2018-12-06 09:01:41 EXEC SPC_COM_DATA 'quypro','1','1';
2018-12-06 09:01:50 EXEC SPC_RELAX_LST2 '26','1','7','','quypro';
2018-12-06 09:03:38 EXEC SPC_COM_DATA 'quypro','1','1';
2018-12-06 09:03:38 EXEC SPC_RELAX_LST1 '26','quypro';
2018-12-06 09:03:39 EXEC SPC_COM_DATA 'quypro','1','1';
2018-12-06 09:03:39 EXEC SPC_RELAX_LST2 '26','1','7','','quypro';
2018-12-06 09:03:44 EXEC SPC_COM_DATA 'quypro','1','1';
2018-12-06 09:03:44 EXEC SPC_RELAX_ACT2 '26','quypro','127.0.0.1';
2018-12-06 09:03:58 EXEC SPC_COM_DATA 'quypro','1','1';
2018-12-06 09:03:58 EXEC SPC_RELAX_ACT3 '7','beautiful girl','<row tag_id="71" is_new="0" /><row tag_id="67" is_new="0" /><row tag_id="70" is_new="0" />','<p>sdasd&nbsp; &nbsp; &nbsp; &nbsp; &nbsp; sadsd&nbsp; &nbsp; &nbsp; &nbsp; &nbsp; &nbsp; &nbsp;sdads</p>
','','image_5c08e5fedbdaf.png','2','quypro','127.0.0.1';
2018-12-06 09:04:04 EXEC SPC_COM_DATA 'quypro','1','1';
2018-12-06 09:04:04 EXEC SPC_RELAX_LST1 '','quypro';
2018-12-06 09:04:05 EXEC SPC_COM_DATA 'quypro','1','1';
2018-12-06 09:04:05 EXEC SPC_RELAX_LST2 '','1','7','','quypro';
2018-12-06 09:04:10 EXEC SPC_COM_DATA 'quypro','1','1';
2018-12-06 09:04:10 EXEC SPC_RELAX_ACT2 '26','quypro','127.0.0.1';
2018-12-06 09:04:50 EXEC SPC_COM_DATA 'quypro','1','1';
2018-12-06 09:04:51 EXEC SPC_RELAX_LST1 '','quypro';
2018-12-06 09:04:52 EXEC SPC_COM_DATA 'quypro','1','1';
2018-12-06 09:04:52 EXEC SPC_RELAX_LST2 '','1','7','','quypro';
2018-12-06 09:05:12 EXEC SPC_COM_DATA 'quypro','1','1';
2018-12-06 09:05:12 EXEC SPC_RELAX_ACT2 '26','quypro','127.0.0.1';
2018-12-06 09:11:46 EXEC SPC_COM_DATA 'quypro','1','1';
2018-12-06 09:11:46 EXEC SPC_RELAX_LST1 '26','quypro';
2018-12-06 09:11:47 EXEC SPC_COM_DATA 'quypro','1','1';
2018-12-06 09:11:47 EXEC SPC_RELAX_LST2 '26','1','7','','quypro';
2018-12-06 09:11:53 EXEC SPC_COM_DATA 'quypro','1','1';
2018-12-06 09:11:53 EXEC SPC_RELAX_ACT2 '26','quypro','127.0.0.1';
2018-12-06 09:12:39 EXEC SPC_COM_DATA 'quypro','1','1';
2018-12-06 09:12:39 EXEC SPC_RELAX_ACT3 '7','test thôi','<row tag_id="68" is_new="0" /><row tag_id="70" is_new="0" /><row tag_id="72" is_new="0" />','<p>đ&atilde; ko y&ecirc;u xin đừng&nbsp;xồn xồn</p>
','','image_5c08e807bae6d.png','2','quypro','127.0.0.1';
2018-12-06 09:12:42 EXEC SPC_COM_DATA 'quypro','1','1';
2018-12-06 09:12:42 EXEC SPC_RELAX_LST1 '','quypro';
2018-12-06 09:12:43 EXEC SPC_COM_DATA 'quypro','1','1';
2018-12-06 09:12:43 EXEC SPC_RELAX_LST2 '','1','7','','quypro';
2018-12-06 09:12:53 EXEC SPC_COM_DATA 'quypro','1','1';
2018-12-06 09:12:53 EXEC SPC_RELAX_ACT2 '36','quypro','127.0.0.1';
2018-12-06 09:15:35 EXEC SPC_COM_DATA 'quypro','1','1';
2018-12-06 09:15:35 EXEC SPC_RELAX_LST1 '36','quypro';
2018-12-06 09:15:36 EXEC SPC_COM_DATA 'quypro','1','1';
2018-12-06 09:15:36 EXEC SPC_RELAX_LST2 '36','1','7','','quypro';
2018-12-06 09:15:41 EXEC SPC_COM_DATA 'quypro','1','1';
2018-12-06 09:15:42 EXEC SPC_RELAX_ACT2 '36','quypro','127.0.0.1';
2018-12-06 09:15:55 EXEC SPC_COM_DATA 'quypro','1','1';
2018-12-06 09:15:55 EXEC SPC_RELAX_ACT3 '7','beautiful girl','<row tag_id="71" is_new="0" /><row tag_id="69" is_new="0" /><row tag_id="70" is_new="0" />','<p>tyuhrtythertrtet</p>
','/web-content/images/relax_image/image_5c08e8cbc8a72.jpg','image_5c08e8cbc8a72.jpg','2','quypro','127.0.0.1';
2018-12-06 09:15:58 EXEC SPC_COM_DATA 'quypro','1','1';
2018-12-06 09:15:58 EXEC SPC_RELAX_LST1 '','quypro';
2018-12-06 09:15:58 EXEC SPC_COM_DATA 'quypro','1','1';
2018-12-06 09:15:58 EXEC SPC_RELAX_LST2 '','1','7','','quypro';
2018-12-06 09:16:09 EXEC SPC_COM_DATA 'quypro','1','1';
2018-12-06 09:16:09 EXEC SPC_RELAX_ACT2 '36','quypro','127.0.0.1';
2018-12-06 09:16:47 EXEC SPC_COM_DATA 'quypro','1','1';
2018-12-06 09:16:47 EXEC SPC_RELAX_LST1 '36','quypro';
2018-12-06 09:16:48 EXEC SPC_COM_DATA 'quypro','1','1';
2018-12-06 09:16:48 EXEC SPC_RELAX_LST2 '36','1','7','','quypro';
2018-12-06 09:17:04 EXEC SPC_COM_DATA 'quypro','1','1';
2018-12-06 09:17:04 EXEC SPC_RELAX_ACT2 '37','quypro','127.0.0.1';
