2018-09-28 00:01:28 EXEC SPC_COM_DATA '','','';
2018-09-28 00:01:35 EXEC SPC_COM_DATA '','','';
2018-09-28 00:01:35 EXEC SPC_LISTENING_LST1 '','','','';
2018-09-28 00:01:36 EXEC SPC_COM_DATA '','','';
2018-09-28 00:01:36 EXEC SPC_LISTENING_LST2 '8','8','';
2018-09-28 00:02:02 EXEC SPC_COM_DATA '','','';
2018-09-28 00:12:08 EXEC SPC_COM_DATA '','','';
2018-09-28 00:12:08 EXEC SPC_LISTENING_LST1 '9','','8','8';
2018-09-28 00:12:09 EXEC SPC_COM_DATA '','','';
2018-09-28 00:12:09 EXEC SPC_LISTENING_LST2 '8','8','';
2018-09-28 00:12:54 EXEC SPC_COM_DATA '','','';
2018-09-28 00:12:54 EXEC SPC_LISTENING_LST1 '9','','8','8';
2018-09-28 00:12:54 EXEC SPC_COM_DATA '','','';
2018-09-28 00:12:54 EXEC SPC_LISTENING_LST2 '8','8','';
2018-09-28 00:14:47 EXEC SPC_COM_DATA '','','';
2018-09-28 00:14:53 EXEC SPC_COM_DATA '','','';
2018-09-28 00:14:53 EXEC SPC_LISTENING_LST1 '9','','8','8';
2018-09-28 00:14:54 EXEC SPC_COM_DATA '','','';
2018-09-28 00:14:54 EXEC SPC_LISTENING_LST2 '8','8','';
2018-09-28 00:15:20 EXEC SPC_COM_DATA 'quypro','1','1';
2018-09-28 00:15:20 EXEC SPC_LISTENING_LST1 '9','quypro','8','8';
2018-09-28 00:15:20 EXEC SPC_COM_DATA 'quypro','1','1';
2018-09-28 00:15:20 EXEC SPC_LISTENING_LST2 '8','8','quypro';
2018-09-28 00:16:21 EXEC SPC_COM_PERMISSION '1','2','g001';
2018-09-28 00:16:21 EXEC SPC_COM_MENU '1';
2018-09-28 00:16:43 EXEC SPC_COM_PERMISSION '1','2','s001';
2018-09-28 00:16:43 EXEC SPC_COM_MENU '1';
2018-09-28 00:16:43 EXEC SPC_S001_FND1
2018-09-28 00:16:45 EXEC SPC_COM_MENU '1';
2018-09-28 00:16:45 EXEC SPC_S001_FND2 '1';
2018-09-28 00:16:50 EXEC SPC_COM_MENU '1';
2018-09-28 00:16:50 EXEC SPC_S001_LST2 '1';
2018-09-28 00:16:54 EXEC SPC_COM_MENU '1';
2018-09-28 00:16:54 EXEC SPC_S001_ACT1 '1','1','<row screen_id="btn-add-lesson" remark="" access_per="1" /><row screen_id="btn-answer" remark="" access_per="1" /><row screen_id="btn-question" remark="" access_per="1" /><row screen_id="btn-remember" remark="" access_per="1" /><row screen_id="btn-forget" remark="" access_per="1" /><row screen_id="btn-contribute-exa" remark="" access_per="1" /><row screen_id="btn-effect" remark="" access_per="1" /><row screen_id="btn-comment" remark="" access_per="1" /><row screen_id="btn-feedback" remark="" access_per="1" /><row screen_id="btn-save-post" remark="" access_per="1" /><row screen_id="btn-share-post" remark="" access_per="1" /><row screen_id="btn-add-exercise" remark="" access_per="1" /><row screen_id="btn-add-mission" remark="" access_per="1" />','ndq809','127.0.0.1';
2018-09-28 00:16:55 EXEC SPC_COM_PERMISSION '1','2','s001';
2018-09-28 00:16:55 EXEC SPC_COM_MENU '1';
2018-09-28 00:16:55 EXEC SPC_S001_FND1
2018-09-28 00:17:00 EXEC SPC_COM_DATA 'quypro','1','1';
2018-09-28 00:17:00 EXEC SPC_LISTENING_LST1 '9','quypro','8','8';
2018-09-28 00:17:01 EXEC SPC_COM_DATA 'quypro','1','1';
2018-09-28 00:17:01 EXEC SPC_LISTENING_LST2 '8','8','quypro';
2018-09-28 00:50:03 EXEC SPC_COM_PERMISSION '1','2','m007';
2018-09-28 00:50:03 EXEC SPC_COM_MENU '1';
2018-09-28 00:50:03 EXEC SPC_M007_FND1
2018-09-28 00:50:07 EXEC SPC_COM_MENU '1';
2018-09-28 00:50:07 EXEC SPC_m007_LST1 '14';
2018-09-28 00:50:07 EXEC SPC_M007_FND1
2018-09-28 00:51:26 EXEC SPC_COM_MENU '1';
2018-09-28 00:51:27 EXEC SPC_M007_ACT1 '14','<row row_id="0" number_id="0" content="" num_remark1="" num_remark2="" num_remark3="" text_remark1="" text_remark2="" text_remark3="" /><row row_id="1" number_id="1" content="Hạng : F" num_remark1="100" num_remark2="100" num_remark3="" text_remark1="" text_remark2="" text_remark3="" /><row row_id="2" number_id="2" content="Hạng : E" num_remark1="200" num_remark2="200" num_remark3="" text_remark1="" text_remark2="" text_remark3="" /><row row_id="3" number_id="3" content="Hạng : D-" num_remark1="" num_remark2="" num_remark3="" text_remark1="" text_remark2="" text_remark3="" /><row row_id="4" number_id="4" content="Hạng : D" num_remark1="" num_remark2="" num_remark3="" text_remark1="" text_remark2="" text_remark3="" /><row row_id="5" number_id="5" content="Hạng : D+" num_remark1="" num_remark2="" num_remark3="" text_remark1="" text_remark2="" text_remark3="" /><row row_id="6" number_id="6" content="Hạng : C-" num_remark1="" num_remark2="" num_remark3="" text_remark1="" text_remark2="" text_remark3="" /><row row_id="7" number_id="7" content="Hạng : C" num_remark1="" num_remark2="" num_remark3="" text_remark1="" text_remark2="" text_remark3="" /><row row_id="8" number_id="8" content="Hạng : C+" num_remark1="" num_remark2="" num_remark3="" text_remark1="" text_remark2="" text_remark3="" /><row row_id="9" number_id="9" content="Hạng : B-" num_remark1="" num_remark2="" num_remark3="" text_remark1="" text_remark2="" text_remark3="" /><row row_id="10" number_id="10" content="Hạng : B" num_remark1="" num_remark2="" num_remark3="" text_remark1="" text_remark2="" text_remark3="" /><row row_id="11" number_id="11" content="Hạng : B+" num_remark1="" num_remark2="" num_remark3="" text_remark1="" text_remark2="" text_remark3="" /><row row_id="12" number_id="12" content="Hạng : A-" num_remark1="" num_remark2="" num_remark3="" text_remark1="" text_remark2="" text_remark3="" /><row row_id="13" number_id="13" content="Hạng : A" num_remark1="" num_remark2="" num_remark3="" text_remark1="" text_remark2="" text_remark3="" /><row row_id="14" number_id="14" content="Hạng : A+" num_remark1="" num_remark2="" num_remark3="" text_remark1="" text_remark2="" text_remark3="" /><row row_id="15" number_id="15" content="Hạng : S-" num_remark1="" num_remark2="" num_remark3="" text_remark1="" text_remark2="" text_remark3="" /><row row_id="16" number_id="16" content="Hạng : S" num_remark1="" num_remark2="" num_remark3="" text_remark1="" text_remark2="" text_remark3="" /><row row_id="17" number_id="17" content="Hạng : S+" num_remark1="" num_remark2="" num_remark3="" text_remark1="" text_remark2="" text_remark3="" />','ndq809','127.0.0.1';
2018-09-28 00:51:28 EXEC SPC_COM_MENU '1';
2018-09-28 00:51:28 EXEC SPC_m007_LST1 '14';
2018-09-28 00:51:28 EXEC SPC_M007_FND1
2018-09-28 00:54:55 EXEC SPC_COM_MENU '1';
2018-09-28 00:54:55 EXEC SPC_M007_ACT1 '14','<row row_id="0" number_id="0" content="" num_remark1="" num_remark2="" num_remark3="" text_remark1="" text_remark2="" text_remark3="" /><row row_id="1" number_id="1" content="F" num_remark1="100" num_remark2="100" num_remark3="" text_remark1="Hạng :" text_remark2="" text_remark3="" /><row row_id="2" number_id="2" content="E" num_remark1="200" num_remark2="200" num_remark3="" text_remark1="Hạng :" text_remark2="" text_remark3="" /><row row_id="3" number_id="3" content="D-" num_remark1="" num_remark2="" num_remark3="" text_remark1="Hạng :" text_remark2="" text_remark3="" /><row row_id="4" number_id="4" content="D" num_remark1="" num_remark2="" num_remark3="" text_remark1="Hạng :" text_remark2="" text_remark3="" /><row row_id="5" number_id="5" content="D+" num_remark1="" num_remark2="" num_remark3="" text_remark1="Hạng :" text_remark2="" text_remark3="" /><row row_id="6" number_id="6" content="C-" num_remark1="" num_remark2="" num_remark3="" text_remark1="Hạng :" text_remark2="" text_remark3="" /><row row_id="7" number_id="7" content="C" num_remark1="" num_remark2="" num_remark3="" text_remark1="Hạng :" text_remark2="" text_remark3="" /><row row_id="8" number_id="8" content="C+" num_remark1="" num_remark2="" num_remark3="" text_remark1="Hạng :" text_remark2="" text_remark3="" /><row row_id="9" number_id="9" content="B-" num_remark1="" num_remark2="" num_remark3="" text_remark1="Hạng :" text_remark2="" text_remark3="" /><row row_id="10" number_id="10" content="B" num_remark1="" num_remark2="" num_remark3="" text_remark1="Hạng :" text_remark2="" text_remark3="" /><row row_id="11" number_id="11" content="B+" num_remark1="" num_remark2="" num_remark3="" text_remark1="Hạng :" text_remark2="" text_remark3="" /><row row_id="12" number_id="12" content="A-" num_remark1="" num_remark2="" num_remark3="" text_remark1="Hạng :" text_remark2="" text_remark3="" /><row row_id="13" number_id="13" content="A" num_remark1="" num_remark2="" num_remark3="" text_remark1="Hạng :" text_remark2="" text_remark3="" /><row row_id="14" number_id="14" content="A+" num_remark1="" num_remark2="" num_remark3="" text_remark1="Hạng :" text_remark2="" text_remark3="" /><row row_id="15" number_id="15" content="S-" num_remark1="" num_remark2="" num_remark3="" text_remark1="Hạng :" text_remark2="" text_remark3="" /><row row_id="16" number_id="16" content="S" num_remark1="" num_remark2="" num_remark3="" text_remark1="Hạng :" text_remark2="" text_remark3="" /><row row_id="17" number_id="17" content="S+" num_remark1="" num_remark2="" num_remark3="" text_remark1="Hạng :" text_remark2="" text_remark3="" />','ndq809','127.0.0.1';
2018-09-28 00:54:56 EXEC SPC_COM_MENU '1';
2018-09-28 00:54:56 EXEC SPC_m007_LST1 '14';
2018-09-28 00:54:56 EXEC SPC_M007_FND1
2018-09-28 01:01:59 EXEC SPC_COM_DATA 'quypro','1','1';
2018-09-28 01:01:59 EXEC SPC_LISTENING_LST1 '9','quypro','8','8';
2018-09-28 01:02:00 EXEC SPC_COM_DATA 'quypro','1','1';
2018-09-28 01:02:00 EXEC SPC_LISTENING_LST2 '8','8','quypro';
2018-09-28 01:02:03 EXEC SPC_COM_DATA 'quypro','1','1';
2018-09-28 01:02:03 EXEC SPC_LISTENING_LST1 '9','quypro','8','8';
2018-09-28 01:02:04 EXEC SPC_COM_DATA 'quypro','1','1';
2018-09-28 01:02:04 EXEC SPC_LISTENING_LST2 '8','8','quypro';
2018-09-28 01:24:50 EXEC SPC_COM_DATA 'quypro','1','1';
2018-09-28 01:24:50 EXEC SPC_LISTENING_LST1 '9','quypro','8','8';
2018-09-28 01:24:51 EXEC SPC_COM_DATA 'quypro','1','1';
2018-09-28 01:24:51 EXEC SPC_LISTENING_LST2 '8','8','quypro';
2018-09-28 01:25:28 EXEC SPC_COM_DATA 'quypro','1','1';
2018-09-28 01:25:28 EXEC SPC_LISTENING_LST1 '9','quypro','8','8';
2018-09-28 01:25:28 EXEC SPC_COM_DATA 'quypro','1','1';
2018-09-28 01:25:29 EXEC SPC_LISTENING_LST2 '8','8','quypro';
2018-09-28 01:26:25 EXEC SPC_COM_DATA 'quypro','1','1';
2018-09-28 01:26:32 EXEC SPC_COM_DATA 'quypro','1','1';
2018-09-28 01:26:32 EXEC SPC_LISTENING_LST1 '9','quypro','8','8';
2018-09-28 01:26:33 EXEC SPC_COM_DATA 'quypro','1','1';
2018-09-28 01:26:33 EXEC SPC_LISTENING_LST2 '8','8','quypro';
2018-09-28 01:27:01 EXEC SPC_COM_DATA 'quypro','1','1';
2018-09-28 01:27:01 EXEC SPC_LISTENING_LST1 '9','quypro','8','8';
2018-09-28 01:27:01 EXEC SPC_COM_DATA 'quypro','1','1';
2018-09-28 01:27:01 EXEC SPC_LISTENING_LST2 '8','8','quypro';
2018-09-28 01:27:17 EXEC SPC_COM_DATA 'quypro','1','1';
2018-09-28 01:27:17 EXEC SPC_LISTENING_LST1 '9','quypro','8','8';
2018-09-28 01:27:18 EXEC SPC_COM_DATA 'quypro','1','1';
2018-09-28 01:27:18 EXEC SPC_LISTENING_LST2 '8','8','quypro';
2018-09-28 01:35:36 EXEC SPC_COM_DATA 'quypro','1','1';
2018-09-28 01:35:36 EXEC SPC_LISTENING_LST1 '9','quypro','8','8';
2018-09-28 01:37:02 EXEC SPC_COM_DATA 'quypro','1','1';
2018-09-28 01:37:02 EXEC SPC_LISTENING_LST1 '9','quypro','8','8';
2018-09-28 01:37:03 EXEC SPC_COM_DATA 'quypro','1','1';
2018-09-28 01:37:03 EXEC SPC_LISTENING_LST2 '8','8','quypro';
2018-09-28 01:37:18 EXEC SPC_COM_DATA 'quypro','1','1';
2018-09-28 01:37:18 EXEC SPC_LISTENING_LST1 '9','quypro','8','8';
2018-09-28 01:37:18 EXEC SPC_COM_DATA 'quypro','1','1';
2018-09-28 01:37:18 EXEC SPC_LISTENING_LST2 '8','8','quypro';
2018-09-28 01:45:40 EXEC SPC_COM_DATA 'quypro','1','1';
2018-09-28 01:45:40 EXEC SPC_LISTENING_LST1 '9','quypro','8','8';
2018-09-28 01:45:41 EXEC SPC_COM_DATA 'quypro','1','1';
2018-09-28 01:45:41 EXEC SPC_LISTENING_LST2 '8','8','quypro';
2018-09-28 01:46:10 EXEC SPC_COM_DATA 'quypro','1','1';
2018-09-28 01:46:10 EXEC SPC_LISTENING_LST1 '9','quypro','8','8';
2018-09-28 01:46:28 EXEC SPC_COM_DATA 'quypro','1','1';
2018-09-28 01:46:28 EXEC SPC_LISTENING_LST1 '9','quypro','8','8';
2018-09-28 01:46:29 EXEC SPC_COM_DATA 'quypro','1','1';
2018-09-28 01:46:29 EXEC SPC_LISTENING_LST2 '8','8','quypro';
2018-09-28 01:49:33 EXEC SPC_COM_DATA 'quypro','1','1';
2018-09-28 01:49:33 EXEC SPC_LISTENING_LST1 '9','quypro','8','8';
2018-09-28 01:49:34 EXEC SPC_COM_DATA 'quypro','1','1';
2018-09-28 01:49:34 EXEC SPC_LISTENING_LST2 '8','8','quypro';
2018-09-28 02:04:16 EXEC SPC_COM_DATA 'quypro','1','1';
2018-09-28 02:04:20 EXEC SPC_COM_DATA 'quypro','1','1';
2018-09-28 02:04:20 EXEC SPC_LISTENING_LST1 '9','quypro','8','8';
2018-09-28 02:04:21 EXEC SPC_COM_DATA 'quypro','1','1';
2018-09-28 02:04:21 EXEC SPC_LISTENING_LST2 '8','8','quypro';
2018-09-28 02:04:43 EXEC SPC_COM_DATA 'quypro','1','1';
2018-09-28 02:04:43 EXEC SPC_LISTENING_LST1 '9','quypro','8','8';
2018-09-28 02:04:44 EXEC SPC_COM_DATA 'quypro','1','1';
2018-09-28 02:04:44 EXEC SPC_LISTENING_LST2 '8','8','quypro';
2018-09-28 02:04:50 EXEC SPC_COM_DATA 'quypro','1','1';
2018-09-28 02:04:50 EXEC SPC_LISTENING_LST1 '9','quypro','8','8';
2018-09-28 02:04:50 EXEC SPC_COM_DATA 'quypro','1','1';
2018-09-28 02:04:50 EXEC SPC_LISTENING_LST2 '8','8','quypro';
2018-09-28 02:04:53 EXEC SPC_COM_DATA 'quypro','1','1';
2018-09-28 02:04:54 EXEC SPC_COM_DATA 'quypro','1','1';
2018-09-28 02:04:54 EXEC SPC_LISTENING_LST1 '9','quypro','8','8';
2018-09-28 02:04:55 EXEC SPC_COM_DATA 'quypro','1','1';
2018-09-28 02:04:55 EXEC SPC_LISTENING_LST2 '8','8','quypro';
2018-09-28 02:05:52 EXEC SPC_COM_DATA 'quypro','1','1';
2018-09-28 02:27:18 EXEC SPC_COM_DATA 'quypro','1','1';
2018-09-28 02:27:18 EXEC SPC_LISTENING_LST1 '9','quypro','8','8';
2018-09-28 02:27:18 EXEC SPC_COM_DATA 'quypro','1','1';
2018-09-28 02:27:18 EXEC SPC_LISTENING_LST2 '8','8','quypro';
2018-09-28 02:27:27 EXEC SPC_COM_DATA 'quypro','1','1';
2018-09-28 02:29:40 EXEC SPC_COM_DATA 'quypro','1','1';
2018-09-28 02:29:40 EXEC SPC_LISTENING_LST1 '9','quypro','8','8';
2018-09-28 02:29:40 EXEC SPC_COM_DATA 'quypro','1','1';
2018-09-28 02:29:40 EXEC SPC_LISTENING_LST2 '8','8','quypro';
2018-09-28 02:29:42 EXEC SPC_COM_DATA 'quypro','1','1';
2018-09-28 02:30:37 EXEC SPC_COM_DATA 'quypro','1','1';
2018-09-28 02:30:37 EXEC SPC_LISTENING_LST1 '9','quypro','8','8';
2018-09-28 02:30:37 EXEC SPC_COM_DATA 'quypro','1','1';
2018-09-28 02:30:37 EXEC SPC_LISTENING_LST2 '8','8','quypro';
2018-09-28 02:30:40 EXEC SPC_COM_DATA 'quypro','1','1';
2018-09-28 02:34:14 EXEC SPC_COM_DATA 'quypro','1','1';
2018-09-28 02:34:14 EXEC SPC_LISTENING_LST1 '9','quypro','8','8';
2018-09-28 02:34:15 EXEC SPC_COM_DATA 'quypro','1','1';
2018-09-28 02:34:15 EXEC SPC_LISTENING_LST2 '8','8','quypro';
2018-09-28 02:34:22 EXEC SPC_COM_DATA 'quypro','1','1';
2018-09-28 02:34:22 EXEC SPC_COM_ADD_COMMENT '1','9','tôi là quý','','quypro','127.0.0.1';
2018-09-28 02:35:17 EXEC SPC_COM_PERMISSION '1','2','m003';
2018-09-28 02:35:17 EXEC SPC_COM_MENU '1';
2018-09-28 02:35:17 EXEC SPC_M003_FND1
2018-09-28 02:35:34 EXEC SPC_COM_PERMISSION '1','2','m004';
2018-09-28 02:35:34 EXEC SPC_COM_MENU '1';
2018-09-28 02:35:34 EXEC SPC_M004_FND1
2018-09-28 02:35:52 EXEC SPC_COM_PERMISSION '1','2','s002';
2018-09-28 02:35:52 EXEC SPC_COM_MENU '1';
2018-09-28 02:35:52 EXEC SPC_S002_FND1
2018-09-28 02:36:00 EXEC SPC_COM_MENU '1';
2018-09-28 02:36:00 EXEC SPC_S002_LST1 '','','','','10','1';
2018-09-28 02:36:02 EXEC SPC_COM_MENU '1';
2018-09-28 02:36:02 EXEC SPC_S001_FND2 '1';
2018-09-28 02:36:19 EXEC SPC_COM_MENU '1';
2018-09-28 02:36:19 EXEC SPC_COM_M999_INQ1 '2';
2018-09-28 02:36:19 EXEC SPC_COM_MENU '1';
2018-09-28 02:36:19 EXEC SPC_P002_LST1 '','','','0','50';
2018-09-28 02:36:44 EXEC SPC_COM_MENU '1';
2018-09-28 02:36:46 EXEC SPC_COM_MENU '1';
2018-09-28 02:36:46 EXEC SPC_S002_ACT1 '<row row_id="2" account_id="4" account_nm="quypro" employee_id="1" system_div="1" account_div="1" remark="" />','ndq809','127.0.0.1';
2018-09-28 02:36:47 EXEC SPC_COM_MENU '1';
2018-09-28 02:36:47 EXEC SPC_S002_LST1 '','','','','10','1';
2018-09-28 02:36:52 EXEC SPC_COM_MENU '1';
2018-09-28 02:36:52 EXEC SPC_S001_FND2 '1';
2018-09-28 02:41:39 EXEC SPC_COM_PERMISSION '1','2','m003';
2018-09-28 02:41:39 EXEC SPC_COM_MENU '1';
2018-09-28 02:41:39 EXEC SPC_M003_FND1
2018-09-28 02:41:40 EXEC SPC_COM_MENU '1';
2018-09-28 02:41:40 EXEC SPC_M003_LST1 '','','','0','10','1';
2018-09-28 02:42:33 EXEC SPC_COM_MENU '1';
2018-09-28 02:42:38 EXEC SPC_COM_MENU '1';
2018-09-28 02:42:40 EXEC SPC_COM_MENU '1';
2018-09-28 02:42:43 EXEC SPC_COM_MENU '1';
2018-09-28 02:42:43 EXEC SPC_M003_ACT1 '<row row_id="1" avarta="/web-content/images/vocabulary/cropped-image5b6a9c4a85e85_20180928 0202090934341538102554093.jpg" emp_id="1" family_nm="Nguyễn Đình" first_name="Quý" email="ndq809@gmail.com" cellphone="07039881948" sex="0" birth_date="08/09/1993" department_id="1" employee_div="2" remark="none" />','ndq809','127.0.0.1';
2018-09-28 02:42:43 EXEC SPC_COM_MENU '1';
2018-09-28 02:42:43 EXEC SPC_M003_LST1 '','','','0','10','1';
2018-09-28 02:49:58 EXEC SPC_COM_DATA 'quypro','1','1';
2018-09-28 02:49:58 EXEC SPC_LISTENING_LST1 '9','quypro','8','8';
2018-09-28 02:49:59 EXEC SPC_COM_DATA 'quypro','1','1';
2018-09-28 02:49:59 EXEC SPC_LISTENING_LST2 '8','8','quypro';
2018-09-28 02:50:58 EXEC SPC_COM_DATA 'quypro','1','1';
2018-09-28 02:50:58 EXEC SPC_LISTENING_LST1 '9','quypro','8','8';
2018-09-28 02:50:59 EXEC SPC_COM_DATA 'quypro','1','1';
2018-09-28 02:50:59 EXEC SPC_LISTENING_LST2 '8','8','quypro';
2018-09-28 02:54:18 EXEC SPC_COM_DATA 'quypro','1','1';
2018-09-28 02:54:18 EXEC SPC_COM_ADD_COMMENT '1','9','tao biết mài là quý mà','1','quypro','127.0.0.1';
2018-09-28 02:54:49 EXEC SPC_COM_DATA 'quypro','1','1';
2018-09-28 02:54:49 EXEC SPC_LISTENING_LST1 '9','quypro','8','8';
2018-09-28 02:54:50 EXEC SPC_COM_DATA 'quypro','1','1';
2018-09-28 02:54:50 EXEC SPC_LISTENING_LST2 '8','8','quypro';
2018-09-28 02:57:12 EXEC SPC_COM_DATA 'quypro','1','1';
2018-09-28 02:57:12 EXEC SPC_LISTENING_LST1 '9','quypro','8','8';
2018-09-28 02:57:24 EXEC SPC_COM_DATA 'quypro','1','1';
2018-09-28 02:57:24 EXEC SPC_LISTENING_LST1 '9','quypro','8','8';
2018-09-28 02:57:25 EXEC SPC_COM_DATA 'quypro','1','1';
2018-09-28 02:57:25 EXEC SPC_LISTENING_LST2 '8','8','quypro';
2018-09-28 02:57:48 EXEC SPC_COM_DATA 'quypro','1','1';
2018-09-28 02:57:48 EXEC SPC_LISTENING_LST1 '9','quypro','8','8';
2018-09-28 02:57:48 EXEC SPC_COM_DATA 'quypro','1','1';
2018-09-28 02:57:48 EXEC SPC_LISTENING_LST2 '8','8','quypro';
2018-09-28 02:59:16 EXEC SPC_COM_DATA 'quypro','1','1';
2018-09-28 02:59:16 EXEC SPC_LISTENING_LST1 '9','quypro','8','8';
2018-09-28 02:59:16 EXEC SPC_COM_DATA 'quypro','1','1';
2018-09-28 02:59:16 EXEC SPC_LISTENING_LST2 '8','8','quypro';
2018-09-28 03:02:06 EXEC SPC_COM_DATA 'quypro','1','1';
2018-09-28 03:02:06 EXEC SPC_LISTENING_LST1 '9','quypro','8','8';
2018-09-28 03:02:26 EXEC SPC_COM_DATA 'quypro','1','1';
2018-09-28 03:02:26 EXEC SPC_LISTENING_LST1 '9','quypro','8','8';
2018-09-28 03:02:27 EXEC SPC_COM_DATA 'quypro','1','1';
2018-09-28 03:02:27 EXEC SPC_LISTENING_LST2 '8','8','quypro';
2018-09-28 03:02:41 EXEC SPC_COM_DATA 'quypro','1','1';
2018-09-28 03:02:41 EXEC SPC_LISTENING_LST1 '9','quypro','8','8';
2018-09-28 03:02:42 EXEC SPC_COM_DATA 'quypro','1','1';
2018-09-28 03:02:42 EXEC SPC_LISTENING_LST2 '8','8','quypro';
2018-09-28 04:36:37 EXEC SPC_COM_DATA 'quypro','1','1';
2018-09-28 04:36:37 EXEC SPC_LISTENING_LST1 '9','quypro','8','8';
2018-09-28 04:36:38 EXEC SPC_COM_DATA 'quypro','1','1';
2018-09-28 04:36:38 EXEC SPC_LISTENING_LST2 '8','8','quypro';
2018-09-28 04:37:06 EXEC SPC_COM_DATA 'quypro','1','1';
2018-09-28 04:37:06 EXEC SPC_LISTENING_LST1 '9','quypro','8','8';
2018-09-28 04:37:07 EXEC SPC_COM_DATA 'quypro','1','1';
2018-09-28 04:37:07 EXEC SPC_LISTENING_LST2 '8','8','quypro';
2018-09-28 04:46:06 EXEC SPC_COM_DATA 'quypro','1','1';
2018-09-28 04:46:06 EXEC SPC_COM_ADD_COMMENT '1','9','học không chơi đánh rơi tuổi tre chơi ko học vừa khỏe vừa vui','1','quypro','127.0.0.1';
2018-09-28 04:46:34 EXEC SPC_COM_DATA 'quypro','1','1';
2018-09-28 04:46:34 EXEC SPC_LISTENING_LST1 '9','quypro','8','8';
2018-09-28 04:46:35 EXEC SPC_COM_DATA 'quypro','1','1';
2018-09-28 04:46:35 EXEC SPC_LISTENING_LST2 '8','8','quypro';
2018-09-28 04:48:25 EXEC SPC_COM_DATA 'quypro','1','1';
2018-09-28 04:48:25 EXEC SPC_LISTENING_LST1 '9','quypro','8','8';
2018-09-28 04:48:25 EXEC SPC_COM_DATA 'quypro','1','1';
2018-09-28 04:48:25 EXEC SPC_LISTENING_LST2 '8','8','quypro';
2018-09-28 04:51:50 EXEC SPC_COM_DATA 'quypro','1','1';
2018-09-28 04:51:50 EXEC SPC_LISTENING_LST1 '9','quypro','8','8';
2018-09-28 04:51:52 EXEC SPC_COM_DATA 'quypro','1','1';
2018-09-28 04:51:52 EXEC SPC_LISTENING_LST2 '8','8','quypro';
2018-09-28 04:52:21 EXEC SPC_COM_DATA 'quypro','1','1';
2018-09-28 04:52:21 EXEC SPC_LISTENING_LST1 '9','quypro','8','8';
2018-09-28 04:52:22 EXEC SPC_COM_DATA 'quypro','1','1';
2018-09-28 04:52:22 EXEC SPC_LISTENING_LST2 '8','8','quypro';
2018-09-28 04:53:04 EXEC SPC_COM_DATA 'quypro','1','1';
2018-09-28 04:53:04 EXEC SPC_LISTENING_LST1 '9','quypro','8','8';
2018-09-28 04:53:05 EXEC SPC_COM_DATA 'quypro','1','1';
2018-09-28 04:53:05 EXEC SPC_LISTENING_LST2 '8','8','quypro';
2018-09-28 04:54:39 EXEC SPC_COM_DATA 'quypro','1','1';
2018-09-28 04:54:39 EXEC SPC_LISTENING_LST1 '9','quypro','8','8';
2018-09-28 04:54:40 EXEC SPC_COM_DATA 'quypro','1','1';
2018-09-28 04:54:40 EXEC SPC_LISTENING_LST2 '8','8','quypro';
2018-09-28 04:55:58 EXEC SPC_COM_DATA 'quypro','1','1';
2018-09-28 04:55:58 EXEC SPC_LISTENING_LST1 '9','quypro','8','8';
2018-09-28 04:55:59 EXEC SPC_COM_DATA 'quypro','1','1';
2018-09-28 04:55:59 EXEC SPC_LISTENING_LST2 '8','8','quypro';
2018-09-28 04:56:31 EXEC SPC_COM_DATA 'quypro','1','1';
2018-09-28 04:56:31 EXEC SPC_LISTENING_LST1 '9','quypro','8','8';
2018-09-28 04:56:32 EXEC SPC_COM_DATA 'quypro','1','1';
2018-09-28 04:56:32 EXEC SPC_LISTENING_LST2 '8','8','quypro';
2018-09-28 04:56:46 EXEC SPC_COM_DATA 'quypro','1','1';
2018-09-28 04:56:46 EXEC SPC_LISTENING_LST1 '9','quypro','8','8';
2018-09-28 04:56:47 EXEC SPC_COM_DATA 'quypro','1','1';
2018-09-28 04:56:47 EXEC SPC_LISTENING_LST2 '8','8','quypro';
2018-09-28 04:58:03 EXEC SPC_COM_DATA 'quypro','1','1';
2018-09-28 04:58:03 EXEC SPC_LISTENING_LST1 '9','quypro','8','8';
2018-09-28 04:58:03 EXEC SPC_COM_DATA 'quypro','1','1';
2018-09-28 04:58:03 EXEC SPC_LISTENING_LST2 '8','8','quypro';
2018-09-28 05:06:35 EXEC SPC_COM_PERMISSION '1','2','s002';
2018-09-28 05:06:35 EXEC SPC_COM_MENU '1';
2018-09-28 05:06:35 EXEC SPC_S002_FND1
2018-09-28 05:15:45 EXEC SPC_COM_DATA 'quypro','1','1';
2018-09-28 05:15:45 EXEC SPC_LISTENING_LST1 '9','quypro','8','8';
2018-09-28 05:15:46 EXEC SPC_COM_DATA 'quypro','1','1';
2018-09-28 05:15:46 EXEC SPC_LISTENING_LST2 '8','8','quypro';
2018-09-28 05:17:26 EXEC SPC_COM_DATA 'quypro','1','1';
2018-09-28 05:17:32 EXEC SPC_COM_DATA 'quypro','1','1';
2018-09-28 05:17:33 EXEC SPC_LISTENING_LST1 '9','quypro','8','8';
2018-09-28 05:17:33 EXEC SPC_COM_DATA 'quypro','1','1';
2018-09-28 05:17:33 EXEC SPC_LISTENING_LST2 '8','8','quypro';
2018-09-28 05:17:38 EXEC SPC_COM_DATA 'quypro','1','1';
2018-09-28 05:17:38 EXEC SPC_LISTENING_LST1 '10','quypro','8','8';
2018-09-28 05:17:38 EXEC SPC_COM_DATA 'quypro','1','1';
2018-09-28 05:17:38 EXEC SPC_LISTENING_LST2 '8','8','quypro';
2018-09-28 05:17:42 EXEC SPC_COM_DATA 'quypro','1','1';
2018-09-28 05:17:42 EXEC SPC_LISTENING_LST1 '10','quypro','8','8';
2018-09-28 05:17:43 EXEC SPC_COM_DATA 'quypro','1','1';
2018-09-28 05:17:43 EXEC SPC_LISTENING_LST2 '8','8','quypro';
2018-09-28 05:38:16 EXEC SPC_COM_DATA 'quypro','1','1';
2018-09-28 05:38:16 EXEC SPC_COM_ADD_COMMENT '1','9','newbei vs boss cuối >.<','','quypro','127.0.0.1';
2018-09-28 05:38:24 EXEC SPC_COM_DATA 'quypro','1','1';
2018-09-28 05:38:24 EXEC SPC_LISTENING_LST1 '9','quypro','8','8';
2018-09-28 05:38:25 EXEC SPC_COM_DATA 'quypro','1','1';
2018-09-28 05:38:25 EXEC SPC_LISTENING_LST2 '8','8','quypro';
2018-09-28 05:39:57 EXEC SPC_COM_DATA 'quypro','1','1';
2018-09-28 05:39:57 EXEC SPC_LISTENING_LST1 '9','quypro','8','8';
2018-09-28 05:39:57 EXEC SPC_COM_DATA 'quypro','1','1';
2018-09-28 05:39:57 EXEC SPC_LISTENING_LST2 '8','8','quypro';
2018-09-28 05:55:09 EXEC SPC_COM_DATA 'quypro','1','1';
2018-09-28 05:55:09 EXEC SPC_LISTENING_LST1 '9','quypro','8','8';
2018-09-28 05:55:09 EXEC SPC_COM_DATA 'quypro','1','1';
2018-09-28 05:55:09 EXEC SPC_LISTENING_LST2 '8','8','quypro';
2018-09-28 05:55:26 EXEC SPC_COM_DATA 'quypro','1','1';
2018-09-28 05:55:26 EXEC SPC_COM_ADD_COMMENT '1','9','ko chất ko phải là t','','quypro','127.0.0.1';
2018-09-28 05:55:29 EXEC SPC_COM_DATA 'quypro','1','1';
2018-09-28 05:55:29 EXEC SPC_COM_ADD_COMMENT '1','9','ko chất ko phải là t','','quypro','127.0.0.1';
2018-09-28 05:55:33 EXEC SPC_COM_DATA 'quypro','1','1';
2018-09-28 05:55:33 EXEC SPC_LISTENING_LST1 '9','quypro','8','8';
2018-09-28 05:55:33 EXEC SPC_COM_DATA 'quypro','1','1';
2018-09-28 05:55:33 EXEC SPC_LISTENING_LST2 '8','8','quypro';
2018-09-28 05:56:06 EXEC SPC_COM_DATA 'quypro','1','1';
2018-09-28 05:56:06 EXEC SPC_COM_ADD_COMMENT '1','9','bớt bớt đi mài','5','quypro','127.0.0.1';
2018-09-28 05:56:31 EXEC SPC_COM_DATA 'quypro','1','1';
2018-09-28 05:56:31 EXEC SPC_LISTENING_LST1 '9','quypro','8','8';
2018-09-28 05:56:32 EXEC SPC_COM_DATA 'quypro','1','1';
2018-09-28 05:56:32 EXEC SPC_LISTENING_LST2 '8','8','quypro';
2018-09-28 05:56:49 EXEC SPC_COM_DATA 'quypro','1','1';
2018-09-28 05:56:49 EXEC SPC_COM_ADD_COMMENT '2','10','comment đầu','','quypro','127.0.0.1';
2018-09-28 05:58:25 EXEC SPC_COM_DATA 'quypro','1','1';
2018-09-28 05:58:25 EXEC SPC_LISTENING_LST1 '9','quypro','8','8';
2018-09-28 05:58:26 EXEC SPC_COM_DATA 'quypro','1','1';
2018-09-28 05:58:26 EXEC SPC_LISTENING_LST2 '8','8','quypro';
2018-09-28 05:58:55 EXEC SPC_COM_DATA 'quypro','1','1';
2018-09-28 05:58:55 EXEC SPC_COM_ADD_COMMENT '1','9','ok fine','4','quypro','127.0.0.1';
2018-09-28 05:58:59 EXEC SPC_COM_DATA 'quypro','1','1';
2018-09-28 05:58:59 EXEC SPC_LISTENING_LST1 '9','quypro','8','8';
2018-09-28 05:59:00 EXEC SPC_COM_DATA 'quypro','1','1';
2018-09-28 05:59:00 EXEC SPC_LISTENING_LST2 '8','8','quypro';
2018-09-28 08:26:20 EXEC SPC_COM_DATA 'quypro','1','1';
2018-09-28 08:26:21 EXEC SPC_LISTENING_LST1 '9','quypro','8','8';
2018-09-28 08:26:25 EXEC SPC_COM_DATA 'quypro','1','1';
2018-09-28 08:26:25 EXEC SPC_LISTENING_LST2 '8','8','quypro';
2018-09-28 08:29:54 EXEC SPC_COM_DATA 'quypro','1','1';
2018-09-28 08:29:54 EXEC SPC_COM_ADD_COMMENT '2','10','đầu đầu cc','8','quypro','127.0.0.1';
2018-09-28 08:30:52 EXEC SPC_COM_DATA 'quypro','1','1';
2018-09-28 08:30:52 EXEC SPC_LISTENING_LST1 '10','quypro','8','8';
2018-09-28 08:30:52 EXEC SPC_COM_DATA 'quypro','1','1';
2018-09-28 08:30:52 EXEC SPC_LISTENING_LST2 '8','8','quypro';
2018-09-28 08:31:13 EXEC SPC_COM_DATA 'quypro','1','1';
2018-09-28 08:31:13 EXEC SPC_COM_ADD_COMMENT '2','10','đầu thì kệ cmm','8','quypro','127.0.0.1';
2018-09-28 08:31:22 EXEC SPC_COM_DATA 'quypro','1','1';
2018-09-28 08:31:22 EXEC SPC_LISTENING_LST1 '10','quypro','8','8';
2018-09-28 08:31:23 EXEC SPC_COM_DATA 'quypro','1','1';
2018-09-28 08:31:23 EXEC SPC_LISTENING_LST2 '8','8','quypro';
2018-09-28 08:31:54 EXEC SPC_COM_DATA 'quypro','1','1';
2018-09-28 08:31:54 EXEC SPC_LISTENING_LST1 '10','quypro','8','8';
2018-09-28 08:31:55 EXEC SPC_COM_DATA 'quypro','1','1';
2018-09-28 08:31:55 EXEC SPC_LISTENING_LST2 '8','8','quypro';
2018-09-28 08:32:13 EXEC SPC_COM_DATA 'quypro','1','1';
2018-09-28 08:32:13 EXEC SPC_COM_ADD_COMMENT '2','10','bố méo care!','8','quypro','127.0.0.1';
2018-09-28 08:32:36 EXEC SPC_COM_DATA 'quypro','1','1';
2018-09-28 08:32:36 EXEC SPC_LISTENING_LST1 '10','quypro','8','8';
2018-09-28 08:32:36 EXEC SPC_COM_DATA 'quypro','1','1';
2018-09-28 08:32:37 EXEC SPC_LISTENING_LST2 '8','8','quypro';
2018-09-28 08:33:25 EXEC SPC_COM_DATA 'quypro','1','1';
2018-09-28 08:33:25 EXEC SPC_COM_ADD_COMMENT '2','10','chán vc','8','quypro','127.0.0.1';
2018-09-28 08:34:40 EXEC SPC_COM_DATA 'quypro','1','1';
2018-09-28 08:34:40 EXEC SPC_LISTENING_LST1 '10','quypro','8','8';
2018-09-28 08:34:41 EXEC SPC_COM_DATA 'quypro','1','1';
2018-09-28 08:34:41 EXEC SPC_LISTENING_LST2 '8','8','quypro';
2018-09-28 08:34:54 EXEC SPC_COM_DATA 'quypro','1','1';
2018-09-28 08:34:54 EXEC SPC_COM_ADD_COMMENT '2','10','quẩy lên','','quypro','127.0.0.1';
2018-09-28 08:35:07 EXEC SPC_COM_DATA 'quypro','1','1';
2018-09-28 08:35:07 EXEC SPC_LISTENING_LST1 '10','quypro','8','8';
2018-09-28 08:35:08 EXEC SPC_COM_DATA 'quypro','1','1';
2018-09-28 08:35:08 EXEC SPC_LISTENING_LST2 '8','8','quypro';
2018-09-28 08:35:41 EXEC SPC_COM_DATA 'quypro','1','1';
2018-09-28 08:35:41 EXEC SPC_LISTENING_LST1 '10','quypro','8','8';
2018-09-28 08:35:42 EXEC SPC_COM_DATA 'quypro','1','1';
2018-09-28 08:35:42 EXEC SPC_LISTENING_LST2 '8','8','quypro';
2018-09-28 08:36:19 EXEC SPC_COM_DATA 'quypro','1','1';
2018-09-28 08:36:19 EXEC SPC_LISTENING_LST1 '10','quypro','8','8';
2018-09-28 08:36:19 EXEC SPC_COM_DATA 'quypro','1','1';
2018-09-28 08:36:19 EXEC SPC_LISTENING_LST2 '8','8','quypro';
2018-09-28 08:36:34 EXEC SPC_COM_DATA 'quypro','1','1';
2018-09-28 08:36:34 EXEC SPC_COM_ADD_COMMENT '2','10','quẩy cc nhá','14','quypro','127.0.0.1';
2018-09-28 08:37:00 EXEC SPC_COM_DATA 'quypro','1','1';
2018-09-28 08:37:00 EXEC SPC_LISTENING_LST1 '10','quypro','8','8';
2018-09-28 08:37:01 EXEC SPC_COM_DATA 'quypro','1','1';
2018-09-28 08:37:01 EXEC SPC_LISTENING_LST2 '8','8','quypro';
2018-09-28 08:38:52 EXEC SPC_COM_DATA 'quypro','1','1';
2018-09-28 08:38:52 EXEC SPC_LISTENING_LST1 '10','quypro','8','8';
2018-09-28 08:38:52 EXEC SPC_COM_DATA 'quypro','1','1';
2018-09-28 08:38:52 EXEC SPC_LISTENING_LST2 '8','8','quypro';
2018-09-28 08:42:51 EXEC SPC_COM_DATA 'quypro','1','1';
2018-09-28 08:42:51 EXEC SPC_LISTENING_LST1 '10','quypro','8','8';
2018-09-28 08:42:51 EXEC SPC_COM_DATA 'quypro','1','1';
2018-09-28 08:42:51 EXEC SPC_LISTENING_LST2 '8','8','quypro';
2018-09-28 08:57:51 EXEC SPC_COM_DATA 'quypro','1','1';
2018-09-28 08:57:51 EXEC SPC_LISTENING_LST1 '10','quypro','8','8';
2018-09-28 08:57:51 EXEC SPC_COM_DATA 'quypro','1','1';
2018-09-28 08:57:51 EXEC SPC_LISTENING_LST2 '8','8','quypro';
