2018-05-24 01:49:06 EXEC SPC_S003_FND1
2018-05-24 01:49:21 EXEC SPC_S002_LST1 '','','','','10','1';
2018-05-24 02:26:44 EXEC SPC_S003_FND1
2018-05-24 02:26:46 EXEC SPC_S002_LST1 '','','','','10','1';
2018-05-24 02:26:53 EXEC SPC_S002_ACT2 '<row id="ACC-16" />','quy','127.0.0.1';
2018-05-24 02:26:56 EXEC SPC_S002_LST1 '','','','','10','1';
2018-05-24 02:30:00 EXEC SPC_S002_LST1 '','','','','10','1';
2018-05-24 02:30:04 EXEC SPC_S003_FND1
2018-05-24 03:59:54 EXEC SPC_COM_M999_INQ1 '2';
2018-05-24 03:59:55 EXEC SPC_P002_LST1 '','','','0','50';
2018-05-24 10:56:28 EXEC SPC_M004_FND1
2018-05-24 10:56:35 EXEC SPC_S003_FND1
2018-05-24 10:56:37 EXEC SPC_S002_LST1 '','','','','10','1';
2018-05-24 10:56:50 EXEC SPC_COM_M999_INQ1 '2';
2018-05-24 10:56:51 EXEC SPC_P002_LST1 '','','','0','50';
2018-05-24 10:57:12 EXEC SPC_COMMON_REFER 'EMAIL','ACC-4';
2018-05-24 10:57:55 EXEC SPC_S003_FND1
2018-05-24 10:57:56 EXEC SPC_S003_FND1
2018-05-24 10:57:58 EXEC SPC_S002_LST1 '','','','','10','1';
2018-05-24 10:58:05 EXEC SPC_COM_M999_INQ1 '2';
2018-05-24 10:58:06 EXEC SPC_P002_LST1 '','','','0','50';
2018-05-24 10:58:15 EXEC SPC_S002_LST1 '','EMP-72','','','10','1';
2018-05-24 10:58:23 EXEC SPC_COMMON_REFER 'EMAIL','ACC-4';
2018-05-24 11:02:45 EXEC SPC_S003_FND1
2018-05-24 11:02:48 EXEC SPC_S002_LST1 '','','','','10','1';
2018-05-24 11:03:08 EXEC SPC_S003_FND1
2018-05-24 11:03:12 EXEC SPC_S002_LST1 '','','','','10','1';
2018-05-24 11:03:22 EXEC SPC_S002_ACT2 '<row id="ACC-5" />','quy','127.0.0.1';
