2018-10-29 00:41:52 EXEC SPC_COM_DATA '','','';
2018-10-29 00:42:27 EXEC SPC_COM_DATA '','','';
2018-10-29 00:42:27 EXEC SPC_WRITING_LST1 '','','','';
2018-10-29 00:42:28 EXEC SPC_COM_DATA '','','';
2018-10-29 00:42:28 EXEC SPC_COMMON_GET_SUGGEST
2018-10-29 00:42:28 EXEC SPC_COM_DATA '','','';
2018-10-29 00:42:28 EXEC SPC_WRITING_LST2 '9','10','';
2018-10-29 00:42:34 EXEC SPC_COM_DATA '','','';
2018-10-29 00:42:34 EXEC SPC_WRITING_LST1 '','','9','10';
2018-10-29 00:42:34 EXEC SPC_COM_DATA '','','';
2018-10-29 00:42:34 EXEC SPC_COMMON_GET_SUGGEST
2018-10-29 00:42:34 EXEC SPC_COM_DATA '','','';
2018-10-29 00:42:34 EXEC SPC_WRITING_LST2 '9','10','';
2018-10-29 00:42:42 EXEC SPC_COM_DATA '','','';
2018-10-29 00:42:42 EXEC SPC_WRITING_LST2 '9','11','';
2018-10-29 00:42:44 EXEC SPC_COM_DATA '','','';
2018-10-29 00:42:44 EXEC SPC_WRITING_LST2 '9','10','';
2018-10-29 00:42:46 EXEC SPC_COM_DATA '','','';
2018-10-29 00:42:46 EXEC SPC_WRITING_LST2 '10','12','';
2018-10-29 00:42:47 EXEC SPC_COM_DATA '','','';
2018-10-29 00:42:47 EXEC SPC_WRITING_LST2 '10','13','';
2018-10-29 00:42:55 EXEC SPC_COM_DATA '','','';
2018-10-29 00:42:55 EXEC SPC_READING_LST1 '','','10','13';
2018-10-29 00:42:56 EXEC SPC_COM_DATA '','','';
2018-10-29 00:42:56 EXEC SPC_READING_LST2 '12','14','';
2018-10-29 00:42:57 EXEC SPC_COM_DATA '','','';
2018-10-29 00:42:57 EXEC SPC_WRITING_LST1 '','','12','14';
2018-10-29 00:42:57 EXEC SPC_COM_DATA '','','';
2018-10-29 00:42:57 EXEC SPC_COMMON_GET_SUGGEST
2018-10-29 00:42:57 EXEC SPC_COM_DATA '','','';
2018-10-29 00:42:57 EXEC SPC_WRITING_LST2 '9','10','';
2018-10-29 00:42:59 EXEC SPC_COM_DATA '','','';
2018-10-29 00:42:59 EXEC SPC_LISTENING_LST1 '','','9','10';
2018-10-29 00:42:59 EXEC SPC_COM_DATA '','','';
2018-10-29 00:42:59 EXEC SPC_LISTENING_LST2 '8','8','';
2018-10-29 00:43:01 EXEC SPC_COM_DATA '','','';
2018-10-29 00:43:01 EXEC SPC_WRITING_LST1 '','','8','8';
2018-10-29 00:43:01 EXEC SPC_COM_DATA '','','';
2018-10-29 00:43:01 EXEC SPC_COMMON_GET_SUGGEST
2018-10-29 00:43:01 EXEC SPC_COM_DATA '','','';
2018-10-29 00:43:01 EXEC SPC_WRITING_LST2 '9','10','';
2018-10-29 00:43:05 EXEC SPC_COM_DATA '','','';
2018-10-29 00:43:05 EXEC SPC_READING_LST1 '','','9','10';
2018-10-29 00:43:05 EXEC SPC_COM_DATA '','','';
2018-10-29 00:43:05 EXEC SPC_READING_LST2 '12','14','';
2018-10-29 00:43:07 EXEC SPC_COM_DATA '','','';
2018-10-29 00:43:07 EXEC SPC_WRITING_LST1 '','','12','14';
2018-10-29 00:43:08 EXEC SPC_COM_DATA '','','';
2018-10-29 00:43:08 EXEC SPC_COMMON_GET_SUGGEST
2018-10-29 00:43:08 EXEC SPC_COM_DATA '','','';
2018-10-29 00:43:08 EXEC SPC_WRITING_LST2 '9','10','';
2018-10-29 00:43:54 EXEC SPC_COM_PERMISSION '1','2','w002';
2018-10-29 00:43:54 EXEC SPC_COM_MENU '1';
2018-10-29 00:43:54 EXEC SPC_W002_FND1
2018-10-29 00:43:56 EXEC SPC_COM_MENU '1';
2018-10-29 00:43:56 EXEC SPC_W002_LST1 '17';
2018-10-29 00:44:01 EXEC SPC_COM_PERMISSION '1','2','w001';
2018-10-29 00:44:01 EXEC SPC_COM_MENU '1';
2018-10-29 00:44:01 EXEC SPC_COM_M999_INQ1 '7';
2018-10-29 00:44:02 EXEC SPC_COM_MENU '1';
2018-10-29 00:44:02 EXEC SPC_w001_LST1 '','','','','10','1';
2018-10-29 00:44:08 EXEC SPC_COM_PERMISSION '1','2','w002';
2018-10-29 00:44:08 EXEC SPC_COM_MENU '1';
2018-10-29 00:44:08 EXEC SPC_W002_FND1
2018-10-29 00:44:09 EXEC SPC_COM_MENU '1';
2018-10-29 00:44:09 EXEC SPC_W002_LST1 '4';
2018-10-29 00:44:09 EXEC SPC_COM_MENU '1';
2018-10-29 00:44:09 EXEC SPC_W002_LST2 '4';
2018-10-29 00:44:09 EXEC SPC_COM_MENU '1';
2018-10-29 00:44:09 EXEC SPC_COMMON_GROUP '9';
2018-10-29 00:44:29 EXEC SPC_COM_DATA '','','';
2018-10-29 00:44:29 EXEC SPC_WRITING_LST1 '','','9','10';
2018-10-29 00:44:30 EXEC SPC_COM_DATA '','','';
2018-10-29 00:44:30 EXEC SPC_COMMON_GET_SUGGEST
2018-10-29 00:44:30 EXEC SPC_COM_DATA '','','';
2018-10-29 00:44:30 EXEC SPC_WRITING_LST2 '9','10','';
2018-10-29 00:45:13 EXEC SPC_COMMON_ACCOUNT '1','1';
2018-10-29 00:45:13 EXEC SPC_COM_DATA 'quypro','1','1';
2018-10-29 00:45:13 EXEC SPC_WRITING_LST1 '','quypro','9','10';
2018-10-29 00:45:14 EXEC SPC_COM_DATA 'quypro','1','1';
2018-10-29 00:45:14 EXEC SPC_COMMON_GET_SUGGEST
2018-10-29 00:45:14 EXEC SPC_COM_DATA 'quypro','1','1';
2018-10-29 00:45:14 EXEC SPC_WRITING_LST2 '9','10','quypro';
2018-10-29 00:51:53 EXEC SPC_COM_PERMISSION '1','2','w001';
2018-10-29 00:51:53 EXEC SPC_COM_MENU '1';
2018-10-29 00:51:53 EXEC SPC_COM_M999_INQ1 '7';
2018-10-29 00:51:55 EXEC SPC_COM_MENU '1';
2018-10-29 00:51:55 EXEC SPC_w001_LST1 '','','','','10','1';
2018-10-29 00:52:09 EXEC SPC_COM_PERMISSION '1','2','w002';
2018-10-29 00:52:09 EXEC SPC_COM_MENU '1';
2018-10-29 00:52:09 EXEC SPC_W002_FND1
2018-10-29 00:52:09 EXEC SPC_COM_MENU '1';
2018-10-29 00:52:09 EXEC SPC_W002_LST1 '2';
2018-10-29 00:52:09 EXEC SPC_COM_MENU '1';
2018-10-29 00:52:09 EXEC SPC_W002_LST2 '2';
2018-10-29 00:52:10 EXEC SPC_COM_MENU '1';
2018-10-29 00:52:10 EXEC SPC_COMMON_GROUP '6';
2018-10-29 00:55:30 EXEC SPC_COM_DATA 'quypro','1','1';
2018-10-29 00:55:30 EXEC SPC_WRITING_LST1 '4','quypro','9','10';
2018-10-29 00:55:31 EXEC SPC_COM_DATA 'quypro','1','1';
2018-10-29 00:55:31 EXEC SPC_COMMON_GET_SUGGEST
2018-10-29 00:55:31 EXEC SPC_COM_DATA 'quypro','1','1';
2018-10-29 00:55:31 EXEC SPC_WRITING_LST2 '9','10','quypro';
2018-10-29 00:56:30 EXEC SPC_COM_DATA 'quypro','1','1';
2018-10-29 00:56:30 EXEC SPC_WRITING_LST1 '4','quypro','9','10';
2018-10-29 00:56:31 EXEC SPC_COM_DATA 'quypro','1','1';
2018-10-29 00:56:31 EXEC SPC_COMMON_GET_SUGGEST
2018-10-29 00:56:31 EXEC SPC_COM_DATA 'quypro','1','1';
2018-10-29 00:56:31 EXEC SPC_WRITING_LST2 '9','10','quypro';
2018-10-29 00:58:32 EXEC SPC_COM_DATA 'quypro','1','1';
2018-10-29 00:58:32 EXEC SPC_WRITING_LST1 '4','quypro','9','10';
2018-10-29 00:58:33 EXEC SPC_COM_DATA 'quypro','1','1';
2018-10-29 00:58:33 EXEC SPC_COMMON_GET_SUGGEST
2018-10-29 00:58:33 EXEC SPC_COM_DATA 'quypro','1','1';
2018-10-29 00:58:33 EXEC SPC_WRITING_LST2 '9','10','quypro';
2018-10-29 00:59:42 EXEC SPC_COM_DATA 'quypro','1','1';
2018-10-29 00:59:42 EXEC SPC_WRITING_LST1 '4','quypro','9','10';
2018-10-29 00:59:43 EXEC SPC_COM_DATA 'quypro','1','1';
2018-10-29 00:59:43 EXEC SPC_COMMON_GET_SUGGEST
2018-10-29 00:59:43 EXEC SPC_COM_DATA 'quypro','1','1';
2018-10-29 00:59:43 EXEC SPC_WRITING_LST2 '9','10','quypro';
2018-10-29 01:01:21 EXEC SPC_COM_DATA 'quypro','1','1';
2018-10-29 01:01:21 EXEC SPC_WRITING_LST1 '','quypro','9','10';
2018-10-29 01:01:21 EXEC SPC_COM_DATA 'quypro','1','1';
2018-10-29 01:01:21 EXEC SPC_COMMON_GET_SUGGEST
2018-10-29 01:01:21 EXEC SPC_COM_DATA 'quypro','1','1';
2018-10-29 01:01:21 EXEC SPC_WRITING_LST2 '9','10','quypro';
2018-10-29 01:02:58 EXEC SPC_COM_DATA 'quypro','1','1';
2018-10-29 01:02:59 EXEC SPC_WRITING_LST1 '','quypro','9','10';
2018-10-29 01:02:59 EXEC SPC_COM_DATA 'quypro','1','1';
2018-10-29 01:02:59 EXEC SPC_COMMON_GET_SUGGEST
2018-10-29 01:02:59 EXEC SPC_COM_DATA 'quypro','1','1';
2018-10-29 01:02:59 EXEC SPC_WRITING_LST2 '9','10','quypro';
2018-10-29 01:03:16 EXEC SPC_COM_DATA 'quypro','1','1';
2018-10-29 01:03:16 EXEC SPC_WRITING_LST1 '','quypro','9','10';
2018-10-29 01:03:17 EXEC SPC_COM_DATA 'quypro','1','1';
2018-10-29 01:03:17 EXEC SPC_COMMON_GET_SUGGEST
2018-10-29 01:03:17 EXEC SPC_COM_DATA 'quypro','1','1';
2018-10-29 01:03:17 EXEC SPC_WRITING_LST2 '9','10','quypro';
2018-10-29 01:05:22 EXEC SPC_COM_DATA 'quypro','1','1';
2018-10-29 01:05:22 EXEC SPC_GRAMMAR_LST1 '2','quypro','9','10';
2018-10-29 01:05:23 EXEC SPC_COM_DATA 'quypro','1','1';
2018-10-29 01:05:23 EXEC SPC_GRAMMAR_LST2 '6','6','quypro';
2018-10-29 01:10:16 EXEC SPC_COM_DATA 'quypro','1','1';
2018-10-29 01:10:16 EXEC SPC_WRITING_LST1 '','quypro','6','6';
2018-10-29 01:10:17 EXEC SPC_COM_DATA 'quypro','1','1';
2018-10-29 01:10:17 EXEC SPC_COMMON_GET_SUGGEST
2018-10-29 01:10:17 EXEC SPC_COM_DATA 'quypro','1','1';
2018-10-29 01:10:17 EXEC SPC_WRITING_LST2 '9','10','quypro';
2018-10-29 01:11:17 EXEC SPC_COM_MENU '1';
2018-10-29 01:11:17 EXEC SPC_W002_LST1 '3';
2018-10-29 01:11:18 EXEC SPC_COM_MENU '1';
2018-10-29 01:11:18 EXEC SPC_W002_LST2 '2';
2018-10-29 01:11:18 EXEC SPC_COM_MENU '1';
2018-10-29 01:11:18 EXEC SPC_COMMON_GROUP '6';
2018-10-29 01:55:03 EXEC SPC_COM_DATA 'quypro','1','1';
2018-10-29 01:55:03 EXEC SPC_WRITING_LST1 '4','quypro','9','10';
2018-10-29 01:55:04 EXEC SPC_COM_DATA 'quypro','1','1';
2018-10-29 01:55:04 EXEC SPC_COMMON_GET_SUGGEST
2018-10-29 01:55:04 EXEC SPC_COM_DATA 'quypro','1','1';
2018-10-29 01:55:04 EXEC SPC_WRITING_LST2 '9','10','quypro';
2018-10-29 01:55:55 EXEC SPC_COM_DATA 'quypro','1','1';
2018-10-29 01:55:55 EXEC SPC_WRITING_LST1 '4','quypro','9','10';
2018-10-29 01:55:55 EXEC SPC_COM_DATA 'quypro','1','1';
2018-10-29 01:55:55 EXEC SPC_COMMON_GET_SUGGEST
2018-10-29 01:55:55 EXEC SPC_COM_DATA 'quypro','1','1';
2018-10-29 01:55:55 EXEC SPC_WRITING_LST2 '9','10','quypro';
2018-10-29 02:22:53 EXEC SPC_COM_DATA 'quypro','1','1';
2018-10-29 02:22:53 EXEC SPC_COM_FORGET '1','4','3','quypro';
2018-10-29 02:23:05 EXEC SPC_COM_DATA 'quypro','1','1';
2018-10-29 02:23:05 EXEC SPC_WRITING_LST1 '4','quypro','9','10';
2018-10-29 02:23:06 EXEC SPC_COM_DATA 'quypro','1','1';
2018-10-29 02:23:06 EXEC SPC_COMMON_GET_SUGGEST
2018-10-29 02:23:06 EXEC SPC_COM_DATA 'quypro','1','1';
2018-10-29 02:23:06 EXEC SPC_WRITING_LST2 '9','10','quypro';
2018-10-29 04:10:02 EXEC SPC_COM_DATA 'quypro','1','1';
2018-10-29 04:10:02 EXEC SPC_WRITING_LST1 '4','quypro','9','10';
2018-10-29 04:10:03 EXEC SPC_COM_DATA 'quypro','1','1';
2018-10-29 04:10:03 EXEC SPC_COMMON_GET_SUGGEST
2018-10-29 04:10:03 EXEC SPC_COM_DATA 'quypro','1','1';
2018-10-29 04:10:03 EXEC SPC_WRITING_LST2 '9','10','quypro';
2018-10-29 04:20:20 EXEC SPC_COM_DATA 'quypro','1','1';
2018-10-29 04:20:20 EXEC SPC_WRITING_LST1 '4','quypro','9','10';
2018-10-29 04:20:21 EXEC SPC_COM_DATA 'quypro','1','1';
2018-10-29 04:20:21 EXEC SPC_COMMON_GET_SUGGEST
2018-10-29 04:20:21 EXEC SPC_COM_DATA 'quypro','1','1';
2018-10-29 04:20:21 EXEC SPC_WRITING_LST2 '9','10','quypro';
2018-10-29 04:20:37 EXEC SPC_COM_DATA 'quypro','1','1';
2018-10-29 04:20:37 EXEC SPC_WRITING_LST1 '4','quypro','9','10';
2018-10-29 04:20:37 EXEC SPC_COM_DATA 'quypro','1','1';
2018-10-29 04:20:37 EXEC SPC_COMMON_GET_SUGGEST
2018-10-29 04:20:37 EXEC SPC_COM_DATA 'quypro','1','1';
2018-10-29 04:20:38 EXEC SPC_WRITING_LST2 '9','10','quypro';
2018-10-29 04:23:18 EXEC SPC_COM_DATA 'quypro','1','1';
2018-10-29 04:23:18 EXEC SPC_WRITING_LST1 '4','quypro','9','10';
2018-10-29 04:23:19 EXEC SPC_COM_DATA 'quypro','1','1';
2018-10-29 04:23:19 EXEC SPC_COMMON_GET_SUGGEST
2018-10-29 04:23:19 EXEC SPC_COM_DATA 'quypro','1','1';
2018-10-29 04:23:19 EXEC SPC_WRITING_LST2 '9','10','quypro';
2018-10-29 04:26:02 EXEC SPC_COM_DATA 'quypro','1','1';
2018-10-29 04:26:02 EXEC SPC_WRITING_LST1 '4','quypro','9','10';
2018-10-29 04:26:03 EXEC SPC_COM_DATA 'quypro','1','1';
2018-10-29 04:26:03 EXEC SPC_COMMON_GET_SUGGEST
2018-10-29 04:26:03 EXEC SPC_COM_DATA 'quypro','1','1';
2018-10-29 04:26:03 EXEC SPC_WRITING_LST2 '9','10','quypro';
2018-10-29 04:27:15 EXEC SPC_COM_DATA 'quypro','1','1';
2018-10-29 04:27:15 EXEC SPC_WRITING_LST1 '4','quypro','9','10';
2018-10-29 04:27:16 EXEC SPC_COM_DATA 'quypro','1','1';
2018-10-29 04:27:16 EXEC SPC_COMMON_GET_SUGGEST
2018-10-29 04:27:16 EXEC SPC_COM_DATA 'quypro','1','1';
2018-10-29 04:27:16 EXEC SPC_WRITING_LST2 '9','10','quypro';
2018-10-29 04:27:54 EXEC SPC_COM_DATA 'quypro','1','1';
2018-10-29 04:27:54 EXEC SPC_WRITING_LST1 '4','quypro','9','10';
2018-10-29 04:27:55 EXEC SPC_COM_DATA 'quypro','1','1';
2018-10-29 04:27:55 EXEC SPC_COMMON_GET_SUGGEST
2018-10-29 04:27:55 EXEC SPC_COM_DATA 'quypro','1','1';
2018-10-29 04:27:55 EXEC SPC_WRITING_LST2 '9','10','quypro';
2018-10-29 04:28:25 EXEC SPC_COM_DATA 'quypro','1','1';
2018-10-29 04:28:25 EXEC SPC_WRITING_LST1 '4','quypro','9','10';
2018-10-29 04:28:25 EXEC SPC_COM_DATA 'quypro','1','1';
2018-10-29 04:28:25 EXEC SPC_COMMON_GET_SUGGEST
2018-10-29 04:28:25 EXEC SPC_COM_DATA 'quypro','1','1';
2018-10-29 04:28:25 EXEC SPC_WRITING_LST2 '9','10','quypro';
2018-10-29 04:31:59 EXEC SPC_COM_DATA 'quypro','1','1';
2018-10-29 04:31:59 EXEC SPC_WRITING_LST1 '4','quypro','9','10';
2018-10-29 04:32:00 EXEC SPC_COM_DATA 'quypro','1','1';
2018-10-29 04:32:00 EXEC SPC_COMMON_GET_SUGGEST
2018-10-29 04:32:00 EXEC SPC_COM_DATA 'quypro','1','1';
2018-10-29 04:32:00 EXEC SPC_WRITING_LST2 '9','10','quypro';
2018-10-29 04:34:34 EXEC SPC_COM_DATA 'quypro','1','1';
2018-10-29 04:34:34 EXEC SPC_WRITING_LST1 '4','quypro','9','10';
2018-10-29 04:34:35 EXEC SPC_COM_DATA 'quypro','1','1';
2018-10-29 04:34:35 EXEC SPC_COMMON_GET_SUGGEST
2018-10-29 04:34:35 EXEC SPC_COM_DATA 'quypro','1','1';
2018-10-29 04:34:35 EXEC SPC_WRITING_LST2 '9','10','quypro';
2018-10-29 04:40:11 EXEC SPC_COM_DATA 'quypro','1','1';
2018-10-29 04:40:11 EXEC SPC_WRITING_LST1 '4','quypro','9','10';
2018-10-29 04:40:12 EXEC SPC_COM_DATA 'quypro','1','1';
2018-10-29 04:40:12 EXEC SPC_COMMON_GET_SUGGEST
2018-10-29 04:40:12 EXEC SPC_COM_DATA 'quypro','1','1';
2018-10-29 04:40:12 EXEC SPC_WRITING_LST2 '9','10','quypro';
2018-10-29 04:41:13 EXEC SPC_COM_DATA 'quypro','1','1';
2018-10-29 04:41:13 EXEC SPC_WRITING_LST1 '4','quypro','9','10';
2018-10-29 04:41:14 EXEC SPC_COM_DATA 'quypro','1','1';
2018-10-29 04:41:14 EXEC SPC_COMMON_GET_SUGGEST
2018-10-29 04:41:14 EXEC SPC_COM_DATA 'quypro','1','1';
2018-10-29 04:41:14 EXEC SPC_WRITING_LST2 '9','10','quypro';
2018-10-29 04:45:16 EXEC SPC_COM_DATA 'quypro','1','1';
2018-10-29 04:45:16 EXEC SPC_WRITING_LST1 '4','quypro','9','10';
2018-10-29 04:45:17 EXEC SPC_COM_DATA 'quypro','1','1';
2018-10-29 04:45:17 EXEC SPC_COMMON_GET_SUGGEST
2018-10-29 04:45:17 EXEC SPC_COM_DATA 'quypro','1','1';
2018-10-29 04:45:17 EXEC SPC_WRITING_LST2 '9','10','quypro';
2018-10-29 04:45:34 EXEC SPC_COM_DATA 'quypro','1','1';
2018-10-29 04:45:34 EXEC SPC_WRITING_LST1 '4','quypro','9','10';
2018-10-29 04:45:35 EXEC SPC_COM_DATA 'quypro','1','1';
2018-10-29 04:45:35 EXEC SPC_COMMON_GET_SUGGEST
2018-10-29 04:45:35 EXEC SPC_COM_DATA 'quypro','1','1';
2018-10-29 04:45:35 EXEC SPC_WRITING_LST2 '9','10','quypro';
2018-10-29 04:46:53 EXEC SPC_COM_DATA 'quypro','1','1';
2018-10-29 04:46:53 EXEC SPC_WRITING_LST1 '4','quypro','9','10';
2018-10-29 04:46:53 EXEC SPC_COM_DATA 'quypro','1','1';
2018-10-29 04:46:53 EXEC SPC_COMMON_GET_SUGGEST
2018-10-29 04:46:53 EXEC SPC_COM_DATA 'quypro','1','1';
2018-10-29 04:46:53 EXEC SPC_WRITING_LST2 '9','10','quypro';
2018-10-29 04:47:29 EXEC SPC_COM_DATA 'quypro','1','1';
2018-10-29 04:47:29 EXEC SPC_WRITING_LST1 '4','quypro','9','10';
2018-10-29 04:47:30 EXEC SPC_COM_DATA 'quypro','1','1';
2018-10-29 04:47:30 EXEC SPC_COMMON_GET_SUGGEST
2018-10-29 04:47:30 EXEC SPC_COM_DATA 'quypro','1','1';
2018-10-29 04:47:30 EXEC SPC_WRITING_LST2 '9','10','quypro';
2018-10-29 04:47:43 EXEC SPC_COM_DATA 'quypro','1','1';
2018-10-29 04:47:43 EXEC SPC_WRITING_LST1 '4','quypro','9','10';
2018-10-29 04:47:44 EXEC SPC_COM_DATA 'quypro','1','1';
2018-10-29 04:47:44 EXEC SPC_COMMON_GET_SUGGEST
2018-10-29 04:47:44 EXEC SPC_COM_DATA 'quypro','1','1';
2018-10-29 04:47:44 EXEC SPC_WRITING_LST2 '9','10','quypro';
2018-10-29 04:48:23 EXEC SPC_COM_DATA 'quypro','1','1';
2018-10-29 04:48:23 EXEC SPC_WRITING_LST1 '4','quypro','9','10';
2018-10-29 04:48:24 EXEC SPC_COM_DATA 'quypro','1','1';
2018-10-29 04:48:24 EXEC SPC_COMMON_GET_SUGGEST
2018-10-29 04:48:24 EXEC SPC_COM_DATA 'quypro','1','1';
2018-10-29 04:48:24 EXEC SPC_WRITING_LST2 '9','10','quypro';
2018-10-29 04:48:49 EXEC SPC_COM_DATA 'quypro','1','1';
2018-10-29 04:48:49 EXEC SPC_WRITING_LST1 '4','quypro','9','10';
2018-10-29 04:48:50 EXEC SPC_COM_DATA 'quypro','1','1';
2018-10-29 04:48:50 EXEC SPC_COMMON_GET_SUGGEST
2018-10-29 04:48:50 EXEC SPC_COM_DATA 'quypro','1','1';
2018-10-29 04:48:50 EXEC SPC_WRITING_LST2 '9','10','quypro';
2018-10-29 04:49:20 EXEC SPC_COM_DATA 'quypro','1','1';
2018-10-29 04:49:20 EXEC SPC_WRITING_LST1 '4','quypro','9','10';
2018-10-29 04:49:21 EXEC SPC_COM_DATA 'quypro','1','1';
2018-10-29 04:49:21 EXEC SPC_COMMON_GET_SUGGEST
2018-10-29 04:49:21 EXEC SPC_COM_DATA 'quypro','1','1';
2018-10-29 04:49:21 EXEC SPC_WRITING_LST2 '9','10','quypro';
2018-10-29 04:49:27 EXEC SPC_COM_DATA 'quypro','1','1';
2018-10-29 04:49:27 EXEC SPC_WRITING_LST1 '4','quypro','9','10';
2018-10-29 04:49:28 EXEC SPC_COM_DATA 'quypro','1','1';
2018-10-29 04:49:28 EXEC SPC_COMMON_GET_SUGGEST
2018-10-29 04:49:28 EXEC SPC_COM_DATA 'quypro','1','1';
2018-10-29 04:49:28 EXEC SPC_WRITING_LST2 '9','10','quypro';
2018-10-29 04:50:20 EXEC SPC_COM_DATA 'quypro','1','1';
2018-10-29 04:50:20 EXEC SPC_WRITING_LST1 '4','quypro','9','10';
2018-10-29 04:50:20 EXEC SPC_COM_DATA 'quypro','1','1';
2018-10-29 04:50:20 EXEC SPC_COMMON_GET_SUGGEST
2018-10-29 04:50:20 EXEC SPC_COM_DATA 'quypro','1','1';
2018-10-29 04:50:20 EXEC SPC_WRITING_LST2 '9','10','quypro';
2018-10-29 04:52:36 EXEC SPC_COM_DATA 'quypro','1','1';
2018-10-29 04:52:36 EXEC SPC_WRITING_LST1 '4','quypro','9','10';
2018-10-29 04:52:37 EXEC SPC_COM_DATA 'quypro','1','1';
2018-10-29 04:52:37 EXEC SPC_COMMON_GET_SUGGEST
2018-10-29 04:52:37 EXEC SPC_COM_DATA 'quypro','1','1';
2018-10-29 04:52:37 EXEC SPC_WRITING_LST2 '9','10','quypro';
2018-10-29 04:54:37 EXEC SPC_COM_DATA 'quypro','1','1';
2018-10-29 04:54:37 EXEC SPC_WRITING_LST1 '4','quypro','9','10';
2018-10-29 04:54:38 EXEC SPC_COM_DATA 'quypro','1','1';
2018-10-29 04:54:38 EXEC SPC_COMMON_GET_SUGGEST
2018-10-29 04:54:38 EXEC SPC_COM_DATA 'quypro','1','1';
2018-10-29 04:54:38 EXEC SPC_WRITING_LST2 '9','10','quypro';
2018-10-29 04:57:55 EXEC SPC_COM_DATA 'quypro','1','1';
2018-10-29 04:57:55 EXEC SPC_WRITING_LST1 '4','quypro','9','10';
2018-10-29 04:57:56 EXEC SPC_COM_DATA 'quypro','1','1';
2018-10-29 04:57:56 EXEC SPC_COMMON_GET_SUGGEST
2018-10-29 04:57:56 EXEC SPC_COM_DATA 'quypro','1','1';
2018-10-29 04:57:56 EXEC SPC_WRITING_LST2 '9','10','quypro';
2018-10-29 04:59:51 EXEC SPC_COM_DATA 'quypro','1','1';
2018-10-29 04:59:51 EXEC SPC_WRITING_LST1 '4','quypro','9','10';
2018-10-29 04:59:52 EXEC SPC_COM_DATA 'quypro','1','1';
2018-10-29 04:59:52 EXEC SPC_COMMON_GET_SUGGEST
2018-10-29 04:59:52 EXEC SPC_COM_DATA 'quypro','1','1';
2018-10-29 04:59:52 EXEC SPC_WRITING_LST2 '9','10','quypro';
2018-10-29 05:00:12 EXEC SPC_COM_DATA 'quypro','1','1';
2018-10-29 05:00:12 EXEC SPC_WRITING_LST1 '4','quypro','9','10';
2018-10-29 05:00:13 EXEC SPC_COM_DATA 'quypro','1','1';
2018-10-29 05:00:13 EXEC SPC_COMMON_GET_SUGGEST
2018-10-29 05:00:13 EXEC SPC_COM_DATA 'quypro','1','1';
2018-10-29 05:00:13 EXEC SPC_WRITING_LST2 '9','10','quypro';
2018-10-29 05:02:11 EXEC SPC_COM_DATA 'quypro','1','1';
2018-10-29 05:02:11 EXEC SPC_WRITING_LST1 '4','quypro','9','10';
2018-10-29 05:02:12 EXEC SPC_COM_DATA 'quypro','1','1';
2018-10-29 05:02:12 EXEC SPC_COMMON_GET_SUGGEST
2018-10-29 05:02:12 EXEC SPC_COM_DATA 'quypro','1','1';
2018-10-29 05:02:12 EXEC SPC_WRITING_LST2 '9','10','quypro';
2018-10-29 05:02:28 EXEC SPC_COM_DATA 'quypro','1','1';
2018-10-29 05:02:28 EXEC SPC_COM_ADD_LESSON '4','9','10','quypro','127.0.0.1';
2018-10-29 05:02:34 EXEC SPC_COM_DATA 'quypro','1','1';
2018-10-29 05:02:34 EXEC SPC_COM_DELETE_LESSON '10','quypro','127.0.0.1';
2018-10-29 05:08:27 EXEC SPC_COM_DATA 'quypro','1','1';
2018-10-29 05:08:27 EXEC SPC_WRITING_LST1 '4','quypro','9','10';
2018-10-29 05:08:27 EXEC SPC_COM_DATA 'quypro','1','1';
2018-10-29 05:08:27 EXEC SPC_COMMON_GET_SUGGEST
2018-10-29 05:08:28 EXEC SPC_COM_DATA 'quypro','1','1';
2018-10-29 05:08:28 EXEC SPC_WRITING_LST2 '9','10','quypro';
2018-10-29 05:16:50 EXEC SPC_COM_DATA 'quypro','1','1';
2018-10-29 05:16:50 EXEC SPC_WRITING_LST1 '4','quypro','9','10';
2018-10-29 05:16:51 EXEC SPC_COM_DATA 'quypro','1','1';
2018-10-29 05:16:51 EXEC SPC_COMMON_GET_SUGGEST
2018-10-29 05:16:51 EXEC SPC_COM_DATA 'quypro','1','1';
2018-10-29 05:16:51 EXEC SPC_WRITING_LST2 '9','10','quypro';
2018-10-29 05:17:44 EXEC SPC_COM_DATA 'quypro','1','1';
2018-10-29 05:17:44 EXEC SPC_WRITING_LST1 '4','quypro','9','10';
2018-10-29 05:17:45 EXEC SPC_COM_DATA 'quypro','1','1';
2018-10-29 05:17:45 EXEC SPC_COMMON_GET_SUGGEST
2018-10-29 05:17:45 EXEC SPC_COM_DATA 'quypro','1','1';
2018-10-29 05:17:45 EXEC SPC_WRITING_LST2 '9','10','quypro';
2018-10-29 05:18:13 EXEC SPC_COM_DATA 'quypro','1','1';
2018-10-29 05:18:13 EXEC SPC_WRITING_LST1 '4','quypro','9','10';
2018-10-29 05:18:14 EXEC SPC_COM_DATA 'quypro','1','1';
2018-10-29 05:18:14 EXEC SPC_COMMON_GET_SUGGEST
2018-10-29 05:18:14 EXEC SPC_COM_DATA 'quypro','1','1';
2018-10-29 05:18:14 EXEC SPC_WRITING_LST2 '9','10','quypro';
2018-10-29 05:18:46 EXEC SPC_COM_DATA 'quypro','1','1';
2018-10-29 05:18:46 EXEC SPC_WRITING_LST1 '4','quypro','9','10';
2018-10-29 05:18:46 EXEC SPC_COM_DATA 'quypro','1','1';
2018-10-29 05:18:46 EXEC SPC_COMMON_GET_SUGGEST
2018-10-29 05:18:46 EXEC SPC_COM_DATA 'quypro','1','1';
2018-10-29 05:18:46 EXEC SPC_WRITING_LST2 '9','10','quypro';
2018-10-29 05:18:54 EXEC SPC_COM_DATA 'quypro','1','1';
2018-10-29 05:18:54 EXEC SPC_WRITING_LST1 '4','quypro','9','10';
2018-10-29 05:18:54 EXEC SPC_COM_DATA 'quypro','1','1';
2018-10-29 05:18:54 EXEC SPC_COMMON_GET_SUGGEST
2018-10-29 05:18:54 EXEC SPC_COM_DATA 'quypro','1','1';
2018-10-29 05:18:54 EXEC SPC_WRITING_LST2 '9','10','quypro';
2018-10-29 05:19:26 EXEC SPC_COM_DATA 'quypro','1','1';
2018-10-29 05:19:26 EXEC SPC_WRITING_LST1 '4','quypro','9','10';
2018-10-29 05:19:26 EXEC SPC_COM_DATA 'quypro','1','1';
2018-10-29 05:19:26 EXEC SPC_COMMON_GET_SUGGEST
2018-10-29 05:19:26 EXEC SPC_COM_DATA 'quypro','1','1';
2018-10-29 05:19:26 EXEC SPC_WRITING_LST2 '9','10','quypro';
2018-10-29 05:19:44 EXEC SPC_COM_DATA 'quypro','1','1';
2018-10-29 05:19:44 EXEC SPC_WRITING_LST1 '4','quypro','9','10';
2018-10-29 05:19:45 EXEC SPC_COM_DATA 'quypro','1','1';
2018-10-29 05:19:45 EXEC SPC_COMMON_GET_SUGGEST
2018-10-29 05:19:45 EXEC SPC_COM_DATA 'quypro','1','1';
2018-10-29 05:19:45 EXEC SPC_WRITING_LST2 '9','10','quypro';
2018-10-29 05:20:32 EXEC SPC_COM_DATA 'quypro','1','1';
2018-10-29 05:20:32 EXEC SPC_WRITING_LST1 '4','quypro','9','10';
2018-10-29 05:20:33 EXEC SPC_COM_DATA 'quypro','1','1';
2018-10-29 05:20:33 EXEC SPC_COMMON_GET_SUGGEST
2018-10-29 05:20:33 EXEC SPC_COM_DATA 'quypro','1','1';
2018-10-29 05:20:33 EXEC SPC_WRITING_LST2 '9','10','quypro';
2018-10-29 05:22:45 EXEC SPC_COM_DATA 'quypro','1','1';
2018-10-29 05:22:45 EXEC SPC_WRITING_LST1 '4','quypro','9','10';
2018-10-29 05:23:00 EXEC SPC_COM_DATA 'quypro','1','1';
2018-10-29 05:23:00 EXEC SPC_WRITING_LST1 '4','quypro','9','10';
2018-10-29 05:23:01 EXEC SPC_COM_DATA 'quypro','1','1';
2018-10-29 05:23:01 EXEC SPC_COMMON_GET_SUGGEST
2018-10-29 05:23:01 EXEC SPC_COM_DATA 'quypro','1','1';
2018-10-29 05:23:01 EXEC SPC_WRITING_LST2 '9','10','quypro';
2018-10-29 05:24:35 EXEC SPC_COM_DATA 'quypro','1','1';
2018-10-29 05:24:35 EXEC SPC_WRITING_LST1 '4','quypro','9','10';
2018-10-29 05:24:36 EXEC SPC_COM_DATA 'quypro','1','1';
2018-10-29 05:24:36 EXEC SPC_COMMON_GET_SUGGEST
2018-10-29 05:24:36 EXEC SPC_COM_DATA 'quypro','1','1';
2018-10-29 05:24:36 EXEC SPC_WRITING_LST2 '9','10','quypro';
2018-10-29 05:24:47 EXEC SPC_COM_DATA 'quypro','1','1';
2018-10-29 05:24:47 EXEC SPC_COM_ADD_LESSON '4','9','10','quypro','127.0.0.1';
2018-10-29 05:24:51 EXEC SPC_COM_DATA 'quypro','1','1';
2018-10-29 05:24:51 EXEC SPC_COM_DELETE_LESSON '11','quypro','127.0.0.1';
2018-10-29 05:29:36 EXEC SPC_COM_DATA 'quypro','1','1';
2018-10-29 05:29:36 EXEC SPC_WRITING_LST1 '4','quypro','9','10';
2018-10-29 05:29:37 EXEC SPC_COM_DATA 'quypro','1','1';
2018-10-29 05:29:37 EXEC SPC_COMMON_GET_SUGGEST
2018-10-29 05:29:37 EXEC SPC_COM_DATA 'quypro','1','1';
2018-10-29 05:29:37 EXEC SPC_WRITING_LST2 '9','10','quypro';
2018-10-29 05:29:39 EXEC SPC_COM_DATA 'quypro','1','1';
2018-10-29 05:29:39 EXEC SPC_COM_ADD_LESSON '4','9','10','quypro','127.0.0.1';
2018-10-29 05:29:46 EXEC SPC_COM_DATA 'quypro','1','1';
2018-10-29 05:29:46 EXEC SPC_COM_DELETE_LESSON '12','quypro','127.0.0.1';
2018-10-29 05:30:45 EXEC SPC_COM_DATA 'quypro','1','1';
2018-10-29 05:30:45 EXEC SPC_WRITING_LST1 '4','quypro','9','10';
2018-10-29 05:30:46 EXEC SPC_COM_DATA 'quypro','1','1';
2018-10-29 05:30:46 EXEC SPC_COMMON_GET_SUGGEST
2018-10-29 05:30:46 EXEC SPC_COM_DATA 'quypro','1','1';
2018-10-29 05:30:46 EXEC SPC_WRITING_LST2 '9','10','quypro';
2018-10-29 05:31:52 EXEC SPC_COM_PERMISSION '1','2','w002';
2018-10-29 05:31:52 EXEC SPC_COM_MENU '1';
2018-10-29 05:31:52 EXEC SPC_W002_FND1
2018-10-29 05:31:54 EXEC SPC_COM_MENU '1';
2018-10-29 05:31:54 EXEC SPC_W002_LST1 '2';
2018-10-29 05:31:54 EXEC SPC_COM_MENU '1';
2018-10-29 05:31:54 EXEC SPC_W002_LST2 '2';
2018-10-29 05:31:54 EXEC SPC_COM_MENU '1';
2018-10-29 05:31:54 EXEC SPC_COMMON_GROUP '6';
2018-10-29 05:31:57 EXEC SPC_COM_MENU '1';
2018-10-29 05:31:57 EXEC SPC_W002_LST1 '';
2018-10-29 05:32:01 EXEC SPC_COM_MENU '1';
2018-10-29 05:32:01 EXEC SPC_W002_LST2 '4';
2018-10-29 05:32:33 EXEC SPC_COM_MENU '1';
2018-10-29 05:32:36 EXEC SPC_COM_MENU '1';
2018-10-29 05:32:36 EXEC SPC_COMMON_GROUP '9';
2018-10-29 05:32:40 EXEC SPC_COM_MENU '1';
2018-10-29 05:32:40 EXEC SPC_w002_ACT1 '','4','9','10','test 1','<row tag_id="2" is_new="0" /><row tag_id="9" is_new="0" />','<p>i love VN</p>
','','','0','','','','ndq809','127.0.0.1';
2018-10-29 05:32:42 EXEC SPC_COM_MENU '1';
2018-10-29 05:32:42 EXEC SPC_W002_LST1 '7';
2018-10-29 05:32:42 EXEC SPC_COM_MENU '1';
2018-10-29 05:32:42 EXEC SPC_W002_LST2 '4';
2018-10-29 05:32:42 EXEC SPC_COM_MENU '1';
2018-10-29 05:32:42 EXEC SPC_COMMON_GROUP '9';
2018-10-29 05:32:49 EXEC SPC_COM_MENU '1';
2018-10-29 05:32:49 EXEC SPC_W002_LST1 '';
2018-10-29 05:32:52 EXEC SPC_COM_MENU '1';
2018-10-29 05:32:52 EXEC SPC_W002_LST2 '4';
2018-10-29 05:32:54 EXEC SPC_COM_MENU '1';
2018-10-29 05:32:54 EXEC SPC_COMMON_GROUP '11';
2018-10-29 05:32:57 EXEC SPC_COM_MENU '1';
2018-10-29 05:32:57 EXEC SPC_COMMON_GROUP '10';
2018-10-29 05:33:46 EXEC SPC_COM_MENU '1';
2018-10-29 05:33:46 EXEC SPC_COM_M999_INQ1 '8';
2018-10-29 05:33:46 EXEC SPC_COM_MENU '1';
2018-10-29 05:33:46 EXEC SPC_p003_LST1 '','','','50';
2018-10-29 05:33:51 EXEC SPC_COM_MENU '1';
2018-10-29 05:33:51 EXEC SPC_COM_M999_INQ1 '8';
2018-10-29 05:33:52 EXEC SPC_COM_MENU '1';
2018-10-29 05:33:52 EXEC SPC_p003_LST1 '','','','50';
2018-10-29 05:33:58 EXEC SPC_COM_MENU '1';
2018-10-29 05:33:58 EXEC SPC_w002_ACT1 '','4','10','13','lol','<row tag_nm="game" is_new="1" /><row tag_nm="lol" is_new="1" />','<p>best game i used to played</p>
','','','0','<row row_id="0" vocabulary_code="5" vocabulary_div="1" vocabulary_nm="valuable" spelling="ˈvæl.jə.bəl" mean="quý giá" explain="" /><row row_id="1" vocabulary_code="7" vocabulary_div="1" vocabulary_nm="vicious" spelling="ˈvɪʃ.əs" mean="xấu xa,hằn học" explain="" />','','','ndq809','127.0.0.1';
2018-10-29 05:34:00 EXEC SPC_COM_MENU '1';
2018-10-29 05:34:00 EXEC SPC_W002_LST1 '8';
2018-10-29 05:34:00 EXEC SPC_COM_MENU '1';
2018-10-29 05:34:00 EXEC SPC_W002_LST2 '4';
2018-10-29 05:34:00 EXEC SPC_COM_MENU '1';
2018-10-29 05:34:00 EXEC SPC_COMMON_GROUP '10';
2018-10-29 05:34:06 EXEC SPC_COM_DATA 'quypro','1','1';
2018-10-29 05:34:06 EXEC SPC_WRITING_LST1 '4','quypro','9','10';
2018-10-29 05:34:07 EXEC SPC_COM_DATA 'quypro','1','1';
2018-10-29 05:34:07 EXEC SPC_COMMON_GET_SUGGEST
2018-10-29 05:34:07 EXEC SPC_COM_DATA 'quypro','1','1';
2018-10-29 05:34:07 EXEC SPC_WRITING_LST2 '9','10','quypro';
2018-10-29 05:36:04 EXEC SPC_COM_DATA 'quypro','1','1';
2018-10-29 05:36:04 EXEC SPC_WRITING_LST1 '7','quypro','9','10';
2018-10-29 05:36:05 EXEC SPC_COM_DATA 'quypro','1','1';
2018-10-29 05:36:05 EXEC SPC_COMMON_GET_SUGGEST
2018-10-29 05:36:05 EXEC SPC_COM_DATA 'quypro','1','1';
2018-10-29 05:36:05 EXEC SPC_WRITING_LST2 '9','10','quypro';
2018-10-29 05:36:28 EXEC SPC_COM_MENU '1';
2018-10-29 05:36:28 EXEC SPC_COMMON_GROUP '9';
2018-10-29 05:36:32 EXEC SPC_COM_MENU '1';
2018-10-29 05:36:32 EXEC SPC_w002_ACT1 '8','4','9','10','lol','<row tag_id="13" is_new="0" /><row tag_id="14" is_new="0" />','<p>best game i used to played</p>
','','','0','<row row_id="0" vocabulary_code="5" vocabulary_div="1" vocabulary_nm="valuable" spelling="ˈvæl.jə.bəl" mean="quý giá" explain="" /><row row_id="1" vocabulary_code="7" vocabulary_div="1" vocabulary_nm="vicious" spelling="ˈvɪʃ.əs" mean="xấu xa,hằn học" explain="" />','','','ndq809','127.0.0.1';
2018-10-29 05:36:33 EXEC SPC_COM_MENU '1';
2018-10-29 05:36:33 EXEC SPC_W002_LST1 '8';
2018-10-29 05:36:33 EXEC SPC_COM_MENU '1';
2018-10-29 05:36:33 EXEC SPC_W002_LST2 '4';
2018-10-29 05:36:33 EXEC SPC_COM_MENU '1';
2018-10-29 05:36:33 EXEC SPC_COMMON_GROUP '9';
2018-10-29 05:36:37 EXEC SPC_COM_DATA 'quypro','1','1';
2018-10-29 05:36:37 EXEC SPC_WRITING_LST1 '7','quypro','9','10';
2018-10-29 05:36:38 EXEC SPC_COM_DATA 'quypro','1','1';
2018-10-29 05:36:38 EXEC SPC_COMMON_GET_SUGGEST
2018-10-29 05:36:38 EXEC SPC_COM_DATA 'quypro','1','1';
2018-10-29 05:36:38 EXEC SPC_WRITING_LST2 '9','10','quypro';
2018-10-29 05:42:15 EXEC SPC_COM_DATA 'quypro','1','1';
2018-10-29 05:42:15 EXEC SPC_WRITING_LST1 '7','quypro','9','10';
2018-10-29 05:42:16 EXEC SPC_COM_DATA 'quypro','1','1';
2018-10-29 05:42:16 EXEC SPC_COMMON_GET_SUGGEST
2018-10-29 05:42:16 EXEC SPC_COM_DATA 'quypro','1','1';
2018-10-29 05:42:16 EXEC SPC_WRITING_LST2 '9','10','quypro';
2018-10-29 05:42:35 EXEC SPC_COM_DATA 'quypro','1','1';
2018-10-29 05:42:35 EXEC SPC_WRITING_LST1 '7','quypro','9','10';
2018-10-29 05:42:35 EXEC SPC_COM_DATA 'quypro','1','1';
2018-10-29 05:42:35 EXEC SPC_COMMON_GET_SUGGEST
2018-10-29 05:42:36 EXEC SPC_COM_DATA 'quypro','1','1';
2018-10-29 05:42:36 EXEC SPC_WRITING_LST2 '9','10','quypro';
2018-10-29 05:42:50 EXEC SPC_COM_DATA 'quypro','1','1';
2018-10-29 05:42:50 EXEC SPC_WRITING_LST1 '7','quypro','9','10';
2018-10-29 05:42:51 EXEC SPC_COM_DATA 'quypro','1','1';
2018-10-29 05:42:51 EXEC SPC_COMMON_GET_SUGGEST
2018-10-29 05:42:51 EXEC SPC_COM_DATA 'quypro','1','1';
2018-10-29 05:42:51 EXEC SPC_WRITING_LST2 '9','10','quypro';
2018-10-29 05:43:04 EXEC SPC_COM_DATA 'quypro','1','1';
2018-10-29 05:43:04 EXEC SPC_WRITING_LST1 '7','quypro','9','10';
2018-10-29 05:43:04 EXEC SPC_COM_DATA 'quypro','1','1';
2018-10-29 05:43:04 EXEC SPC_COMMON_GET_SUGGEST
2018-10-29 05:43:05 EXEC SPC_COM_DATA 'quypro','1','1';
2018-10-29 05:43:05 EXEC SPC_WRITING_LST2 '9','10','quypro';
2018-10-29 05:47:13 EXEC SPC_COM_MENU '1';
2018-10-29 05:47:13 EXEC SPC_W002_LST1 '7';
2018-10-29 05:47:13 EXEC SPC_COM_MENU '1';
2018-10-29 05:47:13 EXEC SPC_W002_LST2 '4';
2018-10-29 05:47:13 EXEC SPC_COM_MENU '1';
2018-10-29 05:47:13 EXEC SPC_COMMON_GROUP '9';
2018-10-29 05:47:20 EXEC SPC_COM_DATA 'quypro','1','1';
2018-10-29 05:47:20 EXEC SPC_WRITING_LST1 '8','quypro','9','10';
2018-10-29 05:47:21 EXEC SPC_COM_DATA 'quypro','1','1';
2018-10-29 05:47:21 EXEC SPC_COMMON_GET_SUGGEST
2018-10-29 05:47:21 EXEC SPC_COM_DATA 'quypro','1','1';
2018-10-29 05:47:21 EXEC SPC_WRITING_LST2 '9','10','quypro';
2018-10-29 05:51:22 EXEC SPC_COM_DATA 'quypro','1','1';
2018-10-29 05:51:22 EXEC SPC_VOCABULARY_LST1 '','quypro','9','10';
2018-10-29 05:51:23 EXEC SPC_COM_DATA 'quypro','1','1';
2018-10-29 05:51:23 EXEC SPC_VOCABULARY_LST2 '2','1','quypro';
2018-10-29 05:51:24 EXEC SPC_COM_DATA 'quypro','1','1';
2018-10-29 05:51:24 EXEC SPC_GRAMMAR_LST1 '','quypro','2','1';
2018-10-29 05:51:25 EXEC SPC_COM_DATA 'quypro','1','1';
2018-10-29 05:51:25 EXEC SPC_GRAMMAR_LST2 '6','6','quypro';
2018-10-29 05:51:35 EXEC SPC_COM_DATA 'quypro','1','1';
2018-10-29 05:51:35 EXEC SPC_LISTENING_LST1 '','quypro','6','6';
2018-10-29 05:51:36 EXEC SPC_COM_DATA 'quypro','1','1';
2018-10-29 05:51:36 EXEC SPC_LISTENING_LST2 '8','8','quypro';
2018-10-29 05:51:37 EXEC SPC_COM_DATA 'quypro','1','1';
2018-10-29 05:51:37 EXEC SPC_WRITING_LST1 '','quypro','8','8';
2018-10-29 05:51:37 EXEC SPC_COM_DATA 'quypro','1','1';
2018-10-29 05:51:37 EXEC SPC_COMMON_GET_SUGGEST
2018-10-29 05:51:37 EXEC SPC_COM_DATA 'quypro','1','1';
2018-10-29 05:51:37 EXEC SPC_WRITING_LST2 '9','10','quypro';
2018-10-29 05:51:40 EXEC SPC_COM_DATA 'quypro','1','1';
2018-10-29 05:51:40 EXEC SPC_READING_LST1 '','quypro','9','10';
2018-10-29 05:51:40 EXEC SPC_COM_DATA 'quypro','1','1';
2018-10-29 05:51:40 EXEC SPC_READING_LST2 '12','14','quypro';
2018-10-29 05:51:55 EXEC SPC_COM_PERMISSION '1','2','w002';
2018-10-29 05:51:55 EXEC SPC_COM_MENU '1';
2018-10-29 05:51:55 EXEC SPC_W002_FND1
2018-10-29 05:51:56 EXEC SPC_COM_MENU '1';
2018-10-29 05:51:56 EXEC SPC_W002_LST1 '2';
2018-10-29 05:51:56 EXEC SPC_COM_MENU '1';
2018-10-29 05:51:56 EXEC SPC_W002_LST2 '2';
2018-10-29 05:51:56 EXEC SPC_COM_MENU '1';
2018-10-29 05:51:56 EXEC SPC_COMMON_GROUP '6';
2018-10-29 05:51:59 EXEC SPC_COM_MENU '1';
2018-10-29 05:51:59 EXEC SPC_W002_LST1 '';
2018-10-29 05:52:01 EXEC SPC_COM_MENU '1';
2018-10-29 05:52:01 EXEC SPC_W002_LST2 '5';
2018-10-29 05:52:04 EXEC SPC_COM_MENU '1';
2018-10-29 05:52:04 EXEC SPC_COMMON_GROUP '12';
2018-10-29 05:52:26 EXEC SPC_COM_MENU '1';
2018-10-29 05:52:26 EXEC SPC_COM_M999_INQ1 '8';
2018-10-29 05:52:26 EXEC SPC_COM_MENU '1';
2018-10-29 05:52:26 EXEC SPC_p003_LST1 '','','','50';
2018-10-29 05:52:31 EXEC SPC_COM_MENU '1';
2018-10-29 05:52:31 EXEC SPC_w002_ACT1 '','5','12','14','viet nam','','<p>đọc để hiểu</p>
','','','0','<row row_id="0" vocabulary_code="1" vocabulary_div="1" vocabulary_nm="Hello" spelling="helou" mean="Xin chào" explain="say when meet someone" />','','','ndq809','127.0.0.1';
2018-10-29 05:52:32 EXEC SPC_COM_MENU '1';
2018-10-29 05:52:32 EXEC SPC_W002_LST1 '9';
2018-10-29 05:52:33 EXEC SPC_COM_MENU '1';
2018-10-29 05:52:33 EXEC SPC_W002_LST2 '5';
2018-10-29 05:52:33 EXEC SPC_COM_MENU '1';
2018-10-29 05:52:33 EXEC SPC_COMMON_GROUP '12';
2018-10-29 05:52:38 EXEC SPC_COM_PERMISSION '1','2','w002';
2018-10-29 05:52:38 EXEC SPC_COM_MENU '1';
2018-10-29 05:52:38 EXEC SPC_W002_FND1
2018-10-29 05:52:39 EXEC SPC_COM_MENU '1';
2018-10-29 05:52:39 EXEC SPC_W002_LST1 '2';
2018-10-29 05:52:39 EXEC SPC_COM_MENU '1';
2018-10-29 05:52:39 EXEC SPC_W002_LST2 '2';
2018-10-29 05:52:39 EXEC SPC_COM_MENU '1';
2018-10-29 05:52:39 EXEC SPC_COMMON_GROUP '6';
2018-10-29 05:52:41 EXEC SPC_COM_MENU '1';
2018-10-29 05:52:41 EXEC SPC_W002_LST1 '';
2018-10-29 05:52:43 EXEC SPC_COM_MENU '1';
2018-10-29 05:52:43 EXEC SPC_W002_LST2 '5';
2018-10-29 05:52:45 EXEC SPC_COM_MENU '1';
2018-10-29 05:52:45 EXEC SPC_COMMON_GROUP '12';
2018-10-29 05:53:39 EXEC SPC_COM_MENU '1';
2018-10-29 05:53:39 EXEC SPC_COM_M999_INQ1 '8';
2018-10-29 05:53:39 EXEC SPC_COM_MENU '1';
2018-10-29 05:53:39 EXEC SPC_p003_LST1 '','','','50';
2018-10-29 05:53:45 EXEC SPC_COM_MENU '1';
2018-10-29 05:53:45 EXEC SPC_w002_ACT1 '','5','12','14','ベトナム','','<p>素晴らしい国</p>
','','','0','<row row_id="0" vocabulary_code="7" vocabulary_div="1" vocabulary_nm="vicious" spelling="ˈvɪʃ.əs" mean="xấu xa,hằn học" explain="" />','','','ndq809','127.0.0.1';
2018-10-29 05:53:46 EXEC SPC_COM_MENU '1';
2018-10-29 05:53:46 EXEC SPC_W002_LST1 '10';
2018-10-29 05:53:46 EXEC SPC_COM_MENU '1';
2018-10-29 05:53:46 EXEC SPC_W002_LST2 '5';
2018-10-29 05:53:46 EXEC SPC_COM_MENU '1';
2018-10-29 05:53:46 EXEC SPC_COMMON_GROUP '12';
2018-10-29 05:53:49 EXEC SPC_COM_DATA 'quypro','1','1';
2018-10-29 05:53:49 EXEC SPC_READING_LST1 '','quypro','12','14';
2018-10-29 05:53:49 EXEC SPC_COM_DATA 'quypro','1','1';
2018-10-29 05:53:49 EXEC SPC_READING_LST2 '12','14','quypro';
2018-10-29 05:55:28 EXEC SPC_COM_MENU '1';
2018-10-29 05:55:28 EXEC SPC_W002_LST1 '';
2018-10-29 05:55:30 EXEC SPC_COM_MENU '1';
2018-10-29 05:55:30 EXEC SPC_W002_LST2 '4';
2018-10-29 05:55:33 EXEC SPC_COM_MENU '1';
2018-10-29 05:55:33 EXEC SPC_W002_LST2 '5';
2018-10-29 05:55:58 EXEC SPC_COM_MENU '1';
2018-10-29 05:55:59 EXEC SPC_COM_M999_INQ1 '8';
2018-10-29 05:55:59 EXEC SPC_COM_MENU '1';
2018-10-29 05:55:59 EXEC SPC_p003_LST1 '','','','50';
2018-10-29 05:56:03 EXEC SPC_COM_MENU '1';
2018-10-29 05:56:03 EXEC SPC_COM_M999_INQ1 '8';
2018-10-29 05:56:03 EXEC SPC_COM_MENU '1';
2018-10-29 05:56:03 EXEC SPC_p003_LST1 '','','','50';
2018-10-29 05:56:06 EXEC SPC_COM_MENU '1';
2018-10-29 05:56:06 EXEC SPC_COM_M999_INQ1 '8';
2018-10-29 05:56:07 EXEC SPC_COM_MENU '1';
2018-10-29 05:56:07 EXEC SPC_p003_LST1 '1','vicious','xấu xa,hằn học','50';
2018-10-29 05:56:17 EXEC SPC_COM_MENU '1';
2018-10-29 05:56:17 EXEC SPC_p003_LST1 '1','','','50','1';
2018-10-29 05:56:24 EXEC SPC_COM_MENU '1';
2018-10-29 05:56:26 EXEC SPC_COM_MENU '1';
2018-10-29 05:56:26 EXEC SPC_COMMON_GROUP '12';
2018-10-29 05:56:32 EXEC SPC_COM_MENU '1';
2018-10-29 05:56:32 EXEC SPC_w002_ACT1 '','5','12','14','england','','<p>this is my country</p>
','','','0','<row row_id="0" vocabulary_code="2" vocabulary_div="1" vocabulary_nm="king" spelling="king" mean="vua" explain="someone who leader of a country" /><row row_id="1" vocabulary_code="3" vocabulary_div="1" vocabulary_nm="kingdom" spelling="kingdum" mean="vương quốc" explain="the way to call a country in history" />','','','ndq809','127.0.0.1';
2018-10-29 05:56:33 EXEC SPC_COM_MENU '1';
2018-10-29 05:56:33 EXEC SPC_W002_LST1 '11';
2018-10-29 05:56:34 EXEC SPC_COM_MENU '1';
2018-10-29 05:56:34 EXEC SPC_W002_LST2 '5';
2018-10-29 05:56:34 EXEC SPC_COM_MENU '1';
2018-10-29 05:56:34 EXEC SPC_COMMON_GROUP '12';
2018-10-29 05:56:44 EXEC SPC_COM_DATA 'quypro','1','1';
2018-10-29 05:56:44 EXEC SPC_READING_LST1 '','quypro','12','14';
2018-10-29 05:56:45 EXEC SPC_COM_DATA 'quypro','1','1';
2018-10-29 05:56:45 EXEC SPC_READING_LST2 '12','14','quypro';
2018-10-29 05:57:25 EXEC SPC_COM_DATA 'quypro','1','1';
2018-10-29 05:57:25 EXEC SPC_COM_FORGET '1','9','3','quypro';
2018-10-29 05:57:27 EXEC SPC_COM_DATA 'quypro','1','1';
2018-10-29 05:57:27 EXEC SPC_READING_LST1 '9','quypro','12','14';
2018-10-29 05:57:27 EXEC SPC_COM_DATA 'quypro','1','1';
2018-10-29 05:57:27 EXEC SPC_READING_LST2 '12','14','quypro';
2018-10-29 05:57:33 EXEC SPC_COM_DATA 'quypro','1','1';
2018-10-29 05:57:33 EXEC SPC_COM_REMEMBER '5','3','1','9','quypro','127.0.0.1';
2018-10-29 05:57:36 EXEC SPC_COM_DATA 'quypro','1','1';
2018-10-29 05:57:36 EXEC SPC_READING_LST1 '9','quypro','12','14';
2018-10-29 05:57:36 EXEC SPC_COM_DATA 'quypro','1','1';
2018-10-29 05:57:36 EXEC SPC_READING_LST2 '12','14','quypro';
2018-10-29 05:57:50 EXEC SPC_COM_DATA 'quypro','1','1';
2018-10-29 05:57:50 EXEC SPC_WRITING_LST1 '','quypro','12','14';
2018-10-29 05:57:50 EXEC SPC_COM_DATA 'quypro','1','1';
2018-10-29 05:57:50 EXEC SPC_COMMON_GET_SUGGEST
2018-10-29 05:57:50 EXEC SPC_COM_DATA 'quypro','1','1';
2018-10-29 05:57:50 EXEC SPC_WRITING_LST2 '9','10','quypro';
2018-10-29 05:58:14 EXEC SPC_COM_DATA 'quypro','1','1';
2018-10-29 05:58:14 EXEC SPC_READING_LST1 '','quypro','9','10';
2018-10-29 05:58:14 EXEC SPC_COM_DATA 'quypro','1','1';
2018-10-29 05:58:14 EXEC SPC_READING_LST2 '12','14','quypro';
2018-10-29 05:58:37 EXEC SPC_COM_MENU '1';
2018-10-29 05:58:37 EXEC SPC_W002_LST1 '10';
2018-10-29 05:58:37 EXEC SPC_COM_MENU '1';
2018-10-29 05:58:37 EXEC SPC_W002_LST2 '5';
2018-10-29 05:58:37 EXEC SPC_COM_MENU '1';
2018-10-29 05:58:37 EXEC SPC_COMMON_GROUP '12';
2018-10-29 05:58:43 EXEC SPC_COM_MENU '1';
2018-10-29 05:58:43 EXEC SPC_w002_ACT1 '10','5','12','14','ベトナム','','<p>素晴らしい国</p>
','','','0','','','','ndq809','127.0.0.1';
2018-10-29 05:58:44 EXEC SPC_COM_MENU '1';
2018-10-29 05:58:44 EXEC SPC_W002_LST1 '10';
2018-10-29 05:58:45 EXEC SPC_COM_MENU '1';
2018-10-29 05:58:45 EXEC SPC_W002_LST2 '5';
2018-10-29 05:58:45 EXEC SPC_COM_MENU '1';
2018-10-29 05:58:45 EXEC SPC_COMMON_GROUP '12';
2018-10-29 05:58:49 EXEC SPC_COM_DATA 'quypro','1','1';
2018-10-29 05:58:49 EXEC SPC_READING_LST1 '','quypro','12','14';
2018-10-29 05:58:49 EXEC SPC_COM_DATA 'quypro','1','1';
2018-10-29 05:58:49 EXEC SPC_READING_LST2 '12','14','quypro';
2018-10-29 06:02:28 EXEC SPC_COM_DATA 'quypro','1','1';
2018-10-29 06:02:28 EXEC SPC_WRITING_LST1 '','quypro','12','14';
2018-10-29 06:02:29 EXEC SPC_COM_DATA 'quypro','1','1';
2018-10-29 06:02:29 EXEC SPC_COMMON_GET_SUGGEST
2018-10-29 06:02:29 EXEC SPC_COM_DATA 'quypro','1','1';
2018-10-29 06:02:29 EXEC SPC_WRITING_LST2 '9','10','quypro';
2018-10-29 06:03:16 EXEC SPC_COM_DATA 'quypro','1','1';
2018-10-29 06:03:16 EXEC SPC_WRITING_LST1 '7','quypro','9','10';
2018-10-29 06:03:16 EXEC SPC_COM_DATA 'quypro','1','1';
2018-10-29 06:03:16 EXEC SPC_COMMON_GET_SUGGEST
2018-10-29 06:03:16 EXEC SPC_COM_DATA 'quypro','1','1';
2018-10-29 06:03:16 EXEC SPC_WRITING_LST2 '9','10','quypro';
2018-10-29 06:03:24 EXEC SPC_COM_DATA 'quypro','1','1';
2018-10-29 06:03:24 EXEC SPC_WRITING_LST1 '4','quypro','9','10';
2018-10-29 06:03:24 EXEC SPC_COM_DATA 'quypro','1','1';
2018-10-29 06:03:24 EXEC SPC_COMMON_GET_SUGGEST
2018-10-29 06:03:24 EXEC SPC_COM_DATA 'quypro','1','1';
2018-10-29 06:03:24 EXEC SPC_WRITING_LST2 '9','10','quypro';
2018-10-29 06:04:30 EXEC SPC_COM_DATA 'quypro','1','1';
2018-10-29 06:04:30 EXEC SPC_COM_ADD_LESSON '4','9','10','quypro','127.0.0.1';
2018-10-29 06:04:34 EXEC SPC_COM_DATA 'quypro','1','1';
2018-10-29 06:04:34 EXEC SPC_COM_DELETE_LESSON '14','quypro','127.0.0.1';
2018-10-29 06:08:38 EXEC SPC_COM_DATA 'quypro','1','1';
2018-10-29 06:08:38 EXEC SPC_WRITING_LST1 '7','quypro','9','10';
2018-10-29 06:08:39 EXEC SPC_COM_DATA 'quypro','1','1';
2018-10-29 06:08:39 EXEC SPC_COMMON_GET_SUGGEST
2018-10-29 06:08:39 EXEC SPC_COM_DATA 'quypro','1','1';
2018-10-29 06:08:39 EXEC SPC_WRITING_LST2 '9','10','quypro';
2018-10-29 06:08:55 EXEC SPC_COM_DATA 'quypro','1','1';
2018-10-29 06:08:55 EXEC SPC_WRITING_LST1 '7','quypro','9','10';
2018-10-29 06:08:56 EXEC SPC_COM_DATA 'quypro','1','1';
2018-10-29 06:08:56 EXEC SPC_COMMON_GET_SUGGEST
2018-10-29 06:08:56 EXEC SPC_COM_DATA 'quypro','1','1';
2018-10-29 06:08:56 EXEC SPC_WRITING_LST2 '9','10','quypro';
2018-10-29 06:09:00 EXEC SPC_COM_DATA 'quypro','1','1';
2018-10-29 06:09:00 EXEC SPC_WRITING_LST1 '7','quypro','9','10';
2018-10-29 06:09:00 EXEC SPC_COM_DATA 'quypro','1','1';
2018-10-29 06:09:00 EXEC SPC_COMMON_GET_SUGGEST
2018-10-29 06:09:00 EXEC SPC_COM_DATA 'quypro','1','1';
2018-10-29 06:09:00 EXEC SPC_WRITING_LST2 '9','10','quypro';
2018-10-29 06:10:14 EXEC SPC_COM_DATA 'quypro','1','1';
2018-10-29 06:10:14 EXEC SPC_WRITING_LST1 '7','quypro','9','10';
2018-10-29 06:10:14 EXEC SPC_COM_DATA 'quypro','1','1';
2018-10-29 06:10:14 EXEC SPC_COMMON_GET_SUGGEST
2018-10-29 06:10:14 EXEC SPC_COM_DATA 'quypro','1','1';
2018-10-29 06:10:15 EXEC SPC_WRITING_LST2 '9','10','quypro';
2018-10-29 06:11:24 EXEC SPC_COM_DATA 'quypro','1','1';
2018-10-29 06:11:24 EXEC SPC_WRITING_LST1 '4','quypro','9','10';
2018-10-29 06:11:25 EXEC SPC_COM_DATA 'quypro','1','1';
2018-10-29 06:11:25 EXEC SPC_COMMON_GET_SUGGEST
2018-10-29 06:11:25 EXEC SPC_COM_DATA 'quypro','1','1';
2018-10-29 06:11:25 EXEC SPC_WRITING_LST2 '9','10','quypro';
2018-10-29 06:12:12 EXEC SPC_COM_DATA 'quypro','1','1';
2018-10-29 06:12:12 EXEC SPC_WRITING_LST1 '4','quypro','9','10';
2018-10-29 06:12:12 EXEC SPC_COM_DATA 'quypro','1','1';
2018-10-29 06:12:12 EXEC SPC_COMMON_GET_SUGGEST
2018-10-29 06:12:13 EXEC SPC_COM_DATA 'quypro','1','1';
2018-10-29 06:12:13 EXEC SPC_WRITING_LST2 '9','10','quypro';
2018-10-29 06:13:28 EXEC SPC_COM_DATA 'quypro','1','1';
2018-10-29 06:13:28 EXEC SPC_WRITING_LST1 '4','quypro','9','10';
2018-10-29 06:13:29 EXEC SPC_COM_DATA 'quypro','1','1';
2018-10-29 06:13:29 EXEC SPC_COMMON_GET_SUGGEST
2018-10-29 06:13:29 EXEC SPC_COM_DATA 'quypro','1','1';
2018-10-29 06:13:29 EXEC SPC_WRITING_LST2 '9','10','quypro';
2018-10-29 06:14:26 EXEC SPC_COM_DATA 'quypro','1','1';
2018-10-29 06:14:26 EXEC SPC_WRITING_LST1 '4','quypro','9','10';
2018-10-29 06:14:27 EXEC SPC_COM_DATA 'quypro','1','1';
2018-10-29 06:14:27 EXEC SPC_COMMON_GET_SUGGEST
2018-10-29 06:14:27 EXEC SPC_COM_DATA 'quypro','1','1';
2018-10-29 06:14:27 EXEC SPC_WRITING_LST2 '9','10','quypro';
2018-10-29 06:16:27 EXEC SPC_COM_DATA 'quypro','1','1';
2018-10-29 06:16:27 EXEC SPC_WRITING_LST1 '4','quypro','9','10';
2018-10-29 06:16:28 EXEC SPC_COM_DATA 'quypro','1','1';
2018-10-29 06:16:28 EXEC SPC_COMMON_GET_SUGGEST
2018-10-29 06:16:28 EXEC SPC_COM_DATA 'quypro','1','1';
2018-10-29 06:16:28 EXEC SPC_WRITING_LST2 '9','10','quypro';
2018-10-29 06:16:42 EXEC SPC_COM_DATA 'quypro','1','1';
2018-10-29 06:16:42 EXEC SPC_WRITING_LST1 '7','quypro','9','10';
2018-10-29 06:16:43 EXEC SPC_COM_DATA 'quypro','1','1';
2018-10-29 06:16:43 EXEC SPC_COMMON_GET_SUGGEST
2018-10-29 06:16:43 EXEC SPC_COM_DATA 'quypro','1','1';
2018-10-29 06:16:43 EXEC SPC_WRITING_LST2 '9','10','quypro';
2018-10-29 06:17:25 EXEC SPC_COM_DATA 'quypro','1','1';
2018-10-29 06:17:25 EXEC SPC_WRITING_LST1 '7','quypro','9','10';
2018-10-29 06:17:26 EXEC SPC_COM_DATA 'quypro','1','1';
2018-10-29 06:17:26 EXEC SPC_COMMON_GET_SUGGEST
2018-10-29 06:17:26 EXEC SPC_COM_DATA 'quypro','1','1';
2018-10-29 06:17:26 EXEC SPC_WRITING_LST2 '9','10','quypro';
2018-10-29 06:18:56 EXEC SPC_COM_DATA 'quypro','1','1';
2018-10-29 06:18:56 EXEC SPC_WRITING_LST1 '7','quypro','9','10';
2018-10-29 06:18:57 EXEC SPC_COM_DATA 'quypro','1','1';
2018-10-29 06:18:57 EXEC SPC_COMMON_GET_SUGGEST
2018-10-29 06:18:57 EXEC SPC_COM_DATA 'quypro','1','1';
2018-10-29 06:18:57 EXEC SPC_WRITING_LST2 '9','10','quypro';
2018-10-29 06:19:55 EXEC SPC_COM_DATA 'quypro','1','1';
2018-10-29 06:19:55 EXEC SPC_WRITING_LST1 '7','quypro','9','10';
2018-10-29 06:19:56 EXEC SPC_COM_DATA 'quypro','1','1';
2018-10-29 06:19:56 EXEC SPC_COMMON_GET_SUGGEST
2018-10-29 06:19:56 EXEC SPC_COM_DATA 'quypro','1','1';
2018-10-29 06:19:56 EXEC SPC_WRITING_LST2 '9','10','quypro';
2018-10-29 06:20:59 EXEC SPC_COM_DATA 'quypro','1','1';
2018-10-29 06:20:59 EXEC SPC_WRITING_LST1 '7','quypro','9','10';
2018-10-29 06:21:00 EXEC SPC_COM_DATA 'quypro','1','1';
2018-10-29 06:21:00 EXEC SPC_COMMON_GET_SUGGEST
2018-10-29 06:21:00 EXEC SPC_COM_DATA 'quypro','1','1';
2018-10-29 06:21:00 EXEC SPC_WRITING_LST2 '9','10','quypro';
2018-10-29 06:21:34 EXEC SPC_COM_DATA 'quypro','1','1';
2018-10-29 06:21:34 EXEC SPC_WRITING_LST1 '7','quypro','9','10';
2018-10-29 06:21:35 EXEC SPC_COM_DATA 'quypro','1','1';
2018-10-29 06:21:35 EXEC SPC_COMMON_GET_SUGGEST
2018-10-29 06:21:35 EXEC SPC_COM_DATA 'quypro','1','1';
2018-10-29 06:21:35 EXEC SPC_WRITING_LST2 '9','10','quypro';
2018-10-29 06:21:54 EXEC SPC_COM_DATA 'quypro','1','1';
2018-10-29 06:21:54 EXEC SPC_WRITING_LST1 '7','quypro','9','10';
2018-10-29 06:21:54 EXEC SPC_COM_DATA 'quypro','1','1';
2018-10-29 06:21:54 EXEC SPC_COMMON_GET_SUGGEST
2018-10-29 06:21:54 EXEC SPC_COM_DATA 'quypro','1','1';
2018-10-29 06:21:54 EXEC SPC_WRITING_LST2 '9','10','quypro';
2018-10-29 06:27:46 EXEC SPC_COM_DATA 'quypro','1','1';
2018-10-29 06:27:46 EXEC SPC_WRITING_LST1 '7','quypro','9','10';
2018-10-29 06:27:47 EXEC SPC_COM_DATA 'quypro','1','1';
2018-10-29 06:27:47 EXEC SPC_COMMON_GET_SUGGEST
2018-10-29 06:27:47 EXEC SPC_COM_DATA 'quypro','1','1';
2018-10-29 06:27:47 EXEC SPC_WRITING_LST2 '9','10','quypro';
2018-10-29 06:28:54 EXEC SPC_COM_DATA 'quypro','1','1';
2018-10-29 06:28:54 EXEC SPC_WRITING_LST1 '8','quypro','9','10';
2018-10-29 06:28:54 EXEC SPC_COM_DATA 'quypro','1','1';
2018-10-29 06:28:54 EXEC SPC_COMMON_GET_SUGGEST
2018-10-29 06:28:55 EXEC SPC_COM_DATA 'quypro','1','1';
2018-10-29 06:28:55 EXEC SPC_WRITING_LST2 '9','10','quypro';
2018-10-29 06:29:10 EXEC SPC_COM_DATA 'quypro','1','1';
2018-10-29 06:29:10 EXEC SPC_WRITING_LST1 '4','quypro','9','10';
2018-10-29 06:29:11 EXEC SPC_COM_DATA 'quypro','1','1';
2018-10-29 06:29:11 EXEC SPC_COMMON_GET_SUGGEST
2018-10-29 06:29:11 EXEC SPC_COM_DATA 'quypro','1','1';
2018-10-29 06:29:11 EXEC SPC_WRITING_LST2 '9','10','quypro';
2018-10-29 06:29:53 EXEC SPC_COM_DATA 'quypro','1','1';
2018-10-29 06:29:53 EXEC SPC_WRITING_LST1 '8','quypro','9','10';
2018-10-29 06:29:53 EXEC SPC_COM_DATA 'quypro','1','1';
2018-10-29 06:29:53 EXEC SPC_COMMON_GET_SUGGEST
2018-10-29 06:29:53 EXEC SPC_COM_DATA 'quypro','1','1';
2018-10-29 06:29:53 EXEC SPC_WRITING_LST2 '9','10','quypro';
2018-10-29 06:46:36 EXEC SPC_COM_DATA 'quypro','1','1';
2018-10-29 06:46:36 EXEC SPC_WRITING_LST1 '8','quypro','9','10';
2018-10-29 06:46:37 EXEC SPC_COM_DATA 'quypro','1','1';
2018-10-29 06:46:37 EXEC SPC_COMMON_GET_SUGGEST
2018-10-29 06:46:37 EXEC SPC_COM_DATA 'quypro','1','1';
2018-10-29 06:46:37 EXEC SPC_WRITING_LST2 '9','10','quypro';
2018-10-29 06:47:36 EXEC SPC_COM_DATA 'quypro','1','1';
2018-10-29 06:47:36 EXEC SPC_WRITING_LST1 '4','quypro','9','10';
2018-10-29 06:47:36 EXEC SPC_COM_DATA 'quypro','1','1';
2018-10-29 06:47:36 EXEC SPC_COMMON_GET_SUGGEST
2018-10-29 06:47:36 EXEC SPC_COM_DATA 'quypro','1','1';
2018-10-29 06:47:36 EXEC SPC_WRITING_LST2 '9','10','quypro';
2018-10-29 06:48:24 EXEC SPC_COM_DATA 'quypro','1','1';
2018-10-29 06:48:24 EXEC SPC_WRITING_LST1 '7','quypro','9','10';
2018-10-29 06:48:24 EXEC SPC_COM_DATA 'quypro','1','1';
2018-10-29 06:48:24 EXEC SPC_COMMON_GET_SUGGEST
2018-10-29 06:48:24 EXEC SPC_COM_DATA 'quypro','1','1';
2018-10-29 06:48:24 EXEC SPC_WRITING_LST2 '9','10','quypro';
2018-10-29 06:48:40 EXEC SPC_COM_DATA 'quypro','1','1';
2018-10-29 06:48:40 EXEC SPC_WRITING_LST1 '4','quypro','9','10';
2018-10-29 06:48:40 EXEC SPC_COM_DATA 'quypro','1','1';
2018-10-29 06:48:40 EXEC SPC_COMMON_GET_SUGGEST
2018-10-29 06:48:40 EXEC SPC_COM_DATA 'quypro','1','1';
2018-10-29 06:48:40 EXEC SPC_WRITING_LST2 '9','10','quypro';
2018-10-29 07:04:07 EXEC SPC_COM_DATA 'quypro','1','1';
2018-10-29 07:04:07 EXEC SPC_WRITING_LST1 '4','quypro','9','10';
2018-10-29 07:04:08 EXEC SPC_COM_DATA 'quypro','1','1';
2018-10-29 07:04:08 EXEC SPC_COMMON_GET_SUGGEST
2018-10-29 07:04:08 EXEC SPC_COM_DATA 'quypro','1','1';
2018-10-29 07:04:08 EXEC SPC_WRITING_LST2 '9','10','quypro';
2018-10-29 07:04:12 EXEC SPC_COM_DATA 'quypro','1','1';
2018-10-29 07:04:12 EXEC SPC_WRITING_LST1 '8','quypro','9','10';
2018-10-29 07:04:13 EXEC SPC_COM_DATA 'quypro','1','1';
2018-10-29 07:04:13 EXEC SPC_COMMON_GET_SUGGEST
2018-10-29 07:04:13 EXEC SPC_COM_DATA 'quypro','1','1';
2018-10-29 07:04:13 EXEC SPC_WRITING_LST2 '9','10','quypro';
2018-10-29 07:04:23 EXEC SPC_COM_DATA 'quypro','1','1';
2018-10-29 07:04:23 EXEC SPC_WRITING_LST1 '8','quypro','9','10';
2018-10-29 07:04:24 EXEC SPC_COM_DATA 'quypro','1','1';
2018-10-29 07:04:24 EXEC SPC_COMMON_GET_SUGGEST
2018-10-29 07:04:24 EXEC SPC_COM_DATA 'quypro','1','1';
2018-10-29 07:04:24 EXEC SPC_WRITING_LST2 '9','10','quypro';
2018-10-29 07:06:40 EXEC SPC_COM_DATA 'quypro','1','1';
2018-10-29 07:06:40 EXEC SPC_WRITING_LST1 '8','quypro','9','10';
2018-10-29 07:06:41 EXEC SPC_COM_DATA 'quypro','1','1';
2018-10-29 07:06:41 EXEC SPC_COMMON_GET_SUGGEST
2018-10-29 07:06:41 EXEC SPC_COM_DATA 'quypro','1','1';
2018-10-29 07:06:41 EXEC SPC_WRITING_LST2 '9','10','quypro';
2018-10-29 07:06:48 EXEC SPC_COM_DATA 'quypro','1','1';
2018-10-29 07:06:48 EXEC SPC_COM_ADD_COMMENT '2','4','8','hay lắm','','quypro','127.0.0.1';
2018-10-29 07:06:50 EXEC SPC_COM_DATA 'quypro','1','1';
2018-10-29 07:06:50 EXEC SPC_COM_TOGGLE_EFFECT '2','49','3','3','0','quypro','127.0.0.1';
2018-10-29 07:06:53 EXEC SPC_COM_DATA 'quypro','1','1';
2018-10-29 07:06:53 EXEC SPC_WRITING_LST1 '8','quypro','9','10';
2018-10-29 07:06:53 EXEC SPC_COM_DATA 'quypro','1','1';
2018-10-29 07:06:53 EXEC SPC_COMMON_GET_SUGGEST
2018-10-29 07:06:53 EXEC SPC_COM_DATA 'quypro','1','1';
2018-10-29 07:06:53 EXEC SPC_WRITING_LST2 '9','10','quypro';
2018-10-29 07:11:25 EXEC SPC_COM_DATA 'quypro','1','1';
2018-10-29 07:11:25 EXEC SPC_WRITING_LST1 '4','quypro','9','10';
2018-10-29 07:11:25 EXEC SPC_COM_DATA 'quypro','1','1';
2018-10-29 07:11:25 EXEC SPC_COMMON_GET_SUGGEST
2018-10-29 07:11:26 EXEC SPC_COM_DATA 'quypro','1','1';
2018-10-29 07:11:26 EXEC SPC_WRITING_LST2 '9','10','quypro';
2018-10-29 07:13:51 EXEC SPC_COM_DATA 'quypro','1','1';
2018-10-29 07:13:51 EXEC SPC_COM_GET_PAGE_COMMENT '2','4','8','1','quypro';
2018-10-29 07:13:52 EXEC SPC_COM_DATA 'quypro','1','1';
2018-10-29 07:13:52 EXEC SPC_COM_GET_PAGE_COMMENT '2','4','8','1','quypro';
2018-10-29 07:13:56 EXEC SPC_COM_DATA 'quypro','1','1';
2018-10-29 07:13:56 EXEC SPC_COM_GET_PAGE_COMMENT '2','4','8','1','quypro';
2018-10-29 07:17:54 EXEC SPC_COM_DATA 'quypro','1','1';
2018-10-29 07:17:54 EXEC SPC_WRITING_LST1 '8','quypro','9','10';
2018-10-29 07:17:54 EXEC SPC_COM_DATA 'quypro','1','1';
2018-10-29 07:17:54 EXEC SPC_COMMON_GET_SUGGEST
2018-10-29 07:17:54 EXEC SPC_COM_DATA 'quypro','1','1';
2018-10-29 07:17:54 EXEC SPC_WRITING_LST2 '9','10','quypro';
2018-10-29 07:25:58 EXEC SPC_COM_DATA 'quypro','1','1';
2018-10-29 07:25:58 EXEC SPC_WRITING_LST1 '4','quypro','9','10';
2018-10-29 07:25:59 EXEC SPC_COM_DATA 'quypro','1','1';
2018-10-29 07:25:59 EXEC SPC_COMMON_GET_SUGGEST
2018-10-29 07:25:59 EXEC SPC_COM_DATA 'quypro','1','1';
2018-10-29 07:25:59 EXEC SPC_WRITING_LST2 '9','10','quypro';
2018-10-29 07:58:25 EXEC SPC_COM_DATA 'quypro','1','1';
2018-10-29 07:58:25 EXEC SPC_READING_LST1 '','quypro','9','10';
2018-10-29 07:58:26 EXEC SPC_COM_DATA 'quypro','1','1';
2018-10-29 07:58:26 EXEC SPC_READING_LST2 '12','14','quypro';
2018-10-29 07:58:34 EXEC SPC_COM_DATA 'quypro','1','1';
2018-10-29 07:58:34 EXEC SPC_READING_LST2 '12','14','quypro';
2018-10-29 07:58:49 EXEC SPC_COM_DATA 'quypro','1','1';
2018-10-29 07:58:49 EXEC SPC_WRITING_LST1 '','quypro','12','14';
2018-10-29 07:58:49 EXEC SPC_COM_DATA 'quypro','1','1';
2018-10-29 07:58:49 EXEC SPC_COMMON_GET_SUGGEST
2018-10-29 07:58:49 EXEC SPC_COM_DATA 'quypro','1','1';
2018-10-29 07:58:49 EXEC SPC_WRITING_LST2 '9','10','quypro';
2018-10-29 08:06:02 EXEC SPC_COM_DATA 'quypro','1','1';
2018-10-29 08:06:02 EXEC SPC_WRITING_LST1 '7','quypro','9','10';
2018-10-29 08:06:03 EXEC SPC_COM_DATA 'quypro','1','1';
2018-10-29 08:06:03 EXEC SPC_COMMON_GET_SUGGEST
2018-10-29 08:06:03 EXEC SPC_COM_DATA 'quypro','1','1';
2018-10-29 08:06:03 EXEC SPC_WRITING_LST2 '9','10','quypro';
2018-10-29 08:27:32 EXEC SPC_COM_DATA 'quypro','1','1';
2018-10-29 08:27:32 EXEC SPC_WRITING_LST1 '7','quypro','9','10';
2018-10-29 08:27:33 EXEC SPC_COM_DATA 'quypro','1','1';
2018-10-29 08:27:33 EXEC SPC_COMMON_GET_SUGGEST
2018-10-29 08:27:33 EXEC SPC_COM_DATA 'quypro','1','1';
2018-10-29 08:27:33 EXEC SPC_WRITING_LST2 '9','10','quypro';
2018-10-29 08:28:16 EXEC SPC_COM_DATA 'quypro','1','1';
2018-10-29 08:28:16 EXEC SPC_WRITING_LST1 '4','quypro','9','10';
2018-10-29 08:28:17 EXEC SPC_COM_DATA 'quypro','1','1';
2018-10-29 08:28:17 EXEC SPC_COMMON_GET_SUGGEST
2018-10-29 08:28:17 EXEC SPC_COM_DATA 'quypro','1','1';
2018-10-29 08:28:17 EXEC SPC_WRITING_LST2 '9','10','quypro';
2018-10-29 08:30:17 EXEC SPC_COM_DATA 'quypro','1','1';
2018-10-29 08:30:17 EXEC SPC_WRITING_LST1 '4','quypro','9','10';
2018-10-29 08:30:18 EXEC SPC_COM_DATA 'quypro','1','1';
2018-10-29 08:30:18 EXEC SPC_COMMON_GET_SUGGEST
2018-10-29 08:30:18 EXEC SPC_COM_DATA 'quypro','1','1';
2018-10-29 08:30:18 EXEC SPC_WRITING_LST2 '9','10','quypro';
2018-10-29 08:30:47 EXEC SPC_COM_DATA 'quypro','1','1';
2018-10-29 08:30:47 EXEC SPC_WRITING_LST1 '4','quypro','9','10';
2018-10-29 08:30:47 EXEC SPC_COM_DATA 'quypro','1','1';
2018-10-29 08:30:47 EXEC SPC_COMMON_GET_SUGGEST
2018-10-29 08:30:48 EXEC SPC_COM_DATA 'quypro','1','1';
2018-10-29 08:30:48 EXEC SPC_WRITING_LST2 '9','10','quypro';
2018-10-29 08:31:08 EXEC SPC_COM_DATA 'quypro','1','1';
2018-10-29 08:31:08 EXEC SPC_WRITING_LST1 '4','quypro','9','10';
2018-10-29 08:31:09 EXEC SPC_COM_DATA 'quypro','1','1';
2018-10-29 08:31:09 EXEC SPC_COMMON_GET_SUGGEST
2018-10-29 08:31:09 EXEC SPC_COM_DATA 'quypro','1','1';
2018-10-29 08:31:09 EXEC SPC_WRITING_LST2 '9','10','quypro';
2018-10-29 08:31:31 EXEC SPC_COM_DATA 'quypro','1','1';
2018-10-29 08:31:31 EXEC SPC_WRITING_LST1 '4','quypro','9','10';
2018-10-29 08:31:32 EXEC SPC_COM_DATA 'quypro','1','1';
2018-10-29 08:31:32 EXEC SPC_COMMON_GET_SUGGEST
2018-10-29 08:31:32 EXEC SPC_COM_DATA 'quypro','1','1';
2018-10-29 08:31:32 EXEC SPC_WRITING_LST2 '9','10','quypro';
2018-10-29 08:42:33 EXEC SPC_COM_DATA 'quypro','1','1';
2018-10-29 08:42:33 EXEC SPC_WRITING_LST1 '4','quypro','9','10';
2018-10-29 08:42:33 EXEC SPC_COM_DATA 'quypro','1','1';
2018-10-29 08:42:33 EXEC SPC_COMMON_GET_SUGGEST
2018-10-29 08:42:34 EXEC SPC_COM_DATA 'quypro','1','1';
2018-10-29 08:42:34 EXEC SPC_WRITING_LST2 '9','10','quypro';
2018-10-29 08:44:23 EXEC SPC_COM_DATA 'quypro','1','1';
2018-10-29 08:44:23 EXEC SPC_WRITING_LST1 '4','quypro','9','10';
2018-10-29 08:44:24 EXEC SPC_COM_DATA 'quypro','1','1';
2018-10-29 08:44:24 EXEC SPC_COMMON_GET_SUGGEST
2018-10-29 08:44:24 EXEC SPC_COM_DATA 'quypro','1','1';
2018-10-29 08:44:24 EXEC SPC_WRITING_LST2 '9','10','quypro';
2018-10-29 08:44:55 EXEC SPC_COM_MENU '1';
2018-10-29 08:44:55 EXEC SPC_W002_LST1 '4';
2018-10-29 08:44:55 EXEC SPC_COM_MENU '1';
2018-10-29 08:44:55 EXEC SPC_W002_LST2 '4';
2018-10-29 08:44:55 EXEC SPC_COM_MENU '1';
2018-10-29 08:44:55 EXEC SPC_COMMON_GROUP '9';
2018-10-29 08:45:41 EXEC SPC_COM_DATA 'quypro','1','1';
2018-10-29 08:45:41 EXEC SPC_WRITING_LST1 '4','quypro','9','10';
2018-10-29 08:45:42 EXEC SPC_COM_DATA 'quypro','1','1';
2018-10-29 08:45:42 EXEC SPC_COMMON_GET_SUGGEST
2018-10-29 08:45:42 EXEC SPC_COM_DATA 'quypro','1','1';
2018-10-29 08:45:42 EXEC SPC_WRITING_LST2 '9','10','quypro';
2018-10-29 08:49:03 EXEC SPC_COM_DATA 'quypro','1','1';
2018-10-29 08:49:03 EXEC SPC_WRITING_LST1 '4','quypro','9','10';
2018-10-29 08:49:04 EXEC SPC_COM_DATA 'quypro','1','1';
2018-10-29 08:49:04 EXEC SPC_COMMON_GET_SUGGEST
2018-10-29 08:49:04 EXEC SPC_COM_DATA 'quypro','1','1';
2018-10-29 08:49:04 EXEC SPC_WRITING_LST2 '9','10','quypro';
2018-10-29 08:49:41 EXEC SPC_COM_DATA 'quypro','1','1';
2018-10-29 08:49:41 EXEC SPC_WRITING_LST1 '4','quypro','9','10';
2018-10-29 08:49:41 EXEC SPC_COM_DATA 'quypro','1','1';
2018-10-29 08:49:41 EXEC SPC_COMMON_GET_SUGGEST
2018-10-29 08:49:42 EXEC SPC_COM_DATA 'quypro','1','1';
2018-10-29 08:49:42 EXEC SPC_WRITING_LST2 '9','10','quypro';
2018-10-29 08:56:44 EXEC SPC_COM_DATA 'quypro','1','1';
2018-10-29 08:56:44 EXEC SPC_WRITING_LST1 '4','quypro','9','10';
2018-10-29 08:56:44 EXEC SPC_COM_DATA 'quypro','1','1';
2018-10-29 08:56:44 EXEC SPC_COMMON_GET_SUGGEST
2018-10-29 08:56:45 EXEC SPC_COM_DATA 'quypro','1','1';
2018-10-29 08:56:45 EXEC SPC_WRITING_LST2 '9','10','quypro';
2018-10-29 08:57:10 EXEC SPC_COM_DATA 'quypro','1','1';
2018-10-29 08:57:10 EXEC SPC_WRITING_LST1 '4','quypro','9','10';
2018-10-29 08:57:11 EXEC SPC_COM_DATA 'quypro','1','1';
2018-10-29 08:57:11 EXEC SPC_COMMON_GET_SUGGEST
2018-10-29 08:57:11 EXEC SPC_COM_DATA 'quypro','1','1';
2018-10-29 08:57:11 EXEC SPC_WRITING_LST2 '9','10','quypro';
2018-10-29 08:58:09 EXEC SPC_COM_DATA 'quypro','1','1';
2018-10-29 08:58:09 EXEC SPC_WRITING_LST1 '4','quypro','9','10';
2018-10-29 08:58:10 EXEC SPC_COM_DATA 'quypro','1','1';
2018-10-29 08:58:10 EXEC SPC_COMMON_GET_SUGGEST
2018-10-29 08:58:10 EXEC SPC_COM_DATA 'quypro','1','1';
2018-10-29 08:58:10 EXEC SPC_WRITING_LST2 '9','10','quypro';
2018-10-29 08:59:04 EXEC SPC_COM_DATA 'quypro','1','1';
2018-10-29 08:59:04 EXEC SPC_WRITING_LST1 '4','quypro','9','10';
2018-10-29 08:59:05 EXEC SPC_COM_DATA 'quypro','1','1';
2018-10-29 08:59:05 EXEC SPC_COMMON_GET_SUGGEST
2018-10-29 08:59:05 EXEC SPC_COM_DATA 'quypro','1','1';
2018-10-29 08:59:05 EXEC SPC_WRITING_LST2 '9','10','quypro';
2018-10-29 10:01:42 EXEC SPC_COM_DATA 'quypro','1','1';
2018-10-29 10:01:42 EXEC SPC_WRITING_LST1 '4','quypro','9','10';
2018-10-29 10:01:43 EXEC SPC_COM_DATA 'quypro','1','1';
2018-10-29 10:01:43 EXEC SPC_COMMON_GET_SUGGEST
2018-10-29 10:01:43 EXEC SPC_COM_DATA 'quypro','1','1';
2018-10-29 10:01:43 EXEC SPC_WRITING_LST2 '9','10','quypro';
2018-10-29 10:01:59 EXEC SPC_COM_DATA 'quypro','1','1';
2018-10-29 10:01:59 EXEC SPC_WRITING_LST1 '4','quypro','9','10';
2018-10-29 10:02:00 EXEC SPC_COM_DATA 'quypro','1','1';
2018-10-29 10:02:00 EXEC SPC_COMMON_GET_SUGGEST
2018-10-29 10:02:00 EXEC SPC_COM_DATA 'quypro','1','1';
2018-10-29 10:02:00 EXEC SPC_WRITING_LST2 '9','10','quypro';
2018-10-29 10:03:28 EXEC SPC_COM_DATA 'quypro','1','1';
2018-10-29 10:03:28 EXEC SPC_WRITING_LST1 '4','quypro','9','10';
2018-10-29 10:03:29 EXEC SPC_COM_DATA 'quypro','1','1';
2018-10-29 10:03:29 EXEC SPC_COMMON_GET_SUGGEST
2018-10-29 10:03:29 EXEC SPC_COM_DATA 'quypro','1','1';
2018-10-29 10:03:29 EXEC SPC_WRITING_LST2 '9','10','quypro';
2018-10-29 10:03:58 EXEC SPC_COM_DATA 'quypro','1','1';
2018-10-29 10:03:58 EXEC SPC_WRITING_LST1 '4','quypro','9','10';
2018-10-29 10:03:59 EXEC SPC_COM_DATA 'quypro','1','1';
2018-10-29 10:03:59 EXEC SPC_COMMON_GET_SUGGEST
2018-10-29 10:03:59 EXEC SPC_COM_DATA 'quypro','1','1';
2018-10-29 10:03:59 EXEC SPC_WRITING_LST2 '9','10','quypro';
2018-10-29 10:04:32 EXEC SPC_COM_DATA 'quypro','1','1';
2018-10-29 10:04:32 EXEC SPC_WRITING_LST1 '4','quypro','9','10';
2018-10-29 10:04:32 EXEC SPC_COM_DATA 'quypro','1','1';
2018-10-29 10:04:32 EXEC SPC_COMMON_GET_SUGGEST
2018-10-29 10:04:32 EXEC SPC_COM_DATA 'quypro','1','1';
2018-10-29 10:04:32 EXEC SPC_WRITING_LST2 '9','10','quypro';
2018-10-29 10:05:20 EXEC SPC_COM_DATA 'quypro','1','1';
2018-10-29 10:05:20 EXEC SPC_WRITING_LST1 '4','quypro','9','10';
2018-10-29 10:05:20 EXEC SPC_COM_DATA 'quypro','1','1';
2018-10-29 10:05:21 EXEC SPC_COMMON_GET_SUGGEST
2018-10-29 10:05:21 EXEC SPC_COM_DATA 'quypro','1','1';
2018-10-29 10:05:21 EXEC SPC_WRITING_LST2 '9','10','quypro';
2018-10-29 10:05:27 EXEC SPC_COM_DATA 'quypro','1','1';
2018-10-29 10:05:27 EXEC SPC_WRITING_LST1 '4','quypro','9','10';
2018-10-29 10:05:27 EXEC SPC_COM_DATA 'quypro','1','1';
2018-10-29 10:05:27 EXEC SPC_COMMON_GET_SUGGEST
2018-10-29 10:05:28 EXEC SPC_COM_DATA 'quypro','1','1';
2018-10-29 10:05:28 EXEC SPC_WRITING_LST2 '9','10','quypro';
2018-10-29 10:06:34 EXEC SPC_COM_DATA 'quypro','1','1';
2018-10-29 10:06:34 EXEC SPC_WRITING_LST1 '4','quypro','9','10';
2018-10-29 10:06:35 EXEC SPC_COM_DATA 'quypro','1','1';
2018-10-29 10:06:35 EXEC SPC_COMMON_GET_SUGGEST
2018-10-29 10:06:35 EXEC SPC_COM_DATA 'quypro','1','1';
2018-10-29 10:06:35 EXEC SPC_WRITING_LST2 '9','10','quypro';
2018-10-29 10:09:18 EXEC SPC_COM_DATA 'quypro','1','1';
2018-10-29 10:09:18 EXEC SPC_WRITING_LST1 '4','quypro','9','10';
2018-10-29 10:09:19 EXEC SPC_COM_DATA 'quypro','1','1';
2018-10-29 10:09:19 EXEC SPC_COMMON_GET_SUGGEST
2018-10-29 10:09:19 EXEC SPC_COM_DATA 'quypro','1','1';
2018-10-29 10:09:19 EXEC SPC_WRITING_LST2 '9','10','quypro';
2018-10-29 10:09:27 EXEC SPC_COM_DATA 'quypro','1','1';
2018-10-29 10:09:27 EXEC SPC_WRITING_LST1 '4','quypro','9','10';
2018-10-29 10:09:27 EXEC SPC_COM_DATA 'quypro','1','1';
2018-10-29 10:09:27 EXEC SPC_COMMON_GET_SUGGEST
2018-10-29 10:09:27 EXEC SPC_COM_DATA 'quypro','1','1';
2018-10-29 10:09:27 EXEC SPC_WRITING_LST2 '9','10','quypro';
2018-10-29 10:09:42 EXEC SPC_COM_DATA 'quypro','1','1';
2018-10-29 10:09:42 EXEC SPC_WRITING_LST1 '8','quypro','9','10';
2018-10-29 10:09:43 EXEC SPC_COM_DATA 'quypro','1','1';
2018-10-29 10:09:43 EXEC SPC_COMMON_GET_SUGGEST
2018-10-29 10:09:43 EXEC SPC_COM_DATA 'quypro','1','1';
2018-10-29 10:09:43 EXEC SPC_WRITING_LST2 '9','10','quypro';
2018-10-29 10:09:49 EXEC SPC_COM_DATA 'quypro','1','1';
2018-10-29 10:09:49 EXEC SPC_WRITING_LST1 '8','quypro','9','10';
2018-10-29 10:09:49 EXEC SPC_COM_DATA 'quypro','1','1';
2018-10-29 10:09:49 EXEC SPC_COMMON_GET_SUGGEST
2018-10-29 10:09:50 EXEC SPC_COM_DATA 'quypro','1','1';
2018-10-29 10:09:50 EXEC SPC_WRITING_LST2 '9','10','quypro';
2018-10-29 10:09:52 EXEC SPC_COM_DATA 'quypro','1','1';
2018-10-29 10:09:52 EXEC SPC_WRITING_LST1 '','quypro','9','10';
2018-10-29 10:09:52 EXEC SPC_COM_DATA 'quypro','1','1';
2018-10-29 10:09:52 EXEC SPC_COMMON_GET_SUGGEST
2018-10-29 10:09:52 EXEC SPC_COM_DATA 'quypro','1','1';
2018-10-29 10:09:52 EXEC SPC_WRITING_LST2 '9','10','quypro';
2018-10-29 10:09:57 EXEC SPC_COM_DATA 'quypro','1','1';
2018-10-29 10:09:57 EXEC SPC_WRITING_LST1 '','quypro','9','10';
2018-10-29 10:09:57 EXEC SPC_COM_DATA 'quypro','1','1';
2018-10-29 10:09:57 EXEC SPC_COMMON_GET_SUGGEST
2018-10-29 10:09:57 EXEC SPC_COM_DATA 'quypro','1','1';
2018-10-29 10:09:57 EXEC SPC_WRITING_LST2 '9','10','quypro';
2018-10-29 10:10:04 EXEC SPC_COM_DATA 'quypro','1','1';
2018-10-29 10:10:04 EXEC SPC_WRITING_LST1 '','quypro','9','10';
2018-10-29 10:10:04 EXEC SPC_COM_DATA 'quypro','1','1';
2018-10-29 10:10:04 EXEC SPC_COMMON_GET_SUGGEST
2018-10-29 10:10:04 EXEC SPC_COM_DATA 'quypro','1','1';
2018-10-29 10:10:04 EXEC SPC_WRITING_LST2 '9','10','quypro';
