2018-08-23 00:00:30 EXEC SPC_COM_PERMISSION '1','g001';
2018-08-23 00:00:30 EXEC SPC_COM_MENU '1';
2018-08-23 00:01:10 EXEC SPC_COM_PERMISSION '1','g003';
2018-08-23 00:01:10 EXEC SPC_COM_MENU '1';
2018-08-23 00:01:10 EXEC SPC_COM_M999_INQ1 '7';
2018-08-23 00:01:11 EXEC SPC_COM_MENU '1';
2018-08-23 00:01:11 EXEC SPC_G003_LST1 '','','10','1';
2018-08-23 00:01:16 EXEC SPC_COM_MENU '1';
2018-08-23 00:01:16 EXEC SPC_COMMON_CATALORUE '1';
2018-08-23 00:01:23 EXEC SPC_COM_MENU '1';
2018-08-23 00:01:26 EXEC SPC_COM_MENU '1';
2018-08-23 00:01:26 EXEC SPC_COMMON_CATALORUE '1';
2018-08-23 00:01:29 EXEC SPC_COM_MENU '1';
2018-08-23 00:01:32 EXEC SPC_COM_MENU '1';
2018-08-23 00:01:32 EXEC SPC_G003_ACT1 '<row row_id="1" catalogue_id="1" catalogue_div="1" catalogue_nm="Thể thao" /><row row_id="2" catalogue_id="2" catalogue_div="1" catalogue_nm="600 từ vựng toleic" />','ndq809','127.0.0.1';
2018-08-23 00:01:33 EXEC SPC_COM_MENU '1';
2018-08-23 00:01:33 EXEC SPC_G003_LST1 '','','10','1';
2018-08-23 00:01:58 EXEC SPC_COM_MENU '1';
2018-08-23 00:01:58 EXEC SPC_COMMON_CATALORUE '1';
2018-08-23 00:02:01 EXEC SPC_COM_MENU '1';
2018-08-23 00:02:06 EXEC SPC_COM_MENU '1';
2018-08-23 00:02:06 EXEC SPC_G003_ACT1 '<row row_id="1" catalogue_id="1" catalogue_div="1" catalogue_nm="600 từ vựng toleic" />','ndq809','127.0.0.1';
2018-08-23 00:03:21 EXEC SPC_COM_PERMISSION '1','w001';
2018-08-23 00:03:21 EXEC SPC_COM_MENU '1';
2018-08-23 00:03:21 EXEC SPC_COM_M999_INQ1 '7';
2018-08-23 00:03:23 EXEC SPC_COM_MENU '1';
2018-08-23 00:03:23 EXEC SPC_w001_LST1 '','','','','10','1';
2018-08-23 00:03:23 SQLSTATE[42S22]: [Microsoft][ODBC Driver 13 for SQL Server][SQL Server]列名 'generate_id' が無効です。
2018-08-23 00:03:27 EXEC SPC_COM_PERMISSION '1','w002';
2018-08-23 00:03:27 EXEC SPC_COM_MENU '1';
2018-08-23 00:03:27 EXEC SPC_W002_FND1
2018-08-23 00:03:31 EXEC SPC_COM_MENU '1';
2018-08-23 00:03:31 EXEC SPC_COM_M999_INQ1 '8';
2018-08-23 00:03:31 EXEC SPC_COM_MENU '1';
2018-08-23 00:03:31 EXEC SPC_p003_LST1 '','','','50';
2018-08-23 00:03:49 EXEC SPC_COM_PERMISSION '1','g003';
2018-08-23 00:03:49 EXEC SPC_COM_MENU '1';
2018-08-23 00:03:49 EXEC SPC_COM_M999_INQ1 '7';
2018-08-23 00:05:57 EXEC SPC_COM_MENU '1';
2018-08-23 00:05:57 EXEC SPC_G003_LST1 '','','10','1';
2018-08-23 00:05:59 EXEC SPC_COM_MENU '1';
2018-08-23 00:05:59 EXEC SPC_COMMON_CATALORUE '1';
2018-08-23 00:06:02 EXEC SPC_COM_MENU '1';
2018-08-23 00:06:04 EXEC SPC_COM_MENU '1';
2018-08-23 00:06:04 EXEC SPC_G003_ACT1 '<row row_id="1" catalogue_id="1" catalogue_div="1" catalogue_nm="600 từ vựng toleic" />','ndq809','127.0.0.1';
2018-08-23 00:08:29 EXEC SPC_COM_PERMISSION '1','w002';
2018-08-23 00:08:29 EXEC SPC_COM_MENU '1';
2018-08-23 00:08:29 EXEC SPC_W002_FND1
2018-08-23 00:08:33 EXEC SPC_COM_MENU '1';
2018-08-23 00:08:33 EXEC SPC_COM_M999_INQ1 '8';
2018-08-23 00:08:33 EXEC SPC_COM_MENU '1';
2018-08-23 00:08:33 EXEC SPC_p003_LST1 '','','','50';
2018-08-23 00:09:23 EXEC SPC_COM_PERMISSION '1','g003';
2018-08-23 00:09:23 EXEC SPC_COM_MENU '1';
2018-08-23 00:09:23 EXEC SPC_COM_M999_INQ1 '7';
2018-08-23 00:09:25 EXEC SPC_COM_MENU '1';
2018-08-23 00:09:25 EXEC SPC_G003_LST1 '','','10','1';
2018-08-23 00:09:27 EXEC SPC_COM_MENU '1';
2018-08-23 00:09:27 EXEC SPC_COMMON_CATALORUE '1';
2018-08-23 00:09:29 EXEC SPC_COM_MENU '1';
2018-08-23 00:09:33 EXEC SPC_COM_MENU '1';
2018-08-23 00:09:33 EXEC SPC_G003_ACT1 '<row row_id="1" catalogue_id="1" catalogue_div="1" catalogue_nm="600 từ vựng toleic" />','ndq809','127.0.0.1';
2018-08-23 00:10:05 EXEC SPC_COM_MENU '1';
2018-08-23 00:10:07 EXEC SPC_COM_MENU '1';
2018-08-23 00:10:07 EXEC SPC_G003_ACT1 '<row row_id="1" catalogue_id="1" catalogue_div="1" catalogue_nm="Thể thao" />','ndq809','127.0.0.1';
2018-08-23 00:10:07 EXEC SPC_COM_MENU '1';
2018-08-23 00:10:07 EXEC SPC_G003_LST1 '','','10','1';
2018-08-23 00:13:34 EXEC SPC_COM_MENU '1';
2018-08-23 00:13:34 EXEC SPC_G003_ACT2 '<row id="1" />','ndq809','127.0.0.1';
2018-08-23 00:13:38 EXEC SPC_COM_MENU '1';
2018-08-23 00:13:38 EXEC SPC_G003_LST1 '','','10','1';
2018-08-23 00:13:41 EXEC SPC_COM_PERMISSION '1','g004';
2018-08-23 00:13:41 EXEC SPC_COM_MENU '1';
2018-08-23 00:13:41 EXEC SPC_COM_M999_INQ1 '7';
2018-08-23 00:13:44 EXEC SPC_COM_MENU '1';
2018-08-23 00:13:44 EXEC SPC_COMMON_CATALORUE '1';
2018-08-23 00:13:55 EXEC SPC_COM_MENU '1';
2018-08-23 00:13:55 EXEC SPC_G004_ACT1 '1','Thể thao','ndq809','127.0.0.1';
2018-08-23 00:14:16 EXEC SPC_COM_MENU '1';
2018-08-23 00:14:16 EXEC SPC_G004_ACT1 '1','Du lịch','ndq809','127.0.0.1';
2018-08-23 00:14:33 EXEC SPC_COM_MENU '1';
2018-08-23 00:14:33 EXEC SPC_G004_ACT1 '1','nhậu','ndq809','127.0.0.1';
2018-08-23 00:14:48 EXEC SPC_COM_MENU '1';
2018-08-23 00:14:48 EXEC SPC_G004_ACT2 '<row id="4" /><row id="5" />','ndq809','127.0.0.1';
2018-08-23 00:14:50 EXEC SPC_COM_MENU '1';
2018-08-23 00:14:50 EXEC SPC_COMMON_CATALORUE '1';
2018-08-23 00:15:04 EXEC SPC_COM_PERMISSION '1','g003';
2018-08-23 00:15:04 EXEC SPC_COM_MENU '1';
2018-08-23 00:15:04 EXEC SPC_COM_M999_INQ1 '7';
2018-08-23 00:15:05 EXEC SPC_COM_MENU '1';
2018-08-23 00:15:05 EXEC SPC_G003_LST1 '','','10','1';
2018-08-23 00:15:37 EXEC SPC_COM_PERMISSION '1','g006';
2018-08-23 00:15:37 EXEC SPC_COM_MENU '1';
2018-08-23 00:15:37 EXEC SPC_COM_M999_INQ1 '7';
2018-08-23 00:15:40 EXEC SPC_COM_MENU '1';
2018-08-23 00:15:40 EXEC SPC_COMMON_CATALORUE '1';
2018-08-23 00:15:40 EXEC SPC_COM_MENU '1';
2018-08-23 00:15:40 EXEC SPC_COMMON_GROUP '';
2018-08-23 00:15:42 EXEC SPC_COM_MENU '1';
2018-08-23 00:15:42 EXEC SPC_COMMON_GROUP '2';
2018-08-23 00:15:59 EXEC SPC_COM_MENU '1';
2018-08-23 00:15:59 EXEC SPC_G006_ACT1 '1','2','Business','ndq809','127.0.0.1';
2018-08-23 00:18:05 EXEC SPC_COM_MENU '1';
2018-08-23 00:18:05 EXEC SPC_G006_ACT1 '1','2','Animal','ndq809','127.0.0.1';
2018-08-23 00:18:15 EXEC SPC_COM_MENU '1';
2018-08-23 00:18:15 EXEC SPC_G006_ACT2 '<row id="GRO-1" />','ndq809','127.0.0.1';
2018-08-23 00:18:15 SQLSTATE[42000]: [Microsoft][ODBC Driver 13 for SQL Server][SQL Server]現在のトランザクションのコミットおよびログ ファイルに書き込む操作はサポートできません。トランザクションをロールバックしてください。
2018-08-23 00:18:32 EXEC SPC_COM_MENU '1';
2018-08-23 00:18:32 EXEC SPC_G006_ACT2 '<row id="2" />','ndq809','127.0.0.1';
2018-08-23 00:18:34 EXEC SPC_COM_MENU '1';
2018-08-23 00:18:34 EXEC SPC_COMMON_CATALORUE '1';
2018-08-23 00:18:34 EXEC SPC_COM_MENU '1';
2018-08-23 00:18:34 EXEC SPC_COMMON_GROUP '';
2018-08-23 00:18:38 EXEC SPC_COM_MENU '1';
2018-08-23 00:18:38 EXEC SPC_COMMON_GROUP '2';
2018-08-23 00:18:43 EXEC SPC_COM_PERMISSION '1','g005';
2018-08-23 00:18:43 EXEC SPC_COM_MENU '1';
2018-08-23 00:18:43 EXEC SPC_COM_M999_INQ1 '7';
2018-08-23 00:18:45 EXEC SPC_COM_MENU '1';
2018-08-23 00:18:45 EXEC SPC_G005_LST1 '','','','10','1';
2018-08-23 00:18:45 SQLSTATE[42S22]: [Microsoft][ODBC Driver 13 for SQL Server][SQL Server]列名 'generate_id' が無効です。
2018-08-23 00:19:30 EXEC SPC_COM_MENU '1';
2018-08-23 00:19:30 EXEC SPC_G005_LST1 '','','','10','1';
2018-08-23 00:19:45 EXEC SPC_COM_MENU '1';
2018-08-23 00:19:45 EXEC SPC_COMMON_CATALORUE '1';
2018-08-23 00:19:45 EXEC SPC_COM_MENU '1';
2018-08-23 00:19:45 EXEC SPC_COMMON_GROUP '2';
2018-08-23 00:20:11 EXEC SPC_COM_MENU '1';
2018-08-23 00:20:13 EXEC SPC_COM_MENU '1';
2018-08-23 00:20:13 EXEC SPC_G005_ACT1 '<row row_id="1" group_id="1" catalogue_div="1" catalogue_nm="2" group_nm="Animal" />','ndq809','127.0.0.1';
2018-08-23 00:20:14 EXEC SPC_COM_MENU '1';
2018-08-23 00:20:14 EXEC SPC_G005_LST1 '','','','10','1';
2018-08-23 00:20:18 EXEC SPC_COM_MENU '1';
2018-08-23 00:20:18 EXEC SPC_G005_LST1 '','','','10','1';
2018-08-23 00:20:30 EXEC SPC_COM_PERMISSION '1','g006';
2018-08-23 00:20:30 EXEC SPC_COM_MENU '1';
2018-08-23 00:20:30 EXEC SPC_COM_M999_INQ1 '7';
2018-08-23 00:20:32 EXEC SPC_COM_MENU '1';
2018-08-23 00:20:32 EXEC SPC_COMMON_CATALORUE '1';
2018-08-23 00:20:32 EXEC SPC_COM_MENU '1';
2018-08-23 00:20:32 EXEC SPC_COMMON_GROUP '';
2018-08-23 00:20:34 EXEC SPC_COM_MENU '1';
2018-08-23 00:20:34 EXEC SPC_COMMON_GROUP '2';
2018-08-23 00:20:52 EXEC SPC_COM_MENU '1';
2018-08-23 00:20:52 EXEC SPC_G006_ACT1 '1','2','Business','ndq809','127.0.0.1';
2018-08-23 00:21:34 EXEC SPC_COM_MENU '1';
2018-08-23 00:21:34 EXEC SPC_G006_ACT1 '1','2','Food','ndq809','127.0.0.1';
2018-08-23 00:21:37 EXEC SPC_COM_PERMISSION '1','g005';
2018-08-23 00:21:37 EXEC SPC_COM_MENU '1';
2018-08-23 00:21:37 EXEC SPC_COM_M999_INQ1 '7';
2018-08-23 00:21:39 EXEC SPC_COM_MENU '1';
2018-08-23 00:21:39 EXEC SPC_G005_LST1 '','','','10','1';
2018-08-23 00:23:07 EXEC SPC_COM_MENU '1';
2018-08-23 00:23:07 EXEC SPC_G005_ACT2 '<row id="4" />','ndq809','127.0.0.1';
2018-08-23 00:23:10 EXEC SPC_COM_MENU '1';
2018-08-23 00:23:10 EXEC SPC_G005_LST1 '','','','10','1';
2018-08-23 00:23:38 EXEC SPC_COM_MENU '1';
2018-08-23 00:23:38 EXEC SPC_COMMON_CATALORUE '1';
2018-08-23 00:23:38 EXEC SPC_COM_MENU '1';
2018-08-23 00:23:38 EXEC SPC_COMMON_GROUP '2';
2018-08-23 00:23:39 EXEC SPC_COM_MENU '1';
2018-08-23 00:23:39 EXEC SPC_COMMON_CATALORUE '1';
2018-08-23 00:23:39 EXEC SPC_COM_MENU '1';
2018-08-23 00:23:39 EXEC SPC_COMMON_GROUP '2';
2018-08-23 00:23:40 EXEC SPC_COM_MENU '1';
2018-08-23 00:23:40 EXEC SPC_COMMON_CATALORUE '1';
2018-08-23 00:23:40 EXEC SPC_COMMON_GROUP '2';
2018-08-23 00:23:58 EXEC SPC_COM_PERMISSION '1','m001';
2018-08-23 00:23:58 EXEC SPC_COM_MENU '1';
2018-08-23 00:24:04 EXEC SPC_COM_PERMISSION '1','m002';
2018-08-23 00:24:04 EXEC SPC_COM_MENU '1';
2018-08-23 00:24:08 EXEC SPC_COM_PERMISSION '1','m003';
2018-08-23 00:24:08 EXEC SPC_COM_MENU '1';
2018-08-23 00:24:08 EXEC SPC_M003_FND1
2018-08-23 00:24:12 EXEC SPC_COM_MENU '1';
2018-08-23 00:24:12 EXEC SPC_M003_LST1 '','','','0','10','1';
2018-08-23 00:24:12 SQLSTATE[42S22]: [Microsoft][ODBC Driver 13 for SQL Server][SQL Server]列名 'generate_id' が無効です。
2018-08-23 00:25:06 EXEC SPC_COM_PERMISSION '1','g003';
2018-08-23 00:25:06 EXEC SPC_COM_MENU '1';
2018-08-23 00:25:06 EXEC SPC_COM_M999_INQ1 '7';
2018-08-23 00:26:09 EXEC SPC_COM_MENU '1';
2018-08-23 00:26:09 EXEC SPC_G003_LST1 '','','10','1';
2018-08-23 00:28:54 EXEC SPC_COM_PERMISSION '1','g005';
2018-08-23 00:28:54 EXEC SPC_COM_MENU '1';
2018-08-23 00:28:54 EXEC SPC_COM_M999_INQ1 '7';
2018-08-23 00:28:55 EXEC SPC_COM_MENU '1';
2018-08-23 00:28:55 EXEC SPC_G005_LST1 '','','','10','1';
2018-08-23 00:29:39 EXEC SPC_COM_PERMISSION '1','g006';
2018-08-23 00:29:39 EXEC SPC_COM_MENU '1';
2018-08-23 00:29:39 EXEC SPC_COM_M999_INQ1 '7';
2018-08-23 00:29:45 EXEC SPC_COM_PERMISSION '1','m003';
2018-08-23 00:29:45 EXEC SPC_COM_MENU '1';
2018-08-23 00:29:45 EXEC SPC_M003_FND1
2018-08-23 00:30:23 EXEC SPC_COM_MENU '1';
2018-08-23 00:30:23 EXEC SPC_M003_LST1 '','','','0','10','1';
2018-08-23 00:30:25 EXEC SPC_COM_MENU '1';
2018-08-23 00:30:25 EXEC SPC_M003_LST1 '','','','0','10','1';
2018-08-23 00:32:17 EXEC SPC_COM_PERMISSION '1','m004';
2018-08-23 00:32:17 EXEC SPC_COM_MENU '1';
2018-08-23 00:32:17 EXEC SPC_M004_FND1
2018-08-23 00:33:40 EXEC SPC_COM_MENU '1';
2018-08-23 00:33:47 EXEC SPC_COM_MENU '1';
2018-08-23 00:33:52 EXEC SPC_COM_MENU '1';
2018-08-23 00:33:52 EXEC SPC_M004_ACT1 '/uploads/cropped-avarta_20180823 0000080840401534984420916.jpg','Nguyễn Đình','Quý','ndq809@gmail.com','07039881948','1','08/09/1993','','1','none','ndq809','127.0.0.1';
2018-08-23 00:34:09 EXEC SPC_COM_MENU '1';
2018-08-23 00:34:09 EXEC SPC_COM_MENU '1';
2018-08-23 00:34:09 EXEC SPC_P001_LST1 '','50';
2018-08-23 00:36:29 EXEC SPC_COM_MENU '1';
2018-08-23 00:36:29 EXEC SPC_M004_ACT1 '/uploads/cropped-avarta_20180823 0000080840401534984420916.jpg','Nguyễn Đình','Quý','ndq809@gmail.com','07039881948','1','08/09/1993','','1','none','ndq809','127.0.0.1';
2018-08-23 00:37:43 EXEC SPC_COM_PERMISSION '1','m004';
2018-08-23 00:37:43 EXEC SPC_COM_MENU '1';
2018-08-23 00:37:43 EXEC SPC_M004_FND1
2018-08-23 00:37:45 EXEC SPC_COM_PERMISSION '1','m003';
2018-08-23 00:37:45 EXEC SPC_COM_MENU '1';
2018-08-23 00:37:45 EXEC SPC_M003_FND1
2018-08-23 00:37:47 EXEC SPC_COM_MENU '1';
2018-08-23 00:37:47 EXEC SPC_M003_LST1 '','','','0','10','1';
2018-08-23 00:38:05 EXEC SPC_COM_MENU '1';
2018-08-23 00:38:07 EXEC SPC_COM_MENU '1';
2018-08-23 00:38:07 EXEC SPC_M003_ACT1 '<row row_id="1" avarta="/uploads/cropped-avarta_20180823 0000080840401534984420916.jpg" emp_id="1" family_nm="Nguyễn Đình" first_name="Quý" email="ndq809@gmail.com" cellphone="07039881948" sex="1" birth_date="08/09/1993" department_id="" employee_div="2" remark="none" />','ndq809','127.0.0.1';
2018-08-23 00:46:54 EXEC SPC_COM_MENU '1';
2018-08-23 00:46:55 EXEC SPC_COM_MENU '1';
2018-08-23 00:46:56 EXEC SPC_M003_ACT1 '<row row_id="1" avarta="/uploads/cropped-avarta_20180823 0000080840401534984420916.jpg" emp_id="1" family_nm="Nguyễn Đình" first_name="Quý" email="ndq809@gmail.com" cellphone="07039881948" sex="0" birth_date="08/09/1993" department_id="" employee_div="2" remark="none" />','ndq809','127.0.0.1';
2018-08-23 00:48:06 EXEC SPC_COM_MENU '1';
2018-08-23 00:48:06 EXEC SPC_M003_ACT1 '<row row_id="1" avarta="/uploads/cropped-avarta_20180823 0000080840401534984420916.jpg" emp_id="1" family_nm="Nguyễn Đình" first_name="Quý" email="ndq809@gmail.com" cellphone="07039881948" sex="0" birth_date="08/09/1993" department_id="" employee_div="2" remark="none" />','ndq809','127.0.0.1';
2018-08-23 00:48:06 EXEC SPC_COM_MENU '1';
2018-08-23 00:48:06 EXEC SPC_M003_LST1 '','','','0','10','1';
2018-08-23 00:49:18 EXEC SPC_COM_MENU '1';
2018-08-23 00:49:19 EXEC SPC_COM_MENU '1';
2018-08-23 00:49:19 EXEC SPC_P001_LST1 '','50';
2018-08-23 00:49:24 EXEC SPC_COM_MENU '1';
2018-08-23 00:49:26 EXEC SPC_COM_MENU '1';
2018-08-23 00:49:26 EXEC SPC_M003_ACT1 '<row row_id="1" avarta="/uploads/cropped-avarta_20180823 0000080840401534984420916.jpg" emp_id="1" family_nm="Nguyễn Đình" first_name="Quý" email="ndq809@gmail.com" cellphone="07039881948" sex="0" birth_date="08/09/1993" department_id="" employee_div="2" remark="none" />','ndq809','127.0.0.1';
2018-08-23 00:49:26 EXEC SPC_COM_MENU '1';
2018-08-23 00:49:26 EXEC SPC_M003_LST1 '','','','0','10','1';
2018-08-23 00:49:29 EXEC SPC_COM_MENU '1';
2018-08-23 00:49:29 EXEC SPC_COM_MENU '1';
2018-08-23 00:49:29 EXEC SPC_P001_LST1 '','50';
2018-08-23 00:49:45 EXEC SPC_COM_MENU '1';
2018-08-23 00:49:45 EXEC SPC_COM_MENU '1';
2018-08-23 00:49:45 EXEC SPC_P001_LST1 '','50';
2018-08-23 00:49:48 EXEC SPC_COM_MENU '1';
2018-08-23 00:49:50 EXEC SPC_COM_MENU '1';
2018-08-23 00:49:50 EXEC SPC_M003_ACT1 '<row row_id="" avarta="/web-content/images/avarta/default_avarta.jpg" emp_id="" family_nm="" first_name="" email="" cellphone="" sex="0" birth_date="" department_id="1" employee_div="" remark="" /><row row_id="1" avarta="/uploads/cropped-avarta_20180823 0000080840401534984420916.jpg" emp_id="1" family_nm="Nguyễn Đình" first_name="Quý" email="ndq809@gmail.com" cellphone="07039881948" sex="0" birth_date="08/09/1993" department_id="1" employee_div="2" remark="none" />','ndq809','127.0.0.1';
2018-08-23 00:49:50 EXEC SPC_COM_MENU '1';
2018-08-23 00:49:50 EXEC SPC_M003_LST1 '','','','0','10','1';
2018-08-23 00:50:06 EXEC SPC_COM_MENU '1';
2018-08-23 00:50:06 EXEC SPC_COMMON_REFER 'p001','2';
2018-08-23 00:50:07 EXEC SPC_COM_MENU '1';
2018-08-23 00:50:07 EXEC SPC_COMMON_REFER 'p001','1';
2018-08-23 00:50:13 EXEC SPC_COM_MENU '1';
2018-08-23 00:50:13 EXEC SPC_COMMON_REFER 'p001','1';
2018-08-23 00:50:14 EXEC SPC_COM_MENU '1';
2018-08-23 00:50:14 EXEC SPC_COMMON_REFER 'p001','1';
2018-08-23 00:50:36 EXEC SPC_COM_PERMISSION '1','m004';
2018-08-23 00:50:36 EXEC SPC_COM_MENU '1';
2018-08-23 00:50:36 EXEC SPC_M004_FND1
2018-08-23 00:50:44 EXEC SPC_COM_MENU '1';
2018-08-23 00:50:47 EXEC SPC_COM_MENU '1';
2018-08-23 00:50:47 EXEC SPC_M004_ACT1 '/web-content/images/avarta/default_avarta.jpg','','','','','0','','','3','','ndq809','127.0.0.1';
2018-08-23 00:50:52 EXEC SPC_COM_MENU '1';
2018-08-23 00:50:52 EXEC SPC_M004_ACT2 '<row id="2" />','ndq809','127.0.0.1';
2018-08-23 00:50:55 EXEC SPC_COM_PERMISSION '1','m003';
2018-08-23 00:50:55 EXEC SPC_COM_MENU '1';
2018-08-23 00:50:55 EXEC SPC_M003_FND1
2018-08-23 00:50:57 EXEC SPC_COM_MENU '1';
2018-08-23 00:50:57 EXEC SPC_M003_LST1 '','','','0','10','1';
2018-08-23 00:51:08 EXEC SPC_COM_MENU '1';
2018-08-23 00:51:17 EXEC SPC_COM_PERMISSION '1','m007';
2018-08-23 00:51:17 EXEC SPC_COM_MENU '1';
2018-08-23 00:51:17 EXEC SPC_M007_FND1
2018-08-23 00:51:21 EXEC SPC_COM_MENU '1';
2018-08-23 00:51:21 EXEC SPC_m007_LST1 '1';
2018-08-23 00:51:23 EXEC SPC_COM_MENU '1';
2018-08-23 00:51:23 EXEC SPC_m007_LST1 '2';
2018-08-23 00:51:26 EXEC SPC_COM_MENU '1';
2018-08-23 00:51:26 EXEC SPC_m007_LST1 '3';
2018-08-23 00:51:28 EXEC SPC_COM_MENU '1';
2018-08-23 00:51:28 EXEC SPC_m007_LST1 '4';
2018-08-23 00:51:31 EXEC SPC_COM_MENU '1';
2018-08-23 00:51:31 EXEC SPC_m007_LST1 '6';
2018-08-23 00:51:33 EXEC SPC_COM_MENU '1';
2018-08-23 00:51:33 EXEC SPC_m007_LST1 '8';
2018-08-23 00:51:35 EXEC SPC_COM_MENU '1';
2018-08-23 00:51:35 EXEC SPC_m007_LST1 '999';
2018-08-23 00:51:38 EXEC SPC_COM_MENU '1';
2018-08-23 00:51:38 EXEC SPC_m007_LST1 '9';
2018-08-23 00:51:54 EXEC SPC_COM_PERMISSION '1','s001';
2018-08-23 00:51:54 EXEC SPC_COM_MENU '1';
2018-08-23 00:51:54 EXEC SPC_S001_FND1
2018-08-23 00:51:59 EXEC SPC_COM_MENU '1';
2018-08-23 00:51:59 EXEC SPC_S001_LST1 '1';
2018-08-23 00:52:02 EXEC SPC_COM_MENU '1';
2018-08-23 00:52:02 EXEC SPC_S001_LST1 '2';
2018-08-23 00:52:05 EXEC SPC_COM_MENU '1';
2018-08-23 00:52:05 EXEC SPC_S001_LST1 '3';
2018-08-23 00:52:07 EXEC SPC_COM_MENU '1';
2018-08-23 00:52:07 EXEC SPC_S001_LST1 '4';
2018-08-23 00:52:11 EXEC SPC_COM_MENU '1';
2018-08-23 00:52:11 EXEC SPC_S001_LST1 '5';
2018-08-23 00:52:16 EXEC SPC_COM_PERMISSION '1','s002';
2018-08-23 00:52:16 EXEC SPC_COM_MENU '1';
2018-08-23 00:52:16 EXEC SPC_S002_FND1
2018-08-23 00:52:17 EXEC SPC_COM_MENU '1';
2018-08-23 00:52:17 EXEC SPC_S002_LST1 '','','','','10','1';
2018-08-23 00:52:17 SQLSTATE[42S22]: [Microsoft][ODBC Driver 13 for SQL Server][SQL Server]列名 'generate_id' が無効です。
2018-08-23 00:53:09 EXEC SPC_COM_MENU '1';
2018-08-23 00:53:09 EXEC SPC_S002_LST1 '','','','','10','1';
2018-08-23 00:53:23 EXEC SPC_COM_MENU '1';
2018-08-23 00:53:23 EXEC SPC_COM_M999_INQ1 '2';
2018-08-23 00:53:23 EXEC SPC_COM_MENU '1';
2018-08-23 00:53:23 EXEC SPC_P002_LST1 '','','','0','50';
2018-08-23 00:53:23 SQLSTATE[42S22]: [Microsoft][ODBC Driver 13 for SQL Server][SQL Server]列名 'generate_id' が無効です。
2018-08-23 00:53:35 EXEC SPC_COM_MENU '1';
2018-08-23 00:53:35 EXEC SPC_COMMON_REFER 'p002','1';
2018-08-23 00:53:43 EXEC SPC_COM_MENU '1';
2018-08-23 00:53:43 EXEC SPC_COM_M999_INQ1 '2';
2018-08-23 00:53:44 EXEC SPC_COM_MENU '1';
2018-08-23 00:53:44 EXEC SPC_P002_LST1 '','','','0','50';
2018-08-23 00:53:44 SQLSTATE[42S22]: [Microsoft][ODBC Driver 13 for SQL Server][SQL Server]列名 'generate_id' が無効です。
2018-08-23 00:54:21 EXEC SPC_COM_MENU '1';
2018-08-23 00:54:21 EXEC SPC_COM_M999_INQ1 '2';
2018-08-23 00:54:22 EXEC SPC_COM_MENU '1';
2018-08-23 00:54:22 EXEC SPC_P002_LST1 '','','','0','50';
2018-08-23 00:54:29 EXEC SPC_COM_MENU '1';
2018-08-23 00:54:29 EXEC SPC_P002_LST1 '','','','1','50','1';
2018-08-23 00:54:32 EXEC SPC_COM_MENU '1';
2018-08-23 00:54:32 EXEC SPC_P002_LST1 '','','','2','50','1';
2018-08-23 00:54:38 EXEC SPC_COM_MENU '1';
2018-08-23 00:54:38 EXEC SPC_COM_MENU '1';
2018-08-23 00:54:38 EXEC SPC_P001_LST1 '','50';
2018-08-23 00:54:44 EXEC SPC_COM_MENU '1';
2018-08-23 00:54:44 EXEC SPC_P002_LST1 '','','1','2','50','1';
2018-08-23 00:54:55 EXEC SPC_COM_MENU '1';
2018-08-23 00:54:55 EXEC SPC_COMMON_REFER 'p002','1';
2018-08-23 00:55:05 EXEC SPC_COM_PERMISSION '1','s003';
2018-08-23 00:55:05 EXEC SPC_COM_MENU '1';
2018-08-23 00:55:05 EXEC SPC_S003_FND1
2018-08-23 00:56:06 EXEC SPC_COM_MENU '1';
2018-08-23 00:56:06 EXEC SPC_COM_M999_INQ1 '2';
2018-08-23 00:56:06 EXEC SPC_COM_MENU '1';
2018-08-23 00:56:06 EXEC SPC_P002_LST1 '','','','0','50';
2018-08-23 00:56:32 EXEC SPC_COM_MENU '1';
2018-08-23 00:56:32 EXEC SPC_S003_ACT1 '1','2','2','khoai','$2y$10$0LV1Sr6nFxXjqbQ6OqNRweTwDCPU8uUVsOznWWIIVwppKVw8OLuAu','','ndq809','127.0.0.1';
2018-08-23 00:56:46 EXEC SPC_COM_PERMISSION '2','s003';
2018-08-23 00:56:46 EXEC SPC_COM_MENU '2';
2018-08-23 00:56:46 EXEC SPC_S003_FND1
2018-08-23 00:56:57 EXEC SPC_COM_PERMISSION '2','s002';
2018-08-23 00:56:57 EXEC SPC_COM_MENU '2';
2018-08-23 00:56:57 EXEC SPC_S002_FND1
2018-08-23 00:56:59 EXEC SPC_COM_MENU '2';
2018-08-23 00:56:59 EXEC SPC_S002_LST1 '','','','','10','1';
2018-08-23 00:57:23 EXEC SPC_COM_PERMISSION '1','s002';
2018-08-23 00:57:23 EXEC SPC_COM_MENU '1';
2018-08-23 00:57:23 EXEC SPC_S002_FND1
2018-08-23 00:57:29 EXEC SPC_COM_DATA 'ndq809';
2018-08-23 00:57:29 SQLSTATE[IMSSP]: The active result for the query contains no fields.
2018-08-23 00:57:29 EXEC SPC_COM_MENU '1';
2018-08-23 00:57:31 EXEC SPC_COM_DATA 'ndq809';
2018-08-23 00:57:31 SQLSTATE[IMSSP]: The active result for the query contains no fields.
2018-08-23 00:57:31 EXEC SPC_COM_MENU '1';
2018-08-23 00:57:31 EXEC SPC_VOCABULARY_LST1 'ndq809';
2018-08-23 00:57:31 SQLSTATE[22018]: [Microsoft][ODBC Driver 13 for SQL Server][SQL Server]nvarchar の値 'GRO-14' をデータ型 int に変換できませんでした。
2018-08-23 01:07:29 EXEC SPC_COM_DATA 'ndq809';
2018-08-23 01:07:29 SQLSTATE[IMSSP]: The active result for the query contains no fields.
2018-08-23 01:07:29 EXEC SPC_COM_MENU '1';
2018-08-23 01:07:29 EXEC SPC_VOCABULARY_LST1 'ndq809';
2018-08-23 01:07:30 EXEC SPC_COM_MENU '1';
2018-08-23 01:07:30 EXEC SPC_COMMON_GROUP '2';
2018-08-23 01:07:30 EXEC SPC_COM_DATA 'ndq809';
2018-08-23 01:07:30 SQLSTATE[IMSSP]: The active result for the query contains no fields.
2018-08-23 01:07:30 EXEC SPC_COM_MENU '1';
2018-08-23 01:07:30 EXEC SPC_VOCABULARY_LST2 '2','1','ndq809';
2018-08-23 01:07:30 SQLSTATE[42S22]: [Microsoft][ODBC Driver 13 for SQL Server][SQL Server]列名 'generate_id' が無効です。
2018-08-23 01:07:39 EXEC SPC_COM_DATA 'ndq809';
2018-08-23 01:07:39 SQLSTATE[IMSSP]: The active result for the query contains no fields.
2018-08-23 01:07:39 EXEC SPC_COM_MENU '1';
2018-08-23 01:07:39 EXEC SPC_VOCABULARY_LST1 'ndq809';
2018-08-23 01:07:40 EXEC SPC_COM_MENU '1';
2018-08-23 01:07:40 EXEC SPC_COMMON_GROUP '2';
2018-08-23 01:07:40 EXEC SPC_COM_DATA 'ndq809';
2018-08-23 01:07:40 SQLSTATE[IMSSP]: The active result for the query contains no fields.
2018-08-23 01:07:40 EXEC SPC_COM_MENU '1';
2018-08-23 01:07:40 EXEC SPC_VOCABULARY_LST2 '2','1','ndq809';
2018-08-23 01:07:40 SQLSTATE[42S22]: [Microsoft][ODBC Driver 13 for SQL Server][SQL Server]列名 'generate_id' が無効です。
2018-08-23 01:08:41 EXEC SPC_COM_DATA 'ndq809';
2018-08-23 01:08:41 SQLSTATE[IMSSP]: The active result for the query contains no fields.
2018-08-23 01:08:41 EXEC SPC_COM_MENU '1';
2018-08-23 01:08:41 EXEC SPC_VOCABULARY_LST1 'ndq809';
2018-08-23 01:08:42 EXEC SPC_COM_MENU '1';
2018-08-23 01:08:42 EXEC SPC_COMMON_GROUP '2';
2018-08-23 01:08:42 EXEC SPC_COM_DATA 'ndq809';
2018-08-23 01:08:42 SQLSTATE[IMSSP]: The active result for the query contains no fields.
2018-08-23 01:08:42 EXEC SPC_COM_MENU '1';
2018-08-23 01:08:42 EXEC SPC_VOCABULARY_LST2 '2','1','ndq809';
2018-08-23 01:08:50 EXEC SPC_COM_DATA 'ndq809';
2018-08-23 01:08:50 SQLSTATE[IMSSP]: The active result for the query contains no fields.
2018-08-23 01:08:50 EXEC SPC_COM_MENU '1';
2018-08-23 01:08:50 EXEC SPC_VOCABULARY_LST2 '2','3','ndq809';
2018-08-23 01:08:54 EXEC SPC_COM_MENU '1';
2018-08-23 01:08:54 EXEC SPC_COMMON_GROUP '3';
2018-08-23 01:08:54 EXEC SPC_COM_DATA 'ndq809';
2018-08-23 01:08:54 SQLSTATE[IMSSP]: The active result for the query contains no fields.
2018-08-23 01:08:54 EXEC SPC_COM_MENU '1';
2018-08-23 01:08:54 EXEC SPC_VOCABULARY_LST2 '3','','ndq809';
2018-08-23 01:08:56 EXEC SPC_COM_DATA 'ndq809';
2018-08-23 01:08:56 SQLSTATE[IMSSP]: The active result for the query contains no fields.
2018-08-23 01:08:56 EXEC SPC_COM_MENU '1';
2018-08-23 01:08:56 EXEC SPC_VOCABULARY_LST2 '3','','ndq809';
2018-08-23 01:08:59 EXEC SPC_COM_MENU '1';
2018-08-23 01:08:59 EXEC SPC_COMMON_GROUP '2';
2018-08-23 01:08:59 EXEC SPC_COM_DATA 'ndq809';
2018-08-23 01:08:59 SQLSTATE[IMSSP]: The active result for the query contains no fields.
2018-08-23 01:08:59 EXEC SPC_COM_MENU '1';
2018-08-23 01:08:59 EXEC SPC_VOCABULARY_LST2 '2','1','ndq809';
2018-08-23 01:09:01 EXEC SPC_COM_DATA 'ndq809';
2018-08-23 01:09:01 SQLSTATE[IMSSP]: The active result for the query contains no fields.
2018-08-23 01:09:01 EXEC SPC_COM_MENU '1';
2018-08-23 01:09:01 EXEC SPC_VOCABULARY_LST1 'ndq809';
2018-08-23 01:09:02 EXEC SPC_COM_MENU '1';
2018-08-23 01:09:02 EXEC SPC_COMMON_GROUP '2';
2018-08-23 01:09:02 EXEC SPC_COM_DATA 'ndq809';
2018-08-23 01:09:02 SQLSTATE[IMSSP]: The active result for the query contains no fields.
2018-08-23 01:09:02 EXEC SPC_COM_MENU '1';
2018-08-23 01:09:02 EXEC SPC_VOCABULARY_LST2 '2','1','ndq809';
2018-08-23 01:09:20 EXEC SPC_COM_PERMISSION '1','s002';
2018-08-23 01:09:20 EXEC SPC_COM_MENU '1';
2018-08-23 01:09:20 EXEC SPC_S002_FND1
2018-08-23 01:09:21 EXEC SPC_COM_MENU '1';
2018-08-23 01:09:21 EXEC SPC_S002_LST1 '','','','','10','1';
2018-08-23 01:09:33 EXEC SPC_COM_MENU '1';
2018-08-23 01:09:33 EXEC SPC_S002_ACT2 '<row id="2" />','ndq809','127.0.0.1';
2018-08-23 01:09:37 EXEC SPC_COM_PERMISSION '1','s002';
2018-08-23 01:09:37 EXEC SPC_COM_MENU '1';
2018-08-23 01:09:37 EXEC SPC_S002_FND1
2018-08-23 01:09:39 EXEC SPC_COM_MENU '1';
2018-08-23 01:09:39 EXEC SPC_S002_LST1 '','','','','10','1';
2018-08-23 01:09:51 EXEC SPC_COM_MENU '1';
2018-08-23 01:09:53 EXEC SPC_COM_MENU '1';
2018-08-23 01:09:53 EXEC SPC_S002_ACT1 '<row row_id="1" account_id="1" account_nm="ndq809" employee_id="1" system_div="2" account_div="1" remark="" />','ndq809','127.0.0.1';
2018-08-23 01:09:53 EXEC SPC_COM_MENU '1';
2018-08-23 01:09:53 EXEC SPC_S002_LST1 '','','','','10','1';
2018-08-23 01:10:05 EXEC SPC_COM_MENU '1';
2018-08-23 01:10:05 EXEC SPC_COMMON_REFER 'EMAIL','1';
2018-08-23 01:10:21 EXEC SPC_COM_PERMISSION '1','s003';
2018-08-23 01:10:21 EXEC SPC_COM_MENU '1';
2018-08-23 01:10:21 EXEC SPC_S003_FND1
2018-08-23 01:10:29 EXEC SPC_COM_PERMISSION '1','v001';
2018-08-23 01:10:29 EXEC SPC_COM_MENU '1';
2018-08-23 01:10:29 EXEC SPC_COM_M999_INQ1 '8';
2018-08-23 01:10:30 EXEC SPC_COM_MENU '1';
2018-08-23 01:10:30 EXEC SPC_V001_LST1 '0','','','50','1';
2018-08-23 01:11:26 EXEC SPC_COM_MENU '1';
2018-08-23 01:11:26 EXEC SPC_V001_LST1 '0','','','50','1';
2018-08-23 01:11:28 EXEC SPC_COM_PERMISSION '1','v002';
2018-08-23 01:11:28 EXEC SPC_COM_MENU '1';
2018-08-23 01:11:28 EXEC SPC_V002_FND1
2018-08-23 01:11:29 EXEC SPC_COM_PERMISSION '1','v002';
2018-08-23 01:11:29 EXEC SPC_COM_MENU '1';
2018-08-23 01:11:29 EXEC SPC_V002_FND1
2018-08-23 01:13:19 EXEC SPC_COM_MENU '1';
2018-08-23 01:13:24 EXEC SPC_COM_MENU '1';
2018-08-23 01:13:28 EXEC SPC_COM_MENU '1';
2018-08-23 01:13:28 EXEC SPC_V002_ACT1 '','','Hello','1','helou','Xin chào','/uploads/cropped-abideby_20180823 0101080819191534986799441.jpg','say when meet someone','none','/web-content/audio/listeningAudio/audio_5b7e0a38c62c8.mp3','','ndq809','127.0.0.1';
2018-08-23 01:13:30 EXEC SPC_COM_MENU '1';
2018-08-23 01:13:30 EXEC SPC_v002_LST1 '1','1';
2018-08-23 01:14:10 EXEC SPC_COM_MENU '1';
2018-08-23 01:14:10 EXEC SPC_v002_LST1 '1','2';
2018-08-23 01:14:10 EXEC SPC_COM_PERMISSION '1','v002';
2018-08-23 01:14:10 EXEC SPC_COM_MENU '1';
2018-08-23 01:14:10 EXEC SPC_V002_FND1
2018-08-23 01:16:45 EXEC SPC_COM_MENU '1';
2018-08-23 01:16:50 EXEC SPC_COM_MENU '1';
2018-08-23 01:16:53 EXEC SPC_COM_MENU '1';
2018-08-23 01:16:56 EXEC SPC_COM_MENU '1';
2018-08-23 01:17:06 EXEC SPC_COM_MENU '1';
2018-08-23 01:17:44 EXEC SPC_COM_MENU '1';
2018-08-23 01:17:44 EXEC SPC_V002_ACT1 '','','king','1','king','vua','/uploads/cropped-cropped-cartoon-king20180816-0404080856561534393436711_20180823 0101080856561534987016452.jpg','someone who leader of a country','none','/web-content/audio/listeningAudio/audio_5b7e0b38c2f99.mp3','<row language1_content="I&amp;#39;m a king" language2_content="tôi là vua" />','ndq809','127.0.0.1';
2018-08-23 01:17:46 EXEC SPC_COM_MENU '1';
2018-08-23 01:17:46 EXEC SPC_v002_LST1 '2','1';
2018-08-23 01:19:01 EXEC SPC_COM_MENU '1';
2018-08-23 01:19:01 EXEC SPC_V002_ACT3 '2','1','kingdom','1','kingdum','vương quốc','/uploads/cropped-cropped-cartoon-king20180816-0404080856561534393436711_20180823 0101080856561534987016452.jpg','the way to call a country in history','none','/web-content/audio/listeningAudio/audio_5b7e0b8573970.mp3','','ndq809','127.0.0.1';
2018-08-23 01:19:02 EXEC SPC_COM_MENU '1';
2018-08-23 01:19:02 EXEC SPC_v002_LST1 '2','2';
2018-08-23 01:19:06 EXEC SPC_COM_MENU '1';
2018-08-23 01:19:06 EXEC SPC_v002_LST1 '2','1';
2018-08-23 01:19:08 EXEC SPC_COM_MENU '1';
2018-08-23 01:19:08 EXEC SPC_v002_LST1 '2','2';
2018-08-23 01:19:10 EXEC SPC_COM_MENU '1';
2018-08-23 01:19:10 EXEC SPC_v002_LST1 '2','1';
2018-08-23 01:19:13 EXEC SPC_COM_MENU '1';
2018-08-23 01:19:13 EXEC SPC_v002_LST1 '2','2';
2018-08-23 01:19:44 EXEC SPC_COM_MENU '1';
2018-08-23 01:19:44 EXEC SPC_V002_ACT1 '2','2','kingdom','1','kingdum','vương quốc','/uploads/cropped-cropped-cartoon-king20180816-0404080856561534393436711_20180823 0101080856561534987016452.jpg','the way to call a country in history','none','','<row language1_content="i&amp;#39;m a king" language2_content="tôi là vua" />','ndq809','127.0.0.1';
2018-08-23 01:19:45 EXEC SPC_COM_MENU '1';
2018-08-23 01:19:45 EXEC SPC_v002_LST1 '2','2';
2018-08-23 01:19:55 EXEC SPC_COM_PERMISSION '1','v001';
2018-08-23 01:19:55 EXEC SPC_COM_MENU '1';
2018-08-23 01:19:55 EXEC SPC_COM_M999_INQ1 '8';
2018-08-23 01:19:56 EXEC SPC_COM_MENU '1';
2018-08-23 01:19:56 EXEC SPC_V001_LST1 '0','','','50','1';
2018-08-23 01:22:07 EXEC SPC_COM_PERMISSION '1','v001';
2018-08-23 01:22:07 EXEC SPC_COM_MENU '1';
2018-08-23 01:22:07 EXEC SPC_COM_M999_INQ1 '8';
2018-08-23 01:22:09 EXEC SPC_COM_MENU '1';
2018-08-23 01:22:09 EXEC SPC_V001_LST1 '0','','','50','1';
2018-08-23 01:22:34 EXEC SPC_COM_PERMISSION '1','v002';
2018-08-23 01:22:34 EXEC SPC_COM_MENU '1';
2018-08-23 01:22:34 EXEC SPC_V002_FND1
2018-08-23 01:22:35 EXEC SPC_COM_PERMISSION '1','v002';
2018-08-23 01:22:35 EXEC SPC_COM_MENU '1';
2018-08-23 01:22:35 EXEC SPC_V002_FND1
2018-08-23 01:22:35 EXEC SPC_COM_MENU '1';
2018-08-23 01:22:35 EXEC SPC_v002_LST1 '1','1';
2018-08-23 01:22:56 EXEC SPC_COM_PERMISSION '1','v002';
2018-08-23 01:22:56 EXEC SPC_COM_MENU '1';
2018-08-23 01:22:56 EXEC SPC_V002_FND1
2018-08-23 01:22:57 EXEC SPC_COM_PERMISSION '1','v002';
2018-08-23 01:22:57 EXEC SPC_COM_MENU '1';
2018-08-23 01:22:57 EXEC SPC_V002_FND1
2018-08-23 01:23:01 EXEC SPC_COM_PERMISSION '1','w002';
2018-08-23 01:23:01 EXEC SPC_COM_MENU '1';
2018-08-23 01:23:01 EXEC SPC_W002_FND1
2018-08-23 01:24:21 EXEC SPC_COM_MENU '1';
2018-08-23 01:24:21 EXEC SPC_COMMON_CATALORUE '1';
2018-08-23 01:24:23 EXEC SPC_COM_MENU '1';
2018-08-23 01:24:23 EXEC SPC_COMMON_GROUP '2';
2018-08-23 01:24:27 EXEC SPC_COM_MENU '1';
2018-08-23 01:24:27 EXEC SPC_COM_M999_INQ1 '8';
2018-08-23 01:24:27 EXEC SPC_COM_MENU '1';
2018-08-23 01:24:27 EXEC SPC_p003_LST1 '','','','50';
2018-08-23 01:24:53 EXEC SPC_COM_MENU '1';
2018-08-23 01:24:53 EXEC SPC_COM_M999_INQ1 '8';
2018-08-23 01:24:53 EXEC SPC_COM_MENU '1';
2018-08-23 01:24:53 EXEC SPC_p003_LST1 '','','','50';
2018-08-23 01:25:18 EXEC SPC_COM_PERMISSION '1','w002';
2018-08-23 01:25:18 EXEC SPC_COM_MENU '1';
2018-08-23 01:25:18 EXEC SPC_W002_FND1
2018-08-23 01:25:22 EXEC SPC_COM_MENU '1';
2018-08-23 01:25:22 EXEC SPC_COMMON_CATALORUE '1';
2018-08-23 01:25:23 EXEC SPC_COM_MENU '1';
2018-08-23 01:25:23 EXEC SPC_COMMON_GROUP '2';
2018-08-23 01:25:28 EXEC SPC_COM_MENU '1';
2018-08-23 01:25:28 EXEC SPC_COM_M999_INQ1 '8';
2018-08-23 01:25:28 EXEC SPC_COM_MENU '1';
2018-08-23 01:25:28 EXEC SPC_p003_LST1 '','','','50';
2018-08-23 01:25:44 EXEC SPC_COM_MENU '1';
2018-08-23 01:25:44 EXEC SPC_COM_M999_INQ1 '8';
2018-08-23 01:25:44 EXEC SPC_COM_MENU '1';
2018-08-23 01:25:44 EXEC SPC_p003_LST1 '','','','50';
2018-08-23 01:25:47 EXEC SPC_COM_MENU '1';
2018-08-23 01:25:47 EXEC SPC_COM_M999_INQ1 '8';
2018-08-23 01:25:48 EXEC SPC_COM_MENU '1';
2018-08-23 01:25:48 EXEC SPC_p003_LST1 '','','','50';
2018-08-23 01:26:11 EXEC SPC_COM_MENU '1';
2018-08-23 01:26:11 EXEC SPC_w002_ACT1 '','1','2','3','','','','','0','<row row_id="0" vocabulary_id="1" vocabulary_dtl_id="1" vocabulary_div="1" vocabulary_nm="Hello" spelling="helou" mean="Xin chào" explain="say when meet someone" /><row row_id="1" vocabulary_id="2" vocabulary_dtl_id="1" vocabulary_div="1" vocabulary_nm="king" spelling="king" mean="vua" explain="someone who leader of a country" /><row row_id="2" vocabulary_id="2" vocabulary_dtl_id="2" vocabulary_div="1" vocabulary_nm="kingdom" spelling="kingdum" mean="vương quốc" explain="the way to call a country in history" />','','ndq809','127.0.0.1';
2018-08-23 01:26:13 EXEC SPC_COM_MENU '1';
2018-08-23 01:26:13 EXEC SPC_W002_LST1 '1';
2018-08-23 01:26:13 EXEC SPC_COM_MENU '1';
2018-08-23 01:26:13 EXEC SPC_COMMON_CATALORUE '1';
2018-08-23 01:26:13 EXEC SPC_COM_MENU '1';
2018-08-23 01:26:13 EXEC SPC_COMMON_GROUP '2';
2018-08-23 01:26:24 EXEC SPC_COM_DATA 'ndq809';
2018-08-23 01:26:24 SQLSTATE[IMSSP]: The active result for the query contains no fields.
2018-08-23 01:26:24 EXEC SPC_COM_MENU '1';
2018-08-23 01:26:25 EXEC SPC_COM_DATA 'ndq809';
2018-08-23 01:26:25 SQLSTATE[IMSSP]: The active result for the query contains no fields.
2018-08-23 01:26:25 EXEC SPC_COM_MENU '1';
2018-08-23 01:26:25 EXEC SPC_VOCABULARY_LST1 'ndq809';
2018-08-23 01:26:26 EXEC SPC_COM_MENU '1';
2018-08-23 01:26:26 EXEC SPC_COMMON_GROUP '2';
2018-08-23 01:26:26 EXEC SPC_COM_DATA 'ndq809';
2018-08-23 01:26:26 SQLSTATE[IMSSP]: The active result for the query contains no fields.
2018-08-23 01:26:26 EXEC SPC_COM_MENU '1';
2018-08-23 01:26:26 EXEC SPC_VOCABULARY_LST2 '2','1','ndq809';
2018-08-23 01:26:28 EXEC SPC_COM_DATA 'ndq809';
2018-08-23 01:26:28 SQLSTATE[IMSSP]: The active result for the query contains no fields.
2018-08-23 01:26:28 EXEC SPC_COM_MENU '1';
2018-08-23 01:26:28 EXEC SPC_VOCABULARY_LST2 '2','3','ndq809';
2018-08-23 01:26:28 SQLSTATE[22018]: [Microsoft][ODBC Driver 13 for SQL Server][SQL Server]varchar の値 'EXA-1018' をデータ型 int に変換できませんでした。
2018-08-23 01:26:34 EXEC SPC_COM_DATA 'ndq809';
2018-08-23 01:26:34 SQLSTATE[IMSSP]: The active result for the query contains no fields.
2018-08-23 01:26:34 EXEC SPC_COM_MENU '1';
2018-08-23 01:26:34 EXEC SPC_VOCABULARY_LST2 '2','1','ndq809';
2018-08-23 01:26:36 EXEC SPC_COM_DATA 'ndq809';
2018-08-23 01:26:36 SQLSTATE[IMSSP]: The active result for the query contains no fields.
2018-08-23 01:26:36 EXEC SPC_COM_MENU '1';
2018-08-23 01:26:36 EXEC SPC_VOCABULARY_LST2 '2','3','ndq809';
2018-08-23 01:26:36 SQLSTATE[22018]: [Microsoft][ODBC Driver 13 for SQL Server][SQL Server]varchar の値 'EXA-1018' をデータ型 int に変換できませんでした。
2018-08-23 01:27:29 EXEC SPC_COM_DATA 'ndq809';
2018-08-23 01:27:29 SQLSTATE[IMSSP]: The active result for the query contains no fields.
2018-08-23 01:27:29 EXEC SPC_COM_MENU '1';
2018-08-23 01:27:29 EXEC SPC_VOCABULARY_LST1 'ndq809';
2018-08-23 01:27:30 EXEC SPC_COM_MENU '1';
2018-08-23 01:27:30 EXEC SPC_COMMON_GROUP '2';
2018-08-23 01:27:30 EXEC SPC_COM_DATA 'ndq809';
2018-08-23 01:27:30 SQLSTATE[IMSSP]: The active result for the query contains no fields.
2018-08-23 01:27:30 EXEC SPC_COM_MENU '1';
2018-08-23 01:27:30 EXEC SPC_VOCABULARY_LST2 '2','1','ndq809';
2018-08-23 01:27:32 EXEC SPC_COM_DATA 'ndq809';
2018-08-23 01:27:32 SQLSTATE[IMSSP]: The active result for the query contains no fields.
2018-08-23 01:27:32 EXEC SPC_COM_MENU '1';
2018-08-23 01:27:32 EXEC SPC_VOCABULARY_LST2 '2','3','ndq809';
2018-08-23 01:30:31 EXEC SPC_COM_DATA 'ndq809';
2018-08-23 01:30:31 SQLSTATE[IMSSP]: The active result for the query contains no fields.
2018-08-23 01:30:31 EXEC SPC_COM_MENU '1';
2018-08-23 01:30:31 EXEC SPC_VOCABULARY_LST1 'ndq809';
2018-08-23 01:30:32 EXEC SPC_COM_MENU '1';
2018-08-23 01:30:32 EXEC SPC_COMMON_GROUP '2';
2018-08-23 01:30:32 EXEC SPC_COM_DATA 'ndq809';
2018-08-23 01:30:32 SQLSTATE[IMSSP]: The active result for the query contains no fields.
2018-08-23 01:30:32 EXEC SPC_COM_MENU '1';
2018-08-23 01:30:32 EXEC SPC_VOCABULARY_LST2 '2','1','ndq809';
2018-08-23 01:30:33 EXEC SPC_COM_DATA 'ndq809';
2018-08-23 01:30:33 SQLSTATE[IMSSP]: The active result for the query contains no fields.
2018-08-23 01:30:33 EXEC SPC_COM_MENU '1';
2018-08-23 01:30:33 EXEC SPC_VOCABULARY_LST2 '2','3','ndq809';
2018-08-23 01:33:40 EXEC SPC_COM_DATA 'ndq809';
2018-08-23 01:33:40 SQLSTATE[IMSSP]: The active result for the query contains no fields.
2018-08-23 01:33:40 EXEC SPC_COM_MENU '1';
2018-08-23 01:33:40 EXEC SPC_VOCABULARY_LST1 'ndq809';
2018-08-23 01:33:40 EXEC SPC_COM_MENU '1';
2018-08-23 01:33:40 EXEC SPC_COMMON_GROUP '2';
2018-08-23 01:33:40 EXEC SPC_COM_DATA 'ndq809';
2018-08-23 01:33:40 SQLSTATE[IMSSP]: The active result for the query contains no fields.
2018-08-23 01:33:40 EXEC SPC_COM_MENU '1';
2018-08-23 01:33:40 EXEC SPC_VOCABULARY_LST2 '2','1','ndq809';
2018-08-23 01:33:43 EXEC SPC_COM_DATA 'ndq809';
2018-08-23 01:33:43 SQLSTATE[IMSSP]: The active result for the query contains no fields.
2018-08-23 01:33:43 EXEC SPC_COM_MENU '1';
2018-08-23 01:33:43 EXEC SPC_VOCABULARY_LST2 '2','3','ndq809';
2018-08-23 01:33:51 EXEC SPC_COM_DATA 'ndq809';
2018-08-23 01:33:51 SQLSTATE[IMSSP]: The active result for the query contains no fields.
2018-08-23 01:33:51 EXEC SPC_COM_MENU '1';
2018-08-23 01:33:51 EXEC SPC_COM_TOGGLE_EFFECT '3','EXA-2','','1','1','0','ndq809','127.0.0.1';
2018-08-23 01:33:51 SQLSTATE[22018]: [Microsoft][ODBC Driver 13 for SQL Server][SQL Server]nvarchar の値 'EXA-2' をデータ型 int に変換できませんでした。
2018-08-23 01:34:01 EXEC SPC_COM_DATA 'ndq809';
2018-08-23 01:34:01 SQLSTATE[IMSSP]: The active result for the query contains no fields.
2018-08-23 01:34:01 EXEC SPC_COM_MENU '1';
2018-08-23 01:34:01 EXEC SPC_COM_ADD_LESSON '1','2','3','ndq809','127.0.0.1';
2018-08-23 01:34:03 EXEC SPC_COM_DATA 'ndq809';
2018-08-23 01:34:03 SQLSTATE[IMSSP]: The active result for the query contains no fields.
2018-08-23 01:34:03 EXEC SPC_COM_MENU '1';
2018-08-23 01:34:03 EXEC SPC_VOCABULARY_LST1 'ndq809';
2018-08-23 01:34:04 EXEC SPC_COM_MENU '1';
2018-08-23 01:34:04 EXEC SPC_COMMON_GROUP '2';
2018-08-23 01:34:04 EXEC SPC_COM_DATA 'ndq809';
2018-08-23 01:34:04 SQLSTATE[IMSSP]: The active result for the query contains no fields.
2018-08-23 01:34:04 EXEC SPC_COM_MENU '1';
2018-08-23 01:34:04 EXEC SPC_VOCABULARY_LST2 '2','3','ndq809';
2018-08-23 01:46:56 EXEC SPC_COM_DATA 'ndq809';
2018-08-23 01:46:56 SQLSTATE[IMSSP]: The active result for the query contains no fields.
2018-08-23 01:46:56 EXEC SPC_COM_MENU '1';
2018-08-23 01:46:56 EXEC SPC_COM_EXAM_LIST '3','2','2','0','1','ndq809';
2018-08-23 01:46:56 SQLSTATE[42S22]: [Microsoft][ODBC Driver 13 for SQL Server][SQL Server]列名 'generate_id' が無効です。
2018-08-23 01:47:03 EXEC SPC_COM_DATA 'ndq809';
2018-08-23 01:47:03 SQLSTATE[IMSSP]: The active result for the query contains no fields.
2018-08-23 01:47:03 EXEC SPC_COM_MENU '1';
2018-08-23 01:47:03 EXEC SPC_COM_REMEMBER '1','2','1','1','1','ndq809','127.0.0.1';
2018-08-23 01:47:12 EXEC SPC_COM_DATA 'ndq809';
2018-08-23 01:47:12 SQLSTATE[IMSSP]: The active result for the query contains no fields.
2018-08-23 01:47:12 EXEC SPC_COM_MENU '1';
2018-08-23 01:47:12 EXEC SPC_VOCABULARY_LST1 'ndq809';
2018-08-23 01:47:12 EXEC SPC_COM_MENU '1';
2018-08-23 01:47:12 EXEC SPC_COMMON_GROUP '2';
2018-08-23 01:47:12 EXEC SPC_COM_DATA 'ndq809';
2018-08-23 01:47:12 SQLSTATE[IMSSP]: The active result for the query contains no fields.
2018-08-23 01:47:12 EXEC SPC_COM_MENU '1';
2018-08-23 01:47:12 EXEC SPC_VOCABULARY_LST2 '2','3','ndq809';
2018-08-23 01:47:16 EXEC SPC_COM_DATA 'ndq809';
2018-08-23 01:47:16 SQLSTATE[IMSSP]: The active result for the query contains no fields.
2018-08-23 01:47:16 EXEC SPC_COM_MENU '1';
2018-08-23 01:47:16 EXEC SPC_COM_FORGET '1','1','1';
2018-08-23 01:47:19 EXEC SPC_COM_DATA 'ndq809';
2018-08-23 01:47:19 SQLSTATE[IMSSP]: The active result for the query contains no fields.
2018-08-23 01:47:19 EXEC SPC_COM_MENU '1';
2018-08-23 01:47:19 EXEC SPC_VOCABULARY_LST1 'ndq809';
2018-08-23 01:47:20 EXEC SPC_COM_MENU '1';
2018-08-23 01:47:20 EXEC SPC_COMMON_GROUP '2';
2018-08-23 01:47:20 EXEC SPC_COM_DATA 'ndq809';
2018-08-23 01:47:20 SQLSTATE[IMSSP]: The active result for the query contains no fields.
2018-08-23 01:47:20 EXEC SPC_COM_MENU '1';
2018-08-23 01:47:20 EXEC SPC_VOCABULARY_LST2 '2','3','ndq809';
2018-08-23 01:47:27 EXEC SPC_COM_DATA 'ndq809';
2018-08-23 01:47:27 SQLSTATE[IMSSP]: The active result for the query contains no fields.
2018-08-23 01:47:27 EXEC SPC_COM_MENU '1';
2018-08-23 01:47:27 EXEC SPC_VOCABULARY_LST1 'ndq809';
2018-08-23 01:47:27 EXEC SPC_COM_MENU '1';
2018-08-23 01:47:27 EXEC SPC_COMMON_GROUP '2';
2018-08-23 01:47:27 EXEC SPC_COM_DATA 'ndq809';
2018-08-23 01:47:27 SQLSTATE[IMSSP]: The active result for the query contains no fields.
2018-08-23 01:47:27 EXEC SPC_COM_MENU '1';
2018-08-23 01:47:27 EXEC SPC_VOCABULARY_LST2 '2','3','ndq809';
2018-08-23 01:47:34 EXEC SPC_COM_MENU '1';
2018-08-23 01:47:34 EXEC SPC_COMMON_GROUP '2';
2018-08-23 01:47:34 EXEC SPC_COM_DATA 'ndq809';
2018-08-23 01:47:34 SQLSTATE[IMSSP]: The active result for the query contains no fields.
2018-08-23 01:47:34 EXEC SPC_COM_MENU '1';
2018-08-23 01:47:34 EXEC SPC_VOCABULARY_LST2 '2','3','ndq809';
2018-08-23 01:47:37 EXEC SPC_COM_DATA 'ndq809';
2018-08-23 01:47:37 SQLSTATE[IMSSP]: The active result for the query contains no fields.
2018-08-23 01:47:37 EXEC SPC_COM_MENU '1';
2018-08-23 01:47:37 EXEC SPC_COM_DELETE_LESSON '1','ndq809','127.0.0.1';
2018-08-23 01:47:41 EXEC SPC_COM_DATA 'ndq809';
2018-08-23 01:47:41 SQLSTATE[IMSSP]: The active result for the query contains no fields.
2018-08-23 01:47:41 EXEC SPC_COM_MENU '1';
2018-08-23 01:47:41 EXEC SPC_VOCABULARY_LST1 'ndq809';
2018-08-23 01:47:42 EXEC SPC_COM_MENU '1';
2018-08-23 01:47:42 EXEC SPC_COMMON_GROUP '2';
2018-08-23 01:47:42 EXEC SPC_COM_DATA 'ndq809';
2018-08-23 01:47:42 SQLSTATE[IMSSP]: The active result for the query contains no fields.
2018-08-23 01:47:42 EXEC SPC_COM_MENU '1';
2018-08-23 01:47:42 EXEC SPC_VOCABULARY_LST2 '2','1','ndq809';
2018-08-23 01:47:45 EXEC SPC_COM_DATA 'ndq809';
2018-08-23 01:47:45 SQLSTATE[IMSSP]: The active result for the query contains no fields.
2018-08-23 01:47:45 EXEC SPC_COM_MENU '1';
2018-08-23 01:47:45 EXEC SPC_VOCABULARY_LST2 '2','3','ndq809';
2018-08-23 02:01:42 EXEC SPC_COM_DATA 'ndq809';
2018-08-23 02:01:42 SQLSTATE[IMSSP]: The active result for the query contains no fields.
2018-08-23 02:01:43 EXEC SPC_COM_MENU '1';
2018-08-23 02:01:43 EXEC SPC_VOCABULARY_LST1 'ndq809';
2018-08-23 02:01:49 EXEC SPC_COM_MENU '1';
2018-08-23 02:01:49 EXEC SPC_COMMON_GROUP '2';
2018-08-23 02:01:49 EXEC SPC_COM_DATA 'ndq809';
2018-08-23 02:01:49 SQLSTATE[IMSSP]: The active result for the query contains no fields.
2018-08-23 02:01:49 EXEC SPC_COM_MENU '1';
2018-08-23 02:01:49 EXEC SPC_VOCABULARY_LST2 '2','1','ndq809';
2018-08-23 02:01:49 SQLSTATE[42S22]: [Microsoft][ODBC Driver 13 for SQL Server][SQL Server]列名 'target_dtl_id' が無効です。
2018-08-23 02:01:54 EXEC SPC_COM_DATA 'ndq809';
2018-08-23 02:01:54 SQLSTATE[IMSSP]: The active result for the query contains no fields.
2018-08-23 02:01:54 EXEC SPC_COM_MENU '1';
2018-08-23 02:01:54 EXEC SPC_VOCABULARY_LST2 '2','3','ndq809';
2018-08-23 02:01:54 SQLSTATE[42S22]: [Microsoft][ODBC Driver 13 for SQL Server][SQL Server]列名 'target_dtl_id' が無効です。
2018-08-23 02:09:54 EXEC SPC_COM_DATA 'ndq809';
2018-08-23 02:09:54 SQLSTATE[IMSSP]: The active result for the query contains no fields.
2018-08-23 02:09:54 EXEC SPC_COM_MENU '1';
2018-08-23 02:09:54 EXEC SPC_VOCABULARY_LST1 'ndq809';
2018-08-23 02:09:54 EXEC SPC_COM_MENU '1';
2018-08-23 02:09:54 EXEC SPC_COMMON_GROUP '2';
2018-08-23 02:09:54 EXEC SPC_COM_DATA 'ndq809';
2018-08-23 02:09:54 SQLSTATE[IMSSP]: The active result for the query contains no fields.
2018-08-23 02:09:54 EXEC SPC_COM_MENU '1';
2018-08-23 02:09:54 EXEC SPC_VOCABULARY_LST2 '2','1','ndq809';
2018-08-23 02:09:54 SQLSTATE[42S22]: [Microsoft][ODBC Driver 13 for SQL Server][SQL Server]列名 'target_dtl_id' が無効です。
2018-08-23 02:10:11 EXEC SPC_COM_DATA 'ndq809';
2018-08-23 02:10:11 SQLSTATE[IMSSP]: The active result for the query contains no fields.
2018-08-23 02:10:11 EXEC SPC_COM_MENU '1';
2018-08-23 02:10:11 EXEC SPC_VOCABULARY_LST1 'ndq809';
2018-08-23 02:10:12 EXEC SPC_COM_MENU '1';
2018-08-23 02:10:12 EXEC SPC_COMMON_GROUP '2';
2018-08-23 02:10:12 EXEC SPC_COM_DATA 'ndq809';
2018-08-23 02:10:12 SQLSTATE[IMSSP]: The active result for the query contains no fields.
2018-08-23 02:10:12 EXEC SPC_COM_MENU '1';
2018-08-23 02:10:12 EXEC SPC_VOCABULARY_LST2 '2','1','ndq809';
2018-08-23 02:10:12 SQLSTATE[42S22]: [Microsoft][ODBC Driver 13 for SQL Server][SQL Server]列名 'target_dtl_id' が無効です。
2018-08-23 02:11:48 EXEC SPC_COM_DATA 'ndq809';
2018-08-23 02:11:48 SQLSTATE[IMSSP]: The active result for the query contains no fields.
2018-08-23 02:11:48 EXEC SPC_COM_MENU '1';
2018-08-23 02:11:48 EXEC SPC_VOCABULARY_LST1 'ndq809';
2018-08-23 02:11:49 EXEC SPC_COM_MENU '1';
2018-08-23 02:11:49 EXEC SPC_COMMON_GROUP '2';
2018-08-23 02:11:49 EXEC SPC_COM_DATA 'ndq809';
2018-08-23 02:11:49 SQLSTATE[IMSSP]: The active result for the query contains no fields.
2018-08-23 02:11:49 EXEC SPC_COM_MENU '1';
2018-08-23 02:11:49 EXEC SPC_VOCABULARY_LST2 '2','1','ndq809';
2018-08-23 02:11:51 EXEC SPC_COM_DATA 'ndq809';
2018-08-23 02:11:51 SQLSTATE[IMSSP]: The active result for the query contains no fields.
2018-08-23 02:11:51 EXEC SPC_COM_MENU '1';
2018-08-23 02:11:51 EXEC SPC_VOCABULARY_LST2 '2','3','ndq809';
2018-08-23 02:12:09 EXEC SPC_COM_DATA 'ndq809';
2018-08-23 02:12:09 SQLSTATE[IMSSP]: The active result for the query contains no fields.
2018-08-23 02:12:09 EXEC SPC_COM_MENU '1';
2018-08-23 02:12:09 EXEC SPC_COM_ADD_LESSON '1','2','3','ndq809','127.0.0.1';
2018-08-23 02:12:11 EXEC SPC_COM_DATA 'ndq809';
2018-08-23 02:12:11 SQLSTATE[IMSSP]: The active result for the query contains no fields.
2018-08-23 02:12:11 EXEC SPC_COM_MENU '1';
2018-08-23 02:12:11 EXEC SPC_VOCABULARY_LST1 'ndq809';
2018-08-23 02:12:12 EXEC SPC_COM_MENU '1';
2018-08-23 02:12:12 EXEC SPC_COMMON_GROUP '2';
2018-08-23 02:12:12 EXEC SPC_COM_DATA 'ndq809';
2018-08-23 02:12:12 SQLSTATE[IMSSP]: The active result for the query contains no fields.
2018-08-23 02:12:12 EXEC SPC_COM_MENU '1';
2018-08-23 02:12:12 EXEC SPC_VOCABULARY_LST2 '2','3','ndq809';
2018-08-23 02:12:14 EXEC SPC_COM_MENU '1';
2018-08-23 02:12:14 EXEC SPC_COMMON_GROUP '2';
2018-08-23 02:12:14 EXEC SPC_COM_DATA 'ndq809';
2018-08-23 02:12:14 SQLSTATE[IMSSP]: The active result for the query contains no fields.
2018-08-23 02:12:14 EXEC SPC_COM_MENU '1';
2018-08-23 02:12:15 EXEC SPC_VOCABULARY_LST2 '2','3','ndq809';
2018-08-23 02:14:11 EXEC SPC_COM_DATA 'ndq809';
2018-08-23 02:14:11 SQLSTATE[IMSSP]: The active result for the query contains no fields.
2018-08-23 02:14:11 EXEC SPC_COM_MENU '1';
2018-08-23 02:14:11 EXEC SPC_VOCABULARY_LST1 'ndq809';
2018-08-23 02:14:12 EXEC SPC_COM_MENU '1';
2018-08-23 02:14:12 EXEC SPC_COMMON_GROUP '2';
2018-08-23 02:14:12 EXEC SPC_COM_DATA 'ndq809';
2018-08-23 02:14:12 SQLSTATE[IMSSP]: The active result for the query contains no fields.
2018-08-23 02:14:12 EXEC SPC_COM_MENU '1';
2018-08-23 02:14:12 EXEC SPC_VOCABULARY_LST2 '2','3','ndq809';
2018-08-23 02:14:16 EXEC SPC_COM_DATA 'ndq809';
2018-08-23 02:14:16 SQLSTATE[IMSSP]: The active result for the query contains no fields.
2018-08-23 02:14:16 EXEC SPC_COM_MENU '1';
2018-08-23 02:14:16 EXEC SPC_COM_REMEMBER '1','2','1','1','ndq809','127.0.0.1';
2018-08-23 02:14:20 EXEC SPC_COM_DATA 'ndq809';
2018-08-23 02:14:20 SQLSTATE[IMSSP]: The active result for the query contains no fields.
2018-08-23 02:14:20 EXEC SPC_COM_MENU '1';
2018-08-23 02:14:20 EXEC SPC_VOCABULARY_LST1 'ndq809';
2018-08-23 02:14:21 EXEC SPC_COM_MENU '1';
2018-08-23 02:14:21 EXEC SPC_COMMON_GROUP '2';
2018-08-23 02:14:21 EXEC SPC_COM_DATA 'ndq809';
2018-08-23 02:14:21 SQLSTATE[IMSSP]: The active result for the query contains no fields.
2018-08-23 02:14:21 EXEC SPC_COM_MENU '1';
2018-08-23 02:14:21 EXEC SPC_VOCABULARY_LST2 '2','3','ndq809';
2018-08-23 02:15:45 EXEC SPC_COM_DATA 'ndq809';
2018-08-23 02:15:45 SQLSTATE[IMSSP]: The active result for the query contains no fields.
2018-08-23 02:15:45 EXEC SPC_COM_MENU '1';
2018-08-23 02:15:45 EXEC SPC_VOCABULARY_LST1 'ndq809';
2018-08-23 02:15:45 EXEC SPC_COM_MENU '1';
2018-08-23 02:15:45 EXEC SPC_COMMON_GROUP '2';
2018-08-23 02:15:45 EXEC SPC_COM_DATA 'ndq809';
2018-08-23 02:15:45 SQLSTATE[IMSSP]: The active result for the query contains no fields.
2018-08-23 02:15:45 EXEC SPC_COM_MENU '1';
2018-08-23 02:15:45 EXEC SPC_VOCABULARY_LST2 '2','3','ndq809';
2018-08-23 02:16:01 EXEC SPC_COM_DATA 'ndq809';
2018-08-23 02:16:01 SQLSTATE[IMSSP]: The active result for the query contains no fields.
2018-08-23 02:16:01 EXEC SPC_COM_MENU '1';
2018-08-23 02:16:01 EXEC SPC_COM_FORGET '1','1','2';
2018-08-23 02:16:04 EXEC SPC_COM_DATA 'ndq809';
2018-08-23 02:16:04 SQLSTATE[IMSSP]: The active result for the query contains no fields.
2018-08-23 02:16:04 EXEC SPC_COM_MENU '1';
2018-08-23 02:16:04 EXEC SPC_VOCABULARY_LST1 'ndq809';
2018-08-23 02:16:04 EXEC SPC_COM_MENU '1';
2018-08-23 02:16:04 EXEC SPC_COMMON_GROUP '2';
2018-08-23 02:16:04 EXEC SPC_COM_DATA 'ndq809';
2018-08-23 02:16:04 SQLSTATE[IMSSP]: The active result for the query contains no fields.
2018-08-23 02:16:04 EXEC SPC_COM_MENU '1';
2018-08-23 02:16:04 EXEC SPC_VOCABULARY_LST2 '2','3','ndq809';
2018-08-23 02:16:08 EXEC SPC_COM_DATA 'ndq809';
2018-08-23 02:16:08 SQLSTATE[IMSSP]: The active result for the query contains no fields.
2018-08-23 02:16:08 EXEC SPC_COM_MENU '1';
2018-08-23 02:16:08 EXEC SPC_COM_REMEMBER '1','2','1','1','ndq809','127.0.0.1';
2018-08-23 02:16:10 EXEC SPC_COM_DATA 'ndq809';
2018-08-23 02:16:10 SQLSTATE[IMSSP]: The active result for the query contains no fields.
2018-08-23 02:16:10 EXEC SPC_COM_MENU '1';
2018-08-23 02:16:10 EXEC SPC_VOCABULARY_LST1 'ndq809';
2018-08-23 02:16:10 EXEC SPC_COM_MENU '1';
2018-08-23 02:16:10 EXEC SPC_COMMON_GROUP '2';
2018-08-23 02:16:10 EXEC SPC_COM_DATA 'ndq809';
2018-08-23 02:16:10 SQLSTATE[IMSSP]: The active result for the query contains no fields.
2018-08-23 02:16:10 EXEC SPC_COM_MENU '1';
2018-08-23 02:16:10 EXEC SPC_VOCABULARY_LST2 '2','3','ndq809';
2018-08-23 02:16:24 EXEC SPC_COM_DATA 'ndq809';
2018-08-23 02:16:24 SQLSTATE[IMSSP]: The active result for the query contains no fields.
2018-08-23 02:16:24 EXEC SPC_COM_MENU '1';
2018-08-23 02:16:24 EXEC SPC_COM_DELETE_LESSON '3','ndq809','127.0.0.1';
2018-08-23 02:16:27 EXEC SPC_COM_DATA 'ndq809';
2018-08-23 02:16:27 SQLSTATE[IMSSP]: The active result for the query contains no fields.
2018-08-23 02:16:27 EXEC SPC_COM_MENU '1';
2018-08-23 02:16:27 EXEC SPC_VOCABULARY_LST1 'ndq809';
2018-08-23 02:16:28 EXEC SPC_COM_MENU '1';
2018-08-23 02:16:28 EXEC SPC_COMMON_GROUP '2';
2018-08-23 02:16:28 EXEC SPC_COM_DATA 'ndq809';
2018-08-23 02:16:28 SQLSTATE[IMSSP]: The active result for the query contains no fields.
2018-08-23 02:16:28 EXEC SPC_COM_MENU '1';
2018-08-23 02:16:28 EXEC SPC_VOCABULARY_LST2 '2','1','ndq809';
2018-08-23 02:16:32 EXEC SPC_COM_DATA 'ndq809';
2018-08-23 02:16:32 SQLSTATE[IMSSP]: The active result for the query contains no fields.
2018-08-23 02:16:32 EXEC SPC_COM_MENU '1';
2018-08-23 02:16:32 EXEC SPC_VOCABULARY_LST2 '2','3','ndq809';
2018-08-23 02:16:33 EXEC SPC_COM_DATA 'ndq809';
2018-08-23 02:16:33 SQLSTATE[IMSSP]: The active result for the query contains no fields.
2018-08-23 02:16:33 EXEC SPC_COM_MENU '1';
2018-08-23 02:16:33 EXEC SPC_COM_ADD_LESSON '1','2','3','ndq809','127.0.0.1';
2018-08-23 02:16:34 EXEC SPC_COM_DATA 'ndq809';
2018-08-23 02:16:34 SQLSTATE[IMSSP]: The active result for the query contains no fields.
2018-08-23 02:16:34 EXEC SPC_COM_MENU '1';
2018-08-23 02:16:34 EXEC SPC_VOCABULARY_LST1 'ndq809';
2018-08-23 02:16:35 EXEC SPC_COM_MENU '1';
2018-08-23 02:16:35 EXEC SPC_COMMON_GROUP '2';
2018-08-23 02:16:35 EXEC SPC_COM_DATA 'ndq809';
2018-08-23 02:16:35 SQLSTATE[IMSSP]: The active result for the query contains no fields.
2018-08-23 02:16:35 EXEC SPC_COM_MENU '1';
2018-08-23 02:16:35 EXEC SPC_VOCABULARY_LST2 '2','3','ndq809';
2018-08-23 02:16:39 EXEC SPC_COM_DATA 'ndq809';
2018-08-23 02:16:39 SQLSTATE[IMSSP]: The active result for the query contains no fields.
2018-08-23 02:16:39 EXEC SPC_COM_MENU '1';
2018-08-23 02:16:40 EXEC SPC_COM_DATA 'ndq809';
2018-08-23 02:16:40 SQLSTATE[IMSSP]: The active result for the query contains no fields.
2018-08-23 02:16:40 EXEC SPC_COM_MENU '1';
2018-08-23 02:16:41 EXEC SPC_VOCABULARY_LST1 'ndq809';
2018-08-23 02:16:41 EXEC SPC_COM_MENU '1';
2018-08-23 02:16:41 EXEC SPC_COMMON_GROUP '2';
2018-08-23 02:16:41 EXEC SPC_COM_DATA 'ndq809';
2018-08-23 02:16:41 SQLSTATE[IMSSP]: The active result for the query contains no fields.
2018-08-23 02:16:41 EXEC SPC_COM_MENU '1';
2018-08-23 02:16:41 EXEC SPC_VOCABULARY_LST2 '2','3','ndq809';
2018-08-23 02:16:50 EXEC SPC_COM_DATA 'ndq809';
2018-08-23 02:16:50 SQLSTATE[IMSSP]: The active result for the query contains no fields.
2018-08-23 02:16:50 EXEC SPC_COM_MENU '1';
2018-08-23 02:16:50 EXEC SPC_COM_TOGGLE_EFFECT '2','EXA-2','','1','1','0','ndq809','127.0.0.1';
2018-08-23 02:16:50 SQLSTATE[42000]: [Microsoft][ODBC Driver 13 for SQL Server][SQL Server]プロシージャまたは関数 SPC_COM_TOGGLE_EFFECT に指定された引数が多すぎます。
2018-08-23 02:17:39 EXEC SPC_COM_DATA 'ndq809';
2018-08-23 02:17:39 SQLSTATE[IMSSP]: The active result for the query contains no fields.
2018-08-23 02:17:39 EXEC SPC_COM_MENU '1';
2018-08-23 02:17:39 EXEC SPC_COM_TOGGLE_EFFECT '2','EXA-2','','1','1','0','ndq809','127.0.0.1';
2018-08-23 02:17:39 SQLSTATE[42000]: [Microsoft][ODBC Driver 13 for SQL Server][SQL Server]プロシージャまたは関数 SPC_COM_TOGGLE_EFFECT に指定された引数が多すぎます。
2018-08-23 02:18:49 EXEC SPC_COM_DATA 'ndq809';
2018-08-23 02:18:49 SQLSTATE[IMSSP]: The active result for the query contains no fields.
2018-08-23 02:18:49 EXEC SPC_COM_MENU '1';
2018-08-23 02:18:49 EXEC SPC_VOCABULARY_LST1 'ndq809';
2018-08-23 02:18:50 EXEC SPC_COM_MENU '1';
2018-08-23 02:18:50 EXEC SPC_COMMON_GROUP '2';
2018-08-23 02:18:50 EXEC SPC_COM_DATA 'ndq809';
2018-08-23 02:18:50 SQLSTATE[IMSSP]: The active result for the query contains no fields.
2018-08-23 02:18:50 EXEC SPC_COM_MENU '1';
2018-08-23 02:18:50 EXEC SPC_VOCABULARY_LST2 '2','3','ndq809';
2018-08-23 02:18:52 EXEC SPC_COM_DATA 'ndq809';
2018-08-23 02:18:52 SQLSTATE[IMSSP]: The active result for the query contains no fields.
2018-08-23 02:18:52 EXEC SPC_COM_MENU '1';
2018-08-23 02:18:52 EXEC SPC_COM_TOGGLE_EFFECT '2','EXA-2','1','1','0','ndq809','127.0.0.1';
2018-08-23 02:18:52 SQLSTATE[22018]: [Microsoft][ODBC Driver 13 for SQL Server][SQL Server]nvarchar の値 'EXA-2' をデータ型 int に変換できませんでした。
2018-08-23 02:19:05 EXEC SPC_COM_DATA 'ndq809';
2018-08-23 02:19:05 SQLSTATE[IMSSP]: The active result for the query contains no fields.
2018-08-23 02:19:05 EXEC SPC_COM_MENU '1';
2018-08-23 02:19:05 EXEC SPC_VOCABULARY_LST1 'ndq809';
2018-08-23 02:19:06 EXEC SPC_COM_MENU '1';
2018-08-23 02:19:06 EXEC SPC_COMMON_GROUP '2';
2018-08-23 02:19:06 EXEC SPC_COM_DATA 'ndq809';
2018-08-23 02:19:06 SQLSTATE[IMSSP]: The active result for the query contains no fields.
2018-08-23 02:19:06 EXEC SPC_COM_MENU '1';
2018-08-23 02:19:06 EXEC SPC_VOCABULARY_LST2 '2','3','ndq809';
2018-08-23 02:19:07 EXEC SPC_COM_DATA 'ndq809';
2018-08-23 02:19:07 SQLSTATE[IMSSP]: The active result for the query contains no fields.
2018-08-23 02:19:07 EXEC SPC_COM_MENU '1';
2018-08-23 02:19:07 EXEC SPC_COM_TOGGLE_EFFECT '2','2','1','1','0','ndq809','127.0.0.1';
2018-08-23 02:19:10 EXEC SPC_COM_DATA 'ndq809';
2018-08-23 02:19:10 SQLSTATE[IMSSP]: The active result for the query contains no fields.
2018-08-23 02:19:10 EXEC SPC_COM_MENU '1';
2018-08-23 02:19:10 EXEC SPC_VOCABULARY_LST1 'ndq809';
2018-08-23 02:19:10 EXEC SPC_COM_MENU '1';
2018-08-23 02:19:11 EXEC SPC_COMMON_GROUP '2';
2018-08-23 02:19:11 EXEC SPC_COM_DATA 'ndq809';
2018-08-23 02:19:11 SQLSTATE[IMSSP]: The active result for the query contains no fields.
2018-08-23 02:19:11 EXEC SPC_COM_MENU '1';
2018-08-23 02:19:11 EXEC SPC_VOCABULARY_LST2 '2','3','ndq809';
2018-08-23 02:19:14 EXEC SPC_COM_DATA 'ndq809';
2018-08-23 02:19:14 SQLSTATE[IMSSP]: The active result for the query contains no fields.
2018-08-23 02:19:14 EXEC SPC_COM_MENU '1';
2018-08-23 02:19:14 EXEC SPC_COM_TOGGLE_EFFECT '2','2','1','1','1','ndq809','127.0.0.1';
2018-08-23 02:19:17 EXEC SPC_COM_DATA 'ndq809';
2018-08-23 02:19:17 SQLSTATE[IMSSP]: The active result for the query contains no fields.
2018-08-23 02:19:17 EXEC SPC_COM_MENU '1';
2018-08-23 02:19:17 EXEC SPC_VOCABULARY_LST1 'ndq809';
2018-08-23 02:19:17 EXEC SPC_COM_MENU '1';
2018-08-23 02:19:17 EXEC SPC_COMMON_GROUP '2';
2018-08-23 02:19:17 EXEC SPC_COM_DATA 'ndq809';
2018-08-23 02:19:17 SQLSTATE[IMSSP]: The active result for the query contains no fields.
2018-08-23 02:19:17 EXEC SPC_COM_MENU '1';
2018-08-23 02:19:17 EXEC SPC_VOCABULARY_LST2 '2','3','ndq809';
2018-08-23 02:19:19 EXEC SPC_COM_DATA 'ndq809';
2018-08-23 02:19:19 SQLSTATE[IMSSP]: The active result for the query contains no fields.
2018-08-23 02:19:19 EXEC SPC_COM_MENU '1';
2018-08-23 02:19:19 EXEC SPC_COM_TOGGLE_EFFECT '2','2','1','1','0','ndq809','127.0.0.1';
2018-08-23 02:19:21 EXEC SPC_COM_DATA 'ndq809';
2018-08-23 02:19:21 SQLSTATE[IMSSP]: The active result for the query contains no fields.
2018-08-23 02:19:21 EXEC SPC_COM_MENU '1';
2018-08-23 02:19:21 EXEC SPC_VOCABULARY_LST1 'ndq809';
2018-08-23 02:19:21 EXEC SPC_COM_MENU '1';
2018-08-23 02:19:21 EXEC SPC_COMMON_GROUP '2';
2018-08-23 02:19:21 EXEC SPC_COM_DATA 'ndq809';
2018-08-23 02:19:21 SQLSTATE[IMSSP]: The active result for the query contains no fields.
2018-08-23 02:19:21 EXEC SPC_COM_MENU '1';
2018-08-23 02:19:21 EXEC SPC_VOCABULARY_LST2 '2','3','ndq809';
2018-08-23 02:20:33 EXEC SPC_COM_DATA 'ndq809';
2018-08-23 02:20:33 SQLSTATE[IMSSP]: The active result for the query contains no fields.
2018-08-23 02:20:33 EXEC SPC_COM_MENU '1';
2018-08-23 02:20:33 EXEC SPC_COM_ADD_EXAM '2','2','the king must always handsome','là vua thì khi nào cũng phải đập chai','ndq809','127.0.0.1';
2018-08-23 02:20:33 EXEC SPC_COM_DATA 'ndq809';
2018-08-23 02:20:33 SQLSTATE[IMSSP]: The active result for the query contains no fields.
2018-08-23 02:20:33 EXEC SPC_COM_MENU '1';
2018-08-23 02:20:33 EXEC SPC_COM_EXAM_LIST '2','1','1','ndq809';
2018-08-23 02:20:33 SQLSTATE[42000]: [Microsoft][ODBC Driver 13 for SQL Server][SQL Server]データ型 nvarchar を int に変換中にエラーが発生しました。
2018-08-23 02:20:38 EXEC SPC_COM_DATA 'ndq809';
2018-08-23 02:20:38 SQLSTATE[IMSSP]: The active result for the query contains no fields.
2018-08-23 02:20:38 EXEC SPC_COM_MENU '1';
2018-08-23 02:20:38 EXEC SPC_COM_ADD_EXAM '2','2','the king must always handsome','là vua thì khi nào cũng phải đập chai','ndq809','127.0.0.1';
2018-08-23 02:20:38 EXEC SPC_COM_DATA 'ndq809';
2018-08-23 02:20:38 SQLSTATE[IMSSP]: The active result for the query contains no fields.
2018-08-23 02:20:38 EXEC SPC_COM_MENU '1';
2018-08-23 02:20:38 EXEC SPC_COM_EXAM_LIST '2','1','1','ndq809';
2018-08-23 02:20:38 SQLSTATE[42000]: [Microsoft][ODBC Driver 13 for SQL Server][SQL Server]データ型 nvarchar を int に変換中にエラーが発生しました。
2018-08-23 02:21:38 EXEC SPC_COM_DATA 'ndq809';
2018-08-23 02:21:38 SQLSTATE[IMSSP]: The active result for the query contains no fields.
2018-08-23 02:21:38 EXEC SPC_COM_MENU '1';
2018-08-23 02:21:38 EXEC SPC_VOCABULARY_LST1 'ndq809';
2018-08-23 02:21:39 EXEC SPC_COM_MENU '1';
2018-08-23 02:21:39 EXEC SPC_COMMON_GROUP '2';
2018-08-23 02:21:39 EXEC SPC_COM_DATA 'ndq809';
2018-08-23 02:21:39 SQLSTATE[IMSSP]: The active result for the query contains no fields.
2018-08-23 02:21:39 EXEC SPC_COM_MENU '1';
2018-08-23 02:21:39 EXEC SPC_VOCABULARY_LST2 '2','3','ndq809';
2018-08-23 02:24:38 EXEC SPC_COM_DATA 'ndq809';
2018-08-23 02:24:38 SQLSTATE[IMSSP]: The active result for the query contains no fields.
2018-08-23 02:24:38 EXEC SPC_COM_MENU '1';
2018-08-23 02:24:38 EXEC SPC_COM_ADD_EXAM '2','2','i'm will be a king','tôi sẽ trở thành vua','ndq809','127.0.0.1';
2018-08-23 02:24:38 EXEC SPC_COM_DATA 'ndq809';
2018-08-23 02:24:38 SQLSTATE[IMSSP]: The active result for the query contains no fields.
2018-08-23 02:24:38 EXEC SPC_COM_MENU '1';
2018-08-23 02:24:38 EXEC SPC_COM_EXAM_LIST '2','1','1','ndq809';
2018-08-23 02:24:38 SQLSTATE[42000]: [Microsoft][ODBC Driver 13 for SQL Server][SQL Server]データ型 nvarchar を int に変換中にエラーが発生しました。
2018-08-23 02:31:00 EXEC SPC_COM_DATA 'ndq809';
2018-08-23 02:31:00 SQLSTATE[IMSSP]: The active result for the query contains no fields.
2018-08-23 02:31:00 EXEC SPC_COM_MENU '1';
2018-08-23 02:31:00 EXEC SPC_VOCABULARY_LST1 'ndq809';
2018-08-23 02:31:01 EXEC SPC_COM_MENU '1';
2018-08-23 02:31:01 EXEC SPC_COMMON_GROUP '2';
2018-08-23 02:31:01 EXEC SPC_COM_DATA 'ndq809';
2018-08-23 02:31:01 SQLSTATE[IMSSP]: The active result for the query contains no fields.
2018-08-23 02:31:01 EXEC SPC_COM_MENU '1';
2018-08-23 02:31:01 EXEC SPC_VOCABULARY_LST2 '2','3','ndq809';
2018-08-23 02:31:08 EXEC SPC_COM_DATA 'ndq809';
2018-08-23 02:31:08 SQLSTATE[IMSSP]: The active result for the query contains no fields.
2018-08-23 02:31:08 EXEC SPC_COM_MENU '1';
2018-08-23 02:31:08 EXEC SPC_COM_EXAM_LIST '2','2','1','1','ndq809';
2018-08-23 02:31:10 EXEC SPC_COM_DATA 'ndq809';
2018-08-23 02:31:10 SQLSTATE[IMSSP]: The active result for the query contains no fields.
2018-08-23 02:31:10 EXEC SPC_COM_MENU '1';
2018-08-23 02:31:10 EXEC SPC_COM_EXAM_LIST '2','2','2','1','ndq809';
2018-08-23 02:31:12 EXEC SPC_COM_DATA 'ndq809';
2018-08-23 02:31:12 SQLSTATE[IMSSP]: The active result for the query contains no fields.
2018-08-23 02:31:12 EXEC SPC_COM_MENU '1';
2018-08-23 02:31:12 EXEC SPC_COM_EXAM_LIST '2','2','1','1','ndq809';
2018-08-23 02:31:15 EXEC SPC_COM_DATA 'ndq809';
2018-08-23 02:31:15 SQLSTATE[IMSSP]: The active result for the query contains no fields.
2018-08-23 02:31:15 EXEC SPC_COM_MENU '1';
2018-08-23 02:31:15 EXEC SPC_COM_EXAM_LIST '2','2','0','1','ndq809';
2018-08-23 02:31:26 EXEC SPC_COM_DATA 'ndq809';
2018-08-23 02:31:26 SQLSTATE[IMSSP]: The active result for the query contains no fields.
2018-08-23 02:31:26 EXEC SPC_COM_MENU '1';
2018-08-23 02:31:26 EXEC SPC_VOCABULARY_LST1 'ndq809';
2018-08-23 02:31:27 EXEC SPC_COM_MENU '1';
2018-08-23 02:31:27 EXEC SPC_COMMON_GROUP '2';
2018-08-23 02:31:27 EXEC SPC_COM_DATA 'ndq809';
2018-08-23 02:31:27 SQLSTATE[IMSSP]: The active result for the query contains no fields.
2018-08-23 02:31:27 EXEC SPC_COM_MENU '1';
2018-08-23 02:31:27 EXEC SPC_VOCABULARY_LST2 '2','3','ndq809';
2018-08-23 02:31:35 EXEC SPC_COM_DATA 'ndq809';
2018-08-23 02:31:35 SQLSTATE[IMSSP]: The active result for the query contains no fields.
2018-08-23 02:31:35 EXEC SPC_COM_MENU '1';
2018-08-23 02:31:35 EXEC SPC_COM_EXAM_LIST '2','2','2','1','ndq809';
2018-08-23 02:31:37 EXEC SPC_COM_DATA 'ndq809';
2018-08-23 02:31:37 SQLSTATE[IMSSP]: The active result for the query contains no fields.
2018-08-23 02:31:37 EXEC SPC_COM_MENU '1';
2018-08-23 02:31:37 EXEC SPC_COM_EXAM_LIST '2','2','1','1','ndq809';
2018-08-23 02:31:41 EXEC SPC_COM_DATA 'ndq809';
2018-08-23 02:31:41 SQLSTATE[IMSSP]: The active result for the query contains no fields.
2018-08-23 02:31:41 EXEC SPC_COM_MENU '1';
2018-08-23 02:31:41 EXEC SPC_COM_EXAM_LIST '2','2','0','1','ndq809';
2018-08-23 02:31:44 EXEC SPC_COM_DATA 'ndq809';
2018-08-23 02:31:44 SQLSTATE[IMSSP]: The active result for the query contains no fields.
2018-08-23 02:31:44 EXEC SPC_COM_MENU '1';
2018-08-23 02:31:44 EXEC SPC_VOCABULARY_LST1 'ndq809';
2018-08-23 02:31:44 EXEC SPC_COM_MENU '1';
2018-08-23 02:31:44 EXEC SPC_COMMON_GROUP '2';
2018-08-23 02:31:44 EXEC SPC_COM_DATA 'ndq809';
2018-08-23 02:31:44 SQLSTATE[IMSSP]: The active result for the query contains no fields.
2018-08-23 02:31:44 EXEC SPC_COM_MENU '1';
2018-08-23 02:31:44 EXEC SPC_VOCABULARY_LST2 '2','3','ndq809';
2018-08-23 02:31:49 EXEC SPC_COM_DATA 'ndq809';
2018-08-23 02:31:49 SQLSTATE[IMSSP]: The active result for the query contains no fields.
2018-08-23 02:31:49 EXEC SPC_COM_MENU '1';
2018-08-23 02:31:49 EXEC SPC_COM_EXAM_LIST '2','2','1','1','ndq809';
2018-08-23 02:37:36 EXEC SPC_COM_DATA 'ndq809';
2018-08-23 02:37:36 SQLSTATE[IMSSP]: The active result for the query contains no fields.
2018-08-23 02:37:36 EXEC SPC_COM_MENU '1';
2018-08-23 02:37:36 EXEC SPC_VOCABULARY_LST1 'ndq809';
2018-08-23 02:37:37 EXEC SPC_COM_MENU '1';
2018-08-23 02:37:37 EXEC SPC_COMMON_GROUP '2';
2018-08-23 02:37:37 EXEC SPC_COM_DATA 'ndq809';
2018-08-23 02:37:37 SQLSTATE[IMSSP]: The active result for the query contains no fields.
2018-08-23 02:37:37 EXEC SPC_COM_MENU '1';
2018-08-23 02:37:37 EXEC SPC_VOCABULARY_LST2 '2','3','ndq809';
2018-08-23 02:40:44 EXEC SPC_COM_DATA 'ndq809';
2018-08-23 02:40:44 SQLSTATE[IMSSP]: The active result for the query contains no fields.
2018-08-23 02:40:44 EXEC SPC_COM_MENU '1';
2018-08-23 02:40:44 EXEC SPC_VOCABULARY_LST1 'ndq809';
2018-08-23 02:40:45 EXEC SPC_COM_MENU '1';
2018-08-23 02:40:45 EXEC SPC_COMMON_GROUP '2';
2018-08-23 02:40:45 EXEC SPC_COM_DATA 'ndq809';
2018-08-23 02:40:45 SQLSTATE[IMSSP]: The active result for the query contains no fields.
2018-08-23 02:40:45 EXEC SPC_COM_MENU '1';
2018-08-23 02:40:45 EXEC SPC_VOCABULARY_LST2 '2','3','ndq809';
2018-08-23 02:41:15 EXEC SPC_COM_DATA 'ndq809';
2018-08-23 02:41:15 SQLSTATE[IMSSP]: The active result for the query contains no fields.
2018-08-23 02:41:15 EXEC SPC_COM_MENU '1';
2018-08-23 02:41:15 EXEC SPC_VOCABULARY_LST1 'ndq809';
2018-08-23 02:41:15 EXEC SPC_COM_MENU '1';
2018-08-23 02:41:15 EXEC SPC_COMMON_GROUP '2';
2018-08-23 02:41:15 EXEC SPC_COM_DATA 'ndq809';
2018-08-23 02:41:15 SQLSTATE[IMSSP]: The active result for the query contains no fields.
2018-08-23 02:41:15 EXEC SPC_COM_MENU '1';
2018-08-23 02:41:15 EXEC SPC_VOCABULARY_LST2 '2','3','ndq809';
2018-08-23 02:42:05 EXEC SPC_COM_DATA 'ndq809';
2018-08-23 02:42:05 SQLSTATE[IMSSP]: The active result for the query contains no fields.
2018-08-23 02:42:05 EXEC SPC_COM_MENU '1';
2018-08-23 02:42:05 EXEC SPC_COM_ADD_EXAM '3','3','USA kingdom','Vương quốc hoa kỳ','ndq809','127.0.0.1';
2018-08-23 02:42:05 EXEC SPC_COM_DATA 'ndq809';
2018-08-23 02:42:05 SQLSTATE[IMSSP]: The active result for the query contains no fields.
2018-08-23 02:42:05 EXEC SPC_COM_MENU '1';
2018-08-23 02:42:05 EXEC SPC_COM_EXAM_LIST '3','3','1','1','ndq809';
2018-08-23 02:42:10 EXEC SPC_COM_DATA 'ndq809';
2018-08-23 02:42:10 SQLSTATE[IMSSP]: The active result for the query contains no fields.
2018-08-23 02:42:10 EXEC SPC_COM_MENU '1';
2018-08-23 02:42:10 EXEC SPC_COM_TOGGLE_EFFECT '3','6','1','1','0','ndq809','127.0.0.1';
2018-08-23 02:42:12 EXEC SPC_COM_DATA 'ndq809';
2018-08-23 02:42:12 SQLSTATE[IMSSP]: The active result for the query contains no fields.
2018-08-23 02:42:12 EXEC SPC_COM_MENU '1';
2018-08-23 02:42:12 EXEC SPC_COM_TOGGLE_EFFECT '3','6','1','1','1','ndq809','127.0.0.1';
2018-08-23 02:42:13 EXEC SPC_COM_DATA 'ndq809';
2018-08-23 02:42:13 SQLSTATE[IMSSP]: The active result for the query contains no fields.
2018-08-23 02:42:13 EXEC SPC_COM_MENU '1';
2018-08-23 02:42:13 EXEC SPC_COM_TOGGLE_EFFECT '3','6','1','1','0','ndq809','127.0.0.1';
2018-08-23 02:42:15 EXEC SPC_COM_DATA 'ndq809';
2018-08-23 02:42:15 SQLSTATE[IMSSP]: The active result for the query contains no fields.
2018-08-23 02:42:15 EXEC SPC_COM_MENU '1';
2018-08-23 02:42:15 EXEC SPC_VOCABULARY_LST1 'ndq809';
2018-08-23 02:42:15 EXEC SPC_COM_MENU '1';
2018-08-23 02:42:15 EXEC SPC_COMMON_GROUP '2';
2018-08-23 02:42:15 EXEC SPC_COM_DATA 'ndq809';
2018-08-23 02:42:15 SQLSTATE[IMSSP]: The active result for the query contains no fields.
2018-08-23 02:42:15 EXEC SPC_COM_MENU '1';
2018-08-23 02:42:15 EXEC SPC_VOCABULARY_LST2 '2','3','ndq809';
2018-08-23 02:43:55 EXEC SPC_COM_DATA 'ndq809';
2018-08-23 02:43:55 SQLSTATE[IMSSP]: The active result for the query contains no fields.
2018-08-23 02:43:55 EXEC SPC_COM_MENU '1';
2018-08-23 02:43:55 EXEC SPC_COM_ADD_EXAM '2','2','lord','king','ndq809','127.0.0.1';
2018-08-23 02:43:56 EXEC SPC_COM_DATA 'ndq809';
2018-08-23 02:43:56 SQLSTATE[IMSSP]: The active result for the query contains no fields.
2018-08-23 02:43:56 EXEC SPC_COM_MENU '1';
2018-08-23 02:43:56 EXEC SPC_COM_EXAM_LIST '2','2','1','1','ndq809';
2018-08-23 02:44:24 EXEC SPC_COM_DATA 'ndq809';
2018-08-23 02:44:24 SQLSTATE[IMSSP]: The active result for the query contains no fields.
2018-08-23 02:44:24 EXEC SPC_COM_MENU '1';
2018-08-23 02:44:24 EXEC SPC_COM_ADD_EXAM '2','2','king is the best','vua là nhất','ndq809','127.0.0.1';
2018-08-23 02:44:24 EXEC SPC_COM_DATA 'ndq809';
2018-08-23 02:44:24 SQLSTATE[IMSSP]: The active result for the query contains no fields.
2018-08-23 02:44:24 EXEC SPC_COM_MENU '1';
2018-08-23 02:44:24 EXEC SPC_COM_EXAM_LIST '2','2','1','1','ndq809';
2018-08-23 02:44:26 EXEC SPC_COM_DATA 'ndq809';
2018-08-23 02:44:26 SQLSTATE[IMSSP]: The active result for the query contains no fields.
2018-08-23 02:44:26 EXEC SPC_COM_MENU '1';
2018-08-23 02:44:26 EXEC SPC_COM_EXAM_LIST '2','1','2','ndq809';
2018-08-23 02:44:26 SQLSTATE[42000]: [Microsoft][ODBC Driver 13 for SQL Server][SQL Server]データ型 nvarchar を int に変換中にエラーが発生しました。
2018-08-23 02:45:01 EXEC SPC_COM_DATA 'ndq809';
2018-08-23 02:45:01 SQLSTATE[IMSSP]: The active result for the query contains no fields.
2018-08-23 02:45:01 EXEC SPC_COM_MENU '1';
2018-08-23 02:45:01 EXEC SPC_VOCABULARY_LST1 'ndq809';
2018-08-23 02:45:02 EXEC SPC_COM_MENU '1';
2018-08-23 02:45:02 EXEC SPC_COMMON_GROUP '2';
2018-08-23 02:45:02 EXEC SPC_COM_DATA 'ndq809';
2018-08-23 02:45:02 SQLSTATE[IMSSP]: The active result for the query contains no fields.
2018-08-23 02:45:02 EXEC SPC_COM_MENU '1';
2018-08-23 02:45:02 EXEC SPC_VOCABULARY_LST2 '2','3','ndq809';
2018-08-23 02:45:04 EXEC SPC_COM_DATA 'ndq809';
2018-08-23 02:45:04 SQLSTATE[IMSSP]: The active result for the query contains no fields.
2018-08-23 02:45:04 EXEC SPC_COM_MENU '1';
2018-08-23 02:45:04 EXEC SPC_COM_EXAM_LIST '2','2','0','2','ndq809';
2018-08-23 02:45:06 EXEC SPC_COM_DATA 'ndq809';
2018-08-23 02:45:06 SQLSTATE[IMSSP]: The active result for the query contains no fields.
2018-08-23 02:45:06 EXEC SPC_COM_MENU '1';
2018-08-23 02:45:06 EXEC SPC_COM_EXAM_LIST '2','2','0','1','ndq809';
2018-08-23 02:45:09 EXEC SPC_COM_DATA 'ndq809';
2018-08-23 02:45:09 SQLSTATE[IMSSP]: The active result for the query contains no fields.
2018-08-23 02:45:09 EXEC SPC_COM_MENU '1';
2018-08-23 02:45:09 EXEC SPC_COM_EXAM_LIST '2','2','1','1','ndq809';
2018-08-23 02:45:10 EXEC SPC_COM_DATA 'ndq809';
2018-08-23 02:45:10 SQLSTATE[IMSSP]: The active result for the query contains no fields.
2018-08-23 02:45:10 EXEC SPC_COM_MENU '1';
2018-08-23 02:45:10 EXEC SPC_COM_EXAM_LIST '2','2','1','2','ndq809';
2018-08-23 02:45:11 EXEC SPC_COM_DATA 'ndq809';
2018-08-23 02:45:11 SQLSTATE[IMSSP]: The active result for the query contains no fields.
2018-08-23 02:45:11 EXEC SPC_COM_MENU '1';
2018-08-23 02:45:11 EXEC SPC_COM_EXAM_LIST '2','2','1','1','ndq809';
2018-08-23 02:45:14 EXEC SPC_COM_DATA 'ndq809';
2018-08-23 02:45:14 SQLSTATE[IMSSP]: The active result for the query contains no fields.
2018-08-23 02:45:14 EXEC SPC_COM_MENU '1';
2018-08-23 02:45:14 EXEC SPC_COM_EXAM_LIST '2','2','2','1','ndq809';
2018-08-23 02:45:15 EXEC SPC_COM_DATA 'ndq809';
2018-08-23 02:45:15 SQLSTATE[IMSSP]: The active result for the query contains no fields.
2018-08-23 02:45:15 EXEC SPC_COM_MENU '1';
2018-08-23 02:45:15 EXEC SPC_COM_EXAM_LIST '2','2','0','1','ndq809';
2018-08-23 02:45:17 EXEC SPC_COM_DATA 'ndq809';
2018-08-23 02:45:17 SQLSTATE[IMSSP]: The active result for the query contains no fields.
2018-08-23 02:45:17 EXEC SPC_COM_MENU '1';
2018-08-23 02:45:17 EXEC SPC_COM_EXAM_LIST '2','2','1','1','ndq809';
2018-08-23 02:45:19 EXEC SPC_COM_DATA 'ndq809';
2018-08-23 02:45:19 SQLSTATE[IMSSP]: The active result for the query contains no fields.
2018-08-23 02:45:19 EXEC SPC_COM_MENU '1';
2018-08-23 02:45:19 EXEC SPC_COM_EXAM_LIST '2','2','2','1','ndq809';
2018-08-23 02:47:25 EXEC SPC_COM_DATA 'ndq809';
2018-08-23 02:47:25 SQLSTATE[IMSSP]: The active result for the query contains no fields.
2018-08-23 02:47:25 EXEC SPC_COM_MENU '1';
2018-08-23 02:47:25 EXEC SPC_VOCABULARY_LST1 'ndq809';
2018-08-23 02:47:26 EXEC SPC_COM_MENU '1';
2018-08-23 02:47:26 EXEC SPC_COMMON_GROUP '2';
2018-08-23 02:47:26 EXEC SPC_COM_DATA 'ndq809';
2018-08-23 02:47:26 SQLSTATE[IMSSP]: The active result for the query contains no fields.
2018-08-23 02:47:26 EXEC SPC_COM_MENU '1';
2018-08-23 02:47:26 EXEC SPC_VOCABULARY_LST2 '2','3','ndq809';
2018-08-23 02:50:36 EXEC SPC_COM_DATA 'ndq809';
2018-08-23 02:50:36 SQLSTATE[IMSSP]: The active result for the query contains no fields.
2018-08-23 02:50:36 EXEC SPC_COM_MENU '1';
2018-08-23 02:50:36 EXEC SPC_COM_TOGGLE_EFFECT '3','6','1','1','1','ndq809','127.0.0.1';
2018-08-23 02:50:38 EXEC SPC_COM_DATA 'ndq809';
2018-08-23 02:50:38 SQLSTATE[IMSSP]: The active result for the query contains no fields.
2018-08-23 02:50:38 EXEC SPC_COM_MENU '1';
2018-08-23 02:50:38 EXEC SPC_COM_TOGGLE_EFFECT '3','6','1','1','0','ndq809','127.0.0.1';
2018-08-23 02:51:02 EXEC SPC_COM_DATA 'ndq809';
2018-08-23 02:51:02 SQLSTATE[IMSSP]: The active result for the query contains no fields.
2018-08-23 02:51:02 EXEC SPC_COM_MENU '1';
2018-08-23 02:51:14 EXEC SPC_COM_DATA 'ndq809';
2018-08-23 02:51:14 SQLSTATE[IMSSP]: The active result for the query contains no fields.
2018-08-23 02:51:14 EXEC SPC_COM_MENU '1';
2018-08-23 02:51:14 EXEC SPC_VOCABULARY_LST1 'ndq809';
2018-08-23 02:51:14 EXEC SPC_COM_MENU '1';
2018-08-23 02:51:14 EXEC SPC_COMMON_GROUP '2';
2018-08-23 02:51:14 EXEC SPC_COM_DATA 'ndq809';
2018-08-23 02:51:14 SQLSTATE[IMSSP]: The active result for the query contains no fields.
2018-08-23 02:51:14 EXEC SPC_COM_MENU '1';
2018-08-23 02:51:14 EXEC SPC_VOCABULARY_LST2 '2','3','ndq809';
2018-08-23 02:58:31 EXEC SPC_COM_DATA 'ndq809';
2018-08-23 02:58:31 SQLSTATE[IMSSP]: The active result for the query contains no fields.
2018-08-23 02:58:31 EXEC SPC_COM_MENU '1';
2018-08-23 02:58:31 EXEC SPC_VOCABULARY_LST1 'ndq809';
2018-08-23 02:58:32 EXEC SPC_COM_MENU '1';
2018-08-23 02:58:32 EXEC SPC_COMMON_GROUP '2';
2018-08-23 02:58:32 EXEC SPC_COM_DATA 'ndq809';
2018-08-23 02:58:32 SQLSTATE[IMSSP]: The active result for the query contains no fields.
2018-08-23 02:58:32 EXEC SPC_COM_MENU '1';
2018-08-23 02:58:32 EXEC SPC_VOCABULARY_LST2 '2','3','ndq809';
