2018-12-17 00:11:58 EXEC SPC_COM_DATA '','','';
2018-12-17 00:12:01 EXEC SPC_COM_DATA '','','';
2018-12-17 00:12:01 EXEC SPC_RELAX_LST1 '','';
2018-12-17 00:12:02 EXEC SPC_COM_DATA '','','';
2018-12-17 00:12:02 EXEC SPC_RELAX_LST2 '','1','1','1','0','','';
2018-12-17 00:12:05 EXEC SPC_COM_DATA '','','';
2018-12-17 00:12:07 EXEC SPC_COM_DATA '','','';
2018-12-17 00:12:11 EXEC SPC_COM_DATA '','','';
2018-12-17 00:12:13 EXEC SPC_COM_DATA '','','';
2018-12-17 00:18:00 EXEC SPC_COM_DATA '','','';
2018-12-17 00:18:01 EXEC SPC_COM_DATA '','','';
2018-12-17 00:18:04 EXEC SPC_COM_DATA '','','';
2018-12-17 00:19:17 EXEC SPC_COM_DATA '','','';
2018-12-17 00:19:25 EXEC SPC_COM_DATA '','','';
2018-12-17 00:20:45 EXEC SPC_COM_DATA '','','';
2018-12-17 00:22:10 EXEC SPC_COM_DATA '','','';
2018-12-17 00:22:12 EXEC SPC_COM_DATA '','','';
2018-12-17 00:23:53 EXEC SPC_COM_DATA '','','';
2018-12-17 00:23:54 EXEC SPC_COM_DATA '','','';
2018-12-17 00:26:13 EXEC SPC_COM_DATA '','','';
2018-12-17 00:26:15 EXEC SPC_COM_DATA '','','';
2018-12-17 00:27:07 EXEC SPC_COM_DATA '','','';
2018-12-17 00:27:08 EXEC SPC_COM_DATA '','','';
2018-12-17 00:27:24 EXEC SPC_COM_DATA '','','';
2018-12-17 00:27:25 EXEC SPC_COM_DATA '','','';
2018-12-17 00:29:24 EXEC SPC_COM_DATA '','','';
2018-12-17 00:29:25 EXEC SPC_COM_DATA '','','';
2018-12-17 00:35:44 EXEC SPC_COM_DATA '','','';
2018-12-17 00:35:45 EXEC SPC_COM_DATA '','','';
2018-12-17 00:38:09 EXEC SPC_COM_DATA '','','';
2018-12-17 00:38:10 EXEC SPC_COM_DATA '','','';
2018-12-17 00:39:09 EXEC SPC_COM_DATA '','','';
2018-12-17 00:39:11 EXEC SPC_COM_DATA '','','';
2018-12-17 01:03:54 EXEC SPC_COM_DATA '','','';
2018-12-17 01:03:54 EXEC SPC_DICTIONARY_LST1 '','';
2018-12-17 01:14:53 EXEC SPC_COM_DATA '','','';
2018-12-17 01:14:53 EXEC SPC_DICTIONARY_LST1 '','';
2018-12-17 01:15:33 EXEC SPC_COM_DATA '','','';
2018-12-17 01:15:33 EXEC SPC_DICTIONARY_LST1 '','';
2018-12-17 01:15:56 EXEC SPC_COM_DATA '','','';
2018-12-17 01:15:56 EXEC SPC_DICTIONARY_LST1 '','';
2018-12-17 01:17:00 EXEC SPC_COM_DATA '','','';
2018-12-17 01:17:00 EXEC SPC_DICTIONARY_LST1 '','';
2018-12-17 01:17:13 EXEC SPC_COM_DATA '','','';
2018-12-17 01:17:13 EXEC SPC_DICTIONARY_LST1 '','';
2018-12-17 01:17:14 EXEC SPC_COM_DATA '','','';
2018-12-17 01:17:14 EXEC SPC_DICTIONARY_LST2 'is relatively','','127.0.0.1';
2018-12-17 01:17:51 EXEC SPC_COM_DATA '','','';
2018-12-17 01:17:51 EXEC SPC_DICTIONARY_LST3 'is relatively';
2018-12-17 01:17:57 EXEC SPC_COM_DATA '','','';
2018-12-17 01:17:57 EXEC SPC_DICTIONARY_LST3 'hel';
2018-12-17 01:17:58 EXEC SPC_COM_DATA '','','';
2018-12-17 01:17:58 EXEC SPC_DICTIONARY_LST2 'Hello','','127.0.0.1';
2018-12-17 01:18:01 EXEC SPC_COM_DATA '','','';
2018-12-17 01:18:01 EXEC SPC_DICTIONARY_LST3 'Hello';
2018-12-17 01:18:04 EXEC SPC_COM_DATA '','','';
2018-12-17 01:18:04 EXEC SPC_DICTIONARY_LST2 'Hello','','127.0.0.1';
2018-12-17 01:18:05 EXEC SPC_COM_DATA '','','';
2018-12-17 01:18:05 EXEC SPC_DICTIONARY_LST3 'Hello';
2018-12-17 01:18:08 EXEC SPC_COM_DATA '','','';
2018-12-17 01:18:08 EXEC SPC_DICTIONARY_LST3 'ewqeqewq';
2018-12-17 01:18:13 EXEC SPC_COM_DATA '','','';
2018-12-17 01:18:13 EXEC SPC_DICTIONARY_LST3 'ewqeqewq';
2018-12-17 01:18:15 EXEC SPC_COM_DATA '','','';
2018-12-17 01:18:15 EXEC SPC_DICTIONARY_LST3 'ewqeqewq';
2018-12-17 01:19:09 EXEC SPC_COM_DATA '','','';
2018-12-17 01:19:09 EXEC SPC_DICTIONARY_LST1 '','';
2018-12-17 01:19:10 EXEC SPC_COM_DATA '','','';
2018-12-17 01:19:10 EXEC SPC_DICTIONARY_LST2 'big','','127.0.0.1';
2018-12-17 01:19:15 EXEC SPC_COM_DATA '','','';
2018-12-17 01:19:15 EXEC SPC_DICTIONARY_LST3 'big';
2018-12-17 01:19:19 EXEC SPC_COM_DATA '','','';
2018-12-17 01:19:19 EXEC SPC_DICTIONARY_LST3 'hel';
2018-12-17 01:19:25 EXEC SPC_COM_DATA '','','';
2018-12-17 01:19:25 EXEC SPC_DICTIONARY_LST3 'hel';
2018-12-17 01:19:28 EXEC SPC_COM_DATA '','','';
2018-12-17 01:19:28 EXEC SPC_DICTIONARY_LST3 'hel';
2018-12-17 01:19:38 EXEC SPC_COM_DATA '','','';
2018-12-17 01:19:38 EXEC SPC_DICTIONARY_LST3 'hel';
2018-12-17 01:19:45 EXEC SPC_COM_DATA '','','';
2018-12-17 01:19:45 EXEC SPC_DICTIONARY_LST3 'hel';
2018-12-17 01:19:52 EXEC SPC_COM_DATA '','','';
2018-12-17 01:19:52 EXEC SPC_DICTIONARY_LST3 'hel';
2018-12-17 01:20:05 EXEC SPC_COM_DATA '','','';
2018-12-17 01:20:05 EXEC SPC_DICTIONARY_LST3 'hel';
2018-12-17 01:20:44 EXEC SPC_COM_DATA '','','';
2018-12-17 01:20:44 EXEC SPC_DICTIONARY_LST3 'hel';
2018-12-17 01:21:04 EXEC SPC_COM_DATA '','','';
2018-12-17 01:21:04 EXEC SPC_DICTIONARY_LST3 'hel';
2018-12-17 01:21:11 EXEC SPC_COM_DATA '','','';
2018-12-17 01:21:11 EXEC SPC_DICTIONARY_LST3 'hel';
2018-12-17 01:21:13 EXEC SPC_COM_DATA '','','';
2018-12-17 01:21:13 EXEC SPC_DICTIONARY_LST3 'hel';
2018-12-17 01:21:23 EXEC SPC_COM_DATA '','','';
2018-12-17 01:21:23 EXEC SPC_DICTIONARY_LST3 'hel';
2018-12-17 01:21:44 EXEC SPC_COM_DATA '','','';
2018-12-17 01:21:44 EXEC SPC_DICTIONARY_LST3 'hel';
2018-12-17 01:21:49 EXEC SPC_COM_DATA '','','';
2018-12-17 01:21:49 EXEC SPC_DICTIONARY_LST3 'hel';
2018-12-17 01:27:03 EXEC SPC_COM_DATA '','','';
2018-12-17 01:27:03 EXEC SPC_DICTIONARY_LST3 'hel';
2018-12-17 01:27:21 EXEC SPC_COM_DATA '','','';
2018-12-17 01:27:21 EXEC SPC_DICTIONARY_LST3 'hel';
2018-12-17 01:27:31 EXEC SPC_COM_DATA '','','';
2018-12-17 01:27:31 EXEC SPC_DICTIONARY_LST3 'hel';
2018-12-17 01:28:27 EXEC SPC_COM_DATA '','','';
2018-12-17 01:28:27 EXEC SPC_DICTIONARY_LST3 'hel';
2018-12-17 01:29:08 EXEC SPC_COM_DATA '','','';
2018-12-17 01:29:08 EXEC SPC_DICTIONARY_LST3 'hel';
2018-12-17 01:30:18 EXEC SPC_COM_DATA '','','';
2018-12-17 01:30:18 EXEC SPC_DICTIONARY_LST3 'hel';
2018-12-17 01:30:25 EXEC SPC_COM_DATA '','','';
2018-12-17 01:30:25 EXEC SPC_DICTIONARY_LST3 'hel';
2018-12-17 02:04:16 EXEC SPC_COM_DATA '','','';
2018-12-17 02:04:16 EXEC SPC_DICTIONARY_LST1 '','';
2018-12-17 02:04:16 EXEC SPC_DICTIONARY_LST3 'hel';
2018-12-17 02:04:18 EXEC SPC_COM_DATA '','','';
2018-12-17 02:04:18 EXEC SPC_DICTIONARY_LST2 'big','','127.0.0.1';
2018-12-17 02:04:19 EXEC SPC_COM_DATA '','','';
2018-12-17 02:04:19 EXEC SPC_DICTIONARY_LST3 'big';
2018-12-17 02:04:26 EXEC SPC_COM_DATA '','','';
2018-12-17 02:04:26 EXEC SPC_DICTIONARY_LST3 'hel';
2018-12-17 02:04:37 EXEC SPC_COM_DATA '','','';
2018-12-17 02:04:37 EXEC SPC_DICTIONARY_LST3 'hel';
2018-12-17 02:04:38 EXEC SPC_COM_DATA '','','';
2018-12-17 02:04:38 EXEC SPC_DICTIONARY_LST1 '','';
2018-12-17 02:04:38 EXEC SPC_COM_DATA '','','';
2018-12-17 02:04:38 EXEC SPC_DICTIONARY_LST2 'big','','127.0.0.1';
2018-12-17 02:04:43 EXEC SPC_COM_DATA '','','';
2018-12-17 02:04:43 EXEC SPC_DICTIONARY_LST3 'big';
2018-12-17 02:04:48 EXEC SPC_COM_DATA '','','';
2018-12-17 02:04:48 EXEC SPC_DICTIONARY_LST3 'hel';
2018-12-17 02:05:46 EXEC SPC_COM_DATA '','','';
2018-12-17 02:05:47 EXEC SPC_COM_DATA '','','';
2018-12-17 02:05:57 EXEC SPC_COM_DATA '','','';
2018-12-17 02:05:57 EXEC SPC_DICTIONARY_LST1 '','';
2018-12-17 02:06:40 EXEC SPC_COM_DATA '','','';
2018-12-17 02:06:40 EXEC SPC_DICTIONARY_LST1 '','';
2018-12-17 02:06:45 EXEC SPC_COM_DATA '','','';
2018-12-17 02:06:45 EXEC SPC_DICTIONARY_LST3 'hel';
2018-12-17 02:07:02 EXEC SPC_COM_DATA '','','';
2018-12-17 02:07:02 EXEC SPC_DICTIONARY_LST2 'Hello','','127.0.0.1';
2018-12-17 02:07:14 EXEC SPC_COM_DATA '','','';
2018-12-17 02:07:14 EXEC SPC_DICTIONARY_LST3 'Hello';
2018-12-17 02:07:15 EXEC SPC_COM_DATA '','','';
2018-12-17 02:07:15 EXEC SPC_DICTIONARY_LST2 'Hello','','127.0.0.1';
2018-12-17 02:07:16 EXEC SPC_COM_DATA '','','';
2018-12-17 02:07:16 EXEC SPC_DICTIONARY_LST3 'Hello';
2018-12-17 02:07:17 EXEC SPC_COM_DATA '','','';
2018-12-17 02:07:17 EXEC SPC_DICTIONARY_LST2 'Hello','','127.0.0.1';
2018-12-17 02:07:17 EXEC SPC_COM_DATA '','','';
2018-12-17 02:07:17 EXEC SPC_DICTIONARY_LST3 'Hello';
2018-12-17 02:07:18 EXEC SPC_COM_DATA '','','';
2018-12-17 02:07:18 EXEC SPC_DICTIONARY_LST2 'Hello','','127.0.0.1';
2018-12-17 02:07:20 EXEC SPC_COM_DATA '','','';
2018-12-17 02:07:20 EXEC SPC_DICTIONARY_LST1 '1','';
2018-12-17 02:07:21 EXEC SPC_COM_DATA '','','';
2018-12-17 02:07:21 EXEC SPC_DICTIONARY_LST2 'Hello','','127.0.0.1';
2018-12-17 02:07:22 EXEC SPC_COM_DATA '','','';
2018-12-17 02:07:22 EXEC SPC_DICTIONARY_LST3 'Hello';
2018-12-17 02:07:28 EXEC SPC_COM_DATA '','','';
2018-12-17 02:07:28 EXEC SPC_DICTIONARY_LST3 'Hello';
2018-12-17 02:07:28 EXEC SPC_COM_DATA '','','';
2018-12-17 02:07:28 EXEC SPC_DICTIONARY_LST1 '1','';
2018-12-17 02:07:29 EXEC SPC_COM_DATA '','','';
2018-12-17 02:07:29 EXEC SPC_DICTIONARY_LST2 'Hello','','127.0.0.1';
2018-12-17 02:07:30 EXEC SPC_COM_DATA '','','';
2018-12-17 02:07:30 EXEC SPC_DICTIONARY_LST3 'Hello';
2018-12-17 02:07:33 EXEC SPC_COM_DATA '','','';
2018-12-17 02:07:33 EXEC SPC_DICTIONARY_LST3 'Hello';
2018-12-17 02:07:38 EXEC SPC_COM_DATA '','','';
2018-12-17 02:07:38 EXEC SPC_DICTIONARY_LST3 'Hello';
2018-12-17 02:07:44 EXEC SPC_COM_DATA '','','';
2018-12-17 02:07:44 EXEC SPC_DICTIONARY_LST1 '1','';
2018-12-17 02:07:44 EXEC SPC_COM_DATA '','','';
2018-12-17 02:07:44 EXEC SPC_DICTIONARY_LST2 'Hello','','127.0.0.1';
2018-12-17 02:07:46 EXEC SPC_COM_DATA '','','';
2018-12-17 02:07:46 EXEC SPC_DICTIONARY_LST3 'Hello';
2018-12-17 02:13:14 EXEC SPC_COM_DATA '','','';
2018-12-17 02:13:14 EXEC SPC_DICTIONARY_LST3 'Hello';
2018-12-17 02:13:55 EXEC SPC_COM_DATA '','','';
2018-12-17 02:13:55 EXEC SPC_DICTIONARY_LST3 'Hello';
2018-12-17 02:13:58 EXEC SPC_COM_DATA '','','';
2018-12-17 02:13:58 EXEC SPC_DICTIONARY_LST3 'Hello';
2018-12-17 02:14:08 EXEC SPC_COM_DATA '','','';
2018-12-17 02:14:08 EXEC SPC_DICTIONARY_LST3 'Hello';
2018-12-17 02:14:11 EXEC SPC_COM_DATA '','','';
2018-12-17 02:14:11 EXEC SPC_DICTIONARY_LST1 '1','';
2018-12-17 02:14:12 EXEC SPC_COM_DATA '','','';
2018-12-17 02:14:12 EXEC SPC_DICTIONARY_LST2 'Hello','','127.0.0.1';
2018-12-17 02:14:14 EXEC SPC_COM_DATA '','','';
2018-12-17 02:14:14 EXEC SPC_DICTIONARY_LST3 'Hello';
2018-12-17 02:15:00 EXEC SPC_COM_DATA '','','';
2018-12-17 02:15:00 EXEC SPC_DICTIONARY_LST2 'Hello','','127.0.0.1';
2018-12-17 02:15:16 EXEC SPC_COM_DATA '','','';
2018-12-17 02:15:16 EXEC SPC_DICTIONARY_LST3 'Hello';
2018-12-17 02:17:51 EXEC SPC_COM_DATA '','','';
2018-12-17 02:17:51 EXEC SPC_DICTIONARY_LST3 'Hello';
2018-12-17 02:17:51 EXEC SPC_DICTIONARY_LST1 '1','';
2018-12-17 02:17:52 EXEC SPC_COM_DATA '','','';
2018-12-17 02:17:52 EXEC SPC_DICTIONARY_LST2 'Hello','','127.0.0.1';
2018-12-17 02:17:53 EXEC SPC_COM_DATA '','','';
2018-12-17 02:17:53 EXEC SPC_DICTIONARY_LST3 'Hello';
2018-12-17 02:18:09 EXEC SPC_COM_DATA '','','';
2018-12-17 02:18:09 EXEC SPC_DICTIONARY_LST3 'Hello';
2018-12-17 02:18:15 EXEC SPC_COM_DATA '','','';
2018-12-17 02:18:15 EXEC SPC_DICTIONARY_LST2 'Hello','','127.0.0.1';
2018-12-17 02:18:16 EXEC SPC_COM_DATA '','','';
2018-12-17 02:18:16 EXEC SPC_DICTIONARY_LST3 'Hello';
2018-12-17 02:19:25 EXEC SPC_COM_DATA '','','';
2018-12-17 02:19:25 EXEC SPC_DICTIONARY_LST3 'Hello';
2018-12-17 02:19:30 EXEC SPC_COM_DATA '','','';
2018-12-17 02:19:30 EXEC SPC_DICTIONARY_LST3 'Hello';
2018-12-17 02:28:22 EXEC SPC_COM_DATA '','','';
2018-12-17 02:28:22 EXEC SPC_DICTIONARY_LST3 'Hello';
2018-12-17 02:28:22 EXEC SPC_DICTIONARY_LST1 '1','';
2018-12-17 02:28:23 EXEC SPC_COM_DATA '','','';
2018-12-17 02:28:23 EXEC SPC_DICTIONARY_LST2 'Hello','','127.0.0.1';
2018-12-17 02:28:23 EXEC SPC_COM_DATA '','','';
2018-12-17 02:28:23 EXEC SPC_DICTIONARY_LST3 'Hello';
2018-12-17 02:28:26 EXEC SPC_COM_DATA '','','';
2018-12-17 02:28:26 EXEC SPC_DICTIONARY_LST1 '1','';
2018-12-17 02:28:27 EXEC SPC_COM_DATA '','','';
2018-12-17 02:28:27 EXEC SPC_DICTIONARY_LST2 'Hello','','127.0.0.1';
2018-12-17 02:28:33 EXEC SPC_COM_DATA '','','';
2018-12-17 02:28:33 EXEC SPC_DICTIONARY_LST1 '','';
2018-12-17 02:28:38 EXEC SPC_COM_DATA '','','';
2018-12-17 02:28:38 EXEC SPC_DICTIONARY_LST3 'hel';
2018-12-17 02:29:42 EXEC SPC_COM_DATA '','','';
2018-12-17 02:29:42 EXEC SPC_DICTIONARY_LST1 '','';
2018-12-17 02:29:46 EXEC SPC_COM_DATA '','','';
2018-12-17 02:29:46 EXEC SPC_DICTIONARY_LST3 'hel';
2018-12-17 02:29:58 EXEC SPC_COM_DATA '','','';
2018-12-17 02:29:58 EXEC SPC_DICTIONARY_LST3 'hel';
2018-12-17 02:29:59 EXEC SPC_COM_DATA '','','';
2018-12-17 02:29:59 EXEC SPC_DICTIONARY_LST1 '','';
2018-12-17 02:30:01 EXEC SPC_COM_DATA '','','';
2018-12-17 02:30:01 EXEC SPC_DICTIONARY_LST3 'dsadsd';
2018-12-17 02:30:05 EXEC SPC_COM_DATA '','','';
2018-12-17 02:30:05 EXEC SPC_DICTIONARY_LST3 'hel';
2018-12-17 02:30:07 EXEC SPC_COM_DATA '','','';
2018-12-17 02:30:07 EXEC SPC_DICTIONARY_LST1 '','';
2018-12-17 02:30:32 EXEC SPC_COM_DATA '','','';
2018-12-17 02:30:32 EXEC SPC_DICTIONARY_LST1 '','';
2018-12-17 02:30:36 EXEC SPC_COM_DATA '','','';
2018-12-17 02:30:36 EXEC SPC_DICTIONARY_LST3 'hel';
2018-12-17 02:35:05 EXEC SPC_COM_DATA '','','';
2018-12-17 02:35:05 EXEC SPC_DICTIONARY_LST3 'hel';
2018-12-17 02:35:28 EXEC SPC_COM_DATA '','','';
2018-12-17 02:35:28 EXEC SPC_DICTIONARY_LST3 'hel';
2018-12-17 02:36:36 EXEC SPC_COM_DATA '','','';
2018-12-17 02:36:36 EXEC SPC_DICTIONARY_LST3 'hel';
2018-12-17 02:36:36 EXEC SPC_COM_DATA '','','';
2018-12-17 02:36:36 EXEC SPC_DICTIONARY_LST1 '','';
2018-12-17 02:36:45 EXEC SPC_COM_DATA '','','';
2018-12-17 02:36:45 EXEC SPC_DICTIONARY_LST1 '','';
2018-12-17 02:37:05 EXEC SPC_COM_DATA '','','';
2018-12-17 02:37:05 EXEC SPC_DICTIONARY_LST1 '','';
2018-12-17 02:37:08 EXEC SPC_COM_DATA '','','';
2018-12-17 02:37:08 EXEC SPC_DICTIONARY_LST3 'hel';
2018-12-17 02:37:29 EXEC SPC_COM_DATA '','','';
2018-12-17 02:37:29 EXEC SPC_DICTIONARY_LST3 'hel';
2018-12-17 02:37:29 EXEC SPC_COM_DATA '','','';
2018-12-17 02:37:29 EXEC SPC_DICTIONARY_LST1 '','';
2018-12-17 02:37:32 EXEC SPC_COM_DATA '','','';
2018-12-17 02:37:32 EXEC SPC_DICTIONARY_LST3 'hel';
2018-12-17 02:37:33 EXEC SPC_COM_DATA '','','';
2018-12-17 02:37:33 EXEC SPC_DICTIONARY_LST3 'hel';
2018-12-17 02:37:34 EXEC SPC_COM_DATA '','','';
2018-12-17 02:37:34 EXEC SPC_DICTIONARY_LST3 'hel';
2018-12-17 02:37:35 EXEC SPC_COM_DATA '','','';
2018-12-17 02:37:35 EXEC SPC_DICTIONARY_LST3 'hel';
2018-12-17 02:37:36 EXEC SPC_COM_DATA '','','';
2018-12-17 02:37:36 EXEC SPC_DICTIONARY_LST3 'hel';
2018-12-17 02:37:36 EXEC SPC_COM_DATA '','','';
2018-12-17 02:37:36 EXEC SPC_DICTIONARY_LST3 'hel';
2018-12-17 02:37:37 EXEC SPC_COM_DATA '','','';
2018-12-17 02:37:37 EXEC SPC_DICTIONARY_LST3 'hel';
2018-12-17 02:37:38 EXEC SPC_COM_DATA '','','';
2018-12-17 02:37:38 EXEC SPC_DICTIONARY_LST3 'hel';
2018-12-17 02:37:38 EXEC SPC_COM_DATA '','','';
2018-12-17 02:37:38 EXEC SPC_DICTIONARY_LST3 'hel';
2018-12-17 02:37:39 EXEC SPC_COM_DATA '','','';
2018-12-17 02:37:39 EXEC SPC_DICTIONARY_LST3 'hel';
2018-12-17 02:37:39 EXEC SPC_COM_DATA '','','';
2018-12-17 02:37:39 EXEC SPC_DICTIONARY_LST3 'hel';
2018-12-17 02:37:39 EXEC SPC_COM_DATA '','','';
2018-12-17 02:37:39 EXEC SPC_DICTIONARY_LST3 'hel';
2018-12-17 02:37:40 EXEC SPC_COM_DATA '','','';
2018-12-17 02:37:40 EXEC SPC_DICTIONARY_LST3 'hel';
2018-12-17 02:37:40 EXEC SPC_COM_DATA '','','';
2018-12-17 02:37:40 EXEC SPC_DICTIONARY_LST3 'hel';
2018-12-17 02:37:41 EXEC SPC_COM_DATA '','','';
2018-12-17 02:37:41 EXEC SPC_DICTIONARY_LST3 'hel';
2018-12-17 02:37:41 EXEC SPC_COM_DATA '','','';
2018-12-17 02:37:41 EXEC SPC_DICTIONARY_LST3 'hel';
2018-12-17 02:37:41 EXEC SPC_COM_DATA '','','';
2018-12-17 02:37:41 EXEC SPC_DICTIONARY_LST3 'hel';
2018-12-17 02:37:41 EXEC SPC_COM_DATA '','','';
2018-12-17 02:37:41 EXEC SPC_DICTIONARY_LST3 'hel';
2018-12-17 02:37:42 EXEC SPC_COM_DATA '','','';
2018-12-17 02:37:42 EXEC SPC_DICTIONARY_LST3 'hel';
2018-12-17 02:37:43 EXEC SPC_COM_DATA '','','';
2018-12-17 02:37:43 EXEC SPC_DICTIONARY_LST3 'hel';
2018-12-17 02:37:44 EXEC SPC_COM_DATA '','','';
2018-12-17 02:37:44 EXEC SPC_DICTIONARY_LST3 'hel';
2018-12-17 02:37:45 EXEC SPC_COM_DATA '','','';
2018-12-17 02:37:45 EXEC SPC_DICTIONARY_LST3 'hel';
2018-12-17 02:37:46 EXEC SPC_COM_DATA '','','';
2018-12-17 02:37:46 EXEC SPC_DICTIONARY_LST3 'hel';
2018-12-17 02:37:47 EXEC SPC_COM_DATA '','','';
2018-12-17 02:37:47 EXEC SPC_DICTIONARY_LST3 'hel';
2018-12-17 02:37:48 EXEC SPC_COM_DATA '','','';
2018-12-17 02:37:48 EXEC SPC_DICTIONARY_LST3 'hel';
2018-12-17 02:37:49 EXEC SPC_COM_DATA '','','';
2018-12-17 02:37:49 EXEC SPC_DICTIONARY_LST3 'hel';
2018-12-17 02:37:50 EXEC SPC_COM_DATA '','','';
2018-12-17 02:37:50 EXEC SPC_DICTIONARY_LST3 'hel';
2018-12-17 02:37:56 EXEC SPC_COM_DATA '','','';
2018-12-17 02:37:56 EXEC SPC_DICTIONARY_LST1 '','';
2018-12-17 02:38:06 EXEC SPC_COM_DATA '','','';
2018-12-17 02:38:06 EXEC SPC_DICTIONARY_LST1 '','';
2018-12-17 02:38:16 EXEC SPC_COM_DATA '','','';
2018-12-17 02:38:16 EXEC SPC_DICTIONARY_LST1 '','';
2018-12-17 02:38:19 EXEC SPC_COM_DATA '','','';
2018-12-17 02:38:19 EXEC SPC_DICTIONARY_LST3 'hel';
2018-12-17 02:38:25 EXEC SPC_COM_DATA '','','';
2018-12-17 02:38:25 EXEC SPC_DICTIONARY_LST3 'hel';
2018-12-17 02:38:48 EXEC SPC_COM_DATA '','','';
2018-12-17 02:38:48 EXEC SPC_DICTIONARY_LST3 'hel';
2018-12-17 02:38:48 EXEC SPC_COM_DATA '','','';
2018-12-17 02:38:48 EXEC SPC_DICTIONARY_LST1 '','';
2018-12-17 02:38:51 EXEC SPC_COM_DATA '','','';
2018-12-17 02:38:51 EXEC SPC_DICTIONARY_LST3 'hel';
2018-12-17 02:39:04 EXEC SPC_COM_DATA '','','';
2018-12-17 02:39:04 EXEC SPC_DICTIONARY_LST3 'hel';
2018-12-17 02:39:04 EXEC SPC_COM_DATA '','','';
2018-12-17 02:39:04 EXEC SPC_DICTIONARY_LST1 '','';
2018-12-17 02:39:09 EXEC SPC_COM_DATA '','','';
2018-12-17 02:39:09 EXEC SPC_DICTIONARY_LST3 'hel';
2018-12-17 02:40:16 EXEC SPC_COM_DATA '','','';
2018-12-17 02:40:16 EXEC SPC_DICTIONARY_LST1 '','';
2018-12-17 02:40:16 EXEC SPC_COM_DATA '','','';
2018-12-17 02:40:16 EXEC SPC_DICTIONARY_LST3 'hel';
2018-12-17 02:40:24 EXEC SPC_COM_DATA '','','';
2018-12-17 02:40:24 EXEC SPC_DICTIONARY_LST3 'hel';
2018-12-17 02:40:41 EXEC SPC_COM_DATA '','','';
2018-12-17 02:40:41 EXEC SPC_DICTIONARY_LST3 'hel';
2018-12-17 02:40:41 EXEC SPC_COM_DATA '','','';
2018-12-17 02:40:41 EXEC SPC_DICTIONARY_LST1 '','';
2018-12-17 02:40:44 EXEC SPC_COM_DATA '','','';
2018-12-17 02:40:44 EXEC SPC_DICTIONARY_LST3 'hel';
2018-12-17 02:42:17 EXEC SPC_COM_DATA '','','';
2018-12-17 02:42:18 EXEC SPC_DICTIONARY_LST1 '','';
2018-12-17 02:42:21 EXEC SPC_COM_DATA '','','';
2018-12-17 02:42:21 EXEC SPC_DICTIONARY_LST3 'hel';
2018-12-17 02:43:36 EXEC SPC_COM_DATA '','','';
2018-12-17 02:43:36 EXEC SPC_DICTIONARY_LST3 'hel';
2018-12-17 02:43:38 EXEC SPC_COM_DATA '','','';
2018-12-17 02:43:38 EXEC SPC_DICTIONARY_LST1 '','';
2018-12-17 02:43:41 EXEC SPC_COM_DATA '','','';
2018-12-17 02:43:41 EXEC SPC_DICTIONARY_LST3 'hel';
2018-12-17 02:44:39 EXEC SPC_COM_DATA '','','';
2018-12-17 02:44:39 EXEC SPC_DICTIONARY_LST3 'hel';
2018-12-17 02:44:39 EXEC SPC_COM_DATA '','','';
2018-12-17 02:44:39 EXEC SPC_DICTIONARY_LST1 '','';
2018-12-17 02:44:44 EXEC SPC_COM_DATA '','','';
2018-12-17 02:44:44 EXEC SPC_DICTIONARY_LST3 'hel';
2018-12-17 02:45:08 EXEC SPC_COM_DATA '','','';
2018-12-17 02:45:08 EXEC SPC_DICTIONARY_LST3 'hel';
2018-12-17 02:45:08 EXEC SPC_COM_DATA '','','';
2018-12-17 02:45:08 EXEC SPC_DICTIONARY_LST1 '','';
2018-12-17 02:45:20 EXEC SPC_COM_DATA '','','';
2018-12-17 02:45:20 EXEC SPC_DICTIONARY_LST3 'hel';
2018-12-17 02:45:37 EXEC SPC_COM_DATA '','','';
2018-12-17 02:45:37 EXEC SPC_DICTIONARY_LST3 'hel';
2018-12-17 02:45:37 EXEC SPC_COM_DATA '','','';
2018-12-17 02:45:37 EXEC SPC_DICTIONARY_LST1 '','';
2018-12-17 02:45:42 EXEC SPC_COM_DATA '','','';
2018-12-17 02:45:42 EXEC SPC_DICTIONARY_LST3 'hel';
2018-12-17 02:46:03 EXEC SPC_COM_DATA '','','';
2018-12-17 02:46:03 EXEC SPC_DICTIONARY_LST3 'hel';
2018-12-17 02:46:45 EXEC SPC_COM_DATA '','','';
2018-12-17 02:46:45 EXEC SPC_DICTIONARY_LST1 '','';
2018-12-17 02:46:45 EXEC SPC_COM_DATA '','','';
2018-12-17 02:46:45 EXEC SPC_DICTIONARY_LST3 'hel';
2018-12-17 02:46:49 EXEC SPC_COM_DATA '','','';
2018-12-17 02:46:49 EXEC SPC_DICTIONARY_LST1 '','';
2018-12-17 02:47:01 EXEC SPC_COM_DATA '','','';
2018-12-17 02:47:01 EXEC SPC_DICTIONARY_LST3 'hel';
2018-12-17 02:57:18 EXEC SPC_COM_DATA '','','';
2018-12-17 02:57:18 EXEC SPC_DICTIONARY_LST3 'hel';
2018-12-17 03:55:35 EXEC SPC_COM_DATA '','','';
2018-12-17 03:55:35 EXEC SPC_DICTIONARY_LST3 'hel';
2018-12-17 03:55:40 EXEC SPC_COM_DATA '','','';
2018-12-17 03:55:40 EXEC SPC_DICTIONARY_LST2 'Hello','','127.0.0.1';
2018-12-17 04:00:09 EXEC SPC_COM_DATA '','','';
2018-12-17 04:00:09 EXEC SPC_DICTIONARY_LST3 'Hello';
2018-12-17 04:00:30 EXEC SPC_COM_DATA '','','';
2018-12-17 04:00:30 EXEC SPC_DICTIONARY_LST1 '1','';
2018-12-17 04:00:31 EXEC SPC_COM_DATA '','','';
2018-12-17 04:00:31 EXEC SPC_DICTIONARY_LST2 'Hello','','127.0.0.1';
2018-12-17 04:00:33 EXEC SPC_COM_DATA '','','';
2018-12-17 04:00:33 EXEC SPC_DICTIONARY_LST3 'Hello';
2018-12-17 04:00:44 EXEC SPC_COM_DATA '','','';
2018-12-17 04:00:44 EXEC SPC_DICTIONARY_LST3 'Hello';
2018-12-17 04:00:45 EXEC SPC_COM_DATA '','','';
2018-12-17 04:00:45 EXEC SPC_DICTIONARY_LST1 '1','';
2018-12-17 04:00:45 EXEC SPC_COM_DATA '','','';
2018-12-17 04:00:45 EXEC SPC_DICTIONARY_LST2 'Hello','','127.0.0.1';
2018-12-17 04:00:47 EXEC SPC_COM_DATA '','','';
2018-12-17 04:00:47 EXEC SPC_DICTIONARY_LST3 'Hello';
2018-12-17 04:00:50 EXEC SPC_COM_DATA '','','';
2018-12-17 04:00:50 EXEC SPC_COM_DATA '','','';
2018-12-17 04:00:50 EXEC SPC_DICTIONARY_LST1 '1','';

2018-12-17 04:00:51 EXEC SPC_COM_DATA '','','';
2018-12-17 04:00:51 EXEC SPC_DICTIONARY_LST2 'Hello','','127.0.0.1';
2018-12-17 04:00:52 EXEC SPC_COM_DATA '','','';
2018-12-17 04:00:52 EXEC SPC_DICTIONARY_LST3 'Hello';
2018-12-17 04:00:58 EXEC SPC_COM_DATA '','','';
2018-12-17 04:00:58 EXEC SPC_DICTIONARY_LST1 '1','';
2018-12-17 04:00:59 EXEC SPC_COM_DATA '','','';
2018-12-17 04:00:59 EXEC SPC_DICTIONARY_LST2 'Hello','','127.0.0.1';
2018-12-17 04:01:00 EXEC SPC_COM_DATA '','','';
2018-12-17 04:01:00 EXEC SPC_DICTIONARY_LST3 'Hello';
2018-12-17 04:01:04 EXEC SPC_COM_DATA '','','';
2018-12-17 04:01:04 EXEC SPC_DICTIONARY_LST3 'Hello';
2018-12-17 04:01:04 EXEC SPC_DICTIONARY_LST1 '1','';
2018-12-17 04:01:05 EXEC SPC_COM_DATA '','','';
2018-12-17 04:01:05 EXEC SPC_DICTIONARY_LST2 'Hello','','127.0.0.1';
2018-12-17 04:01:06 EXEC SPC_COM_DATA '','','';
2018-12-17 04:01:06 EXEC SPC_DICTIONARY_LST3 'Hello';
2018-12-17 04:02:18 EXEC SPC_COM_DATA '','','';
2018-12-17 04:02:18 EXEC SPC_DICTIONARY_LST3 'Hello';
2018-12-17 04:02:18 EXEC SPC_COM_DATA '','','';
2018-12-17 04:02:18 EXEC SPC_DICTIONARY_LST1 '1','';
2018-12-17 04:02:19 EXEC SPC_COM_DATA '','','';
2018-12-17 04:02:19 EXEC SPC_DICTIONARY_LST2 'Hello','','127.0.0.1';
2018-12-17 04:02:20 EXEC SPC_COM_DATA '','','';
2018-12-17 04:02:20 EXEC SPC_DICTIONARY_LST3 'Hello';
2018-12-17 04:04:05 EXEC SPC_COM_DATA '','','';
2018-12-17 04:04:05 EXEC SPC_DICTIONARY_LST3 'Hello';
2018-12-17 04:04:05 EXEC SPC_COM_DATA '','','';
2018-12-17 04:04:05 EXEC SPC_DICTIONARY_LST1 '1','';
2018-12-17 04:04:06 EXEC SPC_COM_DATA '','','';
2018-12-17 04:04:06 EXEC SPC_DICTIONARY_LST2 'Hello','','127.0.0.1';
2018-12-17 04:04:08 EXEC SPC_COM_DATA '','','';
2018-12-17 04:04:08 EXEC SPC_DICTIONARY_LST3 'Hello';
2018-12-17 04:04:15 EXEC SPC_COM_DATA '','','';
2018-12-17 04:04:15 EXEC SPC_DICTIONARY_LST3 'Hello';
2018-12-17 04:04:23 EXEC SPC_COM_DATA '','','';
2018-12-17 04:04:23 EXEC SPC_DICTIONARY_LST3 'Hello';
2018-12-17 04:04:23 EXEC SPC_COM_DATA '','','';
2018-12-17 04:04:23 EXEC SPC_DICTIONARY_LST1 '1','';
2018-12-17 04:04:24 EXEC SPC_COM_DATA '','','';
2018-12-17 04:04:24 EXEC SPC_DICTIONARY_LST2 'Hello','','127.0.0.1';
2018-12-17 04:04:24 EXEC SPC_COM_DATA '','','';
2018-12-17 04:04:24 EXEC SPC_DICTIONARY_LST3 'Hello';
2018-12-17 04:13:17 EXEC SPC_COM_DATA '','','';
2018-12-17 04:13:17 EXEC SPC_DICTIONARY_LST3 'Hello';
2018-12-17 04:13:20 EXEC SPC_COM_DATA '','','';
2018-12-17 04:13:21 EXEC SPC_COM_DATA '','','';
2018-12-17 04:13:31 EXEC SPC_COM_DATA '','','';
2018-12-17 04:13:31 EXEC SPC_DICTIONARY_LST1 '','';
2018-12-17 04:13:32 EXEC SPC_COM_DATA '','','';
2018-12-17 04:13:32 EXEC SPC_DICTIONARY_LST2 'is relatively','','127.0.0.1';
2018-12-17 04:21:05 EXEC SPC_COM_DATA '','','';
2018-12-17 04:21:05 EXEC SPC_DICTIONARY_LST3 'is relatively';
2018-12-17 04:21:10 EXEC SPC_COM_DATA '','','';
2018-12-17 04:21:10 EXEC SPC_DICTIONARY_LST3 'hel';
2018-12-17 04:22:15 EXEC SPC_COM_DATA '','','';
2018-12-17 04:22:15 EXEC SPC_DICTIONARY_LST3 'hel';
2018-12-17 04:22:15 EXEC SPC_COM_DATA '','','';
2018-12-17 04:22:15 EXEC SPC_DICTIONARY_LST1 '','';
2018-12-17 04:22:16 EXEC SPC_COM_DATA '','','';
2018-12-17 04:22:16 EXEC SPC_DICTIONARY_LST2 'is relatively','','127.0.0.1';
2018-12-17 04:22:18 EXEC SPC_COM_DATA '','','';
2018-12-17 04:22:18 EXEC SPC_DICTIONARY_LST3 'is relatively';
2018-12-17 04:22:22 EXEC SPC_COM_DATA '','','';
2018-12-17 04:22:22 EXEC SPC_DICTIONARY_LST3 'hel';
2018-12-17 04:22:26 EXEC SPC_COM_DATA '','','';
2018-12-17 04:22:26 EXEC SPC_DICTIONARY_LST3 'hel';
2018-12-17 04:22:53 EXEC SPC_COM_DATA '','','';
2018-12-17 04:22:53 EXEC SPC_DICTIONARY_LST3 'hel';
2018-12-17 04:22:53 EXEC SPC_COM_DATA '','','';
2018-12-17 04:22:53 EXEC SPC_DICTIONARY_LST1 '','';
2018-12-17 04:22:53 EXEC SPC_COM_DATA '','','';
2018-12-17 04:22:53 EXEC SPC_DICTIONARY_LST2 'is relatively','','127.0.0.1';
2018-12-17 04:22:57 EXEC SPC_COM_DATA '','','';
2018-12-17 04:22:57 EXEC SPC_DICTIONARY_LST3 'is relatively';
2018-12-17 04:23:01 EXEC SPC_COM_DATA '','','';
2018-12-17 04:23:01 EXEC SPC_DICTIONARY_LST3 'hel';
2018-12-17 04:23:13 EXEC SPC_COM_DATA '','','';
2018-12-17 04:23:13 EXEC SPC_DICTIONARY_LST1 '','';
2018-12-17 04:23:13 EXEC SPC_COM_DATA '','','';
2018-12-17 04:23:13 EXEC SPC_DICTIONARY_LST3 'hel';
2018-12-17 04:23:13 EXEC SPC_COM_DATA '','','';
2018-12-17 04:23:13 EXEC SPC_DICTIONARY_LST2 'is relatively','','127.0.0.1';
2018-12-17 04:23:18 EXEC SPC_COM_DATA '','','';
2018-12-17 04:23:18 EXEC SPC_DICTIONARY_LST3 'is relatively';
2018-12-17 04:23:20 EXEC SPC_COM_DATA '','','';
2018-12-17 04:23:20 EXEC SPC_DICTIONARY_LST1 '','';
2018-12-17 04:23:23 EXEC SPC_COM_DATA '','','';
2018-12-17 04:23:23 EXEC SPC_DICTIONARY_LST3 'hel';
2018-12-17 04:23:23 EXEC SPC_COM_DATA '','','';
2018-12-17 04:23:23 EXEC SPC_DICTIONARY_LST2 'Hello','','127.0.0.1';
2018-12-17 04:23:25 EXEC SPC_COM_DATA '','','';
2018-12-17 04:23:25 EXEC SPC_DICTIONARY_LST3 'Hello';
2018-12-17 04:23:29 EXEC SPC_COM_DATA '','','';
2018-12-17 04:23:29 EXEC SPC_DICTIONARY_LST3 'king';
2018-12-17 04:23:32 EXEC SPC_COM_DATA '','','';
2018-12-17 04:23:32 EXEC SPC_DICTIONARY_LST2 'king','','127.0.0.1';
2018-12-17 04:24:56 EXEC SPC_COM_DATA '','','';
2018-12-17 04:24:56 EXEC SPC_DICTIONARY_LST1 '2','';
2018-12-17 04:24:58 EXEC SPC_COM_DATA '','','';
2018-12-17 04:24:58 EXEC SPC_DICTIONARY_LST2 'king','','127.0.0.1';
2018-12-17 04:25:02 EXEC SPC_COM_DATA '','','';
2018-12-17 04:25:02 EXEC SPC_DICTIONARY_LST1 '','';
2018-12-17 04:25:36 EXEC SPC_COM_DATA '','','';
2018-12-17 04:25:36 EXEC SPC_DICTIONARY_LST3 'hel';
2018-12-17 04:25:57 EXEC SPC_COM_DATA '','','';
2018-12-17 04:25:57 EXEC SPC_DICTIONARY_LST1 '','';
2018-12-17 04:25:57 EXEC SPC_COM_DATA '','','';
2018-12-17 04:25:57 EXEC SPC_DICTIONARY_LST3 'hel';
2018-12-17 04:27:20 EXEC SPC_COM_DATA '','','';
2018-12-17 04:27:20 EXEC SPC_DICTIONARY_LST3 'hel';
2018-12-17 04:28:05 EXEC SPC_COM_DATA '','','';
2018-12-17 04:28:05 EXEC SPC_DICTIONARY_LST1 '','';
2018-12-17 04:28:12 EXEC SPC_COM_DATA '','','';
2018-12-17 04:28:12 EXEC SPC_DICTIONARY_LST3 'hel';
2018-12-17 04:30:28 EXEC SPC_COM_DATA '','','';
2018-12-17 04:30:28 EXEC SPC_DICTIONARY_LST1 '','';
2018-12-17 04:30:33 EXEC SPC_COM_DATA '','','';
2018-12-17 04:30:33 EXEC SPC_DICTIONARY_LST3 'hel';
2018-12-17 04:32:43 EXEC SPC_COM_DATA '','','';
2018-12-17 04:32:43 EXEC SPC_COM_DATA '','','';
2018-12-17 04:32:43 EXEC SPC_DICTIONARY_LST1 '','';
2018-12-17 04:32:46 EXEC SPC_COM_DATA '','','';
2018-12-17 04:32:46 EXEC SPC_DICTIONARY_LST3 'king';
2018-12-17 04:33:44 EXEC SPC_COM_DATA '','','';
2018-12-17 04:33:44 EXEC SPC_DICTIONARY_LST3 'king';
2018-12-17 04:34:12 EXEC SPC_COM_DATA '','','';
2018-12-17 04:34:12 EXEC SPC_DICTIONARY_LST3 'king';
2018-12-17 04:34:12 EXEC SPC_COM_DATA '','','';
2018-12-17 04:34:12 EXEC SPC_DICTIONARY_LST1 '','';
2018-12-17 04:34:15 EXEC SPC_COM_DATA '','','';
2018-12-17 04:34:15 EXEC SPC_DICTIONARY_LST3 'king';
2018-12-17 04:34:24 EXEC SPC_COM_DATA '','','';
2018-12-17 04:34:24 EXEC SPC_DICTIONARY_LST3 'king';
2018-12-17 04:34:27 EXEC SPC_COM_DATA '','','';
2018-12-17 04:34:27 EXEC SPC_DICTIONARY_LST2 'kingdom','','127.0.0.1';
2018-12-17 04:34:39 EXEC SPC_COM_DATA '','','';
2018-12-17 04:34:39 EXEC SPC_DICTIONARY_LST1 '3','';
2018-12-17 04:34:39 EXEC SPC_COM_DATA '','','';
2018-12-17 04:34:39 EXEC SPC_DICTIONARY_LST2 'kingdom','','127.0.0.1';
2018-12-17 04:34:45 EXEC SPC_COM_DATA '','','';
2018-12-17 04:34:45 EXEC SPC_DICTIONARY_LST3 'kingdom';
2018-12-17 04:37:24 EXEC SPC_COM_DATA '','','';
2018-12-17 04:37:24 EXEC SPC_DICTIONARY_LST3 'kingdom';
2018-12-17 04:37:26 EXEC SPC_COM_DATA '','','';
2018-12-17 04:37:26 EXEC SPC_DICTIONARY_LST2 'kingdom','','127.0.0.1';
2018-12-17 04:37:27 EXEC SPC_COM_DATA '','','';
2018-12-17 04:37:27 EXEC SPC_DICTIONARY_LST3 'kingdom';
2018-12-17 04:38:20 EXEC SPC_COM_DATA '','','';
2018-12-17 04:38:20 EXEC SPC_DICTIONARY_LST3 'kingdom';
2018-12-17 04:38:20 EXEC SPC_COM_DATA '','','';
2018-12-17 04:38:20 EXEC SPC_DICTIONARY_LST1 '3','';
2018-12-17 04:38:21 EXEC SPC_COM_DATA '','','';
2018-12-17 04:38:21 EXEC SPC_DICTIONARY_LST2 'kingdom','','127.0.0.1';
2018-12-17 04:38:22 EXEC SPC_COM_DATA '','','';
2018-12-17 04:38:22 EXEC SPC_DICTIONARY_LST3 'kingdom';
2018-12-17 04:39:46 EXEC SPC_COM_DATA '','','';
2018-12-17 04:39:46 EXEC SPC_DICTIONARY_LST3 'kingdom';
2018-12-17 04:39:46 EXEC SPC_COM_DATA '','','';
2018-12-17 04:39:46 EXEC SPC_DICTIONARY_LST1 '3','';
2018-12-17 04:39:47 EXEC SPC_COM_DATA '','','';
2018-12-17 04:39:47 EXEC SPC_DICTIONARY_LST2 'kingdom','','127.0.0.1';
2018-12-17 04:39:48 EXEC SPC_COM_DATA '','','';
2018-12-17 04:39:48 EXEC SPC_DICTIONARY_LST3 'kingdom';
2018-12-17 04:39:54 EXEC SPC_COM_DATA '','','';
2018-12-17 04:39:54 EXEC SPC_DICTIONARY_LST3 'kin';
2018-12-17 04:39:56 EXEC SPC_COM_DATA '','','';
2018-12-17 04:39:56 EXEC SPC_DICTIONARY_LST2 'kingdom','','127.0.0.1';
2018-12-17 04:39:58 EXEC SPC_COM_DATA '','','';
2018-12-17 04:39:58 EXEC SPC_DICTIONARY_LST3 'kingdom';
2018-12-17 04:39:59 EXEC SPC_COM_DATA '','','';
2018-12-17 04:39:59 EXEC SPC_DICTIONARY_LST2 'kingdom','','127.0.0.1';
2018-12-17 04:40:04 EXEC SPC_COM_DATA '','','';
2018-12-17 04:40:04 EXEC SPC_DICTIONARY_LST1 '3','';
2018-12-17 04:40:05 EXEC SPC_COM_DATA '','','';
2018-12-17 04:40:05 EXEC SPC_DICTIONARY_LST2 'kingdom','','127.0.0.1';
2018-12-17 04:40:06 EXEC SPC_COM_DATA '','','';
2018-12-17 04:40:06 EXEC SPC_DICTIONARY_LST3 'kingdom';
2018-12-17 04:40:29 EXEC SPC_COM_DATA '','','';
2018-12-17 04:40:29 EXEC SPC_DICTIONARY_LST3 'kingdom';
2018-12-17 04:40:32 EXEC SPC_COM_DATA '','','';
2018-12-17 04:40:32 EXEC SPC_DICTIONARY_LST1 '3','';
2018-12-17 04:40:33 EXEC SPC_COM_DATA '','','';
2018-12-17 04:40:33 EXEC SPC_DICTIONARY_LST2 'kingdom','','127.0.0.1';
2018-12-17 04:47:14 EXEC SPC_COM_DATA '','','';
2018-12-17 04:47:16 EXEC SPC_COM_DATA '','','';
2018-12-17 04:47:19 EXEC SPC_COM_DATA '','','';
2018-12-17 04:47:36 EXEC SPC_COM_DATA '','','';
2018-12-17 04:47:43 EXEC SPC_COM_DATA '','','';
2018-12-17 04:47:46 EXEC SPC_COM_DATA '','','';
2018-12-17 04:48:17 EXEC SPC_COM_DATA '','','';
2018-12-17 04:48:19 EXEC SPC_COM_DATA '','','';
2018-12-17 04:48:21 EXEC SPC_COM_DATA '','','';
2018-12-17 04:48:23 EXEC SPC_COM_DATA '','','';
2018-12-17 04:48:26 EXEC SPC_COM_DATA '','','';
2018-12-17 04:48:35 EXEC SPC_COM_DATA '','','';
2018-12-17 04:48:44 EXEC SPC_COM_DATA '','','';
2018-12-17 04:48:46 EXEC SPC_COM_DATA '','','';
2018-12-17 04:48:47 EXEC SPC_COM_DATA '','','';
2018-12-17 04:51:38 EXEC SPC_COM_DATA '','','';
2018-12-17 04:51:38 EXEC SPC_COM_DATA '','','';
2018-12-17 04:51:40 EXEC SPC_COM_DATA '','','';
2018-12-17 04:51:51 EXEC SPC_COM_DATA '','','';
2018-12-17 04:51:51 EXEC SPC_DICTIONARY_LST1 '','';
2018-12-17 04:51:51 EXEC SPC_COM_DATA '','','';
2018-12-17 04:51:51 EXEC SPC_DICTIONARY_LST2 'flows can be highly','','127.0.0.1';
2018-12-17 04:52:55 EXEC SPC_COM_PERMISSION '1','2','g001';
2018-12-17 04:52:55 EXEC SPC_COM_MENU '1';
2018-12-17 04:53:05 EXEC SPC_COM_PERMISSION '1','2','v002';
2018-12-17 04:53:05 EXEC SPC_COM_MENU '1';
2018-12-17 04:53:05 EXEC SPC_V002_FND1
2018-12-17 04:53:53 EXEC SPC_COM_MENU '1';
2018-12-17 04:54:05 EXEC SPC_COM_MENU '1';
2018-12-17 04:54:30 EXEC SPC_COM_MENU '1';
2018-12-17 04:54:30 EXEC SPC_V002_ACT1 '','','data','1','deta','Dữ liệu','/web-content/images/vocabulary/cropped-tuchoitruycap_20181217 0404121253531545022433094.jpg','dữ lieu nhiều voãi ra','','/web-content/audio/listeningAudio/audio_5c172c069999b.mp3','','ndq809','127.0.0.1';
2018-12-17 04:54:32 EXEC SPC_COM_MENU '1';
2018-12-17 04:54:32 EXEC SPC_v002_LST1 '7','1';
2018-12-17 04:54:41 EXEC SPC_COM_DATA '','','';
2018-12-17 04:54:41 EXEC SPC_DICTIONARY_LST1 '','';
2018-12-17 04:54:41 EXEC SPC_COM_DATA '','','';
2018-12-17 04:54:41 EXEC SPC_DICTIONARY_LST2 'data','','127.0.0.1';
2018-12-17 04:55:28 EXEC SPC_COM_DATA '','','';
2018-12-17 04:55:30 EXEC SPC_COM_DATA '','','';
2018-12-17 04:55:43 EXEC SPC_COM_DATA '','','';
2018-12-17 04:55:47 EXEC SPC_COM_DATA '','','';
2018-12-17 04:55:50 EXEC SPC_COM_DATA '','','';
2018-12-17 04:55:51 EXEC SPC_COM_DATA '','','';
2018-12-17 05:00:42 EXEC SPC_COM_DATA '','','';
2018-12-17 05:06:24 EXEC SPC_COM_DATA '','','';
2018-12-17 05:06:25 EXEC SPC_COM_DATA '','','';
2018-12-17 05:09:55 EXEC SPC_COM_DATA '','','';
2018-12-17 05:22:11 EXEC SPC_COM_DATA '','','';
2018-12-17 05:22:11 EXEC SPC_DICTIONARY_LST3 'hel';
2018-12-17 05:22:13 EXEC SPC_COM_DATA '','','';
2018-12-17 05:22:13 EXEC SPC_DICTIONARY_LST3 'hel';
2018-12-17 05:22:17 EXEC SPC_COM_DATA '','','';
2018-12-17 05:22:17 EXEC SPC_DICTIONARY_LST3 'kin';
2018-12-17 05:22:19 EXEC SPC_COM_DATA '','','';
2018-12-17 05:22:19 EXEC SPC_DICTIONARY_LST2 'kingdom','','127.0.0.1';
2018-12-17 05:24:22 EXEC SPC_COM_DATA '','','';
2018-12-17 05:24:22 EXEC SPC_RELAX_LST1 '','';
2018-12-17 05:24:23 EXEC SPC_COM_DATA '','','';
2018-12-17 05:24:23 EXEC SPC_RELAX_LST2 '','1','1','1','0','','';
2018-12-17 05:24:26 EXEC SPC_COM_DATA '','','';
2018-12-17 05:24:28 EXEC SPC_COM_DATA '','','';
2018-12-17 05:24:29 EXEC SPC_COM_DATA '','','';
2018-12-17 05:24:31 EXEC SPC_COM_DATA '','','';
2018-12-17 05:28:31 EXEC SPC_COM_DATA '','','';
2018-12-17 05:28:32 EXEC SPC_COM_DATA '','','';
2018-12-17 05:28:33 EXEC SPC_COM_DATA '','','';
2018-12-17 05:28:34 EXEC SPC_COM_DATA '','','';
2018-12-17 05:28:35 EXEC SPC_COM_DATA '','','';
2018-12-17 05:28:35 EXEC SPC_COM_DATA '','','';
2018-12-17 05:28:36 EXEC SPC_COM_DATA '','','';
2018-12-17 05:28:37 EXEC SPC_COM_DATA '','','';
2018-12-17 05:29:05 EXEC SPC_COM_DATA '','','';
2018-12-17 05:29:11 EXEC SPC_COM_DATA '','','';
2018-12-17 05:29:11 EXEC SPC_RELAX_LST1 '','';
2018-12-17 05:29:12 EXEC SPC_COM_DATA '','','';
2018-12-17 05:29:12 EXEC SPC_RELAX_LST2 '','1','1','1','0','','';
2018-12-17 05:29:16 EXEC SPC_COM_DATA '','','';
2018-12-17 05:29:18 EXEC SPC_COM_DATA '','','';
2018-12-17 05:29:20 EXEC SPC_COM_DATA '','','';
2018-12-17 05:29:26 EXEC SPC_COM_DATA '','','';
2018-12-17 05:29:26 EXEC SPC_SOCIAL_LST1 '','';
2018-12-17 05:29:26 EXEC SPC_COM_DATA '','','';
2018-12-17 05:29:26 EXEC SPC_SOCIAL_LST2 '','1','','';
2018-12-17 05:29:32 EXEC SPC_COM_DATA '','','';
2018-12-17 05:29:32 EXEC SPC_SOCIAL_ACT2 '21','','127.0.0.1';
2018-12-17 05:29:42 EXEC SPC_COM_DATA '','','';
2018-12-17 05:29:42 EXEC SPC_COM_GET_PAGE_COMMENT '1','6','21','2','';
2018-12-17 05:29:44 EXEC SPC_COM_DATA '','','';
2018-12-17 05:29:44 EXEC SPC_COM_GET_PAGE_COMMENT '1','6','21','1','';
2018-12-17 05:29:46 EXEC SPC_COM_DATA '','','';
2018-12-17 05:29:46 EXEC SPC_COM_GET_PAGE_COMMENT '1','6','21','2','';
2018-12-17 05:29:47 EXEC SPC_COM_DATA '','','';
2018-12-17 05:29:47 EXEC SPC_COM_GET_PAGE_COMMENT '1','6','21','1','';
2018-12-17 05:31:04 EXEC SPC_COM_DATA '','','';
2018-12-17 05:31:45 EXEC SPC_COM_DATA '','','';
2018-12-17 05:31:45 EXEC SPC_DICTIONARY_LST1 '','';
2018-12-17 05:31:46 EXEC SPC_COM_DATA '','','';
2018-12-17 05:31:46 EXEC SPC_DICTIONARY_LST2 'traditional','','127.0.0.1';
2018-12-17 05:36:41 EXEC SPC_COM_DATA '','','';
2018-12-17 05:36:42 EXEC SPC_COM_DATA '','','';
2018-12-17 05:36:50 EXEC SPC_COM_DATA '','','';
2018-12-17 05:36:52 EXEC SPC_COM_DATA '','','';
2018-12-17 05:37:19 EXEC SPC_COM_DATA '','','';
2018-12-17 05:37:20 EXEC SPC_COM_DATA '','','';
2018-12-17 05:37:24 EXEC SPC_COM_DATA '','','';
2018-12-17 05:37:26 EXEC SPC_COM_DATA '','','';
2018-12-17 05:37:42 EXEC SPC_COM_DATA '','','';
2018-12-17 05:38:29 EXEC SPC_COM_DATA '','','';
2018-12-17 05:38:33 EXEC SPC_COM_DATA '','','';
2018-12-17 05:38:36 EXEC SPC_COM_DATA '','','';
2018-12-17 05:39:06 EXEC SPC_COM_DATA '','','';
2018-12-17 05:39:08 EXEC SPC_COM_DATA '','','';
2018-12-17 05:40:41 EXEC SPC_COM_DATA '','','';
2018-12-17 05:40:42 EXEC SPC_COM_DATA '','','';
2018-12-17 05:40:46 EXEC SPC_COM_DATA '','','';
2018-12-17 05:40:47 EXEC SPC_COM_DATA '','','';
2018-12-17 05:40:48 EXEC SPC_COM_DATA '','','';
2018-12-17 05:40:48 EXEC SPC_COM_DATA '','','';
2018-12-17 05:40:51 EXEC SPC_COM_DATA '','','';
2018-12-17 05:41:01 EXEC SPC_COM_DATA '','','';
2018-12-17 05:41:01 EXEC SPC_COM_DATA '','','';
2018-12-17 05:41:02 EXEC SPC_COM_DATA '','','';
2018-12-17 05:41:20 EXEC SPC_COM_DATA '','','';
2018-12-17 05:41:25 EXEC SPC_COM_DATA '','','';
2018-12-17 05:41:27 EXEC SPC_COM_DATA '','','';
2018-12-17 05:41:28 EXEC SPC_COM_DATA '','','';
2018-12-17 05:41:30 EXEC SPC_COM_DATA '','','';
2018-12-17 05:41:31 EXEC SPC_COM_DATA '','','';
2018-12-17 05:41:32 EXEC SPC_COM_DATA '','','';
2018-12-17 05:41:34 EXEC SPC_COM_DATA '','','';
2018-12-17 05:41:35 EXEC SPC_COM_DATA '','','';
2018-12-17 05:41:36 EXEC SPC_COM_DATA '','','';
2018-12-17 05:41:37 EXEC SPC_COM_DATA '','','';
2018-12-17 05:41:41 EXEC SPC_COM_DATA '','','';
2018-12-17 05:41:52 EXEC SPC_COM_DATA '','','';
2018-12-17 05:41:54 EXEC SPC_COM_DATA '','','';
2018-12-17 05:41:55 EXEC SPC_COM_DATA '','','';
2018-12-17 05:41:56 EXEC SPC_COM_DATA '','','';
2018-12-17 05:41:57 EXEC SPC_COM_DATA '','','';
2018-12-17 05:41:58 EXEC SPC_COM_DATA '','','';
2018-12-17 05:42:08 EXEC SPC_COM_DATA '','','';
2018-12-17 05:42:09 EXEC SPC_COM_DATA '','','';
2018-12-17 05:42:26 EXEC SPC_COM_DATA '','','';
2018-12-17 05:42:27 EXEC SPC_COM_DATA '','','';
2018-12-17 05:42:27 EXEC SPC_COM_DATA '','','';
2018-12-17 05:42:29 EXEC SPC_COM_DATA '','','';
2018-12-17 05:42:34 EXEC SPC_COM_DATA '','','';
2018-12-17 05:42:37 EXEC SPC_COM_DATA '','','';
2018-12-17 05:42:38 EXEC SPC_COM_DATA '','','';
2018-12-17 05:42:40 EXEC SPC_COM_DATA '','','';
2018-12-17 05:42:42 EXEC SPC_COM_DATA '','','';
2018-12-17 05:42:43 EXEC SPC_COM_DATA '','','';
2018-12-17 05:42:44 EXEC SPC_COM_DATA '','','';
2018-12-17 05:42:45 EXEC SPC_COM_DATA '','','';
2018-12-17 05:42:47 EXEC SPC_COM_DATA '','','';
2018-12-17 05:43:18 EXEC SPC_COM_DATA '','','';
2018-12-17 06:04:29 EXEC SPC_COM_DATA '','','';
2018-12-17 06:04:29 EXEC SPC_COM_DATA '','','';
2018-12-17 06:04:30 EXEC SPC_COM_DATA '','','';
2018-12-17 06:04:31 EXEC SPC_COM_DATA '','','';
2018-12-17 06:04:33 EXEC SPC_COM_DATA '','','';
2018-12-17 06:04:34 EXEC SPC_COM_DATA '','','';
2018-12-17 06:04:36 EXEC SPC_COM_DATA '','','';
2018-12-17 06:04:37 EXEC SPC_COM_DATA '','','';
2018-12-17 06:04:57 EXEC SPC_COM_DATA '','','';
2018-12-17 06:20:15 EXEC SPC_COM_DATA '','','';
2018-12-17 06:20:20 EXEC SPC_COM_DATA '','','';
2018-12-17 06:24:05 EXEC SPC_COM_DATA '','','';
2018-12-17 06:24:06 EXEC SPC_COM_DATA '','','';
2018-12-17 06:24:09 EXEC SPC_COM_DATA '','','';
2018-12-17 06:24:12 EXEC SPC_COM_DATA '','','';
2018-12-17 06:24:25 EXEC SPC_COM_DATA '','','';
2018-12-17 06:24:28 EXEC SPC_COM_DATA '','','';
2018-12-17 06:25:24 EXEC SPC_COM_DATA '','','';
2018-12-17 06:25:24 EXEC SPC_SOCIAL_LST2 '','1','<row tag_id="13" /><row tag_id="15" /><row tag_id="16" /><row tag_id="2" /><row tag_id="17" /><row tag_id="14" /><row tag_id="8" /><row tag_id="66" /><row tag_id="9" /><row tag_id="65" />','';
2018-12-17 06:25:33 EXEC SPC_COM_DATA '','','';
2018-12-17 06:25:33 EXEC SPC_SOCIAL_LST2 '','1','<row tag_id="8" /><row tag_id="9" /><row tag_id="15" />','';
2018-12-17 06:25:35 EXEC SPC_COM_DATA '','','';
2018-12-17 06:25:35 EXEC SPC_SOCIAL_LST2 '','1','<row tag_id="8" /><row tag_id="9" /><row tag_id="15" />','';
2018-12-17 06:25:41 EXEC SPC_COM_DATA '','','';
2018-12-17 06:25:41 EXEC SPC_SOCIAL_LST2 '','1','<row tag_id="8" /><row tag_id="9" /><row tag_id="15" /><row tag_id="14" /><row tag_id="17" /><row tag_id="65" /><row tag_id="13" /><row tag_id="2" /><row tag_id="16" /><row tag_id="66" /><row tag_id="1" />','';
2018-12-17 06:25:48 EXEC SPC_COM_DATA '','','';
2018-12-17 06:25:48 EXEC SPC_SOCIAL_LST1 '','';
2018-12-17 06:25:49 EXEC SPC_COM_DATA '','','';
2018-12-17 06:25:49 EXEC SPC_SOCIAL_LST2 '','1','','';
2018-12-17 06:25:51 EXEC SPC_COM_DATA '','','';
2018-12-17 06:25:51 EXEC SPC_SOCIAL_LST2 '','1','<row tag_id="13" /><row tag_id="15" /><row tag_id="16" />','';
2018-12-17 06:25:53 EXEC SPC_COM_DATA '','','';
2018-12-17 06:25:53 EXEC SPC_SOCIAL_LST2 '','1','<row tag_id="13" /><row tag_id="15" /><row tag_id="16" />','';
2018-12-17 06:25:53 EXEC SPC_COM_DATA '','','';
2018-12-17 06:25:53 EXEC SPC_SOCIAL_LST2 '','1','<row tag_id="13" /><row tag_id="15" /><row tag_id="16" />','';
2018-12-17 06:25:54 EXEC SPC_COM_DATA '','','';
2018-12-17 06:25:54 EXEC SPC_SOCIAL_LST2 '','1','<row tag_id="13" /><row tag_id="15" /><row tag_id="16" />','';
2018-12-17 06:25:59 EXEC SPC_COM_DATA '','','';
2018-12-17 06:25:59 EXEC SPC_SOCIAL_ACT2 '21','','127.0.0.1';
2018-12-17 06:30:19 EXEC SPC_COM_DATA '','','';
2018-12-17 06:30:19 EXEC SPC_READING_LST1 '','','','';
2018-12-17 06:30:20 EXEC SPC_COM_DATA '','','';
2018-12-17 06:30:20 EXEC SPC_READING_LST2 '12','14','';
2018-12-17 06:30:22 EXEC SPC_COM_DATA '','','';
2018-12-17 06:30:22 EXEC SPC_SOCIAL_LST1 '','';
2018-12-17 06:30:23 EXEC SPC_COM_DATA '','','';
2018-12-17 06:30:23 EXEC SPC_SOCIAL_LST2 '','1','','';
2018-12-17 06:30:24 EXEC SPC_COM_DATA '','','';
2018-12-17 06:30:24 EXEC SPC_RELAX_LST1 '','';
2018-12-17 06:30:25 EXEC SPC_COM_DATA '','','';
2018-12-17 06:30:25 EXEC SPC_RELAX_LST2 '','1','1','1','0','','';
2018-12-17 06:30:30 EXEC SPC_COM_DATA '','','';
2018-12-17 06:30:32 EXEC SPC_COM_DATA '','','';
2018-12-17 06:47:00 EXEC SPC_COM_DATA '','','';
2018-12-17 06:47:00 EXEC SPC_RELAX_LST1 '','';
2018-12-17 06:47:01 EXEC SPC_COM_DATA '','','';
2018-12-17 06:47:01 EXEC SPC_RELAX_LST2 '','1','1','1','0','','';
2018-12-17 06:47:03 EXEC SPC_COM_DATA '','','';
2018-12-17 06:47:03 EXEC SPC_RELAX_LST2 '','1','1','1','<row tag_id="70" /><row tag_id="71" /><row tag_id="72" />','0','';
2018-12-17 06:47:04 EXEC SPC_COM_DATA '','','';
2018-12-17 06:47:04 EXEC SPC_RELAX_LST2 '','1','1','1','<row tag_id="70" /><row tag_id="71" /><row tag_id="72" />','0','';
2018-12-17 06:47:07 EXEC SPC_COM_DATA '','','';
2018-12-17 06:47:07 EXEC SPC_RELAX_LST2 '','1','1','1','<row tag_id="69" /><row tag_id="70" /><row tag_id="71" />','0','';
2018-12-17 06:47:13 EXEC SPC_COM_DATA '','','';
2018-12-17 06:47:13 EXEC SPC_RELAX_ACT2 '37','','127.0.0.1';
2018-12-17 06:58:14 EXEC SPC_COM_DATA '','','';
2018-12-17 06:58:14 EXEC SPC_SOCIAL_LST1 '','';
2018-12-17 06:58:16 EXEC SPC_COM_DATA '','','';
2018-12-17 06:58:16 EXEC SPC_SOCIAL_LST2 '','1','','';
2018-12-17 06:58:21 EXEC SPC_COM_DATA '','','';
2018-12-17 06:58:21 EXEC SPC_SOCIAL_LST2 '','1','<row tag_id="1" /><row tag_id="9" /><row tag_id="16" />','';
2018-12-17 06:58:28 EXEC SPC_COM_DATA '','','';
2018-12-17 06:58:28 EXEC SPC_SOCIAL_LST2 '','1','<row tag_id="8" /><row tag_id="9" /><row tag_id="15" />','';
2018-12-17 06:58:33 EXEC SPC_COM_DATA '','','';
2018-12-17 06:58:33 EXEC SPC_SOCIAL_ACT2 '3','','127.0.0.1';
2018-12-17 07:00:42 EXEC SPC_COM_DATA '','','';
2018-12-17 07:00:42 EXEC SPC_SOCIAL_LST1 '3','';
2018-12-17 07:00:43 EXEC SPC_COM_DATA '','','';
2018-12-17 07:00:43 EXEC SPC_SOCIAL_LST2 '3','1','','';
2018-12-17 07:00:47 EXEC SPC_COM_DATA '','','';
2018-12-17 07:00:47 EXEC SPC_SOCIAL_LST2 '','1','<row tag_id="1" /><row tag_id="9" /><row tag_id="16" />','';
2018-12-17 07:00:51 EXEC SPC_COM_DATA '','','';
2018-12-17 07:00:51 EXEC SPC_SOCIAL_LST2 '','1','<row tag_id="1" /><row tag_id="9" /><row tag_id="16" />','';
2018-12-17 07:00:53 EXEC SPC_COM_DATA '','','';
2018-12-17 07:00:53 EXEC SPC_SOCIAL_LST2 '','1','<row tag_id="13" /><row tag_id="15" /><row tag_id="16" />','';
2018-12-17 07:01:03 EXEC SPC_COM_DATA '','','';
2018-12-17 07:01:03 EXEC SPC_RELAX_LST1 '','';
2018-12-17 07:01:03 EXEC SPC_COM_DATA '','','';
2018-12-17 07:01:04 EXEC SPC_RELAX_LST2 '','1','1','1','0','','';
2018-12-17 07:01:07 EXEC SPC_COM_DATA '','','';
2018-12-17 07:01:07 EXEC SPC_RELAX_LST2 '','1','1','1','<row tag_id="68" /><row tag_id="71" /><row tag_id="72" />','0','';
2018-12-17 07:01:12 EXEC SPC_COM_DATA '','','';
2018-12-17 07:01:12 EXEC SPC_RELAX_ACT2 '43','','127.0.0.1';
2018-12-17 07:05:22 EXEC SPC_COM_DATA '','','';
2018-12-17 07:05:22 EXEC SPC_RELAX_LST1 '43','';
2018-12-17 07:05:23 EXEC SPC_COM_DATA '','','';
2018-12-17 07:05:23 EXEC SPC_RELAX_LST2 '43','1','1','1','0','','';
2018-12-17 07:05:26 EXEC SPC_COM_DATA '','','';
2018-12-17 07:05:26 EXEC SPC_RELAX_LST2 '','1','1','1','<row tag_id="67" /><row tag_id="68" /><row tag_id="69" />','0','';
2018-12-17 07:05:29 EXEC SPC_COM_DATA '','','';
2018-12-17 07:05:29 EXEC SPC_RELAX_LST2 '','1','1','1','<row tag_id="69" /><row tag_id="71" />','0','';
2018-12-17 07:05:33 EXEC SPC_COM_DATA '','','';
2018-12-17 07:05:33 EXEC SPC_RELAX_LST2 '','1','1','1','<row tag_id="69" /><row tag_id="70" /><row tag_id="71" />','0','';
2018-12-17 07:05:36 EXEC SPC_COM_DATA '','','';
2018-12-17 07:05:36 EXEC SPC_RELAX_LST2 '','1','1','1','<row tag_id="67" /><row tag_id="68" /><row tag_id="69" />','0','';
2018-12-17 07:05:39 EXEC SPC_COM_DATA '','','';
2018-12-17 07:05:39 EXEC SPC_RELAX_LST2 '','1','1','1','<row tag_id="69" /><row tag_id="70" /><row tag_id="71" />','0','';
2018-12-17 07:05:43 EXEC SPC_COM_DATA '','','';
2018-12-17 07:05:43 EXEC SPC_RELAX_LST2 '','1','1','1','<row tag_id="67" /><row tag_id="68" /><row tag_id="69" />','0','';
2018-12-17 07:05:48 EXEC SPC_COM_DATA '','','';
2018-12-17 07:05:48 EXEC SPC_RELAX_ACT2 '26','','127.0.0.1';
2018-12-17 07:14:56 EXEC SPC_COM_DATA '','','';
2018-12-17 07:14:57 EXEC SPC_COM_DATA '','','';
2018-12-17 07:15:01 EXEC SPC_COM_DATA '','','';
2018-12-17 07:15:03 EXEC SPC_COM_DATA '','','';
2018-12-17 07:15:04 EXEC SPC_COM_DATA '','','';
2018-12-17 07:15:04 EXEC SPC_COM_DATA '','','';
2018-12-17 07:15:06 EXEC SPC_COM_DATA '','','';
2018-12-17 07:15:08 EXEC SPC_COM_DATA '','','';
2018-12-17 07:15:09 EXEC SPC_COM_DATA '','','';
2018-12-17 07:15:12 EXEC SPC_COM_DATA '','','';
2018-12-17 07:15:13 EXEC SPC_COM_DATA '','','';
2018-12-17 07:15:31 EXEC SPC_COM_DATA '','','';
2018-12-17 07:53:34 EXEC SPC_COM_DATA '','','';
2018-12-17 07:53:39 EXEC SPC_COM_DATA '','','';
2018-12-17 07:53:46 EXEC SPC_COM_DATA '','','';
2018-12-17 07:53:46 EXEC SPC_COM_DATA '','','';
2018-12-17 07:53:47 EXEC SPC_COM_DATA '','','';
2018-12-17 07:53:49 EXEC SPC_COM_DATA '','','';
2018-12-17 07:53:49 EXEC SPC_COM_DATA '','','';
2018-12-17 07:53:52 EXEC SPC_COM_DATA '','','';
2018-12-17 07:53:57 EXEC SPC_COM_DATA '','','';
2018-12-17 07:53:59 EXEC SPC_COM_DATA '','','';
2018-12-17 07:54:00 EXEC SPC_COM_DATA '','','';
2018-12-17 07:54:06 EXEC SPC_COM_DATA '','','';
2018-12-17 07:54:06 EXEC SPC_DICTIONARY_LST1 '','';
2018-12-17 07:54:07 EXEC SPC_COM_DATA '','','';
2018-12-17 07:54:07 EXEC SPC_DICTIONARY_LST2 'Variability','','127.0.0.1';
2018-12-17 07:55:02 EXEC SPC_COM_DATA '','','';
2018-12-17 07:57:20 EXEC SPC_COM_DATA '','','';
2018-12-17 07:57:21 EXEC SPC_COM_DATA '','','';
2018-12-17 08:08:14 EXEC SPC_COM_DATA '','','';
2018-12-17 08:08:16 EXEC SPC_COM_DATA '','','';
2018-12-17 08:08:33 EXEC SPC_COM_DATA '','','';
2018-12-17 08:08:35 EXEC SPC_COM_DATA '','','';
2018-12-17 08:08:53 EXEC SPC_COM_DATA '','','';
2018-12-17 08:08:55 EXEC SPC_COM_DATA '','','';
2018-12-17 08:09:43 EXEC SPC_COM_DATA '','','';
2018-12-17 08:09:45 EXEC SPC_COM_DATA '','','';
2018-12-17 08:10:13 EXEC SPC_COM_DATA '','','';
2018-12-17 08:10:15 EXEC SPC_COM_DATA '','','';
2018-12-17 08:10:37 EXEC SPC_COM_DATA '','','';
2018-12-17 08:10:39 EXEC SPC_COM_DATA '','','';
2018-12-17 08:11:02 EXEC SPC_COM_DATA '','','';
2018-12-17 08:11:04 EXEC SPC_COM_DATA '','','';
2018-12-17 08:13:16 EXEC SPC_COM_DATA '','','';
2018-12-17 08:13:16 EXEC SPC_SOCIAL_LST1 '','';
2018-12-17 08:13:17 EXEC SPC_COM_DATA '','','';
2018-12-17 08:13:17 EXEC SPC_SOCIAL_LST2 '','1','','';
2018-12-17 08:13:22 EXEC SPC_COM_DATA '','','';
2018-12-17 08:13:22 EXEC SPC_SOCIAL_ACT2 '1','','127.0.0.1';
2018-12-17 08:14:19 EXEC SPC_COM_DATA '','','';
2018-12-17 08:14:20 EXEC SPC_COM_DATA '','','';
2018-12-17 08:14:59 EXEC SPC_COM_DATA '','','';
2018-12-17 08:25:32 EXEC SPC_COM_DATA '','','';
2018-12-17 08:25:33 EXEC SPC_COM_DATA '','','';
2018-12-17 08:25:34 EXEC SPC_COM_DATA '','','';
2018-12-17 08:25:35 EXEC SPC_COM_DATA '','','';
2018-12-17 08:25:36 EXEC SPC_COM_DATA '','','';
2018-12-17 08:25:36 EXEC SPC_COM_DATA '','','';
2018-12-17 08:25:37 EXEC SPC_COM_DATA '','','';
2018-12-17 08:25:38 EXEC SPC_COM_DATA '','','';
2018-12-17 08:25:39 EXEC SPC_COM_DATA '','','';
