2018-08-06 01:17:24 EXEC SPC_COM_PERMISSION '1','g001';
2018-08-06 01:17:25 EXEC SPC_COM_MENU '1';
2018-08-06 01:19:26 EXEC SPC_COM_PERMISSION '1','w002';
2018-08-06 01:19:26 EXEC SPC_COM_MENU '1';
2018-08-06 01:19:26 EXEC SPC_W002_FND1
2018-08-06 01:19:38 EXEC SPC_COM_MENU '1';
2018-08-06 01:19:38 EXEC SPC_W002_LST1 'POST-33';
2018-08-06 01:19:42 EXEC SPC_COM_MENU '1';
2018-08-06 01:19:42 EXEC SPC_W002_LST1 'POST-22';
2018-08-06 01:19:43 EXEC SPC_COM_MENU '1';
2018-08-06 01:19:43 EXEC SPC_COMMON_CATALORUE '7';
2018-08-06 01:19:43 EXEC SPC_COM_MENU '1';
2018-08-06 01:19:43 EXEC SPC_COMMON_GROUP 'CAT-1025';
2018-08-06 01:19:49 EXEC SPC_COM_MENU '1';
2018-08-06 01:19:49 EXEC SPC_W002_LST1 'POST-20';
2018-08-06 01:19:49 EXEC SPC_COM_MENU '1';
2018-08-06 01:19:49 EXEC SPC_COMMON_CATALORUE '1';
2018-08-06 01:19:49 EXEC SPC_COM_MENU '1';
2018-08-06 01:19:49 EXEC SPC_COMMON_GROUP 'CAT-12';
2018-08-06 02:12:23 EXEC SPC_COM_PERMISSION '1','m007';
2018-08-06 02:12:23 EXEC SPC_COM_MENU '1';
2018-08-06 02:12:23 EXEC SPC_M007_FND1
2018-08-06 04:29:29 EXEC SPC_COM_PERMISSION '1','g001';
2018-08-06 04:29:29 EXEC SPC_COM_MENU '1';
2018-08-06 04:31:20 EXEC SPC_COM_PERMISSION '1','w002';
2018-08-06 04:31:21 EXEC SPC_COM_MENU '1';
2018-08-06 04:31:21 EXEC SPC_W002_FND1
2018-08-06 04:31:23 EXEC SPC_COM_MENU '1';
2018-08-06 04:31:23 EXEC SPC_W002_LST1 'POST-';
2018-08-06 04:31:25 EXEC SPC_COM_MENU '1';
2018-08-06 04:31:25 EXEC SPC_COMMON_CATALORUE '1';
2018-08-06 04:31:28 EXEC SPC_COM_MENU '1';
2018-08-06 04:31:28 EXEC SPC_COMMON_GROUP 'CAT-12';
2018-08-06 04:31:54 EXEC SPC_COM_MENU '1';
2018-08-06 04:31:55 EXEC SPC_w002_ACT1 '','1','CAT-12','GRO-14','','','','','0','','','ndq809','127.0.0.1';
2018-08-06 04:31:57 EXEC SPC_COM_MENU '1';
2018-08-06 04:31:57 EXEC SPC_W002_LST1 'POST-24';
2018-08-06 04:31:58 EXEC SPC_COM_MENU '1';
2018-08-06 04:31:58 EXEC SPC_COMMON_CATALORUE '1';
2018-08-06 04:31:58 EXEC SPC_COM_MENU '1';
2018-08-06 04:31:58 EXEC SPC_COMMON_GROUP 'CAT-12';
2018-08-06 04:32:03 EXEC SPC_COM_MENU '1';
2018-08-06 04:32:03 EXEC SPC_COM_M999_INQ1 '8';
2018-08-06 04:32:03 EXEC SPC_COM_MENU '1';
2018-08-06 04:32:03 EXEC SPC_p003_LST1 '','','','50';
2018-08-06 04:32:07 EXEC SPC_COM_MENU '1';
2018-08-06 04:32:07 EXEC SPC_COM_M999_INQ1 '8';
2018-08-06 04:32:08 EXEC SPC_COM_MENU '1';
2018-08-06 04:32:08 EXEC SPC_p003_LST1 '','','','50';
2018-08-06 04:32:11 EXEC SPC_COM_MENU '1';
2018-08-06 04:32:11 EXEC SPC_COM_M999_INQ1 '8';
2018-08-06 04:32:12 EXEC SPC_COM_MENU '1';
2018-08-06 04:32:12 EXEC SPC_p003_LST1 '','','','50';
2018-08-06 04:32:16 EXEC SPC_COM_MENU '1';
2018-08-06 04:32:16 EXEC SPC_w002_ACT1 'POST-24','1','CAT-12','GRO-14','','','','','0','<row vocabulary_id="VOC-5" vocabulary_dtl_id="1" vocabulary_div="2" vocabulary_nm="beautifuly" spelling="&amp;#39;bju:tifl" mean="đẹp như chưa từng đc đẹp" explain="very attractive in a physical way" /><row vocabulary_id="VOC-1" vocabulary_dtl_id="1" vocabulary_div="1" vocabulary_nm="go" spelling="gou" mean="Đi" explain="go some where" /><row vocabulary_id="VOC-3" vocabulary_dtl_id="1" vocabulary_div="1" vocabulary_nm="love" spelling="lʌv" mean="Yêu" explain="a feeling of strong or constant affection for a person" />','','ndq809','127.0.0.1';
2018-08-06 04:32:18 EXEC SPC_COM_MENU '1';
2018-08-06 04:32:18 EXEC SPC_W002_LST1 'POST-24';
2018-08-06 04:32:18 EXEC SPC_COM_MENU '1';
2018-08-06 04:32:18 EXEC SPC_COMMON_CATALORUE '1';
2018-08-06 04:32:18 EXEC SPC_COM_MENU '1';
2018-08-06 04:32:18 EXEC SPC_COMMON_GROUP 'CAT-12';
2018-08-06 04:37:06 EXEC SPC_COM_MENU '1';
2018-08-06 04:37:06 EXEC SPC_COM_M999_INQ1 '8';
2018-08-06 04:37:07 EXEC SPC_COM_MENU '1';
2018-08-06 04:37:07 EXEC SPC_p003_LST1 '1','go','Đi','50';
2018-08-06 04:39:27 EXEC SPC_COM_PERMISSION '1','w002';
2018-08-06 04:39:27 EXEC SPC_COM_MENU '1';
2018-08-06 04:39:27 EXEC SPC_W002_FND1
2018-08-06 04:39:32 EXEC SPC_COM_MENU '1';
2018-08-06 04:39:32 EXEC SPC_W002_LST1 'POST-24';
2018-08-06 04:39:32 EXEC SPC_COM_MENU '1';
2018-08-06 04:39:32 EXEC SPC_COMMON_CATALORUE '1';
2018-08-06 04:39:32 EXEC SPC_COM_MENU '1';
2018-08-06 04:39:32 EXEC SPC_COMMON_GROUP 'CAT-12';
2018-08-06 04:39:33 EXEC SPC_COM_MENU '1';
2018-08-06 04:39:33 EXEC SPC_COM_M999_INQ1 '8';
2018-08-06 04:39:34 EXEC SPC_COM_MENU '1';
2018-08-06 04:39:34 EXEC SPC_p003_LST1 '1','go','Đi','50';
2018-08-06 04:39:42 EXEC SPC_COM_MENU '1';
2018-08-06 04:39:42 EXEC SPC_COM_M999_INQ1 '8';
2018-08-06 04:39:42 EXEC SPC_COM_MENU '1';
2018-08-06 04:39:42 EXEC SPC_p003_LST1 '1','go','Đi','50';
2018-08-06 04:40:05 EXEC SPC_COM_PERMISSION '1','w002';
2018-08-06 04:40:06 EXEC SPC_COM_MENU '1';
2018-08-06 04:40:06 EXEC SPC_W002_FND1
2018-08-06 04:40:15 EXEC SPC_COM_MENU '1';
2018-08-06 04:40:15 EXEC SPC_W002_LST1 'POST-24';
2018-08-06 04:40:15 EXEC SPC_COM_MENU '1';
2018-08-06 04:40:15 EXEC SPC_COMMON_CATALORUE '1';
2018-08-06 04:40:16 EXEC SPC_COM_MENU '1';
2018-08-06 04:40:16 EXEC SPC_COMMON_GROUP 'CAT-12';
2018-08-06 04:40:19 EXEC SPC_COM_MENU '1';
2018-08-06 04:40:19 EXEC SPC_COM_M999_INQ1 '8';
2018-08-06 04:40:20 EXEC SPC_COM_MENU '1';
2018-08-06 04:40:20 EXEC SPC_p003_LST1 '','','','50';
2018-08-06 04:40:25 EXEC SPC_COM_MENU '1';
2018-08-06 04:40:25 EXEC SPC_COM_M999_INQ1 '8';
2018-08-06 04:40:26 EXEC SPC_COM_MENU '1';
2018-08-06 04:40:26 EXEC SPC_p003_LST1 '1','go','Đi','50';
2018-08-06 04:40:30 EXEC SPC_COM_MENU '1';
2018-08-06 04:40:30 EXEC SPC_p003_LST1 '','','','50','1';
2018-08-06 04:47:24 EXEC SPC_COM_MENU '1';
2018-08-06 04:47:24 EXEC SPC_COMMON_CATALORUE '2';
2018-08-06 04:52:52 EXEC SPC_COM_MENU '1';
2018-08-06 04:52:52 EXEC SPC_COM_M999_INQ1 '8';
2018-08-06 04:52:53 EXEC SPC_COM_MENU '1';
2018-08-06 04:52:53 EXEC SPC_p003_LST1 '','','','50';
2018-08-06 04:53:25 EXEC SPC_COM_MENU '1';
2018-08-06 04:53:25 EXEC SPC_COM_M999_INQ1 '8';
2018-08-06 04:53:26 EXEC SPC_COM_MENU '1';
2018-08-06 04:53:26 EXEC SPC_p003_LST1 '','','','50';
2018-08-06 04:53:56 EXEC SPC_COM_PERMISSION '1','w002';
2018-08-06 04:53:56 EXEC SPC_COM_MENU '1';
2018-08-06 04:53:56 EXEC SPC_W002_FND1
2018-08-06 04:53:58 EXEC SPC_COM_MENU '1';
2018-08-06 04:53:58 EXEC SPC_W002_LST1 'POST-';
2018-08-06 04:54:09 EXEC SPC_COM_PERMISSION '1','w002';
2018-08-06 04:54:09 EXEC SPC_COM_MENU '1';
2018-08-06 04:54:09 EXEC SPC_W002_FND1
2018-08-06 04:54:11 EXEC SPC_COM_MENU '1';
2018-08-06 04:54:11 EXEC SPC_W002_LST1 'POST-';
2018-08-06 04:54:27 EXEC SPC_COM_MENU '1';
2018-08-06 04:54:27 EXEC SPC_COM_M999_INQ1 '8';
2018-08-06 04:54:27 EXEC SPC_COM_MENU '1';
2018-08-06 04:54:27 EXEC SPC_p003_LST1 '','','','50';
2018-08-06 04:55:07 EXEC SPC_COM_PERMISSION '1','w002';
2018-08-06 04:55:07 EXEC SPC_COM_MENU '1';
2018-08-06 04:55:07 EXEC SPC_W002_FND1
2018-08-06 04:55:10 EXEC SPC_COM_PERMISSION '1','w002';
2018-08-06 04:55:10 EXEC SPC_COM_MENU '1';
2018-08-06 04:55:10 EXEC SPC_W002_FND1
2018-08-06 04:55:52 EXEC SPC_COM_MENU '1';
2018-08-06 04:55:52 EXEC SPC_W002_LST1 'POST-';
2018-08-06 04:55:57 EXEC SPC_COM_PERMISSION '1','w002';
2018-08-06 04:55:57 EXEC SPC_COM_MENU '1';
2018-08-06 04:55:57 EXEC SPC_W002_FND1
2018-08-06 04:56:10 EXEC SPC_COM_PERMISSION '1','w002';
2018-08-06 04:56:11 EXEC SPC_COM_MENU '1';
2018-08-06 04:56:11 EXEC SPC_W002_FND1
2018-08-06 04:56:17 EXEC SPC_COM_MENU '1';
2018-08-06 04:56:17 EXEC SPC_W002_LST1 'POST-';
2018-08-06 04:56:33 EXEC SPC_COM_PERMISSION '1','w002';
2018-08-06 04:56:33 EXEC SPC_COM_MENU '1';
2018-08-06 04:56:33 EXEC SPC_W002_FND1
2018-08-06 04:56:42 EXEC SPC_COM_MENU '1';
2018-08-06 04:56:42 EXEC SPC_W002_LST1 'POST-';
2018-08-06 04:56:49 EXEC SPC_COM_PERMISSION '1','w002';
2018-08-06 04:56:49 EXEC SPC_COM_MENU '1';
2018-08-06 04:56:49 EXEC SPC_W002_FND1
2018-08-06 04:56:50 EXEC SPC_COM_MENU '1';
2018-08-06 04:56:50 EXEC SPC_W002_LST1 'POST-1';
2018-08-06 04:56:56 EXEC SPC_COM_PERMISSION '1','w002';
2018-08-06 04:56:56 EXEC SPC_COM_MENU '1';
2018-08-06 04:56:56 EXEC SPC_W002_FND1
2018-08-06 04:56:57 EXEC SPC_COM_MENU '1';
2018-08-06 04:56:57 EXEC SPC_W002_LST1 'POST-24';
2018-08-06 04:56:58 EXEC SPC_COM_MENU '1';
2018-08-06 04:56:58 EXEC SPC_COMMON_CATALORUE '1';
2018-08-06 04:56:58 EXEC SPC_COM_MENU '1';
2018-08-06 04:56:58 EXEC SPC_COMMON_GROUP 'CAT-12';
2018-08-06 04:57:04 EXEC SPC_COM_PERMISSION '1','w002';
2018-08-06 04:57:04 EXEC SPC_COM_MENU '1';
2018-08-06 04:57:04 EXEC SPC_W002_FND1
2018-08-06 04:57:11 EXEC SPC_COM_MENU '1';
2018-08-06 04:57:11 EXEC SPC_W002_LST1 'POST-';
2018-08-06 04:57:13 EXEC SPC_COM_MENU '1';
2018-08-06 04:57:13 EXEC SPC_W002_LST1 'POST-';
2018-08-06 04:57:15 EXEC SPC_COM_MENU '1';
2018-08-06 04:57:15 EXEC SPC_W002_LST1 'POST-';
2018-08-06 04:57:18 EXEC SPC_COM_MENU '1';
2018-08-06 04:57:18 EXEC SPC_W002_LST1 'POST-';
2018-08-06 04:57:39 EXEC SPC_COM_MENU '1';
2018-08-06 04:57:39 EXEC SPC_COM_M999_INQ1 '8';
2018-08-06 04:57:40 EXEC SPC_COM_MENU '1';
2018-08-06 04:57:40 EXEC SPC_p003_LST1 '','','','50';
2018-08-06 05:00:17 EXEC SPC_COM_MENU '1';
2018-08-06 05:00:17 EXEC SPC_p003_LST1 '','','','50','1';
2018-08-06 05:00:51 EXEC SPC_COM_PERMISSION '1','w001';
2018-08-06 05:00:51 EXEC SPC_COM_MENU '1';
2018-08-06 05:00:51 EXEC SPC_COM_M999_INQ1 '7';
2018-08-06 05:00:56 EXEC SPC_COM_MENU '1';
2018-08-06 05:00:56 EXEC SPC_COMMON_CATALORUE '1';
2018-08-06 05:00:58 EXEC SPC_COM_MENU '1';
2018-08-06 05:00:58 EXEC SPC_w001_LST1 '1','','','','10','1';
2018-08-06 05:01:10 EXEC SPC_COM_MENU '1';
2018-08-06 05:01:10 EXEC SPC_COM_M999_INQ1 '8';
2018-08-06 05:01:11 EXEC SPC_COM_MENU '1';
2018-08-06 05:01:11 EXEC SPC_p004_LST1 'POST-4';
2018-08-06 05:01:16 EXEC SPC_COM_MENU '1';
2018-08-06 05:01:16 EXEC SPC_COM_M999_INQ1 '8';
2018-08-06 05:01:17 EXEC SPC_COM_MENU '1';
2018-08-06 05:01:17 EXEC SPC_p004_LST1 'POST-17';
2018-08-06 05:01:24 EXEC SPC_COM_MENU '1';
2018-08-06 05:01:24 EXEC SPC_COM_M999_INQ1 '8';
2018-08-06 05:01:25 EXEC SPC_COM_MENU '1';
2018-08-06 05:01:25 EXEC SPC_p004_LST1 'POST-20';
2018-08-06 05:01:29 EXEC SPC_COM_MENU '1';
2018-08-06 05:01:29 EXEC SPC_COM_M999_INQ1 '8';
2018-08-06 05:01:30 EXEC SPC_COM_MENU '1';
2018-08-06 05:01:30 EXEC SPC_p004_LST1 'POST-24';
2018-08-06 05:01:42 EXEC SPC_COM_MENU '1';
2018-08-06 05:01:42 EXEC SPC_COM_M999_INQ1 '8';
2018-08-06 05:01:42 EXEC SPC_COM_MENU '1';
2018-08-06 05:01:42 EXEC SPC_p004_LST1 'POST-24';
2018-08-06 05:01:57 EXEC SPC_COM_MENU '1';
2018-08-06 05:01:57 EXEC SPC_COM_M999_INQ1 '8';
2018-08-06 05:01:58 EXEC SPC_COM_MENU '1';
2018-08-06 05:01:58 EXEC SPC_p004_LST1 'POST-24';
2018-08-06 05:03:03 EXEC SPC_COM_MENU '1';
2018-08-06 05:03:03 EXEC SPC_COM_M999_INQ1 '8';
2018-08-06 05:03:04 EXEC SPC_COM_MENU '1';
2018-08-06 05:03:04 EXEC SPC_p004_LST1 'POST-18';
2018-08-06 05:03:08 EXEC SPC_COM_PERMISSION '1','w002';
2018-08-06 05:03:08 EXEC SPC_COM_MENU '1';
2018-08-06 05:03:08 EXEC SPC_W002_FND1
2018-08-06 05:03:09 EXEC SPC_COM_MENU '1';
2018-08-06 05:03:09 EXEC SPC_W002_LST1 'POST-18';
2018-08-06 05:03:09 EXEC SPC_COM_MENU '1';
2018-08-06 05:03:09 EXEC SPC_COMMON_CATALORUE '1';
2018-08-06 05:03:09 EXEC SPC_COM_MENU '1';
2018-08-06 05:03:09 EXEC SPC_COMMON_GROUP 'CAT-12';
2018-08-06 05:04:20 EXEC SPC_COM_MENU '1';
2018-08-06 05:04:20 EXEC SPC_COM_M999_INQ1 '8';
2018-08-06 05:04:21 EXEC SPC_COM_MENU '1';
2018-08-06 05:04:21 EXEC SPC_p003_LST1 '3','hello','chào','50';
2018-08-06 05:05:10 EXEC SPC_COM_MENU '1';
2018-08-06 05:05:10 EXEC SPC_COM_M999_INQ1 '8';
2018-08-06 05:05:10 EXEC SPC_COM_MENU '1';
2018-08-06 05:05:10 EXEC SPC_p003_LST1 '3','hello','chào','50';
2018-08-06 05:10:59 EXEC SPC_COM_PERMISSION '1','w002';
2018-08-06 05:10:59 EXEC SPC_COM_MENU '1';
2018-08-06 05:10:59 EXEC SPC_W002_FND1
2018-08-06 05:10:59 EXEC SPC_COM_MENU '1';
2018-08-06 05:10:59 EXEC SPC_W002_LST1 'POST-18';
2018-08-06 05:11:00 EXEC SPC_COM_MENU '1';
2018-08-06 05:11:00 EXEC SPC_COMMON_CATALORUE '1';
2018-08-06 05:11:00 EXEC SPC_COM_MENU '1';
2018-08-06 05:11:00 EXEC SPC_COMMON_GROUP 'CAT-12';
2018-08-06 05:11:03 EXEC SPC_COM_MENU '1';
2018-08-06 05:11:03 EXEC SPC_COM_M999_INQ1 '8';
2018-08-06 05:11:03 EXEC SPC_COM_MENU '1';
2018-08-06 05:11:03 EXEC SPC_p003_LST1 '3','hello','chào','50';
2018-08-06 05:23:08 EXEC SPC_COM_PERMISSION '1','w002';
2018-08-06 05:23:08 EXEC SPC_COM_MENU '1';
2018-08-06 05:23:08 EXEC SPC_W002_FND1
2018-08-06 05:23:09 EXEC SPC_COM_MENU '1';
2018-08-06 05:23:09 EXEC SPC_W002_LST1 'POST-18';
2018-08-06 05:23:10 EXEC SPC_COM_MENU '1';
2018-08-06 05:23:10 EXEC SPC_COMMON_CATALORUE '1';
2018-08-06 05:23:10 EXEC SPC_COM_MENU '1';
2018-08-06 05:23:10 EXEC SPC_COMMON_GROUP 'CAT-12';
2018-08-06 05:23:15 EXEC SPC_COM_MENU '1';
2018-08-06 05:23:19 EXEC SPC_COM_MENU '1';
2018-08-06 05:23:23 EXEC SPC_COM_MENU '1';
2018-08-06 05:23:25 EXEC SPC_COM_MENU '1';
2018-08-06 05:23:26 EXEC SPC_COM_MENU '1';
2018-08-06 05:23:29 EXEC SPC_COM_MENU '1';
2018-08-06 05:23:31 EXEC SPC_COM_MENU '1';
2018-08-06 05:23:35 EXEC SPC_COM_MENU '1';
2018-08-06 05:24:42 EXEC SPC_COM_PERMISSION '1','w002';
2018-08-06 05:24:42 EXEC SPC_COM_MENU '1';
2018-08-06 05:24:42 EXEC SPC_W002_FND1
2018-08-06 05:24:43 EXEC SPC_COM_MENU '1';
2018-08-06 05:24:43 EXEC SPC_W002_LST1 'POST-18';
2018-08-06 05:24:43 EXEC SPC_COM_MENU '1';
2018-08-06 05:24:43 EXEC SPC_COMMON_CATALORUE '1';
2018-08-06 05:24:43 EXEC SPC_COM_MENU '1';
2018-08-06 05:24:43 EXEC SPC_COMMON_GROUP 'CAT-12';
2018-08-06 05:24:53 EXEC SPC_COM_MENU '1';
2018-08-06 05:24:53 EXEC SPC_COM_M999_INQ1 '8';
2018-08-06 05:24:54 EXEC SPC_COM_MENU '1';
2018-08-06 05:24:54 EXEC SPC_p003_LST1 '','','','50';
2018-08-06 05:25:09 EXEC SPC_COM_PERMISSION '1','w002';
2018-08-06 05:25:09 EXEC SPC_COM_MENU '1';
2018-08-06 05:25:09 EXEC SPC_W002_FND1
2018-08-06 05:25:09 EXEC SPC_COM_MENU '1';
2018-08-06 05:25:09 EXEC SPC_W002_LST1 'POST-18';
2018-08-06 05:25:10 EXEC SPC_COM_MENU '1';
2018-08-06 05:25:10 EXEC SPC_COMMON_CATALORUE '1';
2018-08-06 05:25:10 EXEC SPC_COM_MENU '1';
2018-08-06 05:25:10 EXEC SPC_COMMON_GROUP 'CAT-12';
2018-08-06 05:25:29 EXEC SPC_COM_PERMISSION '1','w002';
2018-08-06 05:25:29 EXEC SPC_COM_MENU '1';
2018-08-06 05:25:29 EXEC SPC_W002_FND1
2018-08-06 05:25:30 EXEC SPC_COM_MENU '1';
2018-08-06 05:25:30 EXEC SPC_W002_LST1 'POST-18';
2018-08-06 05:25:30 EXEC SPC_COM_MENU '1';
2018-08-06 05:25:30 EXEC SPC_COMMON_CATALORUE '1';
2018-08-06 05:25:31 EXEC SPC_COM_MENU '1';
2018-08-06 05:25:31 EXEC SPC_COMMON_GROUP 'CAT-12';
2018-08-06 05:28:21 EXEC SPC_COM_PERMISSION '1','w002';
2018-08-06 05:28:21 EXEC SPC_COM_MENU '1';
2018-08-06 05:28:21 EXEC SPC_W002_FND1
2018-08-06 05:28:22 EXEC SPC_COM_MENU '1';
2018-08-06 05:28:22 EXEC SPC_W002_LST1 'POST-18';
2018-08-06 05:28:22 EXEC SPC_COM_MENU '1';
2018-08-06 05:28:22 EXEC SPC_COMMON_CATALORUE '1';
2018-08-06 05:28:23 EXEC SPC_COM_MENU '1';
2018-08-06 05:28:23 EXEC SPC_COMMON_GROUP 'CAT-12';
2018-08-06 05:35:02 EXEC SPC_COM_PERMISSION '1','w002';
2018-08-06 05:35:02 EXEC SPC_COM_MENU '1';
2018-08-06 05:35:02 EXEC SPC_W002_FND1
2018-08-06 05:35:03 EXEC SPC_COM_MENU '1';
2018-08-06 05:35:03 EXEC SPC_W002_LST1 'POST-18';
2018-08-06 05:35:04 EXEC SPC_COM_MENU '1';
2018-08-06 05:35:04 EXEC SPC_COMMON_CATALORUE '1';
2018-08-06 05:35:04 EXEC SPC_COM_MENU '1';
2018-08-06 05:35:04 EXEC SPC_COMMON_GROUP 'CAT-12';
2018-08-06 05:35:22 EXEC SPC_COM_MENU '1';
2018-08-06 05:35:22 EXEC SPC_COM_M999_INQ1 '8';
2018-08-06 05:35:23 EXEC SPC_COM_MENU '1';
2018-08-06 05:35:23 EXEC SPC_p003_LST1 '3','hello','chào','50';
2018-08-06 05:43:32 EXEC SPC_COM_PERMISSION '1','w002';
2018-08-06 05:43:32 EXEC SPC_COM_MENU '1';
2018-08-06 05:43:32 EXEC SPC_W002_FND1
2018-08-06 05:43:33 EXEC SPC_COM_MENU '1';
2018-08-06 05:43:33 EXEC SPC_W002_LST1 'POST-18';
2018-08-06 05:43:33 EXEC SPC_COM_MENU '1';
2018-08-06 05:43:33 EXEC SPC_COMMON_CATALORUE '1';
2018-08-06 05:43:33 EXEC SPC_COM_MENU '1';
2018-08-06 05:43:33 EXEC SPC_COMMON_GROUP 'CAT-12';
2018-08-06 05:43:35 EXEC SPC_COM_MENU '1';
2018-08-06 05:43:35 EXEC SPC_COM_M999_INQ1 '8';
2018-08-06 05:43:35 EXEC SPC_COM_MENU '1';
2018-08-06 05:43:35 EXEC SPC_p003_LST1 '','','','50';
2018-08-06 05:43:39 EXEC SPC_COM_MENU '1';
2018-08-06 05:43:39 EXEC SPC_W002_LST1 'POST-18';
2018-08-06 05:43:39 EXEC SPC_COM_MENU '1';
2018-08-06 05:43:39 EXEC SPC_COMMON_CATALORUE '1';
2018-08-06 05:43:39 EXEC SPC_COM_MENU '1';
2018-08-06 05:43:39 EXEC SPC_COMMON_GROUP 'CAT-12';
2018-08-06 05:43:44 EXEC SPC_COM_PERMISSION '1','w002';
2018-08-06 05:43:44 EXEC SPC_COM_MENU '1';
2018-08-06 05:43:44 EXEC SPC_W002_FND1
2018-08-06 05:43:44 EXEC SPC_COM_MENU '1';
2018-08-06 05:43:44 EXEC SPC_W002_LST1 'POST-18';
2018-08-06 05:43:45 EXEC SPC_COM_MENU '1';
2018-08-06 05:43:45 EXEC SPC_COMMON_CATALORUE '1';
2018-08-06 05:43:45 EXEC SPC_COM_MENU '1';
2018-08-06 05:43:45 EXEC SPC_COMMON_GROUP 'CAT-12';
2018-08-06 05:44:48 EXEC SPC_COM_PERMISSION '1','w002';
2018-08-06 05:44:48 EXEC SPC_COM_MENU '1';
2018-08-06 05:44:48 EXEC SPC_W002_FND1
2018-08-06 05:44:49 EXEC SPC_COM_MENU '1';
2018-08-06 05:44:49 EXEC SPC_W002_LST1 'POST-18';
2018-08-06 05:44:49 EXEC SPC_COM_MENU '1';
2018-08-06 05:44:49 EXEC SPC_COMMON_CATALORUE '1';
2018-08-06 05:44:49 EXEC SPC_COM_MENU '1';
2018-08-06 05:44:49 EXEC SPC_COMMON_GROUP 'CAT-12';
2018-08-06 05:45:24 EXEC SPC_COM_PERMISSION '1','w002';
2018-08-06 05:45:24 EXEC SPC_COM_MENU '1';
2018-08-06 05:45:24 EXEC SPC_W002_FND1
2018-08-06 05:45:25 EXEC SPC_COM_MENU '1';
2018-08-06 05:45:25 EXEC SPC_W002_LST1 'POST-18';
2018-08-06 05:45:26 EXEC SPC_COM_MENU '1';
2018-08-06 05:45:26 EXEC SPC_COMMON_CATALORUE '1';
2018-08-06 05:45:26 EXEC SPC_COM_MENU '1';
2018-08-06 05:45:26 EXEC SPC_COMMON_GROUP 'CAT-12';
2018-08-06 05:45:32 EXEC SPC_COM_PERMISSION '1','w002';
2018-08-06 05:45:32 EXEC SPC_COM_MENU '1';
2018-08-06 05:45:32 EXEC SPC_W002_FND1
2018-08-06 05:45:33 EXEC SPC_COM_MENU '1';
2018-08-06 05:45:33 EXEC SPC_W002_LST1 'POST-18';
2018-08-06 05:45:33 EXEC SPC_COM_MENU '1';
2018-08-06 05:45:33 EXEC SPC_COMMON_CATALORUE '1';
2018-08-06 05:45:34 EXEC SPC_COM_MENU '1';
2018-08-06 05:45:34 EXEC SPC_COMMON_GROUP 'CAT-12';
2018-08-06 05:50:34 EXEC SPC_COM_PERMISSION '1','w002';
2018-08-06 05:50:34 EXEC SPC_COM_MENU '1';
2018-08-06 05:50:34 EXEC SPC_W002_FND1
2018-08-06 05:50:35 EXEC SPC_COM_MENU '1';
2018-08-06 05:50:35 EXEC SPC_W002_LST1 'POST-18';
2018-08-06 05:50:35 EXEC SPC_COM_MENU '1';
2018-08-06 05:50:35 EXEC SPC_COMMON_CATALORUE '1';
2018-08-06 05:50:35 EXEC SPC_COM_MENU '1';
2018-08-06 05:50:35 EXEC SPC_COMMON_GROUP 'CAT-12';
2018-08-06 05:50:43 EXEC SPC_COM_MENU '1';
2018-08-06 05:50:43 EXEC SPC_COMMON_CATALORUE '2';
2018-08-06 05:51:36 EXEC SPC_COM_PERMISSION '1','w002';
2018-08-06 05:51:36 EXEC SPC_COM_MENU '1';
2018-08-06 05:51:36 EXEC SPC_W002_FND1
2018-08-06 05:51:37 EXEC SPC_COM_MENU '1';
2018-08-06 05:51:37 EXEC SPC_W002_LST1 'POST-18';
2018-08-06 05:51:37 EXEC SPC_COM_MENU '1';
2018-08-06 05:51:37 EXEC SPC_COMMON_CATALORUE '1';
2018-08-06 05:51:37 EXEC SPC_COM_MENU '1';
2018-08-06 05:51:37 EXEC SPC_COMMON_GROUP 'CAT-12';
2018-08-06 05:51:53 EXEC SPC_COM_MENU '1';
2018-08-06 05:51:53 EXEC SPC_COMMON_CATALORUE '2';
2018-08-06 05:52:16 EXEC SPC_COM_PERMISSION '1','w002';
2018-08-06 05:52:16 EXEC SPC_COM_MENU '1';
2018-08-06 05:52:16 EXEC SPC_W002_FND1
2018-08-06 05:52:16 EXEC SPC_COM_MENU '1';
2018-08-06 05:52:16 EXEC SPC_W002_LST1 'POST-18';
2018-08-06 05:52:17 EXEC SPC_COM_MENU '1';
2018-08-06 05:52:17 EXEC SPC_COMMON_CATALORUE '1';
2018-08-06 05:52:17 EXEC SPC_COM_MENU '1';
2018-08-06 05:52:17 EXEC SPC_COMMON_GROUP 'CAT-12';
2018-08-06 05:52:28 EXEC SPC_COM_MENU '1';
2018-08-06 05:52:28 EXEC SPC_COMMON_CATALORUE '2';
2018-08-06 05:52:49 EXEC SPC_COM_PERMISSION '1','w002';
2018-08-06 05:52:49 EXEC SPC_COM_MENU '1';
2018-08-06 05:52:49 EXEC SPC_W002_FND1
2018-08-06 05:52:50 EXEC SPC_COM_MENU '1';
2018-08-06 05:52:50 EXEC SPC_W002_LST1 'POST-18';
2018-08-06 05:52:50 EXEC SPC_COM_MENU '1';
2018-08-06 05:52:50 EXEC SPC_COMMON_CATALORUE '1';
2018-08-06 05:52:50 EXEC SPC_COM_MENU '1';
2018-08-06 05:52:50 EXEC SPC_COMMON_GROUP 'CAT-12';
2018-08-06 05:53:06 EXEC SPC_COM_MENU '1';
2018-08-06 05:53:06 EXEC SPC_COMMON_CATALORUE '2';
2018-08-06 05:54:12 EXEC SPC_COM_MENU '1';
2018-08-06 05:54:12 EXEC SPC_COMMON_CATALORUE '1';
2018-08-06 05:54:12 EXEC SPC_COM_MENU '1';
2018-08-06 05:54:12 EXEC SPC_COMMON_GROUP 'CAT-12';
2018-08-06 05:54:14 EXEC SPC_COM_MENU '1';
2018-08-06 05:54:14 EXEC SPC_COMMON_CATALORUE '2';
2018-08-06 05:56:21 EXEC SPC_COM_PERMISSION '1','w002';
2018-08-06 05:56:21 EXEC SPC_COM_MENU '1';
2018-08-06 05:56:21 EXEC SPC_W002_FND1
2018-08-06 05:56:22 EXEC SPC_COM_MENU '1';
2018-08-06 05:56:22 EXEC SPC_W002_LST1 'POST-18';
2018-08-06 05:56:22 EXEC SPC_COM_MENU '1';
2018-08-06 05:56:22 EXEC SPC_COMMON_CATALORUE '1';
2018-08-06 05:56:22 EXEC SPC_COM_MENU '1';
2018-08-06 05:56:22 EXEC SPC_COMMON_GROUP 'CAT-12';
2018-08-06 05:56:28 EXEC SPC_COM_MENU '1';
2018-08-06 05:56:28 EXEC SPC_COMMON_CATALORUE '2';
2018-08-06 05:57:21 EXEC SPC_COM_PERMISSION '1','w002';
2018-08-06 05:57:21 EXEC SPC_COM_MENU '1';
2018-08-06 05:57:21 EXEC SPC_W002_FND1
2018-08-06 05:57:22 EXEC SPC_COM_MENU '1';
2018-08-06 05:57:22 EXEC SPC_W002_LST1 'POST-18';
2018-08-06 05:57:22 EXEC SPC_COM_MENU '1';
2018-08-06 05:57:22 EXEC SPC_COMMON_CATALORUE '1';
2018-08-06 05:57:23 EXEC SPC_COM_MENU '1';
2018-08-06 05:57:23 EXEC SPC_COMMON_GROUP 'CAT-12';
2018-08-06 05:57:28 EXEC SPC_COM_MENU '1';
2018-08-06 05:57:28 EXEC SPC_COMMON_CATALORUE '2';
2018-08-06 05:57:32 EXEC SPC_COM_MENU '1';
2018-08-06 05:57:32 EXEC SPC_COMMON_CATALORUE '1';
2018-08-06 05:57:32 EXEC SPC_COM_MENU '1';
2018-08-06 05:57:32 EXEC SPC_COMMON_GROUP 'CAT-12';
2018-08-06 05:57:35 EXEC SPC_COM_MENU '1';
2018-08-06 05:57:35 EXEC SPC_COMMON_CATALORUE '2';
2018-08-06 06:16:20 EXEC SPC_COM_PERMISSION '1','m007';
2018-08-06 06:16:20 EXEC SPC_COM_MENU '1';
2018-08-06 06:16:20 EXEC SPC_M007_FND1
2018-08-06 06:16:28 EXEC SPC_COM_PERMISSION '1','s001';
2018-08-06 06:16:28 EXEC SPC_COM_MENU '1';
2018-08-06 06:16:28 EXEC SPC_S001_FND1
2018-08-06 06:17:32 EXEC SPC_COM_PERMISSION '1','s001';
2018-08-06 06:17:32 EXEC SPC_COM_MENU '1';
2018-08-06 06:17:32 EXEC SPC_S001_FND1
2018-08-06 06:18:01 EXEC SPC_COM_PERMISSION '1','s001';
2018-08-06 06:18:01 EXEC SPC_COM_MENU '1';
2018-08-06 06:18:01 EXEC SPC_S001_FND1
2018-08-06 06:18:40 EXEC SPC_COM_PERMISSION '1','s001';
2018-08-06 06:18:40 EXEC SPC_COM_MENU '1';
2018-08-06 06:18:40 EXEC SPC_S001_FND1
2018-08-06 06:19:53 EXEC SPC_COM_PERMISSION '1','s001';
2018-08-06 06:19:53 EXEC SPC_COM_MENU '1';
2018-08-06 06:19:53 EXEC SPC_S001_FND1
2018-08-06 06:20:02 EXEC SPC_COM_PERMISSION '1','s001';
2018-08-06 06:20:02 EXEC SPC_COM_MENU '1';
2018-08-06 06:20:02 EXEC SPC_S001_FND1
2018-08-06 06:20:21 EXEC SPC_COM_PERMISSION '1','s001';
2018-08-06 06:20:21 EXEC SPC_COM_MENU '1';
2018-08-06 06:20:21 EXEC SPC_S001_FND1
2018-08-06 06:20:38 EXEC SPC_COM_PERMISSION '1','s001';
2018-08-06 06:20:38 EXEC SPC_COM_MENU '1';
2018-08-06 06:20:38 EXEC SPC_S001_FND1
2018-08-06 06:21:20 EXEC SPC_COM_PERMISSION '1','s001';
2018-08-06 06:21:20 EXEC SPC_COM_MENU '1';
2018-08-06 06:21:20 EXEC SPC_S001_FND1
2018-08-06 06:21:38 EXEC SPC_COM_PERMISSION '1','s001';
2018-08-06 06:21:38 EXEC SPC_COM_MENU '1';
2018-08-06 06:21:38 EXEC SPC_S001_FND1
2018-08-06 06:23:30 EXEC SPC_COM_PERMISSION '1','s001';
2018-08-06 06:23:30 EXEC SPC_COM_MENU '1';
2018-08-06 06:23:30 EXEC SPC_S001_FND1
2018-08-06 06:23:44 EXEC SPC_COM_PERMISSION '1','s001';
2018-08-06 06:23:44 EXEC SPC_COM_MENU '1';
2018-08-06 06:23:44 EXEC SPC_S001_FND1
2018-08-06 06:24:15 EXEC SPC_COM_PERMISSION '1','s001';
2018-08-06 06:24:15 EXEC SPC_COM_MENU '1';
2018-08-06 06:24:15 EXEC SPC_S001_FND1
2018-08-06 06:24:28 EXEC SPC_COM_PERMISSION '1','s001';
2018-08-06 06:24:28 EXEC SPC_COM_MENU '1';
2018-08-06 06:24:28 EXEC SPC_S001_FND1
2018-08-06 06:24:41 EXEC SPC_COM_PERMISSION '1','s001';
2018-08-06 06:24:41 EXEC SPC_COM_MENU '1';
2018-08-06 06:24:41 EXEC SPC_S001_FND1
2018-08-06 06:28:27 EXEC SPC_COM_PERMISSION '1','w001';
2018-08-06 06:28:27 EXEC SPC_COM_MENU '1';
2018-08-06 06:28:27 EXEC SPC_COM_M999_INQ1 '7';
2018-08-06 06:28:30 EXEC SPC_COM_PERMISSION '1','w002';
2018-08-06 06:28:30 EXEC SPC_COM_MENU '1';
2018-08-06 06:28:30 EXEC SPC_W002_FND1
2018-08-06 06:28:35 EXEC SPC_COM_MENU '1';
2018-08-06 06:28:35 EXEC SPC_W002_LST1 'POST-24';
2018-08-06 06:28:35 EXEC SPC_COM_MENU '1';
2018-08-06 06:28:35 EXEC SPC_COMMON_CATALORUE '1';
2018-08-06 06:28:36 EXEC SPC_COM_MENU '1';
2018-08-06 06:28:36 EXEC SPC_COMMON_GROUP 'CAT-12';
2018-08-06 06:29:14 EXEC SPC_COM_MENU '1';
2018-08-06 06:29:14 EXEC SPC_w002_ACT1 'POST-24','1','CAT-12','GRO-14','','','','','0','<row vocabulary_id="VOC-1" vocabulary_dtl_id="1" vocabulary_div="1" vocabulary_nm="go" spelling="gou" mean="Đi" explain="go some where" /><row vocabulary_id="VOC-3" vocabulary_dtl_id="1" vocabulary_div="1" vocabulary_nm="love" spelling="lʌv" mean="Yêu" explain="a feeling of strong or constant affection for a person" /><row vocabulary_id="VOC-5" vocabulary_dtl_id="1" vocabulary_div="2" vocabulary_nm="beautifuly" spelling="&amp;#39;bju:tifl" mean="đẹp như chưa từng đc đẹp" explain="very attractive in a physical way" /><row edit-confirm="1" vocabulary_id="VOC-5" vocabulary_dtl_id="1" vocabulary_div="3" vocabulary_nm="beautifulydưef" spelling="&amp;#39;bju:tiflxads" mean="đẹp như chưa từng đc đẹpsdadsa" explain="very attractive in a physical waydsadsdads" />','','ndq809','127.0.0.1';
2018-08-06 06:29:15 EXEC SPC_COM_MENU '1';
2018-08-06 06:29:15 EXEC SPC_W002_LST1 'POST-24';
2018-08-06 06:29:16 EXEC SPC_COM_MENU '1';
2018-08-06 06:29:16 EXEC SPC_COMMON_CATALORUE '1';
2018-08-06 06:29:16 EXEC SPC_COM_MENU '1';
2018-08-06 06:29:16 EXEC SPC_COMMON_GROUP 'CAT-12';
2018-08-06 06:29:20 EXEC SPC_COM_MENU '1';
2018-08-06 06:29:20 EXEC SPC_w002_ACT1 'POST-24','1','CAT-12','GRO-14','','','','','0','<row vocabulary_id="VOC-1" vocabulary_dtl_id="1" vocabulary_div="1" vocabulary_nm="go" spelling="gou" mean="Đi" explain="go some where" /><row vocabulary_id="VOC-3" vocabulary_dtl_id="1" vocabulary_div="1" vocabulary_nm="love" spelling="lʌv" mean="Yêu" explain="a feeling of strong or constant affection for a person" /><row vocabulary_id="VOC-5" vocabulary_dtl_id="1" vocabulary_div="2" vocabulary_nm="beautifuly" spelling="&amp;#39;bju:tifl" mean="đẹp như chưa từng đc đẹp" explain="very attractive in a physical way" />','','ndq809','127.0.0.1';
2018-08-06 06:29:22 EXEC SPC_COM_MENU '1';
2018-08-06 06:29:22 EXEC SPC_W002_LST1 'POST-24';
2018-08-06 06:29:22 EXEC SPC_COM_MENU '1';
2018-08-06 06:29:22 EXEC SPC_COMMON_CATALORUE '1';
2018-08-06 06:29:22 EXEC SPC_COM_MENU '1';
2018-08-06 06:29:22 EXEC SPC_COMMON_GROUP 'CAT-12';
2018-08-06 06:45:21 EXEC SPC_COM_PERMISSION '1','w002';
2018-08-06 06:45:21 EXEC SPC_COM_MENU '1';
2018-08-06 06:45:21 EXEC SPC_W002_FND1
2018-08-06 06:45:43 EXEC SPC_COM_PERMISSION '1','w002';
2018-08-06 06:45:43 EXEC SPC_COM_MENU '1';
2018-08-06 06:45:43 EXEC SPC_W002_FND1
2018-08-06 06:46:27 EXEC SPC_COM_MENU '1';
2018-08-06 06:46:31 EXEC SPC_COM_MENU '1';
2018-08-06 06:46:31 EXEC SPC_COMMON_CATALORUE '1';
2018-08-06 06:46:32 EXEC SPC_COM_MENU '1';
2018-08-06 06:46:32 EXEC SPC_COMMON_GROUP 'CAT-12';
2018-08-06 06:46:36 EXEC SPC_COM_MENU '1';
2018-08-06 06:46:36 EXEC SPC_w002_ACT1 '','1','CAT-12','GRO-5','','','','','0','','','ndq809','127.0.0.1';
2018-08-06 06:46:37 EXEC SPC_COM_MENU '1';
2018-08-06 06:46:37 EXEC SPC_W002_LST1 'POST-25';
2018-08-06 06:46:38 EXEC SPC_COM_MENU '1';
2018-08-06 06:46:38 EXEC SPC_COMMON_CATALORUE '1';
2018-08-06 06:46:38 EXEC SPC_COM_MENU '1';
2018-08-06 06:46:38 EXEC SPC_COMMON_GROUP 'CAT-12';
2018-08-06 06:49:22 EXEC SPC_COM_PERMISSION '1','w002';
2018-08-06 06:49:22 EXEC SPC_COM_MENU '1';
2018-08-06 06:49:22 EXEC SPC_W002_FND1
2018-08-06 06:49:32 EXEC SPC_COM_PERMISSION '1','w002';
2018-08-06 06:49:32 EXEC SPC_COM_MENU '1';
2018-08-06 06:49:32 EXEC SPC_W002_FND1
2018-08-06 07:04:43 EXEC SPC_COM_PERMISSION '1','w002';
2018-08-06 07:04:44 EXEC SPC_COM_MENU '1';
2018-08-06 07:04:44 EXEC SPC_W002_FND1
2018-08-06 07:04:52 EXEC SPC_COM_PERMISSION '1','w002';
2018-08-06 07:04:52 EXEC SPC_COM_MENU '1';
2018-08-06 07:04:52 EXEC SPC_W002_FND1
2018-08-06 07:05:38 EXEC SPC_COM_PERMISSION '1','w002';
2018-08-06 07:05:38 EXEC SPC_COM_MENU '1';
2018-08-06 07:05:38 EXEC SPC_W002_FND1
2018-08-06 07:05:47 EXEC SPC_COM_MENU '1';
2018-08-06 07:05:47 EXEC SPC_W002_LST1 'POST-24';
2018-08-06 07:05:48 EXEC SPC_COM_MENU '1';
2018-08-06 07:05:48 EXEC SPC_COMMON_CATALORUE '1';
2018-08-06 07:05:48 EXEC SPC_COM_MENU '1';
2018-08-06 07:05:48 EXEC SPC_COMMON_GROUP 'CAT-12';
2018-08-06 07:07:12 EXEC SPC_COM_PERMISSION '1','w002';
2018-08-06 07:07:12 EXEC SPC_COM_MENU '1';
2018-08-06 07:07:12 EXEC SPC_W002_FND1
2018-08-06 07:07:16 EXEC SPC_COM_MENU '1';
2018-08-06 07:07:16 EXEC SPC_W002_LST1 'POST-24';
2018-08-06 07:07:16 EXEC SPC_COM_MENU '1';
2018-08-06 07:07:16 EXEC SPC_COMMON_CATALORUE '1';
2018-08-06 07:07:17 EXEC SPC_COM_MENU '1';
2018-08-06 07:07:17 EXEC SPC_COMMON_GROUP 'CAT-12';
2018-08-06 07:07:37 EXEC SPC_COM_PERMISSION '1','w002';
2018-08-06 07:07:37 EXEC SPC_COM_MENU '1';
2018-08-06 07:07:37 EXEC SPC_W002_FND1
2018-08-06 07:07:57 EXEC SPC_COM_PERMISSION '1','w002';
2018-08-06 07:07:57 EXEC SPC_COM_MENU '1';
2018-08-06 07:07:57 EXEC SPC_W002_FND1
2018-08-06 07:08:44 EXEC SPC_COM_MENU '1';
2018-08-06 07:08:44 EXEC SPC_COMMON_CATALORUE '1';
2018-08-06 07:10:07 EXEC SPC_COM_PERMISSION '1','w002';
2018-08-06 07:10:07 EXEC SPC_COM_MENU '1';
2018-08-06 07:10:07 EXEC SPC_W002_FND1
2018-08-06 07:10:46 EXEC SPC_COM_PERMISSION '1','w002';
2018-08-06 07:10:46 EXEC SPC_COM_MENU '1';
2018-08-06 07:10:46 EXEC SPC_W002_FND1
2018-08-06 07:10:59 EXEC SPC_COM_PERMISSION '1','w002';
2018-08-06 07:10:59 EXEC SPC_COM_MENU '1';
2018-08-06 07:11:00 EXEC SPC_W002_FND1
2018-08-06 07:12:12 EXEC SPC_COM_PERMISSION '1','w002';
2018-08-06 07:12:12 EXEC SPC_COM_MENU '1';
2018-08-06 07:12:12 EXEC SPC_W002_FND1
2018-08-06 07:12:22 EXEC SPC_COM_PERMISSION '1','w002';
2018-08-06 07:12:22 EXEC SPC_COM_MENU '1';
2018-08-06 07:12:22 EXEC SPC_W002_FND1
2018-08-06 07:14:51 EXEC SPC_COM_PERMISSION '1','w002';
2018-08-06 07:14:51 EXEC SPC_COM_MENU '1';
2018-08-06 07:14:51 EXEC SPC_W002_FND1
2018-08-06 07:14:57 EXEC SPC_COM_MENU '1';
2018-08-06 07:14:57 EXEC SPC_W002_LST1 'POST-';
2018-08-06 07:16:18 EXEC SPC_COM_PERMISSION '1','w002';
2018-08-06 07:16:18 EXEC SPC_COM_MENU '1';
2018-08-06 07:16:18 EXEC SPC_W002_FND1
2018-08-06 07:18:05 EXEC SPC_COM_PERMISSION '1','w002';
2018-08-06 07:18:05 EXEC SPC_COM_MENU '1';
2018-08-06 07:18:05 EXEC SPC_W002_FND1
2018-08-06 07:27:46 EXEC SPC_COM_PERMISSION '1','w002';
2018-08-06 07:27:46 EXEC SPC_COM_MENU '1';
2018-08-06 07:27:46 EXEC SPC_W002_FND1
2018-08-06 07:27:51 EXEC SPC_COM_MENU '1';
2018-08-06 07:27:51 EXEC SPC_W002_LST1 'POST-24';
2018-08-06 07:27:51 EXEC SPC_COM_MENU '1';
2018-08-06 07:27:51 EXEC SPC_COMMON_CATALORUE '1';
2018-08-06 07:27:51 EXEC SPC_COM_MENU '1';
2018-08-06 07:27:51 EXEC SPC_COMMON_GROUP 'CAT-12';
2018-08-06 07:28:07 EXEC SPC_COM_PERMISSION '1','w002';
2018-08-06 07:28:07 EXEC SPC_COM_MENU '1';
2018-08-06 07:28:07 EXEC SPC_W002_FND1
2018-08-06 07:28:12 EXEC SPC_COM_MENU '1';
2018-08-06 07:28:12 EXEC SPC_W002_LST1 'POST-24';
2018-08-06 07:28:12 EXEC SPC_COM_MENU '1';
2018-08-06 07:28:12 EXEC SPC_COMMON_CATALORUE '1';
2018-08-06 07:28:12 EXEC SPC_COM_MENU '1';
2018-08-06 07:28:12 EXEC SPC_COMMON_GROUP 'CAT-12';
2018-08-06 07:31:57 EXEC SPC_COM_PERMISSION '1','w002';
2018-08-06 07:31:57 EXEC SPC_COM_MENU '1';
2018-08-06 07:31:57 EXEC SPC_W002_FND1
2018-08-06 07:32:01 EXEC SPC_COM_MENU '1';
2018-08-06 07:32:01 EXEC SPC_W002_LST1 'POST-24';
2018-08-06 07:32:01 EXEC SPC_COM_MENU '1';
2018-08-06 07:32:01 EXEC SPC_COMMON_CATALORUE '1';
2018-08-06 07:32:02 EXEC SPC_COM_MENU '1';
2018-08-06 07:32:02 EXEC SPC_COMMON_GROUP 'CAT-12';
2018-08-06 07:33:01 EXEC SPC_COM_PERMISSION '1','w002';
2018-08-06 07:33:01 EXEC SPC_COM_MENU '1';
2018-08-06 07:33:01 EXEC SPC_W002_FND1
2018-08-06 07:33:05 EXEC SPC_COM_MENU '1';
2018-08-06 07:33:05 EXEC SPC_W002_LST1 'POST-24';
2018-08-06 07:33:06 EXEC SPC_COM_MENU '1';
2018-08-06 07:33:06 EXEC SPC_COMMON_CATALORUE '1';
2018-08-06 07:33:06 EXEC SPC_COM_MENU '1';
2018-08-06 07:33:06 EXEC SPC_COMMON_GROUP 'CAT-12';
2018-08-06 07:33:49 EXEC SPC_COM_PERMISSION '1','w002';
2018-08-06 07:33:49 EXEC SPC_COM_MENU '1';
2018-08-06 07:33:49 EXEC SPC_W002_FND1
2018-08-06 07:33:52 EXEC SPC_COM_MENU '1';
2018-08-06 07:33:52 EXEC SPC_W002_LST1 'POST-24';
2018-08-06 07:33:53 EXEC SPC_COM_MENU '1';
2018-08-06 07:33:53 EXEC SPC_COMMON_CATALORUE '1';
2018-08-06 07:33:53 EXEC SPC_COM_MENU '1';
2018-08-06 07:33:53 EXEC SPC_COMMON_GROUP 'CAT-12';
2018-08-06 07:34:39 EXEC SPC_COM_PERMISSION '1','w002';
2018-08-06 07:34:39 EXEC SPC_COM_MENU '1';
2018-08-06 07:34:39 EXEC SPC_W002_FND1
2018-08-06 07:34:42 EXEC SPC_COM_MENU '1';
2018-08-06 07:34:42 EXEC SPC_W002_LST1 'POST-24';
2018-08-06 07:34:43 EXEC SPC_COM_MENU '1';
2018-08-06 07:34:43 EXEC SPC_COMMON_CATALORUE '1';
2018-08-06 07:34:43 EXEC SPC_COM_MENU '1';
2018-08-06 07:34:43 EXEC SPC_COMMON_GROUP 'CAT-12';
2018-08-06 07:35:37 EXEC SPC_COM_PERMISSION '1','w002';
2018-08-06 07:35:37 EXEC SPC_COM_MENU '1';
2018-08-06 07:35:37 EXEC SPC_W002_FND1
2018-08-06 07:35:41 EXEC SPC_COM_MENU '1';
2018-08-06 07:35:41 EXEC SPC_W002_LST1 'POST-24';
2018-08-06 07:35:42 EXEC SPC_COM_MENU '1';
2018-08-06 07:35:42 EXEC SPC_COMMON_CATALORUE '1';
2018-08-06 07:35:42 EXEC SPC_COM_MENU '1';
2018-08-06 07:35:42 EXEC SPC_COMMON_GROUP 'CAT-12';
2018-08-06 07:37:02 EXEC SPC_COM_PERMISSION '1','w002';
2018-08-06 07:37:02 EXEC SPC_COM_MENU '1';
2018-08-06 07:37:02 EXEC SPC_W002_FND1
2018-08-06 07:37:05 EXEC SPC_COM_MENU '1';
2018-08-06 07:37:05 EXEC SPC_W002_LST1 'POST-24';
2018-08-06 07:37:06 EXEC SPC_COM_MENU '1';
2018-08-06 07:37:06 EXEC SPC_COMMON_CATALORUE '1';
2018-08-06 07:37:06 EXEC SPC_COM_MENU '1';
2018-08-06 07:37:06 EXEC SPC_COMMON_GROUP 'CAT-12';
2018-08-06 07:37:15 EXEC SPC_COM_PERMISSION '1','w002';
2018-08-06 07:37:15 EXEC SPC_COM_MENU '1';
2018-08-06 07:37:15 EXEC SPC_W002_FND1
2018-08-06 07:37:28 EXEC SPC_COM_MENU '1';
2018-08-06 07:37:28 EXEC SPC_W002_LST1 'POST-24';
2018-08-06 07:37:29 EXEC SPC_COM_MENU '1';
2018-08-06 07:37:29 EXEC SPC_COMMON_CATALORUE '1';
2018-08-06 07:37:29 EXEC SPC_COM_MENU '1';
2018-08-06 07:37:29 EXEC SPC_COMMON_GROUP 'CAT-12';
2018-08-06 07:37:47 EXEC SPC_COM_MENU '1';
2018-08-06 07:37:47 EXEC SPC_COMMON_CATALORUE '2';
2018-08-06 07:38:02 EXEC SPC_COM_PERMISSION '1','w002';
2018-08-06 07:38:02 EXEC SPC_COM_MENU '1';
2018-08-06 07:38:02 EXEC SPC_W002_FND1
2018-08-06 07:38:43 EXEC SPC_COM_PERMISSION '1','w002';
2018-08-06 07:38:43 EXEC SPC_COM_MENU '1';
2018-08-06 07:38:43 EXEC SPC_W002_FND1
2018-08-06 07:38:49 EXEC SPC_COM_MENU '1';
2018-08-06 07:38:49 EXEC SPC_W002_LST1 'POST-24';
2018-08-06 07:38:50 EXEC SPC_COM_MENU '1';
2018-08-06 07:38:50 EXEC SPC_COMMON_CATALORUE '1';
2018-08-06 07:38:50 EXEC SPC_COM_MENU '1';
2018-08-06 07:38:50 EXEC SPC_COMMON_GROUP 'CAT-12';
2018-08-06 07:38:56 EXEC SPC_COM_MENU '1';
2018-08-06 07:38:56 EXEC SPC_COM_M999_INQ1 '8';
2018-08-06 07:38:56 EXEC SPC_COM_MENU '1';
2018-08-06 07:38:56 EXEC SPC_p003_LST1 '2','beautifuly','đẹp như chưa từng đc đẹp','50';
2018-08-06 07:39:17 EXEC SPC_COM_PERMISSION '1','w002';
2018-08-06 07:39:17 EXEC SPC_COM_MENU '1';
2018-08-06 07:39:17 EXEC SPC_W002_FND1
2018-08-06 07:40:07 EXEC SPC_COM_PERMISSION '1','w002';
2018-08-06 07:40:07 EXEC SPC_COM_MENU '1';
2018-08-06 07:40:07 EXEC SPC_W002_FND1
2018-08-06 07:40:11 EXEC SPC_COM_MENU '1';
2018-08-06 07:40:11 EXEC SPC_W002_LST1 'POST-24';
2018-08-06 07:40:11 EXEC SPC_COM_MENU '1';
2018-08-06 07:40:11 EXEC SPC_COMMON_CATALORUE '1';
2018-08-06 07:40:12 EXEC SPC_COM_MENU '1';
2018-08-06 07:40:12 EXEC SPC_COMMON_GROUP 'CAT-12';
2018-08-06 07:40:16 EXEC SPC_COM_MENU '1';
2018-08-06 07:40:16 EXEC SPC_COMMON_CATALORUE '2';
2018-08-06 07:40:28 EXEC SPC_COM_PERMISSION '1','w002';
2018-08-06 07:40:28 EXEC SPC_COM_MENU '1';
2018-08-06 07:40:28 EXEC SPC_W002_FND1
2018-08-06 07:40:32 EXEC SPC_COM_MENU '1';
2018-08-06 07:40:32 EXEC SPC_W002_LST1 'POST-24';
2018-08-06 07:40:33 EXEC SPC_COM_MENU '1';
2018-08-06 07:40:33 EXEC SPC_COMMON_CATALORUE '1';
2018-08-06 07:40:33 EXEC SPC_COM_MENU '1';
2018-08-06 07:40:33 EXEC SPC_COMMON_GROUP 'CAT-12';
2018-08-06 07:41:46 EXEC SPC_COM_PERMISSION '1','w002';
2018-08-06 07:41:46 EXEC SPC_COM_MENU '1';
2018-08-06 07:41:46 EXEC SPC_W002_FND1
2018-08-06 07:41:49 EXEC SPC_COM_MENU '1';
2018-08-06 07:41:49 EXEC SPC_W002_LST1 'POST-24';
2018-08-06 07:41:49 EXEC SPC_COM_MENU '1';
2018-08-06 07:41:49 EXEC SPC_COMMON_CATALORUE '1';
2018-08-06 07:41:49 EXEC SPC_COM_MENU '1';
2018-08-06 07:41:49 EXEC SPC_COMMON_GROUP 'CAT-12';
2018-08-06 07:41:56 EXEC SPC_COM_MENU '1';
2018-08-06 07:41:56 EXEC SPC_COMMON_CATALORUE '2';
2018-08-06 07:42:12 EXEC SPC_COM_PERMISSION '1','w002';
2018-08-06 07:42:12 EXEC SPC_COM_MENU '1';
2018-08-06 07:42:12 EXEC SPC_W002_FND1
2018-08-06 08:12:03 EXEC SPC_COM_PERMISSION '1','w002';
2018-08-06 08:12:03 EXEC SPC_COM_MENU '1';
2018-08-06 08:12:03 EXEC SPC_W002_FND1
2018-08-06 08:12:06 EXEC SPC_COM_MENU '1';
2018-08-06 08:12:07 EXEC SPC_W002_LST1 'POST-24';
2018-08-06 08:12:07 EXEC SPC_COM_MENU '1';
2018-08-06 08:12:07 EXEC SPC_COMMON_CATALORUE '1';
2018-08-06 08:12:07 EXEC SPC_COM_MENU '1';
2018-08-06 08:12:07 EXEC SPC_COMMON_GROUP 'CAT-12';
2018-08-06 08:12:11 EXEC SPC_COM_MENU '1';
2018-08-06 08:12:11 EXEC SPC_COMMON_CATALORUE '2';
2018-08-06 08:14:20 EXEC SPC_COM_PERMISSION '1','w002';
2018-08-06 08:14:20 EXEC SPC_COM_MENU '1';
2018-08-06 08:14:20 EXEC SPC_W002_FND1
2018-08-06 08:14:24 EXEC SPC_COM_MENU '1';
2018-08-06 08:14:24 EXEC SPC_W002_LST1 'POST-22';
2018-08-06 08:14:24 EXEC SPC_COM_MENU '1';
2018-08-06 08:14:24 EXEC SPC_COMMON_CATALORUE '7';
2018-08-06 08:14:25 EXEC SPC_COM_MENU '1';
2018-08-06 08:14:25 EXEC SPC_COMMON_GROUP 'CAT-1025';
2018-08-06 08:14:38 EXEC SPC_COM_MENU '1';
2018-08-06 08:14:38 EXEC SPC_COMMON_CATALORUE '2';
2018-08-06 08:14:46 EXEC SPC_COM_PERMISSION '1','w002';
2018-08-06 08:14:46 EXEC SPC_COM_MENU '1';
2018-08-06 08:14:46 EXEC SPC_W002_FND1
2018-08-06 08:14:50 EXEC SPC_COM_MENU '1';
2018-08-06 08:14:50 EXEC SPC_COMMON_CATALORUE '2';
2018-08-06 08:15:02 EXEC SPC_COM_PERMISSION '1','w002';
2018-08-06 08:15:02 EXEC SPC_COM_MENU '1';
2018-08-06 08:15:02 EXEC SPC_W002_FND1
2018-08-06 08:15:30 EXEC SPC_COM_MENU '1';
2018-08-06 08:15:30 EXEC SPC_W002_LST1 'POST-24';
2018-08-06 08:15:30 EXEC SPC_COM_MENU '1';
2018-08-06 08:15:30 EXEC SPC_COMMON_CATALORUE '1';
2018-08-06 08:15:31 EXEC SPC_COM_MENU '1';
2018-08-06 08:15:31 EXEC SPC_COMMON_GROUP 'CAT-12';
2018-08-06 08:15:33 EXEC SPC_COM_MENU '1';
2018-08-06 08:15:33 EXEC SPC_COMMON_CATALORUE '2';
2018-08-06 08:18:18 EXEC SPC_COM_PERMISSION '1','w002';
2018-08-06 08:18:18 EXEC SPC_COM_MENU '1';
2018-08-06 08:18:18 EXEC SPC_W002_FND1
2018-08-06 08:18:22 EXEC SPC_COM_MENU '1';
2018-08-06 08:18:22 EXEC SPC_W002_LST1 'POST-24';
2018-08-06 08:18:22 EXEC SPC_COM_MENU '1';
2018-08-06 08:18:22 EXEC SPC_COMMON_CATALORUE '1';
2018-08-06 08:18:23 EXEC SPC_COM_MENU '1';
2018-08-06 08:18:23 EXEC SPC_COMMON_GROUP 'CAT-12';
2018-08-06 08:18:25 EXEC SPC_COM_MENU '1';
2018-08-06 08:18:25 EXEC SPC_COMMON_CATALORUE '2';
2018-08-06 08:18:32 EXEC SPC_COM_MENU '1';
2018-08-06 08:18:32 EXEC SPC_COM_M999_INQ1 '8';
2018-08-06 08:18:33 EXEC SPC_COM_MENU '1';
2018-08-06 08:18:33 EXEC SPC_p003_LST1 '','','','50';
2018-08-06 08:19:53 EXEC SPC_COM_PERMISSION '1','w002';
2018-08-06 08:19:53 EXEC SPC_COM_MENU '1';
2018-08-06 08:19:53 EXEC SPC_W002_FND1
2018-08-06 08:19:58 EXEC SPC_COM_MENU '1';
2018-08-06 08:19:58 EXEC SPC_W002_LST1 'POST-24';
2018-08-06 08:19:58 EXEC SPC_COM_MENU '1';
2018-08-06 08:19:58 EXEC SPC_COMMON_CATALORUE '1';
2018-08-06 08:19:58 EXEC SPC_COM_MENU '1';
2018-08-06 08:19:58 EXEC SPC_COMMON_GROUP 'CAT-12';
2018-08-06 08:20:03 EXEC SPC_COM_MENU '1';
2018-08-06 08:20:03 EXEC SPC_COMMON_CATALORUE '2';
2018-08-06 08:20:11 EXEC SPC_COM_MENU '1';
2018-08-06 08:20:11 EXEC SPC_COM_M999_INQ1 '8';
2018-08-06 08:20:12 EXEC SPC_COM_MENU '1';
2018-08-06 08:20:12 EXEC SPC_p003_LST1 '','','','50';
2018-08-06 08:20:57 EXEC SPC_COM_PERMISSION '1','w002';
2018-08-06 08:20:57 EXEC SPC_COM_MENU '1';
2018-08-06 08:20:57 EXEC SPC_W002_FND1
2018-08-06 08:21:03 EXEC SPC_COM_MENU '1';
2018-08-06 08:21:03 EXEC SPC_W002_LST1 'POST-22';
2018-08-06 08:21:03 EXEC SPC_COM_MENU '1';
2018-08-06 08:21:03 EXEC SPC_COMMON_CATALORUE '7';
2018-08-06 08:21:03 EXEC SPC_COM_MENU '1';
2018-08-06 08:21:03 EXEC SPC_COMMON_GROUP 'CAT-1025';
2018-08-06 08:26:45 EXEC SPC_COM_MENU '1';
2018-08-06 08:26:45 EXEC SPC_W002_LST1 'POST-24';
2018-08-06 08:26:45 EXEC SPC_COM_MENU '1';
2018-08-06 08:26:45 EXEC SPC_COMMON_CATALORUE '1';
2018-08-06 08:26:46 EXEC SPC_COM_MENU '1';
2018-08-06 08:26:46 EXEC SPC_COMMON_GROUP 'CAT-12';
2018-08-06 08:26:48 EXEC SPC_COM_MENU '1';
2018-08-06 08:26:48 EXEC SPC_COMMON_CATALORUE '2';
2018-08-06 08:27:06 EXEC SPC_COM_MENU '1';
2018-08-06 08:27:06 EXEC SPC_COM_M999_INQ1 '8';
2018-08-06 08:27:07 EXEC SPC_COM_MENU '1';
2018-08-06 08:27:07 EXEC SPC_p003_LST1 '','','','50';
2018-08-06 08:28:34 EXEC SPC_COM_PERMISSION '1','w002';
2018-08-06 08:28:34 EXEC SPC_COM_MENU '1';
2018-08-06 08:28:34 EXEC SPC_W002_FND1
2018-08-06 08:28:37 EXEC SPC_COM_MENU '1';
2018-08-06 08:28:37 EXEC SPC_W002_LST1 'POST-22';
2018-08-06 08:28:37 EXEC SPC_COM_MENU '1';
2018-08-06 08:28:37 EXEC SPC_COMMON_CATALORUE '7';
2018-08-06 08:28:37 EXEC SPC_COM_MENU '1';
2018-08-06 08:28:37 EXEC SPC_COMMON_GROUP 'CAT-1025';
2018-08-06 08:28:43 EXEC SPC_COM_MENU '1';
2018-08-06 08:28:43 EXEC SPC_COM_M999_INQ1 '8';
2018-08-06 08:28:44 EXEC SPC_COM_MENU '1';
2018-08-06 08:28:44 EXEC SPC_p003_LST1 '1','go','Đi','50';
2018-08-06 08:29:17 EXEC SPC_COM_PERMISSION '1','w002';
2018-08-06 08:29:17 EXEC SPC_COM_MENU '1';
2018-08-06 08:29:17 EXEC SPC_W002_FND1
2018-08-06 08:29:23 EXEC SPC_COM_MENU '1';
2018-08-06 08:29:23 EXEC SPC_W002_LST1 'POST-24';
2018-08-06 08:29:24 EXEC SPC_COM_MENU '1';
2018-08-06 08:29:24 EXEC SPC_COMMON_CATALORUE '1';
2018-08-06 08:29:24 EXEC SPC_COM_MENU '1';
2018-08-06 08:29:24 EXEC SPC_COMMON_GROUP 'CAT-12';
2018-08-06 08:29:26 EXEC SPC_COM_MENU '1';
2018-08-06 08:29:26 EXEC SPC_COM_M999_INQ1 '8';
2018-08-06 08:29:27 EXEC SPC_COM_MENU '1';
2018-08-06 08:29:27 EXEC SPC_p003_LST1 '1','go','Đi','50';
2018-08-06 08:30:10 EXEC SPC_COM_PERMISSION '1','w002';
2018-08-06 08:30:10 EXEC SPC_COM_MENU '1';
2018-08-06 08:30:10 EXEC SPC_W002_FND1
2018-08-06 08:30:13 EXEC SPC_COM_MENU '1';
2018-08-06 08:30:13 EXEC SPC_W002_LST1 'POST-24';
2018-08-06 08:30:14 EXEC SPC_COM_MENU '1';
2018-08-06 08:30:14 EXEC SPC_COMMON_CATALORUE '1';
2018-08-06 08:30:14 EXEC SPC_COM_MENU '1';
2018-08-06 08:30:14 EXEC SPC_COMMON_GROUP 'CAT-12';
2018-08-06 08:30:16 EXEC SPC_COM_MENU '1';
2018-08-06 08:30:16 EXEC SPC_COMMON_CATALORUE '2';
2018-08-06 08:30:23 EXEC SPC_COM_MENU '1';
2018-08-06 08:30:23 EXEC SPC_COM_M999_INQ1 '8';
2018-08-06 08:30:24 EXEC SPC_COM_MENU '1';
2018-08-06 08:30:24 EXEC SPC_p003_LST1 '','','','50';
2018-08-06 08:30:37 EXEC SPC_COM_PERMISSION '1','w002';
2018-08-06 08:30:37 EXEC SPC_COM_MENU '1';
2018-08-06 08:30:37 EXEC SPC_W002_FND1
2018-08-06 08:31:00 EXEC SPC_COM_MENU '1';
2018-08-06 08:31:00 EXEC SPC_W002_LST1 'POST-22';
2018-08-06 08:31:01 EXEC SPC_COM_MENU '1';
2018-08-06 08:31:01 EXEC SPC_COMMON_CATALORUE '7';
2018-08-06 08:31:01 EXEC SPC_COM_MENU '1';
2018-08-06 08:31:01 EXEC SPC_COMMON_GROUP 'CAT-1025';
2018-08-06 08:31:30 EXEC SPC_COM_PERMISSION '1','w002';
2018-08-06 08:31:30 EXEC SPC_COM_MENU '1';
2018-08-06 08:31:30 EXEC SPC_W002_FND1
2018-08-06 08:31:38 EXEC SPC_COM_MENU '1';
2018-08-06 08:31:38 EXEC SPC_W002_LST1 'POST-22';
2018-08-06 08:31:38 EXEC SPC_COM_MENU '1';
2018-08-06 08:31:38 EXEC SPC_COMMON_CATALORUE '7';
2018-08-06 08:31:39 EXEC SPC_COM_MENU '1';
2018-08-06 08:31:39 EXEC SPC_COMMON_GROUP 'CAT-1025';
2018-08-06 08:31:46 EXEC SPC_COM_MENU '1';
2018-08-06 08:31:46 EXEC SPC_COMMON_CATALORUE '1';
2018-08-06 08:31:48 EXEC SPC_COM_MENU '1';
2018-08-06 08:31:48 EXEC SPC_COMMON_CATALORUE '2';
2018-08-06 08:31:58 EXEC SPC_COM_MENU '1';
2018-08-06 08:31:58 EXEC SPC_W002_LST1 'POST-24';
2018-08-06 08:31:59 EXEC SPC_COM_MENU '1';
2018-08-06 08:31:59 EXEC SPC_COMMON_CATALORUE '1';
2018-08-06 08:31:59 EXEC SPC_COM_MENU '1';
2018-08-06 08:31:59 EXEC SPC_COMMON_GROUP 'CAT-12';
2018-08-06 08:32:01 EXEC SPC_COM_MENU '1';
2018-08-06 08:32:01 EXEC SPC_COMMON_CATALORUE '2';
2018-08-06 08:32:12 EXEC SPC_COM_MENU '1';
2018-08-06 08:32:12 EXEC SPC_COM_M999_INQ1 '8';
2018-08-06 08:32:13 EXEC SPC_COM_MENU '1';
2018-08-06 08:32:13 EXEC SPC_p003_LST1 '','','','50';
2018-08-06 08:33:09 EXEC SPC_COM_PERMISSION '1','w002';
2018-08-06 08:33:09 EXEC SPC_COM_MENU '1';
2018-08-06 08:33:09 EXEC SPC_W002_FND1
2018-08-06 08:36:19 EXEC SPC_COM_MENU '1';
2018-08-06 08:36:19 EXEC SPC_COMMON_CATALORUE '1';
2018-08-06 08:36:29 EXEC SPC_COM_MENU '1';
2018-08-06 08:36:29 EXEC SPC_COMMON_CATALORUE '2';
2018-08-06 08:36:31 EXEC SPC_COM_MENU '1';
2018-08-06 08:36:31 EXEC SPC_COMMON_CATALORUE '3';
2018-08-06 08:36:33 EXEC SPC_COM_MENU '1';
2018-08-06 08:36:33 EXEC SPC_COMMON_CATALORUE '5';
2018-08-06 08:36:36 EXEC SPC_COM_MENU '1';
2018-08-06 08:36:36 EXEC SPC_COMMON_GROUP 'CAT-9';
2018-08-06 08:36:44 EXEC SPC_COM_MENU '1';
2018-08-06 08:36:44 EXEC SPC_COMMON_CATALORUE '';
2018-08-06 08:36:47 EXEC SPC_COM_MENU '1';
2018-08-06 08:36:47 EXEC SPC_COMMON_CATALORUE '6';
2018-08-06 08:38:25 EXEC SPC_COM_MENU '1';
2018-08-06 08:38:25 EXEC SPC_COMMON_CATALORUE '';
2018-08-06 08:38:28 EXEC SPC_COM_MENU '1';
2018-08-06 08:38:28 EXEC SPC_COMMON_CATALORUE '2';
2018-08-06 08:38:33 EXEC SPC_COM_MENU '1';
2018-08-06 08:38:33 EXEC SPC_W002_LST1 'POST-22';
2018-08-06 08:38:34 EXEC SPC_COM_MENU '1';
2018-08-06 08:38:34 EXEC SPC_COMMON_CATALORUE '7';
2018-08-06 08:38:34 EXEC SPC_COM_MENU '1';
2018-08-06 08:38:34 EXEC SPC_COMMON_GROUP 'CAT-1025';
2018-08-06 10:00:44 EXEC SPC_COM_PERMISSION '1','w002';
2018-08-06 10:00:44 EXEC SPC_COM_MENU '1';
2018-08-06 10:00:44 EXEC SPC_W002_FND1
2018-08-06 10:00:46 EXEC SPC_COM_MENU '1';
2018-08-06 10:00:46 EXEC SPC_COMMON_CATALORUE '1';
2018-08-06 10:00:48 EXEC SPC_COM_MENU '1';
2018-08-06 10:00:48 EXEC SPC_COMMON_GROUP 'CAT-12';
2018-08-06 10:00:52 EXEC SPC_COM_MENU '1';
2018-08-06 10:00:52 EXEC SPC_COM_M999_INQ1 '8';
2018-08-06 10:00:53 EXEC SPC_COM_MENU '1';
2018-08-06 10:00:53 EXEC SPC_p003_LST1 '','','','50';
2018-08-06 10:01:39 EXEC SPC_COM_MENU '1';
2018-08-06 10:01:39 EXEC SPC_w002_ACT1 '','1','CAT-12','GRO-14','','','','','0','<row vocabulary_id="VOC-1" vocabulary_dtl_id="1" vocabulary_div="1" vocabulary_nm="go" spelling="gou" mean="Đi" explain="go some where" /><row edit-confirm="1" vocabulary_id="VOC-1" vocabulary_dtl_id="1" vocabulary_div="1" vocabulary_nm="gone" spelling="gou" mean="đã đi" explain="go some where" />','','ndq809','127.0.0.1';
2018-08-06 10:01:41 EXEC SPC_COM_MENU '1';
2018-08-06 10:01:41 EXEC SPC_W002_LST1 'POST-26';
2018-08-06 10:01:41 EXEC SPC_COM_MENU '1';
2018-08-06 10:01:41 EXEC SPC_COMMON_CATALORUE '1';
2018-08-06 10:01:42 EXEC SPC_COM_MENU '1';
2018-08-06 10:01:42 EXEC SPC_COMMON_GROUP 'CAT-12';
2018-08-06 10:23:05 EXEC SPC_COM_PERMISSION '1','w002';
2018-08-06 10:23:05 EXEC SPC_COM_MENU '1';
2018-08-06 10:23:05 EXEC SPC_W002_FND1
2018-08-06 10:23:08 EXEC SPC_COM_MENU '1';
2018-08-06 10:23:08 EXEC SPC_COMMON_CATALORUE '1';
2018-08-06 10:23:10 EXEC SPC_COM_MENU '1';
2018-08-06 10:23:10 EXEC SPC_COMMON_GROUP 'CAT-12';
2018-08-06 10:23:14 EXEC SPC_COM_MENU '1';
2018-08-06 10:23:14 EXEC SPC_COM_M999_INQ1 '8';
2018-08-06 10:23:15 EXEC SPC_COM_MENU '1';
2018-08-06 10:23:15 EXEC SPC_p003_LST1 '','','','50';
2018-08-06 10:23:15 SQLSTATE[42S22]: [Microsoft][ODBC Driver 13 for SQL Server][SQL Server]列名 'generate_id' が無効です。
2018-08-06 10:26:53 EXEC SPC_COM_PERMISSION '1','w002';
2018-08-06 10:26:53 EXEC SPC_COM_MENU '1';
2018-08-06 10:26:53 EXEC SPC_W002_FND1
2018-08-06 10:26:55 EXEC SPC_COM_MENU '1';
2018-08-06 10:26:55 EXEC SPC_COMMON_CATALORUE '1';
2018-08-06 10:26:57 EXEC SPC_COM_MENU '1';
2018-08-06 10:26:57 EXEC SPC_COMMON_GROUP 'CAT-12';
2018-08-06 10:27:01 EXEC SPC_COM_MENU '1';
2018-08-06 10:27:01 EXEC SPC_COM_M999_INQ1 '8';
2018-08-06 10:27:02 EXEC SPC_COM_MENU '1';
2018-08-06 10:27:02 EXEC SPC_p003_LST1 '','','','50';
2018-08-06 10:27:32 EXEC SPC_COM_MENU '1';
2018-08-06 10:27:32 EXEC SPC_COMMON_CATALORUE '3';
2018-08-06 10:28:17 EXEC SPC_COM_MENU '1';
2018-08-06 10:28:17 EXEC SPC_COMMON_GROUP 'CAT-8';
2018-08-06 10:29:29 EXEC SPC_COM_MENU '1';
2018-08-06 10:29:30 EXEC SPC_w002_ACT1 '','3','CAT-8','GRO-6','khóc thôi awe','<p>quất lu&ocirc;n ko phải nghĩ</p>
','/web-content/audio/listeningAudio/audio_5b68230a094f7.mp3','audio_5b68230a094f7.mp3','1','<row edit-confirm="1" vocabulary_id="" vocabulary_dtl_id="" vocabulary_div="1" vocabulary_nm="Quý" spelling="クイ" mean="đập chai" explain="hehehe" />','','ndq809','127.0.0.1';
2018-08-06 10:29:32 EXEC SPC_COM_MENU '1';
2018-08-06 10:29:32 EXEC SPC_W002_LST1 'POST-1';
2018-08-06 10:29:32 EXEC SPC_COM_MENU '1';
2018-08-06 10:29:32 EXEC SPC_COMMON_CATALORUE '3';
2018-08-06 10:29:33 EXEC SPC_COM_MENU '1';
2018-08-06 10:29:33 EXEC SPC_COMMON_GROUP 'CAT-8';
2018-08-06 10:29:44 EXEC SPC_COM_MENU '1';
2018-08-06 10:29:44 EXEC SPC_COMMON_CATALORUE '1';
2018-08-06 10:29:55 EXEC SPC_COM_MENU '1';
2018-08-06 10:29:55 EXEC SPC_W002_LST1 '';
2018-08-06 10:29:55 EXEC SPC_COM_MENU '1';
2018-08-06 10:29:55 EXEC SPC_COMMON_CATALORUE '';
2018-08-06 10:29:57 EXEC SPC_COM_MENU '1';
2018-08-06 10:29:57 EXEC SPC_COMMON_CATALORUE '1';
2018-08-06 10:30:00 EXEC SPC_COM_MENU '1';
2018-08-06 10:30:00 EXEC SPC_COM_M999_INQ1 '8';
2018-08-06 10:30:01 EXEC SPC_COM_MENU '1';
2018-08-06 10:30:01 EXEC SPC_p003_LST1 '','','','50';
2018-08-06 10:30:09 EXEC SPC_COM_MENU '1';
2018-08-06 10:30:09 EXEC SPC_COMMON_GROUP 'CAT-12';
2018-08-06 10:30:50 EXEC SPC_COM_MENU '1';
2018-08-06 10:30:50 EXEC SPC_w002_ACT1 '','1','CAT-12','GRO-14','','','','','0','<row vocabulary_id="1" vocabulary_dtl_id="1" vocabulary_div="1" vocabulary_nm="Quý" spelling="クイ" mean="đập chai" explain="hehehe" /><row edit-confirm="1" vocabulary_id="1" vocabulary_dtl_id="1" vocabulary_div="3" vocabulary_nm="Quý1" spelling="クイ1" mean="đập chai1" explain="hehehe1" /><row edit-confirm="1" vocabulary_id="1" vocabulary_dtl_id="1" vocabulary_div="2" vocabulary_nm="Quý2" spelling="クイ2" mean="đập chai2" explain="hehehe2" />','','ndq809','127.0.0.1';
2018-08-06 10:31:01 EXEC SPC_COM_MENU '1';
2018-08-06 10:31:01 EXEC SPC_w002_ACT1 '','1','CAT-12','GRO-14','','','','','0','<row vocabulary_id="1" vocabulary_dtl_id="1" vocabulary_div="1" vocabulary_nm="Quý" spelling="クイ" mean="đập chai" explain="hehehe" /><row edit-confirm="1" vocabulary_id="1" vocabulary_dtl_id="1" vocabulary_div="3" vocabulary_nm="Quý1" spelling="クイ1" mean="đập chai1" explain="hehehe1" /><row edit-confirm="1" vocabulary_id="1" vocabulary_dtl_id="1" vocabulary_div="2" vocabulary_nm="Quý2" spelling="クイ2" mean="đập chai2" explain="hehehe2" />','','ndq809','127.0.0.1';
2018-08-06 10:32:03 EXEC SPC_COM_MENU '1';
2018-08-06 10:32:03 EXEC SPC_w002_ACT1 '','1','CAT-12','GRO-14','','','','','0','<row vocabulary_id="1" vocabulary_dtl_id="1" vocabulary_div="1" vocabulary_nm="Quý" spelling="クイ" mean="đập chai" explain="hehehe" /><row edit-confirm="1" vocabulary_id="1" vocabulary_dtl_id="1" vocabulary_div="3" vocabulary_nm="Quý1" spelling="クイ1" mean="đập chai1" explain="hehehe1" />','','ndq809','127.0.0.1';
2018-08-06 10:32:05 EXEC SPC_COM_MENU '1';
2018-08-06 10:32:05 EXEC SPC_W002_LST1 'POST-2';
2018-08-06 10:32:05 EXEC SPC_COM_MENU '1';
2018-08-06 10:32:05 EXEC SPC_COMMON_CATALORUE '1';
2018-08-06 10:32:06 EXEC SPC_COM_MENU '1';
2018-08-06 10:32:06 EXEC SPC_COMMON_GROUP 'CAT-12';
2018-08-06 10:34:54 EXEC SPC_COM_MENU '1';
2018-08-06 10:34:54 EXEC SPC_W002_LST1 'POST-1';
2018-08-06 10:34:54 EXEC SPC_COM_MENU '1';
2018-08-06 10:34:54 EXEC SPC_COMMON_CATALORUE '3';
2018-08-06 10:34:55 EXEC SPC_COM_MENU '1';
2018-08-06 10:34:55 EXEC SPC_COMMON_GROUP 'CAT-8';
