2018-12-07 07:48:30 EXEC SPC_COM_DATA 'khoai','2','1';
2018-12-07 07:48:30 EXEC SPC_RELAX_LST2 '','1','1','1','0','','khoai';
2018-12-07 07:48:43 EXEC SPC_COM_DATA 'khoai','2','1';
2018-12-07 07:48:43 EXEC SPC_RELAX_LST2 '','2','1','1','4','','khoai';
2018-12-07 07:48:46 EXEC SPC_COM_DATA 'khoai','2','1';
2018-12-07 07:48:46 EXEC SPC_RELAX_LST2 '','2','2','1','5','','khoai';
2018-12-07 07:48:49 EXEC SPC_COM_DATA 'khoai','2','1';
2018-12-07 07:48:49 EXEC SPC_RELAX_LST2 '','2','2','2','6','','khoai';
2018-12-07 07:49:11 EXEC SPC_COM_DATA 'khoai','2','1';
2018-12-07 07:49:11 EXEC SPC_RELAX_ACT2 '31','khoai','127.0.0.1';
2018-12-07 07:57:32 EXEC SPC_COM_DATA 'khoai','2','1';
2018-12-07 07:57:32 EXEC SPC_RELAX_LST1 '43','khoai';
2018-12-07 07:57:34 EXEC SPC_COM_DATA 'khoai','2','1';
2018-12-07 07:57:34 EXEC SPC_RELAX_LST2 '43','1','1','1','0','','khoai';
2018-12-07 07:57:36 EXEC SPC_COM_DATA 'khoai','2','1';
2018-12-07 07:57:36 EXEC SPC_RELAX_LST1 '44','khoai';
2018-12-07 07:57:37 EXEC SPC_COM_DATA 'khoai','2','1';
2018-12-07 07:57:37 EXEC SPC_RELAX_LST2 '44','1','1','1','0','','khoai';
2018-12-07 07:57:45 EXEC SPC_COM_DATA 'khoai','2','1';
2018-12-07 07:57:45 EXEC SPC_RELAX_LST1 '44','khoai';
2018-12-07 07:57:45 EXEC SPC_COM_DATA 'khoai','2','1';
2018-12-07 07:57:45 EXEC SPC_RELAX_LST2 '44','1','1','1','0','','khoai';
2018-12-07 07:58:03 EXEC SPC_COM_DATA 'khoai','2','1';
2018-12-07 07:58:03 EXEC SPC_RELAX_LST1 '44','khoai';
2018-12-07 07:58:04 EXEC SPC_COM_DATA 'khoai','2','1';
2018-12-07 07:58:04 EXEC SPC_RELAX_LST2 '44','1','1','1','0','','khoai';
2018-12-07 07:58:13 EXEC SPC_COM_DATA 'khoai','2','1';
2018-12-07 07:58:13 EXEC SPC_RELAX_LST2 '44','1','1','1','0','','khoai';
2018-12-07 07:58:17 EXEC SPC_COM_DATA 'khoai','2','1';
2018-12-07 07:58:17 EXEC SPC_RELAX_LST2 '44','1','1','1','<row tag_id="77" /><row tag_id="78" />','0','khoai';
2018-12-07 07:58:17 SQLSTATE[42000]: [Microsoft][ODBC Driver 13 for SQL Server][SQL Server]データ型 nvarchar を int に変換中にエラーが発生しました。
2018-12-07 07:58:20 EXEC SPC_COM_DATA 'khoai','2','1';
2018-12-07 07:58:20 EXEC SPC_RELAX_LST1 '31','khoai';
2018-12-07 07:58:21 EXEC SPC_COM_DATA 'khoai','2','1';
2018-12-07 07:58:21 EXEC SPC_RELAX_LST2 '31','1','1','1','0','','khoai';
2018-12-07 07:58:22 EXEC SPC_COM_DATA 'khoai','2','1';
2018-12-07 07:58:22 EXEC SPC_RELAX_LST2 '','1','1','1','<row tag_id="77" /><row tag_id="78" />','0','khoai';
2018-12-07 07:58:22 SQLSTATE[42000]: [Microsoft][ODBC Driver 13 for SQL Server][SQL Server]データ型 nvarchar を int に変換中にエラーが発生しました。
2018-12-07 07:58:44 EXEC SPC_COM_DATA 'khoai','2','1';
2018-12-07 07:58:44 EXEC SPC_RELAX_ACT2 '31','khoai','127.0.0.1';
2018-12-07 07:59:07 EXEC SPC_COM_DATA 'khoai','2','1';
2018-12-07 07:59:07 EXEC SPC_RELAX_LST2 '','1','1','1','<row tag_id="77" /><row tag_id="78" />','0','khoai';
2018-12-07 07:59:07 SQLSTATE[42000]: [Microsoft][ODBC Driver 13 for SQL Server][SQL Server]データ型 nvarchar を int に変換中にエラーが発生しました。
2018-12-07 07:59:37 EXEC SPC_COM_DATA 'khoai','2','1';
2018-12-07 07:59:37 EXEC SPC_RELAX_LST2 '','1','1','1','<row tag_id="77" /><row tag_id="78" />','0','khoai';
2018-12-07 07:59:45 EXEC SPC_COM_DATA 'khoai','2','1';
2018-12-07 07:59:45 EXEC SPC_RELAX_LST2 '','1','1','1','0','','khoai';
2018-12-07 07:59:53 EXEC SPC_COM_DATA 'khoai','2','1';
2018-12-07 07:59:53 EXEC SPC_RELAX_LST1 '44','khoai';
2018-12-07 07:59:54 EXEC SPC_COM_DATA 'khoai','2','1';
2018-12-07 07:59:54 EXEC SPC_RELAX_LST2 '44','1','1','1','0','','khoai';
2018-12-07 08:05:14 EXEC SPC_COM_DATA 'khoai','2','1';
2018-12-07 08:05:14 EXEC SPC_RELAX_LST1 '42','khoai';
2018-12-07 08:05:14 EXEC SPC_COM_DATA 'khoai','2','1';
2018-12-07 08:05:14 EXEC SPC_RELAX_LST2 '42','1','1','1','0','','khoai';
2018-12-07 08:05:18 EXEC SPC_COM_DATA 'khoai','2','1';
2018-12-07 08:05:18 EXEC SPC_RELAX_LST1 '43','khoai';
2018-12-07 08:05:19 EXEC SPC_COM_DATA 'khoai','2','1';
2018-12-07 08:05:19 EXEC SPC_RELAX_LST2 '43','1','1','1','0','','khoai';
2018-12-07 08:05:24 EXEC SPC_COM_DATA 'khoai','2','1';
2018-12-07 08:05:24 EXEC SPC_RELAX_LST1 '29','khoai';
2018-12-07 08:05:25 EXEC SPC_COM_DATA 'khoai','2','1';
2018-12-07 08:05:25 EXEC SPC_RELAX_LST2 '29','1','1','1','0','','khoai';
2018-12-07 08:05:27 EXEC SPC_COM_DATA 'khoai','2','1';
2018-12-07 08:05:27 EXEC SPC_RELAX_LST1 '44','khoai';
2018-12-07 08:05:27 EXEC SPC_COM_DATA 'khoai','2','1';
2018-12-07 08:05:27 EXEC SPC_RELAX_LST2 '44','1','1','1','0','','khoai';
2018-12-07 08:07:08 EXEC SPC_COM_DATA 'khoai','2','1';
2018-12-07 08:07:08 EXEC SPC_RELAX_LST2 '44','1','1','2','6','','khoai';
2018-12-07 08:07:14 EXEC SPC_COM_DATA 'khoai','2','1';
2018-12-07 08:07:14 EXEC SPC_RELAX_LST2 '','1','1','1','<row tag_id="78" />','0','khoai';
2018-12-07 08:07:45 EXEC SPC_COM_DATA 'khoai','2','1';
2018-12-07 08:07:45 EXEC SPC_RELAX_ACT2 '31','khoai','127.0.0.1';
2018-12-07 08:26:06 EXEC SPC_COM_DATA 'khoai','2','1';
2018-12-07 08:26:06 EXEC SPC_RELAX_LST1 '44','khoai';
2018-12-07 08:26:10 EXEC SPC_COM_DATA 'khoai','2','1';
2018-12-07 08:26:10 EXEC SPC_RELAX_LST2 '44','1','1','1','0','','khoai';
2018-12-07 08:26:14 EXEC SPC_COM_DATA 'khoai','2','1';
2018-12-07 08:26:14 EXEC SPC_RELAX_LST1 '40','khoai';
2018-12-07 08:26:15 EXEC SPC_COM_DATA 'khoai','2','1';
2018-12-07 08:26:15 EXEC SPC_RELAX_LST2 '40','1','1','1','0','','khoai';
2018-12-07 08:26:18 EXEC SPC_COM_DATA 'khoai','2','1';
2018-12-07 08:26:18 EXEC SPC_RELAX_LST1 '37','khoai';
2018-12-07 08:26:18 EXEC SPC_COM_DATA 'khoai','2','1';
2018-12-07 08:26:18 EXEC SPC_RELAX_LST2 '37','1','1','1','0','','khoai';
2018-12-07 08:26:21 EXEC SPC_COM_DATA 'khoai','2','1';
2018-12-07 08:26:21 EXEC SPC_RELAX_LST1 '30','khoai';
2018-12-07 08:26:21 EXEC SPC_COM_DATA 'khoai','2','1';
2018-12-07 08:26:21 EXEC SPC_RELAX_LST2 '30','1','1','1','0','','khoai';
2018-12-07 08:26:26 EXEC SPC_COM_DATA 'khoai','2','1';
2018-12-07 08:26:26 EXEC SPC_RELAX_LST1 '41','khoai';
2018-12-07 08:26:27 EXEC SPC_COM_DATA 'khoai','2','1';
2018-12-07 08:26:27 EXEC SPC_RELAX_LST2 '41','1','1','1','0','','khoai';
2018-12-07 08:26:31 EXEC SPC_COM_DATA 'khoai','2','1';
2018-12-07 08:26:31 EXEC SPC_RELAX_LST1 '43','khoai';
2018-12-07 08:26:32 EXEC SPC_COM_DATA 'khoai','2','1';
2018-12-07 08:26:32 EXEC SPC_RELAX_LST2 '43','1','1','1','0','','khoai';
2018-12-07 08:26:37 EXEC SPC_COM_DATA 'khoai','2','1';
2018-12-07 08:26:37 EXEC SPC_RELAX_ACT2 '43','khoai','127.0.0.1';
2018-12-07 08:27:27 EXEC SPC_COM_DATA 'khoai','2','1';
2018-12-07 08:27:27 EXEC SPC_RELAX_LST1 '42','khoai';
2018-12-07 08:27:28 EXEC SPC_COM_DATA 'khoai','2','1';
2018-12-07 08:27:28 EXEC SPC_RELAX_LST2 '42','1','1','1','0','','khoai';
2018-12-07 08:27:30 EXEC SPC_COM_DATA 'khoai','2','1';
2018-12-07 08:27:30 EXEC SPC_RELAX_LST1 '41','khoai';
2018-12-07 08:27:30 EXEC SPC_COM_DATA 'khoai','2','1';
2018-12-07 08:27:30 EXEC SPC_RELAX_LST2 '41','1','1','1','0','','khoai';
2018-12-07 08:27:34 EXEC SPC_COM_DATA 'khoai','2','1';
2018-12-07 08:27:34 EXEC SPC_RELAX_LST1 '44','khoai';
2018-12-07 08:27:34 EXEC SPC_COM_DATA 'khoai','2','1';
2018-12-07 08:27:34 EXEC SPC_RELAX_LST2 '44','1','1','1','0','','khoai';
2018-12-07 08:27:37 EXEC SPC_COM_DATA 'khoai','2','1';
2018-12-07 08:27:37 EXEC SPC_RELAX_LST1 '40','khoai';
2018-12-07 08:27:37 EXEC SPC_COM_DATA 'khoai','2','1';
2018-12-07 08:27:37 EXEC SPC_RELAX_LST2 '40','1','1','1','0','','khoai';
2018-12-07 08:27:41 EXEC SPC_COM_DATA 'khoai','2','1';
2018-12-07 08:27:41 EXEC SPC_RELAX_LST2 '','1','1','1','<row tag_id="73" /><row tag_id="75" />','0','khoai';
2018-12-07 08:27:52 EXEC SPC_COM_DATA 'khoai','2','1';
2018-12-07 08:27:52 EXEC SPC_RELAX_LST2 '','1','1','1','0','','khoai';
2018-12-07 08:28:10 EXEC SPC_COM_DATA 'khoai','2','1';
2018-12-07 08:28:10 EXEC SPC_RELAX_ACT2 '27','khoai','127.0.0.1';
2018-12-07 08:37:00 EXEC SPC_COM_DATA 'khoai','2','1';
2018-12-07 08:37:00 EXEC SPC_SOCIAL_LST1 '','khoai';
2018-12-07 08:37:01 EXEC SPC_COM_DATA 'khoai','2','1';
2018-12-07 08:37:01 EXEC SPC_SOCIAL_LST2 '','1','','khoai';
2018-12-07 08:37:03 EXEC SPC_COM_DATA 'khoai','2','1';
2018-12-07 08:37:03 EXEC SPC_SOCIAL_LST1 '16','khoai';
2018-12-07 08:37:04 EXEC SPC_COM_DATA 'khoai','2','1';
2018-12-07 08:37:04 EXEC SPC_SOCIAL_LST2 '16','1','','khoai';
2018-12-07 08:37:06 EXEC SPC_COM_DATA 'khoai','2','1';
2018-12-07 08:37:06 EXEC SPC_SOCIAL_LST1 '21','khoai';
2018-12-07 08:37:07 EXEC SPC_COM_DATA 'khoai','2','1';
2018-12-07 08:37:07 EXEC SPC_SOCIAL_LST2 '21','1','','khoai';
2018-12-07 08:37:12 EXEC SPC_COM_DATA 'khoai','2','1';
2018-12-07 08:37:12 EXEC SPC_SOCIAL_ACT2 '21','khoai','127.0.0.1';
2018-12-07 08:38:52 EXEC SPC_COM_DATA 'khoai','2','1';
2018-12-07 08:38:52 EXEC SPC_SOCIAL_LST1 '21','khoai';
2018-12-07 08:38:53 EXEC SPC_COM_DATA 'khoai','2','1';
2018-12-07 08:38:53 EXEC SPC_SOCIAL_LST2 '21','1','','khoai';
2018-12-07 08:38:55 EXEC SPC_COM_DATA 'khoai','2','1';
2018-12-07 08:38:55 EXEC SPC_SOCIAL_LST2 '','2','','khoai';
2018-12-07 08:38:56 EXEC SPC_COM_DATA 'khoai','2','1';
2018-12-07 08:38:56 EXEC SPC_SOCIAL_LST2 '','3','','khoai';
2018-12-07 08:39:01 EXEC SPC_COM_DATA 'khoai','2','1';
2018-12-07 08:39:02 EXEC SPC_SOCIAL_ACT2 '21','khoai','127.0.0.1';
2018-12-07 08:46:44 EXEC SPC_COM_DATA 'khoai','2','1';
2018-12-07 08:46:44 EXEC SPC_RELAX_LST1 '','khoai';
2018-12-07 08:46:45 EXEC SPC_COM_DATA 'khoai','2','1';
2018-12-07 08:46:45 EXEC SPC_RELAX_LST2 '','1','1','1','0','','khoai';
2018-12-07 08:46:52 EXEC SPC_COM_DATA 'khoai','2','1';
2018-12-07 08:46:52 EXEC SPC_COM_MENU '2';
