2018-10-03 00:01:59 EXEC SPC_COM_DATA '','','';
2018-10-03 00:02:02 EXEC SPC_COM_DATA '','','';
2018-10-03 00:02:02 EXEC SPC_LISTENING_LST1 '','','','';
2018-10-03 00:02:03 EXEC SPC_COM_DATA '','','';
2018-10-03 00:02:03 EXEC SPC_LISTENING_LST2 '8','8','';
2018-10-03 00:02:33 EXEC SPC_COM_DATA '','','';
2018-10-03 00:02:33 EXEC SPC_COM_GET_MORE_COMMENT '1','1';
2018-10-03 00:02:38 EXEC SPC_COM_DATA '','','';
2018-10-03 00:02:38 EXEC SPC_COM_GET_MORE_COMMENT '4','1';
2018-10-03 00:02:45 EXEC SPC_COM_DATA '','','';
2018-10-03 00:02:45 EXEC SPC_COM_GET_MORE_COMMENT '5','1';
2018-10-03 00:03:26 EXEC SPC_COM_DATA '','','';
2018-10-03 00:03:26 EXEC SPC_LISTENING_LST1 '9','','8','8';
2018-10-03 00:03:27 EXEC SPC_COM_DATA '','','';
2018-10-03 00:03:27 EXEC SPC_LISTENING_LST2 '8','8','';
2018-10-03 00:03:29 EXEC SPC_COM_DATA '','','';
2018-10-03 00:03:29 EXEC SPC_COM_GET_MORE_COMMENT '1','1';
2018-10-03 00:07:30 EXEC SPC_COM_DATA '','','';
2018-10-03 00:07:30 EXEC SPC_LISTENING_LST1 '9','','8','8';
2018-10-03 00:07:31 EXEC SPC_COM_DATA '','','';
2018-10-03 00:07:31 EXEC SPC_LISTENING_LST2 '8','8','';
2018-10-03 00:07:33 EXEC SPC_COM_DATA '','','';
2018-10-03 00:07:33 EXEC SPC_COM_GET_MORE_COMMENT '1','1';
2018-10-03 00:07:35 EXEC SPC_COM_DATA '','','';
2018-10-03 00:07:35 EXEC SPC_COM_GET_MORE_COMMENT '4','1';
2018-10-03 00:07:38 EXEC SPC_COM_DATA '','','';
2018-10-03 00:07:38 EXEC SPC_COM_GET_MORE_COMMENT '5','1';
2018-10-03 00:07:45 EXEC SPC_COM_DATA '','','';
2018-10-03 00:07:45 EXEC SPC_LISTENING_LST1 '9','','8','8';
2018-10-03 00:07:46 EXEC SPC_COM_DATA '','','';
2018-10-03 00:07:46 EXEC SPC_LISTENING_LST2 '8','8','';
2018-10-03 00:07:49 EXEC SPC_COM_DATA '','','';
2018-10-03 00:07:49 EXEC SPC_COM_GET_MORE_COMMENT '1','1';
2018-10-03 00:07:56 EXEC SPC_COM_DATA '','','';
2018-10-03 00:07:56 EXEC SPC_COM_GET_MORE_COMMENT '4','1';
2018-10-03 00:07:59 EXEC SPC_COM_DATA '','','';
2018-10-03 00:07:59 EXEC SPC_COM_GET_MORE_COMMENT '5','1';
2018-10-03 00:08:25 EXEC SPC_COM_DATA '','','';
2018-10-03 00:08:25 EXEC SPC_LISTENING_LST1 '9','','8','8';
2018-10-03 00:08:25 EXEC SPC_COM_DATA '','','';
2018-10-03 00:08:25 EXEC SPC_LISTENING_LST2 '8','8','';
2018-10-03 00:08:30 EXEC SPC_COM_DATA '','','';
2018-10-03 00:08:30 EXEC SPC_COM_GET_MORE_COMMENT '1','1';
2018-10-03 00:08:35 EXEC SPC_COM_DATA '','','';
2018-10-03 00:08:35 EXEC SPC_COM_GET_MORE_COMMENT '4','1';
2018-10-03 00:08:37 EXEC SPC_COM_DATA '','','';
2018-10-03 00:08:37 EXEC SPC_COM_GET_MORE_COMMENT '5','1';
2018-10-03 00:08:57 EXEC SPC_COM_DATA '','','';
2018-10-03 00:08:57 EXEC SPC_LISTENING_LST1 '9','','8','8';
2018-10-03 00:08:58 EXEC SPC_COM_DATA '','','';
2018-10-03 00:08:58 EXEC SPC_LISTENING_LST2 '8','8','';
2018-10-03 00:09:20 EXEC SPC_COM_DATA '','','';
2018-10-03 00:09:20 EXEC SPC_LISTENING_LST1 '9','','8','8';
2018-10-03 00:09:21 EXEC SPC_COM_DATA '','','';
2018-10-03 00:09:21 EXEC SPC_LISTENING_LST2 '8','8','';
2018-10-03 00:09:23 EXEC SPC_COM_DATA '','','';
2018-10-03 00:09:23 EXEC SPC_COM_GET_MORE_COMMENT '1','1';
2018-10-03 00:10:16 EXEC SPC_COM_DATA '','','';
2018-10-03 00:10:16 EXEC SPC_LISTENING_LST1 '9','','8','8';
2018-10-03 00:10:17 EXEC SPC_COM_DATA '','','';
2018-10-03 00:10:17 EXEC SPC_LISTENING_LST2 '8','8','';
2018-10-03 00:10:19 EXEC SPC_COM_DATA '','','';
2018-10-03 00:10:19 EXEC SPC_COM_GET_MORE_COMMENT '4','1';
2018-10-03 00:10:22 EXEC SPC_COM_DATA '','','';
2018-10-03 00:10:22 EXEC SPC_COM_GET_MORE_COMMENT '5','1';
2018-10-03 00:10:24 EXEC SPC_COM_DATA '','','';
2018-10-03 00:10:24 EXEC SPC_LISTENING_LST1 '9','','8','8';
2018-10-03 00:10:25 EXEC SPC_COM_DATA '','','';
2018-10-03 00:10:25 EXEC SPC_LISTENING_LST2 '8','8','';
2018-10-03 00:13:59 EXEC SPC_COM_DATA '','','';
2018-10-03 00:13:59 EXEC SPC_LISTENING_LST1 '9','','8','8';
2018-10-03 00:14:00 EXEC SPC_COM_DATA '','','';
2018-10-03 00:14:00 EXEC SPC_LISTENING_LST2 '8','8','';
2018-10-03 00:14:01 EXEC SPC_COM_DATA '','','';
2018-10-03 00:14:01 EXEC SPC_COM_GET_MORE_COMMENT '1','1';
2018-10-03 00:14:04 EXEC SPC_COM_DATA '','','';
2018-10-03 00:14:04 EXEC SPC_COM_GET_MORE_COMMENT '4','1';
2018-10-03 00:14:15 EXEC SPC_COM_DATA '','','';
2018-10-03 00:14:15 EXEC SPC_COM_GET_MORE_COMMENT '5','1';
2018-10-03 00:15:40 EXEC SPC_COM_DATA '','','';
2018-10-03 00:15:40 EXEC SPC_LISTENING_LST1 '9','','8','8';
2018-10-03 00:15:41 EXEC SPC_COM_DATA '','','';
2018-10-03 00:15:41 EXEC SPC_LISTENING_LST2 '8','8','';
2018-10-03 00:15:42 EXEC SPC_COM_DATA '','','';
2018-10-03 00:15:42 EXEC SPC_COM_GET_MORE_COMMENT '1','1';
2018-10-03 00:17:14 EXEC SPC_COM_DATA '','','';
2018-10-03 00:17:14 EXEC SPC_LISTENING_LST1 '9','','8','8';
2018-10-03 00:17:14 EXEC SPC_COM_DATA '','','';
2018-10-03 00:17:14 EXEC SPC_LISTENING_LST2 '8','8','';
2018-10-03 00:17:16 EXEC SPC_COM_DATA '','','';
2018-10-03 00:17:16 EXEC SPC_COM_GET_MORE_COMMENT '1','1';
2018-10-03 00:17:18 EXEC SPC_COM_DATA '','','';
2018-10-03 00:17:18 EXEC SPC_COM_GET_MORE_COMMENT '1','1';
2018-10-03 00:17:40 EXEC SPC_COM_DATA '','','';
2018-10-03 00:17:40 EXEC SPC_LISTENING_LST1 '9','','8','8';
2018-10-03 00:17:41 EXEC SPC_COM_DATA '','','';
2018-10-03 00:17:41 EXEC SPC_LISTENING_LST2 '8','8','';
2018-10-03 00:17:42 EXEC SPC_COM_DATA '','','';
2018-10-03 00:17:42 EXEC SPC_COM_GET_MORE_COMMENT '1','1';
2018-10-03 00:17:47 EXEC SPC_COM_DATA '','','';
2018-10-03 00:17:47 EXEC SPC_COM_GET_MORE_COMMENT '4','1';
2018-10-03 00:17:52 EXEC SPC_COM_DATA '','','';
2018-10-03 00:17:52 EXEC SPC_COM_GET_MORE_COMMENT '5','1';
2018-10-03 00:18:09 EXEC SPC_COM_DATA '','','';
2018-10-03 00:18:09 EXEC SPC_LISTENING_LST1 '9','','8','8';
2018-10-03 00:18:10 EXEC SPC_COM_DATA '','','';
2018-10-03 00:18:10 EXEC SPC_LISTENING_LST2 '8','8','';
2018-10-03 00:18:54 EXEC SPC_COMMON_ACCOUNT '1','1';
2018-10-03 00:18:54 EXEC SPC_COM_DATA 'quypro','1','1';
2018-10-03 00:18:54 EXEC SPC_LISTENING_LST1 '9','quypro','8','8';
2018-10-03 00:18:55 EXEC SPC_COM_DATA 'quypro','1','1';
2018-10-03 00:18:55 EXEC SPC_LISTENING_LST2 '8','8','quypro';
2018-10-03 00:19:02 EXEC SPC_COM_DATA 'quypro','1','1';
2018-10-03 00:19:02 EXEC SPC_LISTENING_LST1 '9','quypro','8','8';
2018-10-03 00:19:03 EXEC SPC_COM_DATA 'quypro','1','1';
2018-10-03 00:19:03 EXEC SPC_LISTENING_LST2 '8','8','quypro';
2018-10-03 00:20:02 EXEC SPC_COM_DATA 'quypro','1','1';
2018-10-03 00:20:02 EXEC SPC_LISTENING_LST1 '9','quypro','8','8';
2018-10-03 00:20:03 EXEC SPC_COM_DATA 'quypro','1','1';
2018-10-03 00:20:03 EXEC SPC_LISTENING_LST2 '8','8','quypro';
2018-10-03 00:22:48 EXEC SPC_COM_DATA 'quypro','1','1';
2018-10-03 00:22:48 EXEC SPC_LISTENING_LST1 '9','quypro','8','8';
2018-10-03 00:22:48 EXEC SPC_COM_DATA 'quypro','1','1';
2018-10-03 00:22:49 EXEC SPC_LISTENING_LST2 '8','8','quypro';
2018-10-03 00:23:33 EXEC SPC_COM_DATA 'quypro','1','1';
2018-10-03 00:23:33 EXEC SPC_LISTENING_LST1 '9','quypro','8','8';
2018-10-03 00:23:33 EXEC SPC_COM_DATA 'quypro','1','1';
2018-10-03 00:23:33 EXEC SPC_LISTENING_LST2 '8','8','quypro';
2018-10-03 00:23:43 EXEC SPC_COM_DATA 'quypro','1','1';
2018-10-03 00:23:43 EXEC SPC_LISTENING_LST1 '9','quypro','8','8';
2018-10-03 00:23:43 EXEC SPC_COM_DATA 'quypro','1','1';
2018-10-03 00:23:43 EXEC SPC_LISTENING_LST2 '8','8','quypro';
2018-10-03 00:23:49 EXEC SPC_COM_DATA 'quypro','1','1';
2018-10-03 00:23:49 EXEC SPC_LISTENING_LST1 '9','quypro','8','8';
2018-10-03 00:23:50 EXEC SPC_COM_DATA 'quypro','1','1';
2018-10-03 00:23:50 EXEC SPC_LISTENING_LST2 '8','8','quypro';
2018-10-03 00:24:09 EXEC SPC_COM_DATA 'quypro','1','1';
2018-10-03 00:24:09 EXEC SPC_LISTENING_LST1 '9','quypro','8','8';
2018-10-03 00:24:10 EXEC SPC_COM_DATA 'quypro','1','1';
2018-10-03 00:24:10 EXEC SPC_LISTENING_LST2 '8','8','quypro';
2018-10-03 00:24:14 EXEC SPC_COM_DATA 'quypro','1','1';
2018-10-03 00:24:14 EXEC SPC_LISTENING_LST1 '9','quypro','8','8';
2018-10-03 00:24:15 EXEC SPC_COM_DATA 'quypro','1','1';
2018-10-03 00:24:15 EXEC SPC_LISTENING_LST2 '8','8','quypro';
2018-10-03 00:25:02 EXEC SPC_COM_DATA 'quypro','1','1';
2018-10-03 00:25:02 EXEC SPC_LISTENING_LST1 '9','quypro','8','8';
2018-10-03 00:25:02 EXEC SPC_COM_DATA 'quypro','1','1';
2018-10-03 00:25:02 EXEC SPC_LISTENING_LST2 '8','8','quypro';
2018-10-03 00:25:23 EXEC SPC_COM_DATA 'quypro','1','1';
2018-10-03 00:25:23 EXEC SPC_LISTENING_LST1 '9','quypro','8','8';
2018-10-03 00:25:24 EXEC SPC_COM_DATA 'quypro','1','1';
2018-10-03 00:25:24 EXEC SPC_LISTENING_LST2 '8','8','quypro';
2018-10-03 00:25:28 EXEC SPC_COM_DATA 'quypro','1','1';
2018-10-03 00:25:28 EXEC SPC_LISTENING_LST1 '9','quypro','8','8';
2018-10-03 00:25:29 EXEC SPC_COM_DATA 'quypro','1','1';
2018-10-03 00:25:29 EXEC SPC_LISTENING_LST2 '8','8','quypro';
2018-10-03 00:26:08 EXEC SPC_COM_DATA 'quypro','1','1';
2018-10-03 00:26:08 EXEC SPC_LISTENING_LST1 '9','quypro','8','8';
2018-10-03 00:26:09 EXEC SPC_COM_DATA 'quypro','1','1';
2018-10-03 00:26:09 EXEC SPC_LISTENING_LST2 '8','8','quypro';
2018-10-03 00:26:41 EXEC SPC_COM_DATA 'quypro','1','1';
2018-10-03 00:26:41 EXEC SPC_LISTENING_LST1 '9','quypro','8','8';
2018-10-03 00:26:41 EXEC SPC_COM_DATA 'quypro','1','1';
2018-10-03 00:26:41 EXEC SPC_LISTENING_LST2 '8','8','quypro';
2018-10-03 00:28:53 EXEC SPC_COM_DATA 'quypro','1','1';
2018-10-03 00:28:53 EXEC SPC_LISTENING_LST1 '9','quypro','8','8';
2018-10-03 00:28:53 EXEC SPC_COM_DATA 'quypro','1','1';
2018-10-03 00:28:53 EXEC SPC_LISTENING_LST2 '8','8','quypro';
2018-10-03 00:29:15 EXEC SPC_COM_DATA 'quypro','1','1';
2018-10-03 00:29:15 EXEC SPC_LISTENING_LST1 '9','quypro','8','8';
2018-10-03 00:29:16 EXEC SPC_COM_DATA 'quypro','1','1';
2018-10-03 00:29:16 EXEC SPC_LISTENING_LST2 '8','8','quypro';
2018-10-03 00:29:30 EXEC SPC_COM_DATA 'quypro','1','1';
2018-10-03 00:29:30 EXEC SPC_LISTENING_LST1 '9','quypro','8','8';
2018-10-03 00:29:31 EXEC SPC_COM_DATA 'quypro','1','1';
2018-10-03 00:29:31 EXEC SPC_LISTENING_LST2 '8','8','quypro';
2018-10-03 00:29:39 EXEC SPC_COM_DATA '','','';
2018-10-03 00:29:39 EXEC SPC_LISTENING_LST1 '9','','','';
2018-10-03 00:29:40 EXEC SPC_COM_DATA '','','';
2018-10-03 00:29:40 EXEC SPC_LISTENING_LST2 '8','8','';
2018-10-03 00:29:45 EXEC SPC_COM_DATA '','','';
2018-10-03 00:29:45 EXEC SPC_LISTENING_LST1 '9','','8','8';
2018-10-03 00:29:45 EXEC SPC_COM_DATA '','','';
2018-10-03 00:29:45 EXEC SPC_LISTENING_LST2 '8','8','';
2018-10-03 00:31:06 EXEC SPC_COM_DATA '','','';
2018-10-03 00:31:06 EXEC SPC_LISTENING_LST1 '9','','8','8';
2018-10-03 00:31:06 EXEC SPC_COM_DATA '','','';
2018-10-03 00:31:06 EXEC SPC_LISTENING_LST2 '8','8','';
2018-10-03 00:32:00 EXEC SPC_COM_DATA '','','';
2018-10-03 00:32:00 EXEC SPC_LISTENING_LST1 '9','','8','8';
2018-10-03 00:32:00 EXEC SPC_COM_DATA '','','';
2018-10-03 00:32:00 EXEC SPC_LISTENING_LST2 '8','8','';
2018-10-03 00:33:08 EXEC SPC_COM_DATA '','','';
2018-10-03 00:33:08 EXEC SPC_LISTENING_LST1 '9','','8','8';
2018-10-03 00:33:23 EXEC SPC_COM_DATA '','','';
2018-10-03 00:33:23 EXEC SPC_LISTENING_LST1 '9','','8','8';
2018-10-03 00:33:28 EXEC SPC_COM_DATA '','','';
2018-10-03 00:33:28 EXEC SPC_LISTENING_LST1 '9','','8','8';
2018-10-03 00:33:49 EXEC SPC_COM_DATA '','','';
2018-10-03 00:33:49 EXEC SPC_LISTENING_LST1 '9','','8','8';
2018-10-03 00:33:50 EXEC SPC_COM_DATA '','','';
2018-10-03 00:33:50 EXEC SPC_LISTENING_LST2 '8','8','';
2018-10-03 00:35:03 EXEC SPC_COM_DATA '','','';
2018-10-03 00:35:03 EXEC SPC_LISTENING_LST1 '9','','8','8';
2018-10-03 00:35:04 EXEC SPC_COM_DATA '','','';
2018-10-03 00:35:04 EXEC SPC_LISTENING_LST2 '8','8','';
2018-10-03 00:35:20 EXEC SPC_COMMON_ACCOUNT '1','1';
2018-10-03 00:35:20 EXEC SPC_COM_DATA 'quypro','1','1';
2018-10-03 00:35:20 EXEC SPC_LISTENING_LST1 '9','quypro','8','8';
2018-10-03 00:35:20 EXEC SPC_COM_DATA 'quypro','1','1';
2018-10-03 00:35:20 EXEC SPC_LISTENING_LST2 '8','8','quypro';
2018-10-03 00:35:33 EXEC SPC_COM_DATA 'quypro','1','1';
2018-10-03 00:35:33 EXEC SPC_COM_GET_MORE_COMMENT '1','1';
2018-10-03 00:35:40 EXEC SPC_COM_DATA 'quypro','1','1';
2018-10-03 00:35:40 EXEC SPC_LISTENING_LST1 '9','quypro','8','8';
2018-10-03 00:35:41 EXEC SPC_COM_DATA 'quypro','1','1';
2018-10-03 00:35:41 EXEC SPC_LISTENING_LST2 '8','8','quypro';
2018-10-03 00:36:59 EXEC SPC_COM_DATA 'quypro','1','1';
2018-10-03 00:36:59 EXEC SPC_COM_GET_MORE_COMMENT '1','1';
2018-10-03 00:37:06 EXEC SPC_COM_DATA 'quypro','1','1';
2018-10-03 00:37:06 EXEC SPC_COM_GET_MORE_COMMENT '4','1';
2018-10-03 00:37:09 EXEC SPC_COM_DATA 'quypro','1','1';
2018-10-03 00:37:09 EXEC SPC_COM_GET_MORE_COMMENT '5','1';
2018-10-03 00:37:30 EXEC SPC_COM_DATA 'quypro','1','1';
2018-10-03 00:37:30 EXEC SPC_LISTENING_LST1 '9','quypro','8','8';
2018-10-03 00:37:31 EXEC SPC_COM_DATA 'quypro','1','1';
2018-10-03 00:37:31 EXEC SPC_LISTENING_LST2 '8','8','quypro';
2018-10-03 00:37:51 EXEC SPC_COM_DATA 'quypro','1','1';
2018-10-03 00:37:53 EXEC SPC_COM_DATA 'quypro','1','1';
2018-10-03 00:37:53 EXEC SPC_LISTENING_LST1 '9','quypro','8','8';
2018-10-03 00:37:53 EXEC SPC_COM_DATA 'quypro','1','1';
2018-10-03 00:37:53 EXEC SPC_LISTENING_LST2 '8','8','quypro';
2018-10-03 00:39:34 EXEC SPC_COM_DATA 'quypro','1','1';
2018-10-03 00:39:34 EXEC SPC_LISTENING_LST1 '9','quypro','8','8';
2018-10-03 00:39:35 EXEC SPC_COM_DATA 'quypro','1','1';
2018-10-03 00:39:35 EXEC SPC_LISTENING_LST2 '8','8','quypro';
2018-10-03 00:39:50 EXEC SPC_COM_DATA 'quypro','1','1';
2018-10-03 00:39:50 EXEC SPC_LISTENING_LST1 '9','quypro','8','8';
2018-10-03 00:39:51 EXEC SPC_COM_DATA 'quypro','1','1';
2018-10-03 00:39:51 EXEC SPC_LISTENING_LST2 '8','8','quypro';
2018-10-03 00:41:17 EXEC SPC_COM_DATA 'quypro','1','1';
2018-10-03 00:41:17 EXEC SPC_TRANSLATE_LST1 '2','quypro';
2018-10-03 00:41:18 EXEC SPC_COM_DATA 'quypro','1','1';
2018-10-03 00:41:18 EXEC SPC_TRANSLATE_LST2 'king','quypro','127.0.0.1';
2018-10-03 00:41:32 EXEC SPC_COM_DATA 'quypro','1','1';
2018-10-03 00:41:32 EXEC SPC_TRANSLATE_LST2 'goal','quypro','127.0.0.1';
2018-10-03 00:41:36 EXEC SPC_COM_DATA 'quypro','1','1';
2018-10-03 00:41:36 EXEC SPC_TRANSLATE_LST2 'Hello','quypro','127.0.0.1';
2018-10-03 00:42:02 EXEC SPC_COM_DATA 'quypro','1','1';
2018-10-03 00:42:02 EXEC SPC_GRAMMAR_LST1 '','quypro','8','8';
2018-10-03 00:42:03 EXEC SPC_COM_DATA 'quypro','1','1';
2018-10-03 00:42:03 EXEC SPC_GRAMMAR_LST2 '6','6','quypro';
2018-10-03 00:42:05 EXEC SPC_COM_DATA 'quypro','1','1';
2018-10-03 00:42:05 EXEC SPC_LISTENING_LST1 '','quypro','6','6';
2018-10-03 00:42:05 EXEC SPC_COM_DATA 'quypro','1','1';
2018-10-03 00:42:05 EXEC SPC_LISTENING_LST2 '8','8','quypro';
