2018-07-05 00:05:23 EXEC SPC_COM_PERMISSION '3','g001';
2018-07-05 00:05:27 EXEC SPC_COM_PERMISSION '3','g001';
2018-07-05 00:05:27 EXEC SPC_COM_MENU '3';
2018-07-05 00:05:31 EXEC SPC_COM_PERMISSION '3','m007';
2018-07-05 00:05:31 EXEC SPC_COM_MENU '3';
2018-07-05 00:05:31 EXEC SPC_M007_FND1
2018-07-05 00:29:30 EXEC SPC_COM_PERMISSION '3','m007';
2018-07-05 00:29:30 EXEC SPC_COM_MENU '3';
2018-07-05 00:29:30 EXEC SPC_M007_FND1
2018-07-05 00:32:11 EXEC SPC_COM_PERMISSION '3','m007';
2018-07-05 00:32:11 EXEC SPC_COM_MENU '3';
2018-07-05 00:32:11 EXEC SPC_M007_FND1
2018-07-05 00:32:49 EXEC SPC_COM_PERMISSION '3','m007';
2018-07-05 00:32:49 EXEC SPC_COM_MENU '3';
2018-07-05 00:32:49 EXEC SPC_M007_FND1
2018-07-05 00:33:07 EXEC SPC_COM_PERMISSION '3','m007';
2018-07-05 00:33:07 EXEC SPC_COM_MENU '3';
2018-07-05 00:33:07 EXEC SPC_M007_FND1
2018-07-05 00:34:45 EXEC SPC_COM_PERMISSION '3','m007';
2018-07-05 00:34:45 EXEC SPC_COM_MENU '3';
2018-07-05 00:34:45 EXEC SPC_M007_FND1
2018-07-05 00:35:31 EXEC SPC_COM_PERMISSION '3','m007';
2018-07-05 00:35:31 EXEC SPC_COM_MENU '3';
2018-07-05 00:35:31 EXEC SPC_M007_FND1
2018-07-05 00:36:58 EXEC SPC_COM_PERMISSION '3','m007';
2018-07-05 00:36:58 EXEC SPC_COM_MENU '3';
2018-07-05 00:36:58 EXEC SPC_M007_FND1
2018-07-05 00:38:03 EXEC SPC_COM_PERMISSION '3','m007';
2018-07-05 00:38:03 EXEC SPC_COM_MENU '3';
2018-07-05 00:38:03 EXEC SPC_M007_FND1
2018-07-05 00:39:16 EXEC SPC_COM_PERMISSION '3','m007';
2018-07-05 00:39:16 EXEC SPC_COM_MENU '3';
2018-07-05 00:39:16 EXEC SPC_M007_FND1
2018-07-05 00:39:48 EXEC SPC_COM_PERMISSION '3','m007';
2018-07-05 00:39:48 EXEC SPC_COM_MENU '3';
2018-07-05 00:39:48 EXEC SPC_M007_FND1
2018-07-05 00:43:30 EXEC SPC_COM_PERMISSION '3','m007';
2018-07-05 00:43:30 EXEC SPC_COM_MENU '3';
2018-07-05 00:43:30 EXEC SPC_M007_FND1
2018-07-05 01:09:44 EXEC SPC_COM_PERMISSION '3','m007';
2018-07-05 01:09:44 EXEC SPC_COM_MENU '3';
2018-07-05 01:09:44 EXEC SPC_M007_FND1
2018-07-05 01:11:40 EXEC SPC_COM_PERMISSION '3','m007';
2018-07-05 01:11:40 EXEC SPC_COM_MENU '3';
2018-07-05 01:11:40 EXEC SPC_M007_FND1
2018-07-05 01:12:02 EXEC SPC_COM_PERMISSION '3','m007';
2018-07-05 01:12:02 EXEC SPC_COM_MENU '3';
2018-07-05 01:12:02 EXEC SPC_M007_FND1
2018-07-05 01:12:21 EXEC SPC_COM_PERMISSION '3','m007';
2018-07-05 01:12:21 EXEC SPC_COM_MENU '3';
2018-07-05 01:12:21 EXEC SPC_M007_FND1
2018-07-05 01:16:27 EXEC SPC_COM_PERMISSION '3','m007';
2018-07-05 01:16:27 EXEC SPC_COM_MENU '3';
2018-07-05 01:16:27 EXEC SPC_M007_FND1
2018-07-05 01:17:12 EXEC SPC_COM_PERMISSION '3','m007';
2018-07-05 01:17:12 EXEC SPC_COM_MENU '3';
2018-07-05 01:17:12 EXEC SPC_M007_FND1
2018-07-05 01:17:50 EXEC SPC_COM_PERMISSION '3','m007';
2018-07-05 01:17:50 EXEC SPC_COM_MENU '3';
2018-07-05 01:17:50 EXEC SPC_M007_FND1
2018-07-05 01:19:03 EXEC SPC_COM_PERMISSION '3','m007';
2018-07-05 01:19:03 EXEC SPC_COM_MENU '3';
2018-07-05 01:19:04 EXEC SPC_M007_FND1
2018-07-05 01:19:34 EXEC SPC_COM_PERMISSION '3','m007';
2018-07-05 01:19:34 EXEC SPC_COM_MENU '3';
2018-07-05 01:19:34 EXEC SPC_M007_FND1
2018-07-05 01:20:25 EXEC SPC_COM_PERMISSION '3','m007';
2018-07-05 01:20:25 EXEC SPC_COM_MENU '3';
2018-07-05 01:20:25 EXEC SPC_M007_FND1
2018-07-05 01:20:45 EXEC SPC_COM_PERMISSION '3','m007';
2018-07-05 01:20:45 EXEC SPC_COM_MENU '3';
2018-07-05 01:20:45 EXEC SPC_M007_FND1
2018-07-05 01:21:17 EXEC SPC_COM_PERMISSION '3','m007';
2018-07-05 01:21:17 EXEC SPC_COM_MENU '3';
2018-07-05 01:21:17 EXEC SPC_M007_FND1
2018-07-05 01:21:28 EXEC SPC_COM_PERMISSION '3','m007';
2018-07-05 01:21:28 EXEC SPC_COM_MENU '3';
2018-07-05 01:21:28 EXEC SPC_M007_FND1
2018-07-05 01:22:26 EXEC SPC_COM_PERMISSION '3','m007';
2018-07-05 01:22:26 EXEC SPC_COM_MENU '3';
2018-07-05 01:22:26 EXEC SPC_M007_FND1
2018-07-05 01:23:18 EXEC SPC_COM_PERMISSION '3','m007';
2018-07-05 01:23:18 EXEC SPC_COM_MENU '3';
2018-07-05 01:23:18 EXEC SPC_M007_FND1
2018-07-05 01:25:29 EXEC SPC_COM_PERMISSION '3','m007';
2018-07-05 01:25:29 EXEC SPC_COM_MENU '3';
2018-07-05 01:25:29 EXEC SPC_M007_FND1
2018-07-05 01:25:55 EXEC SPC_COM_PERMISSION '3','m007';
2018-07-05 01:25:55 EXEC SPC_COM_MENU '3';
2018-07-05 01:25:55 EXEC SPC_M007_FND1
2018-07-05 01:26:16 EXEC SPC_COM_PERMISSION '3','m007';
2018-07-05 01:26:16 EXEC SPC_COM_MENU '3';
2018-07-05 01:26:16 EXEC SPC_M007_FND1
2018-07-05 01:26:59 EXEC SPC_COM_PERMISSION '3','m007';
2018-07-05 01:26:59 EXEC SPC_COM_MENU '3';
2018-07-05 01:26:59 EXEC SPC_M007_FND1
2018-07-05 01:29:25 EXEC SPC_COM_PERMISSION '3','m007';
2018-07-05 01:29:25 EXEC SPC_COM_MENU '3';
2018-07-05 01:29:25 EXEC SPC_M007_FND1
2018-07-05 01:48:07 EXEC SPC_COM_PERMISSION '3','m007';
2018-07-05 01:48:07 EXEC SPC_COM_MENU '3';
2018-07-05 01:48:07 EXEC SPC_M007_FND1
2018-07-05 01:48:42 EXEC SPC_COM_PERMISSION '3','m007';
2018-07-05 01:48:42 EXEC SPC_COM_MENU '3';
2018-07-05 01:48:42 EXEC SPC_M007_FND1
2018-07-05 01:54:32 EXEC SPC_COM_PERMISSION '3','m007';
2018-07-05 01:54:32 EXEC SPC_COM_MENU '3';
2018-07-05 01:54:32 EXEC SPC_M007_FND1
2018-07-05 01:54:47 EXEC SPC_COM_PERMISSION '3','m007';
2018-07-05 01:54:47 EXEC SPC_COM_MENU '3';
2018-07-05 01:54:47 EXEC SPC_M007_FND1
2018-07-05 01:56:21 EXEC SPC_COM_PERMISSION '3','m007';
2018-07-05 01:56:21 EXEC SPC_COM_MENU '3';
2018-07-05 01:56:21 EXEC SPC_M007_FND1
2018-07-05 01:57:24 EXEC SPC_COM_PERMISSION '3','m007';
2018-07-05 01:57:24 EXEC SPC_COM_MENU '3';
2018-07-05 01:57:24 EXEC SPC_M007_FND1
2018-07-05 01:58:09 EXEC SPC_COM_PERMISSION '3','m007';
2018-07-05 01:58:09 EXEC SPC_COM_MENU '3';
2018-07-05 01:58:09 EXEC SPC_M007_FND1
2018-07-05 01:58:18 EXEC SPC_COM_PERMISSION '3','m007';
2018-07-05 01:58:18 EXEC SPC_COM_MENU '3';
2018-07-05 01:58:18 EXEC SPC_M007_FND1
2018-07-05 02:00:03 EXEC SPC_COM_PERMISSION '3','m007';
2018-07-05 02:00:03 EXEC SPC_COM_MENU '3';
2018-07-05 02:00:03 EXEC SPC_M007_FND1
2018-07-05 02:00:12 EXEC SPC_COM_PERMISSION '3','m007';
2018-07-05 02:00:12 EXEC SPC_COM_MENU '3';
2018-07-05 02:00:12 EXEC SPC_M007_FND1
2018-07-05 02:00:47 EXEC SPC_COM_PERMISSION '3','m007';
2018-07-05 02:00:47 EXEC SPC_COM_MENU '3';
2018-07-05 02:00:47 EXEC SPC_M007_FND1
2018-07-05 02:01:24 EXEC SPC_COM_PERMISSION '3','m007';
2018-07-05 02:01:24 EXEC SPC_COM_MENU '3';
2018-07-05 02:01:24 EXEC SPC_M007_FND1
2018-07-05 02:05:12 EXEC SPC_COM_PERMISSION '3','m007';
2018-07-05 02:05:12 EXEC SPC_COM_MENU '3';
2018-07-05 02:05:12 EXEC SPC_M007_FND1
2018-07-05 02:05:31 EXEC SPC_COM_PERMISSION '3','m007';
2018-07-05 02:05:31 EXEC SPC_COM_MENU '3';
2018-07-05 02:05:31 EXEC SPC_M007_FND1
2018-07-05 02:10:34 EXEC SPC_COM_PERMISSION '3','m007';
2018-07-05 02:10:34 EXEC SPC_COM_MENU '3';
2018-07-05 02:10:34 EXEC SPC_M007_FND1
2018-07-05 02:11:05 EXEC SPC_COM_MENU '3';
2018-07-05 02:33:46 EXEC SPC_COM_PERMISSION '3','m007';
2018-07-05 02:33:46 EXEC SPC_COM_MENU '3';
2018-07-05 02:33:46 EXEC SPC_M007_FND1
2018-07-05 02:33:52 EXEC SPC_COM_MENU '3';
2018-07-05 02:33:52 EXEC SPC_m007_LST1 '1';
2018-07-05 02:34:26 EXEC SPC_COM_MENU '3';
2018-07-05 02:34:26 EXEC SPC_M007_ACT1 '1','<row number_id="1" content="Nam" num_remark1="" num_remark2="" num_remark3="" text_remark1="" text_remark2="" text_remark3="" /><row number_id="2" content="Nữ" num_remark1="" num_remark2="" num_remark3="" text_remark1="" text_remark2="" text_remark3="" /><row number_id="113213" content="sdasd" num_remark1="" num_remark2="" num_remark3="" text_remark1="" text_remark2="" text_remark3="" />','quy','127.0.0.1';
2018-07-05 02:34:57 EXEC SPC_COM_MENU '3';
2018-07-05 02:34:57 EXEC SPC_M007_ACT1 '1','<row number_id="1" content="Nam" num_remark1="" num_remark2="" num_remark3="" text_remark1="" text_remark2="" text_remark3="" /><row number_id="2" content="Nữ" num_remark1="" num_remark2="" num_remark3="" text_remark1="" text_remark2="" text_remark3="" /><row number_id="3" content="sdasd" num_remark1="" num_remark2="" num_remark3="" text_remark1="" text_remark2="" text_remark3="" />','quy','127.0.0.1';
2018-07-05 02:34:59 EXEC SPC_COM_MENU '3';
2018-07-05 02:34:59 EXEC SPC_m007_LST1 '1';
2018-07-05 02:35:03 EXEC SPC_COM_MENU '3';
2018-07-05 02:35:03 EXEC SPC_M007_ACT1 '1','<row number_id="1" content="Nam" num_remark1="" num_remark2="" num_remark3="" text_remark1="" text_remark2="" text_remark3="" /><row number_id="2" content="Nữ" num_remark1="" num_remark2="" num_remark3="" text_remark1="" text_remark2="" text_remark3="" />','quy','127.0.0.1';
2018-07-05 02:35:04 EXEC SPC_COM_MENU '3';
2018-07-05 02:35:04 EXEC SPC_m007_LST1 '1';
2018-07-05 02:35:19 EXEC SPC_COM_PERMISSION '3','m003';
2018-07-05 02:35:19 EXEC SPC_COM_MENU '3';
2018-07-05 02:35:19 EXEC SPC_M003_FND1
2018-07-05 02:36:02 EXEC SPC_COM_PERMISSION '3','m003';
2018-07-05 02:36:02 EXEC SPC_COM_MENU '3';
2018-07-05 02:36:02 EXEC SPC_M003_FND1
2018-07-05 02:36:14 EXEC SPC_COM_MENU '3';
2018-07-05 02:36:14 EXEC SPC_M003_LST1 '','','','1','10','1';
2018-07-05 02:36:38 EXEC SPC_COM_MENU '3';
2018-07-05 02:40:24 EXEC SPC_COM_PERMISSION '3','m003';
2018-07-05 02:40:24 EXEC SPC_COM_MENU '3';
2018-07-05 02:40:24 EXEC SPC_M003_FND1
2018-07-05 02:40:29 EXEC SPC_COM_MENU '3';
2018-07-05 02:40:29 EXEC SPC_M003_LST1 '','','','1','10','1';
2018-07-05 02:40:39 EXEC SPC_COM_MENU '3';
2018-07-05 02:41:01 EXEC SPC_COM_MENU '3';
2018-07-05 02:41:01 EXEC SPC_M003_ACT1 '<row avarta="http://eplus.win/uploads/cropped-542689_20180518 0808050529291526631209002.jpg" emp_id="EMP-55" family_nm="Nguyễn Đình" first_name="Quý" email="quynd809@gmail.com" cellphone="545,454,545" sex="1" birth_date="08/09/1993" department_id="DEP-3" employee_div="1" remark="Quản trị viên" />','quy','127.0.0.1';
2018-07-05 02:41:02 EXEC SPC_COM_MENU '3';
2018-07-05 02:41:02 EXEC SPC_M003_LST1 '','','','1','10','1';
2018-07-05 02:57:05 EXEC SPC_COM_PERMISSION '3','m003';
2018-07-05 02:57:05 EXEC SPC_COM_MENU '3';
2018-07-05 02:57:05 EXEC SPC_M003_FND1
2018-07-05 03:00:31 EXEC SPC_COM_PERMISSION '3','m003';
2018-07-05 03:00:31 EXEC SPC_COM_MENU '3';
2018-07-05 03:00:31 EXEC SPC_M003_FND1
2018-07-05 03:01:10 EXEC SPC_COM_PERMISSION '3','m003';
2018-07-05 03:01:10 EXEC SPC_COM_MENU '3';
2018-07-05 03:01:10 EXEC SPC_M003_FND1
2018-07-05 03:59:08 EXEC SPC_COM_PERMISSION '3','m003';
2018-07-05 03:59:08 EXEC SPC_COM_MENU '3';
2018-07-05 03:59:09 EXEC SPC_M003_FND1
2018-07-05 03:59:44 EXEC SPC_COM_PERMISSION '3','m003';
2018-07-05 03:59:44 EXEC SPC_COM_MENU '3';
2018-07-05 03:59:44 EXEC SPC_M003_FND1
2018-07-05 04:00:26 EXEC SPC_COM_PERMISSION '3','m003';
2018-07-05 04:00:26 EXEC SPC_COM_MENU '3';
2018-07-05 04:00:26 EXEC SPC_M003_FND1
2018-07-05 04:00:51 EXEC SPC_COM_PERMISSION '3','m003';
2018-07-05 04:00:51 EXEC SPC_COM_MENU '3';
2018-07-05 04:00:51 EXEC SPC_M003_FND1
2018-07-05 04:01:30 EXEC SPC_COM_PERMISSION '3','m003';
2018-07-05 04:01:30 EXEC SPC_COM_MENU '3';
2018-07-05 04:01:30 EXEC SPC_M003_FND1
2018-07-05 04:03:02 EXEC SPC_COM_PERMISSION '3','m003';
2018-07-05 04:03:02 EXEC SPC_COM_MENU '3';
2018-07-05 04:03:02 EXEC SPC_M003_FND1
2018-07-05 04:04:49 EXEC SPC_COM_PERMISSION '3','m003';
2018-07-05 04:04:49 EXEC SPC_COM_MENU '3';
2018-07-05 04:04:49 EXEC SPC_M003_FND1
2018-07-05 04:06:21 EXEC SPC_COM_PERMISSION '3','m003';
2018-07-05 04:06:21 EXEC SPC_COM_MENU '3';
2018-07-05 04:06:21 EXEC SPC_M003_FND1
2018-07-05 04:06:25 EXEC SPC_COM_MENU '3';
2018-07-05 04:06:25 EXEC SPC_M003_LST1 '','','','1','10','1';
2018-07-05 04:07:17 EXEC SPC_COM_PERMISSION '3','m003';
2018-07-05 04:07:17 EXEC SPC_COM_MENU '3';
2018-07-05 04:07:18 EXEC SPC_M003_FND1
2018-07-05 04:15:13 EXEC SPC_COM_MENU '3';
2018-07-05 04:15:13 EXEC SPC_M003_LST1 '','','','1','10','1';
2018-07-05 04:15:30 EXEC SPC_COM_MENU '3';
2018-07-05 04:15:33 EXEC SPC_COM_MENU '3';
2018-07-05 04:15:33 EXEC SPC_M003_ACT1 '<row avarta="http://eplus.win/uploads/cropped-542689_20180518 0808050529291526631209002.jpg" emp_id="EMP-55" family_nm="Nguyễn Đình" first_name="Quý" email="quynd809@gmail.com" cellphone="01686-284-744" sex="1" birth_date="08/09/1993" department_id="DEP-3" employee_div="1" remark="Quản trị viên" />','quy','127.0.0.1';
2018-07-05 04:15:34 EXEC SPC_COM_MENU '3';
2018-07-05 04:15:34 EXEC SPC_M003_LST1 '','','','1','10','1';
2018-07-05 04:16:52 EXEC SPC_COM_PERMISSION '3','m003';
2018-07-05 04:16:52 EXEC SPC_COM_MENU '3';
2018-07-05 04:16:52 EXEC SPC_M003_FND1
2018-07-05 04:18:51 EXEC SPC_COM_PERMISSION '3','m003';
2018-07-05 04:18:51 EXEC SPC_COM_MENU '3';
2018-07-05 04:18:51 EXEC SPC_M003_FND1
2018-07-05 04:19:12 EXEC SPC_COM_PERMISSION '3','m003';
2018-07-05 04:19:12 EXEC SPC_COM_MENU '3';
2018-07-05 04:19:12 EXEC SPC_M003_FND1
2018-07-05 04:21:52 EXEC SPC_COM_MENU '3';
2018-07-05 04:21:59 EXEC SPC_COM_PERMISSION '3','m003';
2018-07-05 04:21:59 EXEC SPC_COM_MENU '3';
2018-07-05 04:21:59 EXEC SPC_M003_FND1
2018-07-05 06:50:04 EXEC SPC_COM_PERMISSION '3','g001';
2018-07-05 06:50:07 EXEC SPC_COM_PERMISSION '3','g001';
2018-07-05 06:50:07 EXEC SPC_COM_MENU '3';
2018-07-05 06:50:11 EXEC SPC_COM_PERMISSION '3','g003';
2018-07-05 06:50:11 EXEC SPC_COM_MENU '3';
2018-07-05 06:50:11 EXEC SPC_COM_M999_INQ1 '7';
2018-07-05 06:50:13 EXEC SPC_COM_PERMISSION '3','g004';
2018-07-05 06:50:13 EXEC SPC_COM_MENU '3';
2018-07-05 06:50:13 EXEC SPC_COM_M999_INQ1 '7';
2018-07-05 06:50:16 EXEC SPC_COM_PERMISSION '3','m003';
2018-07-05 06:50:16 EXEC SPC_COM_MENU '3';
2018-07-05 06:50:16 EXEC SPC_M003_FND1
2018-07-05 06:50:17 EXEC SPC_COM_PERMISSION '3','m002';
2018-07-05 06:50:17 EXEC SPC_COM_PERMISSION '3','m003';
2018-07-05 06:50:18 EXEC SPC_COM_PERMISSION '3','m003';
2018-07-05 06:50:18 EXEC SPC_COM_MENU '3';
2018-07-05 06:50:18 EXEC SPC_M003_FND1
2018-07-05 06:50:24 EXEC SPC_COM_PERMISSION '3','s001';
2018-07-05 06:50:24 EXEC SPC_COM_MENU '3';
2018-07-05 06:50:24 EXEC SPC_S001_FND1
2018-07-05 06:50:25 EXEC SPC_COM_MENU '3';
2018-07-05 06:50:25 EXEC SPC_S001_LST1 '1';
2018-07-05 06:50:37 EXEC SPC_COM_PERMISSION '3','s002';
2018-07-05 06:50:37 EXEC SPC_COM_MENU '3';
2018-07-05 06:50:37 EXEC SPC_S002_FND1
2018-07-05 06:50:39 EXEC SPC_COM_MENU '3';
2018-07-05 06:50:39 EXEC SPC_S002_LST1 '','','','1','10','1';
2018-07-05 06:53:44 EXEC SPC_COM_PERMISSION '3','m007';
2018-07-05 06:53:44 EXEC SPC_COM_MENU '3';
2018-07-05 06:53:44 EXEC SPC_M007_FND1
2018-07-05 06:56:10 EXEC SPC_COM_MENU '3';
2018-07-05 06:56:10 EXEC SPC_m007_LST1 '1';
2018-07-05 06:56:12 EXEC SPC_COM_MENU '3';
2018-07-05 06:56:12 EXEC SPC_m007_LST1 '';
2018-07-05 06:56:31 EXEC SPC_COM_PERMISSION '3','m007';
2018-07-05 06:56:31 EXEC SPC_COM_MENU '3';
2018-07-05 06:56:31 EXEC SPC_M007_FND1
2018-07-05 06:57:05 EXEC SPC_COM_PERMISSION '3','g001';
2018-07-05 06:57:05 EXEC SPC_COM_MENU '3';
2018-07-05 06:57:09 EXEC SPC_COM_PERMISSION '3','g003';
2018-07-05 06:57:09 EXEC SPC_COM_MENU '3';
2018-07-05 06:57:09 EXEC SPC_COM_M999_INQ1 '7';
2018-07-05 06:57:15 EXEC SPC_COM_PERMISSION '3','g004';
2018-07-05 06:57:15 EXEC SPC_COM_MENU '3';
2018-07-05 06:57:15 EXEC SPC_COM_M999_INQ1 '7';
2018-07-05 06:57:19 EXEC SPC_COM_MENU '3';
2018-07-05 06:57:19 EXEC SPC_COMMON_CATALORUE '2';
2018-07-05 06:57:24 EXEC SPC_COM_MENU '3';
2018-07-05 06:57:24 EXEC SPC_COMMON_CATALORUE '5';
2018-07-05 06:57:27 EXEC SPC_COM_PERMISSION '3','m003';
2018-07-05 06:57:27 EXEC SPC_COM_MENU '3';
2018-07-05 06:57:27 EXEC SPC_M003_FND1
2018-07-05 06:58:27 EXEC SPC_COM_PERMISSION '3','m002';
2018-07-05 06:58:27 EXEC SPC_COM_PERMISSION '3','m003';
2018-07-05 06:58:27 EXEC SPC_COM_PERMISSION '3','m003';
2018-07-05 06:58:27 EXEC SPC_COM_MENU '3';
2018-07-05 06:58:27 EXEC SPC_M003_FND1
2018-07-05 06:58:31 EXEC SPC_COM_PERMISSION '3','g003';
2018-07-05 06:58:31 EXEC SPC_COM_MENU '3';
2018-07-05 06:58:31 EXEC SPC_COM_M999_INQ1 '7';
2018-07-05 06:59:38 EXEC SPC_COM_PERMISSION '3','m003';
2018-07-05 06:59:38 EXEC SPC_COM_MENU '3';
2018-07-05 06:59:38 EXEC SPC_M003_FND1
2018-07-05 06:59:44 EXEC SPC_COM_PERMISSION '3','m007';
2018-07-05 06:59:44 EXEC SPC_COM_MENU '3';
2018-07-05 06:59:44 EXEC SPC_M007_FND1
2018-07-05 06:59:47 EXEC SPC_COM_MENU '3';
2018-07-05 06:59:47 EXEC SPC_m007_LST1 '2';
2018-07-05 07:00:00 EXEC SPC_COM_MENU '3';
2018-07-05 07:00:00 EXEC SPC_M007_ACT1 '2','<row number_id="1" content="Ban quản trị" num_remark1="" num_remark2="" num_remark3="" text_remark1="" text_remark2="" text_remark3="" /><row number_id="2" content="Nhân viên chính thức" num_remark1="" num_remark2="" num_remark3="" text_remark1="" text_remark2="" text_remark3="" /><row number_id="3" content="Nhân viên hợp đồng" num_remark1="" num_remark2="" num_remark3="" text_remark1="" text_remark2="" text_remark3="" /><row number_id="4" content="Nhân viên bán thời gian" num_remark1="" num_remark2="" num_remark3="" text_remark1="" text_remark2="" text_remark3="" /><row number_id="5" content="Loại khác" num_remark1="" num_remark2="" num_remark3="" text_remark1="" text_remark2="" text_remark3="" /><row number_id="0" content="" num_remark1="" num_remark2="" num_remark3="" text_remark1="" text_remark2="" text_remark3="" />','quy','127.0.0.1';
2018-07-05 07:00:02 EXEC SPC_COM_MENU '3';
2018-07-05 07:00:02 EXEC SPC_m007_LST1 '2';
2018-07-05 07:00:20 EXEC SPC_COM_MENU '3';
2018-07-05 07:00:20 EXEC SPC_M007_ACT1 '2','<row number_id="1" content="Ban quản trị" num_remark1="" num_remark2="" num_remark3="" text_remark1="" text_remark2="" text_remark3="" /><row number_id="2" content="Nhân viên chính thức" num_remark1="" num_remark2="" num_remark3="" text_remark1="" text_remark2="" text_remark3="" /><row number_id="3" content="Nhân viên hợp đồng" num_remark1="" num_remark2="" num_remark3="" text_remark1="" text_remark2="" text_remark3="" /><row number_id="4" content="Nhân viên bán thời gian" num_remark1="" num_remark2="" num_remark3="" text_remark1="" text_remark2="" text_remark3="" /><row number_id="5" content="Loại khác" num_remark1="" num_remark2="" num_remark3="" text_remark1="" text_remark2="" text_remark3="" />','quy','127.0.0.1';
2018-07-05 07:00:21 EXEC SPC_COM_MENU '3';
2018-07-05 07:00:21 EXEC SPC_m007_LST1 '2';
2018-07-05 07:02:01 EXEC SPC_COM_PERMISSION '3','m007';
2018-07-05 07:02:01 EXEC SPC_COM_MENU '3';
2018-07-05 07:02:01 EXEC SPC_M007_FND1
2018-07-05 07:02:03 EXEC SPC_COM_MENU '3';
2018-07-05 07:02:03 EXEC SPC_m007_LST1 '2';
2018-07-05 07:02:25 EXEC SPC_COM_PERMISSION '3','m007';
2018-07-05 07:02:25 EXEC SPC_COM_MENU '3';
2018-07-05 07:02:25 EXEC SPC_M007_FND1
2018-07-05 07:02:28 EXEC SPC_COM_MENU '3';
2018-07-05 07:02:28 EXEC SPC_m007_LST1 '2';
2018-07-05 07:02:33 EXEC SPC_COM_MENU '3';
2018-07-05 07:02:33 EXEC SPC_M007_ACT1 '2','<row number_id="1" content="Ban quản trị" num_remark1="" num_remark2="" num_remark3="" text_remark1="" text_remark2="" text_remark3="" /><row number_id="2" content="Nhân viên chính thức" num_remark1="" num_remark2="" num_remark3="" text_remark1="" text_remark2="" text_remark3="" /><row number_id="3" content="Nhân viên hợp đồng" num_remark1="" num_remark2="" num_remark3="" text_remark1="" text_remark2="" text_remark3="" /><row number_id="4" content="Nhân viên bán thời gian" num_remark1="" num_remark2="" num_remark3="" text_remark1="" text_remark2="" text_remark3="" /><row number_id="5" content="Loại khác" num_remark1="" num_remark2="" num_remark3="" text_remark1="" text_remark2="" text_remark3="" /><row number_id="0" content="" num_remark1="" num_remark2="" num_remark3="" text_remark1="" text_remark2="" text_remark3="" />','quy','127.0.0.1';
2018-07-05 07:02:35 EXEC SPC_COM_MENU '3';
2018-07-05 07:02:35 EXEC SPC_m007_LST1 '2';
2018-07-05 07:06:46 EXEC SPC_COM_PERMISSION '3','m007';
2018-07-05 07:06:46 EXEC SPC_COM_MENU '3';
2018-07-05 07:06:46 EXEC SPC_M007_FND1
2018-07-05 07:06:49 EXEC SPC_COM_MENU '3';
2018-07-05 07:06:49 EXEC SPC_m007_LST1 '2';
2018-07-05 07:08:49 EXEC SPC_COM_PERMISSION '3','m007';
2018-07-05 07:08:49 EXEC SPC_COM_MENU '3';
2018-07-05 07:08:49 EXEC SPC_M007_FND1
2018-07-05 07:08:51 EXEC SPC_COM_MENU '3';
2018-07-05 07:08:51 EXEC SPC_m007_LST1 '2';
2018-07-05 07:09:01 EXEC SPC_COM_PERMISSION '3','m003';
2018-07-05 07:09:01 EXEC SPC_COM_MENU '3';
2018-07-05 07:09:01 EXEC SPC_M003_FND1
2018-07-05 07:09:05 EXEC SPC_COM_PERMISSION '3','s002';
2018-07-05 07:09:05 EXEC SPC_COM_MENU '3';
2018-07-05 07:09:05 EXEC SPC_S002_FND1
2018-07-05 07:09:27 EXEC SPC_COM_PERMISSION '3','m007';
2018-07-05 07:09:27 EXEC SPC_COM_MENU '3';
2018-07-05 07:09:27 EXEC SPC_M007_FND1
2018-07-05 07:09:30 EXEC SPC_COM_MENU '3';
2018-07-05 07:09:30 EXEC SPC_m007_LST1 '5';
2018-07-05 07:09:37 EXEC SPC_COM_MENU '3';
2018-07-05 07:09:38 EXEC SPC_M007_ACT1 '5','<row number_id="1" content="Giám đốc" num_remark1="" num_remark2="" num_remark3="" text_remark1="" text_remark2="" text_remark3="" /><row number_id="2" content="Trưởng phòng" num_remark1="" num_remark2="" num_remark3="" text_remark1="" text_remark2="" text_remark3="" /><row number_id="3" content="Phó phòng" num_remark1="" num_remark2="" num_remark3="" text_remark1="" text_remark2="" text_remark3="" /><row number_id="4" content="Trợ lý" num_remark1="" num_remark2="" num_remark3="" text_remark1="" text_remark2="" text_remark3="" /><row number_id="5" content="Cộng tác viên" num_remark1="" num_remark2="" num_remark3="" text_remark1="" text_remark2="" text_remark3="" /><row number_id="0" content="" num_remark1="" num_remark2="" num_remark3="" text_remark1="" text_remark2="" text_remark3="" />','quy','127.0.0.1';
2018-07-05 07:09:39 EXEC SPC_COM_MENU '3';
2018-07-05 07:09:39 EXEC SPC_m007_LST1 '5';
2018-07-05 07:09:45 EXEC SPC_COM_PERMISSION '3','m003';
2018-07-05 07:09:45 EXEC SPC_COM_MENU '3';
2018-07-05 07:09:45 EXEC SPC_M003_FND1
2018-07-05 07:09:49 EXEC SPC_COM_MENU '3';
2018-07-05 07:09:49 EXEC SPC_M003_LST1 '','','','0','10','1';
2018-07-05 07:09:54 EXEC SPC_COM_MENU '3';
2018-07-05 07:09:54 EXEC SPC_M003_LST1 '','','','0','10','2';
2018-07-05 07:09:56 EXEC SPC_COM_MENU '3';
2018-07-05 07:09:56 EXEC SPC_M003_LST1 '','','','0','10','1';
2018-07-05 07:10:04 EXEC SPC_COM_PERMISSION '3','s002';
2018-07-05 07:10:04 EXEC SPC_COM_MENU '3';
2018-07-05 07:10:04 EXEC SPC_S002_FND1
2018-07-05 07:10:06 EXEC SPC_COM_MENU '3';
2018-07-05 07:10:06 EXEC SPC_S002_LST1 '','','','','10','1';
2018-07-05 07:10:32 EXEC SPC_COM_PERMISSION '3','s001';
2018-07-05 07:10:32 EXEC SPC_COM_MENU '3';
2018-07-05 07:10:32 EXEC SPC_S001_FND1
2018-07-05 07:10:34 EXEC SPC_COM_MENU '3';
2018-07-05 07:10:34 EXEC SPC_S001_LST1 '3';
2018-07-05 07:10:50 EXEC SPC_COM_PERMISSION '3','m002';
2018-07-05 07:10:50 EXEC SPC_COM_PERMISSION '3','s001';
2018-07-05 07:10:50 EXEC SPC_COM_PERMISSION '3','s001';
2018-07-05 07:10:50 EXEC SPC_COM_MENU '3';
2018-07-05 07:10:50 EXEC SPC_S001_FND1
2018-07-05 07:11:09 EXEC SPC_COM_MENU '3';
2018-07-05 07:11:09 EXEC SPC_S001_LST1 '3';
2018-07-05 07:12:30 EXEC SPC_COM_PERMISSION '3','s001';
2018-07-05 07:12:30 EXEC SPC_COM_MENU '3';
2018-07-05 07:12:30 EXEC SPC_S001_FND1
2018-07-05 07:12:35 EXEC SPC_COM_PERMISSION '3','m004';
2018-07-05 07:12:35 EXEC SPC_COM_MENU '3';
2018-07-05 07:12:35 EXEC SPC_M004_FND1
2018-07-05 07:12:38 EXEC SPC_COM_PERMISSION '3','m007';
2018-07-05 07:12:38 EXEC SPC_COM_MENU '3';
2018-07-05 07:12:38 EXEC SPC_M007_FND1
2018-07-05 07:12:42 EXEC SPC_COM_PERMISSION '3','s002';
2018-07-05 07:12:42 EXEC SPC_COM_MENU '3';
2018-07-05 07:12:42 EXEC SPC_S002_FND1
2018-07-05 07:30:31 EXEC SPC_COM_PERMISSION '3','s002';
2018-07-05 07:30:32 EXEC SPC_COM_MENU '3';
2018-07-05 07:30:32 EXEC SPC_S002_FND1
2018-07-05 07:30:37 EXEC SPC_COM_PERMISSION '3','m007';
2018-07-05 07:30:37 EXEC SPC_COM_MENU '3';
2018-07-05 07:30:37 EXEC SPC_M007_FND1
2018-07-05 07:30:48 EXEC SPC_COM_MENU '3';
2018-07-05 07:30:48 EXEC SPC_m007_LST1 '3';
2018-07-05 07:30:51 EXEC SPC_COM_MENU '3';
2018-07-05 07:30:51 EXEC SPC_m007_LST1 '6';
2018-07-05 07:35:05 EXEC SPC_COM_PERMISSION '3','m007';
2018-07-05 07:35:05 EXEC SPC_COM_MENU '3';
2018-07-05 07:35:05 EXEC SPC_M007_FND1
2018-07-05 07:35:08 EXEC SPC_COM_MENU '3';
2018-07-05 07:35:08 EXEC SPC_m007_LST1 '3';
2018-07-05 07:35:11 EXEC SPC_COM_MENU '3';
2018-07-05 07:35:11 EXEC SPC_m007_LST1 '';
2018-07-05 07:35:15 EXEC SPC_COM_MENU '3';
2018-07-05 07:35:15 EXEC SPC_m007_LST1 'dsadsadsd';
2018-07-05 07:35:15 SQLSTATE[42000]: [Microsoft][ODBC Driver 13 for SQL Server][SQL Server]データ型 nvarchar を smallint に変換中にエラーが発生しました。
2018-07-05 07:35:22 EXEC SPC_COM_PERMISSION '3','m007';
2018-07-05 07:35:22 EXEC SPC_COM_MENU '3';
2018-07-05 07:35:22 EXEC SPC_M007_FND1
2018-07-05 07:35:26 EXEC SPC_COM_MENU '3';
2018-07-05 07:35:26 EXEC SPC_m007_LST1 '2';
2018-07-05 07:35:28 EXEC SPC_COM_MENU '3';
2018-07-05 07:35:28 EXEC SPC_m007_LST1 '';
2018-07-05 07:35:35 EXEC SPC_COM_PERMISSION '3','m007';
2018-07-05 07:35:35 EXEC SPC_COM_MENU '3';
2018-07-05 07:35:35 EXEC SPC_M007_FND1
2018-07-05 07:35:39 EXEC SPC_COM_MENU '3';
2018-07-05 07:35:39 EXEC SPC_m007_LST1 '4';
2018-07-05 07:35:41 EXEC SPC_COM_MENU '3';
2018-07-05 07:35:41 EXEC SPC_m007_LST1 '';
2018-07-05 07:35:44 EXEC SPC_COM_MENU '3';
2018-07-05 07:35:44 EXEC SPC_m007_LST1 'dsad';
2018-07-05 07:35:44 SQLSTATE[42000]: [Microsoft][ODBC Driver 13 for SQL Server][SQL Server]データ型 nvarchar を smallint に変換中にエラーが発生しました。
2018-07-05 07:48:40 EXEC SPC_COM_PERMISSION '3','m007';
2018-07-05 07:48:40 EXEC SPC_COM_MENU '3';
2018-07-05 07:48:40 EXEC SPC_M007_FND1
2018-07-05 07:48:42 EXEC SPC_COM_MENU '3';
2018-07-05 07:48:42 EXEC SPC_m007_LST1 '1';
2018-07-05 07:48:44 EXEC SPC_COM_MENU '3';
2018-07-05 07:48:44 EXEC SPC_m007_LST1 '';
2018-07-05 07:48:45 EXEC SPC_COM_MENU '3';
2018-07-05 07:48:45 EXEC SPC_m007_LST1 'dsadad';
2018-07-05 07:48:45 SQLSTATE[42000]: [Microsoft][ODBC Driver 13 for SQL Server][SQL Server]データ型 nvarchar を smallint に変換中にエラーが発生しました。
2018-07-05 07:51:35 EXEC SPC_COM_PERMISSION '3','m007';
2018-07-05 07:51:35 EXEC SPC_COM_MENU '3';
2018-07-05 07:51:35 EXEC SPC_M007_FND1
2018-07-05 07:57:42 EXEC SPC_COM_MENU '3';
2018-07-05 07:57:42 EXEC SPC_m007_LST1 '';
2018-07-05 07:57:47 EXEC SPC_COM_PERMISSION '3','m007';
2018-07-05 07:57:47 EXEC SPC_COM_MENU '3';
2018-07-05 07:57:47 EXEC SPC_M007_FND1
2018-07-05 07:57:54 EXEC SPC_COM_MENU '3';
2018-07-05 07:57:54 EXEC SPC_m007_LST1 '';
2018-07-05 07:58:18 EXEC SPC_COM_PERMISSION '3','m007';
2018-07-05 07:58:18 EXEC SPC_COM_MENU '3';
2018-07-05 07:58:18 EXEC SPC_M007_FND1
2018-07-05 07:58:23 EXEC SPC_COM_MENU '3';
2018-07-05 07:58:23 EXEC SPC_m007_LST1 '';
2018-07-05 07:58:26 EXEC SPC_COM_PERMISSION '3','m007';
2018-07-05 07:58:26 EXEC SPC_COM_MENU '3';
2018-07-05 07:58:26 EXEC SPC_M007_FND1
2018-07-05 07:58:36 EXEC SPC_COM_PERMISSION '3','m007';
2018-07-05 07:58:36 EXEC SPC_COM_MENU '3';
2018-07-05 07:58:36 EXEC SPC_M007_FND1
2018-07-05 07:58:50 EXEC SPC_COM_MENU '3';
2018-07-05 07:58:50 EXEC SPC_m007_LST1 '';
2018-07-05 07:59:21 EXEC SPC_COM_PERMISSION '3','m007';
2018-07-05 07:59:21 EXEC SPC_COM_MENU '3';
2018-07-05 07:59:21 EXEC SPC_M007_FND1
2018-07-05 07:59:36 EXEC SPC_COM_MENU '3';
2018-07-05 07:59:36 EXEC SPC_m007_LST1 '';
2018-07-05 07:59:55 EXEC SPC_COM_PERMISSION '3','m007';
2018-07-05 07:59:55 EXEC SPC_COM_MENU '3';
2018-07-05 07:59:55 EXEC SPC_M007_FND1
2018-07-05 07:59:58 EXEC SPC_COM_MENU '3';
2018-07-05 07:59:58 EXEC SPC_m007_LST1 '';
2018-07-05 08:00:11 EXEC SPC_COM_PERMISSION '3','m007';
2018-07-05 08:00:11 EXEC SPC_COM_MENU '3';
2018-07-05 08:00:11 EXEC SPC_M007_FND1
2018-07-05 08:00:18 EXEC SPC_COM_PERMISSION '3','m007';
2018-07-05 08:00:18 EXEC SPC_COM_MENU '3';
2018-07-05 08:00:18 EXEC SPC_M007_FND1
2018-07-05 08:02:35 EXEC SPC_COM_MENU '3';
2018-07-05 08:02:35 EXEC SPC_m007_LST1 '';
2018-07-05 08:02:41 EXEC SPC_COM_PERMISSION '3','m007';
2018-07-05 08:02:41 EXEC SPC_COM_MENU '3';
2018-07-05 08:02:41 EXEC SPC_M007_FND1
2018-07-05 08:02:42 EXEC SPC_COM_MENU '3';
2018-07-05 08:02:42 EXEC SPC_m007_LST1 '';
2018-07-05 08:02:50 EXEC SPC_COM_PERMISSION '3','m007';
2018-07-05 08:02:50 EXEC SPC_COM_MENU '3';
2018-07-05 08:02:50 EXEC SPC_M007_FND1
2018-07-05 08:04:12 EXEC SPC_COM_PERMISSION '3','m007';
2018-07-05 08:04:12 EXEC SPC_COM_MENU '3';
2018-07-05 08:04:12 EXEC SPC_M007_FND1
2018-07-05 08:04:14 EXEC SPC_COM_MENU '3';
2018-07-05 08:04:14 EXEC SPC_m007_LST1 '2';
2018-07-05 08:04:16 EXEC SPC_COM_MENU '3';
2018-07-05 08:04:16 EXEC SPC_m007_LST1 '';
2018-07-05 08:04:19 EXEC SPC_COM_MENU '3';
2018-07-05 08:04:19 EXEC SPC_m007_LST1 'dsadsadads';
2018-07-05 08:04:19 SQLSTATE[42000]: [Microsoft][ODBC Driver 13 for SQL Server][SQL Server]データ型 nvarchar を smallint に変換中にエラーが発生しました。
2018-07-05 08:08:43 EXEC SPC_COM_PERMISSION '3','m007';
2018-07-05 08:08:43 EXEC SPC_COM_MENU '3';
2018-07-05 08:08:43 EXEC SPC_M007_FND1
2018-07-05 08:11:05 EXEC SPC_COM_PERMISSION '3','m007';
2018-07-05 08:11:05 EXEC SPC_COM_MENU '3';
2018-07-05 08:11:05 EXEC SPC_M007_FND1
2018-07-05 08:11:33 EXEC SPC_COM_MENU '3';
2018-07-05 08:11:33 EXEC SPC_m007_LST1 '3';
2018-07-05 08:11:35 EXEC SPC_COM_MENU '3';
2018-07-05 08:11:35 EXEC SPC_m007_LST1 '';
2018-07-05 08:11:42 EXEC SPC_COM_PERMISSION '3','m007';
2018-07-05 08:11:42 EXEC SPC_COM_MENU '3';
2018-07-05 08:11:42 EXEC SPC_M007_FND1
2018-07-05 08:11:48 EXEC SPC_COM_MENU '3';
2018-07-05 08:11:48 EXEC SPC_m007_LST1 '3';
2018-07-05 08:11:49 EXEC SPC_COM_MENU '3';
2018-07-05 08:11:49 EXEC SPC_m007_LST1 '';
2018-07-05 08:11:53 EXEC SPC_COM_PERMISSION '3','m007';
2018-07-05 08:11:53 EXEC SPC_COM_MENU '3';
2018-07-05 08:11:53 EXEC SPC_M007_FND1
2018-07-05 08:13:48 EXEC SPC_COM_PERMISSION '3','m007';
2018-07-05 08:13:48 EXEC SPC_COM_MENU '3';
2018-07-05 08:13:48 EXEC SPC_M007_FND1
2018-07-05 08:13:52 EXEC SPC_COM_PERMISSION '3','m003';
2018-07-05 08:13:52 EXEC SPC_COM_MENU '3';
2018-07-05 08:13:52 EXEC SPC_M003_FND1
2018-07-05 08:14:04 EXEC SPC_COM_PERMISSION '3','m003';
2018-07-05 08:14:04 EXEC SPC_COM_MENU '3';
2018-07-05 08:14:04 EXEC SPC_M003_FND1
2018-07-05 08:16:54 EXEC SPC_COM_PERMISSION '3','m003';
2018-07-05 08:16:54 EXEC SPC_COM_MENU '3';
2018-07-05 08:16:54 EXEC SPC_M003_FND1
2018-07-05 08:17:14 EXEC SPC_COM_PERMISSION '3','m003';
2018-07-05 08:17:14 EXEC SPC_COM_MENU '3';
2018-07-05 08:17:14 EXEC SPC_M003_FND1
2018-07-05 08:18:04 EXEC SPC_COM_PERMISSION '3','m003';
2018-07-05 08:18:04 EXEC SPC_COM_MENU '3';
2018-07-05 08:18:04 EXEC SPC_M003_FND1
2018-07-05 08:18:13 EXEC SPC_COM_PERMISSION '3','m003';
2018-07-05 08:18:13 EXEC SPC_COM_MENU '3';
2018-07-05 08:18:13 EXEC SPC_M003_FND1
2018-07-05 08:22:30 EXEC SPC_COM_PERMISSION '3','m003';
2018-07-05 08:22:30 EXEC SPC_COM_MENU '3';
2018-07-05 08:22:30 EXEC SPC_M003_FND1
2018-07-05 08:22:44 EXEC SPC_COM_PERMISSION '3','m003';
2018-07-05 08:22:44 EXEC SPC_COM_MENU '3';
2018-07-05 08:22:44 EXEC SPC_M003_FND1
2018-07-05 08:23:19 EXEC SPC_COM_PERMISSION '3','m003';
2018-07-05 08:23:19 EXEC SPC_COM_MENU '3';
2018-07-05 08:23:19 EXEC SPC_M003_FND1
2018-07-05 08:23:26 EXEC SPC_COM_PERMISSION '3','m003';
2018-07-05 08:23:26 EXEC SPC_COM_MENU '3';
2018-07-05 08:23:26 EXEC SPC_M003_FND1
2018-07-05 08:23:50 EXEC SPC_COM_PERMISSION '3','m007';
2018-07-05 08:23:50 EXEC SPC_COM_MENU '3';
2018-07-05 08:23:50 EXEC SPC_M007_FND1
2018-07-05 08:23:54 EXEC SPC_COM_MENU '3';
2018-07-05 08:23:54 EXEC SPC_m007_LST1 '';
2018-07-05 08:24:05 EXEC SPC_COM_MENU '3';
2018-07-05 08:24:05 EXEC SPC_m007_LST1 '4';
2018-07-05 08:24:09 EXEC SPC_COM_MENU '3';
2018-07-05 08:24:09 EXEC SPC_m007_LST1 '';
2018-07-05 08:24:13 EXEC SPC_COM_PERMISSION '3','m007';
2018-07-05 08:24:13 EXEC SPC_COM_MENU '3';
2018-07-05 08:24:13 EXEC SPC_M007_FND1
2018-07-05 08:24:15 EXEC SPC_COM_MENU '3';
2018-07-05 08:24:15 EXEC SPC_m007_LST1 '2';
2018-07-05 08:24:18 EXEC SPC_COM_MENU '3';
2018-07-05 08:24:18 EXEC SPC_m007_LST1 '';
2018-07-05 08:24:20 EXEC SPC_COM_MENU '3';
2018-07-05 08:24:20 EXEC SPC_m007_LST1 'dsads';
2018-07-05 08:24:20 SQLSTATE[42000]: [Microsoft][ODBC Driver 13 for SQL Server][SQL Server]データ型 nvarchar を smallint に変換中にエラーが発生しました。
2018-07-05 08:24:24 EXEC SPC_COM_MENU '3';
2018-07-05 08:24:24 EXEC SPC_m007_LST1 '';
2018-07-05 08:24:31 EXEC SPC_COM_PERMISSION '3','m007';
2018-07-05 08:24:31 EXEC SPC_COM_MENU '3';
2018-07-05 08:24:31 EXEC SPC_M007_FND1
2018-07-05 08:27:29 EXEC SPC_COM_PERMISSION '3','m007';
2018-07-05 08:27:29 EXEC SPC_COM_MENU '3';
2018-07-05 08:27:29 EXEC SPC_M007_FND1
2018-07-05 08:27:32 EXEC SPC_COM_MENU '3';
2018-07-05 08:27:32 EXEC SPC_m007_LST1 '';
2018-07-05 08:27:38 EXEC SPC_COM_PERMISSION '3','m007';
2018-07-05 08:27:38 EXEC SPC_COM_MENU '3';
2018-07-05 08:27:38 EXEC SPC_M007_FND1
2018-07-05 08:31:46 EXEC SPC_COM_PERMISSION '3','m007';
2018-07-05 08:31:46 EXEC SPC_COM_MENU '3';
2018-07-05 08:31:46 EXEC SPC_M007_FND1
2018-07-05 08:31:52 EXEC SPC_COM_PERMISSION '3','m007';
2018-07-05 08:31:52 EXEC SPC_COM_MENU '3';
2018-07-05 08:31:52 EXEC SPC_M007_FND1
2018-07-05 08:31:58 EXEC SPC_COM_PERMISSION '3','m007';
2018-07-05 08:31:58 EXEC SPC_COM_MENU '3';
2018-07-05 08:31:58 EXEC SPC_M007_FND1
2018-07-05 08:32:02 EXEC SPC_COM_MENU '3';
2018-07-05 08:32:02 EXEC SPC_m007_LST1 '';
2018-07-05 08:32:07 EXEC SPC_COM_PERMISSION '3','m007';
2018-07-05 08:32:07 EXEC SPC_COM_MENU '3';
2018-07-05 08:32:07 EXEC SPC_M007_FND1
2018-07-05 08:33:01 EXEC SPC_COM_PERMISSION '3','m007';
2018-07-05 08:33:01 EXEC SPC_COM_MENU '3';
2018-07-05 08:33:01 EXEC SPC_M007_FND1
2018-07-05 08:33:13 EXEC SPC_COM_PERMISSION '3','m007';
2018-07-05 08:33:13 EXEC SPC_COM_MENU '3';
2018-07-05 08:33:13 EXEC SPC_M007_FND1
2018-07-05 08:33:23 EXEC SPC_COM_PERMISSION '3','m007';
2018-07-05 08:33:23 EXEC SPC_COM_MENU '3';
2018-07-05 08:33:23 EXEC SPC_M007_FND1
2018-07-05 08:33:43 EXEC SPC_COM_MENU '3';
2018-07-05 08:33:43 EXEC SPC_m007_LST1 '4';
2018-07-05 08:33:44 EXEC SPC_COM_MENU '3';
2018-07-05 08:33:44 EXEC SPC_m007_LST1 '';
2018-07-05 08:36:02 EXEC SPC_COM_PERMISSION '3','m007';
2018-07-05 08:36:02 EXEC SPC_COM_MENU '3';
2018-07-05 08:36:02 EXEC SPC_M007_FND1
2018-07-05 08:38:42 EXEC SPC_COM_PERMISSION '3','m007';
2018-07-05 08:38:42 EXEC SPC_COM_MENU '3';
2018-07-05 08:38:42 EXEC SPC_M007_FND1
2018-07-05 08:38:52 EXEC SPC_COM_MENU '3';
2018-07-05 08:38:52 EXEC SPC_m007_LST1 '5';
2018-07-05 08:38:55 EXEC SPC_COM_MENU '3';
2018-07-05 08:38:55 EXEC SPC_m007_LST1 '1';
2018-07-05 08:38:57 EXEC SPC_COM_MENU '3';
2018-07-05 08:38:57 EXEC SPC_m007_LST1 '4';
2018-07-05 08:38:59 EXEC SPC_COM_MENU '3';
2018-07-05 08:38:59 EXEC SPC_m007_LST1 '';
2018-07-05 08:39:17 EXEC SPC_COM_MENU '3';
2018-07-05 08:39:17 EXEC SPC_m007_LST1 '4';
2018-07-05 08:39:22 EXEC SPC_COM_MENU '3';
2018-07-05 08:39:22 EXEC SPC_m007_LST1 '';
2018-07-05 08:39:26 EXEC SPC_COM_MENU '3';
2018-07-05 08:39:26 EXEC SPC_m007_LST1 'abdsda';
2018-07-05 08:39:26 SQLSTATE[42000]: [Microsoft][ODBC Driver 13 for SQL Server][SQL Server]データ型 nvarchar を smallint に変換中にエラーが発生しました。
2018-07-05 08:40:29 EXEC SPC_COM_PERMISSION '3','m007';
2018-07-05 08:40:29 EXEC SPC_COM_MENU '3';
2018-07-05 08:40:29 EXEC SPC_M007_FND1
2018-07-05 09:02:54 EXEC SPC_COM_PERMISSION '3','m007';
2018-07-05 09:02:55 EXEC SPC_COM_MENU '3';
2018-07-05 09:02:55 EXEC SPC_M007_FND1
2018-07-05 09:03:12 EXEC SPC_COM_MENU '3';
2018-07-05 09:03:12 EXEC SPC_m007_LST1 'asdadad';
2018-07-05 09:03:12 SQLSTATE[42000]: [Microsoft][ODBC Driver 13 for SQL Server][SQL Server]データ型 nvarchar を smallint に変換中にエラーが発生しました。
2018-07-05 09:08:00 EXEC SPC_COM_PERMISSION '3','m007';
2018-07-05 09:08:00 EXEC SPC_COM_MENU '3';
2018-07-05 09:08:00 EXEC SPC_M007_FND1
2018-07-05 09:08:06 EXEC SPC_COM_MENU '3';
2018-07-05 09:08:06 EXEC SPC_m007_LST1 'dsadada';
2018-07-05 09:08:06 SQLSTATE[42000]: [Microsoft][ODBC Driver 13 for SQL Server][SQL Server]データ型 nvarchar を smallint に変換中にエラーが発生しました。
2018-07-05 09:09:06 EXEC SPC_COM_PERMISSION '3','m007';
2018-07-05 09:09:06 EXEC SPC_COM_MENU '3';
2018-07-05 09:09:06 EXEC SPC_M007_FND1
2018-07-05 09:09:12 EXEC SPC_COM_MENU '3';
2018-07-05 09:09:12 EXEC SPC_m007_LST1 'sdadsad';
2018-07-05 09:09:12 SQLSTATE[42000]: [Microsoft][ODBC Driver 13 for SQL Server][SQL Server]データ型 nvarchar を smallint に変換中にエラーが発生しました。
2018-07-05 09:12:18 EXEC SPC_COM_PERMISSION '3','m007';
2018-07-05 09:12:18 EXEC SPC_COM_MENU '3';
2018-07-05 09:12:18 EXEC SPC_M007_FND1
2018-07-05 09:12:56 EXEC SPC_COM_MENU '3';
2018-07-05 09:12:56 EXEC SPC_m007_LST1 'sdasda';
2018-07-05 09:12:56 SQLSTATE[42000]: [Microsoft][ODBC Driver 13 for SQL Server][SQL Server]データ型 nvarchar を smallint に変換中にエラーが発生しました。
2018-07-05 09:23:56 EXEC SPC_COM_PERMISSION '3','m007';
2018-07-05 09:23:56 EXEC SPC_COM_MENU '3';
2018-07-05 09:23:56 EXEC SPC_M007_FND1
2018-07-05 10:02:35 EXEC SPC_COM_PERMISSION '3','m007';
2018-07-05 10:02:35 EXEC SPC_COM_MENU '3';
2018-07-05 10:02:35 EXEC SPC_M007_FND1
2018-07-05 10:02:57 EXEC SPC_COM_PERMISSION '3','m007';
2018-07-05 10:02:57 EXEC SPC_COM_MENU '3';
2018-07-05 10:02:57 EXEC SPC_M007_FND1
2018-07-05 10:03:00 EXEC SPC_COM_MENU '3';
2018-07-05 10:03:00 EXEC SPC_m007_LST1 'đâs';
2018-07-05 10:03:00 SQLSTATE[42000]: [Microsoft][ODBC Driver 13 for SQL Server][SQL Server]データ型 nvarchar を smallint に変換中にエラーが発生しました。
2018-07-05 10:03:25 EXEC SPC_COM_PERMISSION '3','m007';
2018-07-05 10:03:25 EXEC SPC_COM_MENU '3';
2018-07-05 10:03:25 EXEC SPC_M007_FND1
2018-07-05 10:03:29 EXEC SPC_COM_MENU '3';
2018-07-05 10:03:29 EXEC SPC_m007_LST1 'dsadas';
2018-07-05 10:03:29 SQLSTATE[42000]: [Microsoft][ODBC Driver 13 for SQL Server][SQL Server]データ型 nvarchar を smallint に変換中にエラーが発生しました。
2018-07-05 10:06:08 EXEC SPC_COM_PERMISSION '3','m007';
2018-07-05 10:06:08 EXEC SPC_COM_MENU '3';
2018-07-05 10:06:08 EXEC SPC_M007_FND1
2018-07-05 10:06:11 EXEC SPC_COM_MENU '3';
2018-07-05 10:06:11 EXEC SPC_m007_LST1 'dsadsad';
2018-07-05 10:06:11 SQLSTATE[42000]: [Microsoft][ODBC Driver 13 for SQL Server][SQL Server]データ型 nvarchar を smallint に変換中にエラーが発生しました。
2018-07-05 10:07:29 EXEC SPC_COM_PERMISSION '3','m007';
2018-07-05 10:07:29 EXEC SPC_COM_MENU '3';
2018-07-05 10:07:29 EXEC SPC_M007_FND1
2018-07-05 10:07:31 EXEC SPC_COM_MENU '3';
2018-07-05 10:07:31 EXEC SPC_m007_LST1 'sdasda';
2018-07-05 10:07:31 SQLSTATE[42000]: [Microsoft][ODBC Driver 13 for SQL Server][SQL Server]データ型 nvarchar を smallint に変換中にエラーが発生しました。
2018-07-05 10:07:44 EXEC SPC_COM_PERMISSION '3','m007';
2018-07-05 10:07:44 EXEC SPC_COM_MENU '3';
2018-07-05 10:07:44 EXEC SPC_M007_FND1
2018-07-05 10:07:46 EXEC SPC_COM_MENU '3';
2018-07-05 10:07:46 EXEC SPC_m007_LST1 'sdadad';
2018-07-05 10:07:46 SQLSTATE[42000]: [Microsoft][ODBC Driver 13 for SQL Server][SQL Server]データ型 nvarchar を smallint に変換中にエラーが発生しました。
2018-07-05 10:07:57 EXEC SPC_COM_PERMISSION '3','m007';
2018-07-05 10:07:57 EXEC SPC_COM_MENU '3';
2018-07-05 10:07:57 EXEC SPC_M007_FND1
2018-07-05 10:08:00 EXEC SPC_COM_MENU '3';
2018-07-05 10:08:00 EXEC SPC_m007_LST1 'dsadads';
2018-07-05 10:08:00 SQLSTATE[42000]: [Microsoft][ODBC Driver 13 for SQL Server][SQL Server]データ型 nvarchar を smallint に変換中にエラーが発生しました。
2018-07-05 10:08:47 EXEC SPC_COM_PERMISSION '3','m007';
2018-07-05 10:08:47 EXEC SPC_COM_MENU '3';
2018-07-05 10:08:47 EXEC SPC_M007_FND1
2018-07-05 10:08:49 EXEC SPC_COM_MENU '3';
2018-07-05 10:08:49 EXEC SPC_m007_LST1 'dsadad';
2018-07-05 10:08:49 SQLSTATE[42000]: [Microsoft][ODBC Driver 13 for SQL Server][SQL Server]データ型 nvarchar を smallint に変換中にエラーが発生しました。
2018-07-05 10:09:28 EXEC SPC_COM_PERMISSION '3','m007';
2018-07-05 10:09:28 EXEC SPC_COM_MENU '3';
2018-07-05 10:09:28 EXEC SPC_M007_FND1
2018-07-05 10:10:58 EXEC SPC_COM_PERMISSION '3','m007';
2018-07-05 10:10:58 EXEC SPC_COM_MENU '3';
2018-07-05 10:10:58 EXEC SPC_M007_FND1
2018-07-05 10:11:27 EXEC SPC_COM_PERMISSION '3','m007';
2018-07-05 10:11:27 EXEC SPC_COM_MENU '3';
2018-07-05 10:11:27 EXEC SPC_M007_FND1
2018-07-05 10:11:42 EXEC SPC_COM_PERMISSION '3','m007';
2018-07-05 10:11:42 EXEC SPC_COM_MENU '3';
2018-07-05 10:11:42 EXEC SPC_M007_FND1
2018-07-05 10:12:40 EXEC SPC_COM_PERMISSION '3','m007';
2018-07-05 10:12:40 EXEC SPC_COM_MENU '3';
2018-07-05 10:12:40 EXEC SPC_M007_FND1
2018-07-05 10:13:40 EXEC SPC_COM_PERMISSION '3','m007';
2018-07-05 10:13:40 EXEC SPC_COM_MENU '3';
2018-07-05 10:13:40 EXEC SPC_M007_FND1
2018-07-05 10:14:39 EXEC SPC_COM_PERMISSION '3','m007';
2018-07-05 10:14:39 EXEC SPC_COM_MENU '3';
2018-07-05 10:14:39 EXEC SPC_M007_FND1
2018-07-05 10:15:37 EXEC SPC_COM_PERMISSION '3','m007';
2018-07-05 10:15:37 EXEC SPC_COM_MENU '3';
2018-07-05 10:15:37 EXEC SPC_M007_FND1
2018-07-05 10:16:13 EXEC SPC_COM_PERMISSION '3','m007';
2018-07-05 10:16:13 EXEC SPC_COM_MENU '3';
2018-07-05 10:16:13 EXEC SPC_M007_FND1
2018-07-05 10:16:30 EXEC SPC_COM_PERMISSION '3','m007';
2018-07-05 10:16:30 EXEC SPC_COM_MENU '3';
2018-07-05 10:16:30 EXEC SPC_M007_FND1
2018-07-05 10:16:55 EXEC SPC_COM_PERMISSION '3','m007';
2018-07-05 10:16:55 EXEC SPC_COM_MENU '3';
2018-07-05 10:16:55 EXEC SPC_M007_FND1
2018-07-05 10:17:40 EXEC SPC_COM_PERMISSION '3','m007';
2018-07-05 10:17:40 EXEC SPC_COM_MENU '3';
2018-07-05 10:17:40 EXEC SPC_M007_FND1
2018-07-05 10:18:37 EXEC SPC_COM_PERMISSION '3','m007';
2018-07-05 10:18:37 EXEC SPC_COM_MENU '3';
2018-07-05 10:18:37 EXEC SPC_M007_FND1
2018-07-05 10:47:34 EXEC SPC_COM_PERMISSION '3','m007';
2018-07-05 10:47:34 EXEC SPC_COM_MENU '3';
2018-07-05 10:47:34 EXEC SPC_M007_FND1
2018-07-05 10:52:36 EXEC SPC_COM_PERMISSION '3','m007';
2018-07-05 10:52:36 EXEC SPC_COM_MENU '3';
2018-07-05 10:52:36 EXEC SPC_M007_FND1
2018-07-05 10:52:44 EXEC SPC_COM_MENU '3';
2018-07-05 10:52:44 EXEC SPC_m007_LST1 '3';
