2018-11-14 05:57:14 EXEC SPC_COM_DATA '','','';
2018-11-14 05:57:22 EXEC SPC_COM_DATA '','','';
2018-11-14 05:57:22 EXEC SPC_SOCIAL_LST1 '','';
2018-11-14 06:01:01 EXEC SPC_COMMON_ACCOUNT '2','1';
2018-11-14 06:01:01 EXEC SPC_COM_DATA 'khoai','2','1';
2018-11-14 06:01:02 EXEC SPC_SOCIAL_LST1 '','khoai';
2018-11-14 06:13:49 EXEC SPC_COM_DATA 'khoai','2','1';
2018-11-14 06:13:49 EXEC SPC_GRAMMAR_LST1 '','khoai','','';
2018-11-14 06:13:51 EXEC SPC_COM_DATA 'khoai','2','1';
2018-11-14 06:13:51 EXEC SPC_GRAMMAR_LST2 '6','6','khoai';
2018-11-14 06:14:05 EXEC SPC_COM_DATA 'khoai','2','1';
2018-11-14 06:14:05 EXEC SPC_GRAMMAR_LST2 '6','7','khoai';
2018-11-14 06:14:08 EXEC SPC_COM_DATA 'khoai','2','1';
2018-11-14 06:14:08 EXEC SPC_COM_QUESTION_LIST '2';
2018-11-14 06:14:31 EXEC SPC_COM_DATA 'khoai','2','1';
2018-11-14 06:14:31 EXEC SPC_WRITING_LST1 '','khoai','6','7';
2018-11-14 06:14:31 EXEC SPC_COM_DATA 'khoai','2','1';
2018-11-14 06:14:31 EXEC SPC_COMMON_GET_SUGGEST
2018-11-14 06:14:31 EXEC SPC_COM_DATA 'khoai','2','1';
2018-11-14 06:14:31 EXEC SPC_WRITING_LST2 '9','10','khoai';
2018-11-14 06:14:32 EXEC SPC_COM_DATA 'khoai','2','1';
2018-11-14 06:14:32 EXEC SPC_READING_LST1 '','khoai','9','10';
2018-11-14 06:14:33 EXEC SPC_COM_DATA 'khoai','2','1';
2018-11-14 06:14:33 EXEC SPC_READING_LST2 '12','14','khoai';
2018-11-14 06:15:33 EXEC SPC_COM_PERMISSION '1','2','w002';
2018-11-14 06:15:34 EXEC SPC_COM_MENU '1';
2018-11-14 06:15:34 EXEC SPC_W002_FND1
2018-11-14 06:15:36 EXEC SPC_COM_MENU '1';
2018-11-14 06:15:36 EXEC SPC_W002_LST1 '17';
2018-11-14 06:15:42 EXEC SPC_COM_PERMISSION '1','2','w001';
2018-11-14 06:15:42 EXEC SPC_COM_MENU '1';
2018-11-14 06:15:42 EXEC SPC_COM_M999_INQ1 '7';
2018-11-14 06:15:44 EXEC SPC_COM_MENU '1';
2018-11-14 06:15:44 EXEC SPC_w001_LST1 '','','','','10','1';
2018-11-14 06:15:50 EXEC SPC_COM_PERMISSION '1','2','w002';
2018-11-14 06:15:50 EXEC SPC_COM_MENU '1';
2018-11-14 06:15:50 EXEC SPC_W002_FND1
2018-11-14 06:15:50 EXEC SPC_COM_MENU '1';
2018-11-14 06:15:50 EXEC SPC_W002_LST1 '10';
2018-11-14 06:15:50 EXEC SPC_COM_MENU '1';
2018-11-14 06:15:50 EXEC SPC_W002_LST2 '5';
2018-11-14 06:15:51 EXEC SPC_COM_MENU '1';
2018-11-14 06:15:51 EXEC SPC_COMMON_GROUP '12';
2018-11-14 06:19:56 EXEC SPC_COM_MENU '1';
2018-11-14 06:19:56 EXEC SPC_w002_ACT1 '10','5','12','14','ベトナム','','<p>素晴らしい国</p>
','','','0','<row row_id="0" vocabulary_code="" vocabulary_div="" vocabulary_nm="" spelling="" mean="" explain="" />','','<row row_id="1" content="what is your name?" question_div="1" /><row row_id="1" content="君の名は？" verify="1" question_div="1" /><row row_id="1" content="i don&amp;#39;t know" verify="0" question_div="1" /><row row_id="1" content="if better if u get another question" verify="1" question_div="1" /><row row_id="1" content="i can&amp;#39;t answer it !" verify="0" question_div="1" /><row row_id="2" content="ベトナム なのは何に？" question_div="0" /><row row_id="2" content="素晴らしい国です。" verify="1" question_div="0" /><row row_id="2" content="it is heaven" verify="0" question_div="0" /><row row_id="2" content="it&amp;#39;s my country !" verify="0" question_div="0" /><row row_id="2" content="a place what u can&amp;#39;t forget &amp;lt;3" verify="0" question_div="0" />','ndq809','127.0.0.1';
2018-11-14 06:19:58 EXEC SPC_COM_MENU '1';
2018-11-14 06:19:58 EXEC SPC_W002_LST1 '10';
2018-11-14 06:19:58 EXEC SPC_COM_MENU '1';
2018-11-14 06:19:58 EXEC SPC_W002_LST2 '5';
2018-11-14 06:19:58 EXEC SPC_COM_MENU '1';
2018-11-14 06:19:58 EXEC SPC_COMMON_GROUP '12';
2018-11-14 06:20:05 EXEC SPC_COM_DATA 'khoai','2','1';
2018-11-14 06:20:05 EXEC SPC_READING_LST1 '','khoai','12','14';
2018-11-14 06:20:05 EXEC SPC_COM_DATA 'khoai','2','1';
2018-11-14 06:20:06 EXEC SPC_READING_LST2 '12','14','khoai';
2018-11-14 06:20:22 EXEC SPC_COM_DATA 'khoai','2','1';
2018-11-14 06:20:22 EXEC SPC_COM_QUESTION_LIST '10','2';
2018-11-14 06:20:41 EXEC SPC_COM_DATA 'khoai','2','1';
2018-11-14 06:20:41 EXEC SPC_COM_QUESTION_LIST '10','2';
2018-11-14 06:21:08 EXEC SPC_COM_DATA 'khoai','2','1';
2018-11-14 06:21:08 EXEC SPC_SOCIAL_LST1 '','khoai';
2018-11-14 08:06:25 EXEC SPC_COM_DATA 'khoai','2','1';
2018-11-14 08:06:25 EXEC SPC_SOCIAL_LST1 '','khoai';
2018-11-14 08:08:13 EXEC SPC_COM_DATA 'khoai','2','1';
2018-11-14 08:08:13 EXEC SPC_SOCIAL_LST1 '','khoai';
2018-11-14 08:08:42 EXEC SPC_COM_DATA 'khoai','2','1';
2018-11-14 08:08:42 EXEC SPC_SOCIAL_LST1 '','khoai';
2018-11-14 08:08:44 EXEC SPC_COM_DATA 'khoai','2','1';
2018-11-14 08:08:44 EXEC SPC_COM_MENU '2';
2018-11-14 08:08:47 EXEC SPC_COM_DATA 'khoai','2','1';
2018-11-14 08:08:47 EXEC SPC_COM_MENU '2';
2018-11-14 08:09:21 EXEC SPC_COM_DATA 'khoai','2','1';
2018-11-14 08:09:21 EXEC SPC_COM_MENU '2';
2018-11-14 08:09:23 EXEC SPC_COM_DATA 'khoai','2','1';
2018-11-14 08:09:23 EXEC SPC_COM_MENU '2';
2018-11-14 08:09:24 EXEC SPC_COM_DATA 'khoai','2','1';
2018-11-14 08:09:24 EXEC SPC_SOCIAL_LST1 '','khoai';
2018-11-14 08:09:24 EXEC SPC_COM_DATA 'khoai','2','1';
2018-11-14 08:09:31 EXEC SPC_COM_DATA 'khoai','2','1';
2018-11-14 08:09:31 EXEC SPC_SOCIAL_LST1 '','khoai';
2018-11-14 08:09:31 EXEC SPC_COM_DATA 'khoai','2','1';
2018-11-14 08:10:19 EXEC SPC_COM_DATA 'khoai','2','1';
2018-11-14 08:10:19 EXEC SPC_SOCIAL_LST1 '','khoai';
2018-11-14 08:11:22 EXEC SPC_COM_DATA 'khoai','2','1';
2018-11-14 08:11:22 EXEC SPC_SOCIAL_LST1 '','khoai';
2018-11-14 08:11:22 EXEC SPC_COM_DATA 'khoai','2','1';
2018-11-14 08:12:51 EXEC SPC_COM_DATA 'khoai','2','1';
2018-11-14 08:12:51 EXEC SPC_SOCIAL_LST1 '','khoai';
2018-11-14 08:12:52 EXEC SPC_COM_DATA 'khoai','2','1';
2018-11-14 08:12:52 EXEC SPC_SOCIAL_LST2 '','khoai';
2018-11-14 08:13:36 EXEC SPC_COM_DATA 'khoai','2','1';
2018-11-14 08:13:36 EXEC SPC_SOCIAL_LST1 '','khoai';
2018-11-14 08:13:37 EXEC SPC_COM_DATA 'khoai','2','1';
2018-11-14 08:13:37 EXEC SPC_SOCIAL_LST2 '','khoai';
2018-11-14 08:14:19 EXEC SPC_COM_DATA 'khoai','2','1';
2018-11-14 08:14:19 EXEC SPC_SOCIAL_LST1 '','khoai';
2018-11-14 08:14:19 EXEC SPC_COM_DATA 'khoai','2','1';
2018-11-14 08:14:19 EXEC SPC_SOCIAL_LST2 '','khoai';
2018-11-14 08:14:41 EXEC SPC_COM_DATA 'khoai','2','1';
2018-11-14 08:14:41 EXEC SPC_SOCIAL_LST1 '21','khoai';
2018-11-14 08:14:41 EXEC SPC_COM_DATA 'khoai','2','1';
2018-11-14 08:14:41 EXEC SPC_SOCIAL_LST2 '','khoai';
2018-11-14 08:15:20 EXEC SPC_COM_DATA 'khoai','2','1';
2018-11-14 08:15:20 EXEC SPC_SOCIAL_LST1 '15','khoai';
2018-11-14 08:15:21 EXEC SPC_COM_DATA 'khoai','2','1';
2018-11-14 08:15:21 EXEC SPC_SOCIAL_LST2 '','khoai';
2018-11-14 08:17:23 EXEC SPC_COM_DATA 'khoai','2','1';
2018-11-14 08:17:23 EXEC SPC_SOCIAL_LST1 '15','khoai';
2018-11-14 08:17:24 EXEC SPC_COM_DATA 'khoai','2','1';
2018-11-14 08:17:24 EXEC SPC_SOCIAL_LST2 '','khoai';
2018-11-14 08:21:05 EXEC SPC_COM_DATA 'khoai','2','1';
2018-11-14 08:21:05 EXEC SPC_SOCIAL_LST1 '21','khoai';
2018-11-14 08:21:06 EXEC SPC_COM_DATA 'khoai','2','1';
2018-11-14 08:21:06 EXEC SPC_SOCIAL_LST2 '','khoai';
2018-11-14 08:23:36 EXEC SPC_COM_DATA 'khoai','2','1';
2018-11-14 08:23:36 EXEC SPC_SOCIAL_LST1 '15','khoai';
2018-11-14 08:23:37 EXEC SPC_COM_DATA 'khoai','2','1';
2018-11-14 08:23:37 EXEC SPC_SOCIAL_LST2 '','khoai';
2018-11-14 08:24:06 EXEC SPC_COM_DATA 'khoai','2','1';
2018-11-14 08:24:06 EXEC SPC_SOCIAL_LST1 '15','khoai';
2018-11-14 08:24:06 EXEC SPC_COM_DATA 'khoai','2','1';
2018-11-14 08:24:06 EXEC SPC_SOCIAL_LST2 '','khoai';
2018-11-14 08:26:17 EXEC SPC_COM_DATA 'khoai','2','1';
2018-11-14 08:26:17 EXEC SPC_SOCIAL_LST1 '15','khoai';
2018-11-14 08:26:18 EXEC SPC_COM_DATA 'khoai','2','1';
2018-11-14 08:26:18 EXEC SPC_SOCIAL_LST2 '','khoai';
2018-11-14 08:27:22 EXEC SPC_COM_DATA 'khoai','2','1';
2018-11-14 08:27:22 EXEC SPC_WRITING_LST1 '','khoai','12','14';
2018-11-14 08:27:22 EXEC SPC_COM_DATA 'khoai','2','1';
2018-11-14 08:27:22 EXEC SPC_COMMON_GET_SUGGEST
2018-11-14 08:27:23 EXEC SPC_COM_DATA 'khoai','2','1';
2018-11-14 08:27:23 EXEC SPC_WRITING_LST2 '9','10','khoai';
2018-11-14 08:31:37 EXEC SPC_COM_DATA 'khoai','2','1';
2018-11-14 08:31:37 EXEC SPC_WRITING_LST1 '7','khoai','9','10';
2018-11-14 08:32:20 EXEC SPC_COM_DATA 'khoai','2','1';
2018-11-14 08:32:20 EXEC SPC_WRITING_LST1 '7','khoai','9','10';
2018-11-14 08:32:20 EXEC SPC_COM_DATA 'khoai','2','1';
2018-11-14 08:32:20 EXEC SPC_COMMON_GET_SUGGEST
2018-11-14 08:32:21 EXEC SPC_COM_DATA 'khoai','2','1';
2018-11-14 08:32:21 EXEC SPC_WRITING_LST2 '9','10','khoai';
2018-11-14 08:32:43 EXEC SPC_COM_M999_INQ1 '8';
2018-11-14 08:32:44 EXEC SPC_USER_P001_LST2 '';
2018-11-14 08:32:46 EXEC SPC_USER_P001_LST1 '0','','','3','','50','1';
2018-11-14 08:32:48 EXEC SPC_USER_P001_LST3 '<row row_id="3" id="1" /><row row_id="3" id="2" /><row row_id="3" id="3" />','3';
2018-11-14 08:32:52 EXEC SPC_COM_DATA 'khoai','2','1';
2018-11-14 08:32:52 EXEC SPC_WRITING_ACT1 '3','16','<row tag_id="1" is_new="0" /><row tag_id="9" is_new="0" /><row tag_id="16" is_new="0" />','why i'm handsome too much?','<p>because I&#39;m&nbsp;a son of Viet Nam &lt;3</p>','<row row_id="3" id="1" /><row row_id="3" id="2" /><row row_id="3" id="3" />','khoai','127.0.0.1';
2018-11-14 08:33:02 EXEC SPC_COM_DATA 'khoai','2','1';
2018-11-14 08:33:02 EXEC SPC_WRITING_LST1 '16','khoai','9','10';
2018-11-14 08:33:02 EXEC SPC_COM_DATA 'khoai','2','1';
2018-11-14 08:33:02 EXEC SPC_COMMON_GET_SUGGEST
2018-11-14 08:33:02 EXEC SPC_COM_DATA 'khoai','2','1';
2018-11-14 08:33:02 EXEC SPC_WRITING_LST2 '9','10','khoai';
2018-11-14 08:33:06 EXEC SPC_COM_DATA 'khoai','2','1';
2018-11-14 08:33:06 EXEC SPC_WRITING_LST1 '16','khoai','9','10';
2018-11-14 08:33:06 EXEC SPC_COM_DATA 'khoai','2','1';
2018-11-14 08:33:06 EXEC SPC_COMMON_GET_SUGGEST
2018-11-14 08:33:06 EXEC SPC_COM_DATA 'khoai','2','1';
2018-11-14 08:33:06 EXEC SPC_WRITING_LST2 '9','10','khoai';
2018-11-14 08:33:12 EXEC SPC_COM_DATA 'khoai','2','1';
2018-11-14 08:33:13 EXEC SPC_SOCIAL_LST1 '','khoai';
2018-11-14 08:33:13 EXEC SPC_COM_DATA 'khoai','2','1';
2018-11-14 08:33:13 EXEC SPC_SOCIAL_LST2 '','khoai';
2018-11-14 08:33:19 EXEC SPC_COM_DATA 'khoai','2','1';
2018-11-14 08:33:19 EXEC SPC_READING_LST1 '','khoai','9','10';
2018-11-14 08:33:19 EXEC SPC_COM_DATA 'khoai','2','1';
2018-11-14 08:33:19 EXEC SPC_READING_LST2 '12','14','khoai';
2018-11-14 08:33:20 EXEC SPC_COM_DATA 'khoai','2','1';
2018-11-14 08:33:21 EXEC SPC_WRITING_LST1 '','khoai','12','14';
2018-11-14 08:33:21 EXEC SPC_COM_DATA 'khoai','2','1';
2018-11-14 08:33:21 EXEC SPC_COMMON_GET_SUGGEST
2018-11-14 08:33:21 EXEC SPC_COM_DATA 'khoai','2','1';
2018-11-14 08:33:21 EXEC SPC_WRITING_LST2 '9','10','khoai';
2018-11-14 08:33:29 EXEC SPC_COM_DATA 'khoai','2','1';
2018-11-14 08:33:29 EXEC SPC_WRITING_ACT3 '16','khoai','127.0.0.1';
2018-11-14 08:33:32 EXEC SPC_COM_DATA 'khoai','2','1';
2018-11-14 08:33:32 EXEC SPC_SOCIAL_LST1 '','khoai';
2018-11-14 08:33:33 EXEC SPC_COM_DATA 'khoai','2','1';
2018-11-14 08:33:33 EXEC SPC_SOCIAL_LST2 '','khoai';
2018-11-14 08:33:50 EXEC SPC_COM_DATA 'khoai','2','1';
2018-11-14 08:33:50 EXEC SPC_TRANSLATE_LST1 '2','khoai';
2018-11-14 08:33:50 EXEC SPC_COM_DATA 'khoai','2','1';
2018-11-14 08:33:51 EXEC SPC_TRANSLATE_LST2 'king','khoai','127.0.0.1';
2018-11-14 08:38:19 EXEC SPC_COM_DATA 'khoai','2','1';
2018-11-14 08:38:19 EXEC SPC_SOCIAL_LST1 '21','khoai';
2018-11-14 08:38:20 EXEC SPC_COM_DATA 'khoai','2','1';
2018-11-14 08:38:20 EXEC SPC_SOCIAL_LST2 '','khoai';
2018-11-14 08:39:14 EXEC SPC_COM_DATA 'khoai','2','1';
2018-11-14 08:39:14 EXEC SPC_SOCIAL_LST1 '15','khoai';
2018-11-14 08:39:15 EXEC SPC_COM_DATA 'khoai','2','1';
2018-11-14 08:39:15 EXEC SPC_SOCIAL_LST2 '','khoai';
2018-11-14 08:39:17 EXEC SPC_COM_DATA 'khoai','2','1';
2018-11-14 08:39:17 EXEC SPC_SOCIAL_LST1 '15','khoai';
2018-11-14 08:39:17 EXEC SPC_COM_DATA 'khoai','2','1';
2018-11-14 08:39:17 EXEC SPC_SOCIAL_LST2 '','khoai';
2018-11-14 08:39:20 EXEC SPC_COM_DATA 'khoai','2','1';
2018-11-14 08:39:20 EXEC SPC_SOCIAL_LST1 '15','khoai';
2018-11-14 08:39:20 EXEC SPC_COM_DATA 'khoai','2','1';
2018-11-14 08:39:20 EXEC SPC_SOCIAL_LST2 '','khoai';
2018-11-14 08:43:10 EXEC SPC_COM_DATA 'khoai','2','1';
2018-11-14 08:43:10 EXEC SPC_SOCIAL_LST1 '15','khoai';
2018-11-14 08:43:11 EXEC SPC_COM_DATA 'khoai','2','1';
2018-11-14 08:43:11 EXEC SPC_SOCIAL_LST2 '15','khoai';
2018-11-14 08:43:27 EXEC SPC_COM_DATA 'khoai','2','1';
2018-11-14 08:43:27 EXEC SPC_SOCIAL_LST1 '15','khoai';
2018-11-14 08:43:28 EXEC SPC_COM_DATA 'khoai','2','1';
2018-11-14 08:43:28 EXEC SPC_SOCIAL_LST2 '15','khoai';
2018-11-14 08:45:45 EXEC SPC_COM_DATA 'khoai','2','1';
2018-11-14 08:45:45 EXEC SPC_SOCIAL_LST1 '15','khoai';
2018-11-14 08:45:45 EXEC SPC_COM_DATA 'khoai','2','1';
2018-11-14 08:45:45 EXEC SPC_SOCIAL_LST2 '15','khoai';
2018-11-14 08:51:08 EXEC SPC_COM_DATA 'khoai','2','1';
2018-11-14 08:51:09 EXEC SPC_SOCIAL_LST1 '','khoai';
2018-11-14 08:51:09 EXEC SPC_COM_DATA 'khoai','2','1';
2018-11-14 08:51:09 EXEC SPC_SOCIAL_LST2 '','khoai';
2018-11-14 08:51:32 EXEC SPC_COM_DATA 'khoai','2','1';
2018-11-14 08:51:32 EXEC SPC_SOCIAL_LST1 '21','khoai';
2018-11-14 08:51:33 EXEC SPC_COM_DATA 'khoai','2','1';
2018-11-14 08:51:33 EXEC SPC_SOCIAL_LST2 '21','khoai';
2018-11-14 08:54:14 EXEC SPC_COM_DATA 'khoai','2','1';
2018-11-14 08:54:15 EXEC SPC_SOCIAL_LST1 '21','khoai';
2018-11-14 08:54:15 EXEC SPC_COM_DATA 'khoai','2','1';
2018-11-14 08:54:15 EXEC SPC_SOCIAL_LST2 '21','khoai';
2018-11-14 08:54:18 EXEC SPC_COM_DATA 'khoai','2','1';
2018-11-14 08:54:18 EXEC SPC_COM_REMEMBER '6','3','2','21','khoai','127.0.0.1';
2018-11-14 08:54:27 EXEC SPC_COM_DATA 'khoai','2','1';
2018-11-14 08:54:27 EXEC SPC_SOCIAL_LST1 '21','khoai';
2018-11-14 08:54:28 EXEC SPC_COM_DATA 'khoai','2','1';
2018-11-14 08:54:28 EXEC SPC_SOCIAL_LST2 '21','khoai';
2018-11-14 08:56:10 EXEC SPC_COM_DATA 'khoai','2','1';
2018-11-14 08:56:11 EXEC SPC_SOCIAL_LST1 '21','khoai';
2018-11-14 08:56:11 EXEC SPC_COM_DATA 'khoai','2','1';
2018-11-14 08:56:11 EXEC SPC_SOCIAL_LST2 '21','khoai';
2018-11-14 08:56:20 EXEC SPC_COM_DATA 'khoai','2','1';
2018-11-14 08:56:20 EXEC SPC_SOCIAL_LST1 '16','khoai';
2018-11-14 08:56:20 EXEC SPC_COM_DATA 'khoai','2','1';
2018-11-14 08:56:20 EXEC SPC_SOCIAL_LST2 '16','khoai';
2018-11-14 08:56:23 EXEC SPC_COM_DATA 'khoai','2','1';
2018-11-14 08:56:24 EXEC SPC_SOCIAL_LST1 '15','khoai';
2018-11-14 08:56:24 EXEC SPC_COM_DATA 'khoai','2','1';
2018-11-14 08:56:24 EXEC SPC_SOCIAL_LST2 '15','khoai';
2018-11-14 08:56:26 EXEC SPC_COM_DATA 'khoai','2','1';
2018-11-14 08:56:26 EXEC SPC_SOCIAL_LST1 '21','khoai';
2018-11-14 08:56:27 EXEC SPC_COM_DATA 'khoai','2','1';
2018-11-14 08:56:27 EXEC SPC_SOCIAL_LST2 '21','khoai';
2018-11-14 08:56:34 EXEC SPC_COM_DATA 'khoai','2','1';
2018-11-14 08:56:34 EXEC SPC_SOCIAL_LST1 '16','khoai';
2018-11-14 08:56:34 EXEC SPC_COM_DATA 'khoai','2','1';
2018-11-14 08:56:34 EXEC SPC_SOCIAL_LST2 '16','khoai';
2018-11-14 08:56:38 EXEC SPC_COM_DATA 'khoai','2','1';
2018-11-14 08:56:38 EXEC SPC_SOCIAL_LST1 '15','khoai';
2018-11-14 08:56:39 EXEC SPC_COM_DATA 'khoai','2','1';
2018-11-14 08:56:39 EXEC SPC_SOCIAL_LST2 '15','khoai';
2018-11-14 08:56:46 EXEC SPC_COM_DATA 'khoai','2','1';
2018-11-14 08:56:46 EXEC SPC_SOCIAL_LST1 '21','khoai';
2018-11-14 08:56:47 EXEC SPC_COM_DATA 'khoai','2','1';
2018-11-14 08:56:47 EXEC SPC_SOCIAL_LST2 '21','khoai';
2018-11-14 08:57:45 EXEC SPC_COM_DATA 'khoai','2','1';
2018-11-14 08:57:45 EXEC SPC_SOCIAL_LST1 '21','khoai';
2018-11-14 08:57:46 EXEC SPC_COM_DATA 'khoai','2','1';
2018-11-14 08:57:46 EXEC SPC_SOCIAL_LST2 '21','khoai';
2018-11-14 08:57:49 EXEC SPC_COM_DATA 'khoai','2','1';
2018-11-14 08:57:49 EXEC SPC_SOCIAL_LST1 '16','khoai';
2018-11-14 08:57:49 EXEC SPC_COM_DATA 'khoai','2','1';
2018-11-14 08:57:49 EXEC SPC_SOCIAL_LST2 '16','khoai';
2018-11-14 08:57:59 EXEC SPC_COM_DATA 'khoai','2','1';
2018-11-14 08:57:59 EXEC SPC_COM_ADD_COMMENT '1','6','16','it's me =))','','khoai','127.0.0.1';
2018-11-14 08:58:10 EXEC SPC_COM_DATA 'khoai','2','1';
2018-11-14 08:58:10 EXEC SPC_SOCIAL_LST1 '16','khoai';
2018-11-14 08:58:10 EXEC SPC_COM_DATA 'khoai','2','1';
2018-11-14 08:58:10 EXEC SPC_SOCIAL_LST2 '16','khoai';
2018-11-14 08:59:30 EXEC SPC_COM_DATA 'khoai','2','1';
2018-11-14 08:59:30 EXEC SPC_SOCIAL_LST1 '16','khoai';
2018-11-14 08:59:30 EXEC SPC_COM_DATA 'khoai','2','1';
2018-11-14 08:59:30 EXEC SPC_SOCIAL_LST2 '16','khoai';
2018-11-14 09:05:42 EXEC SPC_COM_DATA 'khoai','2','1';
2018-11-14 09:05:42 EXEC SPC_SOCIAL_LST1 '16','khoai';
2018-11-14 09:05:43 EXEC SPC_COM_DATA 'khoai','2','1';
2018-11-14 09:05:43 EXEC SPC_SOCIAL_LST2 '16','khoai';
