2018-11-26 00:24:19 EXEC SPC_COM_DATA '','','';
2018-11-26 00:27:30 EXEC SPC_COM_DATA '','','';
2018-11-26 00:28:10 EXEC SPC_COM_DATA '','','';
2018-11-26 00:28:10 EXEC SPC_VOCABULARY_LST1 '','','','';
2018-11-26 00:28:10 EXEC SPC_COM_DATA '','','';
2018-11-26 00:28:10 EXEC SPC_VOCABULARY_LST2 '2','1','';
2018-11-26 00:28:25 EXEC SPC_COM_DATA '','','';
2018-11-26 00:28:25 EXEC SPC_GRAMMAR_LST1 '','','2','1';
2018-11-26 00:28:26 EXEC SPC_COM_DATA '','','';
2018-11-26 00:28:26 EXEC SPC_GRAMMAR_LST2 '6','6','';
2018-11-26 00:28:46 EXEC SPC_COM_DATA '','','';
2018-11-26 00:28:46 EXEC SPC_GRAMMAR_LST2 '6','7','';
2018-11-26 00:28:51 EXEC SPC_COM_DATA '','','';
2018-11-26 00:28:51 EXEC SPC_LISTENING_LST1 '','','6','7';
2018-11-26 00:28:52 EXEC SPC_COM_DATA '','','';
2018-11-26 00:28:52 EXEC SPC_LISTENING_LST2 '8','8','';
2018-11-26 00:28:57 EXEC SPC_COM_DATA '','','';
2018-11-26 00:28:57 EXEC SPC_WRITING_LST1 '','','8','8';
2018-11-26 00:28:57 EXEC SPC_COM_DATA '','','';
2018-11-26 00:28:57 EXEC SPC_COMMON_GET_SUGGEST
2018-11-26 00:28:58 EXEC SPC_COM_DATA '','','';
2018-11-26 00:28:58 EXEC SPC_WRITING_LST2 '9','10','';
2018-11-26 00:29:11 EXEC SPC_COM_DATA '','','';
2018-11-26 00:29:11 EXEC SPC_READING_LST1 '','','9','10';
2018-11-26 00:29:11 EXEC SPC_COM_DATA '','','';
2018-11-26 00:29:11 EXEC SPC_READING_LST2 '12','14','';
2018-11-26 00:29:12 EXEC SPC_COM_DATA '','','';
2018-11-26 00:29:12 EXEC SPC_SOCIAL_LST1 '','';
2018-11-26 00:29:13 EXEC SPC_COM_DATA '','','';
2018-11-26 00:29:13 EXEC SPC_SOCIAL_LST2 '','','';
2018-11-26 00:29:26 EXEC SPC_COM_DATA '','','';
2018-11-26 00:29:29 EXEC SPC_COM_DATA '','','';
2018-11-26 00:29:29 EXEC SPC_SOCIAL_LST1 '','';
2018-11-26 00:29:29 EXEC SPC_COM_DATA '','','';
2018-11-26 00:29:29 EXEC SPC_SOCIAL_LST2 '','','';
2018-11-26 00:40:28 EXEC SPC_COM_DATA '','','';
2018-11-26 00:40:28 EXEC SPC_SOCIAL_LST1 '15','';
2018-11-26 00:40:29 EXEC SPC_COM_DATA '','','';
2018-11-26 00:40:29 EXEC SPC_SOCIAL_LST2 '15','','';
2018-11-26 00:40:40 EXEC SPC_COM_DATA '','','';
2018-11-26 00:40:40 EXEC SPC_SOCIAL_LST1 '15','';
2018-11-26 00:40:40 EXEC SPC_COM_DATA '','','';
2018-11-26 00:40:40 EXEC SPC_SOCIAL_LST2 '15','','';
2018-11-26 00:56:16 EXEC SPC_COM_DATA '','','';
2018-11-26 00:56:16 EXEC SPC_SOCIAL_LST1 '15','';
2018-11-26 00:56:17 EXEC SPC_COM_DATA '','','';
2018-11-26 00:56:17 EXEC SPC_SOCIAL_LST2 '15','','';
2018-11-26 01:10:45 EXEC SPC_COM_DATA '','','';
2018-11-26 01:10:45 EXEC SPC_SOCIAL_LST1 '15','';
2018-11-26 01:10:45 EXEC SPC_COM_DATA '','','';
2018-11-26 01:10:45 EXEC SPC_SOCIAL_LST2 '15','','';
2018-11-26 01:11:00 EXEC SPC_COM_DATA '','','';
2018-11-26 01:11:00 EXEC SPC_SOCIAL_LST1 '15','';
2018-11-26 01:11:01 EXEC SPC_COM_DATA '','','';
2018-11-26 01:11:01 EXEC SPC_SOCIAL_LST2 '15','','';
2018-11-26 01:11:07 EXEC SPC_COM_DATA '','','';
2018-11-26 01:11:07 EXEC SPC_SOCIAL_LST1 '','';
2018-11-26 01:11:08 EXEC SPC_COM_DATA '','','';
2018-11-26 01:11:08 EXEC SPC_SOCIAL_LST2 '','','';
2018-11-26 01:11:52 EXEC SPC_COM_DATA '','','';
2018-11-26 01:11:52 EXEC SPC_SOCIAL_LST1 '15','';
2018-11-26 01:11:53 EXEC SPC_COM_DATA '','','';
2018-11-26 01:11:53 EXEC SPC_SOCIAL_LST2 '15','','';
2018-11-26 01:12:07 EXEC SPC_COM_DATA '','','';
2018-11-26 01:12:07 EXEC SPC_SOCIAL_LST1 '16','';
2018-11-26 01:12:08 EXEC SPC_COM_DATA '','','';
2018-11-26 01:12:08 EXEC SPC_SOCIAL_LST2 '16','','';
2018-11-26 01:13:44 EXEC SPC_COM_DATA '','','';
2018-11-26 01:13:44 EXEC SPC_SOCIAL_LST1 '15','';
2018-11-26 01:13:45 EXEC SPC_COM_DATA '','','';
2018-11-26 01:13:45 EXEC SPC_SOCIAL_LST2 '15','','';
2018-11-26 01:14:58 EXEC SPC_COM_DATA '','','';
2018-11-26 01:14:58 EXEC SPC_SOCIAL_LST1 '15','';
2018-11-26 01:14:59 EXEC SPC_COM_DATA '','','';
2018-11-26 01:14:59 EXEC SPC_SOCIAL_LST2 '15','','';
2018-11-26 01:15:58 EXEC SPC_COM_DATA '','','';
2018-11-26 01:15:58 EXEC SPC_SOCIAL_LST1 '','';
2018-11-26 01:15:58 EXEC SPC_COM_DATA '','','';
2018-11-26 01:15:58 EXEC SPC_SOCIAL_LST2 '','','';
2018-11-26 01:17:38 EXEC SPC_COM_DATA '','','';
2018-11-26 01:17:38 EXEC SPC_SOCIAL_LST1 '15','';
2018-11-26 01:17:39 EXEC SPC_COM_DATA '','','';
2018-11-26 01:17:39 EXEC SPC_SOCIAL_LST2 '15','','';
2018-11-26 01:17:49 EXEC SPC_COM_DATA '','','';
2018-11-26 01:17:49 EXEC SPC_SOCIAL_LST1 '','';
2018-11-26 01:17:50 EXEC SPC_COM_DATA '','','';
2018-11-26 01:17:50 EXEC SPC_SOCIAL_LST2 '','','';
2018-11-26 01:20:08 EXEC SPC_COM_DATA '','','';
2018-11-26 01:20:08 EXEC SPC_SOCIAL_LST1 '15','';
2018-11-26 01:20:09 EXEC SPC_COM_DATA '','','';
2018-11-26 01:20:09 EXEC SPC_SOCIAL_LST2 '15','','';
2018-11-26 01:22:17 EXEC SPC_COM_DATA '','','';
2018-11-26 01:22:17 EXEC SPC_SOCIAL_LST1 '15','';
2018-11-26 01:22:17 EXEC SPC_COM_DATA '','','';
2018-11-26 01:22:17 EXEC SPC_SOCIAL_LST2 '15','','';
2018-11-26 01:22:53 EXEC SPC_COM_DATA '','','';
2018-11-26 01:22:53 EXEC SPC_SOCIAL_LST1 '15','';
2018-11-26 01:22:54 EXEC SPC_COM_DATA '','','';
2018-11-26 01:22:54 EXEC SPC_SOCIAL_LST2 '15','','';
2018-11-26 01:22:58 EXEC SPC_COM_DATA '','','';
2018-11-26 01:22:58 EXEC SPC_SOCIAL_LST1 '15','';
2018-11-26 01:22:58 EXEC SPC_COM_DATA '','','';
2018-11-26 01:22:58 EXEC SPC_SOCIAL_LST2 '15','','';
2018-11-26 01:23:01 EXEC SPC_COM_DATA '','','';
2018-11-26 01:23:01 EXEC SPC_SOCIAL_LST1 '15','';
2018-11-26 01:23:01 EXEC SPC_COM_DATA '','','';
2018-11-26 01:23:01 EXEC SPC_SOCIAL_LST2 '15','','';
2018-11-26 01:23:02 EXEC SPC_COM_DATA '','','';
2018-11-26 01:23:02 EXEC SPC_SOCIAL_LST1 '15','';
2018-11-26 01:23:02 EXEC SPC_COM_DATA '','','';
2018-11-26 01:23:02 EXEC SPC_SOCIAL_LST2 '15','','';
2018-11-26 01:24:49 EXEC SPC_COM_DATA '','','';
2018-11-26 01:24:49 EXEC SPC_SOCIAL_LST1 '15','';
2018-11-26 01:24:50 EXEC SPC_COM_DATA '','','';
2018-11-26 01:24:50 EXEC SPC_SOCIAL_LST2 '15','','';
2018-11-26 01:25:02 EXEC SPC_COM_DATA '','','';
2018-11-26 01:25:02 EXEC SPC_SOCIAL_LST1 '15','';
2018-11-26 01:25:03 EXEC SPC_COM_DATA '','','';
2018-11-26 01:25:03 EXEC SPC_SOCIAL_LST2 '15','','';
2018-11-26 01:25:47 EXEC SPC_COM_DATA '','','';
2018-11-26 01:25:47 EXEC SPC_SOCIAL_LST1 '15','';
2018-11-26 01:25:47 EXEC SPC_COM_DATA '','','';
2018-11-26 01:25:47 EXEC SPC_SOCIAL_LST2 '15','','';
2018-11-26 01:25:59 EXEC SPC_COM_DATA '','','';
2018-11-26 01:25:59 EXEC SPC_SOCIAL_LST1 '15','';
2018-11-26 01:26:00 EXEC SPC_COM_DATA '','','';
2018-11-26 01:26:00 EXEC SPC_SOCIAL_LST2 '15','','';
2018-11-26 01:26:01 EXEC SPC_COM_DATA '','','';
2018-11-26 01:26:01 EXEC SPC_SOCIAL_LST1 '15','';
2018-11-26 01:26:02 EXEC SPC_COM_DATA '','','';
2018-11-26 01:26:02 EXEC SPC_SOCIAL_LST2 '15','','';
2018-11-26 01:26:31 EXEC SPC_COM_DATA '','','';
2018-11-26 01:26:31 EXEC SPC_SOCIAL_LST1 '15','';
2018-11-26 01:26:31 EXEC SPC_COM_DATA '','','';
2018-11-26 01:26:31 EXEC SPC_SOCIAL_LST2 '15','','';
2018-11-26 01:28:42 EXEC SPC_COM_DATA '','','';
2018-11-26 01:28:42 EXEC SPC_SOCIAL_LST1 '15','';
2018-11-26 01:28:43 EXEC SPC_COM_DATA '','','';
2018-11-26 01:28:43 EXEC SPC_SOCIAL_LST2 '15','','';
2018-11-26 01:29:38 EXEC SPC_COM_DATA '','','';
2018-11-26 01:29:38 EXEC SPC_SOCIAL_LST1 '15','';
2018-11-26 01:29:39 EXEC SPC_COM_DATA '','','';
2018-11-26 01:29:39 EXEC SPC_SOCIAL_LST2 '15','','';
2018-11-26 01:30:40 EXEC SPC_COM_DATA '','','';
2018-11-26 01:30:40 EXEC SPC_SOCIAL_LST1 '15','';
2018-11-26 01:30:40 EXEC SPC_COM_DATA '','','';
2018-11-26 01:30:40 EXEC SPC_SOCIAL_LST2 '15','','';
2018-11-26 01:30:52 EXEC SPC_COM_DATA '','','';
2018-11-26 01:30:52 EXEC SPC_SOCIAL_LST1 '15','';
2018-11-26 01:30:53 EXEC SPC_COM_DATA '','','';
2018-11-26 01:30:53 EXEC SPC_SOCIAL_LST2 '15','','';
2018-11-26 01:46:50 EXEC SPC_COM_DATA '','','';
2018-11-26 01:46:50 EXEC SPC_SOCIAL_LST1 '15','';
2018-11-26 01:46:50 EXEC SPC_COM_DATA '','','';
2018-11-26 01:46:50 EXEC SPC_SOCIAL_LST2 '15','','';
2018-11-26 01:46:58 EXEC SPC_COM_DATA '','','';
2018-11-26 01:46:58 EXEC SPC_SOCIAL_LST1 '15','';
2018-11-26 01:46:59 EXEC SPC_COM_DATA '','','';
2018-11-26 01:46:59 EXEC SPC_SOCIAL_LST2 '15','','';
2018-11-26 01:47:02 EXEC SPC_COM_DATA '','','';
2018-11-26 01:47:02 EXEC SPC_SOCIAL_LST1 '15','';
2018-11-26 01:47:02 EXEC SPC_COM_DATA '','','';
2018-11-26 01:47:02 EXEC SPC_SOCIAL_LST2 '15','','';
2018-11-26 01:47:05 EXEC SPC_COM_DATA '','','';
2018-11-26 01:47:05 EXEC SPC_SOCIAL_LST1 '15','';
2018-11-26 01:47:06 EXEC SPC_COM_DATA '','','';
2018-11-26 01:47:06 EXEC SPC_SOCIAL_LST2 '15','','';
2018-11-26 01:47:07 EXEC SPC_COM_DATA '','','';
2018-11-26 01:47:07 EXEC SPC_SOCIAL_LST1 '15','';
2018-11-26 01:47:08 EXEC SPC_COM_DATA '','','';
2018-11-26 01:47:08 EXEC SPC_SOCIAL_LST2 '15','','';
2018-11-26 01:47:43 EXEC SPC_COM_DATA '','','';
2018-11-26 01:47:43 EXEC SPC_SOCIAL_LST1 '15','';
2018-11-26 01:47:44 EXEC SPC_COM_DATA '','','';
2018-11-26 01:47:44 EXEC SPC_SOCIAL_LST2 '15','','';
2018-11-26 01:47:53 EXEC SPC_COM_DATA '','','';
2018-11-26 01:47:53 EXEC SPC_SOCIAL_LST1 '15','';
2018-11-26 01:47:54 EXEC SPC_COM_DATA '','','';
2018-11-26 01:47:54 EXEC SPC_SOCIAL_LST2 '15','','';
2018-11-26 01:51:47 EXEC SPC_COM_DATA '','','';
2018-11-26 01:51:47 EXEC SPC_SOCIAL_LST1 '15','';
2018-11-26 01:51:48 EXEC SPC_COM_DATA '','','';
2018-11-26 01:51:48 EXEC SPC_SOCIAL_LST2 '15','','';
2018-11-26 01:52:31 EXEC SPC_COM_DATA '','','';
2018-11-26 01:52:31 EXEC SPC_SOCIAL_LST1 '15','';
2018-11-26 01:52:32 EXEC SPC_COM_DATA '','','';
2018-11-26 01:52:32 EXEC SPC_SOCIAL_LST2 '15','','';
2018-11-26 01:52:34 EXEC SPC_COM_DATA '','','';
2018-11-26 01:52:34 EXEC SPC_SOCIAL_LST1 '15','';
2018-11-26 01:52:34 EXEC SPC_COM_DATA '','','';
2018-11-26 01:52:34 EXEC SPC_SOCIAL_LST2 '15','','';
2018-11-26 01:52:39 EXEC SPC_COM_DATA '','','';
2018-11-26 01:52:39 EXEC SPC_SOCIAL_LST1 '15','';
2018-11-26 01:52:39 EXEC SPC_COM_DATA '','','';
2018-11-26 01:52:39 EXEC SPC_SOCIAL_LST2 '15','','';
2018-11-26 01:54:10 EXEC SPC_COM_DATA '','','';
2018-11-26 01:54:10 EXEC SPC_SOCIAL_LST1 '15','';
2018-11-26 01:54:11 EXEC SPC_COM_DATA '','','';
2018-11-26 01:54:11 EXEC SPC_SOCIAL_LST2 '15','','';
2018-11-26 01:55:14 EXEC SPC_COM_DATA '','','';
2018-11-26 01:55:14 EXEC SPC_SOCIAL_LST1 '15','';
2018-11-26 01:55:14 EXEC SPC_COM_DATA '','','';
2018-11-26 01:55:14 EXEC SPC_SOCIAL_LST2 '15','','';
2018-11-26 01:55:22 EXEC SPC_COM_DATA '','','';
2018-11-26 01:55:22 EXEC SPC_SOCIAL_LST1 '15','';
2018-11-26 01:55:22 EXEC SPC_COM_DATA '','','';
2018-11-26 01:55:22 EXEC SPC_SOCIAL_LST2 '15','','';
2018-11-26 01:55:27 EXEC SPC_COM_DATA '','','';
2018-11-26 01:55:27 EXEC SPC_GRAMMAR_LST1 '','','','';
2018-11-26 01:55:27 EXEC SPC_COM_DATA '','','';
2018-11-26 01:55:27 EXEC SPC_GRAMMAR_LST2 '6','6','';
2018-11-26 01:55:32 EXEC SPC_COM_DATA '','','';
2018-11-26 01:55:32 EXEC SPC_GRAMMAR_LST1 '','','6','6';
2018-11-26 01:55:33 EXEC SPC_COM_DATA '','','';
2018-11-26 01:55:33 EXEC SPC_GRAMMAR_LST2 '6','6','';
2018-11-26 01:56:14 EXEC SPC_COM_DATA '','','';
2018-11-26 01:56:14 EXEC SPC_GRAMMAR_LST1 '','','6','6';
2018-11-26 01:56:15 EXEC SPC_COM_DATA '','','';
2018-11-26 01:56:15 EXEC SPC_GRAMMAR_LST2 '6','6','';
2018-11-26 01:57:14 EXEC SPC_COM_DATA '','','';
2018-11-26 01:57:14 EXEC SPC_GRAMMAR_LST1 '','','6','6';
2018-11-26 01:57:15 EXEC SPC_COM_DATA '','','';
2018-11-26 01:57:15 EXEC SPC_GRAMMAR_LST2 '6','6','';
2018-11-26 01:58:00 EXEC SPC_COM_DATA '','','';
2018-11-26 01:58:00 EXEC SPC_GRAMMAR_LST1 '','','6','6';
2018-11-26 01:58:01 EXEC SPC_COM_DATA '','','';
2018-11-26 01:58:01 EXEC SPC_GRAMMAR_LST2 '6','6','';
2018-11-26 01:58:22 EXEC SPC_COM_DATA '','','';
2018-11-26 01:58:22 EXEC SPC_GRAMMAR_LST1 '','','6','6';
2018-11-26 01:58:23 EXEC SPC_COM_DATA '','','';
2018-11-26 01:58:23 EXEC SPC_GRAMMAR_LST2 '6','6','';
2018-11-26 01:58:30 EXEC SPC_COM_DATA '','','';
2018-11-26 01:58:30 EXEC SPC_GRAMMAR_LST1 '','','6','6';
2018-11-26 01:58:30 EXEC SPC_COM_DATA '','','';
2018-11-26 01:58:30 EXEC SPC_GRAMMAR_LST2 '6','6','';
2018-11-26 01:58:32 EXEC SPC_COM_DATA '','','';
2018-11-26 01:58:32 EXEC SPC_GRAMMAR_LST1 '','','6','6';
2018-11-26 01:58:33 EXEC SPC_COM_DATA '','','';
2018-11-26 01:58:33 EXEC SPC_GRAMMAR_LST2 '6','6','';
2018-11-26 01:58:35 EXEC SPC_COM_DATA '','','';
2018-11-26 01:58:35 EXEC SPC_GRAMMAR_LST1 '','','6','6';
2018-11-26 01:58:35 EXEC SPC_COM_DATA '','','';
2018-11-26 01:58:35 EXEC SPC_GRAMMAR_LST2 '6','6','';
2018-11-26 01:59:18 EXEC SPC_COM_DATA '','','';
2018-11-26 01:59:18 EXEC SPC_GRAMMAR_LST1 '','','6','6';
2018-11-26 01:59:19 EXEC SPC_COM_DATA '','','';
2018-11-26 01:59:19 EXEC SPC_GRAMMAR_LST2 '6','6','';
2018-11-26 02:00:07 EXEC SPC_COM_DATA '','','';
2018-11-26 02:00:07 EXEC SPC_GRAMMAR_LST1 '','','6','6';
2018-11-26 02:00:08 EXEC SPC_COM_DATA '','','';
2018-11-26 02:00:08 EXEC SPC_GRAMMAR_LST2 '6','6','';
2018-11-26 02:01:56 EXEC SPC_COM_DATA '','','';
2018-11-26 02:01:56 EXEC SPC_GRAMMAR_LST1 '','','6','6';
2018-11-26 02:01:57 EXEC SPC_COM_DATA '','','';
2018-11-26 02:01:57 EXEC SPC_GRAMMAR_LST2 '6','6','';
2018-11-26 02:02:08 EXEC SPC_COM_DATA '','','';
2018-11-26 02:02:08 EXEC SPC_GRAMMAR_LST1 '','','6','6';
2018-11-26 02:02:09 EXEC SPC_COM_DATA '','','';
2018-11-26 02:02:09 EXEC SPC_GRAMMAR_LST2 '6','6','';
2018-11-26 02:04:56 EXEC SPC_COM_DATA '','','';
2018-11-26 02:04:56 EXEC SPC_GRAMMAR_LST1 '','','6','6';
2018-11-26 02:04:57 EXEC SPC_COM_DATA '','','';
2018-11-26 02:04:57 EXEC SPC_GRAMMAR_LST2 '6','6','';
2018-11-26 02:05:32 EXEC SPC_COM_DATA '','','';
2018-11-26 02:05:32 EXEC SPC_GRAMMAR_LST1 '','','6','6';
2018-11-26 02:05:32 EXEC SPC_COM_DATA '','','';
2018-11-26 02:05:32 EXEC SPC_GRAMMAR_LST2 '6','6','';
2018-11-26 02:05:35 EXEC SPC_COM_DATA '','','';
2018-11-26 02:05:35 EXEC SPC_GRAMMAR_LST1 '','','6','6';
2018-11-26 02:05:36 EXEC SPC_COM_DATA '','','';
2018-11-26 02:05:36 EXEC SPC_GRAMMAR_LST2 '6','6','';
2018-11-26 02:05:53 EXEC SPC_COM_DATA '','','';
2018-11-26 02:05:53 EXEC SPC_GRAMMAR_LST1 '','','6','6';
2018-11-26 02:05:54 EXEC SPC_COM_DATA '','','';
2018-11-26 02:05:54 EXEC SPC_GRAMMAR_LST2 '6','6','';
2018-11-26 02:05:55 EXEC SPC_COM_DATA '','','';
2018-11-26 02:05:55 EXEC SPC_GRAMMAR_LST1 '','','6','6';
2018-11-26 02:05:56 EXEC SPC_COM_DATA '','','';
2018-11-26 02:05:56 EXEC SPC_GRAMMAR_LST2 '6','6','';
2018-11-26 02:05:59 EXEC SPC_COM_DATA '','','';
2018-11-26 02:05:59 EXEC SPC_GRAMMAR_LST1 '','','6','6';
2018-11-26 02:05:59 EXEC SPC_COM_DATA '','','';
2018-11-26 02:05:59 EXEC SPC_GRAMMAR_LST2 '6','6','';
2018-11-26 02:06:55 EXEC SPC_COM_DATA '','','';
2018-11-26 02:06:55 EXEC SPC_GRAMMAR_LST1 '','','6','6';
2018-11-26 02:06:56 EXEC SPC_COM_DATA '','','';
2018-11-26 02:06:56 EXEC SPC_GRAMMAR_LST2 '6','6','';
2018-11-26 02:07:05 EXEC SPC_COM_DATA '','','';
2018-11-26 02:07:05 EXEC SPC_GRAMMAR_LST1 '','','6','6';
2018-11-26 02:07:06 EXEC SPC_COM_DATA '','','';
2018-11-26 02:07:06 EXEC SPC_GRAMMAR_LST2 '6','6','';
2018-11-26 02:07:26 EXEC SPC_COM_DATA '','','';
2018-11-26 02:07:26 EXEC SPC_GRAMMAR_LST1 '','','6','6';
2018-11-26 02:07:27 EXEC SPC_COM_DATA '','','';
2018-11-26 02:07:27 EXEC SPC_GRAMMAR_LST2 '6','6','';
2018-11-26 02:07:35 EXEC SPC_COM_DATA '','','';
2018-11-26 02:07:35 EXEC SPC_GRAMMAR_LST1 '','','6','6';
2018-11-26 02:07:36 EXEC SPC_COM_DATA '','','';
2018-11-26 02:07:36 EXEC SPC_GRAMMAR_LST2 '6','6','';
2018-11-26 02:08:19 EXEC SPC_COM_DATA '','','';
2018-11-26 02:08:19 EXEC SPC_GRAMMAR_LST1 '','','6','6';
2018-11-26 02:08:20 EXEC SPC_COM_DATA '','','';
2018-11-26 02:08:20 EXEC SPC_GRAMMAR_LST2 '6','6','';
2018-11-26 02:08:22 EXEC SPC_COM_DATA '','','';
2018-11-26 02:08:22 EXEC SPC_GRAMMAR_LST1 '','','6','6';
2018-11-26 02:08:23 EXEC SPC_COM_DATA '','','';
2018-11-26 02:08:23 EXEC SPC_GRAMMAR_LST2 '6','6','';
2018-11-26 02:08:32 EXEC SPC_COM_DATA '','','';
2018-11-26 02:08:32 EXEC SPC_GRAMMAR_LST1 '','','6','6';
2018-11-26 02:08:32 EXEC SPC_COM_DATA '','','';
2018-11-26 02:08:32 EXEC SPC_GRAMMAR_LST2 '6','6','';
2018-11-26 02:09:41 EXEC SPC_COM_DATA '','','';
2018-11-26 02:09:41 EXEC SPC_GRAMMAR_LST1 '','','6','6';
2018-11-26 02:09:42 EXEC SPC_COM_DATA '','','';
2018-11-26 02:09:42 EXEC SPC_GRAMMAR_LST2 '6','6','';
2018-11-26 02:10:47 EXEC SPC_COM_DATA '','','';
2018-11-26 02:10:47 EXEC SPC_GRAMMAR_LST1 '','','6','6';
2018-11-26 02:11:51 EXEC SPC_COM_DATA '','','';
2018-11-26 02:11:51 EXEC SPC_GRAMMAR_LST1 '','','6','6';
2018-11-26 02:11:51 EXEC SPC_COM_DATA '','','';
2018-11-26 02:11:51 EXEC SPC_GRAMMAR_LST2 '6','6','';
2018-11-26 02:13:13 EXEC SPC_COM_DATA '','','';
2018-11-26 02:13:13 EXEC SPC_GRAMMAR_LST2 '6','6','';
2018-11-26 02:14:20 EXEC SPC_COM_DATA '','','';
2018-11-26 02:14:20 EXEC SPC_GRAMMAR_LST1 '','','6','6';
2018-11-26 02:14:23 EXEC SPC_COM_DATA '','','';
2018-11-26 02:14:23 EXEC SPC_GRAMMAR_LST2 '6','6','';
2018-11-26 02:14:26 EXEC SPC_COM_DATA '','','';
2018-11-26 02:14:26 EXEC SPC_GRAMMAR_LST1 '','','6','6';
2018-11-26 02:14:29 EXEC SPC_COM_DATA '','','';
2018-11-26 02:14:29 EXEC SPC_GRAMMAR_LST2 '6','6','';
2018-11-26 02:14:32 EXEC SPC_COM_DATA '','','';
2018-11-26 02:14:32 EXEC SPC_GRAMMAR_LST1 '','','6','6';
2018-11-26 02:14:36 EXEC SPC_COM_DATA '','','';
2018-11-26 02:14:36 EXEC SPC_GRAMMAR_LST2 '6','6','';
2018-11-26 02:14:39 EXEC SPC_COM_DATA '','','';
2018-11-26 02:14:39 EXEC SPC_GRAMMAR_LST1 '','','6','6';
2018-11-26 02:15:07 EXEC SPC_COM_DATA '','','';
2018-11-26 02:15:07 EXEC SPC_GRAMMAR_LST2 '6','6','';
2018-11-26 02:15:57 EXEC SPC_COM_DATA '','','';
2018-11-26 02:15:57 EXEC SPC_GRAMMAR_LST1 '','','6','6';
2018-11-26 02:16:01 EXEC SPC_COM_DATA '','','';
2018-11-26 02:16:01 EXEC SPC_GRAMMAR_LST2 '6','6','';
2018-11-26 02:18:29 EXEC SPC_COM_DATA '','','';
2018-11-26 02:18:29 EXEC SPC_GRAMMAR_LST1 '','','6','6';
2018-11-26 02:18:30 EXEC SPC_COM_DATA '','','';
2018-11-26 02:18:30 EXEC SPC_GRAMMAR_LST2 '6','6','';
2018-11-26 02:18:32 EXEC SPC_COM_DATA '','','';
2018-11-26 02:18:32 EXEC SPC_GRAMMAR_LST1 '','','6','6';
2018-11-26 02:18:33 EXEC SPC_COM_DATA '','','';
2018-11-26 02:18:33 EXEC SPC_GRAMMAR_LST2 '6','6','';
2018-11-26 02:18:35 EXEC SPC_COM_DATA '','','';
2018-11-26 02:18:35 EXEC SPC_GRAMMAR_LST1 '','','6','6';
2018-11-26 02:18:35 EXEC SPC_COM_DATA '','','';
2018-11-26 02:18:35 EXEC SPC_GRAMMAR_LST2 '6','6','';
2018-11-26 02:18:37 EXEC SPC_COM_DATA '','','';
2018-11-26 02:18:37 EXEC SPC_GRAMMAR_LST1 '','','6','6';
2018-11-26 02:18:38 EXEC SPC_COM_DATA '','','';
2018-11-26 02:18:38 EXEC SPC_GRAMMAR_LST2 '6','6','';
2018-11-26 02:18:56 EXEC SPC_COM_DATA '','','';
2018-11-26 02:18:56 EXEC SPC_GRAMMAR_LST1 '','','6','6';
2018-11-26 02:18:57 EXEC SPC_COM_DATA '','','';
2018-11-26 02:18:57 EXEC SPC_GRAMMAR_LST2 '6','6','';
2018-11-26 02:18:58 EXEC SPC_COM_DATA '','','';
2018-11-26 02:18:58 EXEC SPC_GRAMMAR_LST1 '','','6','6';
2018-11-26 02:18:59 EXEC SPC_COM_DATA '','','';
2018-11-26 02:18:59 EXEC SPC_GRAMMAR_LST2 '6','6','';
2018-11-26 02:19:01 EXEC SPC_COM_DATA '','','';
2018-11-26 02:19:01 EXEC SPC_GRAMMAR_LST1 '','','6','6';
2018-11-26 02:19:01 EXEC SPC_COM_DATA '','','';
2018-11-26 02:19:01 EXEC SPC_GRAMMAR_LST2 '6','6','';
2018-11-26 02:19:04 EXEC SPC_COM_DATA '','','';
2018-11-26 02:19:04 EXEC SPC_GRAMMAR_LST1 '','','6','6';
2018-11-26 02:19:04 EXEC SPC_COM_DATA '','','';
2018-11-26 02:19:04 EXEC SPC_GRAMMAR_LST2 '6','6','';
2018-11-26 02:22:08 EXEC SPC_COM_DATA '','','';
2018-11-26 02:22:08 EXEC SPC_GRAMMAR_LST1 '','','6','6';
2018-11-26 02:22:09 EXEC SPC_COM_DATA '','','';
2018-11-26 02:22:09 EXEC SPC_GRAMMAR_LST2 '6','6','';
2018-11-26 02:22:10 EXEC SPC_COM_DATA '','','';
2018-11-26 02:22:10 EXEC SPC_GRAMMAR_LST1 '','','6','6';
2018-11-26 02:22:11 EXEC SPC_COM_DATA '','','';
2018-11-26 02:22:11 EXEC SPC_GRAMMAR_LST2 '6','6','';
2018-11-26 02:22:13 EXEC SPC_COM_DATA '','','';
2018-11-26 02:22:13 EXEC SPC_GRAMMAR_LST1 '','','6','6';
2018-11-26 02:22:13 EXEC SPC_COM_DATA '','','';
2018-11-26 02:22:13 EXEC SPC_GRAMMAR_LST2 '6','6','';
2018-11-26 02:22:15 EXEC SPC_COM_DATA '','','';
2018-11-26 02:22:15 EXEC SPC_GRAMMAR_LST1 '','','6','6';
2018-11-26 02:22:16 EXEC SPC_COM_DATA '','','';
2018-11-26 02:22:16 EXEC SPC_GRAMMAR_LST2 '6','6','';
2018-11-26 02:22:33 EXEC SPC_COM_DATA '','','';
2018-11-26 02:22:33 EXEC SPC_GRAMMAR_LST1 '','','6','6';
2018-11-26 02:22:34 EXEC SPC_COM_DATA '','','';
2018-11-26 02:22:34 EXEC SPC_GRAMMAR_LST2 '6','6','';
2018-11-26 02:22:35 EXEC SPC_COM_DATA '','','';
2018-11-26 02:22:35 EXEC SPC_GRAMMAR_LST1 '','','6','6';
2018-11-26 02:22:36 EXEC SPC_COM_DATA '','','';
2018-11-26 02:22:36 EXEC SPC_GRAMMAR_LST2 '6','6','';
2018-11-26 02:23:01 EXEC SPC_COM_DATA '','','';
2018-11-26 02:23:01 EXEC SPC_GRAMMAR_LST1 '','','6','6';
2018-11-26 02:23:02 EXEC SPC_COM_DATA '','','';
2018-11-26 02:23:02 EXEC SPC_GRAMMAR_LST2 '6','6','';
2018-11-26 02:23:27 EXEC SPC_COM_DATA '','','';
2018-11-26 02:23:27 EXEC SPC_GRAMMAR_LST1 '','','6','6';
2018-11-26 02:23:28 EXEC SPC_COM_DATA '','','';
2018-11-26 02:23:28 EXEC SPC_GRAMMAR_LST2 '6','6','';
2018-11-26 02:23:29 EXEC SPC_COM_DATA '','','';
2018-11-26 02:23:29 EXEC SPC_GRAMMAR_LST1 '','','6','6';
2018-11-26 02:23:30 EXEC SPC_COM_DATA '','','';
2018-11-26 02:23:30 EXEC SPC_GRAMMAR_LST2 '6','6','';
2018-11-26 02:24:19 EXEC SPC_COM_DATA '','','';
2018-11-26 02:24:19 EXEC SPC_GRAMMAR_LST1 '','','6','6';
2018-11-26 02:24:19 EXEC SPC_COM_DATA '','','';
2018-11-26 02:24:19 EXEC SPC_GRAMMAR_LST2 '6','6','';
2018-11-26 02:24:31 EXEC SPC_COM_DATA '','','';
2018-11-26 02:24:31 EXEC SPC_GRAMMAR_LST1 '','','6','6';
2018-11-26 02:24:31 EXEC SPC_COM_DATA '','','';
2018-11-26 02:24:32 EXEC SPC_GRAMMAR_LST2 '6','6','';
2018-11-26 02:24:59 EXEC SPC_COM_DATA '','','';
2018-11-26 02:24:59 EXEC SPC_GRAMMAR_LST1 '','','6','6';
2018-11-26 02:25:00 EXEC SPC_COM_DATA '','','';
2018-11-26 02:25:00 EXEC SPC_GRAMMAR_LST2 '6','6','';
2018-11-26 02:25:03 EXEC SPC_COM_DATA '','','';
2018-11-26 02:25:03 EXEC SPC_GRAMMAR_LST1 '','','6','6';
2018-11-26 02:25:03 EXEC SPC_COM_DATA '','','';
2018-11-26 02:25:03 EXEC SPC_GRAMMAR_LST2 '6','6','';
2018-11-26 02:25:05 EXEC SPC_COM_DATA '','','';
2018-11-26 02:25:05 EXEC SPC_GRAMMAR_LST1 '','','6','6';
2018-11-26 02:25:05 EXEC SPC_COM_DATA '','','';
2018-11-26 02:25:05 EXEC SPC_GRAMMAR_LST2 '6','6','';
2018-11-26 02:25:47 EXEC SPC_COM_DATA '','','';
2018-11-26 02:25:47 EXEC SPC_GRAMMAR_LST1 '','','6','6';
2018-11-26 02:25:48 EXEC SPC_COM_DATA '','','';
2018-11-26 02:25:48 EXEC SPC_GRAMMAR_LST2 '6','6','';
2018-11-26 02:26:05 EXEC SPC_COM_DATA '','','';
2018-11-26 02:26:13 EXEC SPC_COM_DATA '','','';
2018-11-26 02:26:13 EXEC SPC_GRAMMAR_LST1 '','','6','6';
2018-11-26 02:26:13 EXEC SPC_COM_DATA '','','';
2018-11-26 02:26:13 EXEC SPC_GRAMMAR_LST2 '6','6','';
2018-11-26 02:26:22 EXEC SPC_COM_DATA '','','';
2018-11-26 02:26:22 EXEC SPC_SOCIAL_LST1 '','';
2018-11-26 02:26:22 EXEC SPC_COM_DATA '','','';
2018-11-26 02:26:22 EXEC SPC_SOCIAL_LST2 '','','';
2018-11-26 02:26:36 EXEC SPC_COM_DATA '','','';
2018-11-26 02:26:36 EXEC SPC_TRANSLATE_LST1 '','';
2018-11-26 02:26:40 EXEC SPC_COM_DATA '','','';
2018-11-26 02:26:40 EXEC SPC_GRAMMAR_LST1 '','','6','6';
2018-11-26 02:26:41 EXEC SPC_COM_DATA '','','';
2018-11-26 02:26:41 EXEC SPC_GRAMMAR_LST2 '6','6','';
2018-11-26 02:30:08 EXEC SPC_COM_DATA '','','';
2018-11-26 02:30:08 EXEC SPC_SOCIAL_LST1 '','';
2018-11-26 02:30:08 EXEC SPC_COM_DATA '','','';
2018-11-26 02:30:08 EXEC SPC_SOCIAL_LST2 '','','';
2018-11-26 02:42:23 EXEC SPC_COM_DATA '','','';
2018-11-26 02:42:23 EXEC SPC_SOCIAL_LST1 '16','';
2018-11-26 02:42:24 EXEC SPC_COM_DATA '','','';
2018-11-26 02:42:24 EXEC SPC_SOCIAL_LST2 '16','','';
2018-11-26 02:43:19 EXEC SPC_COM_DATA '','','';
2018-11-26 02:43:19 EXEC SPC_SOCIAL_LST1 '16','';
2018-11-26 02:43:19 EXEC SPC_COM_DATA '','','';
2018-11-26 02:43:19 EXEC SPC_SOCIAL_LST2 '16','','';
2018-11-26 02:43:24 EXEC SPC_COM_DATA '','','';
2018-11-26 02:43:24 EXEC SPC_SOCIAL_ACT2 '16','','127.0.0.1';
2018-11-26 02:43:41 EXEC SPC_COM_DATA '','','';
2018-11-26 02:43:41 EXEC SPC_SOCIAL_LST1 '16','';
2018-11-26 02:43:41 EXEC SPC_COM_DATA '','','';
2018-11-26 02:43:41 EXEC SPC_SOCIAL_LST2 '16','','';
2018-11-26 02:43:47 EXEC SPC_COM_DATA '','','';
2018-11-26 02:43:47 EXEC SPC_SOCIAL_ACT2 '16','','127.0.0.1';
2018-11-26 02:44:24 EXEC SPC_COM_DATA '','','';
2018-11-26 02:44:24 EXEC SPC_SOCIAL_LST1 '16','';
2018-11-26 02:44:25 EXEC SPC_COM_DATA '','','';
2018-11-26 02:44:25 EXEC SPC_SOCIAL_LST2 '16','','';
2018-11-26 02:44:30 EXEC SPC_COM_DATA '','','';
2018-11-26 02:44:30 EXEC SPC_SOCIAL_ACT2 '16','','127.0.0.1';
2018-11-26 02:45:34 EXEC SPC_COM_DATA '','','';
2018-11-26 02:45:34 EXEC SPC_SOCIAL_LST1 '16','';
2018-11-26 02:45:34 EXEC SPC_COM_DATA '','','';
2018-11-26 02:45:34 EXEC SPC_SOCIAL_LST2 '16','','';
2018-11-26 02:45:39 EXEC SPC_COM_DATA '','','';
2018-11-26 02:45:39 EXEC SPC_SOCIAL_ACT2 '16','','127.0.0.1';
2018-11-26 02:49:18 EXEC SPC_COM_DATA '','','';
2018-11-26 02:49:18 EXEC SPC_SOCIAL_ACT2 '21','','127.0.0.1';
2018-11-26 02:49:43 EXEC SPC_COM_DATA '','','';
2018-11-26 02:49:43 EXEC SPC_SOCIAL_ACT2 '21','','127.0.0.1';
2018-11-26 02:50:36 EXEC SPC_COM_DATA '','','';
2018-11-26 02:50:36 EXEC SPC_SOCIAL_LST2 '','<row tag_id="13" /><row tag_id="15" /><row tag_id="16" /><row tag_id="65" />','';
2018-11-26 02:51:25 EXEC SPC_COM_DATA '','','';
2018-11-26 02:51:25 EXEC SPC_SOCIAL_ACT2 '15','','127.0.0.1';
2018-11-26 02:57:08 EXEC SPC_COM_DATA '','','';
2018-11-26 02:57:08 EXEC SPC_SOCIAL_LST1 '15','';
2018-11-26 02:57:08 EXEC SPC_COM_DATA '','','';
2018-11-26 02:57:08 EXEC SPC_SOCIAL_LST2 '15','','';
2018-11-26 02:57:51 EXEC SPC_COM_DATA '','','';
2018-11-26 02:57:51 EXEC SPC_SOCIAL_ACT2 '15','','127.0.0.1';
2018-11-26 03:01:37 EXEC SPC_COM_DATA '','','';
2018-11-26 03:01:37 EXEC SPC_SOCIAL_LST1 '16','';
2018-11-26 03:01:38 EXEC SPC_COM_DATA '','','';
2018-11-26 03:01:38 EXEC SPC_SOCIAL_LST2 '16','','';
2018-11-26 03:01:43 EXEC SPC_COM_DATA '','','';
2018-11-26 03:01:43 EXEC SPC_SOCIAL_ACT2 '16','','127.0.0.1';
2018-11-26 03:02:29 EXEC SPC_COM_DATA '','','';
2018-11-26 03:02:29 EXEC SPC_SOCIAL_LST1 '15','';
2018-11-26 03:02:29 EXEC SPC_COM_DATA '','','';
2018-11-26 03:02:29 EXEC SPC_SOCIAL_LST2 '15','','';
2018-11-26 03:03:12 EXEC SPC_COM_DATA '','','';
2018-11-26 03:03:12 EXEC SPC_SOCIAL_ACT2 '15','','127.0.0.1';
2018-11-26 04:00:52 EXEC SPC_COM_DATA '','','';
2018-11-26 04:00:56 EXEC SPC_COM_DATA '','','';
2018-11-26 04:00:56 EXEC SPC_SOCIAL_LST1 '','';
2018-11-26 04:00:57 EXEC SPC_COM_DATA '','','';
2018-11-26 04:00:57 EXEC SPC_SOCIAL_LST2 '','','';
2018-11-26 04:01:15 EXEC SPC_COM_DATA '','','';
2018-11-26 04:01:15 EXEC SPC_SOCIAL_ACT2 '16','','127.0.0.1';
2018-11-26 04:03:33 EXEC SPC_COM_DATA '','','';
2018-11-26 04:03:33 EXEC SPC_SOCIAL_LST1 '16','';
2018-11-26 04:03:34 EXEC SPC_COM_DATA '','','';
2018-11-26 04:03:34 EXEC SPC_SOCIAL_LST2 '16','','';
2018-11-26 04:03:39 EXEC SPC_COM_DATA '','','';
2018-11-26 04:03:39 EXEC SPC_SOCIAL_ACT2 '16','','127.0.0.1';
2018-11-26 04:03:54 EXEC SPC_COM_DATA '','','';
2018-11-26 04:03:54 EXEC SPC_SOCIAL_LST1 '16','';
2018-11-26 04:03:55 EXEC SPC_COM_DATA '','','';
2018-11-26 04:03:55 EXEC SPC_SOCIAL_LST2 '16','','';
2018-11-26 04:04:00 EXEC SPC_COM_DATA '','','';
2018-11-26 04:04:00 EXEC SPC_SOCIAL_ACT2 '16','','127.0.0.1';
2018-11-26 04:05:03 EXEC SPC_COM_DATA '','','';
2018-11-26 04:05:03 EXEC SPC_SOCIAL_LST1 '16','';
2018-11-26 04:05:04 EXEC SPC_COM_DATA '','','';
2018-11-26 04:05:04 EXEC SPC_SOCIAL_LST2 '16','','';
2018-11-26 04:05:09 EXEC SPC_COM_DATA '','','';
2018-11-26 04:05:09 EXEC SPC_SOCIAL_ACT2 '16','','127.0.0.1';
2018-11-26 04:05:42 EXEC SPC_COM_DATA '','','';
2018-11-26 04:05:42 EXEC SPC_SOCIAL_LST1 '16','';
2018-11-26 04:05:42 EXEC SPC_COM_DATA '','','';
2018-11-26 04:05:42 EXEC SPC_SOCIAL_LST2 '16','','';
2018-11-26 04:05:52 EXEC SPC_COM_DATA '','','';
2018-11-26 04:05:52 EXEC SPC_SOCIAL_LST1 '16','';
2018-11-26 04:05:52 EXEC SPC_COM_DATA '','','';
2018-11-26 04:05:52 EXEC SPC_SOCIAL_LST2 '16','','';
2018-11-26 04:05:57 EXEC SPC_COM_DATA '','','';
2018-11-26 04:05:57 EXEC SPC_SOCIAL_LST1 '16','';
2018-11-26 04:05:57 EXEC SPC_COM_DATA '','','';
2018-11-26 04:05:57 EXEC SPC_SOCIAL_LST2 '16','','';
2018-11-26 04:06:07 EXEC SPC_COM_DATA '','','';
2018-11-26 04:06:07 EXEC SPC_SOCIAL_ACT2 '16','','127.0.0.1';
2018-11-26 04:06:16 EXEC SPC_COM_DATA '','','';
2018-11-26 04:06:16 EXEC SPC_SOCIAL_LST1 '16','';
2018-11-26 04:06:17 EXEC SPC_COM_DATA '','','';
2018-11-26 04:06:17 EXEC SPC_SOCIAL_LST2 '16','','';
2018-11-26 04:06:29 EXEC SPC_COM_DATA '','','';
2018-11-26 04:06:29 EXEC SPC_SOCIAL_LST1 '21','';
2018-11-26 04:06:30 EXEC SPC_COM_DATA '','','';
2018-11-26 04:06:30 EXEC SPC_SOCIAL_LST2 '21','','';
2018-11-26 04:06:47 EXEC SPC_COM_DATA '','','';
2018-11-26 04:06:47 EXEC SPC_SOCIAL_ACT2 '16','','127.0.0.1';
2018-11-26 04:07:19 EXEC SPC_COM_DATA '','','';
2018-11-26 04:07:19 EXEC SPC_SOCIAL_LST1 '16','';
2018-11-26 04:07:20 EXEC SPC_COM_DATA '','','';
2018-11-26 04:07:20 EXEC SPC_SOCIAL_LST2 '16','','';
2018-11-26 04:07:30 EXEC SPC_COM_DATA '','','';
2018-11-26 04:07:30 EXEC SPC_SOCIAL_ACT2 '16','','127.0.0.1';
2018-11-26 04:08:06 EXEC SPC_COM_DATA '','','';
2018-11-26 04:08:06 EXEC SPC_SOCIAL_LST1 '16','';
2018-11-26 04:08:07 EXEC SPC_COM_DATA '','','';
2018-11-26 04:08:07 EXEC SPC_SOCIAL_LST2 '16','','';
2018-11-26 04:08:22 EXEC SPC_COM_DATA '','','';
2018-11-26 04:08:22 EXEC SPC_SOCIAL_ACT2 '21','','127.0.0.1';
2018-11-26 04:08:53 EXEC SPC_COM_DATA '','','';
2018-11-26 04:08:53 EXEC SPC_SOCIAL_LST1 '21','';
2018-11-26 04:08:53 EXEC SPC_COM_DATA '','','';
2018-11-26 04:08:53 EXEC SPC_SOCIAL_LST2 '21','','';
2018-11-26 04:09:09 EXEC SPC_COM_DATA '','','';
2018-11-26 04:09:09 EXEC SPC_SOCIAL_ACT2 '21','','127.0.0.1';
2018-11-26 04:09:16 EXEC SPC_COMMON_ACCOUNT '2','1';
2018-11-26 04:09:16 EXEC SPC_COM_DATA 'khoai','2','1';
2018-11-26 04:09:16 EXEC SPC_SOCIAL_LST1 '21','khoai';
2018-11-26 04:09:17 EXEC SPC_COM_DATA 'khoai','2','1';
2018-11-26 04:09:17 EXEC SPC_SOCIAL_LST2 '21','','khoai';
2018-11-26 04:09:29 EXEC SPC_COM_DATA 'khoai','2','1';
2018-11-26 04:09:29 EXEC SPC_SOCIAL_ACT1 '21','4','khoai','127.0.0.1';
2018-11-26 04:09:31 EXEC SPC_COM_DATA 'khoai','2','1';
2018-11-26 04:09:31 EXEC SPC_SOCIAL_ACT2 '21','khoai','127.0.0.1';
2018-11-26 04:09:31 SQLSTATE[42000]: [Microsoft][ODBC Driver 13 for SQL Server][SQL Server]データ型 nvarchar を money に変換中にエラーが発生しました。
2018-11-26 04:10:43 EXEC SPC_COM_DATA 'khoai','2','1';
2018-11-26 04:10:43 EXEC SPC_SOCIAL_LST1 '21','khoai';
2018-11-26 04:10:43 EXEC SPC_COM_DATA 'khoai','2','1';
2018-11-26 04:10:43 EXEC SPC_SOCIAL_LST2 '21','','khoai';
2018-11-26 04:10:49 EXEC SPC_COM_DATA 'khoai','2','1';
2018-11-26 04:10:49 EXEC SPC_SOCIAL_ACT2 '21','khoai','127.0.0.1';
2018-11-26 04:11:11 EXEC SPC_COM_DATA 'khoai','2','1';
2018-11-26 04:11:11 EXEC SPC_SOCIAL_ACT2 '21','khoai','127.0.0.1';
2018-11-26 04:11:21 EXEC SPC_COM_DATA 'khoai','2','1';
2018-11-26 04:11:21 EXEC SPC_SOCIAL_ACT2 '16','khoai','127.0.0.1';
2018-11-26 04:12:57 EXEC SPC_COM_DATA 'khoai','2','1';
2018-11-26 04:12:57 EXEC SPC_SOCIAL_LST1 '16','khoai';
2018-11-26 04:12:58 EXEC SPC_COM_DATA 'khoai','2','1';
2018-11-26 04:12:58 EXEC SPC_SOCIAL_LST2 '16','','khoai';
2018-11-26 04:13:03 EXEC SPC_COM_DATA 'khoai','2','1';
2018-11-26 04:13:03 EXEC SPC_SOCIAL_ACT2 '16','khoai','127.0.0.1';
2018-11-26 04:13:05 EXEC SPC_COM_DATA 'khoai','2','1';
2018-11-26 04:13:05 EXEC SPC_SOCIAL_LST1 '16','khoai';
2018-11-26 04:13:06 EXEC SPC_COM_DATA 'khoai','2','1';
2018-11-26 04:13:06 EXEC SPC_SOCIAL_LST2 '16','','khoai';
2018-11-26 04:13:11 EXEC SPC_COM_DATA 'khoai','2','1';
2018-11-26 04:13:11 EXEC SPC_SOCIAL_ACT2 '16','khoai','127.0.0.1';
2018-11-26 04:13:49 EXEC SPC_COM_DATA 'khoai','2','1';
2018-11-26 04:13:49 EXEC SPC_SOCIAL_LST1 '16','khoai';
2018-11-26 04:13:49 EXEC SPC_COM_DATA 'khoai','2','1';
2018-11-26 04:13:49 EXEC SPC_SOCIAL_LST2 '16','','khoai';
2018-11-26 04:13:54 EXEC SPC_COM_DATA 'khoai','2','1';
2018-11-26 04:13:54 EXEC SPC_SOCIAL_ACT2 '16','khoai','127.0.0.1';
2018-11-26 04:16:58 EXEC SPC_COM_DATA 'khoai','2','1';
2018-11-26 04:16:58 EXEC SPC_SOCIAL_LST1 '16','khoai';
2018-11-26 04:16:58 EXEC SPC_COM_DATA 'khoai','2','1';
2018-11-26 04:16:58 EXEC SPC_SOCIAL_LST2 '16','','khoai';
2018-11-26 04:17:03 EXEC SPC_COM_DATA 'khoai','2','1';
2018-11-26 04:17:03 EXEC SPC_SOCIAL_ACT2 '16','khoai','127.0.0.1';
2018-11-26 04:17:16 EXEC SPC_COM_DATA 'khoai','2','1';
2018-11-26 04:17:16 EXEC SPC_SOCIAL_LST1 '16','khoai';
2018-11-26 04:17:17 EXEC SPC_COM_DATA 'khoai','2','1';
2018-11-26 04:17:17 EXEC SPC_SOCIAL_LST2 '16','','khoai';
2018-11-26 04:17:22 EXEC SPC_COM_DATA 'khoai','2','1';
2018-11-26 04:17:22 EXEC SPC_SOCIAL_ACT2 '16','khoai','127.0.0.1';
2018-11-26 04:19:52 EXEC SPC_COM_DATA 'khoai','2','1';
2018-11-26 04:19:52 EXEC SPC_SOCIAL_LST1 '16','khoai';
2018-11-26 04:19:53 EXEC SPC_COM_DATA 'khoai','2','1';
2018-11-26 04:19:53 EXEC SPC_SOCIAL_LST2 '16','','khoai';
2018-11-26 04:20:13 EXEC SPC_COM_DATA 'khoai','2','1';
2018-11-26 04:20:13 EXEC SPC_SOCIAL_ACT2 '21','khoai','127.0.0.1';
2018-11-26 04:20:38 EXEC SPC_COM_DATA 'khoai','2','1';
2018-11-26 04:20:38 EXEC SPC_SOCIAL_ACT2 '21','khoai','127.0.0.1';
2018-11-26 04:22:47 EXEC SPC_COM_DATA 'khoai','2','1';
2018-11-26 04:22:47 EXEC SPC_SOCIAL_LST1 '21','khoai';
2018-11-26 04:22:48 EXEC SPC_COM_DATA 'khoai','2','1';
2018-11-26 04:22:48 EXEC SPC_SOCIAL_LST2 '21','','khoai';
2018-11-26 04:22:51 EXEC SPC_COM_DATA 'khoai','2','1';
2018-11-26 04:22:51 EXEC SPC_SOCIAL_ACT1 '21','5','khoai','127.0.0.1';
2018-11-26 04:22:53 EXEC SPC_COM_DATA 'khoai','2','1';
2018-11-26 04:22:53 EXEC SPC_SOCIAL_ACT2 '21','khoai','127.0.0.1';
2018-11-26 04:22:55 EXEC SPC_COM_DATA 'khoai','2','1';
2018-11-26 04:22:55 EXEC SPC_SOCIAL_LST1 '21','khoai';
2018-11-26 04:22:56 EXEC SPC_COM_DATA 'khoai','2','1';
2018-11-26 04:22:56 EXEC SPC_SOCIAL_LST2 '21','','khoai';
2018-11-26 04:23:13 EXEC SPC_COM_DATA '','','';
2018-11-26 04:23:13 EXEC SPC_SOCIAL_LST1 '21','';
2018-11-26 04:23:14 EXEC SPC_COM_DATA '','','';
2018-11-26 04:23:14 EXEC SPC_SOCIAL_LST2 '21','','';
2018-11-26 04:23:23 EXEC SPC_COM_DATA '','','';
2018-11-26 04:23:23 EXEC SPC_SOCIAL_LST1 '21','';
2018-11-26 04:23:24 EXEC SPC_COM_DATA '','','';
2018-11-26 04:23:24 EXEC SPC_SOCIAL_LST2 '21','','';
2018-11-26 04:23:29 EXEC SPC_COM_DATA '','','';
2018-11-26 04:23:29 EXEC SPC_SOCIAL_ACT2 '21','','127.0.0.1';
2018-11-26 04:23:51 EXEC SPC_COM_DATA '','','';
2018-11-26 04:23:51 EXEC SPC_SOCIAL_ACT2 '16','','127.0.0.1';
2018-11-26 04:30:13 EXEC SPC_COM_DATA '','','';
2018-11-26 04:30:13 EXEC SPC_SOCIAL_ACT2 '21','','127.0.0.1';
2018-11-26 04:30:21 EXEC SPC_COM_DATA '','','';
2018-11-26 04:30:21 EXEC SPC_SOCIAL_ACT2 '16','','127.0.0.1';
2018-11-26 04:30:52 EXEC SPC_COM_DATA '','','';
2018-11-26 04:30:52 EXEC SPC_SOCIAL_LST1 '16','';
2018-11-26 04:30:52 EXEC SPC_COM_DATA '','','';
2018-11-26 04:30:52 EXEC SPC_SOCIAL_LST2 '16','','';
2018-11-26 04:30:58 EXEC SPC_COM_DATA '','','';
2018-11-26 04:30:58 EXEC SPC_SOCIAL_ACT2 '16','','127.0.0.1';
2018-11-26 04:37:51 EXEC SPC_COM_DATA '','','';
2018-11-26 04:37:51 EXEC SPC_SOCIAL_LST1 '16','';
2018-11-26 04:37:51 EXEC SPC_COM_DATA '','','';
2018-11-26 04:37:51 EXEC SPC_SOCIAL_LST2 '16','','';
2018-11-26 04:37:56 EXEC SPC_COM_DATA '','','';
2018-11-26 04:37:56 EXEC SPC_SOCIAL_ACT2 '16','','127.0.0.1';
2018-11-26 04:41:32 EXEC SPC_COM_DATA '','','';
2018-11-26 04:41:32 EXEC SPC_SOCIAL_LST1 '16','';
2018-11-26 04:41:33 EXEC SPC_COM_DATA '','','';
2018-11-26 04:41:33 EXEC SPC_SOCIAL_LST2 '16','','';
2018-11-26 04:41:38 EXEC SPC_COM_DATA '','','';
2018-11-26 04:41:38 EXEC SPC_SOCIAL_ACT2 '16','','127.0.0.1';
2018-11-26 04:42:11 EXEC SPC_COM_DATA '','','';
2018-11-26 04:42:11 EXEC SPC_SOCIAL_LST1 '16','';
2018-11-26 04:42:11 EXEC SPC_COM_DATA '','','';
2018-11-26 04:42:11 EXEC SPC_SOCIAL_LST2 '16','','';
2018-11-26 04:42:16 EXEC SPC_COM_DATA '','','';
2018-11-26 04:42:16 EXEC SPC_SOCIAL_ACT2 '16','','127.0.0.1';
2018-11-26 04:43:52 EXEC SPC_COM_PERMISSION '1','2','g001';
2018-11-26 04:43:52 EXEC SPC_COM_MENU '1';
2018-11-26 04:44:09 EXEC SPC_COM_DATA '','','';
2018-11-26 04:44:18 EXEC SPC_COM_DATA '','','';
2018-11-26 04:44:18 EXEC SPC_WRITING_LST1 '','','','';
2018-11-26 04:44:18 EXEC SPC_COM_DATA '','','';
2018-11-26 04:44:18 EXEC SPC_COMMON_GET_SUGGEST
2018-11-26 04:44:19 EXEC SPC_COM_DATA '','','';
2018-11-26 04:44:19 EXEC SPC_WRITING_LST2 '9','10','';
2018-11-26 04:44:23 EXEC SPC_COM_DATA '','','';
2018-11-26 04:44:23 EXEC SPC_GRAMMAR_LST1 '','','9','10';
2018-11-26 04:44:23 EXEC SPC_COM_DATA '','','';
2018-11-26 04:44:23 EXEC SPC_GRAMMAR_LST2 '6','6','';
2018-11-26 04:44:27 EXEC SPC_COM_DATA '','','';
2018-11-26 04:44:27 EXEC SPC_GRAMMAR_LST2 '6','7','';
2018-11-26 04:45:12 EXEC SPC_COM_DATA '','','';
2018-11-26 04:45:12 EXEC SPC_GRAMMAR_LST1 '2','','6','7';
2018-11-26 04:45:13 EXEC SPC_COM_DATA '','','';
2018-11-26 04:45:13 EXEC SPC_GRAMMAR_LST2 '6','7','';
2018-11-26 04:45:18 EXEC SPC_COM_DATA '','','';
2018-11-26 04:45:18 EXEC SPC_GRAMMAR_LST1 '2','','6','7';
2018-11-26 04:45:21 EXEC SPC_COM_DATA '','','';
2018-11-26 04:45:21 EXEC SPC_GRAMMAR_LST2 '6','7','';
2018-11-26 04:46:43 EXEC SPC_COM_DATA '','','';
2018-11-26 04:46:43 EXEC SPC_GRAMMAR_LST1 '2','','6','7';
2018-11-26 04:46:44 EXEC SPC_COM_DATA '','','';
2018-11-26 04:46:44 EXEC SPC_GRAMMAR_LST2 '6','7','';
2018-11-26 04:47:18 EXEC SPC_COM_DATA '','','';
2018-11-26 04:47:18 EXEC SPC_GRAMMAR_LST1 '','','','';
2018-11-26 04:47:18 EXEC SPC_COM_DATA '','','';
2018-11-26 04:47:18 EXEC SPC_GRAMMAR_LST2 '6','6','';
2018-11-26 04:47:20 EXEC SPC_COM_DATA '','','';
2018-11-26 04:47:20 EXEC SPC_GRAMMAR_LST2 '6','7','';
2018-11-26 05:50:15 EXEC SPC_COM_DATA '','','';
2018-11-26 05:50:15 EXEC SPC_GRAMMAR_LST1 '3','','6','7';
2018-11-26 05:50:17 EXEC SPC_COM_DATA '','','';
2018-11-26 05:50:17 EXEC SPC_GRAMMAR_LST2 '6','7','';
2018-11-26 05:53:45 EXEC SPC_COM_DATA '','','';
2018-11-26 05:53:45 EXEC SPC_GRAMMAR_LST1 '2','','6','7';
2018-11-26 05:53:45 EXEC SPC_COM_DATA '','','';
2018-11-26 05:53:45 EXEC SPC_GRAMMAR_LST2 '6','7','';
2018-11-26 05:54:49 EXEC SPC_COM_DATA '','','';
2018-11-26 05:54:49 EXEC SPC_GRAMMAR_LST1 '3','','6','7';
2018-11-26 05:54:50 EXEC SPC_COM_DATA '','','';
2018-11-26 05:54:50 EXEC SPC_GRAMMAR_LST2 '6','7','';
2018-11-26 05:55:42 EXEC SPC_COM_DATA '','','';
2018-11-26 05:55:42 EXEC SPC_GRAMMAR_LST1 '3','','6','7';
2018-11-26 05:55:42 EXEC SPC_COM_DATA '','','';
2018-11-26 05:55:42 EXEC SPC_GRAMMAR_LST2 '6','7','';
2018-11-26 05:56:09 EXEC SPC_COM_DATA '','','';
2018-11-26 05:56:09 EXEC SPC_GRAMMAR_LST1 '3','','6','7';
2018-11-26 05:56:09 EXEC SPC_COM_DATA '','','';
2018-11-26 05:56:09 EXEC SPC_GRAMMAR_LST2 '6','7','';
2018-11-26 05:56:52 EXEC SPC_COM_DATA '','','';
2018-11-26 05:56:52 EXEC SPC_GRAMMAR_LST1 '3','','6','7';
2018-11-26 05:56:53 EXEC SPC_COM_DATA '','','';
2018-11-26 05:56:53 EXEC SPC_GRAMMAR_LST2 '6','7','';
2018-11-26 05:57:46 EXEC SPC_COM_DATA '','','';
2018-11-26 05:57:46 EXEC SPC_GRAMMAR_LST1 '3','','6','7';
2018-11-26 05:57:47 EXEC SPC_COM_DATA '','','';
2018-11-26 05:57:47 EXEC SPC_GRAMMAR_LST2 '6','7','';
2018-11-26 05:57:52 EXEC SPC_COM_DATA '','','';
2018-11-26 05:57:52 EXEC SPC_GRAMMAR_LST1 '3','','6','7';
2018-11-26 05:57:53 EXEC SPC_COM_DATA '','','';
2018-11-26 05:57:53 EXEC SPC_GRAMMAR_LST2 '6','7','';
2018-11-26 05:58:25 EXEC SPC_COM_DATA '','','';
2018-11-26 05:58:25 EXEC SPC_GRAMMAR_LST1 '3','','6','7';
2018-11-26 05:58:25 EXEC SPC_COM_DATA '','','';
2018-11-26 05:58:25 EXEC SPC_GRAMMAR_LST2 '6','7','';
2018-11-26 05:58:58 EXEC SPC_COM_DATA '','','';
2018-11-26 05:58:58 EXEC SPC_SOCIAL_LST1 '','';
2018-11-26 05:58:59 EXEC SPC_COM_DATA '','','';
2018-11-26 05:58:59 EXEC SPC_SOCIAL_LST2 '','','';
2018-11-26 05:59:22 EXEC SPC_COM_DATA '','','';
2018-11-26 05:59:22 EXEC SPC_SOCIAL_ACT2 '21','','127.0.0.1';
2018-11-26 05:59:41 EXEC SPC_COM_DATA '','','';
2018-11-26 05:59:41 EXEC SPC_SOCIAL_ACT2 '16','','127.0.0.1';
2018-11-26 05:59:56 EXEC SPC_COM_DATA '','','';
2018-11-26 05:59:56 EXEC SPC_SOCIAL_ACT2 '21','','127.0.0.1';
2018-11-26 05:59:57 EXEC SPC_COM_DATA '','','';
2018-11-26 05:59:57 EXEC SPC_SOCIAL_LST1 '21','';
2018-11-26 05:59:58 EXEC SPC_COM_DATA '','','';
2018-11-26 05:59:58 EXEC SPC_SOCIAL_LST2 '21','','';
2018-11-26 06:00:00 EXEC SPC_COM_DATA '','','';
2018-11-26 06:00:00 EXEC SPC_GRAMMAR_LST1 '','','6','7';
2018-11-26 06:00:00 EXEC SPC_COM_DATA '','','';
2018-11-26 06:00:00 EXEC SPC_GRAMMAR_LST2 '6','6','';
2018-11-26 06:00:03 EXEC SPC_COM_DATA '','','';
2018-11-26 06:00:03 EXEC SPC_GRAMMAR_LST2 '6','7','';
2018-11-26 06:02:14 EXEC SPC_COM_DATA '','','';
2018-11-26 06:02:14 EXEC SPC_GRAMMAR_LST1 '3','','6','7';
2018-11-26 06:02:14 EXEC SPC_COM_DATA '','','';
2018-11-26 06:02:14 EXEC SPC_GRAMMAR_LST2 '6','7','';
2018-11-26 06:02:44 EXEC SPC_COM_DATA '','','';
2018-11-26 06:02:44 EXEC SPC_GRAMMAR_LST1 '3','','6','7';
2018-11-26 06:02:45 EXEC SPC_COM_DATA '','','';
2018-11-26 06:02:45 EXEC SPC_GRAMMAR_LST2 '6','7','';
2018-11-26 06:03:20 EXEC SPC_COM_DATA '','','';
2018-11-26 06:03:20 EXEC SPC_GRAMMAR_LST1 '3','','6','7';
2018-11-26 06:03:20 EXEC SPC_COM_DATA '','','';
2018-11-26 06:03:20 EXEC SPC_GRAMMAR_LST2 '6','7','';
2018-11-26 06:04:13 EXEC SPC_COM_DATA '','','';
2018-11-26 06:04:13 EXEC SPC_SOCIAL_LST1 '','';
2018-11-26 06:04:13 EXEC SPC_COM_DATA '','','';
2018-11-26 06:04:13 EXEC SPC_SOCIAL_LST2 '','','';
2018-11-26 06:04:18 EXEC SPC_COM_DATA '','','';
2018-11-26 06:04:18 EXEC SPC_SOCIAL_ACT2 '21','','127.0.0.1';
2018-11-26 06:05:01 EXEC SPC_COM_DATA '','','';
2018-11-26 06:05:01 EXEC SPC_SOCIAL_LST1 '21','';
2018-11-26 06:05:01 EXEC SPC_COM_DATA '','','';
2018-11-26 06:05:01 EXEC SPC_SOCIAL_LST2 '21','','';
2018-11-26 06:05:06 EXEC SPC_COM_DATA '','','';
2018-11-26 06:05:06 EXEC SPC_SOCIAL_ACT2 '21','','127.0.0.1';
2018-11-26 06:05:13 EXEC SPC_COM_DATA '','','';
2018-11-26 06:05:13 EXEC SPC_SOCIAL_LST1 '21','';
2018-11-26 06:05:14 EXEC SPC_COM_DATA '','','';
2018-11-26 06:05:14 EXEC SPC_SOCIAL_LST2 '21','','';
2018-11-26 06:05:19 EXEC SPC_COM_DATA '','','';
2018-11-26 06:05:19 EXEC SPC_SOCIAL_ACT2 '21','','127.0.0.1';
2018-11-26 06:08:55 EXEC SPC_COM_DATA '','','';
2018-11-26 06:08:55 EXEC SPC_SOCIAL_LST1 '21','';
2018-11-26 06:08:55 EXEC SPC_COM_DATA '','','';
2018-11-26 06:08:55 EXEC SPC_SOCIAL_LST2 '21','','';
2018-11-26 06:09:00 EXEC SPC_COM_DATA '','','';
2018-11-26 06:09:00 EXEC SPC_SOCIAL_ACT2 '21','','127.0.0.1';
2018-11-26 06:09:52 EXEC SPC_COM_DATA '','','';
2018-11-26 06:09:52 EXEC SPC_SOCIAL_LST1 '21','';
2018-11-26 06:09:52 EXEC SPC_COM_DATA '','','';
2018-11-26 06:09:52 EXEC SPC_SOCIAL_LST2 '21','','';
2018-11-26 06:09:57 EXEC SPC_COM_DATA '','','';
2018-11-26 06:09:57 EXEC SPC_SOCIAL_ACT2 '21','','127.0.0.1';
2018-11-26 06:10:15 EXEC SPC_COM_DATA '','','';
2018-11-26 06:10:15 EXEC SPC_SOCIAL_LST1 '21','';
2018-11-26 06:10:16 EXEC SPC_COM_DATA '','','';
2018-11-26 06:10:16 EXEC SPC_SOCIAL_LST2 '21','','';
2018-11-26 06:10:21 EXEC SPC_COM_DATA '','','';
2018-11-26 06:10:21 EXEC SPC_SOCIAL_ACT2 '21','','127.0.0.1';
2018-11-26 06:10:34 EXEC SPC_COM_DATA '','','';
2018-11-26 06:10:35 EXEC SPC_GRAMMAR_LST1 '2','','6','7';
2018-11-26 06:10:38 EXEC SPC_COM_DATA '','','';
2018-11-26 06:10:38 EXEC SPC_GRAMMAR_LST2 '6','7','';
2018-11-26 06:11:09 EXEC SPC_COM_DATA '','','';
2018-11-26 06:11:09 EXEC SPC_SOCIAL_LST1 '','';
2018-11-26 06:11:10 EXEC SPC_COM_DATA '','','';
2018-11-26 06:11:10 EXEC SPC_SOCIAL_LST2 '','','';
2018-11-26 06:11:13 EXEC SPC_COM_DATA '','','';
2018-11-26 06:11:13 EXEC SPC_GRAMMAR_LST1 '','','6','7';
2018-11-26 06:11:13 EXEC SPC_COM_DATA '','','';
2018-11-26 06:11:13 EXEC SPC_GRAMMAR_LST2 '6','6','';
2018-11-26 06:11:15 EXEC SPC_COM_DATA '','','';
2018-11-26 06:11:15 EXEC SPC_GRAMMAR_LST1 '','','6','7';
2018-11-26 06:11:15 EXEC SPC_COM_DATA '','','';
2018-11-26 06:11:15 EXEC SPC_GRAMMAR_LST2 '6','6','';
2018-11-26 06:13:28 EXEC SPC_COM_DATA '','','';
2018-11-26 06:13:28 EXEC SPC_GRAMMAR_LST1 '','','6','6';
2018-11-26 06:13:29 EXEC SPC_COM_DATA '','','';
2018-11-26 06:13:29 EXEC SPC_GRAMMAR_LST2 '6','6','';
2018-11-26 06:13:32 EXEC SPC_COM_DATA '','','';
2018-11-26 06:13:32 EXEC SPC_GRAMMAR_LST1 '','','6','6';
2018-11-26 06:13:32 EXEC SPC_COM_DATA '','','';
2018-11-26 06:13:32 EXEC SPC_GRAMMAR_LST2 '6','6','';
2018-11-26 06:13:40 EXEC SPC_COM_DATA '','','';
2018-11-26 06:13:40 EXEC SPC_GRAMMAR_LST2 '6','7','';
2018-11-26 06:14:00 EXEC SPC_COM_DATA '','','';
2018-11-26 06:14:00 EXEC SPC_GRAMMAR_LST1 '2','','6','7';
2018-11-26 06:14:01 EXEC SPC_COM_DATA '','','';
2018-11-26 06:14:01 EXEC SPC_GRAMMAR_LST2 '6','7','';
2018-11-26 06:17:10 EXEC SPC_COM_DATA '','','';
2018-11-26 06:17:10 EXEC SPC_GRAMMAR_LST1 '','','6','6';
2018-11-26 06:17:11 EXEC SPC_COM_DATA '','','';
2018-11-26 06:17:11 EXEC SPC_GRAMMAR_LST2 '6','6','';
2018-11-26 06:17:14 EXEC SPC_COM_DATA '','','';
2018-11-26 06:17:14 EXEC SPC_GRAMMAR_LST2 '6','7','';
2018-11-26 06:18:35 EXEC SPC_COM_DATA '','','';
2018-11-26 06:18:35 EXEC SPC_GRAMMAR_LST1 '3','','6','7';
2018-11-26 06:18:36 EXEC SPC_COM_DATA '','','';
2018-11-26 06:18:36 EXEC SPC_GRAMMAR_LST2 '6','7','';
2018-11-26 06:21:21 EXEC SPC_COM_DATA '','','';
2018-11-26 06:21:21 EXEC SPC_VOCABULARY_LST1 '','','6','7';
2018-11-26 06:21:22 EXEC SPC_COM_DATA '','','';
2018-11-26 06:21:22 EXEC SPC_VOCABULARY_LST2 '2','1','';
2018-11-26 06:21:51 EXEC SPC_COM_DATA '','','';
2018-11-26 06:21:51 EXEC SPC_LISTENING_LST1 '','','2','1';
2018-11-26 06:21:52 EXEC SPC_COM_DATA '','','';
2018-11-26 06:21:52 EXEC SPC_LISTENING_LST2 '8','8','';
2018-11-26 06:21:54 EXEC SPC_COM_DATA '','','';
2018-11-26 06:21:54 EXEC SPC_WRITING_LST1 '','','8','8';
2018-11-26 06:21:54 EXEC SPC_COM_DATA '','','';
2018-11-26 06:21:54 EXEC SPC_COMMON_GET_SUGGEST
2018-11-26 06:21:54 EXEC SPC_COM_DATA '','','';
2018-11-26 06:21:54 EXEC SPC_WRITING_LST2 '9','10','';
2018-11-26 06:21:58 EXEC SPC_COM_DATA '','','';
2018-11-26 06:21:58 EXEC SPC_READING_LST1 '','','9','10';
2018-11-26 06:21:59 EXEC SPC_COM_DATA '','','';
2018-11-26 06:21:59 EXEC SPC_READING_LST2 '12','14','';
2018-11-26 06:22:00 EXEC SPC_COM_DATA '','','';
2018-11-26 06:22:00 EXEC SPC_SOCIAL_LST1 '','';
2018-11-26 06:22:00 EXEC SPC_COM_DATA '','','';
2018-11-26 06:22:00 EXEC SPC_SOCIAL_LST2 '','','';
2018-11-26 06:22:02 EXEC SPC_COM_DATA '','','';
2018-11-26 06:22:02 EXEC SPC_TRANSLATE_LST1 '','';
2018-11-26 06:22:05 EXEC SPC_COM_DATA '','','';
2018-11-26 06:22:21 EXEC SPC_COM_DATA '','','';
2018-11-26 06:22:22 EXEC SPC_COM_DATA '','','';
2018-11-26 06:26:59 EXEC SPC_COM_DATA '','','';
2018-11-26 06:26:59 EXEC SPC_LISTENING_LST1 '','','6','7';
2018-11-26 06:27:00 EXEC SPC_COM_DATA '','','';
2018-11-26 06:27:00 EXEC SPC_LISTENING_LST2 '8','8','';
2018-11-26 06:27:02 EXEC SPC_COM_DATA '','','';
2018-11-26 06:27:02 EXEC SPC_GRAMMAR_LST1 '','','8','8';
2018-11-26 06:27:03 EXEC SPC_COM_DATA '','','';
2018-11-26 06:27:03 EXEC SPC_GRAMMAR_LST2 '6','6','';
2018-11-26 06:27:04 EXEC SPC_COM_DATA '','','';
2018-11-26 06:27:04 EXEC SPC_LISTENING_LST1 '','','6','6';
2018-11-26 06:27:05 EXEC SPC_COM_DATA '','','';
2018-11-26 06:27:05 EXEC SPC_LISTENING_LST2 '8','8','';
2018-11-26 06:27:07 EXEC SPC_COM_DATA '','','';
2018-11-26 06:27:07 EXEC SPC_GRAMMAR_LST1 '','','8','8';
2018-11-26 06:27:08 EXEC SPC_COM_DATA '','','';
2018-11-26 06:27:08 EXEC SPC_GRAMMAR_LST2 '6','6','';
2018-11-26 06:27:15 EXEC SPC_COM_DATA '','','';
2018-11-26 06:27:15 EXEC SPC_SOCIAL_LST1 '','';
2018-11-26 06:27:15 EXEC SPC_COM_DATA '','','';
2018-11-26 06:27:15 EXEC SPC_SOCIAL_LST2 '','','';
2018-11-26 06:27:21 EXEC SPC_COM_DATA '','','';
2018-11-26 06:27:21 EXEC SPC_SOCIAL_ACT2 '21','','127.0.0.1';
2018-11-26 07:15:59 EXEC SPC_COM_DATA '','','';
2018-11-26 07:15:59 EXEC SPC_SOCIAL_LST1 '21','';
2018-11-26 07:16:01 EXEC SPC_COM_DATA '','','';
2018-11-26 07:16:01 EXEC SPC_SOCIAL_LST2 '21','','';
2018-11-26 07:16:09 EXEC SPC_COM_DATA '','','';
2018-11-26 07:16:09 EXEC SPC_SOCIAL_ACT2 '16','','127.0.0.1';
2018-11-26 07:20:55 EXEC SPC_COM_DATA '','','';
2018-11-26 07:20:55 EXEC SPC_SOCIAL_LST1 '16','';
2018-11-26 07:20:56 EXEC SPC_COM_DATA '','','';
2018-11-26 07:20:56 EXEC SPC_SOCIAL_LST2 '16','','';
2018-11-26 07:20:58 EXEC SPC_COM_DATA '','','';
2018-11-26 07:20:58 EXEC SPC_SOCIAL_LST1 '16','';
2018-11-26 07:20:58 EXEC SPC_COM_DATA '','','';
2018-11-26 07:20:58 EXEC SPC_SOCIAL_LST2 '16','','';
2018-11-26 07:21:03 EXEC SPC_COM_DATA '','','';
2018-11-26 07:21:03 EXEC SPC_SOCIAL_ACT2 '16','','127.0.0.1';
2018-11-26 07:21:09 EXEC SPC_COM_DATA '','','';
2018-11-26 07:21:09 EXEC SPC_SOCIAL_LST1 '16','';
2018-11-26 07:21:09 EXEC SPC_COM_DATA '','','';
2018-11-26 07:21:09 EXEC SPC_SOCIAL_LST2 '16','','';
2018-11-26 07:21:14 EXEC SPC_COM_DATA '','','';
2018-11-26 07:21:14 EXEC SPC_SOCIAL_ACT2 '16','','127.0.0.1';
2018-11-26 07:22:19 EXEC SPC_COM_DATA '','','';
2018-11-26 07:22:19 EXEC SPC_SOCIAL_LST1 '16','';
2018-11-26 07:22:19 EXEC SPC_COM_DATA '','','';
2018-11-26 07:22:19 EXEC SPC_SOCIAL_LST2 '16','','';
2018-11-26 07:22:24 EXEC SPC_COM_DATA '','','';
2018-11-26 07:22:24 EXEC SPC_SOCIAL_ACT2 '16','','127.0.0.1';
2018-11-26 07:31:50 EXEC SPC_COM_DATA '','','';
2018-11-26 07:31:50 EXEC SPC_SOCIAL_LST1 '16','';
2018-11-26 07:31:50 EXEC SPC_COM_DATA '','','';
2018-11-26 07:31:50 EXEC SPC_SOCIAL_LST2 '16','','';
2018-11-26 07:31:55 EXEC SPC_COM_DATA '','','';
2018-11-26 07:31:55 EXEC SPC_SOCIAL_ACT2 '16','','127.0.0.1';
2018-11-26 07:32:03 EXEC SPC_COMMON_ACCOUNT '2','1';
2018-11-26 07:32:03 EXEC SPC_COM_DATA 'khoai','2','1';
2018-11-26 07:32:03 EXEC SPC_SOCIAL_LST1 '16','khoai';
2018-11-26 07:32:03 EXEC SPC_COM_DATA 'khoai','2','1';
2018-11-26 07:32:03 EXEC SPC_SOCIAL_LST2 '16','','khoai';
2018-11-26 07:32:09 EXEC SPC_COM_DATA 'khoai','2','1';
2018-11-26 07:32:09 EXEC SPC_SOCIAL_ACT2 '16','khoai','127.0.0.1';
2018-11-26 07:32:11 EXEC SPC_COM_DATA 'khoai','2','1';
2018-11-26 07:32:11 EXEC SPC_COM_ADD_COMMENT '1','6','16','=))','4','khoai','127.0.0.1','2';
2018-11-26 07:32:16 EXEC SPC_COM_DATA 'khoai','2','1';
2018-11-26 07:32:16 EXEC SPC_COM_ADD_COMMENT '1','6','16','=))','4','khoai','127.0.0.1','2';
2018-11-26 07:32:24 EXEC SPC_COM_DATA 'khoai','2','1';
2018-11-26 07:32:24 EXEC SPC_COM_ADD_COMMENT '1','6','16','=))','4','khoai','127.0.0.1','2';
2018-11-26 07:33:04 EXEC SPC_COM_DATA 'khoai','2','1';
2018-11-26 07:33:04 EXEC SPC_SOCIAL_LST1 '16','khoai';
2018-11-26 07:33:05 EXEC SPC_COM_DATA 'khoai','2','1';
2018-11-26 07:33:05 EXEC SPC_SOCIAL_LST2 '16','','khoai';
2018-11-26 07:33:10 EXEC SPC_COM_DATA 'khoai','2','1';
2018-11-26 07:33:10 EXEC SPC_SOCIAL_ACT2 '16','khoai','127.0.0.1';
2018-11-26 07:33:11 EXEC SPC_COM_DATA 'khoai','2','1';
2018-11-26 07:33:11 EXEC SPC_COM_GET_MORE_COMMENT '4','1','khoai';
2018-11-26 07:33:48 EXEC SPC_COM_DATA 'khoai','2','1';
2018-11-26 07:33:48 EXEC SPC_SOCIAL_LST1 '16','khoai';
2018-11-26 07:33:49 EXEC SPC_COM_DATA 'khoai','2','1';
2018-11-26 07:33:49 EXEC SPC_SOCIAL_LST2 '16','','khoai';
2018-11-26 07:33:54 EXEC SPC_COM_DATA 'khoai','2','1';
2018-11-26 07:33:54 EXEC SPC_SOCIAL_ACT2 '16','khoai','127.0.0.1';
2018-11-26 07:34:32 EXEC SPC_COM_DATA 'khoai','2','1';
2018-11-26 07:34:32 EXEC SPC_SOCIAL_LST1 '16','khoai';
2018-11-26 07:34:33 EXEC SPC_COM_DATA 'khoai','2','1';
2018-11-26 07:34:33 EXEC SPC_SOCIAL_LST2 '16','','khoai';
2018-11-26 07:34:38 EXEC SPC_COM_DATA 'khoai','2','1';
2018-11-26 07:34:38 EXEC SPC_SOCIAL_ACT2 '16','khoai','127.0.0.1';
2018-11-26 07:34:58 EXEC SPC_COM_DATA 'khoai','2','1';
2018-11-26 07:34:58 EXEC SPC_SOCIAL_LST1 '16','khoai';
2018-11-26 07:34:59 EXEC SPC_COM_DATA 'khoai','2','1';
2018-11-26 07:34:59 EXEC SPC_SOCIAL_LST2 '16','','khoai';
2018-11-26 07:35:04 EXEC SPC_COM_DATA 'khoai','2','1';
2018-11-26 07:35:04 EXEC SPC_SOCIAL_ACT2 '16','khoai','127.0.0.1';
2018-11-26 07:35:10 EXEC SPC_COM_DATA 'khoai','2','1';
2018-11-26 07:35:10 EXEC SPC_COM_ADD_COMMENT '1','6','16','=))','4','khoai','127.0.0.1','1';
2018-11-26 07:35:15 EXEC SPC_COM_DATA 'khoai','2','1';
2018-11-26 07:35:15 EXEC SPC_SOCIAL_LST1 '16','khoai';
2018-11-26 07:35:15 EXEC SPC_COM_DATA 'khoai','2','1';
2018-11-26 07:35:15 EXEC SPC_SOCIAL_LST2 '16','','khoai';
2018-11-26 07:35:20 EXEC SPC_COM_DATA 'khoai','2','1';
2018-11-26 07:35:20 EXEC SPC_SOCIAL_ACT2 '16','khoai','127.0.0.1';
2018-11-26 07:38:58 EXEC SPC_COM_DATA 'khoai','2','1';
2018-11-26 07:38:58 EXEC SPC_SOCIAL_LST1 '16','khoai';
2018-11-26 07:38:59 EXEC SPC_COM_DATA 'khoai','2','1';
2018-11-26 07:38:59 EXEC SPC_SOCIAL_LST2 '16','','khoai';
2018-11-26 07:39:04 EXEC SPC_COM_DATA 'khoai','2','1';
2018-11-26 07:39:04 EXEC SPC_SOCIAL_ACT2 '16','khoai','127.0.0.1';
2018-11-26 07:39:05 EXEC SPC_COM_DATA 'khoai','2','1';
2018-11-26 07:39:05 EXEC SPC_COM_ADD_COMMENT '1','6','16','=))','4','khoai','127.0.0.1','1';
2018-11-26 07:39:37 EXEC SPC_COM_DATA 'khoai','2','1';
2018-11-26 07:39:37 EXEC SPC_SOCIAL_LST1 '16','khoai';
2018-11-26 07:39:38 EXEC SPC_COM_DATA 'khoai','2','1';
2018-11-26 07:39:38 EXEC SPC_SOCIAL_LST2 '16','','khoai';
2018-11-26 07:39:43 EXEC SPC_COM_DATA 'khoai','2','1';
2018-11-26 07:39:43 EXEC SPC_SOCIAL_ACT2 '16','khoai','127.0.0.1';
2018-11-26 07:39:54 EXEC SPC_COM_DATA 'khoai','2','1';
2018-11-26 07:39:54 EXEC SPC_SOCIAL_LST1 '16','khoai';
2018-11-26 07:39:55 EXEC SPC_COM_DATA 'khoai','2','1';
2018-11-26 07:39:55 EXEC SPC_SOCIAL_LST2 '16','','khoai';
2018-11-26 07:40:00 EXEC SPC_COM_DATA 'khoai','2','1';
2018-11-26 07:40:00 EXEC SPC_SOCIAL_ACT2 '16','khoai','127.0.0.1';
2018-11-26 07:40:02 EXEC SPC_COM_DATA 'khoai','2','1';
2018-11-26 07:40:02 EXEC SPC_COM_ADD_COMMENT '1','6','16','=))','4','khoai','127.0.0.1','1';
2018-11-26 07:40:11 EXEC SPC_COM_DATA 'khoai','2','1';
2018-11-26 07:40:11 EXEC SPC_COM_ADD_COMMENT '1','6','16','lala demacia','4','khoai','127.0.0.1','1';
2018-11-26 07:40:13 EXEC SPC_COM_DATA 'khoai','2','1';
2018-11-26 07:40:13 EXEC SPC_SOCIAL_LST1 '16','khoai';
2018-11-26 07:40:14 EXEC SPC_COM_DATA 'khoai','2','1';
2018-11-26 07:40:14 EXEC SPC_SOCIAL_LST2 '16','','khoai';
2018-11-26 07:40:15 EXEC SPC_COM_DATA 'khoai','2','1';
2018-11-26 07:40:15 EXEC SPC_COM_GET_MORE_COMMENT '4','1','khoai';
2018-11-26 07:40:19 EXEC SPC_COM_DATA 'khoai','2','1';
2018-11-26 07:40:19 EXEC SPC_SOCIAL_ACT2 '16','khoai','127.0.0.1';
2018-11-26 07:41:01 EXEC SPC_COM_DATA 'khoai','2','1';
2018-11-26 07:41:01 EXEC SPC_COM_ADD_COMMENT '1','6','16','bài viết cần cải thiện hơn nữa','','khoai','127.0.0.1','2';
2018-11-26 07:41:07 EXEC SPC_COM_DATA 'khoai','2','1';
2018-11-26 07:41:07 EXEC SPC_SOCIAL_LST1 '16','khoai';
2018-11-26 07:41:08 EXEC SPC_COM_DATA 'khoai','2','1';
2018-11-26 07:41:08 EXEC SPC_SOCIAL_LST2 '16','','khoai';
2018-11-26 07:41:10 EXEC SPC_COM_DATA 'khoai','2','1';
2018-11-26 07:41:10 EXEC SPC_COM_GET_MORE_COMMENT '4','1','khoai';
2018-11-26 07:41:13 EXEC SPC_COM_DATA 'khoai','2','1';
2018-11-26 07:41:13 EXEC SPC_SOCIAL_ACT2 '16','khoai','127.0.0.1';
2018-11-26 07:43:31 EXEC SPC_COM_DATA 'khoai','2','1';
2018-11-26 07:43:31 EXEC SPC_SOCIAL_ACT2 '16','khoai','127.0.0.1';
2018-11-26 07:43:41 EXEC SPC_COM_DATA 'khoai','2','1';
2018-11-26 07:43:41 EXEC SPC_SOCIAL_ACT2 '21','khoai','127.0.0.1';
2018-11-26 07:44:08 EXEC SPC_COM_DATA 'khoai','2','1';
2018-11-26 07:44:08 EXEC SPC_COM_ADD_COMMENT '2','6','21','i love music too!','','khoai','127.0.0.1','1';
2018-11-26 07:44:19 EXEC SPC_COM_DATA 'khoai','2','1';
2018-11-26 07:44:19 EXEC SPC_COM_ADD_COMMENT '2','6','21','một cộng 1 bằng 2','','khoai','127.0.0.1','2';
2018-11-26 07:44:21 EXEC SPC_COM_DATA 'khoai','2','1';
2018-11-26 07:44:21 EXEC SPC_SOCIAL_LST1 '21','khoai';
2018-11-26 07:44:22 EXEC SPC_COM_DATA 'khoai','2','1';
2018-11-26 07:44:22 EXEC SPC_SOCIAL_LST2 '21','','khoai';
2018-11-26 07:44:27 EXEC SPC_COM_DATA 'khoai','2','1';
2018-11-26 07:44:27 EXEC SPC_SOCIAL_ACT2 '21','khoai','127.0.0.1';
2018-11-26 07:44:37 EXEC SPC_COM_DATA 'khoai','2','1';
2018-11-26 07:44:37 EXEC SPC_SOCIAL_ACT2 '21','khoai','127.0.0.1';
2018-11-26 08:02:39 EXEC SPC_COM_DATA 'khoai','2','1';
2018-11-26 08:02:39 EXEC SPC_COM_ADD_COMMENT '2','6','21','hai vs 2 là 4','10014','khoai','127.0.0.1','2';
2018-11-26 08:02:45 EXEC SPC_COM_DATA 'khoai','2','1';
2018-11-26 08:02:45 EXEC SPC_SOCIAL_LST1 '21','khoai';
2018-11-26 08:02:46 EXEC SPC_COM_DATA 'khoai','2','1';
2018-11-26 08:02:46 EXEC SPC_SOCIAL_LST2 '21','','khoai';
2018-11-26 08:02:51 EXEC SPC_COM_DATA 'khoai','2','1';
2018-11-26 08:02:51 EXEC SPC_SOCIAL_ACT2 '21','khoai','127.0.0.1';
2018-11-26 08:03:30 EXEC SPC_COM_DATA 'khoai','2','1';
2018-11-26 08:03:30 EXEC SPC_COM_ADD_COMMENT '2','6','21','comment như ....','10014','khoai','127.0.0.1','2';
2018-11-26 08:06:26 EXEC SPC_COM_DATA 'khoai','2','1';
2018-11-26 08:06:26 EXEC SPC_SOCIAL_LST1 '21','khoai';
2018-11-26 08:06:27 EXEC SPC_COM_DATA 'khoai','2','1';
2018-11-26 08:06:27 EXEC SPC_SOCIAL_LST2 '21','','khoai';
2018-11-26 08:06:32 EXEC SPC_COM_DATA 'khoai','2','1';
2018-11-26 08:06:32 EXEC SPC_SOCIAL_ACT2 '21','khoai','127.0.0.1';
2018-11-26 08:06:45 EXEC SPC_COM_DATA 'khoai','2','1';
2018-11-26 08:06:45 EXEC SPC_COM_ADD_COMMENT '2','6','21','như ...hack =))','10014','khoai','127.0.0.1','2';
2018-11-26 08:06:57 EXEC SPC_COM_DATA 'khoai','2','1';
2018-11-26 08:06:57 EXEC SPC_SOCIAL_LST1 '21','khoai';
2018-11-26 08:06:58 EXEC SPC_COM_DATA 'khoai','2','1';
2018-11-26 08:06:58 EXEC SPC_SOCIAL_LST2 '21','','khoai';
2018-11-26 08:07:01 EXEC SPC_COM_DATA 'khoai','2','1';
2018-11-26 08:07:01 EXEC SPC_COM_GET_MORE_COMMENT '10014','1','khoai';
2018-11-26 08:07:03 EXEC SPC_COM_DATA 'khoai','2','1';
2018-11-26 08:07:03 EXEC SPC_SOCIAL_ACT2 '21','khoai','127.0.0.1';
2018-11-26 08:07:08 EXEC SPC_COM_DATA 'khoai','2','1';
2018-11-26 08:07:08 EXEC SPC_SOCIAL_LST1 '21','khoai';
2018-11-26 08:07:09 EXEC SPC_COM_DATA 'khoai','2','1';
2018-11-26 08:07:09 EXEC SPC_SOCIAL_LST2 '21','','khoai';
2018-11-26 08:07:14 EXEC SPC_COM_DATA 'khoai','2','1';
2018-11-26 08:07:14 EXEC SPC_SOCIAL_ACT2 '21','khoai','127.0.0.1';
2018-11-26 08:07:31 EXEC SPC_COM_DATA 'khoai','2','1';
2018-11-26 08:07:31 EXEC SPC_COM_GET_MORE_COMMENT '10014','1','khoai';
2018-11-26 08:07:53 EXEC SPC_COM_DATA 'khoai','2','1';
2018-11-26 08:07:53 EXEC SPC_SOCIAL_LST1 '21','khoai';
2018-11-26 08:07:54 EXEC SPC_COM_DATA 'khoai','2','1';
2018-11-26 08:07:54 EXEC SPC_SOCIAL_LST2 '21','','khoai';
2018-11-26 08:07:57 EXEC SPC_COM_DATA 'khoai','2','1';
2018-11-26 08:07:57 EXEC SPC_COM_GET_MORE_COMMENT '10014','1','khoai';
2018-11-26 08:07:59 EXEC SPC_COM_DATA 'khoai','2','1';
2018-11-26 08:07:59 EXEC SPC_SOCIAL_ACT2 '21','khoai','127.0.0.1';
2018-11-26 08:08:24 EXEC SPC_COM_DATA 'khoai','2','1';
2018-11-26 08:08:24 EXEC SPC_COM_ADD_COMMENT '2','6','21','hack cái beep!','10014','khoai','127.0.0.1','2';
2018-11-26 08:08:30 EXEC SPC_COM_DATA 'khoai','2','1';
2018-11-26 08:08:30 EXEC SPC_COM_ADD_COMMENT '2','6','21','ý kiến gì mài','10014','khoai','127.0.0.1','2';
2018-11-26 08:08:36 EXEC SPC_COM_DATA 'khoai','2','1';
2018-11-26 08:08:36 EXEC SPC_COM_ADD_COMMENT '2','6','21','ok fine','10014','khoai','127.0.0.1','2';
2018-11-26 08:08:48 EXEC SPC_COM_DATA 'khoai','2','1';
2018-11-26 08:08:48 EXEC SPC_COM_ADD_COMMENT '2','6','21','m biết gì mà chém -_-','10014','khoai','127.0.0.1','2';
2018-11-26 08:08:54 EXEC SPC_COM_DATA 'khoai','2','1';
2018-11-26 08:08:54 EXEC SPC_COM_ADD_COMMENT '2','6','21','ko biết mới chém','10014','khoai','127.0.0.1','2';
2018-11-26 08:08:57 EXEC SPC_COM_DATA 'khoai','2','1';
2018-11-26 08:08:57 EXEC SPC_SOCIAL_LST1 '21','khoai';
2018-11-26 08:08:57 EXEC SPC_COM_DATA 'khoai','2','1';
2018-11-26 08:08:57 EXEC SPC_SOCIAL_LST2 '21','','khoai';
2018-11-26 08:09:00 EXEC SPC_COM_DATA 'khoai','2','1';
2018-11-26 08:09:00 EXEC SPC_COM_GET_MORE_COMMENT '10014','1','khoai';
2018-11-26 08:09:03 EXEC SPC_COM_DATA 'khoai','2','1';
2018-11-26 08:09:03 EXEC SPC_SOCIAL_ACT2 '21','khoai','127.0.0.1';
2018-11-26 08:09:23 EXEC SPC_COM_DATA 'khoai','2','1';
2018-11-26 08:09:23 EXEC SPC_COM_ADD_COMMENT '2','6','21','hay lắm','10014','khoai','127.0.0.1','2';
2018-11-26 08:09:44 EXEC SPC_COM_DATA 'khoai','2','1';
2018-11-26 08:09:44 EXEC SPC_COM_ADD_COMMENT '2','6','21','1 câu chuyện buồn','10014','khoai','127.0.0.1','2';
2018-11-26 08:09:50 EXEC SPC_COM_DATA 'khoai','2','1';
2018-11-26 08:09:50 EXEC SPC_COM_ADD_COMMENT '2','6','21','khóc đi','10014','khoai','127.0.0.1','2';
2018-11-26 08:09:56 EXEC SPC_COM_DATA 'khoai','2','1';
2018-11-26 08:09:56 EXEC SPC_COM_ADD_COMMENT '2','6','21','lalala demacia','10014','khoai','127.0.0.1','2';
2018-11-26 08:09:59 EXEC SPC_COM_DATA 'khoai','2','1';
2018-11-26 08:09:59 EXEC SPC_SOCIAL_LST1 '21','khoai';
2018-11-26 08:09:59 EXEC SPC_COM_DATA 'khoai','2','1';
2018-11-26 08:09:59 EXEC SPC_SOCIAL_LST2 '21','','khoai';
2018-11-26 08:10:02 EXEC SPC_COM_DATA 'khoai','2','1';
2018-11-26 08:10:02 EXEC SPC_COM_GET_MORE_COMMENT '10014','1','khoai';
2018-11-26 08:10:04 EXEC SPC_COM_DATA 'khoai','2','1';
2018-11-26 08:10:04 EXEC SPC_SOCIAL_ACT2 '21','khoai','127.0.0.1';
2018-11-26 08:10:05 EXEC SPC_COM_DATA 'khoai','2','1';
2018-11-26 08:10:05 EXEC SPC_COM_GET_MORE_COMMENT '10014','2','khoai';
2018-11-26 08:10:07 EXEC SPC_COM_DATA 'khoai','2','1';
2018-11-26 08:10:07 EXEC SPC_COM_GET_MORE_COMMENT '10014','1','khoai';
2018-11-26 08:11:19 EXEC SPC_COM_DATA 'khoai','2','1';
2018-11-26 08:11:19 EXEC SPC_COM_GET_MORE_COMMENT '10014','2','khoai';
2018-11-26 08:11:22 EXEC SPC_COM_DATA 'khoai','2','1';
2018-11-26 08:11:22 EXEC SPC_COM_GET_MORE_COMMENT '10014','1','khoai';
2018-11-26 08:11:25 EXEC SPC_COM_DATA 'khoai','2','1';
2018-11-26 08:11:26 EXEC SPC_COM_GET_MORE_COMMENT '10014','2','khoai';
2018-11-26 08:11:33 EXEC SPC_COM_DATA 'khoai','2','1';
2018-11-26 08:11:33 EXEC SPC_COM_GET_MORE_COMMENT '10014','1','khoai';
2018-11-26 08:11:37 EXEC SPC_COM_DATA 'khoai','2','1';
2018-11-26 08:11:37 EXEC SPC_COM_GET_MORE_COMMENT '10014','2','khoai';
2018-11-26 08:14:35 EXEC SPC_COM_DATA 'khoai','2','1';
2018-11-26 08:14:35 EXEC SPC_TRANSLATE_LST1 '','khoai';
2018-11-26 08:14:46 EXEC SPC_COM_DATA 'khoai','2','1';
2018-11-26 08:14:46 EXEC SPC_TRANSLATE_LST2 'goal','khoai','127.0.0.1';
2018-11-26 08:14:54 EXEC SPC_COM_DATA 'khoai','2','1';
2018-11-26 08:14:54 EXEC SPC_SOCIAL_LST1 '','khoai';
2018-11-26 08:14:55 EXEC SPC_COM_DATA 'khoai','2','1';
2018-11-26 08:14:55 EXEC SPC_SOCIAL_LST2 '','','khoai';
2018-11-26 08:15:09 EXEC SPC_COM_DATA 'khoai','2','1';
2018-11-26 08:15:09 EXEC SPC_SOCIAL_ACT2 '16','khoai','127.0.0.1';
2018-11-26 08:17:04 EXEC SPC_COM_DATA 'khoai','2','1';
2018-11-26 08:17:04 EXEC SPC_COM_GET_MORE_COMMENT '4','1','khoai';
2018-11-26 08:17:11 EXEC SPC_COM_DATA 'khoai','2','1';
2018-11-26 08:17:11 EXEC SPC_COM_GET_MORE_COMMENT '10014','1','khoai';
2018-11-26 08:17:14 EXEC SPC_COM_DATA 'khoai','2','1';
2018-11-26 08:17:14 EXEC SPC_SOCIAL_ACT2 '21','khoai','127.0.0.1';
2018-11-26 08:17:19 EXEC SPC_COM_DATA 'khoai','2','1';
2018-11-26 08:17:19 EXEC SPC_COM_GET_MORE_COMMENT '10014','2','khoai';
2018-11-26 08:17:25 EXEC SPC_COM_DATA 'khoai','2','1';
2018-11-26 08:17:25 EXEC SPC_COM_TOGGLE_EFFECT '3','10025','3','3','0','khoai','127.0.0.1';
2018-11-26 08:17:26 EXEC SPC_COM_DATA 'khoai','2','1';
2018-11-26 08:17:26 EXEC SPC_COM_TOGGLE_EFFECT '3','10026','3','3','0','khoai','127.0.0.1';
2018-11-26 08:17:31 EXEC SPC_COM_DATA 'khoai','2','1';
2018-11-26 08:17:31 EXEC SPC_COM_GET_MORE_COMMENT '10014','1','khoai';
2018-11-26 08:17:32 EXEC SPC_COM_DATA 'khoai','2','1';
2018-11-26 08:17:32 EXEC SPC_COM_TOGGLE_EFFECT '3','10016','3','3','0','khoai','127.0.0.1';
2018-11-26 08:17:33 EXEC SPC_COM_DATA 'khoai','2','1';
2018-11-26 08:17:33 EXEC SPC_COM_TOGGLE_EFFECT '3','10017','3','3','0','khoai','127.0.0.1';
2018-11-26 08:17:34 EXEC SPC_COM_DATA 'khoai','2','1';
2018-11-26 08:17:34 EXEC SPC_COM_TOGGLE_EFFECT '3','10021','3','3','0','khoai','127.0.0.1';
2018-11-26 08:17:41 EXEC SPC_COM_DATA 'khoai','2','1';
2018-11-26 08:17:41 EXEC SPC_COM_GET_MORE_COMMENT '10014','2','khoai';
2018-11-26 08:17:42 EXEC SPC_COM_DATA 'khoai','2','1';
2018-11-26 08:17:42 EXEC SPC_COM_GET_MORE_COMMENT '10014','1','khoai';
2018-11-26 08:18:35 EXEC SPC_COM_DATA 'khoai','2','1';
2018-11-26 08:18:35 EXEC SPC_COM_MENU '2';
2018-11-26 08:22:59 EXEC SPC_COM_DATA 'khoai','2','1';
2018-11-26 08:22:59 EXEC SPC_TRANSLATE_LST1 '','khoai';
2018-11-26 08:23:01 EXEC SPC_COM_DATA 'khoai','2','1';
2018-11-26 08:23:01 EXEC SPC_TRANSLATE_LST2 'kingdom','khoai','127.0.0.1';
2018-11-26 08:23:03 EXEC SPC_COM_DATA 'khoai','2','1';
2018-11-26 08:23:03 EXEC SPC_TRANSLATE_LST2 'kingdom','khoai','127.0.0.1';
2018-11-26 08:23:04 EXEC SPC_COM_DATA 'khoai','2','1';
2018-11-26 08:23:04 EXEC SPC_TRANSLATE_LST2 'Hello','khoai','127.0.0.1';
2018-11-26 08:25:23 EXEC SPC_COM_DATA 'khoai','2','1';
2018-11-26 08:25:23 EXEC SPC_COM_MENU '2';
2018-11-26 08:25:26 EXEC SPC_COM_DATA 'khoai','2','1';
2018-11-26 08:25:26 EXEC SPC_COM_MENU '2';
2018-11-26 08:33:42 EXEC SPC_COM_DATA 'khoai','2','1';
2018-11-26 08:33:42 EXEC SPC_COM_MENU '2';
2018-11-26 08:40:19 EXEC SPC_COM_DATA 'khoai','2','1';
2018-11-26 08:40:19 EXEC SPC_COM_MENU '2';
2018-11-26 08:40:22 EXEC SPC_COM_DATA 'khoai','2','1';
2018-11-26 08:40:22 EXEC SPC_TRANSLATE_LST1 '','khoai';
2018-11-26 08:40:44 EXEC SPC_COM_DATA 'khoai','2','1';
2018-11-26 08:40:44 EXEC SPC_TRANSLATE_LST2 'king','khoai','127.0.0.1';
2018-11-26 08:47:46 EXEC SPC_COM_DATA 'khoai','2','1';
2018-11-26 08:47:46 EXEC SPC_SOCIAL_LST1 '','khoai';
2018-11-26 08:47:47 EXEC SPC_COM_DATA 'khoai','2','1';
2018-11-26 08:47:47 EXEC SPC_SOCIAL_LST2 '','','khoai';
2018-11-26 08:48:30 EXEC SPC_COM_DATA 'khoai','2','1';
2018-11-26 08:48:30 EXEC SPC_SOCIAL_ACT2 '15','khoai','127.0.0.1';
2018-11-26 08:52:11 EXEC SPC_COM_DATA '','','';
2018-11-26 08:52:11 EXEC SPC_SOCIAL_LST1 '16','';
2018-11-26 08:52:13 EXEC SPC_COM_DATA '','','';
2018-11-26 08:52:13 EXEC SPC_SOCIAL_LST2 '16','','';
2018-11-26 08:52:19 EXEC SPC_COM_DATA '','','';
2018-11-26 08:52:19 EXEC SPC_COM_GET_MORE_COMMENT '4','1','';
2018-11-26 08:52:21 EXEC SPC_COM_DATA '','','';
2018-11-26 08:52:21 EXEC SPC_SOCIAL_ACT2 '16','','127.0.0.1';
2018-11-26 08:52:26 EXEC SPC_COM_DATA '','','';
2018-11-26 08:52:26 EXEC SPC_COM_GET_MORE_COMMENT '10014','1','';
2018-11-26 08:52:28 EXEC SPC_COM_DATA '','','';
2018-11-26 08:52:28 EXEC SPC_COM_GET_MORE_COMMENT '10014','2','';
2018-11-26 08:52:30 EXEC SPC_COM_DATA '','','';
2018-11-26 08:52:30 EXEC SPC_SOCIAL_ACT2 '21','','127.0.0.1';
2018-11-26 08:52:31 EXEC SPC_COM_DATA '','','';
2018-11-26 08:52:31 EXEC SPC_COM_GET_MORE_COMMENT '10014','1','';
2018-11-26 08:52:42 EXEC SPC_COM_DATA '','','';
2018-11-26 08:52:42 EXEC SPC_SOCIAL_ACT2 '21','','127.0.0.1';
2018-11-26 08:54:24 EXEC SPC_COM_DATA 'khoai','2','1';
2018-11-26 08:54:24 EXEC SPC_SOCIAL_LST2 '','<row tag_id="65" /><row tag_id="66" />','khoai';
2018-11-26 08:54:25 EXEC SPC_COM_DATA 'khoai','2','1';
2018-11-26 08:54:26 EXEC SPC_SOCIAL_LST2 '','<row tag_id="65" /><row tag_id="66" />','khoai';
2018-11-26 08:54:37 EXEC SPC_COM_DATA 'khoai','2','1';
2018-11-26 08:54:37 EXEC SPC_SOCIAL_LST2 '','<row tag_id="13" /><row tag_id="14" />','khoai';
2018-11-26 08:54:47 EXEC SPC_COM_DATA 'khoai','2','1';
2018-11-26 08:54:47 EXEC SPC_SOCIAL_ACT2 '21','khoai','127.0.0.1';
2018-11-26 08:54:50 EXEC SPC_COM_DATA 'khoai','2','1';
2018-11-26 08:54:50 EXEC SPC_COM_GET_MORE_COMMENT '10014','1','khoai';
