2018-10-12 00:06:14 EXEC SPC_COM_DATA '','','';
2018-10-12 00:06:21 EXEC SPC_COM_DATA '','','';
2018-10-12 00:06:21 EXEC SPC_WRITING_LST1 '','','','';
2018-10-12 00:06:21 EXEC SPC_COM_DATA '','','';
2018-10-12 00:06:21 EXEC SPC_WRITING_LST2 '9','10','';
2018-10-12 00:06:43 EXEC SPC_COM_DATA '','','';
2018-10-12 00:06:43 EXEC SPC_WRITING_LST2 '9','11','';
2018-10-12 00:06:46 EXEC SPC_COM_DATA '','','';
2018-10-12 00:06:46 EXEC SPC_WRITING_LST2 '10','12','';
2018-10-12 00:06:48 EXEC SPC_COM_DATA '','','';
2018-10-12 00:06:48 EXEC SPC_WRITING_LST2 '10','13','';
2018-10-12 00:06:51 EXEC SPC_COM_DATA '','','';
2018-10-12 00:06:51 EXEC SPC_WRITING_LST2 '9','10','';
2018-10-12 00:08:05 EXEC SPC_COM_PERMISSION '1','2','g001';
2018-10-12 00:08:05 EXEC SPC_COM_MENU '1';
2018-10-12 00:09:17 EXEC SPC_COM_PERMISSION '1','2','w001';
2018-10-12 00:09:17 EXEC SPC_COM_MENU '1';
2018-10-12 00:09:17 EXEC SPC_COM_M999_INQ1 '7';
2018-10-12 00:09:19 EXEC SPC_COM_MENU '1';
2018-10-12 00:09:19 EXEC SPC_w001_LST1 '','','','','10','1';
2018-10-12 00:09:24 EXEC SPC_COM_PERMISSION '1','2','w002';
2018-10-12 00:09:24 EXEC SPC_COM_MENU '1';
2018-10-12 00:09:24 EXEC SPC_W002_FND1
2018-10-12 00:09:27 EXEC SPC_COM_MENU '1';
2018-10-12 00:09:27 EXEC SPC_COMMON_CATALORUE '5';
2018-10-12 00:09:31 EXEC SPC_COM_MENU '1';
2018-10-12 00:09:31 EXEC SPC_COMMON_CATALORUE '4';
2018-10-12 00:09:33 EXEC SPC_COM_MENU '1';
2018-10-12 00:09:33 EXEC SPC_COMMON_GROUP '9';
2018-10-12 00:11:00 EXEC SPC_COM_MENU '1';
2018-10-12 00:11:00 EXEC SPC_w002_ACT1 '','4','9','10','Đất nước','<div style="background:#eeeeee;border:1px solid #cccccc;padding:5px 10px;">Khi ta lớn l&ecirc;n Đất Nước đ&atilde; c&oacute; rồi<br />
Đất Nước c&oacute; trong những c&aacute;i &ldquo;ng&agrave;y xửa ng&agrave;y xưa...&rdquo; mẹ thường hay kể<br />
Đất Nước bắt đầu với miếng trầu b&acirc;y giờ b&agrave; ăn<br />
Đất Nước lớn l&ecirc;n khi d&acirc;n m&igrave;nh biết tr&ograve;ng tre m&agrave; đ&aacute;nh giặc<br />
T&oacute;c mẹ th&igrave; bới sau đầu<br />
Cha mẹ thương nhau bằng gừng cay muối mặn<br />
C&aacute;i k&egrave;o, c&aacute;i cột th&agrave;nh t&ecirc;n<br />
Hạt gạo phải một nắng hai sương xay, gi&atilde;, giần, s&agrave;ng<br />
Đất Nước c&oacute; từ ng&agrave;y đ&oacute;...<br />
<br />
Đất l&agrave; nơi anh đến trường<br />
Nước l&agrave; nơi em tắm<br />
Đất Nước l&agrave; nơi ta h&ograve; hẹn<br />
Đất Nước l&agrave; nơi em đ&aacute;nh rơi chiếc khăn trong nỗi nhớ thầm<br />
Đất l&agrave; nơi &ldquo;con chim phượng ho&agrave;ng bay về h&ograve;n n&uacute;i bạc&rdquo;<br />
Nước l&agrave; nơi &ldquo;con c&aacute; ngư &ocirc;ng m&oacute;ng nước biển khơi&rdquo;<br />
Thời gian đằng đẵng<br />
Kh&ocirc;ng gian mệnh m&ocirc;ng<br />
Đất Nước l&agrave; nơi d&acirc;n m&igrave;nh đo&agrave;n tụ<br />
Đất l&agrave; nơi Chim về<br />
Nước l&agrave; nơi Rồng ở<br />
Lạc Long Qu&acirc;n v&agrave; &Acirc;u Cơ<br />
Đẻ ra đồng b&agrave;o ta trong bọc trứng<br />
Những ai đ&atilde; khu&aacute;t<br />
Những ai b&acirc;y giờ<br />
Y&ecirc;u nhau v&agrave; sinh con đẻ c&aacute;i<br />
G&aacute;nh v&aacute;c phần người đi trước để lại<br />
Dặn d&ograve; con ch&aacute;u chuyện mai sau<br />
Hằng năm ăn đ&acirc;u l&agrave;m đ&acirc;u<br />
Cũng biết c&uacute;i đầu nhớ ng&agrave;y giỗ Tổ<br />
Trong anh v&agrave; em h&ocirc;m nay<br />
Đều c&oacute; một phần Đất Nước<br />
Khi hai đứa cầm tay<br />
Đất Nước trong ch&uacute;ng m&igrave;nh h&agrave;i ho&agrave; nồng thắm<br />
Khi ch&uacute;ng ta cầm tay mọi người<br />
Đất nước vẹn tr&ograve;n, to lớn<br />
<br />
Mai n&agrave;y con ta lớn l&ecirc;n<br />
Con sẽ mang đất nước đi xa<br />
Đến những th&aacute;ng ng&agrave;y mơ mộng<br />
Em ơi em Đất Nước l&agrave; m&aacute;u xương của m&igrave;nh<br />
Phải biết gắn b&oacute; san sẻ<br />
Phải biết ho&aacute; th&acirc;n cho d&aacute;ng h&igrave;nh xứ sở<br />
L&agrave;m n&ecirc;n Đất Nước mu&ocirc;n đời...<br />
&nbsp;</div>
','','','0','','','','ndq809','127.0.0.1';
2018-10-12 00:11:02 EXEC SPC_COM_MENU '1';
2018-10-12 00:11:02 EXEC SPC_W002_LST1 '16';
2018-10-12 00:11:02 EXEC SPC_COM_MENU '1';
2018-10-12 00:11:02 EXEC SPC_COMMON_CATALORUE '4';
2018-10-12 00:11:02 EXEC SPC_COM_MENU '1';
2018-10-12 00:11:02 EXEC SPC_COMMON_GROUP '9';
2018-10-12 00:11:04 EXEC SPC_COM_DATA '','','';
2018-10-12 00:11:04 EXEC SPC_WRITING_LST1 '12','','9','10';
2018-10-12 00:11:05 EXEC SPC_COM_DATA '','','';
2018-10-12 00:11:05 EXEC SPC_WRITING_LST2 '9','10','';
2018-10-12 00:12:13 EXEC SPC_COM_DATA '','','';
2018-10-12 00:12:13 EXEC SPC_WRITING_LST1 '12','','9','10';
2018-10-12 00:12:13 EXEC SPC_COM_DATA '','','';
2018-10-12 00:12:13 EXEC SPC_WRITING_LST2 '9','10','';
2018-10-12 00:16:11 EXEC SPC_COM_DATA '','','';
2018-10-12 00:16:11 EXEC SPC_WRITING_LST1 '16','','9','10';
2018-10-12 00:16:11 EXEC SPC_COM_DATA '','','';
2018-10-12 00:16:11 EXEC SPC_WRITING_LST2 '9','10','';
2018-10-12 00:20:16 EXEC SPC_COM_DATA '','','';
2018-10-12 00:20:16 EXEC SPC_WRITING_LST1 '12','','9','10';
2018-10-12 00:20:16 EXEC SPC_COM_DATA '','','';
2018-10-12 00:20:16 EXEC SPC_WRITING_LST2 '9','10','';
2018-10-12 00:23:47 EXEC SPC_COM_DATA '','','';
2018-10-12 00:23:47 EXEC SPC_WRITING_LST1 '12','','9','10';
2018-10-12 00:23:47 EXEC SPC_COM_DATA '','','';
2018-10-12 00:23:47 EXEC SPC_WRITING_LST2 '9','10','';
2018-10-12 00:24:49 EXEC SPC_COM_DATA '','','';
2018-10-12 00:24:49 EXEC SPC_WRITING_LST1 '16','','9','10';
2018-10-12 00:24:49 EXEC SPC_COM_DATA '','','';
2018-10-12 00:24:49 EXEC SPC_WRITING_LST2 '9','10','';
2018-10-12 00:25:36 EXEC SPC_COM_DATA '','','';
2018-10-12 00:25:36 EXEC SPC_WRITING_LST1 '16','','9','10';
2018-10-12 00:25:37 EXEC SPC_COM_DATA '','','';
2018-10-12 00:25:37 EXEC SPC_WRITING_LST2 '9','10','';
2018-10-12 00:26:13 EXEC SPC_COM_DATA '','','';
2018-10-12 00:26:13 EXEC SPC_WRITING_LST1 '12','','9','10';
2018-10-12 00:26:13 EXEC SPC_COM_DATA '','','';
2018-10-12 00:26:13 EXEC SPC_WRITING_LST2 '9','10','';
2018-10-12 00:37:55 EXEC SPC_COM_DATA '','','';
2018-10-12 00:37:55 EXEC SPC_WRITING_LST1 '16','','9','10';
2018-10-12 00:37:55 EXEC SPC_COM_DATA '','','';
2018-10-12 00:37:55 EXEC SPC_WRITING_LST2 '9','10','';
2018-10-12 00:38:31 EXEC SPC_COM_DATA '','','';
2018-10-12 00:38:31 EXEC SPC_WRITING_LST1 '16','','9','10';
2018-10-12 00:38:32 EXEC SPC_COM_DATA '','','';
2018-10-12 00:38:32 EXEC SPC_WRITING_LST2 '9','10','';
2018-10-12 00:40:58 EXEC SPC_COM_DATA '','','';
2018-10-12 00:40:58 EXEC SPC_WRITING_LST1 '16','','9','10';
2018-10-12 00:40:59 EXEC SPC_COM_DATA '','','';
2018-10-12 00:40:59 EXEC SPC_WRITING_LST2 '9','10','';
2018-10-12 00:41:20 EXEC SPC_COM_DATA '','','';
2018-10-12 00:41:20 EXEC SPC_WRITING_LST1 '16','','9','10';
2018-10-12 00:41:20 EXEC SPC_COM_DATA '','','';
2018-10-12 00:41:20 EXEC SPC_WRITING_LST2 '9','10','';
2018-10-12 00:45:00 EXEC SPC_COM_DATA '','','';
2018-10-12 00:45:00 EXEC SPC_WRITING_LST1 '12','','9','10';
2018-10-12 00:45:00 EXEC SPC_COM_DATA '','','';
2018-10-12 00:45:00 EXEC SPC_WRITING_LST2 '9','10','';
2018-10-12 00:50:53 EXEC SPC_COM_DATA '','','';
2018-10-12 00:51:49 EXEC SPC_COM_DATA '','','';
2018-10-12 00:51:49 EXEC SPC_WRITING_LST1 '','','9','10';
2018-10-12 00:51:50 EXEC SPC_COM_DATA '','','';
2018-10-12 00:51:50 EXEC SPC_WRITING_LST2 '9','10','';
2018-10-12 00:51:51 EXEC SPC_COM_DATA '','','';
2018-10-12 00:51:52 EXEC SPC_COM_DATA '','','';
2018-10-12 00:51:52 EXEC SPC_WRITING_LST1 '','','9','10';
2018-10-12 00:51:52 EXEC SPC_COM_DATA '','','';
2018-10-12 00:51:52 EXEC SPC_WRITING_LST2 '9','10','';
2018-10-12 00:55:45 EXEC SPC_COM_DATA '','','';
2018-10-12 00:55:45 EXEC SPC_READING_LST1 '','','9','10';
2018-10-12 00:55:46 EXEC SPC_COM_DATA '','','';
2018-10-12 00:55:46 EXEC SPC_READING_LST2 '12','14','';
2018-10-12 00:56:09 EXEC SPC_COM_DATA '','','';
2018-10-12 01:00:44 EXEC SPC_COM_DATA '','','';
2018-10-12 01:00:44 EXEC SPC_WRITING_LST1 '','','12','14';
2018-10-12 01:00:45 EXEC SPC_COM_DATA '','','';
2018-10-12 01:00:45 EXEC SPC_WRITING_LST2 '9','10','';
2018-10-12 01:00:46 EXEC SPC_COM_DATA '','','';
2018-10-12 01:00:46 EXEC SPC_READING_LST1 '','','9','10';
2018-10-12 01:00:46 EXEC SPC_COM_DATA '','','';
2018-10-12 01:00:46 EXEC SPC_READING_LST2 '12','14','';
2018-10-12 01:01:05 EXEC SPC_COM_DATA '','','';
2018-10-12 01:01:05 EXEC SPC_WRITING_LST1 '','','12','14';
2018-10-12 01:01:06 EXEC SPC_COM_DATA '','','';
2018-10-12 01:01:06 EXEC SPC_WRITING_LST2 '9','10','';
2018-10-12 01:01:07 EXEC SPC_COM_DATA '','','';
2018-10-12 01:01:07 EXEC SPC_LISTENING_LST1 '','','9','10';
2018-10-12 01:01:08 EXEC SPC_COM_DATA '','','';
2018-10-12 01:01:08 EXEC SPC_LISTENING_LST2 '8','8','';
2018-10-12 01:01:09 EXEC SPC_COM_DATA '','','';
2018-10-12 01:01:09 EXEC SPC_WRITING_LST1 '','','8','8';
2018-10-12 01:01:09 EXEC SPC_COM_DATA '','','';
2018-10-12 01:01:09 EXEC SPC_WRITING_LST2 '9','10','';
2018-10-12 01:01:11 EXEC SPC_COM_DATA '','','';
2018-10-12 01:01:11 EXEC SPC_READING_LST1 '','','9','10';
2018-10-12 01:01:11 EXEC SPC_COM_DATA '','','';
2018-10-12 01:01:11 EXEC SPC_READING_LST2 '12','14','';
2018-10-12 01:01:26 EXEC SPC_COM_DATA '','','';
2018-10-12 01:01:26 EXEC SPC_WRITING_LST1 '','','12','14';
2018-10-12 01:01:26 EXEC SPC_COM_DATA '','','';
2018-10-12 01:01:26 EXEC SPC_WRITING_LST2 '9','10','';
2018-10-12 01:08:08 EXEC SPC_COM_DATA '','','';
2018-10-12 01:15:07 EXEC SPC_COM_DATA '','','';
2018-10-12 01:15:07 EXEC SPC_READING_LST1 '','','9','10';
2018-10-12 01:15:08 EXEC SPC_COM_DATA '','','';
2018-10-12 01:15:08 EXEC SPC_READING_LST2 '12','14','';
2018-10-12 01:15:10 EXEC SPC_COM_DATA '','','';
2018-10-12 01:15:10 EXEC SPC_WRITING_LST1 '','','12','14';
2018-10-12 01:15:10 EXEC SPC_COM_DATA '','','';
2018-10-12 01:15:10 EXEC SPC_WRITING_LST2 '9','10','';
2018-10-12 01:17:56 EXEC SPC_COM_MENU '1';
2018-10-12 01:17:56 EXEC SPC_w002_ACT1 '16','4','9','10','Đất nước','<p style="font-style: italic;"><span dir="rtl"><code><cite><q>Khi ta lớn l&ecirc;n Đất Nước đ&atilde; c&oacute; rồi<br />
Đất Nước c&oacute; trong những c&aacute;i &ldquo;ng&agrave;y xửa ng&agrave;y xưa...&rdquo; mẹ thường hay kể<br />
Đất Nước bắt đầu với miếng trầu b&acirc;y giờ b&agrave; ăn<br />
Đất Nước lớn l&ecirc;n khi d&acirc;n m&igrave;nh biết tr&ograve;ng tre m&agrave; đ&aacute;nh giặc</q></cite></code></span></p>

<p style="font-style: italic;"><span dir="rtl"><code><cite><q>T&oacute;c mẹ th&igrave; bới sau đầu<br />
Cha mẹ thương nhau bằng gừng cay muối mặn<br />
C&aacute;i k&egrave;o, c&aacute;i cột th&agrave;nh t&ecirc;n<br />
Hạt gạo phải một nắng hai sương xay, gi&atilde;, giần, s&agrave;ng<br />
Đất Nước c&oacute; từ ng&agrave;y đ&oacute;...<br />
<br />
Đất l&agrave; nơi anh đến trường<br />
Nước l&agrave; nơi em tắm<br />
Đất Nước l&agrave; nơi ta h&ograve; hẹn<br />
Đất Nước l&agrave; nơi em đ&aacute;nh rơi chiếc khăn trong nỗi nhớ thầm<br />
Đất l&agrave; nơi &ldquo;con chim phượng ho&agrave;ng bay về h&ograve;n n&uacute;i bạc&rdquo;<br />
Nước l&agrave; nơi &ldquo;con c&aacute; ngư &ocirc;ng m&oacute;ng nước biển khơi&rdquo;<br />
Thời gian đằng đẵng<br />
Kh&ocirc;ng gian mệnh m&ocirc;ng<br />
Đất Nước l&agrave; nơi d&acirc;n m&igrave;nh đo&agrave;n tụ<br />
Đất l&agrave; nơi Chim về<br />
Nước l&agrave; nơi Rồng ở<br />
Lạc Long Qu&acirc;n v&agrave; &Acirc;u Cơ<br />
Đẻ ra đồng b&agrave;o ta trong bọc trứng<br />
Những ai đ&atilde; khu&aacute;t<br />
Những ai b&acirc;y giờ<br />
Y&ecirc;u nhau v&agrave; sinh con đẻ c&aacute;i<br />
G&aacute;nh v&aacute;c phần người đi trước để lại<br />
Dặn d&ograve; con ch&aacute;u chuyện mai sau<br />
Hằng năm ăn đ&acirc;u l&agrave;m đ&acirc;u<br />
Cũng biết c&uacute;i đầu nhớ ng&agrave;y giỗ Tổ<br />
Trong anh v&agrave; em h&ocirc;m nay<br />
Đều c&oacute; một phần Đất Nước<br />
Khi hai đứa cầm tay<br />
Đất Nước trong ch&uacute;ng m&igrave;nh h&agrave;i ho&agrave; nồng thắm<br />
Khi ch&uacute;ng ta cầm tay mọi người<br />
Đất nước vẹn tr&ograve;n, to lớn<br />
<br />
Mai n&agrave;y con ta lớn l&ecirc;n<br />
Con sẽ mang đất nước đi xa<br />
Đến những th&aacute;ng ng&agrave;y mơ mộng<br />
Em ơi em Đất Nước l&agrave; m&aacute;u xương của m&igrave;nh<br />
Phải biết gắn b&oacute; san sẻ<br />
Phải biết ho&aacute; th&acirc;n cho d&aacute;ng h&igrave;nh xứ sở<br />
L&agrave;m n&ecirc;n Đất Nước mu&ocirc;n đời...</q></cite></code></span><br />
&nbsp;</p>
','','','0','','','','ndq809','127.0.0.1';
2018-10-12 01:17:58 EXEC SPC_COM_MENU '1';
2018-10-12 01:17:58 EXEC SPC_W002_LST1 '16';
2018-10-12 01:17:58 EXEC SPC_COM_MENU '1';
2018-10-12 01:17:58 EXEC SPC_COMMON_CATALORUE '4';
2018-10-12 01:17:58 EXEC SPC_COM_MENU '1';
2018-10-12 01:17:58 EXEC SPC_COMMON_GROUP '9';
2018-10-12 01:18:01 EXEC SPC_COM_DATA '','','';
2018-10-12 01:18:01 EXEC SPC_WRITING_LST1 '12','','9','10';
2018-10-12 01:18:02 EXEC SPC_COM_DATA '','','';
2018-10-12 01:18:02 EXEC SPC_WRITING_LST2 '9','10','';
2018-10-12 01:25:10 EXEC SPC_COM_DATA '','','';
2018-10-12 01:25:10 EXEC SPC_WRITING_LST2 '10','12','';
2018-10-12 01:25:11 EXEC SPC_COM_DATA '','','';
2018-10-12 01:25:11 EXEC SPC_WRITING_LST2 '10','13','';
2018-10-12 01:25:14 EXEC SPC_COM_DATA '','','';
2018-10-12 01:25:14 EXEC SPC_WRITING_LST2 '10','12','';
2018-10-12 01:25:15 EXEC SPC_COM_DATA '','','';
2018-10-12 01:25:15 EXEC SPC_WRITING_LST2 '10','13','';
2018-10-12 01:25:21 EXEC SPC_COM_DATA '','','';
2018-10-12 01:25:21 EXEC SPC_WRITING_LST2 '9','10','';
2018-10-12 01:25:23 EXEC SPC_COM_DATA '','','';
2018-10-12 01:25:23 EXEC SPC_WRITING_LST2 '9','11','';
2018-10-12 01:25:25 EXEC SPC_COM_DATA '','','';
2018-10-12 01:25:25 EXEC SPC_WRITING_LST2 '9','10','';
2018-10-12 06:04:16 EXEC SPC_COM_DATA '','','';
2018-10-12 06:04:16 EXEC SPC_TRANSLATE_LST1 '3','';
2018-10-12 06:04:19 EXEC SPC_COM_DATA '','','';
2018-10-12 06:04:19 EXEC SPC_TRANSLATE_LST2 'kingdom','','127.0.0.1';
2018-10-12 06:08:37 EXEC SPC_COMMON_ACCOUNT '2','1';
2018-10-12 06:08:37 EXEC SPC_COM_DATA 'khoai','2','1';
2018-10-12 06:08:37 EXEC SPC_WRITING_LST1 '12','khoai','9','10';
2018-10-12 06:08:38 EXEC SPC_COM_DATA 'khoai','2','1';
2018-10-12 06:08:38 EXEC SPC_WRITING_LST2 '9','10','khoai';
2018-10-12 06:10:53 EXEC SPC_COM_DATA 'khoai','2','1';
2018-10-12 06:10:53 EXEC SPC_COM_ADD_COMMENT '1','4','12','thank so helpfull  !!!','','khoai','127.0.0.1';
2018-10-12 06:11:10 EXEC SPC_COM_DATA 'khoai','2','1';
2018-10-12 06:11:10 EXEC SPC_WRITING_LST1 '12','khoai','9','10';
2018-10-12 06:11:10 EXEC SPC_COM_DATA 'khoai','2','1';
2018-10-12 06:11:10 EXEC SPC_WRITING_LST2 '9','10','khoai';
2018-10-12 06:11:15 EXEC SPC_COM_DATA 'khoai','2','1';
2018-10-12 06:11:15 EXEC SPC_COM_GET_PAGE_COMMENT '1','4','12','1','khoai';
2018-10-12 06:11:35 EXEC SPC_COM_DATA 'khoai','2','1';
2018-10-12 06:11:35 EXEC SPC_LISTENING_LST1 '','khoai','9','10';
2018-10-12 06:11:36 EXEC SPC_COM_DATA 'khoai','2','1';
2018-10-12 06:11:36 EXEC SPC_LISTENING_LST2 '8','8','khoai';
2018-10-12 06:11:43 EXEC SPC_COM_DATA 'khoai','2','1';
2018-10-12 06:11:43 EXEC SPC_WRITING_LST1 '','khoai','8','8';
2018-10-12 06:11:43 EXEC SPC_COM_DATA 'khoai','2','1';
2018-10-12 06:11:43 EXEC SPC_WRITING_LST2 '9','10','khoai';
2018-10-12 06:12:06 EXEC SPC_COM_DATA 'khoai','2','1';
2018-10-12 06:12:06 EXEC SPC_COM_ADD_COMMENT '1','4','12','you are welcome !!!','46','khoai','127.0.0.1';
2018-10-12 06:12:55 EXEC SPC_COM_DATA 'khoai','2','1';
2018-10-12 06:12:55 EXEC SPC_WRITING_LST1 '12','khoai','9','10';
2018-10-12 06:12:56 EXEC SPC_COM_DATA 'khoai','2','1';
2018-10-12 06:12:56 EXEC SPC_WRITING_LST2 '9','10','khoai';
2018-10-12 06:13:34 EXEC SPC_COM_DATA 'khoai','2','1';
2018-10-12 06:13:34 EXEC SPC_COM_ADD_COMMENT '2','4','16','woderfull！','','khoai','127.0.0.1';
2018-10-12 06:13:36 EXEC SPC_COM_DATA 'khoai','2','1';
2018-10-12 06:13:36 EXEC SPC_WRITING_LST1 '16','khoai','9','10';
2018-10-12 06:13:37 EXEC SPC_COM_DATA 'khoai','2','1';
2018-10-12 06:13:37 EXEC SPC_WRITING_LST2 '9','10','khoai';
2018-10-12 06:20:14 EXEC SPC_COM_DATA 'khoai','2','1';
2018-10-12 06:20:14 EXEC SPC_WRITING_LST2 '10','12','khoai';
2018-10-12 06:20:17 EXEC SPC_COM_DATA 'khoai','2','1';
2018-10-12 06:20:17 EXEC SPC_WRITING_LST2 '10','13','khoai';
2018-10-12 06:20:20 EXEC SPC_COM_DATA 'khoai','2','1';
2018-10-12 06:20:20 EXEC SPC_WRITING_LST2 '10','12','khoai';
2018-10-12 06:20:22 EXEC SPC_COM_DATA 'khoai','2','1';
2018-10-12 06:20:22 EXEC SPC_WRITING_LST2 '9','10','khoai';
2018-10-12 06:20:24 EXEC SPC_COM_DATA 'khoai','2','1';
2018-10-12 06:20:24 EXEC SPC_WRITING_LST2 '9','11','khoai';
2018-10-12 06:20:26 EXEC SPC_COM_DATA 'khoai','2','1';
2018-10-12 06:20:26 EXEC SPC_WRITING_LST2 '9','10','khoai';
2018-10-12 06:22:02 EXEC SPC_COM_DATA 'khoai','2','1';
2018-10-12 06:22:02 EXEC SPC_COM_MENU '2';
2018-10-12 06:22:04 EXEC SPC_COM_DATA 'khoai','2','1';
2018-10-12 06:22:04 EXEC SPC_COM_MENU '2';
2018-10-12 06:22:06 EXEC SPC_COM_DATA 'khoai','2','1';
2018-10-12 06:22:06 EXEC SPC_LISTENING_LST1 '','khoai','9','10';
2018-10-12 06:22:06 EXEC SPC_COM_DATA 'khoai','2','1';
2018-10-12 06:22:06 EXEC SPC_LISTENING_LST2 '8','8','khoai';
2018-10-12 06:24:15 EXEC SPC_COM_DATA 'khoai','2','1';
2018-10-12 06:24:15 EXEC SPC_COM_GET_MORE_COMMENT '1','1','khoai';
2018-10-12 06:24:19 EXEC SPC_COM_DATA 'khoai','2','1';
2018-10-12 06:24:19 EXEC SPC_COM_GET_MORE_COMMENT '4','1','khoai';
2018-10-12 06:24:22 EXEC SPC_COM_DATA 'khoai','2','1';
2018-10-12 06:24:22 EXEC SPC_COM_GET_MORE_COMMENT '5','1','khoai';
2018-10-12 06:24:24 EXEC SPC_COM_DATA 'khoai','2','1';
2018-10-12 06:24:24 EXEC SPC_COM_GET_PAGE_COMMENT '1','3','9','2','khoai';
2018-10-12 06:24:28 EXEC SPC_COM_DATA 'khoai','2','1';
2018-10-12 06:24:28 EXEC SPC_COM_GET_PAGE_COMMENT '1','3','9','1','khoai';
2018-10-12 06:24:55 EXEC SPC_COM_DATA 'khoai','2','1';
2018-10-12 06:24:55 EXEC SPC_COM_GET_PAGE_COMMENT '1','3','9','2','khoai';
2018-10-12 06:24:59 EXEC SPC_COM_DATA 'khoai','2','1';
2018-10-12 06:24:59 EXEC SPC_COM_GET_PAGE_COMMENT '1','3','9','1','khoai';
2018-10-12 06:25:00 EXEC SPC_COM_DATA 'khoai','2','1';
2018-10-12 06:25:00 EXEC SPC_COM_GET_PAGE_COMMENT '1','3','9','2','khoai';
2018-10-12 06:25:03 EXEC SPC_COM_DATA 'khoai','2','1';
2018-10-12 06:25:03 EXEC SPC_COM_GET_PAGE_COMMENT '1','3','9','1','khoai';
2018-10-12 06:28:51 EXEC SPC_COM_DATA 'khoai','2','1';
2018-10-12 06:28:51 EXEC SPC_TRANSLATE_LST1 '4','khoai';
2018-10-12 06:28:52 EXEC SPC_COM_DATA 'khoai','2','1';
2018-10-12 06:28:52 EXEC SPC_TRANSLATE_LST2 'goal','khoai','127.0.0.1';
2018-10-12 06:29:00 EXEC SPC_COM_DATA 'khoai','2','1';
2018-10-12 06:29:00 EXEC SPC_TRANSLATE_LST2 'goal','khoai','127.0.0.1';
2018-10-12 06:29:05 EXEC SPC_COM_DATA 'khoai','2','1';
2018-10-12 06:29:05 EXEC SPC_TRANSLATE_LST3 'goal';
2018-10-12 06:29:08 EXEC SPC_COM_DATA 'khoai','2','1';
2018-10-12 06:29:08 EXEC SPC_TRANSLATE_LST2 'goal','khoai','127.0.0.1';
2018-10-12 06:29:09 EXEC SPC_COM_DATA 'khoai','2','1';
2018-10-12 06:29:09 EXEC SPC_TRANSLATE_LST3 'goal';
2018-10-12 06:29:15 EXEC SPC_COM_DATA 'khoai','2','1';
2018-10-12 06:29:15 EXEC SPC_COM_MENU '2';
2018-10-12 06:30:08 EXEC SPC_COM_DATA 'khoai','2','1';
2018-10-12 06:30:08 EXEC SPC_READING_LST1 '','khoai','8','8';
2018-10-12 06:30:09 EXEC SPC_COM_DATA 'khoai','2','1';
2018-10-12 06:30:09 EXEC SPC_READING_LST2 '12','14','khoai';
2018-10-12 06:30:11 EXEC SPC_COM_DATA 'khoai','2','1';
2018-10-12 06:30:11 EXEC SPC_WRITING_LST1 '','khoai','12','14';
2018-10-12 06:30:11 EXEC SPC_COM_DATA 'khoai','2','1';
2018-10-12 06:30:12 EXEC SPC_WRITING_LST2 '9','10','khoai';
2018-10-12 06:45:36 EXEC SPC_COM_DATA 'khoai','2','1';
2018-10-12 06:45:36 EXEC SPC_COM_GET_PAGE_COMMENT '1','3','9','2','khoai';
2018-10-12 06:45:45 EXEC SPC_COM_DATA 'khoai','2','1';
2018-10-12 06:45:45 EXEC SPC_COM_GET_PAGE_COMMENT '1','3','9','1','khoai';
2018-10-12 06:47:39 EXEC SPC_COM_DATA 'khoai','2','1';
2018-10-12 06:47:39 EXEC SPC_LISTENING_LST1 '','khoai','9','10';
2018-10-12 06:47:39 EXEC SPC_COM_DATA 'khoai','2','1';
2018-10-12 06:47:39 EXEC SPC_LISTENING_LST2 '8','8','khoai';
2018-10-12 06:47:40 EXEC SPC_COM_DATA 'khoai','2','1';
2018-10-12 06:47:40 EXEC SPC_WRITING_LST1 '','khoai','8','8';
2018-10-12 06:47:41 EXEC SPC_COM_DATA 'khoai','2','1';
2018-10-12 06:47:41 EXEC SPC_WRITING_LST2 '9','10','khoai';
2018-10-12 06:53:07 EXEC SPC_COM_DATA 'khoai','2','1';
2018-10-12 06:53:07 EXEC SPC_WRITING_LST1 '12','khoai','9','10';
2018-10-12 06:53:08 EXEC SPC_COM_DATA 'khoai','2','1';
2018-10-12 06:53:08 EXEC SPC_WRITING_LST2 '9','10','khoai';
2018-10-12 06:58:49 EXEC SPC_COM_DATA 'khoai','2','1';
2018-10-12 06:58:49 EXEC SPC_READING_LST1 '','khoai','9','10';
2018-10-12 06:58:49 EXEC SPC_COM_DATA 'khoai','2','1';
2018-10-12 06:58:49 EXEC SPC_READING_LST2 '12','14','khoai';
2018-10-12 06:59:04 EXEC SPC_COM_DATA 'khoai','2','1';
2018-10-12 06:59:04 EXEC SPC_COM_MENU '2';
2018-10-12 06:59:05 EXEC SPC_COM_DATA 'khoai','2','1';
2018-10-12 06:59:05 EXEC SPC_TRANSLATE_LST1 '','khoai';
2018-10-12 06:59:09 EXEC SPC_COM_DATA 'khoai','2','1';
2018-10-12 06:59:09 EXEC SPC_TRANSLATE_LST2 'goal','khoai','127.0.0.1';
2018-10-12 06:59:10 EXEC SPC_COM_DATA 'khoai','2','1';
2018-10-12 06:59:10 EXEC SPC_COM_MENU '2';
2018-10-12 06:59:26 EXEC SPC_COM_DATA 'khoai','2','1';
2018-10-12 06:59:26 EXEC SPC_TRANSLATE_LST1 '','khoai';
2018-10-12 06:59:27 EXEC SPC_COM_DATA 'khoai','2','1';
2018-10-12 06:59:27 EXEC SPC_READING_LST1 '','khoai','12','14';
2018-10-12 06:59:27 EXEC SPC_COM_DATA 'khoai','2','1';
2018-10-12 06:59:27 EXEC SPC_READING_LST2 '12','14','khoai';
2018-10-12 06:59:34 EXEC SPC_COM_DATA 'khoai','2','1';
2018-10-12 06:59:34 EXEC SPC_VOCABULARY_LST1 '','khoai','12','14';
2018-10-12 06:59:34 EXEC SPC_COM_DATA 'khoai','2','1';
2018-10-12 06:59:34 EXEC SPC_VOCABULARY_LST2 '2','1','khoai';
2018-10-12 06:59:52 EXEC SPC_COM_DATA 'khoai','2','1';
2018-10-12 06:59:52 EXEC SPC_TRANSLATE_LST1 '3','khoai';
2018-10-12 06:59:53 EXEC SPC_COM_DATA 'khoai','2','1';
2018-10-12 06:59:53 EXEC SPC_TRANSLATE_LST2 'kingdom','khoai','127.0.0.1';
2018-10-12 07:00:07 EXEC SPC_COM_DATA 'khoai','2','1';
2018-10-12 07:00:07 EXEC SPC_COM_MENU '2';
2018-10-12 07:37:13 EXEC SPC_COM_DATA 'khoai','2','1';
2018-10-12 07:37:13 EXEC SPC_READING_LST1 '','khoai','2','1';
2018-10-12 07:37:13 EXEC SPC_COM_DATA 'khoai','2','1';
2018-10-12 07:37:13 EXEC SPC_READING_LST2 '12','14','khoai';
2018-10-12 07:41:13 EXEC SPC_COM_DATA 'khoai','2','1';
2018-10-12 07:41:13 EXEC SPC_WRITING_LST1 '','khoai','12','14';
2018-10-12 07:41:13 EXEC SPC_COM_DATA 'khoai','2','1';
2018-10-12 07:41:13 EXEC SPC_WRITING_LST2 '9','10','khoai';
2018-10-12 07:43:28 EXEC SPC_COM_DATA 'khoai','2','1';
2018-10-12 07:43:28 EXEC SPC_COM_MENU '2';
2018-10-12 07:43:46 EXEC SPC_COM_DATA 'khoai','2','1';
2018-10-12 07:43:46 EXEC SPC_READING_LST1 '','khoai','9','10';
2018-10-12 07:43:46 EXEC SPC_COM_DATA 'khoai','2','1';
2018-10-12 07:43:46 EXEC SPC_READING_LST2 '12','14','khoai';
2018-10-12 07:43:49 EXEC SPC_COM_DATA 'khoai','2','1';
2018-10-12 07:43:49 EXEC SPC_COM_ADD_LESSON '5','12','14','khoai','127.0.0.1';
2018-10-12 07:43:52 EXEC SPC_COM_DATA 'khoai','2','1';
2018-10-12 07:43:52 EXEC SPC_READING_LST1 '14','khoai','12','14';
2018-10-12 07:43:52 EXEC SPC_COM_DATA 'khoai','2','1';
2018-10-12 07:43:52 EXEC SPC_READING_LST2 '12','14','khoai';
2018-10-12 07:43:54 EXEC SPC_COM_DATA 'khoai','2','1';
2018-10-12 07:43:54 EXEC SPC_WRITING_LST1 '','khoai','12','14';
2018-10-12 07:43:54 EXEC SPC_COM_DATA 'khoai','2','1';
2018-10-12 07:43:54 EXEC SPC_WRITING_LST2 '9','10','khoai';
2018-10-12 07:43:55 EXEC SPC_COM_DATA 'khoai','2','1';
2018-10-12 07:43:55 EXEC SPC_READING_LST1 '','khoai','9','10';
2018-10-12 07:43:56 EXEC SPC_COM_DATA 'khoai','2','1';
2018-10-12 07:43:56 EXEC SPC_READING_LST2 '12','14','khoai';
2018-10-12 07:44:02 EXEC SPC_COM_DATA 'khoai','2','1';
2018-10-12 07:44:02 EXEC SPC_COM_DELETE_LESSON '1267','khoai','127.0.0.1';
2018-10-12 07:44:04 EXEC SPC_COM_DATA 'khoai','2','1';
2018-10-12 07:44:04 EXEC SPC_WRITING_LST1 '','khoai','12','14';
2018-10-12 07:44:04 EXEC SPC_COM_DATA 'khoai','2','1';
2018-10-12 07:44:04 EXEC SPC_WRITING_LST2 '9','10','khoai';
2018-10-12 07:44:06 EXEC SPC_COM_DATA 'khoai','2','1';
2018-10-12 07:44:06 EXEC SPC_COM_ADD_LESSON '5','9','10','khoai','127.0.0.1';
2018-10-12 07:44:08 EXEC SPC_COM_DATA 'khoai','2','1';
2018-10-12 07:44:08 EXEC SPC_WRITING_LST1 '12','khoai','9','10';
2018-10-12 07:44:09 EXEC SPC_COM_DATA 'khoai','2','1';
2018-10-12 07:44:09 EXEC SPC_WRITING_LST2 '9','10','khoai';
2018-10-12 07:44:16 EXEC SPC_COM_DATA 'khoai','2','1';
2018-10-12 07:44:16 EXEC SPC_READING_LST1 '','khoai','9','10';
2018-10-12 07:44:20 EXEC SPC_COM_DATA 'khoai','2','1';
2018-10-12 07:44:20 EXEC SPC_COM_DELETE_LESSON '1268','khoai','127.0.0.1';
2018-10-12 07:44:22 EXEC SPC_COM_DATA 'khoai','2','1';
2018-10-12 07:44:22 EXEC SPC_WRITING_LST1 '','khoai','9','10';
2018-10-12 07:44:22 EXEC SPC_COM_DATA 'khoai','2','1';
2018-10-12 07:44:22 EXEC SPC_WRITING_LST2 '9','10','khoai';
2018-10-12 07:44:59 EXEC SPC_COM_DATA 'khoai','2','1';
2018-10-12 07:44:59 EXEC SPC_WRITING_LST2 '9','11','khoai';
2018-10-12 07:45:01 EXEC SPC_COM_DATA 'khoai','2','1';
2018-10-12 07:45:01 EXEC SPC_WRITING_LST2 '9','10','khoai';
2018-10-12 07:51:20 EXEC SPC_COM_DATA 'khoai','2','1';
2018-10-12 07:51:20 EXEC SPC_TRANSLATE_LST1 '3','khoai';
2018-10-12 07:51:21 EXEC SPC_COM_DATA 'khoai','2','1';
2018-10-12 07:51:21 EXEC SPC_TRANSLATE_LST2 'kingdom','khoai','127.0.0.1';
2018-10-12 07:54:00 EXEC SPC_COM_DATA 'khoai','2','1';
2018-10-12 07:54:00 EXEC SPC_WRITING_LST1 '12','khoai','9','10';
2018-10-12 07:54:01 EXEC SPC_COM_DATA 'khoai','2','1';
2018-10-12 07:54:01 EXEC SPC_WRITING_LST2 '9','10','khoai';
2018-10-12 07:54:05 EXEC SPC_COM_DATA 'khoai','2','1';
2018-10-12 07:54:05 EXEC SPC_VOCABULARY_LST1 '3','khoai','9','10';
2018-10-12 07:54:11 EXEC SPC_COM_DATA 'khoai','2','1';
2018-10-12 07:54:11 EXEC SPC_VOCABULARY_LST1 '','khoai','9','10';
2018-10-12 07:54:11 EXEC SPC_COM_DATA 'khoai','2','1';
2018-10-12 07:54:11 EXEC SPC_VOCABULARY_LST2 '2','1','khoai';
2018-10-12 07:58:15 EXEC SPC_COM_DATA 'khoai','2','1';
2018-10-12 07:58:15 EXEC SPC_VOCABULARY_LST1 '1','khoai','2','1';
2018-10-12 07:58:15 EXEC SPC_COM_DATA 'khoai','2','1';
2018-10-12 07:58:15 EXEC SPC_VOCABULARY_LST2 '2','1','khoai';
2018-10-12 07:58:18 EXEC SPC_COM_DATA 'khoai','2','1';
2018-10-12 07:58:18 EXEC SPC_VOCABULARY_LST1 '1','khoai','2','1';
2018-10-12 07:58:18 EXEC SPC_COM_DATA 'khoai','2','1';
2018-10-12 07:58:18 EXEC SPC_VOCABULARY_LST2 '2','1','khoai';
2018-10-12 07:58:23 EXEC SPC_COM_DATA 'khoai','2','1';
2018-10-12 07:58:23 EXEC SPC_VOCABULARY_LST1 '1','khoai','2','1';
2018-10-12 07:58:24 EXEC SPC_COM_DATA 'khoai','2','1';
2018-10-12 07:58:24 EXEC SPC_VOCABULARY_LST2 '2','1','khoai';
2018-10-12 07:58:46 EXEC SPC_COM_DATA 'khoai','2','1';
2018-10-12 07:58:46 EXEC SPC_VOCABULARY_LST1 '1','khoai','2','1';
2018-10-12 07:58:46 EXEC SPC_COM_DATA 'khoai','2','1';
2018-10-12 07:58:46 EXEC SPC_VOCABULARY_LST2 '2','1','khoai';
2018-10-12 07:58:48 EXEC SPC_COM_DATA 'khoai','2','1';
2018-10-12 07:58:48 EXEC SPC_VOCABULARY_LST1 '1','khoai','2','1';
2018-10-12 07:58:48 EXEC SPC_COM_DATA 'khoai','2','1';
2018-10-12 07:58:48 EXEC SPC_VOCABULARY_LST2 '2','1','khoai';
2018-10-12 07:59:44 EXEC SPC_COM_PERMISSION '1','2','w002';
2018-10-12 07:59:44 EXEC SPC_COM_MENU '1';
2018-10-12 07:59:44 EXEC SPC_W002_FND1
2018-10-12 07:59:47 EXEC SPC_COM_PERMISSION '1','2','w002';
2018-10-12 07:59:47 EXEC SPC_COM_MENU '1';
2018-10-12 07:59:47 EXEC SPC_W002_FND1
2018-10-12 08:00:07 EXEC SPC_COM_PERMISSION '1','2','w002';
2018-10-12 08:00:07 EXEC SPC_COM_MENU '1';
2018-10-12 08:00:07 EXEC SPC_W002_FND1
2018-10-12 08:00:10 EXEC SPC_COM_PERMISSION '1','2','w002';
2018-10-12 08:00:10 EXEC SPC_COM_MENU '1';
2018-10-12 08:00:10 EXEC SPC_W002_FND1
2018-10-12 08:00:42 EXEC SPC_COM_PERMISSION '2','1','w002';
2018-10-12 08:00:42 EXEC SPC_COM_PERMISSION '2','1','vocabulary?v=RWmeZnVo2J765DqNBGj0EM4wOzPKldxLz831bkAayOY9XgprRA';
2018-10-12 08:00:43 EXEC SPC_COM_PERMISSION '2','1','g001';
2018-10-12 08:00:57 EXEC SPC_COMMON_ACCOUNT '1','2';
2018-10-12 08:01:33 EXEC SPC_COMMON_ACCOUNT '1','2';
2018-10-12 08:01:33 EXEC SPC_COM_PERMISSION '1','2','g001';
2018-10-12 08:01:33 EXEC SPC_COM_MENU '1';
2018-10-12 08:01:42 EXEC SPC_COM_PERMISSION '1','2','w002';
2018-10-12 08:01:42 EXEC SPC_COM_MENU '1';
2018-10-12 08:01:42 EXEC SPC_W002_FND1
2018-10-12 08:02:06 EXEC SPC_COMMON_ACCOUNT '1','2';
2018-10-12 08:02:06 EXEC SPC_COM_PERMISSION '1','2','w002';
2018-10-12 08:02:06 EXEC SPC_COM_MENU '1';
2018-10-12 08:02:06 EXEC SPC_W002_FND1
2018-10-12 08:06:09 EXEC SPC_COM_DATA '','','';
2018-10-12 08:06:09 EXEC SPC_VOCABULARY_LST1 '3','','','';
2018-10-12 08:06:09 EXEC SPC_COM_DATA '','','';
2018-10-12 08:06:09 EXEC SPC_VOCABULARY_LST2 '2','1','';
2018-10-12 08:06:13 EXEC SPC_COM_DATA '','','';
2018-10-12 08:06:13 EXEC SPC_VOCABULARY_LST1 '3','','2','1';
2018-10-12 08:06:13 EXEC SPC_COM_DATA '','','';
2018-10-12 08:06:13 EXEC SPC_VOCABULARY_LST2 '2','1','';
2018-10-12 08:06:23 EXEC SPC_COM_DATA '','','';
2018-10-12 08:06:23 EXEC SPC_VOCABULARY_LST1 '3','','2','1';
2018-10-12 08:06:23 EXEC SPC_COM_DATA '','','';
2018-10-12 08:06:23 EXEC SPC_VOCABULARY_LST2 '2','1','';
2018-10-12 08:06:24 EXEC SPC_COM_DATA '','','';
2018-10-12 08:06:24 EXEC SPC_VOCABULARY_LST1 '3','','2','1';
2018-10-12 08:06:24 EXEC SPC_COM_DATA '','','';
2018-10-12 08:06:24 EXEC SPC_VOCABULARY_LST2 '2','1','';
2018-10-12 08:09:23 EXEC SPC_COM_DATA '','','';
2018-10-12 08:09:23 EXEC SPC_WRITING_LST1 '12','','2','1';
2018-10-12 08:09:24 EXEC SPC_COM_DATA '','','';
2018-10-12 08:09:24 EXEC SPC_WRITING_LST2 '9','10','';
2018-10-12 08:10:00 EXEC SPC_COM_DATA '','','';
2018-10-12 08:10:00 EXEC SPC_WRITING_LST1 '12','','9','10';
2018-10-12 08:10:01 EXEC SPC_COM_DATA '','','';
2018-10-12 08:10:01 EXEC SPC_WRITING_LST2 '9','10','';
2018-10-12 08:10:03 EXEC SPC_COM_DATA '','','';
2018-10-12 08:10:03 EXEC SPC_WRITING_LST1 '12','','9','10';
2018-10-12 08:10:03 EXEC SPC_COM_DATA '','','';
2018-10-12 08:10:03 EXEC SPC_WRITING_LST2 '9','10','';
2018-10-12 08:10:05 EXEC SPC_COM_DATA '','','';
2018-10-12 08:10:05 EXEC SPC_WRITING_LST1 '12','','9','10';
2018-10-12 08:10:06 EXEC SPC_COM_DATA '','','';
2018-10-12 08:10:06 EXEC SPC_WRITING_LST2 '9','10','';
2018-10-12 08:10:09 EXEC SPC_COM_PERMISSION '1','2','w002';
2018-10-12 08:10:09 EXEC SPC_COM_MENU '1';
2018-10-12 08:10:09 EXEC SPC_W002_FND1
2018-10-12 08:10:12 EXEC SPC_COM_PERMISSION '1','2','w002';
2018-10-12 08:10:12 EXEC SPC_COM_MENU '1';
2018-10-12 08:10:12 EXEC SPC_W002_FND1
2018-10-12 08:12:01 EXEC SPC_COM_PERMISSION '1','2','w002';
2018-10-12 08:12:01 EXEC SPC_COM_MENU '1';
2018-10-12 08:12:01 EXEC SPC_W002_FND1
2018-10-12 08:12:24 EXEC SPC_COM_PERMISSION '1','2','w002';
2018-10-12 08:12:24 EXEC SPC_COM_MENU '1';
2018-10-12 08:12:24 EXEC SPC_W002_FND1
2018-10-12 08:12:29 EXEC SPC_COM_PERMISSION '1','2','w002';
2018-10-12 08:12:29 EXEC SPC_COM_MENU '1';
2018-10-12 08:12:29 EXEC SPC_W002_FND1
2018-10-12 08:13:11 EXEC SPC_COM_PERMISSION '1','2','w002';
2018-10-12 08:13:11 EXEC SPC_COM_MENU '1';
2018-10-12 08:13:11 EXEC SPC_W002_FND1
2018-10-12 08:13:17 EXEC SPC_COM_DATA '','','';
2018-10-12 08:13:17 EXEC SPC_WRITING_LST1 '12','','9','10';
2018-10-12 08:13:17 EXEC SPC_COM_DATA '','','';
2018-10-12 08:13:17 EXEC SPC_WRITING_LST2 '9','10','';
2018-10-12 08:13:20 EXEC SPC_COM_DATA '','','';
2018-10-12 08:13:20 EXEC SPC_VOCABULARY_LST1 '3','','9','10';
2018-10-12 08:13:23 EXEC SPC_COM_DATA '','','';
2018-10-12 08:13:23 EXEC SPC_VOCABULARY_LST1 '','','9','10';
2018-10-12 08:13:23 EXEC SPC_COM_DATA '','','';
2018-10-12 08:13:23 EXEC SPC_VOCABULARY_LST2 '2','1','';
2018-10-12 08:13:26 EXEC SPC_COM_DATA '','','';
2018-10-12 08:13:26 EXEC SPC_VOCABULARY_LST1 '1','','2','1';
2018-10-12 08:13:26 EXEC SPC_COM_DATA '','','';
2018-10-12 08:13:26 EXEC SPC_VOCABULARY_LST2 '2','1','';
2018-10-12 08:13:31 EXEC SPC_COM_DATA '','','';
2018-10-12 08:13:31 EXEC SPC_VOCABULARY_LST1 '4','','2','1';
2018-10-12 08:13:31 EXEC SPC_COM_DATA '','','';
2018-10-12 08:13:31 EXEC SPC_VOCABULARY_LST2 '2','1','';
2018-10-12 08:14:30 EXEC SPC_COM_PERMISSION '1','2','w002';
2018-10-12 08:14:30 EXEC SPC_COM_MENU '1';
2018-10-12 08:14:30 EXEC SPC_W002_FND1
2018-10-12 08:14:32 EXEC SPC_COM_PERMISSION '1','2','w002';
2018-10-12 08:14:32 EXEC SPC_COM_MENU '1';
2018-10-12 08:14:32 EXEC SPC_W002_FND1
2018-10-12 08:15:21 EXEC SPC_COMMON_ACCOUNT '1','2';
2018-10-12 08:15:21 EXEC SPC_COM_DATA 'ndq809','1','2';
2018-10-12 08:15:21 EXEC SPC_VOCABULARY_LST1 '4','ndq809','2','1';
2018-10-12 08:15:22 EXEC SPC_COM_DATA 'ndq809','1','2';
2018-10-12 08:15:22 EXEC SPC_VOCABULARY_LST2 '2','1','ndq809';
2018-10-12 08:15:25 EXEC SPC_COM_PERMISSION '1','2','g001';
2018-10-12 08:15:25 EXEC SPC_COM_MENU '1';
2018-10-12 08:15:43 EXEC SPC_COM_PERMISSION '1','2','w002';
2018-10-12 08:15:43 EXEC SPC_COM_MENU '1';
2018-10-12 08:15:43 EXEC SPC_W002_FND1
2018-10-12 08:15:45 EXEC SPC_COM_PERMISSION '1','2','w002';
2018-10-12 08:15:45 EXEC SPC_COM_MENU '1';
2018-10-12 08:15:45 EXEC SPC_W002_FND1
2018-10-12 08:19:23 EXEC SPC_COM_PERMISSION '1','2','w002';
2018-10-12 08:19:23 EXEC SPC_COM_MENU '1';
2018-10-12 08:19:23 EXEC SPC_W002_FND1
2018-10-12 08:19:27 EXEC SPC_COM_PERMISSION '1','2','w002';
2018-10-12 08:19:27 EXEC SPC_COM_MENU '1';
2018-10-12 08:19:27 EXEC SPC_W002_FND1
2018-10-12 08:22:00 EXEC SPC_COM_DATA '','','';
2018-10-12 08:22:28 EXEC SPC_COMMON_ACCOUNT '1','2';
2018-10-12 08:22:28 EXEC SPC_COM_DATA 'ndq809','1','2';
2018-10-12 08:22:28 EXEC SPC_COM_MENU '1';
2018-10-12 08:24:34 EXEC SPC_COM_PERMISSION '1','2','g001';
2018-10-12 08:24:34 EXEC SPC_COM_MENU '1';
2018-10-12 08:24:59 EXEC SPC_COM_PERMISSION '1','2','g001';
2018-10-12 08:24:59 EXEC SPC_COM_MENU '1';
2018-10-12 08:25:00 EXEC SPC_COM_PERMISSION '1','2','g001';
2018-10-12 08:25:00 EXEC SPC_COM_MENU '1';
2018-10-12 08:26:11 EXEC SPC_COM_PERMISSION '1','2','g001';
2018-10-12 08:26:11 EXEC SPC_COM_MENU '1';
2018-10-12 08:26:18 EXEC SPC_COM_DATA '','','';
2018-10-12 08:26:18 EXEC SPC_VOCABULARY_LST1 '4','','','';
2018-10-12 08:26:19 EXEC SPC_COM_DATA '','','';
2018-10-12 08:26:19 EXEC SPC_VOCABULARY_LST2 '2','1','';
2018-10-12 08:26:21 EXEC SPC_COM_DATA '','','';
2018-10-12 08:26:21 EXEC SPC_VOCABULARY_LST1 '4','','2','1';
2018-10-12 08:26:21 EXEC SPC_COM_DATA '','','';
2018-10-12 08:26:21 EXEC SPC_VOCABULARY_LST2 '2','1','';
2018-10-12 08:26:29 EXEC SPC_COM_DATA '','','';
2018-10-12 08:26:29 EXEC SPC_VOCABULARY_LST1 '4','','2','1';
2018-10-12 08:26:30 EXEC SPC_COM_DATA '','','';
2018-10-12 08:26:30 EXEC SPC_VOCABULARY_LST2 '2','1','';
2018-10-12 08:26:56 EXEC SPC_COM_DATA '','','';
2018-10-12 08:26:56 EXEC SPC_VOCABULARY_LST1 '4','','2','1';
2018-10-12 08:26:57 EXEC SPC_COM_DATA '','','';
2018-10-12 08:26:57 EXEC SPC_VOCABULARY_LST2 '2','1','';
2018-10-12 08:28:28 EXEC SPC_COM_DATA '','','';
2018-10-12 08:28:28 EXEC SPC_VOCABULARY_LST1 '4','','2','1';
2018-10-12 08:28:28 EXEC SPC_COM_DATA '','','';
2018-10-12 08:28:28 EXEC SPC_VOCABULARY_LST2 '2','1','';
2018-10-12 08:28:44 EXEC SPC_COM_PERMISSION '1','2','g001';
2018-10-12 08:28:44 EXEC SPC_COM_MENU '1';
2018-10-12 08:29:54 EXEC SPC_COM_DATA '','','';
2018-10-12 08:29:54 EXEC SPC_GRAMMAR_LST1 '','','2','1';
2018-10-12 08:29:55 EXEC SPC_COM_DATA '','','';
2018-10-12 08:29:55 EXEC SPC_GRAMMAR_LST2 '6','6','';
2018-10-12 08:29:56 EXEC SPC_COM_DATA '','','';
2018-10-12 08:29:56 EXEC SPC_READING_LST1 '','','6','6';
2018-10-12 08:29:57 EXEC SPC_COM_DATA '','','';
2018-10-12 08:29:57 EXEC SPC_READING_LST2 '12','14','';
2018-10-12 08:29:58 EXEC SPC_COM_DATA '','','';
2018-10-12 08:29:58 EXEC SPC_LISTENING_LST1 '','','12','14';
2018-10-12 08:29:59 EXEC SPC_COM_DATA '','','';
2018-10-12 08:29:59 EXEC SPC_LISTENING_LST2 '8','8','';
2018-10-12 08:30:01 EXEC SPC_COM_DATA '','','';
2018-10-12 08:30:01 EXEC SPC_WRITING_LST1 '','','8','8';
2018-10-12 08:30:01 EXEC SPC_COM_DATA '','','';
2018-10-12 08:30:01 EXEC SPC_WRITING_LST2 '9','10','';
2018-10-12 08:30:02 EXEC SPC_COM_DATA '','','';
2018-10-12 08:30:02 EXEC SPC_READING_LST1 '','','9','10';
2018-10-12 08:30:03 EXEC SPC_COM_DATA '','','';
2018-10-12 08:30:03 EXEC SPC_READING_LST2 '12','14','';
2018-10-12 08:30:04 EXEC SPC_COM_DATA '','','';
2018-10-12 08:30:04 EXEC SPC_TRANSLATE_LST1 '','';
2018-10-12 08:30:06 EXEC SPC_COM_DATA '','','';
2018-10-12 08:30:08 EXEC SPC_COM_DATA '','','';
2018-10-12 08:30:08 EXEC SPC_READING_LST1 '','','12','14';
2018-10-12 08:30:09 EXEC SPC_COM_DATA '','','';
2018-10-12 08:30:09 EXEC SPC_READING_LST2 '12','14','';
2018-10-12 08:30:27 EXEC SPC_COM_DATA '','','';
2018-10-12 08:30:29 EXEC SPC_COM_DATA '','','';
2018-10-12 08:30:29 EXEC SPC_TRANSLATE_LST1 '','';
2018-10-12 08:30:30 EXEC SPC_COM_DATA '','','';
2018-10-12 08:30:34 EXEC SPC_COM_DATA '','','';
2018-10-12 08:30:34 EXEC SPC_TRANSLATE_LST1 '','';
2018-10-12 08:30:35 EXEC SPC_COM_DATA '','','';
2018-10-12 08:30:37 EXEC SPC_COM_DATA '','','';
2018-10-12 08:30:45 EXEC SPC_COM_DATA '','','';
2018-10-12 08:31:08 EXEC SPC_COM_DATA '','','';
2018-10-12 08:31:08 EXEC SPC_VOCABULARY_LST1 '','','12','14';
2018-10-12 08:31:08 EXEC SPC_COM_DATA '','','';
2018-10-12 08:31:08 EXEC SPC_VOCABULARY_LST2 '2','1','';
2018-10-12 08:31:10 EXEC SPC_COM_DATA '','','';
2018-10-12 08:31:10 EXEC SPC_GRAMMAR_LST1 '','','2','1';
2018-10-12 08:31:10 EXEC SPC_COM_DATA '','','';
2018-10-12 08:31:10 EXEC SPC_GRAMMAR_LST2 '6','6','';
2018-10-12 08:31:11 EXEC SPC_COM_DATA '','','';
2018-10-12 08:31:11 EXEC SPC_VOCABULARY_LST1 '','','6','6';
2018-10-12 08:31:12 EXEC SPC_COM_DATA '','','';
2018-10-12 08:31:12 EXEC SPC_VOCABULARY_LST2 '2','1','';
2018-10-12 08:31:12 EXEC SPC_COM_DATA '','','';
2018-10-12 08:31:12 EXEC SPC_GRAMMAR_LST1 '','','2','1';
2018-10-12 08:31:13 EXEC SPC_COM_DATA '','','';
2018-10-12 08:31:13 EXEC SPC_GRAMMAR_LST2 '6','6','';
2018-10-12 08:31:15 EXEC SPC_COM_DATA '','','';
2018-10-12 08:31:15 EXEC SPC_LISTENING_LST1 '','','6','6';
2018-10-12 08:31:15 EXEC SPC_COM_DATA '','','';
2018-10-12 08:31:15 EXEC SPC_LISTENING_LST2 '8','8','';
2018-10-12 08:31:16 EXEC SPC_COM_DATA '','','';
2018-10-12 08:31:16 EXEC SPC_WRITING_LST1 '','','8','8';
2018-10-12 08:31:17 EXEC SPC_COM_DATA '','','';
2018-10-12 08:31:17 EXEC SPC_WRITING_LST2 '9','10','';
2018-10-12 08:34:17 EXEC SPC_COM_PERMISSION '1','2','g001';
2018-10-12 08:34:17 EXEC SPC_COM_MENU '1';
2018-10-12 08:37:35 EXEC SPC_COM_DATA '','','';
2018-10-12 08:37:35 EXEC SPC_READING_LST1 '','','9','10';
2018-10-12 08:37:36 EXEC SPC_COM_DATA '','','';
2018-10-12 08:37:36 EXEC SPC_READING_LST2 '12','14','';
2018-10-12 08:38:03 EXEC SPC_COM_DATA '','','';
2018-10-12 08:38:03 EXEC SPC_WRITING_LST1 '','','12','14';
2018-10-12 08:38:03 EXEC SPC_COM_DATA '','','';
2018-10-12 08:38:03 EXEC SPC_WRITING_LST2 '9','10','';
2018-10-12 08:38:11 EXEC SPC_COM_DATA '','','';
2018-10-12 08:38:11 EXEC SPC_COM_GET_PAGE_COMMENT '1','4','12','1','';
2018-10-12 08:50:09 EXEC SPC_COM_DATA '','','';
2018-10-12 08:50:09 EXEC SPC_WRITING_LST1 '12','','9','10';
2018-10-12 08:50:10 EXEC SPC_COM_DATA '','','';
2018-10-12 08:50:10 EXEC SPC_WRITING_LST2 '9','10','';
2018-10-12 08:50:41 EXEC SPC_COMMON_ACCOUNT '1','1';
2018-10-12 08:50:41 EXEC SPC_COM_DATA 'quypro','1','1';
2018-10-12 08:50:41 EXEC SPC_WRITING_LST1 '12','quypro','9','10';
2018-10-12 08:50:41 EXEC SPC_COM_DATA 'quypro','1','1';
2018-10-12 08:50:41 EXEC SPC_WRITING_LST2 '9','10','quypro';
2018-10-12 08:50:43 EXEC SPC_COM_DATA 'quypro','1','1';
2018-10-12 08:50:43 EXEC SPC_COM_ADD_LESSON '4','9','10','quypro','127.0.0.1';
2018-10-12 08:50:45 EXEC SPC_COM_DATA 'quypro','1','1';
2018-10-12 08:50:45 EXEC SPC_WRITING_LST1 '12','quypro','9','10';
2018-10-12 08:50:46 EXEC SPC_COM_DATA 'quypro','1','1';
2018-10-12 08:50:46 EXEC SPC_WRITING_LST2 '9','10','quypro';
2018-10-12 08:51:39 EXEC SPC_COM_DATA 'quypro','1','1';
2018-10-12 08:51:39 EXEC SPC_WRITING_LST1 '12','quypro','9','10';
2018-10-12 08:51:40 EXEC SPC_COM_DATA 'quypro','1','1';
2018-10-12 08:51:40 EXEC SPC_WRITING_LST2 '9','10','quypro';
2018-10-12 08:51:49 EXEC SPC_COM_DATA 'quypro','1','1';
2018-10-12 08:51:49 EXEC SPC_WRITING_LST2 '9','11','quypro';
2018-10-12 08:51:52 EXEC SPC_COM_DATA 'quypro','1','1';
2018-10-12 08:51:52 EXEC SPC_WRITING_LST2 '9','10','quypro';
2018-10-12 08:51:53 EXEC SPC_COM_DATA 'quypro','1','1';
2018-10-12 08:51:53 EXEC SPC_WRITING_LST2 '10','12','quypro';
2018-10-12 08:51:58 EXEC SPC_COM_DATA 'quypro','1','1';
2018-10-12 08:51:58 EXEC SPC_READING_LST1 '','quypro','10','12';
2018-10-12 08:51:59 EXEC SPC_COM_DATA 'quypro','1','1';
2018-10-12 08:51:59 EXEC SPC_READING_LST2 '12','14','quypro';
2018-10-12 08:52:19 EXEC SPC_COM_DATA 'quypro','1','1';
2018-10-12 08:52:19 EXEC SPC_COM_MENU '1';
2018-10-12 08:54:09 EXEC SPC_COM_DATA 'quypro','1','1';
2018-10-12 08:54:09 EXEC SPC_READING_LST1 '','quypro','12','14';
2018-10-12 08:54:10 EXEC SPC_COM_DATA 'quypro','1','1';
2018-10-12 08:54:10 EXEC SPC_READING_LST2 '12','14','quypro';
2018-10-12 08:54:12 EXEC SPC_COM_DATA 'quypro','1','1';
2018-10-12 08:54:12 EXEC SPC_WRITING_LST1 '','quypro','12','14';
2018-10-12 08:54:13 EXEC SPC_COM_DATA 'quypro','1','1';
2018-10-12 08:54:13 EXEC SPC_WRITING_LST2 '9','10','quypro';
2018-10-12 08:56:49 EXEC SPC_COM_DATA 'quypro','1','1';
2018-10-12 08:56:49 EXEC SPC_READING_LST1 '','quypro','9','10';
2018-10-12 08:56:49 EXEC SPC_COM_DATA 'quypro','1','1';
2018-10-12 08:56:49 EXEC SPC_READING_LST2 '12','14','quypro';
2018-10-12 08:56:50 EXEC SPC_COM_DATA 'quypro','1','1';
2018-10-12 08:56:50 EXEC SPC_COM_MENU '1';
2018-10-12 08:56:51 EXEC SPC_COM_DATA 'quypro','1','1';
2018-10-12 08:56:51 EXEC SPC_TRANSLATE_LST1 '','quypro';
2018-10-12 08:56:52 EXEC SPC_COM_DATA 'quypro','1','1';
2018-10-12 08:56:52 EXEC SPC_COM_MENU '1';
2018-10-12 08:56:54 EXEC SPC_COM_DATA 'quypro','1','1';
2018-10-12 08:56:54 EXEC SPC_COM_MENU '1';
