2018-08-30 00:24:59 EXEC SPC_COM_PERMISSION '1','g001';
2018-08-30 00:24:59 EXEC SPC_COM_MENU '1';
2018-08-30 00:25:17 EXEC SPC_COM_PERMISSION '1','g001';
2018-08-30 00:25:17 EXEC SPC_COM_MENU '1';
2018-08-30 00:25:20 EXEC SPC_COM_DATA 'ndq809';
2018-08-30 00:25:20 SQLSTATE[IMSSP]: The active result for the query contains no fields.
2018-08-30 00:25:20 EXEC SPC_COM_MENU '1';
2018-08-30 00:34:39 EXEC SPC_COM_PERMISSION '1','g001';
2018-08-30 00:34:39 EXEC SPC_COM_MENU '1';
2018-08-30 00:34:42 EXEC SPC_COM_PERMISSION '1','w002';
2018-08-30 00:34:43 EXEC SPC_COM_MENU '1';
2018-08-30 00:34:43 EXEC SPC_W002_FND1
2018-08-30 00:34:51 EXEC SPC_COM_MENU '1';
2018-08-30 00:34:51 EXEC SPC_W002_LST1 '1';
2018-08-30 00:34:51 SQLSTATE[42S22]: [Microsoft][ODBC Driver 13 for SQL Server][SQL Server]列名 'vocabulary_id' が無効です。
2018-08-30 00:35:01 EXEC SPC_COM_PERMISSION '1','w002';
2018-08-30 00:35:01 EXEC SPC_COM_MENU '1';
2018-08-30 00:35:01 EXEC SPC_W002_FND1
2018-08-30 00:35:04 EXEC SPC_COM_MENU '1';
2018-08-30 00:35:04 EXEC SPC_COMMON_CATALORUE '1';
2018-08-30 00:35:06 EXEC SPC_COM_MENU '1';
2018-08-30 00:35:06 EXEC SPC_COMMON_GROUP '3';
2018-08-30 00:35:11 EXEC SPC_COM_MENU '1';
2018-08-30 00:35:11 EXEC SPC_COMMON_GROUP '2';
2018-08-30 00:35:14 EXEC SPC_COM_MENU '1';
2018-08-30 00:35:14 EXEC SPC_COM_M999_INQ1 '8';
2018-08-30 00:35:15 EXEC SPC_COM_MENU '1';
2018-08-30 00:35:15 EXEC SPC_p003_LST1 '','','','50';
2018-08-30 00:35:21 EXEC SPC_COM_MENU '1';
2018-08-30 00:35:21 EXEC SPC_COM_M999_INQ1 '8';
2018-08-30 00:35:21 EXEC SPC_COM_MENU '1';
2018-08-30 00:35:21 EXEC SPC_p003_LST1 '','','','50';
2018-08-30 00:35:29 EXEC SPC_COM_MENU '1';
2018-08-30 00:35:29 EXEC SPC_w002_ACT1 '','1','2','1','','','','','0','<row row_id="0" vocabulary_id="1" vocabulary_dtl_id="1" vocabulary_div="1" vocabulary_nm="Hello" spelling="helou" mean="Xin chào" explain="say when meet someone" /><row row_id="1" vocabulary_id="2" vocabulary_dtl_id="1" vocabulary_div="1" vocabulary_nm="king" spelling="king" mean="vua" explain="someone who leader of a country" />','','ndq809','127.0.0.1';
2018-08-30 00:35:29 SQLSTATE[21S01]: [Microsoft][ODBC Driver 13 for SQL Server][SQL Server]列名または指定された値の数がテーブルの定義と一致しません。
2018-08-30 00:35:37 EXEC SPC_COM_MENU '1';
2018-08-30 00:35:37 EXEC SPC_w002_ACT1 '','1','2','1','','','','','0','<row row_id="0" vocabulary_id="1" vocabulary_dtl_id="1" vocabulary_div="1" vocabulary_nm="Hello" spelling="helou" mean="Xin chào" explain="say when meet someone" /><row row_id="1" vocabulary_id="2" vocabulary_dtl_id="1" vocabulary_div="1" vocabulary_nm="king" spelling="king" mean="vua" explain="someone who leader of a country" />','','ndq809','127.0.0.1';
2018-08-30 00:35:37 SQLSTATE[21S01]: [Microsoft][ODBC Driver 13 for SQL Server][SQL Server]列名または指定された値の数がテーブルの定義と一致しません。
2018-08-30 00:45:44 EXEC SPC_COM_PERMISSION '1','w002';
2018-08-30 00:45:44 EXEC SPC_COM_MENU '1';
2018-08-30 00:45:44 EXEC SPC_W002_FND1
2018-08-30 00:45:47 EXEC SPC_COM_PERMISSION '1','w001';
2018-08-30 00:45:47 EXEC SPC_COM_MENU '1';
2018-08-30 00:45:47 EXEC SPC_COM_M999_INQ1 '7';
2018-08-30 00:45:49 EXEC SPC_COM_MENU '1';
2018-08-30 00:45:49 EXEC SPC_w001_LST1 '','','','','10','1';
2018-08-30 00:45:49 SQLSTATE[42S22]: [Microsoft][ODBC Driver 13 for SQL Server][SQL Server]列名 'generate_id' が無効です。
2018-08-30 00:46:40 EXEC SPC_COM_MENU '1';
2018-08-30 00:46:40 EXEC SPC_w001_LST1 '','','','','10','1';
2018-08-30 00:46:51 EXEC SPC_COM_MENU '1';
2018-08-30 00:46:51 EXEC SPC_COM_M999_INQ1 '8';
2018-08-30 00:46:51 EXEC SPC_COM_MENU '1';
2018-08-30 00:46:51 EXEC SPC_p004_LST1 '1';
2018-08-30 00:46:59 EXEC SPC_COM_PERMISSION '1','w002';
2018-08-30 00:46:59 EXEC SPC_COM_MENU '1';
2018-08-30 00:46:59 EXEC SPC_W002_FND1
2018-08-30 00:47:00 EXEC SPC_COM_MENU '1';
2018-08-30 00:47:00 EXEC SPC_W002_LST1 '1';
2018-08-30 00:47:18 EXEC SPC_COM_PERMISSION '1','w002';
2018-08-30 00:47:18 EXEC SPC_COM_MENU '1';
2018-08-30 00:47:18 EXEC SPC_W002_FND1
2018-08-30 00:47:19 EXEC SPC_COM_MENU '1';
2018-08-30 00:47:19 EXEC SPC_W002_LST1 '1';
2018-08-30 00:48:13 EXEC SPC_COM_PERMISSION '1','w002';
2018-08-30 00:48:13 EXEC SPC_COM_MENU '1';
2018-08-30 00:48:13 EXEC SPC_W002_FND1
2018-08-30 00:48:14 EXEC SPC_COM_MENU '1';
2018-08-30 00:48:14 EXEC SPC_W002_LST1 '1';
2018-08-30 00:48:15 EXEC SPC_COM_MENU '1';
2018-08-30 00:48:15 EXEC SPC_COMMON_CATALORUE '1';
2018-08-30 00:48:15 EXEC SPC_COM_MENU '1';
2018-08-30 00:48:15 EXEC SPC_COMMON_GROUP '2';
2018-08-30 00:50:00 EXEC SPC_COM_MENU '1';
2018-08-30 00:50:00 EXEC SPC_COM_M999_INQ1 '8';
2018-08-30 00:50:01 EXEC SPC_COM_MENU '1';
2018-08-30 00:50:01 EXEC SPC_p003_LST1 '','','','50';
2018-08-30 00:50:04 EXEC SPC_COM_MENU '1';
2018-08-30 00:50:04 EXEC SPC_COM_M999_INQ1 '8';
2018-08-30 00:50:04 EXEC SPC_COM_MENU '1';
2018-08-30 00:50:04 EXEC SPC_p003_LST1 '','','','50';
2018-08-30 00:50:09 EXEC SPC_COM_MENU '1';
2018-08-30 00:50:09 EXEC SPC_w002_ACT1 '1','1','2','3','','','','','0','<row row_id="0" vocabulary_code="" vocabulary_div="1" vocabulary_nm="Hello" spelling="helou" mean="Xin chào" explain="say when meet someone" /><row row_id="1" vocabulary_code="" vocabulary_div="1" vocabulary_nm="king" spelling="king" mean="vua" explain="someone who leader of a country" />','','ndq809','127.0.0.1';
2018-08-30 00:50:09 SQLSTATE[21S01]: [Microsoft][ODBC Driver 13 for SQL Server][SQL Server]列名または指定された値の数がテーブルの定義と一致しません。
2018-08-30 00:51:19 EXEC SPC_COM_MENU '1';
2018-08-30 00:51:19 EXEC SPC_COM_M999_INQ1 '8';
2018-08-30 00:51:20 EXEC SPC_COM_MENU '1';
2018-08-30 00:51:20 EXEC SPC_p003_LST1 '1','Hello','Xin chào','50';
2018-08-30 00:54:58 EXEC SPC_COM_PERMISSION '1','w002';
2018-08-30 00:54:58 EXEC SPC_COM_MENU '1';
2018-08-30 00:54:58 EXEC SPC_W002_FND1
2018-08-30 00:54:59 EXEC SPC_COM_MENU '1';
2018-08-30 00:54:59 EXEC SPC_W002_LST1 '1';
2018-08-30 00:54:59 EXEC SPC_COM_MENU '1';
2018-08-30 00:54:59 EXEC SPC_COMMON_CATALORUE '1';
2018-08-30 00:55:00 EXEC SPC_COM_MENU '1';
2018-08-30 00:55:00 EXEC SPC_COMMON_GROUP '2';
2018-08-30 00:55:06 EXEC SPC_COM_MENU '1';
2018-08-30 00:55:06 EXEC SPC_COM_M999_INQ1 '8';
2018-08-30 00:55:06 EXEC SPC_COM_MENU '1';
2018-08-30 00:55:06 EXEC SPC_p003_LST1 '','','','50';
2018-08-30 00:55:27 EXEC SPC_COM_PERMISSION '1','w002';
2018-08-30 00:55:27 EXEC SPC_COM_MENU '1';
2018-08-30 00:55:27 EXEC SPC_W002_FND1
2018-08-30 00:55:28 EXEC SPC_COM_MENU '1';
2018-08-30 00:55:28 EXEC SPC_W002_LST1 '1';
2018-08-30 00:55:29 EXEC SPC_COM_MENU '1';
2018-08-30 00:55:29 EXEC SPC_COMMON_CATALORUE '1';
2018-08-30 00:55:29 EXEC SPC_COM_MENU '1';
2018-08-30 00:55:29 EXEC SPC_COMMON_GROUP '2';
2018-08-30 00:55:30 EXEC SPC_COM_MENU '1';
2018-08-30 00:55:30 EXEC SPC_COM_M999_INQ1 '8';
2018-08-30 00:55:31 EXEC SPC_COM_MENU '1';
2018-08-30 00:55:31 EXEC SPC_p003_LST1 '','','','50';
2018-08-30 00:55:39 EXEC SPC_COM_MENU '1';
2018-08-30 00:55:39 EXEC SPC_COM_M999_INQ1 '8';
2018-08-30 00:55:40 EXEC SPC_COM_MENU '1';
2018-08-30 00:55:40 EXEC SPC_p003_LST1 '','','','50';
2018-08-30 00:55:43 EXEC SPC_COM_MENU '1';
2018-08-30 00:55:43 EXEC SPC_w002_ACT1 '1','1','2','3','','','','','0','<row row_id="0" vocabulary_code="1" vocabulary_div="1" vocabulary_nm="Hello" spelling="helou" mean="Xin chào" explain="say when meet someone" /><row row_id="1" vocabulary_code="3" vocabulary_div="1" vocabulary_nm="kingdom" spelling="kingdum" mean="vương quốc" explain="the way to call a country in history" />','','ndq809','127.0.0.1';
2018-08-30 00:55:45 EXEC SPC_COM_MENU '1';
2018-08-30 00:55:45 EXEC SPC_W002_LST1 '1';
2018-08-30 00:55:45 EXEC SPC_COM_MENU '1';
2018-08-30 00:55:45 EXEC SPC_COMMON_CATALORUE '1';
2018-08-30 00:55:46 EXEC SPC_COM_MENU '1';
2018-08-30 00:55:46 EXEC SPC_COMMON_GROUP '2';
2018-08-30 00:55:58 EXEC SPC_COM_PERMISSION '1','w002';
2018-08-30 00:55:58 EXEC SPC_COM_MENU '1';
2018-08-30 00:55:58 EXEC SPC_W002_FND1
2018-08-30 00:55:59 EXEC SPC_COM_MENU '1';
2018-08-30 00:55:59 EXEC SPC_W002_LST1 '1';
2018-08-30 00:55:59 EXEC SPC_COM_MENU '1';
2018-08-30 00:55:59 EXEC SPC_COMMON_CATALORUE '1';
2018-08-30 00:55:59 EXEC SPC_COM_MENU '1';
2018-08-30 00:55:59 EXEC SPC_COMMON_GROUP '2';
2018-08-30 00:56:21 EXEC SPC_COM_PERMISSION '1','w002';
2018-08-30 00:56:21 EXEC SPC_COM_MENU '1';
2018-08-30 00:56:21 EXEC SPC_W002_FND1
2018-08-30 00:56:22 EXEC SPC_COM_MENU '1';
2018-08-30 00:56:22 EXEC SPC_W002_LST1 '1';
2018-08-30 00:56:22 EXEC SPC_COM_MENU '1';
2018-08-30 00:56:22 EXEC SPC_COMMON_CATALORUE '1';
2018-08-30 00:56:22 EXEC SPC_COM_MENU '1';
2018-08-30 00:56:22 EXEC SPC_COMMON_GROUP '2';
2018-08-30 00:56:31 EXEC SPC_COM_MENU '1';
2018-08-30 00:56:31 EXEC SPC_W002_LST1 '2';
2018-08-30 00:56:31 EXEC SPC_COM_MENU '1';
2018-08-30 00:56:31 EXEC SPC_COMMON_CATALORUE '';
2018-08-30 00:56:33 EXEC SPC_COM_MENU '1';
2018-08-30 00:56:33 EXEC SPC_W002_LST1 '1';
2018-08-30 00:56:33 EXEC SPC_COM_MENU '1';
2018-08-30 00:56:33 EXEC SPC_COMMON_CATALORUE '1';
2018-08-30 00:56:33 EXEC SPC_COM_MENU '1';
2018-08-30 00:56:33 EXEC SPC_COMMON_GROUP '2';
2018-08-30 01:02:03 EXEC SPC_COM_DATA 'ndq809';
2018-08-30 01:02:03 SQLSTATE[IMSSP]: The active result for the query contains no fields.
2018-08-30 01:02:03 EXEC SPC_COM_MENU '1';
2018-08-30 01:02:54 EXEC SPC_VOCABULARY_LST1 '','ndq809';
2018-08-30 01:02:54 SQLSTATE[21S01]: [Microsoft][ODBC Driver 13 for SQL Server][SQL Server]列名または指定された値の数がテーブルの定義と一致しません。
2018-08-30 01:05:35 EXEC SPC_VOCABULARY_LST1 '','ndq809';
2018-08-30 01:05:36 EXEC SPC_COMMON_GROUP '2';
2018-08-30 01:05:37 EXEC SPC_VOCABULARY_LST2 '2','1','ndq809';
2018-08-30 01:05:37 SQLSTATE[42S22]: [Microsoft][ODBC Driver 13 for SQL Server][SQL Server]列名 'vocabulary_id' が無効です。
2018-08-30 01:05:50 EXEC SPC_COM_DELETE_LESSON '48','ndq809','127.0.0.1';
2018-08-30 01:05:51 EXEC SPC_COMMON_GROUP '2';
2018-08-30 01:05:51 EXEC SPC_VOCABULARY_LST2 '2','3','ndq809';
2018-08-30 01:05:51 SQLSTATE[42S22]: [Microsoft][ODBC Driver 13 for SQL Server][SQL Server]列名 'vocabulary_id' が無効です。
2018-08-30 01:05:55 EXEC SPC_COM_DELETE_LESSON '49','ndq809','127.0.0.1';
2018-08-30 01:05:57 EXEC SPC_VOCABULARY_LST1 '','ndq809';
2018-08-30 01:05:58 EXEC SPC_COMMON_GROUP '2';
2018-08-30 01:05:58 EXEC SPC_VOCABULARY_LST2 '2','1','ndq809';
2018-08-30 01:05:58 SQLSTATE[42S22]: [Microsoft][ODBC Driver 13 for SQL Server][SQL Server]列名 'vocabulary_id' が無効です。
2018-08-30 01:06:04 EXEC SPC_VOCABULARY_LST1 '','ndq809';
2018-08-30 01:06:05 EXEC SPC_COMMON_GROUP '2';
2018-08-30 01:06:05 EXEC SPC_VOCABULARY_LST2 '2','1','ndq809';
2018-08-30 01:06:05 SQLSTATE[42S22]: [Microsoft][ODBC Driver 13 for SQL Server][SQL Server]列名 'vocabulary_id' が無効です。
2018-08-30 01:07:22 EXEC SPC_VOCABULARY_LST1 '','ndq809';
2018-08-30 01:07:23 EXEC SPC_COMMON_GROUP '2';
2018-08-30 01:07:23 EXEC SPC_VOCABULARY_LST2 '2','1','ndq809';
2018-08-30 01:07:26 EXEC SPC_VOCABULARY_LST2 '2','3','ndq809';
2018-08-30 01:07:27 EXEC SPC_COM_ADD_LESSON '1','2','3','ndq809','127.0.0.1';
2018-08-30 01:08:04 EXEC SPC_VOCABULARY_LST2 '2','1','ndq809';
2018-08-30 01:08:06 EXEC SPC_COM_ADD_LESSON '1','2','1','ndq809','127.0.0.1';
2018-08-30 01:08:08 EXEC SPC_VOCABULARY_LST1 '1','ndq809';
2018-08-30 01:08:09 EXEC SPC_COMMON_GROUP '2';
2018-08-30 01:08:09 EXEC SPC_VOCABULARY_LST2 '2','3','ndq809';
2018-08-30 01:08:40 EXEC SPC_COM_PERMISSION '1','g001';
2018-08-30 01:08:40 EXEC SPC_COM_MENU '1';
2018-08-30 01:08:44 EXEC SPC_COM_PERMISSION '1','w002';
2018-08-30 01:08:44 EXEC SPC_COM_MENU '1';
2018-08-30 01:08:44 EXEC SPC_W002_FND1
2018-08-30 01:08:47 EXEC SPC_COM_MENU '1';
2018-08-30 01:08:47 EXEC SPC_W002_LST1 '1';
2018-08-30 01:08:47 EXEC SPC_COM_MENU '1';
2018-08-30 01:08:47 EXEC SPC_COMMON_CATALORUE '1';
2018-08-30 01:08:47 EXEC SPC_COM_MENU '1';
2018-08-30 01:08:47 EXEC SPC_COMMON_GROUP '2';
2018-08-30 01:08:50 EXEC SPC_COM_MENU '1';
2018-08-30 01:08:50 EXEC SPC_COM_M999_INQ1 '8';
2018-08-30 01:08:51 EXEC SPC_COM_MENU '1';
2018-08-30 01:08:51 EXEC SPC_p003_LST1 '','','','50';
2018-08-30 01:08:57 EXEC SPC_COM_MENU '1';
2018-08-30 01:08:57 EXEC SPC_COM_M999_INQ1 '8';
2018-08-30 01:08:58 EXEC SPC_COM_MENU '1';
2018-08-30 01:08:58 EXEC SPC_p003_LST1 '','','','50';
2018-08-30 01:09:02 EXEC SPC_COM_MENU '1';
2018-08-30 01:09:02 EXEC SPC_COM_M999_INQ1 '8';
2018-08-30 01:09:02 EXEC SPC_COM_MENU '1';
2018-08-30 01:09:02 EXEC SPC_p003_LST1 '','','','50';
2018-08-30 01:09:08 EXEC SPC_COM_MENU '1';
2018-08-30 01:09:08 EXEC SPC_w002_ACT1 '1','1','2','3','','','','','0','<row row_id="0" vocabulary_code="1" vocabulary_div="1" vocabulary_nm="Hello" spelling="helou" mean="Xin chào" explain="say when meet someone" /><row row_id="1" vocabulary_code="3" vocabulary_div="1" vocabulary_nm="kingdom" spelling="kingdum" mean="vương quốc" explain="the way to call a country in history" /><row row_id="2" vocabulary_code="2" vocabulary_div="1" vocabulary_nm="king" spelling="king" mean="vua" explain="someone who leader of a country" /><row row_id="3" vocabulary_code="1" vocabulary_div="1" vocabulary_nm="Hello" spelling="helou" mean="Xin chào" explain="say when meet someone" /><row row_id="4" vocabulary_code="2" vocabulary_div="1" vocabulary_nm="king" spelling="king" mean="vua" explain="someone who leader of a country" />','','ndq809','127.0.0.1';
2018-08-30 01:09:26 EXEC SPC_COM_PERMISSION '1','w002';
2018-08-30 01:09:26 EXEC SPC_COM_MENU '1';
2018-08-30 01:09:26 EXEC SPC_W002_FND1
2018-08-30 01:09:29 EXEC SPC_COM_MENU '1';
2018-08-30 01:09:29 EXEC SPC_W002_LST1 '1';
2018-08-30 01:09:29 EXEC SPC_COM_MENU '1';
2018-08-30 01:09:29 EXEC SPC_COMMON_CATALORUE '1';
2018-08-30 01:09:30 EXEC SPC_COM_MENU '1';
2018-08-30 01:09:30 EXEC SPC_COMMON_GROUP '2';
2018-08-30 01:09:32 EXEC SPC_COM_MENU '1';
2018-08-30 01:09:32 EXEC SPC_COM_M999_INQ1 '8';
2018-08-30 01:09:33 EXEC SPC_COM_MENU '1';
2018-08-30 01:09:33 EXEC SPC_p003_LST1 '','','','50';
2018-08-30 01:09:37 EXEC SPC_COM_MENU '1';
2018-08-30 01:09:37 EXEC SPC_w002_ACT1 '1','1','2','3','','','','','0','<row row_id="0" vocabulary_code="1" vocabulary_div="1" vocabulary_nm="Hello" spelling="helou" mean="Xin chào" explain="say when meet someone" /><row row_id="1" vocabulary_code="3" vocabulary_div="1" vocabulary_nm="kingdom" spelling="kingdum" mean="vương quốc" explain="the way to call a country in history" /><row row_id="2" vocabulary_code="2" vocabulary_div="1" vocabulary_nm="king" spelling="king" mean="vua" explain="someone who leader of a country" />','','ndq809','127.0.0.1';
2018-08-30 01:09:38 EXEC SPC_COM_MENU '1';
2018-08-30 01:09:38 EXEC SPC_W002_LST1 '1';
2018-08-30 01:09:38 EXEC SPC_COM_MENU '1';
2018-08-30 01:09:38 EXEC SPC_COMMON_CATALORUE '1';
2018-08-30 01:09:39 EXEC SPC_COM_MENU '1';
2018-08-30 01:09:39 EXEC SPC_COMMON_GROUP '2';
2018-08-30 01:09:40 EXEC SPC_VOCABULARY_LST1 '1','ndq809';
2018-08-30 01:09:41 EXEC SPC_COMMON_GROUP '2';
2018-08-30 01:09:41 EXEC SPC_VOCABULARY_LST2 '2','3','ndq809';
2018-08-30 01:09:57 EXEC SPC_VOCABULARY_LST1 '2','ndq809';
2018-08-30 01:09:57 EXEC SPC_COMMON_GROUP '2';
2018-08-30 01:09:57 EXEC SPC_VOCABULARY_LST2 '2','3','ndq809';
2018-08-30 01:12:42 EXEC SPC_VOCABULARY_LST1 '1','ndq809';
2018-08-30 01:12:42 EXEC SPC_COMMON_GROUP '2';
2018-08-30 01:12:43 EXEC SPC_VOCABULARY_LST2 '2','3','ndq809';
2018-08-30 01:12:45 EXEC SPC_VOCABULARY_LST1 '1','ndq809';
2018-08-30 01:12:46 EXEC SPC_COMMON_GROUP '2';
2018-08-30 01:12:46 EXEC SPC_VOCABULARY_LST2 '2','3','ndq809';
2018-08-30 01:12:49 EXEC SPC_VOCABULARY_LST1 '1','ndq809';
2018-08-30 01:12:49 EXEC SPC_COMMON_GROUP '2';
2018-08-30 01:12:49 EXEC SPC_VOCABULARY_LST2 '2','3','ndq809';
2018-08-30 01:13:05 EXEC SPC_VOCABULARY_LST2 '2','1','ndq809';
2018-08-30 01:13:08 EXEC SPC_VOCABULARY_LST2 '2','3','ndq809';
2018-08-30 01:16:11 EXEC SPC_VOCABULARY_LST1 '1','ndq809';
2018-08-30 01:16:29 EXEC SPC_VOCABULARY_LST1 '1','ndq809';
2018-08-30 01:16:30 EXEC SPC_COMMON_GROUP '2';
2018-08-30 01:16:30 EXEC SPC_VOCABULARY_LST2 '2','3','ndq809';
2018-08-30 01:18:48 EXEC SPC_VOCABULARY_LST1 '2','ndq809';
2018-08-30 01:18:48 EXEC SPC_COMMON_GROUP '2';
2018-08-30 01:18:52 EXEC SPC_VOCABULARY_LST2 '2','3','ndq809';
2018-08-30 01:19:07 EXEC SPC_VOCABULARY_LST1 '1','ndq809';
2018-08-30 01:19:08 EXEC SPC_COMMON_GROUP '2';
2018-08-30 01:19:08 EXEC SPC_VOCABULARY_LST2 '2','3','ndq809';
2018-08-30 01:19:14 EXEC SPC_VOCABULARY_LST1 '2','ndq809';
2018-08-30 01:19:15 EXEC SPC_COMMON_GROUP '2';
2018-08-30 01:19:15 EXEC SPC_VOCABULARY_LST2 '2','3','ndq809';
2018-08-30 01:23:29 EXEC SPC_VOCABULARY_LST1 '2','ndq809';
2018-08-30 01:23:30 EXEC SPC_COMMON_GROUP '2';
2018-08-30 01:23:30 EXEC SPC_VOCABULARY_LST2 '2','3','ndq809';
2018-08-30 01:27:41 EXEC SPC_VOCABULARY_LST1 '1','ndq809';
2018-08-30 01:27:42 EXEC SPC_COMMON_GROUP '2';
2018-08-30 01:27:42 EXEC SPC_VOCABULARY_LST2 '2','3','ndq809';
2018-08-30 01:27:59 EXEC SPC_VOCABULARY_LST1 '2','ndq809';
2018-08-30 01:27:59 EXEC SPC_COMMON_GROUP '2';
2018-08-30 01:28:00 EXEC SPC_VOCABULARY_LST2 '2','3','ndq809';
2018-08-30 01:28:36 EXEC SPC_VOCABULARY_LST1 '2','ndq809';
2018-08-30 01:28:36 EXEC SPC_COMMON_GROUP '2';
2018-08-30 01:28:37 EXEC SPC_VOCABULARY_LST2 '2','3','ndq809';
2018-08-30 01:28:49 EXEC SPC_VOCABULARY_LST1 '2','ndq809';
2018-08-30 01:28:50 EXEC SPC_COMMON_GROUP '2';
2018-08-30 01:28:50 EXEC SPC_VOCABULARY_LST2 '2','3','ndq809';
2018-08-30 01:29:35 EXEC SPC_VOCABULARY_LST1 '1','ndq809';
2018-08-30 01:29:35 EXEC SPC_COMMON_GROUP '2';
2018-08-30 01:29:35 EXEC SPC_VOCABULARY_LST2 '2','3','ndq809';
2018-08-30 01:51:03 EXEC SPC_VOCABULARY_LST1 '1','ndq809';
2018-08-30 01:51:03 EXEC SPC_COMMON_GROUP '2';
2018-08-30 01:51:04 EXEC SPC_VOCABULARY_LST2 '2','3','ndq809';
2018-08-30 01:53:26 EXEC SPC_VOCABULARY_LST1 '1','ndq809';
2018-08-30 01:53:27 EXEC SPC_COMMON_GROUP '2';
2018-08-30 01:53:27 EXEC SPC_VOCABULARY_LST2 '2','3','ndq809';
2018-08-30 01:53:52 EXEC SPC_VOCABULARY_LST1 '1','ndq809';
2018-08-30 01:53:53 EXEC SPC_COMMON_GROUP '2';
2018-08-30 01:53:53 EXEC SPC_VOCABULARY_LST2 '2','3','ndq809';
2018-08-30 01:58:09 EXEC SPC_VOCABULARY_LST1 '2','ndq809';
2018-08-30 01:58:09 EXEC SPC_COMMON_GROUP '2';
2018-08-30 01:58:10 EXEC SPC_VOCABULARY_LST2 '2','3','ndq809';
2018-08-30 02:13:15 EXEC SPC_VOCABULARY_LST1 '1','ndq809';
2018-08-30 02:13:16 EXEC SPC_COMMON_GROUP '2';
2018-08-30 02:13:16 EXEC SPC_VOCABULARY_LST2 '2','3','ndq809';
2018-08-30 02:13:22 EXEC SPC_VOCABULARY_LST1 '2','ndq809';
2018-08-30 02:13:23 EXEC SPC_COMMON_GROUP '2';
2018-08-30 02:13:23 EXEC SPC_VOCABULARY_LST2 '2','3','ndq809';
2018-08-30 02:13:26 EXEC SPC_VOCABULARY_LST1 '2','ndq809';
2018-08-30 02:13:26 EXEC SPC_COMMON_GROUP '2';
2018-08-30 02:13:26 EXEC SPC_VOCABULARY_LST2 '2','3','ndq809';
2018-08-30 02:13:37 EXEC SPC_VOCABULARY_LST2 '2','1','ndq809';
2018-08-30 02:13:39 EXEC SPC_VOCABULARY_LST2 '2','3','ndq809';
2018-08-30 02:13:46 EXEC SPC_VOCABULARY_LST2 '2','1','ndq809';
2018-08-30 02:13:50 EXEC SPC_VOCABULARY_LST2 '2','3','ndq809';
2018-08-30 02:15:12 EXEC SPC_VOCABULARY_LST1 '','ndq809';
2018-08-30 02:15:13 EXEC SPC_COMMON_GROUP '2';
2018-08-30 02:15:13 EXEC SPC_VOCABULARY_LST2 '2','1','ndq809';
2018-08-30 02:15:24 EXEC SPC_COM_DELETE_LESSON '51','ndq809','127.0.0.1';
2018-08-30 02:15:25 EXEC SPC_COMMON_GROUP '2';
2018-08-30 02:15:25 EXEC SPC_VOCABULARY_LST2 '2','3','ndq809';
2018-08-30 02:15:28 EXEC SPC_VOCABULARY_LST1 '','ndq809';
2018-08-30 02:15:28 EXEC SPC_COMMON_GROUP '2';
2018-08-30 02:15:28 EXEC SPC_VOCABULARY_LST2 '2','3','ndq809';
2018-08-30 02:15:31 EXEC SPC_VOCABULARY_LST1 '','ndq809';
2018-08-30 02:15:32 EXEC SPC_COMMON_GROUP '2';
2018-08-30 02:15:32 EXEC SPC_VOCABULARY_LST2 '2','3','ndq809';
2018-08-30 02:15:45 EXEC SPC_VOCABULARY_LST1 '1','ndq809';
2018-08-30 02:15:45 EXEC SPC_COMMON_GROUP '2';
2018-08-30 02:15:46 EXEC SPC_VOCABULARY_LST2 '2','3','ndq809';
2018-08-30 02:15:51 EXEC SPC_VOCABULARY_LST1 '2','ndq809';
2018-08-30 02:15:51 EXEC SPC_COMMON_GROUP '2';
2018-08-30 02:15:51 EXEC SPC_VOCABULARY_LST2 '2','3','ndq809';
2018-08-30 02:16:01 EXEC SPC_VOCABULARY_LST1 '3','ndq809';
2018-08-30 02:16:01 EXEC SPC_COMMON_GROUP '2';
2018-08-30 02:16:02 EXEC SPC_VOCABULARY_LST2 '2','3','ndq809';
2018-08-30 02:16:42 EXEC SPC_VOCABULARY_LST1 '3','ndq809';
2018-08-30 02:16:43 EXEC SPC_COMMON_GROUP '2';
2018-08-30 02:16:43 EXEC SPC_VOCABULARY_LST2 '2','3','ndq809';
2018-08-30 02:20:17 EXEC SPC_VOCABULARY_LST1 '3','ndq809';
2018-08-30 02:20:18 EXEC SPC_COMMON_GROUP '2';
2018-08-30 02:20:18 EXEC SPC_VOCABULARY_LST2 '2','3','ndq809';
2018-08-30 02:20:21 EXEC SPC_VOCABULARY_LST1 '3','ndq809';
2018-08-30 02:20:22 EXEC SPC_COMMON_GROUP '2';
2018-08-30 02:20:22 EXEC SPC_VOCABULARY_LST2 '2','3','ndq809';
2018-08-30 02:23:03 EXEC SPC_VOCABULARY_LST1 '3','ndq809';
2018-08-30 02:23:04 EXEC SPC_COMMON_GROUP '2';
2018-08-30 02:23:04 EXEC SPC_VOCABULARY_LST2 '2','3','ndq809';
2018-08-30 02:23:08 EXEC SPC_VOCABULARY_LST1 '3','ndq809';
2018-08-30 02:23:09 EXEC SPC_COMMON_GROUP '2';
2018-08-30 02:23:09 EXEC SPC_VOCABULARY_LST2 '2','3','ndq809';
2018-08-30 02:23:26 EXEC SPC_VOCABULARY_LST1 '1','ndq809';
2018-08-30 02:23:27 EXEC SPC_COMMON_GROUP '2';
2018-08-30 02:23:27 EXEC SPC_VOCABULARY_LST2 '2','3','ndq809';
2018-08-30 02:23:32 EXEC SPC_VOCABULARY_LST1 '3','ndq809';
2018-08-30 02:23:32 EXEC SPC_COMMON_GROUP '2';
2018-08-30 02:23:33 EXEC SPC_VOCABULARY_LST2 '2','3','ndq809';
2018-08-30 02:24:00 EXEC SPC_VOCABULARY_LST1 '3','ndq809';
2018-08-30 02:24:01 EXEC SPC_COMMON_GROUP '2';
2018-08-30 02:24:01 EXEC SPC_VOCABULARY_LST2 '2','3','ndq809';
2018-08-30 02:25:43 EXEC SPC_VOCABULARY_LST1 '3','ndq809';
2018-08-30 02:25:44 EXEC SPC_COMMON_GROUP '2';
2018-08-30 02:25:44 EXEC SPC_VOCABULARY_LST2 '2','3','ndq809';
2018-08-30 02:25:50 EXEC SPC_VOCABULARY_LST1 '3','ndq809';
2018-08-30 02:25:50 EXEC SPC_COMMON_GROUP '2';
2018-08-30 02:25:50 EXEC SPC_VOCABULARY_LST2 '2','3','ndq809';
2018-08-30 02:25:54 EXEC SPC_VOCABULARY_LST1 '3','ndq809';
2018-08-30 02:25:55 EXEC SPC_COMMON_GROUP '2';
2018-08-30 02:25:55 EXEC SPC_VOCABULARY_LST2 '2','3','ndq809';
2018-08-30 02:26:30 EXEC SPC_VOCABULARY_LST1 '3','ndq809';
2018-08-30 02:26:31 EXEC SPC_COMMON_GROUP '2';
2018-08-30 02:26:31 EXEC SPC_VOCABULARY_LST2 '2','3','ndq809';
2018-08-30 02:27:18 EXEC SPC_VOCABULARY_LST1 '3','ndq809';
2018-08-30 02:27:19 EXEC SPC_COMMON_GROUP '2';
2018-08-30 02:27:19 EXEC SPC_VOCABULARY_LST2 '2','3','ndq809';
2018-08-30 02:27:30 EXEC SPC_VOCABULARY_LST1 '3','ndq809';
2018-08-30 02:27:31 EXEC SPC_COMMON_GROUP '2';
2018-08-30 02:27:31 EXEC SPC_VOCABULARY_LST2 '2','3','ndq809';
2018-08-30 02:27:42 EXEC SPC_COM_REMEMBER '1','2','1','1','ndq809','127.0.0.1';
2018-08-30 02:28:26 EXEC SPC_VOCABULARY_LST1 '1','ndq809';
2018-08-30 02:28:27 EXEC SPC_COMMON_GROUP '2';
2018-08-30 02:28:27 EXEC SPC_VOCABULARY_LST2 '2','3','ndq809';
2018-08-30 02:28:42 EXEC SPC_VOCABULARY_LST1 '1','ndq809';
2018-08-30 02:28:42 EXEC SPC_COMMON_GROUP '2';
2018-08-30 02:28:43 EXEC SPC_VOCABULARY_LST2 '2','3','ndq809';
2018-08-30 02:28:46 EXEC SPC_COM_ADD_LESSON '1','2','3','ndq809','127.0.0.1';
2018-08-30 02:28:54 EXEC SPC_VOCABULARY_LST1 '3','ndq809';
2018-08-30 02:28:55 EXEC SPC_COMMON_GROUP '2';
2018-08-30 02:28:55 EXEC SPC_VOCABULARY_LST2 '2','3','ndq809';
2018-08-30 02:29:55 EXEC SPC_VOCABULARY_LST1 '3','ndq809';
2018-08-30 02:29:55 EXEC SPC_COMMON_GROUP '2';
2018-08-30 02:29:56 EXEC SPC_VOCABULARY_LST2 '2','3','ndq809';
2018-08-30 02:30:01 EXEC SPC_VOCABULARY_LST1 '3','ndq809';
2018-08-30 02:30:02 EXEC SPC_COMMON_GROUP '2';
2018-08-30 02:30:02 EXEC SPC_VOCABULARY_LST2 '2','3','ndq809';
2018-08-30 02:30:33 EXEC SPC_VOCABULARY_LST1 '3','ndq809';
2018-08-30 02:30:34 EXEC SPC_COMMON_GROUP '2';
2018-08-30 02:30:34 EXEC SPC_VOCABULARY_LST2 '2','3','ndq809';
2018-08-30 02:30:46 EXEC SPC_COM_REMEMBER '1','2','2','2','ndq809','127.0.0.1';
2018-08-30 02:30:48 EXEC SPC_VOCABULARY_LST1 '3','ndq809';
2018-08-30 02:30:48 EXEC SPC_COMMON_GROUP '2';
2018-08-30 02:30:49 EXEC SPC_VOCABULARY_LST2 '2','3','ndq809';
2018-08-30 02:31:14 EXEC SPC_VOCABULARY_LST1 '3','ndq809';
2018-08-30 02:31:14 EXEC SPC_COMMON_GROUP '2';
2018-08-30 02:31:14 EXEC SPC_VOCABULARY_LST2 '2','3','ndq809';
2018-08-30 02:33:37 EXEC SPC_VOCABULARY_LST1 '3','ndq809';
2018-08-30 02:33:38 EXEC SPC_COMMON_GROUP '2';
2018-08-30 02:33:38 EXEC SPC_VOCABULARY_LST2 '2','3','ndq809';
2018-08-30 02:35:16 EXEC SPC_VOCABULARY_LST1 '3','ndq809';
2018-08-30 02:35:17 EXEC SPC_COMMON_GROUP '2';
2018-08-30 02:35:17 EXEC SPC_VOCABULARY_LST2 '2','3','ndq809';
2018-08-30 02:36:05 EXEC SPC_VOCABULARY_LST1 '3','ndq809';
2018-08-30 02:36:06 EXEC SPC_COMMON_GROUP '2';
2018-08-30 02:36:06 EXEC SPC_VOCABULARY_LST2 '2','3','ndq809';
2018-08-30 02:36:31 EXEC SPC_VOCABULARY_LST1 '3','ndq809';
2018-08-30 02:36:32 EXEC SPC_COMMON_GROUP '2';
2018-08-30 02:36:32 EXEC SPC_VOCABULARY_LST2 '2','3','ndq809';
2018-08-30 02:38:04 EXEC SPC_VOCABULARY_LST1 '1','ndq809';
2018-08-30 02:38:05 EXEC SPC_COMMON_GROUP '2';
2018-08-30 02:38:05 EXEC SPC_VOCABULARY_LST2 '2','3','ndq809';
2018-08-30 02:38:11 EXEC SPC_VOCABULARY_LST1 '3','ndq809';
2018-08-30 02:38:11 EXEC SPC_COMMON_GROUP '2';
2018-08-30 02:38:12 EXEC SPC_VOCABULARY_LST2 '2','3','ndq809';
2018-08-30 02:38:22 EXEC SPC_COM_FORGET '1','1','2';
2018-08-30 02:38:35 EXEC SPC_VOCABULARY_LST1 '1','ndq809';
2018-08-30 02:38:36 EXEC SPC_COMMON_GROUP '2';
2018-08-30 02:38:36 EXEC SPC_VOCABULARY_LST2 '2','3','ndq809';
2018-08-30 02:40:13 EXEC SPC_VOCABULARY_LST1 '3','ndq809';
2018-08-30 02:40:14 EXEC SPC_COMMON_GROUP '2';
2018-08-30 02:40:14 EXEC SPC_VOCABULARY_LST2 '2','3','ndq809';
2018-08-30 02:40:42 EXEC SPC_VOCABULARY_LST1 '2','ndq809';
2018-08-30 02:40:43 EXEC SPC_COMMON_GROUP '2';
2018-08-30 02:40:43 EXEC SPC_VOCABULARY_LST2 '2','3','ndq809';
2018-08-30 02:40:50 EXEC SPC_VOCABULARY_LST1 '3','ndq809';
2018-08-30 02:40:51 EXEC SPC_COMMON_GROUP '2';
2018-08-30 02:40:51 EXEC SPC_VOCABULARY_LST2 '2','3','ndq809';
2018-08-30 02:42:29 EXEC SPC_VOCABULARY_LST1 '3','ndq809';
2018-08-30 02:42:30 EXEC SPC_COMMON_GROUP '2';
2018-08-30 02:42:30 EXEC SPC_VOCABULARY_LST2 '2','3','ndq809';
2018-08-30 02:44:51 EXEC SPC_VOCABULARY_LST1 '2','ndq809';
2018-08-30 02:44:52 EXEC SPC_COMMON_GROUP '2';
2018-08-30 02:44:52 EXEC SPC_VOCABULARY_LST2 '2','3','ndq809';
2018-08-30 02:44:59 EXEC SPC_VOCABULARY_LST1 '3','ndq809';
2018-08-30 02:44:59 EXEC SPC_COMMON_GROUP '2';
2018-08-30 02:45:00 EXEC SPC_VOCABULARY_LST2 '2','3','ndq809';
2018-08-30 02:45:07 EXEC SPC_VOCABULARY_LST1 '1','ndq809';
2018-08-30 02:45:08 EXEC SPC_COMMON_GROUP '2';
2018-08-30 02:45:08 EXEC SPC_VOCABULARY_LST2 '2','3','ndq809';
2018-08-30 02:45:14 EXEC SPC_VOCABULARY_LST1 '3','ndq809';
2018-08-30 02:45:14 EXEC SPC_COMMON_GROUP '2';
2018-08-30 02:45:15 EXEC SPC_VOCABULARY_LST2 '2','3','ndq809';
2018-08-30 02:45:48 EXEC SPC_VOCABULARY_LST1 '3','ndq809';
2018-08-30 02:45:48 EXEC SPC_COMMON_GROUP '2';
2018-08-30 02:45:49 EXEC SPC_VOCABULARY_LST2 '2','3','ndq809';
2018-08-30 02:49:25 EXEC SPC_VOCABULARY_LST1 '3','ndq809';
2018-08-30 02:49:26 EXEC SPC_COMMON_GROUP '2';
2018-08-30 02:49:26 EXEC SPC_VOCABULARY_LST2 '2','3','ndq809';
2018-08-30 02:49:32 EXEC SPC_VOCABULARY_LST1 '1','ndq809';
2018-08-30 02:49:32 EXEC SPC_COMMON_GROUP '2';
2018-08-30 02:49:33 EXEC SPC_VOCABULARY_LST2 '2','3','ndq809';
2018-08-30 02:49:38 EXEC SPC_VOCABULARY_LST1 '3','ndq809';
2018-08-30 02:49:39 EXEC SPC_COMMON_GROUP '2';
2018-08-30 02:49:39 EXEC SPC_VOCABULARY_LST2 '2','3','ndq809';
2018-08-30 02:51:16 EXEC SPC_VOCABULARY_LST1 '3','ndq809';
2018-08-30 02:51:17 EXEC SPC_COMMON_GROUP '2';
2018-08-30 02:51:17 EXEC SPC_VOCABULARY_LST2 '2','3','ndq809';
2018-08-30 02:51:28 EXEC SPC_VOCABULARY_LST2 '2','1','ndq809';
2018-08-30 02:51:30 EXEC SPC_VOCABULARY_LST2 '2','3','ndq809';
2018-08-30 02:51:49 EXEC SPC_VOCABULARY_LST2 '2','1','ndq809';
2018-08-30 02:51:50 EXEC SPC_VOCABULARY_LST2 '2','3','ndq809';
2018-08-30 02:52:01 EXEC SPC_COM_ADD_LESSON '1','2','3','ndq809','127.0.0.1';
2018-08-30 02:52:15 EXEC SPC_VOCABULARY_LST1 '2','ndq809';
2018-08-30 02:52:15 EXEC SPC_COMMON_GROUP '2';
2018-08-30 02:52:16 EXEC SPC_VOCABULARY_LST2 '2','3','ndq809';
2018-08-30 02:52:24 EXEC SPC_VOCABULARY_LST1 '1','ndq809';
2018-08-30 02:52:25 EXEC SPC_COMMON_GROUP '2';
2018-08-30 02:52:25 EXEC SPC_VOCABULARY_LST2 '2','3','ndq809';
2018-08-30 02:52:29 EXEC SPC_VOCABULARY_LST1 '2','ndq809';
2018-08-30 02:52:30 EXEC SPC_COMMON_GROUP '2';
2018-08-30 02:52:30 EXEC SPC_VOCABULARY_LST2 '2','3','ndq809';
2018-08-30 02:53:34 EXEC SPC_VOCABULARY_LST2 '2','1','ndq809';
2018-08-30 02:53:40 EXEC SPC_VOCABULARY_LST2 '2','3','ndq809';
2018-08-30 02:53:43 EXEC SPC_VOCABULARY_LST2 '2','1','ndq809';
2018-08-30 02:53:57 EXEC SPC_COM_PERMISSION '1','w002';
2018-08-30 02:53:57 EXEC SPC_COM_MENU '1';
2018-08-30 02:53:57 EXEC SPC_W002_FND1
2018-08-30 02:53:59 EXEC SPC_COM_MENU '1';
2018-08-30 02:53:59 EXEC SPC_COMMON_CATALORUE '1';
2018-08-30 02:54:01 EXEC SPC_COM_MENU '1';
2018-08-30 02:54:01 EXEC SPC_COMMON_GROUP '2';
2018-08-30 02:54:09 EXEC SPC_COM_MENU '1';
2018-08-30 02:54:09 EXEC SPC_COM_M999_INQ1 '8';
2018-08-30 02:54:10 EXEC SPC_COM_MENU '1';
2018-08-30 02:54:10 EXEC SPC_p003_LST1 '','','','50';
2018-08-30 02:54:13 EXEC SPC_COM_MENU '1';
2018-08-30 02:54:13 EXEC SPC_w002_ACT1 '','1','2','1','','','','','0','<row row_id="0" vocabulary_code="1" vocabulary_div="1" vocabulary_nm="Hello" spelling="helou" mean="Xin chào" explain="say when meet someone" />','','ndq809','127.0.0.1';
2018-08-30 02:54:15 EXEC SPC_COM_MENU '1';
2018-08-30 02:54:15 EXEC SPC_W002_LST1 '2';
2018-08-30 02:54:15 EXEC SPC_COM_MENU '1';
2018-08-30 02:54:15 EXEC SPC_COMMON_CATALORUE '1';
2018-08-30 02:54:16 EXEC SPC_COM_MENU '1';
2018-08-30 02:54:16 EXEC SPC_COMMON_GROUP '2';
2018-08-30 02:54:22 EXEC SPC_VOCABULARY_LST1 '2','ndq809';
2018-08-30 02:54:23 EXEC SPC_COMMON_GROUP '2';
2018-08-30 02:54:23 EXEC SPC_VOCABULARY_LST2 '2','3','ndq809';
2018-08-30 02:54:27 EXEC SPC_VOCABULARY_LST2 '2','1','ndq809';
2018-08-30 02:54:37 EXEC SPC_VOCABULARY_LST2 '2','3','ndq809';
2018-08-30 02:54:41 EXEC SPC_VOCABULARY_LST2 '2','1','ndq809';
2018-08-30 02:54:44 EXEC SPC_VOCABULARY_LST2 '2','3','ndq809';
2018-08-30 02:54:49 EXEC SPC_VOCABULARY_LST2 '2','1','ndq809';
2018-08-30 02:54:51 EXEC SPC_VOCABULARY_LST2 '2','3','ndq809';
2018-08-30 02:55:01 EXEC SPC_VOCABULARY_LST2 '2','1','ndq809';
2018-08-30 02:55:09 EXEC SPC_VOCABULARY_LST2 '2','3','ndq809';
2018-08-30 02:55:14 EXEC SPC_VOCABULARY_LST2 '2','1','ndq809';
2018-08-30 02:55:15 EXEC SPC_VOCABULARY_LST2 '2','3','ndq809';
2018-08-30 02:55:20 EXEC SPC_VOCABULARY_LST2 '2','1','ndq809';
2018-08-30 04:01:48 EXEC SPC_VOCABULARY_LST1 '1','ndq809';
2018-08-30 04:01:49 EXEC SPC_COMMON_GROUP '2';
2018-08-30 04:01:50 EXEC SPC_VOCABULARY_LST2 '2','3','ndq809';
2018-08-30 04:02:06 EXEC SPC_VOCABULARY_LST1 '3','ndq809';
2018-08-30 04:02:07 EXEC SPC_COMMON_GROUP '2';
2018-08-30 04:02:07 EXEC SPC_VOCABULARY_LST2 '2','3','ndq809';
2018-08-30 04:02:15 EXEC SPC_VOCABULARY_LST2 '2','1','ndq809';
2018-08-30 04:03:53 EXEC SPC_VOCABULARY_LST1 '1','ndq809';
2018-08-30 04:03:54 EXEC SPC_COMMON_GROUP '2';
2018-08-30 04:03:54 EXEC SPC_VOCABULARY_LST2 '2','3','ndq809';
2018-08-30 04:04:02 EXEC SPC_VOCABULARY_LST1 '3','ndq809';
2018-08-30 04:04:03 EXEC SPC_COMMON_GROUP '2';
2018-08-30 04:04:03 EXEC SPC_VOCABULARY_LST2 '2','3','ndq809';
2018-08-30 04:04:05 EXEC SPC_VOCABULARY_LST2 '2','1','ndq809';
2018-08-30 04:04:48 EXEC SPC_VOCABULARY_LST1 '1','ndq809';
2018-08-30 04:04:49 EXEC SPC_COMMON_GROUP '2';
2018-08-30 04:04:49 EXEC SPC_VOCABULARY_LST2 '2','3','ndq809';
2018-08-30 04:04:52 EXEC SPC_VOCABULARY_LST2 '2','1','ndq809';
2018-08-30 04:04:55 EXEC SPC_VOCABULARY_LST2 '2','3','ndq809';
2018-08-30 04:05:01 EXEC SPC_VOCABULARY_LST2 '2','1','ndq809';
2018-08-30 04:08:55 EXEC SPC_VOCABULARY_LST1 '2','ndq809';
2018-08-30 04:08:56 EXEC SPC_COMMON_GROUP '2';
2018-08-30 04:08:56 EXEC SPC_VOCABULARY_LST2 '2','3','ndq809';
2018-08-30 04:09:26 EXEC SPC_VOCABULARY_LST1 '3','ndq809';
2018-08-30 04:09:26 EXEC SPC_COMMON_GROUP '2';
2018-08-30 04:09:27 EXEC SPC_VOCABULARY_LST2 '2','3','ndq809';
2018-08-30 04:09:30 EXEC SPC_VOCABULARY_LST2 '2','1','ndq809';
2018-08-30 04:10:18 EXEC SPC_VOCABULARY_LST1 '3','ndq809';
2018-08-30 04:10:19 EXEC SPC_COMMON_GROUP '2';
2018-08-30 04:10:19 EXEC SPC_VOCABULARY_LST2 '2','3','ndq809';
2018-08-30 04:10:22 EXEC SPC_VOCABULARY_LST2 '2','1','ndq809';
2018-08-30 04:10:38 EXEC SPC_VOCABULARY_LST2 '2','3','ndq809';
2018-08-30 04:10:42 EXEC SPC_COM_ADD_LESSON '1','2','3','ndq809','127.0.0.1';
2018-08-30 04:10:49 EXEC SPC_VOCABULARY_LST2 '2','1','ndq809';
2018-08-30 04:10:52 EXEC SPC_VOCABULARY_LST2 '2','3','ndq809';
2018-08-30 04:11:04 EXEC SPC_VOCABULARY_LST2 '2','1','ndq809';
2018-08-30 04:11:24 EXEC SPC_VOCABULARY_LST1 '1','ndq809';
2018-08-30 04:11:25 EXEC SPC_COMMON_GROUP '2';
2018-08-30 04:11:25 EXEC SPC_VOCABULARY_LST2 '2','3','ndq809';
2018-08-30 04:11:37 EXEC SPC_VOCABULARY_LST2 '2','1','ndq809';
2018-08-30 04:11:38 EXEC SPC_VOCABULARY_LST2 '2','3','ndq809';
2018-08-30 04:11:53 EXEC SPC_VOCABULARY_LST2 '2','1','ndq809';
2018-08-30 04:11:54 EXEC SPC_VOCABULARY_LST2 '2','3','ndq809';
2018-08-30 04:13:53 EXEC SPC_VOCABULARY_LST1 '1','ndq809';
2018-08-30 04:14:39 EXEC SPC_VOCABULARY_LST1 '1','ndq809';
2018-08-30 04:15:17 EXEC SPC_VOCABULARY_LST1 '1','ndq809';
2018-08-30 04:15:27 EXEC SPC_VOCABULARY_LST1 '1','ndq809';
2018-08-30 04:15:28 EXEC SPC_COMMON_GROUP '2';
2018-08-30 04:15:28 EXEC SPC_VOCABULARY_LST2 '2','3','ndq809';
2018-08-30 04:15:35 EXEC SPC_VOCABULARY_LST1 '1','ndq809';
2018-08-30 04:15:36 EXEC SPC_COMMON_GROUP '2';
2018-08-30 04:15:36 EXEC SPC_VOCABULARY_LST2 '2','3','ndq809';
2018-08-30 04:16:14 EXEC SPC_VOCABULARY_LST1 '1','ndq809';
2018-08-30 04:16:14 EXEC SPC_COMMON_GROUP '2';
2018-08-30 04:16:15 EXEC SPC_VOCABULARY_LST2 '2','3','ndq809';
2018-08-30 04:16:21 EXEC SPC_VOCABULARY_LST2 '2','1','ndq809';
2018-08-30 04:16:24 EXEC SPC_VOCABULARY_LST2 '2','3','ndq809';
2018-08-30 04:16:27 EXEC SPC_VOCABULARY_LST1 '3','ndq809';
2018-08-30 04:16:28 EXEC SPC_COMMON_GROUP '2';
2018-08-30 04:16:28 EXEC SPC_VOCABULARY_LST2 '2','3','ndq809';
2018-08-30 04:16:33 EXEC SPC_VOCABULARY_LST2 '2','1','ndq809';
2018-08-30 04:18:27 EXEC SPC_VOCABULARY_LST1 '3','ndq809';
2018-08-30 04:18:28 EXEC SPC_COMMON_GROUP '2';
2018-08-30 04:18:28 EXEC SPC_VOCABULARY_LST2 '2','3','ndq809';
2018-08-30 04:18:32 EXEC SPC_VOCABULARY_LST2 '2','1','ndq809';
2018-08-30 04:18:37 EXEC SPC_VOCABULARY_LST2 '2','3','ndq809';
2018-08-30 04:18:44 EXEC SPC_VOCABULARY_LST2 '2','1','ndq809';
2018-08-30 04:18:46 EXEC SPC_VOCABULARY_LST2 '2','3','ndq809';
2018-08-30 04:18:53 EXEC SPC_VOCABULARY_LST1 '3','ndq809';
2018-08-30 04:18:54 EXEC SPC_COMMON_GROUP '2';
2018-08-30 04:18:54 EXEC SPC_VOCABULARY_LST2 '2','3','ndq809';
2018-08-30 04:19:17 EXEC SPC_VOCABULARY_LST2 '2','1','ndq809';
2018-08-30 04:23:20 EXEC SPC_VOCABULARY_LST1 '1','ndq809';
2018-08-30 04:23:21 EXEC SPC_COMMON_GROUP '2';
2018-08-30 04:23:21 EXEC SPC_VOCABULARY_LST2 '2','3','ndq809';
2018-08-30 04:24:05 EXEC SPC_VOCABULARY_LST1 '1','ndq809';
2018-08-30 04:24:05 EXEC SPC_COMMON_GROUP '2';
2018-08-30 04:24:06 EXEC SPC_VOCABULARY_LST2 '2','3','ndq809';
2018-08-30 04:24:25 EXEC SPC_VOCABULARY_LST1 '2','ndq809';
2018-08-30 04:24:25 EXEC SPC_COMMON_GROUP '2';
2018-08-30 04:24:26 EXEC SPC_VOCABULARY_LST2 '2','3','ndq809';
2018-08-30 04:24:39 EXEC SPC_VOCABULARY_LST2 '2','1','ndq809';
2018-08-30 04:24:43 EXEC SPC_VOCABULARY_LST2 '2','3','ndq809';
2018-08-30 04:25:09 EXEC SPC_VOCABULARY_LST1 '2','ndq809';
2018-08-30 04:25:09 EXEC SPC_COMMON_GROUP '2';
2018-08-30 04:25:10 EXEC SPC_VOCABULARY_LST2 '2','3','ndq809';
2018-08-30 04:25:26 EXEC SPC_VOCABULARY_LST1 '3','ndq809';
2018-08-30 04:25:26 EXEC SPC_COMMON_GROUP '2';
2018-08-30 04:25:27 EXEC SPC_VOCABULARY_LST2 '2','3','ndq809';
2018-08-30 04:25:40 EXEC SPC_VOCABULARY_LST1 '3','ndq809';
2018-08-30 04:25:40 EXEC SPC_COMMON_GROUP '2';
2018-08-30 04:25:41 EXEC SPC_VOCABULARY_LST2 '2','3','ndq809';
2018-08-30 04:25:49 EXEC SPC_VOCABULARY_LST2 '2','1','ndq809';
2018-08-30 04:26:23 EXEC SPC_VOCABULARY_LST1 '1','ndq809';
2018-08-30 04:26:24 EXEC SPC_COMMON_GROUP '2';
2018-08-30 04:26:24 EXEC SPC_VOCABULARY_LST2 '2','3','ndq809';
2018-08-30 04:26:28 EXEC SPC_VOCABULARY_LST2 '2','1','ndq809';
2018-08-30 04:26:30 EXEC SPC_VOCABULARY_LST2 '2','3','ndq809';
2018-08-30 04:26:33 EXEC SPC_VOCABULARY_LST2 '2','1','ndq809';
2018-08-30 04:26:35 EXEC SPC_VOCABULARY_LST2 '2','3','ndq809';
2018-08-30 04:26:45 EXEC SPC_VOCABULARY_LST2 '2','1','ndq809';
2018-08-30 04:27:03 EXEC SPC_VOCABULARY_LST1 '1','ndq809';
2018-08-30 04:27:03 EXEC SPC_COMMON_GROUP '2';
2018-08-30 04:27:04 EXEC SPC_VOCABULARY_LST2 '2','3','ndq809';
2018-08-30 04:27:09 EXEC SPC_VOCABULARY_LST2 '2','1','ndq809';
2018-08-30 04:27:16 EXEC SPC_VOCABULARY_LST1 '1','ndq809';
2018-08-30 04:27:17 EXEC SPC_COMMON_GROUP '2';
2018-08-30 04:27:17 EXEC SPC_VOCABULARY_LST2 '2','3','ndq809';
2018-08-30 04:27:20 EXEC SPC_VOCABULARY_LST2 '2','1','ndq809';
2018-08-30 04:27:23 EXEC SPC_VOCABULARY_LST2 '2','3','ndq809';
2018-08-30 04:27:34 EXEC SPC_VOCABULARY_LST1 '3','ndq809';
2018-08-30 04:27:35 EXEC SPC_COMMON_GROUP '2';
2018-08-30 04:27:35 EXEC SPC_VOCABULARY_LST2 '2','3','ndq809';
2018-08-30 04:27:42 EXEC SPC_VOCABULARY_LST2 '2','1','ndq809';
2018-08-30 04:27:45 EXEC SPC_VOCABULARY_LST1 '1','ndq809';
2018-08-30 04:27:45 EXEC SPC_COMMON_GROUP '2';
2018-08-30 04:27:45 EXEC SPC_VOCABULARY_LST2 '2','3','ndq809';
2018-08-30 04:29:09 EXEC SPC_VOCABULARY_LST2 '2','1','ndq809';
2018-08-30 04:29:12 EXEC SPC_VOCABULARY_LST2 '2','3','ndq809';
2018-08-30 04:29:21 EXEC SPC_VOCABULARY_LST2 '2','1','ndq809';
2018-08-30 04:29:36 EXEC SPC_VOCABULARY_LST2 '2','3','ndq809';
2018-08-30 04:29:40 EXEC SPC_COM_REMEMBER '1','2','1','1','ndq809','127.0.0.1';
2018-08-30 04:30:00 EXEC SPC_COM_FORGET '1','1','2';
2018-08-30 04:30:34 EXEC SPC_COM_FORGET '2','2','2';
2018-08-30 04:31:34 EXEC SPC_COM_REMEMBER '1','2','2','2','ndq809','127.0.0.1';
2018-08-30 04:31:49 EXEC SPC_COM_FORGET '2','2','2';
2018-08-30 04:33:51 EXEC SPC_VOCABULARY_LST1 '3','ndq809';
2018-08-30 04:33:51 EXEC SPC_COMMON_GROUP '2';
2018-08-30 04:33:51 EXEC SPC_VOCABULARY_LST2 '2','3','ndq809';
2018-08-30 04:34:01 EXEC SPC_COM_REMEMBER '1','2','1','1','ndq809','127.0.0.1';
2018-08-30 04:35:37 EXEC SPC_VOCABULARY_LST1 '1','ndq809';
2018-08-30 04:35:37 EXEC SPC_COMMON_GROUP '2';
2018-08-30 04:35:37 EXEC SPC_VOCABULARY_LST2 '2','3','ndq809';
2018-08-30 04:35:48 EXEC SPC_COM_FORGET '1','1','2';
2018-08-30 04:35:52 EXEC SPC_COM_REMEMBER '1','2','1','1','ndq809','127.0.0.1';
2018-08-30 04:36:09 EXEC SPC_COM_FORGET '1','1','2';
2018-08-30 04:37:22 EXEC SPC_VOCABULARY_LST2 '2','1','ndq809';
2018-08-30 04:37:25 EXEC SPC_VOCABULARY_LST2 '2','3','ndq809';
2018-08-30 04:37:27 EXEC SPC_COM_REMEMBER '1','2','1','1','ndq809','127.0.0.1';
2018-08-30 04:37:32 EXEC SPC_VOCABULARY_LST2 '2','1','ndq809';
2018-08-30 04:37:41 EXEC SPC_VOCABULARY_LST2 '2','3','ndq809';
2018-08-30 04:37:49 EXEC SPC_VOCABULARY_LST2 '2','1','ndq809';
2018-08-30 04:37:52 EXEC SPC_VOCABULARY_LST2 '2','3','ndq809';
2018-08-30 04:37:54 EXEC SPC_VOCABULARY_LST2 '2','1','ndq809';
2018-08-30 04:37:57 EXEC SPC_VOCABULARY_LST2 '2','3','ndq809';
2018-08-30 04:38:06 EXEC SPC_VOCABULARY_LST2 '2','1','ndq809';
2018-08-30 04:38:14 EXEC SPC_VOCABULARY_LST1 '1','ndq809';
2018-08-30 04:38:15 EXEC SPC_COMMON_GROUP '2';
2018-08-30 04:38:15 EXEC SPC_VOCABULARY_LST2 '2','3','ndq809';
2018-08-30 04:38:17 EXEC SPC_VOCABULARY_LST2 '2','1','ndq809';
2018-08-30 04:38:48 EXEC SPC_VOCABULARY_LST1 '1','ndq809';
2018-08-30 04:38:49 EXEC SPC_COMMON_GROUP '2';
2018-08-30 04:38:49 EXEC SPC_VOCABULARY_LST2 '2','3','ndq809';
2018-08-30 04:39:07 EXEC SPC_VOCABULARY_LST2 '2','1','ndq809';
2018-08-30 04:40:10 EXEC SPC_VOCABULARY_LST2 '2','3','ndq809';
2018-08-30 04:40:29 EXEC SPC_VOCABULARY_LST2 '2','1','ndq809';
2018-08-30 04:40:41 EXEC SPC_VOCABULARY_LST2 '2','3','ndq809';
2018-08-30 04:41:18 EXEC SPC_VOCABULARY_LST1 '2','ndq809';
2018-08-30 04:41:18 EXEC SPC_COMMON_GROUP '2';
2018-08-30 04:41:19 EXEC SPC_VOCABULARY_LST2 '2','3','ndq809';
2018-08-30 04:41:30 EXEC SPC_VOCABULARY_LST1 '3','ndq809';
2018-08-30 04:41:30 EXEC SPC_COMMON_GROUP '2';
2018-08-30 04:41:31 EXEC SPC_VOCABULARY_LST2 '2','3','ndq809';
2018-08-30 04:41:51 EXEC SPC_VOCABULARY_LST1 '3','ndq809';
2018-08-30 04:41:51 EXEC SPC_COMMON_GROUP '2';
2018-08-30 04:41:52 EXEC SPC_VOCABULARY_LST2 '2','3','ndq809';
2018-08-30 04:41:54 EXEC SPC_VOCABULARY_LST2 '2','1','ndq809';
2018-08-30 04:45:59 EXEC SPC_VOCABULARY_LST1 '1','ndq809';
2018-08-30 04:46:00 EXEC SPC_COMMON_GROUP '2';
2018-08-30 04:46:00 EXEC SPC_VOCABULARY_LST2 '2','3','ndq809';
2018-08-30 04:46:44 EXEC SPC_VOCABULARY_LST1 '1','ndq809';
2018-08-30 04:46:45 EXEC SPC_COMMON_GROUP '2';
2018-08-30 04:46:45 EXEC SPC_VOCABULARY_LST2 '2','3','ndq809';
2018-08-30 04:46:53 EXEC SPC_VOCABULARY_LST2 '2','1','ndq809';
2018-08-30 04:46:57 EXEC SPC_VOCABULARY_LST2 '2','3','ndq809';
2018-08-30 04:47:30 EXEC SPC_VOCABULARY_LST1 '1','ndq809';
2018-08-30 04:47:30 EXEC SPC_COMMON_GROUP '2';
2018-08-30 04:47:30 EXEC SPC_VOCABULARY_LST2 '2','3','ndq809';
2018-08-30 04:47:35 EXEC SPC_VOCABULARY_LST2 '2','1','ndq809';
2018-08-30 04:51:26 EXEC SPC_VOCABULARY_LST1 '1','ndq809';
2018-08-30 04:51:27 EXEC SPC_COMMON_GROUP '2';
2018-08-30 04:51:27 EXEC SPC_VOCABULARY_LST2 '2','3','ndq809';
2018-08-30 04:51:34 EXEC SPC_VOCABULARY_LST1 '3','ndq809';
2018-08-30 04:51:35 EXEC SPC_COMMON_GROUP '2';
2018-08-30 04:51:35 EXEC SPC_VOCABULARY_LST2 '2','3','ndq809';
2018-08-30 04:51:45 EXEC SPC_VOCABULARY_LST2 '2','1','ndq809';
2018-08-30 04:51:51 EXEC SPC_VOCABULARY_LST1 '1','ndq809';
2018-08-30 04:51:52 EXEC SPC_COMMON_GROUP '2';
2018-08-30 04:51:52 EXEC SPC_VOCABULARY_LST2 '2','3','ndq809';
2018-08-30 04:52:00 EXEC SPC_VOCABULARY_LST1 '1','ndq809';
2018-08-30 04:52:01 EXEC SPC_COMMON_GROUP '2';
2018-08-30 04:52:01 EXEC SPC_VOCABULARY_LST2 '2','3','ndq809';
2018-08-30 04:52:24 EXEC SPC_VOCABULARY_LST1 '3','ndq809';
2018-08-30 04:52:24 EXEC SPC_COMMON_GROUP '2';
2018-08-30 04:52:25 EXEC SPC_VOCABULARY_LST2 '2','3','ndq809';
2018-08-30 04:52:29 EXEC SPC_VOCABULARY_LST2 '2','1','ndq809';
2018-08-30 04:52:40 EXEC SPC_VOCABULARY_LST1 '1','ndq809';
2018-08-30 04:52:40 EXEC SPC_COMMON_GROUP '2';
2018-08-30 04:52:41 EXEC SPC_VOCABULARY_LST2 '2','3','ndq809';
2018-08-30 04:52:55 EXEC SPC_VOCABULARY_LST2 '2','1','ndq809';
2018-08-30 04:53:33 EXEC SPC_VOCABULARY_LST2 '2','3','ndq809';
2018-08-30 04:53:49 EXEC SPC_VOCABULARY_LST2 '2','1','ndq809';
2018-08-30 04:54:20 EXEC SPC_VOCABULARY_LST2 '2','3','ndq809';
2018-08-30 04:54:26 EXEC SPC_VOCABULARY_LST2 '2','1','ndq809';
2018-08-30 04:54:28 EXEC SPC_VOCABULARY_LST2 '2','3','ndq809';
2018-08-30 04:54:35 EXEC SPC_VOCABULARY_LST2 '2','1','ndq809';
2018-08-30 04:54:37 EXEC SPC_VOCABULARY_LST2 '2','3','ndq809';
2018-08-30 04:54:51 EXEC SPC_VOCABULARY_LST2 '2','1','ndq809';
2018-08-30 04:54:54 EXEC SPC_VOCABULARY_LST2 '2','3','ndq809';
2018-08-30 04:55:44 EXEC SPC_VOCABULARY_LST1 '1','ndq809';
2018-08-30 04:55:45 EXEC SPC_COMMON_GROUP '2';
2018-08-30 04:55:45 EXEC SPC_VOCABULARY_LST2 '2','3','ndq809';
2018-08-30 04:55:51 EXEC SPC_VOCABULARY_LST1 '1','ndq809';
2018-08-30 04:55:52 EXEC SPC_COMMON_GROUP '2';
2018-08-30 04:55:52 EXEC SPC_VOCABULARY_LST2 '2','3','ndq809';
2018-08-30 04:56:19 EXEC SPC_VOCABULARY_LST2 '2','1','ndq809';
2018-08-30 04:56:31 EXEC SPC_VOCABULARY_LST1 '1','ndq809';
2018-08-30 04:56:32 EXEC SPC_COMMON_GROUP '2';
2018-08-30 04:56:32 EXEC SPC_VOCABULARY_LST2 '2','3','ndq809';
2018-08-30 04:56:37 EXEC SPC_VOCABULARY_LST1 '3','ndq809';
2018-08-30 04:56:38 EXEC SPC_COMMON_GROUP '2';
2018-08-30 04:56:38 EXEC SPC_VOCABULARY_LST2 '2','3','ndq809';
2018-08-30 04:57:08 EXEC SPC_VOCABULARY_LST1 '3','ndq809';
2018-08-30 04:57:09 EXEC SPC_COMMON_GROUP '2';
2018-08-30 04:57:09 EXEC SPC_VOCABULARY_LST2 '2','3','ndq809';
2018-08-30 04:57:16 EXEC SPC_VOCABULARY_LST2 '2','1','ndq809';
2018-08-30 05:00:21 EXEC SPC_VOCABULARY_LST2 '2','3','ndq809';
2018-08-30 05:00:29 EXEC SPC_VOCABULARY_LST2 '2','1','ndq809';
2018-08-30 05:00:30 EXEC SPC_VOCABULARY_LST2 '2','3','ndq809';
2018-08-30 05:00:33 EXEC SPC_VOCABULARY_LST2 '2','1','ndq809';
2018-08-30 05:00:34 EXEC SPC_VOCABULARY_LST2 '2','3','ndq809';
2018-08-30 05:00:36 EXEC SPC_VOCABULARY_LST2 '2','1','ndq809';
2018-08-30 05:00:37 EXEC SPC_VOCABULARY_LST2 '2','3','ndq809';
2018-08-30 05:00:38 EXEC SPC_VOCABULARY_LST2 '2','1','ndq809';
2018-08-30 05:00:40 EXEC SPC_VOCABULARY_LST2 '2','3','ndq809';
2018-08-30 05:03:42 EXEC SPC_VOCABULARY_LST1 '1','ndq809';
2018-08-30 05:03:42 EXEC SPC_COMMON_GROUP '2';
2018-08-30 05:03:43 EXEC SPC_VOCABULARY_LST2 '2','3','ndq809';
2018-08-30 05:03:53 EXEC SPC_VOCABULARY_LST1 '1','ndq809';
2018-08-30 05:03:54 EXEC SPC_COMMON_GROUP '2';
2018-08-30 05:03:54 EXEC SPC_VOCABULARY_LST2 '2','3','ndq809';
2018-08-30 05:04:30 EXEC SPC_COM_ADD_LESSON '1','2','3','ndq809','127.0.0.1';
2018-08-30 05:04:35 EXEC SPC_VOCABULARY_LST1 '1','ndq809';
2018-08-30 05:04:36 EXEC SPC_COMMON_GROUP '2';
2018-08-30 05:04:36 EXEC SPC_VOCABULARY_LST2 '2','3','ndq809';
2018-08-30 05:04:49 EXEC SPC_VOCABULARY_LST1 '3','ndq809';
2018-08-30 05:04:50 EXEC SPC_COMMON_GROUP '2';
2018-08-30 05:04:50 EXEC SPC_VOCABULARY_LST2 '2','3','ndq809';
2018-08-30 05:05:44 EXEC SPC_VOCABULARY_LST1 '3','ndq809';
2018-08-30 05:05:44 EXEC SPC_COMMON_GROUP '2';
2018-08-30 05:05:45 EXEC SPC_VOCABULARY_LST2 '2','3','ndq809';
2018-08-30 05:06:39 EXEC SPC_VOCABULARY_LST1 '2','ndq809';
2018-08-30 05:06:40 EXEC SPC_COMMON_GROUP '2';
2018-08-30 05:06:40 EXEC SPC_VOCABULARY_LST2 '2','3','ndq809';
2018-08-30 05:12:07 EXEC SPC_COM_ADD_LESSON '1','2','3','ndq809','127.0.0.1';
2018-08-30 05:12:12 EXEC SPC_VOCABULARY_LST2 '2','1','ndq809';
2018-08-30 05:12:20 EXEC SPC_VOCABULARY_LST2 '2','3','ndq809';
2018-08-30 05:26:18 EXEC SPC_VOCABULARY_LST1 '2','ndq809';
2018-08-30 05:26:19 EXEC SPC_COMMON_GROUP '2';
2018-08-30 05:26:19 EXEC SPC_VOCABULARY_LST2 '2','3','ndq809';
2018-08-30 05:26:34 EXEC SPC_COMMON_GROUP '2';
2018-08-30 05:26:34 EXEC SPC_VOCABULARY_LST2 '2','3','ndq809';
2018-08-30 05:26:36 EXEC SPC_COMMON_GROUP '2';
2018-08-30 05:26:36 EXEC SPC_VOCABULARY_LST2 '2','3','ndq809';
2018-08-30 05:26:42 EXEC SPC_VOCABULARY_LST2 '2','1','ndq809';
2018-08-30 05:26:44 EXEC SPC_COM_ADD_LESSON '1','2','1','ndq809','127.0.0.1';
2018-08-30 05:26:51 EXEC SPC_VOCABULARY_LST1 '3','ndq809';
2018-08-30 05:26:52 EXEC SPC_COMMON_GROUP '2';
2018-08-30 05:26:52 EXEC SPC_VOCABULARY_LST2 '2','3','ndq809';
2018-08-30 05:26:55 EXEC SPC_VOCABULARY_LST2 '2','1','ndq809';
2018-08-30 05:27:00 EXEC SPC_VOCABULARY_LST2 '2','3','ndq809';
2018-08-30 05:27:03 EXEC SPC_VOCABULARY_LST2 '2','1','ndq809';
2018-08-30 05:27:05 EXEC SPC_VOCABULARY_LST2 '2','3','ndq809';
2018-08-30 05:29:49 EXEC SPC_VOCABULARY_LST1 '1','ndq809';
2018-08-30 05:29:49 EXEC SPC_COMMON_GROUP '2';
2018-08-30 05:29:49 EXEC SPC_VOCABULARY_LST2 '2','1','ndq809';
2018-08-30 05:29:57 EXEC SPC_VOCABULARY_LST2 '2','3','ndq809';
2018-08-30 05:30:08 EXEC SPC_VOCABULARY_LST2 '2','1','ndq809';
2018-08-30 05:30:13 EXEC SPC_VOCABULARY_LST2 '2','3','ndq809';
2018-08-30 05:30:15 EXEC SPC_COM_ADD_LESSON '1','2','3','ndq809','127.0.0.1';
2018-08-30 05:30:24 EXEC SPC_VOCABULARY_LST2 '2','1','ndq809';
2018-08-30 05:31:29 EXEC SPC_VOCABULARY_LST2 '2','3','ndq809';
2018-08-30 05:31:51 EXEC SPC_COM_FORGET '1','1','2';
2018-08-30 05:31:59 EXEC SPC_COM_REMEMBER '1','2','1','1','ndq809','127.0.0.1';
2018-08-30 05:32:05 EXEC SPC_VOCABULARY_LST1 '2','ndq809';
2018-08-30 05:32:06 EXEC SPC_COMMON_GROUP '2';
2018-08-30 05:32:06 EXEC SPC_VOCABULARY_LST2 '2','3','ndq809';
2018-08-30 05:33:26 EXEC SPC_VOCABULARY_LST1 '2','ndq809';
2018-08-30 05:33:26 EXEC SPC_COMMON_GROUP '2';
2018-08-30 05:33:27 EXEC SPC_VOCABULARY_LST2 '2','3','ndq809';
2018-08-30 05:44:36 EXEC SPC_COM_ADD_LESSON '1','2','3','ndq809','127.0.0.1';
2018-08-30 05:46:05 EXEC SPC_VOCABULARY_LST1 '1','ndq809';
2018-08-30 05:46:06 EXEC SPC_COMMON_GROUP '2';
2018-08-30 05:46:06 EXEC SPC_VOCABULARY_LST2 '2','1','ndq809';
2018-08-30 05:46:18 EXEC SPC_VOCABULARY_LST2 '2','3','ndq809';
2018-08-30 05:46:21 EXEC SPC_VOCABULARY_LST2 '2','1','ndq809';
2018-08-30 05:46:23 EXEC SPC_VOCABULARY_LST2 '2','3','ndq809';
2018-08-30 05:46:27 EXEC SPC_COM_DELETE_LESSON '59','ndq809','127.0.0.1';
2018-08-30 05:46:27 EXEC SPC_COMMON_GROUP '2';
2018-08-30 05:46:28 EXEC SPC_VOCABULARY_LST2 '2','3','ndq809';
2018-08-30 05:46:30 EXEC SPC_VOCABULARY_LST2 '2','1','ndq809';
2018-08-30 05:47:02 EXEC SPC_VOCABULARY_LST1 '1','ndq809';
2018-08-30 05:47:03 EXEC SPC_COMMON_GROUP '2';
2018-08-30 05:47:03 EXEC SPC_VOCABULARY_LST2 '2','3','ndq809';
2018-08-30 05:47:08 EXEC SPC_VOCABULARY_LST2 '2','1','ndq809';
2018-08-30 05:47:11 EXEC SPC_COM_ADD_LESSON '1','2','1','ndq809','127.0.0.1';
2018-08-30 05:47:17 EXEC SPC_COM_ADD_LESSON '1','2','1','ndq809','127.0.0.1';
2018-08-30 05:47:53 EXEC SPC_VOCABULARY_LST1 '1','ndq809';
2018-08-30 05:47:54 EXEC SPC_COMMON_GROUP '2';
2018-08-30 05:47:54 EXEC SPC_VOCABULARY_LST2 '2','1','ndq809';
2018-08-30 05:48:03 EXEC SPC_VOCABULARY_LST2 '2','3','ndq809';
2018-08-30 05:48:06 EXEC SPC_VOCABULARY_LST2 '2','1','ndq809';
2018-08-30 05:48:59 EXEC SPC_VOCABULARY_LST2 '2','3','ndq809';
2018-08-30 05:49:01 EXEC SPC_VOCABULARY_LST2 '2','1','ndq809';
2018-08-30 05:49:11 EXEC SPC_VOCABULARY_LST2 '2','3','ndq809';
2018-08-30 05:49:14 EXEC SPC_VOCABULARY_LST2 '2','1','ndq809';
2018-08-30 05:50:40 EXEC SPC_VOCABULARY_LST1 '1','ndq809';
2018-08-30 05:50:40 EXEC SPC_COMMON_GROUP '2';
2018-08-30 05:50:41 EXEC SPC_VOCABULARY_LST2 '2','1','ndq809';
2018-08-30 05:50:46 EXEC SPC_VOCABULARY_LST2 '2','3','ndq809';
2018-08-30 05:50:51 EXEC SPC_COM_DELETE_LESSON '61','ndq809','127.0.0.1';
2018-08-30 05:50:52 EXEC SPC_COMMON_GROUP '2';
2018-08-30 05:50:52 EXEC SPC_VOCABULARY_LST2 '2','3','ndq809';
2018-08-30 05:50:54 EXEC SPC_VOCABULARY_LST2 '2','1','ndq809';
2018-08-30 05:50:58 EXEC SPC_VOCABULARY_LST2 '2','3','ndq809';
2018-08-30 06:13:13 EXEC SPC_VOCABULARY_LST1 '1','ndq809';
2018-08-30 06:15:32 EXEC SPC_VOCABULARY_LST1 '1','ndq809';
2018-08-30 06:15:32 EXEC SPC_COMMON_GROUP '2';
2018-08-30 06:15:33 EXEC SPC_VOCABULARY_LST2 '2','3','ndq809';
2018-08-30 06:22:03 EXEC SPC_VOCABULARY_LST1 '1','ndq809';
2018-08-30 06:23:07 EXEC SPC_VOCABULARY_LST1 '1','ndq809';
2018-08-30 06:23:08 EXEC SPC_COMMON_GROUP '2';
2018-08-30 06:23:08 EXEC SPC_VOCABULARY_LST2 '2','3','ndq809';
2018-08-30 06:24:43 EXEC SPC_VOCABULARY_LST2 '2','1','ndq809';
2018-08-30 06:24:45 EXEC SPC_VOCABULARY_LST2 '2','3','ndq809';
2018-08-30 06:27:03 EXEC SPC_VOCABULARY_LST1 '1','ndq809';
2018-08-30 06:27:04 EXEC SPC_COMMON_GROUP '2';
2018-08-30 06:27:04 EXEC SPC_VOCABULARY_LST2 '2','3','ndq809';
2018-08-30 06:29:08 EXEC SPC_VOCABULARY_LST1 '1','ndq809';
2018-08-30 06:29:09 EXEC SPC_COMMON_GROUP '2';
2018-08-30 06:29:09 EXEC SPC_VOCABULARY_LST2 '2','3','ndq809';
2018-08-30 06:30:15 EXEC SPC_VOCABULARY_LST1 '3','ndq809';
2018-08-30 06:30:15 EXEC SPC_COMMON_GROUP '2';
2018-08-30 06:30:16 EXEC SPC_VOCABULARY_LST2 '2','3','ndq809';
2018-08-30 06:30:30 EXEC SPC_COM_DELETE_LESSON '50','ndq809','127.0.0.1';
2018-08-30 06:30:32 EXEC SPC_VOCABULARY_LST1 '3','ndq809';
2018-08-30 06:31:33 EXEC SPC_VOCABULARY_LST1 '3','ndq809';
2018-08-30 06:31:33 EXEC SPC_COMMON_GROUP '2';
2018-08-30 06:31:34 EXEC SPC_VOCABULARY_LST2 '2','1','ndq809';
2018-08-30 06:45:26 EXEC SPC_VOCABULARY_LST2 '2','3','ndq809';
2018-08-30 06:45:39 EXEC SPC_COM_ADD_LESSON '1','2','3','ndq809','127.0.0.1';
2018-08-30 06:47:01 EXEC SPC_COM_DATA 'ndq809';
2018-08-30 06:47:01 SQLSTATE[IMSSP]: The active result for the query contains no fields.
2018-08-30 06:47:01 EXEC SPC_COM_MENU '1';
2018-08-30 06:47:02 EXEC SPC_VOCABULARY_LST1 '','ndq809';
2018-08-30 06:47:03 EXEC SPC_COMMON_GROUP '2';
2018-08-30 06:47:03 EXEC SPC_VOCABULARY_LST2 '2','3','ndq809';
2018-08-30 06:56:44 EXEC SPC_VOCABULARY_LST1 '','ndq809';
2018-08-30 06:56:52 EXEC SPC_VOCABULARY_LST1 '','ndq809';
2018-08-30 06:56:52 EXEC SPC_COMMON_GROUP
2018-08-30 06:57:08 EXEC SPC_VOCABULARY_LST1 '','ndq809';
2018-08-30 06:57:09 EXEC SPC_COMMON_GROUP
2018-08-30 06:57:15 EXEC SPC_COMMON_GROUP '2';
2018-08-30 06:57:16 EXEC SPC_VOCABULARY_LST2 '2','3','ndq809';
2018-08-30 06:57:19 EXEC SPC_VOCABULARY_LST1 '2','ndq809';
2018-08-30 06:57:20 EXEC SPC_COMMON_GROUP '2';
2018-08-30 06:57:20 EXEC SPC_VOCABULARY_LST2 '2','3','ndq809';
2018-08-30 06:57:37 EXEC SPC_COM_DELETE_LESSON '62','ndq809','127.0.0.1';
2018-08-30 06:57:38 EXEC SPC_VOCABULARY_LST1 '2','ndq809';
2018-08-30 06:57:39 EXEC SPC_COMMON_GROUP '2';
2018-08-30 06:57:39 EXEC SPC_VOCABULARY_LST2 '2','1','ndq809';
2018-08-30 06:59:25 EXEC SPC_VOCABULARY_LST1 '2','ndq809';
2018-08-30 06:59:26 EXEC SPC_COMMON_GROUP '2';
2018-08-30 06:59:26 EXEC SPC_VOCABULARY_LST2 '2','1','ndq809';
2018-08-30 06:59:28 EXEC SPC_VOCABULARY_LST1 '2','ndq809';
2018-08-30 06:59:29 EXEC SPC_COMMON_GROUP '2';
2018-08-30 06:59:29 EXEC SPC_VOCABULARY_LST2 '2','1','ndq809';
2018-08-30 06:59:55 EXEC SPC_VOCABULARY_LST1 '2','ndq809';
2018-08-30 06:59:55 EXEC SPC_COMMON_GROUP '2';
2018-08-30 06:59:55 EXEC SPC_VOCABULARY_LST2 '2','1','ndq809';
2018-08-30 07:01:16 EXEC SPC_VOCABULARY_LST1 '2','ndq809';
2018-08-30 07:01:16 EXEC SPC_COMMON_GROUP '2';
2018-08-30 07:01:17 EXEC SPC_VOCABULARY_LST2 '2','1','ndq809';
2018-08-30 07:01:40 EXEC SPC_VOCABULARY_LST1 '2','ndq809';
2018-08-30 07:01:41 EXEC SPC_COMMON_GROUP '2';
2018-08-30 07:01:42 EXEC SPC_VOCABULARY_LST2 '2','1','ndq809';
2018-08-30 07:02:15 EXEC SPC_VOCABULARY_LST1 '2','ndq809';
2018-08-30 07:02:16 EXEC SPC_COMMON_GROUP '2';
2018-08-30 07:02:16 EXEC SPC_VOCABULARY_LST2 '2','1','ndq809';
2018-08-30 07:02:36 EXEC SPC_VOCABULARY_LST1 '2','ndq809';
2018-08-30 07:02:36 EXEC SPC_COMMON_GROUP '2';
2018-08-30 07:02:37 EXEC SPC_VOCABULARY_LST2 '2','1','ndq809';
2018-08-30 07:02:43 EXEC SPC_COMMON_GROUP '3';
2018-08-30 07:02:48 EXEC SPC_COMMON_GROUP '2';
2018-08-30 07:03:08 EXEC SPC_VOCABULARY_LST1 '2','ndq809';
2018-08-30 07:03:09 EXEC SPC_COMMON_GROUP '2';
2018-08-30 07:03:09 EXEC SPC_VOCABULARY_LST2 '2','1','ndq809';
2018-08-30 07:03:42 EXEC SPC_VOCABULARY_LST1 '2','ndq809';
2018-08-30 07:03:44 EXEC SPC_COMMON_GROUP '2';
2018-08-30 07:03:44 EXEC SPC_VOCABULARY_LST2 '2','1','ndq809';
2018-08-30 07:04:24 EXEC SPC_VOCABULARY_LST1 '2','ndq809';
2018-08-30 07:04:24 EXEC SPC_COMMON_GROUP '2';
2018-08-30 07:04:24 EXEC SPC_VOCABULARY_LST2 '2','3','ndq809';
2018-08-30 07:14:21 EXEC SPC_VOCABULARY_LST1 '2','ndq809';
2018-08-30 07:14:22 EXEC SPC_COMMON_GROUP '2';
2018-08-30 07:14:22 EXEC SPC_VOCABULARY_LST2 '2','3','ndq809';
2018-08-30 07:15:22 EXEC SPC_VOCABULARY_LST1 '2','ndq809';
2018-08-30 07:15:22 EXEC SPC_COMMON_GROUP '2';
2018-08-30 07:15:23 EXEC SPC_VOCABULARY_LST2 '2','3','ndq809';
2018-08-30 07:15:33 EXEC SPC_VOCABULARY_LST1 '3','ndq809';
2018-08-30 07:15:34 EXEC SPC_COMMON_GROUP '2';
2018-08-30 07:15:34 EXEC SPC_VOCABULARY_LST2 '2','3','ndq809';
2018-08-30 07:20:02 EXEC SPC_VOCABULARY_LST1 '3','ndq809';
2018-08-30 07:20:03 EXEC SPC_COMMON_GROUP '2';
2018-08-30 07:20:03 EXEC SPC_VOCABULARY_LST2 '2','3','ndq809';
2018-08-30 07:20:06 EXEC SPC_VOCABULARY_LST1 '3','ndq809';
2018-08-30 07:20:07 EXEC SPC_COMMON_GROUP '2';
2018-08-30 07:20:07 EXEC SPC_VOCABULARY_LST2 '2','3','ndq809';
2018-08-30 07:20:57 EXEC SPC_VOCABULARY_LST1 '3','ndq809';
2018-08-30 07:20:58 EXEC SPC_COMMON_GROUP '2';
2018-08-30 07:20:58 EXEC SPC_VOCABULARY_LST2 '2','3','ndq809';
2018-08-30 07:22:08 EXEC SPC_VOCABULARY_LST1 '3','ndq809';
2018-08-30 07:22:09 EXEC SPC_COMMON_GROUP '2';
2018-08-30 07:22:09 EXEC SPC_VOCABULARY_LST2 '2','3','ndq809';
2018-08-30 07:23:08 EXEC SPC_VOCABULARY_LST1 '3','ndq809';
2018-08-30 07:23:09 EXEC SPC_COMMON_GROUP '2';
2018-08-30 07:23:09 EXEC SPC_VOCABULARY_LST2 '2','3','ndq809';
2018-08-30 07:24:27 EXEC SPC_VOCABULARY_LST1 '3','ndq809';
2018-08-30 07:24:28 EXEC SPC_COMMON_GROUP '2';
2018-08-30 07:24:28 EXEC SPC_VOCABULARY_LST2 '2','3','ndq809';
2018-08-30 07:24:39 EXEC SPC_VOCABULARY_LST1 '3','ndq809';
2018-08-30 07:24:40 EXEC SPC_COMMON_GROUP '2';
2018-08-30 07:24:40 EXEC SPC_VOCABULARY_LST2 '2','3','ndq809';
2018-08-30 07:24:44 EXEC SPC_VOCABULARY_LST1 '3','ndq809';
2018-08-30 07:24:44 EXEC SPC_COMMON_GROUP '2';
2018-08-30 07:24:44 EXEC SPC_VOCABULARY_LST2 '2','3','ndq809';
2018-08-30 07:24:50 EXEC SPC_VOCABULARY_LST1 '3','ndq809';
2018-08-30 07:24:50 EXEC SPC_COMMON_GROUP '2';
2018-08-30 07:24:50 EXEC SPC_VOCABULARY_LST2 '2','3','ndq809';
2018-08-30 07:24:52 EXEC SPC_VOCABULARY_LST1 '3','ndq809';
2018-08-30 07:24:53 EXEC SPC_COMMON_GROUP '2';
2018-08-30 07:24:53 EXEC SPC_VOCABULARY_LST2 '2','3','ndq809';
2018-08-30 07:25:19 EXEC SPC_VOCABULARY_LST1 '1','ndq809';
2018-08-30 07:25:19 EXEC SPC_COMMON_GROUP '2';
2018-08-30 07:25:19 EXEC SPC_VOCABULARY_LST2 '2','1','ndq809';
2018-08-30 07:25:30 EXEC SPC_VOCABULARY_LST1 '1','ndq809';
2018-08-30 07:25:31 EXEC SPC_COMMON_GROUP '2';
2018-08-30 07:25:31 EXEC SPC_VOCABULARY_LST2 '2','1','ndq809';
2018-08-30 07:25:41 EXEC SPC_VOCABULARY_LST2 '2','3','ndq809';
2018-08-30 07:25:45 EXEC SPC_VOCABULARY_LST1 '1','ndq809';
2018-08-30 07:25:45 EXEC SPC_COMMON_GROUP '2';
2018-08-30 07:25:45 EXEC SPC_VOCABULARY_LST2 '2','1','ndq809';
2018-08-30 07:25:51 EXEC SPC_VOCABULARY_LST2 '2','3','ndq809';
2018-08-30 07:25:57 EXEC SPC_VOCABULARY_LST1 '2','ndq809';
2018-08-30 07:25:58 EXEC SPC_COMMON_GROUP '2';
2018-08-30 07:25:58 EXEC SPC_VOCABULARY_LST2 '2','3','ndq809';
2018-08-30 07:26:52 EXEC SPC_VOCABULARY_LST1 '2','ndq809';
2018-08-30 07:26:53 EXEC SPC_COMMON_GROUP '2';
2018-08-30 07:26:53 EXEC SPC_VOCABULARY_LST2 '2','3','ndq809';
2018-08-30 07:27:10 EXEC SPC_VOCABULARY_LST1 '1','ndq809';
2018-08-30 07:27:11 EXEC SPC_COMMON_GROUP '2';
2018-08-30 07:27:11 EXEC SPC_VOCABULARY_LST2 '2','1','ndq809';
2018-08-30 07:27:24 EXEC SPC_VOCABULARY_LST1 '1','ndq809';
2018-08-30 07:27:24 EXEC SPC_COMMON_GROUP '2';
2018-08-30 07:27:24 EXEC SPC_VOCABULARY_LST2 '2','1','ndq809';
2018-08-30 07:27:32 EXEC SPC_VOCABULARY_LST2 '2','3','ndq809';
2018-08-30 07:28:35 EXEC SPC_VOCABULARY_LST1 '1','ndq809';
2018-08-30 07:28:36 EXEC SPC_COMMON_GROUP '2';
2018-08-30 07:28:36 EXEC SPC_VOCABULARY_LST2 '2','1','ndq809';
2018-08-30 07:28:40 EXEC SPC_VOCABULARY_LST2 '2','3','ndq809';
2018-08-30 07:28:44 EXEC SPC_VOCABULARY_LST2 '2','1','ndq809';
2018-08-30 07:28:47 EXEC SPC_VOCABULARY_LST2 '2','3','ndq809';
2018-08-30 07:28:55 EXEC SPC_VOCABULARY_LST1 '1','ndq809';
2018-08-30 07:28:55 EXEC SPC_COMMON_GROUP '2';
2018-08-30 07:28:55 EXEC SPC_VOCABULARY_LST2 '2','1','ndq809';
2018-08-30 07:29:02 EXEC SPC_VOCABULARY_LST2 '2','3','ndq809';
2018-08-30 07:29:44 EXEC SPC_VOCABULARY_LST1 '1','ndq809';
2018-08-30 07:29:44 EXEC SPC_COMMON_GROUP '2';
2018-08-30 07:29:45 EXEC SPC_VOCABULARY_LST2 '2','1','ndq809';
2018-08-30 07:29:48 EXEC SPC_VOCABULARY_LST2 '2','3','ndq809';
2018-08-30 07:30:16 EXEC SPC_VOCABULARY_LST1 '1','ndq809';
2018-08-30 07:30:16 EXEC SPC_COMMON_GROUP '2';
2018-08-30 07:30:16 EXEC SPC_VOCABULARY_LST2 '2','1','ndq809';
2018-08-30 07:30:21 EXEC SPC_VOCABULARY_LST2 '2','3','ndq809';
2018-08-30 07:30:58 EXEC SPC_VOCABULARY_LST1 '1','ndq809';
2018-08-30 07:30:58 EXEC SPC_COMMON_GROUP '2';
2018-08-30 07:30:59 EXEC SPC_VOCABULARY_LST2 '2','1','ndq809';
2018-08-30 07:31:01 EXEC SPC_VOCABULARY_LST2 '2','3','ndq809';
2018-08-30 07:31:08 EXEC SPC_VOCABULARY_LST1 '2','ndq809';
2018-08-30 07:31:09 EXEC SPC_COMMON_GROUP '2';
2018-08-30 07:31:09 EXEC SPC_VOCABULARY_LST2 '2','3','ndq809';
2018-08-30 07:31:17 EXEC SPC_VOCABULARY_LST2 '2','1','ndq809';
2018-08-30 07:31:25 EXEC SPC_VOCABULARY_LST2 '2','3','ndq809';
2018-08-30 07:31:32 EXEC SPC_VOCABULARY_LST1 '3','ndq809';
2018-08-30 07:31:32 EXEC SPC_COMMON_GROUP '2';
2018-08-30 07:31:32 EXEC SPC_VOCABULARY_LST2 '2','3','ndq809';
2018-08-30 07:32:23 EXEC SPC_VOCABULARY_LST1 '3','ndq809';
2018-08-30 07:32:23 EXEC SPC_COMMON_GROUP '2';
2018-08-30 07:32:23 EXEC SPC_VOCABULARY_LST2 '2','3','ndq809';
2018-08-30 07:33:18 EXEC SPC_VOCABULARY_LST1 '3','ndq809';
2018-08-30 07:33:19 EXEC SPC_COMMON_GROUP '2';
2018-08-30 07:33:19 EXEC SPC_VOCABULARY_LST2 '2','3','ndq809';
2018-08-30 07:35:47 EXEC SPC_VOCABULARY_LST1 '3','ndq809';
2018-08-30 07:35:48 EXEC SPC_COMMON_GROUP '2';
2018-08-30 07:35:48 EXEC SPC_VOCABULARY_LST2 '2','3','ndq809';
2018-08-30 07:35:54 EXEC SPC_VOCABULARY_LST1 '3','ndq809';
2018-08-30 07:35:55 EXEC SPC_COMMON_GROUP '2';
2018-08-30 07:35:55 EXEC SPC_VOCABULARY_LST2 '2','3','ndq809';
2018-08-30 07:36:58 EXEC SPC_VOCABULARY_LST1 '3','ndq809';
2018-08-30 07:36:59 EXEC SPC_COMMON_GROUP '2';
2018-08-30 07:36:59 EXEC SPC_VOCABULARY_LST2 '2','3','ndq809';
2018-08-30 07:37:04 EXEC SPC_VOCABULARY_LST1 '3','ndq809';
2018-08-30 07:37:05 EXEC SPC_COMMON_GROUP '2';
2018-08-30 07:37:05 EXEC SPC_VOCABULARY_LST2 '2','3','ndq809';
2018-08-30 07:37:28 EXEC SPC_VOCABULARY_LST1 '3','ndq809';
2018-08-30 07:37:28 EXEC SPC_COMMON_GROUP '2';
2018-08-30 07:37:29 EXEC SPC_VOCABULARY_LST2 '2','3','ndq809';
2018-08-30 07:38:50 EXEC SPC_VOCABULARY_LST1 '1','ndq809';
2018-08-30 07:38:51 EXEC SPC_COMMON_GROUP '2';
2018-08-30 07:38:51 EXEC SPC_VOCABULARY_LST2 '2','1','ndq809';
2018-08-30 07:39:00 EXEC SPC_VOCABULARY_LST2 '2','3','ndq809';
2018-08-30 07:39:05 EXEC SPC_VOCABULARY_LST1 '3','ndq809';
2018-08-30 07:39:05 EXEC SPC_COMMON_GROUP '2';
2018-08-30 07:39:06 EXEC SPC_VOCABULARY_LST2 '2','3','ndq809';
2018-08-30 07:40:48 EXEC SPC_VOCABULARY_LST1 '3','ndq809';
2018-08-30 07:40:48 EXEC SPC_COMMON_GROUP '2';
2018-08-30 07:40:49 EXEC SPC_VOCABULARY_LST2 '2','3','ndq809';
2018-08-30 07:40:54 EXEC SPC_VOCABULARY_LST1 '3','ndq809';
2018-08-30 07:40:57 EXEC SPC_COMMON_GROUP '2';
2018-08-30 07:41:02 EXEC SPC_VOCABULARY_LST2 '2','3','ndq809';
2018-08-30 07:42:48 EXEC SPC_VOCABULARY_LST1 '3','ndq809';
2018-08-30 07:42:49 EXEC SPC_COMMON_GROUP '2';
2018-08-30 07:42:49 EXEC SPC_VOCABULARY_LST2 '2','3','ndq809';
2018-08-30 07:43:08 EXEC SPC_VOCABULARY_LST1 '3','ndq809';
2018-08-30 07:43:09 EXEC SPC_COMMON_GROUP '2';
2018-08-30 07:43:09 EXEC SPC_VOCABULARY_LST2 '2','3','ndq809';
2018-08-30 07:44:35 EXEC SPC_VOCABULARY_LST1 '1','ndq809';
2018-08-30 07:44:36 EXEC SPC_COMMON_GROUP '2';
2018-08-30 07:44:37 EXEC SPC_VOCABULARY_LST2 '2','1','ndq809';
2018-08-30 07:44:39 EXEC SPC_VOCABULARY_LST1 '1','ndq809';
2018-08-30 07:44:39 EXEC SPC_COMMON_GROUP '2';
2018-08-30 07:44:39 EXEC SPC_VOCABULARY_LST2 '2','1','ndq809';
2018-08-30 07:44:57 EXEC SPC_VOCABULARY_LST2 '2','3','ndq809';
2018-08-30 07:45:20 EXEC SPC_VOCABULARY_LST1 '3','ndq809';
2018-08-30 07:45:21 EXEC SPC_COMMON_GROUP '2';
2018-08-30 07:45:21 EXEC SPC_VOCABULARY_LST2 '2','3','ndq809';
2018-08-30 07:45:45 EXEC SPC_VOCABULARY_LST2 '2','1','ndq809';
2018-08-30 07:46:40 EXEC SPC_VOCABULARY_LST1 '1','ndq809';
2018-08-30 07:46:41 EXEC SPC_COMMON_GROUP '2';
2018-08-30 07:46:41 EXEC SPC_VOCABULARY_LST2 '2','1','ndq809';
2018-08-30 07:46:47 EXEC SPC_VOCABULARY_LST2 '2','3','ndq809';
2018-08-30 07:47:01 EXEC SPC_VOCABULARY_LST1 '3','ndq809';
2018-08-30 07:47:01 EXEC SPC_COMMON_GROUP '2';
2018-08-30 07:47:02 EXEC SPC_VOCABULARY_LST2 '2','3','ndq809';
2018-08-30 07:47:51 EXEC SPC_COM_DATA 'ndq809';
2018-08-30 07:47:51 SQLSTATE[IMSSP]: The active result for the query contains no fields.
2018-08-30 07:47:51 EXEC SPC_COM_MENU '1';
2018-08-30 07:47:53 EXEC SPC_VOCABULARY_LST1 '','ndq809';
2018-08-30 07:47:53 EXEC SPC_COMMON_GROUP '2';
2018-08-30 07:47:54 EXEC SPC_VOCABULARY_LST2 '2','1','ndq809';
2018-08-30 07:48:04 EXEC SPC_VOCABULARY_LST2 '2','3','ndq809';
2018-08-30 07:48:06 EXEC SPC_COM_ADD_LESSON '1','2','3','ndq809','127.0.0.1';
2018-08-30 07:48:47 EXEC SPC_VOCABULARY_LST1 '3','ndq809';
2018-08-30 07:48:48 EXEC SPC_COMMON_GROUP '2';
2018-08-30 07:48:48 EXEC SPC_VOCABULARY_LST2 '2','3','ndq809';
2018-08-30 07:49:49 EXEC SPC_VOCABULARY_LST1 '3','ndq809';
2018-08-30 07:49:50 EXEC SPC_COMMON_GROUP '2';
2018-08-30 07:49:50 EXEC SPC_VOCABULARY_LST2 '2','3','ndq809';
2018-08-30 07:50:04 EXEC SPC_COM_DATA 'ndq809';
2018-08-30 07:50:04 SQLSTATE[IMSSP]: The active result for the query contains no fields.
2018-08-30 07:50:04 EXEC SPC_COM_MENU '1';
2018-08-30 07:50:45 EXEC SPC_COM_DATA 'ndq809';
2018-08-30 07:50:45 SQLSTATE[IMSSP]: The active result for the query contains no fields.
2018-08-30 07:50:45 EXEC SPC_COM_MENU '1';
2018-08-30 07:51:27 EXEC SPC_COM_DATA 'ndq809';
2018-08-30 07:51:27 SQLSTATE[IMSSP]: The active result for the query contains no fields.
2018-08-30 07:51:27 EXEC SPC_COM_MENU '1';
2018-08-30 07:51:33 EXEC SPC_COM_DATA 'ndq809';
2018-08-30 07:51:33 SQLSTATE[IMSSP]: The active result for the query contains no fields.
2018-08-30 07:51:33 EXEC SPC_COM_MENU '1';
2018-08-30 07:51:53 EXEC SPC_COM_DATA 'ndq809';
2018-08-30 07:51:53 SQLSTATE[IMSSP]: The active result for the query contains no fields.
2018-08-30 07:51:53 EXEC SPC_COM_MENU '1';
2018-08-30 07:54:39 EXEC SPC_COM_DATA 'ndq809';
2018-08-30 07:54:39 SQLSTATE[IMSSP]: The active result for the query contains no fields.
2018-08-30 07:54:39 EXEC SPC_COM_MENU '1';
2018-08-30 07:54:50 EXEC SPC_COM_DATA 'ndq809';
2018-08-30 07:54:50 SQLSTATE[IMSSP]: The active result for the query contains no fields.
2018-08-30 07:54:50 EXEC SPC_COM_MENU '1';
2018-08-30 07:55:04 EXEC SPC_VOCABULARY_LST1 '','ndq809';
2018-08-30 07:55:05 EXEC SPC_COMMON_GROUP '2';
2018-08-30 07:55:05 EXEC SPC_VOCABULARY_LST2 '2','3','ndq809';
2018-08-30 07:55:56 EXEC SPC_COM_DATA 'ndq809';
2018-08-30 07:55:56 SQLSTATE[IMSSP]: The active result for the query contains no fields.
2018-08-30 07:55:56 EXEC SPC_COM_MENU '1';
2018-08-30 07:55:59 EXEC SPC_COM_DATA 'ndq809';
2018-08-30 07:55:59 SQLSTATE[IMSSP]: The active result for the query contains no fields.
2018-08-30 07:55:59 EXEC SPC_COM_MENU '1';
2018-08-30 07:56:34 EXEC SPC_VOCABULARY_LST1 '','ndq809';
2018-08-30 07:56:34 EXEC SPC_COMMON_GROUP '2';
2018-08-30 07:56:34 EXEC SPC_VOCABULARY_LST2 '2','3','ndq809';
2018-08-30 07:57:24 EXEC SPC_VOCABULARY_LST1 '2','';
2018-08-30 07:57:25 EXEC SPC_COMMON_GROUP '2';
2018-08-30 07:57:25 EXEC SPC_VOCABULARY_LST2 '2','3','';
2018-08-30 07:57:32 EXEC SPC_VOCABULARY_LST1 '2','';
2018-08-30 07:57:32 EXEC SPC_COMMON_GROUP '2';
2018-08-30 07:57:33 EXEC SPC_VOCABULARY_LST2 '2','3','';
2018-08-30 07:57:46 EXEC SPC_COM_DATA '';
2018-08-30 07:57:46 SQLSTATE[IMSSP]: The active result for the query contains no fields.
2018-08-30 07:57:47 EXEC SPC_VOCABULARY_LST1 '','';
2018-08-30 07:57:48 EXEC SPC_COMMON_GROUP '2';
2018-08-30 07:57:48 EXEC SPC_VOCABULARY_LST2 '2','3','';
2018-08-30 07:58:11 EXEC SPC_VOCABULARY_LST1 '3','';
2018-08-30 07:58:11 EXEC SPC_COMMON_GROUP '2';
2018-08-30 07:58:11 EXEC SPC_VOCABULARY_LST2 '2','3','';
2018-08-30 08:00:03 EXEC SPC_VOCABULARY_LST1 '1','';
2018-08-30 08:00:03 EXEC SPC_COMMON_GROUP '2';
2018-08-30 08:00:04 EXEC SPC_VOCABULARY_LST2 '2','1','';
2018-08-30 08:00:10 EXEC SPC_VOCABULARY_LST2 '2','3','';
2018-08-30 08:00:14 EXEC SPC_VOCABULARY_LST1 '3','';
2018-08-30 08:00:15 EXEC SPC_COMMON_GROUP '2';
2018-08-30 08:00:15 EXEC SPC_VOCABULARY_LST2 '2','1','';
2018-08-30 08:00:18 EXEC SPC_VOCABULARY_LST1 '3','';
2018-08-30 08:00:19 EXEC SPC_COMMON_GROUP '2';
2018-08-30 08:00:19 EXEC SPC_VOCABULARY_LST2 '2','1','';
2018-08-30 08:00:22 EXEC SPC_VOCABULARY_LST2 '2','3','';
2018-08-30 08:00:26 EXEC SPC_VOCABULARY_LST1 '3','';
2018-08-30 08:00:26 EXEC SPC_COMMON_GROUP '2';
2018-08-30 08:00:26 EXEC SPC_VOCABULARY_LST2 '2','1','';
2018-08-30 08:00:31 EXEC SPC_VOCABULARY_LST1 '3','';
2018-08-30 08:00:32 EXEC SPC_COMMON_GROUP '2';
2018-08-30 08:00:32 EXEC SPC_VOCABULARY_LST2 '2','1','';
2018-08-30 08:02:32 EXEC SPC_VOCABULARY_LST1 '3','';
2018-08-30 08:02:33 EXEC SPC_COMMON_GROUP '2';
2018-08-30 08:02:33 EXEC SPC_VOCABULARY_LST2 '2','3','';
2018-08-30 08:14:15 EXEC SPC_COM_DATA '';
2018-08-30 08:14:15 SQLSTATE[IMSSP]: The active result for the query contains no fields.
2018-08-30 08:14:16 EXEC SPC_VOCABULARY_LST1 '','';
2018-08-30 08:14:16 EXEC SPC_COMMON_GROUP '2';
2018-08-30 08:14:16 EXEC SPC_VOCABULARY_LST2 '2','1','';
2018-08-30 08:14:27 EXEC SPC_VOCABULARY_LST2 '2','3','';
2018-08-30 08:14:30 EXEC SPC_VOCABULARY_LST1 '3','';
2018-08-30 08:14:31 EXEC SPC_COMMON_GROUP '2';
2018-08-30 08:14:31 EXEC SPC_VOCABULARY_LST2 '2','3','';
2018-08-30 08:16:06 EXEC SPC_VOCABULARY_LST1 '','';
2018-08-30 08:16:06 EXEC SPC_COMMON_GROUP '2';
2018-08-30 08:16:06 EXEC SPC_VOCABULARY_LST2 '2','1','';
2018-08-30 08:16:10 EXEC SPC_VOCABULARY_LST2 '2','3','';
2018-08-30 08:16:16 EXEC SPC_VOCABULARY_LST1 '3','';
2018-08-30 08:16:16 EXEC SPC_COMMON_GROUP '2';
2018-08-30 08:16:16 EXEC SPC_VOCABULARY_LST2 '2','3','';
2018-08-30 08:16:40 EXEC SPC_VOCABULARY_LST1 '1','ndq809';
2018-08-30 08:16:41 EXEC SPC_COMMON_GROUP '2';
2018-08-30 08:16:41 EXEC SPC_VOCABULARY_LST2 '2','3','ndq809';
2018-08-30 08:19:20 EXEC SPC_VOCABULARY_LST1 '3','ndq809';
2018-08-30 08:19:21 EXEC SPC_COMMON_GROUP '2';
2018-08-30 08:19:21 EXEC SPC_VOCABULARY_LST2 '2','3','ndq809';
2018-08-30 08:19:27 EXEC SPC_VOCABULARY_LST1 '3','ndq809';
2018-08-30 08:19:28 EXEC SPC_COMMON_GROUP '2';
2018-08-30 08:19:28 EXEC SPC_VOCABULARY_LST2 '2','3','ndq809';
2018-08-30 08:19:57 EXEC SPC_VOCABULARY_LST1 '3','ndq809';
2018-08-30 08:19:58 EXEC SPC_COMMON_GROUP '2';
2018-08-30 08:19:58 EXEC SPC_VOCABULARY_LST2 '2','3','ndq809';
2018-08-30 08:20:03 EXEC SPC_VOCABULARY_LST1 '3','';
2018-08-30 08:20:04 EXEC SPC_COMMON_GROUP '2';
2018-08-30 08:20:04 EXEC SPC_VOCABULARY_LST2 '2','3','';
2018-08-30 08:20:29 EXEC SPC_VOCABULARY_LST1 '1','ndq809';
2018-08-30 08:20:30 EXEC SPC_COMMON_GROUP '2';
2018-08-30 08:20:30 EXEC SPC_VOCABULARY_LST2 '2','3','ndq809';
2018-08-30 08:23:01 EXEC SPC_VOCABULARY_LST1 '1','ndq809';
2018-08-30 08:23:02 EXEC SPC_COMMON_GROUP '2';
2018-08-30 08:23:02 EXEC SPC_VOCABULARY_LST2 '2','3','ndq809';
2018-08-30 08:23:43 EXEC SPC_VOCABULARY_LST1 '3','ndq809';
2018-08-30 08:23:44 EXEC SPC_COMMON_GROUP '2';
2018-08-30 08:23:44 EXEC SPC_VOCABULARY_LST2 '2','3','ndq809';
2018-08-30 08:36:27 EXEC SPC_VOCABULARY_LST2 '2','1','ndq809';
2018-08-30 08:36:30 EXEC SPC_VOCABULARY_LST2 '2','3','ndq809';
2018-08-30 08:36:32 EXEC SPC_VOCABULARY_LST2 '2','1','ndq809';
2018-08-30 08:36:36 EXEC SPC_VOCABULARY_LST2 '2','3','ndq809';
2018-08-30 08:39:31 EXEC SPC_COM_PERMISSION '1','g001';
2018-08-30 08:39:31 EXEC SPC_COM_MENU '1';
2018-08-30 08:52:02 EXEC SPC_COM_DATA 'ndq809';
2018-08-30 08:52:02 SQLSTATE[IMSSP]: The active result for the query contains no fields.
2018-08-30 08:52:02 EXEC SPC_COM_MENU '1';
2018-08-30 08:52:04 EXEC SPC_VOCABULARY_LST1 '','ndq809';
2018-08-30 08:52:04 EXEC SPC_COMMON_GROUP '2';
2018-08-30 08:52:05 EXEC SPC_VOCABULARY_LST2 '2','3','ndq809';
2018-08-30 08:55:26 EXEC SPC_VOCABULARY_LST1 '2','ndq809';
2018-08-30 08:55:26 EXEC SPC_COMMON_GROUP '2';
2018-08-30 08:55:26 EXEC SPC_VOCABULARY_LST2 '2','3','ndq809';
2018-08-30 08:55:32 EXEC SPC_VOCABULARY_LST1 '3','ndq809';
2018-08-30 08:55:33 EXEC SPC_COMMON_GROUP '2';
2018-08-30 08:55:33 EXEC SPC_VOCABULARY_LST2 '2','3','ndq809';
2018-08-30 08:57:26 EXEC SPC_COM_EXAM_LIST '3','3','1','1','ndq809';
2018-08-30 08:57:28 EXEC SPC_COM_EXAM_LIST '3','3','2','1','ndq809';
2018-08-30 08:57:29 EXEC SPC_COM_EXAM_LIST '3','3','0','1','ndq809';
2018-08-30 08:57:32 EXEC SPC_COM_TOGGLE_EFFECT '3','6','1','1','1','ndq809','127.0.0.1';
2018-08-30 08:57:34 EXEC SPC_COM_EXAM_LIST '3','3','2','1','ndq809';
2018-08-30 08:57:36 EXEC SPC_COM_EXAM_LIST '3','3','1','1','ndq809';
2018-08-30 08:57:37 EXEC SPC_COM_EXAM_LIST '3','3','0','1','ndq809';
2018-08-30 08:59:27 EXEC SPC_VOCABULARY_LST1 '3','ndq809';
2018-08-30 08:59:28 EXEC SPC_COMMON_GROUP '2';
2018-08-30 08:59:28 EXEC SPC_VOCABULARY_LST2 '2','3','ndq809';
2018-08-30 09:01:58 EXEC SPC_VOCABULARY_LST1 '3','ndq809';
2018-08-30 09:01:58 EXEC SPC_COMMON_GROUP '2';
2018-08-30 09:01:58 EXEC SPC_VOCABULARY_LST2 '2','3','ndq809';
2018-08-30 09:02:17 EXEC SPC_VOCABULARY_LST2 '2','1','ndq809';
2018-08-30 09:02:25 EXEC SPC_VOCABULARY_LST2 '2','3','ndq809';
2018-08-30 09:02:55 EXEC SPC_VOCABULARY_LST2 '2','1','ndq809';
2018-08-30 09:03:11 EXEC SPC_VOCABULARY_LST1 '1','ndq809';
2018-08-30 09:03:11 EXEC SPC_COMMON_GROUP '2';
2018-08-30 09:03:12 EXEC SPC_VOCABULARY_LST2 '2','3','ndq809';
