2018-11-01 08:12:33 EXEC SPC_COM_M999_INQ1 '8';
2018-11-01 08:12:34 EXEC SPC_USER_P001_LST2 '<row row_id="3" post_id="Oo5834OpmjrWAnKJaYR19lBw02Qy7XGeLxDVgqkM20EzZN6dbW" my_post="1" id="5" vocabulary_nm="valuable" spelling="ˈvæl.jə.bəl" mean="quý giá" /><row row_id="3" post_id="Oo5834OpmjrWAnKJaYR19lBw02Qy7XGeLxDVgqkM20EzZN6dbW" my_post="1" id="6" vocabulary_nm="abuse" spelling="əˈbjuːz" mean="sự lạm dụng, lăng mạ, sỉ nhục, ngược đãi" /><row row_id="3" post_id="Oo5834OpmjrWAnKJaYR19lBw02Qy7XGeLxDVgqkM20EzZN6dbW" my_post="1" id="7" vocabulary_nm="vicious" spelling="ˈvɪʃ.əs" mean="xấu xa,hằn học" />';
2018-11-01 08:12:56 EXEC SPC_USER_P001_LST3 '<row id="5" /><row id="6" /><row id="7" />';
2018-11-01 08:13:09 EXEC SPC_COM_DATA 'quypro','1','1';
2018-11-01 08:13:09 EXEC SPC_WRITING_LST1 '7','quypro','9','10';
2018-11-01 08:13:10 EXEC SPC_COM_DATA 'quypro','1','1';
2018-11-01 08:13:10 EXEC SPC_COMMON_GET_SUGGEST
2018-11-01 08:13:10 EXEC SPC_COM_DATA 'quypro','1','1';
2018-11-01 08:13:10 EXEC SPC_WRITING_LST2 '9','10','quypro';
2018-11-01 08:14:00 EXEC SPC_COM_DATA 'quypro','1','1';
2018-11-01 08:14:00 EXEC SPC_WRITING_LST1 '7','quypro','9','10';
2018-11-01 08:14:01 EXEC SPC_COM_DATA 'quypro','1','1';
2018-11-01 08:14:01 EXEC SPC_COMMON_GET_SUGGEST
2018-11-01 08:14:01 EXEC SPC_COM_DATA 'quypro','1','1';
2018-11-01 08:14:01 EXEC SPC_WRITING_LST2 '9','10','quypro';
2018-11-01 08:14:04 EXEC SPC_COM_M999_INQ1 '8';
2018-11-01 08:14:04 EXEC SPC_USER_P001_LST2 '<row row_id="3" post_id="Oo5834OpmjrWAnKJaYR19lBw02Qy7XGeLxDVgqkM20EzZN6dbW" my_post="1" id="5" vocabulary_nm="valuable" spelling="ˈvæl.jə.bəl" mean="quý giá" /><row row_id="3" post_id="Oo5834OpmjrWAnKJaYR19lBw02Qy7XGeLxDVgqkM20EzZN6dbW" my_post="1" id="6" vocabulary_nm="abuse" spelling="əˈbjuːz" mean="sự lạm dụng, lăng mạ, sỉ nhục, ngược đãi" /><row row_id="3" post_id="Oo5834OpmjrWAnKJaYR19lBw02Qy7XGeLxDVgqkM20EzZN6dbW" my_post="1" id="7" vocabulary_nm="vicious" spelling="ˈvɪʃ.əs" mean="xấu xa,hằn học" />';
2018-11-01 08:14:06 EXEC SPC_USER_P001_LST3 '<row row_id="3" id="5" /><row row_id="3" id="6" /><row row_id="3" id="7" />';
2018-11-01 08:14:09 EXEC SPC_COM_M999_INQ1 '8';
2018-11-01 08:14:09 EXEC SPC_USER_P001_LST2 '<row row_id="3" post_id="Oo5834OpmjrWAnKJaYR19lBw02Qy7XGeLxDVgqkM20EzZN6dbW" my_post="1" id="5" vocabulary_nm="valuable" spelling="ˈvæl.jə.bəl" mean="quý giá" /><row row_id="3" post_id="Oo5834OpmjrWAnKJaYR19lBw02Qy7XGeLxDVgqkM20EzZN6dbW" my_post="1" id="6" vocabulary_nm="abuse" spelling="əˈbjuːz" mean="sự lạm dụng, lăng mạ, sỉ nhục, ngược đãi" /><row row_id="3" post_id="Oo5834OpmjrWAnKJaYR19lBw02Qy7XGeLxDVgqkM20EzZN6dbW" my_post="1" id="7" vocabulary_nm="vicious" spelling="ˈvɪʃ.əs" mean="xấu xa,hằn học" />';
2018-11-01 08:14:14 EXEC SPC_USER_P001_LST1 '0','','','50','1';
2018-11-01 08:14:17 EXEC SPC_USER_P001_LST3 '<row row_id="3" id="5" /><row row_id="3" id="6" /><row row_id="3" id="7" /><row row_id="" id="1" /><row row_id="" id="2" />';
2018-11-01 08:14:38 EXEC SPC_COM_M999_INQ1 '8';
2018-11-01 08:14:38 EXEC SPC_USER_P001_LST2 '<row row_id="3" post_id="Oo5834OpmjrWAnKJaYR19lBw02Qy7XGeLxDVgqkM20EzZN6dbW" my_post="1" id="5" vocabulary_nm="valuable" spelling="ˈvæl.jə.bəl" mean="quý giá" /><row row_id="3" post_id="Oo5834OpmjrWAnKJaYR19lBw02Qy7XGeLxDVgqkM20EzZN6dbW" my_post="1" id="6" vocabulary_nm="abuse" spelling="əˈbjuːz" mean="sự lạm dụng, lăng mạ, sỉ nhục, ngược đãi" /><row row_id="3" post_id="Oo5834OpmjrWAnKJaYR19lBw02Qy7XGeLxDVgqkM20EzZN6dbW" my_post="1" id="7" vocabulary_nm="vicious" spelling="ˈvɪʃ.əs" mean="xấu xa,hằn học" />';
2018-11-01 08:14:47 EXEC SPC_USER_P001_LST3 '';
2018-11-01 08:17:50 EXEC SPC_COM_DATA 'quypro','1','1';
2018-11-01 08:17:50 EXEC SPC_WRITING_LST1 '7','quypro','9','10';
2018-11-01 08:17:51 EXEC SPC_COM_DATA 'quypro','1','1';
2018-11-01 08:17:51 EXEC SPC_COMMON_GET_SUGGEST
2018-11-01 08:17:51 EXEC SPC_COM_DATA 'quypro','1','1';
2018-11-01 08:17:51 EXEC SPC_WRITING_LST2 '9','10','quypro';
2018-11-01 08:18:21 EXEC SPC_COM_DATA 'quypro','1','1';
2018-11-01 08:18:21 EXEC SPC_WRITING_LST1 '7','quypro','9','10';
2018-11-01 08:18:22 EXEC SPC_COM_DATA 'quypro','1','1';
2018-11-01 08:18:22 EXEC SPC_COMMON_GET_SUGGEST
2018-11-01 08:18:22 EXEC SPC_COM_DATA 'quypro','1','1';
2018-11-01 08:18:22 EXEC SPC_WRITING_LST2 '9','10','quypro';
2018-11-01 08:18:30 EXEC SPC_COM_M999_INQ1 '8';
2018-11-01 08:18:30 EXEC SPC_USER_P001_LST2 '<row row_id="3" post_id="Oo5834OpmjrWAnKJaYR19lBw02Qy7XGeLxDVgqkM20EzZN6dbW" my_post="1" id="5" vocabulary_nm="valuable" spelling="ˈvæl.jə.bəl" mean="quý giá" /><row row_id="3" post_id="Oo5834OpmjrWAnKJaYR19lBw02Qy7XGeLxDVgqkM20EzZN6dbW" my_post="1" id="6" vocabulary_nm="abuse" spelling="əˈbjuːz" mean="sự lạm dụng, lăng mạ, sỉ nhục, ngược đãi" /><row row_id="3" post_id="Oo5834OpmjrWAnKJaYR19lBw02Qy7XGeLxDVgqkM20EzZN6dbW" my_post="1" id="7" vocabulary_nm="vicious" spelling="ˈvɪʃ.əs" mean="xấu xa,hằn học" />';
2018-11-01 08:22:34 EXEC SPC_COM_M999_INQ1 '8';
2018-11-01 08:22:34 EXEC SPC_USER_P001_LST2 '<row row_id="3" post_id="Oo5834OpmjrWAnKJaYR19lBw02Qy7XGeLxDVgqkM20EzZN6dbW" my_post="1" id="5" vocabulary_nm="valuable" spelling="ˈvæl.jə.bəl" mean="quý giá" /><row row_id="3" post_id="Oo5834OpmjrWAnKJaYR19lBw02Qy7XGeLxDVgqkM20EzZN6dbW" my_post="1" id="6" vocabulary_nm="abuse" spelling="əˈbjuːz" mean="sự lạm dụng, lăng mạ, sỉ nhục, ngược đãi" /><row row_id="3" post_id="Oo5834OpmjrWAnKJaYR19lBw02Qy7XGeLxDVgqkM20EzZN6dbW" my_post="1" id="7" vocabulary_nm="vicious" spelling="ˈvɪʃ.əs" mean="xấu xa,hằn học" />';
2018-11-01 08:23:37 EXEC SPC_COM_M999_INQ1 '8';
2018-11-01 08:23:37 EXEC SPC_USER_P001_LST2 '<row row_id="3" post_id="Oo5834OpmjrWAnKJaYR19lBw02Qy7XGeLxDVgqkM20EzZN6dbW" my_post="1" id="5" vocabulary_nm="valuable" spelling="ˈvæl.jə.bəl" mean="quý giá" /><row row_id="3" post_id="Oo5834OpmjrWAnKJaYR19lBw02Qy7XGeLxDVgqkM20EzZN6dbW" my_post="1" id="6" vocabulary_nm="abuse" spelling="əˈbjuːz" mean="sự lạm dụng, lăng mạ, sỉ nhục, ngược đãi" /><row row_id="3" post_id="Oo5834OpmjrWAnKJaYR19lBw02Qy7XGeLxDVgqkM20EzZN6dbW" my_post="1" id="7" vocabulary_nm="vicious" spelling="ˈvɪʃ.əs" mean="xấu xa,hằn học" />';
2018-11-01 08:24:39 EXEC SPC_COM_M999_INQ1 '8';
2018-11-01 08:24:40 EXEC SPC_USER_P001_LST2 '<row row_id="3" post_id="Oo5834OpmjrWAnKJaYR19lBw02Qy7XGeLxDVgqkM20EzZN6dbW" my_post="1" id="5" vocabulary_nm="valuable" spelling="ˈvæl.jə.bəl" mean="quý giá" /><row row_id="3" post_id="Oo5834OpmjrWAnKJaYR19lBw02Qy7XGeLxDVgqkM20EzZN6dbW" my_post="1" id="6" vocabulary_nm="abuse" spelling="əˈbjuːz" mean="sự lạm dụng, lăng mạ, sỉ nhục, ngược đãi" /><row row_id="3" post_id="Oo5834OpmjrWAnKJaYR19lBw02Qy7XGeLxDVgqkM20EzZN6dbW" my_post="1" id="7" vocabulary_nm="vicious" spelling="ˈvɪʃ.əs" mean="xấu xa,hằn học" />';
2018-11-01 08:25:08 EXEC SPC_COM_M999_INQ1 '8';
2018-11-01 08:25:08 EXEC SPC_USER_P001_LST2 '<row row_id="3" post_id="Oo5834OpmjrWAnKJaYR19lBw02Qy7XGeLxDVgqkM20EzZN6dbW" my_post="1" id="5" vocabulary_nm="valuable" spelling="ˈvæl.jə.bəl" mean="quý giá" /><row row_id="3" post_id="Oo5834OpmjrWAnKJaYR19lBw02Qy7XGeLxDVgqkM20EzZN6dbW" my_post="1" id="6" vocabulary_nm="abuse" spelling="əˈbjuːz" mean="sự lạm dụng, lăng mạ, sỉ nhục, ngược đãi" /><row row_id="3" post_id="Oo5834OpmjrWAnKJaYR19lBw02Qy7XGeLxDVgqkM20EzZN6dbW" my_post="1" id="7" vocabulary_nm="vicious" spelling="ˈvɪʃ.əs" mean="xấu xa,hằn học" />';
2018-11-01 08:25:14 EXEC SPC_USER_P001_LST1 '0','','','50','1';
2018-11-01 08:29:48 EXEC SPC_COM_DATA 'quypro','1','1';
2018-11-01 08:29:48 EXEC SPC_WRITING_LST1 '7','quypro','9','10';
2018-11-01 08:29:49 EXEC SPC_COM_DATA 'quypro','1','1';
2018-11-01 08:29:49 EXEC SPC_COMMON_GET_SUGGEST
2018-11-01 08:29:49 EXEC SPC_COM_DATA 'quypro','1','1';
2018-11-01 08:29:49 EXEC SPC_WRITING_LST2 '9','10','quypro';
2018-11-01 08:29:52 EXEC SPC_COM_M999_INQ1 '8';
2018-11-01 08:29:52 EXEC SPC_USER_P001_LST2 '';
2018-11-01 08:29:57 EXEC SPC_COM_M999_INQ1 '8';
2018-11-01 08:29:57 EXEC SPC_USER_P001_LST2 '<row row_id="3" post_id="Oo5834OpmjrWAnKJaYR19lBw02Qy7XGeLxDVgqkM20EzZN6dbW" my_post="1" id="5" vocabulary_nm="valuable" spelling="ˈvæl.jə.bəl" mean="quý giá" /><row row_id="3" post_id="Oo5834OpmjrWAnKJaYR19lBw02Qy7XGeLxDVgqkM20EzZN6dbW" my_post="1" id="6" vocabulary_nm="abuse" spelling="əˈbjuːz" mean="sự lạm dụng, lăng mạ, sỉ nhục, ngược đãi" /><row row_id="3" post_id="Oo5834OpmjrWAnKJaYR19lBw02Qy7XGeLxDVgqkM20EzZN6dbW" my_post="1" id="7" vocabulary_nm="vicious" spelling="ˈvɪʃ.əs" mean="xấu xa,hằn học" />';
2018-11-01 08:29:59 EXEC SPC_USER_P001_LST1 '0','','','50','1';
2018-11-01 08:30:13 EXEC SPC_USER_P001_LST1 '0','','','50','2';
2018-11-01 08:30:14 EXEC SPC_USER_P001_LST1 '0','','','50','2';
2018-11-01 08:30:15 EXEC SPC_USER_P001_LST1 '0','','','50','3';
2018-11-01 08:30:17 EXEC SPC_USER_P001_LST1 '0','','','50','3';
2018-11-01 08:32:03 EXEC SPC_COM_M999_INQ1 '8';
2018-11-01 08:32:04 EXEC SPC_USER_P001_LST2 '<row row_id="3" post_id="Oo5834OpmjrWAnKJaYR19lBw02Qy7XGeLxDVgqkM20EzZN6dbW" my_post="1" id="5" vocabulary_nm="valuable" spelling="ˈvæl.jə.bəl" mean="quý giá" /><row row_id="3" post_id="Oo5834OpmjrWAnKJaYR19lBw02Qy7XGeLxDVgqkM20EzZN6dbW" my_post="1" id="6" vocabulary_nm="abuse" spelling="əˈbjuːz" mean="sự lạm dụng, lăng mạ, sỉ nhục, ngược đãi" /><row row_id="3" post_id="Oo5834OpmjrWAnKJaYR19lBw02Qy7XGeLxDVgqkM20EzZN6dbW" my_post="1" id="7" vocabulary_nm="vicious" spelling="ˈvɪʃ.əs" mean="xấu xa,hằn học" />';
2018-11-01 08:32:06 EXEC SPC_USER_P001_LST1 '0','','','50','1';
2018-11-01 08:32:14 EXEC SPC_USER_P001_LST3 '<row row_id="3" id="5" /><row row_id="3" id="6" /><row row_id="3" id="7" /><row row_id="0" id="1" /><row row_id="0" id="2" />';
2018-11-01 08:32:16 EXEC SPC_COM_M999_INQ1 '8';
2018-11-01 08:32:17 EXEC SPC_USER_P001_LST2 '<row row_id="3" post_id="Oo5834OpmjrWAnKJaYR19lBw02Qy7XGeLxDVgqkM20EzZN6dbW" my_post="1" id="5" vocabulary_nm="valuable" spelling="ˈvæl.jə.bəl" mean="quý giá" /><row row_id="3" post_id="Oo5834OpmjrWAnKJaYR19lBw02Qy7XGeLxDVgqkM20EzZN6dbW" my_post="1" id="6" vocabulary_nm="abuse" spelling="əˈbjuːz" mean="sự lạm dụng, lăng mạ, sỉ nhục, ngược đãi" /><row row_id="3" post_id="Oo5834OpmjrWAnKJaYR19lBw02Qy7XGeLxDVgqkM20EzZN6dbW" my_post="1" id="7" vocabulary_nm="vicious" spelling="ˈvɪʃ.əs" mean="xấu xa,hằn học" />';
2018-11-01 08:32:33 EXEC SPC_COM_M999_INQ1 '8';
2018-11-01 08:32:33 EXEC SPC_USER_P001_LST2 '<row row_id="3" post_id="Oo5834OpmjrWAnKJaYR19lBw02Qy7XGeLxDVgqkM20EzZN6dbW" my_post="1" id="5" vocabulary_nm="valuable" spelling="ˈvæl.jə.bəl" mean="quý giá" /><row row_id="3" post_id="Oo5834OpmjrWAnKJaYR19lBw02Qy7XGeLxDVgqkM20EzZN6dbW" my_post="1" id="6" vocabulary_nm="abuse" spelling="əˈbjuːz" mean="sự lạm dụng, lăng mạ, sỉ nhục, ngược đãi" /><row row_id="3" post_id="Oo5834OpmjrWAnKJaYR19lBw02Qy7XGeLxDVgqkM20EzZN6dbW" my_post="1" id="7" vocabulary_nm="vicious" spelling="ˈvɪʃ.əs" mean="xấu xa,hằn học" />';
2018-11-01 08:32:36 EXEC SPC_USER_P001_LST1 '0','','','50','1';
2018-11-01 08:33:57 EXEC SPC_COM_DATA 'quypro','1','1';
2018-11-01 08:33:57 EXEC SPC_WRITING_LST1 '7','quypro','9','10';
2018-11-01 08:33:58 EXEC SPC_COM_DATA 'quypro','1','1';
2018-11-01 08:33:58 EXEC SPC_COMMON_GET_SUGGEST
2018-11-01 08:33:58 EXEC SPC_COM_DATA 'quypro','1','1';
2018-11-01 08:33:58 EXEC SPC_WRITING_LST2 '9','10','quypro';
2018-11-01 08:34:03 EXEC SPC_COM_M999_INQ1 '8';
2018-11-01 08:34:03 EXEC SPC_USER_P001_LST2 '<row row_id="3" post_id="Oo5834OpmjrWAnKJaYR19lBw02Qy7XGeLxDVgqkM20EzZN6dbW" my_post="1" id="5" vocabulary_nm="valuable" spelling="ˈvæl.jə.bəl" mean="quý giá" /><row row_id="3" post_id="Oo5834OpmjrWAnKJaYR19lBw02Qy7XGeLxDVgqkM20EzZN6dbW" my_post="1" id="6" vocabulary_nm="abuse" spelling="əˈbjuːz" mean="sự lạm dụng, lăng mạ, sỉ nhục, ngược đãi" /><row row_id="3" post_id="Oo5834OpmjrWAnKJaYR19lBw02Qy7XGeLxDVgqkM20EzZN6dbW" my_post="1" id="7" vocabulary_nm="vicious" spelling="ˈvɪʃ.əs" mean="xấu xa,hằn học" />';
2018-11-01 08:34:05 EXEC SPC_USER_P001_LST1 '0','','','3','50','1';
2018-11-01 08:34:25 EXEC SPC_USER_P001_LST1 '0','','','3','50','1';
2018-11-01 08:34:30 EXEC SPC_USER_P001_LST3 '<row row_id="3" id="5" /><row row_id="3" id="6" /><row row_id="3" id="7" /><row row_id="3" id="1" /><row row_id="3" id="2" />';
2018-11-01 08:34:35 EXEC SPC_COM_M999_INQ1 '8';
2018-11-01 08:34:35 EXEC SPC_USER_P001_LST2 '<row row_id="3" post_id="Oo5834OpmjrWAnKJaYR19lBw02Qy7XGeLxDVgqkM20EzZN6dbW" my_post="1" id="5" vocabulary_nm="valuable" spelling="ˈvæl.jə.bəl" mean="quý giá" /><row row_id="3" post_id="Oo5834OpmjrWAnKJaYR19lBw02Qy7XGeLxDVgqkM20EzZN6dbW" my_post="1" id="6" vocabulary_nm="abuse" spelling="əˈbjuːz" mean="sự lạm dụng, lăng mạ, sỉ nhục, ngược đãi" /><row row_id="3" post_id="Oo5834OpmjrWAnKJaYR19lBw02Qy7XGeLxDVgqkM20EzZN6dbW" my_post="1" id="7" vocabulary_nm="vicious" spelling="ˈvɪʃ.əs" mean="xấu xa,hằn học" />';
2018-11-01 08:35:16 EXEC SPC_COM_M999_INQ1 '8';
2018-11-01 08:35:16 EXEC SPC_USER_P001_LST2 '<row row_id="3" post_id="Oo5834OpmjrWAnKJaYR19lBw02Qy7XGeLxDVgqkM20EzZN6dbW" my_post="1" id="5" vocabulary_nm="valuable" spelling="ˈvæl.jə.bəl" mean="quý giá" /><row row_id="3" post_id="Oo5834OpmjrWAnKJaYR19lBw02Qy7XGeLxDVgqkM20EzZN6dbW" my_post="1" id="6" vocabulary_nm="abuse" spelling="əˈbjuːz" mean="sự lạm dụng, lăng mạ, sỉ nhục, ngược đãi" /><row row_id="3" post_id="Oo5834OpmjrWAnKJaYR19lBw02Qy7XGeLxDVgqkM20EzZN6dbW" my_post="1" id="7" vocabulary_nm="vicious" spelling="ˈvɪʃ.əs" mean="xấu xa,hằn học" />';
2018-11-01 08:39:28 EXEC SPC_COM_DATA 'quypro','1','1';
2018-11-01 08:39:28 EXEC SPC_WRITING_LST1 '7','quypro','9','10';
2018-11-01 08:39:28 EXEC SPC_COM_DATA 'quypro','1','1';
2018-11-01 08:39:28 EXEC SPC_COMMON_GET_SUGGEST
2018-11-01 08:39:29 EXEC SPC_COM_DATA 'quypro','1','1';
2018-11-01 08:39:29 EXEC SPC_WRITING_LST2 '9','10','quypro';
2018-11-01 08:39:42 EXEC SPC_COM_M999_INQ1 '8';
2018-11-01 08:39:42 EXEC SPC_USER_P001_LST2 '<row row_id="3" post_id="Oo5834OpmjrWAnKJaYR19lBw02Qy7XGeLxDVgqkM20EzZN6dbW" my_post="1" id="5" vocabulary_nm="valuable" spelling="ˈvæl.jə.bəl" mean="quý giá" /><row row_id="3" post_id="Oo5834OpmjrWAnKJaYR19lBw02Qy7XGeLxDVgqkM20EzZN6dbW" my_post="1" id="6" vocabulary_nm="abuse" spelling="əˈbjuːz" mean="sự lạm dụng, lăng mạ, sỉ nhục, ngược đãi" /><row row_id="3" post_id="Oo5834OpmjrWAnKJaYR19lBw02Qy7XGeLxDVgqkM20EzZN6dbW" my_post="1" id="7" vocabulary_nm="vicious" spelling="ˈvɪʃ.əs" mean="xấu xa,hằn học" />';
2018-11-01 08:39:45 EXEC SPC_USER_P001_LST1 '0','','','3','50','1';
2018-11-01 08:39:48 EXEC SPC_USER_P001_LST3 '<row row_id="3" id="5" /><row row_id="3" id="6" /><row row_id="3" id="7" /><row row_id="3" id="1" /><row row_id="3" id="2" />';
2018-11-01 08:42:33 EXEC SPC_COM_DATA 'quypro','1','1';
2018-11-01 08:42:33 EXEC SPC_WRITING_LST1 '7','quypro','9','10';
2018-11-01 08:42:34 EXEC SPC_COM_DATA 'quypro','1','1';
2018-11-01 08:42:34 EXEC SPC_COMMON_GET_SUGGEST
2018-11-01 08:42:34 EXEC SPC_COM_DATA 'quypro','1','1';
2018-11-01 08:42:34 EXEC SPC_WRITING_LST2 '9','10','quypro';
2018-11-01 08:42:40 EXEC SPC_COM_M999_INQ1 '8';
2018-11-01 08:43:18 EXEC SPC_COM_DATA 'quypro','1','1';
2018-11-01 08:43:18 EXEC SPC_WRITING_LST1 '7','quypro','9','10';
2018-11-01 08:43:19 EXEC SPC_COM_DATA 'quypro','1','1';
2018-11-01 08:43:19 EXEC SPC_COMMON_GET_SUGGEST
2018-11-01 08:43:19 EXEC SPC_COM_DATA 'quypro','1','1';
2018-11-01 08:43:19 EXEC SPC_WRITING_LST2 '9','10','quypro';
2018-11-01 08:43:25 EXEC SPC_COM_M999_INQ1 '8';
2018-11-01 08:45:23 EXEC SPC_COM_DATA 'quypro','1','1';
2018-11-01 08:45:23 EXEC SPC_WRITING_LST1 '7','quypro','9','10';
2018-11-01 08:45:23 EXEC SPC_COM_DATA 'quypro','1','1';
2018-11-01 08:45:23 EXEC SPC_COMMON_GET_SUGGEST
2018-11-01 08:45:23 EXEC SPC_COM_DATA 'quypro','1','1';
2018-11-01 08:45:24 EXEC SPC_WRITING_LST2 '9','10','quypro';
2018-11-01 08:45:30 EXEC SPC_COM_M999_INQ1 '8';
2018-11-01 08:45:30 EXEC SPC_USER_P001_LST2 '<row id="5" /><row id="6" /><row id="7" />';
2018-11-01 08:45:37 EXEC SPC_USER_P001_LST1 '0','','','3','50','1';
2018-11-01 08:45:40 EXEC SPC_USER_P001_LST3 '<row row_id="" id="5" /><row row_id="" id="6" /><row row_id="" id="7" /><row row_id="3" id="1" /><row row_id="3" id="2" />';
2018-11-01 08:47:29 EXEC SPC_COM_DATA 'quypro','1','1';
2018-11-01 08:47:29 EXEC SPC_WRITING_LST1 '7','quypro','9','10';
2018-11-01 08:47:29 EXEC SPC_COM_DATA 'quypro','1','1';
2018-11-01 08:47:29 EXEC SPC_COMMON_GET_SUGGEST
2018-11-01 08:47:30 EXEC SPC_COM_DATA 'quypro','1','1';
2018-11-01 08:47:30 EXEC SPC_WRITING_LST2 '9','10','quypro';
2018-11-01 08:47:43 EXEC SPC_COM_M999_INQ1 '8';
2018-11-01 08:47:43 EXEC SPC_USER_P001_LST2 '<row id="5" /><row id="6" /><row id="7" />';
2018-11-01 08:49:46 EXEC SPC_COM_DATA 'quypro','1','1';
2018-11-01 08:49:46 EXEC SPC_WRITING_LST1 '7','quypro','9','10';
2018-11-01 08:49:46 EXEC SPC_COM_DATA 'quypro','1','1';
2018-11-01 08:49:46 EXEC SPC_COMMON_GET_SUGGEST
2018-11-01 08:49:46 EXEC SPC_COM_DATA 'quypro','1','1';
2018-11-01 08:49:46 EXEC SPC_WRITING_LST2 '9','10','quypro';
2018-11-01 08:49:50 EXEC SPC_COM_M999_INQ1 '8';
2018-11-01 08:49:50 EXEC SPC_USER_P001_LST2 '<row row_id="3" id="5" /><row row_id="3" id="6" /><row row_id="3" id="7" />';
2018-11-01 08:49:54 EXEC SPC_USER_P001_LST3 '<row row_id="3" id="5" /><row row_id="3" id="6" /><row row_id="3" id="7" />';
2018-11-01 08:50:01 EXEC SPC_COM_M999_INQ1 '8';
2018-11-01 08:50:01 EXEC SPC_USER_P001_LST2 '<row row_id="3" id="5" /><row row_id="3" id="6" /><row row_id="3" id="7" />';
2018-11-01 08:50:03 EXEC SPC_USER_P001_LST1 '0','','','3','50','1';
2018-11-01 08:50:06 EXEC SPC_USER_P001_LST3 '<row row_id="3" id="5" /><row row_id="3" id="6" /><row row_id="3" id="7" /><row row_id="3" id="1" /><row row_id="3" id="2" />';
2018-11-01 08:50:10 EXEC SPC_COM_M999_INQ1 '8';
2018-11-01 08:50:10 EXEC SPC_USER_P001_LST2 '<row row_id="3" id="5" /><row row_id="3" id="6" /><row row_id="3" id="7" />';
2018-11-01 08:50:47 EXEC SPC_COM_M999_INQ1 '8';
2018-11-01 08:50:48 EXEC SPC_USER_P001_LST2 '<row row_id="3" id="5" /><row row_id="3" id="6" /><row row_id="3" id="7" />';
2018-11-01 08:53:18 EXEC SPC_COM_DATA 'quypro','1','1';
2018-11-01 08:53:18 EXEC SPC_WRITING_LST1 '7','quypro','9','10';
2018-11-01 08:53:18 EXEC SPC_COM_DATA 'quypro','1','1';
2018-11-01 08:53:18 EXEC SPC_COMMON_GET_SUGGEST
2018-11-01 08:53:18 EXEC SPC_COM_DATA 'quypro','1','1';
2018-11-01 08:53:18 EXEC SPC_WRITING_LST2 '9','10','quypro';
2018-11-01 08:53:27 EXEC SPC_COM_M999_INQ1 '8';
2018-11-01 08:53:27 EXEC SPC_USER_P001_LST2 '';
2018-11-01 08:53:53 EXEC SPC_COM_DATA 'quypro','1','1';
2018-11-01 08:53:53 EXEC SPC_WRITING_LST1 '7','quypro','9','10';
2018-11-01 08:53:54 EXEC SPC_COM_DATA 'quypro','1','1';
2018-11-01 08:53:54 EXEC SPC_COMMON_GET_SUGGEST
2018-11-01 08:53:54 EXEC SPC_COM_DATA 'quypro','1','1';
2018-11-01 08:53:54 EXEC SPC_WRITING_LST2 '9','10','quypro';
2018-11-01 08:53:58 EXEC SPC_COM_M999_INQ1 '8';
2018-11-01 08:53:58 EXEC SPC_USER_P001_LST2 '';
2018-11-01 08:55:19 EXEC SPC_COM_DATA 'quypro','1','1';
2018-11-01 08:55:19 EXEC SPC_WRITING_LST1 '7','quypro','9','10';
2018-11-01 08:55:19 EXEC SPC_COM_DATA 'quypro','1','1';
2018-11-01 08:55:19 EXEC SPC_COMMON_GET_SUGGEST
2018-11-01 08:55:19 EXEC SPC_COM_DATA 'quypro','1','1';
2018-11-01 08:55:19 EXEC SPC_WRITING_LST2 '9','10','quypro';
2018-11-01 08:55:23 EXEC SPC_COM_M999_INQ1 '8';
2018-11-01 08:55:24 EXEC SPC_USER_P001_LST2 '<row row_id="3" id="5" /><row row_id="3" id="6" /><row row_id="3" id="7" />';
2018-11-01 08:55:42 EXEC SPC_COM_DATA 'quypro','1','1';
2018-11-01 08:55:42 EXEC SPC_WRITING_LST1 '7','quypro','9','10';
2018-11-01 08:55:42 EXEC SPC_COM_DATA 'quypro','1','1';
2018-11-01 08:55:42 EXEC SPC_COMMON_GET_SUGGEST
2018-11-01 08:55:43 EXEC SPC_COM_DATA 'quypro','1','1';
2018-11-01 08:55:43 EXEC SPC_WRITING_LST2 '9','10','quypro';
2018-11-01 08:55:47 EXEC SPC_COM_M999_INQ1 '8';
2018-11-01 08:55:47 EXEC SPC_USER_P001_LST2 '<row row_id="3" id="5" /><row row_id="3" id="6" /><row row_id="3" id="7" />';
2018-11-01 08:55:50 EXEC SPC_USER_P001_LST1 '0','','','3','50','1';
2018-11-01 08:55:54 EXEC SPC_USER_P001_LST3 '<row row_id="3" id="5" /><row row_id="3" id="6" /><row row_id="3" id="7" /><row row_id="3" id="1" /><row row_id="3" id="2" />';
2018-11-01 08:55:57 EXEC SPC_COM_M999_INQ1 '8';
2018-11-01 08:55:57 EXEC SPC_USER_P001_LST2 '<row row_id="3" id="5" /><row row_id="3" id="6" /><row row_id="3" id="7" /><row row_id="3" id="1" /><row row_id="3" id="2" />';
2018-11-01 08:57:09 EXEC SPC_COM_M999_INQ1 '8';
2018-11-01 08:57:10 EXEC SPC_USER_P001_LST2 '<row row_id="3" id="5" /><row row_id="3" id="6" /><row row_id="3" id="7" /><row row_id="3" id="1" /><row row_id="3" id="2" />';
2018-11-01 09:00:19 EXEC SPC_COM_M999_INQ1 '8';
2018-11-01 09:00:19 EXEC SPC_USER_P001_LST2 '<row row_id="3" id="5" /><row row_id="3" id="6" /><row row_id="3" id="7" /><row row_id="3" id="1" /><row row_id="3" id="2" />';
2018-11-01 09:00:49 EXEC SPC_COM_M999_INQ1 '8';
2018-11-01 09:00:49 EXEC SPC_USER_P001_LST2 '<row row_id="3" id="5" /><row row_id="3" id="6" /><row row_id="3" id="7" /><row row_id="3" id="1" /><row row_id="3" id="2" />';
2018-11-01 09:00:56 EXEC SPC_USER_P001_LST1 '0','','','3','50','1';
2018-11-01 09:01:05 EXEC SPC_COM_DATA 'quypro','1','1';
2018-11-01 09:01:05 EXEC SPC_WRITING_LST1 '7','quypro','9','10';
2018-11-01 09:01:06 EXEC SPC_COM_DATA 'quypro','1','1';
2018-11-01 09:01:06 EXEC SPC_COMMON_GET_SUGGEST
2018-11-01 09:01:06 EXEC SPC_COM_DATA 'quypro','1','1';
2018-11-01 09:01:06 EXEC SPC_WRITING_LST2 '9','10','quypro';
