2018-12-14 00:25:46 EXEC SPC_COM_DATA '','','';
2018-12-14 00:27:00 EXEC SPC_COM_DATA '','','';
2018-12-14 00:27:18 EXEC SPC_COM_DATA '','','';
2018-12-14 00:29:58 EXEC SPC_COM_DATA '','','';
2018-12-14 00:35:06 EXEC SPC_COM_DATA '','','';
2018-12-14 00:38:40 EXEC SPC_COM_DATA '','','';
2018-12-14 01:15:43 EXEC SPC_COM_DATA '','','';
2018-12-14 01:29:09 EXEC SPC_COM_DATA '','','';
2018-12-14 01:31:16 EXEC SPC_COM_DATA '','','';
2018-12-14 01:33:07 EXEC SPC_COM_DATA '','','';
2018-12-14 01:34:10 EXEC SPC_COM_DATA '','','';
2018-12-14 01:52:26 EXEC SPC_COM_DATA '','','';
2018-12-14 01:53:08 EXEC SPC_COM_DATA '','','';
2018-12-14 01:54:01 EXEC SPC_COM_DATA '','','';
2018-12-14 01:57:14 EXEC SPC_COM_DATA '','','';
2018-12-14 04:50:52 EXEC SPC_COM_DATA '','','';
2018-12-14 04:50:53 EXEC SPC_READING_LST1 '','','','';
2018-12-14 04:50:55 EXEC SPC_COM_DATA '','','';
2018-12-14 04:50:55 EXEC SPC_READING_LST2 '12','14','';
2018-12-14 04:51:30 EXEC SPC_COM_DATA '','','';
2018-12-14 04:51:30 EXEC SPC_READING_LST1 '9','','12','14';
2018-12-14 04:51:31 EXEC SPC_COM_DATA '','','';
2018-12-14 04:51:31 EXEC SPC_READING_LST2 '12','14','';
2018-12-14 04:51:53 EXEC SPC_COM_DATA '','','';
2018-12-14 04:51:53 EXEC SPC_READING_LST1 '9','','12','14';
2018-12-14 04:51:54 EXEC SPC_COM_DATA '','','';
2018-12-14 04:51:54 EXEC SPC_READING_LST2 '12','14','';
2018-12-14 04:54:23 EXEC SPC_COM_DATA '','','';
2018-12-14 04:54:23 EXEC SPC_READING_LST1 '9','','12','14';
2018-12-14 04:54:24 EXEC SPC_COM_DATA '','','';
2018-12-14 04:54:24 EXEC SPC_READING_LST2 '12','14','';
2018-12-14 04:55:02 EXEC SPC_COM_DATA '','','';
2018-12-14 04:55:02 EXEC SPC_READING_LST1 '9','','12','14';
2018-12-14 04:55:02 EXEC SPC_COM_DATA '','','';
2018-12-14 04:55:02 EXEC SPC_READING_LST2 '12','14','';
2018-12-14 04:57:53 EXEC SPC_COMMON_ACCOUNT '2','1';
2018-12-14 04:57:53 EXEC SPC_COM_DATA 'khoai','2','1';
2018-12-14 04:57:53 EXEC SPC_READING_LST1 '9','khoai','12','14';
2018-12-14 04:57:54 EXEC SPC_COM_DATA 'khoai','2','1';
2018-12-14 04:57:54 EXEC SPC_READING_LST2 '12','14','khoai';
2018-12-14 04:57:59 EXEC SPC_COM_DATA 'khoai','2','1';
2018-12-14 04:57:59 EXEC SPC_COM_ADD_LESSON '5','12','14','khoai','127.0.0.1';
2018-12-14 04:58:05 EXEC SPC_COM_DATA 'khoai','2','1';
2018-12-14 04:58:05 EXEC SPC_READING_LST2 '13','15','khoai';
2018-12-14 04:58:10 EXEC SPC_COM_DATA 'khoai','2','1';
2018-12-14 04:58:10 EXEC SPC_READING_LST2 '12','14','khoai';
2018-12-14 04:58:24 EXEC SPC_COM_DATA 'khoai','2','1';
2018-12-14 04:58:24 EXEC SPC_READING_LST1 '9','khoai','12','14';
2018-12-14 04:58:25 EXEC SPC_COM_DATA 'khoai','2','1';
2018-12-14 04:58:25 EXEC SPC_READING_LST2 '12','14','khoai';
2018-12-14 04:58:42 EXEC SPC_COM_DATA 'khoai','2','1';
2018-12-14 04:58:42 EXEC SPC_READING_LST1 '9','khoai','12','14';
2018-12-14 04:58:43 EXEC SPC_COM_DATA 'khoai','2','1';
2018-12-14 04:58:43 EXEC SPC_READING_LST2 '12','14','khoai';
2018-12-14 04:59:59 EXEC SPC_COM_DATA 'khoai','2','1';
2018-12-14 05:03:25 EXEC SPC_COM_DATA 'khoai','2','1';
2018-12-14 05:03:25 EXEC SPC_COM_MENU '2';
2018-12-14 05:03:29 EXEC SPC_COM_DATA 'khoai','2','1';
2018-12-14 05:03:29 EXEC SPC_SOCIAL_LST1 '','khoai';
2018-12-14 05:03:30 EXEC SPC_COM_DATA 'khoai','2','1';
2018-12-14 05:03:30 EXEC SPC_SOCIAL_LST2 '','1','','khoai';
2018-12-14 05:03:35 EXEC SPC_COM_DATA 'khoai','2','1';
2018-12-14 05:03:35 EXEC SPC_SOCIAL_ACT2 '21','khoai','127.0.0.1';
2018-12-14 05:03:36 EXEC SPC_COM_DATA 'khoai','2','1';
2018-12-14 05:10:20 EXEC SPC_COM_DATA 'khoai','2','1';
2018-12-14 05:24:50 EXEC SPC_COM_DATA 'khoai','2','1';
2018-12-14 05:28:55 EXEC SPC_COM_DATA 'khoai','2','1';
2018-12-14 05:28:59 EXEC SPC_COM_DATA 'khoai','2','1';
2018-12-14 05:29:00 EXEC SPC_COM_DATA 'khoai','2','1';
2018-12-14 05:29:00 EXEC SPC_COM_DATA 'khoai','2','1';
2018-12-14 05:29:01 EXEC SPC_COM_DATA 'khoai','2','1';
2018-12-14 05:29:02 EXEC SPC_COM_DATA 'khoai','2','1';
2018-12-14 05:31:41 EXEC SPC_COM_DATA 'khoai','2','1';
2018-12-14 05:31:44 EXEC SPC_COM_DATA 'khoai','2','1';
2018-12-14 05:31:58 EXEC SPC_COM_DATA 'khoai','2','1';
2018-12-14 05:34:51 EXEC SPC_COM_DATA 'khoai','2','1';
2018-12-14 05:34:52 EXEC SPC_COM_DATA 'khoai','2','1';
2018-12-14 05:34:53 EXEC SPC_COM_DATA 'khoai','2','1';
2018-12-14 05:34:54 EXEC SPC_COM_DATA 'khoai','2','1';
2018-12-14 05:34:54 EXEC SPC_COM_DATA 'khoai','2','1';
2018-12-14 05:34:55 EXEC SPC_COM_DATA 'khoai','2','1';
2018-12-14 05:34:56 EXEC SPC_COM_DATA 'khoai','2','1';
2018-12-14 05:34:56 EXEC SPC_COM_DATA 'khoai','2','1';
2018-12-14 05:35:44 EXEC SPC_COM_DATA 'khoai','2','1';
2018-12-14 05:39:43 EXEC SPC_COM_DATA 'khoai','2','1';
2018-12-14 05:39:45 EXEC SPC_COM_DATA 'khoai','2','1';
2018-12-14 05:39:46 EXEC SPC_COM_DATA 'khoai','2','1';
2018-12-14 05:39:47 EXEC SPC_COM_DATA 'khoai','2','1';
2018-12-14 05:40:42 EXEC SPC_COM_DATA 'khoai','2','1';
2018-12-14 05:45:27 EXEC SPC_COM_DATA 'khoai','2','1';
2018-12-14 05:45:29 EXEC SPC_COM_DATA 'khoai','2','1';
2018-12-14 05:50:19 EXEC SPC_COM_DATA 'khoai','2','1';
2018-12-14 05:53:12 EXEC SPC_COM_DATA 'khoai','2','1';
2018-12-14 06:10:02 EXEC SPC_COM_DATA 'khoai','2','1';
2018-12-14 06:10:17 EXEC SPC_COM_DATA 'khoai','2','1';
2018-12-14 06:10:18 EXEC SPC_COM_MENU '2';
2018-12-14 06:10:54 EXEC SPC_COM_DATA 'khoai','2','1';
2018-12-14 06:10:55 EXEC SPC_COM_DATA 'khoai','2','1';
2018-12-14 06:12:33 EXEC SPC_COM_DATA 'khoai','2','1';
2018-12-14 06:12:34 EXEC SPC_COM_DATA 'khoai','2','1';
2018-12-14 06:12:38 EXEC SPC_COM_DATA 'khoai','2','1';
2018-12-14 06:12:42 EXEC SPC_COM_DATA 'khoai','2','1';
2018-12-14 06:12:46 EXEC SPC_COM_DATA 'khoai','2','1';
2018-12-14 06:13:10 EXEC SPC_COM_DATA 'khoai','2','1';
2018-12-14 06:13:11 EXEC SPC_COM_DATA 'khoai','2','1';
2018-12-14 06:13:11 EXEC SPC_COM_DATA 'khoai','2','1';
2018-12-14 06:13:12 EXEC SPC_COM_DATA 'khoai','2','1';
2018-12-14 06:13:12 EXEC SPC_COM_DATA 'khoai','2','1';
2018-12-14 06:13:18 EXEC SPC_COM_DATA 'khoai','2','1';
2018-12-14 06:13:19 EXEC SPC_COM_DATA 'khoai','2','1';
2018-12-14 06:13:21 EXEC SPC_COM_DATA 'khoai','2','1';
2018-12-14 06:13:22 EXEC SPC_COM_DATA 'khoai','2','1';
2018-12-14 06:13:52 EXEC SPC_COM_DATA 'khoai','2','1';
2018-12-14 06:13:53 EXEC SPC_COM_DATA 'khoai','2','1';
2018-12-14 06:13:54 EXEC SPC_COM_DATA 'khoai','2','1';
2018-12-14 06:13:55 EXEC SPC_COM_DATA 'khoai','2','1';
2018-12-14 06:13:56 EXEC SPC_COM_DATA 'khoai','2','1';
2018-12-14 06:13:57 EXEC SPC_COM_DATA 'khoai','2','1';
2018-12-14 06:14:00 EXEC SPC_COM_DATA 'khoai','2','1';
2018-12-14 06:14:01 EXEC SPC_COM_DATA 'khoai','2','1';
2018-12-14 06:14:03 EXEC SPC_COM_DATA 'khoai','2','1';
2018-12-14 06:15:25 EXEC SPC_COM_DATA 'khoai','2','1';
2018-12-14 06:15:31 EXEC SPC_COM_DATA 'khoai','2','1';
2018-12-14 06:15:33 EXEC SPC_COM_DATA 'khoai','2','1';
2018-12-14 06:15:55 EXEC SPC_COM_DATA 'khoai','2','1';
2018-12-14 06:16:07 EXEC SPC_COM_DATA 'khoai','2','1';
2018-12-14 06:16:10 EXEC SPC_COM_DATA 'khoai','2','1';
2018-12-14 06:16:10 EXEC SPC_COM_DATA 'khoai','2','1';
2018-12-14 06:16:41 EXEC SPC_COM_DATA 'khoai','2','1';
2018-12-14 06:19:11 EXEC SPC_COM_DATA 'khoai','2','1';
2018-12-14 06:19:13 EXEC SPC_COM_DATA 'khoai','2','1';
2018-12-14 06:19:14 EXEC SPC_COM_DATA 'khoai','2','1';
2018-12-14 06:19:15 EXEC SPC_COM_DATA 'khoai','2','1';
2018-12-14 06:19:16 EXEC SPC_COM_DATA 'khoai','2','1';
2018-12-14 06:20:19 EXEC SPC_COM_DATA 'khoai','2','1';
2018-12-14 06:20:21 EXEC SPC_COM_DATA 'khoai','2','1';
2018-12-14 06:20:29 EXEC SPC_COM_DATA 'khoai','2','1';
2018-12-14 06:20:33 EXEC SPC_COM_DATA 'khoai','2','1';
2018-12-14 06:20:36 EXEC SPC_COM_DATA 'khoai','2','1';
2018-12-14 06:20:45 EXEC SPC_COM_DATA 'khoai','2','1';
2018-12-14 06:21:03 EXEC SPC_COM_DATA 'khoai','2','1';
2018-12-14 06:21:10 EXEC SPC_COM_DATA 'khoai','2','1';
2018-12-14 06:21:17 EXEC SPC_COM_DATA 'khoai','2','1';
2018-12-14 06:21:20 EXEC SPC_COM_DATA 'khoai','2','1';
2018-12-14 06:22:14 EXEC SPC_COM_DATA 'khoai','2','1';
2018-12-14 06:22:19 EXEC SPC_COM_DATA 'khoai','2','1';
2018-12-14 06:22:21 EXEC SPC_COM_DATA 'khoai','2','1';
2018-12-14 06:22:26 EXEC SPC_COM_DATA 'khoai','2','1';
2018-12-14 06:22:39 EXEC SPC_COM_DATA 'khoai','2','1';
2018-12-14 06:22:52 EXEC SPC_COM_DATA 'khoai','2','1';
2018-12-14 06:23:17 EXEC SPC_COM_DATA 'khoai','2','1';
2018-12-14 06:23:22 EXEC SPC_COM_DATA 'khoai','2','1';
2018-12-14 06:27:44 EXEC SPC_COM_DATA 'khoai','2','1';
2018-12-14 06:27:56 EXEC SPC_COM_DATA 'khoai','2','1';
2018-12-14 06:29:10 EXEC SPC_COM_DATA 'khoai','2','1';
2018-12-14 06:29:12 EXEC SPC_COM_DATA 'khoai','2','1';
2018-12-14 06:29:14 EXEC SPC_COM_DATA 'khoai','2','1';
2018-12-14 06:29:17 EXEC SPC_COM_DATA 'khoai','2','1';
2018-12-14 06:29:20 EXEC SPC_COM_DATA 'khoai','2','1';
2018-12-14 06:29:38 EXEC SPC_COM_DATA 'khoai','2','1';
2018-12-14 06:29:44 EXEC SPC_COM_DATA 'khoai','2','1';
2018-12-14 06:29:50 EXEC SPC_COM_DATA 'khoai','2','1';
2018-12-14 06:29:55 EXEC SPC_COM_DATA 'khoai','2','1';
2018-12-14 06:30:02 EXEC SPC_COM_DATA 'khoai','2','1';
2018-12-14 06:30:04 EXEC SPC_COM_DATA 'khoai','2','1';
2018-12-14 06:47:37 EXEC SPC_COM_DATA 'khoai','2','1';
2018-12-14 06:47:40 EXEC SPC_COM_DATA 'khoai','2','1';
2018-12-14 06:47:42 EXEC SPC_COM_DATA 'khoai','2','1';
2018-12-14 06:47:50 EXEC SPC_COM_DATA 'khoai','2','1';
2018-12-14 06:47:51 EXEC SPC_COM_DATA 'khoai','2','1';
2018-12-14 06:48:07 EXEC SPC_COM_DATA 'khoai','2','1';
2018-12-14 06:48:22 EXEC SPC_COM_DATA 'khoai','2','1';
2018-12-14 06:48:59 EXEC SPC_COM_DATA 'khoai','2','1';
2018-12-14 06:49:01 EXEC SPC_COM_DATA 'khoai','2','1';
2018-12-14 06:49:03 EXEC SPC_COM_DATA 'khoai','2','1';
2018-12-14 06:49:43 EXEC SPC_COM_DATA 'khoai','2','1';
2018-12-14 06:51:37 EXEC SPC_COM_DATA 'khoai','2','1';
2018-12-14 06:51:37 EXEC SPC_WRITING_LST1 '','khoai','12','14';
2018-12-14 06:51:39 EXEC SPC_COM_DATA 'khoai','2','1';
2018-12-14 06:51:39 EXEC SPC_COMMON_GET_SUGGEST
2018-12-14 06:51:39 EXEC SPC_COM_DATA 'khoai','2','1';
2018-12-14 06:51:39 EXEC SPC_WRITING_LST2 '9','10','khoai';
2018-12-14 06:52:59 EXEC SPC_COM_DATA 'khoai','2','1';
2018-12-14 06:53:01 EXEC SPC_COM_DATA 'khoai','2','1';
2018-12-14 06:53:28 EXEC SPC_COM_DATA 'khoai','2','1';
2018-12-14 06:53:30 EXEC SPC_COM_DATA 'khoai','2','1';
2018-12-14 06:54:23 EXEC SPC_COM_DATA 'khoai','2','1';
2018-12-14 06:54:24 EXEC SPC_COM_DATA 'khoai','2','1';
2018-12-14 06:56:10 EXEC SPC_COM_DATA 'khoai','2','1';
2018-12-14 06:56:11 EXEC SPC_COM_DATA 'khoai','2','1';
2018-12-14 06:57:16 EXEC SPC_COM_DATA 'khoai','2','1';
2018-12-14 06:57:18 EXEC SPC_COM_DATA 'khoai','2','1';
2018-12-14 07:02:41 EXEC SPC_COM_DATA 'khoai','2','1';
2018-12-14 07:02:42 EXEC SPC_COM_DATA 'khoai','2','1';
2018-12-14 07:02:47 EXEC SPC_COM_DATA 'khoai','2','1';
2018-12-14 07:02:58 EXEC SPC_COM_DATA 'khoai','2','1';
2018-12-14 07:02:59 EXEC SPC_COM_DATA 'khoai','2','1';
2018-12-14 07:03:03 EXEC SPC_COM_DATA 'khoai','2','1';
2018-12-14 07:03:06 EXEC SPC_COM_DATA 'khoai','2','1';
2018-12-14 07:03:32 EXEC SPC_COM_DATA 'khoai','2','1';
2018-12-14 07:03:34 EXEC SPC_COM_DATA 'khoai','2','1';
2018-12-14 07:15:20 EXEC SPC_COM_DATA 'khoai','2','1';
2018-12-14 07:15:21 EXEC SPC_COM_DATA 'khoai','2','1';
2018-12-14 07:15:22 EXEC SPC_COM_DATA 'khoai','2','1';
2018-12-14 07:15:22 EXEC SPC_COM_DATA 'khoai','2','1';
2018-12-14 07:15:23 EXEC SPC_COM_DATA 'khoai','2','1';
2018-12-14 07:15:24 EXEC SPC_COM_DATA 'khoai','2','1';
2018-12-14 07:15:24 EXEC SPC_COM_DATA 'khoai','2','1';
2018-12-14 07:15:26 EXEC SPC_COM_DATA 'khoai','2','1';
2018-12-14 07:15:26 EXEC SPC_COM_DATA 'khoai','2','1';
2018-12-14 07:15:35 EXEC SPC_COM_DATA 'khoai','2','1';
2018-12-14 07:15:36 EXEC SPC_COM_DATA 'khoai','2','1';
2018-12-14 07:15:39 EXEC SPC_COM_DATA 'khoai','2','1';
2018-12-14 07:15:40 EXEC SPC_COM_DATA 'khoai','2','1';
2018-12-14 07:15:40 EXEC SPC_COM_DATA 'khoai','2','1';
2018-12-14 07:15:41 EXEC SPC_COM_DATA 'khoai','2','1';
2018-12-14 07:15:42 EXEC SPC_COM_DATA 'khoai','2','1';
2018-12-14 07:15:43 EXEC SPC_COM_DATA 'khoai','2','1';
2018-12-14 07:16:54 EXEC SPC_COM_DATA 'khoai','2','1';
2018-12-14 07:16:56 EXEC SPC_COM_DATA 'khoai','2','1';
2018-12-14 07:21:39 EXEC SPC_COM_DATA 'khoai','2','1';
2018-12-14 07:21:39 EXEC SPC_COM_DATA 'khoai','2','1';
2018-12-14 07:21:40 EXEC SPC_COM_DATA 'khoai','2','1';
2018-12-14 07:21:41 EXEC SPC_COM_DATA 'khoai','2','1';
2018-12-14 07:21:43 EXEC SPC_COM_DATA 'khoai','2','1';
2018-12-14 07:21:43 EXEC SPC_COM_DATA 'khoai','2','1';
2018-12-14 07:21:45 EXEC SPC_COM_DATA 'khoai','2','1';
2018-12-14 07:21:45 EXEC SPC_COM_DATA 'khoai','2','1';
2018-12-14 07:21:47 EXEC SPC_COM_DATA 'khoai','2','1';
2018-12-14 07:26:16 EXEC SPC_COM_DATA 'khoai','2','1';
2018-12-14 07:26:54 EXEC SPC_COM_DATA 'khoai','2','1';
2018-12-14 07:27:25 EXEC SPC_COM_DATA 'khoai','2','1';
2018-12-14 07:28:00 EXEC SPC_COM_DATA 'khoai','2','1';
2018-12-14 07:28:01 EXEC SPC_COM_DATA 'khoai','2','1';
2018-12-14 07:28:04 EXEC SPC_COM_DATA 'khoai','2','1';
2018-12-14 07:28:07 EXEC SPC_COM_DATA 'khoai','2','1';
2018-12-14 07:28:09 EXEC SPC_COM_DATA 'khoai','2','1';
2018-12-14 07:28:09 EXEC SPC_COM_DATA 'khoai','2','1';
2018-12-14 07:28:10 EXEC SPC_COM_DATA 'khoai','2','1';
2018-12-14 07:28:18 EXEC SPC_COM_DATA 'khoai','2','1';
2018-12-14 07:31:16 EXEC SPC_COM_DATA 'khoai','2','1';
2018-12-14 07:31:18 EXEC SPC_COM_DATA 'khoai','2','1';
2018-12-14 07:31:25 EXEC SPC_COM_DATA 'khoai','2','1';
2018-12-14 07:31:37 EXEC SPC_COM_DATA 'khoai','2','1';
2018-12-14 07:31:42 EXEC SPC_COM_DATA 'khoai','2','1';
2018-12-14 07:31:43 EXEC SPC_COM_DATA 'khoai','2','1';
2018-12-14 07:31:45 EXEC SPC_COM_DATA 'khoai','2','1';
2018-12-14 07:32:05 EXEC SPC_COM_DATA 'khoai','2','1';
2018-12-14 07:32:06 EXEC SPC_COM_DATA 'khoai','2','1';
2018-12-14 07:32:08 EXEC SPC_COM_DATA 'khoai','2','1';
2018-12-14 07:32:11 EXEC SPC_COM_DATA 'khoai','2','1';
2018-12-14 07:35:13 EXEC SPC_COM_DATA 'khoai','2','1';
2018-12-14 07:35:14 EXEC SPC_COM_DATA 'khoai','2','1';
2018-12-14 07:35:15 EXEC SPC_COM_DATA 'khoai','2','1';
2018-12-14 07:35:18 EXEC SPC_COM_DATA 'khoai','2','1';
2018-12-14 07:35:22 EXEC SPC_COM_DATA 'khoai','2','1';
2018-12-14 07:35:25 EXEC SPC_COM_DATA 'khoai','2','1';
2018-12-14 07:35:26 EXEC SPC_COM_DATA 'khoai','2','1';
2018-12-14 07:35:27 EXEC SPC_COM_DATA 'khoai','2','1';
2018-12-14 07:35:30 EXEC SPC_COM_DATA 'khoai','2','1';
2018-12-14 07:35:32 EXEC SPC_COM_DATA 'khoai','2','1';
2018-12-14 07:35:33 EXEC SPC_COM_DATA 'khoai','2','1';
2018-12-14 07:35:34 EXEC SPC_COM_DATA 'khoai','2','1';
2018-12-14 07:35:40 EXEC SPC_COM_DATA 'khoai','2','1';
2018-12-14 07:39:41 EXEC SPC_COM_DATA 'khoai','2','1';
2018-12-14 07:39:41 EXEC SPC_DICTIONARY_LST1 '','khoai';
2018-12-14 07:39:44 EXEC SPC_COM_DATA 'khoai','2','1';
2018-12-14 07:39:44 EXEC SPC_DICTIONARY_LST2 'goal','khoai','127.0.0.1';
2018-12-14 07:39:47 EXEC SPC_COM_DATA 'khoai','2','1';
2018-12-14 07:39:47 EXEC SPC_DICTIONARY_LST2 'king','khoai','127.0.0.1';
2018-12-14 07:39:48 EXEC SPC_COM_DATA 'khoai','2','1';
2018-12-14 07:39:48 EXEC SPC_DICTIONARY_LST2 'king','khoai','127.0.0.1';
2018-12-14 07:39:50 EXEC SPC_COM_DATA 'khoai','2','1';
2018-12-14 07:39:50 EXEC SPC_DICTIONARY_LST1 '2','khoai';
2018-12-14 07:39:51 EXEC SPC_COM_DATA 'khoai','2','1';
2018-12-14 07:39:51 EXEC SPC_DICTIONARY_LST2 'king','khoai','127.0.0.1';
2018-12-14 07:40:00 EXEC SPC_COM_DATA 'khoai','2','1';
2018-12-14 07:40:02 EXEC SPC_COM_DATA 'khoai','2','1';
2018-12-14 07:41:22 EXEC SPC_COM_DATA 'khoai','2','1';
2018-12-14 07:41:24 EXEC SPC_COM_DATA 'khoai','2','1';
2018-12-14 07:42:16 EXEC SPC_COM_DATA 'khoai','2','1';
2018-12-14 07:42:18 EXEC SPC_COM_DATA 'khoai','2','1';
2018-12-14 07:42:53 EXEC SPC_COM_DATA 'khoai','2','1';
2018-12-14 07:42:55 EXEC SPC_COM_DATA 'khoai','2','1';
2018-12-14 07:43:33 EXEC SPC_COM_DATA 'khoai','2','1';
2018-12-14 07:43:34 EXEC SPC_COM_DATA 'khoai','2','1';
2018-12-14 07:45:16 EXEC SPC_COM_DATA 'khoai','2','1';
2018-12-14 07:45:18 EXEC SPC_COM_DATA 'khoai','2','1';
2018-12-14 07:48:02 EXEC SPC_COM_DATA 'khoai','2','1';
2018-12-14 07:48:04 EXEC SPC_COM_DATA 'khoai','2','1';
2018-12-14 07:51:41 EXEC SPC_COM_DATA 'khoai','2','1';
2018-12-14 07:51:43 EXEC SPC_COM_DATA 'khoai','2','1';
2018-12-14 07:55:12 EXEC SPC_COM_DATA 'khoai','2','1';
2018-12-14 07:55:14 EXEC SPC_COM_DATA 'khoai','2','1';
2018-12-14 07:55:46 EXEC SPC_COM_DATA 'khoai','2','1';
2018-12-14 07:55:48 EXEC SPC_COM_DATA 'khoai','2','1';
2018-12-14 07:56:08 EXEC SPC_COM_DATA 'khoai','2','1';
2018-12-14 07:56:09 EXEC SPC_COM_DATA 'khoai','2','1';
2018-12-14 07:56:16 EXEC SPC_COM_DATA 'khoai','2','1';
2018-12-14 07:56:18 EXEC SPC_COM_DATA 'khoai','2','1';
2018-12-14 07:59:51 EXEC SPC_COM_DATA 'khoai','2','1';
2018-12-14 07:59:53 EXEC SPC_COM_DATA 'khoai','2','1';
2018-12-14 08:00:13 EXEC SPC_COM_DATA 'khoai','2','1';
2018-12-14 08:00:25 EXEC SPC_COM_DATA 'khoai','2','1';
2018-12-14 08:00:26 EXEC SPC_COM_DATA 'khoai','2','1';
2018-12-14 08:00:54 EXEC SPC_COM_DATA 'khoai','2','1';
2018-12-14 08:00:56 EXEC SPC_COM_DATA 'khoai','2','1';
2018-12-14 08:03:11 EXEC SPC_COM_DATA 'khoai','2','1';
2018-12-14 08:03:12 EXEC SPC_COM_DATA 'khoai','2','1';
2018-12-14 08:06:49 EXEC SPC_COM_DATA 'khoai','2','1';
2018-12-14 08:06:50 EXEC SPC_COM_MENU '2';
2018-12-14 08:06:51 EXEC SPC_COM_DATA 'khoai','2','1';
2018-12-14 08:06:51 EXEC SPC_VOCABULARY_LST1 '','khoai','9','10';
2018-12-14 08:06:52 EXEC SPC_COM_DATA 'khoai','2','1';
2018-12-14 08:06:52 EXEC SPC_VOCABULARY_LST2 '2','3','khoai';
2018-12-14 08:06:57 EXEC SPC_COM_DATA 'khoai','2','1';
2018-12-14 08:06:57 EXEC SPC_GRAMMAR_LST1 '','khoai','2','3';
2018-12-14 08:06:58 EXEC SPC_COM_DATA 'khoai','2','1';
2018-12-14 08:06:58 EXEC SPC_GRAMMAR_LST2 '6','7','khoai';
2018-12-14 08:07:02 EXEC SPC_COM_DATA 'khoai','2','1';
2018-12-14 08:07:02 EXEC SPC_WRITING_LST1 '','khoai','6','7';
2018-12-14 08:07:03 EXEC SPC_COM_DATA 'khoai','2','1';
2018-12-14 08:07:03 EXEC SPC_COMMON_GET_SUGGEST
2018-12-14 08:07:03 EXEC SPC_COM_DATA 'khoai','2','1';
2018-12-14 08:07:03 EXEC SPC_WRITING_LST2 '9','10','khoai';
2018-12-14 08:10:53 EXEC SPC_COM_DATA 'khoai','2','1';
2018-12-14 08:10:53 EXEC SPC_WRITING_LST1 '21','khoai','9','10';
2018-12-14 08:10:54 EXEC SPC_COM_DATA 'khoai','2','1';
2018-12-14 08:10:54 EXEC SPC_COMMON_GET_SUGGEST
2018-12-14 08:10:54 EXEC SPC_COM_DATA 'khoai','2','1';
2018-12-14 08:10:54 EXEC SPC_WRITING_LST2 '9','10','khoai';
2018-12-14 08:10:56 EXEC SPC_COM_DATA 'khoai','2','1';
2018-12-14 08:10:58 EXEC SPC_COM_DATA 'khoai','2','1';
2018-12-14 08:15:26 EXEC SPC_COM_DATA 'khoai','2','1';
2018-12-14 08:15:28 EXEC SPC_COM_DATA 'khoai','2','1';
2018-12-14 08:16:20 EXEC SPC_COM_DATA 'khoai','2','1';
2018-12-14 08:16:22 EXEC SPC_COM_DATA 'khoai','2','1';
2018-12-14 08:16:51 EXEC SPC_COM_DATA 'khoai','2','1';
2018-12-14 08:16:51 EXEC SPC_DICTIONARY_LST1 '','khoai';
2018-12-14 08:19:46 EXEC SPC_COM_DATA 'khoai','2','1';
2018-12-14 08:19:55 EXEC SPC_COM_DATA 'khoai','2','1';
2018-12-14 08:22:57 EXEC SPC_COM_DATA 'khoai','2','1';
2018-12-14 08:22:58 EXEC SPC_COM_DATA 'khoai','2','1';
2018-12-14 08:23:32 EXEC SPC_COM_DATA 'khoai','2','1';
2018-12-14 08:23:34 EXEC SPC_COM_DATA 'khoai','2','1';
2018-12-14 08:25:59 EXEC SPC_COM_DATA 'khoai','2','1';
2018-12-14 08:26:01 EXEC SPC_COM_DATA 'khoai','2','1';
2018-12-14 08:26:53 EXEC SPC_COM_DATA 'khoai','2','1';
2018-12-14 08:26:55 EXEC SPC_COM_DATA 'khoai','2','1';
2018-12-14 08:27:17 EXEC SPC_COM_DATA 'khoai','2','1';
2018-12-14 08:27:19 EXEC SPC_COM_DATA 'khoai','2','1';
2018-12-14 08:27:37 EXEC SPC_COM_DATA 'khoai','2','1';
2018-12-14 08:27:54 EXEC SPC_COM_DATA 'khoai','2','1';
2018-12-14 08:28:00 EXEC SPC_COM_DATA 'khoai','2','1';
2018-12-14 08:28:02 EXEC SPC_COM_DATA 'khoai','2','1';
2018-12-14 08:28:09 EXEC SPC_COM_DATA 'khoai','2','1';
2018-12-14 08:28:20 EXEC SPC_COM_DATA 'khoai','2','1';
2018-12-14 08:28:22 EXEC SPC_COM_DATA 'khoai','2','1';
2018-12-14 08:28:24 EXEC SPC_COM_DATA 'khoai','2','1';
2018-12-14 08:28:27 EXEC SPC_COM_DATA 'khoai','2','1';
2018-12-14 08:28:30 EXEC SPC_COM_DATA 'khoai','2','1';
2018-12-14 08:28:32 EXEC SPC_COM_DATA 'khoai','2','1';
2018-12-14 08:28:34 EXEC SPC_COM_DATA 'khoai','2','1';
2018-12-14 08:28:38 EXEC SPC_COM_DATA 'khoai','2','1';
2018-12-14 08:28:40 EXEC SPC_COM_DATA 'khoai','2','1';
2018-12-14 08:28:42 EXEC SPC_COM_DATA 'khoai','2','1';
2018-12-14 08:28:44 EXEC SPC_COM_DATA 'khoai','2','1';
2018-12-14 08:28:45 EXEC SPC_COM_DATA 'khoai','2','1';
2018-12-14 08:28:48 EXEC SPC_COM_DATA 'khoai','2','1';
2018-12-14 08:28:50 EXEC SPC_COM_DATA 'khoai','2','1';
2018-12-14 08:28:52 EXEC SPC_COM_DATA 'khoai','2','1';
2018-12-14 08:29:42 EXEC SPC_COM_DATA 'khoai','2','1';
2018-12-14 08:29:44 EXEC SPC_COM_DATA 'khoai','2','1';
2018-12-14 08:30:04 EXEC SPC_COM_DATA 'khoai','2','1';
2018-12-14 08:30:05 EXEC SPC_COM_DATA 'khoai','2','1';
2018-12-14 08:34:45 EXEC SPC_COM_DATA 'khoai','2','1';
2018-12-14 08:34:47 EXEC SPC_COM_DATA 'khoai','2','1';
2018-12-14 08:35:14 EXEC SPC_COM_DATA 'khoai','2','1';
2018-12-14 08:35:49 EXEC SPC_COM_DATA 'khoai','2','1';
2018-12-14 08:35:51 EXEC SPC_COM_DATA 'khoai','2','1';
2018-12-14 08:35:54 EXEC SPC_COM_DATA 'khoai','2','1';
2018-12-14 08:36:09 EXEC SPC_COM_DATA 'khoai','2','1';
2018-12-14 08:42:01 EXEC SPC_COM_DATA 'khoai','2','1';
2018-12-14 08:42:03 EXEC SPC_COM_DATA 'khoai','2','1';
2018-12-14 08:42:10 EXEC SPC_COM_DATA 'khoai','2','1';
2018-12-14 08:44:41 EXEC SPC_COM_DATA 'khoai','2','1';
2018-12-14 08:44:42 EXEC SPC_COM_DATA 'khoai','2','1';
2018-12-14 08:44:47 EXEC SPC_COM_DATA 'khoai','2','1';
2018-12-14 08:45:09 EXEC SPC_COM_DATA 'khoai','2','1';
2018-12-14 08:45:10 EXEC SPC_COM_DATA 'khoai','2','1';
2018-12-14 08:45:13 EXEC SPC_COM_DATA 'khoai','2','1';
2018-12-14 08:45:30 EXEC SPC_COM_DATA 'khoai','2','1';
2018-12-14 08:45:35 EXEC SPC_COM_DATA 'khoai','2','1';
2018-12-14 08:46:10 EXEC SPC_COM_DATA 'khoai','2','1';
2018-12-14 08:46:12 EXEC SPC_COM_DATA 'khoai','2','1';
2018-12-14 08:46:14 EXEC SPC_COM_DATA 'khoai','2','1';
2018-12-14 08:47:21 EXEC SPC_COM_DATA 'khoai','2','1';
2018-12-14 08:47:23 EXEC SPC_COM_DATA 'khoai','2','1';
2018-12-14 08:47:27 EXEC SPC_COM_DATA 'khoai','2','1';
2018-12-14 08:47:39 EXEC SPC_COM_DATA 'khoai','2','1';
2018-12-14 08:47:41 EXEC SPC_COM_DATA 'khoai','2','1';
2018-12-14 08:47:43 EXEC SPC_COM_DATA 'khoai','2','1';
2018-12-14 08:47:49 EXEC SPC_COM_DATA 'khoai','2','1';
2018-12-14 08:48:32 EXEC SPC_COM_DATA 'khoai','2','1';
2018-12-14 08:51:28 EXEC SPC_COM_DATA 'khoai','2','1';
2018-12-14 08:51:29 EXEC SPC_COM_DATA 'khoai','2','1';
2018-12-14 08:51:34 EXEC SPC_COM_DATA 'khoai','2','1';
2018-12-14 08:51:47 EXEC SPC_COM_DATA 'khoai','2','1';
2018-12-14 09:03:50 EXEC SPC_COM_DATA 'khoai','2','1';
2018-12-14 09:03:51 EXEC SPC_COM_DATA 'khoai','2','1';
2018-12-14 09:18:46 EXEC SPC_COM_DATA 'khoai','2','1';
2018-12-14 09:18:47 EXEC SPC_COM_DATA 'khoai','2','1';
2018-12-14 09:18:48 EXEC SPC_COM_DATA 'khoai','2','1';
2018-12-14 09:19:00 EXEC SPC_COM_DATA 'khoai','2','1';
2018-12-14 09:19:01 EXEC SPC_COM_DATA 'khoai','2','1';
2018-12-14 09:19:03 EXEC SPC_COM_DATA 'khoai','2','1';
2018-12-14 09:19:06 EXEC SPC_COM_DATA 'khoai','2','1';
2018-12-14 09:19:07 EXEC SPC_COM_DATA 'khoai','2','1';
2018-12-14 09:19:08 EXEC SPC_COM_DATA 'khoai','2','1';
