2018-08-14 00:00:18 EXEC SPC_COM_MENU '1';
2018-08-14 00:00:19 EXEC SPC_V002_ACT1 '','','cry','3','kurai','khóc','/uploads/cropped-image5b6a9c4a85e85_20180810 0909080853531533892553478.jpg','nước mắt rơi rơi rơi','','','<row language1_content="i&amp;#39;m cry when i sad" language2_content="buồn thì khóc" /><row language1_content="cry in the rain" language2_content="khóc trong mưa" />','ndq809','127.0.0.1';
2018-08-14 00:00:20 EXEC SPC_COM_MENU '1';
2018-08-14 00:00:20 EXEC SPC_v002_LST1 '3','1';
2018-08-14 00:00:25 EXEC SPC_COM_MENU '1';
2018-08-14 00:00:25 EXEC SPC_v002_LST1 '2','1';
2018-08-14 00:00:25 EXEC SPC_COM_PERMISSION '1','v002';
2018-08-14 00:00:25 EXEC SPC_COM_MENU '1';
2018-08-14 00:00:25 EXEC SPC_V002_FND1
2018-08-14 00:00:28 EXEC SPC_COM_MENU '1';
2018-08-14 00:00:28 EXEC SPC_v002_LST1 '1','1';
2018-08-14 00:00:30 EXEC SPC_COM_MENU '1';
2018-08-14 00:00:30 EXEC SPC_v002_LST1 '2','1';
2018-08-14 00:00:30 EXEC SPC_COM_PERMISSION '1','v002';
2018-08-14 00:00:30 EXEC SPC_COM_MENU '1';
2018-08-14 00:00:30 EXEC SPC_V002_FND1
2018-08-14 00:00:33 EXEC SPC_COM_MENU '1';
2018-08-14 00:00:33 EXEC SPC_v002_LST1 '2','2';
2018-08-14 00:00:33 EXEC SPC_COM_PERMISSION '1','v002';
2018-08-14 00:00:33 EXEC SPC_COM_MENU '1';
2018-08-14 00:00:33 EXEC SPC_V002_FND1
2018-08-14 00:00:35 EXEC SPC_COM_MENU '1';
2018-08-14 00:00:35 EXEC SPC_v002_LST1 '2','3';
2018-08-14 00:00:35 EXEC SPC_COM_PERMISSION '1','v002';
2018-08-14 00:00:35 EXEC SPC_COM_MENU '1';
2018-08-14 00:00:35 EXEC SPC_V002_FND1
2018-08-14 00:24:14 EXEC SPC_COM_PERMISSION '1','v002';
2018-08-14 00:24:14 EXEC SPC_COM_MENU '1';
2018-08-14 00:24:14 EXEC SPC_V002_FND1
2018-08-14 00:24:16 EXEC SPC_COM_PERMISSION '1','v002';
2018-08-14 00:24:16 EXEC SPC_COM_MENU '1';
2018-08-14 00:24:16 EXEC SPC_V002_FND1
2018-08-14 00:32:42 EXEC SPC_COM_PERMISSION '1','g001';
2018-08-14 00:32:42 EXEC SPC_COM_MENU '1';
2018-08-14 00:32:53 EXEC SPC_COM_PERMISSION '1','v002';
2018-08-14 00:32:53 EXEC SPC_COM_MENU '1';
2018-08-14 00:32:53 EXEC SPC_V002_FND1
2018-08-14 00:32:54 EXEC SPC_COM_PERMISSION '1','v002';
2018-08-14 00:32:54 EXEC SPC_COM_MENU '1';
2018-08-14 00:32:54 EXEC SPC_V002_FND1
2018-08-14 00:32:58 EXEC SPC_COM_MENU '1';
2018-08-14 00:32:58 EXEC SPC_v002_LST1 '1','1';
2018-08-14 00:33:22 EXEC SPC_COM_MENU '1';
2018-08-14 00:33:22 EXEC SPC_v002_LST1 '1','2';
2018-08-14 00:33:22 EXEC SPC_COM_PERMISSION '1','v002';
2018-08-14 00:33:22 EXEC SPC_COM_MENU '1';
2018-08-14 00:33:22 EXEC SPC_V002_FND1
2018-08-14 00:33:26 EXEC SPC_COM_MENU '1';
2018-08-14 00:33:26 EXEC SPC_v002_LST1 '1','3';
2018-08-14 00:33:26 EXEC SPC_COM_PERMISSION '1','v002';
2018-08-14 00:33:26 EXEC SPC_COM_MENU '1';
2018-08-14 00:33:26 EXEC SPC_V002_FND1
2018-08-14 00:33:29 EXEC SPC_COM_MENU '1';
2018-08-14 00:33:29 EXEC SPC_v002_LST1 '1','2';
2018-08-14 00:33:29 EXEC SPC_COM_PERMISSION '1','v002';
2018-08-14 00:33:29 EXEC SPC_COM_MENU '1';
2018-08-14 00:33:29 EXEC SPC_V002_FND1
2018-08-14 00:33:30 EXEC SPC_COM_MENU '1';
2018-08-14 00:33:30 EXEC SPC_v002_LST1 '1','1';
2018-08-14 00:33:44 EXEC SPC_COM_MENU '1';
2018-08-14 00:33:44 EXEC SPC_v002_LST1 '1','2';
2018-08-14 00:33:44 EXEC SPC_COM_PERMISSION '1','v002';
2018-08-14 00:33:44 EXEC SPC_COM_MENU '1';
2018-08-14 00:33:44 EXEC SPC_V002_FND1
2018-08-14 00:34:04 EXEC SPC_COM_MENU '1';
2018-08-14 00:34:19 EXEC SPC_COM_MENU '1';
2018-08-14 00:34:43 EXEC SPC_COM_MENU '1';
2018-08-14 00:34:43 EXEC SPC_V002_ACT1 '1','2','cry1','3','kurai1','khóc1','/uploads/cropped-image5b62e4521bfe8_20180814 0000080804041534206844409.jpg','nước mắt rơi1','','/web-content/audio/listeningAudio/audio_5b7223a34a37f.mp3','','ndq809','127.0.0.1';
2018-08-14 00:34:44 EXEC SPC_COM_MENU '1';
2018-08-14 00:34:44 EXEC SPC_v002_LST1 '1','2';
2018-08-14 00:34:50 EXEC SPC_COM_MENU '1';
2018-08-14 00:34:50 EXEC SPC_v002_LST1 '1','1';
2018-08-14 00:34:52 EXEC SPC_COM_MENU '1';
2018-08-14 00:34:52 EXEC SPC_v002_LST1 '1','2';
2018-08-14 00:34:54 EXEC SPC_COM_MENU '1';
2018-08-14 00:34:54 EXEC SPC_v002_LST1 '1','1';
2018-08-14 00:34:58 EXEC SPC_COM_MENU '1';
2018-08-14 00:34:58 EXEC SPC_v002_LST1 '1','2';
2018-08-14 00:36:43 EXEC SPC_COM_PERMISSION '1','w001';
2018-08-14 00:36:43 EXEC SPC_COM_MENU '1';
2018-08-14 00:36:43 EXEC SPC_COM_M999_INQ1 '7';
2018-08-14 00:36:45 EXEC SPC_COM_MENU '1';
2018-08-14 00:36:45 EXEC SPC_w001_LST1 '','','','','10','1';
2018-08-14 00:38:58 EXEC SPC_COM_PERMISSION '1','w001';
2018-08-14 00:38:58 EXEC SPC_COM_MENU '1';
2018-08-14 00:38:58 EXEC SPC_COM_M999_INQ1 '7';
2018-08-14 00:38:59 EXEC SPC_COM_MENU '1';
2018-08-14 00:38:59 EXEC SPC_w001_LST1 '','','','','10','1';
2018-08-14 00:39:04 EXEC SPC_COM_MENU '1';
2018-08-14 00:39:04 EXEC SPC_COM_M999_INQ1 '8';
2018-08-14 00:39:04 EXEC SPC_COM_MENU '1';
2018-08-14 00:39:04 EXEC SPC_p004_LST1 'POST-1';
2018-08-14 00:39:14 EXEC SPC_COM_MENU '1';
2018-08-14 00:39:14 EXEC SPC_COM_M999_INQ1 '8';
2018-08-14 00:39:15 EXEC SPC_COM_MENU '1';
2018-08-14 00:39:15 EXEC SPC_p004_LST1 'POST-2';
2018-08-14 00:39:28 EXEC SPC_COM_MENU '1';
2018-08-14 00:39:28 EXEC SPC_COMMON_CATALORUE '1';
2018-08-14 00:39:29 EXEC SPC_COM_MENU '1';
2018-08-14 00:39:29 EXEC SPC_w001_LST1 '1','','','','10','1';
2018-08-14 00:39:33 EXEC SPC_COM_MENU '1';
2018-08-14 00:39:33 EXEC SPC_COMMON_CATALORUE '';
2018-08-14 00:39:37 EXEC SPC_COM_MENU '1';
2018-08-14 00:39:37 EXEC SPC_w001_LST1 '','dsadsda','','','10','1';
2018-08-14 00:39:39 EXEC SPC_COM_PERMISSION '1','w001';
2018-08-14 00:39:39 EXEC SPC_COM_MENU '1';
2018-08-14 00:39:39 EXEC SPC_COM_M999_INQ1 '7';
2018-08-14 00:40:13 EXEC SPC_COM_PERMISSION '1','w002';
2018-08-14 00:40:13 EXEC SPC_COM_MENU '1';
2018-08-14 00:40:13 EXEC SPC_W002_FND1
2018-08-14 00:40:31 EXEC SPC_COM_MENU '1';
2018-08-14 00:40:31 EXEC SPC_COMMON_CATALORUE '1';
2018-08-14 00:40:33 EXEC SPC_COM_MENU '1';
2018-08-14 00:40:33 EXEC SPC_COMMON_GROUP 'CAT-12';
2018-08-14 00:40:47 EXEC SPC_COM_MENU '1';
2018-08-14 00:40:47 EXEC SPC_COM_M999_INQ1 '8';
2018-08-14 00:40:47 EXEC SPC_COM_MENU '1';
2018-08-14 00:40:47 EXEC SPC_p003_LST1 '','','','50';
2018-08-14 00:42:01 EXEC SPC_COM_MENU '1';
2018-08-14 00:42:01 EXEC SPC_w002_ACT1 '','1','CAT-12','GRO-7','','','','','0','<row row_id="0" vocabulary_id="3" vocabulary_dtl_id="1" vocabulary_div="3" vocabulary_nm="cry" spelling="kurai" mean="khóc" explain="nước mắt rơi rơi rơi" />','','ndq809','127.0.0.1';
2018-08-14 00:42:03 EXEC SPC_COM_MENU '1';
2018-08-14 00:42:03 EXEC SPC_W002_LST1 'POST-3';
2018-08-14 00:42:03 EXEC SPC_COM_MENU '1';
2018-08-14 00:42:03 EXEC SPC_COMMON_CATALORUE '1';
2018-08-14 00:42:03 EXEC SPC_COM_MENU '1';
2018-08-14 00:42:03 EXEC SPC_COMMON_GROUP 'CAT-12';
2018-08-14 00:42:15 EXEC SPC_COM_MENU '1';
2018-08-14 00:42:15 EXEC SPC_w002_ACT2 'POST-3','ndq809','127.0.0.1';
2018-08-14 00:42:16 EXEC SPC_COM_MENU '1';
2018-08-14 00:42:16 EXEC SPC_W002_LST1 'POST-3';
2018-08-14 00:42:16 EXEC SPC_COM_MENU '1';
2018-08-14 00:42:16 EXEC SPC_COMMON_CATALORUE '';
2018-08-14 00:42:19 EXEC SPC_COM_MENU '1';
2018-08-14 00:42:19 EXEC SPC_W002_LST1 'POST-3';
2018-08-14 00:42:53 EXEC SPC_COM_PERMISSION '1','v002';
2018-08-14 00:42:53 EXEC SPC_COM_MENU '1';
2018-08-14 00:42:53 EXEC SPC_V002_FND1
2018-08-14 00:42:53 EXEC SPC_COM_PERMISSION '1','v002';
2018-08-14 00:42:53 EXEC SPC_COM_MENU '1';
2018-08-14 00:42:53 EXEC SPC_V002_FND1
2018-08-14 00:50:03 EXEC SPC_COM_PERMISSION '1','v002';
2018-08-14 00:50:03 EXEC SPC_COM_MENU '1';
2018-08-14 00:50:03 EXEC SPC_V002_FND1
2018-08-14 00:50:03 EXEC SPC_COM_PERMISSION '1','v002';
2018-08-14 00:50:03 EXEC SPC_COM_MENU '1';
2018-08-14 00:50:03 EXEC SPC_V002_FND1
2018-08-14 00:50:05 EXEC SPC_COM_MENU '1';
2018-08-14 00:50:05 EXEC SPC_v002_LST1 '1','1';
2018-08-14 00:50:06 EXEC SPC_COM_MENU '1';
2018-08-14 00:50:06 EXEC SPC_v002_LST1 '1','2';
2018-08-14 00:50:08 EXEC SPC_COM_MENU '1';
2018-08-14 00:50:08 EXEC SPC_v002_LST1 '1','3';
2018-08-14 00:52:50 EXEC SPC_COM_PERMISSION '1','v002';
2018-08-14 00:52:50 EXEC SPC_COM_MENU '1';
2018-08-14 00:52:50 EXEC SPC_V002_FND1
2018-08-14 00:52:50 EXEC SPC_COM_PERMISSION '1','v002';
2018-08-14 00:52:50 EXEC SPC_COM_MENU '1';
2018-08-14 00:52:50 EXEC SPC_V002_FND1
2018-08-14 00:52:53 EXEC SPC_COM_MENU '1';
2018-08-14 00:52:53 EXEC SPC_v002_LST1 '1','3';
2018-08-14 00:52:57 EXEC SPC_COM_MENU '1';
2018-08-14 00:52:57 EXEC SPC_V002_ACT2 '1','3','ndq809','127.0.0.1';
2018-08-14 00:52:59 EXEC SPC_COM_MENU '1';
2018-08-14 00:52:59 EXEC SPC_v002_LST1 '1','3';
2018-08-14 00:53:02 EXEC SPC_COM_MENU '1';
2018-08-14 00:53:02 EXEC SPC_v002_LST1 '1','1';
2018-08-14 00:53:03 EXEC SPC_COM_MENU '1';
2018-08-14 00:53:03 EXEC SPC_v002_LST1 '1','2';
2018-08-14 00:53:05 EXEC SPC_COM_MENU '1';
2018-08-14 00:53:05 EXEC SPC_v002_LST1 '1','3';
2018-08-14 00:53:05 EXEC SPC_COM_PERMISSION '1','v002';
2018-08-14 00:53:05 EXEC SPC_COM_MENU '1';
2018-08-14 00:53:05 EXEC SPC_V002_FND1
2018-08-14 00:53:47 EXEC SPC_COM_PERMISSION '1','w002';
2018-08-14 00:53:47 EXEC SPC_COM_MENU '1';
2018-08-14 00:53:47 EXEC SPC_W002_FND1
2018-08-14 00:53:50 EXEC SPC_COM_MENU '1';
2018-08-14 00:53:50 EXEC SPC_COM_M999_INQ1 '8';
2018-08-14 00:53:51 EXEC SPC_COM_MENU '1';
2018-08-14 00:53:51 EXEC SPC_p003_LST1 '','','','50';
2018-08-14 00:54:56 EXEC SPC_COM_PERMISSION '1','w002';
2018-08-14 00:54:56 EXEC SPC_COM_MENU '1';
2018-08-14 00:54:56 EXEC SPC_W002_FND1
2018-08-14 00:54:58 EXEC SPC_COM_MENU '1';
2018-08-14 00:54:58 EXEC SPC_COM_M999_INQ1 '8';
2018-08-14 00:54:58 EXEC SPC_COM_MENU '1';
2018-08-14 00:54:58 EXEC SPC_p003_LST1 '','','','50';
2018-08-14 00:55:25 EXEC SPC_COM_PERMISSION '1','w002';
2018-08-14 00:55:25 EXEC SPC_COM_MENU '1';
2018-08-14 00:55:25 EXEC SPC_W002_FND1
2018-08-14 00:55:27 EXEC SPC_COM_MENU '1';
2018-08-14 00:55:27 EXEC SPC_COM_M999_INQ1 '8';
2018-08-14 00:55:27 EXEC SPC_COM_MENU '1';
2018-08-14 00:55:27 EXEC SPC_p003_LST1 '','','','50';
2018-08-14 00:55:40 EXEC SPC_COM_PERMISSION '1','w002';
2018-08-14 00:55:40 EXEC SPC_COM_MENU '1';
2018-08-14 00:55:40 EXEC SPC_W002_FND1
2018-08-14 00:55:44 EXEC SPC_COM_MENU '1';
2018-08-14 00:55:44 EXEC SPC_COM_M999_INQ1 '8';
2018-08-14 00:55:44 EXEC SPC_COM_MENU '1';
2018-08-14 00:55:44 EXEC SPC_p003_LST1 '','','','50';
2018-08-14 00:56:09 EXEC SPC_COM_PERMISSION '1','w002';
2018-08-14 00:56:09 EXEC SPC_COM_MENU '1';
2018-08-14 00:56:09 EXEC SPC_W002_FND1
2018-08-14 00:56:12 EXEC SPC_COM_MENU '1';
2018-08-14 00:56:12 EXEC SPC_COM_M999_INQ1 '8';
2018-08-14 00:56:12 EXEC SPC_COM_MENU '1';
2018-08-14 00:56:12 EXEC SPC_p003_LST1 '','','','50';
2018-08-14 00:56:31 EXEC SPC_COM_PERMISSION '1','w002';
2018-08-14 00:56:31 EXEC SPC_COM_MENU '1';
2018-08-14 00:56:31 EXEC SPC_W002_FND1
2018-08-14 00:56:34 EXEC SPC_COM_MENU '1';
2018-08-14 00:56:34 EXEC SPC_COM_M999_INQ1 '8';
2018-08-14 00:56:34 EXEC SPC_COM_MENU '1';
2018-08-14 00:56:34 EXEC SPC_p003_LST1 '','','','50';
2018-08-14 00:58:56 EXEC SPC_COM_PERMISSION '1','v002';
2018-08-14 00:58:56 EXEC SPC_COM_MENU '1';
2018-08-14 00:58:56 EXEC SPC_V002_FND1
2018-08-14 00:58:57 EXEC SPC_COM_PERMISSION '1','v002';
2018-08-14 00:58:57 EXEC SPC_COM_MENU '1';
2018-08-14 00:58:57 EXEC SPC_V002_FND1
2018-08-14 00:59:01 EXEC SPC_COM_PERMISSION '1','v001';
2018-08-14 00:59:01 EXEC SPC_COM_MENU '1';
2018-08-14 00:59:01 EXEC SPC_COM_M999_INQ1 '7';
2018-08-14 00:59:21 EXEC SPC_COM_PERMISSION '1','w002';
2018-08-14 00:59:21 EXEC SPC_COM_MENU '1';
2018-08-14 00:59:21 EXEC SPC_W002_FND1
2018-08-14 00:59:24 EXEC SPC_COM_MENU '1';
2018-08-14 00:59:24 EXEC SPC_COM_M999_INQ1 '8';
2018-08-14 00:59:25 EXEC SPC_COM_MENU '1';
2018-08-14 00:59:25 EXEC SPC_p003_LST1 '','','','50';
2018-08-14 00:59:51 EXEC SPC_COM_PERMISSION '1','v001';
2018-08-14 00:59:51 EXEC SPC_COM_MENU '1';
2018-08-14 00:59:51 EXEC SPC_COM_M999_INQ1 '7';
2018-08-14 01:02:57 EXEC SPC_COM_PERMISSION '1','v001';
2018-08-14 01:02:57 EXEC SPC_COM_MENU '1';
2018-08-14 01:02:57 EXEC SPC_COM_M999_INQ1 '7';
2018-08-14 01:05:16 EXEC SPC_COM_PERMISSION '1','v001';
2018-08-14 01:05:16 EXEC SPC_COM_MENU '1';
2018-08-14 01:05:16 EXEC SPC_COM_M999_INQ1 '7';
2018-08-14 01:05:16 EXEC SPC_COM_MENU '1';
2018-08-14 01:05:16 EXEC SPC_p003_LST1 '0','','','50';
2018-08-14 01:05:36 EXEC SPC_COM_PERMISSION '1','v001';
2018-08-14 01:05:36 EXEC SPC_COM_MENU '1';
2018-08-14 01:05:36 EXEC SPC_COM_M999_INQ1 '7';
2018-08-14 01:05:37 EXEC SPC_COM_MENU '1';
2018-08-14 01:05:37 EXEC SPC_p003_LST1 '0','','','50','1';
2018-08-14 01:05:41 EXEC SPC_COM_MENU '1';
2018-08-14 01:05:41 EXEC SPC_p003_LST1 '1','','','50','1';
2018-08-14 01:06:01 EXEC SPC_COM_MENU '1';
2018-08-14 01:06:01 EXEC SPC_p003_LST1 '2','','','50','1';
2018-08-14 01:06:18 EXEC SPC_COM_PERMISSION '1','v001';
2018-08-14 01:06:18 EXEC SPC_COM_MENU '1';
2018-08-14 01:06:18 EXEC SPC_COM_M999_INQ1 '8';
2018-08-14 01:06:21 EXEC SPC_COM_MENU '1';
2018-08-14 01:06:21 EXEC SPC_p003_LST1 '4','','','50','1';
2018-08-14 01:10:37 EXEC SPC_COM_PERMISSION '1','v001';
2018-08-14 01:10:37 EXEC SPC_COM_MENU '1';
2018-08-14 01:10:37 EXEC SPC_COM_M999_INQ1 '8';
2018-08-14 01:10:39 EXEC SPC_COM_MENU '1';
2018-08-14 01:10:39 EXEC SPC_p003_LST1 '0','','','50','1';
2018-08-14 01:13:37 EXEC SPC_COM_PERMISSION '1','v001';
2018-08-14 01:13:37 EXEC SPC_COM_MENU '1';
2018-08-14 01:13:37 EXEC SPC_COM_M999_INQ1 '8';
2018-08-14 01:13:39 EXEC SPC_COM_MENU '1';
2018-08-14 01:13:39 EXEC SPC_V001_LST1 '0','','','50','1';
2018-08-14 01:14:38 EXEC SPC_COM_PERMISSION '1','w001';
2018-08-14 01:14:38 EXEC SPC_COM_MENU '1';
2018-08-14 01:14:38 EXEC SPC_COM_M999_INQ1 '7';
2018-08-14 01:14:41 EXEC SPC_COM_MENU '1';
2018-08-14 01:14:41 EXEC SPC_w001_LST1 '','','','','10','1';
2018-08-14 01:15:50 EXEC SPC_COM_MENU '1';
2018-08-14 01:15:50 EXEC SPC_COM_M999_INQ1 '8';
2018-08-14 01:15:50 EXEC SPC_COM_MENU '1';
2018-08-14 01:15:50 EXEC SPC_p004_LST1 'POST-1';
2018-08-14 01:15:53 EXEC SPC_COM_PERMISSION '1','w002';
2018-08-14 01:15:53 EXEC SPC_COM_MENU '1';
2018-08-14 01:15:53 EXEC SPC_W002_FND1
2018-08-14 01:15:54 EXEC SPC_COM_MENU '1';
2018-08-14 01:15:54 EXEC SPC_W002_LST1 'POST-1';
2018-08-14 01:15:54 EXEC SPC_COM_MENU '1';
2018-08-14 01:15:54 EXEC SPC_COMMON_CATALORUE '3';
2018-08-14 01:15:54 EXEC SPC_COM_MENU '1';
2018-08-14 01:15:54 EXEC SPC_COMMON_GROUP 'CAT-8';
2018-08-14 01:16:14 EXEC SPC_COM_PERMISSION '1','w001';
2018-08-14 01:16:14 EXEC SPC_COM_MENU '1';
2018-08-14 01:16:14 EXEC SPC_COM_M999_INQ1 '7';
2018-08-14 01:16:38 EXEC SPC_COM_MENU '1';
2018-08-14 01:16:38 EXEC SPC_w001_LST1 '','','','','10','1';
2018-08-14 01:19:14 EXEC SPC_COM_PERMISSION '1','m004';
2018-08-14 01:19:14 EXEC SPC_COM_MENU '1';
2018-08-14 01:19:14 EXEC SPC_M004_FND1
2018-08-14 01:19:17 EXEC SPC_COM_PERMISSION '1','m003';
2018-08-14 01:19:17 EXEC SPC_COM_MENU '1';
2018-08-14 01:19:17 EXEC SPC_M003_FND1
2018-08-14 01:19:19 EXEC SPC_COM_MENU '1';
2018-08-14 01:19:19 EXEC SPC_M003_LST1 '','','','','10','1';
2018-08-14 01:19:36 EXEC SPC_COM_MENU '1';
2018-08-14 01:19:42 EXEC SPC_COM_MENU '1';
2018-08-14 01:19:44 EXEC SPC_COM_MENU '1';
2018-08-14 01:20:24 EXEC SPC_COM_MENU '1';
2018-08-14 01:20:24 EXEC SPC_M003_ACT1 '<row row_id="3" avarta="/uploads/cropped-image5b6a6b6562b55_20180814 0101080836361534209576599.jpg" emp_id="EMP-70" family_nm="Linh" first_name="Lan" email="linhlan@gmail.com" cellphone="11223344" sex="2" birth_date="18/05/2003" department_id="DEP-2" employee_div="2" remark="dasdasdada" />','ndq809','127.0.0.1';
2018-08-14 01:20:24 EXEC SPC_COM_MENU '1';
2018-08-14 01:20:24 EXEC SPC_M003_LST1 '','','','','10','1';
2018-08-14 01:23:30 EXEC SPC_COM_MENU '1';
2018-08-14 01:23:30 EXEC SPC_COM_M999_INQ1 '8';
2018-08-14 01:23:30 EXEC SPC_COM_MENU '1';
2018-08-14 01:23:30 EXEC SPC_p004_LST1 'POST-1';
2018-08-14 01:23:33 EXEC SPC_COM_MENU '1';
2018-08-14 01:23:33 EXEC SPC_COM_M999_INQ1 '8';
2018-08-14 01:23:33 EXEC SPC_COM_MENU '1';
2018-08-14 01:23:33 EXEC SPC_p004_LST1 'POST-1';
2018-08-14 01:23:37 EXEC SPC_COM_MENU '1';
2018-08-14 01:23:37 EXEC SPC_COM_M999_INQ1 '8';
2018-08-14 01:23:37 EXEC SPC_COM_MENU '1';
2018-08-14 01:23:37 EXEC SPC_p004_LST1 'POST-2';
2018-08-14 01:23:47 EXEC SPC_COM_PERMISSION '1','w002';
2018-08-14 01:23:47 EXEC SPC_COM_MENU '1';
2018-08-14 01:23:47 EXEC SPC_W002_FND1
2018-08-14 01:23:47 EXEC SPC_COM_MENU '1';
2018-08-14 01:23:47 EXEC SPC_W002_LST1 'POST-1';
2018-08-14 01:23:47 EXEC SPC_COM_MENU '1';
2018-08-14 01:23:47 EXEC SPC_COMMON_CATALORUE '3';
2018-08-14 01:23:47 EXEC SPC_COM_MENU '1';
2018-08-14 01:23:47 EXEC SPC_COMMON_GROUP 'CAT-8';
2018-08-14 01:24:36 EXEC SPC_COM_PERMISSION '1','v002';
2018-08-14 01:24:36 EXEC SPC_COM_MENU '1';
2018-08-14 01:24:36 EXEC SPC_V002_FND1
2018-08-14 01:24:36 EXEC SPC_COM_PERMISSION '1','v002';
2018-08-14 01:24:36 EXEC SPC_COM_MENU '1';
2018-08-14 01:24:36 EXEC SPC_V002_FND1
2018-08-14 01:24:38 EXEC SPC_COM_PERMISSION '1','v001';
2018-08-14 01:24:38 EXEC SPC_COM_MENU '1';
2018-08-14 01:24:38 EXEC SPC_COM_M999_INQ1 '8';
2018-08-14 01:24:39 EXEC SPC_COM_MENU '1';
2018-08-14 01:24:39 EXEC SPC_V001_LST1 '0','','','50','1';
2018-08-14 01:27:03 EXEC SPC_COM_PERMISSION '1','v001';
2018-08-14 01:27:03 EXEC SPC_COM_MENU '1';
2018-08-14 01:27:03 EXEC SPC_COM_M999_INQ1 '8';
2018-08-14 01:27:05 EXEC SPC_COM_MENU '1';
2018-08-14 01:27:05 EXEC SPC_V001_LST1 '0','','','50','1';
2018-08-14 01:27:23 EXEC SPC_COM_PERMISSION '1','v001';
2018-08-14 01:27:23 EXEC SPC_COM_MENU '1';
2018-08-14 01:27:23 EXEC SPC_COM_M999_INQ1 '8';
2018-08-14 01:27:24 EXEC SPC_COM_MENU '1';
2018-08-14 01:27:24 EXEC SPC_V001_LST1 '0','','','50','1';
2018-08-14 01:27:27 EXEC SPC_COM_PERMISSION '1','v001';
2018-08-14 01:27:27 EXEC SPC_COM_MENU '1';
2018-08-14 01:27:27 EXEC SPC_COM_M999_INQ1 '8';
2018-08-14 01:27:48 EXEC SPC_COM_MENU '1';
2018-08-14 01:27:48 EXEC SPC_V001_LST1 '0','','','50','1';
2018-08-14 01:28:20 EXEC SPC_COM_PERMISSION '1','v001';
2018-08-14 01:28:20 EXEC SPC_COM_MENU '1';
2018-08-14 01:28:20 EXEC SPC_COM_M999_INQ1 '8';
2018-08-14 01:28:22 EXEC SPC_COM_MENU '1';
2018-08-14 01:28:22 EXEC SPC_V001_LST1 '0','','','50','1';
2018-08-14 01:36:08 EXEC SPC_COM_PERMISSION '1','v001';
2018-08-14 01:36:08 EXEC SPC_COM_MENU '1';
2018-08-14 01:36:08 EXEC SPC_COM_M999_INQ1 '8';
2018-08-14 01:36:12 EXEC SPC_COM_MENU '1';
2018-08-14 01:36:12 EXEC SPC_V001_LST1 '0','','','50','1';
2018-08-14 01:36:13 EXEC SPC_COM_MENU '1';
2018-08-14 01:36:13 EXEC SPC_V001_LST1 '0','','','50','1';
2018-08-14 01:36:49 EXEC SPC_COM_PERMISSION '1','v001';
2018-08-14 01:36:49 EXEC SPC_COM_MENU '1';
2018-08-14 01:36:49 EXEC SPC_COM_M999_INQ1 '8';
2018-08-14 01:36:51 EXEC SPC_COM_MENU '1';
2018-08-14 01:36:51 EXEC SPC_V001_LST1 '0','','','50','1';
2018-08-14 01:37:35 EXEC SPC_COM_PERMISSION '1','v001';
2018-08-14 01:37:35 EXEC SPC_COM_MENU '1';
2018-08-14 01:37:35 EXEC SPC_COM_M999_INQ1 '8';
2018-08-14 01:37:43 EXEC SPC_COM_PERMISSION '1','v001';
2018-08-14 01:37:43 EXEC SPC_COM_MENU '1';
2018-08-14 01:37:43 EXEC SPC_COM_M999_INQ1 '8';
2018-08-14 01:38:04 EXEC SPC_COM_PERMISSION '1','v001';
2018-08-14 01:38:04 EXEC SPC_COM_MENU '1';
2018-08-14 01:38:04 EXEC SPC_COM_M999_INQ1 '8';
2018-08-14 01:38:05 EXEC SPC_COM_MENU '1';
2018-08-14 01:38:05 EXEC SPC_V001_LST1 '0','','','50','1';
2018-08-14 01:38:14 EXEC SPC_COM_PERMISSION '1','v001';
2018-08-14 01:38:14 EXEC SPC_COM_MENU '1';
2018-08-14 01:38:14 EXEC SPC_COM_M999_INQ1 '8';
2018-08-14 01:38:16 EXEC SPC_COM_MENU '1';
2018-08-14 01:38:16 EXEC SPC_V001_LST1 '0','','','50','1';
2018-08-14 01:48:10 EXEC SPC_COM_PERMISSION '1','v001';
2018-08-14 01:48:10 EXEC SPC_COM_MENU '1';
2018-08-14 01:48:10 EXEC SPC_COM_M999_INQ1 '8';
2018-08-14 01:48:12 EXEC SPC_COM_MENU '1';
2018-08-14 01:48:12 EXEC SPC_V001_LST1 '0','','','50','1';
2018-08-14 01:49:44 EXEC SPC_COM_PERMISSION '1','v001';
2018-08-14 01:49:44 EXEC SPC_COM_MENU '1';
2018-08-14 01:49:44 EXEC SPC_COM_M999_INQ1 '8';
2018-08-14 01:49:46 EXEC SPC_COM_MENU '1';
2018-08-14 01:49:46 EXEC SPC_V001_LST1 '0','','','50','1';
2018-08-14 01:50:22 EXEC SPC_COM_PERMISSION '1','v001';
2018-08-14 01:50:22 EXEC SPC_COM_MENU '1';
2018-08-14 01:50:22 EXEC SPC_COM_M999_INQ1 '8';
2018-08-14 01:50:24 EXEC SPC_COM_MENU '1';
2018-08-14 01:50:24 EXEC SPC_V001_LST1 '0','','','50','1';
2018-08-14 01:50:57 EXEC SPC_COM_PERMISSION '1','v001';
2018-08-14 01:50:57 EXEC SPC_COM_MENU '1';
2018-08-14 01:50:57 EXEC SPC_COM_M999_INQ1 '8';
2018-08-14 01:51:04 EXEC SPC_COM_PERMISSION '1','v001';
2018-08-14 01:51:04 EXEC SPC_COM_MENU '1';
2018-08-14 01:51:04 EXEC SPC_COM_M999_INQ1 '8';
2018-08-14 01:51:06 EXEC SPC_COM_MENU '1';
2018-08-14 01:51:06 EXEC SPC_V001_LST1 '0','','','50','1';
2018-08-14 01:52:47 EXEC SPC_COM_PERMISSION '1','v001';
2018-08-14 01:52:47 EXEC SPC_COM_MENU '1';
2018-08-14 01:52:47 EXEC SPC_COM_M999_INQ1 '8';
2018-08-14 01:52:51 EXEC SPC_COM_MENU '1';
2018-08-14 01:52:51 EXEC SPC_V001_LST1 '0','','','50','1';
2018-08-14 01:53:16 EXEC SPC_COM_PERMISSION '1','v001';
2018-08-14 01:53:16 EXEC SPC_COM_MENU '1';
2018-08-14 01:53:16 EXEC SPC_COM_M999_INQ1 '8';
2018-08-14 01:53:17 EXEC SPC_COM_MENU '1';
2018-08-14 01:53:17 EXEC SPC_V001_LST1 '0','','','50','1';
2018-08-14 01:53:57 EXEC SPC_COM_PERMISSION '1','v001';
2018-08-14 01:53:57 EXEC SPC_COM_MENU '1';
2018-08-14 01:53:57 EXEC SPC_COM_M999_INQ1 '8';
2018-08-14 02:12:26 EXEC SPC_COM_PERMISSION '1','m003';
2018-08-14 02:12:26 EXEC SPC_COM_MENU '1';
2018-08-14 02:12:26 EXEC SPC_M003_FND1
2018-08-14 02:12:28 EXEC SPC_COM_PERMISSION '1','v001';
2018-08-14 02:12:28 EXEC SPC_COM_MENU '1';
2018-08-14 02:12:28 EXEC SPC_COM_M999_INQ1 '8';
2018-08-14 02:12:29 EXEC SPC_COM_MENU '1';
2018-08-14 02:12:29 EXEC SPC_V001_LST1 '0','','','50','1';
2018-08-14 02:12:41 EXEC SPC_COM_MENU '1';
2018-08-14 02:12:41 EXEC SPC_V001_ACT1 '<row id="2" dtl_id="2" /><row id="2" dtl_id="3" />','ndq809','127.0.0.1';
2018-08-14 02:12:45 EXEC SPC_COM_PERMISSION '1','v001';
2018-08-14 02:12:45 EXEC SPC_COM_MENU '1';
2018-08-14 02:12:45 EXEC SPC_COM_M999_INQ1 '8';
2018-08-14 02:12:47 EXEC SPC_COM_MENU '1';
2018-08-14 02:12:47 EXEC SPC_V001_LST1 '0','','','50','1';
2018-08-14 02:12:49 EXEC SPC_COM_MENU '1';
2018-08-14 02:12:49 EXEC SPC_V001_LST1 '0','','','50','1';
2018-08-14 02:12:51 EXEC SPC_COM_MENU '1';
2018-08-14 02:12:51 EXEC SPC_V001_LST1 '0','','','50','1';
2018-08-14 02:12:52 EXEC SPC_COM_MENU '1';
2018-08-14 02:12:52 EXEC SPC_V001_LST1 '0','','','50','1';
2018-08-14 02:13:09 EXEC SPC_COM_MENU '1';
2018-08-14 02:13:09 EXEC SPC_V001_LST1 '0','','','50','1';
2018-08-14 02:14:12 EXEC SPC_COM_PERMISSION '1','v001';
2018-08-14 02:14:12 EXEC SPC_COM_MENU '1';
2018-08-14 02:14:12 EXEC SPC_COM_M999_INQ1 '8';
2018-08-14 02:14:13 EXEC SPC_COM_MENU '1';
2018-08-14 02:14:13 EXEC SPC_V001_LST1 '0','','','50','1';
2018-08-14 02:18:17 EXEC SPC_COM_MENU '1';
2018-08-14 02:18:17 EXEC SPC_V001_LST1 '0','','','50','1';
2018-08-14 02:19:12 EXEC SPC_COM_PERMISSION '1','v001';
2018-08-14 02:19:12 EXEC SPC_COM_MENU '1';
2018-08-14 02:19:12 EXEC SPC_COM_M999_INQ1 '8';
2018-08-14 02:19:13 EXEC SPC_COM_MENU '1';
2018-08-14 02:19:13 EXEC SPC_V001_LST1 '0','','','50','1';
2018-08-14 02:19:27 EXEC SPC_COM_MENU '1';
2018-08-14 02:19:27 EXEC SPC_V001_ACT1 '<row id="2" dtl_id="2" /><row id="2" dtl_id="3" /><row id="2" dtl_id="4" />','ndq809','127.0.0.1';
2018-08-14 02:19:31 EXEC SPC_COM_MENU '1';
2018-08-14 02:19:31 EXEC SPC_V001_LST1 '0','','','50','1';
2018-08-14 02:19:33 EXEC SPC_COM_MENU '1';
2018-08-14 02:19:33 EXEC SPC_V001_LST1 '0','','','50','1';
2018-08-14 02:19:34 EXEC SPC_COM_MENU '1';
2018-08-14 02:19:34 EXEC SPC_V001_LST1 '0','','','50','1';
2018-08-14 02:19:35 EXEC SPC_COM_PERMISSION '1','v001';
2018-08-14 02:19:35 EXEC SPC_COM_MENU '1';
2018-08-14 02:19:35 EXEC SPC_COM_M999_INQ1 '8';
2018-08-14 02:19:36 EXEC SPC_COM_MENU '1';
2018-08-14 02:19:36 EXEC SPC_V001_LST1 '0','','','50','1';
2018-08-14 02:25:56 EXEC SPC_COM_MENU '1';
2018-08-14 02:25:56 EXEC SPC_V001_LST1 '0','','','50','1';
2018-08-14 02:26:20 EXEC SPC_COM_MENU '1';
2018-08-14 02:26:20 EXEC SPC_V001_ACT1 '<row id="2" dtl_id="2" /><row id="2" dtl_id="3" /><row id="2" dtl_id="4" />','ndq809','127.0.0.1';
2018-08-14 02:26:23 EXEC SPC_COM_MENU '1';
2018-08-14 02:26:23 EXEC SPC_V001_LST1 '0','','','50','1';
2018-08-14 02:26:24 EXEC SPC_COM_MENU '1';
2018-08-14 02:26:24 EXEC SPC_V001_LST1 '0','','','50','1';
2018-08-14 02:26:25 EXEC SPC_COM_MENU '1';
2018-08-14 02:26:25 EXEC SPC_V001_LST1 '0','','','50','1';
2018-08-14 02:26:40 EXEC SPC_COM_MENU '1';
2018-08-14 02:26:40 EXEC SPC_V001_LST1 '0','','','50','1';
2018-08-14 02:31:28 EXEC SPC_COM_MENU '1';
2018-08-14 02:31:28 EXEC SPC_V001_LST1 '0','','','50','1';
2018-08-14 02:31:36 EXEC SPC_COM_MENU '1';
2018-08-14 02:31:36 EXEC SPC_V001_ACT1 '<row id="2" dtl_id="2" /><row id="2" dtl_id="3" /><row id="2" dtl_id="4" />','ndq809','127.0.0.1';
2018-08-14 02:31:39 EXEC SPC_COM_PERMISSION '1','v001';
2018-08-14 02:31:39 EXEC SPC_COM_MENU '1';
2018-08-14 02:31:39 EXEC SPC_COM_M999_INQ1 '8';
2018-08-14 02:31:40 EXEC SPC_COM_MENU '1';
2018-08-14 02:31:40 EXEC SPC_V001_LST1 '0','','','50','1';
2018-08-14 02:32:48 EXEC SPC_COM_PERMISSION '1','v002';
2018-08-14 02:32:48 EXEC SPC_COM_MENU '1';
2018-08-14 02:32:48 EXEC SPC_V002_FND1
2018-08-14 02:32:48 EXEC SPC_COM_PERMISSION '1','v002';
2018-08-14 02:32:48 EXEC SPC_COM_MENU '1';
2018-08-14 02:32:48 EXEC SPC_V002_FND1
2018-08-14 02:33:17 EXEC SPC_COM_PERMISSION '1','v002';
2018-08-14 02:33:17 EXEC SPC_COM_MENU '1';
2018-08-14 02:33:17 EXEC SPC_V002_FND1
2018-08-14 02:33:18 EXEC SPC_COM_PERMISSION '1','v002';
2018-08-14 02:33:18 EXEC SPC_COM_MENU '1';
2018-08-14 02:33:18 EXEC SPC_V002_FND1
2018-08-14 02:33:19 EXEC SPC_COM_PERMISSION '1','v001';
2018-08-14 02:33:19 EXEC SPC_COM_MENU '1';
2018-08-14 02:33:19 EXEC SPC_COM_M999_INQ1 '8';
2018-08-14 02:33:21 EXEC SPC_COM_PERMISSION '1','v002';
2018-08-14 02:33:21 EXEC SPC_COM_MENU '1';
2018-08-14 02:33:21 EXEC SPC_V002_FND1
2018-08-14 02:33:21 EXEC SPC_COM_PERMISSION '1','v002';
2018-08-14 02:33:21 EXEC SPC_COM_MENU '1';
2018-08-14 02:33:21 EXEC SPC_V002_FND1
2018-08-14 02:33:22 EXEC SPC_COM_PERMISSION '1','v001';
2018-08-14 02:33:22 EXEC SPC_COM_MENU '1';
2018-08-14 02:33:22 EXEC SPC_COM_M999_INQ1 '8';
2018-08-14 02:33:24 EXEC SPC_COM_PERMISSION '1','v002';
2018-08-14 02:33:24 EXEC SPC_COM_MENU '1';
2018-08-14 02:33:24 EXEC SPC_V002_FND1
2018-08-14 02:33:24 EXEC SPC_COM_PERMISSION '1','v002';
2018-08-14 02:33:24 EXEC SPC_COM_MENU '1';
2018-08-14 02:33:24 EXEC SPC_V002_FND1
2018-08-14 02:33:25 EXEC SPC_COM_PERMISSION '1','v001';
2018-08-14 02:33:25 EXEC SPC_COM_MENU '1';
2018-08-14 02:33:25 EXEC SPC_COM_M999_INQ1 '8';
2018-08-14 02:33:27 EXEC SPC_COM_PERMISSION '1','v002';
2018-08-14 02:33:27 EXEC SPC_COM_MENU '1';
2018-08-14 02:33:27 EXEC SPC_V002_FND1
2018-08-14 02:33:27 EXEC SPC_COM_PERMISSION '1','v002';
2018-08-14 02:33:27 EXEC SPC_COM_MENU '1';
2018-08-14 02:33:27 EXEC SPC_V002_FND1
2018-08-14 02:33:31 EXEC SPC_COM_PERMISSION '1','v001';
2018-08-14 02:33:31 EXEC SPC_COM_MENU '1';
2018-08-14 02:33:31 EXEC SPC_COM_M999_INQ1 '8';
2018-08-14 02:33:34 EXEC SPC_COM_PERMISSION '1','v002';
2018-08-14 02:33:34 EXEC SPC_COM_MENU '1';
2018-08-14 02:33:34 EXEC SPC_V002_FND1
2018-08-14 02:33:34 EXEC SPC_COM_PERMISSION '1','v002';
2018-08-14 02:33:34 EXEC SPC_COM_MENU '1';
2018-08-14 02:33:34 EXEC SPC_V002_FND1
2018-08-14 02:33:43 EXEC SPC_COM_MENU '1';
2018-08-14 02:33:43 EXEC SPC_V002_ACT1 '','','','0','','','','','','','','ndq809','127.0.0.1';
2018-08-14 02:33:44 EXEC SPC_COM_MENU '1';
2018-08-14 02:33:44 EXEC SPC_v002_LST1 '4','1';
2018-08-14 02:33:44 EXEC SPC_COM_PERMISSION '1','v002';
2018-08-14 02:33:44 EXEC SPC_COM_MENU '1';
2018-08-14 02:33:44 EXEC SPC_V002_FND1
2018-08-14 02:33:51 EXEC SPC_COM_MENU '1';
2018-08-14 02:33:51 EXEC SPC_V002_ACT2 '4','1','ndq809','127.0.0.1';
2018-08-14 02:33:53 EXEC SPC_COM_MENU '1';
2018-08-14 02:33:53 EXEC SPC_v002_LST1 '4','1';
2018-08-14 02:33:53 EXEC SPC_COM_PERMISSION '1','v002';
2018-08-14 02:33:53 EXEC SPC_COM_MENU '1';
2018-08-14 02:33:53 EXEC SPC_V002_FND1
2018-08-14 02:35:54 EXEC SPC_COM_PERMISSION '1','v002';
2018-08-14 02:35:54 EXEC SPC_COM_MENU '1';
2018-08-14 02:35:54 EXEC SPC_V002_FND1
2018-08-14 02:35:55 EXEC SPC_COM_PERMISSION '1','v002';
2018-08-14 02:35:55 EXEC SPC_COM_MENU '1';
2018-08-14 02:35:55 EXEC SPC_V002_FND1
2018-08-14 02:35:57 EXEC SPC_COM_MENU '1';
2018-08-14 02:38:47 EXEC SPC_COM_PERMISSION '1','v002';
2018-08-14 02:38:47 EXEC SPC_COM_MENU '1';
2018-08-14 02:38:47 EXEC SPC_V002_FND1
2018-08-14 02:38:48 EXEC SPC_COM_PERMISSION '1','v002';
2018-08-14 02:38:48 EXEC SPC_COM_MENU '1';
2018-08-14 02:38:48 EXEC SPC_V002_FND1
2018-08-14 02:38:51 EXEC SPC_COM_MENU '1';
2018-08-14 02:39:06 EXEC SPC_COM_MENU '1';
2018-08-14 02:39:12 EXEC SPC_COM_PERMISSION '1','v002';
2018-08-14 02:39:12 EXEC SPC_COM_MENU '1';
2018-08-14 02:39:12 EXEC SPC_V002_FND1
2018-08-14 02:39:12 EXEC SPC_COM_PERMISSION '1','v002';
2018-08-14 02:39:12 EXEC SPC_COM_MENU '1';
2018-08-14 02:39:12 EXEC SPC_V002_FND1
2018-08-14 02:41:02 EXEC SPC_COM_PERMISSION '1','v002';
2018-08-14 02:41:02 EXEC SPC_COM_MENU '1';
2018-08-14 02:41:02 EXEC SPC_V002_FND1
2018-08-14 02:41:02 EXEC SPC_COM_PERMISSION '1','v002';
2018-08-14 02:41:02 EXEC SPC_COM_MENU '1';
2018-08-14 02:41:02 EXEC SPC_V002_FND1
2018-08-14 02:41:06 EXEC SPC_COM_MENU '1';
2018-08-14 02:41:10 EXEC SPC_COM_MENU '1';
2018-08-14 02:43:24 EXEC SPC_COM_PERMISSION '1','v002';
2018-08-14 02:43:24 EXEC SPC_COM_MENU '1';
2018-08-14 02:43:24 EXEC SPC_V002_FND1
2018-08-14 02:43:25 EXEC SPC_COM_PERMISSION '1','v002';
2018-08-14 02:43:25 EXEC SPC_COM_MENU '1';
2018-08-14 02:43:25 EXEC SPC_V002_FND1
2018-08-14 02:43:27 EXEC SPC_COM_MENU '1';
2018-08-14 02:43:35 EXEC SPC_COM_MENU '1';
2018-08-14 02:44:41 EXEC SPC_COM_MENU '1';
2018-08-14 02:44:58 EXEC SPC_COM_MENU '1';
2018-08-14 02:48:25 EXEC SPC_COM_MENU '1';
2018-08-14 02:48:32 EXEC SPC_COM_MENU '1';
2018-08-14 02:49:02 EXEC SPC_COM_MENU '1';
2018-08-14 02:50:34 EXEC SPC_COM_PERMISSION '1','v002';
2018-08-14 02:50:34 EXEC SPC_COM_MENU '1';
2018-08-14 02:50:34 EXEC SPC_V002_FND1
2018-08-14 02:50:34 EXEC SPC_COM_PERMISSION '1','v002';
2018-08-14 02:50:34 EXEC SPC_COM_MENU '1';
2018-08-14 02:50:34 EXEC SPC_V002_FND1
2018-08-14 02:50:38 EXEC SPC_COM_MENU '1';
2018-08-14 02:50:45 EXEC SPC_COM_MENU '1';
2018-08-14 02:50:50 EXEC SPC_COM_MENU '1';
2018-08-14 02:51:04 EXEC SPC_COM_MENU '1';
2018-08-14 02:51:50 EXEC SPC_COM_MENU '1';
2018-08-14 02:52:10 EXEC SPC_COM_MENU '1';
2018-08-14 02:54:18 EXEC SPC_COM_MENU '1';
2018-08-14 02:54:30 EXEC SPC_COM_MENU '1';
2018-08-14 02:54:36 EXEC SPC_COM_MENU '1';
2018-08-14 02:54:40 EXEC SPC_COM_MENU '1';
2018-08-14 02:57:29 EXEC SPC_COM_MENU '1';
2018-08-14 02:57:35 EXEC SPC_COM_MENU '1';
2018-08-14 02:58:11 EXEC SPC_COM_MENU '1';
2018-08-14 02:58:15 EXEC SPC_COM_MENU '1';
2018-08-14 02:58:19 EXEC SPC_COM_MENU '1';
2018-08-14 02:59:12 EXEC SPC_COM_PERMISSION '1','v002';
2018-08-14 02:59:12 EXEC SPC_COM_MENU '1';
2018-08-14 02:59:12 EXEC SPC_V002_FND1
2018-08-14 02:59:12 EXEC SPC_COM_PERMISSION '1','v002';
2018-08-14 02:59:12 EXEC SPC_COM_MENU '1';
2018-08-14 02:59:12 EXEC SPC_V002_FND1
2018-08-14 02:59:15 EXEC SPC_COM_MENU '1';
2018-08-14 02:59:21 EXEC SPC_COM_MENU '1';
2018-08-14 02:59:33 EXEC SPC_COM_PERMISSION '1','v002';
2018-08-14 02:59:33 EXEC SPC_COM_MENU '1';
2018-08-14 02:59:33 EXEC SPC_V002_FND1
2018-08-14 02:59:34 EXEC SPC_COM_PERMISSION '1','v002';
2018-08-14 02:59:34 EXEC SPC_COM_MENU '1';
2018-08-14 02:59:34 EXEC SPC_V002_FND1
2018-08-14 03:00:23 EXEC SPC_COM_PERMISSION '1','v002';
2018-08-14 03:00:23 EXEC SPC_COM_MENU '1';
2018-08-14 03:00:23 EXEC SPC_V002_FND1
2018-08-14 03:00:23 EXEC SPC_COM_PERMISSION '1','v002';
2018-08-14 03:00:23 EXEC SPC_COM_MENU '1';
2018-08-14 03:00:23 EXEC SPC_V002_FND1
2018-08-14 03:00:27 EXEC SPC_COM_MENU '1';
2018-08-14 03:00:29 EXEC SPC_COM_PERMISSION '1','v002';
2018-08-14 03:00:29 EXEC SPC_COM_MENU '1';
2018-08-14 03:00:29 EXEC SPC_V002_FND1
2018-08-14 03:00:30 EXEC SPC_COM_PERMISSION '1','v002';
2018-08-14 03:00:30 EXEC SPC_COM_MENU '1';
2018-08-14 03:00:30 EXEC SPC_V002_FND1
2018-08-14 03:00:32 EXEC SPC_COM_PERMISSION '1','v001';
2018-08-14 03:00:32 EXEC SPC_COM_MENU '1';
2018-08-14 03:00:32 EXEC SPC_COM_M999_INQ1 '8';
2018-08-14 03:00:34 EXEC SPC_COM_MENU '1';
2018-08-14 03:00:34 EXEC SPC_V001_LST1 '0','','','50','1';
2018-08-14 03:00:59 EXEC SPC_COM_PERMISSION '1','s002';
2018-08-14 03:00:59 EXEC SPC_COM_MENU '1';
2018-08-14 03:00:59 EXEC SPC_S002_FND1
2018-08-14 03:01:00 EXEC SPC_COM_MENU '1';
2018-08-14 03:01:00 EXEC SPC_S002_LST1 '','','','','10','1';
2018-08-14 03:01:04 EXEC SPC_COM_PERMISSION '1','s003';
2018-08-14 03:01:04 EXEC SPC_COM_MENU '1';
2018-08-14 03:01:04 EXEC SPC_S003_FND1
2018-08-14 03:01:29 EXEC SPC_COM_PERMISSION '1','v001';
2018-08-14 03:01:29 EXEC SPC_COM_MENU '1';
2018-08-14 03:01:29 EXEC SPC_COM_M999_INQ1 '8';
2018-08-14 03:01:31 EXEC SPC_COM_MENU '1';
2018-08-14 03:01:31 EXEC SPC_V001_LST1 '0','','','50','1';
2018-08-14 03:01:54 EXEC SPC_COM_PERMISSION '1','v001';
2018-08-14 03:01:54 EXEC SPC_COM_MENU '1';
2018-08-14 03:01:54 EXEC SPC_COM_M999_INQ1 '8';
2018-08-14 03:01:55 EXEC SPC_COM_MENU '1';
2018-08-14 03:01:55 EXEC SPC_V001_LST1 '0','','','50','1';
2018-08-14 03:02:19 EXEC SPC_COM_MENU '1';
2018-08-14 03:02:19 EXEC SPC_V001_ACT1 '<row id="1" dtl_id="3" />','ndq809','127.0.0.1';
2018-08-14 03:02:28 EXEC SPC_COM_MENU '1';
2018-08-14 03:02:28 EXEC SPC_V001_LST1 '0','','','50','1';
2018-08-14 03:02:29 EXEC SPC_COM_PERMISSION '1','v002';
2018-08-14 03:02:29 EXEC SPC_COM_MENU '1';
2018-08-14 03:02:29 EXEC SPC_V002_FND1
2018-08-14 03:02:29 EXEC SPC_COM_PERMISSION '1','v002';
2018-08-14 03:02:29 EXEC SPC_COM_MENU '1';
2018-08-14 03:02:29 EXEC SPC_V002_FND1
2018-08-14 03:59:04 EXEC SPC_COM_PERMISSION '1','g001';
2018-08-14 03:59:04 EXEC SPC_COM_MENU '1';
2018-08-14 03:59:55 EXEC SPC_COM_MENU '1';
2018-08-14 04:00:18 EXEC SPC_COM_MENU '1';
2018-08-14 04:00:28 EXEC SPC_COM_MENU '1';
2018-08-14 04:00:56 EXEC SPC_COM_MENU '1';
2018-08-14 04:18:17 EXEC SPC_COM_MENU '1';
2018-08-14 04:20:11 EXEC SPC_COM_MENU '1';
2018-08-14 04:21:39 EXEC SPC_COM_MENU '1';
2018-08-14 04:21:42 EXEC SPC_COM_MENU '1';
2018-08-14 04:21:52 EXEC SPC_COM_MENU '1';
2018-08-14 04:22:20 EXEC SPC_COM_MENU '1';
2018-08-14 04:23:22 EXEC SPC_COM_MENU '1';
2018-08-14 04:25:34 EXEC SPC_COM_MENU '1';
2018-08-14 04:25:55 EXEC SPC_COM_MENU '1';
2018-08-14 04:27:17 EXEC SPC_COM_MENU '1';
2018-08-14 04:27:38 EXEC SPC_COM_MENU '1';
2018-08-14 04:27:44 EXEC SPC_COM_MENU '1';
2018-08-14 04:28:49 EXEC SPC_COM_MENU '1';
2018-08-14 04:28:51 EXEC SPC_COM_MENU '1';
2018-08-14 04:29:41 EXEC SPC_COM_MENU '1';
2018-08-14 04:30:22 EXEC SPC_COM_MENU '1';
2018-08-14 04:31:34 EXEC SPC_COM_MENU '1';
2018-08-14 04:32:46 EXEC SPC_COM_MENU '1';
2018-08-14 04:33:43 EXEC SPC_COM_MENU '1';
2018-08-14 04:34:34 EXEC SPC_COM_MENU '1';
2018-08-14 04:34:46 EXEC SPC_COM_MENU '1';
2018-08-14 04:35:27 EXEC SPC_COM_MENU '1';
2018-08-14 04:36:26 EXEC SPC_COM_MENU '1';
2018-08-14 04:36:40 EXEC SPC_COM_MENU '1';
2018-08-14 04:37:04 EXEC SPC_COM_MENU '1';
2018-08-14 04:37:39 EXEC SPC_COM_MENU '1';
2018-08-14 04:39:32 EXEC SPC_COM_MENU '1';
2018-08-14 04:39:54 EXEC SPC_COM_MENU '1';
2018-08-14 04:39:56 EXEC SPC_COM_MENU '1';
2018-08-14 04:40:01 EXEC SPC_COM_MENU '1';
2018-08-14 04:40:04 EXEC SPC_COM_MENU '1';
2018-08-14 04:40:06 EXEC SPC_COM_MENU '1';
2018-08-14 04:40:07 EXEC SPC_COM_MENU '1';
2018-08-14 04:41:28 EXEC SPC_COM_MENU '1';
2018-08-14 04:41:30 EXEC SPC_COM_MENU '1';
2018-08-14 04:42:20 EXEC SPC_COM_MENU '1';
2018-08-14 04:43:21 EXEC SPC_COM_MENU '1';
2018-08-14 04:43:54 EXEC SPC_COM_MENU '1';
2018-08-14 04:44:59 EXEC SPC_COM_MENU '1';
2018-08-14 04:46:00 EXEC SPC_COM_MENU '1';
2018-08-14 04:47:08 EXEC SPC_COM_MENU '1';
2018-08-14 04:49:24 EXEC SPC_COM_MENU '1';
2018-08-14 04:49:34 EXEC SPC_COM_MENU '1';
2018-08-14 04:50:33 EXEC SPC_COM_MENU '1';
2018-08-14 04:51:03 EXEC SPC_COM_MENU '1';
2018-08-14 04:51:30 EXEC SPC_COM_MENU '1';
2018-08-14 04:54:27 EXEC SPC_COM_MENU '1';
2018-08-14 04:54:30 EXEC SPC_COM_MENU '1';
2018-08-14 04:54:50 EXEC SPC_COM_MENU '1';
2018-08-14 04:59:53 EXEC SPC_COM_MENU '1';
2018-08-14 05:00:03 EXEC SPC_COM_MENU '1';
2018-08-14 05:00:19 EXEC SPC_COM_MENU '1';
2018-08-14 05:01:01 EXEC SPC_COM_MENU '1';
2018-08-14 05:01:25 EXEC SPC_COM_MENU '1';
2018-08-14 05:02:12 EXEC SPC_COM_MENU '1';
2018-08-14 05:02:48 EXEC SPC_COM_MENU '1';
2018-08-14 05:03:16 EXEC SPC_COM_MENU '1';
2018-08-14 05:05:25 EXEC SPC_COM_MENU '1';
2018-08-14 05:08:53 EXEC SPC_COM_PERMISSION '1','g005';
2018-08-14 05:08:53 EXEC SPC_COM_MENU '1';
2018-08-14 05:08:53 EXEC SPC_COM_M999_INQ1 '7';
2018-08-14 05:08:54 EXEC SPC_COM_MENU '1';
2018-08-14 05:08:54 EXEC SPC_G005_LST1 '','','','10','1';
2018-08-14 05:10:00 EXEC SPC_COM_PERMISSION '1','g005';
2018-08-14 05:10:00 EXEC SPC_COM_MENU '1';
2018-08-14 05:10:00 EXEC SPC_COM_M999_INQ1 '7';
2018-08-14 05:10:02 EXEC SPC_COM_MENU '1';
2018-08-14 05:10:02 EXEC SPC_G005_LST1 '','','','10','1';
2018-08-14 05:10:24 EXEC SPC_COM_MENU '1';
2018-08-14 05:10:24 EXEC SPC_COMMON_CATALORUE '1';
2018-08-14 05:10:24 EXEC SPC_COM_MENU '1';
2018-08-14 05:10:24 EXEC SPC_COMMON_GROUP 'CAT-12';
2018-08-14 05:10:51 EXEC SPC_COM_MENU '1';
2018-08-14 05:11:12 EXEC SPC_COM_MENU '1';
2018-08-14 05:11:45 EXEC SPC_COM_MENU '1';
2018-08-14 05:12:04 EXEC SPC_COM_MENU '1';
2018-08-14 05:13:04 EXEC SPC_COM_MENU '1';
2018-08-14 05:13:16 EXEC SPC_COM_MENU '1';
2018-08-14 05:13:26 EXEC SPC_COM_MENU '1';
2018-08-14 05:15:37 EXEC SPC_COM_MENU '1';
2018-08-14 05:15:46 EXEC SPC_COM_MENU '1';
2018-08-14 05:20:29 EXEC SPC_COM_MENU '1';
2018-08-14 05:23:57 EXEC SPC_COM_MENU '1';
2018-08-14 05:25:43 EXEC SPC_COM_MENU '1';
2018-08-14 05:27:10 EXEC SPC_COM_MENU '1';
2018-08-14 05:27:45 EXEC SPC_COM_MENU '1';
2018-08-14 05:32:06 EXEC SPC_COM_MENU '1';
2018-08-14 05:32:06 EXEC SPC_COMMON_CATALORUE '1';
2018-08-14 05:32:06 EXEC SPC_COM_MENU '1';
2018-08-14 05:32:06 EXEC SPC_COMMON_GROUP 'CAT-12';
2018-08-14 05:32:11 EXEC SPC_COM_PERMISSION '1','s003';
2018-08-14 05:32:11 EXEC SPC_COM_MENU '1';
2018-08-14 05:32:11 EXEC SPC_S003_FND1
2018-08-14 05:32:15 EXEC SPC_COM_PERMISSION '1','w002';
2018-08-14 05:32:15 EXEC SPC_COM_MENU '1';
2018-08-14 05:32:15 EXEC SPC_W002_FND1
2018-08-14 05:32:17 EXEC SPC_COM_MENU '1';
2018-08-14 05:32:17 EXEC SPC_COMMON_CATALORUE '';
2018-08-14 05:32:21 EXEC SPC_COM_MENU '1';
2018-08-14 05:32:21 EXEC SPC_COMMON_CATALORUE '1';
2018-08-14 05:32:26 EXEC SPC_COM_MENU '1';
2018-08-14 05:32:26 EXEC SPC_COMMON_GROUP 'CAT-12';
2018-08-14 05:34:52 EXEC SPC_COM_MENU '1';
2018-08-14 05:34:52 EXEC SPC_COM_M999_INQ1 '8';
2018-08-14 05:34:52 EXEC SPC_COM_MENU '1';
2018-08-14 05:34:52 EXEC SPC_p003_LST1 '','','','50';
2018-08-14 05:34:52 SQLSTATE[42000]: [Microsoft][ODBC Driver 13 for SQL Server][SQL Server]ストアド プロシージャ 'SPC_p003_LST1' が見つかりませんでした。
2018-08-14 05:35:19 EXEC SPC_COM_PERMISSION '1','w002';
2018-08-14 05:35:19 EXEC SPC_COM_MENU '1';
2018-08-14 05:35:19 EXEC SPC_W002_FND1
2018-08-14 05:35:30 EXEC SPC_COM_MENU '1';
2018-08-14 05:35:30 EXEC SPC_W002_LST1 'POST-';
2018-08-14 05:35:41 EXEC SPC_COM_PERMISSION '1','w002';
2018-08-14 05:35:41 EXEC SPC_COM_MENU '1';
2018-08-14 05:35:41 EXEC SPC_W002_FND1
2018-08-14 05:35:45 EXEC SPC_COM_MENU '1';
2018-08-14 05:35:45 EXEC SPC_COMMON_CATALORUE '1';
2018-08-14 05:35:48 EXEC SPC_COM_MENU '1';
2018-08-14 05:35:48 EXEC SPC_COMMON_GROUP 'CAT-12';
2018-08-14 05:35:58 EXEC SPC_COM_MENU '1';
2018-08-14 05:35:58 EXEC SPC_COM_M999_INQ1 '8';
2018-08-14 05:35:58 EXEC SPC_COM_MENU '1';
2018-08-14 05:35:58 EXEC SPC_p003_LST1 '','','','50';
2018-08-14 05:35:58 SQLSTATE[42000]: [Microsoft][ODBC Driver 13 for SQL Server][SQL Server]ストアド プロシージャ 'SPC_p003_LST1' が見つかりませんでした。
2018-08-14 05:36:52 EXEC SPC_COM_MENU '1';
2018-08-14 05:36:52 EXEC SPC_COM_M999_INQ1 '8';
2018-08-14 05:36:52 EXEC SPC_COM_MENU '1';
2018-08-14 05:36:52 EXEC SPC_p003_LST1 '','','','50';
2018-08-14 05:37:19 EXEC SPC_COM_PERMISSION '1','w002';
2018-08-14 05:37:19 EXEC SPC_COM_MENU '1';
2018-08-14 05:37:19 EXEC SPC_W002_FND1
2018-08-14 05:40:45 EXEC SPC_COM_MENU '1';
2018-08-14 06:30:16 EXEC SPC_COM_PERMISSION '1','m003';
2018-08-14 06:30:16 EXEC SPC_COM_MENU '1';
2018-08-14 06:30:20 EXEC SPC_COM_MENU '1';
2018-08-14 06:31:25 EXEC SPC_COM_MENU '1';
2018-08-14 06:31:25 EXEC SPC_COM_DATA 'ndq809';
2018-08-14 06:31:47 EXEC SPC_COM_MENU '1';
2018-08-14 06:31:47 EXEC SPC_COM_DATA 'ndq809';
2018-08-14 06:32:19 EXEC SPC_COM_MENU '1';
2018-08-14 06:32:19 EXEC SPC_COM_DATA 'ndq809';
2018-08-14 06:35:05 EXEC SPC_COM_MENU '1';
2018-08-14 06:35:05 EXEC SPC_COM_DATA 'ndq809';
2018-08-14 06:35:18 EXEC SPC_COM_MENU '1';
2018-08-14 06:35:18 EXEC SPC_COM_DATA 'ndq809';
2018-08-14 06:36:00 EXEC SPC_COM_MENU '1';
2018-08-14 06:36:00 EXEC SPC_COM_DATA 'ndq809';
2018-08-14 06:46:27 EXEC SPC_COM_MENU '1';
2018-08-14 06:46:27 EXEC SPC_COM_DATA 'ndq809';
2018-08-14 06:58:08 EXEC SPC_COM_DATA 'ndq809';
2018-08-14 06:58:33 EXEC SPC_COM_DATA 'ndq809';
2018-08-14 06:58:33 EXEC SPC_COM_MENU '1';
2018-08-14 06:58:59 EXEC SPC_COM_DATA 'ndq809';
2018-08-14 06:58:59 EXEC SPC_COM_MENU '1';
2018-08-14 07:01:46 EXEC SPC_COM_DATA '';
2018-08-14 07:02:02 EXEC SPC_COM_DATA 'ndq809';
2018-08-14 07:02:02 EXEC SPC_COM_MENU '1';
2018-08-14 07:06:22 EXEC SPC_COM_DATA 'ndq809';
2018-08-14 07:06:22 EXEC SPC_COM_MENU '1';
2018-08-14 07:15:34 EXEC SPC_COM_DATA 'ndq809';
2018-08-14 07:15:34 EXEC SPC_COM_MENU '1';
2018-08-14 07:17:33 EXEC SPC_COM_PERMISSION '1','m003';
2018-08-14 07:17:33 EXEC SPC_COM_MENU '1';
2018-08-14 07:17:33 EXEC SPC_M003_FND1
2018-08-14 07:17:38 EXEC SPC_COM_PERMISSION '1','v002';
2018-08-14 07:17:38 EXEC SPC_COM_MENU '1';
2018-08-14 07:17:38 EXEC SPC_V002_FND1
2018-08-14 07:17:38 EXEC SPC_COM_PERMISSION '1','v002';
2018-08-14 07:17:38 EXEC SPC_COM_MENU '1';
2018-08-14 07:17:38 EXEC SPC_V002_FND1
2018-08-14 07:17:43 EXEC SPC_COM_PERMISSION '1','g005';
2018-08-14 07:17:43 EXEC SPC_COM_MENU '1';
2018-08-14 07:17:43 EXEC SPC_COM_M999_INQ1 '7';
2018-08-14 07:17:45 EXEC SPC_COM_MENU '1';
2018-08-14 07:17:45 EXEC SPC_COMMON_CATALORUE '1';
2018-08-14 07:29:12 EXEC SPC_COM_PERMISSION '1','g005';
2018-08-14 07:29:12 EXEC SPC_COM_MENU '1';
2018-08-14 07:29:12 EXEC SPC_COM_M999_INQ1 '7';
2018-08-14 07:29:16 EXEC SPC_COM_DATA 'ndq809';
2018-08-14 07:29:16 EXEC SPC_COM_MENU '1';
2018-08-14 07:29:16 EXEC SPC_VOCABULARY_LST1
2018-08-14 07:29:32 EXEC SPC_COM_MENU '1';
2018-08-14 07:29:32 EXEC SPC_COMMON_CATALORUE '1';
2018-08-14 07:29:38 EXEC SPC_COM_MENU '1';
2018-08-14 07:29:38 EXEC SPC_COMMON_GROUP 'CAT-12';
2018-08-14 07:30:14 EXEC SPC_COM_DATA 'ndq809';
2018-08-14 07:30:14 EXEC SPC_COM_MENU '1';
2018-08-14 07:30:14 EXEC SPC_VOCABULARY_LST1
2018-08-14 07:39:44 EXEC SPC_COM_DATA 'ndq809';
2018-08-14 07:39:44 EXEC SPC_COM_MENU '1';
2018-08-14 07:39:44 EXEC SPC_VOCABULARY_LST1
2018-08-14 07:39:48 EXEC SPC_COM_MENU '1';
2018-08-14 07:39:48 EXEC SPC_COMMON_GROUP '';
2018-08-14 07:40:01 EXEC SPC_COM_MENU '1';
2018-08-14 07:40:01 EXEC SPC_COMMON_GROUP '0';
2018-08-14 07:40:02 EXEC SPC_COM_MENU '1';
2018-08-14 07:40:02 EXEC SPC_COMMON_GROUP '';
2018-08-14 07:40:16 EXEC SPC_COM_MENU '1';
2018-08-14 07:40:16 EXEC SPC_COMMON_GROUP '0';
2018-08-14 07:40:24 EXEC SPC_COM_MENU '1';
2018-08-14 07:40:24 EXEC SPC_COMMON_GROUP '';
2018-08-14 07:41:55 EXEC SPC_COM_DATA 'ndq809';
2018-08-14 07:41:55 EXEC SPC_COM_MENU '1';
2018-08-14 07:41:55 EXEC SPC_VOCABULARY_LST1
2018-08-14 07:43:08 EXEC SPC_COM_DATA 'ndq809';
2018-08-14 07:43:08 EXEC SPC_COM_MENU '1';
2018-08-14 07:43:08 EXEC SPC_VOCABULARY_LST1
2018-08-14 07:43:29 EXEC SPC_COM_DATA 'ndq809';
2018-08-14 07:43:29 EXEC SPC_COM_MENU '1';
2018-08-14 07:43:29 EXEC SPC_VOCABULARY_LST1
2018-08-14 07:43:32 EXEC SPC_COM_MENU '1';
2018-08-14 07:43:32 EXEC SPC_COMMON_GROUP 'CAT-12';
2018-08-14 07:43:35 EXEC SPC_COM_MENU '1';
2018-08-14 07:43:35 EXEC SPC_COMMON_GROUP '0';
2018-08-14 07:43:37 EXEC SPC_COM_MENU '1';
2018-08-14 07:43:37 EXEC SPC_COMMON_GROUP 'CAT-12';
2018-08-14 07:43:43 EXEC SPC_COM_MENU '1';
2018-08-14 07:43:43 EXEC SPC_COMMON_GROUP '0';
2018-08-14 07:43:44 EXEC SPC_COM_MENU '1';
2018-08-14 07:43:44 EXEC SPC_COMMON_GROUP 'CAT-12';
2018-08-14 07:59:37 EXEC SPC_COM_MENU '1';
2018-08-14 07:59:37 EXEC SPC_G005_LST1 '1','CAT-12','','10','1';
2018-08-14 07:59:38 EXEC SPC_COM_MENU '1';
2018-08-14 07:59:38 EXEC SPC_COMMON_CATALORUE '1';
2018-08-14 07:59:38 EXEC SPC_COM_MENU '1';
2018-08-14 07:59:38 EXEC SPC_COMMON_GROUP 'CAT-12';
2018-08-14 07:59:40 EXEC SPC_COM_MENU '1';
2018-08-14 07:59:40 EXEC SPC_COMMON_CATALORUE '1';
2018-08-14 07:59:41 EXEC SPC_COM_MENU '1';
2018-08-14 07:59:41 EXEC SPC_COMMON_CATALORUE '1';
2018-08-14 07:59:44 EXEC SPC_COM_MENU '1';
2018-08-14 07:59:44 EXEC SPC_COMMON_CATALORUE '1';
2018-08-14 07:59:45 EXEC SPC_COM_MENU '1';
2018-08-14 07:59:45 EXEC SPC_COMMON_CATALORUE '1';
2018-08-14 07:59:47 EXEC SPC_COM_MENU '1';
2018-08-14 07:59:47 EXEC SPC_COMMON_CATALORUE '1';
2018-08-14 08:00:00 EXEC SPC_COM_MENU '1';
2018-08-14 08:00:00 EXEC SPC_COMMON_CATALORUE '1';
2018-08-14 08:00:12 EXEC SPC_COM_PERMISSION '1','g005';
2018-08-14 08:00:12 EXEC SPC_COM_MENU '1';
2018-08-14 08:00:12 EXEC SPC_COM_M999_INQ1 '7';
2018-08-14 08:00:16 EXEC SPC_COM_MENU '1';
2018-08-14 08:00:16 EXEC SPC_G005_LST1 '','','','10','1';
2018-08-14 08:00:17 EXEC SPC_COM_MENU '1';
2018-08-14 08:00:17 EXEC SPC_COMMON_CATALORUE '3';
2018-08-14 08:00:17 EXEC SPC_COM_MENU '1';
2018-08-14 08:00:17 EXEC SPC_COMMON_GROUP 'CAT-8';
2018-08-14 08:00:22 EXEC SPC_COM_MENU '1';
2018-08-14 08:00:22 EXEC SPC_COMMON_CATALORUE '7';
2018-08-14 08:00:22 EXEC SPC_COM_MENU '1';
2018-08-14 08:00:22 EXEC SPC_COMMON_GROUP 'CAT-1025';
2018-08-14 08:00:24 EXEC SPC_COM_MENU '1';
2018-08-14 08:00:24 EXEC SPC_COMMON_CATALORUE '2';
2018-08-14 08:00:24 EXEC SPC_COM_MENU '1';
2018-08-14 08:00:24 EXEC SPC_COMMON_GROUP 'CAT-7';
2018-08-14 08:00:25 EXEC SPC_COM_MENU '1';
2018-08-14 08:00:25 EXEC SPC_COMMON_CATALORUE '1';
2018-08-14 08:00:25 EXEC SPC_COM_MENU '1';
2018-08-14 08:00:25 EXEC SPC_COMMON_GROUP 'CAT-12';
2018-08-14 08:00:26 EXEC SPC_COM_MENU '1';
2018-08-14 08:00:26 EXEC SPC_COMMON_CATALORUE '3';
2018-08-14 08:00:26 EXEC SPC_COM_MENU '1';
2018-08-14 08:00:26 EXEC SPC_COMMON_GROUP 'CAT-8';
2018-08-14 08:04:33 EXEC SPC_COM_DATA 'ndq809';
2018-08-14 08:04:33 EXEC SPC_COM_MENU '1';
2018-08-14 08:04:33 EXEC SPC_VOCABULARY_LST1
2018-08-14 08:06:08 EXEC SPC_COM_DATA 'ndq809';
2018-08-14 08:06:08 EXEC SPC_COM_MENU '1';
2018-08-14 08:06:08 EXEC SPC_VOCABULARY_LST1
2018-08-14 08:15:16 EXEC SPC_COM_MENU '1';
2018-08-14 08:15:16 EXEC SPC_COMMON_GROUP 'CAT-12';
2018-08-14 08:16:16 EXEC SPC_COM_DATA 'ndq809';
2018-08-14 08:16:16 EXEC SPC_COM_MENU '1';
2018-08-14 08:16:16 EXEC SPC_VOCABULARY_LST1
2018-08-14 08:16:22 EXEC SPC_COM_DATA 'ndq809';
2018-08-14 08:16:22 EXEC SPC_COM_MENU '1';
2018-08-14 08:16:26 EXEC SPC_COM_DATA 'ndq809';
2018-08-14 08:16:26 EXEC SPC_COM_MENU '1';
2018-08-14 08:16:31 EXEC SPC_COM_DATA 'ndq809';
2018-08-14 08:16:31 EXEC SPC_COM_MENU '1';
2018-08-14 08:16:32 EXEC SPC_COM_DATA 'ndq809';
2018-08-14 08:16:32 EXEC SPC_COM_MENU '1';
2018-08-14 08:16:39 EXEC SPC_COM_DATA 'ndq809';
2018-08-14 08:16:39 EXEC SPC_COM_MENU '1';
2018-08-14 08:16:43 EXEC SPC_COM_DATA 'ndq809';
2018-08-14 08:16:43 EXEC SPC_COM_MENU '1';
2018-08-14 08:16:54 EXEC SPC_COM_DATA 'ndq809';
2018-08-14 08:16:54 EXEC SPC_COM_MENU '1';
2018-08-14 08:16:54 EXEC SPC_VOCABULARY_LST1
2018-08-14 08:19:27 EXEC SPC_COM_DATA 'ndq809';
2018-08-14 08:19:27 EXEC SPC_COM_MENU '1';
2018-08-14 08:19:27 EXEC SPC_VOCABULARY_LST1
2018-08-14 08:19:28 EXEC SPC_COM_MENU '1';
2018-08-14 08:19:28 EXEC SPC_COMMON_GROUP 'CAT-12';
2018-08-14 08:19:34 EXEC SPC_COM_DATA 'ndq809';
2018-08-14 08:19:34 EXEC SPC_COM_MENU '1';
2018-08-14 08:19:34 EXEC SPC_VOCABULARY_LST1
2018-08-14 08:19:34 EXEC SPC_COM_MENU '1';
2018-08-14 08:19:34 EXEC SPC_COMMON_GROUP 'CAT-12';
2018-08-14 08:20:23 EXEC SPC_COM_DATA 'ndq809';
2018-08-14 08:20:23 EXEC SPC_COM_MENU '1';
2018-08-14 08:20:23 EXEC SPC_VOCABULARY_LST1
2018-08-14 08:20:24 EXEC SPC_COM_MENU '1';
2018-08-14 08:20:24 EXEC SPC_COMMON_GROUP 'CAT-12';
2018-08-14 08:20:48 EXEC SPC_COM_DATA 'ndq809';
2018-08-14 08:20:48 EXEC SPC_COM_MENU '1';
2018-08-14 08:20:48 EXEC SPC_VOCABULARY_LST1
2018-08-14 08:20:49 EXEC SPC_COM_MENU '1';
2018-08-14 08:20:49 EXEC SPC_COMMON_GROUP 'CAT-12';
2018-08-14 08:22:04 EXEC SPC_COM_PERMISSION '1','g005';
2018-08-14 08:22:04 EXEC SPC_COM_MENU '1';
2018-08-14 08:22:04 EXEC SPC_COM_M999_INQ1 '7';
2018-08-14 08:22:06 EXEC SPC_COM_DATA 'ndq809';
2018-08-14 08:22:06 EXEC SPC_COM_MENU '1';
2018-08-14 08:22:06 EXEC SPC_VOCABULARY_LST1
2018-08-14 08:22:07 EXEC SPC_COM_MENU '1';
2018-08-14 08:22:07 EXEC SPC_COMMON_GROUP 'CAT-12';
2018-08-14 08:22:08 EXEC SPC_COM_DATA 'ndq809';
2018-08-14 08:22:08 EXEC SPC_COM_MENU '1';
2018-08-14 08:22:08 EXEC SPC_VOCABULARY_LST1
2018-08-14 08:22:09 EXEC SPC_COM_MENU '1';
2018-08-14 08:22:09 EXEC SPC_COMMON_GROUP 'CAT-12';
2018-08-14 08:22:38 EXEC SPC_COM_DATA 'ndq809';
2018-08-14 08:22:38 EXEC SPC_COM_MENU '1';
2018-08-14 08:22:38 EXEC SPC_VOCABULARY_LST1
2018-08-14 08:22:38 EXEC SPC_COM_MENU '1';
2018-08-14 08:22:38 EXEC SPC_COMMON_GROUP 'CAT-12';
2018-08-14 08:30:25 EXEC SPC_COM_MENU '1';
2018-08-14 08:30:25 EXEC SPC_COMMON_GROUP '';
2018-08-14 08:30:30 EXEC SPC_COM_MENU '1';
2018-08-14 08:30:30 EXEC SPC_COMMON_GROUP 'CAT-12';
2018-08-14 08:30:32 EXEC SPC_COM_MENU '1';
2018-08-14 08:30:32 EXEC SPC_COMMON_GROUP '';
2018-08-14 08:31:53 EXEC SPC_COM_DATA 'ndq809';
2018-08-14 08:31:53 EXEC SPC_COM_MENU '1';
2018-08-14 08:31:53 EXEC SPC_VOCABULARY_LST1
2018-08-14 08:31:53 EXEC SPC_COM_MENU '1';
2018-08-14 08:31:53 EXEC SPC_COMMON_GROUP 'CAT-12';
2018-08-14 08:32:41 EXEC SPC_COM_DATA 'ndq809';
2018-08-14 08:32:41 EXEC SPC_COM_MENU '1';
2018-08-14 08:32:41 EXEC SPC_VOCABULARY_LST1
2018-08-14 08:32:41 EXEC SPC_COM_MENU '1';
2018-08-14 08:32:41 EXEC SPC_COMMON_GROUP 'CAT-12';
2018-08-14 08:39:50 EXEC SPC_COM_DATA 'ndq809';
2018-08-14 08:39:50 EXEC SPC_COM_MENU '1';
2018-08-14 08:39:50 EXEC SPC_VOCABULARY_LST1
2018-08-14 08:39:50 EXEC SPC_COM_MENU '1';
2018-08-14 08:39:50 EXEC SPC_COMMON_GROUP 'CAT-12';
2018-08-14 08:41:19 EXEC SPC_COM_DATA 'ndq809';
2018-08-14 08:41:19 EXEC SPC_COM_MENU '1';
2018-08-14 08:41:19 EXEC SPC_VOCABULARY_LST1
2018-08-14 08:41:19 EXEC SPC_COM_MENU '1';
2018-08-14 08:41:19 EXEC SPC_COMMON_GROUP 'CAT-12';
2018-08-14 08:41:37 EXEC SPC_COM_DATA 'ndq809';
2018-08-14 08:41:37 EXEC SPC_COM_MENU '1';
2018-08-14 08:41:37 EXEC SPC_VOCABULARY_LST1
2018-08-14 08:41:37 EXEC SPC_COM_MENU '1';
2018-08-14 08:41:37 EXEC SPC_COMMON_GROUP 'CAT-12';
2018-08-14 08:42:14 EXEC SPC_COM_PERMISSION '1','g005';
2018-08-14 08:42:14 EXEC SPC_COM_MENU '1';
2018-08-14 08:42:14 EXEC SPC_COM_M999_INQ1 '7';
2018-08-14 08:42:24 EXEC SPC_COM_DATA 'ndq809';
2018-08-14 08:42:24 EXEC SPC_COM_MENU '1';
2018-08-14 08:42:24 EXEC SPC_VOCABULARY_LST1
2018-08-14 08:42:25 EXEC SPC_COM_MENU '1';
2018-08-14 08:42:25 EXEC SPC_COMMON_GROUP 'CAT-12';
2018-08-14 08:42:39 EXEC SPC_COM_DATA 'ndq809';
2018-08-14 08:42:39 EXEC SPC_COM_MENU '1';
2018-08-14 08:42:39 EXEC SPC_VOCABULARY_LST1
2018-08-14 08:42:40 EXEC SPC_COM_MENU '1';
2018-08-14 08:42:40 EXEC SPC_COMMON_GROUP 'CAT-12';
2018-08-14 08:42:52 EXEC SPC_COM_DATA 'ndq809';
2018-08-14 08:42:52 EXEC SPC_COM_MENU '1';
2018-08-14 08:42:52 EXEC SPC_VOCABULARY_LST1
2018-08-14 08:42:54 EXEC SPC_COM_MENU '1';
2018-08-14 08:42:54 EXEC SPC_COMMON_GROUP 'CAT-12';
2018-08-14 08:42:57 EXEC SPC_COM_DATA 'ndq809';
2018-08-14 08:42:57 EXEC SPC_COM_MENU '1';
2018-08-14 08:42:57 EXEC SPC_VOCABULARY_LST1
2018-08-14 08:42:58 EXEC SPC_COM_MENU '1';
2018-08-14 08:42:58 EXEC SPC_COMMON_GROUP 'CAT-12';
2018-08-14 08:45:23 EXEC SPC_COM_PERMISSION '1','g005';
2018-08-14 08:45:23 EXEC SPC_COM_MENU '1';
2018-08-14 08:45:23 EXEC SPC_COM_M999_INQ1 '7';
2018-08-14 08:45:27 EXEC SPC_COM_DATA 'ndq809';
2018-08-14 08:45:27 EXEC SPC_COM_MENU '1';
2018-08-14 08:45:27 EXEC SPC_VOCABULARY_LST1
2018-08-14 08:45:27 EXEC SPC_COM_MENU '1';
2018-08-14 08:45:27 EXEC SPC_COMMON_GROUP 'CAT-12';
2018-08-14 08:48:55 EXEC SPC_COM_DATA 'ndq809';
2018-08-14 08:48:55 EXEC SPC_COM_MENU '1';
2018-08-14 08:48:55 EXEC SPC_VOCABULARY_LST1
2018-08-14 08:48:55 EXEC SPC_COM_MENU '1';
2018-08-14 08:48:55 EXEC SPC_COMMON_GROUP 'CAT-12';
2018-08-14 08:48:58 EXEC SPC_COM_MENU '1';
2018-08-14 08:48:58 EXEC SPC_COMMON_GROUP '';
2018-08-14 08:48:58 EXEC SPC_COM_MENU '1';
2018-08-14 08:48:58 EXEC SPC_COMMON_GROUP 'CAT-12';
2018-08-14 08:49:48 EXEC SPC_COM_DATA 'ndq809';
2018-08-14 08:49:48 EXEC SPC_COM_MENU '1';
2018-08-14 08:49:48 EXEC SPC_VOCABULARY_LST1
2018-08-14 08:49:49 EXEC SPC_COM_MENU '1';
2018-08-14 08:49:49 EXEC SPC_COMMON_GROUP 'CAT-12';
2018-08-14 08:49:52 EXEC SPC_COM_MENU '1';
2018-08-14 08:49:52 EXEC SPC_COMMON_GROUP '';
2018-08-14 08:49:54 EXEC SPC_COM_MENU '1';
2018-08-14 08:49:54 EXEC SPC_COMMON_GROUP 'CAT-12';
2018-08-14 08:51:20 EXEC SPC_COM_DATA 'ndq809';
2018-08-14 08:51:20 EXEC SPC_COM_MENU '1';
2018-08-14 08:51:20 EXEC SPC_VOCABULARY_LST1
2018-08-14 08:51:20 EXEC SPC_COM_MENU '1';
2018-08-14 08:51:20 EXEC SPC_COMMON_GROUP 'CAT-12';
2018-08-14 08:51:22 EXEC SPC_COM_MENU '1';
2018-08-14 08:51:22 EXEC SPC_COMMON_GROUP '';
2018-08-14 08:51:22 EXEC SPC_COM_MENU '1';
2018-08-14 08:51:22 EXEC SPC_COMMON_GROUP 'CAT-12';
2018-08-14 08:51:41 EXEC SPC_COM_DATA 'ndq809';
2018-08-14 08:51:41 EXEC SPC_COM_MENU '1';
2018-08-14 08:51:41 EXEC SPC_VOCABULARY_LST1
2018-08-14 08:51:46 EXEC SPC_COM_MENU '1';
2018-08-14 08:51:46 EXEC SPC_COMMON_GROUP 'CAT-12';
2018-08-14 08:52:24 EXEC SPC_COM_DATA 'ndq809';
2018-08-14 08:52:24 EXEC SPC_COM_MENU '1';
2018-08-14 08:52:24 EXEC SPC_VOCABULARY_LST1
2018-08-14 08:52:29 EXEC SPC_COM_MENU '1';
2018-08-14 08:52:30 EXEC SPC_COMMON_GROUP 'CAT-12';
2018-08-14 08:52:44 EXEC SPC_COM_DATA 'ndq809';
2018-08-14 08:52:44 EXEC SPC_COM_MENU '1';
2018-08-14 08:52:44 EXEC SPC_VOCABULARY_LST1
2018-08-14 08:52:46 EXEC SPC_COM_MENU '1';
2018-08-14 08:52:46 EXEC SPC_COMMON_GROUP 'CAT-12';
2018-08-14 08:54:15 EXEC SPC_COM_DATA 'ndq809';
2018-08-14 08:54:15 EXEC SPC_COM_MENU '1';
2018-08-14 08:54:15 EXEC SPC_VOCABULARY_LST1
2018-08-14 08:54:15 EXEC SPC_COM_MENU '1';
2018-08-14 08:54:15 EXEC SPC_COMMON_GROUP 'CAT-12';
2018-08-14 08:54:18 EXEC SPC_COM_MENU '1';
2018-08-14 08:54:18 EXEC SPC_COMMON_GROUP '';
2018-08-14 08:56:30 EXEC SPC_COM_PERMISSION '1','g005';
2018-08-14 08:56:30 EXEC SPC_COM_MENU '1';
2018-08-14 08:56:30 EXEC SPC_COM_M999_INQ1 '7';
2018-08-14 08:56:36 EXEC SPC_COM_DATA 'ndq809';
2018-08-14 08:56:36 EXEC SPC_COM_MENU '1';
2018-08-14 08:56:36 EXEC SPC_VOCABULARY_LST1
2018-08-14 08:56:37 EXEC SPC_COM_MENU '1';
2018-08-14 08:56:37 EXEC SPC_COMMON_GROUP 'CAT-12';
2018-08-14 08:56:40 EXEC SPC_COM_MENU '1';
2018-08-14 08:56:40 EXEC SPC_COMMON_GROUP '';
2018-08-14 08:56:40 EXEC SPC_COM_MENU '1';
2018-08-14 08:56:40 EXEC SPC_COMMON_GROUP 'CAT-12';
2018-08-14 08:56:48 EXEC SPC_COM_DATA 'ndq809';
2018-08-14 08:56:48 EXEC SPC_COM_MENU '1';
2018-08-14 08:56:48 EXEC SPC_VOCABULARY_LST1
2018-08-14 08:56:48 EXEC SPC_COM_MENU '1';
2018-08-14 08:56:48 EXEC SPC_COMMON_GROUP 'CAT-12';
2018-08-14 08:56:50 EXEC SPC_COM_MENU '1';
2018-08-14 08:56:50 EXEC SPC_COMMON_GROUP '';
2018-08-14 08:56:51 EXEC SPC_COM_MENU '1';
2018-08-14 08:56:51 EXEC SPC_COMMON_GROUP 'CAT-12';
2018-08-14 09:00:56 EXEC SPC_COM_DATA 'ndq809';
2018-08-14 09:00:56 EXEC SPC_COM_MENU '1';
2018-08-14 09:00:56 EXEC SPC_VOCABULARY_LST1
2018-08-14 09:00:57 EXEC SPC_COM_MENU '1';
2018-08-14 09:00:57 EXEC SPC_COMMON_GROUP 'CAT-12';
2018-08-14 09:01:05 EXEC SPC_COM_MENU '1';
2018-08-14 09:01:05 EXEC SPC_COMMON_GROUP '';
2018-08-14 09:01:06 EXEC SPC_COM_MENU '1';
2018-08-14 09:01:06 EXEC SPC_COMMON_GROUP 'CAT-12';
2018-08-14 09:01:23 EXEC SPC_COM_DATA 'ndq809';
2018-08-14 09:01:23 EXEC SPC_COM_MENU '1';
2018-08-14 09:01:23 EXEC SPC_VOCABULARY_LST1
2018-08-14 09:01:23 EXEC SPC_COM_MENU '1';
2018-08-14 09:01:23 EXEC SPC_COMMON_GROUP 'CAT-12';
2018-08-14 09:04:13 EXEC SPC_COM_DATA 'ndq809';
2018-08-14 09:04:13 EXEC SPC_COM_MENU '1';
2018-08-14 09:04:13 EXEC SPC_VOCABULARY_LST1
2018-08-14 09:04:14 EXEC SPC_COM_MENU '1';
2018-08-14 09:04:14 EXEC SPC_COMMON_GROUP 'CAT-12';
2018-08-14 09:04:17 EXEC SPC_COM_DATA 'ndq809';
2018-08-14 09:04:17 EXEC SPC_COM_MENU '1';
2018-08-14 09:04:17 EXEC SPC_VOCABULARY_LST1
2018-08-14 09:04:17 EXEC SPC_COM_MENU '1';
2018-08-14 09:04:17 EXEC SPC_COMMON_GROUP 'CAT-12';
2018-08-14 09:05:06 EXEC SPC_COM_DATA 'ndq809';
2018-08-14 09:05:06 EXEC SPC_COM_MENU '1';
2018-08-14 09:05:06 EXEC SPC_VOCABULARY_LST1
2018-08-14 09:05:07 EXEC SPC_COM_MENU '1';
2018-08-14 09:05:07 EXEC SPC_COMMON_GROUP 'CAT-12';
2018-08-14 09:05:08 EXEC SPC_COM_DATA 'ndq809';
2018-08-14 09:05:08 EXEC SPC_COM_MENU '1';
2018-08-14 09:05:08 EXEC SPC_VOCABULARY_LST1
2018-08-14 09:05:09 EXEC SPC_COM_MENU '1';
2018-08-14 09:05:09 EXEC SPC_COMMON_GROUP 'CAT-12';
2018-08-14 09:05:11 EXEC SPC_COM_DATA 'ndq809';
2018-08-14 09:05:11 EXEC SPC_COM_MENU '1';
2018-08-14 09:05:11 EXEC SPC_VOCABULARY_LST1
2018-08-14 09:05:12 EXEC SPC_COM_MENU '1';
2018-08-14 09:05:12 EXEC SPC_COMMON_GROUP 'CAT-12';
2018-08-14 09:07:18 EXEC SPC_COM_PERMISSION '1','g005';
2018-08-14 09:07:18 EXEC SPC_COM_MENU '1';
2018-08-14 09:07:18 EXEC SPC_COM_M999_INQ1 '7';
2018-08-14 09:07:30 EXEC SPC_COM_DATA 'ndq809';
2018-08-14 09:07:30 EXEC SPC_COM_MENU '1';
2018-08-14 09:07:30 EXEC SPC_VOCABULARY_LST1
2018-08-14 09:07:30 EXEC SPC_COM_MENU '1';
2018-08-14 09:07:30 EXEC SPC_COMMON_GROUP 'CAT-12';
2018-08-14 09:07:32 EXEC SPC_COM_DATA 'ndq809';
2018-08-14 09:07:32 EXEC SPC_COM_MENU '1';
2018-08-14 09:07:32 EXEC SPC_VOCABULARY_LST1
2018-08-14 09:07:33 EXEC SPC_COM_MENU '1';
2018-08-14 09:07:33 EXEC SPC_COMMON_GROUP 'CAT-12';
2018-08-14 09:07:37 EXEC SPC_COM_DATA 'ndq809';
2018-08-14 09:07:37 EXEC SPC_COM_MENU '1';
2018-08-14 09:07:37 EXEC SPC_VOCABULARY_LST1
2018-08-14 09:07:37 EXEC SPC_COM_MENU '1';
2018-08-14 09:07:37 EXEC SPC_COMMON_GROUP 'CAT-12';
2018-08-14 09:09:23 EXEC SPC_COM_DATA 'ndq809';
2018-08-14 09:09:23 EXEC SPC_COM_MENU '1';
2018-08-14 09:09:23 EXEC SPC_VOCABULARY_LST1
2018-08-14 09:09:24 EXEC SPC_COM_MENU '1';
2018-08-14 09:09:24 EXEC SPC_COMMON_GROUP 'CAT-12';
2018-08-14 09:09:55 EXEC SPC_COM_DATA 'ndq809';
2018-08-14 09:09:55 EXEC SPC_COM_MENU '1';
2018-08-14 09:09:55 EXEC SPC_VOCABULARY_LST1
2018-08-14 09:09:55 EXEC SPC_COM_MENU '1';
2018-08-14 09:09:55 EXEC SPC_COMMON_GROUP 'CAT-12';
2018-08-14 09:11:04 EXEC SPC_COM_DATA 'ndq809';
2018-08-14 09:11:04 EXEC SPC_COM_MENU '1';
2018-08-14 09:11:04 EXEC SPC_VOCABULARY_LST1
2018-08-14 09:11:08 EXEC SPC_COM_MENU '1';
2018-08-14 09:11:08 EXEC SPC_COMMON_GROUP 'CAT-12';
2018-08-14 09:11:48 EXEC SPC_COM_DATA 'ndq809';
2018-08-14 09:11:48 EXEC SPC_COM_MENU '1';
2018-08-14 09:11:48 EXEC SPC_VOCABULARY_LST1
2018-08-14 09:11:50 EXEC SPC_COM_MENU '1';
2018-08-14 09:11:50 EXEC SPC_COMMON_GROUP 'CAT-12';
2018-08-14 09:12:07 EXEC SPC_COM_DATA 'ndq809';
2018-08-14 09:12:07 EXEC SPC_COM_MENU '1';
2018-08-14 09:12:07 EXEC SPC_VOCABULARY_LST1
2018-08-14 09:12:09 EXEC SPC_COM_MENU '1';
2018-08-14 09:12:09 EXEC SPC_COMMON_GROUP 'CAT-12';
2018-08-14 09:12:18 EXEC SPC_COM_DATA 'ndq809';
2018-08-14 09:12:18 EXEC SPC_COM_MENU '1';
2018-08-14 09:12:18 EXEC SPC_VOCABULARY_LST1
2018-08-14 09:12:21 EXEC SPC_COM_MENU '1';
2018-08-14 09:12:21 EXEC SPC_COMMON_GROUP 'CAT-12';
2018-08-14 09:13:59 EXEC SPC_COM_DATA 'ndq809';
2018-08-14 09:13:59 EXEC SPC_COM_MENU '1';
2018-08-14 09:13:59 EXEC SPC_VOCABULARY_LST1
2018-08-14 09:13:59 EXEC SPC_COM_MENU '1';
2018-08-14 09:13:59 EXEC SPC_COMMON_GROUP 'CAT-12';
2018-08-14 09:14:08 EXEC SPC_COM_DATA 'ndq809';
2018-08-14 09:14:08 EXEC SPC_COM_MENU '1';
2018-08-14 09:14:08 EXEC SPC_VOCABULARY_LST1
2018-08-14 09:14:08 EXEC SPC_COM_MENU '1';
2018-08-14 09:14:08 EXEC SPC_COMMON_GROUP 'CAT-12';
2018-08-14 09:15:04 EXEC SPC_COM_DATA 'ndq809';
2018-08-14 09:15:04 EXEC SPC_COM_MENU '1';
2018-08-14 09:15:04 EXEC SPC_VOCABULARY_LST1
2018-08-14 09:15:05 EXEC SPC_COM_MENU '1';
2018-08-14 09:15:05 EXEC SPC_COMMON_GROUP 'CAT-12';
2018-08-14 09:15:07 EXEC SPC_COM_DATA 'ndq809';
2018-08-14 09:15:07 EXEC SPC_COM_MENU '1';
2018-08-14 09:15:07 EXEC SPC_VOCABULARY_LST1
2018-08-14 09:15:07 EXEC SPC_COM_MENU '1';
2018-08-14 09:15:07 EXEC SPC_COMMON_GROUP 'CAT-12';
2018-08-14 09:15:09 EXEC SPC_COM_DATA 'ndq809';
2018-08-14 09:15:09 EXEC SPC_COM_MENU '1';
2018-08-14 09:15:09 EXEC SPC_VOCABULARY_LST1
2018-08-14 09:15:10 EXEC SPC_COM_MENU '1';
2018-08-14 09:15:10 EXEC SPC_COMMON_GROUP 'CAT-12';
2018-08-14 09:15:11 EXEC SPC_COM_DATA 'ndq809';
2018-08-14 09:15:11 EXEC SPC_COM_MENU '1';
2018-08-14 09:15:11 EXEC SPC_VOCABULARY_LST1
2018-08-14 09:15:12 EXEC SPC_COM_MENU '1';
2018-08-14 09:15:12 EXEC SPC_COMMON_GROUP 'CAT-12';
2018-08-14 09:16:44 EXEC SPC_COM_DATA 'ndq809';
2018-08-14 09:16:44 EXEC SPC_COM_MENU '1';
2018-08-14 09:16:44 EXEC SPC_VOCABULARY_LST1
2018-08-14 09:16:47 EXEC SPC_COM_MENU '1';
2018-08-14 09:16:47 EXEC SPC_COMMON_GROUP 'CAT-12';
2018-08-14 09:21:07 EXEC SPC_COM_DATA 'ndq809';
2018-08-14 09:21:07 EXEC SPC_COM_MENU '1';
2018-08-14 09:21:07 EXEC SPC_VOCABULARY_LST1
2018-08-14 09:21:12 EXEC SPC_COM_MENU '1';
2018-08-14 09:21:12 EXEC SPC_COMMON_GROUP 'CAT-12';
2018-08-14 09:23:50 EXEC SPC_COM_DATA 'ndq809';
2018-08-14 09:23:50 EXEC SPC_COM_MENU '1';
2018-08-14 09:23:50 EXEC SPC_VOCABULARY_LST1
2018-08-14 09:23:52 EXEC SPC_COM_MENU '1';
2018-08-14 09:23:52 EXEC SPC_COMMON_GROUP 'CAT-12';
2018-08-14 09:23:53 EXEC SPC_COM_DATA 'ndq809';
2018-08-14 09:23:53 EXEC SPC_COM_MENU '1';
2018-08-14 09:23:53 EXEC SPC_VOCABULARY_LST1
2018-08-14 09:23:57 EXEC SPC_COM_MENU '1';
2018-08-14 09:23:57 EXEC SPC_COMMON_GROUP 'CAT-12';
2018-08-14 09:24:24 EXEC SPC_COM_DATA 'ndq809';
2018-08-14 09:24:24 EXEC SPC_COM_MENU '1';
2018-08-14 09:24:24 EXEC SPC_VOCABULARY_LST1
2018-08-14 09:24:26 EXEC SPC_COM_MENU '1';
2018-08-14 09:24:26 EXEC SPC_COMMON_GROUP 'CAT-12';
