2018-05-14 00:49:18 EXEC SPC_P001_LST1 '';
2018-05-14 00:53:43 EXEC SPC_P001_LST1 '';
2018-05-14 01:00:00 EXEC SPC_P001_LST1 '';
2018-05-14 01:00:45 EXEC SPC_P001_LST1 '';
2018-05-14 01:00:47 EXEC SPC_P001_LST1 '','NaN';
2018-05-14 01:00:47 SQLSTATE[42000]: [Microsoft][ODBC Driver 13 for SQL Server][SQL Server]データ型 nvarchar を int に変換中にエラーが発生しました。
2018-05-14 01:02:36 EXEC SPC_P001_LST1 '','1';
2018-05-14 01:02:38 EXEC SPC_P001_LST1 '','NaN';
2018-05-14 01:02:38 SQLSTATE[42000]: [Microsoft][ODBC Driver 13 for SQL Server][SQL Server]データ型 nvarchar を int に変換中にエラーが発生しました。
2018-05-14 01:03:54 EXEC SPC_P001_LST1 '','1';
2018-05-14 01:03:55 EXEC SPC_P001_LST1 '','NaN';
2018-05-14 01:03:55 SQLSTATE[42000]: [Microsoft][ODBC Driver 13 for SQL Server][SQL Server]データ型 nvarchar を int に変換中にエラーが発生しました。
2018-05-14 01:04:17 EXEC SPC_P001_LST1 '','NaN';
2018-05-14 01:04:17 SQLSTATE[42000]: [Microsoft][ODBC Driver 13 for SQL Server][SQL Server]データ型 nvarchar を int に変換中にエラーが発生しました。
2018-05-14 01:05:09 EXEC SPC_P001_LST1 '';
2018-05-14 01:07:23 EXEC SPC_P001_LST1 '';
2018-05-14 01:07:25 EXEC SPC_P001_LST1 '','NaN';
2018-05-14 01:07:25 SQLSTATE[42000]: [Microsoft][ODBC Driver 13 for SQL Server][SQL Server]データ型 nvarchar を int に変換中にエラーが発生しました。
2018-05-14 01:07:34 EXEC SPC_P001_LST1 '','NaN';
2018-05-14 01:07:34 SQLSTATE[42000]: [Microsoft][ODBC Driver 13 for SQL Server][SQL Server]データ型 nvarchar を int に変換中にエラーが発生しました。
2018-05-14 01:08:23 EXEC SPC_P001_LST1 '';
2018-05-14 01:08:25 EXEC SPC_P001_LST1 '','NaN';
2018-05-14 01:08:25 SQLSTATE[42000]: [Microsoft][ODBC Driver 13 for SQL Server][SQL Server]データ型 nvarchar を int に変換中にエラーが発生しました。
2018-05-14 01:09:02 EXEC SPC_P001_LST1 '';
2018-05-14 01:09:42 EXEC SPC_P001_LST1 '','NaN';
2018-05-14 01:09:42 SQLSTATE[42000]: [Microsoft][ODBC Driver 13 for SQL Server][SQL Server]データ型 nvarchar を int に変換中にエラーが発生しました。
2018-05-14 01:09:48 EXEC SPC_P001_LST1 '';
2018-05-14 01:10:33 EXEC SPC_P001_LST1 '','NaN';
2018-05-14 01:10:33 SQLSTATE[42000]: [Microsoft][ODBC Driver 13 for SQL Server][SQL Server]データ型 nvarchar を int に変換中にエラーが発生しました。
2018-05-14 01:11:08 EXEC SPC_P001_LST1 '';
2018-05-14 01:11:09 EXEC SPC_P001_LST1 '','NaN';
2018-05-14 01:11:09 SQLSTATE[42000]: [Microsoft][ODBC Driver 13 for SQL Server][SQL Server]データ型 nvarchar を int に変換中にエラーが発生しました。
2018-05-14 01:11:46 EXEC SPC_P001_LST1 '';
2018-05-14 01:12:37 EXEC SPC_P001_LST1 '','NaN';
2018-05-14 01:12:37 SQLSTATE[42000]: [Microsoft][ODBC Driver 13 for SQL Server][SQL Server]データ型 nvarchar を int に変換中にエラーが発生しました。
2018-05-14 01:12:44 EXEC SPC_P001_LST1 '';
2018-05-14 01:12:57 EXEC SPC_P001_LST1 '','NaN';
2018-05-14 01:12:57 SQLSTATE[42000]: [Microsoft][ODBC Driver 13 for SQL Server][SQL Server]データ型 nvarchar を int に変換中にエラーが発生しました。
2018-05-14 01:14:38 EXEC SPC_P001_LST1 '';
2018-05-14 01:14:41 EXEC SPC_P001_LST1 '','NaN';
2018-05-14 01:14:41 SQLSTATE[42000]: [Microsoft][ODBC Driver 13 for SQL Server][SQL Server]データ型 nvarchar を int に変換中にエラーが発生しました。
2018-05-14 01:15:00 EXEC SPC_P001_LST1 '','NaN';
2018-05-14 01:15:00 SQLSTATE[42000]: [Microsoft][ODBC Driver 13 for SQL Server][SQL Server]データ型 nvarchar を int に変換中にエラーが発生しました。
2018-05-14 01:17:25 EXEC SPC_P001_LST1 '';
2018-05-14 01:18:34 EXEC SPC_P001_LST1 '','NaN';
2018-05-14 01:18:34 SQLSTATE[42000]: [Microsoft][ODBC Driver 13 for SQL Server][SQL Server]データ型 nvarchar を int に変換中にエラーが発生しました。
2018-05-14 01:18:40 EXEC SPC_P001_LST1 '';
2018-05-14 01:18:50 EXEC SPC_P001_LST1 '','NaN';
2018-05-14 01:18:50 SQLSTATE[42000]: [Microsoft][ODBC Driver 13 for SQL Server][SQL Server]データ型 nvarchar を int に変換中にエラーが発生しました。
2018-05-14 01:19:44 EXEC SPC_P001_LST1 '';
2018-05-14 01:19:54 EXEC SPC_P001_LST1 '','50','2';
2018-05-14 01:21:25 EXEC SPC_P001_LST1 '','50';
2018-05-14 01:21:47 EXEC SPC_P001_LST1 '','50';
2018-05-14 01:22:34 EXEC SPC_P001_LST1 '','50';
2018-05-14 01:23:17 EXEC SPC_P001_LST1 '','50','1';
2018-05-14 01:24:11 EXEC SPC_P001_LST1 '','50','1';
2018-05-14 01:24:17 EXEC SPC_P001_LST1 '','50','1';
2018-05-14 01:24:43 EXEC SPC_P001_LST1 '','1','1';
2018-05-14 01:24:45 EXEC SPC_P001_LST1 '','1','2';
2018-05-14 01:24:47 EXEC SPC_P001_LST1 '','1','1';
2018-05-14 01:24:49 EXEC SPC_P001_LST1 '','1','2';
2018-05-14 01:29:27 EXEC SPC_P001_LST1 '','1','1';
2018-05-14 01:29:29 EXEC SPC_P001_LST1 '','1','2';
2018-05-14 01:31:13 EXEC SPC_P001_LST1 '','1','1';
2018-05-14 01:31:15 EXEC SPC_P001_LST1 '','1','2';
2018-05-14 01:31:23 EXEC SPC_P001_LST1 '','1','1';
2018-05-14 01:31:26 EXEC SPC_P001_LST1 '','1','2';
2018-05-14 01:32:06 EXEC SPC_P001_LST1 '','1','1';
2018-05-14 01:32:10 EXEC SPC_P001_LST1 '','1','2';
2018-05-14 01:32:32 EXEC SPC_P001_LST1 '','1','1';
2018-05-14 01:32:34 EXEC SPC_P001_LST1 '','1','2';
2018-05-14 01:33:17 EXEC SPC_P001_LST1 '','1','1';
2018-05-14 01:33:23 EXEC SPC_P001_LST1 '','1','2';
2018-05-14 01:33:33 EXEC SPC_P001_LST1 '','1','1';
2018-05-14 01:45:00 EXEC SPC_P001_LST1 '','1','2';
2018-05-14 01:45:32 EXEC SPC_P001_LST1 '','1','1';
2018-05-14 01:45:34 EXEC SPC_P001_LST1 '','1','2';
2018-05-14 01:45:36 EXEC SPC_P001_LST1 '','1','1';
2018-05-14 01:45:38 EXEC SPC_P001_LST1 '','1','2';
2018-05-14 01:45:40 EXEC SPC_P001_LST1 '','1','1';
2018-05-14 01:45:41 EXEC SPC_P001_LST1 '','1','2';
2018-05-14 01:46:19 EXEC SPC_P001_LST1 '','1','1';
2018-05-14 01:46:42 EXEC SPC_P001_LST1 '','1','1';
2018-05-14 01:46:46 EXEC SPC_P001_LST1 '','1','2';
2018-05-14 01:46:52 EXEC SPC_P001_LST1 '','1','1';
2018-05-14 01:46:54 EXEC SPC_P001_LST1 '','1','2';
2018-05-14 01:46:57 EXEC SPC_P001_LST1 '','1','1';
2018-05-14 01:47:51 EXEC SPC_P001_LST1 '','1','1';
2018-05-14 01:47:53 EXEC SPC_P001_LST1 '','1','2';
2018-05-14 01:47:56 EXEC SPC_P001_LST1 '','1','1';
2018-05-14 01:47:58 EXEC SPC_P001_LST1 '','1','2';
2018-05-14 01:48:00 EXEC SPC_P001_LST1 '','1','1';
2018-05-14 01:48:37 EXEC SPC_P001_LST1 '','1','1';
2018-05-14 01:48:41 EXEC SPC_P001_LST1 '','1','2';
2018-05-14 01:49:37 EXEC SPC_P001_LST1 '','1','1';
2018-05-14 01:49:40 EXEC SPC_P001_LST1 '','1','2';
2018-05-14 01:49:41 EXEC SPC_P001_LST1 '','1','3';
2018-05-14 01:49:43 EXEC SPC_P001_LST1 '','1','1';
2018-05-14 01:49:45 EXEC SPC_P001_LST1 '','1','3';
2018-05-14 01:49:46 EXEC SPC_P001_LST1 '','1','2';
2018-05-14 01:49:49 EXEC SPC_P001_LST1 '','1','3';
2018-05-14 01:52:09 EXEC SPC_P001_LST1 '','1','1';
2018-05-14 01:52:11 EXEC SPC_P001_LST1 '','1','2';
2018-05-14 01:52:12 EXEC SPC_P001_LST1 '','1','3';
2018-05-14 01:52:15 EXEC SPC_P001_LST1 '','1','2';
2018-05-14 01:52:18 EXEC SPC_P001_LST1 '','1','1';
2018-05-14 01:52:20 EXEC SPC_P001_LST1 '','1','2';
2018-05-14 01:52:21 EXEC SPC_P001_LST1 '','1','3';
2018-05-14 01:53:07 EXEC SPC_P001_LST1 '','1','1';
2018-05-14 01:53:42 EXEC SPC_P001_LST1 '','1';
2018-05-14 01:53:53 EXEC SPC_P001_LST1 'dsdadsd','1','1';
2018-05-14 02:07:45 EXEC SPC_P001_LST1 '','1';
2018-05-14 02:08:22 EXEC SPC_P001_LST1 '','1';
2018-05-14 02:08:58 EXEC SPC_P001_LST1 '','1';
2018-05-14 02:09:11 EXEC SPC_P001_LST1 '','1';
2018-05-14 02:10:44 EXEC SPC_P001_LST1 '','1';
2018-05-14 02:11:06 EXEC SPC_P001_LST1 '','1';
2018-05-14 02:11:33 EXEC SPC_P001_LST1 '','1';
2018-05-14 02:11:59 EXEC SPC_P001_LST1 '','1';
2018-05-14 02:17:05 EXEC SPC_P001_LST1 '','1';
2018-05-14 02:18:38 EXEC SPC_P001_LST1 '','1';
2018-05-14 02:20:45 EXEC SPC_P001_LST1 '','1';
2018-05-14 02:21:41 EXEC SPC_P001_LST1 '','1';
2018-05-14 02:22:11 EXEC SPC_P001_LST1 '','1';
2018-05-14 02:22:15 EXEC SPC_P001_LST1 '','1';
2018-05-14 02:23:41 EXEC SPC_P001_LST1 '','1';
2018-05-14 02:24:13 EXEC SPC_P001_LST1 '','1';
2018-05-14 02:24:25 EXEC SPC_P001_LST1 '','1';
2018-05-14 02:25:04 EXEC SPC_P001_LST1 '','1';
2018-05-14 02:25:16 EXEC SPC_P001_LST1 '','1';
2018-05-14 02:25:18 EXEC SPC_P001_LST1 '','1','3';
2018-05-14 02:25:34 EXEC SPC_P001_LST1 '','1';
2018-05-14 02:25:37 EXEC SPC_P001_LST1 '','1','2';
2018-05-14 02:26:37 EXEC SPC_P001_LST1 '','1';
2018-05-14 02:26:40 EXEC SPC_P001_LST1 'dadadsad','1','1';
2018-05-14 02:27:47 EXEC SPC_P001_LST1 '','1';
2018-05-14 02:27:51 EXEC SPC_P001_LST1 'sdasdsad','1','1';
2018-05-14 02:27:57 EXEC SPC_P001_LST1 '','1','1';
2018-05-14 02:28:52 EXEC SPC_P001_LST1 '','1';
2018-05-14 02:32:26 EXEC SPC_P001_LST1 '','1';
2018-05-14 02:33:28 EXEC SPC_P001_LST1 '','1';
2018-05-14 02:37:51 EXEC SPC_P001_LST1 '','1';
2018-05-14 02:43:10 EXEC SPC_P001_LST1 '','1';
2018-05-14 02:46:48 EXEC SPC_P001_LST1 '','1';
2018-05-14 03:00:16 EXEC SPC_P001_LST1 '','1';
2018-05-14 03:01:19 EXEC SPC_P001_LST1 '','1';
2018-05-14 03:01:23 EXEC SPC_P001_LST1 '';
2018-05-14 03:04:31 EXEC SPC_P001_LST1 '','1';
2018-05-14 03:05:26 EXEC SPC_P001_LST1 '','1';
2018-05-14 03:05:29 EXEC SPC_COMMON_REFER 'p001','DEP-1';
2018-05-14 03:06:12 EXEC SPC_P001_LST1 '','1';
2018-05-14 03:06:16 EXEC SPC_COMMON_REFER 'p001','DEP-1';
2018-05-14 03:06:39 EXEC SPC_P001_LST1 '','1';
2018-05-14 03:06:43 EXEC SPC_COMMON_REFER 'p001','DEP-1';
2018-05-14 03:07:22 EXEC SPC_P001_LST1 '','1';
2018-05-14 03:07:25 EXEC SPC_COMMON_REFER 'p001','DEP-1';
2018-05-14 03:07:45 EXEC SPC_P001_LST1 '','1';
2018-05-14 03:07:50 EXEC SPC_COMMON_REFER 'p001','DEP-1';
2018-05-14 04:02:28 EXEC SPC_COMMON_REFER 'p001','DEP-1';
2018-05-14 04:06:44 EXEC SPC_COMMON_REFER 'p001','dep-1';
2018-05-14 04:06:56 EXEC SPC_COMMON_REFER 'p001','DEP-1';
2018-05-14 04:07:12 EXEC SPC_COMMON_REFER 'p001','dep-1';
2018-05-14 04:07:37 EXEC SPC_P001_LST1 '','1';
2018-05-14 04:07:38 EXEC SPC_P001_LST1 '','1','2';
2018-05-14 04:07:42 EXEC SPC_COMMON_REFER 'p001','DEP-2';
2018-05-14 04:07:44 EXEC SPC_COMMON_REFER 'p001','DEP-2';
2018-05-14 04:08:56 EXEC SPC_COMMON_REFER 'p001','dep-sa';
2018-05-14 04:09:03 EXEC SPC_COMMON_REFER 'p001','dep_';
2018-05-14 04:09:48 EXEC SPC_COMMON_REFER 'p001','dấd';
2018-05-14 04:11:16 EXEC SPC_COMMON_REFER 'p001','dsadads';
2018-05-14 04:11:19 EXEC SPC_COMMON_REFER 'p001','sdsdad';
2018-05-14 04:11:35 EXEC SPC_COMMON_REFER 'p001','dsadad';
2018-05-14 04:11:57 EXEC SPC_COMMON_REFER 'p001','dsada';
2018-05-14 04:12:00 EXEC SPC_COMMON_REFER 'p001','dsdadsa';
2018-05-14 04:12:02 EXEC SPC_COMMON_REFER 'p001','dsadsad';
2018-05-14 04:12:06 EXEC SPC_COMMON_REFER 'p001','dep-1';
2018-05-14 04:16:40 EXEC SPC_COMMON_REFER 'p001','DEP-1';
2018-05-14 04:18:12 EXEC SPC_P001_LST1 '','1';
2018-05-14 04:18:50 EXEC SPC_P001_LST1 '','1';
2018-05-14 04:19:46 EXEC SPC_P001_LST1 '','1';
2018-05-14 04:19:53 EXEC SPC_P001_LST1 '','1';
2018-05-14 04:26:05 EXEC SPC_P001_LST1 '','1';
2018-05-14 04:27:05 EXEC SPC_P001_LST1 '','1';
2018-05-14 04:27:29 EXEC SPC_P001_LST1 '','1';
2018-05-14 04:31:57 EXEC SPC_P001_LST1 '','1';
2018-05-14 04:32:10 EXEC SPC_P001_LST1 '','1';
2018-05-14 04:32:37 EXEC SPC_P001_LST1 '','1';
2018-05-14 04:35:11 EXEC SPC_P001_LST1 '','1';
2018-05-14 04:40:52 EXEC SPC_P001_LST1 '','1';
2018-05-14 04:41:51 EXEC SPC_P001_LST1 '','1';
2018-05-14 04:42:03 EXEC SPC_P001_LST1 '','1';
2018-05-14 04:42:56 EXEC SPC_P001_LST1 '','1';
2018-05-14 04:43:28 EXEC SPC_P001_LST1 '','1';
2018-05-14 04:44:50 EXEC SPC_P001_LST1 '','1';
2018-05-14 04:47:04 EXEC SPC_P001_LST1 '','1';
2018-05-14 04:51:19 EXEC SPC_P001_LST1 '','1';
2018-05-14 04:51:51 EXEC SPC_P001_LST1 '','1';
2018-05-14 04:52:04 EXEC SPC_P001_LST1 '','1';
2018-05-14 04:52:19 EXEC SPC_P001_LST1 '','1';
2018-05-14 04:52:33 EXEC SPC_P001_LST1 '','1';
2018-05-14 04:53:05 EXEC SPC_P001_LST1 '','1';
2018-05-14 04:54:48 EXEC SPC_COMMON_REFER 'p001','DEP-2';
2018-05-14 04:54:56 EXEC SPC_COMMON_REFER 'p001','DEP-3';
2018-05-14 04:56:50 EXEC SPC_COMMON_REFER 'p001','DEP-4';
2018-05-14 04:58:47 EXEC SPC_P001_LST1 '','1';
2018-05-14 04:58:50 EXEC SPC_P001_LST1 '','1','3';
2018-05-14 05:00:37 EXEC SPC_P001_LST1 '','1';
2018-05-14 05:04:01 EXEC SPC_P001_LST1 '','1';
2018-05-14 05:04:06 EXEC SPC_COMMON_REFER 'p001','DEP-2';
2018-05-14 05:04:13 EXEC SPC_COMMON_REFER 'p001','sdads';
2018-05-14 07:00:46 EXEC SPC_M004_ACT1 '','','','','Tất cả','','127.0.0.1';
2018-05-14 07:00:46 SQLSTATE[42000]: [Microsoft][ODBC Driver 13 for SQL Server][SQL Server]データ型 nvarchar を date に変換中にエラーが発生しました。
2018-05-14 07:06:51 EXEC SPC_M004_ACT1 '','','','','Tất cả','','','127.0.0.1';
2018-05-14 07:06:52 SQLSTATE[22018]: [Microsoft][ODBC Driver 13 for SQL Server][SQL Server]varchar の値 'EMP-1' をデータ型 int に変換できませんでした。
2018-05-14 07:07:32 EXEC SPC_M004_ACT1 '','','','','Tất cả','','','127.0.0.1';
2018-05-14 07:07:32 SQLSTATE[42000]: [Microsoft][ODBC Driver 13 for SQL Server][SQL Server]データ型 nvarchar を tinyint に変換中にエラーが発生しました。
2018-05-14 07:08:55 EXEC SPC_M004_ACT1 '','','','','0','','','127.0.0.1';
2018-05-14 07:08:55 SQLSTATE[22018]: [Microsoft][ODBC Driver 13 for SQL Server][SQL Server]varchar の値 'EMP-1' をデータ型 int に変換できませんでした。
2018-05-14 07:09:03 EXEC SPC_M004_ACT1 '','','','','0','','','127.0.0.1';
2018-05-14 07:09:03 SQLSTATE[22018]: [Microsoft][ODBC Driver 13 for SQL Server][SQL Server]varchar の値 'EMP-1' をデータ型 int に変換できませんでした。
2018-05-14 07:17:02 EXEC SPC_P001_LST1 '','1';
2018-05-14 07:17:23 EXEC SPC_P001_LST1 '','1';
2018-05-14 07:19:48 EXEC SPC_P001_LST1 '','1';
2018-05-14 07:19:52 EXEC SPC_P001_LST1 '','1';
2018-05-14 07:20:23 EXEC SPC_COMMON_REFER 'p001','dep-1';
2018-05-14 07:20:27 EXEC SPC_COMMON_REFER 'p001','DEP-2';
2018-05-14 07:21:34 EXEC SPC_P001_LST1 '','1';
2018-05-14 07:21:38 EXEC SPC_P001_LST1 '','1';
2018-05-14 07:21:40 EXEC SPC_P001_LST1 '','1','2';
2018-05-14 07:23:30 EXEC SPC_M004_ACT1 '','','','','0','','','','quy','127.0.0.1';
2018-05-14 07:23:30 SQLSTATE[22018]: [Microsoft][ODBC Driver 13 for SQL Server][SQL Server]varchar の値 'EMP-1' をデータ型 int に変換できませんでした。
2018-05-14 07:24:47 EXEC SPC_M004_ACT1 '','','','','0','','','','quy','127.0.0.1';
2018-05-14 07:24:47 SQLSTATE[22018]: [Microsoft][ODBC Driver 13 for SQL Server][SQL Server]varchar の値 'EMP-1' をデータ型 int に変換できませんでした。
2018-05-14 07:25:59 EXEC SPC_M004_ACT1 '','','','','0','','','','quy','127.0.0.1';
2018-05-14 07:29:15 EXEC SPC_M004_ACT1 '','','','','0','','','','quy','127.0.0.1';
2018-05-14 07:30:06 EXEC SPC_M004_ACT1 '','','','','0','','','','quy','127.0.0.1';
2018-05-14 07:45:50 EXEC SPC_M004_ACT1 '','','','','0','','','','quy','127.0.0.1';
2018-05-14 07:46:44 EXEC SPC_M004_ACT1 '','','','','0','','','','quy','127.0.0.1';
2018-05-14 07:47:09 EXEC SPC_M004_ACT1 '','','','','0','','','','quy','127.0.0.1';
2018-05-14 07:55:06 EXEC SPC_M004_ACT1 '','','','','0','','','','quy','127.0.0.1';
2018-05-14 07:56:08 EXEC SPC_M004_ACT1 '','','','','0','','','','quy','127.0.0.1';
2018-05-14 07:56:18 EXEC SPC_M004_ACT1 '','','','','0','','','','quy','127.0.0.1';
2018-05-14 07:57:24 EXEC SPC_M004_ACT1 '','','','','0','','','','quy','127.0.0.1';
2018-05-14 07:58:50 EXEC SPC_M004_ACT1 '','','','','0','','','','quy','127.0.0.1';
2018-05-14 08:01:29 EXEC SPC_M004_ACT1 '','','','','0','','','','quy','127.0.0.1';
2018-05-14 08:01:47 EXEC SPC_M004_ACT1 '','','','','0','','','','quy','127.0.0.1';
2018-05-14 08:06:30 EXEC SPC_M004_ACT1 '','','','','0','','','','quy','127.0.0.1';
2018-05-14 08:06:46 EXEC SPC_M004_ACT1 '','','','','0','','','','quy','127.0.0.1';
2018-05-14 08:34:44 EXEC SPC_P001_LST1 '','1';
2018-05-14 08:43:02 EXEC SPC_M004_ACT1 '','','','','0','','','','quy','127.0.0.1';
2018-05-14 08:44:37 EXEC SPC_P001_LST1 '','1';
2018-05-14 08:52:20 EXEC SPC_M004_ACT1 '','','','','0','','','','quy','127.0.0.1';
2018-05-14 08:53:17 EXEC SPC_M004_ACT1 '','','','','0','','','','quy','127.0.0.1';
2018-05-14 08:54:29 EXEC SPC_M004_ACT1 '','','','','0','','','','quy','127.0.0.1';
2018-05-14 08:54:59 EXEC SPC_M004_ACT1 '','','','','0','','','','quy','127.0.0.1';
2018-05-14 08:55:57 EXEC SPC_M004_ACT1 'sdasd','dsdadas','dsadasd','','1','','','','quy','127.0.0.1';
2018-05-14 08:56:45 EXEC SPC_M004_ACT1 'sdad','dsadas','dsdasad','','1','','','','quy','127.0.0.1';
2018-05-14 08:57:36 EXEC SPC_P001_LST1 '','1';
2018-05-14 08:57:41 EXEC SPC_M004_ACT1 'saaaaaaaaaaaaaaaa','ssssssssssssss','dddddddd','','2','','DEP-1','','quy','127.0.0.1';
2018-05-14 08:58:38 EXEC SPC_P001_LST1 '','1';
2018-05-14 08:59:23 EXEC SPC_M004_ACT1 'ssssssssss','ssssssssssss','ndq809@gmail.com','012','2','','DEP-1','','quy','127.0.0.1';
2018-05-14 08:59:55 EXEC SPC_M004_ACT1 'ssssssssss','ssssssssssss','ndq809@gmail.com','012','2','','DEP-1','sđsađá','quy','127.0.0.1';
2018-05-14 09:08:03 EXEC SPC_P001_LST1 '','1';
2018-05-14 09:08:33 EXEC SPC_M004_ACT1 'quy','pro','ndq809@gmail.com','01234568789','1','','DEP-1','','quy','127.0.0.1';
