2018-12-11 00:19:38 EXEC SPC_COM_DATA '','','';
2018-12-11 00:19:41 EXEC SPC_COM_DATA '','','';
2018-12-11 00:19:41 EXEC SPC_RELAX_LST1 '','';
2018-12-11 00:19:42 EXEC SPC_COM_DATA '','','';
2018-12-11 00:19:42 EXEC SPC_RELAX_LST2 '','1','1','1','0','','';
2018-12-11 00:19:45 EXEC SPC_COM_DATA '','','';
2018-12-11 00:27:56 EXEC SPC_COM_DATA '','','';
2018-12-11 00:29:04 EXEC SPC_COM_DATA '','','';
2018-12-11 00:39:36 EXEC SPC_COM_DATA '','','';
2018-12-11 00:40:45 EXEC SPC_COM_DATA '','','';
2018-12-11 00:41:54 EXEC SPC_COM_DATA '','','';
2018-12-11 00:42:52 EXEC SPC_COM_DATA '','','';
2018-12-11 00:43:21 EXEC SPC_COM_DATA '','','';
2018-12-11 00:44:10 EXEC SPC_COM_DATA '','','';
2018-12-11 00:46:53 EXEC SPC_COM_DATA '','','';
2018-12-11 00:48:30 EXEC SPC_COM_DATA '','','';
2018-12-11 00:49:29 EXEC SPC_COM_DATA '','','';
2018-12-11 00:50:14 EXEC SPC_COM_DATA '','','';
2018-12-11 00:54:22 EXEC SPC_COM_DATA '','','';
2018-12-11 00:57:04 EXEC SPC_COM_DATA '','','';
2018-12-11 00:59:40 EXEC SPC_COM_DATA '','','';
2018-12-11 01:00:04 EXEC SPC_COM_DATA '','','';
2018-12-11 01:01:13 EXEC SPC_COM_DATA '','','';
2018-12-11 01:01:23 EXEC SPC_COM_DATA '','','';
2018-12-11 01:02:38 EXEC SPC_COM_DATA '','','';
2018-12-11 01:03:34 EXEC SPC_COM_DATA '','','';
2018-12-11 01:03:47 EXEC SPC_COM_DATA '','','';
2018-12-11 01:04:39 EXEC SPC_COM_DATA '','','';
2018-12-11 01:08:58 EXEC SPC_COM_DATA '','','';
2018-12-11 01:08:58 EXEC SPC_VOCABULARY_LST1 '','','','';
2018-12-11 01:08:59 EXEC SPC_COM_DATA '','','';
2018-12-11 01:08:59 EXEC SPC_VOCABULARY_LST2 '2','1','';
2018-12-11 01:09:01 EXEC SPC_COM_DATA '','','';
2018-12-11 01:09:01 EXEC SPC_GRAMMAR_LST1 '','','2','1';
2018-12-11 01:09:02 EXEC SPC_COM_DATA '','','';
2018-12-11 01:09:02 EXEC SPC_GRAMMAR_LST2 '6','6','';
2018-12-11 01:09:03 EXEC SPC_COM_DATA '','','';
2018-12-11 01:09:03 EXEC SPC_LISTENING_LST1 '','','6','6';
2018-12-11 01:09:04 EXEC SPC_COM_DATA '','','';
2018-12-11 01:09:04 EXEC SPC_LISTENING_LST2 '8','8','';
2018-12-11 01:09:05 EXEC SPC_COM_DATA '','','';
2018-12-11 01:09:05 EXEC SPC_WRITING_LST1 '','','8','8';
2018-12-11 01:09:06 EXEC SPC_COM_DATA '','','';
2018-12-11 01:09:06 EXEC SPC_COMMON_GET_SUGGEST
2018-12-11 01:09:06 EXEC SPC_COM_DATA '','','';
2018-12-11 01:09:06 EXEC SPC_WRITING_LST2 '9','10','';
2018-12-11 01:09:08 EXEC SPC_COM_DATA '','','';
2018-12-11 01:09:08 EXEC SPC_SOCIAL_LST1 '','';
2018-12-11 01:09:09 EXEC SPC_COM_DATA '','','';
2018-12-11 01:09:09 EXEC SPC_SOCIAL_LST2 '','1','','';
2018-12-11 01:09:14 EXEC SPC_COM_DATA '','','';
2018-12-11 01:09:14 EXEC SPC_SOCIAL_ACT2 '21','','127.0.0.1';
2018-12-11 01:13:46 EXEC SPC_COM_DATA '','','';
2018-12-11 01:14:28 EXEC SPC_COM_DATA '','','';
2018-12-11 01:14:58 EXEC SPC_COM_DATA '','','';
2018-12-11 01:17:50 EXEC SPC_COM_DATA '','','';
2018-12-11 01:18:07 EXEC SPC_COM_DATA '','','';
2018-12-11 01:18:46 EXEC SPC_COM_DATA '','','';
2018-12-11 01:25:17 EXEC SPC_COM_DATA '','','';
2018-12-11 01:28:10 EXEC SPC_COM_DATA '','','';
2018-12-11 01:30:13 EXEC SPC_COM_DATA '','','';
2018-12-11 02:04:12 EXEC SPC_COM_DATA '','','';
2018-12-11 02:08:02 EXEC SPC_COM_DATA '','','';
2018-12-11 02:09:06 EXEC SPC_COM_DATA '','','';
2018-12-11 02:09:18 EXEC SPC_COM_DATA '','','';
2018-12-11 02:13:23 EXEC SPC_COM_DATA '','','';
2018-12-11 05:58:45 EXEC SPC_COM_DATA '','','';
2018-12-11 05:59:29 EXEC SPC_COM_DATA '','','';
2018-12-11 05:59:29 EXEC SPC_RELAX_LST1 '','';
2018-12-11 05:59:30 EXEC SPC_COM_DATA '','','';
2018-12-11 05:59:30 EXEC SPC_RELAX_LST2 '','1','1','1','0','','';
2018-12-11 05:59:32 EXEC SPC_COM_DATA '','','';
2018-12-11 06:00:46 EXEC SPC_COM_DATA '','','';
2018-12-11 06:01:26 EXEC SPC_COM_DATA '','','';
2018-12-11 06:02:15 EXEC SPC_COM_DATA '','','';
2018-12-11 06:05:36 EXEC SPC_COM_DATA '','','';
2018-12-11 06:06:52 EXEC SPC_COM_DATA '','','';
2018-12-11 06:10:35 EXEC SPC_COM_DATA '','','';
2018-12-11 06:21:39 EXEC SPC_COM_DATA '','','';
2018-12-11 06:22:10 EXEC SPC_COM_DATA '','','';
2018-12-11 06:23:12 EXEC SPC_COM_DATA '','','';
2018-12-11 06:25:20 EXEC SPC_COM_DATA '','','';
2018-12-11 06:53:03 EXEC SPC_COM_DATA '','','';
2018-12-11 06:54:28 EXEC SPC_COM_DATA '','','';
2018-12-11 06:55:12 EXEC SPC_COM_DATA '','','';
2018-12-11 06:56:42 EXEC SPC_COM_DATA '','','';
2018-12-11 06:58:47 EXEC SPC_COM_DATA '','','';
2018-12-11 07:00:29 EXEC SPC_COM_DATA '','','';
2018-12-11 07:05:48 EXEC SPC_COM_DATA '','','';
2018-12-11 07:06:17 EXEC SPC_COM_DATA '','','';
2018-12-11 07:06:28 EXEC SPC_COM_DATA '','','';
2018-12-11 07:06:50 EXEC SPC_COM_DATA '','','';
2018-12-11 07:20:35 EXEC SPC_COM_DATA '','','';
2018-12-11 07:21:03 EXEC SPC_COM_DATA '','','';
2018-12-11 07:21:54 EXEC SPC_COM_DATA '','','';
2018-12-11 07:23:46 EXEC SPC_COM_DATA '','','';
2018-12-11 07:24:26 EXEC SPC_COM_DATA '','','';
2018-12-11 07:26:17 EXEC SPC_COM_DATA '','','';
2018-12-11 07:26:39 EXEC SPC_COM_DATA '','','';
2018-12-11 07:27:17 EXEC SPC_COM_DATA '','','';
2018-12-11 07:30:20 EXEC SPC_COM_DATA '','','';
2018-12-11 07:32:02 EXEC SPC_COM_DATA '','','';
2018-12-11 07:32:53 EXEC SPC_COM_DATA '','','';
2018-12-11 07:32:59 EXEC SPC_COM_DATA '','','';
2018-12-11 07:33:49 EXEC SPC_COM_DATA '','','';
2018-12-11 07:34:22 EXEC SPC_COM_DATA '','','';
2018-12-11 07:34:38 EXEC SPC_COM_DATA '','','';
2018-12-11 07:34:53 EXEC SPC_COM_DATA '','','';
2018-12-11 07:39:23 EXEC SPC_COM_DATA '','','';
2018-12-11 07:39:26 EXEC SPC_COM_DATA '','','';
2018-12-11 07:39:26 EXEC SPC_RELAX_LST1 '','';
2018-12-11 07:39:26 EXEC SPC_COM_DATA '','','';
2018-12-11 07:39:26 EXEC SPC_RELAX_LST2 '','1','1','1','0','','';
2018-12-11 07:39:27 EXEC SPC_COM_DATA '','','';
2018-12-11 07:41:37 EXEC SPC_COM_DATA '','','';
2018-12-11 07:42:49 EXEC SPC_COM_DATA '','','';
2018-12-11 07:43:25 EXEC SPC_COM_DATA '','','';
2018-12-11 07:44:04 EXEC SPC_COM_DATA '','','';
2018-12-11 07:45:56 EXEC SPC_COM_DATA '','','';
2018-12-11 07:46:55 EXEC SPC_COM_DATA '','','';
2018-12-11 07:49:32 EXEC SPC_COM_DATA '','','';
2018-12-11 07:49:42 EXEC SPC_COM_DATA '','','';
2018-12-11 07:50:11 EXEC SPC_COM_DATA '','','';
2018-12-11 07:50:24 EXEC SPC_COM_DATA '','','';
2018-12-11 07:50:35 EXEC SPC_COM_DATA '','','';
2018-12-11 07:54:58 EXEC SPC_COM_DATA '','','';
2018-12-11 07:55:41 EXEC SPC_COM_DATA '','','';
2018-12-11 07:59:45 EXEC SPC_COM_DATA '','','';
2018-12-11 08:01:24 EXEC SPC_COM_DATA '','','';
2018-12-11 08:06:37 EXEC SPC_COM_DATA '','','';
2018-12-11 08:08:07 EXEC SPC_COM_DATA '','','';
2018-12-11 08:08:40 EXEC SPC_COM_DATA '','','';
2018-12-11 08:09:58 EXEC SPC_COM_DATA '','','';
2018-12-11 08:15:46 EXEC SPC_COM_DATA '','','';
2018-12-11 08:18:23 EXEC SPC_COM_DATA '','','';
2018-12-11 08:19:09 EXEC SPC_COM_DATA '','','';
2018-12-11 08:22:46 EXEC SPC_COM_DATA '','','';
2018-12-11 08:23:32 EXEC SPC_COM_DATA '','','';
2018-12-11 08:24:31 EXEC SPC_COM_DATA '','','';
2018-12-11 08:25:38 EXEC SPC_COM_DATA '','','';
2018-12-11 08:26:31 EXEC SPC_COM_DATA '','','';
2018-12-11 08:27:48 EXEC SPC_COM_DATA '','','';
2018-12-11 08:37:33 EXEC SPC_COM_DATA '','','';
2018-12-11 08:38:31 EXEC SPC_COM_DATA '','','';
2018-12-11 08:39:13 EXEC SPC_COM_DATA '','','';
2018-12-11 08:39:34 EXEC SPC_COM_DATA '','','';
2018-12-11 08:46:08 EXEC SPC_COM_DATA '','','';
2018-12-11 08:49:33 EXEC SPC_COM_DATA '','','';
2018-12-11 08:54:27 EXEC SPC_COM_DATA '','','';
