2018-07-19 00:04:20 EXEC SPC_COM_PERMISSION '1','g001';
2018-07-19 00:04:25 EXEC SPC_COM_PERMISSION '1','g001';
2018-07-19 00:04:25 EXEC SPC_COM_MENU '1';
2018-07-19 00:05:35 EXEC SPC_COM_PERMISSION '1','g005';
2018-07-19 00:05:35 EXEC SPC_COM_MENU '1';
2018-07-19 00:05:35 EXEC SPC_COM_M999_INQ1 '7';
2018-07-19 00:05:37 EXEC SPC_COM_MENU '1';
2018-07-19 00:05:37 EXEC SPC_G005_LST1 '','','','10','1';
2018-07-19 00:05:43 EXEC SPC_COM_MENU '1';
2018-07-19 00:05:43 EXEC SPC_COMMON_CATALORUE '3';
2018-07-19 00:05:45 EXEC SPC_COM_MENU '1';
2018-07-19 00:05:45 EXEC SPC_COMMON_CATALORUE '';
2018-07-19 00:06:19 EXEC SPC_COM_MENU '1';
2018-07-19 00:06:19 EXEC SPC_G005_LST1 '','','','10','1';
2018-07-19 00:06:23 EXEC SPC_COM_PERMISSION '1','g005';
2018-07-19 00:06:23 EXEC SPC_COM_MENU '1';
2018-07-19 00:06:23 EXEC SPC_COM_M999_INQ1 '7';
2018-07-19 00:06:25 EXEC SPC_COM_MENU '1';
2018-07-19 00:06:25 EXEC SPC_G005_LST1 '','','','10','1';
2018-07-19 00:06:27 EXEC SPC_COM_MENU '1';
2018-07-19 00:06:27 EXEC SPC_COMMON_CATALORUE '1';
2018-07-19 00:06:31 EXEC SPC_COM_MENU '1';
2018-07-19 00:06:31 EXEC SPC_COMMON_CATALORUE '';
2018-07-19 00:07:53 EXEC SPC_COM_PERMISSION '1','g005';
2018-07-19 00:07:54 EXEC SPC_COM_MENU '1';
2018-07-19 00:07:54 EXEC SPC_COM_M999_INQ1 '7';
2018-07-19 00:07:54 EXEC SPC_COM_MENU '1';
2018-07-19 00:07:54 EXEC SPC_G005_LST1 '','','','10','1';
2018-07-19 00:07:58 EXEC SPC_COM_MENU '1';
2018-07-19 00:07:58 EXEC SPC_COMMON_CATALORUE '3';
2018-07-19 00:08:14 EXEC SPC_COM_MENU '1';
2018-07-19 00:08:14 EXEC SPC_COMMON_CATALORUE '';
2018-07-19 00:08:40 EXEC SPC_COM_PERMISSION '1','g005';
2018-07-19 00:08:40 EXEC SPC_COM_MENU '1';
2018-07-19 00:08:40 EXEC SPC_COM_M999_INQ1 '7';
2018-07-19 00:08:43 EXEC SPC_COM_MENU '1';
2018-07-19 00:08:43 EXEC SPC_G005_LST1 '','','','10','1';
2018-07-19 00:08:45 EXEC SPC_COM_MENU '1';
2018-07-19 00:08:45 EXEC SPC_COMMON_CATALORUE '3';
2018-07-19 00:08:48 EXEC SPC_COM_MENU '1';
2018-07-19 00:08:48 EXEC SPC_COMMON_CATALORUE '';
2018-07-19 00:12:01 EXEC SPC_COM_PERMISSION '1','g005';
2018-07-19 00:12:02 EXEC SPC_COM_MENU '1';
2018-07-19 00:12:02 EXEC SPC_COM_M999_INQ1 '7';
2018-07-19 00:14:05 EXEC SPC_COM_PERMISSION '1','g005';
2018-07-19 00:14:05 EXEC SPC_COM_MENU '1';
2018-07-19 00:14:05 EXEC SPC_COM_M999_INQ1 '7';
2018-07-19 00:14:13 EXEC SPC_COM_MENU '1';
2018-07-19 00:14:13 EXEC SPC_G005_LST1 '','','','10','1';
2018-07-19 00:14:14 EXEC SPC_COM_MENU '1';
2018-07-19 00:14:14 EXEC SPC_COMMON_CATALORUE '3';
2018-07-19 00:14:16 EXEC SPC_COM_MENU '1';
2018-07-19 00:14:16 EXEC SPC_COMMON_CATALORUE '';
2018-07-19 00:16:40 EXEC SPC_COM_PERMISSION '1','g005';
2018-07-19 00:16:40 EXEC SPC_COM_MENU '1';
2018-07-19 00:16:40 EXEC SPC_COM_M999_INQ1 '7';
2018-07-19 00:16:42 EXEC SPC_COM_MENU '1';
2018-07-19 00:16:42 EXEC SPC_G005_LST1 '','','','10','1';
2018-07-19 00:16:43 EXEC SPC_COM_MENU '1';
2018-07-19 00:16:43 EXEC SPC_COMMON_CATALORUE '3';
2018-07-19 00:16:54 EXEC SPC_COM_PERMISSION '1','g005';
2018-07-19 00:16:54 EXEC SPC_COM_MENU '1';
2018-07-19 00:16:54 EXEC SPC_COM_M999_INQ1 '7';
2018-07-19 00:17:05 EXEC SPC_COM_PERMISSION '1','g005';
2018-07-19 00:17:05 EXEC SPC_COM_MENU '1';
2018-07-19 00:17:05 EXEC SPC_COM_M999_INQ1 '7';
2018-07-19 00:17:09 EXEC SPC_COM_MENU '1';
2018-07-19 00:17:09 EXEC SPC_G005_LST1 '','','','10','1';
2018-07-19 00:18:09 EXEC SPC_COM_PERMISSION '1','g005';
2018-07-19 00:18:09 EXEC SPC_COM_MENU '1';
2018-07-19 00:18:09 EXEC SPC_COM_M999_INQ1 '7';
2018-07-19 00:18:11 EXEC SPC_COM_MENU '1';
2018-07-19 00:18:11 EXEC SPC_G005_LST1 '','','','10','1';
2018-07-19 00:18:30 EXEC SPC_COM_MENU '1';
2018-07-19 00:18:30 EXEC SPC_G005_LST1 '','','','10','1';
2018-07-19 00:18:38 EXEC SPC_COM_PERMISSION '1','g005';
2018-07-19 00:18:38 EXEC SPC_COM_MENU '1';
2018-07-19 00:18:38 EXEC SPC_COM_M999_INQ1 '7';
2018-07-19 00:23:14 EXEC SPC_COM_PERMISSION '1','g005';
2018-07-19 00:23:14 EXEC SPC_COM_MENU '1';
2018-07-19 00:23:14 EXEC SPC_COM_M999_INQ1 '7';
2018-07-19 00:27:08 EXEC SPC_COM_MENU '1';
2018-07-19 00:27:08 EXEC SPC_G005_LST1 '','','','10','1';
2018-07-19 00:27:28 EXEC SPC_COM_PERMISSION '1','g005';
2018-07-19 00:27:28 EXEC SPC_COM_MENU '1';
2018-07-19 00:27:28 EXEC SPC_COM_M999_INQ1 '7';
2018-07-19 00:27:30 EXEC SPC_COM_MENU '1';
2018-07-19 00:27:30 EXEC SPC_G005_LST1 '','','','10','1';
2018-07-19 00:27:33 EXEC SPC_COM_PERMISSION '1','g005';
2018-07-19 00:27:33 EXEC SPC_COM_MENU '1';
2018-07-19 00:27:33 EXEC SPC_COM_M999_INQ1 '7';
2018-07-19 00:27:35 EXEC SPC_COM_MENU '1';
2018-07-19 00:27:35 EXEC SPC_G005_LST1 '','','','10','1';
2018-07-19 00:54:56 EXEC SPC_COM_PERMISSION '1','g005';
2018-07-19 00:54:56 EXEC SPC_COM_MENU '1';
2018-07-19 00:54:56 EXEC SPC_COM_M999_INQ1 '7';
2018-07-19 00:55:37 EXEC SPC_COM_PERMISSION '1','g005';
2018-07-19 00:55:37 EXEC SPC_COM_MENU '1';
2018-07-19 00:55:37 EXEC SPC_COM_M999_INQ1 '7';
2018-07-19 00:55:46 EXEC SPC_COM_PERMISSION '1','g005';
2018-07-19 00:55:46 EXEC SPC_COM_MENU '1';
2018-07-19 00:55:46 EXEC SPC_COM_M999_INQ1 '7';
2018-07-19 00:55:48 EXEC SPC_COM_PERMISSION '1','g005';
2018-07-19 00:55:48 EXEC SPC_COM_MENU '1';
2018-07-19 00:55:48 EXEC SPC_COM_M999_INQ1 '7';
2018-07-19 00:55:49 EXEC SPC_COM_PERMISSION '1','g005';
2018-07-19 00:55:49 EXEC SPC_COM_MENU '1';
2018-07-19 00:55:49 EXEC SPC_COM_M999_INQ1 '7';
2018-07-19 00:55:50 EXEC SPC_COM_PERMISSION '1','g005';
2018-07-19 00:55:50 EXEC SPC_COM_MENU '1';
2018-07-19 00:55:50 EXEC SPC_COM_M999_INQ1 '7';
2018-07-19 00:56:39 EXEC SPC_COM_PERMISSION '1','g005';
2018-07-19 00:56:39 EXEC SPC_COM_MENU '1';
2018-07-19 00:56:39 EXEC SPC_COM_M999_INQ1 '7';
2018-07-19 01:01:25 EXEC SPC_COM_PERMISSION '1','g005';
2018-07-19 01:01:25 EXEC SPC_COM_MENU '1';
2018-07-19 01:01:25 EXEC SPC_COM_M999_INQ1 '7';
2018-07-19 01:01:28 EXEC SPC_COM_MENU '1';
2018-07-19 01:01:28 EXEC SPC_G005_LST1 '','','','10','1';
2018-07-19 01:01:30 EXEC SPC_COM_MENU '1';
2018-07-19 01:01:30 EXEC SPC_COMMON_CATALORUE '3';
2018-07-19 01:01:31 EXEC SPC_COM_MENU '1';
2018-07-19 01:01:31 EXEC SPC_COMMON_CATALORUE '';
2018-07-19 01:01:47 EXEC SPC_COM_PERMISSION '1','g005';
2018-07-19 01:01:47 EXEC SPC_COM_MENU '1';
2018-07-19 01:01:47 EXEC SPC_COM_M999_INQ1 '7';
2018-07-19 01:01:49 EXEC SPC_COM_MENU '1';
2018-07-19 01:01:49 EXEC SPC_G005_LST1 '','','','10','1';
2018-07-19 01:01:51 EXEC SPC_COM_MENU '1';
2018-07-19 01:01:51 EXEC SPC_COMMON_CATALORUE '3';
2018-07-19 01:01:55 EXEC SPC_COM_MENU '1';
2018-07-19 01:01:55 EXEC SPC_COMMON_CATALORUE '';
2018-07-19 01:13:31 EXEC SPC_COM_PERMISSION '1','g005';
2018-07-19 01:13:31 EXEC SPC_COM_MENU '1';
2018-07-19 01:13:31 EXEC SPC_COM_M999_INQ1 '7';
2018-07-19 01:13:42 EXEC SPC_COM_MENU '1';
2018-07-19 01:13:42 EXEC SPC_G005_LST1 '','','','10','1';
2018-07-19 01:13:56 EXEC SPC_COM_MENU '1';
2018-07-19 01:13:56 EXEC SPC_COMMON_CATALORUE '3';
2018-07-19 01:14:12 EXEC SPC_COM_MENU '1';
2018-07-19 01:14:12 EXEC SPC_COMMON_CATALORUE '';
2018-07-19 01:17:29 EXEC SPC_COM_PERMISSION '1','g005';
2018-07-19 01:17:29 EXEC SPC_COM_MENU '1';
2018-07-19 01:17:29 EXEC SPC_COM_M999_INQ1 '7';
2018-07-19 01:17:30 EXEC SPC_COM_MENU '1';
2018-07-19 01:17:30 EXEC SPC_G005_LST1 '','','','10','1';
2018-07-19 01:17:33 EXEC SPC_COM_MENU '1';
2018-07-19 01:17:33 EXEC SPC_COMMON_CATALORUE '3';
2018-07-19 01:17:45 EXEC SPC_COM_MENU '1';
2018-07-19 01:17:45 EXEC SPC_COMMON_CATALORUE '';
2018-07-19 01:18:08 EXEC SPC_COM_PERMISSION '1','g005';
2018-07-19 01:18:08 EXEC SPC_COM_MENU '1';
2018-07-19 01:18:08 EXEC SPC_COM_M999_INQ1 '7';
2018-07-19 01:18:09 EXEC SPC_COM_MENU '1';
2018-07-19 01:18:09 EXEC SPC_G005_LST1 '','','','10','1';
2018-07-19 01:18:13 EXEC SPC_COM_MENU '1';
2018-07-19 01:18:13 EXEC SPC_COMMON_CATALORUE '1';
2018-07-19 01:18:14 EXEC SPC_COM_MENU '1';
2018-07-19 01:18:14 EXEC SPC_COMMON_CATALORUE '';
2018-07-19 01:18:16 EXEC SPC_COM_PERMISSION '1','g005';
2018-07-19 01:18:16 EXEC SPC_COM_MENU '1';
2018-07-19 01:18:16 EXEC SPC_COM_M999_INQ1 '7';
2018-07-19 01:18:17 EXEC SPC_COM_MENU '1';
2018-07-19 01:18:17 EXEC SPC_G005_LST1 '','','','10','1';
2018-07-19 01:18:20 EXEC SPC_COM_MENU '1';
2018-07-19 01:18:20 EXEC SPC_COMMON_CATALORUE '5';
2018-07-19 01:18:22 EXEC SPC_COM_MENU '1';
2018-07-19 01:18:22 EXEC SPC_COMMON_CATALORUE '';
2018-07-19 01:18:51 EXEC SPC_COM_PERMISSION '1','g005';
2018-07-19 01:18:51 EXEC SPC_COM_MENU '1';
2018-07-19 01:18:51 EXEC SPC_COM_M999_INQ1 '7';
2018-07-19 01:18:53 EXEC SPC_COM_MENU '1';
2018-07-19 01:18:53 EXEC SPC_G005_LST1 '','','','10','1';
2018-07-19 01:18:56 EXEC SPC_COM_MENU '1';
2018-07-19 01:18:56 EXEC SPC_COMMON_CATALORUE '3';
2018-07-19 01:18:57 EXEC SPC_COM_MENU '1';
2018-07-19 01:18:57 EXEC SPC_COMMON_CATALORUE '';
2018-07-19 01:19:13 EXEC SPC_COM_PERMISSION '1','g005';
2018-07-19 01:19:13 EXEC SPC_COM_MENU '1';
2018-07-19 01:19:13 EXEC SPC_COM_M999_INQ1 '7';
2018-07-19 01:19:15 EXEC SPC_COM_MENU '1';
2018-07-19 01:19:15 EXEC SPC_G005_LST1 '','','','10','1';
2018-07-19 01:19:21 EXEC SPC_COM_MENU '1';
2018-07-19 01:19:21 EXEC SPC_COMMON_CATALORUE '3';
2018-07-19 01:19:48 EXEC SPC_COM_PERMISSION '1','g005';
2018-07-19 01:19:48 EXEC SPC_COM_MENU '1';
2018-07-19 01:19:48 EXEC SPC_COM_M999_INQ1 '7';
2018-07-19 01:19:52 EXEC SPC_COM_MENU '1';
2018-07-19 01:19:52 EXEC SPC_G005_LST1 '','','','10','1';
2018-07-19 01:19:54 EXEC SPC_COM_MENU '1';
2018-07-19 01:19:54 EXEC SPC_COMMON_CATALORUE '3';
2018-07-19 01:21:30 EXEC SPC_COM_PERMISSION '1','g005';
2018-07-19 01:21:30 EXEC SPC_COM_MENU '1';
2018-07-19 01:21:30 EXEC SPC_COM_M999_INQ1 '7';
2018-07-19 01:21:32 EXEC SPC_COM_MENU '1';
2018-07-19 01:21:32 EXEC SPC_G005_LST1 '','','','10','1';
2018-07-19 01:21:35 EXEC SPC_COM_MENU '1';
2018-07-19 01:21:35 EXEC SPC_COMMON_CATALORUE '3';
2018-07-19 01:24:44 EXEC SPC_COM_PERMISSION '1','g005';
2018-07-19 01:24:44 EXEC SPC_COM_MENU '1';
2018-07-19 01:24:44 EXEC SPC_COM_M999_INQ1 '7';
2018-07-19 01:25:03 EXEC SPC_COM_PERMISSION '1','g005';
2018-07-19 01:25:03 EXEC SPC_COM_MENU '1';
2018-07-19 01:25:03 EXEC SPC_COM_M999_INQ1 '7';
2018-07-19 01:25:07 EXEC SPC_COM_MENU '1';
2018-07-19 01:25:07 EXEC SPC_G005_LST1 '','','','10','1';
2018-07-19 01:25:39 EXEC SPC_COM_PERMISSION '1','g005';
2018-07-19 01:25:39 EXEC SPC_COM_MENU '1';
2018-07-19 01:25:39 EXEC SPC_COM_M999_INQ1 '7';
2018-07-19 01:25:40 EXEC SPC_COM_MENU '1';
2018-07-19 01:25:40 EXEC SPC_G005_LST1 '','','','10','1';
2018-07-19 01:27:26 EXEC SPC_COM_PERMISSION '1','g005';
2018-07-19 01:27:26 EXEC SPC_COM_MENU '1';
2018-07-19 01:27:26 EXEC SPC_COM_M999_INQ1 '7';
2018-07-19 01:27:30 EXEC SPC_COM_MENU '1';
2018-07-19 01:27:30 EXEC SPC_G005_LST1 '','','','10','1';
2018-07-19 01:27:32 EXEC SPC_COM_MENU '1';
2018-07-19 01:27:32 EXEC SPC_COMMON_CATALORUE '3';
2018-07-19 01:57:56 EXEC SPC_COM_PERMISSION '1','g005';
2018-07-19 01:57:56 EXEC SPC_COM_MENU '1';
2018-07-19 01:57:56 EXEC SPC_COM_M999_INQ1 '7';
2018-07-19 01:57:59 EXEC SPC_COM_MENU '1';
2018-07-19 01:57:59 EXEC SPC_G005_LST1 '','','','10','1';
2018-07-19 01:58:01 EXEC SPC_COM_MENU '1';
2018-07-19 01:58:01 EXEC SPC_COMMON_CATALORUE '3';
2018-07-19 01:58:02 EXEC SPC_COM_MENU '1';
2018-07-19 01:58:02 EXEC SPC_COMMON_CATALORUE '1';
2018-07-19 01:58:03 EXEC SPC_COM_MENU '1';
2018-07-19 01:58:04 EXEC SPC_COMMON_CATALORUE '1';
2018-07-19 01:58:05 EXEC SPC_COM_MENU '1';
2018-07-19 01:58:05 EXEC SPC_COMMON_CATALORUE '1';
2018-07-19 01:58:18 EXEC SPC_COM_MENU '1';
2018-07-19 01:58:18 EXEC SPC_G005_LST1 '2','','','10','1';
2018-07-19 01:58:18 EXEC SPC_COM_MENU '1';
2018-07-19 01:58:18 EXEC SPC_COMMON_CATALORUE '';
2018-07-19 01:58:22 EXEC SPC_COM_MENU '1';
2018-07-19 01:58:22 EXEC SPC_G005_LST1 '1','','','10','1';
2018-07-19 01:58:32 EXEC SPC_COM_MENU '1';
2018-07-19 01:58:32 EXEC SPC_COMMON_CATALORUE '1';
2018-07-19 01:58:33 EXEC SPC_COM_MENU '1';
2018-07-19 01:58:33 EXEC SPC_COMMON_CATALORUE '1';
2018-07-19 01:58:34 EXEC SPC_COM_MENU '1';
2018-07-19 01:58:34 EXEC SPC_COMMON_CATALORUE '1';
2018-07-19 01:59:57 EXEC SPC_COM_PERMISSION '1','g005';
2018-07-19 01:59:57 EXEC SPC_COM_MENU '1';
2018-07-19 01:59:57 EXEC SPC_COM_M999_INQ1 '7';
2018-07-19 01:59:58 EXEC SPC_COM_MENU '1';
2018-07-19 01:59:58 EXEC SPC_G005_LST1 '','','','10','1';
2018-07-19 02:00:02 EXEC SPC_COM_MENU '1';
2018-07-19 02:00:02 EXEC SPC_G005_LST1 '3','','','10','1';
2018-07-19 02:00:04 EXEC SPC_COM_MENU '1';
2018-07-19 02:00:04 EXEC SPC_COMMON_CATALORUE '3';
2018-07-19 02:00:06 EXEC SPC_COM_MENU '1';
2018-07-19 02:00:06 EXEC SPC_G005_LST1 '3','','','10','1';
2018-07-19 02:00:06 EXEC SPC_COM_MENU '1';
2018-07-19 02:00:06 EXEC SPC_COMMON_CATALORUE '';
2018-07-19 02:00:09 EXEC SPC_COM_MENU '1';
2018-07-19 02:00:09 EXEC SPC_G005_LST1 '','','','10','1';
2018-07-19 02:00:11 EXEC SPC_COM_MENU '1';
2018-07-19 02:00:11 EXEC SPC_COMMON_CATALORUE '5';
2018-07-19 02:00:13 EXEC SPC_COM_MENU '1';
2018-07-19 02:00:13 EXEC SPC_COMMON_CATALORUE '1';
2018-07-19 02:00:14 EXEC SPC_COM_MENU '1';
2018-07-19 02:00:14 EXEC SPC_COMMON_CATALORUE '1';
2018-07-19 02:00:14 EXEC SPC_COM_MENU '1';
2018-07-19 02:00:14 EXEC SPC_COMMON_CATALORUE '3';
2018-07-19 02:02:41 EXEC SPC_COM_PERMISSION '1','g005';
2018-07-19 02:02:41 EXEC SPC_COM_MENU '1';
2018-07-19 02:02:41 EXEC SPC_COM_M999_INQ1 '7';
2018-07-19 02:02:42 EXEC SPC_COM_MENU '1';
2018-07-19 02:02:42 EXEC SPC_G005_LST1 '','','','10','1';
2018-07-19 02:02:44 EXEC SPC_COM_MENU '1';
2018-07-19 02:02:44 EXEC SPC_COMMON_CATALORUE '3';
2018-07-19 02:02:46 EXEC SPC_COM_MENU '1';
2018-07-19 02:02:46 EXEC SPC_COMMON_CATALORUE '1';
2018-07-19 02:02:47 EXEC SPC_COM_MENU '1';
2018-07-19 02:02:47 EXEC SPC_COMMON_CATALORUE '1';
2018-07-19 02:02:49 EXEC SPC_COM_MENU '1';
2018-07-19 02:02:49 EXEC SPC_COMMON_CATALORUE '1';
2018-07-19 02:02:51 EXEC SPC_COM_MENU '1';
2018-07-19 02:02:51 EXEC SPC_COMMON_CATALORUE '3';
2018-07-19 02:02:52 EXEC SPC_COM_MENU '1';
2018-07-19 02:02:52 EXEC SPC_COMMON_CATALORUE '5';
2018-07-19 02:02:57 EXEC SPC_COM_MENU '1';
2018-07-19 02:02:57 EXEC SPC_COMMON_CATALORUE '1';
2018-07-19 02:02:59 EXEC SPC_COM_MENU '1';
2018-07-19 02:02:59 EXEC SPC_COMMON_CATALORUE '1';
2018-07-19 02:35:38 EXEC SPC_COM_MENU '1';
2018-07-19 02:35:38 EXEC SPC_COMMON_CATALORUE '1';
2018-07-19 02:36:12 EXEC SPC_COM_PERMISSION '1','g005';
2018-07-19 02:36:12 EXEC SPC_COM_MENU '1';
2018-07-19 02:36:12 EXEC SPC_COM_M999_INQ1 '7';
2018-07-19 02:36:14 EXEC SPC_COM_MENU '1';
2018-07-19 02:36:14 EXEC SPC_G005_LST1 '','','','10','1';
2018-07-19 02:36:15 EXEC SPC_COM_MENU '1';
2018-07-19 02:36:15 EXEC SPC_COMMON_CATALORUE '3';
2018-07-19 02:36:17 EXEC SPC_COM_MENU '1';
2018-07-19 02:36:17 EXEC SPC_COMMON_CATALORUE '1';
2018-07-19 02:36:24 EXEC SPC_COM_PERMISSION '1','g005';
2018-07-19 02:36:24 EXEC SPC_COM_MENU '1';
2018-07-19 02:36:24 EXEC SPC_COM_M999_INQ1 '7';
2018-07-19 02:36:27 EXEC SPC_COM_MENU '1';
2018-07-19 02:36:27 EXEC SPC_G005_LST1 '','','','10','1';
2018-07-19 02:36:28 EXEC SPC_COM_MENU '1';
2018-07-19 02:36:28 EXEC SPC_COMMON_CATALORUE '1';
2018-07-19 02:36:33 EXEC SPC_COM_MENU '1';
2018-07-19 02:36:33 EXEC SPC_COMMON_CATALORUE '1';
2018-07-19 02:36:37 EXEC SPC_COM_PERMISSION '1','g005';
2018-07-19 02:36:37 EXEC SPC_COM_MENU '1';
2018-07-19 02:36:37 EXEC SPC_COM_M999_INQ1 '7';
2018-07-19 02:36:38 EXEC SPC_COM_MENU '1';
2018-07-19 02:36:38 EXEC SPC_G005_LST1 '','','','10','1';
2018-07-19 02:36:39 EXEC SPC_COM_MENU '1';
2018-07-19 02:36:39 EXEC SPC_COMMON_CATALORUE '1';
2018-07-19 02:36:42 EXEC SPC_COM_MENU '1';
2018-07-19 02:36:42 EXEC SPC_COMMON_CATALORUE '1';
2018-07-19 02:37:26 EXEC SPC_COM_PERMISSION '1','g005';
2018-07-19 02:37:26 EXEC SPC_COM_MENU '1';
2018-07-19 02:37:26 EXEC SPC_COM_M999_INQ1 '7';
2018-07-19 02:37:27 EXEC SPC_COM_MENU '1';
2018-07-19 02:37:27 EXEC SPC_G005_LST1 '','','','10','1';
2018-07-19 02:37:28 EXEC SPC_COM_MENU '1';
2018-07-19 02:37:28 EXEC SPC_COMMON_CATALORUE '1';
2018-07-19 02:37:40 EXEC SPC_COM_PERMISSION '1','g005';
2018-07-19 02:37:40 EXEC SPC_COM_MENU '1';
2018-07-19 02:37:40 EXEC SPC_COM_M999_INQ1 '7';
2018-07-19 02:37:41 EXEC SPC_COM_MENU '1';
2018-07-19 02:37:41 EXEC SPC_G005_LST1 '','','','10','1';
2018-07-19 02:37:42 EXEC SPC_COM_MENU '1';
2018-07-19 02:37:42 EXEC SPC_COMMON_CATALORUE '1';
2018-07-19 02:37:44 EXEC SPC_COM_MENU '1';
2018-07-19 02:37:44 EXEC SPC_COMMON_CATALORUE '1';
2018-07-19 02:37:45 EXEC SPC_COM_MENU '1';
2018-07-19 02:37:45 EXEC SPC_COMMON_CATALORUE '5';
2018-07-19 02:37:46 EXEC SPC_COM_MENU '1';
2018-07-19 02:37:46 EXEC SPC_COMMON_CATALORUE '1';
2018-07-19 02:37:47 EXEC SPC_COM_MENU '1';
2018-07-19 02:37:47 EXEC SPC_COMMON_CATALORUE '3';
2018-07-19 02:38:01 EXEC SPC_COM_MENU '1';
2018-07-19 02:38:01 EXEC SPC_COMMON_CATALORUE '3';
2018-07-19 02:38:02 EXEC SPC_COM_MENU '1';
2018-07-19 02:38:02 EXEC SPC_COMMON_CATALORUE '3';
2018-07-19 02:38:05 EXEC SPC_COM_MENU '1';
2018-07-19 02:38:05 EXEC SPC_COMMON_CATALORUE '1';
2018-07-19 02:38:06 EXEC SPC_COM_MENU '1';
2018-07-19 02:38:06 EXEC SPC_COMMON_CATALORUE '3';
2018-07-19 02:40:10 EXEC SPC_COM_PERMISSION '1','g005';
2018-07-19 02:40:10 EXEC SPC_COM_MENU '1';
2018-07-19 02:40:10 EXEC SPC_COM_M999_INQ1 '7';
2018-07-19 02:40:35 EXEC SPC_COM_PERMISSION '1','g005';
2018-07-19 02:40:35 EXEC SPC_COM_MENU '1';
2018-07-19 02:40:35 EXEC SPC_COM_M999_INQ1 '7';
2018-07-19 02:40:50 EXEC SPC_COM_PERMISSION '1','g005';
2018-07-19 02:40:50 EXEC SPC_COM_MENU '1';
2018-07-19 02:40:50 EXEC SPC_COM_M999_INQ1 '7';
2018-07-19 02:40:59 EXEC SPC_COM_MENU '1';
2018-07-19 02:40:59 EXEC SPC_G005_LST1 '','','','10','1';
2018-07-19 02:41:00 EXEC SPC_COM_MENU '1';
2018-07-19 02:41:00 EXEC SPC_COMMON_CATALORUE '1';
2018-07-19 02:41:03 EXEC SPC_COM_MENU '1';
2018-07-19 02:41:03 EXEC SPC_COMMON_CATALORUE '1';
2018-07-19 02:41:05 EXEC SPC_COM_MENU '1';
2018-07-19 02:41:05 EXEC SPC_COMMON_CATALORUE '1';
2018-07-19 02:41:07 EXEC SPC_COM_MENU '1';
2018-07-19 02:41:07 EXEC SPC_COMMON_CATALORUE '3';
2018-07-19 02:41:09 EXEC SPC_COM_MENU '1';
2018-07-19 02:41:09 EXEC SPC_COMMON_CATALORUE '3';
2018-07-19 02:41:46 EXEC SPC_COM_PERMISSION '1','g005';
2018-07-19 02:41:46 EXEC SPC_COM_MENU '1';
2018-07-19 02:41:46 EXEC SPC_COM_M999_INQ1 '7';
2018-07-19 02:41:48 EXEC SPC_COM_MENU '1';
2018-07-19 02:41:48 EXEC SPC_G005_LST1 '','','','10','1';
2018-07-19 02:41:49 EXEC SPC_COM_MENU '1';
2018-07-19 02:41:49 EXEC SPC_COMMON_CATALORUE '3';
2018-07-19 02:41:51 EXEC SPC_COM_MENU '1';
2018-07-19 02:41:51 EXEC SPC_COMMON_CATALORUE '1';
2018-07-19 02:41:52 EXEC SPC_COM_MENU '1';
2018-07-19 02:41:52 EXEC SPC_COMMON_CATALORUE '3';
2018-07-19 02:41:53 EXEC SPC_COM_MENU '1';
2018-07-19 02:41:53 EXEC SPC_COMMON_CATALORUE '3';
2018-07-19 02:41:58 EXEC SPC_COM_MENU '1';
2018-07-19 02:41:58 EXEC SPC_COMMON_CATALORUE '1';
2018-07-19 02:42:14 EXEC SPC_COM_MENU '1';
2018-07-19 02:42:14 EXEC SPC_COMMON_CATALORUE '1';
2018-07-19 02:42:18 EXEC SPC_COM_MENU '1';
2018-07-19 02:42:18 EXEC SPC_COMMON_CATALORUE '1';
2018-07-19 02:42:20 EXEC SPC_COM_MENU '1';
2018-07-19 02:42:20 EXEC SPC_COMMON_CATALORUE '1';
2018-07-19 02:42:21 EXEC SPC_COM_MENU '1';
2018-07-19 02:42:21 EXEC SPC_COMMON_CATALORUE '1';
2018-07-19 02:42:24 EXEC SPC_COM_MENU '1';
2018-07-19 02:42:24 EXEC SPC_COMMON_CATALORUE '3';
2018-07-19 02:42:56 EXEC SPC_COM_PERMISSION '1','g005';
2018-07-19 02:42:56 EXEC SPC_COM_MENU '1';
2018-07-19 02:42:56 EXEC SPC_COM_M999_INQ1 '7';
2018-07-19 02:43:00 EXEC SPC_COM_MENU '1';
2018-07-19 02:43:00 EXEC SPC_G005_LST1 '','','','10','1';
2018-07-19 02:43:02 EXEC SPC_COM_MENU '1';
2018-07-19 02:43:02 EXEC SPC_COMMON_CATALORUE '3';
2018-07-19 02:43:04 EXEC SPC_COM_MENU '1';
2018-07-19 02:43:04 EXEC SPC_COMMON_CATALORUE '1';
2018-07-19 02:43:13 EXEC SPC_COM_MENU '1';
2018-07-19 02:43:13 EXEC SPC_COMMON_CATALORUE '3';
2018-07-19 02:43:42 EXEC SPC_COM_MENU '1';
2018-07-19 02:43:42 EXEC SPC_COMMON_CATALORUE '1';
2018-07-19 02:44:28 EXEC SPC_COM_PERMISSION '1','g005';
2018-07-19 02:44:28 EXEC SPC_COM_MENU '1';
2018-07-19 02:44:28 EXEC SPC_COM_M999_INQ1 '7';
2018-07-19 02:44:31 EXEC SPC_COM_MENU '1';
2018-07-19 02:44:31 EXEC SPC_G005_LST1 '','','','10','1';
2018-07-19 02:44:32 EXEC SPC_COM_MENU '1';
2018-07-19 02:44:32 EXEC SPC_COMMON_CATALORUE '1';
2018-07-19 02:44:35 EXEC SPC_COM_MENU '1';
2018-07-19 02:44:35 EXEC SPC_COMMON_CATALORUE '';
2018-07-19 02:44:35 EXEC SPC_COM_MENU '1';
2018-07-19 02:44:35 EXEC SPC_COMMON_CATALORUE '1';
2018-07-19 02:44:36 EXEC SPC_COM_MENU '1';
2018-07-19 02:44:36 EXEC SPC_COMMON_CATALORUE '';
2018-07-19 02:44:36 EXEC SPC_COM_MENU '1';
2018-07-19 02:44:36 EXEC SPC_COMMON_CATALORUE '1';
2018-07-19 02:44:38 EXEC SPC_COM_MENU '1';
2018-07-19 02:44:38 EXEC SPC_COMMON_CATALORUE '';
2018-07-19 02:44:38 EXEC SPC_COM_MENU '1';
2018-07-19 02:44:38 EXEC SPC_COMMON_CATALORUE '3';
2018-07-19 02:44:39 EXEC SPC_COM_MENU '1';
2018-07-19 02:44:39 EXEC SPC_COMMON_CATALORUE '';
2018-07-19 02:44:39 EXEC SPC_COM_MENU '1';
2018-07-19 02:44:39 EXEC SPC_COMMON_CATALORUE '3';
2018-07-19 02:44:58 EXEC SPC_COM_MENU '1';
2018-07-19 02:44:58 EXEC SPC_COM_MENU '1';
2018-07-19 02:44:58 EXEC SPC_COMMON_CATALORUE '';
2018-07-19 02:44:58 EXEC SPC_COMMON_CATALORUE '1';
2018-07-19 02:45:01 EXEC SPC_COM_MENU '1';
2018-07-19 02:45:01 EXEC SPC_COMMON_CATALORUE '5';
2018-07-19 02:45:43 EXEC SPC_COM_PERMISSION '1','g005';
2018-07-19 02:45:43 EXEC SPC_COM_MENU '1';
2018-07-19 02:45:43 EXEC SPC_COM_M999_INQ1 '7';
2018-07-19 02:45:45 EXEC SPC_COM_MENU '1';
2018-07-19 02:45:45 EXEC SPC_G005_LST1 '','','','10','1';
2018-07-19 02:45:56 EXEC SPC_COM_MENU '1';
2018-07-19 02:45:56 EXEC SPC_COMMON_CATALORUE '1';
2018-07-19 02:45:58 EXEC SPC_COM_MENU '1';
2018-07-19 02:45:58 EXEC SPC_COMMON_CATALORUE '';
2018-07-19 02:45:58 EXEC SPC_COM_MENU '1';
2018-07-19 02:45:58 EXEC SPC_COMMON_CATALORUE '1';
2018-07-19 02:45:59 EXEC SPC_COM_MENU '1';
2018-07-19 02:45:59 EXEC SPC_COM_MENU '1';
E '';
2018-07-19 02:45:59 EXEC SPC_COMMON_CATALORUE '1';
2018-07-19 02:46:02 EXEC SPC_COM_MENU '1';
2018-07-19 02:46:02 EXEC SPC_COMMON_CATALORUE '';
2018-07-19 02:46:02 EXEC SPC_COM_MENU '1';
2018-07-19 02:46:02 EXEC SPC_COMMON_CATALORUE '1';
2018-07-19 02:46:04 EXEC SPC_COM_MENU '1';
2018-07-19 02:46:04 EXEC SPC_COM_MENU '1';
2018-07-19 02:46:04 EXEC SPC_COMMON_CATALORUE '';
2018-07-19 02:46:04 EXEC SPC_COMMON_CATALORUE '1';
2018-07-19 02:46:20 EXEC SPC_COM_MENU '1';
2018-07-19 02:46:20 EXEC SPC_G005_LST1 '','','','10','1';
2018-07-19 02:46:20 EXEC SPC_COM_MENU '1';
2018-07-19 02:46:20 EXEC SPC_COMMON_CATALORUE '';
2018-07-19 02:46:22 EXEC SPC_COM_PERMISSION '1','g005';
2018-07-19 02:46:22 EXEC SPC_COM_MENU '1';
2018-07-19 02:46:22 EXEC SPC_COM_M999_INQ1 '7';
2018-07-19 02:46:23 EXEC SPC_COM_MENU '1';
2018-07-19 02:46:23 EXEC SPC_G005_LST1 '','','','10','1';
2018-07-19 02:46:24 EXEC SPC_COM_MENU '1';
2018-07-19 02:46:24 EXEC SPC_COMMON_CATALORUE '1';
2018-07-19 02:46:26 EXEC SPC_COM_MENU '1';
2018-07-19 02:46:26 EXEC SPC_COMMON_CATALORUE '1';
2018-07-19 02:46:27 EXEC SPC_COM_MENU '1';
2018-07-19 02:46:27 EXEC SPC_COMMON_CATALORUE '1';
2018-07-19 02:46:29 EXEC SPC_COM_MENU '1';
2018-07-19 02:46:29 EXEC SPC_COMMON_CATALORUE '5';
2018-07-19 02:46:29 EXEC SPC_COM_MENU '1';
2018-07-19 02:46:29 EXEC SPC_COMMON_CATALORUE '5';
2018-07-19 02:46:48 EXEC SPC_COM_MENU '1';
2018-07-19 02:46:48 EXEC SPC_G005_LST1 '','','','10','1';
2018-07-19 02:46:48 EXEC SPC_COM_MENU '1';
2018-07-19 02:46:48 EXEC SPC_COMMON_CATALORUE '';
2018-07-19 02:46:49 EXEC SPC_COM_PERMISSION '1','g005';
2018-07-19 02:46:49 EXEC SPC_COM_MENU '1';
2018-07-19 02:46:49 EXEC SPC_COM_M999_INQ1 '7';
2018-07-19 02:46:51 EXEC SPC_COM_MENU '1';
2018-07-19 02:46:51 EXEC SPC_G005_LST1 '','','','10','1';
2018-07-19 02:46:52 EXEC SPC_COM_MENU '1';
2018-07-19 02:46:52 EXEC SPC_COMMON_CATALORUE '3';
2018-07-19 02:46:54 EXEC SPC_COM_MENU '1';
2018-07-19 02:46:54 EXEC SPC_COMMON_CATALORUE '1';
2018-07-19 02:46:58 EXEC SPC_COM_MENU '1';
2018-07-19 02:46:58 EXEC SPC_COMMON_CATALORUE '1';
2018-07-19 02:47:00 EXEC SPC_COM_MENU '1';
2018-07-19 02:47:00 EXEC SPC_COMMON_CATALORUE '3';
2018-07-19 02:47:01 EXEC SPC_COM_MENU '1';
2018-07-19 02:47:01 EXEC SPC_COMMON_CATALORUE '3';
2018-07-19 02:47:07 EXEC SPC_COM_MENU '1';
2018-07-19 02:47:07 EXEC SPC_COMMON_CATALORUE '3';
2018-07-19 02:47:12 EXEC SPC_COM_PERMISSION '1','g005';
2018-07-19 02:47:12 EXEC SPC_COM_MENU '1';
2018-07-19 02:47:12 EXEC SPC_COM_M999_INQ1 '7';
2018-07-19 02:47:14 EXEC SPC_COM_MENU '1';
2018-07-19 02:47:14 EXEC SPC_G005_LST1 '','','','10','1';
2018-07-19 02:47:22 EXEC SPC_COM_MENU '1';
2018-07-19 02:47:22 EXEC SPC_COMMON_CATALORUE '3';
2018-07-19 02:47:38 EXEC SPC_COM_MENU '1';
2018-07-19 02:47:38 EXEC SPC_COMMON_CATALORUE '3';
2018-07-19 02:48:07 EXEC SPC_COM_PERMISSION '1','g005';
2018-07-19 02:48:07 EXEC SPC_COM_MENU '1';
2018-07-19 02:48:07 EXEC SPC_COM_M999_INQ1 '7';
2018-07-19 02:48:11 EXEC SPC_COM_MENU '1';
2018-07-19 02:48:11 EXEC SPC_G005_LST1 '','','','10','1';
2018-07-19 02:48:12 EXEC SPC_COM_MENU '1';
2018-07-19 02:48:12 EXEC SPC_COMMON_CATALORUE '3';
2018-07-19 02:48:14 EXEC SPC_COM_MENU '1';
2018-07-19 02:48:14 EXEC SPC_COMMON_CATALORUE '';
2018-07-19 02:48:14 EXEC SPC_COM_MENU '1';
2018-07-19 02:48:14 EXEC SPC_COMMON_CATALORUE '3';
2018-07-19 02:48:17 EXEC SPC_COM_MENU '1';
2018-07-19 02:48:17 EXEC SPC_COM_MENU '1';
2018-07-19 02:48:17 EXEC SPC_COMMON_CATALORUE '';
2018-07-19 02:48:17 EXEC SPC_COMMON_CATALORUE '3';
2018-07-19 02:48:19 EXEC SPC_COM_MENU '1';
2018-07-19 02:48:19 EXEC SPC_COM_MENU '1';
2018-07-19 02:48:19 EXEC SPC_COMMON_CATALORUE '';
2018-07-19 02:48:19 EXEC SPC_COMMON_CATALORUE '1';
2018-07-19 02:48:21 EXEC SPC_COM_MENU '1';
2018-07-19 02:48:21 EXEC SPC_COM_MENU '1';
2018-07-19 02:48:21 EXEC SPC_COMMON_CATALORUE '';
2018-07-19 02:48:21 EXEC SPC_COMMON_CATALORUE '1';
2018-07-19 02:48:23 EXEC SPC_COM_PERMISSION '1','g005';
2018-07-19 02:48:23 EXEC SPC_COM_MENU '1';
2018-07-19 02:48:23 EXEC SPC_COM_M999_INQ1 '7';
2018-07-19 02:50:53 EXEC SPC_COM_PERMISSION '1','g005';
2018-07-19 02:50:53 EXEC SPC_COM_MENU '1';
2018-07-19 02:50:53 EXEC SPC_COM_M999_INQ1 '7';
2018-07-19 02:50:56 EXEC SPC_COM_MENU '1';
2018-07-19 02:50:56 EXEC SPC_G005_LST1 '','','','10','1';
2018-07-19 02:50:57 EXEC SPC_COM_MENU '1';
2018-07-19 02:50:57 EXEC SPC_COMMON_CATALORUE '3';
2018-07-19 02:50:59 EXEC SPC_COM_MENU '1';
2018-07-19 02:50:59 EXEC SPC_COMMON_CATALORUE '';
2018-07-19 02:50:59 EXEC SPC_COM_MENU '1';
2018-07-19 02:50:59 EXEC SPC_COMMON_CATALORUE '1';
2018-07-19 02:51:03 EXEC SPC_COM_MENU '1';
2018-07-19 02:51:03 EXEC SPC_COM_MENU '1';
2018-07-19 02:51:03 EXEC SPC_COMMON_CATALORUE '5';
2018-07-19 02:51:03 EXEC SPC_COMMON_CATALORUE '';
2018-07-19 02:54:51 EXEC SPC_COM_PERMISSION '1','g005';
2018-07-19 02:54:51 EXEC SPC_COM_MENU '1';
2018-07-19 02:54:51 EXEC SPC_COM_M999_INQ1 '7';
2018-07-19 02:54:52 EXEC SPC_COM_MENU '1';
2018-07-19 02:54:52 EXEC SPC_G005_LST1 '','','','10','1';
2018-07-19 02:54:55 EXEC SPC_COM_MENU '1';
2018-07-19 02:54:55 EXEC SPC_COMMON_CATALORUE '3';
2018-07-19 02:54:56 EXEC SPC_COM_MENU '1';
2018-07-19 02:54:56 EXEC SPC_COMMON_CATALORUE '1';
2018-07-19 02:54:58 EXEC SPC_COM_MENU '1';
2018-07-19 02:54:58 EXEC SPC_COMMON_CATALORUE '1';
2018-07-19 02:55:00 EXEC SPC_COM_MENU '1';
2018-07-19 02:55:00 EXEC SPC_COMMON_CATALORUE '1';
2018-07-19 02:55:01 EXEC SPC_COM_MENU '1';
2018-07-19 02:55:01 EXEC SPC_COMMON_CATALORUE '5';
2018-07-19 02:55:02 EXEC SPC_COM_MENU '1';
2018-07-19 02:55:02 EXEC SPC_COMMON_CATALORUE '3';
2018-07-19 02:55:28 EXEC SPC_COM_PERMISSION '1','g005';
2018-07-19 02:55:28 EXEC SPC_COM_MENU '1';
2018-07-19 02:55:28 EXEC SPC_COM_M999_INQ1 '7';
2018-07-19 02:55:30 EXEC SPC_COM_MENU '1';
2018-07-19 02:55:30 EXEC SPC_G005_LST1 '','','','10','1';
2018-07-19 02:55:31 EXEC SPC_COM_MENU '1';
2018-07-19 02:55:31 EXEC SPC_COMMON_CATALORUE '1';
2018-07-19 02:55:32 EXEC SPC_COM_MENU '1';
2018-07-19 02:55:32 EXEC SPC_COMMON_CATALORUE '3';
2018-07-19 02:55:34 EXEC SPC_COM_MENU '1';
2018-07-19 02:55:34 EXEC SPC_COMMON_CATALORUE '3';
2018-07-19 02:56:07 EXEC SPC_COM_PERMISSION '1','g005';
2018-07-19 02:56:07 EXEC SPC_COM_MENU '1';
2018-07-19 02:56:07 EXEC SPC_COM_M999_INQ1 '7';
2018-07-19 02:56:08 EXEC SPC_COM_MENU '1';
2018-07-19 02:56:08 EXEC SPC_G005_LST1 '','','','10','1';
2018-07-19 02:56:10 EXEC SPC_COM_MENU '1';
2018-07-19 02:56:10 EXEC SPC_COMMON_CATALORUE '3';
2018-07-19 02:56:11 EXEC SPC_COM_MENU '1';
2018-07-19 02:56:11 EXEC SPC_COMMON_CATALORUE '1';
2018-07-19 02:56:12 EXEC SPC_COM_MENU '1';
2018-07-19 02:56:12 EXEC SPC_COMMON_CATALORUE '1';
2018-07-19 02:56:13 EXEC SPC_COM_MENU '1';
2018-07-19 02:56:13 EXEC SPC_COMMON_CATALORUE '1';
2018-07-19 02:56:16 EXEC SPC_COM_MENU '1';
2018-07-19 02:56:16 EXEC SPC_COMMON_CATALORUE '1';
2018-07-19 02:56:17 EXEC SPC_COM_MENU '1';
2018-07-19 02:56:17 EXEC SPC_COMMON_CATALORUE '5';
2018-07-19 02:56:43 EXEC SPC_COM_PERMISSION '1','g005';
2018-07-19 02:56:43 EXEC SPC_COM_MENU '1';
2018-07-19 02:56:43 EXEC SPC_COM_M999_INQ1 '7';
2018-07-19 02:56:45 EXEC SPC_COM_MENU '1';
2018-07-19 02:56:45 EXEC SPC_G005_LST1 '','','','10','1';
2018-07-19 02:56:46 EXEC SPC_COM_MENU '1';
2018-07-19 02:56:46 EXEC SPC_COMMON_CATALORUE '3';
2018-07-19 02:56:47 EXEC SPC_COM_MENU '1';
2018-07-19 02:56:47 EXEC SPC_COMMON_CATALORUE '1';
2018-07-19 02:56:48 EXEC SPC_COM_MENU '1';
2018-07-19 02:56:48 EXEC SPC_COMMON_CATALORUE '1';
2018-07-19 02:56:49 EXEC SPC_COM_MENU '1';
2018-07-19 02:56:49 EXEC SPC_COMMON_CATALORUE '1';
2018-07-19 02:56:51 EXEC SPC_COM_MENU '1';
2018-07-19 02:56:51 EXEC SPC_COMMON_CATALORUE '1';
2018-07-19 02:56:52 EXEC SPC_COM_MENU '1';
2018-07-19 02:56:52 EXEC SPC_COMMON_CATALORUE '1';
2018-07-19 02:57:30 EXEC SPC_COM_MENU '1';
2018-07-19 02:57:30 EXEC SPC_COMMON_CATALORUE '3';
2018-07-19 02:57:49 EXEC SPC_COM_PERMISSION '1','g005';
2018-07-19 02:57:49 EXEC SPC_COM_MENU '1';
2018-07-19 02:57:49 EXEC SPC_COM_M999_INQ1 '7';
2018-07-19 02:57:53 EXEC SPC_COM_MENU '1';
2018-07-19 02:57:53 EXEC SPC_G005_LST1 '','','','10','1';
2018-07-19 02:57:55 EXEC SPC_COM_MENU '1';
2018-07-19 02:57:55 EXEC SPC_COMMON_CATALORUE '3';
2018-07-19 02:57:59 EXEC SPC_COM_MENU '1';
2018-07-19 02:57:59 EXEC SPC_COMMON_CATALORUE '3';
2018-07-19 02:58:36 EXEC SPC_COM_PERMISSION '1','g005';
2018-07-19 02:58:36 EXEC SPC_COM_MENU '1';
2018-07-19 02:58:36 EXEC SPC_COM_M999_INQ1 '7';
2018-07-19 02:58:37 EXEC SPC_COM_MENU '1';
2018-07-19 02:58:37 EXEC SPC_G005_LST1 '','','','10','1';
2018-07-19 02:58:38 EXEC SPC_COM_MENU '1';
2018-07-19 02:58:38 EXEC SPC_COMMON_CATALORUE '3';
2018-07-19 02:58:44 EXEC SPC_COM_MENU '1';
2018-07-19 02:58:44 EXEC SPC_COMMON_CATALORUE '3';
2018-07-19 02:59:10 EXEC SPC_COM_PERMISSION '1','g005';
2018-07-19 02:59:10 EXEC SPC_COM_MENU '1';
2018-07-19 02:59:10 EXEC SPC_COM_M999_INQ1 '7';
2018-07-19 02:59:22 EXEC SPC_COM_MENU '1';
2018-07-19 02:59:22 EXEC SPC_G005_LST1 '','','','10','1';
2018-07-19 02:59:24 EXEC SPC_COM_MENU '1';
2018-07-19 02:59:24 EXEC SPC_COMMON_CATALORUE '3';
2018-07-19 03:02:39 EXEC SPC_COM_PERMISSION '1','g005';
2018-07-19 03:02:39 EXEC SPC_COM_MENU '1';
2018-07-19 03:02:39 EXEC SPC_COM_M999_INQ1 '7';
2018-07-19 03:02:49 EXEC SPC_COM_MENU '1';
2018-07-19 03:02:49 EXEC SPC_G005_LST1 '','','','10','1';
2018-07-19 03:02:51 EXEC SPC_COM_MENU '1';
2018-07-19 03:02:51 EXEC SPC_COMMON_CATALORUE '3';
2018-07-19 03:02:58 EXEC SPC_COM_MENU '1';
2018-07-19 03:02:58 EXEC SPC_COMMON_CATALORUE '1';
2018-07-19 03:03:01 EXEC SPC_COM_MENU '1';
2018-07-19 03:03:01 EXEC SPC_COMMON_CATALORUE '1';
2018-07-19 03:03:03 EXEC SPC_COM_MENU '1';
2018-07-19 03:03:03 EXEC SPC_COMMON_CATALORUE '3';
2018-07-19 03:03:08 EXEC SPC_COM_MENU '1';
2018-07-19 03:03:08 EXEC SPC_COMMON_CATALORUE '1';
2018-07-19 03:03:09 EXEC SPC_COM_MENU '1';
2018-07-19 03:03:09 EXEC SPC_COMMON_CATALORUE '1';
2018-07-19 03:03:11 EXEC SPC_COM_MENU '1';
2018-07-19 03:03:11 EXEC SPC_COMMON_CATALORUE '1';
2018-07-19 03:03:30 EXEC SPC_COM_PERMISSION '1','g005';
2018-07-19 03:03:30 EXEC SPC_COM_MENU '1';
2018-07-19 03:03:30 EXEC SPC_COM_M999_INQ1 '7';
2018-07-19 03:03:31 EXEC SPC_COM_MENU '1';
2018-07-19 03:03:31 EXEC SPC_G005_LST1 '','','','10','1';
2018-07-19 03:03:32 EXEC SPC_COM_MENU '1';
2018-07-19 03:03:32 EXEC SPC_COMMON_CATALORUE '3';
2018-07-19 03:03:34 EXEC SPC_COM_MENU '1';
2018-07-19 03:03:34 EXEC SPC_COMMON_CATALORUE '1';
2018-07-19 03:03:36 EXEC SPC_COM_MENU '1';
2018-07-19 03:03:36 EXEC SPC_COMMON_CATALORUE '1';
2018-07-19 03:03:38 EXEC SPC_COM_MENU '1';
2018-07-19 03:03:38 EXEC SPC_COMMON_CATALORUE '1';
2018-07-19 03:03:39 EXEC SPC_COM_MENU '1';
2018-07-19 03:03:39 EXEC SPC_COMMON_CATALORUE '5';
2018-07-19 03:03:40 EXEC SPC_COM_MENU '1';
2018-07-19 03:03:40 EXEC SPC_COMMON_CATALORUE '3';
2018-07-19 03:59:54 EXEC SPC_COM_MENU '1';
2018-07-19 03:59:54 EXEC SPC_COMMON_CATALORUE '1';
2018-07-19 03:59:55 EXEC SPC_COM_MENU '1';
2018-07-19 03:59:55 EXEC SPC_COMMON_CATALORUE '1';
2018-07-19 03:59:57 EXEC SPC_COM_MENU '1';
2018-07-19 03:59:57 EXEC SPC_COMMON_CATALORUE '1';
2018-07-19 03:59:58 EXEC SPC_COM_MENU '1';
2018-07-19 03:59:58 EXEC SPC_COMMON_CATALORUE '5';
2018-07-19 04:00:00 EXEC SPC_COM_MENU '1';
2018-07-19 04:00:00 EXEC SPC_COMMON_CATALORUE '3';
2018-07-19 04:40:57 EXEC SPC_COM_MENU '1';
2018-07-19 04:40:57 EXEC SPC_COMMON_CATALORUE '1';
2018-07-19 04:40:59 EXEC SPC_COM_MENU '1';
2018-07-19 04:40:59 EXEC SPC_COMMON_CATALORUE '1';
2018-07-19 04:41:01 EXEC SPC_COM_MENU '1';
2018-07-19 04:41:01 EXEC SPC_COMMON_CATALORUE '3';
2018-07-19 04:41:03 EXEC SPC_COM_MENU '1';
2018-07-19 04:41:03 EXEC SPC_COMMON_CATALORUE '5';
2018-07-19 04:41:15 EXEC SPC_COM_MENU '1';
2018-07-19 04:41:15 EXEC SPC_COMMON_CATALORUE '1';
2018-07-19 04:41:17 EXEC SPC_COM_MENU '1';
2018-07-19 04:41:18 EXEC SPC_COM_MENU '1';
2018-07-19 04:41:18 EXEC SPC_COMMON_CATALORUE '1';
2018-07-19 04:41:19 EXEC SPC_COM_MENU '1';
2018-07-19 04:41:20 EXEC SPC_COM_MENU '1';
2018-07-19 04:41:20 EXEC SPC_COMMON_CATALORUE '1';
2018-07-19 04:41:22 EXEC SPC_COM_MENU '1';
2018-07-19 04:41:22 EXEC SPC_COMMON_CATALORUE '1';
2018-07-19 04:41:23 EXEC SPC_COM_MENU '1';
2018-07-19 04:41:23 EXEC SPC_COM_MENU '1';
2018-07-19 04:41:43 EXEC SPC_COM_MENU '1';
2018-07-19 04:41:43 EXEC SPC_COMMON_CATALORUE '3';
2018-07-19 04:41:45 EXEC SPC_COM_MENU '1';
2018-07-19 04:42:44 EXEC SPC_COM_MENU '1';
2018-07-19 04:42:44 EXEC SPC_G005_ACT1 '<row row_id="2" group_id="GRO-5" catalogue_div="1" catalogue_nm="CAT-12" group_nm="1" /><row row_id="3" group_id="GRO-6" catalogue_div="1" catalogue_nm="CAT-12" group_nm="2" /><row row_id="4" group_id="GRO-7" catalogue_div="1" catalogue_nm="CAT-12" group_nm="3" /><row row_id="1" group_id="GRO-4" catalogue_div="3" catalogue_nm="CAT-8" group_nm="test" />','ndq809','127.0.0.1';
2018-07-19 04:42:51 EXEC SPC_COM_MENU '1';
2018-07-19 04:42:51 EXEC SPC_COMMON_CATALORUE '3';
2018-07-19 04:42:52 EXEC SPC_COM_MENU '1';
2018-07-19 04:42:52 EXEC SPC_COMMON_CATALORUE '1';
2018-07-19 04:42:54 EXEC SPC_COM_MENU '1';
2018-07-19 04:42:54 EXEC SPC_COMMON_CATALORUE '1';
2018-07-19 04:42:55 EXEC SPC_COM_MENU '1';
2018-07-19 04:42:55 EXEC SPC_COMMON_CATALORUE '1';
2018-07-19 04:43:09 EXEC SPC_COM_MENU '1';
2018-07-19 04:43:09 EXEC SPC_COMMON_CATALORUE '3';
2018-07-19 04:43:11 EXEC SPC_COM_MENU '1';
2018-07-19 04:43:11 EXEC SPC_COMMON_CATALORUE '1';
2018-07-19 04:43:16 EXEC SPC_COM_MENU '1';
2018-07-19 04:43:16 EXEC SPC_G005_ACT1 '<row row_id="2" group_id="GRO-5" catalogue_div="1" catalogue_nm="CAT-12" group_nm="1" /><row row_id="3" group_id="GRO-6" catalogue_div="1" catalogue_nm="CAT-12" group_nm="2" /><row row_id="4" group_id="GRO-7" catalogue_div="1" catalogue_nm="CAT-12" group_nm="3" /><row row_id="1" group_id="GRO-4" catalogue_div="3" catalogue_nm="CAT-8" group_nm="test" />','ndq809','127.0.0.1';
2018-07-19 04:43:16 EXEC SPC_COM_MENU '1';
2018-07-19 04:43:16 EXEC SPC_G005_LST1 '','','','10','1';
2018-07-19 05:10:16 EXEC SPC_COM_PERMISSION '1','g005';
2018-07-19 05:10:16 EXEC SPC_COM_MENU '1';
2018-07-19 05:10:16 EXEC SPC_COM_M999_INQ1 '7';
2018-07-19 05:14:17 EXEC SPC_COM_PERMISSION '1','g003';
2018-07-19 05:14:17 EXEC SPC_COM_MENU '1';
2018-07-19 05:14:17 EXEC SPC_COM_M999_INQ1 '7';
2018-07-19 05:14:23 EXEC SPC_COM_MENU '1';
2018-07-19 05:14:23 EXEC SPC_G003_LST1 '','','10','1';
2018-07-19 05:14:31 EXEC SPC_COM_MENU '1';
2018-07-19 05:18:16 EXEC SPC_COM_PERMISSION '1','g003';
2018-07-19 05:18:16 EXEC SPC_COM_MENU '1';
2018-07-19 05:18:16 EXEC SPC_COM_M999_INQ1 '7';
2018-07-19 05:18:29 EXEC SPC_COM_PERMISSION '1','g003';
2018-07-19 05:18:29 EXEC SPC_COM_MENU '1';
2018-07-19 05:18:29 EXEC SPC_COM_M999_INQ1 '7';
2018-07-19 05:18:54 EXEC SPC_COM_PERMISSION '1','g003';
2018-07-19 05:18:54 EXEC SPC_COM_MENU '1';
2018-07-19 05:18:54 EXEC SPC_COM_M999_INQ1 '7';
2018-07-19 05:18:56 EXEC SPC_COM_MENU '1';
2018-07-19 05:18:56 EXEC SPC_G003_LST1 '','','10','1';
2018-07-19 05:19:00 EXEC SPC_COM_MENU '1';
2018-07-19 05:19:01 EXEC SPC_COM_MENU '1';
2018-07-19 05:19:01 EXEC SPC_COM_MENU '1';
2018-07-19 05:19:02 EXEC SPC_COM_MENU '1';
2018-07-19 05:19:02 EXEC SPC_COM_MENU '1';
2018-07-19 05:19:02 EXEC SPC_COM_MENU '1';
2018-07-19 05:19:02 EXEC SPC_COM_MENU '1';
2018-07-19 05:19:02 EXEC SPC_COM_MENU '1';
2018-07-19 05:19:03 EXEC SPC_COM_MENU '1';
2018-07-19 05:19:16 EXEC SPC_COM_PERMISSION '1','g003';
2018-07-19 05:19:16 EXEC SPC_COM_MENU '1';
2018-07-19 05:19:16 EXEC SPC_COM_M999_INQ1 '7';
2018-07-19 05:19:19 EXEC SPC_COM_MENU '1';
2018-07-19 05:19:19 EXEC SPC_G003_LST1 '','','10','1';
2018-07-19 05:19:21 EXEC SPC_COM_MENU '1';
2018-07-19 05:19:22 EXEC SPC_COM_MENU '1';
2018-07-19 05:19:22 EXEC SPC_COM_MENU '1';
2018-07-19 05:19:22 EXEC SPC_COM_MENU '1';
2018-07-19 05:19:22 EXEC SPC_COM_MENU '1';
2018-07-19 05:19:22 EXEC SPC_COM_MENU '1';
2018-07-19 05:19:23 EXEC SPC_COM_MENU '1';
2018-07-19 05:19:23 EXEC SPC_COM_MENU '1';
2018-07-19 05:19:23 EXEC SPC_COM_MENU '1';
2018-07-19 05:19:23 EXEC SPC_COM_MENU '1';
2018-07-19 05:19:23 EXEC SPC_COM_MENU '1';
2018-07-19 05:19:23 EXEC SPC_COM_MENU '1';
2018-07-19 05:19:24 EXEC SPC_COM_MENU '1';
2018-07-19 05:19:24 EXEC SPC_COM_MENU '1';
2018-07-19 05:19:24 EXEC SPC_COM_MENU '1';
2018-07-19 05:19:24 EXEC SPC_COM_MENU '1';
2018-07-19 05:19:24 EXEC SPC_COM_MENU '1';
2018-07-19 05:19:25 EXEC SPC_COM_MENU '1';
2018-07-19 05:19:25 EXEC SPC_COM_MENU '1';
2018-07-19 05:19:25 EXEC SPC_COM_MENU '1';
2018-07-19 05:19:25 EXEC SPC_COM_MENU '1';
2018-07-19 05:19:25 EXEC SPC_COM_MENU '1';
2018-07-19 05:19:26 EXEC SPC_COM_MENU '1';
2018-07-19 05:19:26 EXEC SPC_COM_MENU '1';
2018-07-19 05:19:26 EXEC SPC_COM_MENU '1';
2018-07-19 05:19:26 EXEC SPC_COM_MENU '1';
2018-07-19 05:19:26 EXEC SPC_COM_MENU '1';
2018-07-19 05:19:26 EXEC SPC_COM_MENU '1';
2018-07-19 05:19:27 EXEC SPC_COM_MENU '1';
2018-07-19 05:19:27 EXEC SPC_COM_MENU '1';
2018-07-19 05:19:27 EXEC SPC_COM_MENU '1';
2018-07-19 05:19:27 EXEC SPC_COM_MENU '1';
2018-07-19 05:19:27 EXEC SPC_COM_MENU '1';
2018-07-19 05:19:28 EXEC SPC_COM_MENU '1';
2018-07-19 05:19:28 EXEC SPC_COM_MENU '1';
2018-07-19 05:19:28 EXEC SPC_COM_MENU '1';
2018-07-19 05:19:28 EXEC SPC_COM_MENU '1';
2018-07-19 05:19:28 EXEC SPC_COM_MENU '1';
2018-07-19 05:19:41 EXEC SPC_COM_PERMISSION '1','g003';
2018-07-19 05:19:41 EXEC SPC_COM_MENU '1';
2018-07-19 05:19:41 EXEC SPC_COM_M999_INQ1 '7';
2018-07-19 05:19:58 EXEC SPC_COM_MENU '1';
2018-07-19 05:19:58 EXEC SPC_G003_LST1 '','','10','1';
2018-07-19 05:22:24 EXEC SPC_COM_PERMISSION '1','g003';
2018-07-19 05:22:24 EXEC SPC_COM_MENU '1';
2018-07-19 05:22:24 EXEC SPC_COM_M999_INQ1 '7';
2018-07-19 05:22:26 EXEC SPC_COM_MENU '1';
2018-07-19 05:22:26 EXEC SPC_G003_LST1 '','','10','1';
2018-07-19 05:22:32 EXEC SPC_COM_PERMISSION '1','g004';
2018-07-19 05:22:32 EXEC SPC_COM_MENU '1';
2018-07-19 05:22:32 EXEC SPC_COM_M999_INQ1 '7';
2018-07-19 05:22:45 EXEC SPC_COM_PERMISSION '1','g006';
2018-07-19 05:22:45 EXEC SPC_COM_MENU '1';
2018-07-19 05:22:45 EXEC SPC_COM_M999_INQ1 '7';
2018-07-19 05:23:02 EXEC SPC_COM_PERMISSION '1','w002';
2018-07-19 05:23:02 EXEC SPC_COM_MENU '1';
2018-07-19 05:23:02 EXEC SPC_COM_M999_INQ1 '7';
2018-07-19 05:23:27 EXEC SPC_COM_PERMISSION '1','g005';
2018-07-19 05:23:27 EXEC SPC_COM_MENU '1';
2018-07-19 05:23:28 EXEC SPC_COM_M999_INQ1 '7';
2018-07-19 05:23:31 EXEC SPC_COM_PERMISSION '1','g003';
2018-07-19 05:23:31 EXEC SPC_COM_MENU '1';
2018-07-19 05:23:31 EXEC SPC_COM_M999_INQ1 '7';
2018-07-19 05:23:34 EXEC SPC_COM_MENU '1';
2018-07-19 05:23:34 EXEC SPC_G003_LST1 '','','10','1';
2018-07-19 05:23:43 EXEC SPC_COM_PERMISSION '1','g006';
2018-07-19 05:23:43 EXEC SPC_COM_MENU '1';
2018-07-19 05:23:43 EXEC SPC_COM_M999_INQ1 '7';
2018-07-19 05:26:22 EXEC SPC_COM_PERMISSION '1','g006';
2018-07-19 05:26:22 EXEC SPC_COM_MENU '1';
2018-07-19 05:26:22 EXEC SPC_COM_M999_INQ1 '7';
2018-07-19 05:26:24 EXEC SPC_COM_PERMISSION '1','g005';
2018-07-19 05:26:24 EXEC SPC_COM_MENU '1';
2018-07-19 05:26:24 EXEC SPC_COM_M999_INQ1 '7';
2018-07-19 05:26:27 EXEC SPC_COM_MENU '1';
2018-07-19 05:26:27 EXEC SPC_G005_LST1 '','','','10','1';
2018-07-19 05:26:32 EXEC SPC_COM_MENU '1';
2018-07-19 05:26:32 EXEC SPC_COMMON_CATALORUE '3';
2018-07-19 05:26:39 EXEC SPC_COM_MENU '1';
2018-07-19 05:26:39 EXEC SPC_COMMON_CATALORUE '1';
2018-07-19 05:26:40 EXEC SPC_COM_MENU '1';
2018-07-19 05:26:40 EXEC SPC_COMMON_CATALORUE '1';
2018-07-19 05:26:43 EXEC SPC_COM_MENU '1';
2018-07-19 05:26:43 EXEC SPC_COMMON_CATALORUE '3';
2018-07-19 05:26:46 EXEC SPC_COM_MENU '1';
2018-07-19 05:26:51 EXEC SPC_COM_MENU '1';
2018-07-19 05:26:51 EXEC SPC_COMMON_CATALORUE '5';
2018-07-19 05:26:56 EXEC SPC_COM_MENU '1';
2018-07-19 05:26:56 EXEC SPC_COMMON_CATALORUE '4';
2018-07-19 05:26:59 EXEC SPC_COM_MENU '1';
2018-07-19 05:27:04 EXEC SPC_COM_MENU '1';
2018-07-19 05:27:04 EXEC SPC_G005_ACT1 '<row row_id="3" group_id="GRO-6" catalogue_div="3" catalogue_nm="CAT-8" group_nm="2" /><row row_id="5" group_id="GRO-8" catalogue_div="4" catalogue_nm="CAT-6" group_nm="4" />','ndq809','127.0.0.1';
2018-07-19 05:27:04 EXEC SPC_COM_MENU '1';
2018-07-19 05:27:04 EXEC SPC_G005_LST1 '','','','10','1';
2018-07-19 05:27:19 EXEC SPC_COM_PERMISSION '1','w002';
2018-07-19 05:27:19 EXEC SPC_COM_MENU '1';
2018-07-19 05:27:19 EXEC SPC_COM_M999_INQ1 '7';
2018-07-19 05:27:53 EXEC SPC_COM_MENU '1';
2018-07-19 05:27:53 EXEC SPC_COMMON_CATALORUE '1';
2018-07-19 05:27:54 EXEC SPC_COM_MENU '1';
2018-07-19 05:27:54 EXEC SPC_COMMON_CATALORUE '3';
2018-07-19 05:27:58 EXEC SPC_COM_MENU '1';
2018-07-19 05:27:58 EXEC SPC_COMMON_CATALORUE '3';
2018-07-19 05:27:59 EXEC SPC_COM_MENU '1';
2018-07-19 05:27:59 EXEC SPC_COMMON_CATALORUE '4';
2018-07-19 05:36:27 EXEC SPC_COM_PERMISSION '1','g005';
2018-07-19 05:36:27 EXEC SPC_COM_MENU '1';
2018-07-19 05:36:28 EXEC SPC_COM_M999_INQ1 '7';
2018-07-19 05:36:31 EXEC SPC_COM_MENU '1';
2018-07-19 05:36:31 EXEC SPC_G005_LST1 '','','','10','1';
2018-07-19 05:36:46 EXEC SPC_COM_MENU '1';
2018-07-19 05:36:46 EXEC SPC_COMMON_CATALORUE '3';
2018-07-19 05:36:49 EXEC SPC_COM_MENU '1';
2018-07-19 05:36:49 EXEC SPC_COMMON_CATALORUE '1';
2018-07-19 05:36:51 EXEC SPC_COM_MENU '1';
2018-07-19 05:36:51 EXEC SPC_COMMON_CATALORUE '4';
2018-07-19 05:37:27 EXEC SPC_COM_PERMISSION '1','g005';
2018-07-19 05:37:27 EXEC SPC_COM_MENU '1';
2018-07-19 05:37:27 EXEC SPC_COM_M999_INQ1 '7';
2018-07-19 05:37:29 EXEC SPC_COM_MENU '1';
2018-07-19 05:37:29 EXEC SPC_G005_LST1 '','','','10','1';
2018-07-19 05:38:06 EXEC SPC_COM_PERMISSION '1','w002';
2018-07-19 05:38:06 EXEC SPC_COM_MENU '1';
2018-07-19 05:38:06 EXEC SPC_COM_M999_INQ1 '7';
2018-07-19 05:40:18 EXEC SPC_COM_PERMISSION '1','g003';
2018-07-19 05:40:18 EXEC SPC_COM_MENU '1';
2018-07-19 05:40:18 EXEC SPC_COM_M999_INQ1 '7';
2018-07-19 05:48:56 EXEC SPC_COM_MENU '1';
2018-07-19 05:48:56 EXEC SPC_G003_LST1 '','','10','1';
2018-07-19 05:49:05 EXEC SPC_COM_MENU '1';
2018-07-19 05:49:12 EXEC SPC_COM_MENU '1';
2018-07-19 05:49:41 EXEC SPC_COM_MENU '1';
2018-07-19 05:49:41 EXEC SPC_G003_ACT1 '<row row_id="2" catalogue_id="CAT-7" catalogue_div="1" catalogue_nm="ăn quả nhớ kẻ trồng cây" /><row row_id="6" catalogue_id="CAT-16" catalogue_div="1" catalogue_nm="hình ảnh vui" />','ndq809','127.0.0.1';
2018-07-19 05:49:41 SQLSTATE[21S01]: [Microsoft][ODBC Driver 13 for SQL Server][SQL Server]列名または指定された値の数がテーブルの定義と一致しません。
2018-07-19 05:49:41 EXEC SPC_COM_MENU '1';
2018-07-19 05:49:41 EXEC SPC_G003_LST1 '','','10','1';
2018-07-19 05:50:17 EXEC SPC_COM_MENU '1';
2018-07-19 05:50:23 EXEC SPC_COM_MENU '1';
2018-07-19 05:50:47 EXEC SPC_COM_PERMISSION '1','g003';
2018-07-19 05:50:47 EXEC SPC_COM_MENU '1';
2018-07-19 05:50:47 EXEC SPC_COM_M999_INQ1 '7';
2018-07-19 05:50:49 EXEC SPC_COM_MENU '1';
2018-07-19 05:50:49 EXEC SPC_G003_LST1 '','','10','1';
2018-07-19 05:51:01 EXEC SPC_COM_PERMISSION '1','g003';
2018-07-19 05:51:01 EXEC SPC_COM_MENU '1';
2018-07-19 05:51:02 EXEC SPC_COM_M999_INQ1 '7';
2018-07-19 05:51:04 EXEC SPC_COM_MENU '1';
2018-07-19 05:51:04 EXEC SPC_G003_LST1 '','','10','1';
2018-07-19 05:51:10 EXEC SPC_COM_MENU '1';
2018-07-19 05:51:17 EXEC SPC_COM_MENU '1';
2018-07-19 05:51:24 EXEC SPC_COM_MENU '1';
2018-07-19 05:51:24 EXEC SPC_G003_ACT1 '<row row_id="2" catalogue_id="CAT-7" catalogue_div="1" catalogue_nm="ăn quả nhớ kẻ trồng cây" /><row row_id="6" catalogue_id="CAT-16" catalogue_div="1" catalogue_nm="hình ảnh vui" />','ndq809','127.0.0.1';
2018-07-19 05:51:24 SQLSTATE[21S01]: [Microsoft][ODBC Driver 13 for SQL Server][SQL Server]列名または指定された値の数がテーブルの定義と一致しません。
2018-07-19 05:51:24 EXEC SPC_COM_MENU '1';
2018-07-19 05:51:24 EXEC SPC_G003_LST1 '','','10','1';
2018-07-19 05:52:33 EXEC SPC_COM_MENU '1';
2018-07-19 05:52:39 EXEC SPC_COM_MENU '1';
2018-07-19 05:52:42 EXEC SPC_COM_MENU '1';
2018-07-19 05:52:42 EXEC SPC_G003_ACT1 '<row row_id="2" catalogue_id="CAT-7" catalogue_div="1" catalogue_nm="ăn quả nhớ kẻ trồng cây" /><row row_id="6" catalogue_id="CAT-16" catalogue_div="1" catalogue_nm="hình ảnh vui" />','ndq809','127.0.0.1';
2018-07-19 05:52:42 EXEC SPC_COM_MENU '1';
2018-07-19 05:52:42 EXEC SPC_G003_LST1 '','','10','1';
2018-07-19 05:52:53 EXEC SPC_COM_MENU '1';
2018-07-19 05:52:58 EXEC SPC_COM_MENU '1';
2018-07-19 05:53:02 EXEC SPC_COM_MENU '1';
2018-07-19 05:53:02 EXEC SPC_G003_ACT1 '<row row_id="2" catalogue_id="CAT-7" catalogue_div="2" catalogue_nm="ăn quả nhớ kẻ trồng cây" /><row row_id="6" catalogue_id="CAT-16" catalogue_div="6" catalogue_nm="hình ảnh vui" />','ndq809','127.0.0.1';
2018-07-19 05:53:02 EXEC SPC_COM_MENU '1';
2018-07-19 05:53:02 EXEC SPC_G003_LST1 '','','10','1';
2018-07-19 05:53:13 EXEC SPC_COM_MENU '1';
2018-07-19 05:53:19 EXEC SPC_COM_MENU '1';
2018-07-19 05:53:35 EXEC SPC_COM_MENU '1';
2018-07-19 05:53:35 EXEC SPC_G003_ACT1 '<row row_id="1" catalogue_id="CAT-6" catalogue_div="1" catalogue_nm="không ăn cơm" /><row row_id="4" catalogue_id="CAT-9" catalogue_div="1" catalogue_nm="ăn xong chùi mép" />','ndq809','127.0.0.1';
2018-07-19 05:53:35 EXEC SPC_COM_MENU '1';
2018-07-19 05:53:35 EXEC SPC_G003_LST1 '','','10','1';
2018-07-19 05:57:39 EXEC SPC_COM_PERMISSION '1','g003';
2018-07-19 05:57:39 EXEC SPC_COM_MENU '1';
2018-07-19 05:57:39 EXEC SPC_COM_M999_INQ1 '7';
2018-07-19 05:57:42 EXEC SPC_COM_MENU '1';
2018-07-19 05:57:42 EXEC SPC_G003_LST1 '','','10','1';
2018-07-19 05:57:56 EXEC SPC_COM_PERMISSION '1','g003';
2018-07-19 05:57:56 EXEC SPC_COM_MENU '1';
2018-07-19 05:57:56 EXEC SPC_COM_M999_INQ1 '7';
2018-07-19 05:57:57 EXEC SPC_COM_MENU '1';
2018-07-19 05:57:57 EXEC SPC_G003_LST1 '','','10','1';
2018-07-19 05:58:06 EXEC SPC_COM_MENU '1';
2018-07-19 05:58:19 EXEC SPC_COM_MENU '1';
2018-07-19 05:58:28 EXEC SPC_COM_MENU '1';
2018-07-19 05:58:28 EXEC SPC_G003_ACT1 '<row row_id="2" catalogue_id="CAT-7" catalogue_div="1" catalogue_nm="ăn quả nhớ kẻ trồng cây" /><row row_id="6" catalogue_id="CAT-16" catalogue_div="1" catalogue_nm="hình ảnh vui" />','ndq809','127.0.0.1';
2018-07-19 05:59:22 EXEC SPC_COM_MENU '1';
2018-07-19 05:59:22 EXEC SPC_G003_ACT1 '<row row_id="2" catalogue_id="CAT-7" catalogue_div="1" catalogue_nm="ăn quả nhớ kẻ trồng cây" /><row row_id="6" catalogue_id="CAT-16" catalogue_div="1" catalogue_nm="hình ảnh vui" />','ndq809','127.0.0.1';
2018-07-19 05:59:22 EXEC SPC_COM_MENU '1';
2018-07-19 05:59:22 EXEC SPC_G003_LST1 '','','10','1';
2018-07-19 05:59:39 EXEC SPC_COM_PERMISSION '1','g003';
2018-07-19 05:59:39 EXEC SPC_COM_MENU '1';
2018-07-19 05:59:39 EXEC SPC_COM_M999_INQ1 '7';
2018-07-19 05:59:40 EXEC SPC_COM_MENU '1';
2018-07-19 05:59:40 EXEC SPC_G003_LST1 '','','10','1';
2018-07-19 05:59:47 EXEC SPC_COM_MENU '1';
2018-07-19 05:59:52 EXEC SPC_COM_MENU '1';
2018-07-19 05:59:57 EXEC SPC_COM_MENU '1';
2018-07-19 05:59:57 EXEC SPC_G003_ACT1 '<row row_id="2" catalogue_id="CAT-7" catalogue_div="8" catalogue_nm="ăn quả nhớ kẻ trồng cây" /><row row_id="6" catalogue_id="CAT-16" catalogue_div="7" catalogue_nm="hình ảnh vui" />','ndq809','127.0.0.1';
2018-07-19 05:59:57 EXEC SPC_COM_MENU '1';
2018-07-19 05:59:57 EXEC SPC_G003_LST1 '','','10','1';
2018-07-19 06:00:08 EXEC SPC_COM_MENU '1';
2018-07-19 06:00:12 EXEC SPC_COM_MENU '1';
2018-07-19 06:00:25 EXEC SPC_COM_MENU '1';
2018-07-19 06:00:25 EXEC SPC_G003_ACT1 '<row row_id="1" catalogue_id="CAT-6" catalogue_div="1" catalogue_nm="không ăn cơm" /><row row_id="4" catalogue_id="CAT-9" catalogue_div="1" catalogue_nm="ăn xong chùi mép" />','ndq809','127.0.0.1';
2018-07-19 06:01:45 EXEC SPC_COM_PERMISSION '1','g003';
2018-07-19 06:01:45 EXEC SPC_COM_MENU '1';
2018-07-19 06:01:45 EXEC SPC_COM_M999_INQ1 '7';
2018-07-19 06:01:46 EXEC SPC_COM_MENU '1';
2018-07-19 06:01:46 EXEC SPC_G003_LST1 '','','10','1';
2018-07-19 06:01:52 EXEC SPC_COM_MENU '1';
2018-07-19 06:01:57 EXEC SPC_COM_MENU '1';
2018-07-19 06:02:08 EXEC SPC_COM_MENU '1';
2018-07-19 06:02:08 EXEC SPC_G003_ACT1 '<row row_id="2" catalogue_id="CAT-7" catalogue_div="1" catalogue_nm="ăn quả nhớ kẻ trồng cây" /><row row_id="6" catalogue_id="CAT-16" catalogue_div="1" catalogue_nm="hình ảnh vui" />','ndq809','127.0.0.1';
2018-07-19 06:02:26 EXEC SPC_COM_MENU '1';
2018-07-19 06:02:32 EXEC SPC_COM_MENU '1';
2018-07-19 06:02:35 EXEC SPC_COM_MENU '1';
2018-07-19 06:02:35 EXEC SPC_G003_ACT1 '<row row_id="2" catalogue_id="CAT-7" catalogue_div="2" catalogue_nm="ăn quả nhớ kẻ trồng cây" /><row row_id="6" catalogue_id="CAT-16" catalogue_div="4" catalogue_nm="hình ảnh vui" />','ndq809','127.0.0.1';
2018-07-19 06:02:35 EXEC SPC_COM_MENU '1';
2018-07-19 06:02:35 EXEC SPC_G003_LST1 '','','10','1';
2018-07-19 06:06:25 EXEC SPC_COM_MENU '1';
2018-07-19 06:06:28 EXEC SPC_COM_PERMISSION '1','g003';
2018-07-19 06:06:28 EXEC SPC_COM_MENU '1';
2018-07-19 06:06:28 EXEC SPC_COM_M999_INQ1 '7';
2018-07-19 06:07:42 EXEC SPC_COM_PERMISSION '1','m003';
2018-07-19 06:07:42 EXEC SPC_COM_MENU '1';
2018-07-19 06:07:42 EXEC SPC_M003_FND1
2018-07-19 06:07:51 EXEC SPC_COM_MENU '1';
2018-07-19 06:07:51 EXEC SPC_M003_LST1 '','','','','10','1';
2018-07-19 06:24:41 EXEC SPC_COM_PERMISSION '1','g003';
2018-07-19 06:24:41 EXEC SPC_COM_MENU '1';
2018-07-19 06:24:41 EXEC SPC_COM_M999_INQ1 '7';
2018-07-19 06:24:46 EXEC SPC_COM_PERMISSION '1','m003';
2018-07-19 06:24:46 EXEC SPC_COM_MENU '1';
2018-07-19 06:24:46 EXEC SPC_M003_FND1
2018-07-19 06:24:48 EXEC SPC_COM_MENU '1';
2018-07-19 06:24:48 EXEC SPC_M003_LST1 '','','','','10','1';
2018-07-19 06:25:27 EXEC SPC_COM_MENU '1';
2018-07-19 06:25:35 EXEC SPC_COM_MENU '1';
2018-07-19 06:26:36 EXEC SPC_COM_MENU '1';
2018-07-19 06:26:36 EXEC SPC_M003_ACT1 '<row row_id="1" avarta="http://eplus.win/uploads/cropped-hinh-nen-phim-angry-bird-dep-nhat-250x320_20180518 0909050536361526634936477.jpg" emp_id="EMP-56" family_nm="Khoai Lang" first_name="Nướng" email="khoai@gmail.com" cellphone="11122114" sex="2" birth_date="18/12/1993" department_id="DEP-1" employee_div="2" remark="Nhân viên gần cùi" /><row row_id="5" avarta="http://eplus.win/uploads/cropped-1500x930-doing-the-impossible_20180601 0909060652521527844312325.jpg" emp_id="EMP-72" family_nm="Tố" first_name="Linh" email="ndq809@gmail.com" cellphone="10124" sex="1" birth_date="12/11/1993" department_id="DEP-1" employee_div="2" remark="linh gà" />','ndq809','127.0.0.1';
2018-07-19 06:26:36 SQLSTATE[21S01]: [Microsoft][ODBC Driver 13 for SQL Server][SQL Server]列名または指定された値の数がテーブルの定義と一致しません。
2018-07-19 06:26:44 EXEC SPC_COM_MENU '1';
2018-07-19 06:26:44 EXEC SPC_M003_ACT1 '<row row_id="1" avarta="http://eplus.win/uploads/cropped-hinh-nen-phim-angry-bird-dep-nhat-250x320_20180518 0909050536361526634936477.jpg" emp_id="EMP-56" family_nm="Khoai Lang" first_name="Nướng" email="khoai@gmail.com" cellphone="11122114" sex="2" birth_date="18/12/1993" department_id="DEP-1" employee_div="2" remark="Nhân viên gần cùi" /><row row_id="5" avarta="http://eplus.win/uploads/cropped-1500x930-doing-the-impossible_20180601 0909060652521527844312325.jpg" emp_id="EMP-72" family_nm="Tố" first_name="Linh" email="ndq809@gmail.com" cellphone="10124" sex="1" birth_date="12/11/1993" department_id="DEP-1" employee_div="2" remark="linh gà" />','ndq809','127.0.0.1';
2018-07-19 06:26:44 SQLSTATE[21S01]: [Microsoft][ODBC Driver 13 for SQL Server][SQL Server]列名または指定された値の数がテーブルの定義と一致しません。
2018-07-19 06:27:45 EXEC SPC_COM_MENU '1';
2018-07-19 06:27:45 EXEC SPC_M003_ACT1 '<row row_id="1" avarta="http://eplus.win/uploads/cropped-hinh-nen-phim-angry-bird-dep-nhat-250x320_20180518 0909050536361526634936477.jpg" emp_id="EMP-56" family_nm="Khoai Lang" first_name="Nướng" email="khoai@gmail.com" cellphone="11122114" sex="2" birth_date="18/12/1993" department_id="DEP-1" employee_div="2" remark="Nhân viên gần cùi" /><row row_id="5" avarta="http://eplus.win/uploads/cropped-1500x930-doing-the-impossible_20180601 0909060652521527844312325.jpg" emp_id="EMP-72" family_nm="Tố" first_name="Linh" email="ndq809@gmail.com" cellphone="10124" sex="1" birth_date="12/11/1993" department_id="DEP-1" employee_div="2" remark="linh gà" />','ndq809','127.0.0.1';
2018-07-19 06:30:19 EXEC SPC_COM_PERMISSION '1','m003';
2018-07-19 06:30:19 EXEC SPC_COM_MENU '1';
2018-07-19 06:30:19 EXEC SPC_M003_FND1
2018-07-19 06:30:21 EXEC SPC_COM_MENU '1';
2018-07-19 06:30:21 EXEC SPC_M003_LST1 '','','','','10','1';
2018-07-19 06:30:26 EXEC SPC_COM_MENU '1';
2018-07-19 06:30:33 EXEC SPC_COM_MENU '1';
2018-07-19 06:32:02 EXEC SPC_COM_MENU '1';
2018-07-19 06:32:02 EXEC SPC_M003_ACT1 '<row row_id="1" avarta="http://eplus.win/uploads/cropped-hinh-nen-phim-angry-bird-dep-nhat-250x320_20180518 0909050536361526634936477.jpg" emp_id="EMP-56" family_nm="Khoai Lang" first_name="Nướng" email="khoai@gmail.com" cellphone="11122114" sex="2" birth_date="18/12/1993" department_id="DEP-1" employee_div="2" remark="Nhân viên gần cùi" /><row row_id="4" avarta="http://eplus.win/uploads/cropped-abideby_20180518 1010050505051526638145729.jpg" emp_id="EMP-71" family_nm="Tuấn" first_name="Khang" email="tk@gmail.com" cellphone="111144444" sex="1" birth_date="18/05/2005" department_id="DEP-1" employee_div="2" remark="abc" />','ndq809','127.0.0.1';
2018-07-19 06:32:12 EXEC SPC_COM_PERMISSION '1','m003';
2018-07-19 06:32:12 EXEC SPC_COM_MENU '1';
2018-07-19 06:32:12 EXEC SPC_M003_FND1
2018-07-19 06:45:27 EXEC SPC_COM_MENU '1';
2018-07-19 06:45:27 EXEC SPC_M003_LST1 '','','','','10','1';
2018-07-19 06:46:31 EXEC SPC_COM_PERMISSION '1','m003';
2018-07-19 06:46:31 EXEC SPC_COM_MENU '1';
2018-07-19 06:46:31 EXEC SPC_M003_FND1
2018-07-19 06:46:33 EXEC SPC_COM_MENU '1';
2018-07-19 06:46:33 EXEC SPC_M003_LST1 '','','','','10','1';
2018-07-19 06:46:38 EXEC SPC_COM_MENU '1';
2018-07-19 06:46:42 EXEC SPC_COM_MENU '1';
2018-07-19 06:46:42 EXEC SPC_M003_ACT1 '<row row_id="4" avarta="http://eplus.win/uploads/cropped-abideby_20180518 1010050505051526638145729.jpg" emp_id="EMP-71" family_nm="Tuấn" first_name="Khang" email="tk@gmail.com" cellphone="111144444" sex="1" birth_date="18/05/2005" department_id="DEP-1" employee_div="2" remark="abc" />','ndq809','127.0.0.1';
2018-07-19 06:47:07 EXEC SPC_COM_MENU '1';
2018-07-19 06:47:07 EXEC SPC_M003_ACT1 '<row row_id="4" avarta="http://eplus.win/uploads/cropped-abideby_20180518 1010050505051526638145729.jpg" emp_id="EMP-71" family_nm="Tuấn" first_name="Khang" email="tk@gmail.com" cellphone="111144444" sex="1" birth_date="18/05/2005" department_id="DEP-1" employee_div="2" remark="abc" />','ndq809','127.0.0.1';
2018-07-19 06:47:08 EXEC SPC_COM_MENU '1';
2018-07-19 06:47:08 EXEC SPC_M003_LST1 '','','','','10','1';
2018-07-19 06:48:00 EXEC SPC_COM_MENU '1';
2018-07-19 06:48:01 EXEC SPC_COM_MENU '1';
2018-07-19 06:48:01 EXEC SPC_P001_LST1 '','50';
2018-07-19 06:48:13 EXEC SPC_COM_PERMISSION '1','m003';
2018-07-19 06:48:13 EXEC SPC_COM_MENU '1';
2018-07-19 06:48:13 EXEC SPC_M003_FND1
2018-07-19 06:48:17 EXEC SPC_COM_MENU '1';
2018-07-19 06:48:17 EXEC SPC_COM_MENU '1';
2018-07-19 06:48:17 EXEC SPC_P001_LST1 '','50';
2018-07-19 06:48:20 EXEC SPC_COM_MENU '1';
2018-07-19 06:48:20 EXEC SPC_M003_LST1 '','','DEP-1','','10','1';
2018-07-19 06:48:25 EXEC SPC_COM_MENU '1';
2018-07-19 06:48:25 EXEC SPC_COM_MENU '1';
2018-07-19 06:48:25 EXEC SPC_P001_LST1 '','50';
2018-07-19 06:48:28 EXEC SPC_COM_MENU '1';
2018-07-19 06:48:28 EXEC SPC_M003_LST1 '','','DEP-3','','10','1';
2018-07-19 06:49:06 EXEC SPC_COM_MENU '1';
2018-07-19 06:49:06 EXEC SPC_M003_LST1 '','','DEP-3','1','10','1';
2018-07-19 06:49:33 EXEC SPC_COM_PERMISSION '1','m007';
2018-07-19 06:49:33 EXEC SPC_COM_MENU '1';
2018-07-19 06:49:33 EXEC SPC_M007_FND1
2018-07-19 06:49:41 EXEC SPC_COM_PERMISSION '1','s002';
2018-07-19 06:49:41 EXEC SPC_COM_MENU '1';
2018-07-19 06:49:41 EXEC SPC_S002_FND1
2018-07-19 06:49:45 EXEC SPC_COM_MENU '1';
2018-07-19 06:49:45 EXEC SPC_S002_LST1 '','','','','10','1';
2018-07-19 06:50:30 EXEC SPC_COM_PERMISSION '1','m004';
2018-07-19 06:50:30 EXEC SPC_COM_MENU '1';
2018-07-19 06:50:30 EXEC SPC_M004_FND1
2018-07-19 06:50:36 EXEC SPC_COM_PERMISSION '1','m003';
2018-07-19 06:50:36 EXEC SPC_COM_MENU '1';
2018-07-19 06:50:36 EXEC SPC_M003_FND1
2018-07-19 06:50:38 EXEC SPC_COM_MENU '1';
2018-07-19 06:50:38 EXEC SPC_M003_LST1 '','','','','10','1';
2018-07-19 06:50:45 EXEC SPC_COM_MENU '1';
2018-07-19 06:50:50 EXEC SPC_COM_MENU '1';
2018-07-19 06:50:50 EXEC SPC_M003_ACT1 '<row row_id="" avarta="/web-content/images/avarta/default_avarta.jpg" emp_id="" family_nm="" first_name="" email="" cellphone="" sex="0" birth_date="" department_id="" employee_div="" remark="" /><row row_id="1" avarta="http://eplus.win/uploads/cropped-hinh-nen-phim-angry-bird-dep-nhat-250x320_20180518 0909050536361526634936477.jpg" emp_id="EMP-56" family_nm="Khoai Lang" first_name="Nướng" email="khoai@gmail.com" cellphone="11122114" sex="2" birth_date="18/12/1993" department_id="DEP-1" employee_div="2" remark="Nhân viên gần cùi" />','ndq809','127.0.0.1';
2018-07-19 06:51:17 EXEC SPC_COM_MENU '1';
2018-07-19 06:51:17 EXEC SPC_M003_ACT1 '<row row_id="" avarta="/web-content/images/avarta/default_avarta.jpg" emp_id="" family_nm="" first_name="" email="" cellphone="" sex="0" birth_date="" department_id="" employee_div="" remark="" /><row row_id="1" avarta="http://eplus.win/uploads/cropped-hinh-nen-phim-angry-bird-dep-nhat-250x320_20180518 0909050536361526634936477.jpg" emp_id="EMP-56" family_nm="Khoai Lang" first_name="Nướng" email="khoai@gmail.com" cellphone="11122114" sex="2" birth_date="18/12/1993" department_id="DEP-1" employee_div="2" remark="Nhân viên gần cùi" />','ndq809','127.0.0.1';
2018-07-19 06:51:35 EXEC SPC_COM_PERMISSION '1','m003';
2018-07-19 06:51:35 EXEC SPC_COM_MENU '1';
2018-07-19 06:51:35 EXEC SPC_M003_FND1
2018-07-19 06:51:37 EXEC SPC_COM_MENU '1';
2018-07-19 06:51:37 EXEC SPC_M003_LST1 '','','','','10','1';
2018-07-19 06:51:40 EXEC SPC_COM_MENU '1';
2018-07-19 06:51:42 EXEC SPC_COM_MENU '1';
2018-07-19 06:51:42 EXEC SPC_M003_ACT1 '<row row_id="1" avarta="http://eplus.win/uploads/cropped-hinh-nen-phim-angry-bird-dep-nhat-250x320_20180518 0909050536361526634936477.jpg" emp_id="EMP-56" family_nm="Khoai Lang" first_name="Nướng" email="khoai@gmail.com" cellphone="11122114" sex="2" birth_date="18/12/1993" department_id="DEP-1" employee_div="2" remark="Nhân viên gần cùi" />','ndq809','127.0.0.1';
2018-07-19 06:51:43 EXEC SPC_COM_MENU '1';
2018-07-19 06:51:43 EXEC SPC_M003_LST1 '','','','','10','1';
2018-07-19 06:51:58 EXEC SPC_COM_MENU '1';
2018-07-19 06:52:01 EXEC SPC_COM_MENU '1';
2018-07-19 06:52:01 EXEC SPC_M003_ACT1 '<row row_id="5" avarta="http://eplus.win/uploads/cropped-1500x930-doing-the-impossible_20180601 0909060652521527844312325.jpg" emp_id="EMP-72" family_nm="Tố" first_name="Linh" email="ndq809@gmail.com" cellphone="10124" sex="1" birth_date="12/11/1993" department_id="DEP-1" employee_div="2" remark="linh gà" />','ndq809','127.0.0.1';
2018-07-19 06:52:02 EXEC SPC_COM_MENU '1';
2018-07-19 06:52:02 EXEC SPC_M003_LST1 '','','','','10','1';
2018-07-19 06:53:58 EXEC SPC_COM_MENU '1';
2018-07-19 06:53:58 EXEC SPC_M003_LST1 '','','','','10','2';
2018-07-19 06:54:00 EXEC SPC_COM_MENU '1';
2018-07-19 06:54:00 EXEC SPC_M003_LST1 '','','','','10','1';
2018-07-19 06:54:02 EXEC SPC_COM_MENU '1';
2018-07-19 06:54:02 EXEC SPC_M003_LST1 '','','','','10','2';
2018-07-19 06:54:04 EXEC SPC_COM_MENU '1';
2018-07-19 06:54:04 EXEC SPC_M003_LST1 '','','','','10','1';
2018-07-19 06:54:11 EXEC SPC_COM_MENU '1';
2018-07-19 06:56:21 EXEC SPC_COM_PERMISSION '1','m003';
2018-07-19 06:56:21 EXEC SPC_COM_MENU '1';
2018-07-19 06:56:21 EXEC SPC_M003_FND1
2018-07-19 06:56:29 EXEC SPC_COM_PERMISSION '1','m003';
2018-07-19 06:56:29 EXEC SPC_COM_MENU '1';
2018-07-19 06:56:29 EXEC SPC_M003_FND1
2018-07-19 06:56:32 EXEC SPC_COM_MENU '1';
2018-07-19 06:56:32 EXEC SPC_M003_LST1 '','','','','10','1';
2018-07-19 06:56:35 EXEC SPC_COM_MENU '1';
2018-07-19 06:57:00 EXEC SPC_COM_MENU '1';
2018-07-19 06:57:00 EXEC SPC_M003_ACT1 '<row row_id="3" avarta="http://eplus.win/uploads/cropped-loading_20180518 0909050502021526635202023.jpg" emp_id="EMP-70" family_nm="Linh" first_name="Lan" email="linhlan@gmail.com" cellphone="11223344" sex="2" birth_date="18/05/2003" department_id="DEP-2" employee_div="2" remark="dasdasdada" />','ndq809','127.0.0.1';
2018-07-19 06:57:00 EXEC SPC_COM_MENU '1';
2018-07-19 06:57:00 EXEC SPC_M003_LST1 '','','','','10','2';
2018-07-19 06:57:38 EXEC SPC_COM_PERMISSION '1','m003';
2018-07-19 06:57:38 EXEC SPC_COM_MENU '1';
2018-07-19 06:57:38 EXEC SPC_M003_FND1
2018-07-19 06:57:40 EXEC SPC_COM_MENU '1';
2018-07-19 06:57:40 EXEC SPC_M003_LST1 '','','','','10','1';
2018-07-19 06:57:44 EXEC SPC_COM_MENU '1';
2018-07-19 06:57:59 EXEC SPC_COM_PERMISSION '1','m003';
2018-07-19 06:57:59 EXEC SPC_COM_MENU '1';
2018-07-19 06:57:59 EXEC SPC_M003_FND1
2018-07-19 06:58:06 EXEC SPC_COM_MENU '1';
2018-07-19 06:58:06 EXEC SPC_M003_LST1 '','','','','10','1';
2018-07-19 06:58:09 EXEC SPC_COM_MENU '1';
2018-07-19 06:58:36 EXEC SPC_COM_PERMISSION '1','s002';
2018-07-19 06:58:36 EXEC SPC_COM_MENU '1';
2018-07-19 06:58:36 EXEC SPC_S002_FND1
2018-07-19 06:58:37 EXEC SPC_COM_MENU '1';
2018-07-19 06:58:37 EXEC SPC_S002_LST1 '','','','','10','1';
2018-07-19 07:01:51 EXEC SPC_COM_MENU '1';
2018-07-19 07:01:51 EXEC SPC_COMMON_REFER 'p002','EMP-72';
2018-07-19 08:26:21 EXEC SPC_COM_MENU '1';
2018-07-19 08:26:21 EXEC SPC_COM_M999_INQ1 '2';
2018-07-19 08:26:22 EXEC SPC_COM_MENU '1';
2018-07-19 08:26:22 EXEC SPC_P002_LST1 '','','','','50';
2018-07-19 08:26:30 EXEC SPC_COM_PERMISSION '1','s002';
2018-07-19 08:26:30 EXEC SPC_COM_MENU '1';
2018-07-19 08:26:30 EXEC SPC_S002_FND1
2018-07-19 08:27:52 EXEC SPC_COM_PERMISSION '1','s002';
2018-07-19 08:27:52 EXEC SPC_COM_MENU '1';
2018-07-19 08:27:52 EXEC SPC_S002_FND1
2018-07-19 08:27:55 EXEC SPC_COM_MENU '1';
2018-07-19 08:27:55 EXEC SPC_S002_LST1 '','','','','10','1';
2018-07-19 08:28:05 EXEC SPC_COM_MENU '1';
2018-07-19 08:28:11 EXEC SPC_COM_MENU '1';
2018-07-19 08:30:26 EXEC SPC_COM_MENU '1';
2018-07-19 08:30:26 EXEC SPC_S002_ACT1 '<row row_id="1" account_id="ACC-1" account_nm="quy" employee_id="EMP-56" system_div="3" account_div="3" remark="" /><row row_id="5" account_id="ACC-7" account_nm="tk12" employee_id="EMP-76" system_div="1" account_div="3" remark="test" />','ndq809','127.0.0.1';
2018-07-19 08:30:26 EXEC SPC_COM_MENU '1';
2018-07-19 08:30:26 EXEC SPC_S002_LST1 '','','','','10','1';
2018-07-19 08:30:44 EXEC SPC_COM_MENU '1';
2018-07-19 08:30:47 EXEC SPC_COM_MENU '1';
2018-07-19 08:30:51 EXEC SPC_COM_MENU '1';
2018-07-19 08:30:51 EXEC SPC_S002_ACT1 '<row row_id="1" account_id="ACC-1" account_nm="quy" employee_id="EMP-56" system_div="3" account_div="3" remark="" /><row row_id="5" account_id="ACC-7" account_nm="tk12" employee_id="EMP-76" system_div="1" account_div="3" remark="test" />','ndq809','127.0.0.1';
2018-07-19 08:30:52 EXEC SPC_COM_MENU '1';
2018-07-19 08:30:52 EXEC SPC_S002_LST1 '','','','','10','1';
2018-07-19 08:32:00 EXEC SPC_COM_MENU '1';
2018-07-19 08:32:04 EXEC SPC_COM_MENU '1';
2018-07-19 08:32:10 EXEC SPC_COM_MENU '1';
2018-07-19 08:32:10 EXEC SPC_S002_ACT1 '<row row_id="1" account_id="ACC-1" account_nm="quy" employee_id="EMP-56" system_div="3" account_div="3" remark="" /><row row_id="5" account_id="ACC-7" account_nm="tk12" employee_id="EMP-76" system_div="1" account_div="3" remark="test" />','ndq809','127.0.0.1';
2018-07-19 08:36:47 EXEC SPC_COM_MENU '1';
2018-07-19 08:36:47 EXEC SPC_S002_ACT1 '<row row_id="1" account_id="ACC-1" account_nm="quy" employee_id="EMP-56" system_div="3" account_div="3" remark="" /><row row_id="5" account_id="ACC-7" account_nm="tk12" employee_id="EMP-76" system_div="1" account_div="3" remark="test" />','ndq809','127.0.0.1';
2018-07-19 08:37:42 EXEC SPC_COM_MENU '1';
2018-07-19 08:37:42 EXEC SPC_S002_ACT1 '<row row_id="1" account_id="ACC-1" account_nm="quy" employee_id="EMP-56" system_div="3" account_div="3" remark="" /><row row_id="5" account_id="ACC-7" account_nm="tk12" employee_id="EMP-76" system_div="1" account_div="3" remark="test" />','ndq809','127.0.0.1';
2018-07-19 08:37:42 EXEC SPC_COM_MENU '1';
2018-07-19 08:37:42 EXEC SPC_S002_LST1 '','','','','10','1';
2018-07-19 08:43:35 EXEC SPC_COM_MENU '1';
2018-07-19 08:43:35 EXEC SPC_COMMON_REFER 'p002','EMP-72';
2018-07-19 08:43:36 EXEC SPC_COM_MENU '1';
2018-07-19 08:43:36 EXEC SPC_COMMON_REFER 'p002','EMP-72';
2018-07-19 08:43:38 EXEC SPC_COM_MENU '1';
2018-07-19 08:43:38 EXEC SPC_COMMON_REFER 'p002','EMP-72';
2018-07-19 08:43:39 EXEC SPC_COM_MENU '1';
2018-07-19 08:43:39 EXEC SPC_COMMON_REFER 'p002','EMP-72';
2018-07-19 08:43:40 EXEC SPC_COM_MENU '1';
2018-07-19 08:43:40 EXEC SPC_COMMON_REFER 'p002','EMP-72';
2018-07-19 08:43:40 EXEC SPC_COM_MENU '1';
2018-07-19 08:43:40 EXEC SPC_COMMON_REFER 'p002','EMP-72';
2018-07-19 08:43:41 EXEC SPC_COM_MENU '1';
2018-07-19 08:43:41 EXEC SPC_COMMON_REFER 'p002','EMP-72';
2018-07-19 08:43:42 EXEC SPC_COM_MENU '1';
2018-07-19 08:43:42 EXEC SPC_COMMON_REFER 'p002','EMP-72';
2018-07-19 08:43:44 EXEC SPC_COM_MENU '1';
2018-07-19 08:43:44 EXEC SPC_COMMON_REFER 'p002','EMP-72';
2018-07-19 08:43:44 EXEC SPC_COM_MENU '1';
2018-07-19 08:43:44 EXEC SPC_COM_M999_INQ1 '2';
2018-07-19 08:43:45 EXEC SPC_COM_MENU '1';
2018-07-19 08:43:45 EXEC SPC_P002_LST1 '','','','','50';
2018-07-19 08:43:53 EXEC SPC_COM_MENU '1';
2018-07-19 08:43:53 EXEC SPC_COMMON_REFER 'p002','EMP-89';
2018-07-19 08:45:44 EXEC SPC_COM_MENU '1';
2018-07-19 08:45:45 EXEC SPC_COM_MENU '1';
2018-07-19 08:45:45 EXEC SPC_COM_MENU '1';
2018-07-19 08:45:45 EXEC SPC_COM_MENU '1';
2018-07-19 08:45:45 EXEC SPC_COM_MENU '1';
2018-07-19 08:45:45 EXEC SPC_COM_MENU '1';
2018-07-19 08:45:46 EXEC SPC_COM_MENU '1';
2018-07-19 08:45:46 EXEC SPC_COM_MENU '1';
2018-07-19 08:45:46 EXEC SPC_COM_MENU '1';
2018-07-19 08:45:46 EXEC SPC_COM_MENU '1';
2018-07-19 08:45:46 EXEC SPC_COM_MENU '1';
2018-07-19 08:45:47 EXEC SPC_COM_MENU '1';
2018-07-19 08:45:47 EXEC SPC_COM_MENU '1';
2018-07-19 08:45:47 EXEC SPC_COM_MENU '1';
2018-07-19 08:45:47 EXEC SPC_COM_MENU '1';
2018-07-19 08:45:48 EXEC SPC_COM_MENU '1';
2018-07-19 08:45:48 EXEC SPC_COM_MENU '1';
2018-07-19 08:45:48 EXEC SPC_COM_MENU '1';
2018-07-19 08:45:52 EXEC SPC_COM_PERMISSION '1','s002';
2018-07-19 08:45:52 EXEC SPC_COM_MENU '1';
2018-07-19 08:45:52 EXEC SPC_S002_FND1
2018-07-19 09:58:19 EXEC SPC_COM_PERMISSION '1','s002';
2018-07-19 09:58:20 EXEC SPC_COM_MENU '1';
2018-07-19 09:58:20 EXEC SPC_S002_FND1
2018-07-19 09:58:22 EXEC SPC_COM_MENU '1';
2018-07-19 09:58:22 EXEC SPC_S002_LST1 '','','','','10','1';
2018-07-19 09:58:28 EXEC SPC_COM_MENU '1';
2018-07-19 09:58:33 EXEC SPC_COM_MENU '1';
2018-07-19 09:58:36 EXEC SPC_COM_MENU '1';
2018-07-19 09:58:36 EXEC SPC_S002_ACT1 '<row row_id="2" account_id="ACC-2" account_nm="quy" employee_id="EMP-55" system_div="2" account_div="1" remark="" /><row row_id="5" account_id="ACC-7" account_nm="quy" employee_id="EMP-76" system_div="1" account_div="3" remark="test" />','ndq809','127.0.0.1';
2018-07-19 09:58:49 EXEC SPC_COM_MENU '1';
2018-07-19 09:58:49 EXEC SPC_COMMON_REFER 'p002','EMP-55';
2018-07-19 09:58:50 EXEC SPC_COM_MENU '1';
2018-07-19 09:58:50 EXEC SPC_COM_M999_INQ1 '2';
2018-07-19 09:58:51 EXEC SPC_COM_MENU '1';
2018-07-19 09:58:51 EXEC SPC_P002_LST1 '','','','','50';
2018-07-19 09:58:55 EXEC SPC_COM_MENU '1';
2018-07-19 09:58:59 EXEC SPC_COM_MENU '1';
2018-07-19 09:58:59 EXEC SPC_S002_ACT1 '<row row_id="5" account_id="ACC-7" account_nm="quy" employee_id="EMP-76" system_div="1" account_div="3" remark="test" /><row row_id="2" account_id="ACC-2" account_nm="quy" employee_id="EMP-56" system_div="2" account_div="1" remark="" />','ndq809','127.0.0.1';
2018-07-19 10:09:13 EXEC SPC_COM_PERMISSION '1','s002';
2018-07-19 10:09:13 EXEC SPC_COM_MENU '1';
2018-07-19 10:09:13 EXEC SPC_S002_FND1
2018-07-19 10:09:15 EXEC SPC_COM_MENU '1';
2018-07-19 10:09:15 EXEC SPC_S002_LST1 '','','','','10','1';
2018-07-19 10:09:19 EXEC SPC_COM_MENU '1';
2018-07-19 10:09:28 EXEC SPC_COM_MENU '1';
2018-07-19 10:09:35 EXEC SPC_COM_MENU '1';
2018-07-19 10:09:38 EXEC SPC_COM_MENU '1';
2018-07-19 10:09:38 EXEC SPC_S002_ACT1 '<row row_id="2" account_id="ACC-2" account_nm="quy" employee_id="EMP-55" system_div="2" account_div="1" remark="" /><row row_id="5" account_id="ACC-7" account_nm="quy" employee_id="EMP-76" system_div="1" account_div="3" remark="test" />','ndq809','127.0.0.1';
2018-07-19 10:09:45 EXEC SPC_COM_MENU '1';
2018-07-19 10:09:45 EXEC SPC_COM_M999_INQ1 '2';
2018-07-19 10:09:45 EXEC SPC_COM_MENU '1';
2018-07-19 10:09:45 EXEC SPC_P002_LST1 '','','','','50';
2018-07-19 10:09:48 EXEC SPC_COM_MENU '1';
2018-07-19 10:09:58 EXEC SPC_COM_MENU '1';
2018-07-19 10:09:58 EXEC SPC_S002_ACT1 '<row row_id="5" account_id="ACC-7" account_nm="quy" employee_id="EMP-76" system_div="1" account_div="3" remark="test" /><row row_id="2" account_id="ACC-2" account_nm="quy" employee_id="EMP-70" system_div="2" account_div="1" remark="" />','ndq809','127.0.0.1';
2018-07-19 10:10:41 EXEC SPC_COM_MENU '1';
2018-07-19 10:10:50 EXEC SPC_COM_MENU '1';
2018-07-19 10:10:53 EXEC SPC_COM_MENU '1';
2018-07-19 10:10:53 EXEC SPC_S002_ACT1 '<row row_id="2" account_id="ACC-2" account_nm="linhga" employee_id="EMP-70" system_div="2" account_div="1" remark="" /><row row_id="5" account_id="ACC-7" account_nm="ドラえもん" employee_id="EMP-76" system_div="1" account_div="3" remark="test" />','ndq809','127.0.0.1';
2018-07-19 10:10:54 EXEC SPC_COM_MENU '1';
2018-07-19 10:10:54 EXEC SPC_S002_LST1 '','EMP-70','','','10','1';
2018-07-19 10:11:10 EXEC SPC_COM_MENU '1';
2018-07-19 10:11:10 EXEC SPC_S002_LST1 '','','','','10','1';
2018-07-19 10:11:19 EXEC SPC_COM_MENU '1';
2018-07-19 10:11:19 EXEC SPC_COM_M999_INQ1 '2';
2018-07-19 10:11:20 EXEC SPC_COM_MENU '1';
2018-07-19 10:11:20 EXEC SPC_P002_LST1 '','','','','50';
2018-07-19 10:11:25 EXEC SPC_COM_MENU '1';
2018-07-19 10:11:25 EXEC SPC_COM_M999_INQ1 '2';
2018-07-19 10:11:25 EXEC SPC_COM_MENU '1';
2018-07-19 10:11:25 EXEC SPC_P002_LST1 '','','','','50';
2018-07-19 10:11:28 EXEC SPC_COM_MENU '1';
2018-07-19 10:11:44 EXEC SPC_COM_MENU '1';
2018-07-19 10:11:44 EXEC SPC_COMMON_REFER 'p002','EMP-56';
2018-07-19 10:18:06 EXEC SPC_COM_PERMISSION '1','s002';
2018-07-19 10:18:06 EXEC SPC_COM_MENU '1';
2018-07-19 10:18:06 EXEC SPC_S002_FND1
2018-07-19 10:18:07 EXEC SPC_COM_MENU '1';
2018-07-19 10:18:07 EXEC SPC_COM_M999_INQ1 '2';
2018-07-19 10:18:08 EXEC SPC_COM_MENU '1';
2018-07-19 10:18:08 EXEC SPC_P002_LST1 '','','','','50';
2018-07-19 10:18:12 EXEC SPC_COM_MENU '1';
2018-07-19 10:18:12 EXEC SPC_COM_M999_INQ1 '2';
2018-07-19 10:18:13 EXEC SPC_COM_MENU '1';
2018-07-19 10:18:13 EXEC SPC_P002_LST1 '','','','','50';
2018-07-19 10:21:10 EXEC SPC_COM_PERMISSION '1','s002';
2018-07-19 10:21:10 EXEC SPC_COM_MENU '1';
2018-07-19 10:21:10 EXEC SPC_S002_FND1
2018-07-19 10:21:12 EXEC SPC_COM_MENU '1';
2018-07-19 10:21:12 EXEC SPC_COM_M999_INQ1 '2';
2018-07-19 10:21:13 EXEC SPC_COM_MENU '1';
2018-07-19 10:21:13 EXEC SPC_P002_LST1 '','','','','50';
2018-07-19 10:21:20 EXEC SPC_COM_PERMISSION '1','s002';
2018-07-19 10:21:20 EXEC SPC_COM_MENU '1';
2018-07-19 10:21:20 EXEC SPC_S002_FND1
2018-07-19 10:21:22 EXEC SPC_COM_MENU '1';
2018-07-19 10:21:22 EXEC SPC_COM_M999_INQ1 '2';
2018-07-19 10:21:23 EXEC SPC_COM_MENU '1';
2018-07-19 10:21:23 EXEC SPC_P002_LST1 '','','','','50';
2018-07-19 10:21:28 EXEC SPC_COM_MENU '1';
2018-07-19 10:21:28 EXEC SPC_COM_M999_INQ1 '2';
2018-07-19 10:21:28 EXEC SPC_COM_MENU '1';
2018-07-19 10:21:28 EXEC SPC_P002_LST1 '','','','','50';
2018-07-19 10:22:01 EXEC SPC_COM_PERMISSION '1','w001';
2018-07-19 10:22:01 EXEC SPC_COM_MENU '1';
2018-07-19 10:22:03 EXEC SPC_COM_PERMISSION '1','w002';
2018-07-19 10:22:03 EXEC SPC_COM_MENU '1';
2018-07-19 10:22:03 EXEC SPC_COM_M999_INQ1 '7';
2018-07-19 10:23:56 EXEC SPC_COM_PERMISSION '1','g005';
2018-07-19 10:23:56 EXEC SPC_COM_MENU '1';
2018-07-19 10:23:56 EXEC SPC_COM_M999_INQ1 '7';
2018-07-19 10:24:01 EXEC SPC_COM_PERMISSION '1','g006';
2018-07-19 10:24:01 EXEC SPC_COM_MENU '1';
2018-07-19 10:24:01 EXEC SPC_COM_M999_INQ1 '7';
2018-07-19 10:24:04 EXEC SPC_COM_MENU '1';
2018-07-19 10:24:04 EXEC SPC_COMMON_CATALORUE '1';
2018-07-19 10:24:06 EXEC SPC_COM_MENU '1';
2018-07-19 10:24:06 EXEC SPC_COMMON_GROUP 'CAT-12';
2018-07-19 10:24:11 EXEC SPC_COM_MENU '1';
2018-07-19 10:24:11 EXEC SPC_G006_ACT1 '1','CAT-12','GRO-5','linhga','127.0.0.1';
2018-07-19 10:24:32 EXEC SPC_COM_PERMISSION '1','g006';
2018-07-19 10:24:32 EXEC SPC_COM_MENU '1';
2018-07-19 10:24:32 EXEC SPC_COM_M999_INQ1 '7';
2018-07-19 10:24:34 EXEC SPC_COM_MENU '1';
2018-07-19 10:24:34 EXEC SPC_COMMON_CATALORUE '1';
2018-07-19 10:24:35 EXEC SPC_COM_MENU '1';
2018-07-19 10:24:35 EXEC SPC_COMMON_GROUP 'CAT-12';
2018-07-19 10:28:12 EXEC SPC_COM_PERMISSION '1','g006';
2018-07-19 10:28:12 EXEC SPC_COM_MENU '1';
2018-07-19 10:28:12 EXEC SPC_COM_M999_INQ1 '7';
2018-07-19 10:28:14 EXEC SPC_COM_MENU '1';
2018-07-19 10:28:14 EXEC SPC_COMMON_CATALORUE '1';
2018-07-19 10:28:15 EXEC SPC_COM_MENU '1';
2018-07-19 10:28:15 EXEC SPC_COMMON_GROUP 'CAT-12';
2018-07-19 10:28:18 EXEC SPC_COM_MENU '1';
2018-07-19 10:28:18 EXEC SPC_G006_ACT1 '1','CAT-12','GRO-5','linhga','127.0.0.1';
2018-07-19 10:29:22 EXEC SPC_COM_PERMISSION '1','g006';
2018-07-19 10:29:22 EXEC SPC_COM_MENU '1';
2018-07-19 10:29:22 EXEC SPC_COM_M999_INQ1 '7';
2018-07-19 10:29:24 EXEC SPC_COM_MENU '1';
2018-07-19 10:29:24 EXEC SPC_COMMON_CATALORUE '1';
2018-07-19 10:29:26 EXEC SPC_COM_MENU '1';
2018-07-19 10:29:26 EXEC SPC_COMMON_GROUP 'CAT-12';
2018-07-19 10:31:08 EXEC SPC_COM_PERMISSION '1','g006';
2018-07-19 10:31:08 EXEC SPC_COM_MENU '1';
2018-07-19 10:31:08 EXEC SPC_COM_M999_INQ1 '7';
2018-07-19 10:31:10 EXEC SPC_COM_MENU '1';
2018-07-19 10:31:10 EXEC SPC_COMMON_CATALORUE '1';
2018-07-19 10:31:12 EXEC SPC_COM_MENU '1';
2018-07-19 10:31:12 EXEC SPC_COMMON_GROUP 'CAT-12';
2018-07-19 10:31:21 EXEC SPC_COM_MENU '1';
2018-07-19 10:31:21 EXEC SPC_G006_ACT1 '1','CAT-12','GRO-5','linhga','127.0.0.1';
2018-07-19 10:31:33 EXEC SPC_COM_MENU '1';
2018-07-19 10:31:34 EXEC SPC_G006_ACT1 '1','CAT-12','GRO-5','linhga','127.0.0.1';
2018-07-19 10:31:35 EXEC SPC_COM_MENU '1';
2018-07-19 10:31:35 EXEC SPC_G006_ACT1 '1','CAT-12','GRO-5','linhga','127.0.0.1';
2018-07-19 10:31:41 EXEC SPC_COM_MENU '1';
2018-07-19 10:31:41 EXEC SPC_G006_ACT1 '1','CAT-12','GRO-10','linhga','127.0.0.1';
2018-07-19 10:32:59 EXEC SPC_COM_PERMISSION '1','g006';
2018-07-19 10:32:59 EXEC SPC_COM_MENU '1';
2018-07-19 10:32:59 EXEC SPC_COM_M999_INQ1 '7';
2018-07-19 10:33:02 EXEC SPC_COM_MENU '1';
2018-07-19 10:33:02 EXEC SPC_COMMON_CATALORUE '1';
2018-07-19 10:33:03 EXEC SPC_COM_MENU '1';
2018-07-19 10:33:03 EXEC SPC_COMMON_GROUP 'CAT-12';
2018-07-19 10:36:29 EXEC SPC_COM_PERMISSION '1','g006';
2018-07-19 10:36:29 EXEC SPC_COM_MENU '1';
2018-07-19 10:36:29 EXEC SPC_COM_M999_INQ1 '7';
2018-07-19 10:36:35 EXEC SPC_COM_MENU '1';
2018-07-19 10:36:35 EXEC SPC_COMMON_CATALORUE '1';
2018-07-19 10:36:38 EXEC SPC_COM_MENU '1';
2018-07-19 10:36:38 EXEC SPC_COMMON_GROUP 'CAT-12';
2018-07-19 10:36:45 EXEC SPC_COM_MENU '1';
2018-07-19 10:36:45 EXEC SPC_G006_ACT1 '1','CAT-12','GRO-5','linhga','127.0.0.1';
2018-07-19 10:38:42 EXEC SPC_COM_MENU '1';
2018-07-19 10:38:42 EXEC SPC_G006_ACT1 '1','CAT-12','GRO-5','linhga','127.0.0.1';
2018-07-19 10:38:43 EXEC SPC_COM_MENU '1';
2018-07-19 10:38:43 EXEC SPC_G006_ACT1 '1','CAT-12','GRO-5','linhga','127.0.0.1';
2018-07-19 10:38:45 EXEC SPC_COM_MENU '1';
2018-07-19 10:38:45 EXEC SPC_G006_ACT1 '1','CAT-12','GRO-5','linhga','127.0.0.1';
2018-07-19 10:38:46 EXEC SPC_COM_MENU '1';
2018-07-19 10:38:46 EXEC SPC_G006_ACT1 '1','CAT-12','GRO-5','linhga','127.0.0.1';
2018-07-19 10:38:47 EXEC SPC_COM_MENU '1';
2018-07-19 10:38:47 EXEC SPC_G006_ACT1 '1','CAT-12','GRO-5','linhga','127.0.0.1';
2018-07-19 10:38:47 EXEC SPC_COM_MENU '1';
2018-07-19 10:38:47 EXEC SPC_G006_ACT1 '1','CAT-12','GRO-5','linhga','127.0.0.1';
2018-07-19 10:40:07 EXEC SPC_COM_PERMISSION '1','g006';
2018-07-19 10:40:07 EXEC SPC_COM_MENU '1';
2018-07-19 10:40:07 EXEC SPC_COM_M999_INQ1 '7';
2018-07-19 10:40:09 EXEC SPC_COM_MENU '1';
2018-07-19 10:40:09 EXEC SPC_COMMON_CATALORUE '1';
2018-07-19 10:40:11 EXEC SPC_COM_MENU '1';
2018-07-19 10:40:11 EXEC SPC_COMMON_GROUP 'CAT-12';
2018-07-19 10:40:13 EXEC SPC_COM_MENU '1';
2018-07-19 10:40:13 EXEC SPC_G006_ACT1 '1','CAT-12','GRO-5','linhga','127.0.0.1';
2018-07-19 10:40:15 EXEC SPC_COM_MENU '1';
2018-07-19 10:40:15 EXEC SPC_G006_ACT1 '1','CAT-12','GRO-5','linhga','127.0.0.1';
2018-07-19 10:40:23 EXEC SPC_COM_MENU '1';
2018-07-19 10:40:23 EXEC SPC_G006_ACT1 '1','CAT-12','dsadasd','linhga','127.0.0.1';
2018-07-19 10:40:29 EXEC SPC_COM_MENU '1';
2018-07-19 10:40:29 EXEC SPC_G006_ACT2 '<row id="GRO-13" />','linhga','127.0.0.1';
2018-07-19 10:40:31 EXEC SPC_COM_MENU '1';
2018-07-19 10:40:31 EXEC SPC_COMMON_CATALORUE '1';
2018-07-19 10:40:31 EXEC SPC_COM_MENU '1';
2018-07-19 10:40:31 EXEC SPC_COMMON_GROUP '';
2018-07-19 10:41:05 EXEC SPC_COM_PERMISSION '1','g003';
2018-07-19 10:41:05 EXEC SPC_COM_MENU '1';
2018-07-19 10:41:05 EXEC SPC_COM_M999_INQ1 '7';
2018-07-19 10:41:08 EXEC SPC_COM_PERMISSION '1','g005';
2018-07-19 10:41:08 EXEC SPC_COM_MENU '1';
2018-07-19 10:41:08 EXEC SPC_COM_M999_INQ1 '7';
2018-07-19 10:41:12 EXEC SPC_COM_PERMISSION '1','m003';
2018-07-19 10:41:12 EXEC SPC_COM_MENU '1';
2018-07-19 10:41:12 EXEC SPC_M003_FND1
2018-07-19 10:41:36 EXEC SPC_COM_PERMISSION '1','s002';
2018-07-19 10:41:36 EXEC SPC_COM_MENU '1';
2018-07-19 10:41:36 EXEC SPC_S002_FND1
2018-07-19 10:42:27 EXEC SPC_COM_PERMISSION '1','g005';
2018-07-19 10:42:27 EXEC SPC_COM_MENU '1';
2018-07-19 10:42:27 EXEC SPC_COM_M999_INQ1 '7';
2018-07-19 10:42:29 EXEC SPC_COM_PERMISSION '1','g006';
2018-07-19 10:42:29 EXEC SPC_COM_MENU '1';
2018-07-19 10:42:29 EXEC SPC_COM_M999_INQ1 '7';
2018-07-19 10:42:31 EXEC SPC_COM_PERMISSION '1','g005';
2018-07-19 10:42:31 EXEC SPC_COM_MENU '1';
2018-07-19 10:42:31 EXEC SPC_COM_M999_INQ1 '7';
2018-07-19 10:43:29 EXEC SPC_COM_PERMISSION '1','s002';
2018-07-19 10:43:29 EXEC SPC_COM_MENU '1';
2018-07-19 10:43:29 EXEC SPC_S002_FND1
2018-07-19 10:43:34 EXEC SPC_COM_MENU '1';
2018-07-19 10:43:34 EXEC SPC_S002_LST1 '','','','','10','1';
2018-07-19 10:44:37 EXEC SPC_COM_PERMISSION '1','g005';
2018-07-19 10:44:37 EXEC SPC_COM_MENU '1';
2018-07-19 10:44:37 EXEC SPC_COM_M999_INQ1 '7';
2018-07-19 10:44:43 EXEC SPC_COM_PERMISSION '1','g006';
2018-07-19 10:44:43 EXEC SPC_COM_MENU '1';
2018-07-19 10:44:43 EXEC SPC_COM_M999_INQ1 '7';
2018-07-19 10:46:51 EXEC SPC_COM_PERMISSION '1','g005';
2018-07-19 10:46:51 EXEC SPC_COM_MENU '1';
2018-07-19 10:46:51 EXEC SPC_COM_M999_INQ1 '7';
2018-07-19 10:46:53 EXEC SPC_COM_MENU '1';
2018-07-19 10:46:53 EXEC SPC_G005_LST1 '','','','10','1';
2018-07-19 10:46:59 EXEC SPC_COM_MENU '1';
2018-07-19 10:46:59 EXEC SPC_COMMON_CATALORUE '3';
2018-07-19 10:47:01 EXEC SPC_COM_MENU '1';
2018-07-19 10:47:03 EXEC SPC_COM_MENU '1';
2018-07-19 10:47:03 EXEC SPC_COMMON_CATALORUE '3';
2018-07-19 10:47:05 EXEC SPC_COM_MENU '1';
2018-07-19 10:47:07 EXEC SPC_COM_MENU '1';
2018-07-19 10:47:07 EXEC SPC_COMMON_CATALORUE '1';
2018-07-19 10:47:08 EXEC SPC_COM_MENU '1';
2018-07-19 10:47:16 EXEC SPC_COM_MENU '1';
2018-07-19 10:47:16 EXEC SPC_G005_ACT1 '<row row_id="1" group_id="GRO-4" catalogue_div="3" catalogue_nm="CAT-8" group_nm="1" /><row row_id="3" group_id="GRO-6" catalogue_div="3" catalogue_nm="CAT-8" group_nm="1" /><row row_id="4" group_id="GRO-7" catalogue_div="1" catalogue_nm="CAT-12" group_nm="1" />','linhga','127.0.0.1';
2018-07-19 10:47:16 EXEC SPC_COM_MENU '1';
2018-07-19 10:47:16 EXEC SPC_G005_LST1 '','','','10','1';
2018-07-19 10:48:17 EXEC SPC_COM_MENU '1';
2018-07-19 10:48:17 EXEC SPC_COMMON_CATALORUE '1';
2018-07-19 10:48:17 EXEC SPC_COM_MENU '1';
2018-07-19 10:48:19 EXEC SPC_COM_MENU '1';
2018-07-19 10:48:19 EXEC SPC_COMMON_CATALORUE '3';
2018-07-19 10:48:19 EXEC SPC_COM_MENU '1';
2018-07-19 10:48:20 EXEC SPC_COM_MENU '1';
2018-07-19 10:48:20 EXEC SPC_COMMON_CATALORUE '1';
2018-07-19 10:48:21 EXEC SPC_COM_MENU '1';
2018-07-19 10:48:25 EXEC SPC_COM_MENU '1';
2018-07-19 10:48:25 EXEC SPC_G005_ACT1 '<row row_id="2" group_id="GRO-5" catalogue_div="1" catalogue_nm="CAT-12" group_nm="1" /><row row_id="3" group_id="GRO-6" catalogue_div="3" catalogue_nm="CAT-8" group_nm="1" /><row row_id="4" group_id="GRO-7" catalogue_div="1" catalogue_nm="CAT-12" group_nm="1" />','linhga','127.0.0.1';
2018-07-19 10:48:26 EXEC SPC_COM_MENU '1';
2018-07-19 10:48:26 EXEC SPC_G005_LST1 '','','','10','1';
2018-07-19 10:49:25 EXEC SPC_COM_MENU '1';
2018-07-19 10:49:25 EXEC SPC_COMMON_CATALORUE '1';
2018-07-19 10:49:28 EXEC SPC_COM_MENU '1';
2018-07-19 10:49:29 EXEC SPC_COM_MENU '1';
2018-07-19 10:49:29 EXEC SPC_COMMON_CATALORUE '3';
2018-07-19 10:49:30 EXEC SPC_COM_MENU '1';
2018-07-19 10:49:30 EXEC SPC_COM_MENU '1';
2018-07-19 10:49:32 EXEC SPC_COM_MENU '1';
2018-07-19 10:49:32 EXEC SPC_COMMON_CATALORUE '1';
2018-07-19 10:49:33 EXEC SPC_COM_MENU '1';
2018-07-19 10:49:36 EXEC SPC_COM_MENU '1';
2018-07-19 10:49:36 EXEC SPC_G005_ACT1 '<row row_id="2" group_id="GRO-5" catalogue_div="1" catalogue_nm="CAT-12" group_nm="1" /><row row_id="3" group_id="GRO-6" catalogue_div="3" catalogue_nm="CAT-8" group_nm="1" /><row row_id="4" group_id="GRO-7" catalogue_div="1" catalogue_nm="CAT-12" group_nm="1" />','linhga','127.0.0.1';
2018-07-19 10:49:36 EXEC SPC_COM_MENU '1';
2018-07-19 10:49:36 EXEC SPC_G005_LST1 '','','','10','1';
2018-07-19 10:50:00 EXEC SPC_COM_MENU '1';
2018-07-19 10:50:00 EXEC SPC_COMMON_CATALORUE '1';
2018-07-19 10:50:01 EXEC SPC_COM_MENU '1';
2018-07-19 10:50:02 EXEC SPC_COM_MENU '1';
2018-07-19 10:50:02 EXEC SPC_COMMON_CATALORUE '3';
2018-07-19 10:50:03 EXEC SPC_COM_MENU '1';
2018-07-19 10:50:05 EXEC SPC_COM_MENU '1';
2018-07-19 10:50:05 EXEC SPC_COMMON_CATALORUE '1';
2018-07-19 10:50:06 EXEC SPC_COM_MENU '1';
2018-07-19 10:50:09 EXEC SPC_COM_MENU '1';
2018-07-19 10:50:09 EXEC SPC_G005_ACT1 '<row row_id="2" group_id="GRO-5" catalogue_div="1" catalogue_nm="CAT-12" group_nm="1" /><row row_id="3" group_id="GRO-6" catalogue_div="3" catalogue_nm="CAT-8" group_nm="1" /><row row_id="4" group_id="GRO-7" catalogue_div="1" catalogue_nm="CAT-12" group_nm="1" />','linhga','127.0.0.1';
2018-07-19 10:51:10 EXEC SPC_COM_PERMISSION '1','g005';
2018-07-19 10:51:10 EXEC SPC_COM_MENU '1';
2018-07-19 10:51:10 EXEC SPC_COM_M999_INQ1 '7';
2018-07-19 10:51:12 EXEC SPC_COM_MENU '1';
2018-07-19 10:51:12 EXEC SPC_G005_LST1 '','','','10','1';
2018-07-19 10:51:14 EXEC SPC_COM_MENU '1';
2018-07-19 10:51:14 EXEC SPC_COMMON_CATALORUE '1';
2018-07-19 10:51:15 EXEC SPC_COM_MENU '1';
2018-07-19 10:51:17 EXEC SPC_COM_MENU '1';
2018-07-19 10:51:17 EXEC SPC_COMMON_CATALORUE '3';
2018-07-19 10:51:17 EXEC SPC_COM_MENU '1';
2018-07-19 10:51:18 EXEC SPC_COM_MENU '1';
2018-07-19 10:51:18 EXEC SPC_COMMON_CATALORUE '1';
2018-07-19 10:51:19 EXEC SPC_COM_MENU '1';
2018-07-19 10:51:22 EXEC SPC_COM_MENU '1';
2018-07-19 10:51:22 EXEC SPC_G005_ACT1 '<row row_id="2" group_id="GRO-5" catalogue_div="1" catalogue_nm="CAT-12" group_nm="1" /><row row_id="3" group_id="GRO-6" catalogue_div="3" catalogue_nm="CAT-8" group_nm="1" /><row row_id="4" group_id="GRO-7" catalogue_div="1" catalogue_nm="CAT-12" group_nm="1" />','linhga','127.0.0.1';
2018-07-19 10:51:34 EXEC SPC_COM_MENU '1';
2018-07-19 10:51:34 EXEC SPC_COMMON_CATALORUE '3';
2018-07-19 10:51:40 EXEC SPC_COM_MENU '1';
2018-07-19 10:51:43 EXEC SPC_COM_MENU '1';
2018-07-19 10:51:43 EXEC SPC_COMMON_CATALORUE '1';
2018-07-19 10:51:49 EXEC SPC_COM_MENU '1';
2018-07-19 10:51:50 EXEC SPC_COM_MENU '1';
2018-07-19 10:51:50 EXEC SPC_COMMON_CATALORUE '3';
2018-07-19 10:51:57 EXEC SPC_COM_MENU '1';
2018-07-19 10:51:59 EXEC SPC_COM_MENU '1';
2018-07-19 10:51:59 EXEC SPC_G005_ACT1 '<row row_id="4" group_id="GRO-7" catalogue_div="1" catalogue_nm="CAT-12" group_nm="1" /><row row_id="1" group_id="GRO-4" catalogue_div="3" catalogue_nm="CAT-8" group_nm="tình yêu" /><row row_id="2" group_id="GRO-5" catalogue_div="1" catalogue_nm="CAT-12" group_nm="hôn nhân" /><row row_id="3" group_id="GRO-6" catalogue_div="3" catalogue_nm="CAT-8" group_nm="gia đình" />','linhga','127.0.0.1';
2018-07-19 10:52:54 EXEC SPC_COM_MENU '1';
2018-07-19 10:52:54 EXEC SPC_COMMON_CATALORUE '1';
2018-07-19 10:53:02 EXEC SPC_COM_MENU '1';
2018-07-19 10:53:02 EXEC SPC_COMMON_CATALORUE '4';
2018-07-19 10:53:04 EXEC SPC_COM_MENU '1';
2018-07-19 10:53:04 EXEC SPC_COMMON_CATALORUE '1';
2018-07-19 10:53:09 EXEC SPC_COM_MENU '1';
2018-07-19 10:53:12 EXEC SPC_COM_MENU '1';
2018-07-19 10:53:12 EXEC SPC_COMMON_CATALORUE '4';
2018-07-19 10:53:27 EXEC SPC_COM_MENU '1';
2018-07-19 10:53:30 EXEC SPC_COM_MENU '1';
2018-07-19 10:53:30 EXEC SPC_G005_ACT1 '<row row_id="1" group_id="GRO-4" catalogue_div="3" catalogue_nm="CAT-8" group_nm="tình yêu" /><row row_id="2" group_id="GRO-5" catalogue_div="1" catalogue_nm="CAT-12" group_nm="hôn nhân" /><row row_id="3" group_id="GRO-6" catalogue_div="3" catalogue_nm="CAT-8" group_nm="gia đình" /><row row_id="4" group_id="GRO-7" catalogue_div="1" catalogue_nm="CAT-12" group_nm="lao động" /><row row_id="5" group_id="GRO-8" catalogue_div="4" catalogue_nm="CAT-6" group_nm="học đường" />','linhga','127.0.0.1';
2018-07-19 10:53:31 EXEC SPC_COM_MENU '1';
2018-07-19 10:53:31 EXEC SPC_G005_LST1 '','','','10','1';
2018-07-19 10:53:50 EXEC SPC_COM_MENU '1';
2018-07-19 10:53:50 EXEC SPC_COMMON_CATALORUE '1';
2018-07-19 10:53:55 EXEC SPC_COM_MENU '1';
2018-07-19 10:53:58 EXEC SPC_COM_MENU '1';
2018-07-19 10:53:58 EXEC SPC_COMMON_CATALORUE '3';
2018-07-19 10:54:06 EXEC SPC_COM_MENU '1';
2018-07-19 10:54:12 EXEC SPC_COM_MENU '1';
2018-07-19 10:54:12 EXEC SPC_G005_ACT1 '<row row_id="2" group_id="GRO-5" catalogue_div="1" catalogue_nm="CAT-12" group_nm="gia đình" /><row row_id="3" group_id="GRO-6" catalogue_div="3" catalogue_nm="CAT-8" group_nm="hôn nhân" />','linhga','127.0.0.1';
2018-07-19 10:54:12 EXEC SPC_COM_MENU '1';
2018-07-19 10:54:12 EXEC SPC_G005_LST1 '','','','10','1';
2018-07-19 10:54:29 EXEC SPC_COM_MENU '1';
2018-07-19 10:54:29 EXEC SPC_COMMON_CATALORUE '1';
2018-07-19 10:54:38 EXEC SPC_COM_MENU '1';
2018-07-19 10:54:39 EXEC SPC_COM_MENU '1';
2018-07-19 10:54:39 EXEC SPC_COMMON_CATALORUE '1';
2018-07-19 10:54:46 EXEC SPC_COM_MENU '1';
2018-07-19 10:54:50 EXEC SPC_COM_MENU '1';
2018-07-19 10:54:50 EXEC SPC_G005_ACT1 '<row row_id="2" group_id="GRO-5" catalogue_div="1" catalogue_nm="CAT-12" group_nm="lao động" /><row row_id="4" group_id="GRO-7" catalogue_div="1" catalogue_nm="CAT-12" group_nm="gia đình" />','linhga','127.0.0.1';
2018-07-19 10:55:59 EXEC SPC_COM_MENU '1';
2018-07-19 10:55:59 EXEC SPC_G005_ACT1 '<row row_id="2" group_id="GRO-5" catalogue_div="1" catalogue_nm="CAT-12" group_nm="lao động" /><row row_id="4" group_id="GRO-7" catalogue_div="1" catalogue_nm="CAT-12" group_nm="gia đình" />','linhga','127.0.0.1';
2018-07-19 10:55:59 EXEC SPC_COM_MENU '1';
2018-07-19 10:55:59 EXEC SPC_G005_LST1 '','','','10','1';
2018-07-19 10:56:15 EXEC SPC_COM_PERMISSION '1','g003';
2018-07-19 10:56:15 EXEC SPC_COM_MENU '1';
2018-07-19 10:56:15 EXEC SPC_COM_M999_INQ1 '7';
2018-07-19 10:56:17 EXEC SPC_COM_MENU '1';
2018-07-19 10:56:17 EXEC SPC_G003_LST1 '','','10','1';
2018-07-19 10:58:21 EXEC SPC_COM_MENU '1';
2018-07-19 10:58:21 EXEC SPC_G003_LST1 '','','10','1';
2018-07-19 10:58:30 EXEC SPC_COM_MENU '1';
2018-07-19 10:58:32 EXEC SPC_COM_MENU '1';
2018-07-19 10:58:33 EXEC SPC_G003_ACT1 '<row row_id="2" catalogue_id="CAT-7" catalogue_div="2" catalogue_nm="không ăn cơm" />','linhga','127.0.0.1';
2018-07-19 10:58:33 SQLSTATE[21S01]: [Microsoft][ODBC Driver 13 for SQL Server][SQL Server]列名または指定された値の数がテーブルの定義と一致しません。
2018-07-19 10:58:40 EXEC SPC_COM_MENU '1';
2018-07-19 10:58:40 EXEC SPC_G003_ACT1 '<row row_id="2" catalogue_id="CAT-7" catalogue_div="2" catalogue_nm="không ăn cơm" />','linhga','127.0.0.1';
2018-07-19 10:58:40 SQLSTATE[21S01]: [Microsoft][ODBC Driver 13 for SQL Server][SQL Server]列名または指定された値の数がテーブルの定義と一致しません。
2018-07-19 10:59:30 EXEC SPC_COM_MENU '1';
2018-07-19 10:59:30 EXEC SPC_G003_ACT1 '<row row_id="2" catalogue_id="CAT-7" catalogue_div="2" catalogue_nm="không ăn cơm" />','linhga','127.0.0.1';
2018-07-19 10:59:31 EXEC SPC_COM_MENU '1';
2018-07-19 10:59:31 EXEC SPC_G003_LST1 '','','10','1';
2018-07-19 11:00:33 EXEC SPC_COM_PERMISSION '1','g005';
2018-07-19 11:00:33 EXEC SPC_COM_MENU '1';
2018-07-19 11:00:33 EXEC SPC_COM_M999_INQ1 '7';
2018-07-19 11:00:35 EXEC SPC_COM_MENU '1';
2018-07-19 11:00:35 EXEC SPC_G005_LST1 '','','','10','1';
2018-07-19 11:00:44 EXEC SPC_COM_MENU '1';
2018-07-19 11:00:44 EXEC SPC_COMMON_CATALORUE '3';
2018-07-19 11:00:51 EXEC SPC_COM_MENU '1';
2018-07-19 11:00:53 EXEC SPC_COM_MENU '1';
2018-07-19 11:00:53 EXEC SPC_G005_ACT1 '<row row_id="3" group_id="GRO-6" catalogue_div="3" catalogue_nm="CAT-8" group_nm="tình yêu" />','linhga','127.0.0.1';
2018-07-19 11:00:53 EXEC SPC_COM_MENU '1';
2018-07-19 11:00:53 EXEC SPC_G005_LST1 '','','','10','1';
2018-07-19 11:00:58 EXEC SPC_COM_MENU '1';
2018-07-19 11:00:58 EXEC SPC_COMMON_CATALORUE '3';
2018-07-19 11:01:05 EXEC SPC_COM_MENU '1';
2018-07-19 11:01:08 EXEC SPC_COM_MENU '1';
2018-07-19 11:01:08 EXEC SPC_G005_ACT1 '<row row_id="3" group_id="GRO-6" catalogue_div="3" catalogue_nm="CAT-8" group_nm="hôn nhân" />','linhga','127.0.0.1';
2018-07-19 11:01:09 EXEC SPC_COM_MENU '1';
2018-07-19 11:01:09 EXEC SPC_G005_LST1 '','','','10','1';
2018-07-19 11:04:00 EXEC SPC_COM_PERMISSION '1','g003';
2018-07-19 11:04:00 EXEC SPC_COM_MENU '1';
2018-07-19 11:04:00 EXEC SPC_COM_M999_INQ1 '7';
2018-07-19 11:04:02 EXEC SPC_COM_MENU '1';
2018-07-19 11:04:02 EXEC SPC_G003_LST1 '','','10','1';
2018-07-19 11:04:06 EXEC SPC_COM_MENU '1';
2018-07-19 11:04:08 EXEC SPC_COM_MENU '1';
2018-07-19 11:04:11 EXEC SPC_COM_MENU '1';
2018-07-19 11:04:11 EXEC SPC_G003_ACT1 '<row row_id="1" catalogue_id="CAT-6" catalogue_div="4" catalogue_nm="không ăn cơm" /><row row_id="2" catalogue_id="CAT-7" catalogue_div="2" catalogue_nm="không ăn cơm" />','linhga','127.0.0.1';
2018-07-19 11:04:11 SQLSTATE[42S22]: [Microsoft][ODBC Driver 13 for SQL Server][SQL Server]列名 'item_div' が無効です。
2018-07-19 11:04:17 EXEC SPC_COM_PERMISSION '1','g003';
2018-07-19 11:04:17 EXEC SPC_COM_MENU '1';
2018-07-19 11:04:17 EXEC SPC_COM_M999_INQ1 '7';
2018-07-19 11:04:20 EXEC SPC_COM_MENU '1';
2018-07-19 11:04:20 EXEC SPC_G003_LST1 '','','10','1';
2018-07-19 11:04:23 EXEC SPC_COM_MENU '1';
2018-07-19 11:04:25 EXEC SPC_COM_MENU '1';
2018-07-19 11:04:31 EXEC SPC_COM_MENU '1';
2018-07-19 11:04:31 EXEC SPC_G003_ACT1 '<row row_id="1" catalogue_id="CAT-6" catalogue_div="4" catalogue_nm="không ăn cơm" /><row row_id="2" catalogue_id="CAT-7" catalogue_div="2" catalogue_nm="không ăn cơm" />','linhga','127.0.0.1';
2018-07-19 11:04:31 SQLSTATE[42S22]: [Microsoft][ODBC Driver 13 for SQL Server][SQL Server]列名 'item_div' が無効です。
2018-07-19 11:05:21 EXEC SPC_COM_MENU '1';
2018-07-19 11:05:21 EXEC SPC_G003_ACT1 '<row row_id="1" catalogue_id="CAT-6" catalogue_div="4" catalogue_nm="không ăn cơm" /><row row_id="2" catalogue_id="CAT-7" catalogue_div="2" catalogue_nm="không ăn cơm" />','linhga','127.0.0.1';
2018-07-19 11:06:00 EXEC SPC_COM_PERMISSION '1','g003';
2018-07-19 11:06:00 EXEC SPC_COM_MENU '1';
2018-07-19 11:06:00 EXEC SPC_COM_M999_INQ1 '7';
2018-07-19 11:06:02 EXEC SPC_COM_MENU '1';
2018-07-19 11:06:02 EXEC SPC_G003_LST1 '','','10','1';
2018-07-19 11:06:08 EXEC SPC_COM_MENU '1';
2018-07-19 11:06:10 EXEC SPC_COM_MENU '1';
2018-07-19 11:06:12 EXEC SPC_COM_MENU '1';
2018-07-19 11:06:12 EXEC SPC_G003_ACT1 '<row row_id="1" catalogue_id="CAT-6" catalogue_div="4" catalogue_nm="không ăn cơm" /><row row_id="2" catalogue_id="CAT-7" catalogue_div="2" catalogue_nm="không ăn cơm" />','linhga','127.0.0.1';
2018-07-19 11:06:28 EXEC SPC_COM_MENU '1';
2018-07-19 11:06:31 EXEC SPC_COM_MENU '1';
2018-07-19 11:06:31 EXEC SPC_G003_ACT1 '<row row_id="1" catalogue_id="CAT-6" catalogue_div="4" catalogue_nm="không ăn cơm" /><row row_id="2" catalogue_id="CAT-7" catalogue_div="2" catalogue_nm="không ăn cơm thì ăn ..." />','linhga','127.0.0.1';
