2018-08-20 00:07:00 EXEC SPC_COM_PERMISSION '1','g001';
2018-08-20 00:07:00 EXEC SPC_COM_MENU '1';
2018-08-20 00:07:10 EXEC SPC_COM_PERMISSION '1','g001';
2018-08-20 00:07:10 EXEC SPC_COM_MENU '1';
2018-08-20 00:07:12 EXEC SPC_COM_DATA 'ndq809';
2018-08-20 00:07:12 EXEC SPC_COM_MENU '1';
2018-08-20 00:07:14 EXEC SPC_COM_DATA 'ndq809';
2018-08-20 00:07:14 EXEC SPC_COM_MENU '1';
2018-08-20 00:07:14 EXEC SPC_VOCABULARY_LST1
2018-08-20 00:07:14 EXEC SPC_COM_MENU '1';
2018-08-20 00:07:14 EXEC SPC_COMMON_GROUP 'CAT-12';
2018-08-20 00:07:14 EXEC SPC_COM_DATA 'ndq809';
2018-08-20 00:07:14 EXEC SPC_COM_MENU '1';
2018-08-20 00:07:14 EXEC SPC_VOCABULARY_LST2 'CAT-12','GRO-14','ndq809';
2018-08-20 00:07:25 EXEC SPC_COM_DATA 'ndq809';
2018-08-20 00:07:25 EXEC SPC_COM_MENU '1';
2018-08-20 00:07:25 EXEC SPC_COM_REMEMBER '1','2','2','6','1','ndq809','127.0.0.1';
2018-08-20 00:07:38 EXEC SPC_COM_DATA 'ndq809';
2018-08-20 00:07:38 EXEC SPC_COM_MENU '1';
2018-08-20 00:07:38 EXEC SPC_VOCABULARY_LST1
2018-08-20 00:07:38 EXEC SPC_COM_MENU '1';
2018-08-20 00:07:38 EXEC SPC_COMMON_GROUP 'CAT-12';
2018-08-20 00:07:38 EXEC SPC_COM_DATA 'ndq809';
2018-08-20 00:07:38 EXEC SPC_COM_MENU '1';
2018-08-20 00:07:38 EXEC SPC_VOCABULARY_LST2 'CAT-12','GRO-14','ndq809';
2018-08-20 00:27:11 EXEC SPC_COM_DATA 'ndq809';
2018-08-20 00:27:11 EXEC SPC_COM_MENU '1';
2018-08-20 00:27:11 EXEC SPC_VOCABULARY_LST1
2018-08-20 00:27:12 EXEC SPC_COM_MENU '1';
2018-08-20 00:27:12 EXEC SPC_COMMON_GROUP 'CAT-12';
2018-08-20 00:27:12 EXEC SPC_COM_DATA 'ndq809';
2018-08-20 00:27:12 EXEC SPC_COM_MENU '1';
2018-08-20 00:27:12 EXEC SPC_VOCABULARY_LST2 'CAT-12','GRO-14','ndq809';
2018-08-20 00:27:15 EXEC SPC_COM_DATA 'ndq809';
2018-08-20 00:27:15 EXEC SPC_COM_MENU '1';
2018-08-20 00:27:15 EXEC SPC_COM_REMEMBER '1','2','1','5','1','ndq809','127.0.0.1';
2018-08-20 00:27:32 EXEC SPC_COM_DATA 'ndq809';
2018-08-20 00:27:32 EXEC SPC_COM_MENU '1';
2018-08-20 00:27:32 EXEC SPC_VOCABULARY_LST1
2018-08-20 00:27:33 EXEC SPC_COM_MENU '1';
2018-08-20 00:27:33 EXEC SPC_COMMON_GROUP 'CAT-12';
2018-08-20 00:27:33 EXEC SPC_COM_DATA 'ndq809';
2018-08-20 00:27:33 EXEC SPC_COM_MENU '1';
2018-08-20 00:27:33 EXEC SPC_VOCABULARY_LST2 'CAT-12','GRO-14','ndq809';
2018-08-20 00:27:38 EXEC SPC_COM_DATA 'ndq809';
2018-08-20 00:27:38 EXEC SPC_COM_MENU '1';
2018-08-20 00:27:38 EXEC SPC_VOCABULARY_LST1
2018-08-20 00:27:39 EXEC SPC_COM_MENU '1';
2018-08-20 00:27:39 EXEC SPC_COMMON_GROUP 'CAT-12';
2018-08-20 00:27:39 EXEC SPC_COM_DATA 'ndq809';
2018-08-20 00:27:39 EXEC SPC_COM_MENU '1';
2018-08-20 00:27:39 EXEC SPC_VOCABULARY_LST2 'CAT-12','GRO-14','ndq809';
2018-08-20 00:28:33 EXEC SPC_COM_DATA 'ndq809';
2018-08-20 00:28:33 EXEC SPC_COM_MENU '1';
2018-08-20 00:28:33 EXEC SPC_VOCABULARY_LST1
2018-08-20 00:28:33 EXEC SPC_COM_MENU '1';
2018-08-20 00:28:33 EXEC SPC_COMMON_GROUP 'CAT-12';
2018-08-20 00:28:33 EXEC SPC_COM_DATA 'ndq809';
2018-08-20 00:28:33 EXEC SPC_COM_MENU '1';
2018-08-20 00:28:33 EXEC SPC_VOCABULARY_LST2 'CAT-12','GRO-14','ndq809';
2018-08-20 00:30:11 EXEC SPC_COM_DATA 'ndq809';
2018-08-20 00:30:11 EXEC SPC_COM_MENU '1';
2018-08-20 00:30:11 EXEC SPC_VOCABULARY_LST1
2018-08-20 00:30:12 EXEC SPC_COM_MENU '1';
2018-08-20 00:30:12 EXEC SPC_COMMON_GROUP 'CAT-12';
2018-08-20 00:30:12 EXEC SPC_COM_DATA 'ndq809';
2018-08-20 00:30:12 EXEC SPC_COM_MENU '1';
2018-08-20 00:30:12 EXEC SPC_VOCABULARY_LST2 'CAT-12','GRO-14','ndq809';
2018-08-20 00:30:25 EXEC SPC_COM_DATA 'ndq809';
2018-08-20 00:30:25 EXEC SPC_COM_MENU '1';
2018-08-20 00:30:25 EXEC SPC_VOCABULARY_LST1
2018-08-20 00:30:26 EXEC SPC_COM_MENU '1';
2018-08-20 00:30:26 EXEC SPC_COMMON_GROUP 'CAT-12';
2018-08-20 00:30:26 EXEC SPC_COM_DATA 'ndq809';
2018-08-20 00:30:26 EXEC SPC_COM_MENU '1';
2018-08-20 00:30:26 EXEC SPC_VOCABULARY_LST2 'CAT-12','GRO-14','ndq809';
2018-08-20 00:30:48 EXEC SPC_COM_DATA 'ndq809';
2018-08-20 00:30:48 EXEC SPC_COM_MENU '1';
2018-08-20 00:30:48 EXEC SPC_VOCABULARY_LST1
2018-08-20 00:30:49 EXEC SPC_COM_MENU '1';
2018-08-20 00:30:49 EXEC SPC_COMMON_GROUP 'CAT-12';
2018-08-20 00:30:49 EXEC SPC_COM_DATA 'ndq809';
2018-08-20 00:30:49 EXEC SPC_COM_MENU '1';
2018-08-20 00:30:49 EXEC SPC_VOCABULARY_LST2 'CAT-12','GRO-14','ndq809';
2018-08-20 00:30:52 EXEC SPC_COM_DATA 'ndq809';
2018-08-20 00:30:52 EXEC SPC_COM_MENU '1';
2018-08-20 00:30:52 EXEC SPC_COM_FORGET '1','5','1';
2018-08-20 00:30:55 EXEC SPC_COM_DATA 'ndq809';
2018-08-20 00:30:55 EXEC SPC_COM_MENU '1';
2018-08-20 00:30:55 EXEC SPC_VOCABULARY_LST1
2018-08-20 00:30:56 EXEC SPC_COM_MENU '1';
2018-08-20 00:30:56 EXEC SPC_COMMON_GROUP 'CAT-12';
2018-08-20 00:30:56 EXEC SPC_COM_DATA 'ndq809';
2018-08-20 00:30:56 EXEC SPC_COM_MENU '1';
2018-08-20 00:30:56 EXEC SPC_VOCABULARY_LST2 'CAT-12','GRO-14','ndq809';
2018-08-20 00:31:23 EXEC SPC_COM_DATA 'ndq809';
2018-08-20 00:31:23 EXEC SPC_COM_MENU '1';
2018-08-20 00:31:23 EXEC SPC_COM_REMEMBER '1','2','1','5','1','ndq809','127.0.0.1';
2018-08-20 00:31:27 EXEC SPC_COM_DATA 'ndq809';
2018-08-20 00:31:27 EXEC SPC_COM_MENU '1';
2018-08-20 00:31:27 EXEC SPC_COM_FORGET '4','8','1';
2018-08-20 00:31:33 EXEC SPC_COM_DATA 'ndq809';
2018-08-20 00:31:33 EXEC SPC_COM_MENU '1';
2018-08-20 00:31:33 EXEC SPC_VOCABULARY_LST1
2018-08-20 00:31:34 EXEC SPC_COM_MENU '1';
2018-08-20 00:31:34 EXEC SPC_COMMON_GROUP 'CAT-12';
2018-08-20 00:31:34 EXEC SPC_COM_DATA 'ndq809';
2018-08-20 00:31:34 EXEC SPC_COM_MENU '1';
2018-08-20 00:31:34 EXEC SPC_VOCABULARY_LST2 'CAT-12','GRO-14','ndq809';
2018-08-20 00:36:03 EXEC SPC_COM_DATA 'ndq809';
2018-08-20 00:36:03 EXEC SPC_COM_MENU '1';
2018-08-20 00:36:03 EXEC SPC_VOCABULARY_LST1
2018-08-20 00:36:03 EXEC SPC_COM_MENU '1';
2018-08-20 00:36:03 EXEC SPC_COMMON_GROUP 'CAT-12';
2018-08-20 00:36:03 EXEC SPC_COM_DATA 'ndq809';
2018-08-20 00:36:03 EXEC SPC_COM_MENU '1';
2018-08-20 00:36:03 EXEC SPC_VOCABULARY_LST2 'CAT-12','GRO-14','ndq809';
2018-08-20 00:36:17 EXEC SPC_COM_DATA 'ndq809';
2018-08-20 00:36:17 EXEC SPC_COM_MENU '1';
2018-08-20 00:36:17 EXEC SPC_VOCABULARY_LST2 'CAT-12','GRO-7','ndq809';
2018-08-20 00:36:19 EXEC SPC_COM_DATA 'ndq809';
2018-08-20 00:36:19 EXEC SPC_COM_MENU '1';
2018-08-20 00:36:19 EXEC SPC_COM_ADD_LESSON '1','CAT-12','GRO-7','ndq809','127.0.0.1';
2018-08-20 00:36:28 EXEC SPC_COM_MENU '1';
2018-08-20 00:36:28 EXEC SPC_COMMON_GROUP 'CAT-12';
2018-08-20 00:36:28 EXEC SPC_COM_DATA 'ndq809';
2018-08-20 00:36:28 EXEC SPC_COM_MENU '1';
2018-08-20 00:36:28 EXEC SPC_VOCABULARY_LST2 'CAT-12','GRO-14','ndq809';
2018-08-20 00:36:30 EXEC SPC_COM_MENU '1';
2018-08-20 00:36:30 EXEC SPC_COMMON_GROUP 'CAT-12';
2018-08-20 00:36:30 EXEC SPC_COM_DATA 'ndq809';
2018-08-20 00:36:30 EXEC SPC_COM_MENU '1';
2018-08-20 00:36:30 EXEC SPC_VOCABULARY_LST2 'CAT-12','GRO-7','ndq809';
2018-08-20 00:36:31 EXEC SPC_COM_MENU '1';
2018-08-20 00:36:31 EXEC SPC_COMMON_GROUP 'CAT-12';
2018-08-20 00:36:31 EXEC SPC_COM_DATA 'ndq809';
2018-08-20 00:36:31 EXEC SPC_COM_MENU '1';
2018-08-20 00:36:31 EXEC SPC_VOCABULARY_LST2 'CAT-12','GRO-14','ndq809';
2018-08-20 00:39:01 EXEC SPC_COM_DATA 'ndq809';
2018-08-20 00:39:01 EXEC SPC_COM_MENU '1';
2018-08-20 00:39:01 EXEC SPC_VOCABULARY_LST1
2018-08-20 00:39:02 EXEC SPC_COM_MENU '1';
2018-08-20 00:39:02 EXEC SPC_COMMON_GROUP 'CAT-12';
2018-08-20 00:39:02 EXEC SPC_COM_DATA 'ndq809';
2018-08-20 00:39:02 EXEC SPC_COM_MENU '1';
2018-08-20 00:39:02 EXEC SPC_VOCABULARY_LST2 'CAT-12','GRO-7','ndq809';
2018-08-20 00:39:07 EXEC SPC_COM_MENU '1';
2018-08-20 00:39:08 EXEC SPC_COMMON_GROUP 'CAT-12';
2018-08-20 00:39:08 EXEC SPC_COM_DATA 'ndq809';
2018-08-20 00:39:08 EXEC SPC_COM_MENU '1';
2018-08-20 00:39:08 EXEC SPC_VOCABULARY_LST2 'CAT-12','GRO-14','ndq809';
2018-08-20 00:39:09 EXEC SPC_COM_MENU '1';
2018-08-20 00:39:09 EXEC SPC_COMMON_GROUP 'CAT-12';
2018-08-20 00:39:09 EXEC SPC_COM_DATA 'ndq809';
2018-08-20 00:39:09 EXEC SPC_COM_MENU '1';
2018-08-20 00:39:09 EXEC SPC_VOCABULARY_LST2 'CAT-12','GRO-7','ndq809';
2018-08-20 00:39:10 EXEC SPC_COM_MENU '1';
2018-08-20 00:39:10 EXEC SPC_COMMON_GROUP 'CAT-12';
2018-08-20 00:39:10 EXEC SPC_COM_DATA 'ndq809';
2018-08-20 00:39:10 EXEC SPC_COM_MENU '1';
2018-08-20 00:39:10 EXEC SPC_VOCABULARY_LST2 'CAT-12','GRO-14','ndq809';
2018-08-20 00:39:13 EXEC SPC_COM_MENU '1';
2018-08-20 00:39:13 EXEC SPC_COMMON_GROUP 'CAT-12';
2018-08-20 00:39:13 EXEC SPC_COM_DATA 'ndq809';
2018-08-20 00:39:13 EXEC SPC_COM_MENU '1';
2018-08-20 00:39:13 EXEC SPC_VOCABULARY_LST2 'CAT-12','GRO-7','ndq809';
2018-08-20 00:39:29 EXEC SPC_COM_DATA 'ndq809';
2018-08-20 00:39:29 EXEC SPC_COM_MENU '1';
2018-08-20 00:39:29 EXEC SPC_COM_DELETE_LESSON '28','ndq809','127.0.0.1';
2018-08-20 00:39:35 EXEC SPC_COM_MENU '1';
2018-08-20 00:39:35 EXEC SPC_COMMON_GROUP 'CAT-12';
2018-08-20 00:39:35 EXEC SPC_COM_DATA 'ndq809';
2018-08-20 00:39:35 EXEC SPC_COM_MENU '1';
2018-08-20 00:39:35 EXEC SPC_VOCABULARY_LST2 'CAT-12','GRO-14','ndq809';
2018-08-20 00:40:22 EXEC SPC_COM_DATA 'ndq809';
2018-08-20 00:40:22 EXEC SPC_COM_MENU '1';
2018-08-20 00:40:22 EXEC SPC_VOCABULARY_LST1
2018-08-20 00:40:23 EXEC SPC_COM_MENU '1';
2018-08-20 00:40:23 EXEC SPC_COMMON_GROUP 'CAT-12';
2018-08-20 00:40:23 EXEC SPC_COM_DATA 'ndq809';
2018-08-20 00:40:23 EXEC SPC_COM_MENU '1';
2018-08-20 00:40:23 EXEC SPC_VOCABULARY_LST2 'CAT-12','GRO-14','ndq809';
2018-08-20 00:42:16 EXEC SPC_COM_DATA 'ndq809';
2018-08-20 00:42:16 EXEC SPC_COM_MENU '1';
2018-08-20 00:42:16 EXEC SPC_VOCABULARY_LST2 'CAT-12','GRO-7','ndq809';
2018-08-20 00:42:17 EXEC SPC_COM_DATA 'ndq809';
2018-08-20 00:42:17 EXEC SPC_COM_MENU '1';
2018-08-20 00:42:17 EXEC SPC_VOCABULARY_LST2 'CAT-12','GRO-14','ndq809';
2018-08-20 00:44:00 EXEC SPC_COM_DATA 'ndq809';
2018-08-20 00:44:00 EXEC SPC_COM_MENU '1';
2018-08-20 00:44:00 EXEC SPC_VOCABULARY_LST1
2018-08-20 00:44:01 EXEC SPC_COM_MENU '1';
2018-08-20 00:44:01 EXEC SPC_COMMON_GROUP 'CAT-12';
2018-08-20 00:44:01 EXEC SPC_COM_DATA 'ndq809';
2018-08-20 00:44:01 EXEC SPC_COM_MENU '1';
2018-08-20 00:44:01 EXEC SPC_VOCABULARY_LST2 'CAT-12','GRO-14','ndq809';
2018-08-20 00:45:36 EXEC SPC_COM_DATA 'ndq809';
2018-08-20 00:45:36 EXEC SPC_COM_MENU '1';
2018-08-20 00:45:36 EXEC SPC_VOCABULARY_LST1
2018-08-20 00:45:37 EXEC SPC_COM_MENU '1';
2018-08-20 00:45:37 EXEC SPC_COMMON_GROUP 'CAT-12';
2018-08-20 00:45:37 EXEC SPC_COM_DATA 'ndq809';
2018-08-20 00:45:37 EXEC SPC_COM_MENU '1';
2018-08-20 00:45:37 EXEC SPC_VOCABULARY_LST2 'CAT-12','GRO-14','ndq809';
2018-08-20 00:45:46 EXEC SPC_COM_DATA 'ndq809';
2018-08-20 00:45:46 EXEC SPC_COM_MENU '1';
2018-08-20 00:45:46 EXEC SPC_VOCABULARY_LST2 'CAT-12','GRO-5','ndq809';
2018-08-20 00:45:49 EXEC SPC_COM_DATA 'ndq809';
2018-08-20 00:45:49 EXEC SPC_COM_MENU '1';
2018-08-20 00:45:49 EXEC SPC_VOCABULARY_LST2 'CAT-12','GRO-14','ndq809';
2018-08-20 00:46:30 EXEC SPC_COM_DATA 'ndq809';
2018-08-20 00:46:30 EXEC SPC_COM_MENU '1';
2018-08-20 00:46:30 EXEC SPC_VOCABULARY_LST2 'CAT-12','GRO-5','ndq809';
2018-08-20 00:46:31 EXEC SPC_COM_DATA 'ndq809';
2018-08-20 00:46:31 EXEC SPC_COM_MENU '1';
2018-08-20 00:46:31 EXEC SPC_COM_ADD_LESSON '1','CAT-12','GRO-5','ndq809','127.0.0.1';
2018-08-20 00:46:37 EXEC SPC_COM_DATA 'ndq809';
2018-08-20 00:46:37 EXEC SPC_COM_MENU '1';
2018-08-20 00:46:37 EXEC SPC_VOCABULARY_LST2 'CAT-12','GRO-14','ndq809';
2018-08-20 00:53:08 EXEC SPC_COM_DATA 'ndq809';
2018-08-20 00:53:08 EXEC SPC_COM_MENU '1';
2018-08-20 00:53:08 EXEC SPC_VOCABULARY_LST1
2018-08-20 00:53:09 EXEC SPC_COM_MENU '1';
2018-08-20 00:53:09 EXEC SPC_COMMON_GROUP 'CAT-12';
2018-08-20 00:53:09 EXEC SPC_COM_DATA 'ndq809';
2018-08-20 00:53:09 EXEC SPC_COM_MENU '1';
2018-08-20 00:53:09 EXEC SPC_VOCABULARY_LST2 'CAT-12','GRO-5','ndq809';
2018-08-20 00:54:09 EXEC SPC_COM_DATA 'ndq809';
2018-08-20 00:54:09 EXEC SPC_COM_MENU '1';
2018-08-20 00:54:09 EXEC SPC_VOCABULARY_LST1
2018-08-20 00:54:09 EXEC SPC_COM_MENU '1';
2018-08-20 00:54:09 EXEC SPC_COMMON_GROUP 'CAT-12';
2018-08-20 00:54:09 EXEC SPC_COM_DATA 'ndq809';
2018-08-20 00:54:09 EXEC SPC_COM_MENU '1';
2018-08-20 00:54:09 EXEC SPC_VOCABULARY_LST2 'CAT-12','GRO-5','ndq809';
2018-08-20 00:54:23 EXEC SPC_COM_DATA 'ndq809';
2018-08-20 00:54:23 EXEC SPC_COM_MENU '1';
2018-08-20 00:54:23 EXEC SPC_VOCABULARY_LST1
2018-08-20 00:54:24 EXEC SPC_COM_MENU '1';
2018-08-20 00:54:24 EXEC SPC_COMMON_GROUP 'CAT-12';
2018-08-20 00:54:24 EXEC SPC_COM_DATA 'ndq809';
2018-08-20 00:54:24 EXEC SPC_COM_MENU '1';
2018-08-20 00:54:24 EXEC SPC_VOCABULARY_LST2 'CAT-12','GRO-5','ndq809';
2018-08-20 00:55:15 EXEC SPC_COM_DATA 'ndq809';
2018-08-20 00:55:15 EXEC SPC_COM_MENU '1';
2018-08-20 00:55:15 EXEC SPC_VOCABULARY_LST1
2018-08-20 00:55:15 EXEC SPC_COM_MENU '1';
2018-08-20 00:55:15 EXEC SPC_COMMON_GROUP 'CAT-12';
2018-08-20 00:55:15 EXEC SPC_COM_DATA 'ndq809';
2018-08-20 00:55:15 EXEC SPC_COM_MENU '1';
2018-08-20 00:55:15 EXEC SPC_VOCABULARY_LST2 'CAT-12','GRO-5','ndq809';
2018-08-20 00:55:36 EXEC SPC_COM_DATA 'ndq809';
2018-08-20 00:55:36 EXEC SPC_COM_MENU '1';
2018-08-20 00:55:36 EXEC SPC_VOCABULARY_LST1
2018-08-20 00:55:37 EXEC SPC_COM_MENU '1';
2018-08-20 00:55:37 EXEC SPC_COMMON_GROUP 'CAT-12';
2018-08-20 00:55:37 EXEC SPC_COM_DATA 'ndq809';
2018-08-20 00:55:37 EXEC SPC_COM_MENU '1';
2018-08-20 00:55:37 EXEC SPC_VOCABULARY_LST2 'CAT-12','GRO-5','ndq809';
2018-08-20 00:55:43 EXEC SPC_COM_DATA 'ndq809';
2018-08-20 00:55:43 EXEC SPC_COM_MENU '1';
2018-08-20 00:55:43 EXEC SPC_VOCABULARY_LST2 'CAT-12','GRO-14','ndq809';
2018-08-20 00:55:49 EXEC SPC_COM_DATA 'ndq809';
2018-08-20 00:55:49 EXEC SPC_COM_MENU '1';
2018-08-20 00:55:49 EXEC SPC_VOCABULARY_LST2 'CAT-12','GRO-7','ndq809';
2018-08-20 00:55:51 EXEC SPC_COM_DATA 'ndq809';
2018-08-20 00:55:51 EXEC SPC_COM_MENU '1';
2018-08-20 00:55:51 EXEC SPC_VOCABULARY_LST2 'CAT-12','GRO-14','ndq809';
2018-08-20 00:56:25 EXEC SPC_COM_DATA 'ndq809';
2018-08-20 00:56:25 EXEC SPC_COM_MENU '1';
2018-08-20 00:56:25 EXEC SPC_VOCABULARY_LST2 'CAT-12','GRO-5','ndq809';
2018-08-20 00:56:28 EXEC SPC_COM_DATA 'ndq809';
2018-08-20 00:56:28 EXEC SPC_COM_MENU '1';
2018-08-20 00:56:28 EXEC SPC_VOCABULARY_LST2 'CAT-12','GRO-7','ndq809';
2018-08-20 00:56:29 EXEC SPC_COM_DATA 'ndq809';
2018-08-20 00:56:29 EXEC SPC_COM_MENU '1';
2018-08-20 00:56:29 EXEC SPC_VOCABULARY_LST2 'CAT-12','GRO-14','ndq809';
2018-08-20 00:56:34 EXEC SPC_COM_DATA 'ndq809';
2018-08-20 00:56:34 EXEC SPC_COM_MENU '1';
2018-08-20 00:56:34 EXEC SPC_COM_DELETE_LESSON '29','ndq809','127.0.0.1';
2018-08-20 00:56:59 EXEC SPC_COM_DATA 'ndq809';
2018-08-20 00:56:59 EXEC SPC_COM_MENU '1';
2018-08-20 00:56:59 EXEC SPC_VOCABULARY_LST2 'CAT-12','GRO-5','ndq809';
2018-08-20 00:57:01 EXEC SPC_COM_DATA 'ndq809';
2018-08-20 00:57:01 EXEC SPC_COM_MENU '1';
2018-08-20 00:57:01 EXEC SPC_COM_ADD_LESSON '1','CAT-12','GRO-5','ndq809','127.0.0.1';
2018-08-20 00:57:06 EXEC SPC_COM_MENU '1';
2018-08-20 00:57:06 EXEC SPC_COMMON_GROUP 'CAT-12';
2018-08-20 00:57:06 EXEC SPC_COM_DATA 'ndq809';
2018-08-20 00:57:06 EXEC SPC_COM_MENU '1';
2018-08-20 00:57:06 EXEC SPC_VOCABULARY_LST2 'CAT-12','GRO-14','ndq809';
2018-08-20 00:57:07 EXEC SPC_COM_MENU '1';
2018-08-20 00:57:07 EXEC SPC_COMMON_GROUP 'CAT-12';
2018-08-20 00:57:07 EXEC SPC_COM_DATA 'ndq809';
2018-08-20 00:57:07 EXEC SPC_COM_MENU '1';
2018-08-20 00:57:07 EXEC SPC_VOCABULARY_LST2 'CAT-12','GRO-5','ndq809';
2018-08-20 00:57:10 EXEC SPC_COM_DATA 'ndq809';
2018-08-20 00:57:10 EXEC SPC_COM_MENU '1';
2018-08-20 00:57:10 EXEC SPC_COM_DELETE_LESSON '30','ndq809','127.0.0.1';
2018-08-20 00:59:17 EXEC SPC_COM_MENU '1';
2018-08-20 00:59:17 EXEC SPC_COMMON_GROUP 'CAT-12';
2018-08-20 00:59:17 EXEC SPC_COM_DATA 'ndq809';
2018-08-20 00:59:17 EXEC SPC_COM_MENU '1';
2018-08-20 00:59:17 EXEC SPC_VOCABULARY_LST2 'CAT-12','GRO-14','ndq809';
2018-08-20 01:00:03 EXEC SPC_COM_DATA 'ndq809';
2018-08-20 01:00:03 EXEC SPC_COM_MENU '1';
2018-08-20 01:00:03 EXEC SPC_VOCABULARY_LST1
2018-08-20 01:00:04 EXEC SPC_COM_MENU '1';
2018-08-20 01:00:04 EXEC SPC_COMMON_GROUP 'CAT-12';
2018-08-20 01:00:04 EXEC SPC_COM_DATA 'ndq809';
2018-08-20 01:00:04 EXEC SPC_COM_MENU '1';
2018-08-20 01:00:04 EXEC SPC_VOCABULARY_LST2 'CAT-12','GRO-14','ndq809';
2018-08-20 01:00:06 EXEC SPC_COM_DATA 'ndq809';
2018-08-20 01:00:06 EXEC SPC_COM_MENU '1';
2018-08-20 01:00:06 EXEC SPC_VOCABULARY_LST2 'CAT-12','GRO-5','ndq809';
2018-08-20 01:00:07 EXEC SPC_COM_DATA 'ndq809';
2018-08-20 01:00:07 EXEC SPC_COM_MENU '1';
2018-08-20 01:00:07 EXEC SPC_COM_ADD_LESSON '1','CAT-12','GRO-5','ndq809','127.0.0.1';
2018-08-20 01:00:25 EXEC SPC_COM_DATA 'ndq809';
2018-08-20 01:00:25 EXEC SPC_COM_MENU '1';
2018-08-20 01:00:25 EXEC SPC_COM_DELETE_LESSON '31','ndq809','127.0.0.1';
2018-08-20 01:00:57 EXEC SPC_COM_DATA 'ndq809';
2018-08-20 01:00:57 EXEC SPC_COM_MENU '1';
2018-08-20 01:00:57 EXEC SPC_VOCABULARY_LST1
2018-08-20 01:00:58 EXEC SPC_COM_MENU '1';
2018-08-20 01:00:58 EXEC SPC_COMMON_GROUP 'CAT-12';
2018-08-20 01:00:58 EXEC SPC_COM_DATA 'ndq809';
2018-08-20 01:00:58 EXEC SPC_COM_MENU '1';
2018-08-20 01:00:58 EXEC SPC_VOCABULARY_LST2 'CAT-12','GRO-14','ndq809';
2018-08-20 01:01:00 EXEC SPC_COM_DATA 'ndq809';
2018-08-20 01:01:00 EXEC SPC_COM_MENU '1';
2018-08-20 01:01:00 EXEC SPC_VOCABULARY_LST2 'CAT-12','GRO-5','ndq809';
2018-08-20 01:01:01 EXEC SPC_COM_DATA 'ndq809';
2018-08-20 01:01:01 EXEC SPC_COM_MENU '1';
2018-08-20 01:01:01 EXEC SPC_COM_ADD_LESSON '1','CAT-12','GRO-5','ndq809','127.0.0.1';
2018-08-20 01:01:04 EXEC SPC_COM_DATA 'ndq809';
2018-08-20 01:01:04 EXEC SPC_COM_MENU '1';
2018-08-20 01:01:04 EXEC SPC_COM_DELETE_LESSON '32','ndq809','127.0.0.1';
2018-08-20 01:02:13 EXEC SPC_COM_DATA 'ndq809';
2018-08-20 01:02:13 EXEC SPC_COM_MENU '1';
2018-08-20 01:02:13 EXEC SPC_VOCABULARY_LST1
2018-08-20 01:02:14 EXEC SPC_COM_MENU '1';
2018-08-20 01:02:14 EXEC SPC_COMMON_GROUP 'CAT-12';
2018-08-20 01:02:14 EXEC SPC_COM_DATA 'ndq809';
2018-08-20 01:02:14 EXEC SPC_COM_MENU '1';
2018-08-20 01:02:14 EXEC SPC_VOCABULARY_LST2 'CAT-12','GRO-14','ndq809';
2018-08-20 01:02:15 EXEC SPC_COM_DATA 'ndq809';
2018-08-20 01:02:15 EXEC SPC_COM_MENU '1';
2018-08-20 01:02:15 EXEC SPC_VOCABULARY_LST2 'CAT-12','GRO-5','ndq809';
2018-08-20 01:02:16 EXEC SPC_COM_DATA 'ndq809';
2018-08-20 01:02:16 EXEC SPC_COM_MENU '1';
2018-08-20 01:02:16 EXEC SPC_COM_ADD_LESSON '1','CAT-12','GRO-5','ndq809','127.0.0.1';
2018-08-20 01:02:20 EXEC SPC_COM_DATA 'ndq809';
2018-08-20 01:02:20 EXEC SPC_COM_MENU '1';
2018-08-20 01:02:20 EXEC SPC_COM_DELETE_LESSON '33','ndq809','127.0.0.1';
2018-08-20 01:03:03 EXEC SPC_COM_DATA 'ndq809';
2018-08-20 01:03:03 EXEC SPC_COM_MENU '1';
2018-08-20 01:03:03 EXEC SPC_VOCABULARY_LST1
2018-08-20 01:03:04 EXEC SPC_COM_MENU '1';
2018-08-20 01:03:04 EXEC SPC_COMMON_GROUP 'CAT-12';
2018-08-20 01:03:04 EXEC SPC_COM_DATA 'ndq809';
2018-08-20 01:03:04 EXEC SPC_COM_MENU '1';
2018-08-20 01:03:04 EXEC SPC_VOCABULARY_LST2 'CAT-12','GRO-14','ndq809';
2018-08-20 01:03:07 EXEC SPC_COM_DATA 'ndq809';
2018-08-20 01:03:07 EXEC SPC_COM_MENU '1';
2018-08-20 01:03:07 EXEC SPC_VOCABULARY_LST2 'CAT-12','GRO-5','ndq809';
2018-08-20 01:03:08 EXEC SPC_COM_DATA 'ndq809';
2018-08-20 01:03:08 EXEC SPC_COM_MENU '1';
2018-08-20 01:03:08 EXEC SPC_COM_ADD_LESSON '1','CAT-12','GRO-5','ndq809','127.0.0.1';
2018-08-20 01:03:11 EXEC SPC_COM_DATA 'ndq809';
2018-08-20 01:03:11 EXEC SPC_COM_MENU '1';
2018-08-20 01:03:11 EXEC SPC_COM_DELETE_LESSON '34','ndq809','127.0.0.1';
2018-08-20 01:03:11 EXEC SPC_COM_MENU '1';
2018-08-20 01:03:11 EXEC SPC_COMMON_GROUP 'CAT-12';
2018-08-20 01:03:11 EXEC SPC_COM_DATA 'ndq809';
2018-08-20 01:03:11 EXEC SPC_COM_MENU '1';
2018-08-20 01:03:11 EXEC SPC_VOCABULARY_LST2 'CAT-12','GRO-14','ndq809';
2018-08-20 01:13:30 EXEC SPC_COM_DATA 'ndq809';
2018-08-20 01:13:30 EXEC SPC_COM_MENU '1';
2018-08-20 01:13:30 EXEC SPC_VOCABULARY_LST2 'CAT-12','GRO-5','ndq809';
2018-08-20 01:13:33 EXEC SPC_COM_DATA 'ndq809';
2018-08-20 01:13:33 EXEC SPC_COM_MENU '1';
2018-08-20 01:13:33 EXEC SPC_VOCABULARY_LST2 'CAT-12','GRO-14','ndq809';
2018-08-20 01:16:12 EXEC SPC_COM_PERMISSION '1','g001';
2018-08-20 01:16:12 EXEC SPC_COM_MENU '1';
2018-08-20 01:16:16 EXEC SPC_COM_PERMISSION '1','g005';
2018-08-20 01:16:16 EXEC SPC_COM_MENU '1';
2018-08-20 01:16:16 EXEC SPC_COM_M999_INQ1 '7';
2018-08-20 01:17:04 EXEC SPC_COM_DATA 'ndq809';
2018-08-20 01:17:04 EXEC SPC_COM_MENU '1';
2018-08-20 01:17:04 EXEC SPC_VOCABULARY_LST1
2018-08-20 01:17:05 EXEC SPC_COM_MENU '1';
2018-08-20 01:17:05 EXEC SPC_COMMON_GROUP 'CAT-12';
2018-08-20 01:17:05 EXEC SPC_COM_DATA 'ndq809';
2018-08-20 01:17:05 EXEC SPC_COM_MENU '1';
2018-08-20 01:17:05 EXEC SPC_VOCABULARY_LST2 'CAT-12','GRO-14','ndq809';
2018-08-20 01:17:34 EXEC SPC_COM_DATA 'ndq809';
2018-08-20 01:17:34 EXEC SPC_COM_MENU '1';
2018-08-20 01:17:34 EXEC SPC_VOCABULARY_LST1
2018-08-20 01:17:34 EXEC SPC_COM_MENU '1';
2018-08-20 01:17:34 EXEC SPC_COMMON_GROUP 'CAT-12';
2018-08-20 01:17:34 EXEC SPC_COM_DATA 'ndq809';
2018-08-20 01:17:34 EXEC SPC_COM_MENU '1';
2018-08-20 01:17:34 EXEC SPC_VOCABULARY_LST2 'CAT-12','GRO-14','ndq809';
2018-08-20 01:23:28 EXEC SPC_COM_DATA 'ndq809';
2018-08-20 01:23:28 EXEC SPC_COM_MENU '1';
2018-08-20 01:23:29 EXEC SPC_VOCABULARY_LST1
2018-08-20 01:23:29 EXEC SPC_COM_MENU '1';
2018-08-20 01:23:29 EXEC SPC_COMMON_GROUP 'CAT-12';
2018-08-20 01:23:29 EXEC SPC_COM_DATA 'ndq809';
2018-08-20 01:23:29 EXEC SPC_COM_MENU '1';
2018-08-20 01:23:29 EXEC SPC_VOCABULARY_LST2 'CAT-12','GRO-14','ndq809';
2018-08-20 01:24:20 EXEC SPC_COM_DATA 'ndq809';
2018-08-20 01:24:20 EXEC SPC_COM_MENU '1';
2018-08-20 01:24:20 EXEC SPC_VOCABULARY_LST1
2018-08-20 01:24:20 EXEC SPC_COM_MENU '1';
2018-08-20 01:24:20 EXEC SPC_COMMON_GROUP 'CAT-12';
2018-08-20 01:24:20 EXEC SPC_COM_DATA 'ndq809';
2018-08-20 01:24:20 EXEC SPC_COM_MENU '1';
2018-08-20 01:24:20 EXEC SPC_VOCABULARY_LST2 'CAT-12','GRO-14','ndq809';
2018-08-20 01:26:21 EXEC SPC_COM_DATA 'ndq809';
2018-08-20 01:26:21 EXEC SPC_COM_MENU '1';
2018-08-20 01:26:21 EXEC SPC_VOCABULARY_LST1
2018-08-20 01:26:21 EXEC SPC_COM_MENU '1';
2018-08-20 01:26:21 EXEC SPC_COMMON_GROUP 'CAT-12';
2018-08-20 01:26:21 EXEC SPC_COM_DATA 'ndq809';
2018-08-20 01:26:21 EXEC SPC_COM_MENU '1';
2018-08-20 01:26:21 EXEC SPC_VOCABULARY_LST2 'CAT-12','GRO-14','ndq809';
2018-08-20 01:28:31 EXEC SPC_COM_DATA 'ndq809';
2018-08-20 01:28:31 EXEC SPC_COM_MENU '1';
2018-08-20 01:28:31 EXEC SPC_VOCABULARY_LST1
2018-08-20 01:28:31 EXEC SPC_COM_MENU '1';
2018-08-20 01:28:31 EXEC SPC_COMMON_GROUP 'CAT-12';
2018-08-20 01:28:31 EXEC SPC_COM_DATA 'ndq809';
2018-08-20 01:28:31 EXEC SPC_COM_MENU '1';
2018-08-20 01:28:31 EXEC SPC_VOCABULARY_LST2 'CAT-12','GRO-14','ndq809';
2018-08-20 01:29:08 EXEC SPC_COM_DATA 'ndq809';
2018-08-20 01:29:08 EXEC SPC_COM_MENU '1';
2018-08-20 01:29:08 EXEC SPC_VOCABULARY_LST1
2018-08-20 01:29:09 EXEC SPC_COM_MENU '1';
2018-08-20 01:29:09 EXEC SPC_COMMON_GROUP 'CAT-12';
2018-08-20 01:29:09 EXEC SPC_COM_DATA 'ndq809';
2018-08-20 01:29:09 EXEC SPC_COM_MENU '1';
2018-08-20 01:29:09 EXEC SPC_VOCABULARY_LST2 'CAT-12','GRO-14','ndq809';
2018-08-20 01:29:45 EXEC SPC_COM_DATA 'ndq809';
2018-08-20 01:29:45 EXEC SPC_COM_MENU '1';
2018-08-20 01:29:45 EXEC SPC_VOCABULARY_LST1
2018-08-20 01:29:46 EXEC SPC_COM_MENU '1';
2018-08-20 01:29:46 EXEC SPC_COMMON_GROUP 'CAT-12';
2018-08-20 01:29:46 EXEC SPC_COM_DATA 'ndq809';
2018-08-20 01:29:46 EXEC SPC_COM_MENU '1';
2018-08-20 01:29:46 EXEC SPC_VOCABULARY_LST2 'CAT-12','GRO-14','ndq809';
2018-08-20 01:29:55 EXEC SPC_COM_DATA 'ndq809';
2018-08-20 01:29:55 EXEC SPC_COM_MENU '1';
2018-08-20 01:29:55 EXEC SPC_VOCABULARY_LST1
2018-08-20 01:29:56 EXEC SPC_COM_MENU '1';
2018-08-20 01:29:56 EXEC SPC_COMMON_GROUP 'CAT-12';
2018-08-20 01:29:56 EXEC SPC_COM_DATA 'ndq809';
2018-08-20 01:29:56 EXEC SPC_COM_MENU '1';
2018-08-20 01:29:56 EXEC SPC_VOCABULARY_LST2 'CAT-12','GRO-14','ndq809';
2018-08-20 01:47:21 EXEC SPC_COM_DATA 'ndq809';
2018-08-20 01:47:21 EXEC SPC_COM_MENU '1';
2018-08-20 01:47:21 EXEC SPC_VOCABULARY_LST1
2018-08-20 01:47:22 EXEC SPC_COM_MENU '1';
2018-08-20 01:47:22 EXEC SPC_COMMON_GROUP 'CAT-12';
2018-08-20 01:47:22 EXEC SPC_COM_DATA 'ndq809';
2018-08-20 01:47:22 EXEC SPC_COM_MENU '1';
2018-08-20 01:47:22 EXEC SPC_VOCABULARY_LST2 'CAT-12','GRO-14','ndq809';
2018-08-20 01:47:33 EXEC SPC_COM_DATA 'ndq809';
2018-08-20 01:47:33 EXEC SPC_COM_MENU '1';
2018-08-20 01:47:33 EXEC SPC_VOCABULARY_LST1
2018-08-20 01:47:34 EXEC SPC_COM_MENU '1';
2018-08-20 01:47:34 EXEC SPC_COMMON_GROUP 'CAT-12';
2018-08-20 01:47:34 EXEC SPC_COM_DATA 'ndq809';
2018-08-20 01:47:34 EXEC SPC_COM_MENU '1';
2018-08-20 01:47:34 EXEC SPC_VOCABULARY_LST2 'CAT-12','GRO-14','ndq809';
2018-08-20 01:47:49 EXEC SPC_COM_DATA 'ndq809';
2018-08-20 01:47:49 EXEC SPC_COM_MENU '1';
2018-08-20 01:47:49 EXEC SPC_VOCABULARY_LST1
2018-08-20 01:47:49 EXEC SPC_COM_MENU '1';
2018-08-20 01:47:49 EXEC SPC_COMMON_GROUP 'CAT-12';
2018-08-20 01:47:49 EXEC SPC_COM_DATA 'ndq809';
2018-08-20 01:47:49 EXEC SPC_COM_MENU '1';
2018-08-20 01:47:49 EXEC SPC_VOCABULARY_LST2 'CAT-12','GRO-14','ndq809';
2018-08-20 01:48:22 EXEC SPC_COM_DATA 'ndq809';
2018-08-20 01:48:22 EXEC SPC_COM_MENU '1';
2018-08-20 01:48:22 EXEC SPC_VOCABULARY_LST1
2018-08-20 01:48:22 EXEC SPC_COM_MENU '1';
2018-08-20 01:48:22 EXEC SPC_COMMON_GROUP 'CAT-12';
2018-08-20 01:48:22 EXEC SPC_COM_DATA 'ndq809';
2018-08-20 01:48:22 EXEC SPC_COM_MENU '1';
2018-08-20 01:48:22 EXEC SPC_VOCABULARY_LST2 'CAT-12','GRO-14','ndq809';
2018-08-20 01:52:16 EXEC SPC_COM_DATA 'ndq809';
2018-08-20 01:52:16 EXEC SPC_COM_MENU '1';
2018-08-20 01:52:16 EXEC SPC_VOCABULARY_LST1
2018-08-20 01:52:17 EXEC SPC_COM_MENU '1';
2018-08-20 01:52:17 EXEC SPC_COMMON_GROUP 'CAT-12';
2018-08-20 01:52:17 EXEC SPC_COM_DATA 'ndq809';
2018-08-20 01:52:17 EXEC SPC_COM_MENU '1';
2018-08-20 01:52:17 EXEC SPC_VOCABULARY_LST2 'CAT-12','GRO-14','ndq809';
2018-08-20 02:07:10 EXEC SPC_COM_DATA 'ndq809';
2018-08-20 02:07:10 EXEC SPC_COM_MENU '1';
2018-08-20 02:07:10 EXEC SPC_COMMON_CATALORUE '1';
2018-08-20 02:07:11 EXEC SPC_COM_MENU '1';
2018-08-20 02:07:11 EXEC SPC_COMMON_GROUP 'CAT-12';
2018-08-20 02:07:11 EXEC SPC_COM_DATA 'ndq809';
2018-08-20 02:07:11 EXEC SPC_COM_MENU '1';
2018-08-20 02:07:11 EXEC SPC_VOCABULARY_LST2 'CAT-12','GRO-14','ndq809';
2018-08-20 02:40:35 EXEC SPC_COM_DATA 'ndq809';
2018-08-20 02:40:35 EXEC SPC_COM_MENU '1';
2018-08-20 02:40:35 EXEC SPC_COMMON_CATALORUE '1';
2018-08-20 02:40:36 EXEC SPC_COM_MENU '1';
2018-08-20 02:40:36 EXEC SPC_COMMON_GROUP 'CAT-12';
2018-08-20 02:40:38 EXEC SPC_COM_DATA 'ndq809';
2018-08-20 02:40:38 EXEC SPC_COM_MENU '1';
2018-08-20 02:40:38 EXEC SPC_VOCABULARY_LST2 'CAT-12','GRO-14','ndq809';
2018-08-20 02:40:45 EXEC SPC_COM_DATA 'ndq809';
2018-08-20 02:40:45 EXEC SPC_COM_MENU '1';
2018-08-20 02:40:45 EXEC SPC_COM_EXAM_LIST '5','9','1','0','1';
2018-08-20 02:40:45 SQLSTATE[42000]: [Microsoft][ODBC Driver 13 for SQL Server][SQL Server]プロシージャまたは関数 SPC_COM_EXAM_LIST に指定された引数が多すぎます。
2018-08-20 04:03:01 EXEC SPC_COM_DATA 'ndq809';
2018-08-20 04:03:01 EXEC SPC_COM_MENU '1';
2018-08-20 04:03:01 EXEC SPC_COMMON_CATALORUE '1';
2018-08-20 04:03:02 EXEC SPC_COM_MENU '1';
2018-08-20 04:03:02 EXEC SPC_COMMON_GROUP 'CAT-12';
2018-08-20 04:03:02 EXEC SPC_COM_DATA 'ndq809';
2018-08-20 04:03:02 EXEC SPC_COM_MENU '1';
2018-08-20 04:03:02 EXEC SPC_VOCABULARY_LST2 'CAT-12','GRO-14','ndq809';
2018-08-20 04:03:06 EXEC SPC_COM_DATA 'ndq809';
2018-08-20 04:03:06 EXEC SPC_COM_MENU '1';
2018-08-20 04:03:06 EXEC SPC_COM_EXAM_LIST '5','9','1','0','1';
2018-08-20 04:03:07 EXEC SPC_COM_DATA 'ndq809';
2018-08-20 04:03:07 EXEC SPC_COM_MENU '1';
2018-08-20 04:03:07 EXEC SPC_COM_EXAM_LIST '5','9','1','0','1';
2018-08-20 04:03:08 EXEC SPC_COM_DATA 'ndq809';
2018-08-20 04:03:08 EXEC SPC_COM_MENU '1';
2018-08-20 04:03:08 EXEC SPC_COM_EXAM_LIST '5','9','1','0','1';
2018-08-20 04:03:08 EXEC SPC_COM_DATA 'ndq809';
2018-08-20 04:03:08 EXEC SPC_COM_MENU '1';
2018-08-20 04:03:08 EXEC SPC_COM_EXAM_LIST '5','9','1','0','1';
2018-08-20 04:03:08 EXEC SPC_COM_DATA 'ndq809';
2018-08-20 04:03:08 EXEC SPC_COM_MENU '1';
2018-08-20 04:03:08 EXEC SPC_COM_EXAM_LIST '5','9','1','0','1';
2018-08-20 04:03:11 EXEC SPC_COM_DATA 'ndq809';
2018-08-20 04:03:11 EXEC SPC_COM_MENU '1';
2018-08-20 04:03:11 EXEC SPC_COM_EXAM_LIST '5','9','1','1','1';
2018-08-20 04:03:12 EXEC SPC_COM_DATA 'ndq809';
2018-08-20 04:03:12 EXEC SPC_COM_MENU '1';
2018-08-20 04:03:12 EXEC SPC_COM_EXAM_LIST '5','9','1','1','1';
2018-08-20 04:04:23 EXEC SPC_COM_DATA 'ndq809';
2018-08-20 04:04:23 EXEC SPC_COM_MENU '1';
2018-08-20 04:04:23 EXEC SPC_COM_EXAM_LIST '5','9','1','1','1';
2018-08-20 04:04:24 EXEC SPC_COM_DATA 'ndq809';
2018-08-20 04:04:24 EXEC SPC_COM_MENU '1';
2018-08-20 04:04:24 EXEC SPC_COM_EXAM_LIST '5','9','1','1','1';
2018-08-20 04:04:24 EXEC SPC_COM_DATA 'ndq809';
2018-08-20 04:04:24 EXEC SPC_COM_MENU '1';
2018-08-20 04:04:24 EXEC SPC_COM_EXAM_LIST '5','9','1','1','1';
2018-08-20 04:04:30 EXEC SPC_COM_DATA 'ndq809';
2018-08-20 04:04:30 EXEC SPC_COM_MENU '1';
2018-08-20 04:04:30 EXEC SPC_COM_EXAM_LIST '5','9','1','1','1';
2018-08-20 04:04:33 EXEC SPC_COM_DATA 'ndq809';
2018-08-20 04:04:33 EXEC SPC_COM_MENU '1';
2018-08-20 04:04:33 EXEC SPC_COM_EXAM_LIST '5','9','1','1','1';
2018-08-20 04:04:34 EXEC SPC_COM_DATA 'ndq809';
2018-08-20 04:04:34 EXEC SPC_COM_MENU '1';
2018-08-20 04:04:34 EXEC SPC_COM_EXAM_LIST '5','9','1','1','1';
2018-08-20 04:04:34 EXEC SPC_COM_DATA 'ndq809';
2018-08-20 04:04:34 EXEC SPC_COM_MENU '1';
2018-08-20 04:04:34 EXEC SPC_COM_EXAM_LIST '5','9','1','1','1';
2018-08-20 04:08:27 EXEC SPC_COM_DATA 'ndq809';
2018-08-20 04:08:27 EXEC SPC_COM_MENU '1';
2018-08-20 04:08:49 EXEC SPC_COM_DATA 'ndq809';
2018-08-20 04:08:49 EXEC SPC_COM_MENU '1';
2018-08-20 04:08:57 EXEC SPC_COM_DATA 'ndq809';
2018-08-20 04:08:57 EXEC SPC_COM_MENU '1';
2018-08-20 04:08:59 EXEC SPC_COM_DATA 'ndq809';
2018-08-20 04:08:59 EXEC SPC_COM_MENU '1';
2018-08-20 04:09:04 EXEC SPC_COM_DATA 'ndq809';
2018-08-20 04:09:04 EXEC SPC_COM_MENU '1';
2018-08-20 04:09:04 EXEC SPC_COMMON_CATALORUE '1';
2018-08-20 04:09:05 EXEC SPC_COM_MENU '1';
2018-08-20 04:09:05 EXEC SPC_COMMON_GROUP 'CAT-12';
2018-08-20 04:09:05 EXEC SPC_COM_DATA 'ndq809';
2018-08-20 04:09:05 EXEC SPC_COM_MENU '1';
2018-08-20 04:09:05 EXEC SPC_VOCABULARY_LST2 'CAT-12','GRO-14','ndq809';
2018-08-20 04:12:43 EXEC SPC_COM_DATA 'ndq809';
2018-08-20 04:12:43 EXEC SPC_COM_MENU '1';
2018-08-20 04:12:43 EXEC SPC_COMMON_CATALORUE '1';
2018-08-20 04:12:44 EXEC SPC_COM_MENU '1';
2018-08-20 04:12:44 EXEC SPC_COMMON_GROUP 'CAT-12';
2018-08-20 04:12:44 EXEC SPC_COM_DATA 'ndq809';
2018-08-20 04:12:44 EXEC SPC_COM_MENU '1';
2018-08-20 04:12:44 EXEC SPC_VOCABULARY_LST2 'CAT-12','GRO-14','ndq809';
2018-08-20 04:14:04 EXEC SPC_COM_DATA 'ndq809';
2018-08-20 04:14:04 EXEC SPC_COM_MENU '1';
2018-08-20 04:14:04 EXEC SPC_COM_EXAM_LIST '5','9','1','0','1';
2018-08-20 04:14:05 EXEC SPC_COM_DATA 'ndq809';
2018-08-20 04:14:05 EXEC SPC_COM_MENU '1';
2018-08-20 04:14:05 EXEC SPC_COM_EXAM_LIST '5','9','1','0','1';
2018-08-20 04:14:05 EXEC SPC_COM_DATA 'ndq809';
2018-08-20 04:14:05 EXEC SPC_COM_MENU '1';
2018-08-20 04:14:05 EXEC SPC_COM_EXAM_LIST '5','9','1','0','1';
2018-08-20 04:15:52 EXEC SPC_COM_DATA 'ndq809';
2018-08-20 04:15:52 EXEC SPC_COM_MENU '1';
2018-08-20 04:15:52 EXEC SPC_COMMON_CATALORUE '1';
2018-08-20 04:15:53 EXEC SPC_COM_MENU '1';
2018-08-20 04:15:53 EXEC SPC_COMMON_GROUP 'CAT-12';
2018-08-20 04:15:53 EXEC SPC_COM_DATA 'ndq809';
2018-08-20 04:15:53 EXEC SPC_COM_MENU '1';
2018-08-20 04:15:53 EXEC SPC_VOCABULARY_LST2 'CAT-12','GRO-14','ndq809';
2018-08-20 04:15:57 EXEC SPC_COM_DATA 'ndq809';
2018-08-20 04:15:57 EXEC SPC_COM_MENU '1';
2018-08-20 04:15:57 EXEC SPC_COM_EXAM_LIST '5','9','1','0','1';
2018-08-20 04:15:57 EXEC SPC_COM_DATA 'ndq809';
2018-08-20 04:15:57 EXEC SPC_COM_MENU '1';
2018-08-20 04:15:57 EXEC SPC_COM_EXAM_LIST '5','9','1','0','1';
2018-08-20 04:15:58 EXEC SPC_COM_DATA 'ndq809';
2018-08-20 04:15:58 EXEC SPC_COM_MENU '1';
2018-08-20 04:15:58 EXEC SPC_COM_EXAM_LIST '5','9','1','0','1';
2018-08-20 04:16:01 EXEC SPC_COM_DATA 'ndq809';
2018-08-20 04:16:01 EXEC SPC_COM_MENU '1';
2018-08-20 04:16:01 EXEC SPC_COM_EXAM_LIST '5','9','1','0','1';
2018-08-20 04:16:02 EXEC SPC_COM_DATA 'ndq809';
2018-08-20 04:16:02 EXEC SPC_COM_MENU '1';
2018-08-20 04:16:02 EXEC SPC_COM_EXAM_LIST '5','9','1','0','1';
2018-08-20 04:21:19 EXEC SPC_COM_DATA 'ndq809';
2018-08-20 04:21:19 EXEC SPC_COM_MENU '1';
2018-08-20 04:21:19 EXEC SPC_COMMON_CATALORUE '1';
2018-08-20 04:21:20 EXEC SPC_COM_MENU '1';
2018-08-20 04:21:20 EXEC SPC_COMMON_GROUP 'CAT-12';
2018-08-20 04:21:20 EXEC SPC_COM_DATA 'ndq809';
2018-08-20 04:21:20 EXEC SPC_COM_MENU '1';
2018-08-20 04:21:20 EXEC SPC_VOCABULARY_LST2 'CAT-12','GRO-14','ndq809';
2018-08-20 04:22:12 EXEC SPC_COM_DATA 'ndq809';
2018-08-20 04:22:12 EXEC SPC_COM_MENU '1';
2018-08-20 04:22:12 EXEC SPC_COMMON_CATALORUE '1';
2018-08-20 04:22:12 EXEC SPC_COM_MENU '1';
2018-08-20 04:22:12 EXEC SPC_COMMON_GROUP 'CAT-12';
2018-08-20 04:22:12 EXEC SPC_COM_DATA 'ndq809';
2018-08-20 04:22:12 EXEC SPC_COM_MENU '1';
2018-08-20 04:22:12 EXEC SPC_VOCABULARY_LST2 'CAT-12','GRO-14','ndq809';
2018-08-20 04:37:59 EXEC SPC_COM_DATA 'ndq809';
2018-08-20 04:37:59 EXEC SPC_COM_MENU '1';
2018-08-20 04:37:59 EXEC SPC_COMMON_CATALORUE '1';
2018-08-20 04:41:28 EXEC SPC_COM_DATA 'ndq809';
2018-08-20 04:41:28 EXEC SPC_COM_MENU '1';
2018-08-20 04:41:28 EXEC SPC_COMMON_CATALORUE '1';
2018-08-20 04:41:29 EXEC SPC_COM_MENU '1';
2018-08-20 04:41:29 EXEC SPC_COMMON_GROUP 'CAT-12';
2018-08-20 04:41:29 EXEC SPC_COM_DATA 'ndq809';
2018-08-20 04:41:29 EXEC SPC_COM_MENU '1';
2018-08-20 04:41:29 EXEC SPC_VOCABULARY_LST2 'CAT-12','GRO-14','ndq809';
2018-08-20 04:41:40 EXEC SPC_COM_DATA 'ndq809';
2018-08-20 04:41:40 EXEC SPC_COM_MENU '1';
2018-08-20 04:41:40 EXEC SPC_COM_EXAM_LIST '5','9','1','0','1';
2018-08-20 04:41:41 EXEC SPC_COM_DATA 'ndq809';
2018-08-20 04:41:41 EXEC SPC_COM_MENU '1';
2018-08-20 04:41:41 EXEC SPC_COM_EXAM_LIST '5','9','1','0','1';
2018-08-20 04:41:44 EXEC SPC_COM_DATA 'ndq809';
2018-08-20 04:41:44 EXEC SPC_COM_MENU '1';
2018-08-20 04:41:44 EXEC SPC_COM_EXAM_LIST '5','9','1','0','1';
2018-08-20 04:41:45 EXEC SPC_COM_DATA 'ndq809';
2018-08-20 04:41:45 EXEC SPC_COM_MENU '1';
2018-08-20 04:41:45 EXEC SPC_COM_EXAM_LIST '5','9','1','0','1';
2018-08-20 04:41:45 EXEC SPC_COM_DATA 'ndq809';
2018-08-20 04:41:45 EXEC SPC_COM_MENU '1';
2018-08-20 04:41:45 EXEC SPC_COM_EXAM_LIST '5','9','1','0','1';
2018-08-20 04:41:45 EXEC SPC_COM_DATA 'ndq809';
2018-08-20 04:41:45 EXEC SPC_COM_MENU '1';
2018-08-20 04:41:45 EXEC SPC_COM_EXAM_LIST '5','9','1','0','1';
2018-08-20 04:41:46 EXEC SPC_COM_DATA 'ndq809';
2018-08-20 04:41:46 EXEC SPC_COM_MENU '1';
2018-08-20 04:41:46 EXEC SPC_COM_EXAM_LIST '5','9','1','0','1';
2018-08-20 04:41:48 EXEC SPC_COM_DATA 'ndq809';
2018-08-20 04:41:48 EXEC SPC_COM_MENU '1';
2018-08-20 04:41:48 EXEC SPC_COMMON_CATALORUE '1';
2018-08-20 04:41:48 EXEC SPC_COM_MENU '1';
2018-08-20 04:41:48 EXEC SPC_COMMON_GROUP 'CAT-12';
2018-08-20 04:41:48 EXEC SPC_COM_DATA 'ndq809';
2018-08-20 04:41:48 EXEC SPC_COM_MENU '1';
2018-08-20 04:41:48 EXEC SPC_VOCABULARY_LST2 'CAT-12','GRO-14','ndq809';
2018-08-20 04:41:53 EXEC SPC_COM_DATA 'ndq809';
2018-08-20 04:41:53 EXEC SPC_COM_MENU '1';
2018-08-20 04:41:53 EXEC SPC_COM_ADD_LESSON '1','CAT-12','GRO-14','ndq809','127.0.0.1';
2018-08-20 04:43:20 EXEC SPC_COM_DATA 'ndq809';
2018-08-20 04:43:20 EXEC SPC_COM_MENU '1';
2018-08-20 04:43:20 EXEC SPC_COMMON_CATALORUE '1';
2018-08-20 04:43:20 EXEC SPC_COM_MENU '1';
2018-08-20 04:43:20 EXEC SPC_COMMON_GROUP 'CAT-12';
2018-08-20 04:43:20 EXEC SPC_COM_DATA 'ndq809';
2018-08-20 04:43:20 EXEC SPC_COM_MENU '1';
2018-08-20 04:43:20 EXEC SPC_VOCABULARY_LST2 'CAT-12','GRO-14','ndq809';
2018-08-20 04:43:28 EXEC SPC_COM_DATA 'ndq809';
2018-08-20 04:43:28 EXEC SPC_COM_MENU '1';
2018-08-20 04:43:28 EXEC SPC_COM_EXAM_LIST '5','9','1','0','1';
2018-08-20 04:43:30 EXEC SPC_COM_DATA 'ndq809';
2018-08-20 04:43:30 EXEC SPC_COM_MENU '1';
2018-08-20 04:43:30 EXEC SPC_COM_EXAM_LIST '5','9','1','0','1';
2018-08-20 04:43:31 EXEC SPC_COM_DATA 'ndq809';
2018-08-20 04:43:31 EXEC SPC_COM_MENU '1';
2018-08-20 04:43:31 EXEC SPC_COM_EXAM_LIST '5','9','1','0','1';
2018-08-20 04:43:31 EXEC SPC_COM_DATA 'ndq809';
2018-08-20 04:43:31 EXEC SPC_COM_MENU '1';
2018-08-20 04:43:31 EXEC SPC_COM_EXAM_LIST '5','9','1','0','1';
2018-08-20 04:43:37 EXEC SPC_COM_DATA 'ndq809';
2018-08-20 04:43:37 EXEC SPC_COM_MENU '1';
2018-08-20 04:43:37 EXEC SPC_COMMON_CATALORUE '1';
2018-08-20 04:43:38 EXEC SPC_COM_MENU '1';
2018-08-20 04:43:38 EXEC SPC_COMMON_GROUP 'CAT-12';
2018-08-20 04:43:38 EXEC SPC_COM_DATA 'ndq809';
2018-08-20 04:43:38 EXEC SPC_COM_MENU '1';
2018-08-20 04:43:38 EXEC SPC_VOCABULARY_LST2 'CAT-12','GRO-14','ndq809';
2018-08-20 04:44:04 EXEC SPC_COM_DATA 'ndq809';
2018-08-20 04:44:04 EXEC SPC_COM_MENU '1';
2018-08-20 04:44:04 EXEC SPC_COM_EXAM_LIST '5','9','1','0','1';
2018-08-20 04:44:30 EXEC SPC_COM_DATA 'ndq809';
2018-08-20 04:44:30 EXEC SPC_COM_MENU '1';
2018-08-20 04:44:30 EXEC SPC_COM_EXAM_LIST '5','9','1','0','1';
2018-08-20 04:44:30 EXEC SPC_COM_DATA 'ndq809';
2018-08-20 04:44:30 EXEC SPC_COM_MENU '1';
2018-08-20 04:44:30 EXEC SPC_COM_EXAM_LIST '5','9','1','0','1';
2018-08-20 04:44:30 EXEC SPC_COM_DATA 'ndq809';
2018-08-20 04:44:30 EXEC SPC_COM_MENU '1';
2018-08-20 04:44:30 EXEC SPC_COM_EXAM_LIST '5','9','1','0','1';
2018-08-20 04:44:30 EXEC SPC_COM_DATA 'ndq809';
2018-08-20 04:44:30 EXEC SPC_COM_MENU '1';
2018-08-20 04:44:30 EXEC SPC_COM_EXAM_LIST '5','9','1','0','1';
2018-08-20 04:44:31 EXEC SPC_COM_DATA 'ndq809';
2018-08-20 04:44:31 EXEC SPC_COM_MENU '1';
2018-08-20 04:44:31 EXEC SPC_COM_EXAM_LIST '5','9','1','0','1';
2018-08-20 04:44:47 EXEC SPC_COM_DATA 'ndq809';
2018-08-20 04:44:47 EXEC SPC_COM_MENU '1';
2018-08-20 04:44:47 EXEC SPC_COMMON_CATALORUE '1';
2018-08-20 04:44:48 EXEC SPC_COM_MENU '1';
2018-08-20 04:44:48 EXEC SPC_COMMON_GROUP 'CAT-12';
2018-08-20 04:44:48 EXEC SPC_COM_DATA 'ndq809';
2018-08-20 04:44:48 EXEC SPC_COM_MENU '1';
2018-08-20 04:44:48 EXEC SPC_VOCABULARY_LST2 'CAT-12','GRO-14','ndq809';
2018-08-20 04:45:01 EXEC SPC_COM_DATA 'ndq809';
2018-08-20 04:45:01 EXEC SPC_COM_MENU '1';
2018-08-20 04:45:01 EXEC SPC_COM_EXAM_LIST '5','9','1','0','1';
2018-08-20 04:45:04 EXEC SPC_COM_DATA 'ndq809';
2018-08-20 04:45:04 EXEC SPC_COM_MENU '1';
2018-08-20 04:45:04 EXEC SPC_COM_EXAM_LIST '5','9','1','0','1';
2018-08-20 04:45:04 EXEC SPC_COM_DATA 'ndq809';
2018-08-20 04:45:04 EXEC SPC_COM_MENU '1';
2018-08-20 04:45:04 EXEC SPC_COM_EXAM_LIST '5','9','1','0','1';
2018-08-20 04:45:04 EXEC SPC_COM_DATA 'ndq809';
2018-08-20 04:45:04 EXEC SPC_COM_MENU '1';
2018-08-20 04:45:04 EXEC SPC_COM_EXAM_LIST '5','9','1','0','1';
2018-08-20 04:45:05 EXEC SPC_COM_DATA 'ndq809';
2018-08-20 04:45:05 EXEC SPC_COM_MENU '1';
2018-08-20 04:45:05 EXEC SPC_COM_EXAM_LIST '5','9','1','0','1';
2018-08-20 04:45:05 EXEC SPC_COM_DATA 'ndq809';
2018-08-20 04:45:05 EXEC SPC_COM_MENU '1';
2018-08-20 04:45:05 EXEC SPC_COM_EXAM_LIST '5','9','1','0','1';
2018-08-20 04:45:05 EXEC SPC_COM_DATA 'ndq809';
2018-08-20 04:45:05 EXEC SPC_COM_MENU '1';
2018-08-20 04:45:05 EXEC SPC_COM_EXAM_LIST '5','9','1','0','1';
2018-08-20 04:45:05 EXEC SPC_COM_DATA 'ndq809';
2018-08-20 04:45:05 EXEC SPC_COM_MENU '1';
2018-08-20 04:45:05 EXEC SPC_COM_EXAM_LIST '5','9','1','0','1';
2018-08-20 04:45:05 EXEC SPC_COM_DATA 'ndq809';
2018-08-20 04:45:05 EXEC SPC_COM_MENU '1';
2018-08-20 04:45:05 EXEC SPC_COM_EXAM_LIST '5','9','1','0','1';
2018-08-20 04:45:05 EXEC SPC_COM_DATA 'ndq809';
2018-08-20 04:45:05 EXEC SPC_COM_MENU '1';
2018-08-20 04:45:05 EXEC SPC_COM_EXAM_LIST '5','9','1','0','1';
2018-08-20 04:45:11 EXEC SPC_COM_DATA 'ndq809';
2018-08-20 04:45:11 EXEC SPC_COM_MENU '1';
2018-08-20 04:45:11 EXEC SPC_COMMON_CATALORUE '1';
2018-08-20 04:45:11 EXEC SPC_COM_MENU '1';
2018-08-20 04:45:11 EXEC SPC_COMMON_GROUP 'CAT-12';
2018-08-20 04:45:11 EXEC SPC_COM_DATA 'ndq809';
2018-08-20 04:45:11 EXEC SPC_COM_MENU '1';
2018-08-20 04:45:11 EXEC SPC_VOCABULARY_LST2 'CAT-12','GRO-14','ndq809';
2018-08-20 04:45:36 EXEC SPC_COM_DATA 'ndq809';
2018-08-20 04:45:36 EXEC SPC_COM_MENU '1';
2018-08-20 04:45:36 EXEC SPC_COM_EXAM_LIST '5','9','1','0','1';
2018-08-20 04:48:25 EXEC SPC_COM_DATA 'ndq809';
2018-08-20 04:48:25 EXEC SPC_COM_MENU '1';
2018-08-20 04:48:25 EXEC SPC_COMMON_CATALORUE '1';
2018-08-20 04:48:26 EXEC SPC_COM_MENU '1';
2018-08-20 04:48:26 EXEC SPC_COMMON_GROUP 'CAT-12';
2018-08-20 04:48:26 EXEC SPC_COM_DATA 'ndq809';
2018-08-20 04:48:26 EXEC SPC_COM_MENU '1';
2018-08-20 04:48:26 EXEC SPC_VOCABULARY_LST2 'CAT-12','GRO-14','ndq809';
2018-08-20 04:48:51 EXEC SPC_COM_DATA 'ndq809';
2018-08-20 04:48:51 EXEC SPC_COM_MENU '1';
2018-08-20 04:48:51 EXEC SPC_COM_EXAM_LIST '5','9','1','0','1';
2018-08-20 04:49:09 EXEC SPC_COM_DATA 'ndq809';
2018-08-20 04:49:09 EXEC SPC_COM_MENU '1';
2018-08-20 04:49:09 EXEC SPC_COM_EXAM_LIST '5','9','1','0','1';
2018-08-20 04:49:10 EXEC SPC_COM_DATA 'ndq809';
2018-08-20 04:49:10 EXEC SPC_COM_MENU '1';
2018-08-20 04:49:10 EXEC SPC_COM_EXAM_LIST '5','9','1','0','1';
2018-08-20 04:49:10 EXEC SPC_COM_DATA 'ndq809';
2018-08-20 04:49:10 EXEC SPC_COM_MENU '1';
2018-08-20 04:49:10 EXEC SPC_COM_EXAM_LIST '5','9','1','0','1';
2018-08-20 04:49:11 EXEC SPC_COM_DATA 'ndq809';
2018-08-20 04:49:11 EXEC SPC_COM_MENU '1';
2018-08-20 04:49:11 EXEC SPC_COM_EXAM_LIST '5','9','1','0','1';
2018-08-20 04:49:12 EXEC SPC_COM_DATA 'ndq809';
2018-08-20 04:49:12 EXEC SPC_COM_MENU '1';
2018-08-20 04:49:12 EXEC SPC_COM_EXAM_LIST '5','9','1','0','1';
2018-08-20 04:51:01 EXEC SPC_COM_DATA 'ndq809';
2018-08-20 04:51:01 EXEC SPC_COM_MENU '1';
2018-08-20 04:51:01 EXEC SPC_COMMON_CATALORUE '1';
2018-08-20 04:51:02 EXEC SPC_COM_MENU '1';
2018-08-20 04:51:02 EXEC SPC_COMMON_GROUP 'CAT-12';
2018-08-20 04:51:02 EXEC SPC_COM_DATA 'ndq809';
2018-08-20 04:51:02 EXEC SPC_COM_MENU '1';
2018-08-20 04:51:02 EXEC SPC_VOCABULARY_LST2 'CAT-12','GRO-14','ndq809';
2018-08-20 04:51:06 EXEC SPC_COM_DATA 'ndq809';
2018-08-20 04:51:06 EXEC SPC_COM_MENU '1';
2018-08-20 04:51:06 EXEC SPC_COM_EXAM_LIST '5','9','1','0','1';
2018-08-20 04:51:06 EXEC SPC_COM_DATA 'ndq809';
2018-08-20 04:51:06 EXEC SPC_COM_MENU '1';
2018-08-20 04:51:06 EXEC SPC_COM_EXAM_LIST '5','9','1','0','1';
2018-08-20 04:51:07 EXEC SPC_COM_DATA 'ndq809';
2018-08-20 04:51:07 EXEC SPC_COM_MENU '1';
2018-08-20 04:51:07 EXEC SPC_COM_EXAM_LIST '5','9','1','0','1';
2018-08-20 04:51:07 EXEC SPC_COM_DATA 'ndq809';
2018-08-20 04:51:07 EXEC SPC_COM_MENU '1';
2018-08-20 04:51:07 EXEC SPC_COM_EXAM_LIST '5','9','1','0','1';
2018-08-20 04:51:08 EXEC SPC_COM_DATA 'ndq809';
2018-08-20 04:51:08 EXEC SPC_COM_MENU '1';
2018-08-20 04:51:08 EXEC SPC_COM_EXAM_LIST '5','9','1','0','1';
2018-08-20 04:51:08 EXEC SPC_COM_DATA 'ndq809';
2018-08-20 04:51:08 EXEC SPC_COM_MENU '1';
2018-08-20 04:51:08 EXEC SPC_COM_EXAM_LIST '5','9','1','0','1';
2018-08-20 04:51:08 EXEC SPC_COM_DATA 'ndq809';
2018-08-20 04:51:08 EXEC SPC_COM_MENU '1';
2018-08-20 04:51:08 EXEC SPC_COM_EXAM_LIST '5','9','1','0','1';
2018-08-20 04:51:09 EXEC SPC_COM_DATA 'ndq809';
2018-08-20 04:51:09 EXEC SPC_COM_MENU '1';
2018-08-20 04:51:09 EXEC SPC_COM_EXAM_LIST '5','9','1','0','1';
2018-08-20 04:51:09 EXEC SPC_COM_DATA 'ndq809';
2018-08-20 04:51:09 EXEC SPC_COM_MENU '1';
2018-08-20 04:51:09 EXEC SPC_COM_EXAM_LIST '5','9','1','0','1';
2018-08-20 04:51:09 EXEC SPC_COM_DATA 'ndq809';
2018-08-20 04:51:09 EXEC SPC_COM_MENU '1';
2018-08-20 04:51:09 EXEC SPC_COM_EXAM_LIST '5','9','1','0','1';
2018-08-20 04:51:10 EXEC SPC_COM_DATA 'ndq809';
2018-08-20 04:51:10 EXEC SPC_COM_MENU '1';
2018-08-20 04:51:10 EXEC SPC_COM_EXAM_LIST '5','9','1','0','1';
2018-08-20 04:51:10 EXEC SPC_COM_DATA 'ndq809';
2018-08-20 04:51:10 EXEC SPC_COM_MENU '1';
2018-08-20 04:51:10 EXEC SPC_COM_EXAM_LIST '5','9','1','0','1';
2018-08-20 04:51:10 EXEC SPC_COM_DATA 'ndq809';
2018-08-20 04:51:10 EXEC SPC_COM_MENU '1';
2018-08-20 04:51:10 EXEC SPC_COM_EXAM_LIST '5','9','1','0','1';
2018-08-20 04:51:11 EXEC SPC_COM_DATA 'ndq809';
2018-08-20 04:51:11 EXEC SPC_COM_MENU '1';
2018-08-20 04:51:11 EXEC SPC_COM_EXAM_LIST '5','9','1','0','1';
2018-08-20 04:51:11 EXEC SPC_COM_DATA 'ndq809';
2018-08-20 04:51:11 EXEC SPC_COM_MENU '1';
2018-08-20 04:51:11 EXEC SPC_COM_EXAM_LIST '5','9','1','0','1';
2018-08-20 04:51:12 EXEC SPC_COM_DATA 'ndq809';
2018-08-20 04:51:12 EXEC SPC_COM_MENU '1';
2018-08-20 04:51:12 EXEC SPC_COM_EXAM_LIST '5','9','1','0','1';
2018-08-20 04:51:13 EXEC SPC_COM_DATA 'ndq809';
2018-08-20 04:51:13 EXEC SPC_COM_MENU '1';
2018-08-20 04:51:13 EXEC SPC_COM_EXAM_LIST '5','9','1','0','1';
2018-08-20 04:51:20 EXEC SPC_COM_DATA 'ndq809';
2018-08-20 04:51:20 EXEC SPC_COM_MENU '1';
2018-08-20 04:51:20 EXEC SPC_COM_EXAM_LIST '5','9','1','0','1';
2018-08-20 04:51:20 EXEC SPC_COM_DATA 'ndq809';
2018-08-20 04:51:20 EXEC SPC_COM_MENU '1';
2018-08-20 04:51:20 EXEC SPC_COM_EXAM_LIST '5','9','1','0','1';
2018-08-20 04:51:20 EXEC SPC_COM_DATA 'ndq809';
2018-08-20 04:51:20 EXEC SPC_COM_MENU '1';
2018-08-20 04:51:20 EXEC SPC_COM_EXAM_LIST '5','9','1','0','1';
2018-08-20 04:52:04 EXEC SPC_COM_DATA 'ndq809';
2018-08-20 04:52:04 EXEC SPC_COM_MENU '1';
2018-08-20 04:52:04 EXEC SPC_COM_EXAM_LIST '5','9','1','0','1';
2018-08-20 04:52:05 EXEC SPC_COM_DATA 'ndq809';
2018-08-20 04:52:05 EXEC SPC_COM_MENU '1';
2018-08-20 04:52:05 EXEC SPC_COM_EXAM_LIST '5','9','1','0','1';
2018-08-20 04:52:05 EXEC SPC_COM_DATA 'ndq809';
2018-08-20 04:52:05 EXEC SPC_COM_MENU '1';
2018-08-20 04:52:05 EXEC SPC_COM_EXAM_LIST '5','9','1','0','1';
2018-08-20 05:56:46 EXEC SPC_COM_PERMISSION '1','g001';
2018-08-20 05:56:46 EXEC SPC_COM_MENU '1';
2018-08-20 05:56:52 EXEC SPC_COM_PERMISSION '1','v002';
2018-08-20 05:56:52 EXEC SPC_COM_MENU '1';
2018-08-20 05:56:52 EXEC SPC_V002_FND1
2018-08-20 05:56:52 EXEC SPC_COM_PERMISSION '1','v002';
2018-08-20 05:56:52 EXEC SPC_COM_MENU '1';
2018-08-20 05:56:52 EXEC SPC_V002_FND1
2018-08-20 05:56:57 EXEC SPC_COM_PERMISSION '1','w002';
2018-08-20 05:56:57 EXEC SPC_COM_MENU '1';
2018-08-20 05:56:57 EXEC SPC_W002_FND1
2018-08-20 05:57:00 EXEC SPC_COM_MENU '1';
2018-08-20 05:57:00 EXEC SPC_COMMON_CATALORUE '1';
2018-08-20 08:59:56 EXEC SPC_COM_DATA 'ndq809';
2018-08-20 08:59:57 EXEC SPC_COM_MENU '1';
2018-08-20 08:59:57 EXEC SPC_COMMON_CATALORUE '1';
2018-08-20 08:59:58 EXEC SPC_COM_MENU '1';
2018-08-20 08:59:58 EXEC SPC_COMMON_GROUP 'CAT-12';
2018-08-20 08:59:59 EXEC SPC_COM_DATA 'ndq809';
2018-08-20 08:59:59 EXEC SPC_COM_MENU '1';
2018-08-20 08:59:59 EXEC SPC_VOCABULARY_LST2 'CAT-12','GRO-14','ndq809';
2018-08-20 09:03:20 EXEC SPC_COM_DATA 'ndq809';
2018-08-20 09:03:20 EXEC SPC_COM_MENU '1';
2018-08-20 09:03:20 EXEC SPC_COMMON_CATALORUE '1';
2018-08-20 09:03:20 EXEC SPC_COM_MENU '1';
2018-08-20 09:03:20 EXEC SPC_COMMON_GROUP 'CAT-12';
2018-08-20 09:03:21 EXEC SPC_COM_DATA 'ndq809';
2018-08-20 09:03:21 EXEC SPC_COM_MENU '1';
2018-08-20 09:03:21 EXEC SPC_VOCABULARY_LST2 'CAT-12','GRO-14','ndq809';
2018-08-20 09:05:10 EXEC SPC_COM_DATA 'ndq809';
2018-08-20 09:05:10 EXEC SPC_COM_MENU '1';
2018-08-20 09:05:10 EXEC SPC_COMMON_CATALORUE '1';
2018-08-20 09:05:10 EXEC SPC_COM_MENU '1';
2018-08-20 09:05:10 EXEC SPC_COMMON_GROUP 'CAT-12';
2018-08-20 09:05:10 EXEC SPC_COM_DATA 'ndq809';
2018-08-20 09:05:10 EXEC SPC_COM_MENU '1';
2018-08-20 09:05:10 EXEC SPC_VOCABULARY_LST2 'CAT-12','GRO-14','ndq809';
2018-08-20 09:05:38 EXEC SPC_COM_DATA 'ndq809';
2018-08-20 09:05:38 EXEC SPC_COM_MENU '1';
2018-08-20 09:05:38 EXEC SPC_COMMON_CATALORUE '1';
2018-08-20 09:05:39 EXEC SPC_COM_MENU '1';
2018-08-20 09:05:39 EXEC SPC_COMMON_GROUP 'CAT-12';
2018-08-20 09:05:39 EXEC SPC_COM_DATA 'ndq809';
2018-08-20 09:05:39 EXEC SPC_COM_MENU '1';
2018-08-20 09:05:39 EXEC SPC_VOCABULARY_LST2 'CAT-12','GRO-14','ndq809';
2018-08-20 09:05:44 EXEC SPC_COM_DATA 'ndq809';
2018-08-20 09:05:44 EXEC SPC_COM_MENU '1';
2018-08-20 09:05:44 EXEC SPC_COM_ADD_EXAM '3','7','1','a','a';
2018-08-20 09:06:54 EXEC SPC_COM_DATA 'ndq809';
2018-08-20 09:06:54 EXEC SPC_COM_MENU '1';
2018-08-20 09:06:54 EXEC SPC_COM_ADD_EXAM '3','7','1','a','a','ndq809','127.0.0.1';
2018-08-20 09:14:18 EXEC SPC_COM_DATA 'ndq809';
2018-08-20 09:14:18 EXEC SPC_COM_MENU '1';
2018-08-20 09:14:18 EXEC SPC_COMMON_CATALORUE '1';
2018-08-20 09:14:19 EXEC SPC_COM_MENU '1';
2018-08-20 09:14:19 EXEC SPC_COMMON_GROUP 'CAT-12';
2018-08-20 09:14:19 EXEC SPC_COM_DATA 'ndq809';
2018-08-20 09:14:20 EXEC SPC_COM_MENU '1';
2018-08-20 09:14:20 EXEC SPC_VOCABULARY_LST2 'CAT-12','GRO-14','ndq809';
2018-08-20 09:15:48 EXEC SPC_COM_DATA 'ndq809';
2018-08-20 09:15:48 EXEC SPC_COM_MENU '1';
2018-08-20 09:15:48 EXEC SPC_COMMON_CATALORUE '1';
2018-08-20 09:15:49 EXEC SPC_COM_MENU '1';
2018-08-20 09:15:49 EXEC SPC_COMMON_GROUP 'CAT-12';
2018-08-20 09:15:49 EXEC SPC_COM_DATA 'ndq809';
2018-08-20 09:15:49 EXEC SPC_COM_MENU '1';
2018-08-20 09:15:49 EXEC SPC_VOCABULARY_LST2 'CAT-12','GRO-14','ndq809';
2018-08-20 09:15:59 EXEC SPC_COM_DATA 'ndq809';
2018-08-20 09:15:59 EXEC SPC_COM_MENU '1';
2018-08-20 09:15:59 EXEC SPC_COM_ADD_EXAM '3','7','1','b','b','ndq809','127.0.0.1';
2018-08-20 09:16:10 EXEC SPC_COM_DATA 'ndq809';
2018-08-20 09:16:10 EXEC SPC_COM_MENU '1';
2018-08-20 09:16:10 EXEC SPC_COM_EXAM_LIST '3','7','1','0','2';
2018-08-20 09:16:12 EXEC SPC_COM_DATA 'ndq809';
2018-08-20 09:16:12 EXEC SPC_COM_MENU '1';
2018-08-20 09:16:12 EXEC SPC_COM_EXAM_LIST '3','7','1','0','1';
2018-08-20 09:16:13 EXEC SPC_COM_DATA 'ndq809';
2018-08-20 09:16:13 EXEC SPC_COM_MENU '1';
2018-08-20 09:16:13 EXEC SPC_COM_EXAM_LIST '3','7','1','0','2';
2018-08-20 09:16:14 EXEC SPC_COM_DATA 'ndq809';
2018-08-20 09:16:14 EXEC SPC_COM_MENU '1';
2018-08-20 09:16:14 EXEC SPC_COM_EXAM_LIST '3','7','1','0','1';
2018-08-20 09:16:51 EXEC SPC_COM_DATA 'ndq809';
2018-08-20 09:16:51 EXEC SPC_COM_MENU '1';
2018-08-20 09:16:51 EXEC SPC_COM_EXAM_LIST '3','7','1','0','2';
2018-08-20 09:16:52 EXEC SPC_COM_DATA 'ndq809';
2018-08-20 09:16:52 EXEC SPC_COM_MENU '1';
2018-08-20 09:16:52 EXEC SPC_COM_EXAM_LIST '3','7','1','0','1';
2018-08-20 09:20:00 EXEC SPC_COM_DATA 'ndq809';
2018-08-20 09:20:00 EXEC SPC_COM_MENU '1';
2018-08-20 09:20:00 EXEC SPC_COMMON_CATALORUE '1';
2018-08-20 09:20:00 EXEC SPC_COM_MENU '1';
2018-08-20 09:20:00 EXEC SPC_COMMON_GROUP 'CAT-12';
2018-08-20 09:20:00 EXEC SPC_COM_DATA 'ndq809';
2018-08-20 09:20:00 EXEC SPC_COM_MENU '1';
2018-08-20 09:20:00 EXEC SPC_VOCABULARY_LST2 'CAT-12','GRO-14','ndq809';
2018-08-20 09:21:10 EXEC SPC_COM_DATA 'ndq809';
2018-08-20 09:21:10 EXEC SPC_COM_MENU '1';
2018-08-20 09:21:10 EXEC SPC_COM_ADD_EXAM '4','8','1','if i'm invisible i'll do something fun','Nếu tôi tàng hình tôi sẽ làm cái gì đó hấp dẫn 1 xí :D','ndq809','127.0.0.1';
2018-08-20 09:27:56 EXEC SPC_COM_PERMISSION '1','m007';
2018-08-20 09:27:56 EXEC SPC_COM_MENU '1';
2018-08-20 09:27:56 EXEC SPC_M007_FND1
2018-08-20 09:29:09 EXEC SPC_COM_MENU '1';
2018-08-20 09:29:09 EXEC SPC_M007_ACT2 'Sắp xếp ví dụ','ndq809','127.0.0.1';
2018-08-20 09:29:10 EXEC SPC_COM_MENU '1';
2018-08-20 09:29:10 EXEC SPC_m007_LST1 '';
2018-08-20 09:29:24 EXEC SPC_COM_PERMISSION '1','m007';
2018-08-20 09:29:24 EXEC SPC_COM_MENU '1';
2018-08-20 09:29:24 EXEC SPC_M007_FND1
2018-08-20 09:29:27 EXEC SPC_COM_MENU '1';
2018-08-20 09:29:27 EXEC SPC_m007_LST1 '13';
2018-08-20 09:31:07 EXEC SPC_COM_PERMISSION '1','m007';
2018-08-20 09:31:07 EXEC SPC_COM_MENU '1';
2018-08-20 09:31:07 EXEC SPC_M007_FND1
2018-08-20 09:32:23 EXEC SPC_COM_MENU '1';
2018-08-20 09:32:23 EXEC SPC_M007_ACT2 'Sắp xếp ví dụ','ndq809','127.0.0.1';
2018-08-20 09:32:24 EXEC SPC_COM_MENU '1';
2018-08-20 09:32:24 EXEC SPC_m007_LST1 '';
2018-08-20 09:32:38 EXEC SPC_COM_PERMISSION '1','m007';
2018-08-20 09:32:38 EXEC SPC_COM_MENU '1';
2018-08-20 09:32:38 EXEC SPC_M007_FND1
2018-08-20 09:32:42 EXEC SPC_COM_MENU '1';
2018-08-20 09:32:42 EXEC SPC_m007_LST1 '9';
2018-08-20 09:34:06 EXEC SPC_COM_MENU '1';
2018-08-20 09:34:06 EXEC SPC_M007_ACT2 '9','ndq809','127.0.0.1';
2018-08-20 09:34:07 EXEC SPC_COM_MENU '1';
2018-08-20 09:34:07 EXEC SPC_m007_LST1 '';
2018-08-20 09:34:14 EXEC SPC_COM_PERMISSION '1','m007';
2018-08-20 09:34:14 EXEC SPC_COM_MENU '1';
2018-08-20 09:34:14 EXEC SPC_M007_FND1
2018-08-20 09:34:18 EXEC SPC_COM_MENU '1';
2018-08-20 09:34:18 EXEC SPC_m007_LST1 '9';
2018-08-20 09:34:22 EXEC SPC_COM_MENU '1';
2018-08-20 09:34:22 EXEC SPC_m007_LST1 '10';
2018-08-20 09:34:30 EXEC SPC_COM_MENU '1';
2018-08-20 09:34:30 EXEC SPC_m007_LST1 '9';
2018-08-20 09:34:34 EXEC SPC_COM_MENU '1';
2018-08-20 09:34:34 EXEC SPC_m007_LST1 '10';
2018-08-20 09:34:36 EXEC SPC_COM_MENU '1';
2018-08-20 09:34:36 EXEC SPC_M007_ACT3 '10','ndq809','127.0.0.1';
2018-08-20 09:34:37 EXEC SPC_COM_MENU '1';
2018-08-20 09:34:37 EXEC SPC_m007_LST1 '';
2018-08-20 09:34:45 EXEC SPC_COM_PERMISSION '1','m007';
2018-08-20 09:34:45 EXEC SPC_COM_MENU '1';
2018-08-20 09:34:45 EXEC SPC_M007_FND1
2018-08-20 09:34:47 EXEC SPC_COM_MENU '1';
2018-08-20 09:34:47 EXEC SPC_m007_LST1 '9';
2018-08-20 09:34:55 EXEC SPC_COM_MENU '1';
2018-08-20 09:34:55 EXEC SPC_m007_LST1 '4';
2018-08-20 09:34:59 EXEC SPC_COM_MENU '1';
2018-08-20 09:34:59 EXEC SPC_m007_LST1 '2';
2018-08-20 09:35:01 EXEC SPC_COM_MENU '1';
2018-08-20 09:35:01 EXEC SPC_m007_LST1 '5';
2018-08-20 09:35:42 EXEC SPC_COM_MENU '1';
2018-08-20 09:35:42 EXEC SPC_m007_LST1 '9';
2018-08-20 09:36:26 EXEC SPC_COM_MENU '1';
2018-08-20 09:36:26 EXEC SPC_M007_ACT1 '9','<row row_id="0" number_id="0" content="Tự động" num_remark1="" num_remark2="" num_remark3="" text_remark1="" text_remark2="" text_remark3="" /><row row_id="1" number_id="1" content="Mới nhất" num_remark1="" num_remark2="" num_remark3="" text_remark1="" text_remark2="" text_remark3="" /><row row_id="2" number_id="2" content="Đánh giá" num_remark1="" num_remark2="" num_remark3="" text_remark1="" text_remark2="" text_remark3="" />','ndq809','127.0.0.1';
2018-08-20 09:36:28 EXEC SPC_COM_MENU '1';
2018-08-20 09:36:28 EXEC SPC_m007_LST1 '9';
2018-08-20 09:49:48 EXEC SPC_COM_DATA 'ndq809';
2018-08-20 09:49:48 EXEC SPC_COM_MENU '1';
2018-08-20 09:49:48 EXEC SPC_COMMON_CATALORUE '1';
2018-08-20 09:49:48 EXEC SPC_COM_MENU '1';
2018-08-20 09:49:48 EXEC SPC_COMMON_GROUP 'CAT-12';
2018-08-20 09:49:49 EXEC SPC_COM_DATA 'ndq809';
2018-08-20 09:49:49 EXEC SPC_COM_MENU '1';
2018-08-20 09:49:49 EXEC SPC_VOCABULARY_LST2 'CAT-12','GRO-14','ndq809';
2018-08-20 09:50:22 EXEC SPC_COM_DATA 'ndq809';
2018-08-20 09:50:22 EXEC SPC_COM_MENU '1';
2018-08-20 09:50:22 EXEC SPC_COM_ADD_EXAM '3','7','1','i will communicate with you','tôi sẽ giao tiếp với bạn','ndq809','127.0.0.1';
2018-08-20 09:50:29 EXEC SPC_COM_DATA 'ndq809';
2018-08-20 09:50:29 EXEC SPC_COM_MENU '1';
2018-08-20 09:50:29 EXEC SPC_COM_ADD_EXAM '3','7','1','i will communicate with you','tôi sẽ giao tiếp với bạn','ndq809','127.0.0.1';
2018-08-20 09:51:09 EXEC SPC_COM_DATA 'ndq809';
2018-08-20 09:51:09 EXEC SPC_COM_MENU '1';
2018-08-20 09:51:09 EXEC SPC_COM_ADD_EXAM '3','7','1','i will communicate with you','tôi sẽ giao tiếp với bạn','ndq809','127.0.0.1';
2018-08-20 09:51:09 EXEC SPC_COM_DATA 'ndq809';
2018-08-20 09:51:09 EXEC SPC_COM_MENU '1';
2018-08-20 09:51:09 EXEC SPC_COM_EXAM_LIST '3','7','1','1','1';
2018-08-20 09:51:44 EXEC SPC_COM_DATA 'ndq809';
2018-08-20 09:51:44 EXEC SPC_COM_MENU '1';
2018-08-20 09:51:44 EXEC SPC_COM_ADD_EXAM '3','7','1','i will communicate with you','tôi sẽ giao tiếp với bạn','ndq809','127.0.0.1';
2018-08-20 09:51:44 EXEC SPC_COM_DATA 'ndq809';
2018-08-20 09:51:44 EXEC SPC_COM_MENU '1';
2018-08-20 09:51:44 EXEC SPC_COM_EXAM_LIST '3','7','1','1','1';
2018-08-20 09:52:11 EXEC SPC_COM_DATA 'ndq809';
2018-08-20 09:52:11 EXEC SPC_COM_MENU '1';
2018-08-20 09:52:11 EXEC SPC_COM_ADD_EXAM '3','7','1','lalala demacia','hacking by me','ndq809','127.0.0.1';
2018-08-20 09:52:11 EXEC SPC_COM_DATA 'ndq809';
2018-08-20 09:52:11 EXEC SPC_COM_MENU '1';
2018-08-20 09:52:11 EXEC SPC_COM_EXAM_LIST '3','7','1','1','1';
2018-08-20 09:52:24 EXEC SPC_COM_DATA 'ndq809';
2018-08-20 09:52:25 EXEC SPC_COM_MENU '1';
2018-08-20 09:52:25 EXEC SPC_COM_EXAM_LIST '3','7','1','0','1';
2018-08-20 09:52:29 EXEC SPC_COM_DATA 'ndq809';
2018-08-20 09:52:29 EXEC SPC_COM_MENU '1';
2018-08-20 09:52:29 EXEC SPC_COM_EXAM_LIST '3','7','1','2','1';
2018-08-20 09:52:32 EXEC SPC_COM_DATA 'ndq809';
2018-08-20 09:52:32 EXEC SPC_COM_MENU '1';
2018-08-20 09:52:32 EXEC SPC_COM_EXAM_LIST '3','7','1','1','1';
2018-08-20 09:52:40 EXEC SPC_COM_DATA 'ndq809';
2018-08-20 09:52:40 EXEC SPC_COM_MENU '1';
2018-08-20 09:52:40 EXEC SPC_COM_EXAM_LIST '3','7','1','2','1';
2018-08-20 09:53:10 EXEC SPC_COM_DATA 'ndq809';
2018-08-20 09:53:10 EXEC SPC_COM_MENU '1';
2018-08-20 09:53:10 EXEC SPC_COM_ADD_EXAM '3','7','1','fix you false','sửa chữa sai lầm','ndq809','127.0.0.1';
2018-08-20 09:53:10 EXEC SPC_COM_DATA 'ndq809';
2018-08-20 09:53:10 EXEC SPC_COM_MENU '1';
2018-08-20 09:53:10 EXEC SPC_COM_EXAM_LIST '3','7','1','1','1';
2018-08-20 09:53:14 EXEC SPC_COM_DATA 'ndq809';
2018-08-20 09:53:14 EXEC SPC_COM_MENU '1';
2018-08-20 09:53:14 EXEC SPC_COM_EXAM_LIST '3','7','1','1','2';
2018-08-20 09:53:16 EXEC SPC_COM_DATA 'ndq809';
2018-08-20 09:53:16 EXEC SPC_COM_MENU '1';
2018-08-20 09:53:16 EXEC SPC_COM_EXAM_LIST '3','7','1','1','1';
2018-08-20 09:53:17 EXEC SPC_COM_DATA 'ndq809';
2018-08-20 09:53:17 EXEC SPC_COM_MENU '1';
2018-08-20 09:53:17 EXEC SPC_COM_EXAM_LIST '3','7','1','1','2';
2018-08-20 09:53:18 EXEC SPC_COM_DATA 'ndq809';
2018-08-20 09:53:18 EXEC SPC_COM_MENU '1';
2018-08-20 09:53:18 EXEC SPC_COM_EXAM_LIST '3','7','1','1','1';
2018-08-20 09:53:20 EXEC SPC_COM_DATA 'ndq809';
2018-08-20 09:53:20 EXEC SPC_COM_MENU '1';
2018-08-20 09:53:20 EXEC SPC_COM_EXAM_LIST '3','7','1','1','2';
2018-08-20 09:53:23 EXEC SPC_COM_DATA 'ndq809';
2018-08-20 09:53:23 EXEC SPC_COM_MENU '1';
2018-08-20 09:53:23 EXEC SPC_COM_EXAM_LIST '3','7','1','1','1';
2018-08-20 09:53:25 EXEC SPC_COM_DATA 'ndq809';
2018-08-20 09:53:25 EXEC SPC_COM_MENU '1';
2018-08-20 09:53:25 EXEC SPC_COM_EXAM_LIST '3','7','1','1','2';
2018-08-20 09:53:27 EXEC SPC_COM_DATA 'ndq809';
2018-08-20 09:53:27 EXEC SPC_COM_MENU '1';
2018-08-20 09:53:27 EXEC SPC_COM_EXAM_LIST '3','7','1','1','1';
2018-08-20 09:53:59 EXEC SPC_COM_DATA 'ndq809';
2018-08-20 09:53:59 EXEC SPC_COM_MENU '1';
2018-08-20 09:53:59 EXEC SPC_COMMON_CATALORUE '1';
2018-08-20 09:53:59 EXEC SPC_COM_MENU '1';
2018-08-20 09:53:59 EXEC SPC_COMMON_GROUP 'CAT-12';
2018-08-20 09:53:59 EXEC SPC_COM_DATA 'ndq809';
2018-08-20 09:53:59 EXEC SPC_COM_MENU '1';
2018-08-20 09:53:59 EXEC SPC_VOCABULARY_LST2 'CAT-12','GRO-14','ndq809';
2018-08-20 09:54:01 EXEC SPC_COM_DATA 'ndq809';
2018-08-20 09:54:01 EXEC SPC_COM_MENU '1';
2018-08-20 09:54:01 EXEC SPC_COM_EXAM_LIST '3','7','1','0','2';
2018-08-20 09:54:03 EXEC SPC_COM_DATA 'ndq809';
2018-08-20 09:54:03 EXEC SPC_COM_MENU '1';
2018-08-20 09:54:03 EXEC SPC_COM_EXAM_LIST '3','7','1','0','1';
2018-08-20 09:54:04 EXEC SPC_COM_DATA 'ndq809';
2018-08-20 09:54:04 EXEC SPC_COM_MENU '1';
2018-08-20 09:54:04 EXEC SPC_COM_EXAM_LIST '3','7','1','0','2';
2018-08-20 09:54:05 EXEC SPC_COM_DATA 'ndq809';
2018-08-20 09:54:05 EXEC SPC_COM_MENU '1';
2018-08-20 09:54:05 EXEC SPC_COM_EXAM_LIST '3','7','1','0','1';
2018-08-20 09:54:07 EXEC SPC_COM_DATA 'ndq809';
2018-08-20 09:54:07 EXEC SPC_COM_MENU '1';
2018-08-20 09:54:07 EXEC SPC_COM_EXAM_LIST '3','7','1','0','2';
2018-08-20 09:54:08 EXEC SPC_COM_DATA 'ndq809';
2018-08-20 09:54:08 EXEC SPC_COM_MENU '1';
2018-08-20 09:54:08 EXEC SPC_COM_EXAM_LIST '3','7','1','0','1';
2018-08-20 09:54:09 EXEC SPC_COM_DATA 'ndq809';
2018-08-20 09:54:09 EXEC SPC_COM_MENU '1';
2018-08-20 09:54:09 EXEC SPC_COM_EXAM_LIST '3','7','1','0','2';
2018-08-20 09:54:10 EXEC SPC_COM_DATA 'ndq809';
2018-08-20 09:54:10 EXEC SPC_COM_MENU '1';
2018-08-20 09:54:10 EXEC SPC_COM_EXAM_LIST '3','7','1','0','1';
2018-08-20 09:54:12 EXEC SPC_COM_DATA 'ndq809';
2018-08-20 09:54:12 EXEC SPC_COM_MENU '1';
2018-08-20 09:54:12 EXEC SPC_COM_EXAM_LIST '3','7','1','1','1';
2018-08-20 09:54:15 EXEC SPC_COM_DATA 'ndq809';
2018-08-20 09:54:15 EXEC SPC_COM_MENU '1';
2018-08-20 09:54:15 EXEC SPC_COM_EXAM_LIST '3','7','1','2','1';
2018-08-20 09:54:19 EXEC SPC_COM_DATA 'ndq809';
2018-08-20 09:54:19 EXEC SPC_COM_MENU '1';
2018-08-20 09:54:19 EXEC SPC_COM_EXAM_LIST '3','7','1','0','1';
2018-08-20 09:54:21 EXEC SPC_COM_DATA 'ndq809';
2018-08-20 09:54:21 EXEC SPC_COM_MENU '1';
2018-08-20 09:54:21 EXEC SPC_COM_EXAM_LIST '3','7','1','1','1';
2018-08-20 09:57:05 EXEC SPC_COM_DATA 'ndq809';
2018-08-20 09:57:05 EXEC SPC_COM_MENU '1';
2018-08-20 09:57:05 EXEC SPC_COM_EXAM_LIST '3','7','1','1','2';
2018-08-20 09:57:06 EXEC SPC_COM_DATA 'ndq809';
2018-08-20 09:57:06 EXEC SPC_COM_MENU '1';
2018-08-20 09:57:06 EXEC SPC_COM_EXAM_LIST '3','7','1','1','1';
2018-08-20 09:57:08 EXEC SPC_COM_DATA 'ndq809';
2018-08-20 09:57:08 EXEC SPC_COM_MENU '1';
2018-08-20 09:57:08 EXEC SPC_COM_EXAM_LIST '3','7','1','1','2';
2018-08-20 09:57:09 EXEC SPC_COM_DATA 'ndq809';
2018-08-20 09:57:09 EXEC SPC_COM_MENU '1';
2018-08-20 09:57:09 EXEC SPC_COM_EXAM_LIST '3','7','1','1','1';
2018-08-20 09:57:13 EXEC SPC_COM_DATA 'ndq809';
2018-08-20 09:57:13 EXEC SPC_COM_MENU '1';
2018-08-20 09:57:13 EXEC SPC_COM_EXAM_LIST '3','7','1','2','1';
2018-08-20 09:57:17 EXEC SPC_COM_DATA 'ndq809';
2018-08-20 09:57:17 EXEC SPC_COM_MENU '1';
2018-08-20 09:57:17 EXEC SPC_COM_EXAM_LIST '3','7','1','1','1';
2018-08-20 09:57:36 EXEC SPC_COM_DATA 'ndq809';
2018-08-20 09:57:36 EXEC SPC_COM_MENU '1';
2018-08-20 09:57:36 EXEC SPC_COM_EXAM_LIST '3','7','1','1','2';
2018-08-20 09:57:37 EXEC SPC_COM_DATA 'ndq809';
2018-08-20 09:57:37 EXEC SPC_COM_MENU '1';
2018-08-20 09:57:37 EXEC SPC_COM_EXAM_LIST '3','7','1','1','1';
2018-08-20 09:58:37 EXEC SPC_COM_DATA 'ndq809';
2018-08-20 09:58:37 EXEC SPC_COM_MENU '1';
2018-08-20 09:58:37 EXEC SPC_COMMON_CATALORUE '1';
2018-08-20 09:58:38 EXEC SPC_COM_MENU '1';
2018-08-20 09:58:38 EXEC SPC_COMMON_GROUP 'CAT-12';
2018-08-20 09:58:38 EXEC SPC_COM_DATA 'ndq809';
2018-08-20 09:58:38 EXEC SPC_COM_MENU '1';
2018-08-20 09:58:38 EXEC SPC_VOCABULARY_LST2 'CAT-12','GRO-14','ndq809';
2018-08-20 09:58:47 EXEC SPC_COM_DATA 'ndq809';
2018-08-20 09:58:47 EXEC SPC_COM_MENU '1';
2018-08-20 09:58:47 EXEC SPC_COM_EXAM_LIST '4','8','1','1','1';
2018-08-20 09:58:49 EXEC SPC_COM_DATA 'ndq809';
2018-08-20 09:58:49 EXEC SPC_COM_MENU '1';
2018-08-20 09:58:49 EXEC SPC_COM_EXAM_LIST '4','8','1','2','1';
2018-08-20 09:58:51 EXEC SPC_COM_DATA 'ndq809';
2018-08-20 09:58:51 EXEC SPC_COM_MENU '1';
2018-08-20 09:58:51 EXEC SPC_COM_EXAM_LIST '4','8','1','0','1';
2018-08-20 09:59:14 EXEC SPC_COM_DATA 'ndq809';
2018-08-20 09:59:14 EXEC SPC_COM_MENU '1';
2018-08-20 09:59:14 EXEC SPC_COMMON_CATALORUE '1';
2018-08-20 09:59:15 EXEC SPC_COM_MENU '1';
2018-08-20 09:59:15 EXEC SPC_COMMON_GROUP 'CAT-12';
2018-08-20 09:59:15 EXEC SPC_COM_DATA 'ndq809';
2018-08-20 09:59:15 EXEC SPC_COM_MENU '1';
2018-08-20 09:59:15 EXEC SPC_VOCABULARY_LST2 'CAT-12','GRO-14','ndq809';
2018-08-20 09:59:21 EXEC SPC_COM_DATA 'ndq809';
2018-08-20 09:59:21 EXEC SPC_COM_MENU '1';
2018-08-20 09:59:21 EXEC SPC_COM_EXAM_LIST '3','7','1','1','1';
2018-08-20 09:59:24 EXEC SPC_COM_DATA 'ndq809';
2018-08-20 09:59:24 EXEC SPC_COM_MENU '1';
2018-08-20 09:59:24 EXEC SPC_COM_EXAM_LIST '3','7','1','2','1';
2018-08-20 09:59:27 EXEC SPC_COM_DATA 'ndq809';
2018-08-20 09:59:27 EXEC SPC_COM_MENU '1';
2018-08-20 09:59:27 EXEC SPC_COM_EXAM_LIST '3','7','1','2','2';
2018-08-20 09:59:29 EXEC SPC_COM_DATA 'ndq809';
2018-08-20 09:59:29 EXEC SPC_COM_MENU '1';
2018-08-20 09:59:29 EXEC SPC_COM_EXAM_LIST '3','7','1','2','1';
2018-08-20 09:59:35 EXEC SPC_COM_DATA 'ndq809';
2018-08-20 09:59:35 EXEC SPC_COM_MENU '1';
2018-08-20 09:59:35 EXEC SPC_COM_EXAM_LIST '4','8','1','0','1';
2018-08-20 09:59:37 EXEC SPC_COM_DATA 'ndq809';
2018-08-20 09:59:37 EXEC SPC_COM_MENU '1';
2018-08-20 09:59:37 EXEC SPC_COM_EXAM_LIST '4','8','1','1','1';
2018-08-20 09:59:39 EXEC SPC_COM_DATA 'ndq809';
2018-08-20 09:59:39 EXEC SPC_COM_MENU '1';
2018-08-20 09:59:39 EXEC SPC_COM_EXAM_LIST '4','8','1','2','1';
2018-08-20 09:59:59 EXEC SPC_COM_DATA 'ndq809';
2018-08-20 09:59:59 EXEC SPC_COM_MENU '1';
2018-08-20 09:59:59 EXEC SPC_COMMON_CATALORUE '1';
2018-08-20 10:00:00 EXEC SPC_COM_MENU '1';
2018-08-20 10:00:00 EXEC SPC_COMMON_GROUP 'CAT-12';
2018-08-20 10:00:00 EXEC SPC_COM_DATA 'ndq809';
2018-08-20 10:00:00 EXEC SPC_COM_MENU '1';
2018-08-20 10:00:00 EXEC SPC_VOCABULARY_LST2 'CAT-12','GRO-14','ndq809';
2018-08-20 10:01:21 EXEC SPC_COM_DATA 'ndq809';
2018-08-20 10:01:21 EXEC SPC_COM_MENU '1';
2018-08-20 10:01:21 EXEC SPC_COMMON_CATALORUE '1';
2018-08-20 10:01:22 EXEC SPC_COM_MENU '1';
2018-08-20 10:01:22 EXEC SPC_COMMON_GROUP 'CAT-12';
2018-08-20 10:01:22 EXEC SPC_COM_DATA 'ndq809';
2018-08-20 10:01:22 EXEC SPC_COM_MENU '1';
2018-08-20 10:01:22 EXEC SPC_VOCABULARY_LST2 'CAT-12','GRO-14','ndq809';
2018-08-20 10:01:47 EXEC SPC_COM_DATA 'ndq809';
2018-08-20 10:01:47 EXEC SPC_COM_MENU '1';
2018-08-20 10:01:47 EXEC SPC_COM_ADD_EXAM '3','7','1','go to school with me','đi học với tôi','ndq809','127.0.0.1';
2018-08-20 10:01:47 EXEC SPC_COM_DATA 'ndq809';
2018-08-20 10:01:47 EXEC SPC_COM_MENU '1';
2018-08-20 10:01:47 EXEC SPC_COM_EXAM_LIST '3','7','1','1','1';
2018-08-20 10:02:04 EXEC SPC_COM_DATA 'ndq809';
2018-08-20 10:02:04 EXEC SPC_COM_MENU '1';
2018-08-20 10:02:04 EXEC SPC_COM_EXAM_LIST '3','7','1','1','2';
2018-08-20 10:02:05 EXEC SPC_COM_DATA 'ndq809';
2018-08-20 10:02:05 EXEC SPC_COM_MENU '1';
2018-08-20 10:02:05 EXEC SPC_COM_EXAM_LIST '3','7','1','1','1';
2018-08-20 10:02:57 EXEC SPC_COM_DATA 'ndq809';
2018-08-20 10:02:58 EXEC SPC_COM_MENU '1';
2018-08-20 10:02:58 EXEC SPC_COM_EXAM_LIST '3','7','1','2','1';
2018-08-20 10:03:02 EXEC SPC_COM_DATA 'ndq809';
2018-08-20 10:03:02 EXEC SPC_COM_MENU '1';
2018-08-20 10:03:02 EXEC SPC_COM_EXAM_LIST '3','7','1','0','1';
2018-08-20 10:03:04 EXEC SPC_COM_DATA 'ndq809';
2018-08-20 10:03:04 EXEC SPC_COM_MENU '1';
2018-08-20 10:03:04 EXEC SPC_COM_EXAM_LIST '3','7','1','1','1';
2018-08-20 10:04:59 EXEC SPC_COM_DATA 'ndq809';
2018-08-20 10:05:00 EXEC SPC_COM_MENU '1';
2018-08-20 10:05:00 EXEC SPC_COMMON_CATALORUE '1';
2018-08-20 10:05:02 EXEC SPC_COM_MENU '1';
2018-08-20 10:05:02 EXEC SPC_COMMON_GROUP 'CAT-12';
2018-08-20 10:05:02 EXEC SPC_COM_DATA 'ndq809';
2018-08-20 10:05:02 EXEC SPC_COM_MENU '1';
2018-08-20 10:05:02 EXEC SPC_VOCABULARY_LST2 'CAT-12','GRO-14','ndq809';
2018-08-20 10:05:16 EXEC SPC_COM_DATA 'ndq809';
2018-08-20 10:05:16 EXEC SPC_COM_MENU '1';
2018-08-20 10:05:16 EXEC SPC_COM_EXAM_LIST '3','7','1','0','2';
2018-08-20 10:05:19 EXEC SPC_COM_DATA 'ndq809';
2018-08-20 10:05:19 EXEC SPC_COM_MENU '1';
2018-08-20 10:05:19 EXEC SPC_COM_EXAM_LIST '3','7','1','0','1';
2018-08-20 10:05:20 EXEC SPC_COM_DATA 'ndq809';
2018-08-20 10:05:20 EXEC SPC_COM_MENU '1';
2018-08-20 10:05:20 EXEC SPC_COM_EXAM_LIST '3','7','1','2','1';
2018-08-20 10:05:29 EXEC SPC_COM_DATA 'ndq809';
2018-08-20 10:05:29 EXEC SPC_COM_MENU '1';
2018-08-20 10:05:29 EXEC SPC_COM_EXAM_LIST '3','7','1','1','1';
2018-08-20 10:05:33 EXEC SPC_COM_DATA 'ndq809';
2018-08-20 10:05:33 EXEC SPC_COM_MENU '1';
2018-08-20 10:05:33 EXEC SPC_COM_EXAM_LIST '3','7','1','2','1';
2018-08-20 10:05:44 EXEC SPC_COM_DATA 'ndq809';
2018-08-20 10:05:44 EXEC SPC_COM_MENU '1';
2018-08-20 10:05:44 EXEC SPC_COM_EXAM_LIST '3','7','1','2','2';
2018-08-20 10:06:11 EXEC SPC_COM_DATA 'ndq809';
2018-08-20 10:06:11 EXEC SPC_COM_MENU '1';
2018-08-20 10:06:11 EXEC SPC_COM_EXAM_LIST '3','7','1','1','1';
2018-08-20 10:06:16 EXEC SPC_COM_DATA 'ndq809';
2018-08-20 10:06:16 EXEC SPC_COM_MENU '1';
2018-08-20 10:06:16 EXEC SPC_COM_EXAM_LIST '3','7','1','1','2';
2018-08-20 10:06:17 EXEC SPC_COM_DATA 'ndq809';
2018-08-20 10:06:17 EXEC SPC_COM_MENU '1';
2018-08-20 10:06:17 EXEC SPC_COM_EXAM_LIST '3','7','1','1','1';
2018-08-20 10:07:58 EXEC SPC_COM_DATA 'ndq809';
2018-08-20 10:07:58 EXEC SPC_COM_MENU '1';
2018-08-20 10:07:58 EXEC SPC_COMMON_CATALORUE '1';
2018-08-20 10:07:59 EXEC SPC_COM_MENU '1';
2018-08-20 10:07:59 EXEC SPC_COMMON_GROUP 'CAT-12';
2018-08-20 10:07:59 EXEC SPC_COM_DATA 'ndq809';
2018-08-20 10:07:59 EXEC SPC_COM_MENU '1';
2018-08-20 10:07:59 EXEC SPC_VOCABULARY_LST2 'CAT-12','GRO-14','ndq809';
2018-08-20 10:08:42 EXEC SPC_COM_DATA 'ndq809';
2018-08-20 10:08:42 EXEC SPC_COM_MENU '1';
2018-08-20 10:08:42 EXEC SPC_COMMON_CATALORUE '1';
2018-08-20 10:08:43 EXEC SPC_COM_MENU '1';
2018-08-20 10:08:43 EXEC SPC_COMMON_GROUP 'CAT-12';
2018-08-20 10:08:43 EXEC SPC_COM_DATA 'ndq809';
2018-08-20 10:08:43 EXEC SPC_COM_MENU '1';
2018-08-20 10:08:43 EXEC SPC_VOCABULARY_LST2 'CAT-12','GRO-14','ndq809';
2018-08-20 10:10:09 EXEC SPC_COM_DATA 'ndq809';
2018-08-20 10:10:09 EXEC SPC_COM_MENU '1';
2018-08-20 10:10:09 EXEC SPC_COMMON_CATALORUE '1';
2018-08-20 10:10:10 EXEC SPC_COM_MENU '1';
2018-08-20 10:10:10 EXEC SPC_COMMON_GROUP 'CAT-12';
2018-08-20 10:10:10 EXEC SPC_COM_DATA 'ndq809';
2018-08-20 10:10:10 EXEC SPC_COM_MENU '1';
2018-08-20 10:10:10 EXEC SPC_VOCABULARY_LST2 'CAT-12','GRO-14','ndq809';
2018-08-20 10:10:34 EXEC SPC_COM_DATA 'ndq809';
2018-08-20 10:10:34 EXEC SPC_COM_MENU '1';
2018-08-20 10:10:34 EXEC SPC_COM_EXAM_LIST '3','7','1','1','1';
2018-08-20 10:10:46 EXEC SPC_COM_DATA 'ndq809';
2018-08-20 10:10:46 EXEC SPC_COM_MENU '1';
2018-08-20 10:10:46 EXEC SPC_COM_EXAM_LIST '3','7','1','1','2';
2018-08-20 10:13:00 EXEC SPC_COM_DATA 'ndq809';
2018-08-20 10:13:00 EXEC SPC_COM_MENU '1';
2018-08-20 10:13:00 EXEC SPC_COMMON_CATALORUE '1';
2018-08-20 10:13:00 EXEC SPC_COM_MENU '1';
2018-08-20 10:13:00 EXEC SPC_COMMON_GROUP 'CAT-12';
2018-08-20 10:13:00 EXEC SPC_COM_DATA 'ndq809';
2018-08-20 10:13:00 EXEC SPC_COM_MENU '1';
2018-08-20 10:13:00 EXEC SPC_VOCABULARY_LST2 'CAT-12','GRO-14','ndq809';
2018-08-20 10:16:36 EXEC SPC_COM_DATA 'ndq809';
2018-08-20 10:16:36 EXEC SPC_COM_MENU '1';
2018-08-20 10:16:36 EXEC SPC_COMMON_CATALORUE '1';
2018-08-20 10:16:37 EXEC SPC_COM_MENU '1';
2018-08-20 10:16:37 EXEC SPC_COMMON_GROUP 'CAT-12';
2018-08-20 10:16:37 EXEC SPC_COM_DATA 'ndq809';
2018-08-20 10:16:37 EXEC SPC_COM_MENU '1';
2018-08-20 10:16:37 EXEC SPC_VOCABULARY_LST2 'CAT-12','GRO-14','ndq809';
2018-08-20 10:16:51 EXEC SPC_COM_DATA 'ndq809';
2018-08-20 10:16:51 EXEC SPC_COM_MENU '1';
2018-08-20 10:16:51 EXEC SPC_COM_EXAM_LIST '3','7','1','2','1';
2018-08-20 10:16:53 EXEC SPC_COM_DATA 'ndq809';
2018-08-20 10:16:53 EXEC SPC_COM_MENU '1';
2018-08-20 10:16:53 EXEC SPC_COM_ADD_LESSON '1','CAT-12','GRO-14','ndq809','127.0.0.1';
2018-08-20 10:17:01 EXEC SPC_COM_DATA 'ndq809';
2018-08-20 10:17:01 EXEC SPC_COM_MENU '1';
2018-08-20 10:17:01 EXEC SPC_COM_EXAM_LIST '3','7','1','1','1';
2018-08-20 10:18:57 EXEC SPC_COM_DATA 'ndq809';
2018-08-20 10:18:57 EXEC SPC_COM_MENU '1';
2018-08-20 10:18:57 EXEC SPC_COMMON_CATALORUE '1';
2018-08-20 10:18:58 EXEC SPC_COM_MENU '1';
2018-08-20 10:18:58 EXEC SPC_COMMON_GROUP 'CAT-12';
2018-08-20 10:18:58 EXEC SPC_COM_DATA 'ndq809';
2018-08-20 10:18:58 EXEC SPC_COM_MENU '1';
2018-08-20 10:18:58 EXEC SPC_VOCABULARY_LST2 'CAT-12','GRO-14','ndq809';
2018-08-20 10:19:09 EXEC SPC_COM_DATA 'ndq809';
2018-08-20 10:19:09 EXEC SPC_COM_MENU '1';
2018-08-20 10:19:09 EXEC SPC_COM_EXAM_LIST '3','7','1','2','1';
2018-08-20 10:19:11 EXEC SPC_COM_DATA 'ndq809';
2018-08-20 10:19:11 EXEC SPC_COM_MENU '1';
2018-08-20 10:19:11 EXEC SPC_COM_EXAM_LIST '3','7','1','1','1';
2018-08-20 10:19:13 EXEC SPC_COM_DATA 'ndq809';
2018-08-20 10:19:13 EXEC SPC_COM_MENU '1';
2018-08-20 10:19:13 EXEC SPC_COM_EXAM_LIST '3','7','1','1','2';
2018-08-20 10:19:14 EXEC SPC_COM_DATA 'ndq809';
2018-08-20 10:19:14 EXEC SPC_COM_MENU '1';
2018-08-20 10:19:14 EXEC SPC_COM_EXAM_LIST '3','7','1','1','1';
2018-08-20 10:19:30 EXEC SPC_COM_DATA 'ndq809';
2018-08-20 10:19:30 EXEC SPC_COM_MENU '1';
2018-08-20 10:19:30 EXEC SPC_COM_EXAM_LIST '1','5','1','2','1';
2018-08-20 10:19:33 EXEC SPC_COM_DATA 'ndq809';
2018-08-20 10:19:33 EXEC SPC_COM_MENU '1';
2018-08-20 10:19:33 EXEC SPC_COM_EXAM_LIST '1','5','1','0','1';
2018-08-20 10:19:36 EXEC SPC_COM_DATA 'ndq809';
2018-08-20 10:19:36 EXEC SPC_COM_MENU '1';
2018-08-20 10:19:36 EXEC SPC_COM_EXAM_LIST '1','5','1','1','1';
2018-08-20 10:19:37 EXEC SPC_COM_DATA 'ndq809';
2018-08-20 10:19:37 EXEC SPC_COM_MENU '1';
2018-08-20 10:19:37 EXEC SPC_COM_EXAM_LIST '1','5','1','2','1';
2018-08-20 10:19:40 EXEC SPC_COM_DATA 'ndq809';
2018-08-20 10:19:40 EXEC SPC_COM_MENU '1';
2018-08-20 10:19:40 EXEC SPC_COM_EXAM_LIST '1','5','1','0','1';
2018-08-20 10:19:47 EXEC SPC_COM_DATA 'ndq809';
2018-08-20 10:19:47 EXEC SPC_COM_MENU '1';
2018-08-20 10:19:47 EXEC SPC_COM_EXAM_LIST '2','6','1','1','1';
2018-08-20 10:21:03 EXEC SPC_COM_DATA 'ndq809';
2018-08-20 10:21:03 EXEC SPC_COM_MENU '1';
2018-08-20 10:21:03 EXEC SPC_VOCABULARY_LST2 'CAT-12','GRO-5','ndq809';
2018-08-20 10:21:06 EXEC SPC_COM_DATA 'ndq809';
2018-08-20 10:21:06 EXEC SPC_COM_MENU '1';
2018-08-20 10:21:06 EXEC SPC_VOCABULARY_LST2 'CAT-12','GRO-7','ndq809';
2018-08-20 10:21:08 EXEC SPC_COM_DATA 'ndq809';
2018-08-20 10:21:08 EXEC SPC_COM_MENU '1';
2018-08-20 10:21:08 EXEC SPC_VOCABULARY_LST2 'CAT-12','GRO-14','ndq809';
2018-08-20 10:48:04 EXEC SPC_COM_DATA 'ndq809';
2018-08-20 10:48:04 EXEC SPC_COM_MENU '1';
2018-08-20 10:48:05 EXEC SPC_COM_EXAM_LIST '3','7','1','0','2';
2018-08-20 10:48:15 EXEC SPC_COM_DATA 'ndq809';
2018-08-20 10:48:15 EXEC SPC_COM_MENU '1';
2018-08-20 10:48:15 EXEC SPC_COM_EXAM_LIST '3','7','1','0','1';
2018-08-20 10:48:17 EXEC SPC_COM_DATA 'ndq809';
2018-08-20 10:48:17 EXEC SPC_COM_MENU '1';
2018-08-20 10:48:17 EXEC SPC_COM_EXAM_LIST '3','7','1','0','2';
2018-08-20 10:48:18 EXEC SPC_COM_DATA 'ndq809';
2018-08-20 10:48:19 EXEC SPC_COM_MENU '1';
2018-08-20 10:48:19 EXEC SPC_COM_EXAM_LIST '3','7','1','0','1';
2018-08-20 10:48:23 EXEC SPC_COM_DATA 'ndq809';
2018-08-20 10:48:24 EXEC SPC_COM_MENU '1';
2018-08-20 10:48:24 EXEC SPC_COM_EXAM_LIST '3','7','1','0','2';
2018-08-20 10:48:25 EXEC SPC_COM_DATA 'ndq809';
2018-08-20 10:48:25 EXEC SPC_COM_MENU '1';
2018-08-20 10:48:25 EXEC SPC_COM_EXAM_LIST '3','7','1','0','1';
2018-08-20 10:48:28 EXEC SPC_COM_DATA 'ndq809';
2018-08-20 10:48:28 EXEC SPC_COM_MENU '1';
2018-08-20 10:48:28 EXEC SPC_COM_EXAM_LIST '3','7','1','0','2';
2018-08-20 10:48:29 EXEC SPC_COM_DATA 'ndq809';
2018-08-20 10:48:29 EXEC SPC_COM_MENU '1';
2018-08-20 10:48:29 EXEC SPC_COM_EXAM_LIST '3','7','1','0','1';
2018-08-20 10:48:31 EXEC SPC_COM_DATA 'ndq809';
2018-08-20 10:48:31 EXEC SPC_COM_MENU '1';
2018-08-20 10:48:31 EXEC SPC_COM_EXAM_LIST '3','7','1','0','2';
2018-08-20 10:48:57 EXEC SPC_COM_DATA 'ndq809';
2018-08-20 10:48:58 EXEC SPC_COM_MENU '1';
2018-08-20 10:48:58 EXEC SPC_COM_EXAM_LIST '3','7','1','0','1';
2018-08-20 10:48:59 EXEC SPC_COM_DATA 'ndq809';
2018-08-20 10:49:00 EXEC SPC_COM_MENU '1';
2018-08-20 10:49:00 EXEC SPC_COM_EXAM_LIST '3','7','1','1','1';
2018-08-20 10:49:01 EXEC SPC_COM_DATA 'ndq809';
2018-08-20 10:49:01 EXEC SPC_COM_MENU '1';
2018-08-20 10:49:01 EXEC SPC_COM_EXAM_LIST '3','7','1','2','1';
2018-08-20 10:49:30 EXEC SPC_COM_DATA 'ndq809';
2018-08-20 10:49:30 EXEC SPC_COM_MENU '1';
2018-08-20 10:49:30 EXEC SPC_COMMON_CATALORUE '1';
2018-08-20 10:49:31 EXEC SPC_COM_MENU '1';
2018-08-20 10:49:31 EXEC SPC_COMMON_GROUP 'CAT-12';
2018-08-20 10:49:31 EXEC SPC_COM_DATA 'ndq809';
2018-08-20 10:49:31 EXEC SPC_COM_MENU '1';
2018-08-20 10:49:31 EXEC SPC_VOCABULARY_LST2 'CAT-12','GRO-14','ndq809';
2018-08-20 10:49:34 EXEC SPC_COM_DATA 'ndq809';
2018-08-20 10:49:34 EXEC SPC_COM_MENU '1';
2018-08-20 10:49:34 EXEC SPC_COM_EXAM_LIST '3','7','1','0','2';
2018-08-20 10:49:36 EXEC SPC_COM_DATA 'ndq809';
2018-08-20 10:49:36 EXEC SPC_COM_MENU '1';
2018-08-20 10:49:36 EXEC SPC_COM_EXAM_LIST '3','7','1','0','1';
2018-08-20 10:49:37 EXEC SPC_COM_DATA 'ndq809';
2018-08-20 10:49:37 EXEC SPC_COM_MENU '1';
2018-08-20 10:49:37 EXEC SPC_COM_EXAM_LIST '3','7','1','0','2';
2018-08-20 10:49:39 EXEC SPC_COM_DATA 'ndq809';
2018-08-20 10:49:39 EXEC SPC_COM_MENU '1';
2018-08-20 10:49:39 EXEC SPC_COM_EXAM_LIST '3','7','1','0','1';
2018-08-20 10:49:40 EXEC SPC_COM_DATA 'ndq809';
2018-08-20 10:49:40 EXEC SPC_COM_MENU '1';
2018-08-20 10:49:40 EXEC SPC_COM_EXAM_LIST '3','7','1','0','2';
2018-08-20 10:49:42 EXEC SPC_COM_DATA 'ndq809';
2018-08-20 10:49:42 EXEC SPC_COM_MENU '1';
2018-08-20 10:49:42 EXEC SPC_COM_EXAM_LIST '3','7','1','0','1';
2018-08-20 10:51:55 EXEC SPC_COM_DATA 'ndq809';
2018-08-20 10:51:55 EXEC SPC_COM_MENU '1';
2018-08-20 10:51:55 EXEC SPC_COMMON_CATALORUE '1';
2018-08-20 10:51:56 EXEC SPC_COM_MENU '1';
2018-08-20 10:51:56 EXEC SPC_COMMON_GROUP 'CAT-12';
2018-08-20 10:51:56 EXEC SPC_COM_DATA 'ndq809';
2018-08-20 10:51:56 EXEC SPC_COM_MENU '1';
2018-08-20 10:51:56 EXEC SPC_VOCABULARY_LST2 'CAT-12','GRO-14','ndq809';
2018-08-20 10:51:59 EXEC SPC_COM_DATA 'ndq809';
2018-08-20 10:51:59 EXEC SPC_COM_MENU '1';
2018-08-20 10:51:59 EXEC SPC_COM_EXAM_LIST '3','7','1','0','2';
2018-08-20 10:52:00 EXEC SPC_COM_DATA 'ndq809';
2018-08-20 10:52:00 EXEC SPC_COM_MENU '1';
2018-08-20 10:52:00 EXEC SPC_COM_EXAM_LIST '3','7','1','0','1';
2018-08-20 10:52:02 EXEC SPC_COM_DATA 'ndq809';
2018-08-20 10:52:02 EXEC SPC_COM_MENU '1';
2018-08-20 10:52:02 EXEC SPC_COM_EXAM_LIST '3','7','1','0','2';
2018-08-20 10:52:03 EXEC SPC_COM_DATA 'ndq809';
2018-08-20 10:52:03 EXEC SPC_COM_MENU '1';
2018-08-20 10:52:03 EXEC SPC_COM_EXAM_LIST '3','7','1','0','1';
2018-08-20 10:52:11 EXEC SPC_COM_DATA 'ndq809';
2018-08-20 10:52:11 EXEC SPC_COM_MENU '1';
2018-08-20 10:52:11 EXEC SPC_COM_EXAM_LIST '3','7','1','0','2';
2018-08-20 10:52:12 EXEC SPC_COM_DATA 'ndq809';
2018-08-20 10:52:12 EXEC SPC_COM_MENU '1';
2018-08-20 10:52:12 EXEC SPC_COM_EXAM_LIST '3','7','1','0','1';
2018-08-20 10:52:21 EXEC SPC_COM_DATA 'ndq809';
2018-08-20 10:52:21 EXEC SPC_COM_MENU '1';
2018-08-20 10:52:21 EXEC SPC_COM_EXAM_LIST '3','7','1','0','2';
2018-08-20 10:52:22 EXEC SPC_COM_DATA 'ndq809';
2018-08-20 10:52:22 EXEC SPC_COM_MENU '1';
2018-08-20 10:52:22 EXEC SPC_COM_EXAM_LIST '3','7','1','0','1';
2018-08-20 10:52:24 EXEC SPC_COM_DATA 'ndq809';
2018-08-20 10:52:24 EXEC SPC_COM_MENU '1';
2018-08-20 10:52:24 EXEC SPC_COM_EXAM_LIST '3','7','1','0','2';
2018-08-20 10:52:25 EXEC SPC_COM_DATA 'ndq809';
2018-08-20 10:52:25 EXEC SPC_COM_MENU '1';
2018-08-20 10:52:25 EXEC SPC_COM_EXAM_LIST '3','7','1','0','1';
2018-08-20 10:52:26 EXEC SPC_COM_DATA 'ndq809';
2018-08-20 10:52:26 EXEC SPC_COM_MENU '1';
2018-08-20 10:52:26 EXEC SPC_COM_EXAM_LIST '3','7','1','0','2';
2018-08-20 10:52:27 EXEC SPC_COM_DATA 'ndq809';
2018-08-20 10:52:27 EXEC SPC_COM_MENU '1';
2018-08-20 10:52:27 EXEC SPC_COM_EXAM_LIST '3','7','1','0','1';
2018-08-20 10:52:57 EXEC SPC_COM_DATA 'ndq809';
2018-08-20 10:52:57 EXEC SPC_COM_MENU '1';
2018-08-20 10:52:57 EXEC SPC_COMMON_CATALORUE '1';
2018-08-20 10:52:57 EXEC SPC_COM_MENU '1';
2018-08-20 10:52:57 EXEC SPC_COMMON_GROUP 'CAT-12';
2018-08-20 10:52:57 EXEC SPC_COM_DATA 'ndq809';
2018-08-20 10:52:57 EXEC SPC_COM_MENU '1';
2018-08-20 10:52:57 EXEC SPC_VOCABULARY_LST2 'CAT-12','GRO-14','ndq809';
2018-08-20 10:52:59 EXEC SPC_COM_DATA 'ndq809';
2018-08-20 10:52:59 EXEC SPC_COM_MENU '1';
2018-08-20 10:52:59 EXEC SPC_COM_REMEMBER '1','2','3','7','1','ndq809','127.0.0.1';
2018-08-20 10:53:03 EXEC SPC_COM_DATA 'ndq809';
2018-08-20 10:53:03 EXEC SPC_COM_MENU '1';
2018-08-20 10:53:03 EXEC SPC_COM_FORGET '3','7','1';
2018-08-20 10:53:28 EXEC SPC_COM_DATA 'ndq809';
2018-08-20 10:53:28 EXEC SPC_COM_MENU '1';
2018-08-20 10:53:28 EXEC SPC_COMMON_CATALORUE '1';
2018-08-20 10:53:28 EXEC SPC_COM_MENU '1';
2018-08-20 10:53:28 EXEC SPC_COMMON_GROUP 'CAT-12';
2018-08-20 10:53:28 EXEC SPC_COM_DATA 'ndq809';
2018-08-20 10:53:28 EXEC SPC_COM_MENU '1';
2018-08-20 10:53:29 EXEC SPC_VOCABULARY_LST2 'CAT-12','GRO-14','ndq809';
2018-08-20 10:53:30 EXEC SPC_COM_DATA 'ndq809';
2018-08-20 10:53:30 EXEC SPC_COM_MENU '1';
2018-08-20 10:53:31 EXEC SPC_COM_REMEMBER '1','2','3','7','1','ndq809','127.0.0.1';
2018-08-20 10:53:33 EXEC SPC_COM_DATA 'ndq809';
2018-08-20 10:53:33 EXEC SPC_COM_MENU '1';
2018-08-20 10:53:33 EXEC SPC_COM_FORGET '3','7','1';
2018-08-20 10:53:39 EXEC SPC_COM_DATA 'ndq809';
2018-08-20 10:53:39 EXEC SPC_COM_MENU '1';
2018-08-20 10:53:39 EXEC SPC_VOCABULARY_LST2 'CAT-12','GRO-5','ndq809';
2018-08-20 10:53:40 EXEC SPC_COM_DATA 'ndq809';
2018-08-20 10:53:40 EXEC SPC_COM_MENU '1';
2018-08-20 10:53:40 EXEC SPC_COM_ADD_LESSON '1','CAT-12','GRO-5','ndq809','127.0.0.1';
2018-08-20 10:53:46 EXEC SPC_COM_DATA 'ndq809';
2018-08-20 10:53:46 EXEC SPC_COM_MENU '1';
2018-08-20 10:53:46 EXEC SPC_COM_DELETE_LESSON '37','ndq809','127.0.0.1';
2018-08-20 10:53:47 EXEC SPC_COM_MENU '1';
2018-08-20 10:53:47 EXEC SPC_COMMON_GROUP 'CAT-12';
2018-08-20 10:53:47 EXEC SPC_COM_DATA 'ndq809';
2018-08-20 10:53:47 EXEC SPC_COM_MENU '1';
2018-08-20 10:53:47 EXEC SPC_VOCABULARY_LST2 'CAT-12','GRO-14','ndq809';
2018-08-20 10:54:07 EXEC SPC_COM_DATA 'ndq809';
2018-08-20 10:54:07 EXEC SPC_COM_MENU '1';
2018-08-20 10:54:07 EXEC SPC_COM_EXAM_LIST '3','7','1','0','2';
2018-08-20 10:54:09 EXEC SPC_COM_DATA 'ndq809';
2018-08-20 10:54:09 EXEC SPC_COM_MENU '1';
2018-08-20 10:54:09 EXEC SPC_COM_EXAM_LIST '3','7','1','0','1';
2018-08-20 10:54:10 EXEC SPC_COM_DATA 'ndq809';
2018-08-20 10:54:10 EXEC SPC_COM_MENU '1';
2018-08-20 10:54:10 EXEC SPC_COM_EXAM_LIST '3','7','1','0','2';
2018-08-20 10:54:13 EXEC SPC_COM_DATA 'ndq809';
2018-08-20 10:54:13 EXEC SPC_COM_MENU '1';
2018-08-20 10:54:13 EXEC SPC_COM_EXAM_LIST '3','7','1','0','1';
2018-08-20 10:54:14 EXEC SPC_COM_DATA 'ndq809';
2018-08-20 10:54:14 EXEC SPC_COM_MENU '1';
2018-08-20 10:54:14 EXEC SPC_COM_EXAM_LIST '3','7','1','0','2';
2018-08-20 10:54:15 EXEC SPC_COM_DATA 'ndq809';
2018-08-20 10:54:15 EXEC SPC_COM_MENU '1';
2018-08-20 10:54:15 EXEC SPC_COM_EXAM_LIST '3','7','1','0','1';
2018-08-20 10:54:17 EXEC SPC_COM_DATA 'ndq809';
2018-08-20 10:54:17 EXEC SPC_COM_MENU '1';
2018-08-20 10:54:17 EXEC SPC_COM_EXAM_LIST '3','7','1','0','2';
2018-08-20 10:54:19 EXEC SPC_COM_DATA 'ndq809';
2018-08-20 10:54:19 EXEC SPC_COM_MENU '1';
2018-08-20 10:54:19 EXEC SPC_COM_EXAM_LIST '3','7','1','0','1';
2018-08-20 10:54:50 EXEC SPC_COM_DATA 'ndq809';
2018-08-20 10:54:50 EXEC SPC_COM_MENU '1';
2018-08-20 10:54:50 EXEC SPC_COM_EXAM_LIST '3','7','1','0','2';
2018-08-20 10:54:52 EXEC SPC_COM_DATA 'ndq809';
2018-08-20 10:54:52 EXEC SPC_COM_MENU '1';
2018-08-20 10:54:52 EXEC SPC_COM_EXAM_LIST '3','7','1','0','1';
2018-08-20 10:54:53 EXEC SPC_COM_DATA 'ndq809';
2018-08-20 10:54:53 EXEC SPC_COM_MENU '1';
2018-08-20 10:54:53 EXEC SPC_COM_EXAM_LIST '3','7','1','0','2';
2018-08-20 10:54:55 EXEC SPC_COM_DATA 'ndq809';
2018-08-20 10:54:55 EXEC SPC_COM_MENU '1';
2018-08-20 10:54:55 EXEC SPC_COM_EXAM_LIST '3','7','1','0','1';
2018-08-20 10:54:57 EXEC SPC_COM_DATA 'ndq809';
2018-08-20 10:54:57 EXEC SPC_COM_MENU '1';
2018-08-20 10:54:57 EXEC SPC_COM_EXAM_LIST '3','7','1','0','2';
2018-08-20 10:54:59 EXEC SPC_COM_DATA 'ndq809';
2018-08-20 10:54:59 EXEC SPC_COM_MENU '1';
2018-08-20 10:54:59 EXEC SPC_COM_EXAM_LIST '3','7','1','0','1';
2018-08-20 10:55:00 EXEC SPC_COM_DATA 'ndq809';
2018-08-20 10:55:00 EXEC SPC_COM_MENU '1';
2018-08-20 10:55:00 EXEC SPC_COM_EXAM_LIST '3','7','1','0','2.0';
2018-08-20 10:55:00 SQLSTATE[42000]: [Microsoft][ODBC Driver 13 for SQL Server][SQL Server]データ型 nvarchar を int に変換中にエラーが発生しました。
2018-08-20 10:55:04 EXEC SPC_COM_DATA 'ndq809';
2018-08-20 10:55:04 EXEC SPC_COM_MENU '1';
2018-08-20 10:55:04 EXEC SPC_COM_EXAM_LIST '3','7','1','0','2.0';
2018-08-20 10:55:04 SQLSTATE[42000]: [Microsoft][ODBC Driver 13 for SQL Server][SQL Server]データ型 nvarchar を int に変換中にエラーが発生しました。
2018-08-20 10:55:06 EXEC SPC_COM_DATA 'ndq809';
2018-08-20 10:55:06 EXEC SPC_COM_MENU '1';
2018-08-20 10:55:06 EXEC SPC_COM_EXAM_LIST '3','7','1','0','2.0';
2018-08-20 10:55:06 SQLSTATE[42000]: [Microsoft][ODBC Driver 13 for SQL Server][SQL Server]データ型 nvarchar を int に変換中にエラーが発生しました。
2018-08-20 10:57:08 EXEC SPC_COM_DATA 'ndq809';
2018-08-20 10:57:08 EXEC SPC_COM_MENU '1';
2018-08-20 10:57:08 EXEC SPC_COMMON_CATALORUE '1';
2018-08-20 10:57:08 EXEC SPC_COM_MENU '1';
2018-08-20 10:57:08 EXEC SPC_COMMON_GROUP 'CAT-12';
2018-08-20 10:57:08 EXEC SPC_COM_DATA 'ndq809';
2018-08-20 10:57:08 EXEC SPC_COM_MENU '1';
2018-08-20 10:57:08 EXEC SPC_VOCABULARY_LST2 'CAT-12','GRO-14','ndq809';
2018-08-20 10:57:14 EXEC SPC_COM_DATA 'ndq809';
2018-08-20 10:57:14 EXEC SPC_COM_MENU '1';
2018-08-20 10:57:14 EXEC SPC_COM_EXAM_LIST '3','7','1','0','2';
2018-08-20 10:57:16 EXEC SPC_COM_DATA 'ndq809';
2018-08-20 10:57:16 EXEC SPC_COM_MENU '1';
2018-08-20 10:57:16 EXEC SPC_COM_EXAM_LIST '3','7','1','0','1';
2018-08-20 10:57:20 EXEC SPC_COM_DATA 'ndq809';
2018-08-20 10:57:20 EXEC SPC_COM_MENU '1';
2018-08-20 10:57:20 EXEC SPC_COM_EXAM_LIST '3','7','1','0','2';
2018-08-20 10:57:21 EXEC SPC_COM_DATA 'ndq809';
2018-08-20 10:57:21 EXEC SPC_COM_MENU '1';
2018-08-20 10:57:21 EXEC SPC_COM_EXAM_LIST '3','7','1','0','1';
2018-08-20 10:57:28 EXEC SPC_COM_DATA 'ndq809';
2018-08-20 10:57:28 EXEC SPC_COM_MENU '1';
2018-08-20 10:57:28 EXEC SPC_COM_EXAM_LIST '3','7','1','0','2.0';
2018-08-20 10:57:28 SQLSTATE[42000]: [Microsoft][ODBC Driver 13 for SQL Server][SQL Server]データ型 nvarchar を int に変換中にエラーが発生しました。
2018-08-20 10:57:37 EXEC SPC_COM_DATA 'ndq809';
2018-08-20 10:57:37 EXEC SPC_COM_MENU '1';
2018-08-20 10:57:37 EXEC SPC_COM_EXAM_LIST '3','7','1','0','2';
2018-08-20 10:57:48 EXEC SPC_COM_DATA 'ndq809';
2018-08-20 10:57:48 EXEC SPC_COM_MENU '1';
2018-08-20 10:57:48 EXEC SPC_COM_EXAM_LIST '3','7','1','0','1';
2018-08-20 10:59:03 EXEC SPC_COM_DATA 'ndq809';
2018-08-20 10:59:03 EXEC SPC_COM_MENU '1';
2018-08-20 10:59:03 EXEC SPC_COMMON_CATALORUE '1';
2018-08-20 10:59:03 EXEC SPC_COM_MENU '1';
2018-08-20 10:59:03 EXEC SPC_COMMON_GROUP 'CAT-12';
2018-08-20 10:59:03 EXEC SPC_COM_DATA 'ndq809';
2018-08-20 10:59:04 EXEC SPC_COM_MENU '1';
2018-08-20 10:59:04 EXEC SPC_VOCABULARY_LST2 'CAT-12','GRO-14','ndq809';
2018-08-20 10:59:07 EXEC SPC_COM_DATA 'ndq809';
2018-08-20 10:59:07 EXEC SPC_COM_MENU '1';
2018-08-20 10:59:07 EXEC SPC_COM_EXAM_LIST '3','7','1','0','2';
2018-08-20 10:59:16 EXEC SPC_COM_DATA 'ndq809';
2018-08-20 10:59:16 EXEC SPC_COM_MENU '1';
2018-08-20 10:59:16 EXEC SPC_COM_EXAM_LIST '3','7','1','0','1';
2018-08-20 10:59:17 EXEC SPC_COM_DATA 'ndq809';
2018-08-20 10:59:17 EXEC SPC_COM_MENU '1';
2018-08-20 10:59:17 EXEC SPC_COM_EXAM_LIST '3','7','1','0','2';
2018-08-20 10:59:18 EXEC SPC_COM_DATA 'ndq809';
2018-08-20 10:59:18 EXEC SPC_COM_MENU '1';
2018-08-20 10:59:18 EXEC SPC_COM_EXAM_LIST '3','7','1','0','1';
2018-08-20 10:59:19 EXEC SPC_COM_DATA 'ndq809';
2018-08-20 10:59:19 EXEC SPC_COM_MENU '1';
2018-08-20 10:59:19 EXEC SPC_COM_EXAM_LIST '3','7','1','0','2';
2018-08-20 10:59:20 EXEC SPC_COM_DATA 'ndq809';
2018-08-20 10:59:20 EXEC SPC_COM_MENU '1';
2018-08-20 10:59:20 EXEC SPC_COM_EXAM_LIST '3','7','1','0','1';
2018-08-20 10:59:21 EXEC SPC_COM_DATA 'ndq809';
2018-08-20 10:59:21 EXEC SPC_COM_MENU '1';
2018-08-20 10:59:21 EXEC SPC_COM_EXAM_LIST '3','7','1','0','2';
2018-08-20 10:59:22 EXEC SPC_COM_DATA 'ndq809';
2018-08-20 10:59:22 EXEC SPC_COM_MENU '1';
2018-08-20 10:59:22 EXEC SPC_COM_EXAM_LIST '3','7','1','0','2';
2018-08-20 10:59:24 EXEC SPC_COM_DATA 'ndq809';
2018-08-20 10:59:24 EXEC SPC_COM_MENU '1';
2018-08-20 10:59:24 EXEC SPC_COM_EXAM_LIST '3','7','1','0','1';
2018-08-20 10:59:25 EXEC SPC_COM_DATA 'ndq809';
2018-08-20 10:59:25 EXEC SPC_COM_MENU '1';
2018-08-20 10:59:25 EXEC SPC_COM_EXAM_LIST '3','7','1','0','2';
2018-08-20 10:59:26 EXEC SPC_COM_DATA 'ndq809';
2018-08-20 10:59:26 EXEC SPC_COM_MENU '1';
2018-08-20 10:59:27 EXEC SPC_COM_EXAM_LIST '3','7','1','0','1';
2018-08-20 10:59:28 EXEC SPC_COM_DATA 'ndq809';
2018-08-20 10:59:28 EXEC SPC_COM_MENU '1';
2018-08-20 10:59:28 EXEC SPC_COM_EXAM_LIST '3','7','1','0','2';
2018-08-20 10:59:29 EXEC SPC_COM_DATA 'ndq809';
2018-08-20 10:59:29 EXEC SPC_COM_MENU '1';
2018-08-20 10:59:29 EXEC SPC_COM_EXAM_LIST '3','7','1','0','1';
2018-08-20 10:59:31 EXEC SPC_COM_DATA 'ndq809';
2018-08-20 10:59:31 EXEC SPC_COM_MENU '1';
2018-08-20 10:59:31 EXEC SPC_COM_EXAM_LIST '3','7','1','0','2';
2018-08-20 10:59:41 EXEC SPC_COM_DATA 'ndq809';
2018-08-20 10:59:41 EXEC SPC_COM_MENU '1';
2018-08-20 10:59:41 EXEC SPC_COM_EXAM_LIST '3','7','1','0','1';
2018-08-20 10:59:44 EXEC SPC_COM_DATA 'ndq809';
2018-08-20 10:59:44 EXEC SPC_COM_MENU '1';
2018-08-20 10:59:44 EXEC SPC_COM_EXAM_LIST '3','7','1','0','2';
2018-08-20 10:59:45 EXEC SPC_COM_DATA 'ndq809';
2018-08-20 10:59:45 EXEC SPC_COM_MENU '1';
2018-08-20 10:59:45 EXEC SPC_COM_EXAM_LIST '3','7','1','0','1';
2018-08-20 10:59:47 EXEC SPC_COM_DATA 'ndq809';
2018-08-20 10:59:47 EXEC SPC_COM_MENU '1';
2018-08-20 10:59:47 EXEC SPC_COM_EXAM_LIST '3','7','1','0','2';
2018-08-20 10:59:51 EXEC SPC_COM_DATA 'ndq809';
2018-08-20 10:59:51 EXEC SPC_COM_MENU '1';
2018-08-20 10:59:51 EXEC SPC_COM_EXAM_LIST '3','7','1','0','1';
2018-08-20 10:59:53 EXEC SPC_COM_DATA 'ndq809';
2018-08-20 10:59:53 EXEC SPC_COM_MENU '1';
2018-08-20 10:59:53 EXEC SPC_COM_EXAM_LIST '3','7','1','0','2';
2018-08-20 10:59:55 EXEC SPC_COM_DATA 'ndq809';
2018-08-20 10:59:55 EXEC SPC_COM_MENU '1';
2018-08-20 10:59:55 EXEC SPC_COM_EXAM_LIST '3','7','1','0','1';
2018-08-20 10:59:56 EXEC SPC_COM_DATA 'ndq809';
2018-08-20 10:59:56 EXEC SPC_COM_MENU '1';
2018-08-20 10:59:56 EXEC SPC_COM_EXAM_LIST '3','7','1','0','2';
2018-08-20 11:00:31 EXEC SPC_COM_DATA 'ndq809';
2018-08-20 11:00:31 EXEC SPC_COM_MENU '1';
2018-08-20 11:00:31 EXEC SPC_COMMON_CATALORUE '1';
2018-08-20 11:00:31 EXEC SPC_COM_MENU '1';
2018-08-20 11:00:31 EXEC SPC_COMMON_GROUP 'CAT-12';
2018-08-20 11:00:31 EXEC SPC_COM_DATA 'ndq809';
2018-08-20 11:00:31 EXEC SPC_COM_MENU '1';
2018-08-20 11:00:31 EXEC SPC_VOCABULARY_LST2 'CAT-12','GRO-14','ndq809';
2018-08-20 11:00:33 EXEC SPC_COM_DATA 'ndq809';
2018-08-20 11:00:33 EXEC SPC_COM_MENU '1';
2018-08-20 11:00:33 EXEC SPC_COM_EXAM_LIST '3','7','1','0','2';
2018-08-20 11:00:34 EXEC SPC_COM_DATA 'ndq809';
2018-08-20 11:00:34 EXEC SPC_COM_MENU '1';
2018-08-20 11:00:34 EXEC SPC_COM_EXAM_LIST '3','7','1','0','1';
2018-08-20 11:00:35 EXEC SPC_COM_DATA 'ndq809';
2018-08-20 11:00:35 EXEC SPC_COM_MENU '1';
2018-08-20 11:00:35 EXEC SPC_COM_EXAM_LIST '3','7','1','0','2';
2018-08-20 11:00:36 EXEC SPC_COM_DATA 'ndq809';
2018-08-20 11:00:36 EXEC SPC_COM_MENU '1';
2018-08-20 11:00:36 EXEC SPC_COM_EXAM_LIST '3','7','1','0','1';
2018-08-20 11:00:37 EXEC SPC_COM_DATA 'ndq809';
2018-08-20 11:00:37 EXEC SPC_COM_MENU '1';
2018-08-20 11:00:37 EXEC SPC_COM_EXAM_LIST '3','7','1','0','2';
2018-08-20 11:00:38 EXEC SPC_COM_DATA 'ndq809';
2018-08-20 11:00:38 EXEC SPC_COM_MENU '1';
2018-08-20 11:00:38 EXEC SPC_COM_EXAM_LIST '3','7','1','0','1';
2018-08-20 11:00:51 EXEC SPC_COM_DATA 'ndq809';
2018-08-20 11:00:51 EXEC SPC_COM_MENU '1';
2018-08-20 11:00:51 EXEC SPC_COM_REMEMBER '1','2','3','7','1','ndq809','127.0.0.1';
2018-08-20 11:00:56 EXEC SPC_COM_DATA 'ndq809';
2018-08-20 11:00:56 EXEC SPC_COM_MENU '1';
2018-08-20 11:00:56 EXEC SPC_COM_FORGET '1','5','1';
2018-08-20 11:01:03 EXEC SPC_COM_DATA 'ndq809';
2018-08-20 11:01:03 EXEC SPC_COM_MENU '1';
2018-08-20 11:01:03 EXEC SPC_COMMON_CATALORUE '1';
2018-08-20 11:01:03 EXEC SPC_COM_MENU '1';
2018-08-20 11:01:03 EXEC SPC_COMMON_GROUP 'CAT-12';
2018-08-20 11:01:03 EXEC SPC_COM_DATA 'ndq809';
2018-08-20 11:01:03 EXEC SPC_COM_MENU '1';
2018-08-20 11:01:03 EXEC SPC_VOCABULARY_LST2 'CAT-12','GRO-14','ndq809';
2018-08-20 11:04:07 EXEC SPC_COM_DATA 'ndq809';
2018-08-20 11:04:07 EXEC SPC_COM_MENU '1';
2018-08-20 11:04:07 EXEC SPC_COM_EXAM_LIST '1','5','1','1','1';
2018-08-20 11:04:10 EXEC SPC_COM_DATA 'ndq809';
2018-08-20 11:04:10 EXEC SPC_COM_MENU '1';
2018-08-20 11:04:10 EXEC SPC_COM_EXAM_LIST '1','5','1','2','1';
2018-08-20 11:04:12 EXEC SPC_COM_DATA 'ndq809';
2018-08-20 11:04:12 EXEC SPC_COM_MENU '1';
2018-08-20 11:04:12 EXEC SPC_COM_EXAM_LIST '1','5','1','1','1';
2018-08-20 11:04:13 EXEC SPC_COM_DATA 'ndq809';
2018-08-20 11:04:13 EXEC SPC_COM_MENU '1';
2018-08-20 11:04:13 EXEC SPC_COM_EXAM_LIST '1','5','1','0','1';
