2018-07-11 00:03:10 EXEC SPC_COM_PERMISSION '1','g001';
2018-07-11 00:03:20 EXEC SPC_COM_PERMISSION '1','g001';
2018-07-11 00:03:20 EXEC SPC_COM_MENU '1';
2018-07-11 00:05:27 EXEC SPC_COM_PERMISSION '1','m007';
2018-07-11 00:05:27 EXEC SPC_COM_MENU '1';
2018-07-11 00:05:27 EXEC SPC_M007_FND1
2018-07-11 00:07:11 EXEC SPC_COM_PERMISSION '1','m007';
2018-07-11 00:07:11 EXEC SPC_COM_MENU '1';
2018-07-11 00:07:11 EXEC SPC_M007_FND1
2018-07-11 00:31:59 EXEC SPC_COM_PERMISSION '1','m007';
2018-07-11 00:31:59 EXEC SPC_COM_MENU '1';
2018-07-11 00:31:59 EXEC SPC_M007_FND1
2018-07-11 00:32:23 EXEC SPC_COM_MENU '1';
2018-07-11 00:32:23 EXEC SPC_m007_LST1 'ok fine';
2018-07-11 00:32:23 SQLSTATE[42000]: [Microsoft][ODBC Driver 13 for SQL Server][SQL Server]データ型 nvarchar を smallint に変換中にエラーが発生しました。
2018-07-11 00:35:43 EXEC SPC_COM_PERMISSION '1','m007';
2018-07-11 00:35:43 EXEC SPC_COM_MENU '1';
2018-07-11 00:35:43 EXEC SPC_M007_FND1
2018-07-11 00:35:46 EXEC SPC_COM_MENU '1';
2018-07-11 00:35:46 EXEC SPC_m007_LST1 'dsadasd';
2018-07-11 00:35:46 SQLSTATE[42000]: [Microsoft][ODBC Driver 13 for SQL Server][SQL Server]データ型 nvarchar を smallint に変換中にエラーが発生しました。
2018-07-11 00:36:20 EXEC SPC_COM_PERMISSION '1','m007';
2018-07-11 00:36:20 EXEC SPC_COM_MENU '1';
2018-07-11 00:36:20 EXEC SPC_M007_FND1
2018-07-11 00:36:22 EXEC SPC_COM_MENU '1';
2018-07-11 00:36:22 EXEC SPC_m007_LST1 '1';
2018-07-11 00:36:24 EXEC SPC_COM_MENU '1';
2018-07-11 00:36:24 EXEC SPC_m007_LST1 '';
2018-07-11 00:36:25 EXEC SPC_COM_MENU '1';
2018-07-11 00:36:25 EXEC SPC_m007_LST1 'dsadsad';
2018-07-11 00:36:25 SQLSTATE[42000]: [Microsoft][ODBC Driver 13 for SQL Server][SQL Server]データ型 nvarchar を smallint に変換中にエラーが発生しました。
2018-07-11 00:36:32 EXEC SPC_COM_PERMISSION '1','m007';
2018-07-11 00:36:32 EXEC SPC_COM_MENU '1';
2018-07-11 00:36:32 EXEC SPC_M007_FND1
2018-07-11 00:36:34 EXEC SPC_COM_MENU '1';
2018-07-11 00:36:34 EXEC SPC_m007_LST1 'dsada';
2018-07-11 00:36:34 SQLSTATE[42000]: [Microsoft][ODBC Driver 13 for SQL Server][SQL Server]データ型 nvarchar を smallint に変換中にエラーが発生しました。
2018-07-11 00:38:37 EXEC SPC_COM_PERMISSION '1','m007';
2018-07-11 00:38:37 EXEC SPC_COM_MENU '1';
2018-07-11 00:38:37 EXEC SPC_M007_FND1
2018-07-11 00:38:58 EXEC SPC_COM_PERMISSION '1','m007';
2018-07-11 00:38:58 EXEC SPC_COM_MENU '1';
2018-07-11 00:38:58 EXEC SPC_M007_FND1
2018-07-11 00:39:00 EXEC SPC_COM_MENU '1';
2018-07-11 00:39:00 EXEC SPC_m007_LST1 'dsadad';
2018-07-11 00:39:00 SQLSTATE[42000]: [Microsoft][ODBC Driver 13 for SQL Server][SQL Server]データ型 nvarchar を smallint に変換中にエラーが発生しました。
2018-07-11 00:39:15 EXEC SPC_COM_PERMISSION '1','m007';
2018-07-11 00:39:15 EXEC SPC_COM_MENU '1';
2018-07-11 00:39:15 EXEC SPC_M007_FND1
2018-07-11 00:39:17 EXEC SPC_COM_MENU '1';
2018-07-11 00:39:17 EXEC SPC_m007_LST1 'dsada';
2018-07-11 00:39:17 SQLSTATE[42000]: [Microsoft][ODBC Driver 13 for SQL Server][SQL Server]データ型 nvarchar を smallint に変換中にエラーが発生しました。
2018-07-11 00:43:36 EXEC SPC_COM_PERMISSION '1','m007';
2018-07-11 00:43:36 EXEC SPC_COM_MENU '1';
2018-07-11 00:43:36 EXEC SPC_M007_FND1
2018-07-11 00:43:38 EXEC SPC_COM_MENU '1';
2018-07-11 00:43:38 EXEC SPC_m007_LST1 'dsadsa';
2018-07-11 00:43:38 SQLSTATE[42000]: [Microsoft][ODBC Driver 13 for SQL Server][SQL Server]データ型 nvarchar を smallint に変換中にエラーが発生しました。
2018-07-11 00:44:00 EXEC SPC_COM_PERMISSION '1','m007';
2018-07-11 00:44:00 EXEC SPC_COM_MENU '1';
2018-07-11 00:44:00 EXEC SPC_M007_FND1
2018-07-11 00:44:05 EXEC SPC_COM_MENU '1';
2018-07-11 00:44:05 EXEC SPC_m007_LST1 'dsadsadsa';
2018-07-11 00:44:05 SQLSTATE[42000]: [Microsoft][ODBC Driver 13 for SQL Server][SQL Server]データ型 nvarchar を smallint に変換中にエラーが発生しました。
2018-07-11 00:44:30 EXEC SPC_COM_PERMISSION '1','m007';
2018-07-11 00:44:30 EXEC SPC_COM_MENU '1';
2018-07-11 00:44:30 EXEC SPC_M007_FND1
2018-07-11 00:44:32 EXEC SPC_COM_MENU '1';
2018-07-11 00:44:32 EXEC SPC_m007_LST1 'dsadasd';
2018-07-11 00:44:32 SQLSTATE[42000]: [Microsoft][ODBC Driver 13 for SQL Server][SQL Server]データ型 nvarchar を smallint に変換中にエラーが発生しました。
2018-07-11 00:44:43 EXEC SPC_COM_PERMISSION '1','m007';
2018-07-11 00:44:43 EXEC SPC_COM_MENU '1';
2018-07-11 00:44:43 EXEC SPC_M007_FND1
2018-07-11 00:45:07 EXEC SPC_COM_MENU '1';
2018-07-11 00:45:07 EXEC SPC_M007_ACT2 'dsadsd','ndq809','127.0.0.1';
2018-07-11 00:45:09 EXEC SPC_COM_MENU '1';
2018-07-11 00:45:09 EXEC SPC_m007_LST1 'dsadsd';
2018-07-11 00:45:09 SQLSTATE[42000]: [Microsoft][ODBC Driver 13 for SQL Server][SQL Server]データ型 nvarchar を smallint に変換中にエラーが発生しました。
2018-07-11 00:45:12 EXEC SPC_COM_PERMISSION '1','m007';
2018-07-11 00:45:12 EXEC SPC_COM_MENU '1';
2018-07-11 00:45:12 EXEC SPC_M007_FND1
2018-07-11 00:46:03 EXEC SPC_COM_PERMISSION '1','m007';
2018-07-11 00:46:03 EXEC SPC_COM_MENU '1';
2018-07-11 00:46:03 EXEC SPC_M007_FND1
2018-07-11 00:47:29 EXEC SPC_COM_PERMISSION '1','m007';
2018-07-11 00:47:29 EXEC SPC_COM_MENU '1';
2018-07-11 00:47:29 EXEC SPC_M007_FND1
2018-07-11 00:47:37 EXEC SPC_COM_MENU '1';
2018-07-11 00:47:37 EXEC SPC_M007_ACT2 'sddasdds','ndq809','127.0.0.1';
2018-07-11 00:48:34 EXEC SPC_COM_PERMISSION '1','m007';
2018-07-11 00:48:34 EXEC SPC_COM_MENU '1';
2018-07-11 00:48:34 EXEC SPC_M007_FND1
2018-07-11 00:48:37 EXEC SPC_COM_MENU '1';
2018-07-11 00:48:37 EXEC SPC_m007_LST1 '999';
2018-07-11 00:48:40 EXEC SPC_COM_PERMISSION '1','m007';
2018-07-11 00:48:40 EXEC SPC_COM_MENU '1';
2018-07-11 00:48:40 EXEC SPC_M007_FND1
2018-07-11 00:53:40 EXEC SPC_COM_PERMISSION '1','m007';
2018-07-11 00:53:40 EXEC SPC_COM_MENU '1';
2018-07-11 00:53:40 EXEC SPC_M007_FND1
2018-07-11 00:53:49 EXEC SPC_COM_MENU '1';
2018-07-11 00:53:49 EXEC SPC_M007_ACT2 'dsadsad','ndq809','127.0.0.1';
2018-07-11 00:53:53 EXEC SPC_COM_PERMISSION '1','m007';
2018-07-11 00:53:53 EXEC SPC_COM_MENU '1';
2018-07-11 00:53:53 EXEC SPC_M007_FND1
2018-07-11 00:53:56 EXEC SPC_COM_MENU '1';
2018-07-11 00:53:56 EXEC SPC_m007_LST1 '1000';
2018-07-11 00:54:21 EXEC SPC_COM_PERMISSION '1','m007';
2018-07-11 00:54:21 EXEC SPC_COM_MENU '1';
2018-07-11 00:54:21 EXEC SPC_M007_FND1
2018-07-11 00:56:19 EXEC SPC_COM_PERMISSION '1','m007';
2018-07-11 00:56:19 EXEC SPC_COM_MENU '1';
2018-07-11 00:56:19 EXEC SPC_M007_FND1
2018-07-11 01:15:47 EXEC SPC_COM_PERMISSION '1','m007';
2018-07-11 01:15:47 EXEC SPC_COM_MENU '1';
2018-07-11 01:15:47 EXEC SPC_M007_FND1
2018-07-11 01:15:59 EXEC SPC_COM_MENU '1';
2018-07-11 01:15:59 EXEC SPC_M007_ACT2 'lalala demacia','ndq809','127.0.0.1';
2018-07-11 01:16:18 EXEC SPC_COM_PERMISSION '1','m007';
2018-07-11 01:16:18 EXEC SPC_COM_MENU '1';
2018-07-11 01:16:18 EXEC SPC_M007_FND1
2018-07-11 01:16:41 EXEC SPC_COM_MENU '1';
2018-07-11 01:16:41 EXEC SPC_M007_ACT2 'dasddada','ndq809','127.0.0.1';
2018-07-11 01:23:49 EXEC SPC_COM_PERMISSION '1','m007';
2018-07-11 01:23:49 EXEC SPC_COM_MENU '1';
2018-07-11 01:23:49 EXEC SPC_M007_FND1
2018-07-11 01:24:05 EXEC SPC_COM_PERMISSION '1','m007';
2018-07-11 01:24:05 EXEC SPC_COM_MENU '1';
2018-07-11 01:24:05 EXEC SPC_M007_FND1
2018-07-11 01:24:08 EXEC SPC_COM_MENU '1';
2018-07-11 01:24:08 EXEC SPC_m007_LST1 '1';
2018-07-11 01:24:12 EXEC SPC_COM_MENU '1';
2018-07-11 01:24:12 EXEC SPC_m007_LST1 '';
2018-07-11 01:24:17 EXEC SPC_COM_MENU '1';
2018-07-11 01:24:17 EXEC SPC_M007_ACT2 'dsadad','ndq809','127.0.0.1';
2018-07-11 01:24:30 EXEC SPC_COM_PERMISSION '1','m007';
2018-07-11 01:24:30 EXEC SPC_COM_MENU '1';
2018-07-11 01:24:30 EXEC SPC_M007_FND1
2018-07-11 01:26:33 EXEC SPC_COM_PERMISSION '1','m007';
2018-07-11 01:26:33 EXEC SPC_COM_MENU '1';
2018-07-11 01:26:33 EXEC SPC_M007_FND1
2018-07-11 01:26:40 EXEC SPC_COM_MENU '1';
2018-07-11 01:26:40 EXEC SPC_M007_ACT2 'fdkljfsdf','ndq809','127.0.0.1';
2018-07-11 01:27:20 EXEC SPC_COM_PERMISSION '1','m007';
2018-07-11 01:27:20 EXEC SPC_COM_MENU '1';
2018-07-11 01:27:20 EXEC SPC_M007_FND1
2018-07-11 01:27:27 EXEC SPC_COM_MENU '1';
2018-07-11 01:27:27 EXEC SPC_M007_ACT2 'dsadasd','ndq809','127.0.0.1';
2018-07-11 01:28:45 EXEC SPC_COM_PERMISSION '1','m007';
2018-07-11 01:28:45 EXEC SPC_COM_MENU '1';
2018-07-11 01:28:45 EXEC SPC_M007_FND1
2018-07-11 01:28:50 EXEC SPC_COM_MENU '1';
2018-07-11 01:28:50 EXEC SPC_m007_LST1 '10';
2018-07-11 01:28:58 EXEC SPC_COM_MENU '1';
2018-07-11 01:28:58 EXEC SPC_m007_LST1 '7';
2018-07-11 01:29:00 EXEC SPC_COM_MENU '1';
2018-07-11 01:29:00 EXEC SPC_m007_LST1 '6';
2018-07-11 01:29:02 EXEC SPC_COM_MENU '1';
2018-07-11 01:29:02 EXEC SPC_m007_LST1 '';
2018-07-11 01:29:08 EXEC SPC_COM_MENU '1';
2018-07-11 01:29:08 EXEC SPC_M007_ACT2 'iwiw','ndq809','127.0.0.1';
2018-07-11 01:29:19 EXEC SPC_COM_PERMISSION '1','m007';
2018-07-11 01:29:19 EXEC SPC_COM_MENU '1';
2018-07-11 01:29:19 EXEC SPC_M007_FND1
2018-07-11 03:56:55 EXEC SPC_COM_PERMISSION '1','m007';
2018-07-11 03:56:55 EXEC SPC_COM_MENU '1';
2018-07-11 03:56:55 EXEC SPC_M007_FND1
2018-07-11 03:57:02 EXEC SPC_COM_MENU '1';
2018-07-11 03:57:09 EXEC SPC_COM_MENU '1';
2018-07-11 03:57:09 EXEC SPC_M007_ACT2 'eweeq','ndq809','127.0.0.1';
2018-07-11 03:57:34 EXEC SPC_COM_PERMISSION '1','m007';
2018-07-11 03:57:34 EXEC SPC_COM_MENU '1';
2018-07-11 03:57:34 EXEC SPC_M007_FND1
2018-07-11 03:57:40 EXEC SPC_COM_MENU '1';
2018-07-11 03:57:40 EXEC SPC_M007_ACT2 'sda','ndq809','127.0.0.1';
2018-07-11 03:59:48 EXEC SPC_COM_PERMISSION '1','m007';
2018-07-11 03:59:48 EXEC SPC_COM_MENU '1';
2018-07-11 03:59:48 EXEC SPC_M007_FND1
2018-07-11 04:00:00 EXEC SPC_COM_MENU '1';
2018-07-11 04:00:00 EXEC SPC_M007_ACT2 'dsadadad','ndq809','127.0.0.1';
2018-07-11 04:01:08 EXEC SPC_COM_PERMISSION '1','m007';
2018-07-11 04:01:08 EXEC SPC_COM_MENU '1';
2018-07-11 04:01:08 EXEC SPC_M007_FND1
2018-07-11 04:02:48 EXEC SPC_COM_PERMISSION '1','m007';
2018-07-11 04:02:48 EXEC SPC_COM_MENU '1';
2018-07-11 04:02:48 EXEC SPC_M007_FND1
2018-07-11 04:06:28 EXEC SPC_COM_PERMISSION '1','m007';
2018-07-11 04:06:28 EXEC SPC_COM_MENU '1';
2018-07-11 04:06:28 EXEC SPC_M007_FND1
2018-07-11 04:07:18 EXEC SPC_COM_PERMISSION '1','m007';
2018-07-11 04:07:18 EXEC SPC_COM_MENU '1';
2018-07-11 04:07:18 EXEC SPC_M007_FND1
2018-07-11 04:07:25 EXEC SPC_COM_MENU '1';
2018-07-11 04:07:25 EXEC SPC_M007_ACT2 'dsadasda','ndq809','127.0.0.1';
2018-07-11 04:09:24 EXEC SPC_COM_PERMISSION '1','m007';
2018-07-11 04:09:24 EXEC SPC_COM_MENU '1';
2018-07-11 04:09:24 EXEC SPC_M007_FND1
2018-07-11 04:09:32 EXEC SPC_COM_MENU '1';
2018-07-11 04:09:32 EXEC SPC_M007_ACT2 'weqeqe','ndq809','127.0.0.1';
2018-07-11 04:10:04 EXEC SPC_COM_PERMISSION '1','m007';
2018-07-11 04:10:04 EXEC SPC_COM_MENU '1';
2018-07-11 04:10:04 EXEC SPC_M007_FND1
2018-07-11 04:10:10 EXEC SPC_COM_MENU '1';
2018-07-11 04:10:10 EXEC SPC_M007_ACT2 'dsddddddddddd','ndq809','127.0.0.1';
2018-07-11 04:10:21 EXEC SPC_COM_PERMISSION '1','m007';
2018-07-11 04:10:21 EXEC SPC_COM_MENU '1';
2018-07-11 04:10:21 EXEC SPC_M007_FND1
2018-07-11 04:10:31 EXEC SPC_COM_MENU '1';
2018-07-11 04:10:31 EXEC SPC_m007_LST1 '10';
2018-07-11 04:10:35 EXEC SPC_COM_MENU '1';
2018-07-11 04:10:36 EXEC SPC_M007_ACT2 '10','ndq809','127.0.0.1';
2018-07-11 04:10:37 EXEC SPC_COM_MENU '1';
2018-07-11 04:10:37 EXEC SPC_m007_LST1 '';
2018-07-11 04:10:56 EXEC SPC_COM_PERMISSION '1','m007';
2018-07-11 04:10:56 EXEC SPC_COM_MENU '1';
2018-07-11 04:10:56 EXEC SPC_M007_FND1
2018-07-11 04:11:56 EXEC SPC_COM_PERMISSION '1','m007';
2018-07-11 04:11:56 EXEC SPC_COM_MENU '1';
2018-07-11 04:11:56 EXEC SPC_M007_FND1
2018-07-11 04:12:03 EXEC SPC_COM_PERMISSION '1','m007';
2018-07-11 04:12:03 EXEC SPC_COM_MENU '1';
2018-07-11 04:12:03 EXEC SPC_M007_FND1
2018-07-11 04:13:20 EXEC SPC_COM_PERMISSION '1','m007';
2018-07-11 04:13:20 EXEC SPC_COM_MENU '1';
2018-07-11 04:13:20 EXEC SPC_M007_FND1
2018-07-11 04:15:05 EXEC SPC_COM_PERMISSION '1','m007';
2018-07-11 04:15:05 EXEC SPC_COM_MENU '1';
2018-07-11 04:15:05 EXEC SPC_M007_FND1
2018-07-11 04:15:14 EXEC SPC_COM_MENU '1';
2018-07-11 04:15:14 EXEC SPC_M007_ACT2 'rrr','ndq809','127.0.0.1';
2018-07-11 04:15:45 EXEC SPC_COM_PERMISSION '1','m007';
2018-07-11 04:15:45 EXEC SPC_COM_MENU '1';
2018-07-11 04:15:45 EXEC SPC_M007_FND1
2018-07-11 04:16:38 EXEC SPC_COM_PERMISSION '1','m007';
2018-07-11 04:16:38 EXEC SPC_COM_MENU '1';
2018-07-11 04:16:38 EXEC SPC_M007_FND1
2018-07-11 04:16:43 EXEC SPC_COM_MENU '1';
2018-07-11 04:16:43 EXEC SPC_M007_ACT2 'qqqqqqqq','ndq809','127.0.0.1';
2018-07-11 04:17:59 EXEC SPC_COM_PERMISSION '1','m007';
2018-07-11 04:17:59 EXEC SPC_COM_MENU '1';
2018-07-11 04:17:59 EXEC SPC_M007_FND1
2018-07-11 04:18:06 EXEC SPC_COM_MENU '1';
2018-07-11 04:18:06 EXEC SPC_M007_ACT2 'wwwwwwwwwwww','ndq809','127.0.0.1';
2018-07-11 04:19:01 EXEC SPC_COM_PERMISSION '1','m007';
2018-07-11 04:19:01 EXEC SPC_COM_MENU '1';
2018-07-11 04:19:01 EXEC SPC_M007_FND1
2018-07-11 04:19:09 EXEC SPC_COM_MENU '1';
2018-07-11 04:19:09 EXEC SPC_M007_ACT2 'egeeeeeeeee','ndq809','127.0.0.1';
2018-07-11 04:19:39 EXEC SPC_COM_PERMISSION '1','m007';
2018-07-11 04:19:39 EXEC SPC_COM_MENU '1';
2018-07-11 04:19:39 EXEC SPC_M007_FND1
2018-07-11 04:19:47 EXEC SPC_COM_MENU '1';
2018-07-11 04:19:47 EXEC SPC_M007_ACT2 'dsdads','ndq809','127.0.0.1';
2018-07-11 04:20:09 EXEC SPC_COM_PERMISSION '1','m007';
2018-07-11 04:20:09 EXEC SPC_COM_MENU '1';
2018-07-11 04:20:09 EXEC SPC_M007_FND1
2018-07-11 04:20:13 EXEC SPC_COM_MENU '1';
2018-07-11 04:20:13 EXEC SPC_m007_LST1 '19';
2018-07-11 04:20:21 EXEC SPC_COM_MENU '1';
2018-07-11 04:20:21 EXEC SPC_M007_ACT2 '19','ndq809','127.0.0.1';
2018-07-11 04:20:22 EXEC SPC_COM_MENU '1';
2018-07-11 04:20:22 EXEC SPC_m007_LST1 '';
2018-07-11 04:20:50 EXEC SPC_COM_PERMISSION '1','m007';
2018-07-11 04:20:50 EXEC SPC_COM_MENU '1';
2018-07-11 04:20:50 EXEC SPC_M007_FND1
2018-07-11 04:21:07 EXEC SPC_COM_PERMISSION '1','m007';
2018-07-11 04:21:07 EXEC SPC_COM_MENU '1';
2018-07-11 04:21:07 EXEC SPC_M007_FND1
2018-07-11 04:21:17 EXEC SPC_COM_MENU '1';
2018-07-11 04:21:17 EXEC SPC_M007_ACT2 'pwpwpwp','ndq809','127.0.0.1';
2018-07-11 04:22:22 EXEC SPC_COM_PERMISSION '1','m007';
2018-07-11 04:22:22 EXEC SPC_COM_MENU '1';
2018-07-11 04:22:22 EXEC SPC_M007_FND1
2018-07-11 04:22:26 EXEC SPC_COM_MENU '1';
2018-07-11 04:22:26 EXEC SPC_m007_LST1 '22';
2018-07-11 04:22:30 EXEC SPC_COM_MENU '1';
2018-07-11 04:22:30 EXEC SPC_m007_LST1 '';
2018-07-11 04:22:36 EXEC SPC_COM_MENU '1';
2018-07-11 04:22:36 EXEC SPC_M007_ACT2 'sdasd','ndq809','127.0.0.1';
2018-07-11 04:23:04 EXEC SPC_COM_PERMISSION '1','m007';
2018-07-11 04:23:04 EXEC SPC_COM_MENU '1';
2018-07-11 04:23:04 EXEC SPC_M007_FND1
2018-07-11 04:23:11 EXEC SPC_COM_MENU '1';
2018-07-11 04:23:12 EXEC SPC_M007_ACT2 'aaaaaaaaaaaaa','ndq809','127.0.0.1';
2018-07-11 04:26:31 EXEC SPC_COM_PERMISSION '1','m007';
2018-07-11 04:26:31 EXEC SPC_COM_MENU '1';
2018-07-11 04:26:31 EXEC SPC_M007_FND1
2018-07-11 04:26:37 EXEC SPC_COM_MENU '1';
2018-07-11 04:26:37 EXEC SPC_M007_ACT2 'dddddddddddddd','ndq809','127.0.0.1';
2018-07-11 04:27:32 EXEC SPC_COM_PERMISSION '1','m007';
2018-07-11 04:27:32 EXEC SPC_COM_MENU '1';
2018-07-11 04:27:32 EXEC SPC_M007_FND1
2018-07-11 04:28:28 EXEC SPC_COM_PERMISSION '1','m007';
2018-07-11 04:28:28 EXEC SPC_COM_MENU '1';
2018-07-11 04:28:28 EXEC SPC_M007_FND1
2018-07-11 04:28:37 EXEC SPC_COM_MENU '1';
2018-07-11 04:28:37 EXEC SPC_M007_ACT2 'sddasdad','ndq809','127.0.0.1';
2018-07-11 04:28:39 EXEC SPC_COM_MENU '1';
2018-07-11 04:28:39 EXEC SPC_m007_LST1 '31';
2018-07-11 04:28:56 EXEC SPC_COM_PERMISSION '1','m007';
2018-07-11 04:28:56 EXEC SPC_COM_MENU '1';
2018-07-11 04:28:56 EXEC SPC_M007_FND1
2018-07-11 04:29:02 EXEC SPC_COM_MENU '1';
2018-07-11 04:29:02 EXEC SPC_M007_ACT2 'dsdsad','ndq809','127.0.0.1';
2018-07-11 04:29:13 EXEC SPC_COM_MENU '1';
2018-07-11 04:29:13 EXEC SPC_M007_ACT1 '32','<row number_id="0" content="lalala" num_remark1="" num_remark2="" num_remark3="" text_remark1="" text_remark2="" text_remark3="" />','ndq809','127.0.0.1';
2018-07-11 04:29:14 EXEC SPC_COM_MENU '1';
2018-07-11 04:29:14 EXEC SPC_m007_LST1 '32';
2018-07-11 04:29:18 EXEC SPC_COM_MENU '1';
2018-07-11 04:29:18 EXEC SPC_m007_LST1 '25';
2018-07-11 04:29:22 EXEC SPC_COM_MENU '1';
2018-07-11 04:29:22 EXEC SPC_m007_LST1 '30';
2018-07-11 04:29:25 EXEC SPC_COM_MENU '1';
2018-07-11 04:29:25 EXEC SPC_m007_LST1 '32';
2018-07-11 04:29:30 EXEC SPC_COM_MENU '1';
2018-07-11 04:29:30 EXEC SPC_m007_LST1 '1';
2018-07-11 04:29:42 EXEC SPC_COM_PERMISSION '1','m007';
2018-07-11 04:29:42 EXEC SPC_COM_MENU '1';
2018-07-11 04:29:42 EXEC SPC_M007_FND1
2018-07-11 04:42:19 EXEC SPC_COM_PERMISSION '1','m007';
2018-07-11 04:42:19 EXEC SPC_COM_MENU '1';
2018-07-11 04:42:19 EXEC SPC_M007_FND1
2018-07-11 04:42:23 EXEC SPC_COM_PERMISSION '1','s001';
2018-07-11 04:42:23 EXEC SPC_COM_MENU '1';
2018-07-11 04:42:23 EXEC SPC_S001_FND1
2018-07-11 04:42:25 EXEC SPC_COM_MENU '1';
2018-07-11 04:42:25 EXEC SPC_S001_LST1 '1';
2018-07-11 04:42:33 EXEC SPC_COM_MENU '1';
2018-07-11 04:42:33 EXEC SPC_S001_ACT1 '1','<row screen_id="g001" remark="" access_per="1" menu_per="1" add_per="1" edit_per="1" delete_per="1" report_per="1" /><row screen_id="g003" remark="" access_per="1" menu_per="1" add_per="1" edit_per="1" delete_per="1" report_per="1" /><row screen_id="g004" remark="" access_per="1" menu_per="1" add_per="1" edit_per="1" delete_per="1" report_per="1" /><row screen_id="g005" remark="" access_per="1" menu_per="1" add_per="1" edit_per="1" delete_per="1" report_per="1" /><row screen_id="g006" remark="" access_per="1" menu_per="1" add_per="1" edit_per="1" delete_per="1" report_per="1" /><row screen_id="m001" remark="" access_per="1" menu_per="0" add_per="0" edit_per="0" delete_per="0" report_per="0" /><row screen_id="m002" remark="" access_per="1" menu_per="0" add_per="0" edit_per="0" delete_per="0" report_per="0" /><row screen_id="m003" remark="dád" access_per="1" menu_per="1" add_per="1" edit_per="1" delete_per="1" report_per="1" /><row screen_id="m004" remark="sdad" access_per="1" menu_per="1" add_per="1" edit_per="1" delete_per="1" report_per="1" /><row screen_id="m005" remark="" access_per="1" menu_per="0" add_per="0" edit_per="0" delete_per="0" report_per="0" /><row screen_id="m006" remark="" access_per="1" menu_per="0" add_per="0" edit_per="0" delete_per="0" report_per="0" /><row screen_id="m007" remark="" access_per="1" menu_per="1" add_per="1" edit_per="1" delete_per="1" report_per="0" /><row screen_id="s001" remark="dsada" access_per="1" menu_per="1" add_per="1" edit_per="1" delete_per="1" report_per="1" /><row screen_id="s002" remark="dsad" access_per="1" menu_per="1" add_per="1" edit_per="1" delete_per="1" report_per="1" /><row screen_id="s003" remark="ads" access_per="1" menu_per="1" add_per="1" edit_per="1" delete_per="1" report_per="1" />','ndq809','127.0.0.1';
2018-07-11 04:42:34 EXEC SPC_COM_PERMISSION '1','s001';
2018-07-11 04:42:34 EXEC SPC_COM_MENU '1';
2018-07-11 04:42:34 EXEC SPC_S001_FND1
2018-07-11 04:42:38 EXEC SPC_COM_PERMISSION '1','m007';
2018-07-11 04:42:38 EXEC SPC_COM_MENU '1';
2018-07-11 04:42:38 EXEC SPC_M007_FND1
2018-07-11 04:42:44 EXEC SPC_COM_MENU '1';
2018-07-11 04:42:44 EXEC SPC_m007_LST1 '8';
2018-07-11 04:42:49 EXEC SPC_COM_MENU '1';
2018-07-11 04:43:42 EXEC SPC_COM_PERMISSION '1','m007';
2018-07-11 04:43:42 EXEC SPC_COM_MENU '1';
2018-07-11 04:43:42 EXEC SPC_M007_FND1
2018-07-11 04:43:46 EXEC SPC_COM_MENU '1';
2018-07-11 04:43:46 EXEC SPC_m007_LST1 '8';
2018-07-11 04:43:49 EXEC SPC_COM_MENU '1';
2018-07-11 04:43:56 EXEC SPC_COM_MENU '1';
2018-07-11 04:44:25 EXEC SPC_COM_PERMISSION '1','m007';
2018-07-11 04:44:25 EXEC SPC_COM_MENU '1';
2018-07-11 04:44:25 EXEC SPC_M007_FND1
2018-07-11 04:44:28 EXEC SPC_COM_MENU '1';
2018-07-11 04:44:28 EXEC SPC_m007_LST1 '8';
2018-07-11 04:44:31 EXEC SPC_COM_MENU '1';
2018-07-11 04:44:31 EXEC SPC_M007_ACT3 '8','ndq809','127.0.0.1';
2018-07-11 04:44:32 EXEC SPC_COM_MENU '1';
2018-07-11 04:44:32 EXEC SPC_m007_LST1 '';
2018-07-11 04:44:43 EXEC SPC_COM_PERMISSION '1','m007';
2018-07-11 04:44:43 EXEC SPC_COM_MENU '1';
2018-07-11 04:44:43 EXEC SPC_M007_FND1
2018-07-11 04:45:20 EXEC SPC_COM_PERMISSION '1','m007';
2018-07-11 04:45:20 EXEC SPC_COM_MENU '1';
2018-07-11 04:45:20 EXEC SPC_M007_FND1
2018-07-11 04:45:28 EXEC SPC_COM_MENU '1';
2018-07-11 04:45:28 EXEC SPC_m007_LST1 '9';
2018-07-11 04:45:31 EXEC SPC_COM_MENU '1';
2018-07-11 04:45:31 EXEC SPC_M007_ACT3 '9','ndq809','127.0.0.1';
2018-07-11 04:45:33 EXEC SPC_COM_MENU '1';
2018-07-11 04:45:33 EXEC SPC_m007_LST1 '';
2018-07-11 04:45:39 EXEC SPC_COM_MENU '1';
2018-07-11 04:45:39 EXEC SPC_M007_ACT3 '10','ndq809','127.0.0.1';
2018-07-11 04:45:49 EXEC SPC_COM_MENU '1';
2018-07-11 04:45:49 EXEC SPC_M007_ACT3 '11','ndq809','127.0.0.1';
2018-07-11 04:46:33 EXEC SPC_COM_PERMISSION '1','m007';
2018-07-11 04:46:33 EXEC SPC_COM_MENU '1';
2018-07-11 04:46:33 EXEC SPC_M007_FND1
2018-07-11 04:46:39 EXEC SPC_COM_MENU '1';
2018-07-11 04:46:39 EXEC SPC_m007_LST1 '12';
2018-07-11 04:46:42 EXEC SPC_COM_MENU '1';
2018-07-11 04:46:42 EXEC SPC_M007_ACT3 '12','ndq809','127.0.0.1';
2018-07-11 04:46:43 EXEC SPC_COM_MENU '1';
2018-07-11 04:46:43 EXEC SPC_m007_LST1 '';
2018-07-11 04:46:46 EXEC SPC_COM_MENU '1';
2018-07-11 04:46:46 EXEC SPC_m007_LST1 '5';
2018-07-11 04:46:49 EXEC SPC_COM_MENU '1';
2018-07-11 04:46:49 EXEC SPC_m007_LST1 '13';
2018-07-11 04:46:52 EXEC SPC_COM_MENU '1';
2018-07-11 04:46:52 EXEC SPC_M007_ACT3 '13','ndq809','127.0.0.1';
2018-07-11 04:46:54 EXEC SPC_COM_MENU '1';
2018-07-11 04:46:54 EXEC SPC_m007_LST1 '';
2018-07-11 04:47:00 EXEC SPC_COM_MENU '1';
2018-07-11 04:47:00 EXEC SPC_m007_LST1 '14';
2018-07-11 04:47:03 EXEC SPC_COM_MENU '1';
2018-07-11 04:47:03 EXEC SPC_M007_ACT3 '14','ndq809','127.0.0.1';
2018-07-11 04:47:04 EXEC SPC_COM_MENU '1';
2018-07-11 04:47:04 EXEC SPC_m007_LST1 '';
2018-07-11 04:47:07 EXEC SPC_COM_MENU '1';
2018-07-11 04:47:07 EXEC SPC_m007_LST1 '15';
2018-07-11 04:47:10 EXEC SPC_COM_MENU '1';
2018-07-11 04:47:10 EXEC SPC_M007_ACT3 '15','ndq809','127.0.0.1';
2018-07-11 04:47:11 EXEC SPC_COM_MENU '1';
2018-07-11 04:47:11 EXEC SPC_m007_LST1 '';
2018-07-11 04:47:15 EXEC SPC_COM_MENU '1';
2018-07-11 04:47:15 EXEC SPC_m007_LST1 '16';
2018-07-11 04:47:17 EXEC SPC_COM_MENU '1';
2018-07-11 04:47:17 EXEC SPC_M007_ACT3 '16','ndq809','127.0.0.1';
2018-07-11 04:47:19 EXEC SPC_COM_MENU '1';
2018-07-11 04:47:19 EXEC SPC_m007_LST1 '';
2018-07-11 04:47:23 EXEC SPC_COM_MENU '1';
2018-07-11 04:47:23 EXEC SPC_m007_LST1 '17';
2018-07-11 04:47:26 EXEC SPC_COM_MENU '1';
2018-07-11 04:47:26 EXEC SPC_M007_ACT3 '17','ndq809','127.0.0.1';
2018-07-11 04:47:27 EXEC SPC_COM_MENU '1';
2018-07-11 04:47:27 EXEC SPC_m007_LST1 '';
2018-07-11 04:47:35 EXEC SPC_COM_MENU '1';
2018-07-11 04:47:35 EXEC SPC_m007_LST1 '18';
2018-07-11 04:47:37 EXEC SPC_COM_MENU '1';
2018-07-11 04:47:37 EXEC SPC_M007_ACT3 '18','ndq809','127.0.0.1';
2018-07-11 04:47:38 EXEC SPC_COM_MENU '1';
2018-07-11 04:47:39 EXEC SPC_m007_LST1 '';
2018-07-11 04:47:42 EXEC SPC_COM_MENU '1';
2018-07-11 04:47:42 EXEC SPC_m007_LST1 '19';
2018-07-11 04:47:45 EXEC SPC_COM_MENU '1';
2018-07-11 04:47:45 EXEC SPC_M007_ACT3 '19','ndq809','127.0.0.1';
2018-07-11 04:47:46 EXEC SPC_COM_MENU '1';
2018-07-11 04:47:46 EXEC SPC_m007_LST1 '';
2018-07-11 04:48:53 EXEC SPC_COM_PERMISSION '1','m007';
2018-07-11 04:48:53 EXEC SPC_COM_MENU '1';
2018-07-11 04:48:53 EXEC SPC_M007_FND1
2018-07-11 04:49:01 EXEC SPC_COM_MENU '1';
2018-07-11 04:49:11 EXEC SPC_COM_MENU '1';
2018-07-11 04:49:30 EXEC SPC_COM_MENU '1';
2018-07-11 04:49:33 EXEC SPC_COM_PERMISSION '1','m007';
2018-07-11 04:49:33 EXEC SPC_COM_MENU '1';
2018-07-11 04:49:33 EXEC SPC_M007_FND1
2018-07-11 04:52:06 EXEC SPC_COM_PERMISSION '1','m007';
2018-07-11 04:52:06 EXEC SPC_COM_MENU '1';
2018-07-11 04:52:06 EXEC SPC_M007_FND1
2018-07-11 04:52:31 EXEC SPC_COM_MENU '1';
2018-07-11 04:52:31 EXEC SPC_M007_ACT2 'có chúa biết á','ndq809','127.0.0.1';
2018-07-11 04:52:50 EXEC SPC_COM_MENU '1';
2018-07-11 04:52:50 EXEC SPC_M007_ACT1 '8','<row number_id="0" content="" num_remark1="" num_remark2="" num_remark3="" text_remark1="" text_remark2="" text_remark3="" /><row number_id="1" content="lalala demacia" num_remark1="" num_remark2="" num_remark3="" text_remark1="" text_remark2="" text_remark3="" />','ndq809','127.0.0.1';
2018-07-11 04:52:52 EXEC SPC_COM_MENU '1';
2018-07-11 04:52:52 EXEC SPC_m007_LST1 '8';
2018-07-11 04:52:54 EXEC SPC_COM_MENU '1';
2018-07-11 04:52:54 EXEC SPC_m007_LST1 '2';
2018-07-11 04:52:57 EXEC SPC_COM_MENU '1';
2018-07-11 04:52:57 EXEC SPC_m007_LST1 '8';
2018-07-11 04:53:10 EXEC SPC_COM_MENU '1';
2018-07-11 04:53:10 EXEC SPC_M007_ACT3 '8','ndq809','127.0.0.1';
2018-07-11 04:53:11 EXEC SPC_COM_MENU '1';
2018-07-11 04:53:11 EXEC SPC_m007_LST1 '';
2018-07-11 04:53:14 EXEC SPC_COM_PERMISSION '1','m007';
2018-07-11 04:53:14 EXEC SPC_COM_MENU '1';
2018-07-11 04:53:14 EXEC SPC_M007_FND1
2018-07-11 05:02:10 EXEC SPC_COM_MENU '1';
2018-07-11 05:02:10 EXEC SPC_m007_LST1 '2';
2018-07-11 05:02:14 EXEC SPC_COM_MENU '1';
2018-07-11 05:02:14 EXEC SPC_M007_ACT2 '2','ndq809','127.0.0.1';
2018-07-11 05:02:18 EXEC SPC_COM_MENU '1';
2018-07-11 05:02:18 EXEC SPC_m007_LST1 '';
2018-07-11 05:02:43 EXEC SPC_COM_MENU '1';
2018-07-11 05:02:43 EXEC SPC_M007_ACT3 '9','ndq809','127.0.0.1';
2018-07-11 05:02:44 EXEC SPC_COM_MENU '1';
2018-07-11 05:02:44 EXEC SPC_m007_LST1 '';
2018-07-11 05:11:09 EXEC SPC_COM_PERMISSION '1','g005';
2018-07-11 05:11:09 EXEC SPC_COM_MENU '1';
2018-07-11 05:40:15 EXEC SPC_COM_PERMISSION '1','g005';
2018-07-11 05:40:15 EXEC SPC_COM_MENU '1';
2018-07-11 05:40:15 EXEC SPC_COM_M999_INQ1 '7';
2018-07-11 05:40:36 EXEC SPC_COM_PERMISSION '1','g005';
2018-07-11 05:40:36 EXEC SPC_COM_MENU '1';
2018-07-11 05:40:36 EXEC SPC_COM_M999_INQ1 '7';
2018-07-11 05:41:09 EXEC SPC_COM_PERMISSION '1','g005';
2018-07-11 05:41:09 EXEC SPC_COM_MENU '1';
2018-07-11 05:41:09 EXEC SPC_COM_M999_INQ1 '7';
2018-07-11 05:42:25 EXEC SPC_COM_PERMISSION '1','g005';
2018-07-11 05:42:25 EXEC SPC_COM_MENU '1';
2018-07-11 05:42:25 EXEC SPC_COM_M999_INQ1 '7';
2018-07-11 05:46:45 EXEC SPC_COM_PERMISSION '1','g003';
2018-07-11 05:46:45 EXEC SPC_COM_MENU '1';
2018-07-11 05:46:45 EXEC SPC_COM_M999_INQ1 '7';
2018-07-11 05:52:05 EXEC SPC_COM_PERMISSION '1','g003';
2018-07-11 05:52:05 EXEC SPC_COM_MENU '1';
2018-07-11 05:52:05 EXEC SPC_COM_M999_INQ1 '7';
2018-07-11 05:52:14 EXEC SPC_COM_PERMISSION '1','g005';
2018-07-11 05:52:14 EXEC SPC_COM_MENU '1';
2018-07-11 05:52:14 EXEC SPC_COM_M999_INQ1 '7';
2018-07-11 05:54:48 EXEC SPC_COM_PERMISSION '1','g005';
2018-07-11 05:54:48 EXEC SPC_COM_MENU '1';
2018-07-11 05:54:48 EXEC SPC_COM_M999_INQ1 '7';
2018-07-11 05:55:16 EXEC SPC_COM_PERMISSION '1','g005';
2018-07-11 05:55:16 EXEC SPC_COM_MENU '1';
2018-07-11 05:55:16 EXEC SPC_COM_M999_INQ1 '7';
2018-07-11 06:01:41 EXEC SPC_COM_PERMISSION '1','g005';
2018-07-11 06:01:41 EXEC SPC_COM_MENU '1';
2018-07-11 06:01:41 EXEC SPC_COM_M999_INQ1 '7';
2018-07-11 06:19:41 EXEC SPC_COM_PERMISSION '1','g003';
2018-07-11 06:19:42 EXEC SPC_COM_MENU '1';
2018-07-11 06:19:42 EXEC SPC_COM_M999_INQ1 '7';
2018-07-11 06:19:44 EXEC SPC_COM_MENU '1';
2018-07-11 06:19:44 EXEC SPC_G003_LST1 '','','10','1';
2018-07-11 06:26:41 EXEC SPC_COM_PERMISSION '1','g005';
2018-07-11 06:26:41 EXEC SPC_COM_MENU '1';
2018-07-11 06:26:41 EXEC SPC_COM_M999_INQ1 '7';
2018-07-11 06:27:54 EXEC SPC_COM_PERMISSION '1','g005';
2018-07-11 06:27:54 EXEC SPC_COM_MENU '1';
2018-07-11 06:27:54 EXEC SPC_COM_M999_INQ1 '7';
2018-07-11 06:28:25 EXEC SPC_COM_PERMISSION '1','g005';
2018-07-11 06:28:25 EXEC SPC_COM_MENU '1';
2018-07-11 06:28:25 EXEC SPC_COM_M999_INQ1 '7';
2018-07-11 06:48:36 EXEC SPC_COM_PERMISSION '1','g005';
2018-07-11 06:48:36 EXEC SPC_COM_MENU '1';
2018-07-11 06:48:36 EXEC SPC_COM_M999_INQ1 '7';
2018-07-11 06:48:39 EXEC SPC_COM_MENU '1';
2018-07-11 06:48:39 EXEC SPC_G005_LST1 '','','','10','1';
2018-07-11 06:49:09 EXEC SPC_COM_PERMISSION '1','g006';
2018-07-11 06:49:09 EXEC SPC_COM_MENU '1';
2018-07-11 06:49:09 EXEC SPC_COM_M999_INQ1 '7';
2018-07-11 06:49:22 EXEC SPC_COM_PERMISSION '1','g006';
2018-07-11 06:49:22 EXEC SPC_COM_MENU '1';
2018-07-11 06:49:22 EXEC SPC_COM_M999_INQ1 '7';
2018-07-11 06:49:37 EXEC SPC_COM_PERMISSION '1','g006';
2018-07-11 06:49:37 EXEC SPC_COM_MENU '1';
2018-07-11 06:49:37 EXEC SPC_COM_M999_INQ1 '7';
2018-07-11 06:49:38 EXEC SPC_COM_PERMISSION '1','g005';
2018-07-11 06:49:38 EXEC SPC_COM_MENU '1';
2018-07-11 06:49:38 EXEC SPC_COM_M999_INQ1 '7';
2018-07-11 06:49:40 EXEC SPC_COM_PERMISSION '1','g006';
2018-07-11 06:49:40 EXEC SPC_COM_MENU '1';
2018-07-11 06:49:40 EXEC SPC_COM_M999_INQ1 '7';
2018-07-11 06:49:42 EXEC SPC_COM_PERMISSION '1','g005';
2018-07-11 06:49:42 EXEC SPC_COM_MENU '1';
2018-07-11 06:49:42 EXEC SPC_COM_M999_INQ1 '7';
2018-07-11 06:49:45 EXEC SPC_COM_PERMISSION '1','g006';
2018-07-11 06:49:45 EXEC SPC_COM_MENU '1';
2018-07-11 06:49:45 EXEC SPC_COM_M999_INQ1 '7';
2018-07-11 06:49:51 EXEC SPC_COM_MENU '1';
2018-07-11 06:49:51 EXEC SPC_COMMON_CATALORUE '1';
2018-07-11 06:49:55 EXEC SPC_COM_MENU '1';
2018-07-11 06:49:55 EXEC SPC_COMMON_GROUP 'CAT-12';
2018-07-11 06:50:04 EXEC SPC_COM_MENU '1';
2018-07-11 06:50:04 EXEC SPC_G006_ACT1 'CAT-12','tôi ko tin','ndq809','127.0.0.1';
2018-07-11 06:50:06 EXEC SPC_COM_PERMISSION '1','g005';
2018-07-11 06:50:06 EXEC SPC_COM_MENU '1';
2018-07-11 06:50:06 EXEC SPC_COM_M999_INQ1 '7';
2018-07-11 06:50:08 EXEC SPC_COM_MENU '1';
2018-07-11 06:50:08 EXEC SPC_G005_LST1 '','','','10','1';
2018-07-11 06:51:17 EXEC SPC_COM_MENU '1';
2018-07-11 06:51:18 EXEC SPC_G005_LST1 '2','','','10','1';
2018-07-11 06:51:22 EXEC SPC_COM_MENU '1';
2018-07-11 06:51:22 EXEC SPC_G005_LST1 '1','','','10','1';
2018-07-11 06:52:52 EXEC SPC_COM_PERMISSION '1','g005';
2018-07-11 06:52:52 EXEC SPC_COM_MENU '1';
2018-07-11 06:52:52 EXEC SPC_COM_M999_INQ1 '7';
2018-07-11 06:57:18 EXEC SPC_COM_PERMISSION '1','g005';
2018-07-11 06:57:18 EXEC SPC_COM_MENU '1';
2018-07-11 06:57:18 EXEC SPC_COM_M999_INQ1 '7';
2018-07-11 06:57:21 EXEC SPC_COM_MENU '1';
2018-07-11 06:57:21 EXEC SPC_G005_LST1 '','','','10','1';
2018-07-11 06:58:09 EXEC SPC_COM_PERMISSION '1','g005';
2018-07-11 06:58:10 EXEC SPC_COM_MENU '1';
2018-07-11 06:58:10 EXEC SPC_COM_M999_INQ1 '7';
2018-07-11 06:58:11 EXEC SPC_COM_MENU '1';
2018-07-11 06:58:11 EXEC SPC_G005_LST1 '','','','10','1';
2018-07-11 06:58:20 EXEC SPC_COM_PERMISSION '1','g005';
2018-07-11 06:58:20 EXEC SPC_COM_MENU '1';
2018-07-11 06:58:20 EXEC SPC_COM_M999_INQ1 '7';
2018-07-11 07:00:01 EXEC SPC_COM_MENU '1';
2018-07-11 07:00:01 EXEC SPC_G005_LST1 '3','','','10','1';
2018-07-11 07:10:22 EXEC SPC_COM_PERMISSION '1','g005';
2018-07-11 07:10:22 EXEC SPC_COM_MENU '1';
2018-07-11 07:10:22 EXEC SPC_COM_M999_INQ1 '7';
2018-07-11 07:10:26 EXEC SPC_COM_MENU '1';
2018-07-11 07:10:26 EXEC SPC_COMMON_CATALORUE '1';
2018-07-11 07:10:46 EXEC SPC_COM_MENU '1';
2018-07-11 07:10:46 EXEC SPC_COMMON_CATALORUE '';
2018-07-11 07:11:21 EXEC SPC_COM_PERMISSION '1','g005';
2018-07-11 07:11:21 EXEC SPC_COM_MENU '1';
2018-07-11 07:11:21 EXEC SPC_COM_M999_INQ1 '7';
2018-07-11 07:11:24 EXEC SPC_COM_MENU '1';
2018-07-11 07:11:24 EXEC SPC_COMMON_CATALORUE '1';
2018-07-11 07:11:26 EXEC SPC_COM_MENU '1';
2018-07-11 07:11:26 EXEC SPC_COMMON_CATALORUE '';
2018-07-11 07:11:29 EXEC SPC_COM_MENU '1';
2018-07-11 07:11:29 EXEC SPC_COMMON_CATALORUE '4';
2018-07-11 07:12:53 EXEC SPC_COM_MENU '1';
2018-07-11 07:12:53 EXEC SPC_G005_LST1 '','','','10','1';
2018-07-11 07:12:53 EXEC SPC_COM_MENU '1';
2018-07-11 07:12:53 EXEC SPC_COMMON_CATALORUE '';
2018-07-11 07:12:57 EXEC SPC_COM_MENU '1';
2018-07-11 07:12:57 EXEC SPC_COMMON_CATALORUE '3';
2018-07-11 07:15:36 EXEC SPC_COM_PERMISSION '1','g005';
2018-07-11 07:15:36 EXEC SPC_COM_MENU '1';
2018-07-11 07:15:36 EXEC SPC_COM_M999_INQ1 '7';
2018-07-11 07:15:41 EXEC SPC_COM_MENU '1';
2018-07-11 07:15:41 EXEC SPC_G005_LST1 '','','','10','1';
2018-07-11 07:15:44 EXEC SPC_COM_MENU '1';
2018-07-11 07:15:44 EXEC SPC_COMMON_CATALORUE '2';
2018-07-11 07:15:48 EXEC SPC_COM_MENU '1';
2018-07-11 07:15:48 EXEC SPC_COMMON_CATALORUE '1';
2018-07-11 07:20:18 EXEC SPC_COM_PERMISSION '1','g003';
2018-07-11 07:20:18 EXEC SPC_COM_MENU '1';
2018-07-11 07:20:18 EXEC SPC_COM_M999_INQ1 '7';
2018-07-11 07:20:21 EXEC SPC_COM_MENU '1';
2018-07-11 07:20:21 EXEC SPC_G003_LST1 '','','10','1';
2018-07-11 07:21:03 EXEC SPC_COM_PERMISSION '1','m003';
2018-07-11 07:21:03 EXEC SPC_COM_MENU '1';
2018-07-11 07:21:03 EXEC SPC_M003_FND1
2018-07-11 07:21:09 EXEC SPC_COM_MENU '1';
2018-07-11 07:21:09 EXEC SPC_M003_LST1 '','','','','10','1';
2018-07-11 07:22:43 EXEC SPC_COM_PERMISSION '1','s002';
2018-07-11 07:22:43 EXEC SPC_COM_MENU '1';
2018-07-11 07:22:43 EXEC SPC_S002_FND1
2018-07-11 07:22:47 EXEC SPC_COM_MENU '1';
2018-07-11 07:22:47 EXEC SPC_S002_LST1 '','','','','10','1';
2018-07-11 07:22:56 EXEC SPC_COM_PERMISSION '1','s002';
2018-07-11 07:22:56 EXEC SPC_COM_MENU '1';
2018-07-11 07:22:56 EXEC SPC_S002_FND1
2018-07-11 07:26:17 EXEC SPC_COM_PERMISSION '1','s002';
2018-07-11 07:26:17 EXEC SPC_COM_MENU '1';
2018-07-11 07:26:17 EXEC SPC_S002_FND1
2018-07-11 07:26:22 EXEC SPC_COM_MENU '1';
2018-07-11 07:26:22 EXEC SPC_S002_LST1 '','','','','10','1';
2018-07-11 07:27:44 EXEC SPC_COM_PERMISSION '1','s002';
2018-07-11 07:27:44 EXEC SPC_COM_MENU '1';
2018-07-11 07:27:44 EXEC SPC_S002_FND1
2018-07-11 07:27:50 EXEC SPC_COM_MENU '1';
2018-07-11 07:27:50 EXEC SPC_S002_LST1 '','','','','10','1';
2018-07-11 07:29:19 EXEC SPC_COM_PERMISSION '1','s002';
2018-07-11 07:29:19 EXEC SPC_COM_MENU '1';
2018-07-11 07:29:19 EXEC SPC_S002_FND1
2018-07-11 07:29:20 EXEC SPC_COM_MENU '1';
2018-07-11 07:29:20 EXEC SPC_S002_LST1 '','','','','10','1';
2018-07-11 07:30:10 EXEC SPC_COM_PERMISSION '1','s002';
2018-07-11 07:30:10 EXEC SPC_COM_MENU '1';
2018-07-11 07:30:10 EXEC SPC_S002_FND1
2018-07-11 07:30:13 EXEC SPC_COM_MENU '1';
2018-07-11 07:30:13 EXEC SPC_S002_LST1 '','','','','10','1';
2018-07-11 07:30:17 EXEC SPC_COM_MENU '1';
2018-07-11 08:17:32 EXEC SPC_COM_MENU '1';
2018-07-11 08:17:41 EXEC SPC_COM_MENU '1';
2018-07-11 08:17:52 EXEC SPC_COM_PERMISSION '1','s002';
2018-07-11 08:17:52 EXEC SPC_COM_MENU '1';
2018-07-11 08:17:52 EXEC SPC_S002_FND1
2018-07-11 08:19:33 EXEC SPC_COM_PERMISSION '1','g005';
2018-07-11 08:19:33 EXEC SPC_COM_MENU '1';
2018-07-11 08:19:33 EXEC SPC_COM_M999_INQ1 '7';
2018-07-11 08:19:35 EXEC SPC_COM_MENU '1';
2018-07-11 08:19:35 EXEC SPC_G005_LST1 '','','','10','1';
2018-07-11 08:19:40 EXEC SPC_COM_MENU '1';
2018-07-11 08:19:45 EXEC SPC_COM_MENU '1';
2018-07-11 08:19:45 EXEC SPC_COMMON_CATALORUE '1';
2018-07-11 08:19:49 EXEC SPC_COM_MENU '1';
2018-07-11 08:20:02 EXEC SPC_COM_MENU '1';
2018-07-11 08:20:02 EXEC SPC_G005_ACT1 '<row group_id="GRO-1" catalogue_div="1" catalogue_nm="CAT-12" group_nm="lalala" />','ndq809','127.0.0.1';
2018-07-11 08:20:02 SQLSTATE[42000]: [Microsoft][ODBC Driver 13 for SQL Server][SQL Server]ストアド プロシージャ 'SPC_G005_ACT1' が見つかりませんでした。
2018-07-11 08:20:03 EXEC SPC_COM_MENU '1';
2018-07-11 08:20:03 EXEC SPC_G005_LST1 '','','','10','1';
2018-07-11 08:20:03 EXEC SPC_COM_MENU '1';
2018-07-11 08:20:03 EXEC SPC_COMMON_CATALORUE '';
2018-07-11 08:20:19 EXEC SPC_COM_MENU '1';
2018-07-11 08:20:19 EXEC SPC_COMMON_CATALORUE '1';
2018-07-11 08:20:23 EXEC SPC_COM_MENU '1';
2018-07-11 08:20:27 EXEC SPC_COM_MENU '1';
2018-07-11 08:20:27 EXEC SPC_G005_ACT1 '<row group_id="GRO-1" catalogue_div="1" catalogue_nm="CAT-12" group_nm="lalala" />','ndq809','127.0.0.1';
2018-07-11 08:20:27 SQLSTATE[42000]: [Microsoft][ODBC Driver 13 for SQL Server][SQL Server]ストアド プロシージャ 'SPC_G005_ACT1' が見つかりませんでした。
2018-07-11 08:20:27 EXEC SPC_COM_MENU '1';
2018-07-11 08:20:27 EXEC SPC_G005_LST1 '','','','10','1';
2018-07-11 08:20:27 EXEC SPC_COM_MENU '1';
2018-07-11 08:20:27 EXEC SPC_COMMON_CATALORUE '';
2018-07-11 08:21:55 EXEC SPC_COM_MENU '1';
2018-07-11 08:21:55 EXEC SPC_COMMON_CATALORUE '1';
2018-07-11 08:21:59 EXEC SPC_COM_MENU '1';
2018-07-11 08:22:02 EXEC SPC_COM_MENU '1';
2018-07-11 08:22:02 EXEC SPC_G005_ACT1 '<row group_id="GRO-1" catalogue_div="1" catalogue_nm="CAT-12" group_nm="lalala" />','ndq809','127.0.0.1';
2018-07-11 08:22:03 EXEC SPC_COM_MENU '1';
2018-07-11 08:22:03 EXEC SPC_G005_LST1 '','','','10','1';
2018-07-11 08:22:03 EXEC SPC_COM_MENU '1';
2018-07-11 08:22:03 EXEC SPC_COMMON_CATALORUE '';
2018-07-11 08:23:47 EXEC SPC_COM_MENU '1';
2018-07-11 08:23:47 EXEC SPC_COMMON_CATALORUE '1';
2018-07-11 08:23:50 EXEC SPC_COM_MENU '1';
2018-07-11 08:23:52 EXEC SPC_COM_MENU '1';
2018-07-11 08:23:53 EXEC SPC_G005_ACT1 '<row group_id="GRO-1" catalogue_div="1" catalogue_nm="CAT-12" group_nm="lalala" />','ndq809','127.0.0.1';
2018-07-11 08:23:53 EXEC SPC_COM_MENU '1';
2018-07-11 08:23:53 EXEC SPC_G005_LST1 '','','','10','1';
2018-07-11 08:23:53 EXEC SPC_COM_MENU '1';
2018-07-11 08:23:53 EXEC SPC_COMMON_CATALORUE '';
2018-07-11 08:24:01 EXEC SPC_COM_MENU '1';
2018-07-11 08:24:01 EXEC SPC_COMMON_CATALORUE '1';
2018-07-11 08:24:04 EXEC SPC_COM_MENU '1';
2018-07-11 08:24:07 EXEC SPC_COM_MENU '1';
2018-07-11 08:24:07 EXEC SPC_G005_ACT1 '<row group_id="GRO-4" catalogue_div="1" catalogue_nm="CAT-5" group_nm="tôi ko tin" />','ndq809','127.0.0.1';
2018-07-11 08:24:07 EXEC SPC_COM_MENU '1';
2018-07-11 08:24:07 EXEC SPC_G005_LST1 '','','','10','1';
2018-07-11 08:24:08 EXEC SPC_COM_MENU '1';
2018-07-11 08:24:08 EXEC SPC_COMMON_CATALORUE '';
2018-07-11 08:25:24 EXEC SPC_COM_MENU '1';
2018-07-11 08:25:25 EXEC SPC_G005_LST1 '','','','10','1';
2018-07-11 08:28:43 EXEC SPC_COM_MENU '1';
2018-07-11 08:28:43 EXEC SPC_G005_ACT2 '<row id="GRO-1" />','ndq809','127.0.0.1';
2018-07-11 08:28:43 SQLSTATE[42000]: [Microsoft][ODBC Driver 13 for SQL Server][SQL Server]ストアド プロシージャ 'SPC_G005_ACT2' が見つかりませんでした。
2018-07-11 08:28:48 EXEC SPC_COM_MENU '1';
2018-07-11 08:28:48 EXEC SPC_G005_LST1 '','','','10','1';
2018-07-11 08:29:57 EXEC SPC_COM_MENU '1';
2018-07-11 08:29:57 EXEC SPC_G005_ACT2 '<row id="GRO-4" />','ndq809','127.0.0.1';
2018-07-11 08:29:57 SQLSTATE[42000]: [Microsoft][ODBC Driver 13 for SQL Server][SQL Server]ストアド プロシージャ 'SPC_G005_ACT2' が見つかりませんでした。
2018-07-11 08:31:11 EXEC SPC_COM_MENU '1';
2018-07-11 08:31:11 EXEC SPC_G005_LST1 '','','','10','1';
2018-07-11 08:31:34 EXEC SPC_COM_MENU '1';
2018-07-11 08:31:34 EXEC SPC_G005_ACT2 '<row id="GRO-4" />','ndq809','127.0.0.1';
2018-07-11 08:31:36 EXEC SPC_COM_MENU '1';
2018-07-11 08:31:36 EXEC SPC_G005_LST1 '','','','10','1';
2018-07-11 08:35:50 EXEC SPC_COM_PERMISSION '1','g005';
2018-07-11 08:35:50 EXEC SPC_COM_MENU '1';
2018-07-11 08:35:50 EXEC SPC_COM_M999_INQ1 '7';
2018-07-11 08:35:54 EXEC SPC_COM_MENU '1';
2018-07-11 08:35:54 EXEC SPC_G005_LST1 '','','','10','1';
2018-07-11 08:35:58 EXEC SPC_COM_MENU '1';
2018-07-11 08:35:58 EXEC SPC_G009_ACT2 '<row id="GRO-1" />','ndq809','127.0.0.1';
2018-07-11 08:35:58 SQLSTATE[42000]: [Microsoft][ODBC Driver 13 for SQL Server][SQL Server]ストアド プロシージャ 'SPC_G009_ACT2' が見つかりませんでした。
2018-07-11 08:38:02 EXEC SPC_COM_PERMISSION '1','g005';
2018-07-11 08:38:02 EXEC SPC_COM_MENU '1';
2018-07-11 08:38:02 EXEC SPC_COM_M999_INQ1 '7';
2018-07-11 08:38:05 EXEC SPC_COM_MENU '1';
2018-07-11 08:38:05 EXEC SPC_G005_LST1 '','','','10','1';
2018-07-11 08:38:08 EXEC SPC_COM_MENU '1';
2018-07-11 08:38:08 EXEC SPC_G005_ACT2 '<row id="GRO-1" />','ndq809','127.0.0.1';
2018-07-11 08:38:12 EXEC SPC_COM_PERMISSION '1','g005';
2018-07-11 08:38:12 EXEC SPC_COM_MENU '1';
2018-07-11 08:38:12 EXEC SPC_COM_M999_INQ1 '7';
2018-07-11 08:38:14 EXEC SPC_COM_MENU '1';
2018-07-11 08:38:14 EXEC SPC_G005_LST1 '','','','10','1';
2018-07-11 08:38:36 EXEC SPC_COM_PERMISSION '1','g006';
2018-07-11 08:38:36 EXEC SPC_COM_MENU '1';
2018-07-11 08:38:36 EXEC SPC_COM_M999_INQ1 '7';
2018-07-11 08:38:38 EXEC SPC_COM_MENU '1';
2018-07-11 08:38:38 EXEC SPC_COMMON_CATALORUE '1';
2018-07-11 08:38:40 EXEC SPC_COM_MENU '1';
2018-07-11 08:38:40 EXEC SPC_COMMON_GROUP 'CAT-12';
2018-07-11 08:38:46 EXEC SPC_COM_MENU '1';
2018-07-11 08:38:46 EXEC SPC_G006_ACT1 'CAT-12','ok fine','ndq809','127.0.0.1';
2018-07-11 08:38:49 EXEC SPC_COM_PERMISSION '1','g005';
2018-07-11 08:38:49 EXEC SPC_COM_MENU '1';
2018-07-11 08:38:49 EXEC SPC_COM_M999_INQ1 '7';
2018-07-11 08:38:51 EXEC SPC_COM_MENU '1';
2018-07-11 08:38:51 EXEC SPC_G005_LST1 '','','','10','1';
2018-07-11 08:38:56 EXEC SPC_COM_MENU '1';
2018-07-11 08:38:56 EXEC SPC_G009_ACT2 '<row id="GRO-5" />','ndq809','127.0.0.1';
2018-07-11 08:38:56 SQLSTATE[42000]: [Microsoft][ODBC Driver 13 for SQL Server][SQL Server]ストアド プロシージャ 'SPC_G009_ACT2' が見つかりませんでした。
2018-07-11 08:38:59 EXEC SPC_COM_PERMISSION '1','g005';
2018-07-11 08:38:59 EXEC SPC_COM_MENU '1';
2018-07-11 08:38:59 EXEC SPC_COM_M999_INQ1 '7';
2018-07-11 08:39:01 EXEC SPC_COM_MENU '1';
2018-07-11 08:39:01 EXEC SPC_G005_LST1 '','','','10','1';
2018-07-11 08:40:02 EXEC SPC_COM_PERMISSION '1','s002';
2018-07-11 08:40:02 EXEC SPC_COM_MENU '1';
2018-07-11 08:40:02 EXEC SPC_S002_FND1
2018-07-11 08:49:39 EXEC SPC_COM_PERMISSION '1','s002';
2018-07-11 08:49:39 EXEC SPC_COM_MENU '1';
2018-07-11 08:49:39 EXEC SPC_S002_FND1
2018-07-11 08:49:41 EXEC SPC_COM_MENU '1';
2018-07-11 08:49:41 EXEC SPC_S002_LST1 '','','','','10','1';
2018-07-11 08:49:46 EXEC SPC_COM_MENU '1';
2018-07-11 08:49:47 EXEC SPC_G006_ACT1 'CAT-12','ok fine','ndq809','127.0.0.1';
2018-07-11 08:49:51 EXEC SPC_COM_PERMISSION '1','g005';
2018-07-11 08:49:51 EXEC SPC_COM_MENU '1';
2018-07-11 08:49:51 EXEC SPC_COM_M999_INQ1 '7';
2018-07-11 08:49:54 EXEC SPC_COM_MENU '1';
2018-07-11 08:49:54 EXEC SPC_G005_LST1 '','','','10','1';
2018-07-11 08:50:00 EXEC SPC_COM_MENU '1';
2018-07-11 08:50:00 EXEC SPC_G005_ACT2 '<row id="GRO-5" />','ndq809','127.0.0.1';
2018-07-11 08:50:03 EXEC SPC_COM_MENU '1';
2018-07-11 08:50:03 EXEC SPC_G005_LST1 '','','','10','1';
2018-07-11 08:50:17 EXEC SPC_COM_PERMISSION '1','g006';
2018-07-11 08:50:17 EXEC SPC_COM_MENU '1';
2018-07-11 08:50:17 EXEC SPC_COM_M999_INQ1 '7';
2018-07-11 08:50:19 EXEC SPC_COM_MENU '1';
2018-07-11 08:50:19 EXEC SPC_COMMON_CATALORUE '1';
2018-07-11 08:50:21 EXEC SPC_COM_MENU '1';
2018-07-11 08:50:21 EXEC SPC_COMMON_GROUP 'CAT-12';
2018-07-11 08:50:26 EXEC SPC_COM_MENU '1';
2018-07-11 08:50:26 EXEC SPC_G006_ACT1 'CAT-12','vkl','ndq809','127.0.0.1';
2018-07-11 08:50:30 EXEC SPC_COM_PERMISSION '1','g005';
2018-07-11 08:50:30 EXEC SPC_COM_MENU '1';
2018-07-11 08:50:30 EXEC SPC_COM_M999_INQ1 '7';
2018-07-11 08:50:33 EXEC SPC_COM_MENU '1';
2018-07-11 08:50:33 EXEC SPC_G005_LST1 '','','','10','1';
2018-07-11 08:50:40 EXEC SPC_COM_MENU '1';
2018-07-11 08:50:40 EXEC SPC_G009_ACT2 '<row id="GRO-6" />','ndq809','127.0.0.1';
2018-07-11 08:50:40 SQLSTATE[42000]: [Microsoft][ODBC Driver 13 for SQL Server][SQL Server]ストアド プロシージャ 'SPC_G009_ACT2' が見つかりませんでした。
2018-07-11 08:54:09 EXEC SPC_COM_PERMISSION '1','g005';
2018-07-11 08:54:09 EXEC SPC_COM_MENU '1';
2018-07-11 08:54:09 EXEC SPC_COM_M999_INQ1 '7';
2018-07-11 08:54:12 EXEC SPC_COM_MENU '1';
2018-07-11 08:54:12 EXEC SPC_G005_LST1 '','','','10','1';
2018-07-11 08:54:57 EXEC SPC_COM_MENU '1';
2018-07-11 08:54:59 EXEC SPC_COM_MENU '1';
2018-07-11 08:54:59 EXEC SPC_COMMON_CATALORUE '1';
2018-07-11 08:55:03 EXEC SPC_COM_MENU '1';
2018-07-11 08:55:03 EXEC SPC_COM_MENU '1';
2018-07-11 08:55:07 EXEC SPC_COM_MENU '1';
2018-07-11 08:55:08 EXEC SPC_G009_ACT1 '<row group_id="GRO-6" catalogue_div="1" catalogue_nm="CAT-12" group_nm="vkl" />','ndq809','127.0.0.1';
2018-07-11 08:55:08 SQLSTATE[42000]: [Microsoft][ODBC Driver 13 for SQL Server][SQL Server]ストアド プロシージャ 'SPC_G009_ACT1' が見つかりませんでした。
2018-07-11 08:55:16 EXEC SPC_COM_PERMISSION '1','g005';
2018-07-11 08:55:16 EXEC SPC_COM_MENU '1';
2018-07-11 08:55:16 EXEC SPC_COM_M999_INQ1 '7';
2018-07-11 08:55:18 EXEC SPC_COM_MENU '1';
2018-07-11 08:55:18 EXEC SPC_G005_LST1 '','','','10','1';
2018-07-11 08:55:25 EXEC SPC_COM_MENU '1';
2018-07-11 08:55:25 EXEC SPC_COMMON_CATALORUE '1';
2018-07-11 08:55:29 EXEC SPC_COM_MENU '1';
2018-07-11 08:55:32 EXEC SPC_COM_MENU '1';
2018-07-11 08:55:32 EXEC SPC_G005_ACT1 '<row group_id="GRO-6" catalogue_div="1" catalogue_nm="CAT-5" group_nm="vkl" />','ndq809','127.0.0.1';
2018-07-11 08:55:32 EXEC SPC_COM_MENU '1';
2018-07-11 08:55:32 EXEC SPC_G005_LST1 '','','','10','1';
2018-07-11 08:55:32 EXEC SPC_COM_MENU '1';
2018-07-11 08:55:32 EXEC SPC_COMMON_CATALORUE '';
2018-07-11 08:57:22 EXEC SPC_COM_PERMISSION '1','g001';
2018-07-11 08:57:22 EXEC SPC_COM_MENU '1';
2018-07-11 08:57:39 EXEC SPC_COM_PERMISSION '1','g006';
2018-07-11 08:57:39 EXEC SPC_COM_MENU '1';
2018-07-11 08:57:39 EXEC SPC_COM_M999_INQ1 '7';
2018-07-11 08:57:43 EXEC SPC_COM_PERMISSION '1','g004';
2018-07-11 08:57:43 EXEC SPC_COM_MENU '1';
2018-07-11 08:57:43 EXEC SPC_COM_M999_INQ1 '7';
2018-07-11 08:57:51 EXEC SPC_COM_PERMISSION '1','s001';
2018-07-11 08:57:51 EXEC SPC_COM_MENU '1';
2018-07-11 08:57:51 EXEC SPC_S001_FND1
2018-07-11 08:57:56 EXEC SPC_COM_PERMISSION '1','g004';
2018-07-11 08:57:56 EXEC SPC_COM_MENU '1';
2018-07-11 08:57:56 EXEC SPC_COM_M999_INQ1 '7';
2018-07-11 08:58:34 EXEC SPC_COM_MENU '1';
2018-07-11 08:58:43 EXEC SPC_COM_MENU '1';
2018-07-11 08:58:43 EXEC SPC_COMMON_CATALORUE '2';
2018-07-11 08:58:48 EXEC SPC_COM_MENU '1';
2018-07-11 08:58:48 EXEC SPC_COMMON_CATALORUE '1';
2018-07-11 08:58:55 EXEC SPC_COM_MENU '1';
2018-07-11 08:58:55 EXEC SPC_G004_ACT1 '1','CAT-12','ndq809','127.0.0.1';
2018-07-11 08:59:06 EXEC SPC_COM_MENU '1';
2018-07-11 08:59:07 EXEC SPC_G004_ACT2 '<row id="CAT-15" />','ndq809','127.0.0.1';
2018-07-11 08:59:08 EXEC SPC_COM_MENU '1';
2018-07-11 08:59:08 EXEC SPC_COMMON_CATALORUE '1';
2018-07-11 08:59:15 EXEC SPC_COM_MENU '1';
2018-07-11 08:59:15 EXEC SPC_COMMON_CATALORUE '';
2018-07-11 08:59:17 EXEC SPC_COM_MENU '1';
2018-07-11 08:59:17 EXEC SPC_COMMON_CATALORUE '3';
2018-07-11 08:59:22 EXEC SPC_COM_MENU '1';
2018-07-11 08:59:22 EXEC SPC_COMMON_CATALORUE '5';
2018-07-11 09:00:29 EXEC SPC_COM_PERMISSION '1','g004';
2018-07-11 09:00:29 EXEC SPC_COM_MENU '1';
2018-07-11 09:00:29 EXEC SPC_COM_M999_INQ1 '7';
2018-07-11 09:00:31 EXEC SPC_COM_MENU '1';
2018-07-11 09:00:31 EXEC SPC_COMMON_CATALORUE '2';
2018-07-11 09:00:36 EXEC SPC_COM_MENU '1';
2018-07-11 09:00:36 EXEC SPC_COMMON_CATALORUE '1';
2018-07-11 09:00:43 EXEC SPC_COM_MENU '1';
2018-07-11 09:00:43 EXEC SPC_COMMON_CATALORUE '3';
2018-07-11 09:00:49 EXEC SPC_COM_MENU '1';
2018-07-11 09:00:49 EXEC SPC_COMMON_CATALORUE '';
2018-07-11 09:00:52 EXEC SPC_COM_MENU '1';
2018-07-11 09:00:52 EXEC SPC_COMMON_CATALORUE '4';
2018-07-11 09:01:28 EXEC SPC_COM_PERMISSION '1','g004';
2018-07-11 09:01:28 EXEC SPC_COM_MENU '1';
2018-07-11 09:01:28 EXEC SPC_COM_M999_INQ1 '7';
2018-07-11 09:01:32 EXEC SPC_COM_MENU '1';
2018-07-11 09:01:32 EXEC SPC_COMMON_CATALORUE '3';
2018-07-11 09:01:37 EXEC SPC_COM_MENU '1';
2018-07-11 09:01:37 EXEC SPC_COMMON_CATALORUE '1';
2018-07-11 09:01:41 EXEC SPC_COM_MENU '1';
2018-07-11 09:01:41 EXEC SPC_COMMON_CATALORUE '6';
2018-07-11 09:01:45 EXEC SPC_COM_MENU '1';
2018-07-11 09:01:45 EXEC SPC_COMMON_CATALORUE '1';
2018-07-11 09:01:55 EXEC SPC_COM_MENU '1';
2018-07-11 09:01:55 EXEC SPC_COMMON_CATALORUE '4';
2018-07-11 09:03:30 EXEC SPC_COM_PERMISSION '1','g003';
2018-07-11 09:03:30 EXEC SPC_COM_MENU '1';
2018-07-11 09:03:30 EXEC SPC_COM_M999_INQ1 '7';
2018-07-11 09:03:37 EXEC SPC_COM_PERMISSION '1','g005';
2018-07-11 09:03:37 EXEC SPC_COM_MENU '1';
2018-07-11 09:03:37 EXEC SPC_COM_M999_INQ1 '7';
2018-07-11 09:03:41 EXEC SPC_COM_MENU '1';
2018-07-11 09:03:41 EXEC SPC_COMMON_CATALORUE '1';
2018-07-11 09:03:45 EXEC SPC_COM_MENU '1';
2018-07-11 09:03:45 EXEC SPC_COMMON_CATALORUE '3';
2018-07-11 09:03:51 EXEC SPC_COM_MENU '1';
2018-07-11 09:03:52 EXEC SPC_COMMON_CATALORUE '5';
2018-07-11 09:03:56 EXEC SPC_COM_MENU '1';
2018-07-11 09:03:56 EXEC SPC_COMMON_CATALORUE '1';
2018-07-11 09:03:59 EXEC SPC_COM_MENU '1';
2018-07-11 09:03:59 EXEC SPC_COMMON_CATALORUE '6';
2018-07-11 09:04:32 EXEC SPC_COM_PERMISSION '1','g006';
2018-07-11 09:04:32 EXEC SPC_COM_MENU '1';
2018-07-11 09:04:32 EXEC SPC_COM_M999_INQ1 '7';
2018-07-11 09:04:34 EXEC SPC_COM_MENU '1';
2018-07-11 09:04:34 EXEC SPC_COMMON_CATALORUE '2';
2018-07-11 09:04:38 EXEC SPC_COM_MENU '1';
2018-07-11 09:04:38 EXEC SPC_COMMON_CATALORUE '1';
2018-07-11 09:04:38 EXEC SPC_COM_MENU '1';
2018-07-11 09:04:38 EXEC SPC_COMMON_GROUP '';
2018-07-11 09:04:40 EXEC SPC_COM_MENU '1';
2018-07-11 09:04:40 EXEC SPC_COMMON_GROUP 'CAT-5';
2018-07-11 09:04:45 EXEC SPC_COM_MENU '1';
2018-07-11 09:04:45 EXEC SPC_COMMON_GROUP 'CAT-12';
2018-07-11 09:04:49 EXEC SPC_COM_MENU '1';
2018-07-11 09:04:49 EXEC SPC_COMMON_CATALORUE '2';
2018-07-11 09:04:49 EXEC SPC_COM_MENU '1';
2018-07-11 09:04:49 EXEC SPC_COMMON_GROUP '';
2018-07-11 09:04:58 EXEC SPC_COM_MENU '1';
2018-07-11 09:04:58 EXEC SPC_COMMON_CATALORUE '1';
2018-07-11 09:04:58 EXEC SPC_COM_MENU '1';
2018-07-11 09:04:58 EXEC SPC_COMMON_GROUP '';
2018-07-11 09:05:00 EXEC SPC_COM_MENU '1';
2018-07-11 09:05:00 EXEC SPC_COMMON_GROUP 'CAT-5';
2018-07-11 09:05:03 EXEC SPC_COM_MENU '1';
2018-07-11 09:05:03 EXEC SPC_COMMON_CATALORUE '5';
2018-07-11 09:05:04 EXEC SPC_COM_MENU '1';
2018-07-11 09:05:04 EXEC SPC_COMMON_GROUP '';
2018-07-11 09:05:07 EXEC SPC_COM_MENU '1';
2018-07-11 09:05:07 EXEC SPC_COMMON_GROUP 'CAT-9';
2018-07-11 09:05:13 EXEC SPC_COM_MENU '1';
