2018-09-12 06:07:27 EXEC SPC_COM_DATA 'quypro','1','1';
2018-09-12 06:07:27 EXEC SPC_VOCABULARY_LST1 '1','quypro';
2018-09-12 06:07:28 EXEC SPC_COM_DATA 'quypro','1','1';
2018-09-12 06:07:28 EXEC SPC_VOCABULARY_LST2 '2','3','quypro';
2018-09-12 06:08:42 EXEC SPC_COM_DATA 'quypro','1','1';
2018-09-12 06:08:42 EXEC SPC_VOCABULARY_LST1 '','quypro','2','3';
2018-09-12 06:08:42 EXEC SPC_COM_DATA 'quypro','1','1';
2018-09-12 06:08:42 EXEC SPC_VOCABULARY_LST2 '2','1','quypro';
2018-09-12 06:08:47 EXEC SPC_COM_DATA 'quypro','1','1';
2018-09-12 06:08:47 EXEC SPC_VOCABULARY_LST1 '1','quypro','2','1';
2018-09-12 06:10:26 EXEC SPC_COM_DATA 'quypro','1','1';
2018-09-12 06:10:26 EXEC SPC_VOCABULARY_LST1 '1','quypro','2','1';
2018-09-12 06:10:27 EXEC SPC_COM_DATA 'quypro','1','1';
2018-09-12 06:10:27 EXEC SPC_VOCABULARY_LST2 '2','1','quypro';
2018-09-12 06:10:36 EXEC SPC_COM_DATA 'quypro','1','1';
2018-09-12 06:10:36 EXEC SPC_VOCABULARY_LST2 '2','3','quypro';
2018-09-12 06:10:40 EXEC SPC_COM_DATA 'quypro','1','1';
2018-09-12 06:10:40 EXEC SPC_VOCABULARY_LST1 '1','quypro','2','3';
2018-09-12 06:10:41 EXEC SPC_COM_DATA 'quypro','1','1';
2018-09-12 06:10:41 EXEC SPC_VOCABULARY_LST2 '2','3','quypro';
2018-09-12 06:10:44 EXEC SPC_COM_DATA 'quypro','1','1';
2018-09-12 06:10:44 EXEC SPC_VOCABULARY_LST2 '2','1','quypro';
2018-09-12 06:10:46 EXEC SPC_COM_DATA 'quypro','1','1';
2018-09-12 06:10:46 EXEC SPC_VOCABULARY_LST1 '1','quypro','2','1';
2018-09-12 06:10:47 EXEC SPC_COM_DATA 'quypro','1','1';
2018-09-12 06:10:47 EXEC SPC_VOCABULARY_LST2 '2','1','quypro';
2018-09-12 06:10:50 EXEC SPC_COM_DATA 'quypro','1','1';
2018-09-12 06:10:50 EXEC SPC_VOCABULARY_LST1 '1','quypro','2','1';
2018-09-12 06:10:51 EXEC SPC_COM_DATA 'quypro','1','1';
2018-09-12 06:10:51 EXEC SPC_VOCABULARY_LST2 '2','1','quypro';
2018-09-12 06:16:01 EXEC SPC_COM_DATA 'quypro','1','1';
2018-09-12 06:16:06 EXEC SPC_COM_DATA 'quypro','1','1';
2018-09-12 06:19:35 EXEC SPC_COM_DATA 'quypro','1','1';
2018-09-12 06:19:35 EXEC SPC_VOCABULARY_LST1 '1','quypro','2','1';
2018-09-12 06:19:36 EXEC SPC_COM_DATA 'quypro','1','1';
2018-09-12 06:19:36 EXEC SPC_VOCABULARY_LST2 '2','1','quypro';
2018-09-12 06:23:53 EXEC SPC_COM_DATA 'quypro','1','1';
2018-09-12 06:23:53 EXEC SPC_VOCABULARY_LST1 '1','quypro','2','1';
2018-09-12 06:23:54 EXEC SPC_COM_DATA 'quypro','1','1';
2018-09-12 06:23:54 EXEC SPC_VOCABULARY_LST2 '2','1','quypro';
2018-09-12 06:24:05 EXEC SPC_COM_DATA 'quypro','1','1';
2018-09-12 06:24:05 EXEC SPC_VOCABULARY_LST1 '1','quypro','2','1';
2018-09-12 06:24:05 EXEC SPC_COM_DATA 'quypro','1','1';
2018-09-12 06:24:05 EXEC SPC_VOCABULARY_LST1 '2','quypro';
2018-09-12 06:24:08 EXEC SPC_COM_DATA 'quypro','1','1';
2018-09-12 06:24:08 EXEC SPC_COM_DATA 'quypro','1','1';
2018-09-12 06:24:08 EXEC SPC_VOCABULARY_LST2 '2','3','quypro';
2018-09-12 06:24:08 EXEC SPC_VOCABULARY_LST2 '2','1','quypro';
2018-09-12 06:24:39 EXEC SPC_COM_DATA 'quypro','1','1';
2018-09-12 06:24:39 EXEC SPC_COM_DATA 'quypro','1','1';
2018-09-12 06:24:39 EXEC SPC_VOCABULARY_LST1 '1','quypro','2','3';
2018-09-12 06:24:41 EXEC SPC_COM_DATA 'quypro','1','1';
2018-09-12 06:24:41 EXEC SPC_VOCABULARY_LST2 '2','3','quypro';
2018-09-12 06:24:42 EXEC SPC_COM_DATA 'quypro','1','1';
2018-09-12 06:24:42 EXEC SPC_VOCABULARY_LST2 '2','3','quypro';
2018-09-12 06:24:54 EXEC SPC_COM_DATA 'quypro','1','1';
2018-09-12 06:24:54 EXEC SPC_VOCABULARY_LST1 '1','quypro','2','3';
2018-09-12 06:24:55 EXEC SPC_COM_DATA 'quypro','1','1';
2018-09-12 06:24:55 EXEC SPC_VOCABULARY_LST2 '2','3','quypro';
2018-09-12 06:28:44 EXEC SPC_COM_DATA 'quypro','1','1';
2018-09-12 06:28:44 EXEC SPC_VOCABULARY_LST2 '3','5','quypro';
2018-09-12 06:29:31 EXEC SPC_COM_DATA 'quypro','1','1';
2018-09-12 06:29:31 EXEC SPC_VOCABULARY_LST2 '2','1','quypro';
2018-09-12 06:29:34 EXEC SPC_COM_DATA 'quypro','1','1';
2018-09-12 06:29:34 EXEC SPC_VOCABULARY_LST1 '1','quypro','2','1';
2018-09-12 06:29:35 EXEC SPC_COM_DATA 'quypro','1','1';
2018-09-12 06:29:35 EXEC SPC_VOCABULARY_LST2 '2','1','quypro';
2018-09-12 06:29:38 EXEC SPC_COM_DATA 'quypro','1','1';
2018-09-12 06:29:38 EXEC SPC_VOCABULARY_LST2 '2','3','quypro';
2018-09-12 06:29:41 EXEC SPC_COM_DATA 'quypro','1','1';
2018-09-12 06:29:41 EXEC SPC_VOCABULARY_LST1 '1','quypro','2','3';
2018-09-12 06:29:41 EXEC SPC_COM_DATA 'quypro','1','1';
2018-09-12 06:29:41 EXEC SPC_VOCABULARY_LST2 '2','3','quypro';
2018-09-12 06:29:58 EXEC SPC_COM_DATA 'ndq809','1','2';
2018-09-12 06:29:58 EXEC SPC_VOCABULARY_LST1 '1','ndq809','','';
2018-09-12 06:30:00 EXEC SPC_COM_DATA 'ndq809','1','2';
2018-09-12 06:30:00 EXEC SPC_VOCABULARY_LST2 '2','3','ndq809';
2018-09-12 06:30:17 EXEC SPC_COM_DATA '','','';
2018-09-12 06:30:17 EXEC SPC_VOCABULARY_LST1 '1','','','';
2018-09-12 06:30:18 EXEC SPC_COM_DATA '','','';
2018-09-12 06:30:18 EXEC SPC_VOCABULARY_LST2 '2','3','';
2018-09-12 06:30:24 EXEC SPC_COM_DATA '','','';
2018-09-12 06:30:24 EXEC SPC_VOCABULARY_LST1 '1','','2','3';
2018-09-12 06:30:26 EXEC SPC_COM_DATA '','','';
2018-09-12 06:30:26 EXEC SPC_VOCABULARY_LST2 '2','3','';
2018-09-12 06:30:29 EXEC SPC_COM_DATA '','','';
2018-09-12 06:30:29 EXEC SPC_VOCABULARY_LST2 '3','5','';
2018-09-12 06:30:32 EXEC SPC_COM_DATA '','','';
2018-09-12 06:30:32 EXEC SPC_VOCABULARY_LST2 '2','1','';
2018-09-12 06:30:40 EXEC SPC_COM_DATA '','','';
2018-09-12 06:30:40 EXEC SPC_VOCABULARY_LST1 '1','','2','1';
2018-09-12 06:30:41 EXEC SPC_COM_DATA '','','';
2018-09-12 06:30:41 EXEC SPC_VOCABULARY_LST2 '2','1','';
2018-09-12 06:31:35 EXEC SPC_COM_DATA 'quypro','1','1';
2018-09-12 06:31:35 EXEC SPC_VOCABULARY_LST1 '1','quypro','2','3';
2018-09-12 06:31:36 EXEC SPC_COM_DATA 'quypro','1','1';
2018-09-12 06:31:36 EXEC SPC_VOCABULARY_LST2 '2','3','quypro';
2018-09-12 06:31:39 EXEC SPC_COM_DATA 'quypro','1','1';
2018-09-12 06:31:39 EXEC SPC_COM_MENU '1';
2018-09-12 06:31:42 EXEC SPC_COM_DATA 'quypro','1','1';
2018-09-12 06:31:42 EXEC SPC_VOCABULARY_LST1 '','quypro','2','3';
2018-09-12 06:31:43 EXEC SPC_COM_DATA 'quypro','1','1';
2018-09-12 06:31:43 EXEC SPC_VOCABULARY_LST2 '2','1','quypro';
2018-09-12 06:31:46 EXEC SPC_COM_DATA 'quypro','1','1';
2018-09-12 06:31:46 EXEC SPC_VOCABULARY_LST1 '1','quypro','2','1';
2018-09-12 06:31:47 EXEC SPC_COM_DATA 'quypro','1','1';
2018-09-12 06:31:47 EXEC SPC_VOCABULARY_LST2 '2','1','quypro';
2018-09-12 06:50:00 EXEC SPC_COM_DATA 'quypro','1','1';
2018-09-12 06:50:00 EXEC SPC_VOCABULARY_LST1 '','quypro','2','1';
2018-09-12 06:50:01 EXEC SPC_COM_DATA 'quypro','1','1';
2018-09-12 06:50:01 EXEC SPC_VOCABULARY_LST2 '2','1','quypro';
2018-09-12 06:50:08 EXEC SPC_COM_DATA 'quypro','1','1';
2018-09-12 06:50:08 EXEC SPC_VOCABULARY_LST2 '3','5','quypro';
2018-09-12 06:50:10 EXEC SPC_COM_DATA 'quypro','1','1';
2018-09-12 06:50:10 EXEC SPC_VOCABULARY_LST1 '4','quypro','3','5';
2018-09-12 06:50:11 EXEC SPC_COM_DATA 'quypro','1','1';
2018-09-12 06:50:11 EXEC SPC_VOCABULARY_LST2 '3','5','quypro';
2018-09-12 06:55:09 EXEC SPC_COM_PERMISSION '1','2','w001';
2018-09-12 06:55:09 EXEC SPC_COM_MENU '1';
2018-09-12 06:55:09 EXEC SPC_COM_M999_INQ1 '7';
2018-09-12 06:55:14 EXEC SPC_COM_PERMISSION '1','2','w001';
2018-09-12 06:55:14 EXEC SPC_COM_MENU '1';
2018-09-12 06:55:14 EXEC SPC_COM_M999_INQ1 '7';
2018-09-12 06:55:16 EXEC SPC_COM_MENU '1';
2018-09-12 06:55:16 EXEC SPC_w001_LST1 '','','','','10','1';
2018-09-12 06:55:19 EXEC SPC_COM_PERMISSION '1','2','w002';
2018-09-12 06:55:19 EXEC SPC_COM_MENU '1';
2018-09-12 06:55:19 EXEC SPC_W002_FND1
2018-09-12 06:55:20 EXEC SPC_COM_MENU '1';
2018-09-12 06:55:20 EXEC SPC_W002_LST1 '3';
2018-09-12 06:55:20 EXEC SPC_COM_MENU '1';
2018-09-12 06:55:20 EXEC SPC_COMMON_CATALORUE '1';
2018-09-12 06:55:21 EXEC SPC_COM_MENU '1';
2018-09-12 06:55:21 EXEC SPC_COMMON_GROUP '3';
2018-09-12 06:55:23 EXEC SPC_COM_MENU '1';
2018-09-12 06:55:23 EXEC SPC_COM_M999_INQ1 '8';
2018-09-12 06:55:24 EXEC SPC_COM_MENU '1';
2018-09-12 06:55:24 EXEC SPC_p003_LST1 '','','','50';
2018-09-12 06:55:32 EXEC SPC_COM_MENU '1';
2018-09-12 06:55:32 EXEC SPC_COM_M999_INQ1 '8';
2018-09-12 06:55:33 EXEC SPC_COM_MENU '1';
2018-09-12 06:55:33 EXEC SPC_p003_LST1 '1','Hello','Xin chào','50';
2018-09-12 06:55:36 EXEC SPC_COM_MENU '1';
2018-09-12 06:55:36 EXEC SPC_p003_LST1 '','','','50','1';
2018-09-12 06:55:42 EXEC SPC_COM_MENU '1';
2018-09-12 06:55:42 EXEC SPC_w002_ACT1 '3','1','3','5','','','','','0','<row row_id="0" vocabulary_code="4" vocabulary_div="1" vocabulary_nm="goal" spelling="ɡəul" mean="vào" explain="when the bool into the lưới" /><row row_id="1" vocabulary_code="2" vocabulary_div="1" vocabulary_nm="king" spelling="king" mean="vua" explain="someone who leader of a country" />','','ndq809','127.0.0.1';
2018-09-12 06:55:44 EXEC SPC_COM_MENU '1';
2018-09-12 06:55:44 EXEC SPC_W002_LST1 '3';
2018-09-12 06:55:44 EXEC SPC_COM_MENU '1';
2018-09-12 06:55:44 EXEC SPC_COMMON_CATALORUE '1';
2018-09-12 06:55:45 EXEC SPC_COM_MENU '1';
2018-09-12 06:55:45 EXEC SPC_COMMON_GROUP '3';
2018-09-12 06:55:49 EXEC SPC_COM_DATA 'quypro','1','1';
2018-09-12 06:55:49 EXEC SPC_VOCABULARY_LST1 '4','quypro','3','5';
2018-09-12 06:55:50 EXEC SPC_COM_DATA 'quypro','1','1';
2018-09-12 06:55:50 EXEC SPC_VOCABULARY_LST2 '3','5','quypro';
2018-09-12 06:56:05 EXEC SPC_COM_DATA 'quypro','1','1';
2018-09-12 06:56:05 EXEC SPC_VOCABULARY_LST1 '2','quypro','3','5';
2018-09-12 06:56:06 EXEC SPC_COM_DATA 'quypro','1','1';
2018-09-12 06:56:06 EXEC SPC_VOCABULARY_LST2 '3','5','quypro';
2018-09-12 06:56:10 EXEC SPC_COM_DATA 'quypro','1','1';
2018-09-12 06:56:10 EXEC SPC_VOCABULARY_LST2 '2','1','quypro';
2018-09-12 06:56:13 EXEC SPC_COM_DATA 'quypro','1','1';
2018-09-12 06:56:13 EXEC SPC_VOCABULARY_LST2 '2','3','quypro';
2018-09-12 06:56:15 EXEC SPC_COM_DATA 'quypro','1','1';
2018-09-12 06:56:15 EXEC SPC_VOCABULARY_LST1 '2','quypro','2','3';
2018-09-12 06:56:16 EXEC SPC_COM_DATA 'quypro','1','1';
2018-09-12 06:56:16 EXEC SPC_VOCABULARY_LST2 '2','3','quypro';
2018-09-12 06:56:50 EXEC SPC_COM_DATA 'quypro','1','1';
2018-09-12 06:56:50 EXEC SPC_VOCABULARY_LST1 '2','quypro','2','3';
2018-09-12 06:56:51 EXEC SPC_COM_DATA 'quypro','1','1';
2018-09-12 06:56:51 EXEC SPC_VOCABULARY_LST2 '2','3','quypro';
2018-09-12 06:56:58 EXEC SPC_COM_DATA 'quypro','1','1';
2018-09-12 06:56:58 EXEC SPC_COM_MENU '1';
2018-09-12 06:56:59 EXEC SPC_COM_DATA 'quypro','1','1';
2018-09-12 06:56:59 EXEC SPC_VOCABULARY_LST1 '','quypro','2','3';
2018-09-12 06:57:00 EXEC SPC_COM_DATA 'quypro','1','1';
2018-09-12 06:57:00 EXEC SPC_VOCABULARY_LST2 '2','1','quypro';
2018-09-12 06:57:03 EXEC SPC_COM_DATA 'quypro','1','1';
2018-09-12 06:57:03 EXEC SPC_VOCABULARY_LST1 '','quypro','2','1';
2018-09-12 06:57:03 EXEC SPC_COM_DATA 'quypro','1','1';
2018-09-12 06:57:03 EXEC SPC_VOCABULARY_LST2 '2','1','quypro';
2018-09-12 06:57:16 EXEC SPC_COM_DATA 'quypro','1','1';
2018-09-12 06:57:16 EXEC SPC_VOCABULARY_LST1 '1','quypro','2','1';
2018-09-12 06:57:17 EXEC SPC_COM_DATA 'quypro','1','1';
2018-09-12 06:57:17 EXEC SPC_VOCABULARY_LST2 '2','1','quypro';
2018-09-12 06:57:42 EXEC SPC_COM_MENU '1';
2018-09-12 06:57:42 EXEC SPC_COM_M999_INQ1 '8';
2018-09-12 06:57:43 EXEC SPC_COM_MENU '1';
2018-09-12 06:57:43 EXEC SPC_p003_LST1 '','','','50';
2018-09-12 06:58:00 EXEC SPC_COM_MENU '1';
2018-09-12 06:58:00 EXEC SPC_w002_ACT1 '3','1','3','5','','','','','0','<row row_id="0" vocabulary_code="2" vocabulary_div="1" vocabulary_nm="king" spelling="king" mean="vua" explain="someone who leader of a country" /><row row_id="1" vocabulary_code="4" vocabulary_div="1" vocabulary_nm="goal" spelling="ɡəul" mean="vào" explain="when the bool into the lưới" /><row row_id="2" vocabulary_code="1" vocabulary_div="1" vocabulary_nm="Hello" spelling="helou" mean="Xin chào" explain="say when meet someone" />','','ndq809','127.0.0.1';
2018-09-12 06:58:02 EXEC SPC_COM_MENU '1';
2018-09-12 06:58:02 EXEC SPC_W002_LST1 '3';
2018-09-12 06:58:02 EXEC SPC_COM_MENU '1';
2018-09-12 06:58:02 EXEC SPC_COMMON_CATALORUE '1';
2018-09-12 06:58:02 EXEC SPC_COM_MENU '1';
2018-09-12 06:58:02 EXEC SPC_COMMON_GROUP '3';
2018-09-12 06:58:08 EXEC SPC_COM_PERMISSION '1','2','w002';
2018-09-12 06:58:08 EXEC SPC_COM_MENU '1';
2018-09-12 06:58:08 EXEC SPC_W002_FND1
2018-09-12 06:58:09 EXEC SPC_COM_MENU '1';
2018-09-12 06:58:09 EXEC SPC_W002_LST1 '3';
2018-09-12 06:58:09 EXEC SPC_COM_MENU '1';
2018-09-12 06:58:09 EXEC SPC_COMMON_CATALORUE '1';
2018-09-12 06:58:10 EXEC SPC_COM_MENU '1';
2018-09-12 06:58:10 EXEC SPC_COMMON_GROUP '3';
2018-09-12 06:58:22 EXEC SPC_COM_DATA 'quypro','1','1';
2018-09-12 06:58:22 EXEC SPC_VOCABULARY_LST1 '1','quypro','2','1';
2018-09-12 06:58:23 EXEC SPC_COM_DATA 'quypro','1','1';
2018-09-12 06:58:23 EXEC SPC_VOCABULARY_LST2 '2','1','quypro';
2018-09-12 06:58:54 EXEC SPC_COM_MENU '1';
2018-09-12 06:58:54 EXEC SPC_W002_LST1 '';
2018-09-12 06:58:55 EXEC SPC_COM_MENU '1';
2018-09-12 06:58:55 EXEC SPC_COMMON_CATALORUE '';
2018-09-12 06:59:08 EXEC SPC_COM_DATA 'quypro','1','1';
2018-09-12 06:59:08 EXEC SPC_COM_MENU '1';
2018-09-12 06:59:10 EXEC SPC_COM_DATA 'quypro','1','1';
2018-09-12 06:59:10 EXEC SPC_VOCABULARY_LST1 '','quypro','2','1';
2018-09-12 06:59:11 EXEC SPC_COM_DATA 'quypro','1','1';
2018-09-12 06:59:11 EXEC SPC_VOCABULARY_LST2 '2','1','quypro';
2018-09-12 06:59:43 EXEC SPC_COM_DATA 'quypro','1','1';
2018-09-12 06:59:43 EXEC SPC_VOCABULARY_LST1 '','quypro','2','1';
2018-09-12 06:59:43 EXEC SPC_COM_DATA 'quypro','1','1';
2018-09-12 06:59:43 EXEC SPC_VOCABULARY_LST2 '2','1','quypro';
2018-09-12 07:03:19 EXEC SPC_COM_DATA 'quypro','1','1';
2018-09-12 07:03:19 EXEC SPC_VOCABULARY_LST1 '1','quypro','2','1';
2018-09-12 07:03:19 EXEC SPC_COM_DATA 'quypro','1','1';
2018-09-12 07:03:19 EXEC SPC_VOCABULARY_LST2 '2','1','quypro';
2018-09-12 07:03:25 EXEC SPC_COM_DATA 'quypro','1','1';
2018-09-12 07:03:25 EXEC SPC_VOCABULARY_LST2 '2','3','quypro';
2018-09-12 07:03:33 EXEC SPC_COM_DATA 'quypro','1','1';
2018-09-12 07:03:33 EXEC SPC_VOCABULARY_LST1 '','quypro','2','3';
2018-09-12 07:03:34 EXEC SPC_COM_DATA 'quypro','1','1';
2018-09-12 07:03:34 EXEC SPC_VOCABULARY_LST2 '2','1','quypro';
2018-09-12 07:04:18 EXEC SPC_COM_DATA 'quypro','1','1';
2018-09-12 07:04:18 EXEC SPC_COM_REMEMBER '1','2','1','1','quypro','127.0.0.1';
2018-09-12 07:04:20 EXEC SPC_COM_DATA 'quypro','1','1';
2018-09-12 07:04:20 EXEC SPC_COM_REMEMBER '1','2','1','1','quypro','127.0.0.1';
2018-09-12 07:05:48 EXEC SPC_COM_DATA 'quypro','1','1';
2018-09-12 07:05:48 EXEC SPC_VOCABULARY_LST1 '1','quypro','2','1';
2018-09-12 07:05:48 EXEC SPC_COM_DATA 'quypro','1','1';
2018-09-12 07:05:48 EXEC SPC_VOCABULARY_LST2 '2','1','quypro';
2018-09-12 07:05:51 EXEC SPC_COM_DATA 'quypro','1','1';
2018-09-12 07:05:51 EXEC SPC_COM_MENU '1';
2018-09-12 07:06:55 EXEC SPC_COM_DATA 'quypro','1','1';
2018-09-12 07:07:11 EXEC SPC_COM_DATA 'quypro','1','1';
2018-09-12 07:07:11 EXEC SPC_COM_MENU '1';
2018-09-12 07:08:21 EXEC SPC_COM_DATA 'quypro','1','1';
2018-09-12 07:08:21 EXEC SPC_VOCABULARY_LST1 '','quypro','2','1';
2018-09-12 07:08:21 EXEC SPC_COM_DATA 'quypro','1','1';
2018-09-12 07:08:21 EXEC SPC_VOCABULARY_LST2 '2','1','quypro';
2018-09-12 07:08:34 EXEC SPC_COM_DATA 'quypro','1','1';
2018-09-12 07:08:34 EXEC SPC_VOCABULARY_LST1 '','quypro','2','1';
2018-09-12 07:08:35 EXEC SPC_COM_DATA 'quypro','1','1';
2018-09-12 07:08:35 EXEC SPC_VOCABULARY_LST2 '2','1','quypro';
2018-09-12 07:08:47 EXEC SPC_COM_DATA 'quypro','1','1';
2018-09-12 07:08:47 EXEC SPC_VOCABULARY_LST1 '1','quypro','2','1';
2018-09-12 07:08:48 EXEC SPC_COM_DATA 'quypro','1','1';
2018-09-12 07:08:48 EXEC SPC_VOCABULARY_LST2 '2','1','quypro';
2018-09-12 07:08:52 EXEC SPC_COM_DATA 'quypro','1','1';
2018-09-12 07:08:52 EXEC SPC_COM_MENU '1';
2018-09-12 07:08:55 EXEC SPC_COM_DATA 'quypro','1','1';
2018-09-12 07:08:55 EXEC SPC_VOCABULARY_LST1 '','quypro','2','1';
2018-09-12 07:08:55 EXEC SPC_COM_DATA 'quypro','1','1';
2018-09-12 07:08:55 EXEC SPC_VOCABULARY_LST2 '2','1','quypro';
2018-09-12 07:09:31 EXEC SPC_COM_DATA 'quypro','1','1';
2018-09-12 07:09:31 EXEC SPC_COM_MENU '1';
2018-09-12 07:09:33 EXEC SPC_COM_DATA 'quypro','1','1';
2018-09-12 07:09:33 EXEC SPC_VOCABULARY_LST1 '','quypro','2','1';
2018-09-12 07:09:34 EXEC SPC_COM_DATA 'quypro','1','1';
2018-09-12 07:09:34 EXEC SPC_VOCABULARY_LST2 '2','1','quypro';
2018-09-12 07:09:46 EXEC SPC_COM_DATA 'quypro','1','1';
2018-09-12 07:09:46 EXEC SPC_VOCABULARY_LST1 '','quypro','2','1';
2018-09-12 07:09:47 EXEC SPC_COM_DATA 'quypro','1','1';
2018-09-12 07:09:47 EXEC SPC_VOCABULARY_LST2 '2','1','quypro';
2018-09-12 07:09:59 EXEC SPC_COM_DATA 'quypro','1','1';
2018-09-12 07:09:59 EXEC SPC_VOCABULARY_LST2 '2','3','quypro';
2018-09-12 07:10:08 EXEC SPC_COM_DATA 'quypro','1','1';
2018-09-12 07:10:08 EXEC SPC_VOCABULARY_LST1 '','quypro','2','3';
2018-09-12 07:10:09 EXEC SPC_COM_DATA 'quypro','1','1';
2018-09-12 07:10:09 EXEC SPC_VOCABULARY_LST2 '2','1','quypro';
2018-09-12 07:10:25 EXEC SPC_COM_DATA 'quypro','1','1';
2018-09-12 07:10:25 EXEC SPC_COM_MENU '1';
2018-09-12 07:10:27 EXEC SPC_COM_DATA 'quypro','1','1';
2018-09-12 07:10:27 EXEC SPC_VOCABULARY_LST1 '','quypro','2','1';
2018-09-12 07:10:27 EXEC SPC_COM_DATA 'quypro','1','1';
2018-09-12 07:10:27 EXEC SPC_VOCABULARY_LST2 '2','1','quypro';
2018-09-12 07:10:56 EXEC SPC_COM_DATA 'quypro','1','1';
2018-09-12 07:10:56 EXEC SPC_VOCABULARY_LST1 '','quypro','2','1';
2018-09-12 07:10:57 EXEC SPC_COM_DATA 'quypro','1','1';
2018-09-12 07:10:57 EXEC SPC_VOCABULARY_LST2 '2','1','quypro';
2018-09-12 07:12:01 EXEC SPC_COM_DATA 'quypro','1','1';
2018-09-12 07:12:01 EXEC SPC_VOCABULARY_LST1 '','quypro','2','1';
2018-09-12 07:12:03 EXEC SPC_COM_DATA 'quypro','1','1';
2018-09-12 07:12:03 EXEC SPC_VOCABULARY_LST2 '2','1','quypro';
2018-09-12 07:12:11 EXEC SPC_COM_DATA 'quypro','1','1';
2018-09-12 07:12:11 EXEC SPC_VOCABULARY_LST1 '','quypro','2','1';
2018-09-12 07:12:12 EXEC SPC_COM_DATA 'quypro','1','1';
2018-09-12 07:12:12 EXEC SPC_VOCABULARY_LST2 '2','1','quypro';
2018-09-12 07:12:20 EXEC SPC_COM_DATA 'quypro','1','1';
2018-09-12 07:12:20 EXEC SPC_COM_FORGET '1','1','2','quypro';
2018-09-12 07:12:26 EXEC SPC_COM_DATA 'quypro','1','1';
2018-09-12 07:12:26 EXEC SPC_VOCABULARY_LST1 '1','quypro','2','1';
2018-09-12 07:12:27 EXEC SPC_COM_DATA 'quypro','1','1';
2018-09-12 07:12:27 EXEC SPC_VOCABULARY_LST2 '2','1','quypro';
2018-09-12 07:12:29 EXEC SPC_COM_DATA 'quypro','1','1';
2018-09-12 07:12:29 EXEC SPC_VOCABULARY_LST1 '','quypro','2','1';
2018-09-12 07:12:30 EXEC SPC_COM_DATA 'quypro','1','1';
2018-09-12 07:12:30 EXEC SPC_VOCABULARY_LST2 '2','1','quypro';
2018-09-12 07:12:32 EXEC SPC_COM_DATA 'quypro','1','1';
2018-09-12 07:12:32 EXEC SPC_VOCABULARY_LST1 '','quypro','2','1';
2018-09-12 07:12:33 EXEC SPC_COM_DATA 'quypro','1','1';
2018-09-12 07:12:33 EXEC SPC_VOCABULARY_LST2 '2','1','quypro';
2018-09-12 07:13:02 EXEC SPC_COM_DATA 'quypro','1','1';
2018-09-12 07:13:02 EXEC SPC_COM_REMEMBER '1','2','1','1','quypro','127.0.0.1';
2018-09-12 07:13:05 EXEC SPC_COM_DATA 'quypro','1','1';
2018-09-12 07:13:05 EXEC SPC_VOCABULARY_LST1 '1','quypro','2','1';
2018-09-12 07:13:05 EXEC SPC_COM_DATA 'quypro','1','1';
2018-09-12 07:13:05 EXEC SPC_VOCABULARY_LST2 '2','1','quypro';
2018-09-12 07:13:12 EXEC SPC_COM_DATA 'quypro','1','1';
2018-09-12 07:13:12 EXEC SPC_VOCABULARY_LST1 '1','quypro','2','1';
2018-09-12 07:13:12 EXEC SPC_COM_DATA 'quypro','1','1';
2018-09-12 07:13:12 EXEC SPC_VOCABULARY_LST2 '2','1','quypro';
2018-09-12 07:13:16 EXEC SPC_COM_DATA 'quypro','1','1';
2018-09-12 07:13:16 EXEC SPC_VOCABULARY_LST1 '','quypro','2','1';
2018-09-12 07:13:17 EXEC SPC_COM_DATA 'quypro','1','1';
2018-09-12 07:13:17 EXEC SPC_VOCABULARY_LST2 '2','1','quypro';
2018-09-12 07:19:58 EXEC SPC_COM_DATA 'quypro','1','1';
2018-09-12 07:19:58 EXEC SPC_VOCABULARY_LST1 '','quypro','2','1';
2018-09-12 07:19:59 EXEC SPC_COM_DATA 'quypro','1','1';
2018-09-12 07:19:59 EXEC SPC_VOCABULARY_LST2 '2','1','quypro';
2018-09-12 07:20:02 EXEC SPC_COM_DATA 'quypro','1','1';
2018-09-12 07:20:02 EXEC SPC_VOCABULARY_LST1 '','quypro','2','1';
2018-09-12 07:20:03 EXEC SPC_COM_DATA 'quypro','1','1';
2018-09-12 07:20:03 EXEC SPC_VOCABULARY_LST2 '2','1','quypro';
2018-09-12 07:20:50 EXEC SPC_COM_DATA 'quypro','1','1';
2018-09-12 07:20:50 EXEC SPC_VOCABULARY_LST1 '','quypro','2','1';
2018-09-12 07:20:50 EXEC SPC_COM_DATA 'quypro','1','1';
2018-09-12 07:20:50 EXEC SPC_VOCABULARY_LST2 '2','1','quypro';
2018-09-12 07:21:12 EXEC SPC_COM_DATA 'quypro','1','1';
2018-09-12 07:21:12 EXEC SPC_VOCABULARY_LST1 '','quypro','2','1';
2018-09-12 07:21:12 EXEC SPC_COM_DATA 'quypro','1','1';
2018-09-12 07:21:12 EXEC SPC_VOCABULARY_LST2 '2','1','quypro';
2018-09-12 07:22:25 EXEC SPC_COM_DATA 'quypro','1','1';
2018-09-12 07:22:25 EXEC SPC_VOCABULARY_LST1 '','quypro','2','1';
2018-09-12 07:22:25 EXEC SPC_COM_DATA 'quypro','1','1';
2018-09-12 07:22:25 EXEC SPC_VOCABULARY_LST2 '2','1','quypro';
2018-09-12 07:22:55 EXEC SPC_COM_DATA 'quypro','1','1';
2018-09-12 07:22:55 EXEC SPC_VOCABULARY_LST1 '','quypro','2','1';
2018-09-12 07:22:56 EXEC SPC_COM_DATA 'quypro','1','1';
2018-09-12 07:22:56 EXEC SPC_VOCABULARY_LST2 '2','1','quypro';
2018-09-12 07:23:12 EXEC SPC_COM_DATA 'quypro','1','1';
2018-09-12 07:23:12 EXEC SPC_VOCABULARY_LST1 '1','quypro','2','1';
2018-09-12 07:23:12 EXEC SPC_COM_DATA 'quypro','1','1';
2018-09-12 07:23:12 EXEC SPC_VOCABULARY_LST2 '2','1','quypro';
2018-09-12 07:24:06 EXEC SPC_COM_DATA 'quypro','1','1';
2018-09-12 07:24:06 EXEC SPC_VOCABULARY_LST1 '1','quypro','2','1';
2018-09-12 07:24:06 EXEC SPC_COM_DATA 'quypro','1','1';
2018-09-12 07:24:06 EXEC SPC_VOCABULARY_LST2 '2','1','quypro';
2018-09-12 07:25:45 EXEC SPC_COM_DATA 'quypro','1','1';
2018-09-12 07:25:45 EXEC SPC_VOCABULARY_LST1 '1','quypro','2','1';
2018-09-12 07:25:46 EXEC SPC_COM_DATA 'quypro','1','1';
2018-09-12 07:25:46 EXEC SPC_VOCABULARY_LST2 '2','1','quypro';
2018-09-12 07:25:56 EXEC SPC_COM_DATA 'quypro','1','1';
2018-09-12 07:25:56 EXEC SPC_VOCABULARY_LST1 '1','quypro','2','1';
2018-09-12 07:25:56 EXEC SPC_COM_DATA 'quypro','1','1';
2018-09-12 07:25:57 EXEC SPC_VOCABULARY_LST2 '2','1','quypro';
2018-09-12 07:26:13 EXEC SPC_COM_DATA 'quypro','1','1';
2018-09-12 07:26:13 EXEC SPC_VOCABULARY_LST1 '1','quypro','2','1';
2018-09-12 07:26:14 EXEC SPC_COM_DATA 'quypro','1','1';
2018-09-12 07:26:14 EXEC SPC_VOCABULARY_LST2 '2','1','quypro';
2018-09-12 07:27:28 EXEC SPC_COM_DATA 'quypro','1','1';
2018-09-12 07:27:28 EXEC SPC_VOCABULARY_LST1 '1','quypro','2','1';
2018-09-12 07:27:29 EXEC SPC_COM_DATA 'quypro','1','1';
2018-09-12 07:27:29 EXEC SPC_VOCABULARY_LST2 '2','1','quypro';
2018-09-12 07:28:19 EXEC SPC_COM_DATA 'quypro','1','1';
2018-09-12 07:28:19 EXEC SPC_COM_FORGET '1','1','2','quypro';
2018-09-12 07:28:26 EXEC SPC_COM_DATA 'quypro','1','1';
2018-09-12 07:28:26 EXEC SPC_VOCABULARY_LST1 '1','quypro','2','1';
2018-09-12 07:28:27 EXEC SPC_COM_DATA 'quypro','1','1';
2018-09-12 07:28:27 EXEC SPC_VOCABULARY_LST2 '2','1','quypro';
2018-09-12 07:38:22 EXEC SPC_COM_DATA 'quypro','1','1';
2018-09-12 07:38:22 EXEC SPC_VOCABULARY_LST1 '1','quypro','2','1';
2018-09-12 07:38:23 EXEC SPC_COM_DATA 'quypro','1','1';
2018-09-12 07:38:23 EXEC SPC_VOCABULARY_LST2 '2','1','quypro';
2018-09-12 07:38:33 EXEC SPC_COM_DATA 'quypro','1','1';
2018-09-12 07:38:33 EXEC SPC_VOCABULARY_LST1 '1','quypro','2','1';
2018-09-12 07:38:33 EXEC SPC_COM_DATA 'quypro','1','1';
2018-09-12 07:38:33 EXEC SPC_VOCABULARY_LST2 '2','1','quypro';
2018-09-12 07:42:33 EXEC SPC_COM_DATA 'quypro','1','1';
2018-09-12 07:42:33 EXEC SPC_VOCABULARY_LST1 '1','quypro','2','1';
2018-09-12 07:42:34 EXEC SPC_COM_DATA 'quypro','1','1';
2018-09-12 07:42:34 EXEC SPC_VOCABULARY_LST2 '2','1','quypro';
2018-09-12 07:42:36 EXEC SPC_COM_DATA 'quypro','1','1';
2018-09-12 07:42:36 EXEC SPC_COM_REMEMBER '1','2','1','1','quypro','127.0.0.1';
2018-09-12 07:42:47 EXEC SPC_COM_DATA 'quypro','1','1';
2018-09-12 07:42:47 EXEC SPC_VOCABULARY_LST1 '1','quypro','2','1';
2018-09-12 07:42:47 EXEC SPC_COM_DATA 'quypro','1','1';
2018-09-12 07:42:47 EXEC SPC_VOCABULARY_LST2 '2','1','quypro';
2018-09-12 07:43:30 EXEC SPC_COM_DATA 'quypro','1','1';
2018-09-12 07:43:30 EXEC SPC_VOCABULARY_LST1 '1','quypro','2','1';
2018-09-12 07:43:31 EXEC SPC_COM_DATA 'quypro','1','1';
2018-09-12 07:43:31 EXEC SPC_VOCABULARY_LST2 '2','1','quypro';
2018-09-12 07:43:39 EXEC SPC_COM_DATA 'quypro','1','1';
2018-09-12 07:43:39 EXEC SPC_COM_FORGET '1','1','2','quypro';
2018-09-12 07:43:59 EXEC SPC_COM_DATA 'quypro','1','1';
2018-09-12 07:43:59 EXEC SPC_VOCABULARY_LST1 '1','quypro','2','1';
2018-09-12 07:44:00 EXEC SPC_COM_DATA 'quypro','1','1';
2018-09-12 07:44:00 EXEC SPC_VOCABULARY_LST2 '2','1','quypro';
2018-09-12 07:44:06 EXEC SPC_COM_DATA 'quypro','1','1';
2018-09-12 07:44:06 EXEC SPC_COM_REMEMBER '1','2','1','1','quypro','127.0.0.1';
2018-09-12 07:44:14 EXEC SPC_COM_DATA 'quypro','1','1';
2018-09-12 07:44:14 EXEC SPC_VOCABULARY_LST1 '1','quypro','2','1';
2018-09-12 07:44:15 EXEC SPC_COM_DATA 'quypro','1','1';
2018-09-12 07:44:15 EXEC SPC_VOCABULARY_LST2 '2','1','quypro';
2018-09-12 07:44:20 EXEC SPC_COM_DATA 'quypro','1','1';
2018-09-12 07:44:20 EXEC SPC_COM_FORGET '1','1','2','quypro';
2018-09-12 07:45:15 EXEC SPC_COM_DATA 'quypro','1','1';
2018-09-12 07:45:15 EXEC SPC_VOCABULARY_LST1 '1','quypro','2','1';
2018-09-12 07:45:16 EXEC SPC_COM_DATA 'quypro','1','1';
2018-09-12 07:45:16 EXEC SPC_VOCABULARY_LST2 '2','1','quypro';
2018-09-12 07:45:18 EXEC SPC_COM_DATA 'quypro','1','1';
2018-09-12 07:45:18 EXEC SPC_COM_REMEMBER '1','2','1','1','quypro','127.0.0.1';
2018-09-12 07:45:20 EXEC SPC_COM_DATA 'quypro','1','1';
2018-09-12 07:45:20 EXEC SPC_VOCABULARY_LST1 '1','quypro','2','1';
2018-09-12 07:45:21 EXEC SPC_COM_DATA 'quypro','1','1';
2018-09-12 07:45:21 EXEC SPC_VOCABULARY_LST2 '2','1','quypro';
2018-09-12 07:45:23 EXEC SPC_COM_DATA 'quypro','1','1';
2018-09-12 07:45:23 EXEC SPC_COM_FORGET '1','1','2','quypro';
2018-09-12 07:46:59 EXEC SPC_COM_DATA 'quypro','1','1';
2018-09-12 07:46:59 EXEC SPC_VOCABULARY_LST1 '1','quypro','2','1';
2018-09-12 07:47:00 EXEC SPC_COM_DATA 'quypro','1','1';
2018-09-12 07:47:00 EXEC SPC_VOCABULARY_LST2 '2','1','quypro';
2018-09-12 07:47:01 EXEC SPC_COM_DATA 'quypro','1','1';
2018-09-12 07:47:02 EXEC SPC_COM_REMEMBER '1','2','1','1','quypro','127.0.0.1';
2018-09-12 07:47:03 EXEC SPC_COM_DATA 'quypro','1','1';
2018-09-12 07:47:03 EXEC SPC_VOCABULARY_LST1 '1','quypro','2','1';
2018-09-12 07:47:04 EXEC SPC_COM_DATA 'quypro','1','1';
2018-09-12 07:47:04 EXEC SPC_VOCABULARY_LST2 '2','1','quypro';
2018-09-12 07:47:06 EXEC SPC_COM_DATA 'quypro','1','1';
2018-09-12 07:47:06 EXEC SPC_COM_FORGET '1','1','2','quypro';
2018-09-12 07:47:52 EXEC SPC_COM_DATA 'quypro','1','1';
2018-09-12 07:47:52 EXEC SPC_VOCABULARY_LST1 '1','quypro','2','1';
2018-09-12 07:47:53 EXEC SPC_COM_DATA 'quypro','1','1';
2018-09-12 07:47:53 EXEC SPC_VOCABULARY_LST2 '2','1','quypro';
2018-09-12 07:47:56 EXEC SPC_COM_DATA 'quypro','1','1';
2018-09-12 07:47:56 EXEC SPC_COM_REMEMBER '1','2','1','1','quypro','127.0.0.1';
2018-09-12 07:47:57 EXEC SPC_COM_DATA 'quypro','1','1';
2018-09-12 07:47:57 EXEC SPC_VOCABULARY_LST1 '1','quypro','2','1';
2018-09-12 07:47:58 EXEC SPC_COM_DATA 'quypro','1','1';
2018-09-12 07:47:58 EXEC SPC_VOCABULARY_LST2 '2','1','quypro';
2018-09-12 07:48:00 EXEC SPC_COM_DATA 'quypro','1','1';
2018-09-12 07:48:00 EXEC SPC_COM_FORGET '1','1','2','quypro';
2018-09-12 07:48:41 EXEC SPC_COM_DATA 'quypro','1','1';
2018-09-12 07:48:41 EXEC SPC_VOCABULARY_LST1 '1','quypro','2','1';
2018-09-12 07:48:42 EXEC SPC_COM_DATA 'quypro','1','1';
2018-09-12 07:48:42 EXEC SPC_VOCABULARY_LST2 '2','1','quypro';
2018-09-12 07:48:43 EXEC SPC_COM_DATA 'quypro','1','1';
2018-09-12 07:48:43 EXEC SPC_COM_REMEMBER '1','2','1','1','quypro','127.0.0.1';
2018-09-12 07:48:50 EXEC SPC_COM_DATA 'quypro','1','1';
2018-09-12 07:48:50 EXEC SPC_COM_REMEMBER '1','2','1','1','quypro','127.0.0.1';
2018-09-12 07:48:53 EXEC SPC_COM_DATA 'quypro','1','1';
2018-09-12 07:48:53 EXEC SPC_COM_REMEMBER '1','2','1','1','quypro','127.0.0.1';
2018-09-12 07:48:55 EXEC SPC_COM_DATA 'quypro','1','1';
2018-09-12 07:48:55 EXEC SPC_COM_REMEMBER '1','2','1','1','quypro','127.0.0.1';
2018-09-12 07:48:59 EXEC SPC_COM_DATA 'quypro','1','1';
2018-09-12 07:48:59 EXEC SPC_COM_REMEMBER '1','2','1','1','quypro','127.0.0.1';
2018-09-12 07:49:04 EXEC SPC_COM_DATA 'quypro','1','1';
2018-09-12 07:49:04 EXEC SPC_COM_REMEMBER '1','2','1','1','quypro','127.0.0.1';
2018-09-12 07:49:06 EXEC SPC_COM_DATA 'quypro','1','1';
2018-09-12 07:49:06 EXEC SPC_COM_REMEMBER '1','2','1','1','quypro','127.0.0.1';
2018-09-12 07:49:09 EXEC SPC_COM_DATA 'quypro','1','1';
2018-09-12 07:49:09 EXEC SPC_COM_REMEMBER '1','2','1','1','quypro','127.0.0.1';
2018-09-12 07:49:16 EXEC SPC_COM_DATA 'quypro','1','1';
2018-09-12 07:49:16 EXEC SPC_VOCABULARY_LST2 '3','5','quypro';
2018-09-12 07:49:17 EXEC SPC_COM_DATA 'quypro','1','1';
2018-09-12 07:49:17 EXEC SPC_COM_REMEMBER '1','2','2','2','quypro','127.0.0.1';
2018-09-12 07:49:20 EXEC SPC_COM_DATA 'quypro','1','1';
2018-09-12 07:49:20 EXEC SPC_COM_REMEMBER '1','2','3','4','quypro','127.0.0.1';
2018-09-12 07:49:24 EXEC SPC_COM_DATA 'quypro','1','1';
2018-09-12 07:49:24 EXEC SPC_COM_REMEMBER '1','2','3','4','quypro','127.0.0.1';
2018-09-12 07:49:25 EXEC SPC_COM_DATA 'quypro','1','1';
2018-09-12 07:49:25 EXEC SPC_COM_REMEMBER '1','2','2','2','quypro','127.0.0.1';
2018-09-12 07:49:27 EXEC SPC_COM_DATA 'quypro','1','1';
2018-09-12 07:49:27 EXEC SPC_COM_FORGET '1','1','2','quypro';
2018-09-12 07:50:16 EXEC SPC_COM_DATA 'quypro','1','1';
2018-09-12 07:50:16 EXEC SPC_VOCABULARY_LST1 '1','quypro','3','5';
2018-09-12 07:50:17 EXEC SPC_COM_DATA 'quypro','1','1';
2018-09-12 07:50:17 EXEC SPC_VOCABULARY_LST2 '3','5','quypro';
2018-09-12 07:50:24 EXEC SPC_COM_DATA 'quypro','1','1';
2018-09-12 07:50:24 EXEC SPC_COM_REMEMBER '1','2','1','1','quypro','127.0.0.1';
2018-09-12 07:50:26 EXEC SPC_COM_DATA 'quypro','1','1';
2018-09-12 07:50:26 EXEC SPC_COM_REMEMBER '1','2','1','1','quypro','127.0.0.1';
2018-09-12 07:50:27 EXEC SPC_COM_DATA 'quypro','1','1';
2018-09-12 07:50:27 EXEC SPC_COM_FORGET '2','2','2','quypro';
2018-09-12 07:50:28 EXEC SPC_COM_DATA 'quypro','1','1';
2018-09-12 07:50:28 EXEC SPC_COM_FORGET '3','4','2','quypro';
2018-09-12 07:50:50 EXEC SPC_COM_DATA 'quypro','1','1';
2018-09-12 07:50:50 EXEC SPC_COM_FORGET '3','4','2','quypro';
2018-09-12 07:50:51 EXEC SPC_COM_DATA 'quypro','1','1';
2018-09-12 07:50:51 EXEC SPC_COM_FORGET '2','2','2','quypro';
2018-09-12 07:50:52 EXEC SPC_COM_DATA 'quypro','1','1';
2018-09-12 07:50:52 EXEC SPC_COM_REMEMBER '1','2','1','1','quypro','127.0.0.1';
2018-09-12 07:50:55 EXEC SPC_COM_DATA 'quypro','1','1';
2018-09-12 07:50:55 EXEC SPC_COM_REMEMBER '1','2','1','1','quypro','127.0.0.1';
2018-09-12 07:50:56 EXEC SPC_COM_DATA 'quypro','1','1';
2018-09-12 07:50:56 EXEC SPC_COM_FORGET '2','2','2','quypro';
2018-09-12 07:50:57 EXEC SPC_COM_DATA 'quypro','1','1';
2018-09-12 07:50:57 EXEC SPC_COM_FORGET '3','4','2','quypro';
2018-09-12 07:50:59 EXEC SPC_COM_DATA 'quypro','1','1';
2018-09-12 07:50:59 EXEC SPC_COM_FORGET '3','4','2','quypro';
2018-09-12 07:51:00 EXEC SPC_COM_DATA 'quypro','1','1';
2018-09-12 07:51:00 EXEC SPC_COM_FORGET '2','2','2','quypro';
2018-09-12 07:51:01 EXEC SPC_COM_DATA 'quypro','1','1';
2018-09-12 07:51:01 EXEC SPC_COM_REMEMBER '1','2','1','1','quypro','127.0.0.1';
2018-09-12 07:51:21 EXEC SPC_COM_DATA 'quypro','1','1';
2018-09-12 07:51:21 EXEC SPC_VOCABULARY_LST1 '1','quypro','3','5';
2018-09-12 07:51:22 EXEC SPC_COM_DATA 'quypro','1','1';
2018-09-12 07:51:22 EXEC SPC_VOCABULARY_LST2 '3','5','quypro';
2018-09-12 07:51:23 EXEC SPC_COM_DATA 'quypro','1','1';
2018-09-12 07:51:23 EXEC SPC_COM_FORGET '1','1','2','quypro';
2018-09-12 07:51:26 EXEC SPC_COM_DATA 'quypro','1','1';
2018-09-12 07:51:26 EXEC SPC_COM_FORGET '1','1','2','quypro';
2018-09-12 07:51:27 EXEC SPC_COM_DATA 'quypro','1','1';
2018-09-12 07:51:27 EXEC SPC_COM_REMEMBER '1','2','2','2','quypro','127.0.0.1';
2018-09-12 07:51:28 EXEC SPC_COM_DATA 'quypro','1','1';
2018-09-12 07:51:28 EXEC SPC_COM_REMEMBER '1','2','3','4','quypro','127.0.0.1';
2018-09-12 07:51:30 EXEC SPC_COM_DATA 'quypro','1','1';
2018-09-12 07:51:30 EXEC SPC_COM_REMEMBER '1','2','3','4','quypro','127.0.0.1';
2018-09-12 07:51:31 EXEC SPC_COM_DATA 'quypro','1','1';
2018-09-12 07:51:32 EXEC SPC_COM_REMEMBER '1','2','2','2','quypro','127.0.0.1';
2018-09-12 07:51:33 EXEC SPC_COM_DATA 'quypro','1','1';
2018-09-12 07:51:33 EXEC SPC_COM_FORGET '1','1','2','quypro';
2018-09-12 07:51:35 EXEC SPC_COM_DATA 'quypro','1','1';
2018-09-12 07:51:35 EXEC SPC_COM_FORGET '1','1','2','quypro';
2018-09-12 07:51:36 EXEC SPC_COM_DATA 'quypro','1','1';
2018-09-12 07:51:36 EXEC SPC_COM_REMEMBER '1','2','2','2','quypro','127.0.0.1';
2018-09-12 07:51:37 EXEC SPC_COM_DATA 'quypro','1','1';
2018-09-12 07:51:37 EXEC SPC_COM_REMEMBER '1','2','3','4','quypro','127.0.0.1';
2018-09-12 07:51:56 EXEC SPC_COM_DATA 'quypro','1','1';
2018-09-12 07:51:56 EXEC SPC_VOCABULARY_LST1 '4','quypro','3','5';
2018-09-12 07:51:57 EXEC SPC_COM_DATA 'quypro','1','1';
2018-09-12 07:51:57 EXEC SPC_VOCABULARY_LST2 '3','5','quypro';
2018-09-12 07:51:59 EXEC SPC_COM_DATA 'quypro','1','1';
2018-09-12 07:51:59 EXEC SPC_COM_FORGET '2','2','2','quypro';
2018-09-12 07:52:00 EXEC SPC_COM_DATA 'quypro','1','1';
2018-09-12 07:52:00 EXEC SPC_COM_FORGET '3','4','2','quypro';
2018-09-12 07:52:02 EXEC SPC_COM_DATA 'quypro','1','1';
2018-09-12 07:52:02 EXEC SPC_COM_FORGET '3','4','2','quypro';
2018-09-12 07:52:03 EXEC SPC_COM_DATA 'quypro','1','1';
2018-09-12 07:52:03 EXEC SPC_COM_FORGET '2','2','2','quypro';
2018-09-12 07:52:05 EXEC SPC_COM_DATA 'quypro','1','1';
2018-09-12 07:52:05 EXEC SPC_COM_REMEMBER '1','2','1','1','quypro','127.0.0.1';
2018-09-12 07:52:09 EXEC SPC_COM_DATA 'quypro','1','1';
2018-09-12 07:52:09 EXEC SPC_VOCABULARY_LST1 '1','quypro','3','5';
2018-09-12 07:52:10 EXEC SPC_COM_DATA 'quypro','1','1';
2018-09-12 07:52:10 EXEC SPC_VOCABULARY_LST2 '3','5','quypro';
2018-09-12 07:52:25 EXEC SPC_COM_DATA 'quypro','1','1';
2018-09-12 07:52:25 EXEC SPC_COM_REMEMBER '1','2','2','2','quypro','127.0.0.1';
2018-09-12 07:52:28 EXEC SPC_COM_DATA 'quypro','1','1';
2018-09-12 07:52:28 EXEC SPC_COM_REMEMBER '1','2','3','4','quypro','127.0.0.1';
2018-09-12 07:52:31 EXEC SPC_COM_DATA 'quypro','1','1';
2018-09-12 07:52:31 EXEC SPC_VOCABULARY_LST1 '4','quypro','3','5';
2018-09-12 07:52:32 EXEC SPC_COM_DATA 'quypro','1','1';
2018-09-12 07:52:32 EXEC SPC_VOCABULARY_LST2 '3','5','quypro';
2018-09-12 07:52:37 EXEC SPC_COM_DATA 'quypro','1','1';
2018-09-12 07:52:37 EXEC SPC_COM_FORGET '1','1','2','quypro';
2018-09-12 07:52:38 EXEC SPC_COM_DATA 'quypro','1','1';
2018-09-12 07:52:38 EXEC SPC_COM_FORGET '2','2','2','quypro';
2018-09-12 07:52:41 EXEC SPC_COM_DATA 'quypro','1','1';
2018-09-12 07:52:41 EXEC SPC_VOCABULARY_LST1 '4','quypro','3','5';
2018-09-12 07:52:42 EXEC SPC_COM_DATA 'quypro','1','1';
2018-09-12 07:52:42 EXEC SPC_VOCABULARY_LST2 '3','5','quypro';
2018-09-12 07:52:46 EXEC SPC_COM_DATA 'quypro','1','1';
2018-09-12 07:52:46 EXEC SPC_COM_REMEMBER '1','2','1','1','quypro','127.0.0.1';
2018-09-12 07:52:47 EXEC SPC_COM_DATA 'quypro','1','1';
2018-09-12 07:52:47 EXEC SPC_COM_REMEMBER '1','2','2','2','quypro','127.0.0.1';
2018-09-12 07:52:51 EXEC SPC_COM_DATA 'quypro','1','1';
2018-09-12 07:52:51 EXEC SPC_VOCABULARY_LST1 '2','quypro','3','5';
2018-09-12 07:52:52 EXEC SPC_COM_DATA 'quypro','1','1';
2018-09-12 07:52:52 EXEC SPC_VOCABULARY_LST2 '3','5','quypro';
2018-09-12 07:53:01 EXEC SPC_COM_DATA 'quypro','1','1';
2018-09-12 07:53:01 EXEC SPC_VOCABULARY_LST1 '1','quypro','3','5';
2018-09-12 07:53:02 EXEC SPC_COM_DATA 'quypro','1','1';
2018-09-12 07:53:02 EXEC SPC_VOCABULARY_LST2 '3','5','quypro';
2018-09-12 07:53:11 EXEC SPC_COM_DATA 'quypro','1','1';
2018-09-12 07:53:11 EXEC SPC_COM_FORGET '1','1','2','quypro';
2018-09-12 07:53:12 EXEC SPC_COM_DATA 'quypro','1','1';
2018-09-12 07:53:12 EXEC SPC_COM_FORGET '2','2','2','quypro';
2018-09-12 07:53:13 EXEC SPC_COM_DATA 'quypro','1','1';
2018-09-12 07:53:13 EXEC SPC_COM_FORGET '3','4','2','quypro';
2018-09-12 07:53:17 EXEC SPC_COM_DATA 'quypro','1','1';
2018-09-12 07:53:17 EXEC SPC_VOCABULARY_LST1 '4','quypro','3','5';
2018-09-12 07:53:18 EXEC SPC_COM_DATA 'quypro','1','1';
2018-09-12 07:53:18 EXEC SPC_VOCABULARY_LST2 '3','5','quypro';
2018-09-12 07:57:52 EXEC SPC_COM_DATA 'quypro','1','1';
2018-09-12 07:57:52 EXEC SPC_VOCABULARY_LST1 '4','quypro','3','5';
2018-09-12 07:57:53 EXEC SPC_COM_DATA 'quypro','1','1';
2018-09-12 07:57:53 EXEC SPC_VOCABULARY_LST2 '3','5','quypro';
2018-09-12 07:57:59 EXEC SPC_COM_DATA 'quypro','1','1';
2018-09-12 07:57:59 EXEC SPC_COM_REMEMBER '1','2','2','2','quypro','127.0.0.1';
2018-09-12 07:58:06 EXEC SPC_COM_DATA 'quypro','1','1';
2018-09-12 07:58:06 EXEC SPC_VOCABULARY_LST1 '1','quypro','3','5';
2018-09-12 07:58:07 EXEC SPC_COM_DATA 'quypro','1','1';
2018-09-12 07:58:07 EXEC SPC_VOCABULARY_LST2 '3','5','quypro';
2018-09-12 08:04:51 EXEC SPC_COM_DATA 'quypro','1','1';
2018-09-12 08:04:51 EXEC SPC_VOCABULARY_LST1 '1','quypro','3','5';
2018-09-12 08:04:52 EXEC SPC_COM_DATA 'quypro','1','1';
2018-09-12 08:04:52 EXEC SPC_VOCABULARY_LST2 '3','5','quypro';
2018-09-12 08:06:57 EXEC SPC_COM_DATA 'quypro','1','1';
2018-09-12 08:06:57 EXEC SPC_COM_EXAM_LIST '1','1','1','1','quypro';
2018-09-12 08:06:59 EXEC SPC_COM_DATA 'quypro','1','1';
2018-09-12 08:06:59 EXEC SPC_COM_EXAM_LIST '1','1','2','1','quypro';
2018-09-12 08:07:00 EXEC SPC_COM_DATA 'quypro','1','1';
2018-09-12 08:07:00 EXEC SPC_COM_EXAM_LIST '1','1','0','1','quypro';
2018-09-12 08:11:43 EXEC SPC_COM_DATA 'quypro','1','1';
2018-09-12 08:11:43 EXEC SPC_COM_MENU '1';
2018-09-12 08:11:44 EXEC SPC_COM_DATA 'quypro','1','1';
2018-09-12 08:11:44 EXEC SPC_VOCABULARY_LST1 '','quypro','3','5';
2018-09-12 08:11:45 EXEC SPC_COM_DATA 'quypro','1','1';
2018-09-12 08:11:45 EXEC SPC_VOCABULARY_LST2 '2','1','quypro';
2018-09-12 08:11:48 EXEC SPC_COM_DATA 'quypro','1','1';
2018-09-12 08:11:48 EXEC SPC_COM_REMEMBER '1','2','1','1','quypro','127.0.0.1';
2018-09-12 08:11:59 EXEC SPC_COM_DATA 'quypro','1','1';
2018-09-12 08:11:59 EXEC SPC_COM_REMEMBER '1','2','1','1','quypro','127.0.0.1';
2018-09-12 08:12:04 EXEC SPC_COM_DATA 'quypro','1','1';
2018-09-12 08:12:04 EXEC SPC_VOCABULARY_LST1 '1','quypro','2','1';
2018-09-12 08:12:05 EXEC SPC_COM_DATA 'quypro','1','1';
2018-09-12 08:12:05 EXEC SPC_VOCABULARY_LST2 '2','1','quypro';
2018-09-12 08:14:03 EXEC SPC_COM_DATA 'quypro','1','1';
2018-09-12 08:14:03 EXEC SPC_VOCABULARY_LST1 '1','quypro','2','1';
2018-09-12 08:14:04 EXEC SPC_COM_DATA 'quypro','1','1';
2018-09-12 08:14:04 EXEC SPC_VOCABULARY_LST2 '2','1','quypro';
2018-09-12 08:14:06 EXEC SPC_COM_DATA 'quypro','1','1';
2018-09-12 08:14:06 EXEC SPC_COM_FORGET '1','1','2','quypro';
2018-09-12 08:14:11 EXEC SPC_COM_DATA 'quypro','1','1';
2018-09-12 08:14:11 EXEC SPC_VOCABULARY_LST1 '1','quypro','2','1';
2018-09-12 08:14:12 EXEC SPC_COM_DATA 'quypro','1','1';
2018-09-12 08:14:12 EXEC SPC_VOCABULARY_LST2 '2','1','quypro';
2018-09-12 08:14:15 EXEC SPC_COM_DATA 'quypro','1','1';
2018-09-12 08:14:15 EXEC SPC_COM_REMEMBER '1','2','1','1','quypro','127.0.0.1';
2018-09-12 08:14:20 EXEC SPC_COM_DATA 'quypro','1','1';
2018-09-12 08:14:20 EXEC SPC_VOCABULARY_LST1 '1','quypro','2','1';
2018-09-12 08:14:21 EXEC SPC_COM_DATA 'quypro','1','1';
2018-09-12 08:14:21 EXEC SPC_VOCABULARY_LST2 '2','1','quypro';
2018-09-12 08:14:44 EXEC SPC_COM_DATA 'quypro','1','1';
2018-09-12 08:14:44 EXEC SPC_VOCABULARY_LST1 '1','quypro','2','1';
2018-09-12 08:14:44 EXEC SPC_COM_DATA 'quypro','1','1';
2018-09-12 08:14:45 EXEC SPC_VOCABULARY_LST2 '2','1','quypro';
2018-09-12 08:21:00 EXEC SPC_COM_DATA 'quypro','1','1';
2018-09-12 08:21:00 EXEC SPC_VOCABULARY_LST2 '2','3','quypro';
2018-09-12 08:21:10 EXEC SPC_COM_DATA 'quypro','1','1';
2018-09-12 08:21:10 EXEC SPC_COM_FORGET '1','1','2','quypro';
2018-09-12 08:21:37 EXEC SPC_COM_DATA 'quypro','1','1';
2018-09-12 08:21:37 EXEC SPC_VOCABULARY_LST1 '','quypro','2','3';
2018-09-12 08:21:37 EXEC SPC_COM_DATA 'quypro','1','1';
2018-09-12 08:21:37 EXEC SPC_VOCABULARY_LST2 '2','1','quypro';
2018-09-12 08:21:39 EXEC SPC_COM_DATA 'quypro','1','1';
2018-09-12 08:21:39 EXEC SPC_VOCABULARY_LST1 '','quypro','2','1';
2018-09-12 08:21:39 EXEC SPC_COM_DATA 'quypro','1','1';
2018-09-12 08:21:39 EXEC SPC_VOCABULARY_LST2 '2','1','quypro';
2018-09-12 08:21:44 EXEC SPC_COM_DATA 'quypro','1','1';
2018-09-12 08:21:44 EXEC SPC_VOCABULARY_LST1 '','quypro','2','1';
2018-09-12 08:21:45 EXEC SPC_COM_DATA 'quypro','1','1';
2018-09-12 08:21:45 EXEC SPC_VOCABULARY_LST2 '2','1','quypro';
2018-09-12 08:21:47 EXEC SPC_COM_DATA 'quypro','1','1';
2018-09-12 08:21:47 EXEC SPC_VOCABULARY_LST1 '','quypro','2','1';
2018-09-12 08:21:48 EXEC SPC_COM_DATA 'quypro','1','1';
2018-09-12 08:21:48 EXEC SPC_VOCABULARY_LST2 '2','1','quypro';
2018-09-12 08:22:34 EXEC SPC_COM_DATA 'quypro','1','1';
2018-09-12 08:22:34 EXEC SPC_VOCABULARY_LST1 '','quypro','2','1';
2018-09-12 08:22:35 EXEC SPC_COM_DATA 'quypro','1','1';
2018-09-12 08:22:35 EXEC SPC_VOCABULARY_LST2 '2','1','quypro';
2018-09-12 08:32:32 EXEC SPC_COM_DATA 'quypro','1','1';
2018-09-12 08:32:32 EXEC SPC_VOCABULARY_LST1 '1','quypro','2','1';
2018-09-12 08:33:09 EXEC SPC_COM_DATA 'quypro','1','1';
2018-09-12 08:33:09 EXEC SPC_VOCABULARY_LST1 '1','quypro','2','1';
2018-09-12 08:34:07 EXEC SPC_COM_DATA 'quypro','1','1';
2018-09-12 08:34:07 EXEC SPC_VOCABULARY_LST1 '1','quypro','2','1';
2018-09-12 08:36:01 EXEC SPC_COM_DATA 'quypro','1','1';
2018-09-12 08:36:01 EXEC SPC_VOCABULARY_LST1 '1','quypro','2','1';
2018-09-12 08:37:37 EXEC SPC_COM_DATA 'quypro','1','1';
2018-09-12 08:37:37 EXEC SPC_VOCABULARY_LST1 '1','quypro','2','1';
2018-09-12 08:37:40 EXEC SPC_COM_DATA 'quypro','1','1';
2018-09-12 08:37:40 EXEC SPC_VOCABULARY_LST2 '2','1','quypro';
2018-09-12 08:39:02 EXEC SPC_COM_DATA 'quypro','1','1';
2018-09-12 08:39:02 EXEC SPC_VOCABULARY_LST1 '','quypro','2','1';
2018-09-12 08:39:03 EXEC SPC_COM_DATA 'quypro','1','1';
2018-09-12 08:39:03 EXEC SPC_VOCABULARY_LST2 '2','1','quypro';
2018-09-12 08:39:05 EXEC SPC_COM_DATA 'quypro','1','1';
2018-09-12 08:39:05 EXEC SPC_VOCABULARY_LST1 '','quypro','2','1';
2018-09-12 08:39:06 EXEC SPC_COM_DATA 'quypro','1','1';
2018-09-12 08:39:06 EXEC SPC_VOCABULARY_LST2 '2','1','quypro';
2018-09-12 08:39:08 EXEC SPC_COM_DATA 'quypro','1','1';
2018-09-12 08:39:08 EXEC SPC_VOCABULARY_LST1 '','quypro','2','1';
2018-09-12 08:39:09 EXEC SPC_COM_DATA 'quypro','1','1';
2018-09-12 08:39:09 EXEC SPC_VOCABULARY_LST2 '2','1','quypro';
2018-09-12 08:39:14 EXEC SPC_COM_DATA 'quypro','1','1';
2018-09-12 08:39:14 EXEC SPC_VOCABULARY_LST2 '2','3','quypro';
2018-09-12 08:39:17 EXEC SPC_COM_DATA 'quypro','1','1';
2018-09-12 08:39:17 EXEC SPC_COM_REMEMBER '1','2','1','1','quypro','127.0.0.1';
2018-09-12 08:41:43 EXEC SPC_COM_DATA 'quypro','1','1';
2018-09-12 08:41:43 EXEC SPC_VOCABULARY_LST1 '1','quypro','2','3';
2018-09-12 08:41:44 EXEC SPC_COM_DATA 'quypro','1','1';
2018-09-12 08:41:44 EXEC SPC_VOCABULARY_LST2 '2','3','quypro';
2018-09-12 08:41:45 EXEC SPC_COM_DATA 'quypro','1','1';
2018-09-12 08:41:45 EXEC SPC_COM_FORGET '1','1','2','quypro';
2018-09-12 08:41:47 EXEC SPC_COM_DATA 'quypro','1','1';
2018-09-12 08:41:47 EXEC SPC_COM_ADD_LESSON '1','2','3','quypro','127.0.0.1';
2018-09-12 08:41:49 EXEC SPC_COM_DATA 'quypro','1','1';
2018-09-12 08:41:49 EXEC SPC_COM_FORGET '1','1','2','quypro';
2018-09-12 08:42:19 EXEC SPC_COM_DATA 'quypro','1','1';
2018-09-12 08:42:19 EXEC SPC_COM_FORGET '1','1','2','quypro';
2018-09-12 08:42:20 EXEC SPC_COM_DATA 'quypro','1','1';
2018-09-12 08:42:20 EXEC SPC_COM_FORGET '2','2','2','quypro';
2018-09-12 08:42:21 EXEC SPC_COM_DATA 'quypro','1','1';
2018-09-12 08:42:21 EXEC SPC_COM_FORGET '3','3','2','quypro';
2018-09-12 08:42:41 EXEC SPC_COM_DATA 'quypro','1','1';
2018-09-12 08:42:41 EXEC SPC_COM_FORGET '3','3','2','quypro';
2018-09-12 08:42:48 EXEC SPC_COM_DATA 'quypro','1','1';
2018-09-12 08:42:48 EXEC SPC_COM_FORGET '2','2','2','quypro';
2018-09-12 08:42:49 EXEC SPC_COM_DATA 'quypro','1','1';
2018-09-12 08:42:49 EXEC SPC_COM_FORGET '1','1','2','quypro';
2018-09-12 08:42:53 EXEC SPC_COM_DATA 'quypro','1','1';
2018-09-12 08:42:53 EXEC SPC_COM_FORGET '1','1','2','quypro';
2018-09-12 08:44:52 EXEC SPC_COM_DATA 'quypro','1','1';
2018-09-12 08:44:52 EXEC SPC_VOCABULARY_LST1 '1','quypro','2','3';
2018-09-12 08:44:53 EXEC SPC_COM_DATA 'quypro','1','1';
2018-09-12 08:44:53 EXEC SPC_VOCABULARY_LST2 '2','3','quypro';
2018-09-12 08:45:02 EXEC SPC_COM_DATA 'quypro','1','1';
2018-09-12 08:45:02 EXEC SPC_COM_REMEMBER '1','2','1','1','quypro','127.0.0.1';
2018-09-12 08:47:21 EXEC SPC_COM_DATA 'quypro','1','1';
2018-09-12 08:47:21 EXEC SPC_VOCABULARY_LST1 '1','quypro','2','3';
2018-09-12 08:47:22 EXEC SPC_COM_DATA 'quypro','1','1';
2018-09-12 08:47:22 EXEC SPC_VOCABULARY_LST2 '2','3','quypro';
2018-09-12 08:47:24 EXEC SPC_COM_DATA 'quypro','1','1';
2018-09-12 08:47:24 EXEC SPC_COM_FORGET '1','1','2','quypro';
2018-09-12 08:47:28 EXEC SPC_COM_DATA 'quypro','1','1';
2018-09-12 08:47:28 EXEC SPC_COM_FORGET '1','1','2','quypro';
2018-09-12 08:47:29 EXEC SPC_COM_DATA 'quypro','1','1';
2018-09-12 08:47:29 EXEC SPC_COM_REMEMBER '1','2','2','2','quypro','127.0.0.1';
2018-09-12 08:47:30 EXEC SPC_COM_DATA 'quypro','1','1';
2018-09-12 08:47:30 EXEC SPC_COM_REMEMBER '1','2','3','3','quypro','127.0.0.1';
2018-09-12 08:47:33 EXEC SPC_COM_DATA 'quypro','1','1';
2018-09-12 08:47:33 EXEC SPC_COM_REMEMBER '1','2','3','3','quypro','127.0.0.1';
2018-09-12 08:47:33 EXEC SPC_COM_DATA 'quypro','1','1';
2018-09-12 08:47:33 EXEC SPC_COM_REMEMBER '1','2','2','2','quypro','127.0.0.1';
2018-09-12 08:47:34 EXEC SPC_COM_DATA 'quypro','1','1';
2018-09-12 08:47:34 EXEC SPC_COM_FORGET '1','1','2','quypro';
2018-09-12 08:49:56 EXEC SPC_COM_DATA 'quypro','1','1';
2018-09-12 08:49:56 EXEC SPC_VOCABULARY_LST1 '1','quypro','2','3';
2018-09-12 08:49:57 EXEC SPC_COM_DATA 'quypro','1','1';
2018-09-12 08:49:57 EXEC SPC_VOCABULARY_LST2 '2','3','quypro';
2018-09-12 08:50:01 EXEC SPC_COM_DATA 'quypro','1','1';
2018-09-12 08:50:01 EXEC SPC_COM_REMEMBER '1','2','1','1','quypro','127.0.0.1';
2018-09-12 08:50:10 EXEC SPC_COM_DATA 'quypro','1','1';
2018-09-12 08:50:10 EXEC SPC_COM_REMEMBER '1','2','1','1','quypro','127.0.0.1';
2018-09-12 08:50:13 EXEC SPC_COM_DATA 'quypro','1','1';
2018-09-12 08:50:13 EXEC SPC_COM_FORGET '2','2','2','quypro';
2018-09-12 08:50:14 EXEC SPC_COM_DATA 'quypro','1','1';
2018-09-12 08:50:14 EXEC SPC_COM_FORGET '3','3','2','quypro';
2018-09-12 08:50:20 EXEC SPC_COM_DATA 'quypro','1','1';
2018-09-12 08:50:20 EXEC SPC_COM_FORGET '3','3','2','quypro';
2018-09-12 08:50:21 EXEC SPC_COM_DATA 'quypro','1','1';
2018-09-12 08:50:21 EXEC SPC_COM_FORGET '2','2','2','quypro';
2018-09-12 08:50:22 EXEC SPC_COM_DATA 'quypro','1','1';
2018-09-12 08:50:22 EXEC SPC_COM_REMEMBER '1','2','1','1','quypro','127.0.0.1';
2018-09-12 08:50:25 EXEC SPC_COM_DATA 'quypro','1','1';
2018-09-12 08:50:25 EXEC SPC_COM_FORGET '2','2','2','quypro';
2018-09-12 08:50:26 EXEC SPC_COM_DATA 'quypro','1','1';
2018-09-12 08:50:26 EXEC SPC_COM_FORGET '3','3','2','quypro';
2018-09-12 08:50:27 EXEC SPC_COM_DATA 'quypro','1','1';
2018-09-12 08:50:27 EXEC SPC_COM_REMEMBER '1','2','1','1','quypro','127.0.0.1';
2018-09-12 08:50:30 EXEC SPC_COM_DATA 'quypro','1','1';
2018-09-12 08:50:30 EXEC SPC_COM_FORGET '3','3','2','quypro';
2018-09-12 08:50:31 EXEC SPC_COM_DATA 'quypro','1','1';
2018-09-12 08:50:31 EXEC SPC_COM_REMEMBER '1','2','1','1','quypro','127.0.0.1';
2018-09-12 08:50:33 EXEC SPC_COM_DATA 'quypro','1','1';
2018-09-12 08:50:33 EXEC SPC_COM_FORGET '2','2','2','quypro';
2018-09-12 08:50:41 EXEC SPC_COM_DATA 'quypro','1','1';
2018-09-12 08:50:41 EXEC SPC_COM_REMEMBER '1','2','1','1','quypro','127.0.0.1';
2018-09-12 08:51:18 EXEC SPC_COM_DATA 'quypro','1','1';
2018-09-12 08:51:18 EXEC SPC_VOCABULARY_LST1 '2','quypro','2','3';
2018-09-12 08:51:19 EXEC SPC_COM_DATA 'quypro','1','1';
2018-09-12 08:51:19 EXEC SPC_VOCABULARY_LST2 '2','3','quypro';
2018-09-12 08:51:24 EXEC SPC_COM_DATA 'quypro','1','1';
2018-09-12 08:51:24 EXEC SPC_COM_REMEMBER '1','2','3','3','quypro','127.0.0.1';
2018-09-12 08:51:25 EXEC SPC_COM_DATA 'quypro','1','1';
2018-09-12 08:51:25 EXEC SPC_COM_REMEMBER '1','2','2','2','quypro','127.0.0.1';
2018-09-12 08:51:29 EXEC SPC_COM_DATA 'quypro','1','1';
2018-09-12 08:51:29 EXEC SPC_COM_REMEMBER '1','2','2','2','quypro','127.0.0.1';
2018-09-12 08:51:30 EXEC SPC_COM_DATA 'quypro','1','1';
2018-09-12 08:51:30 EXEC SPC_COM_REMEMBER '1','2','3','3','quypro','127.0.0.1';
2018-09-12 08:51:31 EXEC SPC_COM_DATA 'quypro','1','1';
2018-09-12 08:51:31 EXEC SPC_COM_FORGET '1','1','2','quypro';
2018-09-12 08:51:34 EXEC SPC_COM_DATA 'quypro','1','1';
2018-09-12 08:51:34 EXEC SPC_COM_REMEMBER '1','2','3','3','quypro','127.0.0.1';
2018-09-12 08:51:36 EXEC SPC_COM_DATA 'quypro','1','1';
2018-09-12 08:51:36 EXEC SPC_COM_FORGET '1','1','2','quypro';
2018-09-12 08:51:37 EXEC SPC_COM_DATA 'quypro','1','1';
2018-09-12 08:51:37 EXEC SPC_COM_REMEMBER '1','2','2','2','quypro','127.0.0.1';
2018-09-12 08:51:40 EXEC SPC_COM_DATA 'quypro','1','1';
2018-09-12 08:51:40 EXEC SPC_COM_FORGET '1','1','2','quypro';
2018-09-12 08:51:41 EXEC SPC_COM_DATA 'quypro','1','1';
2018-09-12 08:51:41 EXEC SPC_COM_REMEMBER '1','2','2','2','quypro','127.0.0.1';
2018-09-12 08:51:42 EXEC SPC_COM_DATA 'quypro','1','1';
2018-09-12 08:51:42 EXEC SPC_COM_REMEMBER '1','2','3','3','quypro','127.0.0.1';
2018-09-12 08:51:46 EXEC SPC_COM_DATA 'quypro','1','1';
2018-09-12 08:51:46 EXEC SPC_VOCABULARY_LST1 '3','quypro','2','3';
2018-09-12 08:51:47 EXEC SPC_COM_DATA 'quypro','1','1';
2018-09-12 08:51:47 EXEC SPC_VOCABULARY_LST2 '2','3','quypro';
2018-09-12 08:52:25 EXEC SPC_COM_DATA 'quypro','1','1';
2018-09-12 08:52:25 EXEC SPC_VOCABULARY_LST2 '3','5','quypro';
2018-09-12 08:52:38 EXEC SPC_COM_DATA 'quypro','1','1';
2018-09-12 08:52:38 EXEC SPC_VOCABULARY_LST2 '2','1','quypro';
2018-09-12 08:52:42 EXEC SPC_COM_DATA 'quypro','1','1';
2018-09-12 08:52:42 EXEC SPC_VOCABULARY_LST2 '3','5','quypro';
2018-09-12 08:53:03 EXEC SPC_COM_DATA 'quypro','1','1';
2018-09-12 08:53:03 EXEC SPC_VOCABULARY_LST1 '','quypro','3','5';
2018-09-12 08:53:04 EXEC SPC_COM_DATA 'quypro','1','1';
2018-09-12 08:53:04 EXEC SPC_VOCABULARY_LST2 '2','3','quypro';
2018-09-12 08:53:09 EXEC SPC_COM_DATA 'quypro','1','1';
2018-09-12 08:53:09 EXEC SPC_COM_FORGET '2','2','2','quypro';
2018-09-12 08:53:10 EXEC SPC_COM_DATA 'quypro','1','1';
2018-09-12 08:53:10 EXEC SPC_COM_FORGET '3','3','2','quypro';
2018-09-12 08:53:27 EXEC SPC_COM_DATA 'quypro','1','1';
2018-09-12 08:53:27 EXEC SPC_COM_FORGET '3','3','2','quypro';
2018-09-12 08:53:28 EXEC SPC_COM_DATA 'quypro','1','1';
2018-09-12 08:53:28 EXEC SPC_COM_FORGET '2','2','2','quypro';
2018-09-12 08:53:29 EXEC SPC_COM_DATA 'quypro','1','1';
2018-09-12 08:53:29 EXEC SPC_COM_REMEMBER '1','2','1','1','quypro','127.0.0.1';
2018-09-12 08:53:36 EXEC SPC_COM_DATA 'quypro','1','1';
2018-09-12 08:53:36 EXEC SPC_COM_FORGET '2','2','2','quypro';
