2018-09-14 02:25:41 EXEC SPC_COM_PERMISSION '1','1','g001';
2018-09-14 02:25:58 EXEC SPC_COM_DATA '','','';
2018-09-14 02:26:02 EXEC SPC_COM_DATA '','','';
2018-09-14 02:26:02 EXEC SPC_TRANSLATE_LST1 '';
2018-09-14 02:26:38 EXEC SPC_COM_DATA '','','';
2018-09-14 02:28:23 EXEC SPC_COM_DATA '','','';
2018-09-14 02:28:23 EXEC SPC_TRANSLATE_LST1 '';
2018-09-14 02:28:59 EXEC SPC_COM_DATA '','','';
2018-09-14 02:28:59 EXEC SPC_TRANSLATE_LST1 '';
2018-09-14 02:29:31 EXEC SPC_COM_DATA '','','';
2018-09-14 02:29:31 EXEC SPC_TRANSLATE_LST1 '';
2018-09-14 02:29:55 EXEC SPC_COM_DATA '','','';
2018-09-14 02:29:55 EXEC SPC_TRANSLATE_LST1 '';
2018-09-14 02:30:27 EXEC SPC_COM_DATA '','','';
2018-09-14 02:30:27 EXEC SPC_TRANSLATE_LST3 'hello';
2018-09-14 02:30:28 EXEC SPC_COM_DATA '','','';
2018-09-14 02:30:28 EXEC SPC_TRANSLATE_LST2 'Hello','';
2018-09-14 02:32:41 EXEC SPC_COM_DATA '','','';
2018-09-14 02:32:41 EXEC SPC_TRANSLATE_LST1 '1';
2018-09-14 02:32:41 EXEC SPC_COM_DATA '','','';
2018-09-14 02:32:41 EXEC SPC_TRANSLATE_LST2 'Hello','';
2018-09-14 02:32:55 EXEC SPC_COM_DATA '','','';
2018-09-14 02:32:55 EXEC SPC_TRANSLATE_LST1 '1';
2018-09-14 02:32:55 EXEC SPC_COM_DATA '','','';
2018-09-14 02:32:55 EXEC SPC_TRANSLATE_LST2 'Hello','';
2018-09-14 02:32:58 EXEC SPC_COM_DATA '','','';
2018-09-14 02:32:58 EXEC SPC_TRANSLATE_LST3 'Hello';
2018-09-14 02:33:45 EXEC SPC_COM_DATA '','','';
2018-09-14 02:33:45 EXEC SPC_TRANSLATE_LST1 '1';
2018-09-14 02:33:46 EXEC SPC_COM_DATA '','','';
2018-09-14 02:33:46 EXEC SPC_TRANSLATE_LST2 'Hello','';
2018-09-14 02:34:38 EXEC SPC_COM_DATA '','','';
2018-09-14 02:34:38 EXEC SPC_TRANSLATE_LST1 '1';
2018-09-14 02:34:39 EXEC SPC_COM_DATA '','','';
2018-09-14 02:34:39 EXEC SPC_TRANSLATE_LST2 'Hello','';
2018-09-14 02:36:33 EXEC SPC_COM_DATA '','','';
2018-09-14 02:36:33 EXEC SPC_TRANSLATE_LST1 '1';
2018-09-14 02:36:34 EXEC SPC_COM_DATA '','','';
2018-09-14 02:36:34 EXEC SPC_TRANSLATE_LST2 'Hello','';
2018-09-14 02:37:16 EXEC SPC_COM_DATA '','','';
2018-09-14 02:37:16 EXEC SPC_TRANSLATE_LST1 '1';
2018-09-14 02:37:16 EXEC SPC_COM_DATA '','','';
2018-09-14 02:37:16 EXEC SPC_TRANSLATE_LST2 'Hello','';
2018-09-14 02:37:31 EXEC SPC_COM_DATA '','','';
2018-09-14 02:37:31 EXEC SPC_TRANSLATE_LST3 'Hello';
2018-09-14 02:37:38 EXEC SPC_COM_DATA '','','';
2018-09-14 02:37:38 EXEC SPC_TRANSLATE_LST3 'Hello';
2018-09-14 02:38:02 EXEC SPC_COM_DATA '','','';
2018-09-14 02:38:02 EXEC SPC_TRANSLATE_LST3 'Hello';
2018-09-14 02:38:04 EXEC SPC_COM_DATA '','','';
2018-09-14 02:38:04 EXEC SPC_TRANSLATE_LST1 '1';
2018-09-14 02:38:05 EXEC SPC_COM_DATA '','','';
2018-09-14 02:38:05 EXEC SPC_TRANSLATE_LST2 'Hello','';
2018-09-14 02:38:11 EXEC SPC_COM_DATA '','','';
2018-09-14 02:38:18 EXEC SPC_COM_DATA '','','';
2018-09-14 02:38:18 EXEC SPC_TRANSLATE_LST1 '';
2018-09-14 02:39:41 EXEC SPC_COM_DATA '','','';
2018-09-14 02:39:41 EXEC SPC_TRANSLATE_LST1 '';
2018-09-14 02:40:08 EXEC SPC_COM_DATA '','','';
2018-09-14 02:40:08 EXEC SPC_TRANSLATE_LST1 '';
2018-09-14 02:41:40 EXEC SPC_COM_DATA '','','';
2018-09-14 02:41:40 EXEC SPC_TRANSLATE_LST1 '';
2018-09-14 02:41:45 EXEC SPC_COM_DATA '','','';
2018-09-14 02:41:45 EXEC SPC_TRANSLATE_LST3 'hel';
2018-09-14 02:41:46 EXEC SPC_COM_DATA '','','';
2018-09-14 02:41:46 EXEC SPC_TRANSLATE_LST2 'Hello','';
2018-09-14 02:42:00 EXEC SPC_COM_DATA '','','';
2018-09-14 02:42:00 EXEC SPC_TRANSLATE_LST3 'Hello';
2018-09-14 02:42:03 EXEC SPC_COM_DATA '','','';
2018-09-14 02:42:03 EXEC SPC_TRANSLATE_LST1 '';
2018-09-14 02:42:09 EXEC SPC_COM_DATA '','','';
2018-09-14 02:42:09 EXEC SPC_TRANSLATE_LST3 'hel';
2018-09-14 02:42:10 EXEC SPC_COM_DATA '','','';
2018-09-14 02:42:10 EXEC SPC_TRANSLATE_LST2 'Hello','';
2018-09-14 02:42:22 EXEC SPC_COM_DATA '','','';
2018-09-14 02:42:22 EXEC SPC_TRANSLATE_LST3 'Hello';
2018-09-14 02:42:24 EXEC SPC_COM_DATA '','','';
2018-09-14 02:42:24 EXEC SPC_TRANSLATE_LST1 '';
2018-09-14 02:42:56 EXEC SPC_COM_DATA '','','';
2018-09-14 02:42:56 EXEC SPC_TRANSLATE_LST1 '';
2018-09-14 02:43:20 EXEC SPC_COM_DATA '','','';
2018-09-14 02:43:20 EXEC SPC_TRANSLATE_LST1 '';
2018-09-14 02:43:27 EXEC SPC_COM_DATA '','','';
2018-09-14 02:43:27 EXEC SPC_TRANSLATE_LST1 '';
2018-09-14 02:45:02 EXEC SPC_COM_DATA '','','';
2018-09-14 02:45:02 EXEC SPC_TRANSLATE_LST1 '';
2018-09-14 02:45:06 EXEC SPC_COM_DATA '','','';
2018-09-14 02:45:06 EXEC SPC_TRANSLATE_LST3 'hel';
2018-09-14 02:45:07 EXEC SPC_COM_DATA '','','';
2018-09-14 02:45:07 EXEC SPC_TRANSLATE_LST2 'Hello','';
2018-09-14 02:45:15 EXEC SPC_COM_DATA '','','';
2018-09-14 02:45:15 EXEC SPC_TRANSLATE_LST3 'Hello';
2018-09-14 02:45:18 EXEC SPC_COM_DATA '','','';
2018-09-14 02:45:18 EXEC SPC_TRANSLATE_LST2 'Hello','';
2018-09-14 02:45:18 EXEC SPC_COM_DATA '','','';
2018-09-14 02:45:18 EXEC SPC_TRANSLATE_LST3 'Hello';
2018-09-14 02:45:21 EXEC SPC_COM_DATA '','','';
2018-09-14 02:45:21 EXEC SPC_TRANSLATE_LST3 'Hello';
2018-09-14 02:45:46 EXEC SPC_COM_DATA '','','';
2018-09-14 02:45:46 EXEC SPC_TRANSLATE_LST3 'kin';
2018-09-14 02:45:47 EXEC SPC_COM_DATA '','','';
2018-09-14 02:45:47 EXEC SPC_TRANSLATE_LST2 'kingdom','';
2018-09-14 02:50:31 EXEC SPC_COM_DATA '','','';
2018-09-14 02:50:31 EXEC SPC_TRANSLATE_LST3 'kingdom';
2018-09-14 02:50:57 EXEC SPC_COM_DATA '','','';
2018-09-14 02:50:57 EXEC SPC_TRANSLATE_LST3 'kingdom';
2018-09-14 02:51:41 EXEC SPC_COM_DATA '','','';
2018-09-14 02:51:41 EXEC SPC_TRANSLATE_LST3 'kingdom';
2018-09-14 02:53:15 EXEC SPC_COM_DATA '','','';
2018-09-14 02:53:15 EXEC SPC_TRANSLATE_LST3 'kingdom';
2018-09-14 02:53:28 EXEC SPC_COM_DATA '','','';
2018-09-14 02:53:28 EXEC SPC_TRANSLATE_LST3 'kingdom';
2018-09-14 02:54:33 EXEC SPC_COM_DATA '','','';
2018-09-14 02:54:33 EXEC SPC_TRANSLATE_LST3 'kingdom';
2018-09-14 02:55:28 EXEC SPC_COM_DATA '','','';
2018-09-14 02:56:50 EXEC SPC_COM_DATA '','','';
2018-09-14 02:56:50 EXEC SPC_TRANSLATE_LST3 'kingdom';
2018-09-14 02:57:34 EXEC SPC_COM_DATA '','','';
2018-09-14 02:57:34 EXEC SPC_TRANSLATE_LST3 'kingdom';
2018-09-14 02:57:39 EXEC SPC_COM_DATA '','','';
2018-09-14 02:57:39 EXEC SPC_TRANSLATE_LST3 'kingdom';
2018-09-14 02:57:58 EXEC SPC_COM_DATA '','','';
2018-09-14 02:57:58 EXEC SPC_TRANSLATE_LST3 'kingdom';
2018-09-14 02:58:07 EXEC SPC_COM_DATA '','','';
2018-09-14 02:58:07 EXEC SPC_TRANSLATE_LST3 'kingdom';
2018-09-14 02:58:22 EXEC SPC_COM_DATA '','','';
2018-09-14 02:58:22 EXEC SPC_TRANSLATE_LST3 'kingdom';
2018-09-14 02:59:34 EXEC SPC_COM_DATA '','','';
2018-09-14 02:59:34 EXEC SPC_TRANSLATE_LST3 'kingdom';
2018-09-14 03:00:06 EXEC SPC_COM_DATA '','','';
2018-09-14 03:00:06 EXEC SPC_TRANSLATE_LST3 'kingdom';
2018-09-14 03:01:37 EXEC SPC_COM_DATA '','','';
2018-09-14 03:02:10 EXEC SPC_COM_DATA '','','';
2018-09-14 03:02:30 EXEC SPC_COM_DATA '','','';
2018-09-14 03:02:30 EXEC SPC_TRANSLATE_LST1 '3';
2018-09-14 03:02:31 EXEC SPC_COM_DATA '','','';
2018-09-14 03:02:31 EXEC SPC_TRANSLATE_LST2 'kingdom','';
2018-09-14 03:02:40 EXEC SPC_COM_DATA '','','';
2018-09-14 03:02:40 EXEC SPC_TRANSLATE_LST1 '3';
2018-09-14 03:02:41 EXEC SPC_COM_DATA '','','';
2018-09-14 03:02:41 EXEC SPC_TRANSLATE_LST2 'kingdom','';
2018-09-14 03:03:50 EXEC SPC_COM_DATA '','','';
2018-09-14 03:03:50 EXEC SPC_TRANSLATE_LST1 '3';
2018-09-14 03:03:51 EXEC SPC_COM_DATA '','','';
2018-09-14 03:03:51 EXEC SPC_TRANSLATE_LST2 'kingdom','';
2018-09-14 03:05:23 EXEC SPC_COM_DATA '','','';
2018-09-14 03:05:23 EXEC SPC_TRANSLATE_LST1 '3';
2018-09-14 03:05:24 EXEC SPC_COM_DATA '','','';
2018-09-14 03:05:24 EXEC SPC_TRANSLATE_LST2 'kingdom','';
2018-09-14 03:05:27 EXEC SPC_COM_DATA '','','';
2018-09-14 03:05:27 EXEC SPC_TRANSLATE_LST3 'kingdom';
2018-09-14 03:06:06 EXEC SPC_COM_DATA '','','';
2018-09-14 03:06:06 EXEC SPC_TRANSLATE_LST3 'kingdom';
2018-09-14 03:06:06 EXEC SPC_COM_DATA '','','';
2018-09-14 03:06:06 EXEC SPC_TRANSLATE_LST1 '3';
2018-09-14 03:06:07 EXEC SPC_COM_DATA '','','';
2018-09-14 03:06:07 EXEC SPC_TRANSLATE_LST2 'kingdom','';
2018-09-14 03:06:12 EXEC SPC_COM_DATA '','','';
2018-09-14 03:06:12 EXEC SPC_TRANSLATE_LST3 'kingdom';
2018-09-14 03:06:17 EXEC SPC_COM_DATA '','','';
2018-09-14 03:06:17 EXEC SPC_TRANSLATE_LST3 'kingdom';
2018-09-14 03:06:19 EXEC SPC_COM_DATA '','','';
2018-09-14 03:06:19 EXEC SPC_TRANSLATE_LST3 'Nhat';
2018-09-14 04:00:49 EXEC SPC_COM_DATA '','','';
2018-09-14 04:00:49 EXEC SPC_TRANSLATE_LST1 '';
2018-09-14 04:12:27 EXEC SPC_COM_DATA '','','';
2018-09-14 04:12:27 EXEC SPC_TRANSLATE_LST1 '';
2018-09-14 04:13:39 EXEC SPC_COM_DATA '','','';
2018-09-14 04:13:39 EXEC SPC_TRANSLATE_LST1 '';
2018-09-14 04:14:01 EXEC SPC_COM_DATA '','','';
2018-09-14 04:14:01 EXEC SPC_TRANSLATE_LST1 '';
2018-09-14 04:15:41 EXEC SPC_COM_DATA '','','';
2018-09-14 04:15:41 EXEC SPC_TRANSLATE_LST1 '';
2018-09-14 04:17:59 EXEC SPC_COM_DATA '','','';
2018-09-14 04:17:59 EXEC SPC_TRANSLATE_LST1 '';
2018-09-14 04:18:18 EXEC SPC_COM_DATA '','','';
2018-09-14 04:18:18 EXEC SPC_TRANSLATE_LST1 '';
2018-09-14 04:19:29 EXEC SPC_COM_DATA '','','';
2018-09-14 04:19:29 EXEC SPC_TRANSLATE_LST3 'hel';
2018-09-14 04:19:31 EXEC SPC_COM_DATA '','','';
2018-09-14 04:19:31 EXEC SPC_TRANSLATE_LST2 'Hello','';
2018-09-14 04:20:31 EXEC SPC_COM_DATA '','','';
2018-09-14 04:20:31 EXEC SPC_TRANSLATE_LST2 'Hello','';
2018-09-14 04:20:35 EXEC SPC_COM_DATA '','','';
2018-09-14 04:20:35 EXEC SPC_TRANSLATE_LST1 '1';
2018-09-14 04:20:36 EXEC SPC_COM_DATA '','','';
2018-09-14 04:20:36 EXEC SPC_TRANSLATE_LST2 'Hello','';
2018-09-14 04:23:26 EXEC SPC_COM_DATA '','','';
2018-09-14 04:23:26 EXEC SPC_TRANSLATE_LST1 '1';
2018-09-14 04:23:27 EXEC SPC_COM_DATA '','','';
2018-09-14 04:23:27 EXEC SPC_TRANSLATE_LST2 'Hello','';
2018-09-14 04:23:41 EXEC SPC_COM_DATA '','','';
2018-09-14 04:23:41 EXEC SPC_TRANSLATE_LST1 '1';
2018-09-14 04:23:42 EXEC SPC_COM_DATA '','','';
2018-09-14 04:23:42 EXEC SPC_TRANSLATE_LST2 'Hello','';
2018-09-14 04:24:21 EXEC SPC_COM_DATA '','','';
2018-09-14 04:24:21 EXEC SPC_TRANSLATE_LST1 '1';
2018-09-14 04:24:22 EXEC SPC_COM_DATA '','','';
2018-09-14 04:24:22 EXEC SPC_TRANSLATE_LST2 'Hello','';
2018-09-14 04:24:37 EXEC SPC_COM_DATA '','','';
2018-09-14 04:24:37 EXEC SPC_TRANSLATE_LST1 '1';
2018-09-14 04:24:38 EXEC SPC_COM_DATA '','','';
2018-09-14 04:24:38 EXEC SPC_TRANSLATE_LST2 'Hello','';
2018-09-14 04:24:54 EXEC SPC_COM_DATA '','','';
2018-09-14 04:24:54 EXEC SPC_TRANSLATE_LST3 'Hello';
2018-09-14 04:25:05 EXEC SPC_COM_DATA '','','';
2018-09-14 04:25:05 EXEC SPC_TRANSLATE_LST3 'Hello';
2018-09-14 04:25:09 EXEC SPC_COM_DATA '','','';
2018-09-14 04:25:09 EXEC SPC_TRANSLATE_LST3 'kin';
2018-09-14 04:25:10 EXEC SPC_COM_DATA '','','';
2018-09-14 04:25:10 EXEC SPC_TRANSLATE_LST2 'kingdom','';
2018-09-14 04:25:25 EXEC SPC_COM_DATA '','','';
2018-09-14 04:25:25 EXEC SPC_TRANSLATE_LST3 'kingdom';
2018-09-14 04:25:31 EXEC SPC_COM_DATA '','','';
2018-09-14 04:25:31 EXEC SPC_TRANSLATE_LST1 '';
2018-09-14 04:25:42 EXEC SPC_COM_DATA '','','';
2018-09-14 04:25:42 EXEC SPC_TRANSLATE_LST3 'hel';
2018-09-14 04:25:42 EXEC SPC_COM_DATA '','','';
2018-09-14 04:25:42 EXEC SPC_TRANSLATE_LST2 'Hello','';
2018-09-14 04:26:38 EXEC SPC_COM_DATA '','','';
2018-09-14 04:26:41 EXEC SPC_COM_DATA '','','';
2018-09-14 04:26:42 EXEC SPC_COM_DATA '','','';
2018-09-14 04:26:42 EXEC SPC_VOCABULARY_LST1 '','','','';
2018-09-14 04:26:43 EXEC SPC_COM_DATA '','','';
2018-09-14 04:26:43 EXEC SPC_VOCABULARY_LST2 '2','1','';
2018-09-14 04:26:45 EXEC SPC_COM_DATA '','','';
2018-09-14 04:26:47 EXEC SPC_COM_DATA '','','';
2018-09-14 04:26:47 EXEC SPC_TRANSLATE_LST1 '';
2018-09-14 04:27:27 EXEC SPC_COM_DATA '','','';
2018-09-14 04:27:27 EXEC SPC_TRANSLATE_LST1 '';
2018-09-14 04:36:35 EXEC SPC_COM_DATA '','','';
2018-09-14 04:36:35 EXEC SPC_TRANSLATE_LST3 'kin';
2018-09-14 04:36:36 EXEC SPC_COM_DATA '','','';
2018-09-14 04:36:36 EXEC SPC_TRANSLATE_LST2 'king','';
2018-09-14 04:36:48 EXEC SPC_COM_DATA '','','';
2018-09-14 04:36:48 EXEC SPC_TRANSLATE_LST1 '2';
2018-09-14 04:36:49 EXEC SPC_COM_DATA '','','';
2018-09-14 04:36:49 EXEC SPC_TRANSLATE_LST2 'king','';
2018-09-14 04:36:49 EXEC SPC_COM_DATA '','','';
2018-09-14 04:36:49 EXEC SPC_TRANSLATE_LST3 'king';
2018-09-14 04:39:24 EXEC SPC_COM_DATA '','','';
2018-09-14 04:39:24 EXEC SPC_TRANSLATE_LST3 'king';
2018-09-14 04:39:29 EXEC SPC_COM_DATA '','','';
2018-09-14 04:39:29 EXEC SPC_TRANSLATE_LST3 'close';
2018-09-14 04:41:57 EXEC SPC_COM_DATA '','','';
2018-09-14 04:41:57 EXEC SPC_TRANSLATE_LST1 '2';
2018-09-14 04:41:58 EXEC SPC_COM_DATA '','','';
2018-09-14 04:41:58 EXEC SPC_TRANSLATE_LST2 'king','';
2018-09-14 04:42:16 EXEC SPC_COM_DATA '','','';
2018-09-14 04:42:16 EXEC SPC_TRANSLATE_LST3 'king';
2018-09-14 04:42:59 EXEC SPC_COM_DATA '','','';
2018-09-14 04:42:59 EXEC SPC_TRANSLATE_LST3 'king';
2018-09-14 04:44:55 EXEC SPC_COM_DATA '','','';
2018-09-14 04:44:55 EXEC SPC_TRANSLATE_LST3 'king';
2018-09-14 04:44:55 EXEC SPC_COM_DATA '','','';
2018-09-14 04:44:55 EXEC SPC_TRANSLATE_LST1 '2';
2018-09-14 04:44:56 EXEC SPC_COM_DATA '','','';
2018-09-14 04:44:56 EXEC SPC_TRANSLATE_LST2 'king','';
2018-09-14 04:44:57 EXEC SPC_COM_DATA '','','';
2018-09-14 04:44:57 EXEC SPC_TRANSLATE_LST3 'king';
2018-09-14 04:44:58 EXEC SPC_COM_DATA '','','';
2018-09-14 04:44:58 EXEC SPC_COM_DATA '','','';
2018-09-14 04:44:58 EXEC SPC_TRANSLATE_LST2 'king','';
2018-09-14 04:44:58 EXEC SPC_TRANSLATE_LST2 'king','';
2018-09-14 04:45:02 EXEC SPC_COM_DATA '','','';
2018-09-14 04:45:02 EXEC SPC_TRANSLATE_LST3 'king';
2018-09-14 04:45:07 EXEC SPC_COM_DATA '','','';
2018-09-14 04:45:07 EXEC SPC_TRANSLATE_LST2 'go','';
2018-09-14 04:45:33 EXEC SPC_COM_DATA '','','';
2018-09-14 04:45:33 EXEC SPC_TRANSLATE_LST3 'fres';
2018-09-14 04:45:34 EXEC SPC_COM_DATA '','','';
2018-09-14 04:45:34 EXEC SPC_COM_DATA '','','';
2018-09-14 04:45:34 EXEC SPC_TRANSLATE_LST3 'fresh';
2018-09-14 04:45:34 EXEC SPC_TRANSLATE_LST2 'fresh','';
2018-09-14 04:45:36 EXEC SPC_COM_DATA '','','';
2018-09-14 04:45:36 EXEC SPC_TRANSLATE_LST3 'fresh';
2018-09-14 04:45:43 EXEC SPC_COM_DATA '','','';
2018-09-14 04:45:43 EXEC SPC_TRANSLATE_LST3 'king';
2018-09-14 04:45:44 EXEC SPC_COM_DATA '','','';
2018-09-14 04:45:44 EXEC SPC_COM_DATA '','','';
2018-09-14 04:45:44 EXEC SPC_TRANSLATE_LST2 'kingdom','';
2018-09-14 04:46:19 EXEC SPC_COM_DATA '','','';
2018-09-14 04:46:19 EXEC SPC_TRANSLATE_LST3 'kingdom';
2018-09-14 04:46:27 EXEC SPC_COM_DATA '','','';
2018-09-14 04:46:27 EXEC SPC_TRANSLATE_LST3 'kingdom';
2018-09-14 04:47:49 EXEC SPC_COM_DATA '','','';
2018-09-14 04:47:49 EXEC SPC_VOCABULARY_LST1 '','','2','1';
2018-09-14 04:47:50 EXEC SPC_COM_DATA '','','';
2018-09-14 04:47:50 EXEC SPC_VOCABULARY_LST2 '2','1','';
2018-09-14 04:47:54 EXEC SPC_COM_DATA '','','';
2018-09-14 04:47:54 EXEC SPC_VOCABULARY_LST2 '3','5','';
2018-09-14 04:47:56 EXEC SPC_COM_DATA '','','';
2018-09-14 04:47:56 EXEC SPC_TRANSLATE_LST1 '1';
2018-09-14 04:47:57 EXEC SPC_COM_DATA '','','';
2018-09-14 04:47:57 EXEC SPC_TRANSLATE_LST2 'Hello','';
2018-09-14 04:48:07 EXEC SPC_COM_DATA '','','';
2018-09-14 04:48:07 EXEC SPC_TRANSLATE_LST3 'Hello';
2018-09-14 04:48:10 EXEC SPC_COM_DATA '','','';
2018-09-14 04:48:10 EXEC SPC_TRANSLATE_LST3 'Hello';
2018-09-14 04:48:21 EXEC SPC_COM_DATA '','','';
2018-09-14 04:48:21 EXEC SPC_TRANSLATE_LST1 '1';
2018-09-14 04:48:22 EXEC SPC_COM_DATA '','','';
2018-09-14 04:48:22 EXEC SPC_TRANSLATE_LST2 'Hello','';
2018-09-14 04:49:47 EXEC SPC_COM_DATA '','','';
2018-09-14 04:49:47 EXEC SPC_TRANSLATE_LST3 'Hello';
2018-09-14 04:49:51 EXEC SPC_COM_DATA '','','';
2018-09-14 04:49:51 EXEC SPC_TRANSLATE_LST3 'Hello';
2018-09-14 04:50:14 EXEC SPC_COM_DATA '','','';
2018-09-14 04:50:14 EXEC SPC_TRANSLATE_LST1 '1';
2018-09-14 04:50:15 EXEC SPC_COM_DATA '','','';
2018-09-14 04:50:15 EXEC SPC_TRANSLATE_LST2 'Hello','';
2018-09-14 04:51:33 EXEC SPC_COM_DATA '','','';
2018-09-14 04:51:33 EXEC SPC_TRANSLATE_LST2 'Hello','';
2018-09-14 04:51:42 EXEC SPC_COM_DATA '','','';
2018-09-14 04:51:44 EXEC SPC_COM_DATA '','','';
2018-09-14 04:51:44 EXEC SPC_TRANSLATE_LST1 '';
2018-09-14 05:14:17 EXEC SPC_COM_DATA 'quypro','1','1';
2018-09-14 05:14:17 EXEC SPC_VOCABULARY_LST1 '1','quypro','3','5';
2018-09-14 05:14:18 EXEC SPC_COM_DATA 'quypro','1','1';
2018-09-14 05:14:18 EXEC SPC_VOCABULARY_LST2 '2','3','quypro';
2018-09-14 05:14:30 EXEC SPC_COM_DATA 'quypro','1','1';
2018-09-14 05:14:30 EXEC SPC_COM_REMEMBER '1','2','3','3','quypro','127.0.0.1';
2018-09-14 05:14:43 EXEC SPC_COM_DATA 'quypro','1','1';
2018-09-14 05:14:43 EXEC SPC_COM_REMEMBER '1','2','1','1','quypro','127.0.0.1';
2018-09-14 05:15:04 EXEC SPC_COM_DATA 'quypro','1','1';
2018-09-14 05:15:04 EXEC SPC_COM_TOGGLE_EFFECT '2','25','1','1','0','quypro','127.0.0.1';
2018-09-14 05:23:34 EXEC SPC_COM_DATA 'quypro','1','1';
2018-09-14 05:23:34 EXEC SPC_TRANSLATE_LST3 'hel';
2018-09-14 05:23:34 EXEC SPC_COM_DATA 'quypro','1','1';
2018-09-14 05:23:34 EXEC SPC_TRANSLATE_LST2 'hel','quypro';
2018-09-14 05:23:36 EXEC SPC_COM_DATA 'quypro','1','1';
2018-09-14 05:23:36 EXEC SPC_TRANSLATE_LST3 'hel';
2018-09-14 05:23:38 EXEC SPC_COM_DATA 'quypro','1','1';
2018-09-14 05:23:38 EXEC SPC_TRANSLATE_LST2 'Hello','quypro';
2018-09-14 05:23:38 EXEC SPC_COM_DATA 'quypro','1','1';
2018-09-14 05:23:38 EXEC SPC_TRANSLATE_LST2 'Hello','quypro';
2018-09-14 05:23:55 EXEC SPC_COM_DATA 'quypro','1','1';
2018-09-14 05:23:55 EXEC SPC_TRANSLATE_LST1 '1','quypro';
2018-09-14 05:23:56 EXEC SPC_COM_DATA 'quypro','1','1';
2018-09-14 05:23:56 EXEC SPC_TRANSLATE_LST2 'Hello','quypro';
2018-09-14 06:00:28 EXEC SPC_COM_DATA 'quypro','1','1';
2018-09-14 06:00:28 EXEC SPC_TRANSLATE_LST1 '1','quypro';
2018-09-14 06:01:29 EXEC SPC_COM_DATA 'quypro','1','1';
2018-09-14 06:01:29 EXEC SPC_TRANSLATE_LST1 '1','quypro';
2018-09-14 06:03:06 EXEC SPC_COM_DATA 'quypro','1','1';
2018-09-14 06:03:06 EXEC SPC_TRANSLATE_LST1 '1','quypro';
2018-09-14 06:03:09 EXEC SPC_COM_DATA 'quypro','1','1';
2018-09-14 06:03:09 EXEC SPC_TRANSLATE_LST1 '1','quypro';
2018-09-14 06:03:19 EXEC SPC_COM_DATA 'quypro','1','1';
2018-09-14 06:03:19 EXEC SPC_TRANSLATE_LST1 '1','quypro';
2018-09-14 06:03:20 EXEC SPC_COM_DATA 'quypro','1','1';
2018-09-14 06:03:20 EXEC SPC_TRANSLATE_LST2 'Hello','quypro';
2018-09-14 06:03:32 EXEC SPC_COM_DATA 'quypro','1','1';
2018-09-14 06:03:32 EXEC SPC_TRANSLATE_LST1 '1','quypro';
2018-09-14 06:03:47 EXEC SPC_COM_DATA 'quypro','1','1';
2018-09-14 06:03:47 EXEC SPC_TRANSLATE_LST1 '1','quypro';
2018-09-14 06:04:15 EXEC SPC_COM_DATA 'quypro','1','1';
2018-09-14 06:04:15 EXEC SPC_TRANSLATE_LST1 '1','quypro';
2018-09-14 06:04:16 EXEC SPC_COM_DATA 'quypro','1','1';
2018-09-14 06:04:16 EXEC SPC_TRANSLATE_LST2 'Hello','quypro';
2018-09-14 06:04:33 EXEC SPC_COM_DATA 'quypro','1','1';
2018-09-14 06:04:33 EXEC SPC_TRANSLATE_LST1 '1','quypro';
2018-09-14 06:04:40 EXEC SPC_COM_DATA 'quypro','1','1';
2018-09-14 06:04:40 EXEC SPC_TRANSLATE_LST1 '1','quypro';
2018-09-14 06:04:51 EXEC SPC_COM_DATA 'quypro','1','1';
2018-09-14 06:04:51 EXEC SPC_TRANSLATE_LST1 '1','quypro';
2018-09-14 06:05:45 EXEC SPC_COM_DATA 'quypro','1','1';
2018-09-14 06:05:45 EXEC SPC_TRANSLATE_LST1 '1','quypro';
2018-09-14 06:05:48 EXEC SPC_COM_DATA 'quypro','1','1';
2018-09-14 06:05:48 EXEC SPC_TRANSLATE_LST1 '1','quypro';
2018-09-14 06:06:36 EXEC SPC_COM_DATA 'quypro','1','1';
2018-09-14 06:06:36 EXEC SPC_TRANSLATE_LST1 '1','quypro';
2018-09-14 06:06:50 EXEC SPC_COM_DATA 'quypro','1','1';
2018-09-14 06:06:50 EXEC SPC_TRANSLATE_LST1 '1','quypro';
2018-09-14 06:06:53 EXEC SPC_COM_DATA 'quypro','1','1';
2018-09-14 06:06:53 EXEC SPC_TRANSLATE_LST1 '1','quypro';
2018-09-14 06:07:38 EXEC SPC_COM_DATA 'quypro','1','1';
2018-09-14 06:07:38 EXEC SPC_TRANSLATE_LST1 '1','quypro';
2018-09-14 06:08:15 EXEC SPC_COM_DATA 'quypro','1','1';
2018-09-14 06:08:15 EXEC SPC_TRANSLATE_LST1 '1','quypro';
2018-09-14 06:08:16 EXEC SPC_COM_DATA 'quypro','1','1';
2018-09-14 06:08:16 EXEC SPC_TRANSLATE_LST2 'Hello','quypro';
2018-09-14 06:08:39 EXEC SPC_COM_DATA 'quypro','1','1';
2018-09-14 06:08:39 EXEC SPC_TRANSLATE_LST1 '1','quypro';
2018-09-14 06:08:40 EXEC SPC_COM_DATA 'quypro','1','1';
2018-09-14 06:08:40 EXEC SPC_TRANSLATE_LST2 'Hello','quypro';
2018-09-14 06:09:11 EXEC SPC_COM_DATA 'quypro','1','1';
2018-09-14 06:09:11 EXEC SPC_TRANSLATE_LST1 '1','quypro';
2018-09-14 06:09:12 EXEC SPC_COM_DATA 'quypro','1','1';
2018-09-14 06:09:12 EXEC SPC_TRANSLATE_LST2 'Hello','quypro';
2018-09-14 06:09:19 EXEC SPC_COM_DATA 'quypro','1','1';
2018-09-14 06:09:19 EXEC SPC_TRANSLATE_LST2 'Hello','quypro';
2018-09-14 06:10:10 EXEC SPC_COM_DATA 'quypro','1','1';
2018-09-14 06:10:10 EXEC SPC_TRANSLATE_LST1 '1','quypro';
2018-09-14 06:10:10 EXEC SPC_COM_DATA 'quypro','1','1';
2018-09-14 06:10:10 EXEC SPC_TRANSLATE_LST2 'Hello','quypro';
2018-09-14 06:10:29 EXEC SPC_COM_DATA 'quypro','1','1';
2018-09-14 06:10:29 EXEC SPC_TRANSLATE_LST1 '1','quypro';
2018-09-14 06:10:30 EXEC SPC_COM_DATA 'quypro','1','1';
2018-09-14 06:10:30 EXEC SPC_TRANSLATE_LST2 'Hello','quypro';
2018-09-14 06:11:35 EXEC SPC_COM_DATA 'quypro','1','1';
2018-09-14 06:11:35 EXEC SPC_TRANSLATE_LST1 '1','quypro';
2018-09-14 06:11:36 EXEC SPC_COM_DATA 'quypro','1','1';
2018-09-14 06:11:36 EXEC SPC_TRANSLATE_LST2 'Hello','quypro';
2018-09-14 06:12:29 EXEC SPC_COM_DATA 'quypro','1','1';
2018-09-14 06:12:29 EXEC SPC_TRANSLATE_LST3 'Hello';
2018-09-14 06:12:32 EXEC SPC_COM_DATA 'quypro','1','1';
2018-09-14 06:12:32 EXEC SPC_TRANSLATE_LST3 'Hello';
2018-09-14 06:12:41 EXEC SPC_COM_DATA 'quypro','1','1';
2018-09-14 06:12:41 EXEC SPC_TRANSLATE_LST3 'Hello';
2018-09-14 06:12:51 EXEC SPC_COM_DATA 'quypro','1','1';
2018-09-14 06:12:51 EXEC SPC_TRANSLATE_LST3 'Hello';
2018-09-14 06:12:55 EXEC SPC_COM_DATA 'quypro','1','1';
2018-09-14 06:12:55 EXEC SPC_TRANSLATE_LST3 'Hello';
2018-09-14 06:13:03 EXEC SPC_COM_DATA 'quypro','1','1';
2018-09-14 06:13:03 EXEC SPC_TRANSLATE_LST2 'Hello','quypro';
2018-09-14 06:13:43 EXEC SPC_COM_DATA 'quypro','1','1';
2018-09-14 06:13:43 EXEC SPC_TRANSLATE_LST1 '1','quypro';
2018-09-14 06:13:44 EXEC SPC_COM_DATA 'quypro','1','1';
2018-09-14 06:13:44 EXEC SPC_TRANSLATE_LST2 'Hello','quypro';
2018-09-14 06:13:45 EXEC SPC_COM_DATA 'quypro','1','1';
2018-09-14 06:13:45 EXEC SPC_TRANSLATE_LST3 'Hello';
2018-09-14 06:13:48 EXEC SPC_COM_DATA 'quypro','1','1';
2018-09-14 06:13:48 EXEC SPC_TRANSLATE_LST3 'Hello';
2018-09-14 06:13:59 EXEC SPC_COM_DATA 'quypro','1','1';
2018-09-14 06:13:59 EXEC SPC_TRANSLATE_LST1 '1','quypro';
2018-09-14 06:13:59 EXEC SPC_COM_DATA 'quypro','1','1';
2018-09-14 06:13:59 EXEC SPC_TRANSLATE_LST2 'Hello','quypro';
2018-09-14 06:14:01 EXEC SPC_COM_DATA 'quypro','1','1';
2018-09-14 06:14:01 EXEC SPC_TRANSLATE_LST3 'Hello';
2018-09-14 06:14:08 EXEC SPC_COM_DATA 'quypro','1','1';
2018-09-14 06:14:08 EXEC SPC_TRANSLATE_LST3 'Hello';
2018-09-14 06:14:13 EXEC SPC_COM_DATA 'quypro','1','1';
2018-09-14 06:14:13 EXEC SPC_TRANSLATE_LST2 'Hello','quypro';
2018-09-14 06:14:13 EXEC SPC_COM_DATA 'quypro','1','1';
2018-09-14 06:14:13 EXEC SPC_TRANSLATE_LST2 'Hello','quypro';
2018-09-14 06:20:43 EXEC SPC_COM_DATA 'quypro','1','1';
2018-09-14 06:20:43 EXEC SPC_TRANSLATE_LST1 '1','quypro';
2018-09-14 06:20:44 EXEC SPC_COM_DATA 'quypro','1','1';
2018-09-14 06:20:44 EXEC SPC_TRANSLATE_LST2 'Hello','quypro','127.0.0.1';
2018-09-14 06:20:51 EXEC SPC_COM_DATA 'quypro','1','1';
2018-09-14 06:20:51 EXEC SPC_TRANSLATE_LST1 '','quypro';
2018-09-14 06:20:59 EXEC SPC_COM_DATA 'quypro','1','1';
2018-09-14 06:20:59 EXEC SPC_TRANSLATE_LST1 '1','quypro';
2018-09-14 06:20:59 EXEC SPC_COM_DATA 'quypro','1','1';
2018-09-14 06:20:59 EXEC SPC_TRANSLATE_LST2 'Hello','quypro','127.0.0.1';
2018-09-14 06:22:37 EXEC SPC_COM_DATA 'quypro','1','1';
2018-09-14 06:22:37 EXEC SPC_TRANSLATE_LST3 'Hello';
2018-09-14 06:22:38 EXEC SPC_COM_DATA 'quypro','1','1';
2018-09-14 06:22:38 EXEC SPC_TRANSLATE_LST2 'Hello','quypro','127.0.0.1';
2018-09-14 06:22:38 EXEC SPC_COM_DATA 'quypro','1','1';
2018-09-14 06:22:38 EXEC SPC_TRANSLATE_LST2 'Hello','quypro','127.0.0.1';
2018-09-14 06:22:41 EXEC SPC_COM_DATA 'quypro','1','1';
2018-09-14 06:22:41 EXEC SPC_TRANSLATE_LST1 '1','quypro';
2018-09-14 06:22:41 EXEC SPC_COM_DATA 'quypro','1','1';
2018-09-14 06:22:41 EXEC SPC_TRANSLATE_LST2 'Hello','quypro','127.0.0.1';
2018-09-14 06:22:42 EXEC SPC_COM_DATA 'quypro','1','1';
2018-09-14 06:22:42 EXEC SPC_TRANSLATE_LST3 'Hello';
2018-09-14 06:22:46 EXEC SPC_COM_DATA 'quypro','1','1';
2018-09-14 06:22:46 EXEC SPC_TRANSLATE_LST3 'kin';
2018-09-14 06:22:48 EXEC SPC_COM_DATA 'quypro','1','1';
2018-09-14 06:22:48 EXEC SPC_COM_DATA 'quypro','1','1';
2018-09-14 06:22:48 EXEC SPC_TRANSLATE_LST2 'kingdom','quypro','127.0.0.1';
2018-09-14 06:22:48 EXEC SPC_TRANSLATE_LST2 'kingdom','quypro','127.0.0.1';
2018-09-14 06:22:52 EXEC SPC_COM_DATA 'quypro','1','1';
2018-09-14 06:22:52 EXEC SPC_TRANSLATE_LST1 '','quypro';
2018-09-14 06:27:27 EXEC SPC_COM_DATA 'quypro','1','1';
2018-09-14 06:27:27 EXEC SPC_TRANSLATE_LST3 'king';
2018-09-14 06:27:30 EXEC SPC_COM_DATA 'quypro','1','1';
2018-09-14 06:27:30 EXEC SPC_TRANSLATE_LST2 'kingdom','quypro','127.0.0.1';
2018-09-14 06:27:30 EXEC SPC_COM_DATA 'quypro','1','1';
2018-09-14 06:27:30 EXEC SPC_TRANSLATE_LST2 'kingdom','quypro','127.0.0.1';
2018-09-14 06:27:35 EXEC SPC_COM_DATA 'quypro','1','1';
2018-09-14 06:27:35 EXEC SPC_TRANSLATE_LST1 '','quypro';
2018-09-14 06:27:42 EXEC SPC_COM_DATA 'quypro','1','1';
2018-09-14 06:27:42 EXEC SPC_TRANSLATE_LST1 '2','quypro';
2018-09-14 06:27:43 EXEC SPC_COM_DATA 'quypro','1','1';
2018-09-14 06:27:43 EXEC SPC_TRANSLATE_LST2 'king','quypro','127.0.0.1';
2018-09-14 06:27:44 EXEC SPC_COM_DATA 'quypro','1','1';
2018-09-14 06:27:44 EXEC SPC_TRANSLATE_LST1 '3','quypro';
2018-09-14 06:27:45 EXEC SPC_COM_DATA 'quypro','1','1';
2018-09-14 06:27:45 EXEC SPC_TRANSLATE_LST2 'kingdom','quypro','127.0.0.1';
2018-09-14 06:27:47 EXEC SPC_COM_DATA 'quypro','1','1';
2018-09-14 06:27:47 EXEC SPC_TRANSLATE_LST1 '1','quypro';
2018-09-14 06:27:48 EXEC SPC_COM_DATA 'quypro','1','1';
2018-09-14 06:27:48 EXEC SPC_TRANSLATE_LST2 'Hello','quypro','127.0.0.1';
2018-09-14 06:28:00 EXEC SPC_COM_DATA 'quypro','1','1';
2018-09-14 06:28:00 EXEC SPC_TRANSLATE_LST1 '3','quypro';
2018-09-14 06:28:00 EXEC SPC_COM_DATA 'quypro','1','1';
2018-09-14 06:28:00 EXEC SPC_TRANSLATE_LST2 'kingdom','quypro','127.0.0.1';
2018-09-14 06:29:48 EXEC SPC_COM_DATA 'quypro','1','1';
2018-09-14 06:29:48 EXEC SPC_TRANSLATE_LST3 'kingdom';
2018-09-14 06:32:36 EXEC SPC_COM_DATA 'quypro','1','1';
2018-09-14 06:32:36 EXEC SPC_TRANSLATE_LST1 '3','quypro';
2018-09-14 06:32:37 EXEC SPC_COM_DATA 'quypro','1','1';
2018-09-14 06:32:37 EXEC SPC_TRANSLATE_LST2 'kingdom','quypro','127.0.0.1';
2018-09-14 06:45:32 EXEC SPC_COM_DATA 'quypro','1','1';
2018-09-14 06:45:32 EXEC SPC_TRANSLATE_LST1 '1','quypro';
2018-09-14 06:45:32 EXEC SPC_COM_DATA 'quypro','1','1';
2018-09-14 06:45:32 EXEC SPC_TRANSLATE_LST2 'Hello','quypro','127.0.0.1';
2018-09-14 06:47:14 EXEC SPC_COM_DATA 'quypro','1','1';
2018-09-14 06:47:14 EXEC SPC_TRANSLATE_LST1 '1','quypro';
2018-09-14 06:47:15 EXEC SPC_COM_DATA 'quypro','1','1';
2018-09-14 06:47:15 EXEC SPC_TRANSLATE_LST2 'Hello','quypro','127.0.0.1';
2018-09-14 06:47:20 EXEC SPC_COM_DATA 'quypro','1','1';
2018-09-14 06:47:20 EXEC SPC_TRANSLATE_LST3 'Hello';
2018-09-14 06:47:23 EXEC SPC_COM_DATA 'quypro','1','1';
2018-09-14 06:47:23 EXEC SPC_TRANSLATE_LST3 'goal';
2018-09-14 06:47:24 EXEC SPC_COM_DATA 'quypro','1','1';
2018-09-14 06:47:24 EXEC SPC_TRANSLATE_LST2 'goal','quypro','127.0.0.1';
2018-09-14 06:47:24 EXEC SPC_COM_DATA 'quypro','1','1';
2018-09-14 06:47:24 EXEC SPC_TRANSLATE_LST2 'goal','quypro','127.0.0.1';
2018-09-14 07:14:25 EXEC SPC_COM_DATA 'quypro','1','1';
2018-09-14 07:14:25 EXEC SPC_TRANSLATE_LST1 '4','quypro';
2018-09-14 07:14:26 EXEC SPC_COM_DATA 'quypro','1','1';
2018-09-14 07:14:26 EXEC SPC_TRANSLATE_LST2 'goal','quypro','127.0.0.1';
2018-09-14 07:14:30 EXEC SPC_COM_DATA 'quypro','1','1';
2018-09-14 07:14:30 EXEC SPC_TRANSLATE_LST1 '4','quypro';
2018-09-14 07:14:31 EXEC SPC_COM_DATA 'quypro','1','1';
2018-09-14 07:14:31 EXEC SPC_TRANSLATE_LST2 'goal','quypro','127.0.0.1';
2018-09-14 07:14:53 EXEC SPC_COM_DATA 'quypro','1','1';
2018-09-14 07:14:53 EXEC SPC_TRANSLATE_LST3 'goal';
2018-09-14 07:14:58 EXEC SPC_COM_DATA 'quypro','1','1';
2018-09-14 07:14:58 EXEC SPC_TRANSLATE_LST3 'hel';
2018-09-14 07:14:59 EXEC SPC_COM_DATA 'quypro','1','1';
2018-09-14 07:14:59 EXEC SPC_TRANSLATE_LST2 'Hello','quypro','127.0.0.1';
2018-09-14 07:14:59 EXEC SPC_COM_DATA 'quypro','1','1';
2018-09-14 07:14:59 EXEC SPC_TRANSLATE_LST2 'Hello','quypro','127.0.0.1';
2018-09-14 07:15:02 EXEC SPC_COM_DATA 'quypro','1','1';
2018-09-14 07:15:02 EXEC SPC_TRANSLATE_LST1 '1','quypro';
2018-09-14 07:15:03 EXEC SPC_COM_DATA 'quypro','1','1';
2018-09-14 07:15:03 EXEC SPC_TRANSLATE_LST2 'Hello','quypro','127.0.0.1';
2018-09-14 07:23:54 EXEC SPC_COM_DATA 'quypro','1','1';
2018-09-14 07:23:54 EXEC SPC_TRANSLATE_LST1 '1','quypro';
2018-09-14 07:23:55 EXEC SPC_COM_DATA 'quypro','1','1';
2018-09-14 07:23:55 EXEC SPC_TRANSLATE_LST2 'Hello','quypro','127.0.0.1';
2018-09-14 07:24:01 EXEC SPC_COM_DATA 'quypro','1','1';
2018-09-14 07:24:01 EXEC SPC_TRANSLATE_LST1 '1','quypro';
2018-09-14 07:24:02 EXEC SPC_COM_DATA 'quypro','1','1';
2018-09-14 07:24:02 EXEC SPC_TRANSLATE_LST2 'Hello','quypro','127.0.0.1';
2018-09-14 07:24:19 EXEC SPC_COM_DATA 'quypro','1','1';
2018-09-14 07:24:19 EXEC SPC_TRANSLATE_LST3 'Hello';
2018-09-14 07:24:23 EXEC SPC_COM_DATA 'quypro','1','1';
2018-09-14 07:24:23 EXEC SPC_TRANSLATE_LST3 'kin';
2018-09-14 07:24:24 EXEC SPC_COM_DATA 'quypro','1','1';
2018-09-14 07:24:24 EXEC SPC_TRANSLATE_LST2 'kingdom','quypro','127.0.0.1';
2018-09-14 07:24:24 EXEC SPC_COM_DATA 'quypro','1','1';
2018-09-14 07:24:24 EXEC SPC_TRANSLATE_LST2 'kingdom','quypro','127.0.0.1';
2018-09-14 07:24:32 EXEC SPC_COM_DATA 'quypro','1','1';
2018-09-14 07:24:32 EXEC SPC_TRANSLATE_LST1 '3','quypro';
2018-09-14 07:24:33 EXEC SPC_COM_DATA 'quypro','1','1';
2018-09-14 07:24:33 EXEC SPC_TRANSLATE_LST2 'kingdom','quypro','127.0.0.1';
2018-09-14 07:25:07 EXEC SPC_COM_DATA 'quypro','1','1';
2018-09-14 07:25:07 EXEC SPC_TRANSLATE_LST1 '3','quypro';
2018-09-14 07:25:08 EXEC SPC_COM_DATA 'quypro','1','1';
2018-09-14 07:25:08 EXEC SPC_TRANSLATE_LST2 'kingdom','quypro','127.0.0.1';
2018-09-14 07:25:38 EXEC SPC_COM_DATA 'quypro','1','1';
2018-09-14 07:25:38 EXEC SPC_TRANSLATE_LST1 '3','quypro';
2018-09-14 07:25:38 EXEC SPC_COM_DATA 'quypro','1','1';
2018-09-14 07:25:38 EXEC SPC_TRANSLATE_LST2 'kingdom','quypro','127.0.0.1';
2018-09-14 07:25:39 EXEC SPC_COM_DATA 'quypro','1','1';
2018-09-14 07:25:39 EXEC SPC_TRANSLATE_LST3 'kingdom';
2018-09-14 07:25:40 EXEC SPC_COM_DATA 'quypro','1','1';
2018-09-14 07:25:40 EXEC SPC_TRANSLATE_LST2 'kingdom','quypro','127.0.0.1';
2018-09-14 07:25:43 EXEC SPC_COM_DATA 'quypro','1','1';
2018-09-14 07:25:43 EXEC SPC_TRANSLATE_LST3 'kingdom';
2018-09-14 07:25:44 EXEC SPC_COM_DATA 'quypro','1','1';
2018-09-14 07:25:44 EXEC SPC_TRANSLATE_LST2 'kingdom','quypro','127.0.0.1';
2018-09-14 07:25:52 EXEC SPC_COM_DATA 'quypro','1','1';
2018-09-14 07:25:52 EXEC SPC_TRANSLATE_LST3 'kingdom';
2018-09-14 07:29:42 EXEC SPC_COM_DATA 'quypro','1','1';
2018-09-14 07:29:42 EXEC SPC_TRANSLATE_LST1 '3','quypro';
2018-09-14 07:29:43 EXEC SPC_COM_DATA 'quypro','1','1';
2018-09-14 07:29:43 EXEC SPC_TRANSLATE_LST2 'kingdom','quypro','127.0.0.1';
2018-09-14 07:29:45 EXEC SPC_COM_DATA 'quypro','1','1';
2018-09-14 07:29:45 EXEC SPC_TRANSLATE_LST1 '3','quypro';
2018-09-14 07:29:46 EXEC SPC_COM_DATA 'quypro','1','1';
2018-09-14 07:29:46 EXEC SPC_TRANSLATE_LST2 'kingdom','quypro','127.0.0.1';
2018-09-14 07:29:47 EXEC SPC_COM_DATA 'quypro','1','1';
2018-09-14 07:29:47 EXEC SPC_TRANSLATE_LST3 'kingdom';
2018-09-14 07:29:48 EXEC SPC_COM_DATA 'quypro','1','1';
2018-09-14 07:29:48 EXEC SPC_TRANSLATE_LST2 'kingdom','quypro','127.0.0.1';
2018-09-14 07:29:52 EXEC SPC_COM_DATA 'quypro','1','1';
2018-09-14 07:29:52 EXEC SPC_TRANSLATE_LST3 'kingdom';
2018-09-14 07:29:53 EXEC SPC_COM_DATA 'quypro','1','1';
2018-09-14 07:29:53 EXEC SPC_TRANSLATE_LST2 'kingdom','quypro','127.0.0.1';
2018-09-14 07:29:57 EXEC SPC_COM_DATA 'quypro','1','1';
2018-09-14 07:29:57 EXEC SPC_TRANSLATE_LST3 'kingdom';
2018-09-14 07:29:58 EXEC SPC_COM_DATA 'quypro','1','1';
2018-09-14 07:29:58 EXEC SPC_TRANSLATE_LST2 'kingdom','quypro','127.0.0.1';
2018-09-14 07:30:01 EXEC SPC_COM_DATA 'quypro','1','1';
2018-09-14 07:30:01 EXEC SPC_TRANSLATE_LST3 'kingdom';
2018-09-14 07:30:02 EXEC SPC_COM_DATA 'quypro','1','1';
2018-09-14 07:30:02 EXEC SPC_TRANSLATE_LST2 'kingdom','quypro','127.0.0.1';
2018-09-14 07:30:17 EXEC SPC_COM_DATA 'quypro','1','1';
2018-09-14 07:30:17 EXEC SPC_TRANSLATE_LST3 'kingdom';
2018-09-14 07:30:23 EXEC SPC_COM_DATA 'quypro','1','1';
2018-09-14 07:30:23 EXEC SPC_TRANSLATE_LST3 'goal';
2018-09-14 07:30:24 EXEC SPC_COM_DATA 'quypro','1','1';
2018-09-14 07:30:24 EXEC SPC_TRANSLATE_LST2 'goal','quypro','127.0.0.1';
2018-09-14 07:30:44 EXEC SPC_COM_DATA 'quypro','1','1';
2018-09-14 07:30:44 EXEC SPC_TRANSLATE_LST3 'goal';
2018-09-14 07:30:52 EXEC SPC_COM_DATA 'quypro','1','1';
2018-09-14 07:30:52 EXEC SPC_TRANSLATE_LST3 'kin';
2018-09-14 07:30:53 EXEC SPC_COM_DATA 'quypro','1','1';
2018-09-14 07:30:53 EXEC SPC_TRANSLATE_LST2 'king','quypro','127.0.0.1';
2018-09-14 07:30:58 EXEC SPC_COM_DATA 'quypro','1','1';
2018-09-14 07:30:58 EXEC SPC_TRANSLATE_LST3 'king';
2018-09-14 07:31:00 EXEC SPC_COM_DATA 'quypro','1','1';
2018-09-14 07:31:00 EXEC SPC_TRANSLATE_LST2 'kingdom','quypro','127.0.0.1';
2018-09-14 07:31:03 EXEC SPC_COM_DATA 'quypro','1','1';
2018-09-14 07:31:03 EXEC SPC_TRANSLATE_LST3 'kingdom';
2018-09-14 07:31:05 EXEC SPC_COM_DATA 'quypro','1','1';
2018-09-14 07:31:05 EXEC SPC_TRANSLATE_LST3 'kin';
2018-09-14 07:31:11 EXEC SPC_COM_DATA 'quypro','1','1';
2018-09-14 07:31:11 EXEC SPC_TRANSLATE_LST3 'hel';
2018-09-14 07:31:12 EXEC SPC_COM_DATA 'quypro','1','1';
2018-09-14 07:31:12 EXEC SPC_TRANSLATE_LST2 'Hello','quypro','127.0.0.1';
2018-09-14 07:31:19 EXEC SPC_COM_DATA 'quypro','1','1';
2018-09-14 07:31:19 EXEC SPC_TRANSLATE_LST3 'Hello';
2018-09-14 07:31:22 EXEC SPC_COM_DATA 'quypro','1','1';
2018-09-14 07:31:22 EXEC SPC_TRANSLATE_LST3 'kin';
2018-09-14 07:31:23 EXEC SPC_COM_DATA 'quypro','1','1';
2018-09-14 07:31:23 EXEC SPC_TRANSLATE_LST2 'kingdom','quypro','127.0.0.1';
2018-09-14 07:36:08 EXEC SPC_COM_DATA 'quypro','1','1';
2018-09-14 07:36:08 EXEC SPC_TRANSLATE_LST1 '3','quypro';
2018-09-14 07:36:09 EXEC SPC_COM_DATA 'quypro','1','1';
2018-09-14 07:36:09 EXEC SPC_TRANSLATE_LST2 'kingdom','quypro','127.0.0.1';
2018-09-14 07:36:26 EXEC SPC_COM_DATA 'quypro','1','1';
2018-09-14 07:36:26 EXEC SPC_TRANSLATE_LST1 '3','quypro';
2018-09-14 07:36:27 EXEC SPC_COM_DATA 'quypro','1','1';
2018-09-14 07:36:27 EXEC SPC_TRANSLATE_LST2 'kingdom','quypro','127.0.0.1';
2018-09-14 07:37:19 EXEC SPC_COM_DATA '','','';
2018-09-14 07:37:23 EXEC SPC_COM_DATA '','','';
2018-09-14 07:37:23 EXEC SPC_TRANSLATE_LST1 '','';
2018-09-14 07:38:37 EXEC SPC_COM_DATA 'quypro','1','1';
2018-09-14 07:38:37 EXEC SPC_TRANSLATE_LST3 'kingdom';
2018-09-14 07:38:51 EXEC SPC_COM_DATA 'quypro','1','1';
2018-09-14 07:38:52 EXEC SPC_TRANSLATE_LST3 'kingdo';
2018-09-14 07:39:04 EXEC SPC_COM_DATA 'quypro','1','1';
2018-09-14 07:39:04 EXEC SPC_TRANSLATE_LST3 'goa';
2018-09-14 07:39:05 EXEC SPC_COM_DATA 'quypro','1','1';
2018-09-14 07:39:05 EXEC SPC_TRANSLATE_LST2 'goal','quypro','127.0.0.1';
2018-09-14 07:42:01 EXEC SPC_COM_DATA 'quypro','1','1';
2018-09-14 07:42:01 EXEC SPC_TRANSLATE_LST1 '1','quypro';
2018-09-14 07:42:02 EXEC SPC_COM_DATA 'quypro','1','1';
2018-09-14 07:42:02 EXEC SPC_TRANSLATE_LST2 'Hello','quypro','127.0.0.1';
2018-09-14 07:42:33 EXEC SPC_COM_DATA 'quypro','1','1';
2018-09-14 07:42:33 EXEC SPC_TRANSLATE_LST1 '1','quypro';
2018-09-14 07:42:34 EXEC SPC_COM_DATA 'quypro','1','1';
2018-09-14 07:42:34 EXEC SPC_TRANSLATE_LST2 'Hello','quypro','127.0.0.1';
2018-09-14 07:43:36 EXEC SPC_COM_DATA 'quypro','1','1';
2018-09-14 07:43:36 EXEC SPC_COM_MENU '1';
2018-09-14 07:43:37 EXEC SPC_COM_DATA 'quypro','1','1';
2018-09-14 07:43:37 EXEC SPC_COM_MENU '1';
2018-09-14 07:45:09 EXEC SPC_COM_DATA 'quypro','1','1';
2018-09-14 07:45:09 EXEC SPC_COM_MENU '1';
2018-09-14 07:45:14 EXEC SPC_COM_DATA 'quypro','1','1';
2018-09-14 07:45:14 EXEC SPC_COM_MENU '1';
2018-09-14 07:45:19 EXEC SPC_COM_DATA 'quypro','1','1';
2018-09-14 07:45:19 EXEC SPC_COM_MENU '1';
2018-09-14 07:45:21 EXEC SPC_COM_DATA 'quypro','1','1';
2018-09-14 07:45:21 EXEC SPC_VOCABULARY_LST1 '','quypro','2','3';
2018-09-14 07:45:22 EXEC SPC_COM_DATA 'quypro','1','1';
2018-09-14 07:45:22 EXEC SPC_VOCABULARY_LST2 '2','3','quypro';
2018-09-14 07:45:27 EXEC SPC_COM_DATA 'quypro','1','1';
2018-09-14 07:45:27 EXEC SPC_TRANSLATE_LST1 '','quypro';
2018-09-14 07:45:32 EXEC SPC_COM_DATA 'quypro','1','1';
2018-09-14 07:45:32 EXEC SPC_TRANSLATE_LST3 'hel';
2018-09-14 07:45:33 EXEC SPC_COM_DATA 'quypro','1','1';
2018-09-14 07:45:33 EXEC SPC_TRANSLATE_LST2 'Hello','quypro','127.0.0.1';
2018-09-14 07:46:25 EXEC SPC_COM_DATA 'quypro','1','1';
2018-09-14 07:46:25 EXEC SPC_TRANSLATE_LST1 '1','quypro';
2018-09-14 07:46:25 EXEC SPC_COM_DATA 'quypro','1','1';
2018-09-14 07:46:25 EXEC SPC_TRANSLATE_LST2 'Hello','quypro','127.0.0.1';
2018-09-14 07:46:40 EXEC SPC_COM_DATA 'quypro','1','1';
2018-09-14 07:46:40 EXEC SPC_TRANSLATE_LST1 '1','quypro';
2018-09-14 07:46:40 EXEC SPC_COM_DATA 'quypro','1','1';
2018-09-14 07:46:40 EXEC SPC_TRANSLATE_LST2 'Hello','quypro','127.0.0.1';
2018-09-14 07:46:49 EXEC SPC_COM_DATA 'quypro','1','1';
2018-09-14 07:46:49 EXEC SPC_COM_FORGET '1','1','2','quypro';
2018-09-14 07:46:53 EXEC SPC_COM_DATA 'quypro','1','1';
2018-09-14 07:46:53 EXEC SPC_COM_FORGET '1','1','2','quypro';
2018-09-14 07:47:12 EXEC SPC_COM_DATA 'quypro','1','1';
2018-09-14 07:47:12 EXEC SPC_COM_MENU '1';
2018-09-14 07:47:53 EXEC SPC_COM_DATA 'quypro','1','1';
2018-09-14 07:47:53 EXEC SPC_VOCABULARY_LST1 '','quypro','2','3';
2018-09-14 07:47:54 EXEC SPC_COM_DATA 'quypro','1','1';
2018-09-14 07:47:54 EXEC SPC_VOCABULARY_LST2 '2','3','quypro';
2018-09-14 07:48:19 EXEC SPC_COM_DATA 'quypro','1','1';
2018-09-14 07:48:19 EXEC SPC_TRANSLATE_LST1 '1','quypro';
2018-09-14 07:48:20 EXEC SPC_COM_DATA 'quypro','1','1';
2018-09-14 07:48:20 EXEC SPC_TRANSLATE_LST2 'Hello','quypro','127.0.0.1';
2018-09-14 07:49:03 EXEC SPC_COM_DATA 'quypro','1','1';
2018-09-14 07:49:03 EXEC SPC_TRANSLATE_LST1 '','quypro';
2018-09-14 07:49:47 EXEC SPC_COM_DATA 'quypro','1','1';
2018-09-14 07:49:47 EXEC SPC_TRANSLATE_LST1 '','quypro';
2018-09-14 07:49:55 EXEC SPC_COM_DATA 'quypro','1','1';
2018-09-14 07:49:55 EXEC SPC_TRANSLATE_LST3 'hel';
2018-09-14 07:49:57 EXEC SPC_COM_DATA 'quypro','1','1';
2018-09-14 07:49:57 EXEC SPC_TRANSLATE_LST2 'go','quypro','127.0.0.1';
2018-09-14 07:50:07 EXEC SPC_COM_DATA 'quypro','1','1';
2018-09-14 07:50:07 EXEC SPC_TRANSLATE_LST3 'hel';
2018-09-14 07:50:08 EXEC SPC_COM_DATA 'quypro','1','1';
2018-09-14 07:50:08 EXEC SPC_TRANSLATE_LST2 'Hello','quypro','127.0.0.1';
2018-09-14 07:50:16 EXEC SPC_COM_DATA 'quypro','1','1';
2018-09-14 07:50:16 EXEC SPC_TRANSLATE_LST3 'Hello';
2018-09-14 07:50:20 EXEC SPC_COM_DATA 'quypro','1','1';
2018-09-14 07:50:20 EXEC SPC_TRANSLATE_LST3 'king';
2018-09-14 07:50:26 EXEC SPC_COM_DATA 'quypro','1','1';
2018-09-14 07:50:26 EXEC SPC_TRANSLATE_LST2 'king','quypro','127.0.0.1';
2018-09-14 07:53:44 EXEC SPC_COM_DATA 'quypro','1','1';
2018-09-14 07:53:44 EXEC SPC_TRANSLATE_LST3 'king';
2018-09-14 07:53:45 EXEC SPC_COM_DATA 'quypro','1','1';
2018-09-14 07:53:45 EXEC SPC_TRANSLATE_LST2 'king','quypro','127.0.0.1';
2018-09-14 07:54:25 EXEC SPC_COM_DATA 'quypro','1','1';
2018-09-14 07:54:25 EXEC SPC_TRANSLATE_LST1 '3','quypro';
2018-09-14 07:54:25 EXEC SPC_COM_DATA 'quypro','1','1';
2018-09-14 07:54:25 EXEC SPC_TRANSLATE_LST2 'kingdom','quypro','127.0.0.1';
2018-09-14 07:54:33 EXEC SPC_COM_DATA 'quypro','1','1';
2018-09-14 07:54:33 EXEC SPC_TRANSLATE_LST1 '1','quypro';
2018-09-14 07:54:34 EXEC SPC_COM_DATA 'quypro','1','1';
2018-09-14 07:54:34 EXEC SPC_TRANSLATE_LST2 'Hello','quypro','127.0.0.1';
2018-09-14 07:54:46 EXEC SPC_COM_DATA 'quypro','1','1';
2018-09-14 07:54:46 EXEC SPC_TRANSLATE_LST3 'Hello';
2018-09-14 07:55:27 EXEC SPC_COM_DATA 'quypro','1','1';
2018-09-14 07:55:27 EXEC SPC_TRANSLATE_LST1 '1','quypro';
2018-09-14 07:55:27 EXEC SPC_COM_DATA 'quypro','1','1';
2018-09-14 07:55:27 EXEC SPC_TRANSLATE_LST2 'Hello','quypro','127.0.0.1';
2018-09-14 07:55:29 EXEC SPC_COM_DATA 'quypro','1','1';
2018-09-14 07:55:29 EXEC SPC_TRANSLATE_LST1 '','quypro';
2018-09-14 07:57:41 EXEC SPC_COM_DATA 'quypro','1','1';
2018-09-14 07:57:41 EXEC SPC_TRANSLATE_LST3 'hel';
2018-09-14 07:57:44 EXEC SPC_COM_DATA 'quypro','1','1';
2018-09-14 07:57:44 EXEC SPC_TRANSLATE_LST2 'Hello','quypro','127.0.0.1';
2018-09-14 07:58:10 EXEC SPC_COM_DATA 'quypro','1','1';
2018-09-14 07:58:10 EXEC SPC_TRANSLATE_LST3 'Hello';
2018-09-14 08:06:40 EXEC SPC_COM_DATA 'quypro','1','1';
2018-09-14 08:06:40 EXEC SPC_TRANSLATE_LST1 '1','quypro';
2018-09-14 08:06:41 EXEC SPC_COM_DATA 'quypro','1','1';
2018-09-14 08:06:41 EXEC SPC_TRANSLATE_LST2 'Hello','quypro','127.0.0.1';
2018-09-14 08:06:47 EXEC SPC_COM_DATA 'quypro','1','1';
2018-09-14 08:06:48 EXEC SPC_TRANSLATE_LST3 'Hello';
2018-09-14 08:06:49 EXEC SPC_COM_DATA 'quypro','1','1';
2018-09-14 08:06:49 EXEC SPC_TRANSLATE_LST3 'Hello';
2018-09-14 08:07:02 EXEC SPC_COM_DATA 'quypro','1','1';
2018-09-14 08:07:02 EXEC SPC_TRANSLATE_LST3 'Hello';
2018-09-14 08:08:24 EXEC SPC_COM_DATA 'quypro','1','1';
2018-09-14 08:08:24 EXEC SPC_TRANSLATE_LST1 '1','quypro';
2018-09-14 08:08:25 EXEC SPC_COM_DATA 'quypro','1','1';
2018-09-14 08:08:25 EXEC SPC_TRANSLATE_LST2 'Hello','quypro','127.0.0.1';
2018-09-14 08:11:58 EXEC SPC_COM_DATA 'quypro','1','1';
2018-09-14 08:11:58 EXEC SPC_TRANSLATE_LST1 '1','quypro';
2018-09-14 08:12:00 EXEC SPC_COM_DATA 'quypro','1','1';
2018-09-14 08:12:00 EXEC SPC_TRANSLATE_LST2 'Hello','quypro','127.0.0.1';
2018-09-14 08:12:02 EXEC SPC_COM_DATA 'quypro','1','1';
2018-09-14 08:12:02 EXEC SPC_TRANSLATE_LST3 'Hello';
2018-09-14 08:12:07 EXEC SPC_COM_DATA 'quypro','1','1';
2018-09-14 08:12:07 EXEC SPC_TRANSLATE_LST3 'Hello';
2018-09-14 08:12:08 EXEC SPC_COM_DATA 'quypro','1','1';
2018-09-14 08:12:08 EXEC SPC_TRANSLATE_LST3 'Hello';
2018-09-14 08:12:10 EXEC SPC_COM_DATA 'quypro','1','1';
2018-09-14 08:12:10 EXEC SPC_TRANSLATE_LST3 'Hello';
2018-09-14 08:12:14 EXEC SPC_COM_DATA 'quypro','1','1';
2018-09-14 08:12:14 EXEC SPC_TRANSLATE_LST3 'Hello';
2018-09-14 08:12:20 EXEC SPC_COM_DATA 'quypro','1','1';
2018-09-14 08:12:20 EXEC SPC_TRANSLATE_LST3 'Hello';
2018-09-14 08:12:33 EXEC SPC_COM_DATA 'quypro','1','1';
2018-09-14 08:12:33 EXEC SPC_TRANSLATE_LST3 'Hello';
2018-09-14 08:12:43 EXEC SPC_COM_DATA 'quypro','1','1';
2018-09-14 08:12:43 EXEC SPC_TRANSLATE_LST3 'Hello';
2018-09-14 08:12:48 EXEC SPC_COM_DATA 'quypro','1','1';
2018-09-14 08:12:48 EXEC SPC_TRANSLATE_LST3 'Helloa';
2018-09-14 08:12:54 EXEC SPC_COM_DATA 'quypro','1','1';
2018-09-14 08:12:54 EXEC SPC_TRANSLATE_LST3 'Helloaaaaaaaaaaaaaaaaaaaaaaaaaaaaaaaaaaaaaaaaaaaaaaaaaaaaaaaaaaaaaaaaaaaaaaaaaaaaaaaaaaaaaaaaaaaaaaaaaaaaaaaaaaaaaaaaaaaaaaaaaaaaaaaaaaaaa';
2018-09-14 08:20:54 EXEC SPC_COM_DATA 'quypro','1','1';
2018-09-14 08:20:54 EXEC SPC_TRANSLATE_LST1 '1','quypro';
2018-09-14 08:20:55 EXEC SPC_COM_DATA 'quypro','1','1';
2018-09-14 08:20:55 EXEC SPC_TRANSLATE_LST2 'Hello','quypro','127.0.0.1';
2018-09-14 08:23:43 EXEC SPC_COM_DATA 'quypro','1','1';
2018-09-14 08:23:43 EXEC SPC_TRANSLATE_LST1 '1','quypro';
2018-09-14 08:23:44 EXEC SPC_COM_DATA 'quypro','1','1';
2018-09-14 08:23:44 EXEC SPC_TRANSLATE_LST2 'Hello','quypro','127.0.0.1';
2018-09-14 08:26:16 EXEC SPC_COM_DATA 'quypro','1','1';
2018-09-14 08:26:16 EXEC SPC_TRANSLATE_LST1 '1','quypro';
2018-09-14 08:26:17 EXEC SPC_COM_DATA 'quypro','1','1';
2018-09-14 08:26:17 EXEC SPC_TRANSLATE_LST2 'Hello','quypro','127.0.0.1';
2018-09-14 08:26:50 EXEC SPC_COM_DATA 'quypro','1','1';
2018-09-14 08:26:50 EXEC SPC_TRANSLATE_LST1 '1','quypro';
2018-09-14 08:26:51 EXEC SPC_COM_DATA 'quypro','1','1';
2018-09-14 08:26:51 EXEC SPC_TRANSLATE_LST2 'Hello','quypro','127.0.0.1';
2018-09-14 08:26:58 EXEC SPC_COM_DATA 'quypro','1','1';
2018-09-14 08:26:58 EXEC SPC_TRANSLATE_LST3 'Hello';
2018-09-14 08:27:10 EXEC SPC_COM_DATA 'quypro','1','1';
2018-09-14 08:27:10 EXEC SPC_TRANSLATE_LST3 'Hello';
2018-09-14 08:27:12 EXEC SPC_COM_DATA 'quypro','1','1';
2018-09-14 08:27:12 EXEC SPC_TRANSLATE_LST1 '1','quypro';
2018-09-14 08:27:13 EXEC SPC_COM_DATA 'quypro','1','1';
2018-09-14 08:27:13 EXEC SPC_TRANSLATE_LST2 'Hello','quypro','127.0.0.1';
2018-09-14 08:27:18 EXEC SPC_COM_DATA 'quypro','1','1';
2018-09-14 08:27:18 EXEC SPC_TRANSLATE_LST3 'Hello';
2018-09-14 08:27:24 EXEC SPC_COM_DATA 'quypro','1','1';
2018-09-14 08:27:24 EXEC SPC_TRANSLATE_LST3 'Hello';
2018-09-14 08:27:24 EXEC SPC_COM_DATA 'quypro','1','1';
2018-09-14 08:27:24 EXEC SPC_TRANSLATE_LST1 '1','quypro';
2018-09-14 08:27:25 EXEC SPC_COM_DATA 'quypro','1','1';
2018-09-14 08:27:25 EXEC SPC_TRANSLATE_LST2 'Hello','quypro','127.0.0.1';
2018-09-14 08:27:26 EXEC SPC_COM_DATA 'quypro','1','1';
2018-09-14 08:27:26 EXEC SPC_TRANSLATE_LST3 'Hello';
2018-09-14 08:27:37 EXEC SPC_COM_DATA 'quypro','1','1';
2018-09-14 08:27:37 EXEC SPC_TRANSLATE_LST3 'Hello';
2018-09-14 08:27:37 EXEC SPC_COM_DATA 'quypro','1','1';
2018-09-14 08:27:38 EXEC SPC_TRANSLATE_LST1 '1','quypro';
2018-09-14 08:27:38 EXEC SPC_COM_DATA 'quypro','1','1';
2018-09-14 08:27:38 EXEC SPC_TRANSLATE_LST2 'Hello','quypro','127.0.0.1';
2018-09-14 08:27:55 EXEC SPC_COM_DATA 'quypro','1','1';
2018-09-14 08:27:55 EXEC SPC_TRANSLATE_LST1 '1','quypro';
2018-09-14 08:27:56 EXEC SPC_COM_DATA 'quypro','1','1';
2018-09-14 08:27:56 EXEC SPC_TRANSLATE_LST2 'Hello','quypro','127.0.0.1';
2018-09-14 08:28:07 EXEC SPC_COM_DATA 'quypro','1','1';
2018-09-14 08:28:07 EXEC SPC_TRANSLATE_LST3 'Hello';
2018-09-14 08:28:09 EXEC SPC_COM_DATA 'quypro','1','1';
2018-09-14 08:28:09 EXEC SPC_TRANSLATE_LST3 'Hello';
2018-09-14 08:28:11 EXEC SPC_COM_DATA 'quypro','1','1';
2018-09-14 08:28:11 EXEC SPC_TRANSLATE_LST3 'Hello';
2018-09-14 08:28:12 EXEC SPC_COM_DATA 'quypro','1','1';
2018-09-14 08:28:12 EXEC SPC_TRANSLATE_LST3 'Hello';
2018-09-14 08:28:13 EXEC SPC_COM_DATA 'quypro','1','1';
2018-09-14 08:28:13 EXEC SPC_TRANSLATE_LST3 'Hello';
2018-09-14 08:28:14 EXEC SPC_COM_DATA 'quypro','1','1';
2018-09-14 08:28:14 EXEC SPC_TRANSLATE_LST3 'Hello';
2018-09-14 08:28:15 EXEC SPC_COM_DATA 'quypro','1','1';
2018-09-14 08:28:15 EXEC SPC_TRANSLATE_LST3 'Hello';
2018-09-14 08:28:29 EXEC SPC_COM_DATA 'quypro','1','1';
2018-09-14 08:28:29 EXEC SPC_TRANSLATE_LST1 '1','quypro';
2018-09-14 08:28:30 EXEC SPC_COM_DATA 'quypro','1','1';
2018-09-14 08:28:30 EXEC SPC_TRANSLATE_LST2 'Hello','quypro','127.0.0.1';
2018-09-14 08:28:36 EXEC SPC_COM_DATA 'quypro','1','1';
2018-09-14 08:28:36 EXEC SPC_TRANSLATE_LST1 '1','quypro';
2018-09-14 08:28:37 EXEC SPC_COM_DATA 'quypro','1','1';
2018-09-14 08:28:37 EXEC SPC_TRANSLATE_LST2 'Hello','quypro','127.0.0.1';
2018-09-14 08:29:03 EXEC SPC_COM_DATA 'quypro','1','1';
2018-09-14 08:29:03 EXEC SPC_TRANSLATE_LST1 '1','quypro';
2018-09-14 08:29:04 EXEC SPC_COM_DATA 'quypro','1','1';
2018-09-14 08:29:04 EXEC SPC_TRANSLATE_LST2 'Hello','quypro','127.0.0.1';
2018-09-14 08:29:14 EXEC SPC_COM_DATA 'quypro','1','1';
2018-09-14 08:29:14 EXEC SPC_TRANSLATE_LST3 'Hello';
2018-09-14 08:29:19 EXEC SPC_COM_DATA 'quypro','1','1';
2018-09-14 08:29:19 EXEC SPC_TRANSLATE_LST3 'Hello';
2018-09-14 08:29:22 EXEC SPC_COM_DATA 'quypro','1','1';
2018-09-14 08:29:22 EXEC SPC_TRANSLATE_LST3 'Hello';
2018-09-14 08:29:38 EXEC SPC_COM_DATA 'quypro','1','1';
2018-09-14 08:29:38 EXEC SPC_TRANSLATE_LST3 'Hello';
2018-09-14 08:30:02 EXEC SPC_COM_DATA 'quypro','1','1';
2018-09-14 08:30:03 EXEC SPC_TRANSLATE_LST3 'Hello';
2018-09-14 08:30:03 EXEC SPC_COM_DATA 'quypro','1','1';
2018-09-14 08:30:03 EXEC SPC_TRANSLATE_LST1 '1','quypro';
2018-09-14 08:30:04 EXEC SPC_COM_DATA 'quypro','1','1';
2018-09-14 08:30:04 EXEC SPC_TRANSLATE_LST2 'Hello','quypro','127.0.0.1';
2018-09-14 08:30:05 EXEC SPC_COM_DATA 'quypro','1','1';
2018-09-14 08:30:05 EXEC SPC_TRANSLATE_LST3 'Hello';
2018-09-14 08:30:11 EXEC SPC_COM_DATA 'quypro','1','1';
2018-09-14 08:30:11 EXEC SPC_TRANSLATE_LST3 'ｈｈｈｈｈｈｈｈｈｈｈｈｈｈｈｈｈｈｈｈｈｈｈｈｈｈｈｈｈｈｈｈｈｈｈｈｈｈｈｈｈｈｈｈｈｈｈｈｈｈｈｈｈｈｈｈｈｈｈｈｈｈｈｈｈｈｈｈｈｈｈｈｈｈｈｈｈｈｈｈｈｈｈｈｈｈｈｈｈｈｈ';
2018-09-14 08:37:12 EXEC SPC_COM_DATA 'quypro','1','1';
2018-09-14 08:37:12 EXEC SPC_TRANSLATE_LST1 '1','quypro';
2018-09-14 08:37:13 EXEC SPC_COM_DATA 'quypro','1','1';
2018-09-14 08:37:13 EXEC SPC_TRANSLATE_LST2 'Hello','quypro','127.0.0.1';
2018-09-14 08:38:07 EXEC SPC_COM_DATA 'quypro','1','1';
2018-09-14 08:38:07 EXEC SPC_TRANSLATE_LST1 '1','quypro';
2018-09-14 08:38:08 EXEC SPC_COM_DATA 'quypro','1','1';
2018-09-14 08:38:08 EXEC SPC_TRANSLATE_LST2 'Hello','quypro','127.0.0.1';
2018-09-14 08:38:17 EXEC SPC_COM_DATA 'quypro','1','1';
2018-09-14 08:38:17 EXEC SPC_TRANSLATE_LST1 '1','quypro';
2018-09-14 08:38:18 EXEC SPC_COM_DATA 'quypro','1','1';
2018-09-14 08:38:18 EXEC SPC_TRANSLATE_LST2 'Hello','quypro','127.0.0.1';
2018-09-14 08:38:35 EXEC SPC_COM_DATA 'quypro','1','1';
2018-09-14 08:38:35 EXEC SPC_TRANSLATE_LST3 'Hello';
2018-09-14 08:39:12 EXEC SPC_COM_DATA 'quypro','1','1';
2018-09-14 08:39:12 EXEC SPC_TRANSLATE_LST3 'Hello';
2018-09-14 08:39:12 EXEC SPC_COM_DATA 'quypro','1','1';
2018-09-14 08:39:12 EXEC SPC_TRANSLATE_LST1 '1','quypro';
2018-09-14 08:39:13 EXEC SPC_COM_DATA 'quypro','1','1';
2018-09-14 08:39:13 EXEC SPC_TRANSLATE_LST2 'Hello','quypro','127.0.0.1';
2018-09-14 08:39:22 EXEC SPC_COM_DATA 'quypro','1','1';
2018-09-14 08:39:22 EXEC SPC_TRANSLATE_LST1 '1','quypro';
2018-09-14 08:39:23 EXEC SPC_COM_DATA 'quypro','1','1';
2018-09-14 08:39:23 EXEC SPC_TRANSLATE_LST2 'Hello','quypro','127.0.0.1';
2018-09-14 08:40:41 EXEC SPC_COM_DATA 'quypro','1','1';
2018-09-14 08:40:41 EXEC SPC_TRANSLATE_LST1 '1','quypro';
2018-09-14 08:40:42 EXEC SPC_COM_DATA 'quypro','1','1';
2018-09-14 08:40:42 EXEC SPC_TRANSLATE_LST2 'Hello','quypro','127.0.0.1';
2018-09-14 08:41:05 EXEC SPC_COM_DATA 'quypro','1','1';
2018-09-14 08:41:05 EXEC SPC_TRANSLATE_LST1 '1','quypro';
2018-09-14 08:41:06 EXEC SPC_COM_DATA 'quypro','1','1';
2018-09-14 08:41:06 EXEC SPC_TRANSLATE_LST2 'Hello','quypro','127.0.0.1';
2018-09-14 08:41:09 EXEC SPC_COM_DATA 'quypro','1','1';
2018-09-14 08:41:09 EXEC SPC_TRANSLATE_LST3 'Hello';
2018-09-14 08:42:42 EXEC SPC_COM_DATA 'quypro','1','1';
2018-09-14 08:42:42 EXEC SPC_COM_DATA 'quypro','1','1';
2018-09-14 08:42:42 EXEC SPC_TRANSLATE_LST1 '1','quypro';
2018-09-14 08:42:42 EXEC SPC_TRANSLATE_LST3 'Hello';
2018-09-14 08:42:43 EXEC SPC_COM_DATA 'quypro','1','1';
2018-09-14 08:42:43 EXEC SPC_TRANSLATE_LST2 'Hello','quypro','127.0.0.1';
2018-09-14 08:43:21 EXEC SPC_COM_DATA 'quypro','1','1';
2018-09-14 08:43:21 EXEC SPC_TRANSLATE_LST1 '1','quypro';
2018-09-14 08:43:22 EXEC SPC_COM_DATA 'quypro','1','1';
2018-09-14 08:43:22 EXEC SPC_TRANSLATE_LST2 'Hello','quypro','127.0.0.1';
2018-09-14 08:46:44 EXEC SPC_COM_DATA 'quypro','1','1';
2018-09-14 08:46:44 EXEC SPC_TRANSLATE_LST1 '1','quypro';
2018-09-14 08:46:45 EXEC SPC_COM_DATA 'quypro','1','1';
2018-09-14 08:46:45 EXEC SPC_TRANSLATE_LST2 'Hello','quypro','127.0.0.1';
2018-09-14 08:46:50 EXEC SPC_COM_DATA 'quypro','1','1';
2018-09-14 08:46:50 EXEC SPC_TRANSLATE_LST3 'Hello';
2018-09-14 08:47:15 EXEC SPC_COM_DATA 'quypro','1','1';
2018-09-14 08:47:15 EXEC SPC_TRANSLATE_LST3 'Hello';
2018-09-14 08:47:15 EXEC SPC_COM_DATA 'quypro','1','1';
2018-09-14 08:47:15 EXEC SPC_TRANSLATE_LST1 '1','quypro';
2018-09-14 08:47:16 EXEC SPC_COM_DATA 'quypro','1','1';
2018-09-14 08:47:16 EXEC SPC_TRANSLATE_LST2 'Hello','quypro','127.0.0.1';
2018-09-14 08:47:50 EXEC SPC_COM_DATA 'quypro','1','1';
2018-09-14 08:47:50 EXEC SPC_TRANSLATE_LST1 '1','quypro';
2018-09-14 08:47:51 EXEC SPC_COM_DATA 'quypro','1','1';
2018-09-14 08:47:51 EXEC SPC_TRANSLATE_LST2 'Hello','quypro','127.0.0.1';
2018-09-14 08:48:09 EXEC SPC_COM_DATA 'quypro','1','1';
2018-09-14 08:48:09 EXEC SPC_TRANSLATE_LST1 '1','quypro';
2018-09-14 08:48:10 EXEC SPC_COM_DATA 'quypro','1','1';
2018-09-14 08:48:10 EXEC SPC_TRANSLATE_LST2 'Hello','quypro','127.0.0.1';
2018-09-14 08:48:16 EXEC SPC_COM_DATA 'quypro','1','1';
2018-09-14 08:48:16 EXEC SPC_TRANSLATE_LST1 '1','quypro';
2018-09-14 08:48:17 EXEC SPC_COM_DATA 'quypro','1','1';
2018-09-14 08:48:17 EXEC SPC_TRANSLATE_LST2 'Hello','quypro','127.0.0.1';
2018-09-14 08:48:44 EXEC SPC_COM_DATA 'quypro','1','1';
2018-09-14 08:48:44 EXEC SPC_TRANSLATE_LST1 '1','quypro';
2018-09-14 08:48:45 EXEC SPC_COM_DATA 'quypro','1','1';
2018-09-14 08:48:45 EXEC SPC_TRANSLATE_LST2 'Hello','quypro','127.0.0.1';
2018-09-14 09:44:46 EXEC SPC_COM_DATA 'quypro','1','1';
2018-09-14 09:44:46 EXEC SPC_TRANSLATE_LST1 '1','quypro';
2018-09-14 09:44:49 EXEC SPC_COM_DATA 'quypro','1','1';
2018-09-14 09:44:49 EXEC SPC_TRANSLATE_LST2 'Hello','quypro','127.0.0.1';
2018-09-14 09:45:17 EXEC SPC_COM_DATA 'quypro','1','1';
2018-09-14 09:45:17 EXEC SPC_TRANSLATE_LST1 '1','quypro';
2018-09-14 09:45:18 EXEC SPC_COM_DATA 'quypro','1','1';
2018-09-14 09:45:18 EXEC SPC_TRANSLATE_LST2 'Hello','quypro','127.0.0.1';
2018-09-14 09:45:22 EXEC SPC_COM_DATA 'quypro','1','1';
2018-09-14 09:45:22 EXEC SPC_TRANSLATE_LST3 'Hello';
2018-09-14 09:45:36 EXEC SPC_COM_DATA 'quypro','1','1';
2018-09-14 09:45:36 EXEC SPC_VOCABULARY_LST1 '','quypro','2','3';
2018-09-14 09:45:37 EXEC SPC_COM_DATA 'quypro','1','1';
2018-09-14 09:45:37 EXEC SPC_VOCABULARY_LST2 '2','3','quypro';
2018-09-14 09:45:45 EXEC SPC_COM_DATA 'quypro','1','1';
2018-09-14 09:45:45 EXEC SPC_VOCABULARY_LST2 '3','5','quypro';
2018-09-14 09:45:53 EXEC SPC_COM_DATA 'quypro','1','1';
2018-09-14 09:45:53 EXEC SPC_TRANSLATE_LST1 '4','quypro';
2018-09-14 09:45:54 EXEC SPC_COM_DATA 'quypro','1','1';
2018-09-14 09:45:55 EXEC SPC_TRANSLATE_LST2 'goal','quypro','127.0.0.1';
2018-09-14 09:46:09 EXEC SPC_COM_DATA 'quypro','1','1';
2018-09-14 09:46:09 EXEC SPC_TRANSLATE_LST3 'goal';
2018-09-14 09:46:16 EXEC SPC_COM_DATA 'quypro','1','1';
2018-09-14 09:46:16 EXEC SPC_TRANSLATE_LST3 'goal';
2018-09-14 09:46:20 EXEC SPC_COM_DATA 'quypro','1','1';
2018-09-14 09:46:20 EXEC SPC_TRANSLATE_LST3 'goalghhhhhhhhhhhhhhhhhhhhhhhhhhhhhhhhh';
2018-09-14 09:46:37 EXEC SPC_COM_DATA 'quypro','1','1';
2018-09-14 09:46:37 EXEC SPC_TRANSLATE_LST1 '4','quypro';
2018-09-14 09:46:38 EXEC SPC_COM_DATA 'quypro','1','1';
2018-09-14 09:46:38 EXEC SPC_TRANSLATE_LST2 'goal','quypro','127.0.0.1';
2018-09-14 09:46:53 EXEC SPC_COM_DATA 'quypro','1','1';
2018-09-14 09:46:53 EXEC SPC_TRANSLATE_LST3 'goal';
2018-09-14 09:46:58 EXEC SPC_COM_DATA 'quypro','1','1';
2018-09-14 09:46:58 EXEC SPC_TRANSLATE_LST3 'goalhhhhhhhhhhhhhhhhhhhhhhhhhhh';
2018-09-14 09:48:09 EXEC SPC_COM_DATA 'quypro','1','1';
2018-09-14 09:48:09 EXEC SPC_TRANSLATE_LST1 '4','quypro';
2018-09-14 09:48:10 EXEC SPC_COM_DATA 'quypro','1','1';
2018-09-14 09:48:10 EXEC SPC_TRANSLATE_LST2 'goal','quypro','127.0.0.1';
2018-09-14 09:48:11 EXEC SPC_COM_DATA 'quypro','1','1';
2018-09-14 09:48:11 EXEC SPC_TRANSLATE_LST3 'goal';
2018-09-14 09:48:12 EXEC SPC_COM_DATA 'quypro','1','1';
2018-09-14 09:48:12 EXEC SPC_TRANSLATE_LST3 'goala';
2018-09-14 09:48:16 EXEC SPC_COM_DATA 'quypro','1','1';
2018-09-14 09:48:16 EXEC SPC_TRANSLATE_LST3 'goalaaaaaaaaaaaaaaaaaaaaaaaaaaaaaaaaaaaaaaaaa';
2018-09-14 09:48:17 EXEC SPC_COM_DATA 'quypro','1','1';
2018-09-14 09:48:17 EXEC SPC_TRANSLATE_LST3 'goalaaaaaaaaaaaaaaaaaaaaaaaaaaaaaaaaaaaaaaaa';
2018-09-14 09:48:32 EXEC SPC_COM_DATA 'quypro','1','1';
2018-09-14 09:48:32 EXEC SPC_TRANSLATE_LST1 '4','quypro';
2018-09-14 09:48:33 EXEC SPC_COM_DATA 'quypro','1','1';
2018-09-14 09:48:33 EXEC SPC_TRANSLATE_LST2 'goal','quypro','127.0.0.1';
2018-09-14 09:48:34 EXEC SPC_COM_DATA 'quypro','1','1';
2018-09-14 09:48:34 EXEC SPC_TRANSLATE_LST3 'goal';
2018-09-14 09:48:38 EXEC SPC_COM_DATA 'quypro','1','1';
2018-09-14 09:48:38 EXEC SPC_TRANSLATE_LST3 'goalaaaaaaaaaaaaaaaaaaaaaaaaaaaaaa';
2018-09-14 09:48:40 EXEC SPC_COM_DATA 'quypro','1','1';
2018-09-14 09:48:40 EXEC SPC_TRANSLATE_LST3 'goalaaaaaaaaaaaaaaaaaaaaaaaaaaaaaa';
2018-09-14 09:48:51 EXEC SPC_COM_DATA 'quypro','1','1';
2018-09-14 09:48:51 EXEC SPC_TRANSLATE_LST3 'jkhjhkkkkkkkkkkkkkkkkkkkkkkkkkkkkkkkkkkk';
2018-09-14 09:49:00 EXEC SPC_COM_DATA 'quypro','1','1';
2018-09-14 09:49:00 EXEC SPC_TRANSLATE_LST1 '4','quypro';
2018-09-14 09:49:01 EXEC SPC_COM_DATA 'quypro','1','1';
2018-09-14 09:49:01 EXEC SPC_TRANSLATE_LST2 'goal','quypro','127.0.0.1';
2018-09-14 09:49:02 EXEC SPC_COM_DATA 'quypro','1','1';
2018-09-14 09:49:02 EXEC SPC_TRANSLATE_LST3 'goal';
2018-09-14 09:49:05 EXEC SPC_COM_DATA 'quypro','1','1';
2018-09-14 09:49:05 EXEC SPC_TRANSLATE_LST3 'goalaaaaaaaaaaaaaaaaaaaaaaaaaaaa';
2018-09-14 09:49:07 EXEC SPC_COM_DATA 'quypro','1','1';
2018-09-14 09:49:07 EXEC SPC_TRANSLATE_LST3 'goalaaaaaaaaaaaaaaaaaaaaaaaaaaa';
2018-09-14 09:49:26 EXEC SPC_COM_DATA 'quypro','1','1';
2018-09-14 09:49:26 EXEC SPC_TRANSLATE_LST1 '1','quypro';
2018-09-14 09:49:27 EXEC SPC_COM_DATA 'quypro','1','1';
2018-09-14 09:49:27 EXEC SPC_TRANSLATE_LST2 'Hello','quypro','127.0.0.1';
2018-09-14 09:55:17 EXEC SPC_COM_DATA 'quypro','1','1';
2018-09-14 09:55:17 EXEC SPC_TRANSLATE_LST3 'Hello';
2018-09-14 09:55:26 EXEC SPC_COM_DATA 'quypro','1','1';
2018-09-14 09:55:26 EXEC SPC_TRANSLATE_LST3 'Hellop@';
2018-09-14 09:55:29 EXEC SPC_COM_DATA 'quypro','1','1';
2018-09-14 09:55:29 EXEC SPC_TRANSLATE_LST3 'Hellop@ppppppppppppppppppppppppp@@@@@@@@@@@@@';
2018-09-14 09:55:30 EXEC SPC_COM_DATA 'quypro','1','1';
2018-09-14 09:55:30 EXEC SPC_TRANSLATE_LST3 'Hellop@ppppppppppppppppppppppppp@@@@@@@@@@@@@';
2018-09-14 09:55:31 EXEC SPC_COM_DATA 'quypro','1','1';
2018-09-14 09:55:31 EXEC SPC_TRANSLATE_LST3 'Hellop@ppppppppppppppppppppppppp@@@@@@@@@@@@@';
2018-09-14 09:55:31 EXEC SPC_COM_DATA 'quypro','1','1';
2018-09-14 09:55:31 EXEC SPC_COM_DATA 'quypro','1','1';
2018-09-14 09:55:31 EXEC SPC_TRANSLATE_LST3 'Hellop@ppppppppppppppppppppppppp@@@@@@@@@@@@@';
2018-09-14 09:55:31 EXEC SPC_COM_DATA 'quypro','1','1';
2018-09-14 09:55:31 EXEC SPC_COM_DATA 'quypro','1','1';
2018-09-14 09:55:31 EXEC SPC_TRANSLATE_LST3 'Hellop@ppppppppppppppppppppppppp@@@@@@@@@@@@@';
2018-09-14 09:55:31 EXEC SPC_TRANSLATE_LST3 'Hellop@ppppppppppppppppppppppppp@@@@@@@@@@@@@';
2018-09-14 09:55:31 EXEC SPC_TRANSLATE_LST3 'Hellop@ppppppppppppppppppppppppp@@@@@@@@@@@@@';
2018-09-14 09:55:31 EXEC SPC_COM_DATA 'quypro','1','1';
2018-09-14 09:55:32 EXEC SPC_COM_DATA 'quypro','1','1';
2018-09-14 09:55:32 EXEC SPC_TRANSLATE_LST3 'Hellop@ppppppppppppppppppppppppp@@@@@@@@@@@@@';
2018-09-14 09:55:32 EXEC SPC_TRANSLATE_LST3 'Hellop@ppppppppppppppppppppppppp@@@@@@@@@@@@@';
2018-09-14 09:55:32 EXEC SPC_COM_DATA 'quypro','1','1';
2018-09-14 09:55:32 EXEC SPC_COM_DATA 'quypro','1','1';
2018-09-14 09:55:32 EXEC SPC_COM_DATA 'quypro','1','1';
2018-09-14 09:55:32 EXEC SPC_COM_DATA 'quypro','1','1';
2018-09-14 09:55:32 EXEC SPC_TRANSLATE_LST3 'Hellop@ppppppppppppppppppppppppp@@@@@@@@@@@@@';
2018-09-14 09:55:32 EXEC SPC_TRANSLATE_LST3 'Hellop@ppppppppppppppppppppppppp@@@@@@@@@@@@@';
2018-09-14 09:55:32 EXEC SPC_TRANSLATE_LST3 'Hellop@ppppppppppppppppppppppppp@@@@@@@@@@@@@';
2018-09-14 09:55:32 EXEC SPC_TRANSLATE_LST3 'Hellop@ppppppppppppppppppppppppp@@@@@@@@@@@@@';
2018-09-14 09:55:32 EXEC SPC_COM_DATA 'quypro','1','1';
2018-09-14 09:55:32 EXEC SPC_COM_DATA 'quypro','1','1';
2018-09-14 09:55:32 EXEC SPC_COM_DATA 'quypro','1','1';
2018-09-14 09:55:32 EXEC SPC_TRANSLATE_LST3 'Hellop@ppppppppppppppppppppppppp@@@@@@@@@@@@@';
2018-09-14 09:55:32 EXEC SPC_COM_DATA 'quypro','1','1';
2018-09-14 09:55:32 EXEC SPC_COM_DATA 'quypro','1','1';
2018-09-14 09:55:32 EXEC SPC_TRANSLATE_LST3 'Hellop@ppppppppppppppppppppppppp@@@@@@@@@@@@@';
2018-09-14 09:55:32 EXEC SPC_TRANSLATE_LST3 'Hellop@ppppppppppppppppppppppppp@@@@@@@@@@@@@';
2018-09-14 09:55:32 EXEC SPC_TRANSLATE_LST3 'Hellop@ppppppppppppppppppppppppp@@@@@@@@@@@@@';
2018-09-14 09:55:32 EXEC SPC_TRANSLATE_LST3 'Hellop@ppppppppppppppppppppppppp@@@@@@@@@@@@@';
2018-09-14 09:55:32 EXEC SPC_COM_DATA 'quypro','1','1';
2018-09-14 09:55:32 EXEC SPC_TRANSLATE_LST3 'Hellop@ppppppppppppppppppppppppp@@@@@@@@@@@@@';
2018-09-14 09:55:32 EXEC SPC_COM_DATA 'quypro','1','1';
2018-09-14 09:55:32 EXEC SPC_COM_DATA 'quypro','1','1';
2018-09-14 09:55:32 EXEC SPC_COM_DATA 'quypro','1','1';
2018-09-14 09:55:32 EXEC SPC_TRANSLATE_LST3 'Hellop@ppppppppppppppppppppppppp@@@@@@@@@@@@@';
2018-09-14 09:55:32 EXEC SPC_COM_DATA 'quypro','1','1';
2018-09-14 09:55:32 EXEC SPC_TRANSLATE_LST3 'Hellop@ppppppppppppppppppppppppp@@@@@@@@@@@@@';
2018-09-14 09:55:32 EXEC SPC_TRANSLATE_LST3 'Hellop@ppppppppppppppppppppppppp@@@@@@@@@@@@@';
2018-09-14 09:55:32 EXEC SPC_TRANSLATE_LST3 'Hellop@ppppppppppppppppppppppppp@@@@@@@@@@@@@';
2018-09-14 09:55:32 EXEC SPC_COM_DATA 'quypro','1','1';
2018-09-14 09:55:32 EXEC SPC_TRANSLATE_LST3 'Hellop@ppppppppppppppppppppppppp@@@@@@@@@@@@@';
2018-09-14 09:55:32 EXEC SPC_COM_DATA 'quypro','1','1';
2018-09-14 09:55:32 EXEC SPC_TRANSLATE_LST3 'Hellop@ppppppppppppppppppppppppp@@@@@@@@@@@@@';
2018-09-14 09:55:32 EXEC SPC_COM_DATA 'quypro','1','1';
2018-09-14 09:55:32 EXEC SPC_COM_DATA 'quypro','1','1';
2018-09-14 09:55:32 EXEC SPC_TRANSLATE_LST3 'Hellop@ppppppppppppppppppppppppp@@@@@@@@@@@@@';
2018-09-14 09:55:32 EXEC SPC_TRANSLATE_LST3 'Hellop@ppppppppppppppppppppppppp@@@@@@@@@@@@@';
2018-09-14 09:55:32 EXEC SPC_TRANSLATE_LST3 'Hellop@ppppppppppppppppppppppppp@@@@@@@@@@@@@';
2018-09-14 09:55:32 EXEC SPC_COM_DATA 'quypro','1','1';
2018-09-14 09:55:32 EXEC SPC_TRANSLATE_LST3 'Hellop@ppppppppppppppppppppppppp@@@@@@@@@@@@@';
2018-09-14 09:55:32 EXEC SPC_COM_DATA 'quypro','1','1';
2018-09-14 09:55:33 EXEC SPC_TRANSLATE_LST3 'Hellop@ppppppppppppppppppppppppp@@@@@@@@@@@@@';
2018-09-14 09:55:33 EXEC SPC_COM_DATA 'quypro','1','1';
2018-09-14 09:55:33 EXEC SPC_COM_DATA 'quypro','1','1';
2018-09-14 09:55:33 EXEC SPC_COM_DATA 'quypro','1','1';
2018-09-14 09:55:33 EXEC SPC_TRANSLATE_LST3 'Hellop@ppppppppppppppppppppppppp@@@@@@@@@@@@@';
2018-09-14 09:55:33 EXEC SPC_COM_DATA 'quypro','1','1';
2018-09-14 09:55:33 EXEC SPC_TRANSLATE_LST3 'Hellop@ppppppppppppppppppppppppp@@@@@@@@@@@@@';
2018-09-14 09:55:33 EXEC SPC_TRANSLATE_LST3 'Hellop@ppppppppppppppppppppppppp@@@@@@@@@@@@@';
2018-09-14 09:55:33 EXEC SPC_TRANSLATE_LST3 'Hellop@ppppppppppppppppppppppppp@@@@@@@@@@@@@';
2018-09-14 09:55:33 EXEC SPC_COM_DATA 'quypro','1','1';
2018-09-14 09:55:33 EXEC SPC_TRANSLATE_LST3 'Hellop@ppppppppppppppppppppppppp@@@@@@@@@@@@@';
2018-09-14 09:55:33 EXEC SPC_COM_DATA 'quypro','1','1';
2018-09-14 09:55:33 EXEC SPC_COM_DATA 'quypro','1','1';
2018-09-14 09:55:33 EXEC SPC_TRANSLATE_LST3 'Hellop@ppppppppppppppppppppppppp@@@@@@@@@@@@@';
2018-09-14 09:55:33 EXEC SPC_TRANSLATE_LST3 'Hellop@ppppppppppppppppppppppppp@@@@@@@@@@@@@';
2018-09-14 09:55:34 EXEC SPC_COM_DATA 'quypro','1','1';
2018-09-14 09:55:34 EXEC SPC_TRANSLATE_LST3 'Hellop@ppppppppppppppppppppppppp@@@@@@@@@@@@';
2018-09-14 09:57:29 EXEC SPC_COM_DATA 'quypro','1','1';
2018-09-14 09:57:29 EXEC SPC_TRANSLATE_LST3 'hello';
2018-09-14 09:57:30 EXEC SPC_COM_DATA 'quypro','1','1';
2018-09-14 09:57:30 EXEC SPC_TRANSLATE_LST2 'Hello','quypro','127.0.0.1';
2018-09-14 09:57:50 EXEC SPC_COM_DATA 'quypro','1','1';
2018-09-14 09:57:50 EXEC SPC_TRANSLATE_LST1 '1','quypro';
2018-09-14 09:57:51 EXEC SPC_COM_DATA 'quypro','1','1';
2018-09-14 09:57:51 EXEC SPC_TRANSLATE_LST2 'Hello','quypro','127.0.0.1';
2018-09-14 09:57:53 EXEC SPC_COM_DATA 'quypro','1','1';
2018-09-14 09:57:53 EXEC SPC_TRANSLATE_LST3 'Hello';
2018-09-14 09:57:54 EXEC SPC_COM_DATA 'quypro','1','1';
2018-09-14 09:57:54 EXEC SPC_TRANSLATE_LST2 'Hello','quypro','127.0.0.1';
2018-09-14 09:57:55 EXEC SPC_COM_DATA 'quypro','1','1';
2018-09-14 09:57:55 EXEC SPC_TRANSLATE_LST3 'Hello';
2018-09-14 10:08:13 EXEC SPC_COM_DATA 'quypro','1','1';
2018-09-14 10:08:13 EXEC SPC_TRANSLATE_LST3 'Hello';
2018-09-14 10:10:32 EXEC SPC_COM_DATA 'quypro','1','1';
2018-09-14 10:10:32 EXEC SPC_TRANSLATE_LST1 '1','quypro';
2018-09-14 10:10:35 EXEC SPC_COM_DATA 'quypro','1','1';
2018-09-14 10:10:35 EXEC SPC_TRANSLATE_LST2 'Hello','quypro','127.0.0.1';
2018-09-14 10:10:48 EXEC SPC_COM_DATA 'quypro','1','1';
2018-09-14 10:10:48 EXEC SPC_TRANSLATE_LST1 '1','quypro';
2018-09-14 10:10:49 EXEC SPC_COM_DATA 'quypro','1','1';
2018-09-14 10:10:49 EXEC SPC_TRANSLATE_LST2 'Hello','quypro','127.0.0.1';
2018-09-14 10:15:54 EXEC SPC_COM_DATA 'quypro','1','1';
2018-09-14 10:15:54 EXEC SPC_TRANSLATE_LST1 '1','quypro';
2018-09-14 10:15:55 EXEC SPC_COM_DATA 'quypro','1','1';
2018-09-14 10:15:55 EXEC SPC_TRANSLATE_LST2 'Hello','quypro','127.0.0.1';
2018-09-14 10:17:15 EXEC SPC_COM_DATA 'quypro','1','1';
2018-09-14 10:17:15 EXEC SPC_TRANSLATE_LST1 '1','quypro';
2018-09-14 10:17:16 EXEC SPC_COM_DATA 'quypro','1','1';
2018-09-14 10:17:16 EXEC SPC_TRANSLATE_LST2 'Hello','quypro','127.0.0.1';
2018-09-14 10:17:26 EXEC SPC_COM_DATA 'quypro','1','1';
2018-09-14 10:17:26 EXEC SPC_TRANSLATE_LST1 '1','quypro';
2018-09-14 10:17:26 EXEC SPC_COM_DATA 'quypro','1','1';
2018-09-14 10:17:27 EXEC SPC_TRANSLATE_LST2 'Hello','quypro','127.0.0.1';
2018-09-14 10:17:35 EXEC SPC_COM_DATA 'quypro','1','1';
2018-09-14 10:17:35 EXEC SPC_TRANSLATE_LST1 '1','quypro';
2018-09-14 10:17:36 EXEC SPC_COM_DATA 'quypro','1','1';
2018-09-14 10:17:36 EXEC SPC_TRANSLATE_LST2 'Hello','quypro','127.0.0.1';
2018-09-14 10:18:09 EXEC SPC_COM_DATA 'quypro','1','1';
2018-09-14 10:18:09 EXEC SPC_TRANSLATE_LST1 '1','quypro';
2018-09-14 10:18:10 EXEC SPC_COM_DATA 'quypro','1','1';
2018-09-14 10:18:10 EXEC SPC_TRANSLATE_LST2 'Hello','quypro','127.0.0.1';
2018-09-14 10:18:28 EXEC SPC_COM_DATA 'quypro','1','1';
2018-09-14 10:18:28 EXEC SPC_TRANSLATE_LST1 '1','quypro';
2018-09-14 10:18:28 EXEC SPC_COM_DATA 'quypro','1','1';
2018-09-14 10:18:28 EXEC SPC_TRANSLATE_LST2 'Hello','quypro','127.0.0.1';
2018-09-14 10:18:37 EXEC SPC_COM_DATA 'quypro','1','1';
2018-09-14 10:18:37 EXEC SPC_TRANSLATE_LST1 '1','quypro';
2018-09-14 10:18:38 EXEC SPC_COM_DATA 'quypro','1','1';
2018-09-14 10:18:38 EXEC SPC_TRANSLATE_LST2 'Hello','quypro','127.0.0.1';
2018-09-14 10:18:48 EXEC SPC_COM_DATA 'quypro','1','1';
2018-09-14 10:18:48 EXEC SPC_TRANSLATE_LST3 'Hello';
2018-09-14 10:19:04 EXEC SPC_COM_DATA 'quypro','1','1';
2018-09-14 10:19:04 EXEC SPC_TRANSLATE_LST3 'Hello';
2018-09-14 10:19:12 EXEC SPC_COM_DATA 'quypro','1','1';
2018-09-14 10:19:12 EXEC SPC_TRANSLATE_LST1 '1','quypro';
2018-09-14 10:19:12 EXEC SPC_COM_DATA 'quypro','1','1';
2018-09-14 10:19:12 EXEC SPC_TRANSLATE_LST2 'Hello','quypro','127.0.0.1';
2018-09-14 10:19:20 EXEC SPC_COM_DATA 'quypro','1','1';
2018-09-14 10:19:20 EXEC SPC_TRANSLATE_LST1 '','quypro';
2018-09-14 10:19:30 EXEC SPC_COM_DATA 'quypro','1','1';
2018-09-14 10:19:30 EXEC SPC_TRANSLATE_LST3 'hel';
2018-09-14 10:19:31 EXEC SPC_COM_DATA 'quypro','1','1';
2018-09-14 10:19:31 EXEC SPC_TRANSLATE_LST2 'Hello','quypro','127.0.0.1';
2018-09-14 10:20:00 EXEC SPC_COM_DATA 'quypro','1','1';
2018-09-14 10:20:00 EXEC SPC_TRANSLATE_LST3 'Hello';
2018-09-14 10:20:06 EXEC SPC_COM_DATA 'quypro','1','1';
2018-09-14 10:20:06 EXEC SPC_TRANSLATE_LST3 'kin';
2018-09-14 10:20:18 EXEC SPC_COM_DATA 'quypro','1','1';
2018-09-14 10:20:18 EXEC SPC_TRANSLATE_LST3 'kingdom';
2018-09-14 10:20:24 EXEC SPC_COM_DATA 'quypro','1','1';
2018-09-14 10:20:24 EXEC SPC_TRANSLATE_LST2 'kingdom','quypro','127.0.0.1';
2018-09-14 10:22:33 EXEC SPC_COM_DATA 'quypro','1','1';
2018-09-14 10:22:33 EXEC SPC_TRANSLATE_LST1 '3','quypro';
2018-09-14 10:22:34 EXEC SPC_COM_DATA 'quypro','1','1';
2018-09-14 10:22:34 EXEC SPC_TRANSLATE_LST2 'kingdom','quypro','127.0.0.1';
2018-09-14 10:22:36 EXEC SPC_COM_DATA 'quypro','1','1';
2018-09-14 10:22:36 EXEC SPC_TRANSLATE_LST3 'kingdom';
2018-09-14 10:22:38 EXEC SPC_COM_DATA 'quypro','1','1';
2018-09-14 10:22:38 EXEC SPC_TRANSLATE_LST2 'kingdom','quypro','127.0.0.1';
2018-09-14 10:22:40 EXEC SPC_COM_DATA 'quypro','1','1';
2018-09-14 10:22:40 EXEC SPC_TRANSLATE_LST3 'kingdom';
2018-09-14 10:22:41 EXEC SPC_COM_DATA 'quypro','1','1';
2018-09-14 10:22:41 EXEC SPC_TRANSLATE_LST2 'kingdom','quypro','127.0.0.1';
2018-09-14 10:22:45 EXEC SPC_COM_DATA 'quypro','1','1';
2018-09-14 10:22:45 EXEC SPC_TRANSLATE_LST3 'kingdom';
2018-09-14 10:22:50 EXEC SPC_COM_DATA 'quypro','1','1';
2018-09-14 10:22:50 EXEC SPC_TRANSLATE_LST1 '','quypro';
2018-09-14 10:22:54 EXEC SPC_COM_DATA 'quypro','1','1';
2018-09-14 10:22:54 EXEC SPC_TRANSLATE_LST3 'kin';
2018-09-14 10:22:58 EXEC SPC_COM_DATA 'quypro','1','1';
2018-09-14 10:22:58 EXEC SPC_TRANSLATE_LST2 'kingdom','quypro','127.0.0.1';
2018-09-14 10:23:22 EXEC SPC_COM_DATA 'quypro','1','1';
2018-09-14 10:23:22 EXEC SPC_COM_MENU '1';
2018-09-14 10:23:37 EXEC SPC_COM_DATA 'quypro','1','1';
2018-09-14 10:23:37 EXEC SPC_TRANSLATE_LST1 '','quypro';
2018-09-14 10:23:48 EXEC SPC_COM_DATA 'quypro','1','1';
2018-09-14 10:23:48 EXEC SPC_TRANSLATE_LST1 '','quypro';
2018-09-14 10:23:54 EXEC SPC_COM_DATA 'quypro','1','1';
2018-09-14 10:23:54 EXEC SPC_TRANSLATE_LST3 'hel';
2018-09-14 10:23:58 EXEC SPC_COM_DATA 'quypro','1','1';
2018-09-14 10:23:58 EXEC SPC_TRANSLATE_LST2 'Hello','quypro','127.0.0.1';
2018-09-14 10:24:08 EXEC SPC_COM_DATA 'quypro','1','1';
2018-09-14 10:24:08 EXEC SPC_TRANSLATE_LST3 'Hello';
2018-09-14 10:25:16 EXEC SPC_COM_DATA 'quypro','1','1';
2018-09-14 10:25:16 EXEC SPC_TRANSLATE_LST3 'Hello';
2018-09-14 10:25:30 EXEC SPC_COM_DATA 'quypro','1','1';
2018-09-14 10:25:30 EXEC SPC_TRANSLATE_LST3 'Hello';
2018-09-14 10:28:11 EXEC SPC_COM_DATA 'quypro','1','1';
2018-09-14 10:28:11 EXEC SPC_TRANSLATE_LST1 '1','quypro';
2018-09-14 10:28:13 EXEC SPC_COM_DATA 'quypro','1','1';
2018-09-14 10:28:13 EXEC SPC_TRANSLATE_LST2 'Hello','quypro','127.0.0.1';
2018-09-14 10:29:26 EXEC SPC_COM_DATA 'quypro','1','1';
2018-09-14 10:29:26 EXEC SPC_TRANSLATE_LST1 '1','quypro';
2018-09-14 10:29:41 EXEC SPC_COM_DATA 'quypro','1','1';
2018-09-14 10:29:41 EXEC SPC_TRANSLATE_LST1 '1','quypro';
2018-09-14 10:29:42 EXEC SPC_COM_DATA 'quypro','1','1';
2018-09-14 10:29:42 EXEC SPC_TRANSLATE_LST2 'Hello','quypro','127.0.0.1';
2018-09-14 10:29:45 EXEC SPC_COM_DATA 'quypro','1','1';
2018-09-14 10:29:45 EXEC SPC_TRANSLATE_LST3 'kingdom';
2018-09-14 10:30:07 EXEC SPC_COM_DATA 'quypro','1','1';
2018-09-14 10:30:07 EXEC SPC_TRANSLATE_LST1 '1','quypro';
2018-09-14 10:30:08 EXEC SPC_COM_DATA 'quypro','1','1';
2018-09-14 10:30:08 EXEC SPC_TRANSLATE_LST2 'Hello','quypro','127.0.0.1';
2018-09-14 10:32:31 EXEC SPC_COM_DATA 'quypro','1','1';
2018-09-14 10:32:31 EXEC SPC_TRANSLATE_LST1 '1','quypro';
2018-09-14 10:32:32 EXEC SPC_COM_DATA 'quypro','1','1';
2018-09-14 10:32:32 EXEC SPC_TRANSLATE_LST2 'Hello','quypro','127.0.0.1';
2018-09-14 10:32:33 EXEC SPC_COM_DATA 'quypro','1','1';
2018-09-14 10:32:33 EXEC SPC_TRANSLATE_LST2 'kingdom','quypro','127.0.0.1';
2018-09-14 10:32:36 EXEC SPC_COM_DATA 'quypro','1','1';
2018-09-14 10:32:36 EXEC SPC_TRANSLATE_LST2 'goal','quypro','127.0.0.1';
2018-09-14 10:32:37 EXEC SPC_COM_DATA 'quypro','1','1';
2018-09-14 10:32:37 EXEC SPC_TRANSLATE_LST3 'goal';
2018-09-14 10:32:40 EXEC SPC_COM_DATA 'quypro','1','1';
2018-09-14 10:32:40 EXEC SPC_TRANSLATE_LST2 'king','quypro','127.0.0.1';
2018-09-14 10:32:42 EXEC SPC_COM_DATA 'quypro','1','1';
2018-09-14 10:32:42 EXEC SPC_TRANSLATE_LST2 'goal','quypro','127.0.0.1';
2018-09-14 10:32:43 EXEC SPC_COM_DATA 'quypro','1','1';
2018-09-14 10:32:43 EXEC SPC_TRANSLATE_LST2 'kingdom','quypro','127.0.0.1';
2018-09-14 10:32:49 EXEC SPC_COM_DATA 'quypro','1','1';
2018-09-14 10:32:49 EXEC SPC_TRANSLATE_LST2 'Hello','quypro','127.0.0.1';
2018-09-14 10:32:54 EXEC SPC_COM_DATA 'quypro','1','1';
2018-09-14 10:32:54 EXEC SPC_TRANSLATE_LST2 'kingdom','quypro','127.0.0.1';
2018-09-14 10:32:57 EXEC SPC_COM_DATA 'quypro','1','1';
2018-09-14 10:32:57 EXEC SPC_COM_FORGET '2','3','2','quypro';
2018-09-14 10:32:59 EXEC SPC_COM_DATA 'quypro','1','1';
2018-09-14 10:33:00 EXEC SPC_TRANSLATE_LST2 'kingdom','quypro','127.0.0.1';
2018-09-14 10:33:07 EXEC SPC_COM_DATA 'quypro','1','1';
2018-09-14 10:33:07 EXEC SPC_TRANSLATE_LST2 'goal','quypro','127.0.0.1';
2018-09-14 10:33:36 EXEC SPC_COM_DATA 'quypro','1','1';
2018-09-14 10:33:36 EXEC SPC_TRANSLATE_LST2 'king','quypro','127.0.0.1';
2018-09-14 10:33:38 EXEC SPC_COM_DATA 'quypro','1','1';
2018-09-14 10:33:38 EXEC SPC_TRANSLATE_LST2 'kingdom','quypro','127.0.0.1';
2018-09-14 10:33:41 EXEC SPC_COM_DATA 'quypro','1','1';
2018-09-14 10:33:41 EXEC SPC_TRANSLATE_LST2 'Hello','quypro','127.0.0.1';
2018-09-14 10:33:44 EXEC SPC_COM_DATA 'quypro','1','1';
2018-09-14 10:33:44 EXEC SPC_TRANSLATE_LST2 'kingdom','quypro','127.0.0.1';
2018-09-14 10:34:06 EXEC SPC_COM_DATA 'quypro','1','1';
2018-09-14 10:34:06 EXEC SPC_TRANSLATE_LST3 'kingdom';
2018-09-14 10:34:07 EXEC SPC_COM_DATA 'quypro','1','1';
2018-09-14 10:34:07 EXEC SPC_TRANSLATE_LST2 'kingdom','quypro','127.0.0.1';
2018-09-14 10:34:08 EXEC SPC_COM_DATA 'quypro','1','1';
2018-09-14 10:34:08 EXEC SPC_TRANSLATE_LST3 'kingdom';
2018-09-14 10:34:10 EXEC SPC_COM_DATA 'quypro','1','1';
2018-09-14 10:34:10 EXEC SPC_TRANSLATE_LST2 'kingdom','quypro','127.0.0.1';
2018-09-14 10:34:12 EXEC SPC_COM_DATA 'quypro','1','1';
2018-09-14 10:34:12 EXEC SPC_TRANSLATE_LST3 'kingdom';
2018-09-14 10:34:19 EXEC SPC_COM_DATA 'quypro','1','1';
2018-09-14 10:34:19 EXEC SPC_TRANSLATE_LST3 'kingdom';
2018-09-14 10:35:18 EXEC SPC_COM_DATA 'quypro','1','1';
2018-09-14 10:35:18 EXEC SPC_VOCABULARY_LST1 '','quypro','3','5';
2018-09-14 10:35:19 EXEC SPC_COM_DATA 'quypro','1','1';
2018-09-14 10:35:19 EXEC SPC_VOCABULARY_LST2 '2','3','quypro';
2018-09-14 10:35:24 EXEC SPC_COM_DATA 'quypro','1','1';
2018-09-14 10:35:24 EXEC SPC_TRANSLATE_LST1 '1','quypro';
2018-09-14 10:35:25 EXEC SPC_COM_DATA 'quypro','1','1';
2018-09-14 10:35:25 EXEC SPC_TRANSLATE_LST2 'Hello','quypro','127.0.0.1';
2018-09-14 10:35:29 EXEC SPC_COM_DATA 'quypro','1','1';
2018-09-14 10:35:29 EXEC SPC_TRANSLATE_LST3 'Hello';
2018-09-14 10:35:35 EXEC SPC_COM_DATA 'quypro','1','1';
2018-09-14 10:35:35 EXEC SPC_TRANSLATE_LST2 'kingdom','quypro','127.0.0.1';
2018-09-14 10:35:37 EXEC SPC_COM_DATA 'quypro','1','1';
2018-09-14 10:35:37 EXEC SPC_TRANSLATE_LST2 'king','quypro','127.0.0.1';
2018-09-14 10:35:38 EXEC SPC_COM_DATA 'quypro','1','1';
2018-09-14 10:35:38 EXEC SPC_TRANSLATE_LST2 'goal','quypro','127.0.0.1';
