2018-08-08 00:06:38 EXEC SPC_COM_PERMISSION '1','g001';
2018-08-08 00:06:38 EXEC SPC_COM_MENU '1';
2018-08-08 00:06:43 EXEC SPC_COM_PERMISSION '1','w001';
2018-08-08 00:06:43 EXEC SPC_COM_MENU '1';
2018-08-08 00:06:43 EXEC SPC_COM_M999_INQ1 '7';
2018-08-08 00:07:54 EXEC SPC_COM_MENU '1';
2018-08-08 00:07:54 EXEC SPC_w001_LST1 '','','','','10','1';
2018-08-08 00:07:59 EXEC SPC_COM_MENU '1';
2018-08-08 00:07:59 EXEC SPC_COM_M999_INQ1 '8';
2018-08-08 00:08:00 EXEC SPC_COM_MENU '1';
2018-08-08 00:08:00 EXEC SPC_p004_LST1 'POST-1';
2018-08-08 00:08:07 EXEC SPC_COM_PERMISSION '1','w002';
2018-08-08 00:08:07 EXEC SPC_COM_MENU '1';
2018-08-08 00:08:07 EXEC SPC_W002_FND1
2018-08-08 00:08:08 EXEC SPC_COM_MENU '1';
2018-08-08 00:08:08 EXEC SPC_W002_LST1 'POST-1';
2018-08-08 00:08:08 EXEC SPC_COM_MENU '1';
2018-08-08 00:08:08 EXEC SPC_COMMON_CATALORUE '1';
2018-08-08 00:08:08 EXEC SPC_COM_MENU '1';
2018-08-08 00:08:08 EXEC SPC_COMMON_GROUP 'CAT-12';
2018-08-08 00:08:24 EXEC SPC_COM_MENU '1';
2018-08-08 00:08:24 EXEC SPC_COM_M999_INQ1 '8';
2018-08-08 00:08:24 EXEC SPC_COM_MENU '1';
2018-08-08 00:08:24 EXEC SPC_p003_LST1 '3','cry','khóc','50';
2018-08-08 00:11:37 EXEC SPC_COM_PERMISSION '1','w002';
2018-08-08 00:11:37 EXEC SPC_COM_MENU '1';
2018-08-08 00:11:37 EXEC SPC_W002_FND1
2018-08-08 00:11:37 EXEC SPC_COM_MENU '1';
2018-08-08 00:11:37 EXEC SPC_W002_LST1 'POST-1';
2018-08-08 00:11:38 EXEC SPC_COM_MENU '1';
2018-08-08 00:11:38 EXEC SPC_COMMON_CATALORUE '1';
2018-08-08 00:11:38 EXEC SPC_COM_MENU '1';
2018-08-08 00:11:38 EXEC SPC_COMMON_GROUP 'CAT-12';
2018-08-08 00:19:34 EXEC SPC_COM_PERMISSION '1','w002';
2018-08-08 00:19:34 EXEC SPC_COM_MENU '1';
2018-08-08 00:19:34 EXEC SPC_W002_FND1
2018-08-08 00:20:09 EXEC SPC_COM_PERMISSION '1','w002';
2018-08-08 00:20:09 EXEC SPC_COM_MENU '1';
2018-08-08 00:20:09 EXEC SPC_W002_FND1
2018-08-08 00:20:09 EXEC SPC_COM_MENU '1';
2018-08-08 00:20:09 EXEC SPC_W002_LST1 'POST-1';
2018-08-08 00:20:09 EXEC SPC_COM_MENU '1';
2018-08-08 00:20:09 EXEC SPC_COMMON_CATALORUE '1';
2018-08-08 00:20:09 EXEC SPC_COM_MENU '1';
2018-08-08 00:20:09 EXEC SPC_COMMON_GROUP 'CAT-12';
2018-08-08 00:20:33 EXEC SPC_COM_MENU '1';
2018-08-08 00:20:33 EXEC SPC_W002_LST1 'POST-2';
2018-08-08 00:20:33 EXEC SPC_COM_MENU '1';
2018-08-08 00:20:33 EXEC SPC_COMMON_CATALORUE '';
2018-08-08 00:20:38 EXEC SPC_COM_MENU '1';
2018-08-08 00:20:38 EXEC SPC_COMMON_CATALORUE '2';
2018-08-08 00:20:43 EXEC SPC_COM_MENU '1';
2018-08-08 00:20:43 EXEC SPC_W002_LST1 'POST-1';
2018-08-08 00:20:43 EXEC SPC_COM_MENU '1';
2018-08-08 00:20:43 EXEC SPC_COMMON_CATALORUE '1';
2018-08-08 00:20:43 EXEC SPC_COM_MENU '1';
2018-08-08 00:20:43 EXEC SPC_COMMON_GROUP 'CAT-12';
2018-08-08 00:20:45 EXEC SPC_COM_MENU '1';
2018-08-08 00:20:45 EXEC SPC_COMMON_CATALORUE '2';
2018-08-08 00:20:45 EXEC SPC_COM_MENU '1';
2018-08-08 00:20:45 EXEC SPC_COMMON_GROUP '';
2018-08-08 00:20:47 EXEC SPC_COM_MENU '1';
2018-08-08 00:20:47 EXEC SPC_COMMON_CATALORUE '1';
2018-08-08 00:20:47 EXEC SPC_COM_MENU '1';
2018-08-08 00:20:47 EXEC SPC_COMMON_GROUP 'CAT-12';
2018-08-08 00:20:49 EXEC SPC_COM_MENU '1';
2018-08-08 00:20:49 EXEC SPC_COMMON_CATALORUE '2';
2018-08-08 00:20:49 EXEC SPC_COM_MENU '1';
2018-08-08 00:20:49 EXEC SPC_COMMON_GROUP '';
2018-08-08 00:20:55 EXEC SPC_COM_PERMISSION '1','w002';
2018-08-08 00:20:55 EXEC SPC_COM_MENU '1';
2018-08-08 00:20:55 EXEC SPC_W002_FND1
2018-08-08 00:20:58 EXEC SPC_COM_PERMISSION '1','w002';
2018-08-08 00:20:58 EXEC SPC_COM_MENU '1';
2018-08-08 00:20:58 EXEC SPC_W002_FND1
2018-08-08 00:21:02 EXEC SPC_COM_MENU '1';
2018-08-08 00:21:02 EXEC SPC_COMMON_CATALORUE '1';
2018-08-08 00:21:05 EXEC SPC_COM_MENU '1';
2018-08-08 00:21:05 EXEC SPC_COMMON_CATALORUE '2';
2018-08-08 00:21:09 EXEC SPC_COM_MENU '1';
2018-08-08 00:21:09 EXEC SPC_COMMON_CATALORUE '3';
2018-08-08 00:21:10 EXEC SPC_COM_MENU '1';
2018-08-08 00:21:10 EXEC SPC_COMMON_CATALORUE '1';
2018-08-08 00:21:24 EXEC SPC_COM_MENU '1';
2018-08-08 00:21:24 EXEC SPC_COMMON_GROUP 'CAT-12';
2018-08-08 00:21:31 EXEC SPC_COM_MENU '1';
2018-08-08 00:21:31 EXEC SPC_W002_LST1 'POST-1';
2018-08-08 00:21:31 EXEC SPC_COM_MENU '1';
2018-08-08 00:21:31 EXEC SPC_COMMON_CATALORUE '1';
2018-08-08 00:21:31 EXEC SPC_COM_MENU '1';
2018-08-08 00:21:31 EXEC SPC_COMMON_GROUP 'CAT-12';
2018-08-08 00:21:59 EXEC SPC_COM_MENU '1';
2018-08-08 00:21:59 EXEC SPC_COM_M999_INQ1 '8';
2018-08-08 00:21:59 EXEC SPC_COM_MENU '1';
2018-08-08 00:21:59 EXEC SPC_p003_LST1 '3','cry','khóc','50';
2018-08-08 00:22:30 EXEC SPC_COM_MENU '1';
2018-08-08 00:22:30 EXEC SPC_w002_ACT1 'POST-1','1','CAT-12','GRO-5','Khi người mình yêu khóc','<pre>
t&ocirc;i cũng đớn đau t&ocirc;i cũng đớn l&ograve;ng</pre>
','','','0','<row vocabulary_id="1" vocabulary_dtl_id="3" vocabulary_div="3" vocabulary_nm="cry2" spelling="kurai2" mean="khóc2" explain="nước mắt rơi2" /><row vocabulary_id="1" vocabulary_dtl_id="2" vocabulary_div="3" vocabulary_nm="cry1" spelling="kurai1" mean="khóc1" explain="nước mắt rơi1" /><row vocabulary_id="1" vocabulary_dtl_id="3" vocabulary_div="3" vocabulary_nm="cry2" spelling="kurai2" mean="khóc2" explain="nước mắt rơi2" /><row vocabulary_id="2" vocabulary_dtl_id="1" vocabulary_div="1" vocabulary_nm="lover" spelling="lớp vờ" mean="người yêu" explain="yêu cc" /><row vocabulary_id="2" vocabulary_dtl_id="2" vocabulary_div="2" vocabulary_nm="lover1" spelling="lớp vờ1" mean="người yêu1" explain="yêu cc1" /><row vocabulary_id="2" vocabulary_dtl_id="3" vocabulary_div="3" vocabulary_nm="lover2" spelling="lớp vờ2" mean="người yêu2" explain="yêu cc2" /><row vocabulary_id="2" vocabulary_dtl_id="4" vocabulary_div="4" vocabulary_nm="lover3" spelling="lớp vờ3" mean="người yêu3" explain="yêu cc3" />','','ndq809','127.0.0.1';
2018-08-08 00:22:43 EXEC SPC_COM_MENU '1';
2018-08-08 00:22:43 EXEC SPC_w002_ACT1 'POST-1','1','CAT-12','GRO-5','Khi người mình yêu khóc','<pre>
t&ocirc;i cũng đớn đau t&ocirc;i cũng đớn l&ograve;ng</pre>
','','','0','<row vocabulary_id="1" vocabulary_dtl_id="3" vocabulary_div="3" vocabulary_nm="cry2" spelling="kurai2" mean="khóc2" explain="nước mắt rơi2" /><row vocabulary_id="1" vocabulary_dtl_id="2" vocabulary_div="3" vocabulary_nm="cry1" spelling="kurai1" mean="khóc1" explain="nước mắt rơi1" /><row vocabulary_id="1" vocabulary_dtl_id="3" vocabulary_div="3" vocabulary_nm="cry2" spelling="kurai2" mean="khóc2" explain="nước mắt rơi2" /><row vocabulary_id="2" vocabulary_dtl_id="1" vocabulary_div="1" vocabulary_nm="lover" spelling="lớp vờ" mean="người yêu" explain="yêu cc" /><row vocabulary_id="2" vocabulary_dtl_id="2" vocabulary_div="2" vocabulary_nm="lover1" spelling="lớp vờ1" mean="người yêu1" explain="yêu cc1" /><row vocabulary_id="2" vocabulary_dtl_id="3" vocabulary_div="3" vocabulary_nm="lover2" spelling="lớp vờ2" mean="người yêu2" explain="yêu cc2" /><row vocabulary_id="2" vocabulary_dtl_id="4" vocabulary_div="4" vocabulary_nm="lover3" spelling="lớp vờ3" mean="người yêu3" explain="yêu cc3" />','','ndq809','127.0.0.1';
2018-08-08 00:24:35 EXEC SPC_COM_MENU '1';
2018-08-08 00:24:35 EXEC SPC_w002_ACT1 'POST-1','1','CAT-12','GRO-5','Khi người mình yêu khóc','<pre>
t&ocirc;i cũng đớn đau t&ocirc;i cũng đớn l&ograve;ng</pre>
','','','0','<row vocabulary_id="1" vocabulary_dtl_id="2" vocabulary_div="3" vocabulary_nm="cry1" spelling="kurai1" mean="khóc1" explain="nước mắt rơi1" /><row vocabulary_id="1" vocabulary_dtl_id="3" vocabulary_div="3" vocabulary_nm="cry2" spelling="kurai2" mean="khóc2" explain="nước mắt rơi2" /><row vocabulary_id="2" vocabulary_dtl_id="1" vocabulary_div="1" vocabulary_nm="lover" spelling="lớp vờ" mean="người yêu" explain="yêu cc" /><row vocabulary_id="2" vocabulary_dtl_id="2" vocabulary_div="2" vocabulary_nm="lover1" spelling="lớp vờ1" mean="người yêu1" explain="yêu cc1" /><row vocabulary_id="2" vocabulary_dtl_id="3" vocabulary_div="3" vocabulary_nm="lover2" spelling="lớp vờ2" mean="người yêu2" explain="yêu cc2" /><row vocabulary_id="2" vocabulary_dtl_id="4" vocabulary_div="4" vocabulary_nm="lover3" spelling="lớp vờ3" mean="người yêu3" explain="yêu cc3" />','','ndq809','127.0.0.1';
2018-08-08 00:24:36 EXEC SPC_COM_MENU '1';
2018-08-08 00:24:36 EXEC SPC_W002_LST1 'POST-1';
2018-08-08 00:24:36 EXEC SPC_COM_MENU '1';
2018-08-08 00:24:36 EXEC SPC_COMMON_CATALORUE '1';
2018-08-08 00:24:36 EXEC SPC_COM_MENU '1';
2018-08-08 00:24:36 EXEC SPC_COMMON_GROUP 'CAT-12';
2018-08-08 01:13:44 EXEC SPC_COM_PERMISSION '1','w002';
2018-08-08 01:13:44 EXEC SPC_COM_MENU '1';
2018-08-08 01:13:44 EXEC SPC_W002_FND1
2018-08-08 01:13:47 EXEC SPC_COM_MENU '1';
2018-08-08 01:13:47 EXEC SPC_W002_LST1 'POST-1';
2018-08-08 01:13:47 EXEC SPC_COM_MENU '1';
2018-08-08 01:13:47 EXEC SPC_COMMON_CATALORUE '1';
2018-08-08 01:13:47 EXEC SPC_COM_MENU '1';
2018-08-08 01:13:47 EXEC SPC_COMMON_GROUP 'CAT-12';
2018-08-08 01:14:06 EXEC SPC_COM_MENU '1';
2018-08-08 01:14:06 EXEC SPC_COM_M999_INQ1 '8';
2018-08-08 01:14:07 EXEC SPC_COM_MENU '1';
2018-08-08 01:14:07 EXEC SPC_p003_LST1 '2','lover1','người yêu1','50';
2018-08-08 01:14:09 EXEC SPC_COM_MENU '1';
2018-08-08 01:14:09 EXEC SPC_p003_LST1 '','','','50','1';
2018-08-08 01:14:16 EXEC SPC_COM_MENU '1';
2018-08-08 01:14:16 EXEC SPC_COM_M999_INQ1 '8';
2018-08-08 01:14:17 EXEC SPC_COM_MENU '1';
2018-08-08 01:14:17 EXEC SPC_p003_LST1 '3','cry','khóc','50';
2018-08-08 01:14:28 EXEC SPC_COM_MENU '1';
2018-08-08 01:14:28 EXEC SPC_w002_ACT1 'POST-1','1','CAT-12','GRO-5','Khi người mình yêu khóc','<pre>
t&ocirc;i cũng đớn đau t&ocirc;i cũng đớn l&ograve;ng</pre>
','','','0','<row row_id="0" vocabulary_id="1" vocabulary_dtl_id="2" vocabulary_div="3" vocabulary_nm="cry1" spelling="kurai1" mean="khóc1" explain="nước mắt rơi1" /><row row_id="1" vocabulary_id="1" vocabulary_dtl_id="3" vocabulary_div="3" vocabulary_nm="cry2" spelling="kurai2" mean="khóc2" explain="nước mắt rơi2" /><row row_id="2" vocabulary_id="2" vocabulary_dtl_id="1" vocabulary_div="1" vocabulary_nm="lover" spelling="lớp vờ" mean="người yêu" explain="yêu cc" /><row row_id="3" vocabulary_id="1" vocabulary_dtl_id="2" vocabulary_div="3" vocabulary_nm="cry1" spelling="kurai1" mean="khóc1" explain="nước mắt rơi1" /><row row_id="4" vocabulary_id="2" vocabulary_dtl_id="3" vocabulary_div="3" vocabulary_nm="lover2" spelling="lớp vờ2" mean="người yêu2" explain="yêu cc2" /><row row_id="5" vocabulary_id="2" vocabulary_dtl_id="4" vocabulary_div="4" vocabulary_nm="lover3" spelling="lớp vờ3" mean="người yêu3" explain="yêu cc3" />','','ndq809','127.0.0.1';
2018-08-08 01:15:03 EXEC SPC_COM_MENU '1';
2018-08-08 01:15:03 EXEC SPC_COM_M999_INQ1 '8';
2018-08-08 01:15:04 EXEC SPC_COM_MENU '1';
2018-08-08 01:15:04 EXEC SPC_p003_LST1 '4','lover3','người yêu3','50';
2018-08-08 01:15:06 EXEC SPC_COM_MENU '1';
2018-08-08 01:15:06 EXEC SPC_p003_LST1 '','','','50','1';
2018-08-08 01:15:10 EXEC SPC_COM_MENU '1';
2018-08-08 01:15:10 EXEC SPC_w002_ACT1 'POST-1','1','CAT-12','GRO-5','Khi người mình yêu khóc','<pre>
t&ocirc;i cũng đớn đau t&ocirc;i cũng đớn l&ograve;ng</pre>
','','','0','<row row_id="0" vocabulary_id="1" vocabulary_dtl_id="2" vocabulary_div="3" vocabulary_nm="cry1" spelling="kurai1" mean="khóc1" explain="nước mắt rơi1" /><row row_id="1" vocabulary_id="1" vocabulary_dtl_id="3" vocabulary_div="3" vocabulary_nm="cry2" spelling="kurai2" mean="khóc2" explain="nước mắt rơi2" /><row row_id="2" vocabulary_id="2" vocabulary_dtl_id="1" vocabulary_div="1" vocabulary_nm="lover" spelling="lớp vờ" mean="người yêu" explain="yêu cc" /><row row_id="3" vocabulary_id="1" vocabulary_dtl_id="2" vocabulary_div="3" vocabulary_nm="cry1" spelling="kurai1" mean="khóc1" explain="nước mắt rơi1" /><row row_id="4" vocabulary_id="2" vocabulary_dtl_id="3" vocabulary_div="3" vocabulary_nm="lover2" spelling="lớp vờ2" mean="người yêu2" explain="yêu cc2" /><row row_id="5" vocabulary_id="1" vocabulary_dtl_id="2" vocabulary_div="3" vocabulary_nm="cry1" spelling="kurai1" mean="khóc1" explain="nước mắt rơi1" />','','ndq809','127.0.0.1';
2018-08-08 01:15:23 EXEC SPC_COM_PERMISSION '1','w002';
2018-08-08 01:15:23 EXEC SPC_COM_MENU '1';
2018-08-08 01:15:23 EXEC SPC_W002_FND1
2018-08-08 01:22:01 EXEC SPC_COM_PERMISSION '1','w001';
2018-08-08 01:22:01 EXEC SPC_COM_MENU '1';
2018-08-08 01:22:01 EXEC SPC_COM_M999_INQ1 '7';
2018-08-08 01:22:04 EXEC SPC_COM_MENU '1';
2018-08-08 01:22:04 EXEC SPC_w001_LST1 '','','','','10','1';
2018-08-08 01:22:07 EXEC SPC_COM_MENU '1';
2018-08-08 01:22:07 EXEC SPC_COM_M999_INQ1 '8';
2018-08-08 01:22:07 EXEC SPC_COM_MENU '1';
2018-08-08 01:22:07 EXEC SPC_p004_LST1 'POST-1';
2018-08-08 01:22:47 EXEC SPC_COM_PERMISSION '1','w002';
2018-08-08 01:22:47 EXEC SPC_COM_MENU '1';
2018-08-08 01:22:47 EXEC SPC_W002_FND1
2018-08-08 01:22:47 EXEC SPC_COM_MENU '1';
2018-08-08 01:22:47 EXEC SPC_W002_LST1 'POST-1';
2018-08-08 01:22:47 EXEC SPC_COM_MENU '1';
2018-08-08 01:22:47 EXEC SPC_COMMON_CATALORUE '1';
2018-08-08 01:22:47 EXEC SPC_COM_MENU '1';
2018-08-08 01:22:47 EXEC SPC_COMMON_GROUP 'CAT-12';
2018-08-08 01:22:55 EXEC SPC_COM_PERMISSION '1','w002';
2018-08-08 01:22:55 EXEC SPC_COM_MENU '1';
2018-08-08 01:22:55 EXEC SPC_W002_FND1
2018-08-08 01:22:56 EXEC SPC_COM_MENU '1';
2018-08-08 01:22:56 EXEC SPC_W002_LST1 'POST-1';
2018-08-08 01:22:56 EXEC SPC_COM_MENU '1';
2018-08-08 01:22:56 EXEC SPC_COMMON_CATALORUE '1';
2018-08-08 01:22:56 EXEC SPC_COM_MENU '1';
2018-08-08 01:22:56 EXEC SPC_COMMON_GROUP 'CAT-12';
2018-08-08 01:23:03 EXEC SPC_COM_MENU '1';
2018-08-08 01:23:03 EXEC SPC_COM_M999_INQ1 '8';
2018-08-08 01:23:03 EXEC SPC_COM_MENU '1';
2018-08-08 01:23:03 EXEC SPC_p003_LST1 '3','cry1','khóc1','50';
2018-08-08 01:23:33 EXEC SPC_COM_MENU '1';
2018-08-08 01:23:33 EXEC SPC_p003_LST1 '','','','50','1';
2018-08-08 01:23:49 EXEC SPC_COM_MENU '1';
2018-08-08 01:23:49 EXEC SPC_w002_ACT1 'POST-1','1','CAT-12','GRO-5','Khi người mình yêu khóc','<pre>
t&ocirc;i cũng đớn đau t&ocirc;i cũng đớn l&ograve;ng</pre>
','','','0','<row row_id="0" vocabulary_id="2" vocabulary_dtl_id="4" vocabulary_div="4" vocabulary_nm="lover3" spelling="lớp vờ3" mean="người yêu3" explain="yêu cc3" /><row row_id="1" vocabulary_id="1" vocabulary_dtl_id="3" vocabulary_div="3" vocabulary_nm="cry2" spelling="kurai2" mean="khóc2" explain="nước mắt rơi2" /><row row_id="2" vocabulary_id="2" vocabulary_dtl_id="1" vocabulary_div="1" vocabulary_nm="lover" spelling="lớp vờ" mean="người yêu" explain="yêu cc" /><row row_id="3" vocabulary_id="2" vocabulary_dtl_id="2" vocabulary_div="2" vocabulary_nm="lover1" spelling="lớp vờ1" mean="người yêu1" explain="yêu cc1" /><row row_id="4" vocabulary_id="2" vocabulary_dtl_id="3" vocabulary_div="3" vocabulary_nm="lover2" spelling="lớp vờ2" mean="người yêu2" explain="yêu cc2" /><row row_id="5" vocabulary_id="2" vocabulary_dtl_id="4" vocabulary_div="4" vocabulary_nm="lover3" spelling="lớp vờ3" mean="người yêu3" explain="yêu cc3" />','','ndq809','127.0.0.1';
2018-08-08 01:24:17 EXEC SPC_COM_MENU '1';
2018-08-08 01:24:17 EXEC SPC_w002_ACT1 'POST-1','1','CAT-12','GRO-5','Khi người mình yêu khóc','<pre>
t&ocirc;i cũng đớn đau t&ocirc;i cũng đớn l&ograve;ng</pre>
','','','0','<row row_id="0" vocabulary_id="2" vocabulary_dtl_id="4" vocabulary_div="4" vocabulary_nm="lover3" spelling="lớp vờ3" mean="người yêu3" explain="yêu cc3" /><row row_id="1" vocabulary_id="1" vocabulary_dtl_id="3" vocabulary_div="3" vocabulary_nm="cry2" spelling="kurai2" mean="khóc2" explain="nước mắt rơi2" /><row row_id="2" vocabulary_id="2" vocabulary_dtl_id="1" vocabulary_div="1" vocabulary_nm="lover" spelling="lớp vờ" mean="người yêu" explain="yêu cc" /><row row_id="3" vocabulary_id="2" vocabulary_dtl_id="2" vocabulary_div="2" vocabulary_nm="lover1" spelling="lớp vờ1" mean="người yêu1" explain="yêu cc1" /><row row_id="4" vocabulary_id="2" vocabulary_dtl_id="3" vocabulary_div="3" vocabulary_nm="lover2" spelling="lớp vờ2" mean="người yêu2" explain="yêu cc2" />','','ndq809','127.0.0.1';
2018-08-08 01:24:18 EXEC SPC_COM_MENU '1';
2018-08-08 01:24:18 EXEC SPC_W002_LST1 'POST-1';
2018-08-08 01:24:19 EXEC SPC_COM_MENU '1';
2018-08-08 01:24:19 EXEC SPC_COMMON_CATALORUE '1';
2018-08-08 01:24:19 EXEC SPC_COM_MENU '1';
2018-08-08 01:24:19 EXEC SPC_COMMON_GROUP 'CAT-12';
2018-08-08 01:25:28 EXEC SPC_COM_MENU '1';
2018-08-08 01:25:28 EXEC SPC_COM_M999_INQ1 '8';
2018-08-08 01:25:28 EXEC SPC_COM_MENU '1';
2018-08-08 01:25:28 EXEC SPC_p003_LST1 '3','cry2','khóc2','50';
2018-08-08 01:29:55 EXEC SPC_COM_MENU '1';
2018-08-08 01:29:55 EXEC SPC_COM_M999_INQ1 '8';
2018-08-08 01:29:56 EXEC SPC_COM_MENU '1';
2018-08-08 01:29:56 EXEC SPC_p003_LST1 '3','cry2','khóc2','50';
2018-08-08 01:30:18 EXEC SPC_COM_MENU '1';
2018-08-08 01:30:18 EXEC SPC_COM_M999_INQ1 '8';
2018-08-08 01:30:18 EXEC SPC_COM_MENU '1';
2018-08-08 01:30:18 EXEC SPC_p003_LST1 '3','cry2','khóc2','50';
2018-08-08 01:31:12 EXEC SPC_COM_MENU '1';
2018-08-08 01:31:12 EXEC SPC_p003_LST1 '','','','50','1';
2018-08-08 01:46:17 EXEC SPC_COM_MENU '1';
2018-08-08 01:46:17 EXEC SPC_COM_M999_INQ1 '8';
2018-08-08 01:46:17 EXEC SPC_COM_MENU '1';
2018-08-08 01:46:17 EXEC SPC_p003_LST1 '4','lover3','người yêu3','50';
2018-08-08 01:46:22 EXEC SPC_COM_MENU '1';
2018-08-08 01:46:22 EXEC SPC_COM_M999_INQ1 '8';
2018-08-08 01:46:22 EXEC SPC_COM_MENU '1';
2018-08-08 01:46:22 EXEC SPC_p003_LST1 '1','lover','người yêu','50';
2018-08-08 01:46:32 EXEC SPC_COM_MENU '1';
2018-08-08 01:46:32 EXEC SPC_COM_M999_INQ1 '8';
2018-08-08 01:46:33 EXEC SPC_COM_MENU '1';
2018-08-08 01:46:33 EXEC SPC_p003_LST1 '2','lover1','người yêu1','50';
2018-08-08 01:46:55 EXEC SPC_COM_MENU '1';
2018-08-08 01:46:55 EXEC SPC_p003_LST1 '','','','50','1';
2018-08-08 01:47:02 EXEC SPC_COM_MENU '1';
2018-08-08 01:47:02 EXEC SPC_w002_ACT1 'POST-1','1','CAT-12','GRO-5','Khi người mình yêu khóc','<pre>
t&ocirc;i cũng đớn đau t&ocirc;i cũng đớn l&ograve;ng</pre>
','','','0','<row row_id="0" vocabulary_id="1" vocabulary_dtl_id="3" vocabulary_div="3" vocabulary_nm="cry2" spelling="kurai2" mean="khóc2" explain="nước mắt rơi2" /><row row_id="1" vocabulary_id="2" vocabulary_dtl_id="1" vocabulary_div="1" vocabulary_nm="lover" spelling="lớp vờ" mean="người yêu" explain="yêu cc" /><row row_id="2" vocabulary_id="2" vocabulary_dtl_id="4" vocabulary_div="4" vocabulary_nm="lover3" spelling="lớp vờ3" mean="người yêu3" explain="yêu cc3" /><row row_id="3" vocabulary_id="2" vocabulary_dtl_id="3" vocabulary_div="3" vocabulary_nm="lover2" spelling="lớp vờ2" mean="người yêu2" explain="yêu cc2" /><row row_id="4" vocabulary_id="2" vocabulary_dtl_id="4" vocabulary_div="4" vocabulary_nm="lover3" spelling="lớp vờ3" mean="người yêu3" explain="yêu cc3" />','','ndq809','127.0.0.1';
2018-08-08 01:47:38 EXEC SPC_COM_PERMISSION '1','w002';
2018-08-08 01:47:38 EXEC SPC_COM_MENU '1';
2018-08-08 01:47:38 EXEC SPC_W002_FND1
2018-08-08 01:47:39 EXEC SPC_COM_MENU '1';
2018-08-08 01:47:39 EXEC SPC_W002_LST1 'POST-1';
2018-08-08 01:47:39 EXEC SPC_COM_MENU '1';
2018-08-08 01:47:39 EXEC SPC_COMMON_CATALORUE '1';
2018-08-08 01:47:39 EXEC SPC_COM_MENU '1';
2018-08-08 01:47:39 EXEC SPC_COMMON_GROUP 'CAT-12';
2018-08-08 01:48:21 EXEC SPC_COM_MENU '1';
2018-08-08 01:48:21 EXEC SPC_COM_M999_INQ1 '8';
2018-08-08 01:48:21 EXEC SPC_COM_MENU '1';
2018-08-08 01:48:21 EXEC SPC_p003_LST1 '3','cry2','khóc2','50';
2018-08-08 01:51:20 EXEC SPC_COM_MENU '1';
2018-08-08 01:51:20 EXEC SPC_COM_M999_INQ1 '8';
2018-08-08 01:51:20 EXEC SPC_COM_MENU '1';
2018-08-08 01:51:20 EXEC SPC_p003_LST1 '3','cry2','khóc2','50';
2018-08-08 01:52:22 EXEC SPC_COM_MENU '1';
2018-08-08 01:52:22 EXEC SPC_COM_M999_INQ1 '8';
2018-08-08 01:52:22 EXEC SPC_COM_MENU '1';
2018-08-08 01:52:22 EXEC SPC_p003_LST1 '1','lover','người yêu','50';
2018-08-08 01:52:28 EXEC SPC_COM_MENU '1';
2018-08-08 01:52:28 EXEC SPC_COM_M999_INQ1 '8';
2018-08-08 01:52:28 EXEC SPC_COM_MENU '1';
2018-08-08 01:52:28 EXEC SPC_p003_LST1 '4','lover3','người yêu3','50';
2018-08-08 01:55:46 EXEC SPC_COM_MENU '1';
2018-08-08 01:55:46 EXEC SPC_COM_M999_INQ1 '8';
2018-08-08 01:55:46 EXEC SPC_COM_MENU '1';
2018-08-08 01:55:46 EXEC SPC_p003_LST1 '1','lover','người yêu','50';
2018-08-08 01:55:55 EXEC SPC_COM_MENU '1';
2018-08-08 01:55:56 EXEC SPC_w002_ACT1 'POST-1','1','CAT-12','GRO-5','Khi người mình yêu khóc','<pre>
t&ocirc;i cũng đớn đau t&ocirc;i cũng đớn l&ograve;ng</pre>
','','','0','<row row_id="0" vocabulary_id="1" vocabulary_dtl_id="3" vocabulary_div="3" vocabulary_nm="cry2" spelling="kurai2" mean="khóc2" explain="nước mắt rơi2" /><row row_id="1" vocabulary_id="2" vocabulary_dtl_id="1" vocabulary_div="1" vocabulary_nm="lover" spelling="lớp vờ" mean="người yêu" explain="yêu cc" /><row row_id="2" vocabulary_id="2" vocabulary_dtl_id="2" vocabulary_div="2" vocabulary_nm="lover1" spelling="lớp vờ1" mean="người yêu1" explain="yêu cc1" /><row row_id="3" vocabulary_id="2" vocabulary_dtl_id="3" vocabulary_div="3" vocabulary_nm="lover2" spelling="lớp vờ2" mean="người yêu2" explain="yêu cc2" /><row row_id="4" vocabulary_id="2" vocabulary_dtl_id="4" vocabulary_div="4" vocabulary_nm="lover3" spelling="lớp vờ3" mean="người yêu3" explain="yêu cc3" />','','ndq809','127.0.0.1';
2018-08-08 01:55:57 EXEC SPC_COM_MENU '1';
2018-08-08 01:55:57 EXEC SPC_W002_LST1 'POST-1';
2018-08-08 01:55:57 EXEC SPC_COM_MENU '1';
2018-08-08 01:55:57 EXEC SPC_COMMON_CATALORUE '1';
2018-08-08 01:55:57 EXEC SPC_COM_MENU '1';
2018-08-08 01:55:57 EXEC SPC_COMMON_GROUP 'CAT-12';
2018-08-08 01:56:35 EXEC SPC_COM_MENU '1';
2018-08-08 01:56:35 EXEC SPC_COM_M999_INQ1 '8';
2018-08-08 01:56:35 EXEC SPC_COM_MENU '1';
2018-08-08 01:56:35 EXEC SPC_p003_LST1 '1','lover','người yêu','50';
2018-08-08 01:56:39 EXEC SPC_COM_MENU '1';
2018-08-08 01:56:39 EXEC SPC_p003_LST1 '','','','50','1';
2018-08-08 01:56:50 EXEC SPC_COM_MENU '1';
2018-08-08 01:56:50 EXEC SPC_COM_M999_INQ1 '8';
2018-08-08 01:56:50 EXEC SPC_COM_MENU '1';
2018-08-08 01:56:50 EXEC SPC_p003_LST1 '3','cry2','khóc2','50';
2018-08-08 02:12:29 EXEC SPC_COM_PERMISSION '1','w002';
2018-08-08 02:12:29 EXEC SPC_COM_MENU '1';
2018-08-08 02:12:29 EXEC SPC_W002_FND1
2018-08-08 02:12:30 EXEC SPC_COM_MENU '1';
2018-08-08 02:12:30 EXEC SPC_W002_LST1 'POST-1';
2018-08-08 02:12:30 EXEC SPC_COM_MENU '1';
2018-08-08 02:12:30 EXEC SPC_COMMON_CATALORUE '1';
2018-08-08 02:12:30 EXEC SPC_COM_MENU '1';
2018-08-08 02:12:30 EXEC SPC_COMMON_GROUP 'CAT-12';
2018-08-08 02:12:34 EXEC SPC_COM_MENU '1';
2018-08-08 02:12:34 EXEC SPC_COM_M999_INQ1 '8';
2018-08-08 02:12:35 EXEC SPC_COM_MENU '1';
2018-08-08 02:12:35 EXEC SPC_p003_LST1 '3','cry2','khóc2','50';
2018-08-08 02:13:43 EXEC SPC_COM_PERMISSION '1','w002';
2018-08-08 02:13:43 EXEC SPC_COM_MENU '1';
2018-08-08 02:13:43 EXEC SPC_W002_FND1
2018-08-08 02:13:43 EXEC SPC_COM_MENU '1';
2018-08-08 02:13:43 EXEC SPC_W002_LST1 'POST-1';
2018-08-08 02:13:44 EXEC SPC_COM_MENU '1';
2018-08-08 02:13:44 EXEC SPC_COMMON_CATALORUE '1';
2018-08-08 02:13:44 EXEC SPC_COM_MENU '1';
2018-08-08 02:13:44 EXEC SPC_COMMON_GROUP 'CAT-12';
2018-08-08 02:13:45 EXEC SPC_COM_MENU '1';
2018-08-08 02:13:45 EXEC SPC_COM_M999_INQ1 '8';
2018-08-08 02:13:45 EXEC SPC_COM_MENU '1';
2018-08-08 02:13:45 EXEC SPC_p003_LST1 '3','cry2','khóc2','50';
2018-08-08 02:13:52 EXEC SPC_COM_PERMISSION '1','w002';
2018-08-08 02:13:52 EXEC SPC_COM_MENU '1';
2018-08-08 02:13:52 EXEC SPC_W002_FND1
2018-08-08 02:13:53 EXEC SPC_COM_MENU '1';
2018-08-08 02:13:53 EXEC SPC_W002_LST1 'POST-1';
2018-08-08 02:13:53 EXEC SPC_COM_MENU '1';
2018-08-08 02:13:53 EXEC SPC_COMMON_CATALORUE '1';
2018-08-08 02:13:53 EXEC SPC_COM_MENU '1';
2018-08-08 02:13:53 EXEC SPC_COMMON_GROUP 'CAT-12';
2018-08-08 02:13:54 EXEC SPC_COM_MENU '1';
2018-08-08 02:13:54 EXEC SPC_COM_M999_INQ1 '8';
2018-08-08 02:13:54 EXEC SPC_COM_MENU '1';
2018-08-08 02:13:54 EXEC SPC_p003_LST1 '3','cry2','khóc2','50';
2018-08-08 02:17:34 EXEC SPC_COM_PERMISSION '1','w002';
2018-08-08 02:17:34 EXEC SPC_COM_MENU '1';
2018-08-08 02:17:34 EXEC SPC_W002_FND1
2018-08-08 02:17:34 EXEC SPC_COM_MENU '1';
2018-08-08 02:17:34 EXEC SPC_W002_LST1 'POST-1';
2018-08-08 02:17:35 EXEC SPC_COM_MENU '1';
2018-08-08 02:17:35 EXEC SPC_COMMON_CATALORUE '1';
2018-08-08 02:17:35 EXEC SPC_COM_MENU '1';
2018-08-08 02:17:35 EXEC SPC_COMMON_GROUP 'CAT-12';
2018-08-08 02:17:36 EXEC SPC_COM_MENU '1';
2018-08-08 02:17:36 EXEC SPC_COM_M999_INQ1 '8';
2018-08-08 02:17:36 EXEC SPC_COM_MENU '1';
2018-08-08 02:17:36 EXEC SPC_p003_LST1 '3','cry2','khóc2','50';
2018-08-08 02:17:36 SQLSTATE[21S01]: [Microsoft][ODBC Driver 13 for SQL Server][SQL Server]列名または指定された値の数がテーブルの定義と一致しません。
2018-08-08 02:17:52 EXEC SPC_COM_MENU '1';
2018-08-08 02:17:52 EXEC SPC_COM_M999_INQ1 '8';
2018-08-08 02:17:53 EXEC SPC_COM_MENU '1';
2018-08-08 02:17:53 EXEC SPC_p003_LST1 '3','cry2','khóc2','50';
2018-08-08 02:17:53 SQLSTATE[21S01]: [Microsoft][ODBC Driver 13 for SQL Server][SQL Server]列名または指定された値の数がテーブルの定義と一致しません。
2018-08-08 02:23:20 EXEC SPC_COM_PERMISSION '1','w002';
2018-08-08 02:23:21 EXEC SPC_COM_MENU '1';
2018-08-08 02:23:21 EXEC SPC_W002_FND1
2018-08-08 02:23:21 EXEC SPC_COM_MENU '1';
2018-08-08 02:23:21 EXEC SPC_W002_LST1 'POST-1';
2018-08-08 02:23:21 EXEC SPC_COM_MENU '1';
2018-08-08 02:23:21 EXEC SPC_COMMON_CATALORUE '1';
2018-08-08 02:23:21 EXEC SPC_COM_MENU '1';
2018-08-08 02:23:21 EXEC SPC_COMMON_GROUP 'CAT-12';
2018-08-08 02:23:22 EXEC SPC_COM_MENU '1';
2018-08-08 02:23:22 EXEC SPC_COM_M999_INQ1 '8';
2018-08-08 02:23:23 EXEC SPC_COM_MENU '1';
2018-08-08 02:23:23 EXEC SPC_p003_LST1 '3','cry2','khóc2','50';
2018-08-08 02:25:04 EXEC SPC_COM_PERMISSION '1','m007';
2018-08-08 02:25:04 EXEC SPC_COM_MENU '1';
2018-08-08 02:25:04 EXEC SPC_M007_FND1
2018-08-08 02:26:18 EXEC SPC_COM_PERMISSION '1','w002';
2018-08-08 02:26:18 EXEC SPC_COM_MENU '1';
2018-08-08 02:26:18 EXEC SPC_W002_FND1
2018-08-08 02:26:21 EXEC SPC_COM_MENU '1';
2018-08-08 02:26:21 EXEC SPC_COMMON_CATALORUE '1';
2018-08-08 02:26:32 EXEC SPC_COM_MENU '1';
2018-08-08 02:26:32 EXEC SPC_W002_LST1 'POST-1';
2018-08-08 02:26:32 EXEC SPC_COM_MENU '1';
2018-08-08 02:26:33 EXEC SPC_COMMON_CATALORUE '1';
2018-08-08 02:26:33 EXEC SPC_COM_MENU '1';
2018-08-08 02:26:33 EXEC SPC_COMMON_GROUP 'CAT-12';
2018-08-08 02:26:34 EXEC SPC_COM_MENU '1';
2018-08-08 02:26:34 EXEC SPC_COM_M999_INQ1 '8';
2018-08-08 02:26:34 EXEC SPC_COM_MENU '1';
2018-08-08 02:26:34 EXEC SPC_p003_LST1 '3','cry2','khóc2','50';
2018-08-08 02:26:34 EXEC SPC_COM_MENU '1';
2018-08-08 02:26:34 EXEC SPC_COM_M999_INQ1 '8';
2018-08-08 02:28:19 EXEC SPC_COM_PERMISSION '1','w002';
2018-08-08 02:28:19 EXEC SPC_COM_MENU '1';
2018-08-08 02:28:19 EXEC SPC_W002_FND1
2018-08-08 02:28:25 EXEC SPC_COM_MENU '1';
2018-08-08 02:28:25 EXEC SPC_W002_LST1 'POST-1';
2018-08-08 02:28:25 EXEC SPC_COM_MENU '1';
2018-08-08 02:28:25 EXEC SPC_COMMON_CATALORUE '1';
2018-08-08 02:28:25 EXEC SPC_COM_MENU '1';
2018-08-08 02:28:25 EXEC SPC_COMMON_GROUP 'CAT-12';
2018-08-08 02:28:29 EXEC SPC_COM_MENU '1';
2018-08-08 02:28:29 EXEC SPC_COM_M999_INQ1 '8';
2018-08-08 02:28:29 EXEC SPC_COM_MENU '1';
2018-08-08 02:28:29 EXEC SPC_p003_LST1 '3','cry2','khóc2','50';
2018-08-08 02:28:29 EXEC SPC_COM_MENU '1';
2018-08-08 02:28:29 EXEC SPC_COM_M999_INQ1 '8';
2018-08-08 02:28:31 EXEC SPC_COM_MENU '1';
2018-08-08 02:28:31 EXEC SPC_p003_LST1 '','','','50','1';
2018-08-08 02:28:31 EXEC SPC_COM_MENU '1';
2018-08-08 02:28:31 EXEC SPC_COM_M999_INQ1 '8';
2018-08-08 02:29:12 EXEC SPC_COM_PERMISSION '1','w002';
2018-08-08 02:29:12 EXEC SPC_COM_MENU '1';
2018-08-08 02:29:12 EXEC SPC_W002_FND1
2018-08-08 02:29:16 EXEC SPC_COM_MENU '1';
2018-08-08 02:29:16 EXEC SPC_W002_LST1 'POST-1';
2018-08-08 02:29:16 EXEC SPC_COM_MENU '1';
2018-08-08 02:29:16 EXEC SPC_COMMON_CATALORUE '1';
2018-08-08 02:29:16 EXEC SPC_COM_MENU '1';
2018-08-08 02:29:16 EXEC SPC_COMMON_GROUP 'CAT-12';
2018-08-08 02:29:17 EXEC SPC_COM_MENU '1';
2018-08-08 02:29:17 EXEC SPC_COM_M999_INQ1 '8';
2018-08-08 02:29:17 EXEC SPC_COM_MENU '1';
2018-08-08 02:29:17 EXEC SPC_p003_LST1 '3','cry2','khóc2','50';
2018-08-08 02:29:17 EXEC SPC_COM_MENU '1';
2018-08-08 02:29:17 EXEC SPC_COM_M999_INQ1 '8';
2018-08-08 02:30:42 EXEC SPC_COM_PERMISSION '1','w002';
2018-08-08 02:30:42 EXEC SPC_COM_MENU '1';
2018-08-08 02:30:42 EXEC SPC_W002_FND1
2018-08-08 02:30:46 EXEC SPC_COM_MENU '1';
2018-08-08 02:30:46 EXEC SPC_W002_LST1 'POST-1';
2018-08-08 02:30:46 EXEC SPC_COM_MENU '1';
2018-08-08 02:30:46 EXEC SPC_COMMON_CATALORUE '1';
2018-08-08 02:30:46 EXEC SPC_COM_MENU '1';
2018-08-08 02:30:46 EXEC SPC_COMMON_GROUP 'CAT-12';
2018-08-08 02:30:47 EXEC SPC_COM_MENU '1';
2018-08-08 02:30:47 EXEC SPC_COM_M999_INQ1 '8';
2018-08-08 02:30:48 EXEC SPC_COM_MENU '1';
2018-08-08 02:30:48 EXEC SPC_p003_LST1 '3','cry2','khóc2','50';
2018-08-08 02:30:48 EXEC SPC_COM_MENU '1';
2018-08-08 02:30:48 EXEC SPC_COM_M999_INQ1 '8';
2018-08-08 02:30:50 EXEC SPC_COM_MENU '1';
2018-08-08 02:30:50 EXEC SPC_p003_LST1 '','','','50','1';
2018-08-08 02:30:50 EXEC SPC_COM_MENU '1';
2018-08-08 02:30:50 EXEC SPC_COM_M999_INQ1 '8';
2018-08-08 02:32:23 EXEC SPC_COM_PERMISSION '1','w002';
2018-08-08 02:32:23 EXEC SPC_COM_MENU '1';
2018-08-08 02:32:24 EXEC SPC_W002_FND1
2018-08-08 02:32:27 EXEC SPC_COM_MENU '1';
2018-08-08 02:32:27 EXEC SPC_W002_LST1 'POST-1';
2018-08-08 02:32:27 EXEC SPC_COM_MENU '1';
2018-08-08 02:32:27 EXEC SPC_COMMON_CATALORUE '1';
2018-08-08 02:32:27 EXEC SPC_COM_MENU '1';
2018-08-08 02:32:27 EXEC SPC_COMMON_GROUP 'CAT-12';
2018-08-08 02:32:28 EXEC SPC_COM_MENU '1';
2018-08-08 02:32:28 EXEC SPC_COM_M999_INQ1 '8';
2018-08-08 02:32:28 EXEC SPC_COM_MENU '1';
2018-08-08 02:32:28 EXEC SPC_p003_LST1 '3','cry2','khóc2','50';
2018-08-08 02:32:28 EXEC SPC_COM_MENU '1';
2018-08-08 02:32:28 EXEC SPC_COM_M999_INQ1 '8';
2018-08-08 02:32:35 EXEC SPC_COM_MENU '1';
2018-08-08 02:32:35 EXEC SPC_p003_LST1 '','','','50','1';
2018-08-08 02:32:35 EXEC SPC_COM_MENU '1';
2018-08-08 02:32:35 EXEC SPC_COM_M999_INQ1 '8';
2018-08-08 02:32:42 EXEC SPC_COM_MENU '1';
2018-08-08 02:32:42 EXEC SPC_COM_M999_INQ1 '8';
2018-08-08 02:32:43 EXEC SPC_COM_MENU '1';
2018-08-08 02:32:43 EXEC SPC_p003_LST1 '3','cry','khóc','50';
2018-08-08 02:32:43 EXEC SPC_COM_MENU '1';
2018-08-08 02:32:43 EXEC SPC_COM_M999_INQ1 '8';
2018-08-08 02:32:44 EXEC SPC_COM_MENU '1';
2018-08-08 02:32:44 EXEC SPC_p003_LST1 '','','','50','1';
2018-08-08 02:32:44 EXEC SPC_COM_MENU '1';
2018-08-08 02:32:44 EXEC SPC_COM_M999_INQ1 '8';
2018-08-08 02:33:06 EXEC SPC_COM_PERMISSION '1','w002';
2018-08-08 02:33:06 EXEC SPC_COM_MENU '1';
2018-08-08 02:33:06 EXEC SPC_W002_FND1
2018-08-08 02:33:10 EXEC SPC_COM_MENU '1';
2018-08-08 02:33:10 EXEC SPC_W002_LST1 'POST-1';
2018-08-08 02:33:10 EXEC SPC_COM_MENU '1';
2018-08-08 02:33:10 EXEC SPC_COMMON_CATALORUE '1';
2018-08-08 02:33:10 EXEC SPC_COM_MENU '1';
2018-08-08 02:33:10 EXEC SPC_COMMON_GROUP 'CAT-12';
2018-08-08 02:33:11 EXEC SPC_COM_MENU '1';
2018-08-08 02:33:11 EXEC SPC_COM_M999_INQ1 '8';
2018-08-08 02:33:11 EXEC SPC_COM_MENU '1';
2018-08-08 02:33:11 EXEC SPC_p003_LST1 '3','cry2','khóc2','50';
2018-08-08 02:33:11 EXEC SPC_COM_MENU '1';
2018-08-08 02:33:11 EXEC SPC_COM_M999_INQ1 '8';
2018-08-08 02:33:14 EXEC SPC_COM_MENU '1';
2018-08-08 02:33:14 EXEC SPC_p003_LST1 '','','','50','1';
2018-08-08 02:33:14 EXEC SPC_COM_MENU '1';
2018-08-08 02:33:14 EXEC SPC_COM_M999_INQ1 '8';
2018-08-08 02:34:14 EXEC SPC_COM_MENU '1';
2018-08-08 02:34:14 EXEC SPC_COM_M999_INQ1 '8';
2018-08-08 02:34:14 EXEC SPC_COM_MENU '1';
2018-08-08 02:34:14 EXEC SPC_p003_LST1 '3','cry','khóc','50';
2018-08-08 02:34:14 EXEC SPC_COM_MENU '1';
2018-08-08 02:34:15 EXEC SPC_COM_M999_INQ1 '8';
2018-08-08 02:34:55 EXEC SPC_COM_MENU '1';
2018-08-08 02:34:55 EXEC SPC_COM_M999_INQ1 '8';
2018-08-08 02:34:55 EXEC SPC_COM_MENU '1';
2018-08-08 02:34:55 EXEC SPC_p003_LST1 '3','cry','khóc','50';
2018-08-08 02:34:55 EXEC SPC_COM_MENU '1';
2018-08-08 02:34:55 EXEC SPC_COM_M999_INQ1 '8';
2018-08-08 02:34:57 EXEC SPC_COM_MENU '1';
2018-08-08 02:34:57 EXEC SPC_p003_LST1 '','','','50','1';
2018-08-08 02:34:57 EXEC SPC_COM_MENU '1';
2018-08-08 02:34:57 EXEC SPC_COM_M999_INQ1 '8';
2018-08-08 02:35:10 EXEC SPC_COM_MENU '1';
2018-08-08 02:35:10 EXEC SPC_COM_M999_INQ1 '8';
2018-08-08 02:35:10 EXEC SPC_COM_MENU '1';
2018-08-08 02:35:10 EXEC SPC_p003_LST1 '3','cry','khóc','50';
2018-08-08 02:35:10 EXEC SPC_COM_MENU '1';
2018-08-08 02:35:10 EXEC SPC_COM_M999_INQ1 '8';
2018-08-08 02:35:55 EXEC SPC_COM_PERMISSION '1','w002';
2018-08-08 02:35:55 EXEC SPC_COM_MENU '1';
2018-08-08 02:35:55 EXEC SPC_W002_FND1
2018-08-08 02:36:00 EXEC SPC_COM_MENU '1';
2018-08-08 02:36:00 EXEC SPC_W002_LST1 'POST-1';
2018-08-08 02:36:00 EXEC SPC_COM_MENU '1';
2018-08-08 02:36:00 EXEC SPC_COMMON_CATALORUE '1';
2018-08-08 02:36:00 EXEC SPC_COM_MENU '1';
2018-08-08 02:36:00 EXEC SPC_COMMON_GROUP 'CAT-12';
2018-08-08 02:36:01 EXEC SPC_COM_MENU '1';
2018-08-08 02:36:01 EXEC SPC_COM_M999_INQ1 '8';
2018-08-08 02:36:02 EXEC SPC_COM_MENU '1';
2018-08-08 02:36:02 EXEC SPC_p003_LST1 '3','cry2','khóc2','50';
2018-08-08 02:36:02 EXEC SPC_COM_MENU '1';
2018-08-08 02:36:02 EXEC SPC_COM_M999_INQ1 '8';
2018-08-08 02:36:05 EXEC SPC_COM_MENU '1';
2018-08-08 02:36:05 EXEC SPC_p003_LST1 '','','','50','1';
2018-08-08 02:36:05 EXEC SPC_COM_MENU '1';
2018-08-08 02:36:05 EXEC SPC_COM_M999_INQ1 '8';
2018-08-08 02:36:11 EXEC SPC_COM_MENU '1';
2018-08-08 02:36:11 EXEC SPC_p003_LST1 '','','','50','1';
2018-08-08 02:36:11 EXEC SPC_COM_MENU '1';
2018-08-08 02:36:11 EXEC SPC_COM_M999_INQ1 '8';
2018-08-08 02:36:30 EXEC SPC_COM_MENU '1';
2018-08-08 02:36:30 EXEC SPC_COM_M999_INQ1 '8';
2018-08-08 02:36:30 EXEC SPC_COM_MENU '1';
2018-08-08 02:36:30 EXEC SPC_p003_LST1 '3','cry','khóc','50';
2018-08-08 02:36:30 EXEC SPC_COM_MENU '1';
2018-08-08 02:36:30 EXEC SPC_COM_M999_INQ1 '8';
2018-08-08 02:36:41 EXEC SPC_COM_MENU '1';
2018-08-08 02:36:41 EXEC SPC_COM_M999_INQ1 '8';
2018-08-08 02:36:41 EXEC SPC_COM_MENU '1';
2018-08-08 02:36:41 EXEC SPC_p003_LST1 '3','cry','khóc','50';
2018-08-08 02:36:41 EXEC SPC_COM_MENU '1';
2018-08-08 02:36:41 EXEC SPC_COM_M999_INQ1 '8';
2018-08-08 02:37:22 EXEC SPC_COM_PERMISSION '1','w002';
2018-08-08 02:37:22 EXEC SPC_COM_MENU '1';
2018-08-08 02:37:22 EXEC SPC_W002_FND1
2018-08-08 02:37:26 EXEC SPC_COM_MENU '1';
2018-08-08 02:37:26 EXEC SPC_W002_LST1 'POST-1';
2018-08-08 02:37:26 EXEC SPC_COM_MENU '1';
2018-08-08 02:37:26 EXEC SPC_COMMON_CATALORUE '1';
2018-08-08 02:37:26 EXEC SPC_COM_MENU '1';
2018-08-08 02:37:26 EXEC SPC_COMMON_GROUP 'CAT-12';
2018-08-08 02:37:27 EXEC SPC_COM_MENU '1';
2018-08-08 02:37:27 EXEC SPC_COM_M999_INQ1 '8';
2018-08-08 02:37:27 EXEC SPC_COM_MENU '1';
2018-08-08 02:37:27 EXEC SPC_p003_LST1 '3','cry2','khóc2','50';
2018-08-08 02:37:27 EXEC SPC_COM_MENU '1';
2018-08-08 02:37:27 EXEC SPC_COM_M999_INQ1 '8';
2018-08-08 02:37:32 EXEC SPC_COM_MENU '1';
2018-08-08 02:37:33 EXEC SPC_COM_M999_INQ1 '8';
2018-08-08 02:37:33 EXEC SPC_COM_MENU '1';
2018-08-08 02:37:33 EXEC SPC_p003_LST1 '3','cry2','khóc2','50';
2018-08-08 02:37:33 EXEC SPC_COM_MENU '1';
2018-08-08 02:37:33 EXEC SPC_COM_M999_INQ1 '8';
2018-08-08 02:38:57 EXEC SPC_COM_PERMISSION '1','w002';
2018-08-08 02:38:57 EXEC SPC_COM_MENU '1';
2018-08-08 02:38:57 EXEC SPC_W002_FND1
2018-08-08 02:39:00 EXEC SPC_COM_MENU '1';
2018-08-08 02:39:00 EXEC SPC_W002_LST1 'POST-1';
2018-08-08 02:39:00 EXEC SPC_COM_MENU '1';
2018-08-08 02:39:00 EXEC SPC_COMMON_CATALORUE '1';
2018-08-08 02:39:00 EXEC SPC_COM_MENU '1';
2018-08-08 02:39:00 EXEC SPC_COMMON_GROUP 'CAT-12';
2018-08-08 02:39:01 EXEC SPC_COM_MENU '1';
2018-08-08 02:39:01 EXEC SPC_COM_M999_INQ1 '8';
2018-08-08 02:39:01 EXEC SPC_COM_MENU '1';
2018-08-08 02:39:01 EXEC SPC_p003_LST1 '3','cry2','khóc2','50';
2018-08-08 02:39:01 EXEC SPC_COM_MENU '1';
2018-08-08 02:39:01 EXEC SPC_COM_M999_INQ1 '8';
2018-08-08 02:39:04 EXEC SPC_COM_MENU '1';
2018-08-08 02:39:04 EXEC SPC_p003_LST1 '','','','50','1';
2018-08-08 02:39:04 EXEC SPC_COM_MENU '1';
2018-08-08 02:39:04 EXEC SPC_COM_M999_INQ1 '8';
2018-08-08 02:41:00 EXEC SPC_COM_PERMISSION '1','w002';
2018-08-08 02:41:00 EXEC SPC_COM_MENU '1';
2018-08-08 02:41:00 EXEC SPC_W002_FND1
2018-08-08 02:41:04 EXEC SPC_COM_MENU '1';
2018-08-08 02:41:04 EXEC SPC_W002_LST1 'POST-1';
2018-08-08 02:41:04 EXEC SPC_COM_MENU '1';
2018-08-08 02:41:04 EXEC SPC_COMMON_CATALORUE '1';
2018-08-08 02:41:04 EXEC SPC_COM_MENU '1';
2018-08-08 02:41:04 EXEC SPC_COMMON_GROUP 'CAT-12';
2018-08-08 02:41:05 EXEC SPC_COM_MENU '1';
2018-08-08 02:41:05 EXEC SPC_COM_M999_INQ1 '8';
2018-08-08 02:41:05 EXEC SPC_COM_MENU '1';
2018-08-08 02:41:05 EXEC SPC_p003_LST1 '3','cry2','khóc2','50';
2018-08-08 02:41:05 EXEC SPC_COM_MENU '1';
2018-08-08 02:41:05 EXEC SPC_COM_M999_INQ1 '8';
2018-08-08 02:41:08 EXEC SPC_COM_MENU '1';
2018-08-08 02:41:08 EXEC SPC_p003_LST1 '','','','50','1';
2018-08-08 02:41:08 EXEC SPC_COM_MENU '1';
2018-08-08 02:41:08 EXEC SPC_COM_M999_INQ1 '8';
2018-08-08 02:41:37 EXEC SPC_COM_PERMISSION '1','w002';
2018-08-08 02:41:37 EXEC SPC_COM_MENU '1';
2018-08-08 02:41:37 EXEC SPC_W002_FND1
2018-08-08 02:41:39 EXEC SPC_COM_MENU '1';
2018-08-08 02:41:39 EXEC SPC_W002_LST1 'POST-1';
2018-08-08 02:41:39 EXEC SPC_COM_MENU '1';
2018-08-08 02:41:39 EXEC SPC_COMMON_CATALORUE '1';
2018-08-08 02:41:39 EXEC SPC_COM_MENU '1';
2018-08-08 02:41:39 EXEC SPC_COMMON_GROUP 'CAT-12';
2018-08-08 02:41:40 EXEC SPC_COM_MENU '1';
2018-08-08 02:41:40 EXEC SPC_COM_M999_INQ1 '8';
2018-08-08 02:41:40 EXEC SPC_COM_MENU '1';
2018-08-08 02:41:40 EXEC SPC_p003_LST1 '3','cry2','khóc2','50';
2018-08-08 02:41:40 EXEC SPC_COM_MENU '1';
2018-08-08 02:41:40 EXEC SPC_COM_M999_INQ1 '8';
2018-08-08 02:41:42 EXEC SPC_COM_MENU '1';
2018-08-08 02:41:42 EXEC SPC_p003_LST1 '','','','50','1';
2018-08-08 02:41:43 EXEC SPC_COM_MENU '1';
2018-08-08 02:41:43 EXEC SPC_COM_M999_INQ1 '8';
2018-08-08 02:42:14 EXEC SPC_COM_PERMISSION '1','w002';
2018-08-08 02:42:14 EXEC SPC_COM_MENU '1';
2018-08-08 02:42:14 EXEC SPC_W002_FND1
2018-08-08 02:42:17 EXEC SPC_COM_MENU '1';
2018-08-08 02:42:17 EXEC SPC_W002_LST1 'POST-1';
2018-08-08 02:42:17 EXEC SPC_COM_MENU '1';
2018-08-08 02:42:17 EXEC SPC_COMMON_CATALORUE '1';
2018-08-08 02:42:17 EXEC SPC_COM_MENU '1';
2018-08-08 02:42:17 EXEC SPC_COMMON_GROUP 'CAT-12';
2018-08-08 02:42:18 EXEC SPC_COM_MENU '1';
2018-08-08 02:42:18 EXEC SPC_COM_M999_INQ1 '8';
2018-08-08 02:42:18 EXEC SPC_COM_MENU '1';
2018-08-08 02:42:18 EXEC SPC_p003_LST1 '3','cry2','khóc2','50';
2018-08-08 02:42:18 EXEC SPC_COM_MENU '1';
2018-08-08 02:42:18 EXEC SPC_COM_M999_INQ1 '8';
2018-08-08 02:42:20 EXEC SPC_COM_MENU '1';
2018-08-08 02:42:20 EXEC SPC_p003_LST1 '','','','50','1';
2018-08-08 02:42:20 EXEC SPC_COM_MENU '1';
2018-08-08 02:42:20 EXEC SPC_COM_M999_INQ1 '8';
2018-08-08 02:44:40 EXEC SPC_COM_PERMISSION '1','w002';
2018-08-08 02:44:40 EXEC SPC_COM_MENU '1';
2018-08-08 02:44:40 EXEC SPC_W002_FND1
2018-08-08 02:44:42 EXEC SPC_COM_MENU '1';
2018-08-08 02:44:42 EXEC SPC_W002_LST1 'POST-1';
2018-08-08 02:44:42 EXEC SPC_COM_MENU '1';
2018-08-08 02:44:42 EXEC SPC_COMMON_CATALORUE '1';
2018-08-08 02:44:42 EXEC SPC_COM_MENU '1';
2018-08-08 02:44:42 EXEC SPC_COMMON_GROUP 'CAT-12';
2018-08-08 02:44:44 EXEC SPC_COM_MENU '1';
2018-08-08 02:44:44 EXEC SPC_COM_M999_INQ1 '8';
2018-08-08 02:44:45 EXEC SPC_COM_MENU '1';
2018-08-08 02:44:45 EXEC SPC_p003_LST1 '3','cry2','khóc2','50';
2018-08-08 02:44:45 EXEC SPC_COM_MENU '1';
2018-08-08 02:44:45 EXEC SPC_COM_M999_INQ1 '8';
2018-08-08 02:45:10 EXEC SPC_COM_PERMISSION '1','w002';
2018-08-08 02:45:10 EXEC SPC_COM_MENU '1';
2018-08-08 02:45:10 EXEC SPC_W002_FND1
2018-08-08 02:45:12 EXEC SPC_COM_MENU '1';
2018-08-08 02:45:12 EXEC SPC_W002_LST1 'POST-1';
2018-08-08 02:45:12 EXEC SPC_COM_MENU '1';
2018-08-08 02:45:12 EXEC SPC_COMMON_CATALORUE '1';
2018-08-08 02:45:12 EXEC SPC_COM_MENU '1';
2018-08-08 02:45:12 EXEC SPC_COMMON_GROUP 'CAT-12';
2018-08-08 02:45:13 EXEC SPC_COM_MENU '1';
2018-08-08 02:45:13 EXEC SPC_COM_M999_INQ1 '8';
2018-08-08 02:45:13 EXEC SPC_COM_MENU '1';
2018-08-08 02:45:13 EXEC SPC_p003_LST1 '3','cry2','khóc2','50';
2018-08-08 02:45:13 EXEC SPC_COM_MENU '1';
2018-08-08 02:45:13 EXEC SPC_COM_M999_INQ1 '8';
2018-08-08 02:45:29 EXEC SPC_COM_PERMISSION '1','w002';
2018-08-08 02:45:29 EXEC SPC_COM_MENU '1';
2018-08-08 02:45:29 EXEC SPC_W002_FND1
2018-08-08 02:45:31 EXEC SPC_COM_MENU '1';
2018-08-08 02:45:31 EXEC SPC_W002_LST1 'POST-1';
2018-08-08 02:45:31 EXEC SPC_COM_MENU '1';
2018-08-08 02:45:31 EXEC SPC_COMMON_CATALORUE '1';
2018-08-08 02:45:31 EXEC SPC_COM_MENU '1';
2018-08-08 02:45:31 EXEC SPC_COMMON_GROUP 'CAT-12';
2018-08-08 02:45:32 EXEC SPC_COM_MENU '1';
2018-08-08 02:45:32 EXEC SPC_COM_M999_INQ1 '8';
2018-08-08 02:45:32 EXEC SPC_COM_MENU '1';
2018-08-08 02:45:32 EXEC SPC_p003_LST1 '3','cry2','khóc2','50';
2018-08-08 02:45:32 EXEC SPC_COM_MENU '1';
2018-08-08 02:45:32 EXEC SPC_COM_M999_INQ1 '8';
2018-08-08 02:46:10 EXEC SPC_COM_PERMISSION '1','w002';
2018-08-08 02:46:10 EXEC SPC_COM_MENU '1';
2018-08-08 02:46:10 EXEC SPC_W002_FND1
2018-08-08 02:46:11 EXEC SPC_COM_MENU '1';
2018-08-08 02:46:11 EXEC SPC_W002_LST1 'POST-1';
2018-08-08 02:46:12 EXEC SPC_COM_MENU '1';
2018-08-08 02:46:12 EXEC SPC_COMMON_CATALORUE '1';
2018-08-08 02:46:12 EXEC SPC_COM_MENU '1';
2018-08-08 02:46:12 EXEC SPC_COMMON_GROUP 'CAT-12';
2018-08-08 02:46:12 EXEC SPC_COM_MENU '1';
2018-08-08 02:46:12 EXEC SPC_COM_M999_INQ1 '8';
2018-08-08 02:46:13 EXEC SPC_COM_MENU '1';
2018-08-08 02:46:13 EXEC SPC_p003_LST1 '3','cry2','khóc2','50';
2018-08-08 02:46:13 EXEC SPC_COM_MENU '1';
2018-08-08 02:46:13 EXEC SPC_COM_M999_INQ1 '8';
2018-08-08 02:46:52 EXEC SPC_COM_PERMISSION '1','w002';
2018-08-08 02:46:52 EXEC SPC_COM_MENU '1';
2018-08-08 02:46:52 EXEC SPC_W002_FND1
2018-08-08 02:46:53 EXEC SPC_COM_MENU '1';
2018-08-08 02:46:53 EXEC SPC_W002_LST1 'POST-1';
2018-08-08 02:46:53 EXEC SPC_COM_MENU '1';
2018-08-08 02:46:53 EXEC SPC_COMMON_CATALORUE '1';
2018-08-08 02:46:53 EXEC SPC_COM_MENU '1';
2018-08-08 02:46:53 EXEC SPC_COMMON_GROUP 'CAT-12';
2018-08-08 02:46:55 EXEC SPC_COM_MENU '1';
2018-08-08 02:46:55 EXEC SPC_COM_M999_INQ1 '8';
2018-08-08 02:46:55 EXEC SPC_COM_MENU '1';
2018-08-08 02:46:55 EXEC SPC_p003_LST1 '3','cry2','khóc2','50';
2018-08-08 02:47:43 EXEC SPC_COM_PERMISSION '1','w002';
2018-08-08 02:47:43 EXEC SPC_COM_MENU '1';
2018-08-08 02:47:43 EXEC SPC_W002_FND1
2018-08-08 02:47:44 EXEC SPC_COM_MENU '1';
2018-08-08 02:47:44 EXEC SPC_W002_LST1 'POST-1';
2018-08-08 02:47:44 EXEC SPC_COM_MENU '1';
2018-08-08 02:47:44 EXEC SPC_COMMON_CATALORUE '1';
2018-08-08 02:47:44 EXEC SPC_COM_MENU '1';
2018-08-08 02:47:44 EXEC SPC_COMMON_GROUP 'CAT-12';
2018-08-08 02:47:45 EXEC SPC_COM_MENU '1';
2018-08-08 02:47:45 EXEC SPC_COM_M999_INQ1 '8';
2018-08-08 02:47:45 EXEC SPC_COM_MENU '1';
2018-08-08 02:47:45 EXEC SPC_p003_LST1 '3','cry2','khóc2','50';
2018-08-08 02:48:03 EXEC SPC_COM_PERMISSION '1','w002';
2018-08-08 02:48:03 EXEC SPC_COM_MENU '1';
2018-08-08 02:48:03 EXEC SPC_W002_FND1
2018-08-08 02:48:05 EXEC SPC_COM_MENU '1';
2018-08-08 02:48:05 EXEC SPC_W002_LST1 'POST-1';
2018-08-08 02:48:05 EXEC SPC_COM_MENU '1';
2018-08-08 02:48:05 EXEC SPC_COMMON_CATALORUE '1';
2018-08-08 02:48:05 EXEC SPC_COM_MENU '1';
2018-08-08 02:48:06 EXEC SPC_COMMON_GROUP 'CAT-12';
2018-08-08 02:48:06 EXEC SPC_COM_MENU '1';
2018-08-08 02:48:06 EXEC SPC_COM_M999_INQ1 '8';
2018-08-08 02:48:07 EXEC SPC_COM_MENU '1';
2018-08-08 02:48:07 EXEC SPC_p003_LST1 '3','cry2','khóc2','50';
2018-08-08 02:48:55 EXEC SPC_COM_PERMISSION '1','w002';
2018-08-08 02:48:55 EXEC SPC_COM_MENU '1';
2018-08-08 02:48:55 EXEC SPC_W002_FND1
2018-08-08 02:51:50 EXEC SPC_COM_PERMISSION '1','w002';
2018-08-08 02:51:51 EXEC SPC_COM_MENU '1';
2018-08-08 02:51:51 EXEC SPC_W002_FND1
2018-08-08 02:51:52 EXEC SPC_COM_MENU '1';
2018-08-08 02:51:52 EXEC SPC_W002_LST1 'POST-1';
2018-08-08 02:51:52 EXEC SPC_COM_MENU '1';
2018-08-08 02:51:52 EXEC SPC_COMMON_CATALORUE '1';
2018-08-08 02:51:53 EXEC SPC_COM_MENU '1';
2018-08-08 02:51:53 EXEC SPC_COMMON_GROUP 'CAT-12';
2018-08-08 02:51:54 EXEC SPC_COM_MENU '1';
2018-08-08 02:51:54 EXEC SPC_COM_M999_INQ1 '8';
2018-08-08 02:51:54 EXEC SPC_COM_MENU '1';
2018-08-08 02:51:54 EXEC SPC_p003_LST1 '3','cry2','khóc2','50';
2018-08-08 02:51:54 EXEC SPC_COM_MENU '1';
2018-08-08 02:51:54 EXEC SPC_COM_M999_INQ1 '8';
2018-08-08 02:51:56 EXEC SPC_COM_MENU '1';
2018-08-08 02:51:56 EXEC SPC_p003_LST1 '','','','50','1';
2018-08-08 02:51:57 EXEC SPC_COM_MENU '1';
2018-08-08 02:51:57 EXEC SPC_COM_M999_INQ1 '8';
2018-08-08 03:02:58 EXEC SPC_COM_PERMISSION '1','w002';
2018-08-08 03:02:58 EXEC SPC_COM_MENU '1';
2018-08-08 03:02:58 EXEC SPC_W002_FND1
2018-08-08 03:03:01 EXEC SPC_COM_MENU '1';
2018-08-08 03:03:01 EXEC SPC_W002_LST1 'POST-1';
2018-08-08 03:03:01 EXEC SPC_COM_MENU '1';
2018-08-08 03:03:01 EXEC SPC_COMMON_CATALORUE '1';
2018-08-08 03:03:01 EXEC SPC_COM_MENU '1';
2018-08-08 03:03:01 EXEC SPC_COMMON_GROUP 'CAT-12';
2018-08-08 03:03:02 EXEC SPC_COM_MENU '1';
2018-08-08 03:03:02 EXEC SPC_COM_M999_INQ1 '8';
2018-08-08 03:03:02 EXEC SPC_COM_MENU '1';
2018-08-08 03:03:02 EXEC SPC_p003_LST1 '3','cry2','khóc2','50';
2018-08-08 03:03:04 EXEC SPC_COM_MENU '1';
2018-08-08 03:03:04 EXEC SPC_p003_LST1 '','','','50','1';
2018-08-08 04:01:24 EXEC SPC_COM_MENU '1';
2018-08-08 04:01:24 EXEC SPC_COM_M999_INQ1 '8';
2018-08-08 04:01:24 EXEC SPC_COM_MENU '1';
2018-08-08 04:01:24 EXEC SPC_p003_LST1 '3','cry2','khóc2','50';
2018-08-08 04:01:27 EXEC SPC_COM_MENU '1';
2018-08-08 04:01:27 EXEC SPC_p003_LST1 '','','','50','1';
2018-08-08 04:01:58 EXEC SPC_COM_MENU '1';
2018-08-08 04:01:58 EXEC SPC_COMMON_CATALORUE '2';
2018-08-08 04:02:02 EXEC SPC_COM_MENU '1';
2018-08-08 04:02:02 EXEC SPC_COMMON_GROUP 'CAT-7';
2018-08-08 04:02:11 EXEC SPC_COM_MENU '1';
2018-08-08 04:02:11 EXEC SPC_COMMON_CATALORUE '3';
2018-08-08 04:02:18 EXEC SPC_COM_MENU '1';
2018-08-08 04:02:18 EXEC SPC_COMMON_CATALORUE '7';
2018-08-08 04:02:19 EXEC SPC_COM_MENU '1';
2018-08-08 04:02:19 EXEC SPC_COMMON_GROUP 'CAT-1025';
2018-08-08 04:02:45 EXEC SPC_COM_MENU '1';
2018-08-08 04:02:45 EXEC SPC_w002_ACT1 'POST-1','7','CAT-1025','GRO-15','Khi người mình yêu khóc','<pre>
t&ocirc;i cũng đớn đau t&ocirc;i cũng đớn l&ograve;ng</pre>
','/web-content/images/relax_image/image_5b6a6b6562b55.jpg','image_5b6a6b6562b55.jpg','2','<row row_id="0" vocabulary_id="1" vocabulary_dtl_id="3" vocabulary_div="3" vocabulary_nm="cry2" spelling="kurai2" mean="khóc2" explain="nước mắt rơi2" /><row row_id="1" vocabulary_id="2" vocabulary_dtl_id="1" vocabulary_div="1" vocabulary_nm="lover" spelling="lớp vờ" mean="người yêu" explain="yêu cc" /><row row_id="2" vocabulary_id="2" vocabulary_dtl_id="2" vocabulary_div="2" vocabulary_nm="lover1" spelling="lớp vờ1" mean="người yêu1" explain="yêu cc1" /><row row_id="3" vocabulary_id="2" vocabulary_dtl_id="3" vocabulary_div="3" vocabulary_nm="lover2" spelling="lớp vờ2" mean="người yêu2" explain="yêu cc2" /><row row_id="4" vocabulary_id="2" vocabulary_dtl_id="4" vocabulary_div="4" vocabulary_nm="lover3" spelling="lớp vờ3" mean="người yêu3" explain="yêu cc3" />','','ndq809','127.0.0.1';
2018-08-08 04:02:48 EXEC SPC_COM_MENU '1';
2018-08-08 04:02:48 EXEC SPC_W002_LST1 'POST-1';
2018-08-08 04:02:48 EXEC SPC_COM_MENU '1';
2018-08-08 04:02:48 EXEC SPC_COMMON_CATALORUE '7';
2018-08-08 04:02:48 EXEC SPC_COM_MENU '1';
2018-08-08 04:02:48 EXEC SPC_COMMON_GROUP 'CAT-1025';
2018-08-08 04:03:23 EXEC SPC_COM_MENU '1';
2018-08-08 04:03:23 EXEC SPC_COMMON_CATALORUE '1';
2018-08-08 04:03:26 EXEC SPC_COM_MENU '1';
2018-08-08 04:03:26 EXEC SPC_COMMON_GROUP 'CAT-12';
2018-08-08 04:03:29 EXEC SPC_COM_MENU '1';
2018-08-08 04:03:29 EXEC SPC_COM_M999_INQ1 '8';
2018-08-08 04:03:29 EXEC SPC_COM_MENU '1';
2018-08-08 04:03:29 EXEC SPC_p003_LST1 '3','cry2','khóc2','50';
2018-08-08 04:03:31 EXEC SPC_COM_MENU '1';
2018-08-08 04:03:31 EXEC SPC_p003_LST1 '','','','50','1';
2018-08-08 04:07:18 EXEC SPC_COM_PERMISSION '1','w002';
2018-08-08 04:07:18 EXEC SPC_COM_MENU '1';
2018-08-08 04:07:18 EXEC SPC_W002_FND1
2018-08-08 04:07:21 EXEC SPC_COM_MENU '1';
2018-08-08 04:07:21 EXEC SPC_W002_LST1 'POST-1';
2018-08-08 04:07:21 EXEC SPC_COM_MENU '1';
2018-08-08 04:07:21 EXEC SPC_COMMON_CATALORUE '7';
2018-08-08 04:07:21 EXEC SPC_COM_MENU '1';
2018-08-08 04:07:21 EXEC SPC_COMMON_GROUP 'CAT-1025';
2018-08-08 04:07:24 EXEC SPC_COM_MENU '1';
2018-08-08 04:07:24 EXEC SPC_COMMON_CATALORUE '1';
2018-08-08 04:07:26 EXEC SPC_COM_MENU '1';
2018-08-08 04:07:26 EXEC SPC_COMMON_GROUP 'CAT-12';
2018-08-08 04:07:32 EXEC SPC_COM_MENU '1';
2018-08-08 04:07:32 EXEC SPC_COM_M999_INQ1 '8';
2018-08-08 04:07:32 EXEC SPC_COM_MENU '1';
2018-08-08 04:07:32 EXEC SPC_p003_LST1 '3','cry2','khóc2','50';
2018-08-08 04:07:34 EXEC SPC_COM_MENU '1';
2018-08-08 04:07:34 EXEC SPC_p003_LST1 '','','','50','1';
2018-08-08 04:08:51 EXEC SPC_COM_PERMISSION '1','w002';
2018-08-08 04:08:51 EXEC SPC_COM_MENU '1';
2018-08-08 04:08:51 EXEC SPC_W002_FND1
2018-08-08 04:08:53 EXEC SPC_COM_MENU '1';
2018-08-08 04:08:53 EXEC SPC_W002_LST1 'POST-1';
2018-08-08 04:08:53 EXEC SPC_COM_MENU '1';
2018-08-08 04:08:53 EXEC SPC_COMMON_CATALORUE '7';
2018-08-08 04:08:53 EXEC SPC_COM_MENU '1';
2018-08-08 04:08:53 EXEC SPC_COMMON_GROUP 'CAT-1025';
2018-08-08 04:08:56 EXEC SPC_COM_MENU '1';
2018-08-08 04:08:56 EXEC SPC_COMMON_CATALORUE '1';
2018-08-08 04:08:57 EXEC SPC_COM_MENU '1';
2018-08-08 04:08:57 EXEC SPC_COM_M999_INQ1 '8';
2018-08-08 04:08:57 EXEC SPC_COM_MENU '1';
2018-08-08 04:08:57 EXEC SPC_p003_LST1 '3','cry2','khóc2','50';
2018-08-08 04:08:58 EXEC SPC_COM_MENU '1';
2018-08-08 04:08:58 EXEC SPC_p003_LST1 '3','cry2','khóc2','50','1';
2018-08-08 04:08:59 EXEC SPC_COM_MENU '1';
2018-08-08 04:08:59 EXEC SPC_p003_LST1 '3','cry2','khóc2','50','1';
2018-08-08 04:09:01 EXEC SPC_COM_MENU '1';
2018-08-08 04:09:01 EXEC SPC_p003_LST1 '','','','50','1';
2018-08-08 04:09:13 EXEC SPC_COM_PERMISSION '1','w002';
2018-08-08 04:09:13 EXEC SPC_COM_MENU '1';
2018-08-08 04:09:13 EXEC SPC_W002_FND1
2018-08-08 04:09:14 EXEC SPC_COM_MENU '1';
2018-08-08 04:09:14 EXEC SPC_W002_LST1 'POST-1';
2018-08-08 04:09:14 EXEC SPC_COM_MENU '1';
2018-08-08 04:09:14 EXEC SPC_COMMON_CATALORUE '7';
2018-08-08 04:09:15 EXEC SPC_COM_MENU '1';
2018-08-08 04:09:15 EXEC SPC_COMMON_GROUP 'CAT-1025';
2018-08-08 04:09:16 EXEC SPC_COM_MENU '1';
2018-08-08 04:09:16 EXEC SPC_COMMON_CATALORUE '1';
2018-08-08 04:09:17 EXEC SPC_COM_MENU '1';
2018-08-08 04:09:17 EXEC SPC_COM_M999_INQ1 '8';
2018-08-08 04:09:18 EXEC SPC_COM_MENU '1';
2018-08-08 04:09:18 EXEC SPC_p003_LST1 '3','cry2','khóc2','50';
2018-08-08 04:09:19 EXEC SPC_COM_MENU '1';
2018-08-08 04:09:19 EXEC SPC_p003_LST1 '3','cry2','khóc2','50','1';
2018-08-08 04:09:21 EXEC SPC_COM_MENU '1';
2018-08-08 04:09:21 EXEC SPC_p003_LST1 '','','','50','1';
2018-08-08 04:10:40 EXEC SPC_COM_PERMISSION '1','w002';
2018-08-08 04:10:40 EXEC SPC_COM_MENU '1';
2018-08-08 04:10:40 EXEC SPC_W002_FND1
2018-08-08 04:10:43 EXEC SPC_COM_MENU '1';
2018-08-08 04:10:43 EXEC SPC_W002_LST1 'POST-1';
2018-08-08 04:10:43 EXEC SPC_COM_MENU '1';
2018-08-08 04:10:43 EXEC SPC_COMMON_CATALORUE '7';
2018-08-08 04:10:43 EXEC SPC_COM_MENU '1';
2018-08-08 04:10:43 EXEC SPC_COMMON_GROUP 'CAT-1025';
2018-08-08 04:10:45 EXEC SPC_COM_MENU '1';
2018-08-08 04:10:45 EXEC SPC_COMMON_CATALORUE '1';
2018-08-08 04:10:46 EXEC SPC_COM_MENU '1';
2018-08-08 04:10:46 EXEC SPC_COM_M999_INQ1 '8';
2018-08-08 04:10:47 EXEC SPC_COM_MENU '1';
2018-08-08 04:10:47 EXEC SPC_p003_LST1 '3','cry2','khóc2','50';
2018-08-08 04:10:48 EXEC SPC_COM_MENU '1';
2018-08-08 04:10:48 EXEC SPC_p003_LST1 '3','cry2','khóc2','50','1';
2018-08-08 04:10:49 EXEC SPC_COM_MENU '1';
2018-08-08 04:10:49 EXEC SPC_p003_LST1 '','','','50','1';
2018-08-08 04:11:04 EXEC SPC_COM_PERMISSION '1','w002';
2018-08-08 04:11:04 EXEC SPC_COM_MENU '1';
2018-08-08 04:11:04 EXEC SPC_W002_FND1
2018-08-08 04:11:11 EXEC SPC_COM_MENU '1';
2018-08-08 04:11:11 EXEC SPC_W002_LST1 'POST-1';
2018-08-08 04:11:12 EXEC SPC_COM_MENU '1';
2018-08-08 04:11:12 EXEC SPC_COMMON_CATALORUE '7';
2018-08-08 04:11:12 EXEC SPC_COM_MENU '1';
2018-08-08 04:11:12 EXEC SPC_COMMON_GROUP 'CAT-1025';
2018-08-08 04:11:14 EXEC SPC_COM_MENU '1';
2018-08-08 04:11:14 EXEC SPC_COMMON_CATALORUE '1';
2018-08-08 04:11:16 EXEC SPC_COM_MENU '1';
2018-08-08 04:11:16 EXEC SPC_COM_M999_INQ1 '8';
2018-08-08 04:11:16 EXEC SPC_COM_MENU '1';
2018-08-08 04:11:16 EXEC SPC_p003_LST1 '3','cry2','khóc2','50';
2018-08-08 04:11:18 EXEC SPC_COM_MENU '1';
2018-08-08 04:11:18 EXEC SPC_p003_LST1 '','','','50','1';
2018-08-08 04:11:51 EXEC SPC_COM_PERMISSION '1','w002';
2018-08-08 04:11:51 EXEC SPC_COM_MENU '1';
2018-08-08 04:11:51 EXEC SPC_W002_FND1
2018-08-08 04:11:56 EXEC SPC_COM_MENU '1';
2018-08-08 04:11:56 EXEC SPC_W002_LST1 'POST-1';
2018-08-08 04:11:56 EXEC SPC_COM_MENU '1';
2018-08-08 04:11:56 EXEC SPC_COMMON_CATALORUE '7';
2018-08-08 04:11:56 EXEC SPC_COM_MENU '1';
2018-08-08 04:11:56 EXEC SPC_COMMON_GROUP 'CAT-1025';
2018-08-08 04:11:58 EXEC SPC_COM_MENU '1';
2018-08-08 04:11:58 EXEC SPC_COMMON_CATALORUE '1';
2018-08-08 04:12:01 EXEC SPC_COM_MENU '1';
2018-08-08 04:12:01 EXEC SPC_COMMON_GROUP 'CAT-12';
2018-08-08 04:12:05 EXEC SPC_COM_MENU '1';
2018-08-08 04:12:05 EXEC SPC_w002_ACT1 'POST-1','1','CAT-12','GRO-5','Khi người mình yêu khóc','<pre>
t&ocirc;i cũng đớn đau t&ocirc;i cũng đớn l&ograve;ng</pre>
','','','0','<row row_id="0" vocabulary_id="1" vocabulary_dtl_id="3" vocabulary_div="3" vocabulary_nm="cry2" spelling="kurai2" mean="khóc2" explain="nước mắt rơi2" /><row row_id="1" vocabulary_id="2" vocabulary_dtl_id="1" vocabulary_div="1" vocabulary_nm="lover" spelling="lớp vờ" mean="người yêu" explain="yêu cc" /><row row_id="2" vocabulary_id="2" vocabulary_dtl_id="2" vocabulary_div="2" vocabulary_nm="lover1" spelling="lớp vờ1" mean="người yêu1" explain="yêu cc1" /><row row_id="3" vocabulary_id="2" vocabulary_dtl_id="3" vocabulary_div="3" vocabulary_nm="lover2" spelling="lớp vờ2" mean="người yêu2" explain="yêu cc2" /><row row_id="4" vocabulary_id="2" vocabulary_dtl_id="4" vocabulary_div="4" vocabulary_nm="lover3" spelling="lớp vờ3" mean="người yêu3" explain="yêu cc3" />','','ndq809','127.0.0.1';
2018-08-08 04:12:06 EXEC SPC_COM_MENU '1';
2018-08-08 04:12:06 EXEC SPC_W002_LST1 'POST-1';
2018-08-08 04:12:06 EXEC SPC_COM_MENU '1';
2018-08-08 04:12:06 EXEC SPC_COMMON_CATALORUE '1';
2018-08-08 04:12:07 EXEC SPC_COM_MENU '1';
2018-08-08 04:12:07 EXEC SPC_COMMON_GROUP 'CAT-12';
2018-08-08 04:12:08 EXEC SPC_COM_MENU '1';
2018-08-08 04:12:08 EXEC SPC_COM_M999_INQ1 '8';
2018-08-08 04:12:08 EXEC SPC_COM_MENU '1';
2018-08-08 04:12:08 EXEC SPC_p003_LST1 '3','cry2','khóc2','50';
2018-08-08 04:12:10 EXEC SPC_COM_MENU '1';
2018-08-08 04:12:10 EXEC SPC_p003_LST1 '','','','50','1';
2018-08-08 04:13:02 EXEC SPC_COM_PERMISSION '1','w002';
2018-08-08 04:13:02 EXEC SPC_COM_MENU '1';
2018-08-08 04:13:02 EXEC SPC_W002_FND1
2018-08-08 04:13:03 EXEC SPC_COM_MENU '1';
2018-08-08 04:13:03 EXEC SPC_W002_LST1 'POST-1';
2018-08-08 04:13:03 EXEC SPC_COM_MENU '1';
2018-08-08 04:13:03 EXEC SPC_COMMON_CATALORUE '1';
2018-08-08 04:13:03 EXEC SPC_COM_MENU '1';
2018-08-08 04:13:03 EXEC SPC_COMMON_GROUP 'CAT-12';
2018-08-08 04:13:04 EXEC SPC_COM_MENU '1';
2018-08-08 04:13:04 EXEC SPC_COM_M999_INQ1 '8';
2018-08-08 04:13:05 EXEC SPC_COM_MENU '1';
2018-08-08 04:13:05 EXEC SPC_p003_LST1 '3','cry2','khóc2','50';
2018-08-08 04:13:07 EXEC SPC_COM_MENU '1';
2018-08-08 04:13:07 EXEC SPC_p003_LST1 '','','','50','1';
2018-08-08 04:16:18 EXEC SPC_COM_PERMISSION '1','w002';
2018-08-08 04:16:18 EXEC SPC_COM_MENU '1';
2018-08-08 04:16:18 EXEC SPC_W002_FND1
2018-08-08 04:16:21 EXEC SPC_COM_MENU '1';
2018-08-08 04:16:21 EXEC SPC_W002_LST1 'POST-1';
2018-08-08 04:16:21 EXEC SPC_COM_MENU '1';
2018-08-08 04:16:21 EXEC SPC_COMMON_CATALORUE '1';
2018-08-08 04:16:21 EXEC SPC_COM_MENU '1';
2018-08-08 04:16:21 EXEC SPC_COMMON_GROUP 'CAT-12';
2018-08-08 04:16:22 EXEC SPC_COM_MENU '1';
2018-08-08 04:16:22 EXEC SPC_COM_M999_INQ1 '8';
2018-08-08 04:16:23 EXEC SPC_COM_MENU '1';
2018-08-08 04:16:23 EXEC SPC_p003_LST1 '3','cry2','khóc2','50';
2018-08-08 04:16:25 EXEC SPC_COM_MENU '1';
2018-08-08 04:16:25 EXEC SPC_p003_LST1 '','','','50','1';
2018-08-08 04:16:43 EXEC SPC_COM_PERMISSION '1','w002';
2018-08-08 04:16:43 EXEC SPC_COM_MENU '1';
2018-08-08 04:16:43 EXEC SPC_W002_FND1
2018-08-08 04:16:46 EXEC SPC_COM_MENU '1';
2018-08-08 04:16:46 EXEC SPC_W002_LST1 'POST-1';
2018-08-08 04:16:46 EXEC SPC_COM_MENU '1';
2018-08-08 04:16:46 EXEC SPC_COMMON_CATALORUE '1';
2018-08-08 04:16:46 EXEC SPC_COM_MENU '1';
2018-08-08 04:16:47 EXEC SPC_COMMON_GROUP 'CAT-12';
2018-08-08 04:16:48 EXEC SPC_COM_MENU '1';
2018-08-08 04:16:48 EXEC SPC_COM_M999_INQ1 '8';
2018-08-08 04:16:48 EXEC SPC_COM_MENU '1';
2018-08-08 04:16:48 EXEC SPC_p003_LST1 '3','cry2','khóc2','50';
2018-08-08 04:16:50 EXEC SPC_COM_MENU '1';
2018-08-08 04:16:50 EXEC SPC_p003_LST1 '','','','50','1';
2018-08-08 04:17:40 EXEC SPC_COM_PERMISSION '1','w002';
2018-08-08 04:17:40 EXEC SPC_COM_MENU '1';
2018-08-08 04:17:40 EXEC SPC_W002_FND1
2018-08-08 04:17:43 EXEC SPC_COM_MENU '1';
2018-08-08 04:17:43 EXEC SPC_W002_LST1 'POST-1';
2018-08-08 04:17:43 EXEC SPC_COM_MENU '1';
2018-08-08 04:17:43 EXEC SPC_COMMON_CATALORUE '1';
2018-08-08 04:17:43 EXEC SPC_COM_MENU '1';
2018-08-08 04:17:43 EXEC SPC_COMMON_GROUP 'CAT-12';
2018-08-08 04:17:45 EXEC SPC_COM_MENU '1';
2018-08-08 04:17:45 EXEC SPC_COM_M999_INQ1 '8';
2018-08-08 04:17:45 EXEC SPC_COM_MENU '1';
2018-08-08 04:17:45 EXEC SPC_p003_LST1 '3','cry2','khóc2','50';
2018-08-08 04:17:47 EXEC SPC_COM_MENU '1';
2018-08-08 04:17:47 EXEC SPC_p003_LST1 '','','','50','1';
2018-08-08 04:17:57 EXEC SPC_COM_PERMISSION '1','w002';
2018-08-08 04:17:57 EXEC SPC_COM_MENU '1';
2018-08-08 04:17:57 EXEC SPC_W002_FND1
2018-08-08 04:18:00 EXEC SPC_COM_MENU '1';
2018-08-08 04:18:00 EXEC SPC_W002_LST1 'POST-1';
2018-08-08 04:18:00 EXEC SPC_COM_MENU '1';
2018-08-08 04:18:00 EXEC SPC_COMMON_CATALORUE '1';
2018-08-08 04:18:00 EXEC SPC_COM_MENU '1';
2018-08-08 04:18:00 EXEC SPC_COMMON_GROUP 'CAT-12';
2018-08-08 04:18:02 EXEC SPC_COM_MENU '1';
2018-08-08 04:18:02 EXEC SPC_COM_M999_INQ1 '8';
2018-08-08 04:18:02 EXEC SPC_COM_MENU '1';
2018-08-08 04:18:02 EXEC SPC_p003_LST1 '3','cry2','khóc2','50';
2018-08-08 04:18:04 EXEC SPC_COM_MENU '1';
2018-08-08 04:18:04 EXEC SPC_p003_LST1 '','','','50','1';
2018-08-08 04:19:32 EXEC SPC_COM_MENU '1';
2018-08-08 04:19:32 EXEC SPC_COM_M999_INQ1 '8';
2018-08-08 04:19:32 EXEC SPC_COM_MENU '1';
2018-08-08 04:19:32 EXEC SPC_p003_LST1 '','','','50';
2018-08-08 04:19:40 EXEC SPC_COM_MENU '1';
2018-08-08 04:19:40 EXEC SPC_COM_M999_INQ1 '8';
2018-08-08 04:19:40 EXEC SPC_COM_MENU '1';
2018-08-08 04:19:40 EXEC SPC_p003_LST1 '3','cry1','khóc1','50';
2018-08-08 04:19:44 EXEC SPC_COM_MENU '1';
2018-08-08 04:19:44 EXEC SPC_p003_LST1 '','','','50','1';
2018-08-08 04:21:42 EXEC SPC_COM_PERMISSION '1','w002';
2018-08-08 04:21:42 EXEC SPC_COM_MENU '1';
2018-08-08 04:21:42 EXEC SPC_W002_FND1
2018-08-08 04:21:44 EXEC SPC_COM_MENU '1';
2018-08-08 04:21:44 EXEC SPC_W002_LST1 'POST-1';
2018-08-08 04:21:45 EXEC SPC_COM_MENU '1';
2018-08-08 04:21:45 EXEC SPC_COMMON_CATALORUE '1';
2018-08-08 04:21:45 EXEC SPC_COM_MENU '1';
2018-08-08 04:21:45 EXEC SPC_COMMON_GROUP 'CAT-12';
2018-08-08 04:21:45 EXEC SPC_COM_MENU '1';
2018-08-08 04:21:45 EXEC SPC_COM_M999_INQ1 '8';
2018-08-08 04:21:46 EXEC SPC_COM_MENU '1';
2018-08-08 04:21:46 EXEC SPC_p003_LST1 '3','cry2','khóc2','50';
2018-08-08 04:21:47 EXEC SPC_COM_MENU '1';
2018-08-08 04:21:47 EXEC SPC_p003_LST1 '','','','50','1';
2018-08-08 04:22:31 EXEC SPC_COM_PERMISSION '1','w002';
2018-08-08 04:22:31 EXEC SPC_COM_MENU '1';
2018-08-08 04:22:31 EXEC SPC_W002_FND1
2018-08-08 04:22:34 EXEC SPC_COM_MENU '1';
2018-08-08 04:22:34 EXEC SPC_W002_LST1 'POST-1';
2018-08-08 04:22:34 EXEC SPC_COM_MENU '1';
2018-08-08 04:22:34 EXEC SPC_COMMON_CATALORUE '1';
2018-08-08 04:22:34 EXEC SPC_COM_MENU '1';
2018-08-08 04:22:34 EXEC SPC_COMMON_GROUP 'CAT-12';
2018-08-08 04:22:35 EXEC SPC_COM_MENU '1';
2018-08-08 04:22:35 EXEC SPC_COM_M999_INQ1 '8';
2018-08-08 04:22:35 EXEC SPC_COM_MENU '1';
2018-08-08 04:22:35 EXEC SPC_p003_LST1 '3','cry2','khóc2','50';
2018-08-08 04:22:36 EXEC SPC_COM_MENU '1';
2018-08-08 04:22:36 EXEC SPC_p003_LST1 '','','','50','1';
2018-08-08 04:23:05 EXEC SPC_COM_MENU '1';
2018-08-08 04:23:05 EXEC SPC_COM_M999_INQ1 '8';
2018-08-08 04:23:05 EXEC SPC_COM_MENU '1';
2018-08-08 04:23:05 EXEC SPC_p003_LST1 '4','lover3','người yêu3','50';
2018-08-08 04:23:08 EXEC SPC_COM_MENU '1';
2018-08-08 04:23:08 EXEC SPC_p003_LST1 '','','','50','1';
2018-08-08 04:23:14 EXEC SPC_COM_MENU '1';
2018-08-08 04:23:14 EXEC SPC_w002_ACT1 'POST-1','1','CAT-12','GRO-5','Khi người mình yêu khóc','<pre>
t&ocirc;i cũng đớn đau t&ocirc;i cũng đớn l&ograve;ng</pre>
','','','0','<row row_id="0" vocabulary_id="1" vocabulary_dtl_id="3" vocabulary_div="3" vocabulary_nm="cry2" spelling="kurai2" mean="khóc2" explain="nước mắt rơi2" /><row row_id="1" vocabulary_id="2" vocabulary_dtl_id="1" vocabulary_div="1" vocabulary_nm="lover" spelling="lớp vờ" mean="người yêu" explain="yêu cc" /><row row_id="2" vocabulary_id="2" vocabulary_dtl_id="2" vocabulary_div="2" vocabulary_nm="lover1" spelling="lớp vờ1" mean="người yêu1" explain="yêu cc1" /><row row_id="3" vocabulary_id="2" vocabulary_dtl_id="3" vocabulary_div="3" vocabulary_nm="lover2" spelling="lớp vờ2" mean="người yêu2" explain="yêu cc2" /><row row_id="4" vocabulary_id="2" vocabulary_dtl_id="2" vocabulary_div="2" vocabulary_nm="lover1" spelling="lớp vờ1" mean="người yêu1" explain="yêu cc1" />','','ndq809','127.0.0.1';
2018-08-08 04:23:33 EXEC SPC_COM_PERMISSION '1','w002';
2018-08-08 04:23:33 EXEC SPC_COM_MENU '1';
2018-08-08 04:23:33 EXEC SPC_W002_FND1
2018-08-08 04:23:34 EXEC SPC_COM_MENU '1';
2018-08-08 04:23:34 EXEC SPC_W002_LST1 'POST-1';
2018-08-08 04:23:35 EXEC SPC_COM_MENU '1';
2018-08-08 04:23:35 EXEC SPC_COMMON_CATALORUE '1';
2018-08-08 04:23:35 EXEC SPC_COM_MENU '1';
2018-08-08 04:23:35 EXEC SPC_COMMON_GROUP 'CAT-12';
2018-08-08 04:25:01 EXEC SPC_COM_MENU '1';
2018-08-08 04:25:01 EXEC SPC_COM_M999_INQ1 '8';
2018-08-08 04:25:01 EXEC SPC_COM_MENU '1';
2018-08-08 04:25:01 EXEC SPC_p003_LST1 '3','cry2','khóc2','50';
2018-08-08 04:25:14 EXEC SPC_COM_MENU '1';
2018-08-08 04:25:14 EXEC SPC_p003_LST1 '','','','50','1';
2018-08-08 04:32:33 EXEC SPC_COM_PERMISSION '1','w002';
2018-08-08 04:32:33 EXEC SPC_COM_MENU '1';
2018-08-08 04:32:33 EXEC SPC_W002_FND1
2018-08-08 04:32:35 EXEC SPC_COM_MENU '1';
2018-08-08 04:32:35 EXEC SPC_W002_LST1 'POST-1';
2018-08-08 04:32:35 EXEC SPC_COM_MENU '1';
2018-08-08 04:32:35 EXEC SPC_COMMON_CATALORUE '1';
2018-08-08 04:32:35 EXEC SPC_COM_MENU '1';
2018-08-08 04:32:35 EXEC SPC_COMMON_GROUP 'CAT-12';
2018-08-08 04:32:36 EXEC SPC_COM_MENU '1';
2018-08-08 04:32:36 EXEC SPC_COM_M999_INQ1 '8';
2018-08-08 04:32:36 EXEC SPC_COM_MENU '1';
2018-08-08 04:32:36 EXEC SPC_p003_LST1 '3','cry2','khóc2','50';
2018-08-08 04:32:39 EXEC SPC_COM_MENU '1';
2018-08-08 04:32:39 EXEC SPC_p003_LST1 '','','','50','1';
2018-08-08 04:34:17 EXEC SPC_COM_PERMISSION '1','w002';
2018-08-08 04:34:17 EXEC SPC_COM_MENU '1';
2018-08-08 04:34:17 EXEC SPC_W002_FND1
2018-08-08 04:34:19 EXEC SPC_COM_MENU '1';
2018-08-08 04:34:19 EXEC SPC_W002_LST1 'POST-1';
2018-08-08 04:34:19 EXEC SPC_COM_MENU '1';
2018-08-08 04:34:19 EXEC SPC_COMMON_CATALORUE '1';
2018-08-08 04:34:19 EXEC SPC_COM_MENU '1';
2018-08-08 04:34:19 EXEC SPC_COMMON_GROUP 'CAT-12';
2018-08-08 04:34:20 EXEC SPC_COM_MENU '1';
2018-08-08 04:34:20 EXEC SPC_COM_M999_INQ1 '8';
2018-08-08 04:34:20 EXEC SPC_COM_MENU '1';
2018-08-08 04:34:20 EXEC SPC_p003_LST1 '3','cry2','khóc2','50';
2018-08-08 04:34:21 EXEC SPC_COM_MENU '1';
2018-08-08 04:34:21 EXEC SPC_p003_LST1 '','','','50','1';
2018-08-08 04:34:43 EXEC SPC_COM_PERMISSION '1','w002';
2018-08-08 04:34:43 EXEC SPC_COM_MENU '1';
2018-08-08 04:34:43 EXEC SPC_W002_FND1
2018-08-08 04:34:49 EXEC SPC_COM_MENU '1';
2018-08-08 04:34:49 EXEC SPC_W002_LST1 'POST-1';
2018-08-08 04:34:49 EXEC SPC_COM_MENU '1';
2018-08-08 04:34:49 EXEC SPC_COMMON_CATALORUE '1';
2018-08-08 04:34:49 EXEC SPC_COM_MENU '1';
2018-08-08 04:34:49 EXEC SPC_COMMON_GROUP 'CAT-12';
2018-08-08 04:34:51 EXEC SPC_COM_MENU '1';
2018-08-08 04:34:51 EXEC SPC_COM_M999_INQ1 '8';
2018-08-08 04:34:51 EXEC SPC_COM_MENU '1';
2018-08-08 04:34:51 EXEC SPC_p003_LST1 '3','cry2','khóc2','50';
2018-08-08 04:34:55 EXEC SPC_COM_MENU '1';
2018-08-08 04:34:55 EXEC SPC_p003_LST1 '','','','50','1';
2018-08-08 04:35:33 EXEC SPC_COM_PERMISSION '1','w002';
2018-08-08 04:35:33 EXEC SPC_COM_MENU '1';
2018-08-08 04:35:33 EXEC SPC_W002_FND1
2018-08-08 04:35:34 EXEC SPC_COM_MENU '1';
2018-08-08 04:35:34 EXEC SPC_W002_LST1 'POST-1';
2018-08-08 04:35:34 EXEC SPC_COM_MENU '1';
2018-08-08 04:35:34 EXEC SPC_COMMON_CATALORUE '1';
2018-08-08 04:35:35 EXEC SPC_COM_MENU '1';
2018-08-08 04:35:35 EXEC SPC_COMMON_GROUP 'CAT-12';
2018-08-08 04:35:35 EXEC SPC_COM_MENU '1';
2018-08-08 04:35:35 EXEC SPC_COM_M999_INQ1 '8';
2018-08-08 04:35:36 EXEC SPC_COM_MENU '1';
2018-08-08 04:35:36 EXEC SPC_p003_LST1 '3','cry2','khóc2','50';
2018-08-08 04:35:37 EXEC SPC_COM_MENU '1';
2018-08-08 04:35:37 EXEC SPC_p003_LST1 '','','','50','1';
2018-08-08 04:37:17 EXEC SPC_COM_PERMISSION '1','w002';
2018-08-08 04:37:17 EXEC SPC_COM_MENU '1';
2018-08-08 04:37:17 EXEC SPC_W002_FND1
2018-08-08 04:37:24 EXEC SPC_COM_MENU '1';
2018-08-08 04:37:24 EXEC SPC_W002_LST1 'POST-1';
2018-08-08 04:37:24 EXEC SPC_COM_MENU '1';
2018-08-08 04:37:24 EXEC SPC_COMMON_CATALORUE '1';
2018-08-08 04:37:24 EXEC SPC_COM_MENU '1';
2018-08-08 04:37:24 EXEC SPC_COMMON_GROUP 'CAT-12';
2018-08-08 04:37:25 EXEC SPC_COM_MENU '1';
2018-08-08 04:37:25 EXEC SPC_COM_M999_INQ1 '8';
2018-08-08 04:37:25 EXEC SPC_COM_MENU '1';
2018-08-08 04:37:25 EXEC SPC_p003_LST1 '3','cry2','khóc2','50';
2018-08-08 04:37:27 EXEC SPC_COM_MENU '1';
2018-08-08 04:37:27 EXEC SPC_p003_LST1 '','','','50','1';
2018-08-08 04:37:56 EXEC SPC_COM_PERMISSION '1','w002';
2018-08-08 04:37:56 EXEC SPC_COM_MENU '1';
2018-08-08 04:37:56 EXEC SPC_W002_FND1
2018-08-08 04:38:00 EXEC SPC_COM_MENU '1';
2018-08-08 04:38:00 EXEC SPC_W002_LST1 'POST-1';
2018-08-08 04:38:00 EXEC SPC_COM_MENU '1';
2018-08-08 04:38:00 EXEC SPC_COMMON_CATALORUE '1';
2018-08-08 04:38:00 EXEC SPC_COM_MENU '1';
2018-08-08 04:38:00 EXEC SPC_COMMON_GROUP 'CAT-12';
2018-08-08 04:38:01 EXEC SPC_COM_MENU '1';
2018-08-08 04:38:01 EXEC SPC_COM_M999_INQ1 '8';
2018-08-08 04:38:02 EXEC SPC_COM_MENU '1';
2018-08-08 04:38:02 EXEC SPC_p003_LST1 '3','cry2','khóc2','50';
2018-08-08 04:38:03 EXEC SPC_COM_MENU '1';
2018-08-08 04:38:03 EXEC SPC_p003_LST1 '','','','50','1';
2018-08-08 04:38:33 EXEC SPC_COM_MENU '1';
2018-08-08 04:38:33 EXEC SPC_COM_M999_INQ1 '8';
2018-08-08 04:38:33 EXEC SPC_COM_MENU '1';
2018-08-08 04:38:33 EXEC SPC_p003_LST1 '3','cry2','khóc2','50';
2018-08-08 04:38:38 EXEC SPC_COM_MENU '1';
2018-08-08 04:38:38 EXEC SPC_p003_LST1 '','','','50','1';
2018-08-08 04:39:14 EXEC SPC_COM_PERMISSION '1','w002';
2018-08-08 04:39:14 EXEC SPC_COM_MENU '1';
2018-08-08 04:39:14 EXEC SPC_W002_FND1
2018-08-08 04:39:16 EXEC SPC_COM_MENU '1';
2018-08-08 04:39:16 EXEC SPC_W002_LST1 'POST-1';
2018-08-08 04:39:16 EXEC SPC_COM_MENU '1';
2018-08-08 04:39:16 EXEC SPC_COMMON_CATALORUE '1';
2018-08-08 04:39:16 EXEC SPC_COM_MENU '1';
2018-08-08 04:39:16 EXEC SPC_COMMON_GROUP 'CAT-12';
2018-08-08 04:39:17 EXEC SPC_COM_MENU '1';
2018-08-08 04:39:17 EXEC SPC_COM_M999_INQ1 '8';
2018-08-08 04:39:17 EXEC SPC_COM_MENU '1';
2018-08-08 04:39:17 EXEC SPC_p003_LST1 '3','cry2','khóc2','50';
2018-08-08 04:39:35 EXEC SPC_COM_PERMISSION '1','w002';
2018-08-08 04:39:35 EXEC SPC_COM_MENU '1';
2018-08-08 04:39:35 EXEC SPC_W002_FND1
2018-08-08 04:39:40 EXEC SPC_COM_MENU '1';
2018-08-08 04:39:40 EXEC SPC_W002_LST1 'POST-1';
2018-08-08 04:39:40 EXEC SPC_COM_MENU '1';
2018-08-08 04:39:40 EXEC SPC_COMMON_CATALORUE '1';
2018-08-08 04:39:40 EXEC SPC_COM_MENU '1';
2018-08-08 04:39:40 EXEC SPC_COMMON_GROUP 'CAT-12';
2018-08-08 04:39:41 EXEC SPC_COM_MENU '1';
2018-08-08 04:39:41 EXEC SPC_COM_M999_INQ1 '8';
2018-08-08 04:39:41 EXEC SPC_COM_MENU '1';
2018-08-08 04:39:41 EXEC SPC_p003_LST1 '3','cry2','khóc2','50';
2018-08-08 04:39:44 EXEC SPC_COM_MENU '1';
2018-08-08 04:39:44 EXEC SPC_p003_LST1 '','','','50','1';
2018-08-08 04:40:12 EXEC SPC_COM_PERMISSION '1','w002';
2018-08-08 04:40:12 EXEC SPC_COM_MENU '1';
2018-08-08 04:40:12 EXEC SPC_W002_FND1
2018-08-08 04:40:14 EXEC SPC_COM_MENU '1';
2018-08-08 04:40:14 EXEC SPC_W002_LST1 'POST-1';
2018-08-08 04:40:14 EXEC SPC_COM_MENU '1';
2018-08-08 04:40:14 EXEC SPC_COMMON_CATALORUE '1';
2018-08-08 04:40:14 EXEC SPC_COM_MENU '1';
2018-08-08 04:40:14 EXEC SPC_COMMON_GROUP 'CAT-12';
2018-08-08 04:40:15 EXEC SPC_COM_MENU '1';
2018-08-08 04:40:15 EXEC SPC_COM_M999_INQ1 '8';
2018-08-08 04:40:15 EXEC SPC_COM_MENU '1';
2018-08-08 04:40:15 EXEC SPC_p003_LST1 '3','cry2','khóc2','50';
2018-08-08 04:40:49 EXEC SPC_COM_PERMISSION '1','w002';
2018-08-08 04:40:49 EXEC SPC_COM_MENU '1';
2018-08-08 04:40:49 EXEC SPC_W002_FND1
2018-08-08 04:40:51 EXEC SPC_COM_MENU '1';
2018-08-08 04:40:51 EXEC SPC_W002_LST1 'POST-1';
2018-08-08 04:40:51 EXEC SPC_COM_MENU '1';
2018-08-08 04:40:51 EXEC SPC_COMMON_CATALORUE '1';
2018-08-08 04:40:51 EXEC SPC_COM_MENU '1';
2018-08-08 04:40:51 EXEC SPC_COMMON_GROUP 'CAT-12';
2018-08-08 04:40:53 EXEC SPC_COM_MENU '1';
2018-08-08 04:40:53 EXEC SPC_COM_M999_INQ1 '8';
2018-08-08 04:40:53 EXEC SPC_COM_MENU '1';
2018-08-08 04:40:53 EXEC SPC_p003_LST1 '3','cry2','khóc2','50';
2018-08-08 04:41:15 EXEC SPC_COM_MENU '1';
2018-08-08 04:41:15 EXEC SPC_COM_M999_INQ1 '8';
2018-08-08 04:41:15 EXEC SPC_COM_MENU '1';
2018-08-08 04:41:15 EXEC SPC_p003_LST1 '3','cry2','khóc2','50';
2018-08-08 04:41:28 EXEC SPC_COM_MENU '1';
2018-08-08 04:41:28 EXEC SPC_p003_LST1 '3','cry2','khóc2','50','1';
2018-08-08 04:41:30 EXEC SPC_COM_MENU '1';
2018-08-08 04:41:30 EXEC SPC_p003_LST1 '','','','50','1';
2018-08-08 04:41:51 EXEC SPC_COM_MENU '1';
2018-08-08 04:41:51 EXEC SPC_COM_M999_INQ1 '8';
2018-08-08 04:41:51 EXEC SPC_COM_MENU '1';
2018-08-08 04:41:51 EXEC SPC_p003_LST1 '3','cry2','khóc2','50';
2018-08-08 04:41:53 EXEC SPC_COM_MENU '1';
2018-08-08 04:41:53 EXEC SPC_p003_LST1 '','','','50','1';
2018-08-08 04:58:04 EXEC SPC_COM_MENU '1';
2018-08-08 04:58:04 EXEC SPC_COM_M999_INQ1 '8';
2018-08-08 04:58:05 EXEC SPC_COM_MENU '1';
2018-08-08 04:58:05 EXEC SPC_p003_LST1 '3','cry2','khóc2','50';
2018-08-08 04:58:07 EXEC SPC_COM_MENU '1';
2018-08-08 04:58:07 EXEC SPC_p003_LST1 '','','','50','1';
2018-08-08 04:58:16 EXEC SPC_COM_PERMISSION '1','w002';
2018-08-08 04:58:16 EXEC SPC_COM_MENU '1';
2018-08-08 04:58:16 EXEC SPC_W002_FND1
2018-08-08 04:58:20 EXEC SPC_COM_MENU '1';
2018-08-08 04:58:20 EXEC SPC_COMMON_CATALORUE '2';
2018-08-08 04:58:22 EXEC SPC_COM_MENU '1';
2018-08-08 04:58:22 EXEC SPC_COMMON_CATALORUE '3';
2018-08-08 04:58:25 EXEC SPC_COM_MENU '1';
2018-08-08 04:58:25 EXEC SPC_W002_LST1 'POST-';
2018-08-08 04:58:25 EXEC SPC_COM_MENU '1';
2018-08-08 04:58:25 EXEC SPC_COMMON_CATALORUE '';
2018-08-08 05:00:06 EXEC SPC_COM_PERMISSION '1','v002';
2018-08-08 05:00:06 EXEC SPC_COM_MENU '1';
2018-08-08 05:00:06 EXEC SPC_COM_M999_INQ1 '7';
2018-08-08 05:00:18 EXEC SPC_COM_PERMISSION '1','v001';
2018-08-08 05:00:18 EXEC SPC_COM_MENU '1';
2018-08-08 05:00:18 EXEC SPC_COM_M999_INQ1 '7';
2018-08-08 05:00:22 EXEC SPC_COM_PERMISSION '1','v002';
2018-08-08 05:00:22 EXEC SPC_COM_MENU '1';
2018-08-08 05:00:22 EXEC SPC_COM_M999_INQ1 '7';
2018-08-08 05:01:42 EXEC SPC_COM_PERMISSION '1','m004';
2018-08-08 05:01:42 EXEC SPC_COM_MENU '1';
2018-08-08 05:01:42 EXEC SPC_M004_FND1
2018-08-08 05:02:03 EXEC SPC_COM_MENU '1';
2018-08-08 05:02:09 EXEC SPC_COM_PERMISSION '1','m004';
2018-08-08 05:02:09 EXEC SPC_COM_MENU '1';
2018-08-08 05:02:09 EXEC SPC_M004_FND1
2018-08-08 05:02:15 EXEC SPC_COM_MENU '1';
2018-08-08 05:05:46 EXEC SPC_COM_PERMISSION '1','m004';
2018-08-08 05:05:46 EXEC SPC_COM_MENU '1';
2018-08-08 05:05:46 EXEC SPC_M004_FND1
2018-08-08 05:05:51 EXEC SPC_COM_MENU '1';
2018-08-08 05:08:14 EXEC SPC_COM_PERMISSION '1','m004';
2018-08-08 05:08:14 EXEC SPC_COM_MENU '1';
2018-08-08 05:08:14 EXEC SPC_M004_FND1
2018-08-08 05:08:16 EXEC SPC_COM_PERMISSION '1','m004';
2018-08-08 05:08:16 EXEC SPC_COM_MENU '1';
2018-08-08 05:08:16 EXEC SPC_M004_FND1
2018-08-08 05:08:19 EXEC SPC_COM_MENU '1';
2018-08-08 05:08:58 EXEC SPC_COM_PERMISSION '1','m004';
2018-08-08 05:08:58 EXEC SPC_COM_MENU '1';
2018-08-08 05:08:58 EXEC SPC_M004_FND1
2018-08-08 05:09:01 EXEC SPC_COM_MENU '1';
2018-08-08 05:10:06 EXEC SPC_COM_PERMISSION '1','m004';
2018-08-08 05:10:06 EXEC SPC_COM_MENU '1';
2018-08-08 05:10:06 EXEC SPC_M004_FND1
2018-08-08 05:10:09 EXEC SPC_COM_MENU '1';
2018-08-08 05:11:31 EXEC SPC_COM_PERMISSION '1','m004';
2018-08-08 05:11:31 EXEC SPC_COM_MENU '1';
2018-08-08 05:11:31 EXEC SPC_M004_FND1
2018-08-08 05:11:34 EXEC SPC_COM_MENU '1';
2018-08-08 05:12:29 EXEC SPC_COM_PERMISSION '1','m004';
2018-08-08 05:12:29 EXEC SPC_COM_MENU '1';
2018-08-08 05:12:29 EXEC SPC_M004_FND1
2018-08-08 05:12:32 EXEC SPC_COM_MENU '1';
2018-08-08 05:12:59 EXEC SPC_COM_PERMISSION '1','m004';
2018-08-08 05:12:59 EXEC SPC_COM_MENU '1';
2018-08-08 05:12:59 EXEC SPC_M004_FND1
2018-08-08 05:13:02 EXEC SPC_COM_MENU '1';
2018-08-08 05:13:32 EXEC SPC_COM_PERMISSION '1','m004';
2018-08-08 05:13:32 EXEC SPC_COM_MENU '1';
2018-08-08 05:13:32 EXEC SPC_M004_FND1
2018-08-08 05:13:35 EXEC SPC_COM_MENU '1';
2018-08-08 05:17:26 EXEC SPC_COM_PERMISSION '1','m004';
2018-08-08 05:17:26 EXEC SPC_COM_MENU '1';
2018-08-08 05:17:26 EXEC SPC_M004_FND1
2018-08-08 05:17:29 EXEC SPC_COM_MENU '1';
2018-08-08 05:19:52 EXEC SPC_COM_PERMISSION '1','m004';
2018-08-08 05:19:52 EXEC SPC_COM_MENU '1';
2018-08-08 05:19:52 EXEC SPC_M004_FND1
2018-08-08 05:19:55 EXEC SPC_COM_MENU '1';
2018-08-08 05:25:21 EXEC SPC_COM_PERMISSION '1','m004';
2018-08-08 05:25:21 EXEC SPC_COM_MENU '1';
2018-08-08 05:25:21 EXEC SPC_M004_FND1
2018-08-08 05:25:23 EXEC SPC_COM_MENU '1';
2018-08-08 05:30:17 EXEC SPC_COM_PERMISSION '1','m004';
2018-08-08 05:30:17 EXEC SPC_COM_MENU '1';
2018-08-08 05:30:17 EXEC SPC_M004_FND1
2018-08-08 05:30:19 EXEC SPC_COM_MENU '1';
2018-08-08 05:31:02 EXEC SPC_COM_PERMISSION '1','m004';
2018-08-08 05:31:02 EXEC SPC_COM_MENU '1';
2018-08-08 05:31:02 EXEC SPC_M004_FND1
2018-08-08 05:31:07 EXEC SPC_COM_MENU '1';
2018-08-08 05:32:26 EXEC SPC_COM_PERMISSION '1','m004';
2018-08-08 05:32:26 EXEC SPC_COM_MENU '1';
2018-08-08 05:32:26 EXEC SPC_M004_FND1
2018-08-08 05:32:29 EXEC SPC_COM_MENU '1';
2018-08-08 05:33:02 EXEC SPC_COM_PERMISSION '1','m004';
2018-08-08 05:33:02 EXEC SPC_COM_MENU '1';
2018-08-08 05:33:02 EXEC SPC_M004_FND1
2018-08-08 05:33:06 EXEC SPC_COM_MENU '1';
2018-08-08 05:33:12 EXEC SPC_COM_PERMISSION '1','m004';
2018-08-08 05:33:12 EXEC SPC_COM_MENU '1';
2018-08-08 05:33:12 EXEC SPC_M004_FND1
2018-08-08 05:33:14 EXEC SPC_COM_MENU '1';
2018-08-08 05:33:34 EXEC SPC_COM_PERMISSION '1','m004';
2018-08-08 05:33:34 EXEC SPC_COM_MENU '1';
2018-08-08 05:33:34 EXEC SPC_M004_FND1
2018-08-08 05:33:37 EXEC SPC_COM_MENU '1';
2018-08-08 05:37:07 EXEC SPC_COM_PERMISSION '1','m004';
2018-08-08 05:37:07 EXEC SPC_COM_MENU '1';
2018-08-08 05:37:07 EXEC SPC_M004_FND1
2018-08-08 05:37:09 EXEC SPC_COM_MENU '1';
2018-08-08 05:37:20 EXEC SPC_COM_PERMISSION '1','m004';
2018-08-08 05:37:20 EXEC SPC_COM_MENU '1';
2018-08-08 05:37:20 EXEC SPC_M004_FND1
2018-08-08 05:37:23 EXEC SPC_COM_MENU '1';
2018-08-08 05:38:28 EXEC SPC_COM_PERMISSION '1','m004';
2018-08-08 05:38:28 EXEC SPC_COM_MENU '1';
2018-08-08 05:38:28 EXEC SPC_M004_FND1
2018-08-08 05:38:30 EXEC SPC_COM_MENU '1';
2018-08-08 05:39:28 EXEC SPC_COM_PERMISSION '1','m004';
2018-08-08 05:39:28 EXEC SPC_COM_MENU '1';
2018-08-08 05:39:28 EXEC SPC_M004_FND1
2018-08-08 05:39:32 EXEC SPC_COM_MENU '1';
2018-08-08 05:40:48 EXEC SPC_COM_PERMISSION '1','m004';
2018-08-08 05:40:48 EXEC SPC_COM_MENU '1';
2018-08-08 05:40:48 EXEC SPC_M004_FND1
2018-08-08 05:40:52 EXEC SPC_COM_MENU '1';
2018-08-08 05:41:08 EXEC SPC_COM_PERMISSION '1','m004';
2018-08-08 05:41:08 EXEC SPC_COM_MENU '1';
2018-08-08 05:41:08 EXEC SPC_M004_FND1
2018-08-08 05:41:11 EXEC SPC_COM_MENU '1';
2018-08-08 05:46:02 EXEC SPC_COM_PERMISSION '1','m004';
2018-08-08 05:46:02 EXEC SPC_COM_MENU '1';
2018-08-08 05:46:02 EXEC SPC_M004_FND1
2018-08-08 05:46:07 EXEC SPC_COM_MENU '1';
2018-08-08 05:51:51 EXEC SPC_COM_PERMISSION '1','m004';
2018-08-08 05:51:51 EXEC SPC_COM_MENU '1';
2018-08-08 05:51:51 EXEC SPC_M004_FND1
2018-08-08 05:51:53 EXEC SPC_COM_MENU '1';
2018-08-08 05:51:56 EXEC SPC_COM_PERMISSION '1','m004';
2018-08-08 05:51:56 EXEC SPC_COM_MENU '1';
2018-08-08 05:51:56 EXEC SPC_M004_FND1
2018-08-08 05:52:01 EXEC SPC_COM_PERMISSION '1','m004';
2018-08-08 05:52:01 EXEC SPC_COM_MENU '1';
2018-08-08 05:52:01 EXEC SPC_M004_FND1
2018-08-08 05:52:10 EXEC SPC_COM_MENU '1';
2018-08-08 05:52:19 EXEC SPC_COM_PERMISSION '1','m004';
2018-08-08 05:52:19 EXEC SPC_COM_MENU '1';
2018-08-08 05:52:19 EXEC SPC_M004_FND1
2018-08-08 05:52:21 EXEC SPC_COM_MENU '1';
2018-08-08 05:58:02 EXEC SPC_COM_PERMISSION '1','m004';
2018-08-08 05:58:02 EXEC SPC_COM_MENU '1';
2018-08-08 05:58:02 EXEC SPC_M004_FND1
2018-08-08 05:58:37 EXEC SPC_COM_MENU '1';
2018-08-08 05:58:41 EXEC SPC_COM_PERMISSION '1','m004';
2018-08-08 05:58:41 EXEC SPC_COM_MENU '1';
2018-08-08 05:58:41 EXEC SPC_M004_FND1
2018-08-08 06:00:03 EXEC SPC_COM_PERMISSION '1','m004';
2018-08-08 06:00:03 EXEC SPC_COM_MENU '1';
2018-08-08 06:00:03 EXEC SPC_M004_FND1
2018-08-08 06:00:09 EXEC SPC_COM_MENU '1';
2018-08-08 06:08:02 EXEC SPC_COM_PERMISSION '1','m004';
2018-08-08 06:08:02 EXEC SPC_COM_MENU '1';
2018-08-08 06:08:02 EXEC SPC_M004_FND1
2018-08-08 06:08:10 EXEC SPC_COM_MENU '1';
2018-08-08 06:09:22 EXEC SPC_COM_PERMISSION '1','m004';
2018-08-08 06:09:22 EXEC SPC_COM_MENU '1';
2018-08-08 06:09:22 EXEC SPC_M004_FND1
2018-08-08 06:09:26 EXEC SPC_COM_MENU '1';
2018-08-08 06:14:03 EXEC SPC_COM_PERMISSION '1','m004';
2018-08-08 06:14:03 EXEC SPC_COM_MENU '1';
2018-08-08 06:14:03 EXEC SPC_M004_FND1
2018-08-08 06:14:05 EXEC SPC_COM_MENU '1';
2018-08-08 06:14:53 EXEC SPC_COM_MENU '1';
2018-08-08 06:15:03 EXEC SPC_COM_MENU '1';
2018-08-08 06:15:37 EXEC SPC_COM_MENU '1';
2018-08-08 06:15:42 EXEC SPC_COM_PERMISSION '1','w001';
2018-08-08 06:15:42 EXEC SPC_COM_MENU '1';
2018-08-08 06:15:42 EXEC SPC_COM_M999_INQ1 '7';
2018-08-08 06:16:43 EXEC SPC_COM_PERMISSION '1','v002';
2018-08-08 06:16:43 EXEC SPC_COM_MENU '1';
2018-08-08 06:16:43 EXEC SPC_COM_M999_INQ1 '7';
2018-08-08 06:20:17 EXEC SPC_COM_PERMISSION '1','v002';
2018-08-08 06:20:17 EXEC SPC_COM_MENU '1';
2018-08-08 06:20:17 EXEC SPC_COM_M999_INQ1 '7';
2018-08-08 06:20:32 EXEC SPC_COM_PERMISSION '1','v002';
2018-08-08 06:20:32 EXEC SPC_COM_MENU '1';
2018-08-08 06:20:32 EXEC SPC_COM_M999_INQ1 '7';
2018-08-08 06:21:48 EXEC SPC_COM_PERMISSION '1','v002';
2018-08-08 06:21:48 EXEC SPC_COM_MENU '1';
2018-08-08 06:21:48 EXEC SPC_COM_M999_INQ1 '7';
2018-08-08 06:22:13 EXEC SPC_COM_PERMISSION '1','v002';
2018-08-08 06:22:13 EXEC SPC_COM_MENU '1';
2018-08-08 06:22:13 EXEC SPC_COM_M999_INQ1 '7';
2018-08-08 06:23:12 EXEC SPC_COM_PERMISSION '1','v002';
2018-08-08 06:23:12 EXEC SPC_COM_MENU '1';
2018-08-08 06:23:12 EXEC SPC_COM_M999_INQ1 '7';
2018-08-08 06:23:42 EXEC SPC_COM_PERMISSION '1','v002';
2018-08-08 06:23:42 EXEC SPC_COM_MENU '1';
2018-08-08 06:23:42 EXEC SPC_COM_M999_INQ1 '7';
2018-08-08 06:24:41 EXEC SPC_COM_MENU '1';
2018-08-08 06:24:46 EXEC SPC_COM_MENU '1';
2018-08-08 06:27:46 EXEC SPC_COM_PERMISSION '1','v002';
2018-08-08 06:27:46 EXEC SPC_COM_MENU '1';
2018-08-08 06:27:46 EXEC SPC_COM_M999_INQ1 '7';
2018-08-08 06:33:50 EXEC SPC_COM_PERMISSION '1','v002';
2018-08-08 06:33:50 EXEC SPC_COM_MENU '1';
2018-08-08 06:33:50 EXEC SPC_COM_M999_INQ1 '7';
2018-08-08 07:09:26 EXEC SPC_COM_PERMISSION '1','v002';
2018-08-08 07:09:26 EXEC SPC_COM_MENU '1';
2018-08-08 07:09:26 EXEC SPC_COM_M999_INQ1 '7';
2018-08-08 07:10:35 EXEC SPC_COM_PERMISSION '1','w002';
2018-08-08 07:10:35 EXEC SPC_COM_MENU '1';
2018-08-08 07:10:35 EXEC SPC_W002_FND1
2018-08-08 07:10:41 EXEC SPC_COM_PERMISSION '1','w002';
2018-08-08 07:10:41 EXEC SPC_COM_MENU '1';
2018-08-08 07:10:41 EXEC SPC_W002_FND1
2018-08-08 07:15:12 EXEC SPC_COM_PERMISSION '1','w002';
2018-08-08 07:15:12 EXEC SPC_COM_MENU '1';
2018-08-08 07:15:12 EXEC SPC_W002_FND1
2018-08-08 07:15:49 EXEC SPC_COM_PERMISSION '1','w002';
2018-08-08 07:15:49 EXEC SPC_COM_MENU '1';
2018-08-08 07:15:49 EXEC SPC_W002_FND1
2018-08-08 07:16:14 EXEC SPC_COM_MENU '1';
2018-08-08 07:16:14 EXEC SPC_W002_LST1 'POST-2';
2018-08-08 07:16:16 EXEC SPC_COM_MENU '1';
2018-08-08 07:16:16 EXEC SPC_W002_LST1 'POST-1';
2018-08-08 07:16:17 EXEC SPC_COM_MENU '1';
2018-08-08 07:16:17 EXEC SPC_COMMON_CATALORUE '1';
2018-08-08 07:16:17 EXEC SPC_COM_MENU '1';
2018-08-08 07:16:17 EXEC SPC_COMMON_GROUP 'CAT-12';
2018-08-08 07:16:20 EXEC SPC_COM_PERMISSION '1','w002';
2018-08-08 07:16:20 EXEC SPC_COM_MENU '1';
2018-08-08 07:16:20 EXEC SPC_W002_FND1
2018-08-08 07:16:26 EXEC SPC_COM_MENU '1';
2018-08-08 07:16:26 EXEC SPC_COMMON_CATALORUE '7';
2018-08-08 07:16:27 EXEC SPC_COM_MENU '1';
2018-08-08 07:16:27 EXEC SPC_COMMON_GROUP 'CAT-1025';
2018-08-08 07:16:54 EXEC SPC_COM_MENU '1';
2018-08-08 07:16:54 EXEC SPC_COM_M999_INQ1 '8';
2018-08-08 07:16:54 EXEC SPC_COM_MENU '1';
2018-08-08 07:16:54 EXEC SPC_p003_LST1 '','','','50';
2018-08-08 07:17:24 EXEC SPC_COM_MENU '1';
2018-08-08 07:17:24 EXEC SPC_w002_ACT1 '','7','CAT-1025','GRO-15','du học sinh nhật','<pre>
best waifu</pre>
','/web-content/images/relax_image/image_5b6a99049f5d6.jpg','image_5b6a99049f5d6.jpg','2','<row row_id="0" vocabulary_id="2" vocabulary_dtl_id="2" vocabulary_div="2" vocabulary_nm="lover1" spelling="lớp vờ1" mean="người yêu1" explain="yêu cc1" />','<row language1_content="君の名は" language2_content="クイ" />','ndq809','127.0.0.1';
2018-08-08 07:17:26 EXEC SPC_COM_MENU '1';
2018-08-08 07:17:26 EXEC SPC_W002_LST1 'POST-2';
2018-08-08 07:17:26 EXEC SPC_COM_MENU '1';
2018-08-08 07:17:26 EXEC SPC_COMMON_CATALORUE '7';
2018-08-08 07:17:26 EXEC SPC_COM_MENU '1';
2018-08-08 07:17:26 EXEC SPC_COMMON_GROUP 'CAT-1025';
2018-08-08 07:28:06 EXEC SPC_COM_PERMISSION '1','w002';
2018-08-08 07:28:06 EXEC SPC_COM_MENU '1';
2018-08-08 07:28:06 EXEC SPC_W002_FND1
2018-08-08 07:28:09 EXEC SPC_COM_MENU '1';
2018-08-08 07:28:10 EXEC SPC_W002_LST1 'POST-2';
2018-08-08 07:28:10 EXEC SPC_COM_MENU '1';
2018-08-08 07:28:10 EXEC SPC_COMMON_CATALORUE '7';
2018-08-08 07:28:10 EXEC SPC_COM_MENU '1';
2018-08-08 07:28:10 EXEC SPC_COMMON_GROUP 'CAT-1025';
2018-08-08 07:30:51 EXEC SPC_COM_MENU '1';
2018-08-08 07:30:51 EXEC SPC_w002_ACT1 'POST-2','7','CAT-1025','GRO-15','du học sinh nhật','<pre>
best waifu</pre>
','/web-content/images/relax_image/image_5b6a9c2bc42e1.jpg','image_5b6a9c2bc42e1.jpg','2','<row row_id="0" vocabulary_id="2" vocabulary_dtl_id="2" vocabulary_div="2" vocabulary_nm="lover1" spelling="lớp vờ1" mean="người yêu1" explain="yêu cc1" />','','ndq809','127.0.0.1';
2018-08-08 07:30:53 EXEC SPC_COM_MENU '1';
2018-08-08 07:30:53 EXEC SPC_W002_LST1 'POST-2';
2018-08-08 07:30:53 EXEC SPC_COM_MENU '1';
2018-08-08 07:30:53 EXEC SPC_COMMON_CATALORUE '7';
2018-08-08 07:30:53 EXEC SPC_COM_MENU '1';
2018-08-08 07:30:53 EXEC SPC_COMMON_GROUP 'CAT-1025';
2018-08-08 07:31:22 EXEC SPC_COM_MENU '1';
2018-08-08 07:31:22 EXEC SPC_w002_ACT1 'POST-2','7','CAT-1025','GRO-15','du học sinh nhật','<pre>
best waifu</pre>
','/web-content/images/relax_image/image_5b6a9c4a85e85.jpg','image_5b6a9c4a85e85.jpg','2','<row row_id="0" vocabulary_id="2" vocabulary_dtl_id="2" vocabulary_div="2" vocabulary_nm="lover1" spelling="lớp vờ1" mean="người yêu1" explain="yêu cc1" />','','ndq809','127.0.0.1';
2018-08-08 07:31:23 EXEC SPC_COM_MENU '1';
2018-08-08 07:31:23 EXEC SPC_W002_LST1 'POST-2';
2018-08-08 07:31:23 EXEC SPC_COM_MENU '1';
2018-08-08 07:31:23 EXEC SPC_COMMON_CATALORUE '7';
2018-08-08 07:31:23 EXEC SPC_COM_MENU '1';
2018-08-08 07:31:23 EXEC SPC_COMMON_GROUP 'CAT-1025';
2018-08-08 07:32:02 EXEC SPC_COM_PERMISSION '1','w002';
2018-08-08 07:32:02 EXEC SPC_COM_MENU '1';
2018-08-08 07:32:02 EXEC SPC_W002_FND1
2018-08-08 07:32:05 EXEC SPC_COM_MENU '1';
2018-08-08 07:32:05 EXEC SPC_W002_LST1 'POST-2';
2018-08-08 07:32:05 EXEC SPC_COM_MENU '1';
2018-08-08 07:32:05 EXEC SPC_COMMON_CATALORUE '7';
2018-08-08 07:32:05 EXEC SPC_COM_MENU '1';
2018-08-08 07:32:05 EXEC SPC_COMMON_GROUP 'CAT-1025';
2018-08-08 07:32:14 EXEC SPC_COM_PERMISSION '1','w002';
2018-08-08 07:32:14 EXEC SPC_COM_MENU '1';
2018-08-08 07:32:14 EXEC SPC_W002_FND1
2018-08-08 07:32:21 EXEC SPC_COM_PERMISSION '1','v002';
2018-08-08 07:32:21 EXEC SPC_COM_MENU '1';
2018-08-08 07:32:21 EXEC SPC_COM_M999_INQ1 '7';
2018-08-08 07:32:39 EXEC SPC_COM_PERMISSION '1','v002';
2018-08-08 07:32:39 EXEC SPC_COM_MENU '1';
2018-08-08 07:32:39 EXEC SPC_COM_M999_INQ1 '7';
2018-08-08 07:33:44 EXEC SPC_COM_PERMISSION '1','m003';
2018-08-08 07:33:44 EXEC SPC_COM_MENU '1';
2018-08-08 07:33:44 EXEC SPC_M003_FND1
2018-08-08 07:33:49 EXEC SPC_COM_PERMISSION '1','m004';
2018-08-08 07:33:49 EXEC SPC_COM_MENU '1';
2018-08-08 07:33:49 EXEC SPC_M004_FND1
2018-08-08 07:34:42 EXEC SPC_COM_PERMISSION '1','v002';
2018-08-08 07:34:42 EXEC SPC_COM_MENU '1';
2018-08-08 07:34:42 EXEC SPC_COM_M999_INQ1 '7';
2018-08-08 07:36:20 EXEC SPC_COM_PERMISSION '1','v002';
2018-08-08 07:36:20 EXEC SPC_COM_MENU '1';
2018-08-08 07:36:20 EXEC SPC_COM_M999_INQ1 '7';
2018-08-08 07:36:35 EXEC SPC_COM_MENU '1';
2018-08-08 07:36:35 EXEC SPC_COM_MENU '1';
2018-08-08 07:36:36 EXEC SPC_COM_MENU '1';
2018-08-08 07:36:36 EXEC SPC_COM_MENU '1';
2018-08-08 07:36:43 EXEC SPC_COM_MENU '1';
2018-08-08 07:36:43 EXEC SPC_COM_MENU '1';
2018-08-08 07:36:43 EXEC SPC_COM_MENU '1';
2018-08-08 07:36:44 EXEC SPC_COM_MENU '1';
2018-08-08 07:36:44 EXEC SPC_COM_MENU '1';
2018-08-08 07:36:44 EXEC SPC_COM_MENU '1';
2018-08-08 07:36:46 EXEC SPC_COM_MENU '1';
2018-08-08 07:36:46 EXEC SPC_COM_MENU '1';
2018-08-08 07:36:46 EXEC SPC_COM_MENU '1';
2018-08-08 07:36:47 EXEC SPC_COM_MENU '1';
2018-08-08 07:36:47 EXEC SPC_COM_MENU '1';
2018-08-08 07:36:47 EXEC SPC_COM_MENU '1';
2018-08-08 07:36:47 EXEC SPC_COM_MENU '1';
2018-08-08 07:36:47 EXEC SPC_COM_MENU '1';
2018-08-08 07:36:48 EXEC SPC_COM_MENU '1';
2018-08-08 07:36:48 EXEC SPC_COM_MENU '1';
2018-08-08 07:36:48 EXEC SPC_COM_MENU '1';
2018-08-08 07:36:48 EXEC SPC_COM_MENU '1';
2018-08-08 07:36:48 EXEC SPC_COM_MENU '1';
2018-08-08 07:36:48 EXEC SPC_COM_MENU '1';
2018-08-08 07:36:49 EXEC SPC_COM_MENU '1';
2018-08-08 07:36:49 EXEC SPC_COM_MENU '1';
2018-08-08 07:36:49 EXEC SPC_COM_MENU '1';
2018-08-08 07:36:49 EXEC SPC_COM_MENU '1';
2018-08-08 07:36:50 EXEC SPC_COM_MENU '1';
2018-08-08 07:36:50 EXEC SPC_COM_MENU '1';
2018-08-08 07:36:50 EXEC SPC_COM_MENU '1';
2018-08-08 07:36:50 EXEC SPC_COM_MENU '1';
2018-08-08 07:36:51 EXEC SPC_COM_MENU '1';
2018-08-08 07:36:51 EXEC SPC_COM_MENU '1';
2018-08-08 07:36:51 EXEC SPC_COM_MENU '1';
2018-08-08 07:36:51 EXEC SPC_COM_MENU '1';
2018-08-08 07:37:07 EXEC SPC_COM_MENU '1';
2018-08-08 07:37:18 EXEC SPC_COM_PERMISSION '1','g001';
2018-08-08 07:37:18 EXEC SPC_COM_MENU '1';
2018-08-08 07:37:23 EXEC SPC_COM_PERMISSION '1','v001';
2018-08-08 07:37:23 EXEC SPC_COM_MENU '1';
2018-08-08 07:37:23 EXEC SPC_COM_M999_INQ1 '7';
2018-08-08 07:37:25 EXEC SPC_COM_PERMISSION '1','v002';
2018-08-08 07:37:25 EXEC SPC_COM_MENU '1';
2018-08-08 07:37:25 EXEC SPC_COM_M999_INQ1 '7';
2018-08-08 07:38:34 EXEC SPC_COM_PERMISSION '1','v002';
2018-08-08 07:38:34 EXEC SPC_COM_MENU '1';
2018-08-08 07:38:34 EXEC SPC_COM_M999_INQ1 '7';
2018-08-08 07:40:02 EXEC SPC_COM_MENU '1';
2018-08-08 07:40:18 EXEC SPC_COM_MENU '1';
2018-08-08 07:41:05 EXEC SPC_COM_PERMISSION '1','v002';
2018-08-08 07:41:05 EXEC SPC_COM_MENU '1';
2018-08-08 07:41:05 EXEC SPC_COM_M999_INQ1 '7';
2018-08-08 07:41:22 EXEC SPC_COM_PERMISSION '1','v002';
2018-08-08 07:41:22 EXEC SPC_COM_MENU '1';
2018-08-08 07:41:22 EXEC SPC_COM_M999_INQ1 '7';
2018-08-08 07:41:30 EXEC SPC_COM_PERMISSION '1','v002';
2018-08-08 07:41:30 EXEC SPC_COM_MENU '1';
2018-08-08 07:41:30 EXEC SPC_COM_M999_INQ1 '7';
2018-08-08 07:41:36 EXEC SPC_COM_MENU '1';
2018-08-08 07:41:42 EXEC SPC_COM_MENU '1';
2018-08-08 07:42:33 EXEC SPC_COM_PERMISSION '1','v002';
2018-08-08 07:42:33 EXEC SPC_COM_MENU '1';
2018-08-08 07:42:33 EXEC SPC_COM_M999_INQ1 '7';
2018-08-08 07:42:46 EXEC SPC_COM_PERMISSION '1','v002';
2018-08-08 07:42:46 EXEC SPC_COM_MENU '1';
2018-08-08 07:42:46 EXEC SPC_COM_M999_INQ1 '7';
2018-08-08 07:43:07 EXEC SPC_COM_PERMISSION '1','v002';
2018-08-08 07:43:07 EXEC SPC_COM_MENU '1';
2018-08-08 07:43:07 EXEC SPC_COM_M999_INQ1 '7';
2018-08-08 07:43:16 EXEC SPC_COM_PERMISSION '1','v002';
2018-08-08 07:43:16 EXEC SPC_COM_MENU '1';
2018-08-08 07:43:16 EXEC SPC_COM_M999_INQ1 '7';
2018-08-08 07:43:25 EXEC SPC_COM_PERMISSION '1','v002';
2018-08-08 07:43:25 EXEC SPC_COM_MENU '1';
2018-08-08 07:43:25 EXEC SPC_COM_M999_INQ1 '7';
2018-08-08 07:46:02 EXEC SPC_COM_MENU '1';
2018-08-08 07:46:13 EXEC SPC_COM_MENU '1';
2018-08-08 07:46:25 EXEC SPC_COM_MENU '1';
2018-08-08 07:47:43 EXEC SPC_COM_MENU '1';
2018-08-08 07:48:12 EXEC SPC_COM_MENU '1';
2018-08-08 07:52:55 EXEC SPC_COM_MENU '1';
2018-08-08 07:53:53 EXEC SPC_COM_MENU '1';
2018-08-08 07:55:06 EXEC SPC_COM_MENU '1';
2018-08-08 07:56:52 EXEC SPC_COM_PERMISSION '1','v002';
2018-08-08 07:56:52 EXEC SPC_COM_MENU '1';
2018-08-08 07:56:52 EXEC SPC_COM_M999_INQ1 '7';
2018-08-08 07:56:59 EXEC SPC_COM_MENU '1';
2018-08-08 07:57:16 EXEC SPC_COM_PERMISSION '1','m004';
2018-08-08 07:57:16 EXEC SPC_COM_MENU '1';
2018-08-08 07:57:16 EXEC SPC_M004_FND1
2018-08-08 07:57:24 EXEC SPC_COM_MENU '1';
2018-08-08 07:58:32 EXEC SPC_COM_PERMISSION '1','m004';
2018-08-08 07:58:32 EXEC SPC_COM_MENU '1';
2018-08-08 07:58:32 EXEC SPC_M004_FND1
2018-08-08 07:58:42 EXEC SPC_COM_PERMISSION '1','m004';
2018-08-08 07:58:42 EXEC SPC_COM_MENU '1';
2018-08-08 07:58:42 EXEC SPC_M004_FND1
2018-08-08 07:58:54 EXEC SPC_COM_PERMISSION '1','m004';
2018-08-08 07:58:54 EXEC SPC_COM_MENU '1';
2018-08-08 07:58:54 EXEC SPC_M004_FND1
2018-08-08 07:59:00 EXEC SPC_COM_PERMISSION '1','m004';
2018-08-08 07:59:00 EXEC SPC_COM_MENU '1';
2018-08-08 07:59:00 EXEC SPC_M004_FND1
2018-08-08 07:59:04 EXEC SPC_COM_MENU '1';
2018-08-08 07:59:24 EXEC SPC_COM_PERMISSION '1','m004';
2018-08-08 07:59:24 EXEC SPC_COM_MENU '1';
2018-08-08 07:59:24 EXEC SPC_M004_FND1
2018-08-08 07:59:36 EXEC SPC_COM_MENU '1';
2018-08-08 07:59:58 EXEC SPC_COM_MENU '1';
2018-08-08 08:00:13 EXEC SPC_COM_PERMISSION '1','v002';
2018-08-08 08:00:13 EXEC SPC_COM_MENU '1';
2018-08-08 08:00:13 EXEC SPC_COM_M999_INQ1 '7';
2018-08-08 08:00:28 EXEC SPC_COM_PERMISSION '1','v002';
2018-08-08 08:00:28 EXEC SPC_COM_MENU '1';
2018-08-08 08:00:28 EXEC SPC_COM_M999_INQ1 '7';
2018-08-08 08:00:34 EXEC SPC_COM_MENU '1';
2018-08-08 08:01:20 EXEC SPC_COM_PERMISSION '1','v002';
2018-08-08 08:01:20 EXEC SPC_COM_MENU '1';
2018-08-08 08:01:20 EXEC SPC_COM_M999_INQ1 '7';
2018-08-08 08:01:24 EXEC SPC_COM_MENU '1';
2018-08-08 08:01:50 EXEC SPC_COM_MENU '1';
2018-08-08 08:02:28 EXEC SPC_COM_MENU '1';
2018-08-08 08:02:31 EXEC SPC_COM_MENU '1';
2018-08-08 08:02:38 EXEC SPC_COM_MENU '1';
2018-08-08 08:02:45 EXEC SPC_COM_MENU '1';
2018-08-08 08:07:30 EXEC SPC_COM_PERMISSION '1','v002';
2018-08-08 08:07:30 EXEC SPC_COM_MENU '1';
2018-08-08 08:07:30 EXEC SPC_COM_M999_INQ1 '7';
2018-08-08 08:07:34 EXEC SPC_COM_MENU '1';
2018-08-08 08:07:39 EXEC SPC_COM_MENU '1';
2018-08-08 08:08:01 EXEC SPC_COM_PERMISSION '1','v002';
2018-08-08 08:08:01 EXEC SPC_COM_MENU '1';
2018-08-08 08:08:01 EXEC SPC_COM_M999_INQ1 '7';
2018-08-08 08:08:04 EXEC SPC_COM_MENU '1';
2018-08-08 08:09:23 EXEC SPC_COM_MENU '1';
2018-08-08 08:10:15 EXEC SPC_COM_PERMISSION '1','v002';
2018-08-08 08:10:15 EXEC SPC_COM_MENU '1';
2018-08-08 08:10:15 EXEC SPC_COM_M999_INQ1 '7';
2018-08-08 08:10:18 EXEC SPC_COM_MENU '1';
2018-08-08 08:10:25 EXEC SPC_COM_MENU '1';
