2018-11-21 07:18:46 EXEC SPC_COM_PERMISSION '1','1','g001';
2018-11-21 07:18:55 EXEC SPC_COM_DATA '','','';
2018-11-21 07:19:00 EXEC SPC_COM_DATA '','','';
2018-11-21 07:19:00 EXEC SPC_SOCIAL_LST1 '','';
2018-11-21 07:19:00 EXEC SPC_COM_DATA '','','';
2018-11-21 07:19:01 EXEC SPC_SOCIAL_LST2 '','','';
2018-11-21 07:19:05 EXEC SPC_COM_DATA '','','';
2018-11-21 07:19:05 EXEC SPC_READING_LST1 '','','','';
2018-11-21 07:19:06 EXEC SPC_COM_DATA '','','';
2018-11-21 07:19:06 EXEC SPC_READING_LST2 '12','14','';
2018-11-21 07:19:22 EXEC SPC_COM_DATA '','','';
2018-11-21 07:19:22 EXEC SPC_SOCIAL_LST1 '','';
2018-11-21 07:19:22 EXEC SPC_COM_DATA '','','';
2018-11-21 07:19:22 EXEC SPC_SOCIAL_LST2 '','','';
2018-11-21 07:26:44 EXEC SPC_COM_DATA '','','';
2018-11-21 07:26:44 EXEC SPC_SOCIAL_LST1 '15','';
2018-11-21 07:26:45 EXEC SPC_COM_DATA '','','';
2018-11-21 07:26:45 EXEC SPC_SOCIAL_LST2 '15','','';
2018-11-21 07:27:29 EXEC SPC_COM_DATA '','','';
2018-11-21 07:27:29 EXEC SPC_SOCIAL_LST1 '15','';
2018-11-21 07:27:30 EXEC SPC_COM_DATA '','','';
2018-11-21 07:27:30 EXEC SPC_SOCIAL_LST2 '15','','';
2018-11-21 07:28:37 EXEC SPC_COM_DATA '','','';
2018-11-21 07:28:37 EXEC SPC_SOCIAL_LST1 '15','';
2018-11-21 07:28:38 EXEC SPC_COM_DATA '','','';
2018-11-21 07:28:38 EXEC SPC_SOCIAL_LST2 '15','','';
2018-11-21 07:28:58 EXEC SPC_COM_DATA '','','';
2018-11-21 07:28:58 EXEC SPC_SOCIAL_LST1 '15','';
2018-11-21 07:28:58 EXEC SPC_COM_DATA '','','';
2018-11-21 07:28:58 EXEC SPC_SOCIAL_LST2 '15','','';
2018-11-21 07:29:34 EXEC SPC_COM_DATA '','','';
2018-11-21 07:29:34 EXEC SPC_SOCIAL_LST1 '15','';
2018-11-21 07:29:35 EXEC SPC_COM_DATA '','','';
2018-11-21 07:29:35 EXEC SPC_SOCIAL_LST2 '15','','';
2018-11-21 07:31:52 EXEC SPC_COM_DATA '','','';
2018-11-21 07:31:52 EXEC SPC_SOCIAL_LST1 '15','';
2018-11-21 07:31:52 EXEC SPC_COM_DATA '','','';
2018-11-21 07:31:52 EXEC SPC_SOCIAL_LST2 '15','','';
2018-11-21 07:31:59 EXEC SPC_COM_DATA '','','';
2018-11-21 07:31:59 EXEC SPC_SOCIAL_LST1 '15','';
2018-11-21 07:32:00 EXEC SPC_COM_DATA '','','';
2018-11-21 07:32:00 EXEC SPC_SOCIAL_LST2 '15','','';
2018-11-21 07:32:16 EXEC SPC_COM_DATA '','','';
2018-11-21 07:32:16 EXEC SPC_SOCIAL_LST1 '15','';
2018-11-21 07:32:17 EXEC SPC_COM_DATA '','','';
2018-11-21 07:32:17 EXEC SPC_SOCIAL_LST2 '15','','';
2018-11-21 07:35:51 EXEC SPC_COM_DATA '','','';
2018-11-21 07:35:51 EXEC SPC_SOCIAL_LST1 '15','';
2018-11-21 07:35:51 EXEC SPC_COM_DATA '','','';
2018-11-21 07:35:51 EXEC SPC_SOCIAL_LST2 '15','','';
2018-11-21 07:36:02 EXEC SPC_COM_DATA '','','';
2018-11-21 07:36:02 EXEC SPC_SOCIAL_LST1 '15','';
2018-11-21 07:36:03 EXEC SPC_COM_DATA '','','';
2018-11-21 07:36:03 EXEC SPC_SOCIAL_LST2 '15','','';
2018-11-21 07:36:42 EXEC SPC_COM_DATA '','','';
2018-11-21 07:36:42 EXEC SPC_SOCIAL_LST1 '15','';
2018-11-21 07:36:43 EXEC SPC_COM_DATA '','','';
2018-11-21 07:36:43 EXEC SPC_SOCIAL_LST2 '15','','';
2018-11-21 07:40:03 EXEC SPC_COM_DATA '','','';
2018-11-21 07:40:03 EXEC SPC_SOCIAL_LST1 '15','';
2018-11-21 07:40:03 EXEC SPC_COM_DATA '','','';
2018-11-21 07:40:03 EXEC SPC_SOCIAL_LST2 '15','','';
2018-11-21 07:41:41 EXEC SPC_COM_DATA '','','';
2018-11-21 07:41:41 EXEC SPC_VOCABULARY_LST1 '','','12','14';
2018-11-21 07:41:42 EXEC SPC_COM_DATA '','','';
2018-11-21 07:41:42 EXEC SPC_VOCABULARY_LST2 '2','1','';
2018-11-21 07:43:19 EXEC SPC_COM_DATA '','','';
2018-11-21 07:43:19 EXEC SPC_VOCABULARY_LST1 '1','','2','1';
2018-11-21 07:43:20 EXEC SPC_COM_DATA '','','';
2018-11-21 07:43:20 EXEC SPC_VOCABULARY_LST2 '2','1','';
2018-11-21 07:44:20 EXEC SPC_COM_DATA '','','';
2018-11-21 07:44:20 EXEC SPC_VOCABULARY_LST1 '1','','2','1';
2018-11-21 07:44:20 EXEC SPC_COM_DATA '','','';
2018-11-21 07:44:20 EXEC SPC_VOCABULARY_LST2 '2','1','';
2018-11-21 07:44:57 EXEC SPC_COM_DATA '','','';
2018-11-21 07:44:57 EXEC SPC_VOCABULARY_LST1 '1','','2','1';
2018-11-21 07:44:58 EXEC SPC_COM_DATA '','','';
2018-11-21 07:44:58 EXEC SPC_VOCABULARY_LST2 '2','1','';
2018-11-21 07:45:23 EXEC SPC_COM_DATA '','','';
2018-11-21 07:45:23 EXEC SPC_VOCABULARY_LST1 '1','','2','1';
2018-11-21 07:45:23 EXEC SPC_COM_DATA '','','';
2018-11-21 07:45:23 EXEC SPC_VOCABULARY_LST2 '2','1','';
2018-11-21 07:48:32 EXEC SPC_COM_DATA '','','';
2018-11-21 07:48:32 EXEC SPC_VOCABULARY_LST1 '2','','2','1';
2018-11-21 07:48:33 EXEC SPC_COM_DATA '','','';
2018-11-21 07:48:33 EXEC SPC_VOCABULARY_LST2 '2','1','';
2018-11-21 07:51:02 EXEC SPC_COM_DATA '','','';
2018-11-21 07:51:02 EXEC SPC_VOCABULARY_LST1 '2','','2','1';
2018-11-21 07:51:03 EXEC SPC_COM_DATA '','','';
2018-11-21 07:51:03 EXEC SPC_VOCABULARY_LST2 '2','1','';
2018-11-21 07:57:16 EXEC SPC_COM_DATA '','','';
2018-11-21 07:57:16 EXEC SPC_VOCABULARY_LST1 '2','','2','1';
2018-11-21 07:57:17 EXEC SPC_COM_DATA '','','';
2018-11-21 07:57:17 EXEC SPC_VOCABULARY_LST2 '2','1','';
2018-11-21 08:01:54 EXEC SPC_COM_DATA '','','';
2018-11-21 08:01:54 EXEC SPC_VOCABULARY_LST1 '2','','2','1';
2018-11-21 08:01:54 EXEC SPC_COM_DATA '','','';
2018-11-21 08:01:54 EXEC SPC_VOCABULARY_LST2 '2','1','';
2018-11-21 08:02:33 EXEC SPC_COM_DATA '','','';
2018-11-21 08:02:33 EXEC SPC_VOCABULARY_LST1 '2','','2','1';
2018-11-21 08:02:34 EXEC SPC_COM_DATA '','','';
2018-11-21 08:02:34 EXEC SPC_VOCABULARY_LST2 '2','1','';
2018-11-21 08:03:09 EXEC SPC_COM_DATA '','','';
2018-11-21 08:03:09 EXEC SPC_VOCABULARY_LST1 '2','','2','1';
2018-11-21 08:03:09 EXEC SPC_COM_DATA '','','';
2018-11-21 08:03:09 EXEC SPC_VOCABULARY_LST2 '2','1','';
2018-11-21 08:03:39 EXEC SPC_COM_DATA '','','';
2018-11-21 08:03:39 EXEC SPC_VOCABULARY_LST1 '2','','2','1';
2018-11-21 08:03:40 EXEC SPC_COM_DATA '','','';
2018-11-21 08:03:40 EXEC SPC_VOCABULARY_LST2 '2','1','';
2018-11-21 08:03:55 EXEC SPC_COM_DATA '','','';
2018-11-21 08:03:55 EXEC SPC_VOCABULARY_LST1 '2','','2','1';
2018-11-21 08:03:55 EXEC SPC_COM_DATA '','','';
2018-11-21 08:03:55 EXEC SPC_VOCABULARY_LST2 '2','1','';
2018-11-21 08:04:21 EXEC SPC_COM_DATA '','','';
2018-11-21 08:04:21 EXEC SPC_VOCABULARY_LST1 '2','','2','1';
2018-11-21 08:04:22 EXEC SPC_COM_DATA '','','';
2018-11-21 08:04:22 EXEC SPC_VOCABULARY_LST2 '2','1','';
2018-11-21 08:04:34 EXEC SPC_COM_DATA '','','';
2018-11-21 08:04:34 EXEC SPC_VOCABULARY_LST1 '2','','2','1';
2018-11-21 08:04:34 EXEC SPC_COM_DATA '','','';
2018-11-21 08:04:34 EXEC SPC_VOCABULARY_LST2 '2','1','';
2018-11-21 08:05:09 EXEC SPC_COM_DATA '','','';
2018-11-21 08:05:09 EXEC SPC_VOCABULARY_LST1 '2','','2','1';
2018-11-21 08:05:09 EXEC SPC_COM_DATA '','','';
2018-11-21 08:05:09 EXEC SPC_VOCABULARY_LST2 '2','1','';
2018-11-21 08:06:33 EXEC SPC_COM_DATA '','','';
2018-11-21 08:06:33 EXEC SPC_VOCABULARY_LST1 '2','','2','1';
2018-11-21 08:06:33 EXEC SPC_COM_DATA '','','';
2018-11-21 08:06:33 EXEC SPC_VOCABULARY_LST2 '2','1','';
2018-11-21 08:09:34 EXEC SPC_COM_DATA '','','';
2018-11-21 08:09:34 EXEC SPC_VOCABULARY_LST1 '2','','2','1';
2018-11-21 08:09:34 EXEC SPC_COM_DATA '','','';
2018-11-21 08:09:34 EXEC SPC_VOCABULARY_LST2 '2','1','';
2018-11-21 08:10:45 EXEC SPC_COM_DATA '','','';
2018-11-21 08:10:45 EXEC SPC_VOCABULARY_LST1 '2','','2','1';
2018-11-21 08:10:46 EXEC SPC_COM_DATA '','','';
2018-11-21 08:10:46 EXEC SPC_VOCABULARY_LST2 '2','1','';
2018-11-21 08:12:26 EXEC SPC_COM_DATA '','','';
2018-11-21 08:12:26 EXEC SPC_VOCABULARY_LST1 '2','','2','1';
2018-11-21 08:12:26 EXEC SPC_COM_DATA '','','';
2018-11-21 08:12:26 EXEC SPC_VOCABULARY_LST2 '2','1','';
2018-11-21 08:13:21 EXEC SPC_COM_DATA '','','';
2018-11-21 08:13:21 EXEC SPC_SOCIAL_LST1 '','';
2018-11-21 08:13:21 EXEC SPC_COM_DATA '','','';
2018-11-21 08:13:21 EXEC SPC_SOCIAL_LST2 '','','';
2018-11-21 08:25:38 EXEC SPC_COM_DATA '','','';
2018-11-21 08:25:38 EXEC SPC_SOCIAL_LST1 '15','';
2018-11-21 08:25:39 EXEC SPC_COM_DATA '','','';
2018-11-21 08:25:39 EXEC SPC_SOCIAL_LST2 '15','','';
2018-11-21 08:28:19 EXEC SPC_COM_DATA '','','';
2018-11-21 08:28:19 EXEC SPC_SOCIAL_LST1 '','';
2018-11-21 08:28:19 EXEC SPC_COM_DATA '','','';
2018-11-21 08:28:19 EXEC SPC_SOCIAL_LST2 '','','';
2018-11-21 08:28:47 EXEC SPC_COM_DATA '','','';
2018-11-21 08:29:14 EXEC SPC_COM_DATA '','','';
2018-11-21 08:29:28 EXEC SPC_COM_DATA '','','';
2018-11-21 08:29:28 EXEC SPC_VOCABULARY_LST1 '','','2','1';
2018-11-21 08:29:29 EXEC SPC_COM_DATA '','','';
2018-11-21 08:29:29 EXEC SPC_VOCABULARY_LST2 '2','1','';
2018-11-21 08:29:47 EXEC SPC_COM_DATA '','','';
2018-11-21 08:29:47 EXEC SPC_SOCIAL_LST1 '','';
2018-11-21 08:29:48 EXEC SPC_COM_DATA '','','';
2018-11-21 08:29:48 EXEC SPC_SOCIAL_LST2 '','','';
2018-11-21 08:30:13 EXEC SPC_COM_DATA '','','';
2018-11-21 08:30:13 EXEC SPC_SOCIAL_LST1 '15','';
2018-11-21 08:30:14 EXEC SPC_COM_DATA '','','';
2018-11-21 08:30:14 EXEC SPC_SOCIAL_LST2 '15','','';
2018-11-21 08:39:39 EXEC SPC_COM_DATA '','','';
2018-11-21 08:39:39 EXEC SPC_TRANSLATE_LST1 '','';
2018-11-21 08:39:42 EXEC SPC_COM_DATA '','','';
2018-11-21 08:39:43 EXEC SPC_COM_DATA '','','';
2018-11-21 08:39:43 EXEC SPC_VOCABULARY_LST1 '','','2','1';
2018-11-21 08:39:43 EXEC SPC_COM_DATA '','','';
2018-11-21 08:39:44 EXEC SPC_VOCABULARY_LST2 '2','1','';
2018-11-21 08:40:08 EXEC SPC_COMMON_ACCOUNT '2','1';
2018-11-21 08:40:08 EXEC SPC_COM_DATA 'khoai','2','1';
2018-11-21 08:40:08 EXEC SPC_VOCABULARY_LST1 '1','khoai','2','1';
2018-11-21 08:40:08 EXEC SPC_COM_DATA 'khoai','2','1';
2018-11-21 08:40:08 EXEC SPC_VOCABULARY_LST2 '2','1','khoai';
2018-11-21 08:40:21 EXEC SPC_COM_DATA 'khoai','2','1';
2018-11-21 08:40:21 EXEC SPC_SOCIAL_LST1 '','khoai';
2018-11-21 08:40:22 EXEC SPC_COM_DATA 'khoai','2','1';
2018-11-21 08:40:22 EXEC SPC_SOCIAL_LST2 '','','khoai';
2018-11-21 08:40:27 EXEC SPC_COM_DATA 'khoai','2','1';
2018-11-21 08:40:27 EXEC SPC_SOCIAL_LST1 '15','khoai';
2018-11-21 08:40:27 EXEC SPC_COM_DATA 'khoai','2','1';
2018-11-21 08:40:27 EXEC SPC_SOCIAL_LST2 '15','','khoai';
2018-11-21 08:43:06 EXEC SPC_COMMON_ACCOUNT '1','2';
2018-11-21 08:43:06 EXEC SPC_COM_PERMISSION '1','2','w002';
2018-11-21 08:43:06 EXEC SPC_COM_MENU '1';
2018-11-21 08:43:06 EXEC SPC_W002_FND1
2018-11-21 08:43:08 EXEC SPC_COM_MENU '1';
2018-11-21 08:43:08 EXEC SPC_W002_LST1 '17';
2018-11-21 08:43:12 EXEC SPC_COM_PERMISSION '1','2','m007';
2018-11-21 08:43:12 EXEC SPC_COM_MENU '1';
2018-11-21 08:43:12 EXEC SPC_M007_FND1
2018-11-21 08:43:17 EXEC SPC_COM_MENU '1';
2018-11-21 08:43:17 EXEC SPC_m007_LST1 '13';
2018-11-21 08:43:17 EXEC SPC_M007_FND1
2018-11-21 08:44:21 EXEC SPC_COM_MENU '1';
2018-11-21 08:44:21 EXEC SPC_M007_ACT1 '13','<row row_id="0" number_id="0" content="" num_remark1="" num_remark2="" num_remark3="" text_remark1="" text_remark2="" text_remark3="" /><row row_id="1" number_id="1" content="Đăng ký bài học" num_remark1="" num_remark2="" num_remark3="" text_remark1="btn-add-lesson" text_remark2="" text_remark3="" /><row row_id="2" number_id="2" content="Trả lời từ vựng" num_remark1="" num_remark2="" num_remark3="" text_remark1="btn-answer" text_remark2="" text_remark3="" /><row row_id="3" number_id="3" content="Đặt câu hỏi / chủ đề" num_remark1="" num_remark2="" num_remark3="" text_remark1="btn-question" text_remark2="" text_remark3="" /><row row_id="4" number_id="4" content="Ghi nhớ" num_remark1="" num_remark2="" num_remark3="" text_remark1="btn-remember" text_remark2="" text_remark3="" /><row row_id="5" number_id="5" content="Quên" num_remark1="" num_remark2="" num_remark3="" text_remark1="btn-forget" text_remark2="" text_remark3="" /><row row_id="6" number_id="6" content="Đóng góp ví dụ" num_remark1="" num_remark2="" num_remark3="" text_remark1="btn-contribute-exa" text_remark2="" text_remark3="" /><row row_id="7" number_id="7" content="Vỗ tay" num_remark1="" num_remark2="" num_remark3="" text_remark1="btn-effect" text_remark2="" text_remark3="" /><row row_id="8" number_id="8" content="Bình luận" num_remark1="" num_remark2="" num_remark3="" text_remark1="btn-comment" text_remark2="" text_remark3="" /><row row_id="9" number_id="9" content="Góp ý" num_remark1="" num_remark2="" num_remark3="" text_remark1="btn-feedback" text_remark2="" text_remark3="" /><row row_id="10" number_id="10" content="Lưu bài viết tự tạo" num_remark1="" num_remark2="" num_remark3="" text_remark1="btn-save-post" text_remark2="" text_remark3="" /><row row_id="11" number_id="11" content="Chia sẻ bài viết tự tạo" num_remark1="" num_remark2="" num_remark3="" text_remark1="btn-share-post" text_remark2="" text_remark3="" /><row row_id="12" number_id="12" content="Thêm bài tập cho bài viết" num_remark1="" num_remark2="" num_remark3="" text_remark1="btn-add-exercise" text_remark2="" text_remark3="" /><row row_id="13" number_id="13" content="Đăng ký nhiệm vụ" num_remark1="" num_remark2="" num_remark3="" text_remark1="btn-add-mission" text_remark2="" text_remark3="" /><row row_id="14" number_id="14" content="like" num_remark1="" num_remark2="" num_remark3="" text_remark1="btn-like" text_remark2="" text_remark3="" /><row row_id="15" number_id="15" content="kiểm tra đáp án" num_remark1="" num_remark2="" num_remark3="" text_remark1="btn-check-answer" text_remark2="" text_remark3="" /><row row_id="16" number_id="16" content="đánh giá bài viết" num_remark1="" num_remark2="" num_remark3="" text_remark1="btn-vote" text_remark2="" text_remark3="" />','ndq809','127.0.0.1';
2018-11-21 08:44:24 EXEC SPC_COM_MENU '1';
2018-11-21 08:44:24 EXEC SPC_m007_LST1 '13';
2018-11-21 08:44:24 EXEC SPC_M007_FND1
2018-11-21 08:45:22 EXEC SPC_COM_DATA 'khoai','2','1';
2018-11-21 08:45:22 EXEC SPC_SOCIAL_LST1 '15','khoai';
2018-11-21 08:45:22 EXEC SPC_COM_DATA 'khoai','2','1';
2018-11-21 08:45:22 EXEC SPC_SOCIAL_LST2 '15','','khoai';
2018-11-21 08:45:38 EXEC SPC_COM_DATA 'khoai','2','1';
2018-11-21 08:45:38 EXEC SPC_SOCIAL_ACT1 '15','2.5','khoai','127.0.0.1';
2018-11-21 08:46:24 EXEC SPC_COM_DATA 'khoai','2','1';
2018-11-21 08:46:24 EXEC SPC_SOCIAL_LST1 '15','khoai';
2018-11-21 08:46:24 EXEC SPC_COM_DATA 'khoai','2','1';
2018-11-21 08:46:24 EXEC SPC_SOCIAL_LST2 '15','','khoai';
2018-11-21 08:47:06 EXEC SPC_COM_DATA 'khoai','2','1';
2018-11-21 08:47:06 EXEC SPC_SOCIAL_LST1 '15','khoai';
2018-11-21 08:47:07 EXEC SPC_COM_DATA 'khoai','2','1';
2018-11-21 08:47:07 EXEC SPC_SOCIAL_LST2 '15','','khoai';
2018-11-21 08:47:23 EXEC SPC_COM_DATA 'khoai','2','1';
2018-11-21 08:47:23 EXEC SPC_SOCIAL_LST1 '15','khoai';
2018-11-21 08:47:23 EXEC SPC_COM_DATA 'khoai','2','1';
2018-11-21 08:47:23 EXEC SPC_SOCIAL_LST2 '15','','khoai';
2018-11-21 08:47:30 EXEC SPC_COM_PERMISSION '1','2','s001';
2018-11-21 08:47:30 EXEC SPC_COM_MENU '1';
2018-11-21 08:47:30 EXEC SPC_S001_FND1
2018-11-21 08:47:33 EXEC SPC_COM_MENU '1';
2018-11-21 08:47:33 EXEC SPC_S001_FND2 '1';
2018-11-21 08:47:35 EXEC SPC_COM_MENU '1';
2018-11-21 08:47:35 EXEC SPC_S001_LST2 '1';
2018-11-21 08:47:40 EXEC SPC_COM_MENU '1';
2018-11-21 08:47:40 EXEC SPC_S001_ACT1 '1','1','<row screen_id="btn-add-lesson" remark="" access_per="1" /><row screen_id="btn-answer" remark="" access_per="1" /><row screen_id="btn-question" remark="" access_per="1" /><row screen_id="btn-remember" remark="" access_per="1" /><row screen_id="btn-forget" remark="" access_per="1" /><row screen_id="btn-contribute-exa" remark="" access_per="1" /><row screen_id="btn-effect" remark="" access_per="1" /><row screen_id="btn-comment" remark="" access_per="1" /><row screen_id="btn-feedback" remark="" access_per="1" /><row screen_id="btn-save-post" remark="" access_per="1" /><row screen_id="btn-share-post" remark="" access_per="1" /><row screen_id="btn-add-exercise" remark="" access_per="1" /><row screen_id="btn-add-mission" remark="" access_per="1" /><row screen_id="btn-like" remark="" access_per="1" /><row screen_id="btn-check-answer" remark="" access_per="1" /><row screen_id="btn-vote" remark="" access_per="1" />','ndq809','127.0.0.1';
2018-11-21 08:47:41 EXEC SPC_COM_PERMISSION '1','2','s001';
2018-11-21 08:47:41 EXEC SPC_COM_MENU '1';
2018-11-21 08:47:41 EXEC SPC_S001_FND1
2018-11-21 08:47:46 EXEC SPC_COM_DATA 'khoai','2','1';
2018-11-21 08:47:46 EXEC SPC_SOCIAL_LST1 '15','khoai';
2018-11-21 08:47:47 EXEC SPC_COM_DATA 'khoai','2','1';
2018-11-21 08:47:47 EXEC SPC_SOCIAL_LST2 '15','','khoai';
2018-11-21 08:48:16 EXEC SPC_COM_MENU '1';
2018-11-21 08:48:16 EXEC SPC_S001_FND2 '1';
2018-11-21 08:48:18 EXEC SPC_COM_MENU '1';
2018-11-21 08:48:18 EXEC SPC_S001_LST2 '1';
2018-11-21 08:48:45 EXEC SPC_COM_MENU '1';
2018-11-21 08:48:45 EXEC SPC_S001_FND2 '1';
2018-11-21 08:48:47 EXEC SPC_COM_MENU '1';
2018-11-21 08:48:47 EXEC SPC_S001_LST2 '2';
2018-11-21 08:48:51 EXEC SPC_COM_MENU '1';
2018-11-21 08:48:51 EXEC SPC_S001_ACT1 '1','2','<row screen_id="btn-add-lesson" remark="" access_per="1" /><row screen_id="btn-answer" remark="" access_per="1" /><row screen_id="btn-question" remark="" access_per="1" /><row screen_id="btn-remember" remark="" access_per="1" /><row screen_id="btn-forget" remark="" access_per="1" /><row screen_id="btn-contribute-exa" remark="" access_per="1" /><row screen_id="btn-effect" remark="" access_per="1" /><row screen_id="btn-comment" remark="" access_per="1" /><row screen_id="btn-feedback" remark="" access_per="1" /><row screen_id="btn-save-post" remark="" access_per="1" /><row screen_id="btn-share-post" remark="" access_per="1" /><row screen_id="btn-add-exercise" remark="" access_per="1" /><row screen_id="btn-add-mission" remark="" access_per="1" /><row screen_id="btn-like" remark="" access_per="1" /><row screen_id="btn-check-answer" remark="" access_per="1" /><row screen_id="btn-vote" remark="" access_per="1" />','ndq809','127.0.0.1';
2018-11-21 08:48:53 EXEC SPC_COM_PERMISSION '1','2','s001';
2018-11-21 08:48:53 EXEC SPC_COM_MENU '1';
2018-11-21 08:48:53 EXEC SPC_S001_FND1
2018-11-21 08:48:55 EXEC SPC_COM_DATA 'khoai','2','1';
2018-11-21 08:48:55 EXEC SPC_SOCIAL_LST1 '15','khoai';
2018-11-21 08:48:55 EXEC SPC_COM_DATA 'khoai','2','1';
2018-11-21 08:48:55 EXEC SPC_SOCIAL_LST2 '15','','khoai';
2018-11-21 08:49:04 EXEC SPC_COM_DATA 'khoai','2','1';
2018-11-21 08:49:04 EXEC SPC_SOCIAL_ACT1 '15','3.5','khoai','127.0.0.1';
2018-11-21 08:49:10 EXEC SPC_COM_DATA 'khoai','2','1';
2018-11-21 08:49:10 EXEC SPC_SOCIAL_LST1 '','khoai';
2018-11-21 08:49:11 EXEC SPC_COM_DATA 'khoai','2','1';
2018-11-21 08:49:11 EXEC SPC_SOCIAL_LST2 '','','khoai';
2018-11-21 08:49:17 EXEC SPC_COM_DATA 'khoai','2','1';
2018-11-21 08:49:17 EXEC SPC_SOCIAL_LST1 '','khoai';
2018-11-21 08:49:17 EXEC SPC_COM_DATA 'khoai','2','1';
2018-11-21 08:49:17 EXEC SPC_SOCIAL_LST2 '','','khoai';
2018-11-21 08:49:41 EXEC SPC_COM_DATA 'khoai','2','1';
2018-11-21 08:49:41 EXEC SPC_SOCIAL_LST1 '15','khoai';
2018-11-21 08:49:41 EXEC SPC_COM_DATA 'khoai','2','1';
2018-11-21 08:49:41 EXEC SPC_SOCIAL_LST2 '15','','khoai';
2018-11-21 08:51:06 EXEC SPC_COM_DATA '','','';
2018-11-21 08:51:06 EXEC SPC_SOCIAL_LST1 '15','';
2018-11-21 08:51:06 EXEC SPC_COM_DATA '','','';
2018-11-21 08:51:06 EXEC SPC_SOCIAL_LST2 '15','','';
2018-11-21 08:51:16 EXEC SPC_COMMON_ACCOUNT '1','1';
2018-11-21 08:51:16 EXEC SPC_COM_DATA 'quypro','1','1';
2018-11-21 08:51:16 EXEC SPC_SOCIAL_LST1 '15','quypro';
2018-11-21 08:51:17 EXEC SPC_COM_DATA 'quypro','1','1';
2018-11-21 08:51:17 EXEC SPC_SOCIAL_LST2 '15','','quypro';
2018-11-21 08:51:27 EXEC SPC_COM_DATA 'quypro','1','1';
2018-11-21 08:51:27 EXEC SPC_SOCIAL_LST1 '21','quypro';
2018-11-21 08:51:28 EXEC SPC_COM_DATA 'quypro','1','1';
2018-11-21 08:51:28 EXEC SPC_SOCIAL_LST2 '21','','quypro';
2018-11-21 08:51:30 EXEC SPC_COM_DATA 'quypro','1','1';
2018-11-21 08:51:30 EXEC SPC_SOCIAL_LST1 '16','quypro';
2018-11-21 08:51:30 EXEC SPC_COM_DATA 'quypro','1','1';
2018-11-21 08:51:30 EXEC SPC_SOCIAL_LST2 '16','','quypro';
2018-11-21 08:51:37 EXEC SPC_COM_DATA 'quypro','1','1';
2018-11-21 08:51:37 EXEC SPC_SOCIAL_ACT1 '16','1','quypro','127.0.0.1';
2018-11-21 08:51:39 EXEC SPC_COM_DATA 'quypro','1','1';
2018-11-21 08:51:39 EXEC SPC_SOCIAL_LST1 '16','quypro';
2018-11-21 08:51:40 EXEC SPC_COM_DATA 'quypro','1','1';
2018-11-21 08:51:40 EXEC SPC_SOCIAL_LST2 '16','','quypro';
2018-11-21 08:51:48 EXEC SPC_COM_DATA 'quypro','1','1';
2018-11-21 08:51:48 EXEC SPC_SOCIAL_LST1 '21','quypro';
2018-11-21 08:51:48 EXEC SPC_COM_DATA 'quypro','1','1';
2018-11-21 08:51:48 EXEC SPC_SOCIAL_LST2 '21','','quypro';
2018-11-21 08:51:50 EXEC SPC_COM_DATA 'quypro','1','1';
2018-11-21 08:51:50 EXEC SPC_SOCIAL_LST1 '15','quypro';
2018-11-21 08:51:50 EXEC SPC_COM_DATA 'quypro','1','1';
2018-11-21 08:51:50 EXEC SPC_SOCIAL_LST2 '15','','quypro';
2018-11-21 08:58:41 EXEC SPC_COM_DATA '','','';
2018-11-21 08:58:41 EXEC SPC_SOCIAL_LST1 '15','';
2018-11-21 08:58:42 EXEC SPC_COM_DATA '','','';
2018-11-21 08:58:42 EXEC SPC_SOCIAL_LST2 '15','','';
2018-11-21 08:58:55 EXEC SPC_COMMON_ACCOUNT '2','1';
2018-11-21 08:58:55 EXEC SPC_COM_DATA 'khoai','2','1';
2018-11-21 08:58:55 EXEC SPC_SOCIAL_LST1 '15','khoai';
2018-11-21 08:58:55 EXEC SPC_COM_DATA 'khoai','2','1';
2018-11-21 08:58:55 EXEC SPC_SOCIAL_LST2 '15','','khoai';
2018-11-21 08:59:03 EXEC SPC_COM_DATA 'khoai','2','1';
2018-11-21 08:59:03 EXEC SPC_SOCIAL_ACT1 '15','5','khoai','127.0.0.1';
2018-11-21 09:00:41 EXEC SPC_COM_DATA 'khoai','2','1';
2018-11-21 09:00:41 EXEC SPC_SOCIAL_LST1 '15','khoai';
2018-11-21 09:00:41 EXEC SPC_COM_DATA 'khoai','2','1';
2018-11-21 09:00:41 EXEC SPC_SOCIAL_LST2 '15','','khoai';
2018-11-21 09:00:43 EXEC SPC_COM_DATA 'khoai','2','1';
2018-11-21 09:00:43 EXEC SPC_SOCIAL_ACT1 '15','5','khoai','127.0.0.1';
2018-11-21 09:00:51 EXEC SPC_COM_DATA 'khoai','2','1';
2018-11-21 09:00:51 EXEC SPC_SOCIAL_LST1 '15','khoai';
2018-11-21 09:00:52 EXEC SPC_COM_DATA 'khoai','2','1';
2018-11-21 09:00:52 EXEC SPC_SOCIAL_LST2 '15','','khoai';
2018-11-21 09:04:44 EXEC SPC_COM_DATA 'khoai','2','1';
2018-11-21 09:04:44 EXEC SPC_SOCIAL_LST1 '15','khoai';
2018-11-21 09:04:45 EXEC SPC_COM_DATA 'khoai','2','1';
2018-11-21 09:04:45 EXEC SPC_SOCIAL_LST2 '15','','khoai';
2018-11-21 09:04:47 EXEC SPC_COM_DATA 'khoai','2','1';
2018-11-21 09:04:47 EXEC SPC_SOCIAL_ACT1 '15','3.5','khoai','127.0.0.1';
2018-11-21 09:04:52 EXEC SPC_COM_DATA 'khoai','2','1';
2018-11-21 09:04:52 EXEC SPC_SOCIAL_LST1 '15','khoai';
2018-11-21 09:04:52 EXEC SPC_COM_DATA 'khoai','2','1';
2018-11-21 09:04:52 EXEC SPC_SOCIAL_LST2 '15','','khoai';
2018-11-21 09:05:07 EXEC SPC_COM_DATA 'khoai','2','1';
2018-11-21 09:05:07 EXEC SPC_SOCIAL_ACT1 '15','5','khoai','127.0.0.1';
2018-11-21 09:05:10 EXEC SPC_COM_DATA 'khoai','2','1';
2018-11-21 09:05:10 EXEC SPC_SOCIAL_LST1 '15','khoai';
2018-11-21 09:05:11 EXEC SPC_COM_DATA 'khoai','2','1';
2018-11-21 09:05:11 EXEC SPC_SOCIAL_LST2 '15','','khoai';
