2018-10-05 00:00:38 EXEC SPC_COM_DATA '','','';
2018-10-05 00:00:43 EXEC SPC_COM_DATA '','','';
2018-10-05 00:00:43 EXEC SPC_VOCABULARY_LST1 '','','','';
2018-10-05 00:00:44 EXEC SPC_COM_DATA '','','';
2018-10-05 00:00:44 EXEC SPC_VOCABULARY_LST2 '2','1','';
2018-10-05 00:00:49 EXEC SPC_COM_DATA '','','';
2018-10-05 00:00:49 EXEC SPC_GRAMMAR_LST1 '','','2','1';
2018-10-05 00:00:49 EXEC SPC_COM_DATA '','','';
2018-10-05 00:00:49 EXEC SPC_GRAMMAR_LST2 '6','6','';
2018-10-05 00:01:04 EXEC SPC_COM_DATA '','','';
2018-10-05 00:01:04 EXEC SPC_LISTENING_LST1 '','','6','6';
2018-10-05 00:01:05 EXEC SPC_COM_DATA '','','';
2018-10-05 00:01:05 EXEC SPC_LISTENING_LST2 '8','8','';
2018-10-05 00:01:08 EXEC SPC_COM_DATA '','','';
2018-10-05 00:01:08 EXEC SPC_COM_GET_PAGE_COMMENT '1','3','9','2','';
2018-10-05 00:01:10 EXEC SPC_COM_DATA '','','';
2018-10-05 00:01:10 EXEC SPC_COM_GET_PAGE_COMMENT '1','3','9','1','';
2018-10-05 00:01:19 EXEC SPC_COM_DATA '','','';
2018-10-05 00:01:19 EXEC SPC_COM_GET_PAGE_COMMENT '1','3','9','2','';
2018-10-05 00:01:20 EXEC SPC_COM_DATA '','','';
2018-10-05 00:01:20 EXEC SPC_COM_GET_PAGE_COMMENT '1','3','9','1','';
2018-10-05 00:01:22 EXEC SPC_COM_DATA '','','';
2018-10-05 00:01:22 EXEC SPC_COM_GET_PAGE_COMMENT '1','3','9','2','';
2018-10-05 00:01:25 EXEC SPC_COM_DATA '','','';
2018-10-05 00:01:25 EXEC SPC_TRANSLATE_LST1 '4','';
2018-10-05 00:01:26 EXEC SPC_COM_DATA '','','';
2018-10-05 00:01:26 EXEC SPC_TRANSLATE_LST2 'goal','','127.0.0.1';
2018-10-05 00:01:40 EXEC SPC_COM_DATA '','','';
2018-10-05 00:01:40 EXEC SPC_TRANSLATE_LST1 '4','';
2018-10-05 00:01:41 EXEC SPC_COM_DATA '','','';
2018-10-05 00:01:41 EXEC SPC_TRANSLATE_LST2 'goal','','127.0.0.1';
2018-10-05 00:04:08 EXEC SPC_COM_PERMISSION '1','2','w002';
2018-10-05 00:04:08 EXEC SPC_COM_MENU '1';
2018-10-05 00:04:08 EXEC SPC_W002_FND1
2018-10-05 00:04:12 EXEC SPC_COM_PERMISSION '1','2','g006';
2018-10-05 00:04:12 EXEC SPC_COM_MENU '1';
2018-10-05 00:04:12 EXEC SPC_COM_M999_INQ1 '7';
2018-10-05 00:04:24 EXEC SPC_COM_PERMISSION '1','2','m007';
2018-10-05 00:04:24 EXEC SPC_COM_MENU '1';
2018-10-05 00:04:24 EXEC SPC_M007_FND1
2018-10-05 00:04:27 EXEC SPC_COM_MENU '1';
2018-10-05 00:04:27 EXEC SPC_m007_LST1 '13';
2018-10-05 00:04:28 EXEC SPC_M007_FND1
2018-10-05 00:05:08 EXEC SPC_COM_MENU '1';
2018-10-05 00:05:08 EXEC SPC_M007_ACT1 '13','<row row_id="0" number_id="0" content="" num_remark1="" num_remark2="" num_remark3="" text_remark1="" text_remark2="" text_remark3="" /><row row_id="1" number_id="1" content="Đăng ký bài học" num_remark1="" num_remark2="" num_remark3="" text_remark1="btn-add-lesson" text_remark2="" text_remark3="" /><row row_id="2" number_id="2" content="Trả lời từ vựng" num_remark1="" num_remark2="" num_remark3="" text_remark1="btn-answer" text_remark2="" text_remark3="" /><row row_id="3" number_id="3" content="Đặt câu hỏi / chủ đề" num_remark1="" num_remark2="" num_remark3="" text_remark1="btn-question" text_remark2="" text_remark3="" /><row row_id="4" number_id="4" content="Ghi nhớ" num_remark1="" num_remark2="" num_remark3="" text_remark1="btn-remember" text_remark2="" text_remark3="" /><row row_id="5" number_id="5" content="Quên" num_remark1="" num_remark2="" num_remark3="" text_remark1="btn-forget" text_remark2="" text_remark3="" /><row row_id="6" number_id="6" content="Đóng góp ví dụ" num_remark1="" num_remark2="" num_remark3="" text_remark1="btn-contribute-exa" text_remark2="" text_remark3="" /><row row_id="7" number_id="7" content="Vỗ tay" num_remark1="" num_remark2="" num_remark3="" text_remark1="btn-effect" text_remark2="" text_remark3="" /><row row_id="8" number_id="8" content="Bình luận" num_remark1="" num_remark2="" num_remark3="" text_remark1="btn-comment" text_remark2="" text_remark3="" /><row row_id="9" number_id="9" content="Góp ý" num_remark1="" num_remark2="" num_remark3="" text_remark1="btn-feedback" text_remark2="" text_remark3="" /><row row_id="10" number_id="10" content="Lưu bài viết tự tạo" num_remark1="" num_remark2="" num_remark3="" text_remark1="btn-save-post" text_remark2="" text_remark3="" /><row row_id="11" number_id="11" content="Chia sẻ bài viết tự tạo" num_remark1="" num_remark2="" num_remark3="" text_remark1="btn-share-post" text_remark2="" text_remark3="" /><row row_id="12" number_id="12" content="Thêm bài tập cho bài viết" num_remark1="" num_remark2="" num_remark3="" text_remark1="btn-add-exercise" text_remark2="" text_remark3="" /><row row_id="13" number_id="13" content="Đăng ký nhiệm vụ" num_remark1="" num_remark2="" num_remark3="" text_remark1="btn-add-mission" text_remark2="" text_remark3="" /><row row_id="14" number_id="14" content="like" num_remark1="" num_remark2="" num_remark3="" text_remark1="btn-like" text_remark2="" text_remark3="" />','ndq809','127.0.0.1';
2018-10-05 00:05:10 EXEC SPC_COM_MENU '1';
2018-10-05 00:05:10 EXEC SPC_m007_LST1 '13';
2018-10-05 00:05:10 EXEC SPC_M007_FND1
2018-10-05 00:05:11 EXEC SPC_COM_DATA '','','';
2018-10-05 00:05:11 EXEC SPC_LISTENING_LST1 '9','','8','8';
2018-10-05 00:05:12 EXEC SPC_COM_DATA '','','';
2018-10-05 00:05:12 EXEC SPC_LISTENING_LST2 '8','8','';
2018-10-05 00:06:24 EXEC SPC_COM_DATA '','','';
2018-10-05 00:06:24 EXEC SPC_LISTENING_LST1 '9','','8','8';
2018-10-05 00:06:25 EXEC SPC_COM_DATA '','','';
2018-10-05 00:06:25 EXEC SPC_LISTENING_LST2 '8','8','';
2018-10-05 00:06:32 EXEC SPC_COM_DATA '','','';
2018-10-05 00:09:04 EXEC SPC_COM_DATA '','','';
2018-10-05 00:09:57 EXEC SPC_COM_DATA '','','';
2018-10-05 00:09:57 EXEC SPC_LISTENING_LST1 '9','','8','8';
2018-10-05 00:09:57 EXEC SPC_COM_DATA '','','';
2018-10-05 00:09:57 EXEC SPC_LISTENING_LST2 '8','8','';
2018-10-05 00:09:59 EXEC SPC_COM_DATA '','','';
2018-10-05 00:09:59 EXEC SPC_COM_GET_MORE_COMMENT '1','1','';
2018-10-05 00:10:39 EXEC SPC_COMMON_ACCOUNT '1','1';
2018-10-05 00:10:40 EXEC SPC_COM_DATA 'quypro','1','1';
2018-10-05 00:10:40 EXEC SPC_LISTENING_LST1 '9','quypro','8','8';
2018-10-05 00:10:40 EXEC SPC_COM_DATA 'quypro','1','1';
2018-10-05 00:10:40 EXEC SPC_LISTENING_LST2 '8','8','quypro';
2018-10-05 00:10:57 EXEC SPC_COM_PERMISSION '1','2','s001';
2018-10-05 00:10:57 EXEC SPC_COM_MENU '1';
2018-10-05 00:10:57 EXEC SPC_S001_FND1
2018-10-05 00:11:00 EXEC SPC_COM_MENU '1';
2018-10-05 00:11:00 EXEC SPC_S001_FND2 '1';
2018-10-05 00:11:02 EXEC SPC_COM_MENU '1';
2018-10-05 00:11:02 EXEC SPC_S001_LST2 '1';
2018-10-05 00:11:10 EXEC SPC_COM_MENU '1';
2018-10-05 00:11:10 EXEC SPC_S001_ACT1 '1','1','<row screen_id="btn-add-lesson" remark="" access_per="1" /><row screen_id="btn-answer" remark="" access_per="1" /><row screen_id="btn-question" remark="" access_per="1" /><row screen_id="btn-remember" remark="" access_per="1" /><row screen_id="btn-forget" remark="" access_per="1" /><row screen_id="btn-contribute-exa" remark="" access_per="1" /><row screen_id="btn-effect" remark="" access_per="1" /><row screen_id="btn-comment" remark="" access_per="1" /><row screen_id="btn-feedback" remark="" access_per="1" /><row screen_id="btn-save-post" remark="" access_per="1" /><row screen_id="btn-share-post" remark="" access_per="1" /><row screen_id="btn-add-exercise" remark="" access_per="1" /><row screen_id="btn-add-mission" remark="" access_per="1" /><row screen_id="btn-like" remark="" access_per="1" />','ndq809','127.0.0.1';
2018-10-05 00:11:11 EXEC SPC_COM_PERMISSION '1','2','s001';
2018-10-05 00:11:11 EXEC SPC_COM_MENU '1';
2018-10-05 00:11:11 EXEC SPC_S001_FND1
2018-10-05 00:11:13 EXEC SPC_COM_DATA 'quypro','1','1';
2018-10-05 00:11:13 EXEC SPC_LISTENING_LST1 '9','quypro','8','8';
2018-10-05 00:11:13 EXEC SPC_COM_DATA 'quypro','1','1';
2018-10-05 00:11:13 EXEC SPC_LISTENING_LST2 '8','8','quypro';
2018-10-05 00:11:18 EXEC SPC_COM_DATA 'quypro','1','1';
2018-10-05 00:11:18 EXEC SPC_COM_TOGGLE_EFFECT '1','2','3','3','0','quypro','127.0.0.1';
2018-10-05 00:11:20 EXEC SPC_COM_DATA 'quypro','1','1';
2018-10-05 00:11:20 EXEC SPC_COM_TOGGLE_EFFECT '1','2','3','3','1','quypro','127.0.0.1';
2018-10-05 00:11:49 EXEC SPC_COM_DATA 'quypro','1','1';
2018-10-05 00:11:49 EXEC SPC_LISTENING_LST2 '8','9','quypro';
2018-10-05 00:12:10 EXEC SPC_COM_DATA 'quypro','1','1';
2018-10-05 00:12:15 EXEC SPC_COM_DATA 'quypro','1','1';
2018-10-05 00:12:21 EXEC SPC_COM_DATA 'quypro','1','1';
2018-10-05 00:14:28 EXEC SPC_COM_DATA 'quypro','1','1';
2018-10-05 00:14:39 EXEC SPC_COM_DATA 'quypro','1','1';
2018-10-05 00:15:01 EXEC SPC_COM_DATA 'quypro','1','1';
2018-10-05 00:15:01 EXEC SPC_LISTENING_LST1 '11','quypro','8','9';
2018-10-05 00:15:02 EXEC SPC_COM_DATA 'quypro','1','1';
2018-10-05 00:15:02 EXEC SPC_LISTENING_LST2 '8','9','quypro';
2018-10-05 00:15:12 EXEC SPC_COM_DATA 'quypro','1','1';
2018-10-05 00:16:16 EXEC SPC_COM_DATA 'quypro','1','1';
2018-10-05 00:16:16 EXEC SPC_COM_ADD_COMMENT '1','3','11','the first comment!','','quypro','127.0.0.1';
2018-10-05 00:16:54 EXEC SPC_COM_DATA 'quypro','1','1';
2018-10-05 00:16:54 EXEC SPC_LISTENING_LST1 '11','quypro','8','9';
2018-10-05 00:16:55 EXEC SPC_COM_DATA 'quypro','1','1';
2018-10-05 00:16:55 EXEC SPC_LISTENING_LST2 '8','9','quypro';
2018-10-05 00:17:36 EXEC SPC_COM_DATA 'quypro','1','1';
2018-10-05 00:17:36 EXEC SPC_LISTENING_LST1 '11','quypro','8','9';
2018-10-05 00:17:37 EXEC SPC_COM_DATA 'quypro','1','1';
2018-10-05 00:17:37 EXEC SPC_LISTENING_LST2 '8','9','quypro';
2018-10-05 00:17:55 EXEC SPC_COM_DATA 'quypro','1','1';
2018-10-05 00:17:55 EXEC SPC_COM_ADD_COMMENT '1','3','11','second comment','','quypro','127.0.0.1';
2018-10-05 00:18:54 EXEC SPC_COM_DATA 'quypro','1','1';
2018-10-05 00:18:54 EXEC SPC_COM_ADD_COMMENT '1','3','11','last comment','','quypro','127.0.0.1';
2018-10-05 00:19:01 EXEC SPC_COM_DATA 'quypro','1','1';
2018-10-05 00:19:01 EXEC SPC_COM_GET_PAGE_COMMENT '1','3','11','1','quypro';
2018-10-05 00:19:07 EXEC SPC_COM_DATA 'quypro','1','1';
2018-10-05 00:19:07 EXEC SPC_COM_TOGGLE_EFFECT '1','36','3','3','0','quypro','127.0.0.1';
2018-10-05 00:19:19 EXEC SPC_COM_DATA 'quypro','1','1';
2018-10-05 00:19:19 EXEC SPC_COM_ADD_COMMENT '1','3','11','nhanh tay đấy @@','36','quypro','127.0.0.1';
2018-10-05 00:19:35 EXEC SPC_COM_DATA 'quypro','1','1';
2018-10-05 00:19:35 EXEC SPC_LISTENING_LST1 '11','quypro','8','9';
2018-10-05 00:19:36 EXEC SPC_COM_DATA 'quypro','1','1';
2018-10-05 00:19:36 EXEC SPC_LISTENING_LST2 '8','9','quypro';
2018-10-05 00:20:04 EXEC SPC_COM_DATA 'quypro','1','1';
2018-10-05 00:20:05 EXEC SPC_LISTENING_LST1 '11','quypro','8','9';
2018-10-05 00:20:05 EXEC SPC_COM_DATA 'quypro','1','1';
2018-10-05 00:20:05 EXEC SPC_LISTENING_LST2 '8','9','quypro';
2018-10-05 00:20:10 EXEC SPC_COM_DATA 'quypro','1','1';
2018-10-05 00:20:10 EXEC SPC_LISTENING_LST1 '11','quypro','8','9';
2018-10-05 00:20:11 EXEC SPC_COM_DATA 'quypro','1','1';
2018-10-05 00:20:11 EXEC SPC_LISTENING_LST2 '8','9','quypro';
2018-10-05 00:20:15 EXEC SPC_COM_DATA 'quypro','1','1';
2018-10-05 00:20:15 EXEC SPC_COM_GET_PAGE_COMMENT '1','3','11','1','quypro';
2018-10-05 00:21:20 EXEC SPC_COM_DATA 'quypro','1','1';
2018-10-05 00:21:20 EXEC SPC_LISTENING_LST2 '8','8','quypro';
2018-10-05 00:21:22 EXEC SPC_COM_DATA 'quypro','1','1';
2018-10-05 00:21:22 EXEC SPC_LISTENING_LST2 '8','9','quypro';
2018-10-05 00:21:24 EXEC SPC_COM_DATA 'quypro','1','1';
2018-10-05 00:21:24 EXEC SPC_LISTENING_LST2 '8','8','quypro';
2018-10-05 00:21:32 EXEC SPC_COM_DATA 'quypro','1','1';
2018-10-05 00:21:32 EXEC SPC_LISTENING_LST2 '8','9','quypro';
2018-10-05 00:21:38 EXEC SPC_COM_DATA 'quypro','1','1';
2018-10-05 00:21:38 EXEC SPC_COM_GET_PAGE_COMMENT '1','3','11','1','quypro';
2018-10-05 00:22:18 EXEC SPC_COM_DATA 'quypro','1','1';
2018-10-05 00:22:18 EXEC SPC_LISTENING_LST2 '8','8','quypro';
2018-10-05 00:22:23 EXEC SPC_COM_DATA 'quypro','1','1';
2018-10-05 00:22:23 EXEC SPC_COM_REMEMBER '3','1','1','9','quypro','127.0.0.1';
2018-10-05 00:22:29 EXEC SPC_COM_DATA 'quypro','1','1';
2018-10-05 00:22:29 EXEC SPC_LISTENING_LST1 '9','quypro','8','8';
2018-10-05 00:22:30 EXEC SPC_COM_DATA 'quypro','1','1';
2018-10-05 00:22:30 EXEC SPC_LISTENING_LST2 '8','8','quypro';
2018-10-05 00:22:35 EXEC SPC_COM_DATA 'quypro','1','1';
2018-10-05 00:22:35 EXEC SPC_COM_GET_PAGE_COMMENT '1','3','9','2','quypro';
2018-10-05 00:22:39 EXEC SPC_COM_DATA 'quypro','1','1';
2018-10-05 00:22:39 EXEC SPC_COM_GET_PAGE_COMMENT '1','3','9','1','quypro';
2018-10-05 00:22:41 EXEC SPC_COM_DATA 'quypro','1','1';
2018-10-05 00:22:41 EXEC SPC_COM_GET_PAGE_COMMENT '1','3','9','2','quypro';
2018-10-05 00:23:00 EXEC SPC_COM_DATA 'quypro','1','1';
2018-10-05 00:23:00 EXEC SPC_COM_GET_PAGE_COMMENT '1','3','9','1','quypro';
2018-10-05 00:23:23 EXEC SPC_COM_MENU '1';
2018-10-05 00:23:23 EXEC SPC_S001_FND2 '1';
2018-10-05 00:23:25 EXEC SPC_COM_MENU '1';
2018-10-05 00:23:25 EXEC SPC_S001_LST2 '1';
2018-10-05 00:23:36 EXEC SPC_COM_DATA 'quypro','1','1';
2018-10-05 00:23:36 EXEC SPC_LISTENING_LST2 '8','9','quypro';
2018-10-05 00:23:38 EXEC SPC_COM_DATA 'quypro','1','1';
2018-10-05 00:23:38 EXEC SPC_LISTENING_LST2 '8','8','quypro';
2018-10-05 00:23:53 EXEC SPC_COM_DATA 'quypro','1','1';
2018-10-05 00:23:53 EXEC SPC_GRAMMAR_LST1 '','quypro','8','8';
2018-10-05 00:23:54 EXEC SPC_COM_DATA 'quypro','1','1';
2018-10-05 00:23:54 EXEC SPC_GRAMMAR_LST2 '6','6','quypro';
2018-10-05 00:23:59 EXEC SPC_COM_DATA 'quypro','1','1';
2018-10-05 00:23:59 EXEC SPC_COM_EXAM_LIST '1','4','0','2','2','quypro';
2018-10-05 00:24:00 EXEC SPC_COM_DATA 'quypro','1','1';
2018-10-05 00:24:00 EXEC SPC_COM_EXAM_LIST '1','4','0','1','2','quypro';
2018-10-05 00:24:02 EXEC SPC_COM_DATA 'quypro','1','1';
2018-10-05 00:24:02 EXEC SPC_COM_QUESTION_LIST '4';
2018-10-05 00:24:06 EXEC SPC_COM_DATA 'quypro','1','1';
2018-10-05 00:24:06 EXEC SPC_COM_QUESTION_LIST '6';
2018-10-05 00:24:11 EXEC SPC_COM_DATA 'quypro','1','1';
2018-10-05 00:24:11 EXEC SPC_GRAMMAR_LST2 '6','7','quypro';
2018-10-05 00:24:13 EXEC SPC_COM_DATA 'quypro','1','1';
2018-10-05 00:24:13 EXEC SPC_COM_QUESTION_LIST '7';
2018-10-05 00:24:16 EXEC SPC_COM_DATA 'quypro','1','1';
2018-10-05 00:24:16 EXEC SPC_COM_QUESTION_LIST '8';
2018-10-05 00:24:24 EXEC SPC_COM_DATA 'quypro','1','1';
2018-10-05 00:24:24 EXEC SPC_COM_QUESTION_LIST '8';
2018-10-05 00:25:38 EXEC SPC_COM_DATA 'quypro','1','1';
2018-10-05 00:25:38 EXEC SPC_GRAMMAR_LST1 '8','quypro','6','7';
2018-10-05 00:25:39 EXEC SPC_COM_DATA 'quypro','1','1';
2018-10-05 00:25:39 EXEC SPC_GRAMMAR_LST2 '6','7','quypro';
2018-10-05 00:25:46 EXEC SPC_COM_DATA 'quypro','1','1';
2018-10-05 00:25:46 EXEC SPC_COM_QUESTION_LIST '8';
2018-10-05 00:26:26 EXEC SPC_COM_DATA 'quypro','1','1';
2018-10-05 00:26:26 EXEC SPC_COM_QUESTION_LIST '8';
2018-10-05 00:26:29 EXEC SPC_COM_DATA 'quypro','1','1';
2018-10-05 00:26:29 EXEC SPC_GRAMMAR_LST1 '8','quypro','6','7';
2018-10-05 00:26:29 EXEC SPC_COM_DATA 'quypro','1','1';
2018-10-05 00:26:29 EXEC SPC_GRAMMAR_LST2 '6','7','quypro';
2018-10-05 00:29:01 EXEC SPC_COM_DATA 'quypro','1','1';
2018-10-05 00:29:01 EXEC SPC_GRAMMAR_LST1 '8','quypro','6','7';
2018-10-05 00:29:02 EXEC SPC_COM_DATA 'quypro','1','1';
2018-10-05 00:29:02 EXEC SPC_GRAMMAR_LST2 '6','7','quypro';
2018-10-05 00:30:13 EXEC SPC_COM_DATA 'quypro','1','1';
2018-10-05 00:30:13 EXEC SPC_COM_QUESTION_LIST '7';
2018-10-05 00:30:17 EXEC SPC_COM_DATA 'quypro','1','1';
2018-10-05 00:30:17 EXEC SPC_COM_QUESTION_LIST '8';
2018-10-05 00:30:24 EXEC SPC_COM_DATA 'quypro','1','1';
2018-10-05 00:30:24 EXEC SPC_LISTENING_LST1 '','quypro','6','7';
2018-10-05 00:30:25 EXEC SPC_COM_DATA 'quypro','1','1';
2018-10-05 00:30:25 EXEC SPC_LISTENING_LST2 '8','8','quypro';
2018-10-05 00:30:46 EXEC SPC_COM_DATA 'quypro','1','1';
2018-10-05 00:30:46 EXEC SPC_COM_MENU '1';
2018-10-05 00:31:06 EXEC SPC_COM_DATA 'quypro','1','1';
2018-10-05 00:33:03 EXEC SPC_COM_DATA 'quypro','1','1';
2018-10-05 00:33:03 EXEC SPC_COM_MENU '1';
2018-10-05 00:33:27 EXEC SPC_COM_DATA 'quypro','1','1';
2018-10-05 00:33:27 EXEC SPC_GRAMMAR_LST1 '','quypro','8','8';
2018-10-05 00:33:27 EXEC SPC_COM_DATA 'quypro','1','1';
2018-10-05 00:33:27 EXEC SPC_GRAMMAR_LST2 '6','6','quypro';
2018-10-05 00:33:32 EXEC SPC_COM_DATA 'quypro','1','1';
2018-10-05 00:33:32 EXEC SPC_COM_MENU '1';
2018-10-05 03:31:15 EXEC SPC_COM_PERMISSION '1','2','g001';
2018-10-05 03:31:16 EXEC SPC_COM_MENU '1';
