2018-11-27 00:03:11 EXEC SPC_COM_DATA '','','';
2018-11-27 00:03:15 EXEC SPC_COM_DATA '','','';
2018-11-27 00:03:15 EXEC SPC_TRANSLATE_LST1 '','';
2018-11-27 00:03:16 EXEC SPC_COM_DATA '','','';
2018-11-27 00:03:16 EXEC SPC_SOCIAL_LST1 '','';
2018-11-27 00:03:17 EXEC SPC_COM_DATA '','','';
2018-11-27 00:03:17 EXEC SPC_SOCIAL_LST2 '','','';
2018-11-27 00:03:24 EXEC SPC_COM_DATA '','','';
2018-11-27 00:03:24 EXEC SPC_SOCIAL_ACT2 '21','','127.0.0.1';
2018-11-27 00:08:49 EXEC SPC_COM_DATA '','','';
2018-11-27 00:08:49 EXEC SPC_COM_GET_MORE_COMMENT '4','1','';
2018-11-27 00:08:51 EXEC SPC_COM_DATA '','','';
2018-11-27 00:08:51 EXEC SPC_SOCIAL_ACT2 '16','','127.0.0.1';
2018-11-27 00:09:12 EXEC SPC_COM_DATA '','','';
2018-11-27 00:09:12 EXEC SPC_COM_GET_MORE_COMMENT '10014','1','';
2018-11-27 00:09:14 EXEC SPC_COM_DATA '','','';
2018-11-27 00:09:14 EXEC SPC_SOCIAL_ACT2 '21','','127.0.0.1';
2018-11-27 00:09:24 EXEC SPC_COM_DATA '','','';
2018-11-27 00:09:24 EXEC SPC_COM_GET_MORE_COMMENT '10014','2','';
2018-11-27 00:09:33 EXEC SPC_COM_DATA '','','';
2018-11-27 00:09:33 EXEC SPC_COM_GET_MORE_COMMENT '10014','1','';
2018-11-27 00:10:29 EXEC SPC_COM_DATA '','','';
2018-11-27 00:10:29 EXEC SPC_SOCIAL_ACT2 '21','','127.0.0.1';
2018-11-27 00:10:31 EXEC SPC_COM_DATA '','','';
2018-11-27 00:10:31 EXEC SPC_VOCABULARY_LST1 '','','','';
2018-11-27 00:10:32 EXEC SPC_COM_DATA '','','';
2018-11-27 00:10:32 EXEC SPC_VOCABULARY_LST2 '2','1','';
2018-11-27 00:10:34 EXEC SPC_COM_DATA '','','';
2018-11-27 00:10:34 EXEC SPC_GRAMMAR_LST1 '','','2','1';
2018-11-27 00:10:34 EXEC SPC_COM_DATA '','','';
2018-11-27 00:10:34 EXEC SPC_GRAMMAR_LST2 '6','6','';
2018-11-27 00:10:38 EXEC SPC_COM_DATA '','','';
2018-11-27 00:10:38 EXEC SPC_LISTENING_LST1 '','','6','6';
2018-11-27 00:10:38 EXEC SPC_COM_DATA '','','';
2018-11-27 00:10:38 EXEC SPC_LISTENING_LST2 '8','8','';
2018-11-27 00:12:55 EXEC SPC_COM_DATA '','','';
2018-11-27 00:12:55 EXEC SPC_LISTENING_LST1 '22','','8','8';
2018-11-27 00:12:56 EXEC SPC_COM_DATA '','','';
2018-11-27 00:12:56 EXEC SPC_LISTENING_LST2 '8','8','';
2018-11-27 00:13:34 EXEC SPC_COM_DATA '','','';
2018-11-27 00:13:34 EXEC SPC_LISTENING_LST1 '22','','8','8';
2018-11-27 00:13:35 EXEC SPC_COM_DATA '','','';
2018-11-27 00:13:35 EXEC SPC_LISTENING_LST2 '8','8','';
2018-11-27 00:14:48 EXEC SPC_COM_DATA '','','';
2018-11-27 00:14:48 EXEC SPC_LISTENING_LST1 '22','','8','8';
2018-11-27 00:14:49 EXEC SPC_COM_DATA '','','';
2018-11-27 00:14:49 EXEC SPC_LISTENING_LST2 '8','8','';
2018-11-27 00:15:38 EXEC SPC_COM_DATA '','','';
2018-11-27 00:15:38 EXEC SPC_GRAMMAR_LST1 '','','8','8';
2018-11-27 00:15:39 EXEC SPC_COM_DATA '','','';
2018-11-27 00:15:39 EXEC SPC_GRAMMAR_LST2 '6','6','';
2018-11-27 00:15:47 EXEC SPC_COM_DATA '','','';
2018-11-27 00:15:47 EXEC SPC_VOCABULARY_LST1 '','','6','6';
2018-11-27 00:15:48 EXEC SPC_COM_DATA '','','';
2018-11-27 00:15:48 EXEC SPC_VOCABULARY_LST2 '2','1','';
2018-11-27 00:17:01 EXEC SPC_COM_DATA '','','';
2018-11-27 00:17:01 EXEC SPC_VOCABULARY_LST1 '1','','2','1';
2018-11-27 00:17:02 EXEC SPC_COM_DATA '','','';
2018-11-27 00:17:02 EXEC SPC_VOCABULARY_LST2 '2','1','';
2018-11-27 00:17:36 EXEC SPC_COM_DATA '','','';
2018-11-27 00:17:36 EXEC SPC_VOCABULARY_LST1 '1','','2','1';
2018-11-27 00:17:37 EXEC SPC_COM_DATA '','','';
2018-11-27 00:17:37 EXEC SPC_VOCABULARY_LST2 '2','1','';
2018-11-27 00:27:43 EXEC SPC_COM_DATA '','','';
2018-11-27 00:27:43 EXEC SPC_VOCABULARY_LST1 '1','','2','1';
2018-11-27 00:27:43 EXEC SPC_COM_DATA '','','';
2018-11-27 00:27:43 EXEC SPC_VOCABULARY_LST2 '2','1','';
2018-11-27 00:30:48 EXEC SPC_COM_DATA '','','';
2018-11-27 00:30:48 EXEC SPC_VOCABULARY_LST1 '1','','2','1';
2018-11-27 00:30:48 EXEC SPC_COM_DATA '','','';
2018-11-27 00:30:48 EXEC SPC_VOCABULARY_LST2 '2','1','';
2018-11-27 00:35:47 EXEC SPC_COM_DATA '','','';
2018-11-27 00:35:47 EXEC SPC_TRANSLATE_LST1 '','';
2018-11-27 00:35:50 EXEC SPC_COM_DATA '','','';
2018-11-27 00:35:50 EXEC SPC_TRANSLATE_LST3 'hel';
2018-11-27 00:35:52 EXEC SPC_COM_DATA '','','';
2018-11-27 00:35:52 EXEC SPC_TRANSLATE_LST2 'Hello','','127.0.0.1';
2018-11-27 01:49:08 EXEC SPC_COM_DATA '','','';
2018-11-27 01:49:08 EXEC SPC_TRANSLATE_LST3 'Hello';
2018-11-27 01:49:09 EXEC SPC_COM_DATA '','','';
2018-11-27 01:49:09 EXEC SPC_TRANSLATE_LST2 'Hello','','127.0.0.1';
2018-11-27 01:49:55 EXEC SPC_COMMON_ACCOUNT '2','1';
2018-11-27 01:49:55 EXEC SPC_COM_DATA 'khoai','2','1';
2018-11-27 01:49:55 EXEC SPC_TRANSLATE_LST1 '1','khoai';
2018-11-27 01:49:56 EXEC SPC_COM_DATA 'khoai','2','1';
2018-11-27 01:49:56 EXEC SPC_TRANSLATE_LST2 'Hello','khoai','127.0.0.1';
2018-11-27 01:49:59 EXEC SPC_COM_DATA 'khoai','2','1';
2018-11-27 01:49:59 EXEC SPC_COM_MENU '2';
2018-11-27 01:50:00 EXEC SPC_COM_DATA 'khoai','2','1';
2018-11-27 01:50:00 EXEC SPC_SOCIAL_LST1 '','khoai';
2018-11-27 01:50:01 EXEC SPC_COM_DATA 'khoai','2','1';
2018-11-27 01:50:01 EXEC SPC_SOCIAL_LST2 '','','khoai';
2018-11-27 01:50:03 EXEC SPC_COM_DATA 'khoai','2','1';
2018-11-27 01:50:03 EXEC SPC_TRANSLATE_LST1 '','khoai';
2018-11-27 01:50:04 EXEC SPC_COM_DATA 'khoai','2','1';
2018-11-27 01:50:04 EXEC SPC_COM_MENU '2';
2018-11-27 01:50:06 EXEC SPC_COM_DATA 'khoai','2','1';
2018-11-27 01:50:06 EXEC SPC_COM_MENU '2';
2018-11-27 01:50:08 EXEC SPC_COM_DATA 'khoai','2','1';
2018-11-27 01:50:08 EXEC SPC_COM_MENU '2';
2018-11-27 01:52:25 EXEC SPC_COM_DATA 'khoai','2','1';
2018-11-27 01:52:25 EXEC SPC_WRITING_LST1 '','khoai','2','1';
2018-11-27 01:52:26 EXEC SPC_COM_DATA 'khoai','2','1';
2018-11-27 01:52:26 EXEC SPC_COMMON_GET_SUGGEST
2018-11-27 01:52:26 EXEC SPC_COM_DATA 'khoai','2','1';
2018-11-27 01:52:26 EXEC SPC_WRITING_LST2 '9','10','khoai';
2018-11-27 01:52:27 EXEC SPC_COM_DATA 'khoai','2','1';
2018-11-27 01:52:27 EXEC SPC_LISTENING_LST1 '','khoai','9','10';
2018-11-27 01:52:28 EXEC SPC_COM_DATA 'khoai','2','1';
2018-11-27 01:52:28 EXEC SPC_LISTENING_LST2 '8','8','khoai';
2018-11-27 01:52:47 EXEC SPC_COM_DATA 'khoai','2','1';
2018-11-27 01:52:47 EXEC SPC_VOCABULARY_LST1 '','khoai','8','8';
2018-11-27 01:52:48 EXEC SPC_COM_DATA 'khoai','2','1';
2018-11-27 01:52:48 EXEC SPC_VOCABULARY_LST2 '2','3','khoai';
2018-11-27 01:54:53 EXEC SPC_COM_DATA 'khoai','2','1';
2018-11-27 01:54:53 EXEC SPC_VOCABULARY_LST1 '','khoai','2','3';
2018-11-27 01:54:54 EXEC SPC_COM_DATA 'khoai','2','1';
2018-11-27 01:54:54 EXEC SPC_VOCABULARY_LST2 '2','3','khoai';
2018-11-27 01:54:55 EXEC SPC_COM_DATA 'khoai','2','1';
2018-11-27 01:54:55 EXEC SPC_VOCABULARY_LST1 '','khoai','2','3';
2018-11-27 01:54:55 EXEC SPC_COM_DATA 'khoai','2','1';
2018-11-27 01:54:55 EXEC SPC_VOCABULARY_LST2 '2','3','khoai';
2018-11-27 01:54:56 EXEC SPC_COM_DATA 'khoai','2','1';
2018-11-27 01:54:56 EXEC SPC_VOCABULARY_LST1 '','khoai','2','3';
2018-11-27 01:54:57 EXEC SPC_COM_DATA 'khoai','2','1';
2018-11-27 01:54:57 EXEC SPC_VOCABULARY_LST2 '2','3','khoai';
2018-11-27 01:55:04 EXEC SPC_COM_DATA 'khoai','2','1';
2018-11-27 01:55:04 EXEC SPC_VOCABULARY_LST1 '','khoai','2','3';
2018-11-27 01:55:04 EXEC SPC_COM_DATA 'khoai','2','1';
2018-11-27 01:55:04 EXEC SPC_VOCABULARY_LST2 '2','3','khoai';
2018-11-27 01:55:24 EXEC SPC_COM_DATA 'khoai','2','1';
2018-11-27 01:55:24 EXEC SPC_VOCABULARY_LST1 '','khoai','2','3';
2018-11-27 01:55:24 EXEC SPC_COM_DATA 'khoai','2','1';
2018-11-27 01:55:24 EXEC SPC_VOCABULARY_LST2 '2','3','khoai';
2018-11-27 01:55:47 EXEC SPC_COM_DATA 'khoai','2','1';
2018-11-27 01:55:47 EXEC SPC_VOCABULARY_LST1 '','khoai','2','3';
2018-11-27 01:55:48 EXEC SPC_COM_DATA 'khoai','2','1';
2018-11-27 01:55:48 EXEC SPC_VOCABULARY_LST2 '2','3','khoai';
2018-11-27 01:56:12 EXEC SPC_COM_DATA 'khoai','2','1';
2018-11-27 01:56:12 EXEC SPC_VOCABULARY_LST1 '','khoai','2','3';
2018-11-27 01:56:12 EXEC SPC_COM_DATA 'khoai','2','1';
2018-11-27 01:56:12 EXEC SPC_VOCABULARY_LST2 '2','3','khoai';
2018-11-27 01:56:37 EXEC SPC_COM_DATA 'khoai','2','1';
2018-11-27 01:56:37 EXEC SPC_VOCABULARY_LST2 '2','1','khoai';
2018-11-27 01:57:24 EXEC SPC_COM_DATA 'khoai','2','1';
2018-11-27 01:57:24 EXEC SPC_VOCABULARY_LST1 '1','khoai','2','1';
2018-11-27 01:57:24 EXEC SPC_COM_DATA 'khoai','2','1';
2018-11-27 01:57:24 EXEC SPC_VOCABULARY_LST2 '2','1','khoai';
2018-11-27 01:57:57 EXEC SPC_COM_DATA 'khoai','2','1';
2018-11-27 01:57:57 EXEC SPC_VOCABULARY_LST1 '1','khoai','2','1';
2018-11-27 01:57:58 EXEC SPC_COM_DATA 'khoai','2','1';
2018-11-27 01:57:58 EXEC SPC_VOCABULARY_LST2 '2','1','khoai';
2018-11-27 01:58:23 EXEC SPC_COM_DATA 'khoai','2','1';
2018-11-27 01:58:23 EXEC SPC_VOCABULARY_LST1 '1','khoai','2','1';
2018-11-27 01:58:23 EXEC SPC_COM_DATA 'khoai','2','1';
2018-11-27 01:58:23 EXEC SPC_VOCABULARY_LST2 '2','1','khoai';
2018-11-27 02:00:33 EXEC SPC_COM_DATA 'khoai','2','1';
2018-11-27 02:00:33 EXEC SPC_VOCABULARY_LST1 '1','khoai','2','1';
2018-11-27 02:00:33 EXEC SPC_COM_DATA 'khoai','2','1';
2018-11-27 02:00:33 EXEC SPC_VOCABULARY_LST2 '2','1','khoai';
2018-11-27 02:03:21 EXEC SPC_COM_DATA 'khoai','2','1';
2018-11-27 02:03:22 EXEC SPC_VOCABULARY_LST1 '1','khoai','2','1';
2018-11-27 02:03:22 EXEC SPC_COM_DATA 'khoai','2','1';
2018-11-27 02:03:22 EXEC SPC_VOCABULARY_LST2 '2','1','khoai';
2018-11-27 02:03:29 EXEC SPC_COM_DATA 'khoai','2','1';
2018-11-27 02:03:29 EXEC SPC_GRAMMAR_LST1 '','khoai','2','1';
2018-11-27 02:03:29 EXEC SPC_COM_DATA 'khoai','2','1';
2018-11-27 02:03:29 EXEC SPC_GRAMMAR_LST2 '6','6','khoai';
2018-11-27 02:03:35 EXEC SPC_COM_DATA 'khoai','2','1';
2018-11-27 02:03:35 EXEC SPC_GRAMMAR_LST2 '6','7','khoai';
2018-11-27 02:09:38 EXEC SPC_COM_DATA 'khoai','2','1';
2018-11-27 02:09:38 EXEC SPC_GRAMMAR_LST1 '3','khoai','6','7';
2018-11-27 02:09:39 EXEC SPC_COM_DATA 'khoai','2','1';
2018-11-27 02:09:39 EXEC SPC_GRAMMAR_LST2 '6','7','khoai';
2018-11-27 02:09:49 EXEC SPC_COM_DATA 'khoai','2','1';
2018-11-27 02:09:49 EXEC SPC_GRAMMAR_LST2 '6','6','khoai';
2018-11-27 02:10:04 EXEC SPC_COM_DATA 'khoai','2','1';
2018-11-27 02:10:04 EXEC SPC_TRANSLATE_LST1 '','khoai';
2018-11-27 02:10:08 EXEC SPC_COM_DATA 'khoai','2','1';
2018-11-27 02:10:08 EXEC SPC_TRANSLATE_LST3 'đasadsd';
2018-11-27 02:10:08 EXEC SPC_COM_DATA 'khoai','2','1';
2018-11-27 02:10:08 EXEC SPC_TRANSLATE_LST3 'dasdsadsd';
2018-11-27 02:10:17 EXEC SPC_COM_DATA 'khoai','2','1';
2018-11-27 02:10:17 EXEC SPC_TRANSLATE_LST3 'dsssada';
2018-11-27 02:11:38 EXEC SPC_COM_DATA 'khoai','2','1';
2018-11-27 02:11:38 EXEC SPC_TRANSLATE_LST3 'dsssada';
2018-11-27 02:11:42 EXEC SPC_COM_DATA 'khoai','2','1';
2018-11-27 02:11:42 EXEC SPC_GRAMMAR_LST1 '','khoai','6','6';
2018-11-27 02:11:43 EXEC SPC_COM_DATA 'khoai','2','1';
2018-11-27 02:11:43 EXEC SPC_GRAMMAR_LST2 '6','6','khoai';
2018-11-27 02:12:55 EXEC SPC_COM_DATA 'khoai','2','1';
2018-11-27 02:12:55 EXEC SPC_GRAMMAR_LST1 '','khoai','6','6';
2018-11-27 02:12:55 EXEC SPC_COM_DATA 'khoai','2','1';
2018-11-27 02:12:55 EXEC SPC_GRAMMAR_LST2 '6','6','khoai';
2018-11-27 02:13:11 EXEC SPC_COM_DATA 'khoai','2','1';
2018-11-27 02:13:11 EXEC SPC_GRAMMAR_LST2 '6','6','khoai';
2018-11-27 02:13:23 EXEC SPC_COM_DATA 'khoai','2','1';
2018-11-27 02:13:23 EXEC SPC_GRAMMAR_LST2 '6','6','khoai';
2018-11-27 02:14:15 EXEC SPC_COM_DATA 'khoai','2','1';
2018-11-27 02:14:15 EXEC SPC_GRAMMAR_LST2 '6','6','khoai';
2018-11-27 02:17:38 EXEC SPC_COM_DATA 'khoai','2','1';
2018-11-27 02:17:38 EXEC SPC_GRAMMAR_LST1 '','khoai','6','6';
2018-11-27 02:17:38 EXEC SPC_COM_DATA 'khoai','2','1';
2018-11-27 02:17:38 EXEC SPC_GRAMMAR_LST2 '6','6','khoai';
2018-11-27 02:17:47 EXEC SPC_COM_DATA 'khoai','2','1';
2018-11-27 02:17:47 EXEC SPC_GRAMMAR_LST2 '6','7','khoai';
2018-11-27 02:18:08 EXEC SPC_COM_DATA 'khoai','2','1';
2018-11-27 02:18:08 EXEC SPC_COM_MENU '2';
2018-11-27 02:18:13 EXEC SPC_COM_DATA 'khoai','2','1';
2018-11-27 02:18:13 EXEC SPC_COM_MENU '2';
2018-11-27 02:18:19 EXEC SPC_COM_DATA 'khoai','2','1';
2018-11-27 02:18:19 EXEC SPC_COM_MENU '2';
2018-11-27 02:21:19 EXEC SPC_COM_DATA 'khoai','2','1';
2018-11-27 02:21:19 EXEC SPC_SOCIAL_LST1 '','khoai';
2018-11-27 02:21:20 EXEC SPC_COM_DATA 'khoai','2','1';
2018-11-27 02:21:20 EXEC SPC_SOCIAL_LST2 '','','khoai';
2018-11-27 02:22:03 EXEC SPC_COM_DATA 'khoai','2','1';
2018-11-27 02:22:03 EXEC SPC_SOCIAL_ACT2 '15','khoai','127.0.0.1';
2018-11-27 02:22:53 EXEC SPC_COM_DATA 'khoai','2','1';
2018-11-27 02:22:53 EXEC SPC_SOCIAL_LST1 '15','khoai';
2018-11-27 02:22:54 EXEC SPC_COM_DATA 'khoai','2','1';
2018-11-27 02:22:54 EXEC SPC_SOCIAL_LST2 '15','','khoai';
2018-11-27 02:23:09 EXEC SPC_COM_DATA 'khoai','2','1';
2018-11-27 02:23:09 EXEC SPC_SOCIAL_LST1 '15','khoai';
2018-11-27 02:23:10 EXEC SPC_COM_DATA 'khoai','2','1';
2018-11-27 02:23:10 EXEC SPC_SOCIAL_LST2 '15','','khoai';
2018-11-27 02:23:53 EXEC SPC_COM_DATA 'khoai','2','1';
2018-11-27 02:23:53 EXEC SPC_SOCIAL_ACT2 '15','khoai','127.0.0.1';
2018-11-27 02:36:04 EXEC SPC_COM_DATA 'khoai','2','1';
2018-11-27 02:36:04 EXEC SPC_SOCIAL_LST1 '15','khoai';
2018-11-27 02:36:05 EXEC SPC_COM_DATA 'khoai','2','1';
2018-11-27 02:36:05 EXEC SPC_SOCIAL_LST2 '15','','khoai';
2018-11-27 02:36:48 EXEC SPC_COM_DATA 'khoai','2','1';
2018-11-27 02:36:48 EXEC SPC_SOCIAL_ACT2 '15','khoai','127.0.0.1';
2018-11-27 02:37:08 EXEC SPC_COM_DATA 'khoai','2','1';
2018-11-27 02:37:08 EXEC SPC_SOCIAL_LST1 '15','khoai';
2018-11-27 02:37:09 EXEC SPC_COM_DATA 'khoai','2','1';
2018-11-27 02:37:09 EXEC SPC_SOCIAL_LST2 '15','','khoai';
2018-11-27 02:37:32 EXEC SPC_COM_DATA 'khoai','2','1';
2018-11-27 02:37:32 EXEC SPC_GRAMMAR_LST1 '','khoai','6','7';
2018-11-27 02:37:33 EXEC SPC_COM_DATA 'khoai','2','1';
2018-11-27 02:37:33 EXEC SPC_GRAMMAR_LST2 '6','6','khoai';
2018-11-27 02:41:21 EXEC SPC_COM_DATA 'khoai','2','1';
2018-11-27 02:41:21 EXEC SPC_GRAMMAR_LST1 '','khoai','6','6';
2018-11-27 02:41:22 EXEC SPC_COM_DATA 'khoai','2','1';
2018-11-27 02:41:22 EXEC SPC_GRAMMAR_LST2 '6','6','khoai';
2018-11-27 02:42:09 EXEC SPC_COM_DATA 'khoai','2','1';
2018-11-27 02:42:09 EXEC SPC_GRAMMAR_LST1 '','khoai','6','6';
2018-11-27 02:42:10 EXEC SPC_COM_DATA 'khoai','2','1';
2018-11-27 02:42:10 EXEC SPC_GRAMMAR_LST2 '6','6','khoai';
2018-11-27 02:42:40 EXEC SPC_COM_DATA 'khoai','2','1';
2018-11-27 02:42:40 EXEC SPC_GRAMMAR_LST1 '','khoai','6','6';
2018-11-27 02:42:41 EXEC SPC_COM_DATA 'khoai','2','1';
2018-11-27 02:42:41 EXEC SPC_GRAMMAR_LST2 '6','6','khoai';
2018-11-27 02:43:29 EXEC SPC_COM_DATA 'khoai','2','1';
2018-11-27 02:43:29 EXEC SPC_GRAMMAR_LST1 '','khoai','6','6';
2018-11-27 02:43:29 EXEC SPC_COM_DATA 'khoai','2','1';
2018-11-27 02:43:29 EXEC SPC_GRAMMAR_LST2 '6','6','khoai';
2018-11-27 02:44:01 EXEC SPC_COM_DATA 'khoai','2','1';
2018-11-27 02:44:01 EXEC SPC_LISTENING_LST1 '','khoai','6','6';
2018-11-27 02:44:02 EXEC SPC_COM_DATA 'khoai','2','1';
2018-11-27 02:44:02 EXEC SPC_LISTENING_LST2 '8','8','khoai';
2018-11-27 02:44:13 EXEC SPC_COM_DATA 'khoai','2','1';
2018-11-27 02:44:13 EXEC SPC_GRAMMAR_LST1 '','khoai','8','8';
2018-11-27 02:44:14 EXEC SPC_COM_DATA 'khoai','2','1';
2018-11-27 02:44:14 EXEC SPC_GRAMMAR_LST2 '6','6','khoai';
2018-11-27 02:44:39 EXEC SPC_COM_DATA 'khoai','2','1';
2018-11-27 02:44:39 EXEC SPC_VOCABULARY_LST1 '','khoai','6','6';
2018-11-27 02:44:40 EXEC SPC_COM_DATA 'khoai','2','1';
2018-11-27 02:44:40 EXEC SPC_VOCABULARY_LST2 '2','3','khoai';
2018-11-27 02:45:18 EXEC SPC_COM_DATA 'khoai','2','1';
2018-11-27 02:45:18 EXEC SPC_VOCABULARY_LST2 '2','1','khoai';
2018-11-27 02:45:43 EXEC SPC_COM_DATA 'khoai','2','1';
2018-11-27 02:45:43 EXEC SPC_VOCABULARY_LST2 '2','1','khoai';
2018-11-27 02:45:55 EXEC SPC_COM_DATA 'khoai','2','1';
2018-11-27 02:45:55 EXEC SPC_GRAMMAR_LST1 '','khoai','2','1';
2018-11-27 02:45:56 EXEC SPC_COM_DATA 'khoai','2','1';
2018-11-27 02:45:56 EXEC SPC_GRAMMAR_LST2 '6','6','khoai';
2018-11-27 02:47:54 EXEC SPC_COM_DATA 'khoai','2','1';
2018-11-27 02:47:54 EXEC SPC_GRAMMAR_LST1 '','khoai','6','6';
2018-11-27 02:47:55 EXEC SPC_COM_DATA 'khoai','2','1';
2018-11-27 02:47:55 EXEC SPC_GRAMMAR_LST2 '6','6','khoai';
2018-11-27 02:49:47 EXEC SPC_COM_DATA 'khoai','2','1';
2018-11-27 02:49:47 EXEC SPC_GRAMMAR_LST2 '6','7','khoai';
2018-11-27 02:52:30 EXEC SPC_COM_DATA 'khoai','2','1';
2018-11-27 02:52:30 EXEC SPC_SOCIAL_LST1 '','khoai';
2018-11-27 02:52:30 EXEC SPC_COM_DATA 'khoai','2','1';
2018-11-27 02:52:30 EXEC SPC_SOCIAL_LST2 '','','khoai';
2018-11-27 02:53:13 EXEC SPC_COM_DATA 'khoai','2','1';
2018-11-27 02:53:13 EXEC SPC_SOCIAL_ACT2 '15','khoai','127.0.0.1';
2018-11-27 04:01:24 EXEC SPC_COM_DATA 'khoai','2','1';
2018-11-27 04:01:24 EXEC SPC_SOCIAL_LST2 '','<row tag_id="65" /><row tag_id="66" /><row tag_id="15" />','khoai';
2018-11-27 04:01:34 EXEC SPC_COM_DATA 'khoai','2','1';
2018-11-27 04:01:34 EXEC SPC_SOCIAL_ACT2 '21','khoai','127.0.0.1';
2018-11-27 04:01:36 EXEC SPC_COM_DATA 'khoai','2','1';
2018-11-27 04:01:36 EXEC SPC_SOCIAL_LST2 '','<row tag_id="15" />','khoai';
2018-11-27 04:01:43 EXEC SPC_COM_DATA 'khoai','2','1';
2018-11-27 04:01:44 EXEC SPC_TRANSLATE_LST1 '','khoai';
2018-11-27 04:01:49 EXEC SPC_COM_DATA 'khoai','2','1';
2018-11-27 04:01:49 EXEC SPC_COM_MENU '2';
2018-11-27 04:02:32 EXEC SPC_COM_DATA 'khoai','2','1';
2018-11-27 04:02:32 EXEC SPC_TRANSLATE_LST1 '','khoai';
2018-11-27 04:02:34 EXEC SPC_COM_DATA 'khoai','2','1';
2018-11-27 04:02:34 EXEC SPC_COM_MENU '2';
2018-11-27 04:27:40 EXEC SPC_COM_DATA 'khoai','2','1';
2018-11-27 04:27:40 EXEC SPC_GRAMMAR_LST1 '','khoai','6','7';
2018-11-27 04:27:40 EXEC SPC_COM_DATA 'khoai','2','1';
2018-11-27 04:27:40 EXEC SPC_GRAMMAR_LST2 '6','6','khoai';
2018-11-27 04:27:43 EXEC SPC_COM_DATA 'khoai','2','1';
2018-11-27 04:27:43 EXEC SPC_GRAMMAR_LST2 '6','7','khoai';
2018-11-27 04:27:45 EXEC SPC_COM_DATA 'khoai','2','1';
2018-11-27 04:27:45 EXEC SPC_COM_ADD_LESSON '2','6','7','khoai','127.0.0.1';
2018-11-27 04:27:54 EXEC SPC_COM_DATA 'khoai','2','1';
2018-11-27 04:27:54 EXEC SPC_GRAMMAR_LST1 '2','khoai','6','7';
2018-11-27 04:27:55 EXEC SPC_COM_DATA 'khoai','2','1';
2018-11-27 04:27:55 EXEC SPC_GRAMMAR_LST2 '6','7','khoai';
2018-11-27 04:31:17 EXEC SPC_COM_DATA 'khoai','2','1';
2018-11-27 04:31:17 EXEC SPC_GRAMMAR_LST1 '2','khoai','6','7';
2018-11-27 04:31:18 EXEC SPC_COM_DATA 'khoai','2','1';
2018-11-27 04:31:18 EXEC SPC_GRAMMAR_LST2 '6','7','khoai';
2018-11-27 04:32:20 EXEC SPC_COM_DATA 'khoai','2','1';
2018-11-27 04:32:20 EXEC SPC_GRAMMAR_LST1 '2','khoai','6','7';
2018-11-27 04:32:21 EXEC SPC_COM_DATA 'khoai','2','1';
2018-11-27 04:32:21 EXEC SPC_GRAMMAR_LST2 '6','7','khoai';
2018-11-27 04:33:38 EXEC SPC_COM_DATA 'khoai','2','1';
2018-11-27 04:33:38 EXEC SPC_GRAMMAR_LST1 '2','khoai','6','7';
2018-11-27 04:33:39 EXEC SPC_COM_DATA 'khoai','2','1';
2018-11-27 04:33:39 EXEC SPC_GRAMMAR_LST2 '6','7','khoai';
2018-11-27 04:35:08 EXEC SPC_COM_DATA 'khoai','2','1';
2018-11-27 04:35:08 EXEC SPC_GRAMMAR_LST1 '2','khoai','6','7';
2018-11-27 04:35:09 EXEC SPC_COM_DATA 'khoai','2','1';
2018-11-27 04:35:09 EXEC SPC_GRAMMAR_LST2 '6','7','khoai';
2018-11-27 04:35:45 EXEC SPC_COM_DATA 'khoai','2','1';
2018-11-27 04:35:45 EXEC SPC_LISTENING_LST1 '','khoai','6','7';
2018-11-27 04:35:46 EXEC SPC_COM_DATA 'khoai','2','1';
2018-11-27 04:35:46 EXEC SPC_LISTENING_LST2 '8','8','khoai';
2018-11-27 04:37:04 EXEC SPC_COM_DATA 'khoai','2','1';
2018-11-27 04:37:04 EXEC SPC_LISTENING_LST1 '22','khoai','8','8';
2018-11-27 04:37:05 EXEC SPC_COM_DATA 'khoai','2','1';
2018-11-27 04:37:05 EXEC SPC_LISTENING_LST2 '8','8','khoai';
2018-11-27 04:37:20 EXEC SPC_COM_DATA 'khoai','2','1';
2018-11-27 04:37:20 EXEC SPC_LISTENING_LST1 '22','khoai','8','8';
2018-11-27 04:37:21 EXEC SPC_COM_DATA 'khoai','2','1';
2018-11-27 04:37:21 EXEC SPC_LISTENING_LST2 '8','8','khoai';
2018-11-27 04:37:23 EXEC SPC_COM_DATA 'khoai','2','1';
2018-11-27 04:37:23 EXEC SPC_LISTENING_LST1 '22','khoai','8','8';
2018-11-27 04:37:24 EXEC SPC_COM_DATA 'khoai','2','1';
2018-11-27 04:37:24 EXEC SPC_LISTENING_LST2 '8','8','khoai';
2018-11-27 04:37:29 EXEC SPC_COM_DATA 'khoai','2','1';
2018-11-27 04:37:29 EXEC SPC_GRAMMAR_LST1 '','khoai','8','8';
2018-11-27 04:37:29 EXEC SPC_COM_DATA 'khoai','2','1';
2018-11-27 04:37:29 EXEC SPC_GRAMMAR_LST2 '6','7','khoai';
2018-11-27 04:40:12 EXEC SPC_COM_DATA 'khoai','2','1';
2018-11-27 04:40:12 EXEC SPC_GRAMMAR_LST1 '2','khoai','6','7';
2018-11-27 04:40:13 EXEC SPC_COM_DATA 'khoai','2','1';
2018-11-27 04:40:13 EXEC SPC_GRAMMAR_LST2 '6','7','khoai';
2018-11-27 04:40:35 EXEC SPC_COM_DATA 'khoai','2','1';
2018-11-27 04:40:35 EXEC SPC_SOCIAL_LST1 '','khoai';
2018-11-27 04:40:35 EXEC SPC_COM_DATA 'khoai','2','1';
2018-11-27 04:40:35 EXEC SPC_SOCIAL_LST2 '','','khoai';
2018-11-27 04:40:41 EXEC SPC_COM_DATA 'khoai','2','1';
2018-11-27 04:40:41 EXEC SPC_SOCIAL_LST1 '','khoai';
2018-11-27 04:40:41 EXEC SPC_COM_DATA 'khoai','2','1';
2018-11-27 04:40:41 EXEC SPC_SOCIAL_LST2 '','','khoai';
2018-11-27 04:40:52 EXEC SPC_COM_DATA 'khoai','2','1';
2018-11-27 04:40:52 EXEC SPC_COM_GET_MORE_COMMENT '10014','1','khoai';
2018-11-27 04:40:54 EXEC SPC_COM_DATA 'khoai','2','1';
2018-11-27 04:40:54 EXEC SPC_SOCIAL_ACT2 '21','khoai','127.0.0.1';
2018-11-27 04:41:01 EXEC SPC_COM_DATA 'khoai','2','1';
2018-11-27 04:41:01 EXEC SPC_COM_GET_MORE_COMMENT '10014','2','khoai';
2018-11-27 04:41:04 EXEC SPC_COM_DATA 'khoai','2','1';
2018-11-27 04:41:04 EXEC SPC_COM_GET_MORE_COMMENT '10014','1','khoai';
2018-11-27 04:41:25 EXEC SPC_COM_DATA 'khoai','2','1';
2018-11-27 04:41:25 EXEC SPC_TRANSLATE_LST1 '','khoai';
2018-11-27 04:41:27 EXEC SPC_COM_DATA 'khoai','2','1';
2018-11-27 04:41:27 EXEC SPC_TRANSLATE_LST2 'Hello','khoai','127.0.0.1';
2018-11-27 04:52:34 EXEC SPC_COM_DATA '','','';
2018-11-27 04:52:40 EXEC SPC_COM_DATA '','','';
2018-11-27 04:52:40 EXEC SPC_GRAMMAR_LST1 '','','','';
2018-11-27 04:52:40 EXEC SPC_COM_DATA '','','';
2018-11-27 04:52:40 EXEC SPC_GRAMMAR_LST2 '6','6','';
2018-11-27 04:52:52 EXEC SPC_COM_DATA '','','';
2018-11-27 04:52:52 EXEC SPC_GRAMMAR_LST2 '6','7','';
2018-11-27 04:53:01 EXEC SPC_COM_DATA '','','';
2018-11-27 04:53:01 EXEC SPC_LISTENING_LST1 '','','6','7';
2018-11-27 04:53:02 EXEC SPC_COM_DATA '','','';
2018-11-27 04:53:02 EXEC SPC_LISTENING_LST2 '8','8','';
2018-11-27 04:54:24 EXEC SPC_COM_DATA '','','';
2018-11-27 04:54:24 EXEC SPC_LISTENING_LST1 '22','','8','8';
2018-11-27 04:54:24 EXEC SPC_COM_DATA '','','';
2018-11-27 04:54:24 EXEC SPC_LISTENING_LST2 '8','8','';
2018-11-27 04:54:26 EXEC SPC_COM_DATA '','','';
2018-11-27 04:54:26 EXEC SPC_LISTENING_LST1 '22','','8','8';
2018-11-27 04:54:29 EXEC SPC_COM_DATA '','','';
2018-11-27 04:54:29 EXEC SPC_LISTENING_LST2 '8','8','';
2018-11-27 04:54:31 EXEC SPC_COM_DATA '','','';
2018-11-27 04:54:31 EXEC SPC_LISTENING_LST1 '22','','8','8';
2018-11-27 04:54:31 EXEC SPC_COM_DATA '','','';
2018-11-27 04:54:31 EXEC SPC_LISTENING_LST2 '8','8','';
2018-11-27 04:54:37 EXEC SPC_COM_DATA '','','';
2018-11-27 04:54:37 EXEC SPC_WRITING_LST1 '','','8','8';
2018-11-27 04:54:38 EXEC SPC_COM_DATA '','','';
2018-11-27 04:54:38 EXEC SPC_COMMON_GET_SUGGEST
2018-11-27 04:54:38 EXEC SPC_COM_DATA '','','';
2018-11-27 04:54:38 EXEC SPC_WRITING_LST2 '9','10','';
2018-11-27 04:54:45 EXEC SPC_COM_DATA '','','';
2018-11-27 04:54:45 EXEC SPC_READING_LST1 '','','9','10';
2018-11-27 04:54:45 EXEC SPC_COM_DATA '','','';
2018-11-27 04:54:45 EXEC SPC_READING_LST2 '12','14','';
2018-11-27 05:04:56 EXEC SPC_COM_DATA 'khoai','2','1';
2018-11-27 05:04:56 EXEC SPC_TRANSLATE_LST1 '1','khoai';
2018-11-27 05:04:56 EXEC SPC_COM_DATA 'khoai','2','1';
2018-11-27 05:04:56 EXEC SPC_TRANSLATE_LST2 'Hello','khoai','127.0.0.1';
2018-11-27 05:09:00 EXEC SPC_COM_DATA 'khoai','2','1';
2018-11-27 05:09:00 EXEC SPC_TRANSLATE_LST1 '1','khoai';
2018-11-27 05:09:00 EXEC SPC_COM_DATA 'khoai','2','1';
2018-11-27 05:09:00 EXEC SPC_TRANSLATE_LST2 'Hello','khoai','127.0.0.1';
2018-11-27 05:09:07 EXEC SPC_COM_DATA 'khoai','2','1';
2018-11-27 05:09:07 EXEC SPC_LISTENING_LST1 '','khoai','6','7';
2018-11-27 05:09:07 EXEC SPC_COM_DATA 'khoai','2','1';
2018-11-27 05:09:07 EXEC SPC_LISTENING_LST2 '8','8','khoai';
2018-11-27 05:09:11 EXEC SPC_COM_DATA 'khoai','2','1';
2018-11-27 05:09:11 EXEC SPC_WRITING_LST1 '','khoai','8','8';
2018-11-27 05:09:11 EXEC SPC_COM_DATA 'khoai','2','1';
2018-11-27 05:09:11 EXEC SPC_COMMON_GET_SUGGEST
2018-11-27 05:09:11 EXEC SPC_COM_DATA 'khoai','2','1';
2018-11-27 05:09:11 EXEC SPC_WRITING_LST2 '9','10','khoai';
2018-11-27 05:09:21 EXEC SPC_COM_DATA 'khoai','2','1';
2018-11-27 05:09:21 EXEC SPC_SOCIAL_LST1 '','khoai';
2018-11-27 05:09:21 EXEC SPC_COM_DATA 'khoai','2','1';
2018-11-27 05:09:21 EXEC SPC_SOCIAL_LST2 '','','khoai';
2018-11-27 05:09:34 EXEC SPC_COM_DATA 'khoai','2','1';
2018-11-27 05:09:34 EXEC SPC_SOCIAL_LST1 '15','khoai';
2018-11-27 05:09:35 EXEC SPC_COM_DATA 'khoai','2','1';
2018-11-27 05:09:35 EXEC SPC_SOCIAL_LST2 '15','','khoai';
2018-11-27 05:10:18 EXEC SPC_COM_DATA 'khoai','2','1';
2018-11-27 05:10:18 EXEC SPC_SOCIAL_ACT2 '15','khoai','127.0.0.1';
2018-11-27 05:13:05 EXEC SPC_COM_DATA 'khoai','2','1';
2018-11-27 05:13:05 EXEC SPC_SOCIAL_LST1 '15','khoai';
2018-11-27 05:13:05 EXEC SPC_COM_DATA 'khoai','2','1';
2018-11-27 05:13:05 EXEC SPC_SOCIAL_LST2 '15','','khoai';
2018-11-27 05:13:48 EXEC SPC_COM_DATA 'khoai','2','1';
2018-11-27 05:13:48 EXEC SPC_SOCIAL_ACT2 '15','khoai','127.0.0.1';
2018-11-27 05:19:06 EXEC SPC_COM_DATA 'khoai','2','1';
2018-11-27 05:19:06 EXEC SPC_SOCIAL_LST1 '15','khoai';
2018-11-27 05:19:07 EXEC SPC_COM_DATA 'khoai','2','1';
2018-11-27 05:19:07 EXEC SPC_SOCIAL_LST2 '15','','khoai';
2018-11-27 05:19:33 EXEC SPC_COM_DATA 'khoai','2','1';
2018-11-27 05:19:33 EXEC SPC_SOCIAL_LST1 '15','khoai';
2018-11-27 05:19:33 EXEC SPC_COM_DATA 'khoai','2','1';
2018-11-27 05:19:33 EXEC SPC_SOCIAL_LST2 '15','','khoai';
2018-11-27 05:19:46 EXEC SPC_COM_DATA 'khoai','2','1';
2018-11-27 05:19:46 EXEC SPC_SOCIAL_LST1 '15','khoai';
2018-11-27 05:19:46 EXEC SPC_COM_DATA 'khoai','2','1';
2018-11-27 05:19:46 EXEC SPC_SOCIAL_LST2 '15','','khoai';
2018-11-27 05:20:00 EXEC SPC_COM_DATA 'khoai','2','1';
2018-11-27 05:20:00 EXEC SPC_SOCIAL_LST1 '15','khoai';
2018-11-27 05:20:01 EXEC SPC_COM_DATA 'khoai','2','1';
2018-11-27 05:20:01 EXEC SPC_SOCIAL_LST2 '15','','khoai';
2018-11-27 05:20:43 EXEC SPC_COM_DATA 'khoai','2','1';
2018-11-27 05:20:43 EXEC SPC_SOCIAL_ACT2 '15','khoai','127.0.0.1';
2018-11-27 05:21:15 EXEC SPC_COM_DATA 'khoai','2','1';
2018-11-27 05:21:15 EXEC SPC_READING_LST1 '','khoai','9','10';
2018-11-27 05:21:15 EXEC SPC_COM_DATA 'khoai','2','1';
2018-11-27 05:21:15 EXEC SPC_READING_LST2 '12','14','khoai';
2018-11-27 05:21:18 EXEC SPC_COM_DATA 'khoai','2','1';
2018-11-27 05:21:18 EXEC SPC_GRAMMAR_LST1 '','khoai','12','14';
2018-11-27 05:21:18 EXEC SPC_COM_DATA 'khoai','2','1';
2018-11-27 05:21:18 EXEC SPC_GRAMMAR_LST2 '6','7','khoai';
2018-11-27 05:21:44 EXEC SPC_COM_DATA 'khoai','2','1';
2018-11-27 05:21:44 EXEC SPC_GRAMMAR_LST1 '2','khoai','6','7';
2018-11-27 05:21:44 EXEC SPC_COM_DATA 'khoai','2','1';
2018-11-27 05:21:44 EXEC SPC_GRAMMAR_LST2 '6','7','khoai';
2018-11-27 05:21:53 EXEC SPC_COM_DATA 'khoai','2','1';
2018-11-27 05:21:53 EXEC SPC_GRAMMAR_LST1 '2','khoai','6','7';
2018-11-27 05:21:54 EXEC SPC_COM_DATA 'khoai','2','1';
2018-11-27 05:21:54 EXEC SPC_GRAMMAR_LST2 '6','7','khoai';
2018-11-27 05:22:27 EXEC SPC_COM_DATA 'khoai','2','1';
2018-11-27 05:22:27 EXEC SPC_GRAMMAR_LST1 '2','khoai','6','7';
2018-11-27 05:22:27 EXEC SPC_COM_DATA 'khoai','2','1';
2018-11-27 05:22:27 EXEC SPC_GRAMMAR_LST2 '6','7','khoai';
2018-11-27 05:22:40 EXEC SPC_COM_DATA 'khoai','2','1';
2018-11-27 05:22:40 EXEC SPC_WRITING_LST1 '','khoai','6','7';
2018-11-27 05:22:40 EXEC SPC_COM_DATA 'khoai','2','1';
2018-11-27 05:22:40 EXEC SPC_COMMON_GET_SUGGEST
2018-11-27 05:22:40 EXEC SPC_COM_DATA 'khoai','2','1';
2018-11-27 05:22:40 EXEC SPC_WRITING_LST2 '9','10','khoai';
2018-11-27 05:23:15 EXEC SPC_COM_DATA 'khoai','2','1';
2018-11-27 05:23:15 EXEC SPC_READING_LST1 '','khoai','9','10';
2018-11-27 05:23:15 EXEC SPC_COM_DATA 'khoai','2','1';
2018-11-27 05:23:15 EXEC SPC_READING_LST2 '12','14','khoai';
2018-11-27 05:23:17 EXEC SPC_COM_DATA 'khoai','2','1';
2018-11-27 05:23:17 EXEC SPC_SOCIAL_LST1 '','khoai';
2018-11-27 05:23:17 EXEC SPC_COM_DATA 'khoai','2','1';
2018-11-27 05:23:17 EXEC SPC_SOCIAL_LST2 '','','khoai';
2018-11-27 05:23:49 EXEC SPC_COM_DATA 'khoai','2','1';
2018-11-27 05:23:49 EXEC SPC_SOCIAL_LST1 '15','khoai';
2018-11-27 05:23:49 EXEC SPC_COM_DATA 'khoai','2','1';
2018-11-27 05:23:49 EXEC SPC_SOCIAL_LST2 '15','','khoai';
2018-11-27 05:24:32 EXEC SPC_COM_DATA 'khoai','2','1';
2018-11-27 05:24:32 EXEC SPC_SOCIAL_ACT2 '15','khoai','127.0.0.1';
2018-11-27 05:28:25 EXEC SPC_COM_DATA 'khoai','2','1';
2018-11-27 05:28:25 EXEC SPC_SOCIAL_LST1 '15','khoai';
2018-11-27 05:28:26 EXEC SPC_COM_DATA 'khoai','2','1';
2018-11-27 05:28:26 EXEC SPC_SOCIAL_LST2 '15','','khoai';
2018-11-27 05:29:08 EXEC SPC_COM_DATA 'khoai','2','1';
2018-11-27 05:29:08 EXEC SPC_SOCIAL_ACT2 '15','khoai','127.0.0.1';
2018-11-27 05:30:40 EXEC SPC_COM_DATA 'khoai','2','1';
2018-11-27 05:30:40 EXEC SPC_SOCIAL_LST1 '15','khoai';
2018-11-27 05:30:40 EXEC SPC_COM_DATA 'khoai','2','1';
2018-11-27 05:30:40 EXEC SPC_SOCIAL_LST2 '15','','khoai';
2018-11-27 05:31:23 EXEC SPC_COM_DATA 'khoai','2','1';
2018-11-27 05:31:23 EXEC SPC_SOCIAL_ACT2 '15','khoai','127.0.0.1';
2018-11-27 05:31:51 EXEC SPC_COM_DATA 'khoai','2','1';
2018-11-27 05:31:51 EXEC SPC_SOCIAL_LST1 '15','khoai';
2018-11-27 05:31:52 EXEC SPC_COM_DATA 'khoai','2','1';
2018-11-27 05:31:52 EXEC SPC_SOCIAL_LST2 '15','','khoai';
2018-11-27 05:31:58 EXEC SPC_COM_DATA 'khoai','2','1';
2018-11-27 05:31:58 EXEC SPC_SOCIAL_LST1 '15','khoai';
2018-11-27 05:31:58 EXEC SPC_COM_DATA 'khoai','2','1';
2018-11-27 05:31:58 EXEC SPC_SOCIAL_LST2 '15','','khoai';
2018-11-27 05:32:10 EXEC SPC_COM_DATA 'khoai','2','1';
2018-11-27 05:32:10 EXEC SPC_SOCIAL_LST1 '15','khoai';
2018-11-27 05:32:10 EXEC SPC_COM_DATA 'khoai','2','1';
2018-11-27 05:32:10 EXEC SPC_SOCIAL_LST2 '15','','khoai';
2018-11-27 05:32:53 EXEC SPC_COM_DATA 'khoai','2','1';
2018-11-27 05:32:53 EXEC SPC_SOCIAL_ACT2 '15','khoai','127.0.0.1';
2018-11-27 05:33:07 EXEC SPC_COM_DATA 'khoai','2','1';
2018-11-27 05:33:07 EXEC SPC_SOCIAL_LST1 '15','khoai';
2018-11-27 05:33:07 EXEC SPC_COM_DATA 'khoai','2','1';
2018-11-27 05:33:07 EXEC SPC_SOCIAL_LST2 '15','','khoai';
2018-11-27 05:33:25 EXEC SPC_COM_DATA 'khoai','2','1';
2018-11-27 05:33:25 EXEC SPC_SOCIAL_LST1 '15','khoai';
2018-11-27 05:33:25 EXEC SPC_COM_DATA 'khoai','2','1';
2018-11-27 05:33:25 EXEC SPC_SOCIAL_LST2 '15','','khoai';
2018-11-27 05:34:08 EXEC SPC_COM_DATA 'khoai','2','1';
2018-11-27 05:34:08 EXEC SPC_SOCIAL_ACT2 '15','khoai','127.0.0.1';
2018-11-27 05:40:06 EXEC SPC_COM_DATA 'khoai','2','1';
2018-11-27 05:40:06 EXEC SPC_SOCIAL_LST1 '15','khoai';
2018-11-27 05:40:07 EXEC SPC_COM_DATA 'khoai','2','1';
2018-11-27 05:40:07 EXEC SPC_SOCIAL_LST2 '15','','khoai';
2018-11-27 05:40:19 EXEC SPC_COM_DATA 'khoai','2','1';
2018-11-27 05:40:19 EXEC SPC_SOCIAL_LST1 '15','khoai';
2018-11-27 05:40:20 EXEC SPC_COM_DATA 'khoai','2','1';
2018-11-27 05:40:20 EXEC SPC_SOCIAL_LST2 '15','','khoai';
2018-11-27 05:40:28 EXEC SPC_COM_DATA 'khoai','2','1';
2018-11-27 05:40:28 EXEC SPC_SOCIAL_LST1 '15','khoai';
2018-11-27 05:40:28 EXEC SPC_COM_DATA 'khoai','2','1';
2018-11-27 05:40:28 EXEC SPC_SOCIAL_LST2 '15','','khoai';
2018-11-27 05:41:11 EXEC SPC_COM_DATA 'khoai','2','1';
2018-11-27 05:41:11 EXEC SPC_SOCIAL_ACT2 '15','khoai','127.0.0.1';
2018-11-27 05:42:00 EXEC SPC_COM_DATA 'khoai','2','1';
2018-11-27 05:42:00 EXEC SPC_SOCIAL_LST1 '15','khoai';
2018-11-27 05:42:01 EXEC SPC_COM_DATA 'khoai','2','1';
2018-11-27 05:42:01 EXEC SPC_SOCIAL_LST2 '15','','khoai';
2018-11-27 05:42:44 EXEC SPC_COM_DATA 'khoai','2','1';
2018-11-27 05:42:44 EXEC SPC_SOCIAL_ACT2 '15','khoai','127.0.0.1';
2018-11-27 05:44:47 EXEC SPC_COM_DATA 'khoai','2','1';
2018-11-27 05:44:47 EXEC SPC_TRANSLATE_LST1 '','khoai';
2018-11-27 05:44:48 EXEC SPC_COM_DATA 'khoai','2','1';
2018-11-27 05:44:48 EXEC SPC_TRANSLATE_LST2 'Hello','khoai','127.0.0.1';
2018-11-27 05:46:16 EXEC SPC_COM_DATA 'khoai','2','1';
2018-11-27 05:46:16 EXEC SPC_TRANSLATE_LST1 '1','khoai';
2018-11-27 05:46:17 EXEC SPC_COM_DATA 'khoai','2','1';
2018-11-27 05:46:17 EXEC SPC_TRANSLATE_LST2 'Hello','khoai','127.0.0.1';
2018-11-27 05:46:43 EXEC SPC_COM_DATA 'khoai','2','1';
2018-11-27 05:46:43 EXEC SPC_TRANSLATE_LST1 '1','khoai';
2018-11-27 05:46:43 EXEC SPC_COM_DATA 'khoai','2','1';
2018-11-27 05:46:43 EXEC SPC_TRANSLATE_LST2 'Hello','khoai','127.0.0.1';
2018-11-27 05:46:52 EXEC SPC_COM_DATA 'khoai','2','1';
2018-11-27 05:46:52 EXEC SPC_TRANSLATE_LST1 '1','khoai';
2018-11-27 05:46:52 EXEC SPC_COM_DATA 'khoai','2','1';
2018-11-27 05:46:52 EXEC SPC_TRANSLATE_LST2 'Hello','khoai','127.0.0.1';
2018-11-27 05:47:07 EXEC SPC_COM_DATA 'khoai','2','1';
2018-11-27 05:47:07 EXEC SPC_TRANSLATE_LST3 'Hello';
2018-11-27 05:49:08 EXEC SPC_COM_DATA 'khoai','2','1';
2018-11-27 05:49:08 EXEC SPC_TRANSLATE_LST3 'Hello';
2018-11-27 05:49:19 EXEC SPC_COM_DATA 'khoai','2','1';
2018-11-27 05:49:19 EXEC SPC_TRANSLATE_LST1 '1','khoai';
2018-11-27 05:49:20 EXEC SPC_COM_DATA 'khoai','2','1';
2018-11-27 05:49:20 EXEC SPC_TRANSLATE_LST2 'Hello','khoai','127.0.0.1';
2018-11-27 05:49:25 EXEC SPC_COM_DATA 'khoai','2','1';
2018-11-27 05:49:25 EXEC SPC_TRANSLATE_LST1 '1','khoai';
2018-11-27 05:49:26 EXEC SPC_COM_DATA 'khoai','2','1';
2018-11-27 05:49:26 EXEC SPC_TRANSLATE_LST2 'Hello','khoai','127.0.0.1';
2018-11-27 05:49:32 EXEC SPC_COM_DATA 'khoai','2','1';
2018-11-27 05:49:32 EXEC SPC_TRANSLATE_LST1 '1','khoai';
2018-11-27 05:49:32 EXEC SPC_COM_DATA 'khoai','2','1';
2018-11-27 05:49:32 EXEC SPC_TRANSLATE_LST2 'Hello','khoai','127.0.0.1';
2018-11-27 05:49:41 EXEC SPC_COM_DATA 'khoai','2','1';
2018-11-27 05:49:41 EXEC SPC_TRANSLATE_LST1 '1','khoai';
2018-11-27 05:49:41 EXEC SPC_COM_DATA 'khoai','2','1';
2018-11-27 05:49:41 EXEC SPC_TRANSLATE_LST2 'Hello','khoai','127.0.0.1';
2018-11-27 05:50:25 EXEC SPC_COM_DATA 'khoai','2','1';
2018-11-27 05:50:25 EXEC SPC_TRANSLATE_LST1 '1','khoai';
2018-11-27 05:50:26 EXEC SPC_COM_DATA 'khoai','2','1';
2018-11-27 05:50:26 EXEC SPC_TRANSLATE_LST2 'Hello','khoai','127.0.0.1';
2018-11-27 05:50:39 EXEC SPC_COM_DATA 'khoai','2','1';
2018-11-27 05:50:39 EXEC SPC_TRANSLATE_LST1 '1','khoai';
2018-11-27 05:50:39 EXEC SPC_COM_DATA 'khoai','2','1';
2018-11-27 05:50:39 EXEC SPC_TRANSLATE_LST2 'Hello','khoai','127.0.0.1';
2018-11-27 05:51:51 EXEC SPC_COM_DATA 'khoai','2','1';
2018-11-27 05:51:51 EXEC SPC_TRANSLATE_LST1 '1','khoai';
2018-11-27 05:51:52 EXEC SPC_COM_DATA 'khoai','2','1';
2018-11-27 05:51:52 EXEC SPC_TRANSLATE_LST2 'Hello','khoai','127.0.0.1';
2018-11-27 05:52:07 EXEC SPC_COM_DATA 'khoai','2','1';
2018-11-27 05:52:07 EXEC SPC_TRANSLATE_LST1 '1','khoai';
2018-11-27 05:52:07 EXEC SPC_COM_DATA 'khoai','2','1';
2018-11-27 05:52:07 EXEC SPC_TRANSLATE_LST2 'Hello','khoai','127.0.0.1';
2018-11-27 05:52:55 EXEC SPC_COM_DATA 'khoai','2','1';
2018-11-27 05:52:55 EXEC SPC_TRANSLATE_LST1 '1','khoai';
2018-11-27 05:52:55 EXEC SPC_COM_DATA 'khoai','2','1';
2018-11-27 05:52:55 EXEC SPC_TRANSLATE_LST2 'Hello','khoai','127.0.0.1';
2018-11-27 05:53:04 EXEC SPC_COM_DATA 'khoai','2','1';
2018-11-27 05:53:04 EXEC SPC_TRANSLATE_LST1 '1','khoai';
2018-11-27 05:53:04 EXEC SPC_COM_DATA 'khoai','2','1';
2018-11-27 05:53:04 EXEC SPC_TRANSLATE_LST2 'Hello','khoai','127.0.0.1';
2018-11-27 05:53:51 EXEC SPC_COM_DATA 'khoai','2','1';
2018-11-27 05:53:51 EXEC SPC_TRANSLATE_LST1 '1','khoai';
2018-11-27 05:53:52 EXEC SPC_COM_DATA 'khoai','2','1';
2018-11-27 05:53:52 EXEC SPC_TRANSLATE_LST2 'Hello','khoai','127.0.0.1';
2018-11-27 05:57:11 EXEC SPC_COM_DATA 'khoai','2','1';
2018-11-27 05:57:11 EXEC SPC_TRANSLATE_LST1 '1','khoai';
2018-11-27 05:57:11 EXEC SPC_COM_DATA 'khoai','2','1';
2018-11-27 05:57:11 EXEC SPC_TRANSLATE_LST2 'Hello','khoai','127.0.0.1';
2018-11-27 05:57:36 EXEC SPC_COM_DATA 'khoai','2','1';
2018-11-27 05:57:36 EXEC SPC_VOCABULARY_LST1 '','khoai','12','14';
2018-11-27 05:57:37 EXEC SPC_COM_DATA 'khoai','2','1';
2018-11-27 05:57:37 EXEC SPC_VOCABULARY_LST2 '2','3','khoai';
2018-11-27 05:57:57 EXEC SPC_COM_DATA 'khoai','2','1';
2018-11-27 05:57:57 EXEC SPC_TRANSLATE_LST1 '','khoai';
2018-11-27 05:59:32 EXEC SPC_COM_DATA 'khoai','2','1';
2018-11-27 05:59:32 EXEC SPC_TRANSLATE_LST2 'Hello','khoai','127.0.0.1';
2018-11-27 05:59:54 EXEC SPC_COM_DATA 'khoai','2','1';
2018-11-27 05:59:54 EXEC SPC_GRAMMAR_LST1 '','khoai','2','3';
2018-11-27 05:59:55 EXEC SPC_COM_DATA 'khoai','2','1';
2018-11-27 05:59:55 EXEC SPC_GRAMMAR_LST2 '6','7','khoai';
2018-11-27 06:00:26 EXEC SPC_COM_DATA 'khoai','2','1';
2018-11-27 06:00:26 EXEC SPC_TRANSLATE_LST1 '','khoai';
2018-11-27 06:01:55 EXEC SPC_COM_DATA 'khoai','2','1';
2018-11-27 06:01:55 EXEC SPC_TRANSLATE_LST1 '','khoai';
2018-11-27 06:01:57 EXEC SPC_COM_DATA 'khoai','2','1';
2018-11-27 06:01:57 EXEC SPC_TRANSLATE_LST2 'Hello','khoai','127.0.0.1';
2018-11-27 06:02:33 EXEC SPC_COM_DATA 'khoai','2','1';
2018-11-27 06:02:33 EXEC SPC_TRANSLATE_LST1 '1','khoai';
2018-11-27 06:02:33 EXEC SPC_COM_DATA 'khoai','2','1';
2018-11-27 06:02:33 EXEC SPC_TRANSLATE_LST2 'Hello','khoai','127.0.0.1';
2018-11-27 06:02:34 EXEC SPC_COM_DATA 'khoai','2','1';
2018-11-27 06:02:34 EXEC SPC_TRANSLATE_LST2 'Hello','khoai','127.0.0.1';
2018-11-27 06:03:28 EXEC SPC_COM_DATA 'khoai','2','1';
2018-11-27 06:03:28 EXEC SPC_TRANSLATE_LST2 'king','khoai','127.0.0.1';
2018-11-27 06:03:33 EXEC SPC_COM_DATA 'khoai','2','1';
2018-11-27 06:03:33 EXEC SPC_COM_FORGET '1','2','2','khoai';
2018-11-27 06:04:26 EXEC SPC_COM_DATA 'khoai','2','1';
2018-11-27 06:04:26 EXEC SPC_COM_MENU '2';
2018-11-27 06:04:42 EXEC SPC_COM_DATA 'khoai','2','1';
2018-11-27 06:04:42 EXEC SPC_COM_MENU '2';
2018-11-27 06:05:22 EXEC SPC_COM_DATA 'khoai','2','1';
2018-11-27 06:05:22 EXEC SPC_COM_MENU '2';
2018-11-27 06:05:45 EXEC SPC_COM_DATA 'khoai','2','1';
2018-11-27 06:05:45 EXEC SPC_COM_MENU '2';
2018-11-27 06:05:58 EXEC SPC_COM_DATA 'khoai','2','1';
2018-11-27 06:05:58 EXEC SPC_VOCABULARY_LST1 '','khoai','6','7';
2018-11-27 06:05:59 EXEC SPC_COM_DATA 'khoai','2','1';
2018-11-27 06:05:59 EXEC SPC_VOCABULARY_LST2 '2','3','khoai';
2018-11-27 06:06:00 EXEC SPC_COM_DATA 'khoai','2','1';
2018-11-27 06:06:00 EXEC SPC_GRAMMAR_LST1 '','khoai','2','3';
2018-11-27 06:06:00 EXEC SPC_COM_DATA 'khoai','2','1';
2018-11-27 06:06:00 EXEC SPC_GRAMMAR_LST2 '6','7','khoai';
2018-11-27 06:06:01 EXEC SPC_COM_DATA 'khoai','2','1';
2018-11-27 06:06:01 EXEC SPC_LISTENING_LST1 '','khoai','6','7';
2018-11-27 06:06:02 EXEC SPC_COM_DATA 'khoai','2','1';
2018-11-27 06:06:02 EXEC SPC_LISTENING_LST2 '8','8','khoai';
2018-11-27 06:06:02 EXEC SPC_COM_DATA 'khoai','2','1';
2018-11-27 06:06:02 EXEC SPC_WRITING_LST1 '','khoai','8','8';
2018-11-27 06:06:03 EXEC SPC_COM_DATA 'khoai','2','1';
2018-11-27 06:06:03 EXEC SPC_COMMON_GET_SUGGEST
2018-11-27 06:06:03 EXEC SPC_COM_DATA 'khoai','2','1';
2018-11-27 06:06:03 EXEC SPC_WRITING_LST2 '9','10','khoai';
2018-11-27 06:06:04 EXEC SPC_COM_DATA 'khoai','2','1';
2018-11-27 06:06:04 EXEC SPC_READING_LST1 '','khoai','9','10';
2018-11-27 06:06:04 EXEC SPC_COM_DATA 'khoai','2','1';
2018-11-27 06:06:04 EXEC SPC_READING_LST2 '12','14','khoai';
2018-11-27 06:07:05 EXEC SPC_COM_DATA 'khoai','2','1';
2018-11-27 06:07:05 EXEC SPC_READING_LST1 '9','khoai','12','14';
2018-11-27 06:07:05 EXEC SPC_COM_DATA 'khoai','2','1';
2018-11-27 06:07:05 EXEC SPC_READING_LST2 '12','14','khoai';
2018-11-27 06:09:23 EXEC SPC_COM_DATA 'khoai','2','1';
2018-11-27 06:09:23 EXEC SPC_SOCIAL_LST1 '','khoai';
2018-11-27 06:09:24 EXEC SPC_COM_DATA 'khoai','2','1';
2018-11-27 06:09:24 EXEC SPC_SOCIAL_LST2 '','','khoai';
2018-11-27 06:09:31 EXEC SPC_COM_DATA 'khoai','2','1';
2018-11-27 06:09:31 EXEC SPC_TRANSLATE_LST1 '','khoai';
2018-11-27 06:09:34 EXEC SPC_COM_DATA 'khoai','2','1';
2018-11-27 06:09:34 EXEC SPC_COM_MENU '2';
2018-11-27 06:09:35 EXEC SPC_COM_DATA 'khoai','2','1';
2018-11-27 06:09:35 EXEC SPC_TRANSLATE_LST1 '','khoai';
2018-11-27 06:10:03 EXEC SPC_COM_DATA 'khoai','2','1';
2018-11-27 06:10:03 EXEC SPC_COM_MENU '2';
2018-11-27 06:10:09 EXEC SPC_COM_DATA 'khoai','2','1';
2018-11-27 06:10:09 EXEC SPC_TRANSLATE_LST1 '','khoai';
2018-11-27 06:10:11 EXEC SPC_COM_DATA 'khoai','2','1';
2018-11-27 06:10:11 EXEC SPC_SOCIAL_LST1 '','khoai';
2018-11-27 06:10:11 EXEC SPC_COM_DATA 'khoai','2','1';
2018-11-27 06:10:11 EXEC SPC_SOCIAL_LST2 '','','khoai';
2018-11-27 06:10:12 EXEC SPC_COM_DATA 'khoai','2','1';
2018-11-27 06:10:12 EXEC SPC_TRANSLATE_LST1 '','khoai';
2018-11-27 06:10:15 EXEC SPC_COM_DATA 'khoai','2','1';
2018-11-27 06:10:15 EXEC SPC_TRANSLATE_LST2 'Hello','khoai','127.0.0.1';
2018-11-27 06:13:04 EXEC SPC_COM_DATA 'khoai','2','1';
2018-11-27 06:13:04 EXEC SPC_TRANSLATE_LST2 'goal','khoai','127.0.0.1';
2018-11-27 06:13:33 EXEC SPC_COM_DATA 'khoai','2','1';
2018-11-27 06:13:33 EXEC SPC_SOCIAL_LST1 '','khoai';
2018-11-27 06:13:34 EXEC SPC_COM_DATA 'khoai','2','1';
2018-11-27 06:13:34 EXEC SPC_SOCIAL_LST2 '','','khoai';
2018-11-27 06:13:42 EXEC SPC_COM_DATA 'khoai','2','1';
2018-11-27 06:13:42 EXEC SPC_COM_MENU '2';
2018-11-27 06:13:51 EXEC SPC_COM_DATA 'khoai','2','1';
2018-11-27 06:13:51 EXEC SPC_COM_MENU '2';
2018-11-27 06:14:12 EXEC SPC_COM_DATA 'khoai','2','1';
2018-11-27 06:14:12 EXEC SPC_COM_MENU '2';
2018-11-27 06:18:59 EXEC SPC_COM_DATA 'khoai','2','1';
2018-11-27 06:18:59 EXEC SPC_TRANSLATE_LST1 '','khoai';
2018-11-27 06:19:02 EXEC SPC_COM_DATA 'khoai','2','1';
2018-11-27 06:19:02 EXEC SPC_TRANSLATE_LST2 'goal','khoai','127.0.0.1';
2018-11-27 06:19:03 EXEC SPC_COM_DATA 'khoai','2','1';
2018-11-27 06:19:03 EXEC SPC_TRANSLATE_LST2 'Hello','khoai','127.0.0.1';
2018-11-27 06:19:05 EXEC SPC_COM_DATA 'khoai','2','1';
2018-11-27 06:19:05 EXEC SPC_TRANSLATE_LST2 'king','khoai','127.0.0.1';
2018-11-27 06:19:07 EXEC SPC_COM_DATA 'khoai','2','1';
2018-11-27 06:19:07 EXEC SPC_TRANSLATE_LST2 'kingdom','khoai','127.0.0.1';
2018-11-27 06:45:54 EXEC SPC_COM_DATA 'khoai','2','1';
2018-11-27 06:45:54 EXEC SPC_COM_MENU '2';
2018-11-27 06:45:56 EXEC SPC_COM_DATA 'khoai','2','1';
2018-11-27 06:45:56 EXEC SPC_TRANSLATE_LST1 '','khoai';
2018-11-27 06:45:57 EXEC SPC_COM_DATA 'khoai','2','1';
2018-11-27 06:45:57 EXEC SPC_SOCIAL_LST1 '','khoai';
2018-11-27 06:45:57 EXEC SPC_COM_DATA 'khoai','2','1';
2018-11-27 06:45:57 EXEC SPC_SOCIAL_LST2 '','','khoai';
2018-11-27 06:45:58 EXEC SPC_COM_DATA 'khoai','2','1';
2018-11-27 06:45:58 EXEC SPC_READING_LST1 '','khoai','12','14';
2018-11-27 06:45:59 EXEC SPC_COM_DATA 'khoai','2','1';
2018-11-27 06:45:59 EXEC SPC_READING_LST2 '12','14','khoai';
2018-11-27 06:46:00 EXEC SPC_COM_DATA 'khoai','2','1';
2018-11-27 06:46:00 EXEC SPC_WRITING_LST1 '','khoai','12','14';
2018-11-27 06:46:00 EXEC SPC_COM_DATA 'khoai','2','1';
2018-11-27 06:46:00 EXEC SPC_COMMON_GET_SUGGEST
2018-11-27 06:46:01 EXEC SPC_COM_DATA 'khoai','2','1';
2018-11-27 06:46:01 EXEC SPC_WRITING_LST2 '9','10','khoai';
2018-11-27 06:46:01 EXEC SPC_COM_DATA 'khoai','2','1';
2018-11-27 06:46:01 EXEC SPC_LISTENING_LST1 '','khoai','9','10';
2018-11-27 06:46:01 EXEC SPC_COM_DATA 'khoai','2','1';
2018-11-27 06:46:01 EXEC SPC_LISTENING_LST2 '8','8','khoai';
2018-11-27 06:46:02 EXEC SPC_COM_DATA 'khoai','2','1';
2018-11-27 06:46:02 EXEC SPC_VOCABULARY_LST1 '','khoai','8','8';
2018-11-27 06:46:02 EXEC SPC_COM_DATA 'khoai','2','1';
2018-11-27 06:46:02 EXEC SPC_VOCABULARY_LST2 '2','3','khoai';
2018-11-27 06:46:02 EXEC SPC_COM_DATA 'khoai','2','1';
2018-11-27 06:46:02 EXEC SPC_GRAMMAR_LST1 '','khoai','2','3';
2018-11-27 06:46:03 EXEC SPC_COM_DATA 'khoai','2','1';
2018-11-27 06:46:03 EXEC SPC_GRAMMAR_LST2 '6','7','khoai';
2018-11-27 06:46:03 EXEC SPC_COM_DATA 'khoai','2','1';
2018-11-27 06:46:03 EXEC SPC_READING_LST1 '','khoai','6','7';
2018-11-27 06:46:03 EXEC SPC_COM_DATA 'khoai','2','1';
2018-11-27 06:46:03 EXEC SPC_READING_LST2 '12','14','khoai';
2018-11-27 06:46:03 EXEC SPC_COM_DATA 'khoai','2','1';
2018-11-27 06:46:03 EXEC SPC_SOCIAL_LST1 '','khoai';
2018-11-27 06:46:04 EXEC SPC_COM_DATA 'khoai','2','1';
2018-11-27 06:46:04 EXEC SPC_SOCIAL_LST2 '','','khoai';
2018-11-27 06:46:04 EXEC SPC_COM_DATA 'khoai','2','1';
2018-11-27 06:46:04 EXEC SPC_GRAMMAR_LST1 '','khoai','12','14';
2018-11-27 06:46:04 EXEC SPC_COM_DATA 'khoai','2','1';
2018-11-27 06:46:04 EXEC SPC_GRAMMAR_LST2 '6','7','khoai';
2018-11-27 06:46:04 EXEC SPC_COM_DATA 'khoai','2','1';
2018-11-27 06:46:04 EXEC SPC_READING_LST1 '','khoai','6','7';
2018-11-27 06:46:05 EXEC SPC_COM_DATA 'khoai','2','1';
2018-11-27 06:46:05 EXEC SPC_READING_LST2 '12','14','khoai';
2018-11-27 06:46:05 EXEC SPC_COM_DATA 'khoai','2','1';
2018-11-27 06:46:05 EXEC SPC_COM_MENU '2';
2018-11-27 06:46:06 EXEC SPC_COM_DATA 'khoai','2','1';
2018-11-27 06:46:06 EXEC SPC_GRAMMAR_LST1 '','khoai','12','14';
2018-11-27 06:46:06 EXEC SPC_COM_DATA 'khoai','2','1';
2018-11-27 06:46:06 EXEC SPC_GRAMMAR_LST2 '6','7','khoai';
2018-11-27 06:46:06 EXEC SPC_COM_DATA 'khoai','2','1';
2018-11-27 06:46:06 EXEC SPC_WRITING_LST1 '','khoai','6','7';
2018-11-27 06:46:07 EXEC SPC_COM_DATA 'khoai','2','1';
2018-11-27 06:46:07 EXEC SPC_COMMON_GET_SUGGEST
2018-11-27 06:46:07 EXEC SPC_COM_DATA 'khoai','2','1';
2018-11-27 06:46:07 EXEC SPC_WRITING_LST2 '9','10','khoai';
2018-11-27 06:46:07 EXEC SPC_COM_DATA 'khoai','2','1';
2018-11-27 06:46:07 EXEC SPC_GRAMMAR_LST1 '','khoai','9','10';
2018-11-27 06:46:08 EXEC SPC_COM_DATA 'khoai','2','1';
2018-11-27 06:46:08 EXEC SPC_GRAMMAR_LST2 '6','7','khoai';
2018-11-27 06:46:08 EXEC SPC_COM_DATA 'khoai','2','1';
2018-11-27 06:46:08 EXEC SPC_TRANSLATE_LST1 '','khoai';
2018-11-27 06:46:08 EXEC SPC_COM_DATA 'khoai','2','1';
2018-11-27 06:46:08 EXEC SPC_LISTENING_LST1 '','khoai','6','7';
2018-11-27 06:46:09 EXEC SPC_COM_DATA 'khoai','2','1';
2018-11-27 06:46:09 EXEC SPC_LISTENING_LST2 '8','8','khoai';
2018-11-27 06:46:09 EXEC SPC_COM_DATA 'khoai','2','1';
2018-11-27 06:46:09 EXEC SPC_TRANSLATE_LST1 '','khoai';
2018-11-27 06:46:10 EXEC SPC_COM_DATA 'khoai','2','1';
2018-11-27 06:46:10 EXEC SPC_COM_MENU '2';
2018-11-27 06:46:11 EXEC SPC_COM_DATA 'khoai','2','1';
2018-11-27 06:46:12 EXEC SPC_SOCIAL_LST1 '','khoai';
2018-11-27 06:46:12 EXEC SPC_COM_DATA 'khoai','2','1';
2018-11-27 06:46:12 EXEC SPC_SOCIAL_LST2 '','','khoai';
2018-11-27 06:46:55 EXEC SPC_COM_DATA 'khoai','2','1';
2018-11-27 06:46:55 EXEC SPC_SOCIAL_ACT2 '15','khoai','127.0.0.1';
2018-11-27 06:50:30 EXEC SPC_COM_DATA 'khoai','2','1';
2018-11-27 06:50:30 EXEC SPC_COM_MENU '2';
2018-11-27 06:51:58 EXEC SPC_COM_DATA 'khoai','2','1';
2018-11-27 06:51:58 EXEC SPC_TRANSLATE_LST1 '','khoai';
2018-11-27 06:51:58 EXEC SPC_COM_DATA 'khoai','2','1';
2018-11-27 06:51:58 EXEC SPC_SOCIAL_LST1 '','khoai';
2018-11-27 06:51:59 EXEC SPC_COM_DATA 'khoai','2','1';
2018-11-27 06:51:59 EXEC SPC_SOCIAL_LST2 '','','khoai';
2018-11-27 06:52:42 EXEC SPC_COM_DATA 'khoai','2','1';
2018-11-27 06:52:42 EXEC SPC_SOCIAL_ACT2 '15','khoai','127.0.0.1';
2018-11-27 06:54:35 EXEC SPC_COM_DATA 'khoai','2','1';
2018-11-27 06:54:35 EXEC SPC_TRANSLATE_LST1 '','khoai';
2018-11-27 06:54:35 EXEC SPC_COM_DATA 'khoai','2','1';
2018-11-27 06:54:35 EXEC SPC_COM_MENU '2';
2018-11-27 06:54:36 EXEC SPC_COM_DATA 'khoai','2','1';
2018-11-27 06:54:36 EXEC SPC_SOCIAL_LST1 '','khoai';
2018-11-27 06:54:37 EXEC SPC_COM_DATA 'khoai','2','1';
2018-11-27 06:54:37 EXEC SPC_SOCIAL_LST2 '','','khoai';
2018-11-27 06:55:19 EXEC SPC_COM_DATA 'khoai','2','1';
2018-11-27 06:55:19 EXEC SPC_SOCIAL_ACT2 '15','khoai','127.0.0.1';
2018-11-27 06:55:44 EXEC SPC_COM_DATA 'khoai','2','1';
2018-11-27 06:55:44 EXEC SPC_SOCIAL_ACT2 '21','khoai','127.0.0.1';
2018-11-27 06:56:33 EXEC SPC_COM_DATA 'khoai','2','1';
2018-11-27 06:56:33 EXEC SPC_SOCIAL_ACT2 '15','khoai','127.0.0.1';
2018-11-27 07:12:46 EXEC SPC_COM_DATA 'khoai','2','1';
2018-11-27 07:12:46 EXEC SPC_SOCIAL_LST1 '15','khoai';
2018-11-27 07:12:47 EXEC SPC_COM_DATA 'khoai','2','1';
2018-11-27 07:12:47 EXEC SPC_SOCIAL_LST2 '15','','khoai';
2018-11-27 07:12:54 EXEC SPC_COM_DATA 'khoai','2','1';
2018-11-27 07:12:54 EXEC SPC_SOCIAL_LST1 '','khoai';
2018-11-27 07:12:54 EXEC SPC_COM_DATA 'khoai','2','1';
2018-11-27 07:12:54 EXEC SPC_SOCIAL_LST2 '','','khoai';
2018-11-27 07:12:54 SQLSTATE[42000]: [Microsoft][ODBC Driver 13 for SQL Server][SQL Server]マルチパート識別子 "#WRITING.row_id" をバインドできませんでした。
2018-11-27 07:12:59 EXEC SPC_COM_DATA 'khoai','2','1';
2018-11-27 07:12:59 EXEC SPC_SOCIAL_LST1 '','khoai';
2018-11-27 07:13:00 EXEC SPC_COM_DATA 'khoai','2','1';
2018-11-27 07:13:00 EXEC SPC_SOCIAL_LST2 '','','khoai';
2018-11-27 07:13:00 SQLSTATE[42000]: [Microsoft][ODBC Driver 13 for SQL Server][SQL Server]マルチパート識別子 "#WRITING.row_id" をバインドできませんでした。
2018-11-27 07:13:11 EXEC SPC_COM_DATA 'khoai','2','1';
2018-11-27 07:13:11 EXEC SPC_SOCIAL_LST1 '','khoai';
2018-11-27 07:13:11 EXEC SPC_COM_DATA 'khoai','2','1';
2018-11-27 07:13:11 EXEC SPC_SOCIAL_LST2 '','','khoai';
2018-11-27 07:13:11 SQLSTATE[42000]: [Microsoft][ODBC Driver 13 for SQL Server][SQL Server]マルチパート識別子 "#WRITING.row_id" をバインドできませんでした。
2018-11-27 07:16:36 EXEC SPC_COM_DATA 'khoai','2','1';
2018-11-27 07:16:36 EXEC SPC_SOCIAL_LST1 '','khoai';
2018-11-27 07:16:37 EXEC SPC_COM_DATA 'khoai','2','1';
2018-11-27 07:16:37 EXEC SPC_SOCIAL_LST2 '','','khoai';
2018-11-27 07:17:08 EXEC SPC_COM_DATA 'khoai','2','1';
2018-11-27 07:17:08 EXEC SPC_SOCIAL_ACT2 '16','khoai','127.0.0.1';
2018-11-27 07:17:14 EXEC SPC_COM_DATA 'khoai','2','1';
2018-11-27 07:17:14 EXEC SPC_SOCIAL_LST2 '','<row tag_id="1" /><row tag_id="9" /><row tag_id="16" />','khoai';
2018-11-27 07:17:30 EXEC SPC_COM_DATA 'khoai','2','1';
2018-11-27 07:17:30 EXEC SPC_SOCIAL_ACT2 '16','khoai','127.0.0.1';
2018-11-27 07:17:30 EXEC SPC_COM_DATA 'khoai','2','1';
2018-11-27 07:17:30 EXEC SPC_SOCIAL_LST2 '','<row tag_id="1" />','khoai';
2018-11-27 07:17:41 EXEC SPC_COM_DATA 'khoai','2','1';
2018-11-27 07:17:41 EXEC SPC_SOCIAL_ACT2 '16','khoai','127.0.0.1';
2018-11-27 07:17:45 EXEC SPC_COM_DATA 'khoai','2','1';
2018-11-27 07:17:45 EXEC SPC_SOCIAL_LST2 '','','khoai';
2018-11-27 07:18:28 EXEC SPC_COM_DATA 'khoai','2','1';
2018-11-27 07:18:28 EXEC SPC_SOCIAL_ACT2 '16','khoai','127.0.0.1';
2018-11-27 07:18:37 EXEC SPC_COM_DATA 'khoai','2','1';
2018-11-27 07:18:37 EXEC SPC_SOCIAL_ACT2 '16','khoai','127.0.0.1';
2018-11-27 07:18:44 EXEC SPC_COM_DATA 'khoai','2','1';
2018-11-27 07:18:44 EXEC SPC_SOCIAL_LST2 '','<row tag_id="2" />','khoai';
2018-11-27 07:18:53 EXEC SPC_COM_DATA 'khoai','2','1';
2018-11-27 07:18:53 EXEC SPC_SOCIAL_LST2 '','<row tag_id="2" />','khoai';
2018-11-27 07:19:05 EXEC SPC_COM_DATA 'khoai','2','1';
2018-11-27 07:19:05 EXEC SPC_SOCIAL_LST2 '','<row tag_id="14" />','khoai';
2018-11-27 07:19:10 EXEC SPC_COM_DATA 'khoai','2','1';
2018-11-27 07:19:10 EXEC SPC_SOCIAL_LST2 '','<row tag_id="14" /><row tag_id="13" />','khoai';
2018-11-27 07:19:19 EXEC SPC_COM_DATA 'khoai','2','1';
2018-11-27 07:19:19 EXEC SPC_SOCIAL_ACT2 '21','khoai','127.0.0.1';
2018-11-27 07:20:18 EXEC SPC_COM_DATA 'khoai','2','1';
2018-11-27 07:20:18 EXEC SPC_COM_TOGGLE_EFFECT '1','10013','3','3','0','khoai','127.0.0.1';
2018-11-27 07:20:19 EXEC SPC_COM_DATA 'khoai','2','1';
2018-11-27 07:20:19 EXEC SPC_COM_TOGGLE_EFFECT '1','10013','3','3','1','khoai','127.0.0.1';
2018-11-27 07:20:20 EXEC SPC_COM_DATA 'khoai','2','1';
2018-11-27 07:20:20 EXEC SPC_COM_TOGGLE_EFFECT '1','10013','3','3','0','khoai','127.0.0.1';
2018-11-27 07:20:22 EXEC SPC_COM_DATA 'khoai','2','1';
2018-11-27 07:20:22 EXEC SPC_COM_TOGGLE_EFFECT '1','10013','3','3','1','khoai','127.0.0.1';
2018-11-27 07:20:23 EXEC SPC_COM_DATA 'khoai','2','1';
2018-11-27 07:20:23 EXEC SPC_COM_TOGGLE_EFFECT '1','10013','3','3','0','khoai','127.0.0.1';
2018-11-27 07:20:25 EXEC SPC_COM_DATA 'khoai','2','1';
2018-11-27 07:20:25 EXEC SPC_COM_TOGGLE_EFFECT '1','10013','3','3','1','khoai','127.0.0.1';
2018-11-27 07:20:27 EXEC SPC_COM_DATA 'khoai','2','1';
2018-11-27 07:20:27 EXEC SPC_COM_TOGGLE_EFFECT '1','10013','3','3','0','khoai','127.0.0.1';
2018-11-27 07:20:32 EXEC SPC_COM_DATA 'khoai','2','1';
2018-11-27 07:20:32 EXEC SPC_SOCIAL_ACT1 '21','3.5','khoai','127.0.0.1';
2018-11-27 07:20:36 EXEC SPC_COM_DATA 'khoai','2','1';
2018-11-27 07:20:36 EXEC SPC_SOCIAL_ACT1 '21','4.5','khoai','127.0.0.1';
2018-11-27 07:20:44 EXEC SPC_COM_DATA 'khoai','2','1';
2018-11-27 07:20:44 EXEC SPC_SOCIAL_ACT1 '21','0.5','khoai','127.0.0.1';
2018-11-27 07:20:48 EXEC SPC_COM_DATA 'khoai','2','1';
2018-11-27 07:20:48 EXEC SPC_SOCIAL_ACT1 '21','5','khoai','127.0.0.1';
2018-11-27 07:21:26 EXEC SPC_COM_DATA 'khoai','2','1';
2018-11-27 07:21:26 EXEC SPC_COM_FORGET '1','21','3','khoai';
2018-11-27 07:21:29 EXEC SPC_COM_DATA 'khoai','2','1';
2018-11-27 07:21:29 EXEC SPC_SOCIAL_LST1 '21','khoai';
2018-11-27 07:21:30 EXEC SPC_COM_DATA 'khoai','2','1';
2018-11-27 07:21:30 EXEC SPC_SOCIAL_LST2 '21','','khoai';
2018-11-27 07:21:39 EXEC SPC_COM_DATA 'khoai','2','1';
2018-11-27 07:21:39 EXEC SPC_COM_FORGET '1','16','3','khoai';
2018-11-27 07:21:41 EXEC SPC_COM_DATA 'khoai','2','1';
2018-11-27 07:21:41 EXEC SPC_SOCIAL_LST1 '16','khoai';
2018-11-27 07:21:41 EXEC SPC_COM_DATA 'khoai','2','1';
2018-11-27 07:21:41 EXEC SPC_SOCIAL_LST2 '16','','khoai';
2018-11-27 07:21:48 EXEC SPC_COM_DATA 'khoai','2','1';
2018-11-27 07:21:48 EXEC SPC_SOCIAL_LST1 '','khoai';
2018-11-27 07:21:48 EXEC SPC_COM_DATA 'khoai','2','1';
2018-11-27 07:21:48 EXEC SPC_SOCIAL_LST2 '','','khoai';
2018-11-27 07:22:38 EXEC SPC_COM_DATA 'khoai','2','1';
2018-11-27 07:22:38 EXEC SPC_SOCIAL_ACT2 '15','khoai','127.0.0.1';
2018-11-27 07:24:32 EXEC SPC_COM_DATA 'khoai','2','1';
2018-11-27 07:24:32 EXEC SPC_WRITING_LST1 '','khoai','8','8';
2018-11-27 07:24:32 EXEC SPC_COM_DATA 'khoai','2','1';
2018-11-27 07:24:32 EXEC SPC_COMMON_GET_SUGGEST
2018-11-27 07:24:32 EXEC SPC_COM_DATA 'khoai','2','1';
2018-11-27 07:24:32 EXEC SPC_WRITING_LST2 '9','10','khoai';
2018-11-27 07:24:35 EXEC SPC_COM_M999_INQ1 '8';
2018-11-27 07:24:36 EXEC SPC_USER_P001_LST2 '';
2018-11-27 07:24:52 EXEC SPC_COM_M999_INQ1 '8';
2018-11-27 07:24:53 EXEC SPC_USER_P001_LST2 '';
2018-11-27 07:42:48 EXEC SPC_COM_DATA 'khoai','2','1';
2018-11-27 07:42:48 EXEC SPC_WRITING_LST1 '20','khoai','9','10';
2018-11-27 07:42:49 EXEC SPC_COM_DATA 'khoai','2','1';
2018-11-27 07:42:49 EXEC SPC_COMMON_GET_SUGGEST
2018-11-27 07:42:49 EXEC SPC_COM_DATA 'khoai','2','1';
2018-11-27 07:42:49 EXEC SPC_WRITING_LST2 '9','10','khoai';
2018-11-27 07:43:19 EXEC SPC_COM_DATA 'khoai','2','1';
2018-11-27 07:43:19 EXEC SPC_WRITING_LST1 '21','khoai','9','10';
2018-11-27 07:43:20 EXEC SPC_COM_DATA 'khoai','2','1';
2018-11-27 07:43:20 EXEC SPC_COMMON_GET_SUGGEST
2018-11-27 07:43:20 EXEC SPC_COM_DATA 'khoai','2','1';
2018-11-27 07:43:20 EXEC SPC_WRITING_LST2 '9','10','khoai';
2018-11-27 07:45:15 EXEC SPC_COM_DATA 'khoai','2','1';
2018-11-27 07:45:15 EXEC SPC_WRITING_LST1 '21','khoai','9','10';
2018-11-27 07:45:15 EXEC SPC_COM_DATA 'khoai','2','1';
2018-11-27 07:45:15 EXEC SPC_COMMON_GET_SUGGEST
2018-11-27 07:45:15 EXEC SPC_COM_DATA 'khoai','2','1';
2018-11-27 07:45:15 EXEC SPC_WRITING_LST2 '9','10','khoai';
2018-11-27 07:49:03 EXEC SPC_COM_DATA 'khoai','2','1';
2018-11-27 07:49:03 EXEC SPC_WRITING_LST1 '21','khoai','9','10';
2018-11-27 07:49:04 EXEC SPC_COM_DATA 'khoai','2','1';
2018-11-27 07:49:04 EXEC SPC_COMMON_GET_SUGGEST
2018-11-27 07:49:04 EXEC SPC_COM_DATA 'khoai','2','1';
2018-11-27 07:49:04 EXEC SPC_WRITING_LST2 '9','10','khoai';
2018-11-27 07:50:33 EXEC SPC_COM_DATA 'khoai','2','1';
2018-11-27 07:50:33 EXEC SPC_WRITING_LST1 '21','khoai','9','10';
2018-11-27 07:50:33 EXEC SPC_COM_DATA 'khoai','2','1';
2018-11-27 07:50:33 EXEC SPC_COMMON_GET_SUGGEST
2018-11-27 07:50:33 EXEC SPC_COM_DATA 'khoai','2','1';
2018-11-27 07:50:33 EXEC SPC_WRITING_LST2 '9','10','khoai';
2018-11-27 07:52:38 EXEC SPC_COM_DATA 'khoai','2','1';
2018-11-27 07:52:38 EXEC SPC_WRITING_LST1 '21','khoai','9','10';
2018-11-27 07:52:39 EXEC SPC_COM_DATA 'khoai','2','1';
2018-11-27 07:52:39 EXEC SPC_COMMON_GET_SUGGEST
2018-11-27 07:52:39 EXEC SPC_COM_DATA 'khoai','2','1';
2018-11-27 07:52:39 EXEC SPC_WRITING_LST2 '9','10','khoai';
2018-11-27 07:54:41 EXEC SPC_COM_DATA 'khoai','2','1';
2018-11-27 07:54:41 EXEC SPC_WRITING_LST1 '21','khoai','9','10';
2018-11-27 07:54:41 EXEC SPC_COM_DATA 'khoai','2','1';
2018-11-27 07:54:41 EXEC SPC_COMMON_GET_SUGGEST
2018-11-27 07:54:42 EXEC SPC_COM_DATA 'khoai','2','1';
2018-11-27 07:54:42 EXEC SPC_WRITING_LST2 '9','10','khoai';
2018-11-27 07:55:31 EXEC SPC_COM_DATA 'khoai','2','1';
2018-11-27 07:55:31 EXEC SPC_WRITING_LST1 '21','khoai','9','10';
2018-11-27 07:55:31 EXEC SPC_COM_DATA 'khoai','2','1';
2018-11-27 07:55:31 EXEC SPC_COMMON_GET_SUGGEST
2018-11-27 07:55:32 EXEC SPC_COM_DATA 'khoai','2','1';
2018-11-27 07:55:32 EXEC SPC_WRITING_LST2 '9','10','khoai';
2018-11-27 07:57:27 EXEC SPC_COM_DATA 'khoai','2','1';
2018-11-27 07:57:27 EXEC SPC_WRITING_LST1 '21','khoai','9','10';
2018-11-27 07:57:27 EXEC SPC_COM_DATA 'khoai','2','1';
2018-11-27 07:57:27 EXEC SPC_COMMON_GET_SUGGEST
2018-11-27 07:57:27 EXEC SPC_COM_DATA 'khoai','2','1';
2018-11-27 07:57:27 EXEC SPC_WRITING_LST2 '9','10','khoai';
2018-11-27 07:57:39 EXEC SPC_COM_DATA 'khoai','2','1';
2018-11-27 07:57:39 EXEC SPC_WRITING_LST1 '21','khoai','9','10';
2018-11-27 07:57:40 EXEC SPC_COM_DATA 'khoai','2','1';
2018-11-27 07:57:40 EXEC SPC_COMMON_GET_SUGGEST
2018-11-27 07:57:40 EXEC SPC_COM_DATA 'khoai','2','1';
2018-11-27 07:57:40 EXEC SPC_WRITING_LST2 '9','10','khoai';
2018-11-27 08:00:19 EXEC SPC_COM_DATA 'khoai','2','1';
2018-11-27 08:00:19 EXEC SPC_WRITING_LST1 '21','khoai','9','10';
2018-11-27 08:00:20 EXEC SPC_COM_DATA 'khoai','2','1';
2018-11-27 08:00:20 EXEC SPC_COMMON_GET_SUGGEST
2018-11-27 08:00:20 EXEC SPC_COM_DATA 'khoai','2','1';
2018-11-27 08:00:20 EXEC SPC_WRITING_LST2 '9','10','khoai';
