2018-10-30 04:11:14 EXEC SPC_COM_DATA '','','';
2018-10-30 04:11:32 EXEC SPC_COM_DATA '','','';
2018-10-30 04:11:33 EXEC SPC_COM_DATA '','','';
2018-10-30 04:11:33 EXEC SPC_READING_LST1 '','','','';
2018-10-30 04:11:34 EXEC SPC_COM_DATA '','','';
2018-10-30 04:11:34 EXEC SPC_READING_LST2 '12','14','';
2018-10-30 04:11:35 EXEC SPC_COM_DATA '','','';
2018-10-30 04:11:35 EXEC SPC_WRITING_LST1 '','','12','14';
2018-10-30 04:11:36 EXEC SPC_COM_DATA '','','';
2018-10-30 04:11:36 EXEC SPC_COMMON_GET_SUGGEST
2018-10-30 04:11:36 EXEC SPC_COM_DATA '','','';
2018-10-30 04:11:36 EXEC SPC_WRITING_LST2 '9','10','';
2018-10-30 04:12:16 EXEC SPC_COMMON_ACCOUNT '1','1';
2018-10-30 04:12:16 EXEC SPC_COM_DATA 'quypro','1','1';
2018-10-30 04:12:17 EXEC SPC_WRITING_LST1 '8','quypro','9','10';
2018-10-30 04:12:17 EXEC SPC_COM_DATA 'quypro','1','1';
2018-10-30 04:12:17 EXEC SPC_COMMON_GET_SUGGEST
2018-10-30 04:12:17 EXEC SPC_COM_DATA 'quypro','1','1';
2018-10-30 04:12:17 EXEC SPC_WRITING_LST2 '9','10','quypro';
2018-10-30 04:12:26 EXEC SPC_COM_DATA 'quypro','1','1';
2018-10-30 04:12:26 EXEC SPC_COM_ADD_LESSON '4','9','10','quypro','127.0.0.1';
2018-10-30 04:12:30 EXEC SPC_COM_DATA 'quypro','1','1';
2018-10-30 04:12:30 EXEC SPC_COM_DELETE_LESSON '15','quypro','127.0.0.1';
2018-10-30 04:23:23 EXEC SPC_COM_DATA 'quypro','1','1';
2018-10-30 04:23:23 EXEC SPC_WRITING_LST1 '4','quypro','9','10';
2018-10-30 04:23:23 EXEC SPC_COM_DATA 'quypro','1','1';
2018-10-30 04:23:23 EXEC SPC_COMMON_GET_SUGGEST
2018-10-30 04:23:23 EXEC SPC_COM_DATA 'quypro','1','1';
2018-10-30 04:23:23 EXEC SPC_WRITING_LST2 '9','10','quypro';
2018-10-30 04:23:35 EXEC SPC_COM_DATA 'quypro','1','1';
2018-10-30 04:23:35 EXEC SPC_COM_ADD_LESSON '4','9','10','quypro','127.0.0.1';
2018-10-30 04:23:39 EXEC SPC_COM_DATA 'quypro','1','1';
2018-10-30 04:23:39 EXEC SPC_COM_DELETE_LESSON '16','quypro','127.0.0.1';
2018-10-30 04:24:07 EXEC SPC_COM_DATA 'quypro','1','1';
2018-10-30 04:24:07 EXEC SPC_COM_ADD_LESSON '4','9','10','quypro','127.0.0.1';
2018-10-30 04:24:11 EXEC SPC_COM_DATA 'quypro','1','1';
2018-10-30 04:24:11 EXEC SPC_COM_DELETE_LESSON '17','quypro','127.0.0.1';
2018-10-30 04:44:23 EXEC SPC_COM_DATA 'quypro','1','1';
2018-10-30 04:44:23 EXEC SPC_WRITING_LST1 '4','quypro','9','10';
2018-10-30 04:44:24 EXEC SPC_COM_DATA 'quypro','1','1';
2018-10-30 04:44:24 EXEC SPC_COMMON_GET_SUGGEST
2018-10-30 04:44:24 EXEC SPC_COM_DATA 'quypro','1','1';
2018-10-30 04:44:24 EXEC SPC_WRITING_LST2 '9','10','quypro';
2018-10-30 04:45:18 EXEC SPC_COM_DATA 'quypro','1','1';
2018-10-30 04:45:18 EXEC SPC_WRITING_LST1 '4','quypro','9','10';
2018-10-30 04:45:19 EXEC SPC_COM_DATA 'quypro','1','1';
2018-10-30 04:45:19 EXEC SPC_COMMON_GET_SUGGEST
2018-10-30 04:45:19 EXEC SPC_COM_DATA 'quypro','1','1';
2018-10-30 04:45:19 EXEC SPC_WRITING_LST2 '9','10','quypro';
2018-10-30 04:45:34 EXEC SPC_COM_DATA 'quypro','1','1';
2018-10-30 04:45:34 EXEC SPC_WRITING_LST1 '4','quypro','9','10';
2018-10-30 04:45:35 EXEC SPC_COM_DATA 'quypro','1','1';
2018-10-30 04:45:35 EXEC SPC_COMMON_GET_SUGGEST
2018-10-30 04:45:35 EXEC SPC_COM_DATA 'quypro','1','1';
2018-10-30 04:45:35 EXEC SPC_WRITING_LST2 '9','10','quypro';
2018-10-30 04:45:57 EXEC SPC_COM_DATA 'quypro','1','1';
2018-10-30 04:45:57 EXEC SPC_WRITING_LST1 '4','quypro','9','10';
2018-10-30 04:45:58 EXEC SPC_COM_DATA 'quypro','1','1';
2018-10-30 04:45:58 EXEC SPC_COMMON_GET_SUGGEST
2018-10-30 04:45:58 EXEC SPC_COM_DATA 'quypro','1','1';
2018-10-30 04:45:58 EXEC SPC_WRITING_LST2 '9','10','quypro';
2018-10-30 04:47:06 EXEC SPC_COM_DATA 'quypro','1','1';
2018-10-30 04:47:06 EXEC SPC_WRITING_LST1 '4','quypro','9','10';
2018-10-30 04:47:06 EXEC SPC_COM_DATA 'quypro','1','1';
2018-10-30 04:47:06 EXEC SPC_COMMON_GET_SUGGEST
2018-10-30 04:47:06 EXEC SPC_COM_DATA 'quypro','1','1';
2018-10-30 04:47:06 EXEC SPC_WRITING_LST2 '9','10','quypro';
2018-10-30 04:47:39 EXEC SPC_COM_DATA 'quypro','1','1';
2018-10-30 04:47:39 EXEC SPC_WRITING_LST1 '4','quypro','9','10';
2018-10-30 04:47:39 EXEC SPC_COM_DATA 'quypro','1','1';
2018-10-30 04:47:40 EXEC SPC_COMMON_GET_SUGGEST
2018-10-30 04:47:40 EXEC SPC_COM_DATA 'quypro','1','1';
2018-10-30 04:47:40 EXEC SPC_WRITING_LST2 '9','10','quypro';
2018-10-30 04:47:51 EXEC SPC_COM_DATA 'quypro','1','1';
2018-10-30 04:47:51 EXEC SPC_WRITING_LST1 '4','quypro','9','10';
2018-10-30 04:47:51 EXEC SPC_COM_DATA 'quypro','1','1';
2018-10-30 04:47:51 EXEC SPC_COMMON_GET_SUGGEST
2018-10-30 04:47:51 EXEC SPC_COM_DATA 'quypro','1','1';
2018-10-30 04:47:51 EXEC SPC_WRITING_LST2 '9','10','quypro';
2018-10-30 04:49:02 EXEC SPC_COM_DATA 'quypro','1','1';
2018-10-30 04:49:02 EXEC SPC_WRITING_LST1 '4','quypro','9','10';
2018-10-30 04:49:03 EXEC SPC_COM_DATA 'quypro','1','1';
2018-10-30 04:49:03 EXEC SPC_COMMON_GET_SUGGEST
2018-10-30 04:49:03 EXEC SPC_COM_DATA 'quypro','1','1';
2018-10-30 04:49:03 EXEC SPC_WRITING_LST2 '9','10','quypro';
2018-10-30 04:52:46 EXEC SPC_COM_DATA 'quypro','1','1';
2018-10-30 04:52:46 EXEC SPC_WRITING_LST1 '7','quypro','9','10';
2018-10-30 04:53:08 EXEC SPC_COM_DATA 'quypro','1','1';
2018-10-30 04:53:08 EXEC SPC_WRITING_LST1 '7','quypro','9','10';
2018-10-30 04:53:09 EXEC SPC_COM_DATA 'quypro','1','1';
2018-10-30 04:53:09 EXEC SPC_COMMON_GET_SUGGEST
2018-10-30 04:53:09 EXEC SPC_COM_DATA 'quypro','1','1';
2018-10-30 04:53:09 EXEC SPC_WRITING_LST2 '9','10','quypro';
2018-10-30 04:57:05 EXEC SPC_COM_DATA 'quypro','1','1';
2018-10-30 04:57:05 EXEC SPC_WRITING_LST1 '4','quypro','9','10';
2018-10-30 04:57:06 EXEC SPC_COM_DATA 'quypro','1','1';
2018-10-30 04:57:06 EXEC SPC_COMMON_GET_SUGGEST
2018-10-30 04:57:06 EXEC SPC_COM_DATA 'quypro','1','1';
2018-10-30 04:57:06 EXEC SPC_WRITING_LST2 '9','10','quypro';
2018-10-30 04:57:14 EXEC SPC_COM_DATA 'quypro','1','1';
2018-10-30 04:57:14 EXEC SPC_WRITING_LST1 '7','quypro','9','10';
2018-10-30 04:57:14 EXEC SPC_COM_DATA 'quypro','1','1';
2018-10-30 04:57:14 EXEC SPC_COMMON_GET_SUGGEST
2018-10-30 04:57:14 EXEC SPC_COM_DATA 'quypro','1','1';
2018-10-30 04:57:14 EXEC SPC_WRITING_LST2 '9','10','quypro';
2018-10-30 04:57:32 EXEC SPC_COM_DATA 'quypro','1','1';
2018-10-30 04:57:32 EXEC SPC_WRITING_LST1 '7','quypro','9','10';
2018-10-30 04:57:32 EXEC SPC_COM_DATA 'quypro','1','1';
2018-10-30 04:57:32 EXEC SPC_COMMON_GET_SUGGEST
2018-10-30 04:57:32 EXEC SPC_COM_DATA 'quypro','1','1';
2018-10-30 04:57:32 EXEC SPC_WRITING_LST2 '9','10','quypro';
2018-10-30 05:00:43 EXEC SPC_COM_DATA 'quypro','1','1';
2018-10-30 05:00:43 EXEC SPC_WRITING_LST1 '7','quypro','9','10';
2018-10-30 05:00:44 EXEC SPC_COM_DATA 'quypro','1','1';
2018-10-30 05:00:44 EXEC SPC_COMMON_GET_SUGGEST
2018-10-30 05:00:44 EXEC SPC_COM_DATA 'quypro','1','1';
2018-10-30 05:00:44 EXEC SPC_WRITING_LST2 '9','10','quypro';
2018-10-30 05:01:10 EXEC SPC_COM_DATA 'quypro','1','1';
2018-10-30 05:01:10 EXEC SPC_WRITING_LST1 '7','quypro','9','10';
2018-10-30 05:01:10 EXEC SPC_COM_DATA 'quypro','1','1';
2018-10-30 05:01:10 EXEC SPC_COMMON_GET_SUGGEST
2018-10-30 05:01:10 EXEC SPC_COM_DATA 'quypro','1','1';
2018-10-30 05:01:10 EXEC SPC_WRITING_LST2 '9','10','quypro';
2018-10-30 05:02:44 EXEC SPC_COM_DATA 'quypro','1','1';
2018-10-30 05:02:44 EXEC SPC_WRITING_LST1 '7','quypro','9','10';
2018-10-30 05:02:44 EXEC SPC_COM_DATA 'quypro','1','1';
2018-10-30 05:02:45 EXEC SPC_COMMON_GET_SUGGEST
2018-10-30 05:02:45 EXEC SPC_COM_DATA 'quypro','1','1';
2018-10-30 05:02:45 EXEC SPC_WRITING_LST2 '9','10','quypro';
2018-10-30 05:03:23 EXEC SPC_COM_DATA 'quypro','1','1';
2018-10-30 05:03:23 EXEC SPC_WRITING_LST1 '7','quypro','9','10';
2018-10-30 05:03:23 EXEC SPC_COM_DATA 'quypro','1','1';
2018-10-30 05:03:23 EXEC SPC_COMMON_GET_SUGGEST
2018-10-30 05:03:23 EXEC SPC_COM_DATA 'quypro','1','1';
2018-10-30 05:03:24 EXEC SPC_WRITING_LST2 '9','10','quypro';
2018-10-30 05:03:49 EXEC SPC_COM_DATA 'quypro','1','1';
2018-10-30 05:03:49 EXEC SPC_WRITING_LST1 '7','quypro','9','10';
2018-10-30 05:03:50 EXEC SPC_COM_DATA 'quypro','1','1';
2018-10-30 05:03:50 EXEC SPC_COMMON_GET_SUGGEST
2018-10-30 05:03:50 EXEC SPC_COM_DATA 'quypro','1','1';
2018-10-30 05:03:50 EXEC SPC_WRITING_LST2 '9','10','quypro';
2018-10-30 05:04:27 EXEC SPC_COM_DATA 'quypro','1','1';
2018-10-30 05:04:27 EXEC SPC_WRITING_LST1 '7','quypro','9','10';
2018-10-30 05:04:27 EXEC SPC_COM_DATA 'quypro','1','1';
2018-10-30 05:04:27 EXEC SPC_COMMON_GET_SUGGEST
2018-10-30 05:04:27 EXEC SPC_COM_DATA 'quypro','1','1';
2018-10-30 05:04:27 EXEC SPC_WRITING_LST2 '9','10','quypro';
2018-10-30 05:05:15 EXEC SPC_COM_DATA 'quypro','1','1';
2018-10-30 05:05:15 EXEC SPC_WRITING_LST1 '8','quypro','9','10';
2018-10-30 05:05:16 EXEC SPC_COM_DATA 'quypro','1','1';
2018-10-30 05:05:16 EXEC SPC_COMMON_GET_SUGGEST
2018-10-30 05:05:16 EXEC SPC_COM_DATA 'quypro','1','1';
2018-10-30 05:05:16 EXEC SPC_WRITING_LST2 '9','10','quypro';
2018-10-30 05:05:44 EXEC SPC_COM_DATA 'quypro','1','1';
2018-10-30 05:05:44 EXEC SPC_WRITING_LST1 '8','quypro','9','10';
2018-10-30 05:05:44 EXEC SPC_COM_DATA 'quypro','1','1';
2018-10-30 05:05:44 EXEC SPC_COMMON_GET_SUGGEST
2018-10-30 05:05:44 EXEC SPC_COM_DATA 'quypro','1','1';
2018-10-30 05:05:44 EXEC SPC_WRITING_LST2 '9','10','quypro';
2018-10-30 05:06:14 EXEC SPC_COM_DATA 'quypro','1','1';
2018-10-30 05:06:14 EXEC SPC_WRITING_LST1 '8','quypro','9','10';
2018-10-30 05:06:14 EXEC SPC_COM_DATA 'quypro','1','1';
2018-10-30 05:06:14 EXEC SPC_COMMON_GET_SUGGEST
2018-10-30 05:06:14 EXEC SPC_COM_DATA 'quypro','1','1';
2018-10-30 05:06:14 EXEC SPC_WRITING_LST2 '9','10','quypro';
2018-10-30 05:08:15 EXEC SPC_COM_DATA 'quypro','1','1';
2018-10-30 05:08:15 EXEC SPC_WRITING_LST1 '8','quypro','9','10';
2018-10-30 05:08:15 EXEC SPC_COM_DATA 'quypro','1','1';
2018-10-30 05:08:15 EXEC SPC_COMMON_GET_SUGGEST
2018-10-30 05:08:15 EXEC SPC_COM_DATA 'quypro','1','1';
2018-10-30 05:08:15 EXEC SPC_WRITING_LST2 '9','10','quypro';
2018-10-30 05:11:05 EXEC SPC_COM_DATA 'quypro','1','1';
2018-10-30 05:11:06 EXEC SPC_WRITING_LST1 '8','quypro','9','10';
2018-10-30 05:11:06 EXEC SPC_COM_DATA 'quypro','1','1';
2018-10-30 05:11:06 EXEC SPC_COMMON_GET_SUGGEST
2018-10-30 05:11:06 EXEC SPC_COM_DATA 'quypro','1','1';
2018-10-30 05:11:06 EXEC SPC_WRITING_LST2 '9','10','quypro';
2018-10-30 05:15:34 EXEC SPC_COM_DATA 'quypro','1','1';
2018-10-30 05:15:34 EXEC SPC_WRITING_LST1 '8','quypro','9','10';
2018-10-30 05:15:35 EXEC SPC_COM_DATA 'quypro','1','1';
2018-10-30 05:15:35 EXEC SPC_COMMON_GET_SUGGEST
2018-10-30 05:15:35 EXEC SPC_COM_DATA 'quypro','1','1';
2018-10-30 05:15:35 EXEC SPC_WRITING_LST2 '9','10','quypro';
2018-10-30 05:18:40 EXEC SPC_COM_DATA 'quypro','1','1';
2018-10-30 05:18:40 EXEC SPC_WRITING_LST1 '8','quypro','9','10';
2018-10-30 05:18:41 EXEC SPC_COM_DATA 'quypro','1','1';
2018-10-30 05:18:41 EXEC SPC_COMMON_GET_SUGGEST
2018-10-30 05:18:41 EXEC SPC_COM_DATA 'quypro','1','1';
2018-10-30 05:18:41 EXEC SPC_WRITING_LST2 '9','10','quypro';
2018-10-30 05:19:10 EXEC SPC_COM_DATA 'quypro','1','1';
2018-10-30 05:19:11 EXEC SPC_WRITING_LST1 '8','quypro','9','10';
2018-10-30 05:19:11 EXEC SPC_COM_DATA 'quypro','1','1';
2018-10-30 05:19:11 EXEC SPC_COMMON_GET_SUGGEST
2018-10-30 05:19:11 EXEC SPC_COM_DATA 'quypro','1','1';
2018-10-30 05:19:11 EXEC SPC_WRITING_LST2 '9','10','quypro';
2018-10-30 05:19:52 EXEC SPC_COM_PERMISSION '1','2','w002';
2018-10-30 05:19:52 EXEC SPC_COM_MENU '1';
2018-10-30 05:19:52 EXEC SPC_W002_FND1
2018-10-30 05:19:54 EXEC SPC_COM_MENU '1';
2018-10-30 05:19:54 EXEC SPC_W002_LST1 '17';
2018-10-30 05:19:57 EXEC SPC_COM_MENU '1';
2018-10-30 05:19:57 EXEC SPC_W002_LST2 '1';
2018-10-30 05:21:13 EXEC SPC_COM_DATA 'quypro','1','1';
2018-10-30 05:21:13 EXEC SPC_WRITING_LST1 '8','quypro','9','10';
2018-10-30 05:21:14 EXEC SPC_COM_DATA 'quypro','1','1';
2018-10-30 05:21:14 EXEC SPC_COMMON_GET_SUGGEST
2018-10-30 05:21:14 EXEC SPC_COM_DATA 'quypro','1','1';
2018-10-30 05:21:14 EXEC SPC_WRITING_LST2 '9','10','quypro';
2018-10-30 05:23:10 EXEC SPC_COM_DATA 'quypro','1','1';
2018-10-30 05:23:10 EXEC SPC_WRITING_LST1 '8','quypro','9','10';
2018-10-30 05:23:11 EXEC SPC_COM_DATA 'quypro','1','1';
2018-10-30 05:23:11 EXEC SPC_COMMON_GET_SUGGEST
2018-10-30 05:23:11 EXEC SPC_COM_DATA 'quypro','1','1';
2018-10-30 05:23:11 EXEC SPC_WRITING_LST2 '9','10','quypro';
2018-10-30 05:23:40 EXEC SPC_COM_DATA 'quypro','1','1';
2018-10-30 05:23:40 EXEC SPC_WRITING_LST1 '8','quypro','9','10';
2018-10-30 05:23:41 EXEC SPC_COM_DATA 'quypro','1','1';
2018-10-30 05:23:41 EXEC SPC_COMMON_GET_SUGGEST
2018-10-30 05:23:41 EXEC SPC_COM_DATA 'quypro','1','1';
2018-10-30 05:23:41 EXEC SPC_WRITING_LST2 '9','10','quypro';
2018-10-30 05:24:42 EXEC SPC_COM_DATA 'quypro','1','1';
2018-10-30 05:24:42 EXEC SPC_WRITING_LST1 '8','quypro','9','10';
2018-10-30 05:24:43 EXEC SPC_COM_DATA 'quypro','1','1';
2018-10-30 05:24:43 EXEC SPC_COMMON_GET_SUGGEST
2018-10-30 05:24:43 EXEC SPC_COM_DATA 'quypro','1','1';
2018-10-30 05:24:43 EXEC SPC_WRITING_LST2 '9','10','quypro';
2018-10-30 05:25:14 EXEC SPC_COM_DATA 'quypro','1','1';
2018-10-30 05:25:14 EXEC SPC_WRITING_LST1 '8','quypro','9','10';
2018-10-30 05:25:14 EXEC SPC_COM_DATA 'quypro','1','1';
2018-10-30 05:25:14 EXEC SPC_COMMON_GET_SUGGEST
2018-10-30 05:25:15 EXEC SPC_COM_DATA 'quypro','1','1';
2018-10-30 05:25:15 EXEC SPC_WRITING_LST2 '9','10','quypro';
2018-10-30 05:26:02 EXEC SPC_COM_DATA 'quypro','1','1';
2018-10-30 05:26:02 EXEC SPC_WRITING_LST1 '8','quypro','9','10';
2018-10-30 05:26:02 EXEC SPC_COM_DATA 'quypro','1','1';
2018-10-30 05:26:02 EXEC SPC_COMMON_GET_SUGGEST
2018-10-30 05:26:02 EXEC SPC_COM_DATA 'quypro','1','1';
2018-10-30 05:26:02 EXEC SPC_WRITING_LST2 '9','10','quypro';
2018-10-30 05:27:25 EXEC SPC_COM_DATA 'quypro','1','1';
2018-10-30 05:27:25 EXEC SPC_WRITING_LST1 '8','quypro','9','10';
2018-10-30 05:27:25 EXEC SPC_COM_DATA 'quypro','1','1';
2018-10-30 05:27:25 EXEC SPC_COMMON_GET_SUGGEST
2018-10-30 05:27:25 EXEC SPC_COM_DATA 'quypro','1','1';
2018-10-30 05:27:25 EXEC SPC_WRITING_LST2 '9','10','quypro';
2018-10-30 05:29:59 EXEC SPC_COM_DATA 'quypro','1','1';
2018-10-30 05:29:59 EXEC SPC_WRITING_LST1 '8','quypro','9','10';
2018-10-30 05:30:00 EXEC SPC_COM_DATA 'quypro','1','1';
2018-10-30 05:30:00 EXEC SPC_COMMON_GET_SUGGEST
2018-10-30 05:30:00 EXEC SPC_COM_DATA 'quypro','1','1';
2018-10-30 05:30:00 EXEC SPC_WRITING_LST2 '9','10','quypro';
2018-10-30 05:31:13 EXEC SPC_COM_DATA 'quypro','1','1';
2018-10-30 05:31:13 EXEC SPC_WRITING_LST1 '8','quypro','9','10';
2018-10-30 05:31:14 EXEC SPC_COM_DATA 'quypro','1','1';
2018-10-30 05:31:14 EXEC SPC_COMMON_GET_SUGGEST
2018-10-30 05:31:14 EXEC SPC_COM_DATA 'quypro','1','1';
2018-10-30 05:31:14 EXEC SPC_WRITING_LST2 '9','10','quypro';
2018-10-30 05:31:31 EXEC SPC_COM_DATA 'quypro','1','1';
2018-10-30 05:31:31 EXEC SPC_WRITING_LST1 '8','quypro','9','10';
2018-10-30 05:31:31 EXEC SPC_COM_DATA 'quypro','1','1';
2018-10-30 05:31:31 EXEC SPC_COMMON_GET_SUGGEST
2018-10-30 05:31:31 EXEC SPC_COM_DATA 'quypro','1','1';
2018-10-30 05:31:31 EXEC SPC_WRITING_LST2 '9','10','quypro';
2018-10-30 05:31:54 EXEC SPC_COM_DATA 'quypro','1','1';
2018-10-30 05:31:54 EXEC SPC_WRITING_LST1 '8','quypro','9','10';
2018-10-30 05:31:55 EXEC SPC_COM_DATA 'quypro','1','1';
2018-10-30 05:31:55 EXEC SPC_COMMON_GET_SUGGEST
2018-10-30 05:31:55 EXEC SPC_COM_DATA 'quypro','1','1';
2018-10-30 05:31:55 EXEC SPC_WRITING_LST2 '9','10','quypro';
2018-10-30 05:32:39 EXEC SPC_COM_DATA 'quypro','1','1';
2018-10-30 05:32:39 EXEC SPC_WRITING_LST1 '8','quypro','9','10';
2018-10-30 05:32:39 EXEC SPC_COM_DATA 'quypro','1','1';
2018-10-30 05:32:39 EXEC SPC_COMMON_GET_SUGGEST
2018-10-30 05:32:39 EXEC SPC_COM_DATA 'quypro','1','1';
2018-10-30 05:32:39 EXEC SPC_WRITING_LST2 '9','10','quypro';
2018-10-30 05:32:56 EXEC SPC_COM_DATA 'quypro','1','1';
2018-10-30 05:32:56 EXEC SPC_WRITING_LST1 '8','quypro','9','10';
2018-10-30 05:32:56 EXEC SPC_COM_DATA 'quypro','1','1';
2018-10-30 05:32:56 EXEC SPC_COMMON_GET_SUGGEST
2018-10-30 05:32:56 EXEC SPC_COM_DATA 'quypro','1','1';
2018-10-30 05:32:56 EXEC SPC_WRITING_LST2 '9','10','quypro';
2018-10-30 05:33:15 EXEC SPC_COM_DATA 'quypro','1','1';
2018-10-30 05:33:15 EXEC SPC_WRITING_LST1 '8','quypro','9','10';
2018-10-30 05:33:15 EXEC SPC_COM_DATA 'quypro','1','1';
2018-10-30 05:33:15 EXEC SPC_COMMON_GET_SUGGEST
2018-10-30 05:33:15 EXEC SPC_COM_DATA 'quypro','1','1';
2018-10-30 05:33:15 EXEC SPC_WRITING_LST2 '9','10','quypro';
2018-10-30 05:34:15 EXEC SPC_COM_DATA 'quypro','1','1';
2018-10-30 05:34:15 EXEC SPC_WRITING_LST1 '8','quypro','9','10';
2018-10-30 05:34:16 EXEC SPC_COM_DATA 'quypro','1','1';
2018-10-30 05:34:16 EXEC SPC_COMMON_GET_SUGGEST
2018-10-30 05:34:16 EXEC SPC_COM_DATA 'quypro','1','1';
2018-10-30 05:34:16 EXEC SPC_WRITING_LST2 '9','10','quypro';
2018-10-30 05:34:27 EXEC SPC_COM_DATA 'quypro','1','1';
2018-10-30 05:34:27 EXEC SPC_WRITING_LST1 '8','quypro','9','10';
2018-10-30 05:34:27 EXEC SPC_COM_DATA 'quypro','1','1';
2018-10-30 05:34:27 EXEC SPC_COMMON_GET_SUGGEST
2018-10-30 05:34:27 EXEC SPC_COM_DATA 'quypro','1','1';
2018-10-30 05:34:27 EXEC SPC_WRITING_LST2 '9','10','quypro';
2018-10-30 05:34:52 EXEC SPC_COM_DATA 'quypro','1','1';
2018-10-30 05:34:52 EXEC SPC_WRITING_LST1 '8','quypro','9','10';
2018-10-30 05:34:53 EXEC SPC_COM_DATA 'quypro','1','1';
2018-10-30 05:34:53 EXEC SPC_COMMON_GET_SUGGEST
2018-10-30 05:34:53 EXEC SPC_COM_DATA 'quypro','1','1';
2018-10-30 05:34:53 EXEC SPC_WRITING_LST2 '9','10','quypro';
2018-10-30 05:35:32 EXEC SPC_COM_DATA 'quypro','1','1';
2018-10-30 05:35:32 EXEC SPC_WRITING_LST1 '8','quypro','9','10';
2018-10-30 05:35:33 EXEC SPC_COM_DATA 'quypro','1','1';
2018-10-30 05:35:33 EXEC SPC_COMMON_GET_SUGGEST
2018-10-30 05:35:33 EXEC SPC_COM_DATA 'quypro','1','1';
2018-10-30 05:35:33 EXEC SPC_WRITING_LST2 '9','10','quypro';
2018-10-30 05:39:00 EXEC SPC_COM_DATA 'quypro','1','1';
2018-10-30 05:39:00 EXEC SPC_WRITING_LST1 '8','quypro','9','10';
2018-10-30 05:39:01 EXEC SPC_COM_DATA 'quypro','1','1';
2018-10-30 05:39:01 EXEC SPC_COMMON_GET_SUGGEST
2018-10-30 05:39:01 EXEC SPC_COM_DATA 'quypro','1','1';
2018-10-30 05:39:01 EXEC SPC_WRITING_LST2 '9','10','quypro';
2018-10-30 05:39:44 EXEC SPC_COM_DATA 'quypro','1','1';
2018-10-30 05:39:44 EXEC SPC_WRITING_LST1 '8','quypro','9','10';
2018-10-30 05:39:45 EXEC SPC_COM_DATA 'quypro','1','1';
2018-10-30 05:39:45 EXEC SPC_COMMON_GET_SUGGEST
2018-10-30 05:39:45 EXEC SPC_COM_DATA 'quypro','1','1';
2018-10-30 05:39:45 EXEC SPC_WRITING_LST2 '9','10','quypro';
2018-10-30 05:40:38 EXEC SPC_COM_DATA 'quypro','1','1';
2018-10-30 05:40:38 EXEC SPC_WRITING_LST1 '8','quypro','9','10';
2018-10-30 05:40:38 EXEC SPC_COM_DATA 'quypro','1','1';
2018-10-30 05:40:38 EXEC SPC_COMMON_GET_SUGGEST
2018-10-30 05:40:39 EXEC SPC_COM_DATA 'quypro','1','1';
2018-10-30 05:40:39 EXEC SPC_WRITING_LST2 '9','10','quypro';
2018-10-30 05:41:19 EXEC SPC_COM_DATA 'quypro','1','1';
2018-10-30 05:41:19 EXEC SPC_WRITING_LST1 '8','quypro','9','10';
2018-10-30 05:41:20 EXEC SPC_COM_DATA 'quypro','1','1';
2018-10-30 05:41:20 EXEC SPC_COMMON_GET_SUGGEST
2018-10-30 05:41:20 EXEC SPC_COM_DATA 'quypro','1','1';
2018-10-30 05:41:20 EXEC SPC_WRITING_LST2 '9','10','quypro';
2018-10-30 05:42:00 EXEC SPC_COM_DATA 'quypro','1','1';
2018-10-30 05:42:00 EXEC SPC_WRITING_LST1 '8','quypro','9','10';
2018-10-30 05:42:00 EXEC SPC_COM_DATA 'quypro','1','1';
2018-10-30 05:42:00 EXEC SPC_COMMON_GET_SUGGEST
2018-10-30 05:42:00 EXEC SPC_COM_DATA 'quypro','1','1';
2018-10-30 05:42:00 EXEC SPC_WRITING_LST2 '9','10','quypro';
2018-10-30 05:42:12 EXEC SPC_COM_DATA 'quypro','1','1';
2018-10-30 05:42:12 EXEC SPC_WRITING_LST1 '8','quypro','9','10';
2018-10-30 05:42:13 EXEC SPC_COM_DATA 'quypro','1','1';
2018-10-30 05:42:13 EXEC SPC_COMMON_GET_SUGGEST
2018-10-30 05:42:13 EXEC SPC_COM_DATA 'quypro','1','1';
2018-10-30 05:42:13 EXEC SPC_WRITING_LST2 '9','10','quypro';
2018-10-30 05:42:28 EXEC SPC_COM_DATA 'quypro','1','1';
2018-10-30 05:42:28 EXEC SPC_WRITING_LST1 '8','quypro','9','10';
2018-10-30 05:42:28 EXEC SPC_COM_DATA 'quypro','1','1';
2018-10-30 05:42:28 EXEC SPC_COMMON_GET_SUGGEST
2018-10-30 05:42:28 EXEC SPC_COM_DATA 'quypro','1','1';
2018-10-30 05:42:28 EXEC SPC_WRITING_LST2 '9','10','quypro';
2018-10-30 05:43:49 EXEC SPC_COM_DATA 'quypro','1','1';
2018-10-30 05:43:49 EXEC SPC_WRITING_LST1 '8','quypro','9','10';
2018-10-30 05:43:49 EXEC SPC_COM_DATA 'quypro','1','1';
2018-10-30 05:43:49 EXEC SPC_COMMON_GET_SUGGEST
2018-10-30 05:43:50 EXEC SPC_COM_DATA 'quypro','1','1';
2018-10-30 05:43:50 EXEC SPC_WRITING_LST2 '9','10','quypro';
2018-10-30 05:44:59 EXEC SPC_COM_DATA 'quypro','1','1';
2018-10-30 05:44:59 EXEC SPC_WRITING_LST1 '8','quypro','9','10';
2018-10-30 05:45:00 EXEC SPC_COM_DATA 'quypro','1','1';
2018-10-30 05:45:00 EXEC SPC_COMMON_GET_SUGGEST
2018-10-30 05:45:00 EXEC SPC_COM_DATA 'quypro','1','1';
2018-10-30 05:45:00 EXEC SPC_WRITING_LST2 '9','10','quypro';
2018-10-30 05:49:00 EXEC SPC_COM_DATA 'quypro','1','1';
2018-10-30 05:49:00 EXEC SPC_WRITING_LST1 '8','quypro','9','10';
2018-10-30 05:49:00 EXEC SPC_COM_DATA 'quypro','1','1';
2018-10-30 05:49:00 EXEC SPC_COMMON_GET_SUGGEST
2018-10-30 05:49:00 EXEC SPC_COM_DATA 'quypro','1','1';
2018-10-30 05:49:00 EXEC SPC_WRITING_LST2 '9','10','quypro';
2018-10-30 05:56:25 EXEC SPC_COM_PERMISSION '1','2','w002';
2018-10-30 05:56:25 EXEC SPC_COM_MENU '1';
2018-10-30 05:56:25 EXEC SPC_W002_FND1
2018-10-30 05:56:27 EXEC SPC_COM_MENU '1';
2018-10-30 05:56:27 EXEC SPC_W002_LST1 '17';
2018-10-30 05:56:30 EXEC SPC_COM_MENU '1';
2018-10-30 05:56:30 EXEC SPC_W002_LST2 '1';
2018-10-30 05:56:32 EXEC SPC_COM_MENU '1';
2018-10-30 05:56:32 EXEC SPC_COM_M999_INQ1 '8';
2018-10-30 05:56:33 EXEC SPC_COM_MENU '1';
2018-10-30 05:56:33 EXEC SPC_p003_LST1 '','','','50';
2018-10-30 05:58:16 EXEC SPC_COM_MENU '1';
2018-10-30 05:58:16 EXEC SPC_COM_M999_INQ1 '8';
2018-10-30 05:58:16 EXEC SPC_COM_MENU '1';
2018-10-30 05:58:16 EXEC SPC_p003_LST1 '','','','50';
2018-10-30 06:04:30 EXEC SPC_COM_DATA 'quypro','1','1';
2018-10-30 06:04:30 EXEC SPC_WRITING_LST1 '8','quypro','9','10';
2018-10-30 06:04:31 EXEC SPC_COM_DATA 'quypro','1','1';
2018-10-30 06:04:31 EXEC SPC_COMMON_GET_SUGGEST
2018-10-30 06:04:31 EXEC SPC_COM_DATA 'quypro','1','1';
2018-10-30 06:04:31 EXEC SPC_WRITING_LST2 '9','10','quypro';
2018-10-30 06:04:51 EXEC SPC_COM_DATA 'quypro','1','1';
2018-10-30 06:04:51 EXEC SPC_WRITING_LST1 '8','quypro','9','10';
2018-10-30 06:04:51 EXEC SPC_COM_DATA 'quypro','1','1';
2018-10-30 06:04:51 EXEC SPC_COMMON_GET_SUGGEST
2018-10-30 06:04:51 EXEC SPC_COM_DATA 'quypro','1','1';
2018-10-30 06:04:51 EXEC SPC_WRITING_LST2 '9','10','quypro';
2018-10-30 06:05:14 EXEC SPC_COM_DATA 'quypro','1','1';
2018-10-30 06:05:14 EXEC SPC_WRITING_LST1 '8','quypro','9','10';
2018-10-30 06:05:14 EXEC SPC_COM_DATA 'quypro','1','1';
2018-10-30 06:05:14 EXEC SPC_COMMON_GET_SUGGEST
2018-10-30 06:05:14 EXEC SPC_COM_DATA 'quypro','1','1';
2018-10-30 06:05:14 EXEC SPC_WRITING_LST2 '9','10','quypro';
2018-10-30 06:07:19 EXEC SPC_COM_DATA 'quypro','1','1';
2018-10-30 06:07:19 EXEC SPC_WRITING_LST1 '8','quypro','9','10';
2018-10-30 06:07:20 EXEC SPC_COM_DATA 'quypro','1','1';
2018-10-30 06:07:20 EXEC SPC_COMMON_GET_SUGGEST
2018-10-30 06:07:20 EXEC SPC_COM_DATA 'quypro','1','1';
2018-10-30 06:07:20 EXEC SPC_WRITING_LST2 '9','10','quypro';
2018-10-30 06:07:28 EXEC SPC_COM_DATA 'quypro','1','1';
2018-10-30 06:07:28 EXEC SPC_WRITING_LST1 '8','quypro','9','10';
2018-10-30 06:07:28 EXEC SPC_COM_DATA 'quypro','1','1';
2018-10-30 06:07:28 EXEC SPC_COMMON_GET_SUGGEST
2018-10-30 06:07:28 EXEC SPC_COM_DATA 'quypro','1','1';
2018-10-30 06:07:28 EXEC SPC_WRITING_LST2 '9','10','quypro';
2018-10-30 06:08:53 EXEC SPC_COM_DATA 'quypro','1','1';
2018-10-30 06:08:53 EXEC SPC_WRITING_LST1 '8','quypro','9','10';
2018-10-30 06:08:53 EXEC SPC_COM_DATA 'quypro','1','1';
2018-10-30 06:08:53 EXEC SPC_COMMON_GET_SUGGEST
2018-10-30 06:08:53 EXEC SPC_COM_DATA 'quypro','1','1';
2018-10-30 06:08:53 EXEC SPC_WRITING_LST2 '9','10','quypro';
2018-10-30 06:09:35 EXEC SPC_COM_DATA 'quypro','1','1';
2018-10-30 06:09:35 EXEC SPC_WRITING_LST1 '8','quypro','9','10';
2018-10-30 06:09:36 EXEC SPC_COM_DATA 'quypro','1','1';
2018-10-30 06:09:36 EXEC SPC_COMMON_GET_SUGGEST
2018-10-30 06:09:36 EXEC SPC_COM_DATA 'quypro','1','1';
2018-10-30 06:09:36 EXEC SPC_WRITING_LST2 '9','10','quypro';
2018-10-30 06:10:11 EXEC SPC_COM_DATA 'quypro','1','1';
2018-10-30 06:10:11 EXEC SPC_WRITING_LST1 '8','quypro','9','10';
2018-10-30 06:10:11 EXEC SPC_COM_DATA 'quypro','1','1';
2018-10-30 06:10:11 EXEC SPC_COMMON_GET_SUGGEST
2018-10-30 06:10:11 EXEC SPC_COM_DATA 'quypro','1','1';
2018-10-30 06:10:11 EXEC SPC_WRITING_LST2 '9','10','quypro';
2018-10-30 06:11:04 EXEC SPC_COM_MENU '1';
2018-10-30 06:11:04 EXEC SPC_COM_M999_INQ1 '8';
2018-10-30 06:11:04 EXEC SPC_COM_MENU '1';
2018-10-30 06:11:04 EXEC SPC_p003_LST1 '','','','50';
2018-10-30 06:12:11 EXEC SPC_COM_MENU '1';
2018-10-30 06:12:11 EXEC SPC_COM_M999_INQ1 '8';
2018-10-30 06:12:12 EXEC SPC_COM_MENU '1';
2018-10-30 06:12:12 EXEC SPC_p003_LST1 '','','','50';
2018-10-30 06:19:41 EXEC SPC_COM_DATA 'quypro','1','1';
2018-10-30 06:19:41 EXEC SPC_WRITING_LST1 '8','quypro','9','10';
2018-10-30 06:20:20 EXEC SPC_COM_DATA 'quypro','1','1';
2018-10-30 06:20:20 EXEC SPC_WRITING_LST1 '8','quypro','9','10';
2018-10-30 06:20:21 EXEC SPC_COM_DATA 'quypro','1','1';
2018-10-30 06:20:21 EXEC SPC_COMMON_GET_SUGGEST
2018-10-30 06:20:21 EXEC SPC_COM_DATA 'quypro','1','1';
2018-10-30 06:20:21 EXEC SPC_WRITING_LST2 '9','10','quypro';
2018-10-30 06:20:55 EXEC SPC_COM_DATA 'quypro','1','1';
2018-10-30 06:20:55 EXEC SPC_WRITING_LST1 '8','quypro','9','10';
2018-10-30 06:20:55 EXEC SPC_COM_DATA 'quypro','1','1';
2018-10-30 06:20:55 EXEC SPC_COMMON_GET_SUGGEST
2018-10-30 06:20:55 EXEC SPC_COM_DATA 'quypro','1','1';
2018-10-30 06:20:55 EXEC SPC_WRITING_LST2 '9','10','quypro';
2018-10-30 06:21:34 EXEC SPC_COM_DATA 'quypro','1','1';
2018-10-30 06:21:34 EXEC SPC_WRITING_LST1 '8','quypro','9','10';
2018-10-30 06:21:35 EXEC SPC_COM_DATA 'quypro','1','1';
2018-10-30 06:21:35 EXEC SPC_COMMON_GET_SUGGEST
2018-10-30 06:21:35 EXEC SPC_COM_DATA 'quypro','1','1';
2018-10-30 06:21:35 EXEC SPC_WRITING_LST2 '9','10','quypro';
2018-10-30 06:21:59 EXEC SPC_COM_DATA 'quypro','1','1';
2018-10-30 06:21:59 EXEC SPC_WRITING_LST1 '8','quypro','9','10';
2018-10-30 06:21:59 EXEC SPC_COM_DATA 'quypro','1','1';
2018-10-30 06:21:59 EXEC SPC_COMMON_GET_SUGGEST
2018-10-30 06:21:59 EXEC SPC_COM_DATA 'quypro','1','1';
2018-10-30 06:21:59 EXEC SPC_WRITING_LST2 '9','10','quypro';
2018-10-30 06:22:12 EXEC SPC_COM_DATA 'quypro','1','1';
2018-10-30 06:22:12 EXEC SPC_WRITING_LST1 '8','quypro','9','10';
2018-10-30 06:22:12 EXEC SPC_COM_DATA 'quypro','1','1';
2018-10-30 06:22:12 EXEC SPC_COMMON_GET_SUGGEST
2018-10-30 06:22:12 EXEC SPC_COM_DATA 'quypro','1','1';
2018-10-30 06:22:12 EXEC SPC_WRITING_LST2 '9','10','quypro';
2018-10-30 06:22:58 EXEC SPC_COM_DATA 'quypro','1','1';
2018-10-30 06:22:58 EXEC SPC_WRITING_LST1 '8','quypro','9','10';
2018-10-30 06:22:58 EXEC SPC_COM_DATA 'quypro','1','1';
2018-10-30 06:22:58 EXEC SPC_COMMON_GET_SUGGEST
2018-10-30 06:22:58 EXEC SPC_COM_DATA 'quypro','1','1';
2018-10-30 06:22:58 EXEC SPC_WRITING_LST2 '9','10','quypro';
2018-10-30 06:23:16 EXEC SPC_COM_DATA 'quypro','1','1';
2018-10-30 06:23:16 EXEC SPC_WRITING_LST1 '8','quypro','9','10';
2018-10-30 06:23:16 EXEC SPC_COM_DATA 'quypro','1','1';
2018-10-30 06:23:16 EXEC SPC_COMMON_GET_SUGGEST
2018-10-30 06:23:16 EXEC SPC_COM_DATA 'quypro','1','1';
2018-10-30 06:23:16 EXEC SPC_WRITING_LST2 '9','10','quypro';
2018-10-30 06:24:19 EXEC SPC_COM_DATA 'quypro','1','1';
2018-10-30 06:24:20 EXEC SPC_WRITING_LST1 '8','quypro','9','10';
2018-10-30 06:24:20 EXEC SPC_COM_DATA 'quypro','1','1';
2018-10-30 06:24:20 EXEC SPC_COMMON_GET_SUGGEST
2018-10-30 06:24:20 EXEC SPC_COM_DATA 'quypro','1','1';
2018-10-30 06:24:20 EXEC SPC_WRITING_LST2 '9','10','quypro';
2018-10-30 06:24:56 EXEC SPC_COM_DATA 'quypro','1','1';
2018-10-30 06:24:56 EXEC SPC_WRITING_LST1 '8','quypro','9','10';
2018-10-30 06:24:57 EXEC SPC_COM_DATA 'quypro','1','1';
2018-10-30 06:24:57 EXEC SPC_COMMON_GET_SUGGEST
2018-10-30 06:24:57 EXEC SPC_COM_DATA 'quypro','1','1';
2018-10-30 06:24:57 EXEC SPC_WRITING_LST2 '9','10','quypro';
2018-10-30 06:26:45 EXEC SPC_COM_DATA 'quypro','1','1';
2018-10-30 06:26:45 EXEC SPC_WRITING_LST1 '8','quypro','9','10';
2018-10-30 06:26:45 EXEC SPC_COM_DATA 'quypro','1','1';
2018-10-30 06:26:45 EXEC SPC_COMMON_GET_SUGGEST
2018-10-30 06:26:45 EXEC SPC_COM_DATA 'quypro','1','1';
2018-10-30 06:26:45 EXEC SPC_WRITING_LST2 '9','10','quypro';
2018-10-30 06:27:16 EXEC SPC_COM_DATA 'quypro','1','1';
2018-10-30 06:27:16 EXEC SPC_WRITING_LST1 '8','quypro','9','10';
2018-10-30 06:27:16 EXEC SPC_COM_DATA 'quypro','1','1';
2018-10-30 06:27:16 EXEC SPC_COMMON_GET_SUGGEST
2018-10-30 06:27:16 EXEC SPC_COM_DATA 'quypro','1','1';
2018-10-30 06:27:16 EXEC SPC_WRITING_LST2 '9','10','quypro';
2018-10-30 06:32:10 EXEC SPC_COM_DATA 'quypro','1','1';
2018-10-30 06:32:10 EXEC SPC_WRITING_LST1 '8','quypro','9','10';
2018-10-30 06:32:10 EXEC SPC_COM_DATA 'quypro','1','1';
2018-10-30 06:32:10 EXEC SPC_COMMON_GET_SUGGEST
2018-10-30 06:32:20 EXEC SPC_COM_DATA 'quypro','1','1';
2018-10-30 06:32:20 EXEC SPC_WRITING_LST1 '8','quypro','9','10';
2018-10-30 06:32:20 EXEC SPC_COM_DATA 'quypro','1','1';
2018-10-30 06:32:20 EXEC SPC_COMMON_GET_SUGGEST
2018-10-30 06:34:26 EXEC SPC_COM_DATA 'quypro','1','1';
2018-10-30 06:34:26 EXEC SPC_WRITING_LST1 '8','quypro','9','10';
2018-10-30 06:34:27 EXEC SPC_COM_DATA 'quypro','1','1';
2018-10-30 06:34:27 EXEC SPC_COMMON_GET_SUGGEST
2018-10-30 06:34:27 EXEC SPC_COM_DATA 'quypro','1','1';
2018-10-30 06:34:27 EXEC SPC_WRITING_LST2 '9','10','quypro';
2018-10-30 06:35:03 EXEC SPC_COM_DATA 'quypro','1','1';
2018-10-30 06:35:03 EXEC SPC_WRITING_LST1 '8','quypro','9','10';
2018-10-30 06:35:03 EXEC SPC_COM_DATA 'quypro','1','1';
2018-10-30 06:35:03 EXEC SPC_COMMON_GET_SUGGEST
2018-10-30 06:35:03 EXEC SPC_COM_DATA 'quypro','1','1';
2018-10-30 06:35:03 EXEC SPC_WRITING_LST2 '9','10','quypro';
2018-10-30 06:35:21 EXEC SPC_COM_DATA 'quypro','1','1';
2018-10-30 06:35:21 EXEC SPC_WRITING_LST1 '8','quypro','9','10';
2018-10-30 06:35:21 EXEC SPC_COM_DATA 'quypro','1','1';
2018-10-30 06:35:21 EXEC SPC_COMMON_GET_SUGGEST
2018-10-30 06:35:21 EXEC SPC_COM_DATA 'quypro','1','1';
2018-10-30 06:35:21 EXEC SPC_WRITING_LST2 '9','10','quypro';
2018-10-30 06:47:07 EXEC SPC_COM_DATA 'quypro','1','1';
2018-10-30 06:47:07 EXEC SPC_WRITING_LST1 '8','quypro','9','10';
2018-10-30 06:47:08 EXEC SPC_COM_DATA 'quypro','1','1';
2018-10-30 06:47:08 EXEC SPC_COMMON_GET_SUGGEST
2018-10-30 06:47:08 EXEC SPC_COM_DATA 'quypro','1','1';
2018-10-30 06:47:08 EXEC SPC_WRITING_LST2 '9','10','quypro';
2018-10-30 06:48:36 EXEC SPC_COM_DATA 'quypro','1','1';
2018-10-30 06:48:36 EXEC SPC_WRITING_LST1 '8','quypro','9','10';
2018-10-30 06:48:52 EXEC SPC_COM_DATA 'quypro','1','1';
2018-10-30 06:48:52 EXEC SPC_WRITING_LST1 '8','quypro','9','10';
2018-10-30 06:48:53 EXEC SPC_COM_DATA 'quypro','1','1';
2018-10-30 06:48:53 EXEC SPC_COMMON_GET_SUGGEST
2018-10-30 06:48:53 EXEC SPC_COM_DATA 'quypro','1','1';
2018-10-30 06:48:53 EXEC SPC_WRITING_LST2 '9','10','quypro';
2018-10-30 06:49:35 EXEC SPC_COM_DATA 'quypro','1','1';
2018-10-30 06:49:35 EXEC SPC_WRITING_LST1 '8','quypro','9','10';
2018-10-30 06:49:35 EXEC SPC_COM_DATA 'quypro','1','1';
2018-10-30 06:49:35 EXEC SPC_COMMON_GET_SUGGEST
2018-10-30 06:49:35 EXEC SPC_COM_DATA 'quypro','1','1';
2018-10-30 06:49:35 EXEC SPC_WRITING_LST2 '9','10','quypro';
2018-10-30 06:49:51 EXEC SPC_COM_DATA 'quypro','1','1';
2018-10-30 06:49:51 EXEC SPC_WRITING_LST1 '8','quypro','9','10';
2018-10-30 06:49:52 EXEC SPC_COM_DATA 'quypro','1','1';
2018-10-30 06:49:52 EXEC SPC_COMMON_GET_SUGGEST
2018-10-30 06:49:52 EXEC SPC_COM_DATA 'quypro','1','1';
2018-10-30 06:49:52 EXEC SPC_WRITING_LST2 '9','10','quypro';
2018-10-30 06:51:12 EXEC SPC_COM_DATA 'quypro','1','1';
2018-10-30 06:51:12 EXEC SPC_WRITING_LST1 '8','quypro','9','10';
2018-10-30 06:51:13 EXEC SPC_COM_DATA 'quypro','1','1';
2018-10-30 06:51:13 EXEC SPC_COMMON_GET_SUGGEST
2018-10-30 06:51:13 EXEC SPC_COM_DATA 'quypro','1','1';
2018-10-30 06:51:13 EXEC SPC_WRITING_LST2 '9','10','quypro';
2018-10-30 06:51:25 EXEC SPC_COM_DATA 'quypro','1','1';
2018-10-30 06:51:25 EXEC SPC_WRITING_LST1 '8','quypro','9','10';
2018-10-30 06:51:25 EXEC SPC_COM_DATA 'quypro','1','1';
2018-10-30 06:51:25 EXEC SPC_COMMON_GET_SUGGEST
2018-10-30 06:51:25 EXEC SPC_COM_DATA 'quypro','1','1';
2018-10-30 06:51:25 EXEC SPC_WRITING_LST2 '9','10','quypro';
2018-10-30 06:53:23 EXEC SPC_COM_MENU '1';
2018-10-30 06:53:23 EXEC SPC_COM_M999_INQ1 '8';
2018-10-30 06:53:24 EXEC SPC_COM_MENU '1';
2018-10-30 06:53:24 EXEC SPC_p003_LST1 '','','','50';
2018-10-30 06:53:51 EXEC SPC_COM_MENU '1';
2018-10-30 06:53:51 EXEC SPC_COM_M999_INQ1 '8';
2018-10-30 06:53:51 EXEC SPC_COM_MENU '1';
2018-10-30 06:53:51 EXEC SPC_p003_LST1 '','','','50';
2018-10-30 06:56:07 EXEC SPC_COM_DATA 'quypro','1','1';
2018-10-30 06:56:07 EXEC SPC_WRITING_LST1 '8','quypro','9','10';
2018-10-30 06:56:08 EXEC SPC_COM_DATA 'quypro','1','1';
2018-10-30 06:56:08 EXEC SPC_COMMON_GET_SUGGEST
2018-10-30 06:56:08 EXEC SPC_COM_DATA 'quypro','1','1';
2018-10-30 06:56:08 EXEC SPC_WRITING_LST2 '9','10','quypro';
2018-10-30 06:56:46 EXEC SPC_COM_DATA 'quypro','1','1';
2018-10-30 06:56:46 EXEC SPC_GRAMMAR_LST1 '','quypro','9','10';
2018-10-30 06:56:46 EXEC SPC_COM_DATA 'quypro','1','1';
2018-10-30 06:56:46 EXEC SPC_GRAMMAR_LST2 '6','6','quypro';
2018-10-30 06:56:49 EXEC SPC_COM_DATA 'quypro','1','1';
2018-10-30 06:56:49 EXEC SPC_COM_QUESTION_LIST '2';
2018-10-30 06:57:06 EXEC SPC_COM_DATA 'quypro','1','1';
2018-10-30 06:57:06 EXEC SPC_COM_QUESTION_LIST '2';
2018-10-30 06:57:11 EXEC SPC_COM_DATA 'quypro','1','1';
2018-10-30 06:57:11 EXEC SPC_LISTENING_LST1 '','quypro','6','6';
2018-10-30 06:57:12 EXEC SPC_COM_DATA 'quypro','1','1';
2018-10-30 06:57:12 EXEC SPC_LISTENING_LST2 '8','8','quypro';
2018-10-30 06:57:14 EXEC SPC_COM_DATA 'quypro','1','1';
2018-10-30 06:57:14 EXEC SPC_WRITING_LST1 '','quypro','8','8';
2018-10-30 06:57:14 EXEC SPC_COM_DATA 'quypro','1','1';
2018-10-30 06:57:14 EXEC SPC_COMMON_GET_SUGGEST
2018-10-30 06:57:14 EXEC SPC_COM_DATA 'quypro','1','1';
2018-10-30 06:57:14 EXEC SPC_WRITING_LST2 '9','10','quypro';
2018-10-30 06:59:35 EXEC SPC_COM_DATA 'quypro','1','1';
2018-10-30 06:59:35 EXEC SPC_WRITING_LST1 '7','quypro','9','10';
2018-10-30 06:59:36 EXEC SPC_COM_DATA 'quypro','1','1';
2018-10-30 06:59:36 EXEC SPC_COMMON_GET_SUGGEST
2018-10-30 06:59:36 EXEC SPC_COM_DATA 'quypro','1','1';
2018-10-30 06:59:36 EXEC SPC_WRITING_LST2 '9','10','quypro';
2018-10-30 06:59:53 EXEC SPC_COM_DATA 'quypro','1','1';
2018-10-30 06:59:53 EXEC SPC_WRITING_LST1 '7','quypro','9','10';
2018-10-30 06:59:53 EXEC SPC_COM_DATA 'quypro','1','1';
2018-10-30 06:59:53 EXEC SPC_COMMON_GET_SUGGEST
2018-10-30 06:59:53 EXEC SPC_COM_DATA 'quypro','1','1';
2018-10-30 06:59:53 EXEC SPC_WRITING_LST2 '9','10','quypro';
2018-10-30 07:00:30 EXEC SPC_COM_DATA 'quypro','1','1';
2018-10-30 07:00:30 EXEC SPC_WRITING_LST1 '7','quypro','9','10';
2018-10-30 07:00:31 EXEC SPC_COM_DATA 'quypro','1','1';
2018-10-30 07:00:31 EXEC SPC_COMMON_GET_SUGGEST
2018-10-30 07:00:31 EXEC SPC_COM_DATA 'quypro','1','1';
2018-10-30 07:00:31 EXEC SPC_WRITING_LST2 '9','10','quypro';
2018-10-30 07:02:51 EXEC SPC_COM_DATA 'quypro','1','1';
2018-10-30 07:02:51 EXEC SPC_WRITING_LST1 '7','quypro','9','10';
2018-10-30 07:02:52 EXEC SPC_COM_DATA 'quypro','1','1';
2018-10-30 07:02:52 EXEC SPC_COMMON_GET_SUGGEST
2018-10-30 07:02:52 EXEC SPC_COM_DATA 'quypro','1','1';
2018-10-30 07:02:52 EXEC SPC_WRITING_LST2 '9','10','quypro';
2018-10-30 07:04:49 EXEC SPC_COM_DATA 'quypro','1','1';
2018-10-30 07:04:49 EXEC SPC_WRITING_LST1 '7','quypro','9','10';
2018-10-30 07:04:50 EXEC SPC_COM_DATA 'quypro','1','1';
2018-10-30 07:04:50 EXEC SPC_COMMON_GET_SUGGEST
2018-10-30 07:04:50 EXEC SPC_COM_DATA 'quypro','1','1';
2018-10-30 07:04:50 EXEC SPC_WRITING_LST2 '9','10','quypro';
2018-10-30 07:09:36 EXEC SPC_COM_MENU '1';
2018-10-30 07:09:36 EXEC SPC_COM_M999_INQ1 '8';
2018-10-30 07:09:37 EXEC SPC_COM_MENU '1';
2018-10-30 07:09:37 EXEC SPC_p003_LST1 '','','','50';
2018-10-30 07:10:10 EXEC SPC_COM_DATA 'quypro','1','1';
2018-10-30 07:10:10 EXEC SPC_WRITING_LST1 '7','quypro','9','10';
2018-10-30 07:10:11 EXEC SPC_COM_DATA 'quypro','1','1';
2018-10-30 07:10:11 EXEC SPC_COMMON_GET_SUGGEST
2018-10-30 07:10:11 EXEC SPC_COM_DATA 'quypro','1','1';
2018-10-30 07:10:11 EXEC SPC_WRITING_LST2 '9','10','quypro';
2018-10-30 07:11:38 EXEC SPC_COM_DATA 'quypro','1','1';
2018-10-30 07:11:38 EXEC SPC_LISTENING_LST1 '','quypro','9','10';
2018-10-30 07:11:38 EXEC SPC_COM_DATA 'quypro','1','1';
2018-10-30 07:11:38 EXEC SPC_LISTENING_LST2 '8','8','quypro';
2018-10-30 07:11:39 EXEC SPC_COM_DATA 'quypro','1','1';
2018-10-30 07:11:39 EXEC SPC_GRAMMAR_LST1 '','quypro','8','8';
2018-10-30 07:11:40 EXEC SPC_COM_DATA 'quypro','1','1';
2018-10-30 07:11:40 EXEC SPC_GRAMMAR_LST2 '6','6','quypro';
2018-10-30 07:11:42 EXEC SPC_COM_DATA 'quypro','1','1';
2018-10-30 07:11:42 EXEC SPC_COM_QUESTION_LIST '2';
2018-10-30 07:11:48 EXEC SPC_COM_DATA 'quypro','1','1';
2018-10-30 07:11:48 EXEC SPC_VOCABULARY_LST1 '','quypro','6','6';
2018-10-30 07:11:49 EXEC SPC_COM_DATA 'quypro','1','1';
2018-10-30 07:11:49 EXEC SPC_VOCABULARY_LST2 '2','1','quypro';
2018-10-30 07:11:57 EXEC SPC_COM_DATA 'quypro','1','1';
2018-10-30 07:11:57 EXEC SPC_VOCABULARY_LST2 '2','3','quypro';
2018-10-30 07:12:15 EXEC SPC_COM_DATA 'quypro','1','1';
2018-10-30 07:12:15 EXEC SPC_GRAMMAR_LST1 '','quypro','2','3';
2018-10-30 07:12:16 EXEC SPC_COM_DATA 'quypro','1','1';
2018-10-30 07:12:16 EXEC SPC_GRAMMAR_LST2 '6','6','quypro';
2018-10-30 07:12:17 EXEC SPC_COM_DATA 'quypro','1','1';
2018-10-30 07:12:17 EXEC SPC_LISTENING_LST1 '','quypro','6','6';
2018-10-30 07:12:17 EXEC SPC_COM_DATA 'quypro','1','1';
2018-10-30 07:12:17 EXEC SPC_LISTENING_LST2 '8','8','quypro';
2018-10-30 07:12:37 EXEC SPC_COM_DATA 'quypro','1','1';
2018-10-30 07:12:37 EXEC SPC_WRITING_LST1 '','quypro','8','8';
2018-10-30 07:12:37 EXEC SPC_COM_DATA 'quypro','1','1';
2018-10-30 07:12:37 EXEC SPC_COMMON_GET_SUGGEST
2018-10-30 07:12:37 EXEC SPC_COM_DATA 'quypro','1','1';
2018-10-30 07:12:37 EXEC SPC_WRITING_LST2 '9','10','quypro';
2018-10-30 07:12:38 EXEC SPC_COM_DATA 'quypro','1','1';
2018-10-30 07:12:38 EXEC SPC_READING_LST1 '','quypro','9','10';
2018-10-30 07:12:39 EXEC SPC_COM_DATA 'quypro','1','1';
2018-10-30 07:12:39 EXEC SPC_READING_LST2 '12','14','quypro';
2018-10-30 07:16:33 EXEC SPC_COM_PERMISSION '1','2','w002';
2018-10-30 07:16:33 EXEC SPC_COM_MENU '1';
2018-10-30 07:16:33 EXEC SPC_W002_FND1
2018-10-30 07:16:35 EXEC SPC_COM_MENU '1';
2018-10-30 07:16:35 EXEC SPC_W002_LST1 '17';
2018-10-30 07:16:35 EXEC SPC_COM_DATA 'quypro','1','1';
2018-10-30 07:16:35 EXEC SPC_READING_LST1 '10','quypro','12','14';
2018-10-30 07:16:36 EXEC SPC_COM_DATA 'quypro','1','1';
2018-10-30 07:16:36 EXEC SPC_READING_LST2 '12','14','quypro';
2018-10-30 07:16:45 EXEC SPC_COM_DATA 'quypro','1','1';
2018-10-30 07:16:45 EXEC SPC_WRITING_LST1 '','quypro','12','14';
2018-10-30 07:16:45 EXEC SPC_COM_DATA 'quypro','1','1';
2018-10-30 07:16:45 EXEC SPC_COMMON_GET_SUGGEST
2018-10-30 07:16:45 EXEC SPC_COM_DATA 'quypro','1','1';
2018-10-30 07:16:45 EXEC SPC_WRITING_LST2 '9','10','quypro';
2018-10-30 07:16:48 EXEC SPC_COM_MENU '1';
2018-10-30 07:16:48 EXEC SPC_COM_M999_INQ1 '8';
2018-10-30 07:16:49 EXEC SPC_COM_MENU '1';
2018-10-30 07:16:49 EXEC SPC_p003_LST1 '','','','50';
2018-10-30 07:17:21 EXEC SPC_COM_MENU '1';
2018-10-30 07:17:21 EXEC SPC_W002_LST1 '17';
2018-10-30 07:17:23 EXEC SPC_COM_MENU '1';
2018-10-30 07:17:23 EXEC SPC_W002_LST2 '1';
2018-10-30 07:17:44 EXEC SPC_COM_DATA 'quypro','1','1';
2018-10-30 07:17:44 EXEC SPC_COMMON_GET_SUGGEST
2018-10-30 07:17:44 EXEC SPC_COM_DATA 'quypro','1','1';
2018-10-30 07:17:44 EXEC SPC_WRITING_LST2 '9','10','quypro';
2018-10-30 07:17:45 EXEC SPC_COM_DATA 'quypro','1','1';
2018-10-30 07:17:45 EXEC SPC_WRITING_LST1 '7','quypro','9','10';
2018-10-30 07:17:45 EXEC SPC_COM_DATA 'quypro','1','1';
2018-10-30 07:17:45 EXEC SPC_COMMON_GET_SUGGEST
2018-10-30 07:17:45 EXEC SPC_COM_DATA 'quypro','1','1';
2018-10-30 07:17:45 EXEC SPC_WRITING_LST2 '9','10','quypro';
2018-10-30 07:17:50 EXEC SPC_COM_MENU '1';
2018-10-30 07:17:50 EXEC SPC_COM_M999_INQ1 '8';
2018-10-30 07:17:51 EXEC SPC_COM_MENU '1';
2018-10-30 07:17:51 EXEC SPC_p003_LST1 '','','','50';
2018-10-30 07:17:53 EXEC SPC_COM_DATA 'quypro','1','1';
2018-10-30 07:17:53 EXEC SPC_COMMON_GET_SUGGEST
2018-10-30 07:17:53 EXEC SPC_COM_DATA 'quypro','1','1';
2018-10-30 07:17:53 EXEC SPC_WRITING_LST2 '9','10','quypro';
2018-10-30 07:17:54 EXEC SPC_COM_DATA 'quypro','1','1';
2018-10-30 07:17:54 EXEC SPC_WRITING_LST1 '7','quypro','9','10';
2018-10-30 07:17:54 EXEC SPC_COM_DATA 'quypro','1','1';
2018-10-30 07:17:54 EXEC SPC_COMMON_GET_SUGGEST
2018-10-30 07:17:54 EXEC SPC_COM_DATA 'quypro','1','1';
2018-10-30 07:17:54 EXEC SPC_WRITING_LST2 '9','10','quypro';
2018-10-30 07:18:05 EXEC SPC_COM_DATA 'quypro','1','1';
2018-10-30 07:18:05 EXEC SPC_WRITING_LST1 '7','quypro','9','10';
2018-10-30 07:18:06 EXEC SPC_COM_DATA 'quypro','1','1';
2018-10-30 07:18:06 EXEC SPC_COMMON_GET_SUGGEST
2018-10-30 07:18:06 EXEC SPC_COM_DATA 'quypro','1','1';
2018-10-30 07:18:06 EXEC SPC_WRITING_LST2 '9','10','quypro';
2018-10-30 07:18:38 EXEC SPC_COM_DATA 'quypro','1','1';
2018-10-30 07:18:38 EXEC SPC_WRITING_LST1 '7','quypro','9','10';
2018-10-30 07:18:39 EXEC SPC_COM_DATA 'quypro','1','1';
2018-10-30 07:18:39 EXEC SPC_COMMON_GET_SUGGEST
2018-10-30 07:18:39 EXEC SPC_COM_DATA 'quypro','1','1';
2018-10-30 07:18:39 EXEC SPC_WRITING_LST2 '9','10','quypro';
2018-10-30 07:18:42 EXEC SPC_COM_MENU '1';
2018-10-30 07:18:42 EXEC SPC_COM_M999_INQ1 '8';
2018-10-30 07:18:42 EXEC SPC_COM_MENU '1';
2018-10-30 07:18:43 EXEC SPC_p003_LST1 '','','','50';
2018-10-30 07:18:45 EXEC SPC_COM_DATA 'quypro','1','1';
2018-10-30 07:18:45 EXEC SPC_COMMON_GET_SUGGEST
2018-10-30 07:18:45 EXEC SPC_COM_DATA 'quypro','1','1';
2018-10-30 07:18:45 EXEC SPC_WRITING_LST2 '9','10','quypro';
2018-10-30 07:21:57 EXEC SPC_COM_DATA 'quypro','1','1';
2018-10-30 07:21:57 EXEC SPC_WRITING_LST1 '7','quypro','9','10';
2018-10-30 07:21:58 EXEC SPC_COM_DATA 'quypro','1','1';
2018-10-30 07:21:58 EXEC SPC_COMMON_GET_SUGGEST
2018-10-30 07:21:58 EXEC SPC_COM_DATA 'quypro','1','1';
2018-10-30 07:21:58 EXEC SPC_WRITING_LST2 '9','10','quypro';
2018-10-30 07:22:02 EXEC SPC_COM_MENU '1';
2018-10-30 07:22:02 EXEC SPC_COM_M999_INQ1 '8';
2018-10-30 07:22:27 EXEC SPC_COM_MENU '1';
2018-10-30 07:22:27 EXEC SPC_p003_LST1 '0','','','50','1';
2018-10-30 07:22:45 EXEC SPC_COM_MENU '1';
2018-10-30 07:22:45 EXEC SPC_p003_LST1 '0','','','50','1';
2018-10-30 07:22:52 EXEC SPC_COM_MENU '1';
2018-10-30 07:22:52 EXEC SPC_COM_M999_INQ1 '8';
2018-10-30 07:23:46 EXEC SPC_COM_DATA 'quypro','1','1';
2018-10-30 07:23:46 EXEC SPC_WRITING_LST1 '7','quypro','9','10';
2018-10-30 07:23:47 EXEC SPC_COM_DATA 'quypro','1','1';
2018-10-30 07:23:47 EXEC SPC_COMMON_GET_SUGGEST
2018-10-30 07:23:47 EXEC SPC_COM_DATA 'quypro','1','1';
2018-10-30 07:23:47 EXEC SPC_WRITING_LST2 '9','10','quypro';
2018-10-30 07:23:50 EXEC SPC_COM_MENU '1';
2018-10-30 07:23:50 EXEC SPC_COM_M999_INQ1 '8';
2018-10-30 07:23:50 EXEC SPC_COM_MENU '1';
2018-10-30 07:23:50 EXEC SPC_p003_LST1 '0','','','50';
2018-10-30 07:24:35 EXEC SPC_COM_MENU '1';
2018-10-30 07:24:35 EXEC SPC_COM_M999_INQ1 '8';
2018-10-30 07:24:35 EXEC SPC_COM_MENU '1';
2018-10-30 07:24:35 EXEC SPC_p003_LST1 '0','','','50';
2018-10-30 07:26:54 EXEC SPC_COM_DATA 'quypro','1','1';
2018-10-30 07:26:54 EXEC SPC_WRITING_LST1 '7','quypro','9','10';
2018-10-30 07:26:55 EXEC SPC_COM_DATA 'quypro','1','1';
2018-10-30 07:26:55 EXEC SPC_COMMON_GET_SUGGEST
2018-10-30 07:26:55 EXEC SPC_COM_DATA 'quypro','1','1';
2018-10-30 07:26:55 EXEC SPC_WRITING_LST2 '9','10','quypro';
2018-10-30 07:26:57 EXEC SPC_COM_MENU '1';
2018-10-30 07:26:57 EXEC SPC_COM_M999_INQ1 '8';
2018-10-30 07:26:58 EXEC SPC_COM_MENU '1';
2018-10-30 07:26:58 EXEC SPC_p003_LST1 '0','','','50';
2018-10-30 07:27:10 EXEC SPC_COM_DATA 'quypro','1','1';
2018-10-30 07:27:10 EXEC SPC_WRITING_LST1 '7','quypro','9','10';
2018-10-30 07:27:11 EXEC SPC_COM_DATA 'quypro','1','1';
2018-10-30 07:27:11 EXEC SPC_COMMON_GET_SUGGEST
2018-10-30 07:27:11 EXEC SPC_COM_DATA 'quypro','1','1';
2018-10-30 07:27:11 EXEC SPC_WRITING_LST2 '9','10','quypro';
2018-10-30 07:27:13 EXEC SPC_COM_MENU '1';
2018-10-30 07:27:13 EXEC SPC_COM_M999_INQ1 '8';
2018-10-30 07:27:14 EXEC SPC_COM_MENU '1';
2018-10-30 07:27:14 EXEC SPC_p003_LST1 '0','','','50';
2018-10-30 07:27:22 EXEC SPC_COM_MENU '1';
2018-10-30 07:27:22 EXEC SPC_p003_LST1 '','','','50','1';
2018-10-30 07:28:32 EXEC SPC_COM_MENU '1';
2018-10-30 07:28:32 EXEC SPC_p003_LST1 '','','','50','1';
2018-10-30 07:28:35 EXEC SPC_COM_MENU '1';
2018-10-30 07:28:35 EXEC SPC_p003_LST1 '','','','50','1';
2018-10-30 07:28:39 EXEC SPC_COM_MENU '1';
2018-10-30 07:28:39 EXEC SPC_p003_LST1 '','','','50','1';
2018-10-30 07:28:41 EXEC SPC_COM_MENU '1';
2018-10-30 07:28:41 EXEC SPC_p003_LST1 '','','','50','1';
2018-10-30 07:28:45 EXEC SPC_COM_MENU '1';
2018-10-30 07:28:45 EXEC SPC_p003_LST1 '','','','50','1';
2018-10-30 07:28:50 EXEC SPC_COM_MENU '1';
2018-10-30 07:28:50 EXEC SPC_COM_M999_INQ1 '8';
2018-10-30 07:28:50 EXEC SPC_COM_MENU '1';
2018-10-30 07:28:50 EXEC SPC_p003_LST1 '0','','','50';
2018-10-30 07:30:00 EXEC SPC_COM_DATA 'quypro','1','1';
2018-10-30 07:30:00 EXEC SPC_WRITING_LST1 '7','quypro','9','10';
2018-10-30 07:30:00 EXEC SPC_COM_DATA 'quypro','1','1';
2018-10-30 07:30:00 EXEC SPC_COMMON_GET_SUGGEST
2018-10-30 07:30:00 EXEC SPC_COM_DATA 'quypro','1','1';
2018-10-30 07:30:00 EXEC SPC_WRITING_LST2 '9','10','quypro';
2018-10-30 07:30:03 EXEC SPC_COM_MENU '1';
2018-10-30 07:30:03 EXEC SPC_COM_M999_INQ1 '8';
2018-10-30 07:30:03 EXEC SPC_COM_MENU '1';
2018-10-30 07:30:03 EXEC SPC_p003_LST1 '0','','','50';
2018-10-30 07:30:11 EXEC SPC_COM_DATA 'quypro','1','1';
2018-10-30 07:30:12 EXEC SPC_WRITING_LST1 '7','quypro','9','10';
2018-10-30 07:30:12 EXEC SPC_COM_DATA 'quypro','1','1';
2018-10-30 07:30:12 EXEC SPC_COMMON_GET_SUGGEST
2018-10-30 07:30:12 EXEC SPC_COM_DATA 'quypro','1','1';
2018-10-30 07:30:12 EXEC SPC_WRITING_LST2 '9','10','quypro';
2018-10-30 07:30:28 EXEC SPC_COM_DATA 'quypro','1','1';
2018-10-30 07:30:28 EXEC SPC_WRITING_LST1 '7','quypro','9','10';
2018-10-30 07:30:29 EXEC SPC_COM_DATA 'quypro','1','1';
2018-10-30 07:30:29 EXEC SPC_COMMON_GET_SUGGEST
2018-10-30 07:30:29 EXEC SPC_COM_DATA 'quypro','1','1';
2018-10-30 07:30:29 EXEC SPC_WRITING_LST2 '9','10','quypro';
2018-10-30 07:30:31 EXEC SPC_COM_MENU '1';
2018-10-30 07:30:31 EXEC SPC_COM_M999_INQ1 '8';
2018-10-30 07:30:32 EXEC SPC_COM_MENU '1';
2018-10-30 07:30:32 EXEC SPC_p003_LST1 '0','','','50';
2018-10-30 07:32:17 EXEC SPC_COM_MENU '1';
2018-10-30 07:32:17 EXEC SPC_p003_LST1 '0','','','50','1';
2018-10-30 07:32:20 EXEC SPC_COM_MENU '1';
2018-10-30 07:32:20 EXEC SPC_p003_LST1 '0','','','50','1';
2018-10-30 07:32:41 EXEC SPC_COM_DATA 'quypro','1','1';
2018-10-30 07:32:42 EXEC SPC_WRITING_LST1 '7','quypro','9','10';
2018-10-30 07:32:42 EXEC SPC_COM_DATA 'quypro','1','1';
2018-10-30 07:32:42 EXEC SPC_COMMON_GET_SUGGEST
2018-10-30 07:32:42 EXEC SPC_COM_DATA 'quypro','1','1';
2018-10-30 07:32:42 EXEC SPC_WRITING_LST2 '9','10','quypro';
2018-10-30 07:32:45 EXEC SPC_COM_MENU '1';
2018-10-30 07:32:45 EXEC SPC_COM_M999_INQ1 '8';
2018-10-30 07:32:46 EXEC SPC_COM_MENU '1';
2018-10-30 07:32:46 EXEC SPC_p003_LST1 '0','','','50','1';
2018-10-30 07:33:43 EXEC SPC_COM_MENU '1';
2018-10-30 07:33:43 EXEC SPC_p003_LST1 '0','','','50','1';
2018-10-30 07:34:43 EXEC SPC_COM_DATA 'quypro','1','1';
2018-10-30 07:34:43 EXEC SPC_WRITING_LST1 '7','quypro','9','10';
2018-10-30 07:34:44 EXEC SPC_COM_DATA 'quypro','1','1';
2018-10-30 07:34:44 EXEC SPC_COMMON_GET_SUGGEST
2018-10-30 07:34:44 EXEC SPC_COM_DATA 'quypro','1','1';
2018-10-30 07:34:44 EXEC SPC_WRITING_LST2 '9','10','quypro';
2018-10-30 07:34:46 EXEC SPC_COM_MENU '1';
2018-10-30 07:34:46 EXEC SPC_COM_M999_INQ1 '8';
2018-10-30 07:34:47 EXEC SPC_COM_MENU '1';
2018-10-30 07:34:47 EXEC SPC_p003_LST1 '0','','','50','1';
2018-10-30 07:35:08 EXEC SPC_COM_DATA 'quypro','1','1';
2018-10-30 07:35:08 EXEC SPC_WRITING_LST1 '7','quypro','9','10';
2018-10-30 07:35:09 EXEC SPC_COM_DATA 'quypro','1','1';
2018-10-30 07:35:09 EXEC SPC_COMMON_GET_SUGGEST
2018-10-30 07:35:09 EXEC SPC_COM_DATA 'quypro','1','1';
2018-10-30 07:35:09 EXEC SPC_WRITING_LST2 '9','10','quypro';
2018-10-30 07:36:22 EXEC SPC_COM_DATA 'quypro','1','1';
2018-10-30 07:36:22 EXEC SPC_WRITING_LST1 '7','quypro','9','10';
2018-10-30 07:36:22 EXEC SPC_COM_DATA 'quypro','1','1';
2018-10-30 07:36:22 EXEC SPC_COMMON_GET_SUGGEST
2018-10-30 07:36:23 EXEC SPC_COM_DATA 'quypro','1','1';
2018-10-30 07:36:23 EXEC SPC_WRITING_LST2 '9','10','quypro';
2018-10-30 07:36:25 EXEC SPC_COM_MENU '1';
2018-10-30 07:36:25 EXEC SPC_COM_M999_INQ1 '8';
2018-10-30 07:36:25 EXEC SPC_COM_MENU '1';
2018-10-30 07:36:25 EXEC SPC_p003_LST1 '0','','','50','1';
2018-10-30 07:38:37 EXEC SPC_COM_DATA 'quypro','1','1';
2018-10-30 07:38:37 EXEC SPC_WRITING_LST1 '7','quypro','9','10';
2018-10-30 07:38:38 EXEC SPC_COM_DATA 'quypro','1','1';
2018-10-30 07:38:38 EXEC SPC_COMMON_GET_SUGGEST
2018-10-30 07:38:38 EXEC SPC_COM_DATA 'quypro','1','1';
2018-10-30 07:38:38 EXEC SPC_WRITING_LST2 '9','10','quypro';
2018-10-30 07:38:41 EXEC SPC_COM_MENU '1';
2018-10-30 07:38:41 EXEC SPC_COM_M999_INQ1 '8';
2018-10-30 07:38:41 EXEC SPC_COM_MENU '1';
2018-10-30 07:38:41 EXEC SPC_p003_LST1 '0','','','50','1';
2018-10-30 07:38:46 EXEC SPC_COM_MENU '1';
2018-10-30 07:38:46 EXEC SPC_p003_LST1 '0','','','50','1';
2018-10-30 07:38:59 EXEC SPC_COM_MENU '1';
2018-10-30 07:38:59 EXEC SPC_p003_LST1 '1','','','50','1';
2018-10-30 07:39:35 EXEC SPC_COM_PERMISSION '1','2','w002';
2018-10-30 07:39:35 EXEC SPC_COM_MENU '1';
2018-10-30 07:39:35 EXEC SPC_W002_FND1
2018-10-30 07:39:37 EXEC SPC_COM_MENU '1';
2018-10-30 07:39:37 EXEC SPC_W002_LST1 '17';
2018-10-30 07:39:39 EXEC SPC_COM_MENU '1';
2018-10-30 07:39:39 EXEC SPC_W002_LST2 '1';
2018-10-30 07:39:41 EXEC SPC_COM_MENU '1';
2018-10-30 07:39:41 EXEC SPC_COM_M999_INQ1 '8';
2018-10-30 07:39:42 EXEC SPC_COM_MENU '1';
2018-10-30 07:39:42 EXEC SPC_p003_LST1 '0','','','50','1';
2018-10-30 07:40:46 EXEC SPC_COM_PERMISSION '1','2','w002';
2018-10-30 07:40:46 EXEC SPC_COM_MENU '1';
2018-10-30 07:40:46 EXEC SPC_W002_FND1
2018-10-30 07:40:47 EXEC SPC_COM_MENU '1';
2018-10-30 07:40:47 EXEC SPC_W002_LST1 '17';
2018-10-30 07:40:49 EXEC SPC_COM_MENU '1';
2018-10-30 07:40:49 EXEC SPC_W002_LST2 '2';
2018-10-30 07:40:51 EXEC SPC_COM_MENU '1';
2018-10-30 07:40:51 EXEC SPC_W002_LST2 '1';
2018-10-30 07:40:52 EXEC SPC_COM_MENU '1';
2018-10-30 07:40:52 EXEC SPC_COM_M999_INQ1 '8';
2018-10-30 07:40:53 EXEC SPC_COM_MENU '1';
2018-10-30 07:40:53 EXEC SPC_p003_LST1 '0','','','50','1';
2018-10-30 07:41:11 EXEC SPC_COM_DATA 'quypro','1','1';
2018-10-30 07:41:11 EXEC SPC_WRITING_LST1 '7','quypro','9','10';
2018-10-30 07:41:11 EXEC SPC_COM_DATA 'quypro','1','1';
2018-10-30 07:41:11 EXEC SPC_COMMON_GET_SUGGEST
2018-10-30 07:41:11 EXEC SPC_COM_DATA 'quypro','1','1';
2018-10-30 07:41:11 EXEC SPC_WRITING_LST2 '9','10','quypro';
2018-10-30 07:41:14 EXEC SPC_COM_MENU '1';
2018-10-30 07:41:14 EXEC SPC_COM_M999_INQ1 '8';
2018-10-30 07:41:14 EXEC SPC_COM_MENU '1';
2018-10-30 07:41:14 EXEC SPC_p003_LST1 '0','','','50','1';
2018-10-30 07:41:35 EXEC SPC_COM_DATA 'quypro','1','1';
2018-10-30 07:41:35 EXEC SPC_WRITING_LST1 '7','quypro','9','10';
2018-10-30 07:41:36 EXEC SPC_COM_DATA 'quypro','1','1';
2018-10-30 07:41:36 EXEC SPC_COMMON_GET_SUGGEST
2018-10-30 07:41:36 EXEC SPC_COM_DATA 'quypro','1','1';
2018-10-30 07:41:36 EXEC SPC_WRITING_LST2 '9','10','quypro';
2018-10-30 07:41:41 EXEC SPC_COM_MENU '1';
2018-10-30 07:41:41 EXEC SPC_COM_M999_INQ1 '8';
2018-10-30 07:41:41 EXEC SPC_COM_MENU '1';
2018-10-30 07:41:41 EXEC SPC_p003_LST1 '0','','','50','1';
2018-10-30 07:44:05 EXEC SPC_COM_MENU '1';
2018-10-30 07:44:05 EXEC SPC_COM_M999_INQ1 '8';
2018-10-30 07:44:09 EXEC SPC_COM_MENU '1';
2018-10-30 07:44:09 EXEC SPC_p003_LST1 '0','','','50','1';
2018-10-30 07:44:34 EXEC SPC_COM_DATA 'quypro','1','1';
2018-10-30 07:44:34 EXEC SPC_WRITING_LST1 '7','quypro','9','10';
2018-10-30 07:44:35 EXEC SPC_COM_DATA 'quypro','1','1';
2018-10-30 07:44:35 EXEC SPC_COMMON_GET_SUGGEST
2018-10-30 07:44:35 EXEC SPC_COM_DATA 'quypro','1','1';
2018-10-30 07:44:35 EXEC SPC_WRITING_LST2 '9','10','quypro';
2018-10-30 07:44:39 EXEC SPC_COM_MENU '1';
2018-10-30 07:44:39 EXEC SPC_COM_M999_INQ1 '8';
2018-10-30 07:44:39 EXEC SPC_COM_MENU '1';
2018-10-30 07:44:39 EXEC SPC_p003_LST1 '0','','','50','1';
2018-10-30 08:06:19 EXEC SPC_COM_MENU '1';
2018-10-30 08:06:19 EXEC SPC_COM_M999_INQ1 '8';
2018-10-30 08:06:21 EXEC SPC_COM_MENU '1';
2018-10-30 08:06:21 EXEC SPC_p003_LST1 '0','','','50','1';
2018-10-30 08:10:27 EXEC SPC_COM_MENU '1';
2018-10-30 08:10:27 EXEC SPC_COM_M999_INQ1 '8';
2018-10-30 08:10:28 EXEC SPC_COM_MENU '1';
2018-10-30 08:10:28 EXEC SPC_p003_LST1 '0','','','50','1';
2018-10-30 08:11:13 EXEC SPC_COM_MENU '1';
2018-10-30 08:11:13 EXEC SPC_COM_M999_INQ1 '8';
2018-10-30 08:11:13 EXEC SPC_COM_MENU '1';
2018-10-30 08:11:13 EXEC SPC_p003_LST1 '0','','','50','1';
2018-10-30 08:11:17 EXEC SPC_COM_MENU '1';
2018-10-30 08:11:17 EXEC SPC_p003_LST1 '0','','','50','1';
2018-10-30 08:11:20 EXEC SPC_COM_MENU '1';
2018-10-30 08:11:20 EXEC SPC_p003_LST1 '4','','','50','1';
2018-10-30 08:15:22 EXEC SPC_COM_DATA 'quypro','1','1';
2018-10-30 08:15:22 EXEC SPC_WRITING_LST1 '7','quypro','9','10';
2018-10-30 08:15:23 EXEC SPC_COM_DATA 'quypro','1','1';
2018-10-30 08:15:23 EXEC SPC_COMMON_GET_SUGGEST
2018-10-30 08:15:24 EXEC SPC_COM_DATA 'quypro','1','1';
2018-10-30 08:15:24 EXEC SPC_WRITING_LST2 '9','10','quypro';
2018-10-30 08:15:26 EXEC SPC_COM_MENU '1';
2018-10-30 08:15:26 EXEC SPC_COM_M999_INQ1 '8';
2018-10-30 08:15:26 EXEC SPC_COM_MENU '1';
2018-10-30 08:15:26 EXEC SPC_p003_LST1 '0','','','50','1';
2018-10-30 08:16:06 EXEC SPC_COM_MENU '1';
2018-10-30 08:16:06 EXEC SPC_COM_M999_INQ1 '8';
2018-10-30 08:16:07 EXEC SPC_COM_MENU '1';
2018-10-30 08:16:07 EXEC SPC_p003_LST1 '0','','','50','1';
2018-10-30 08:16:16 EXEC SPC_COM_MENU '1';
2018-10-30 08:16:16 EXEC SPC_COM_M999_INQ1 '8';
2018-10-30 08:16:16 EXEC SPC_COM_MENU '1';
2018-10-30 08:16:16 EXEC SPC_p003_LST1 '0','','','50','1';
2018-10-30 08:17:12 EXEC SPC_COM_DATA 'quypro','1','1';
2018-10-30 08:17:12 EXEC SPC_WRITING_LST1 '7','quypro','9','10';
2018-10-30 08:17:13 EXEC SPC_COM_DATA 'quypro','1','1';
2018-10-30 08:17:13 EXEC SPC_COMMON_GET_SUGGEST
2018-10-30 08:17:13 EXEC SPC_COM_DATA 'quypro','1','1';
2018-10-30 08:17:13 EXEC SPC_WRITING_LST2 '9','10','quypro';
2018-10-30 08:17:16 EXEC SPC_COM_MENU '1';
2018-10-30 08:17:16 EXEC SPC_COM_M999_INQ1 '8';
2018-10-30 08:17:17 EXEC SPC_COM_MENU '1';
2018-10-30 08:17:17 EXEC SPC_p003_LST1 '0','','','50','1';
2018-10-30 08:20:52 EXEC SPC_COM_DATA 'quypro','1','1';
2018-10-30 08:20:52 EXEC SPC_WRITING_LST1 '7','quypro','9','10';
2018-10-30 08:20:53 EXEC SPC_COM_DATA 'quypro','1','1';
2018-10-30 08:20:53 EXEC SPC_COMMON_GET_SUGGEST
2018-10-30 08:20:53 EXEC SPC_COM_DATA 'quypro','1','1';
2018-10-30 08:20:53 EXEC SPC_WRITING_LST2 '9','10','quypro';
2018-10-30 08:24:02 EXEC SPC_COM_DATA 'quypro','1','1';
2018-10-30 08:24:02 EXEC SPC_WRITING_LST1 '7','quypro','9','10';
2018-10-30 08:24:03 EXEC SPC_COM_DATA 'quypro','1','1';
2018-10-30 08:24:03 EXEC SPC_COMMON_GET_SUGGEST
2018-10-30 08:24:03 EXEC SPC_COM_DATA 'quypro','1','1';
2018-10-30 08:24:03 EXEC SPC_WRITING_LST2 '9','10','quypro';
2018-10-30 08:24:08 EXEC SPC_COM_MENU '1';
2018-10-30 08:24:08 EXEC SPC_COM_M999_INQ1 '8';
2018-10-30 08:24:08 EXEC SPC_COM_MENU '1';
2018-10-30 08:24:08 EXEC SPC_p003_LST1 '0','','','50','1';
2018-10-30 08:25:22 EXEC SPC_COM_DATA 'quypro','1','1';
2018-10-30 08:25:22 EXEC SPC_WRITING_LST1 '7','quypro','9','10';
2018-10-30 08:25:22 EXEC SPC_COM_DATA 'quypro','1','1';
2018-10-30 08:25:22 EXEC SPC_COMMON_GET_SUGGEST
2018-10-30 08:25:23 EXEC SPC_COM_DATA 'quypro','1','1';
2018-10-30 08:25:23 EXEC SPC_WRITING_LST2 '9','10','quypro';
2018-10-30 08:25:25 EXEC SPC_COM_MENU '1';
2018-10-30 08:25:25 EXEC SPC_COM_M999_INQ1 '8';
2018-10-30 08:25:26 EXEC SPC_COM_MENU '1';
2018-10-30 08:25:26 EXEC SPC_p003_LST1 '0','','','50','1';
2018-10-30 08:25:55 EXEC SPC_COM_DATA 'quypro','1','1';
2018-10-30 08:25:55 EXEC SPC_WRITING_LST1 '7','quypro','9','10';
2018-10-30 08:25:56 EXEC SPC_COM_DATA 'quypro','1','1';
2018-10-30 08:25:56 EXEC SPC_COMMON_GET_SUGGEST
2018-10-30 08:25:56 EXEC SPC_COM_DATA 'quypro','1','1';
2018-10-30 08:25:56 EXEC SPC_WRITING_LST2 '9','10','quypro';
2018-10-30 08:25:58 EXEC SPC_COM_MENU '1';
2018-10-30 08:25:58 EXEC SPC_COM_M999_INQ1 '8';
2018-10-30 08:25:59 EXEC SPC_COM_MENU '1';
2018-10-30 08:25:59 EXEC SPC_p003_LST1 '0','','','50','1';
2018-10-30 08:26:10 EXEC SPC_COM_MENU '1';
2018-10-30 08:26:10 EXEC SPC_COM_M999_INQ1 '8';
2018-10-30 08:26:11 EXEC SPC_COM_MENU '1';
2018-10-30 08:26:11 EXEC SPC_p003_LST1 '0','','','50','1';
2018-10-30 08:26:40 EXEC SPC_COM_DATA 'quypro','1','1';
2018-10-30 08:26:40 EXEC SPC_WRITING_LST1 '7','quypro','9','10';
2018-10-30 08:26:40 EXEC SPC_COM_DATA 'quypro','1','1';
2018-10-30 08:26:40 EXEC SPC_COMMON_GET_SUGGEST
2018-10-30 08:26:40 EXEC SPC_COM_DATA 'quypro','1','1';
2018-10-30 08:26:40 EXEC SPC_WRITING_LST2 '9','10','quypro';
2018-10-30 08:26:43 EXEC SPC_COM_MENU '1';
2018-10-30 08:26:43 EXEC SPC_COM_M999_INQ1 '8';
2018-10-30 08:26:44 EXEC SPC_COM_MENU '1';
2018-10-30 08:26:44 EXEC SPC_p003_LST1 '0','','','50','1';
2018-10-30 08:27:29 EXEC SPC_COM_DATA 'quypro','1','1';
2018-10-30 08:27:29 EXEC SPC_WRITING_LST1 '7','quypro','9','10';
2018-10-30 08:27:29 EXEC SPC_COM_DATA 'quypro','1','1';
2018-10-30 08:27:29 EXEC SPC_COMMON_GET_SUGGEST
2018-10-30 08:27:29 EXEC SPC_COM_DATA 'quypro','1','1';
2018-10-30 08:27:29 EXEC SPC_WRITING_LST2 '9','10','quypro';
2018-10-30 08:27:33 EXEC SPC_COM_MENU '1';
2018-10-30 08:27:33 EXEC SPC_COM_M999_INQ1 '8';
2018-10-30 08:27:33 EXEC SPC_COM_MENU '1';
2018-10-30 08:27:33 EXEC SPC_p003_LST1 '0','','','50','1';
2018-10-30 08:27:45 EXEC SPC_COM_DATA 'quypro','1','1';
2018-10-30 08:27:45 EXEC SPC_WRITING_LST1 '7','quypro','9','10';
2018-10-30 08:27:45 EXEC SPC_COM_DATA 'quypro','1','1';
2018-10-30 08:27:45 EXEC SPC_COMMON_GET_SUGGEST
2018-10-30 08:27:45 EXEC SPC_COM_DATA 'quypro','1','1';
2018-10-30 08:27:45 EXEC SPC_WRITING_LST2 '9','10','quypro';
2018-10-30 08:27:48 EXEC SPC_COM_MENU '1';
2018-10-30 08:27:48 EXEC SPC_COM_M999_INQ1 '8';
2018-10-30 08:27:48 EXEC SPC_COM_MENU '1';
2018-10-30 08:27:48 EXEC SPC_p003_LST1 '0','','','50','1';
2018-10-30 08:32:10 EXEC SPC_COM_DATA 'quypro','1','1';
2018-10-30 08:32:10 EXEC SPC_WRITING_LST1 '7','quypro','9','10';
2018-10-30 08:32:10 EXEC SPC_COM_DATA 'quypro','1','1';
2018-10-30 08:32:10 EXEC SPC_COMMON_GET_SUGGEST
2018-10-30 08:32:10 EXEC SPC_COM_DATA 'quypro','1','1';
2018-10-30 08:32:10 EXEC SPC_WRITING_LST2 '9','10','quypro';
2018-10-30 08:32:13 EXEC SPC_COM_MENU '1';
2018-10-30 08:32:13 EXEC SPC_COM_M999_INQ1 '8';
2018-10-30 08:32:13 EXEC SPC_COM_MENU '1';
2018-10-30 08:32:13 EXEC SPC_p003_LST1 '0','','','50','1';
2018-10-30 08:32:23 EXEC SPC_COM_MENU '1';
2018-10-30 08:32:23 EXEC SPC_p003_LST1 '0','','','50','1';
2018-10-30 08:34:05 EXEC SPC_COM_DATA 'quypro','1','1';
2018-10-30 08:34:05 EXEC SPC_WRITING_LST1 '7','quypro','9','10';
2018-10-30 08:34:06 EXEC SPC_COM_DATA 'quypro','1','1';
2018-10-30 08:34:06 EXEC SPC_COMMON_GET_SUGGEST
2018-10-30 08:34:06 EXEC SPC_COM_DATA 'quypro','1','1';
2018-10-30 08:34:06 EXEC SPC_WRITING_LST2 '9','10','quypro';
2018-10-30 08:34:09 EXEC SPC_COM_MENU '1';
2018-10-30 08:34:09 EXEC SPC_COM_M999_INQ1 '8';
2018-10-30 08:34:09 EXEC SPC_COM_MENU '1';
2018-10-30 08:34:09 EXEC SPC_p003_LST1 '0','','','50','1';
2018-10-30 08:34:54 EXEC SPC_COM_MENU '1';
2018-10-30 08:34:54 EXEC SPC_p003_LST1 '0','','','50','1';
2018-10-30 08:35:10 EXEC SPC_COM_MENU '1';
2018-10-30 08:35:10 EXEC SPC_COM_M999_INQ1 '8';
2018-10-30 08:35:11 EXEC SPC_COM_MENU '1';
2018-10-30 08:35:11 EXEC SPC_p003_LST1 '0','','','50','1';
2018-10-30 08:49:36 EXEC SPC_COM_DATA 'quypro','1','1';
2018-10-30 08:49:36 EXEC SPC_WRITING_LST1 '7','quypro','9','10';
2018-10-30 08:49:36 EXEC SPC_COM_DATA 'quypro','1','1';
2018-10-30 08:49:36 EXEC SPC_COMMON_GET_SUGGEST
2018-10-30 08:49:37 EXEC SPC_COM_DATA 'quypro','1','1';
2018-10-30 08:49:37 EXEC SPC_WRITING_LST2 '9','10','quypro';
2018-10-30 08:49:40 EXEC SPC_COM_MENU '1';
2018-10-30 08:49:40 EXEC SPC_COM_M999_INQ1 '8';
2018-10-30 08:49:40 EXEC SPC_COM_MENU '1';
2018-10-30 08:49:40 EXEC SPC_p003_LST1 '0','','','50','1';
2018-10-30 08:50:06 EXEC SPC_COM_MENU '1';
2018-10-30 08:50:06 EXEC SPC_COM_M999_INQ1 '8';
2018-10-30 08:50:06 EXEC SPC_COM_MENU '1';
2018-10-30 08:50:06 EXEC SPC_p003_LST1 '0','','','50','1';
