2018-08-01 00:27:04 EXEC SPC_COM_PERMISSION '1','g001';
2018-08-01 00:27:04 EXEC SPC_COM_MENU '1';
2018-08-01 00:27:12 EXEC SPC_COM_PERMISSION '1','w001';
2018-08-01 00:27:12 EXEC SPC_COM_MENU '1';
2018-08-01 00:27:12 EXEC SPC_COM_M999_INQ1 '7';
2018-08-01 00:27:14 EXEC SPC_COM_MENU '1';
2018-08-01 00:27:14 EXEC SPC_w001_LST1 '','','','','10','1';
2018-08-01 00:27:15 EXEC SPC_COM_MENU '1';
2018-08-01 00:27:15 EXEC SPC_COM_M999_INQ1 '8';
2018-08-01 00:27:16 EXEC SPC_COM_MENU '1';
2018-08-01 00:27:16 EXEC SPC_p004_LST1 'POST-1';
2018-08-01 00:27:22 EXEC SPC_COM_MENU '1';
2018-08-01 00:27:22 EXEC SPC_COM_M999_INQ1 '8';
2018-08-01 00:27:22 EXEC SPC_COM_MENU '1';
2018-08-01 00:27:22 EXEC SPC_p004_LST1 'POST-2';
2018-08-01 00:27:56 EXEC SPC_COM_PERMISSION '1','w001';
2018-08-01 00:27:56 EXEC SPC_COM_MENU '1';
2018-08-01 00:27:56 EXEC SPC_COM_M999_INQ1 '7';
2018-08-01 00:27:58 EXEC SPC_COM_MENU '1';
2018-08-01 00:27:58 EXEC SPC_w001_LST1 '','','','','10','1';
2018-08-01 00:27:59 EXEC SPC_COM_MENU '1';
2018-08-01 00:27:59 EXEC SPC_COM_M999_INQ1 '8';
2018-08-01 00:27:59 EXEC SPC_COM_MENU '1';
2018-08-01 00:27:59 EXEC SPC_p004_LST1 'POST-2';
2018-08-01 00:28:11 EXEC SPC_COM_MENU '1';
2018-08-01 00:28:11 EXEC SPC_COM_M999_INQ1 '8';
2018-08-01 00:28:12 EXEC SPC_COM_MENU '1';
2018-08-01 00:28:12 EXEC SPC_p004_LST1 'POST-1';
2018-08-01 00:28:14 EXEC SPC_COM_MENU '1';
2018-08-01 00:28:14 EXEC SPC_COM_M999_INQ1 '8';
2018-08-01 00:28:15 EXEC SPC_COM_MENU '1';
2018-08-01 00:28:15 EXEC SPC_p004_LST1 'POST-3';
2018-08-01 00:28:32 EXEC SPC_COM_MENU '1';
2018-08-01 00:28:32 EXEC SPC_COM_M999_INQ1 '8';
2018-08-01 00:28:32 EXEC SPC_COM_MENU '1';
2018-08-01 00:28:32 EXEC SPC_p004_LST1 'POST-2';
2018-08-01 00:28:42 EXEC SPC_COM_MENU '1';
2018-08-01 00:28:42 EXEC SPC_COM_M999_INQ1 '8';
2018-08-01 00:28:42 EXEC SPC_COM_MENU '1';
2018-08-01 00:28:43 EXEC SPC_p004_LST1 'POST-3';
2018-08-01 00:34:45 EXEC SPC_COM_PERMISSION '1','w001';
2018-08-01 00:34:45 EXEC SPC_COM_MENU '1';
2018-08-01 00:34:45 EXEC SPC_COM_M999_INQ1 '7';
2018-08-01 00:34:49 EXEC SPC_COM_MENU '1';
2018-08-01 00:34:49 EXEC SPC_w001_LST1 '','','','','10','1';
2018-08-01 00:34:52 EXEC SPC_COM_MENU '1';
2018-08-01 00:34:52 EXEC SPC_COM_M999_INQ1 '8';
2018-08-01 00:34:52 EXEC SPC_COM_MENU '1';
2018-08-01 00:34:52 EXEC SPC_p004_LST1 'POST-1';
2018-08-01 00:35:39 EXEC SPC_COM_PERMISSION '1','w002';
2018-08-01 00:35:39 EXEC SPC_COM_MENU '1';
2018-08-01 00:35:39 EXEC SPC_W002_FND1
2018-08-01 00:37:07 EXEC SPC_COM_PERMISSION '1','w001';
2018-08-01 00:37:07 EXEC SPC_COM_MENU '1';
2018-08-01 00:37:07 EXEC SPC_COM_M999_INQ1 '7';
2018-08-01 00:37:08 EXEC SPC_COM_MENU '1';
2018-08-01 00:37:08 EXEC SPC_w001_LST1 '','','','','10','1';
2018-08-01 00:37:10 EXEC SPC_COM_MENU '1';
2018-08-01 00:37:10 EXEC SPC_COM_M999_INQ1 '8';
2018-08-01 00:37:10 EXEC SPC_COM_MENU '1';
2018-08-01 00:37:10 EXEC SPC_p004_LST1 'POST-1';
2018-08-01 00:52:49 EXEC SPC_COM_PERMISSION '1','w002';
2018-08-01 00:52:49 EXEC SPC_COM_MENU '1';
2018-08-01 00:52:49 EXEC SPC_W002_FND1
2018-08-01 01:01:57 EXEC SPC_COM_PERMISSION '1','w002';
2018-08-01 01:01:57 EXEC SPC_COM_MENU '1';
2018-08-01 01:01:57 EXEC SPC_W002_FND1
2018-08-01 01:02:00 EXEC SPC_COM_PERMISSION '1','w002';
2018-08-01 01:02:00 EXEC SPC_COM_MENU '1';
2018-08-01 01:02:00 EXEC SPC_W002_FND1
2018-08-01 01:02:03 EXEC SPC_COM_PERMISSION '1','w002';
2018-08-01 01:02:03 EXEC SPC_COM_MENU '1';
2018-08-01 01:02:03 EXEC SPC_W002_FND1
2018-08-01 01:02:04 EXEC SPC_COM_PERMISSION '1','w002';
2018-08-01 01:02:04 EXEC SPC_COM_MENU '1';
2018-08-01 01:02:04 EXEC SPC_W002_FND1
2018-08-01 01:06:39 EXEC SPC_COM_PERMISSION '1','w002';
2018-08-01 01:06:39 EXEC SPC_COM_MENU '1';
2018-08-01 01:06:39 EXEC SPC_W002_FND1
2018-08-01 01:06:42 EXEC SPC_COM_MENU '1';
2018-08-01 01:06:42 EXEC SPC_COMMON_CATALORUE '7';
2018-08-01 01:06:46 EXEC SPC_COM_PERMISSION '1','w002';
2018-08-01 01:06:46 EXEC SPC_COM_MENU '1';
2018-08-01 01:06:46 EXEC SPC_W002_FND1
2018-08-01 01:07:22 EXEC SPC_COM_PERMISSION '1','w002';
2018-08-01 01:07:22 EXEC SPC_COM_MENU '1';
2018-08-01 01:07:22 EXEC SPC_W002_FND1
2018-08-01 01:07:26 EXEC SPC_COM_MENU '1';
2018-08-01 01:07:26 EXEC SPC_COMMON_CATALORUE '7';
2018-08-01 01:07:42 EXEC SPC_COM_PERMISSION '1','w002';
2018-08-01 01:07:42 EXEC SPC_COM_MENU '1';
2018-08-01 01:07:43 EXEC SPC_W002_FND1
2018-08-01 01:07:46 EXEC SPC_COM_MENU '1';
2018-08-01 01:07:46 EXEC SPC_COMMON_CATALORUE '7';
2018-08-01 01:11:53 EXEC SPC_COM_PERMISSION '1','w002';
2018-08-01 01:11:53 EXEC SPC_COM_MENU '1';
2018-08-01 01:11:53 EXEC SPC_W002_FND1
2018-08-01 01:11:58 EXEC SPC_COM_MENU '1';
2018-08-01 01:11:58 EXEC SPC_COMMON_CATALORUE '7';
2018-08-01 01:15:36 EXEC SPC_COM_PERMISSION '1','w002';
2018-08-01 01:15:36 EXEC SPC_COM_MENU '1';
2018-08-01 01:15:36 EXEC SPC_W002_FND1
2018-08-01 01:15:40 EXEC SPC_COM_MENU '1';
2018-08-01 01:15:40 EXEC SPC_COMMON_CATALORUE '7';
2018-08-01 01:16:03 EXEC SPC_COM_PERMISSION '1','w002';
2018-08-01 01:16:03 EXEC SPC_COM_MENU '1';
2018-08-01 01:16:03 EXEC SPC_W002_FND1
2018-08-01 01:16:07 EXEC SPC_COM_MENU '1';
2018-08-01 01:16:07 EXEC SPC_COMMON_CATALORUE '7';
2018-08-01 01:16:09 EXEC SPC_COM_PERMISSION '1','w002';
2018-08-01 01:16:09 EXEC SPC_COM_MENU '1';
2018-08-01 01:16:09 EXEC SPC_W002_FND1
2018-08-01 01:20:58 EXEC SPC_COM_PERMISSION '1','w002';
2018-08-01 01:20:58 EXEC SPC_COM_MENU '1';
2018-08-01 01:20:58 EXEC SPC_W002_FND1
2018-08-01 01:21:01 EXEC SPC_COM_MENU '1';
2018-08-01 01:21:01 EXEC SPC_COMMON_CATALORUE '7';
2018-08-01 01:22:10 EXEC SPC_COM_PERMISSION '1','w002';
2018-08-01 01:22:10 EXEC SPC_COM_MENU '1';
2018-08-01 01:22:10 EXEC SPC_W002_FND1
2018-08-01 01:22:14 EXEC SPC_COM_MENU '1';
2018-08-01 01:22:14 EXEC SPC_COMMON_CATALORUE '7';
2018-08-01 01:23:02 EXEC SPC_COM_PERMISSION '1','w002';
2018-08-01 01:23:02 EXEC SPC_COM_MENU '1';
2018-08-01 01:23:02 EXEC SPC_W002_FND1
2018-08-01 01:23:05 EXEC SPC_COM_MENU '1';
2018-08-01 01:23:05 EXEC SPC_COMMON_CATALORUE '7';
2018-08-01 01:23:40 EXEC SPC_COM_PERMISSION '1','w002';
2018-08-01 01:23:40 EXEC SPC_COM_MENU '1';
2018-08-01 01:23:40 EXEC SPC_W002_FND1
2018-08-01 01:23:45 EXEC SPC_COM_MENU '1';
2018-08-01 01:23:45 EXEC SPC_COMMON_CATALORUE '7';
2018-08-01 01:23:48 EXEC SPC_COM_PERMISSION '1','w002';
2018-08-01 01:23:48 EXEC SPC_COM_MENU '1';
2018-08-01 01:23:48 EXEC SPC_W002_FND1
2018-08-01 01:25:18 EXEC SPC_COM_PERMISSION '1','w002';
2018-08-01 01:25:18 EXEC SPC_COM_MENU '1';
2018-08-01 01:25:18 EXEC SPC_W002_FND1
2018-08-01 01:25:21 EXEC SPC_COM_MENU '1';
2018-08-01 01:25:21 EXEC SPC_COMMON_CATALORUE '7';
2018-08-01 01:25:24 EXEC SPC_COM_PERMISSION '1','w002';
2018-08-01 01:25:24 EXEC SPC_COM_MENU '1';
2018-08-01 01:25:24 EXEC SPC_W002_FND1
2018-08-01 01:27:21 EXEC SPC_COM_PERMISSION '1','w002';
2018-08-01 01:27:21 EXEC SPC_COM_MENU '1';
2018-08-01 01:27:21 EXEC SPC_W002_FND1
2018-08-01 01:27:24 EXEC SPC_COM_MENU '1';
2018-08-01 01:27:24 EXEC SPC_COMMON_CATALORUE '3';
2018-08-01 01:29:42 EXEC SPC_COM_PERMISSION '1','w002';
2018-08-01 01:29:42 EXEC SPC_COM_MENU '1';
2018-08-01 01:29:42 EXEC SPC_W002_FND1
2018-08-01 01:29:46 EXEC SPC_COM_MENU '1';
2018-08-01 01:29:46 EXEC SPC_COMMON_CATALORUE '7';
2018-08-01 01:30:26 EXEC SPC_COM_PERMISSION '1','w002';
2018-08-01 01:30:26 EXEC SPC_COM_MENU '1';
2018-08-01 01:30:26 EXEC SPC_W002_FND1
2018-08-01 01:30:29 EXEC SPC_COM_MENU '1';
2018-08-01 01:30:29 EXEC SPC_COMMON_CATALORUE '7';
2018-08-01 01:31:21 EXEC SPC_COM_PERMISSION '1','w002';
2018-08-01 01:31:21 EXEC SPC_COM_MENU '1';
2018-08-01 01:31:21 EXEC SPC_W002_FND1
2018-08-01 01:31:25 EXEC SPC_COM_MENU '1';
2018-08-01 01:31:25 EXEC SPC_COMMON_CATALORUE '7';
2018-08-01 01:33:19 EXEC SPC_COM_PERMISSION '1','w002';
2018-08-01 01:33:19 EXEC SPC_COM_MENU '1';
2018-08-01 01:33:19 EXEC SPC_W002_FND1
2018-08-01 02:09:41 EXEC SPC_COM_MENU '1';
2018-08-01 02:09:41 EXEC SPC_COMMON_CATALORUE '1';
2018-08-01 02:09:44 EXEC SPC_COM_MENU '1';
2018-08-01 02:09:44 EXEC SPC_COMMON_GROUP 'CAT-12';
2018-08-01 02:19:08 EXEC SPC_COM_PERMISSION '1','w002';
2018-08-01 02:19:08 EXEC SPC_COM_MENU '1';
2018-08-01 02:19:08 EXEC SPC_W002_FND1
2018-08-01 02:19:19 EXEC SPC_COM_PERMISSION '1','w002';
2018-08-01 02:19:19 EXEC SPC_COM_MENU '1';
2018-08-01 02:19:19 EXEC SPC_W002_FND1
2018-08-01 03:03:34 EXEC SPC_COM_PERMISSION '1','w002';
2018-08-01 03:03:34 EXEC SPC_COM_MENU '1';
2018-08-01 03:03:34 EXEC SPC_W002_FND1
2018-08-01 03:04:47 EXEC SPC_COM_PERMISSION '1','w002';
2018-08-01 03:04:47 EXEC SPC_COM_MENU '1';
2018-08-01 03:04:47 EXEC SPC_W002_FND1
2018-08-01 03:05:06 EXEC SPC_COM_PERMISSION '1','w002';
2018-08-01 03:05:06 EXEC SPC_COM_MENU '1';
2018-08-01 03:05:06 EXEC SPC_W002_FND1
2018-08-01 03:05:38 EXEC SPC_COM_PERMISSION '1','w002';
2018-08-01 03:05:38 EXEC SPC_COM_MENU '1';
2018-08-01 03:05:38 EXEC SPC_W002_FND1
2018-08-01 03:05:45 EXEC SPC_COM_MENU '1';
2018-08-01 04:08:17 EXEC SPC_COM_PERMISSION '1','w002';
2018-08-01 04:08:17 EXEC SPC_COM_MENU '1';
2018-08-01 04:08:17 EXEC SPC_W002_FND1
2018-08-01 04:08:29 EXEC SPC_COM_MENU '1';
2018-08-01 04:08:59 EXEC SPC_COM_PERMISSION '1','w002';
2018-08-01 04:08:59 EXEC SPC_COM_MENU '1';
2018-08-01 04:08:59 EXEC SPC_W002_FND1
2018-08-01 04:09:05 EXEC SPC_COM_MENU '1';
2018-08-01 04:09:05 EXEC SPC_W002_LST1 'POST-1';
2018-08-01 04:09:55 EXEC SPC_COM_PERMISSION '1','w002';
2018-08-01 04:09:55 EXEC SPC_COM_MENU '1';
2018-08-01 04:09:55 EXEC SPC_W002_FND1
2018-08-01 04:11:24 EXEC SPC_COM_PERMISSION '1','w002';
2018-08-01 04:11:24 EXEC SPC_COM_MENU '1';
2018-08-01 04:11:24 EXEC SPC_W002_FND1
2018-08-01 04:11:33 EXEC SPC_COM_PERMISSION '1','w002';
2018-08-01 04:11:33 EXEC SPC_COM_MENU '1';
2018-08-01 04:11:33 EXEC SPC_W002_FND1
2018-08-01 04:12:41 EXEC SPC_COM_PERMISSION '1','w002';
2018-08-01 04:12:41 EXEC SPC_COM_MENU '1';
2018-08-01 04:12:41 EXEC SPC_W002_FND1
2018-08-01 04:12:49 EXEC SPC_COM_PERMISSION '1','w002';
2018-08-01 04:12:49 EXEC SPC_COM_MENU '1';
2018-08-01 04:12:49 EXEC SPC_W002_FND1
2018-08-01 04:13:34 EXEC SPC_COM_PERMISSION '1','w002';
2018-08-01 04:13:34 EXEC SPC_COM_MENU '1';
2018-08-01 04:13:34 EXEC SPC_W002_FND1
2018-08-01 04:13:47 EXEC SPC_COM_PERMISSION '1','w002';
2018-08-01 04:13:47 EXEC SPC_COM_MENU '1';
2018-08-01 04:13:47 EXEC SPC_W002_FND1
2018-08-01 04:14:12 EXEC SPC_COM_PERMISSION '1','w002';
2018-08-01 04:14:12 EXEC SPC_COM_MENU '1';
2018-08-01 04:14:12 EXEC SPC_W002_FND1
2018-08-01 04:14:48 EXEC SPC_COM_PERMISSION '1','w002';
2018-08-01 04:14:48 EXEC SPC_COM_MENU '1';
2018-08-01 04:14:48 EXEC SPC_W002_FND1
2018-08-01 04:15:30 EXEC SPC_COM_PERMISSION '1','w002';
2018-08-01 04:15:30 EXEC SPC_COM_MENU '1';
2018-08-01 04:15:30 EXEC SPC_W002_FND1
2018-08-01 04:16:53 EXEC SPC_COM_PERMISSION '1','w002';
2018-08-01 04:16:53 EXEC SPC_COM_MENU '1';
2018-08-01 04:16:53 EXEC SPC_W002_FND1
2018-08-01 04:17:13 EXEC SPC_COM_PERMISSION '1','w002';
2018-08-01 04:17:13 EXEC SPC_COM_MENU '1';
2018-08-01 04:17:13 EXEC SPC_W002_FND1
2018-08-01 04:18:07 EXEC SPC_COM_PERMISSION '1','w002';
2018-08-01 04:18:07 EXEC SPC_COM_MENU '1';
2018-08-01 04:18:07 EXEC SPC_W002_FND1
2018-08-01 04:18:33 EXEC SPC_COM_MENU '1';
2018-08-01 04:18:33 EXEC SPC_W002_LST1 '';
2018-08-01 04:19:24 EXEC SPC_COM_PERMISSION '1','w002';
2018-08-01 04:19:24 EXEC SPC_COM_MENU '1';
2018-08-01 04:19:25 EXEC SPC_W002_FND1
2018-08-01 04:19:28 EXEC SPC_COM_PERMISSION '1','w002';
2018-08-01 04:19:28 EXEC SPC_COM_MENU '1';
2018-08-01 04:19:28 EXEC SPC_W002_FND1
2018-08-01 04:20:02 EXEC SPC_COM_PERMISSION '1','w002';
2018-08-01 04:20:02 EXEC SPC_COM_MENU '1';
2018-08-01 04:20:02 EXEC SPC_W002_FND1
2018-08-01 04:20:10 EXEC SPC_COM_MENU '1';
2018-08-01 04:20:11 EXEC SPC_W002_LST1 'POST-1';
2018-08-01 04:22:24 EXEC SPC_COM_PERMISSION '1','w002';
2018-08-01 04:22:24 EXEC SPC_COM_MENU '1';
2018-08-01 04:22:24 EXEC SPC_W002_FND1
2018-08-01 04:22:29 EXEC SPC_COM_MENU '1';
2018-08-01 04:22:29 EXEC SPC_W002_LST1 'POST-1';
2018-08-01 04:23:15 EXEC SPC_COM_MENU '1';
2018-08-01 04:23:15 EXEC SPC_W002_LST1 'POST-2';
2018-08-01 04:23:24 EXEC SPC_COM_MENU '1';
2018-08-01 04:23:24 EXEC SPC_W002_LST1 'POST-1';
2018-08-01 04:24:52 EXEC SPC_COM_PERMISSION '1','w002';
2018-08-01 04:24:52 EXEC SPC_COM_MENU '1';
2018-08-01 04:24:52 EXEC SPC_W002_FND1
2018-08-01 04:25:38 EXEC SPC_COM_PERMISSION '1','w002';
2018-08-01 04:25:38 EXEC SPC_COM_MENU '1';
2018-08-01 04:25:38 EXEC SPC_W002_FND1
2018-08-01 04:25:45 EXEC SPC_COM_MENU '1';
2018-08-01 04:25:45 EXEC SPC_W002_LST1 'POST-1';
2018-08-01 04:29:41 EXEC SPC_COM_PERMISSION '1','w002';
2018-08-01 04:29:41 EXEC SPC_COM_MENU '1';
2018-08-01 04:29:41 EXEC SPC_W002_FND1
2018-08-01 04:29:44 EXEC SPC_COM_MENU '1';
2018-08-01 04:29:44 EXEC SPC_W002_LST1 'POST-1';
2018-08-01 04:30:23 EXEC SPC_COM_PERMISSION '1','w002';
2018-08-01 04:30:23 EXEC SPC_COM_MENU '1';
2018-08-01 04:30:23 EXEC SPC_W002_FND1
2018-08-01 04:30:37 EXEC SPC_COM_PERMISSION '1','w002';
2018-08-01 04:30:37 EXEC SPC_COM_MENU '1';
2018-08-01 04:30:37 EXEC SPC_W002_FND1
2018-08-01 04:31:50 EXEC SPC_COM_MENU '1';
2018-08-01 04:31:50 EXEC SPC_W002_LST1 'POST-2';
2018-08-01 04:40:27 EXEC SPC_COM_PERMISSION '1','w002';
2018-08-01 04:40:27 EXEC SPC_COM_MENU '1';
2018-08-01 04:40:27 EXEC SPC_W002_FND1
2018-08-01 04:40:31 EXEC SPC_COM_MENU '1';
2018-08-01 04:40:31 EXEC SPC_W002_LST1 'POST-1';
2018-08-01 04:41:47 EXEC SPC_COM_PERMISSION '1','w002';
2018-08-01 04:41:47 EXEC SPC_COM_MENU '1';
2018-08-01 04:41:47 EXEC SPC_W002_FND1
2018-08-01 04:41:51 EXEC SPC_COM_MENU '1';
2018-08-01 04:41:51 EXEC SPC_W002_LST1 'POST-1';
2018-08-01 04:42:22 EXEC SPC_COM_PERMISSION '1','w002';
2018-08-01 04:42:22 EXEC SPC_COM_MENU '1';
2018-08-01 04:42:22 EXEC SPC_W002_FND1
2018-08-01 04:42:25 EXEC SPC_COM_MENU '1';
2018-08-01 04:42:25 EXEC SPC_W002_LST1 'POST-1';
2018-08-01 04:43:22 EXEC SPC_COM_PERMISSION '1','w002';
2018-08-01 04:43:22 EXEC SPC_COM_MENU '1';
2018-08-01 04:43:22 EXEC SPC_W002_FND1
2018-08-01 04:43:24 EXEC SPC_COM_MENU '1';
2018-08-01 04:43:24 EXEC SPC_W002_LST1 'POST-1';
2018-08-01 04:43:24 EXEC SPC_COM_MENU '1';
2018-08-01 04:43:24 EXEC SPC_COMMON_CATALORUE '4';
2018-08-01 04:43:25 EXEC SPC_COM_MENU '1';
2018-08-01 04:43:25 EXEC SPC_COMMON_GROUP 'CAT-6';
2018-08-01 04:43:45 EXEC SPC_COM_MENU '1';
2018-08-01 04:43:45 EXEC SPC_W002_LST1 'POST-2';
2018-08-01 04:43:46 EXEC SPC_COM_MENU '1';
2018-08-01 04:43:46 EXEC SPC_COMMON_CATALORUE '3';
2018-08-01 04:43:46 EXEC SPC_COM_MENU '1';
2018-08-01 04:43:46 EXEC SPC_COMMON_GROUP '';
2018-08-01 04:43:46 EXEC SPC_COM_MENU '1';
2018-08-01 04:43:46 EXEC SPC_COMMON_GROUP 'CAT-8';
2018-08-01 04:44:25 EXEC SPC_COM_PERMISSION '1','w002';
2018-08-01 04:44:25 EXEC SPC_COM_MENU '1';
2018-08-01 04:44:25 EXEC SPC_W002_FND1
2018-08-01 04:47:18 EXEC SPC_COM_PERMISSION '1','w002';
2018-08-01 04:47:18 EXEC SPC_COM_MENU '1';
2018-08-01 04:47:18 EXEC SPC_W002_FND1
2018-08-01 04:47:20 EXEC SPC_COM_MENU '1';
2018-08-01 04:47:20 EXEC SPC_W002_LST1 'POST-1';
2018-08-01 04:47:21 EXEC SPC_COM_MENU '1';
2018-08-01 04:47:21 EXEC SPC_COMMON_CATALORUE '4';
2018-08-01 04:47:21 EXEC SPC_COM_MENU '1';
2018-08-01 04:47:21 EXEC SPC_COMMON_GROUP 'CAT-6';
2018-08-01 04:47:56 EXEC SPC_COM_PERMISSION '1','w002';
2018-08-01 04:47:56 EXEC SPC_COM_MENU '1';
2018-08-01 04:47:56 EXEC SPC_W002_FND1
2018-08-01 04:47:59 EXEC SPC_COM_MENU '1';
2018-08-01 04:47:59 EXEC SPC_W002_LST1 'POST-1';
2018-08-01 04:47:59 EXEC SPC_COM_MENU '1';
2018-08-01 04:47:59 EXEC SPC_COMMON_CATALORUE '4';
2018-08-01 04:47:59 EXEC SPC_COM_MENU '1';
2018-08-01 04:47:59 EXEC SPC_COMMON_GROUP 'CAT-6';
2018-08-01 04:48:21 EXEC SPC_COM_PERMISSION '1','w002';
2018-08-01 04:48:21 EXEC SPC_COM_MENU '1';
2018-08-01 04:48:21 EXEC SPC_W002_FND1
2018-08-01 04:48:26 EXEC SPC_COM_MENU '1';
2018-08-01 04:48:26 EXEC SPC_W002_LST1 'POST-1';
2018-08-01 04:48:27 EXEC SPC_COM_MENU '1';
2018-08-01 04:48:27 EXEC SPC_COMMON_CATALORUE '4';
2018-08-01 04:48:27 EXEC SPC_COM_MENU '1';
2018-08-01 04:48:27 EXEC SPC_COMMON_GROUP 'CAT-6';
2018-08-01 04:50:37 EXEC SPC_COM_PERMISSION '1','w002';
2018-08-01 04:50:37 EXEC SPC_COM_MENU '1';
2018-08-01 04:50:37 EXEC SPC_W002_FND1
2018-08-01 04:50:40 EXEC SPC_COM_MENU '1';
2018-08-01 04:50:40 EXEC SPC_W002_LST1 'POST-1';
2018-08-01 04:50:40 EXEC SPC_COM_MENU '1';
2018-08-01 04:50:40 EXEC SPC_COMMON_CATALORUE '4';
2018-08-01 04:50:40 EXEC SPC_COM_MENU '1';
2018-08-01 04:50:40 EXEC SPC_COMMON_GROUP 'CAT-6';
2018-08-01 04:51:12 EXEC SPC_COM_PERMISSION '1','w002';
2018-08-01 04:51:12 EXEC SPC_COM_MENU '1';
2018-08-01 04:51:12 EXEC SPC_W002_FND1
2018-08-01 04:51:14 EXEC SPC_COM_MENU '1';
2018-08-01 04:51:14 EXEC SPC_W002_LST1 'POST-1';
2018-08-01 04:51:14 EXEC SPC_COM_MENU '1';
2018-08-01 04:51:14 EXEC SPC_COMMON_CATALORUE '4';
2018-08-01 04:51:15 EXEC SPC_COM_MENU '1';
2018-08-01 04:51:15 EXEC SPC_COMMON_GROUP 'CAT-6';
2018-08-01 04:52:26 EXEC SPC_COM_MENU '1';
2018-08-01 04:52:27 EXEC SPC_W002_LST1 'POST-2';
2018-08-01 04:52:27 EXEC SPC_COM_MENU '1';
2018-08-01 04:52:27 EXEC SPC_COMMON_CATALORUE '3';
2018-08-01 04:52:27 EXEC SPC_COM_MENU '1';
2018-08-01 04:52:27 EXEC SPC_COMMON_GROUP '';
2018-08-01 04:52:27 EXEC SPC_COM_MENU '1';
2018-08-01 04:52:27 EXEC SPC_COMMON_GROUP 'CAT-8';
2018-08-01 04:52:58 EXEC SPC_COM_PERMISSION '1','w002';
2018-08-01 04:52:58 EXEC SPC_COM_MENU '1';
2018-08-01 04:52:58 EXEC SPC_W002_FND1
2018-08-01 04:53:00 EXEC SPC_COM_MENU '1';
2018-08-01 04:53:00 EXEC SPC_W002_LST1 'POST-1';
2018-08-01 04:53:00 EXEC SPC_COM_MENU '1';
2018-08-01 04:53:00 EXEC SPC_COMMON_CATALORUE '4';
2018-08-01 04:53:01 EXEC SPC_COM_MENU '1';
2018-08-01 04:53:01 EXEC SPC_COMMON_GROUP 'CAT-6';
2018-08-01 04:53:04 EXEC SPC_COM_MENU '1';
2018-08-01 04:53:04 EXEC SPC_W002_LST1 'POST-2';
2018-08-01 04:53:05 EXEC SPC_COM_MENU '1';
2018-08-01 04:53:05 EXEC SPC_COMMON_CATALORUE '3';
2018-08-01 04:53:05 EXEC SPC_COM_MENU '1';
2018-08-01 04:53:05 EXEC SPC_COM_MENU '1';
2018-08-01 04:53:05 EXEC SPC_COMMON_GROUP '';
2018-08-01 04:53:05 EXEC SPC_COMMON_GROUP 'CAT-8';
2018-08-01 04:53:15 EXEC SPC_COM_PERMISSION '1','w002';
2018-08-01 04:53:15 EXEC SPC_COM_MENU '1';
2018-08-01 04:53:15 EXEC SPC_W002_FND1
2018-08-01 04:53:17 EXEC SPC_COM_MENU '1';
2018-08-01 04:53:17 EXEC SPC_W002_LST1 'POST-1';
2018-08-01 04:53:17 EXEC SPC_COM_MENU '1';
2018-08-01 04:53:17 EXEC SPC_COMMON_CATALORUE '4';
2018-08-01 04:53:17 EXEC SPC_COM_MENU '1';
2018-08-01 04:53:17 EXEC SPC_COMMON_GROUP 'CAT-6';
2018-08-01 04:53:25 EXEC SPC_COM_MENU '1';
2018-08-01 04:53:25 EXEC SPC_W002_LST1 'POST-2';
2018-08-01 04:53:25 EXEC SPC_COM_MENU '1';
2018-08-01 04:53:25 EXEC SPC_COMMON_CATALORUE '3';
2018-08-01 04:53:26 EXEC SPC_COM_MENU '1';
2018-08-01 04:53:26 EXEC SPC_COM_MENU '1';
2018-08-01 04:53:26 EXEC SPC_COMMON_GROUP '';
8';
2018-08-01 04:55:58 EXEC SPC_COM_PERMISSION '1','w002';
2018-08-01 04:55:58 EXEC SPC_COM_MENU '1';
2018-08-01 04:55:58 EXEC SPC_W002_FND1
2018-08-01 04:56:01 EXEC SPC_COM_MENU '1';
2018-08-01 04:56:01 EXEC SPC_W002_LST1 'POST-1';
2018-08-01 04:56:01 EXEC SPC_COM_MENU '1';
2018-08-01 04:56:01 EXEC SPC_COMMON_CATALORUE '4';
2018-08-01 04:56:01 EXEC SPC_COM_MENU '1';
2018-08-01 04:56:01 EXEC SPC_COMMON_GROUP 'CAT-6';
2018-08-01 04:56:05 EXEC SPC_COM_MENU '1';
2018-08-01 04:56:05 EXEC SPC_W002_LST1 'POST-2';
2018-08-01 04:56:06 EXEC SPC_COM_MENU '1';
2018-08-01 04:56:06 EXEC SPC_COMMON_CATALORUE '3';
2018-08-01 04:56:06 EXEC SPC_COM_MENU '1';
2018-08-01 04:56:06 EXEC SPC_COMMON_GROUP '';
2018-08-01 04:56:06 EXEC SPC_COM_MENU '1';
2018-08-01 04:56:06 EXEC SPC_COMMON_GROUP 'CAT-8';
2018-08-01 04:57:39 EXEC SPC_COM_PERMISSION '1','w002';
2018-08-01 04:57:39 EXEC SPC_COM_MENU '1';
2018-08-01 04:57:39 EXEC SPC_W002_FND1
2018-08-01 04:57:46 EXEC SPC_COM_PERMISSION '1','w002';
2018-08-01 04:57:46 EXEC SPC_COM_MENU '1';
2018-08-01 04:57:46 EXEC SPC_W002_FND1
2018-08-01 04:57:48 EXEC SPC_COM_MENU '1';
2018-08-01 04:57:48 EXEC SPC_W002_LST1 'POST-1';
2018-08-01 04:57:48 EXEC SPC_COM_MENU '1';
2018-08-01 04:57:48 EXEC SPC_COMMON_CATALORUE '4';
2018-08-01 04:57:49 EXEC SPC_COM_MENU '1';
2018-08-01 04:57:49 EXEC SPC_COMMON_GROUP 'CAT-6';
2018-08-01 04:57:54 EXEC SPC_COM_MENU '1';
2018-08-01 04:57:54 EXEC SPC_W002_LST1 'POST-2';
2018-08-01 04:57:54 EXEC SPC_COM_MENU '1';
2018-08-01 04:57:54 EXEC SPC_COMMON_CATALORUE '3';
2018-08-01 04:57:55 EXEC SPC_COM_MENU '1';
2018-08-01 04:57:55 EXEC SPC_COM_MENU '1';
2018-08-01 04:57:55 EXEC SPC_COMMON_GROUP 'CAT-8';
2018-08-01 04:57:55 EXEC SPC_COMMON_GROUP '';
2018-08-01 04:58:16 EXEC SPC_COM_PERMISSION '1','w002';
2018-08-01 04:58:16 EXEC SPC_COM_MENU '1';
2018-08-01 04:58:16 EXEC SPC_W002_FND1
2018-08-01 04:58:18 EXEC SPC_COM_MENU '1';
2018-08-01 04:58:18 EXEC SPC_W002_LST1 'POST-1';
2018-08-01 04:58:18 EXEC SPC_COM_MENU '1';
2018-08-01 04:58:18 EXEC SPC_COMMON_CATALORUE '4';
2018-08-01 04:58:18 EXEC SPC_COM_MENU '1';
2018-08-01 04:58:18 EXEC SPC_COMMON_GROUP 'CAT-6';
2018-08-01 04:58:45 EXEC SPC_COM_PERMISSION '1','w002';
2018-08-01 04:58:45 EXEC SPC_COM_MENU '1';
2018-08-01 04:58:45 EXEC SPC_W002_FND1
2018-08-01 04:58:46 EXEC SPC_COM_MENU '1';
2018-08-01 04:58:46 EXEC SPC_W002_LST1 'POST-1';
2018-08-01 04:58:47 EXEC SPC_COM_MENU '1';
2018-08-01 04:58:47 EXEC SPC_COMMON_CATALORUE '4';
2018-08-01 04:58:47 EXEC SPC_COM_MENU '1';
2018-08-01 04:58:47 EXEC SPC_COMMON_GROUP 'CAT-6';
2018-08-01 05:01:20 EXEC SPC_COM_PERMISSION '1','w002';
2018-08-01 05:01:20 EXEC SPC_COM_MENU '1';
2018-08-01 05:01:20 EXEC SPC_W002_FND1
2018-08-01 05:01:23 EXEC SPC_COM_MENU '1';
2018-08-01 05:01:23 EXEC SPC_W002_LST1 'POST-1';
2018-08-01 05:01:24 EXEC SPC_COM_MENU '1';
2018-08-01 05:01:24 EXEC SPC_COMMON_CATALORUE '4';
2018-08-01 05:01:24 EXEC SPC_COM_MENU '1';
2018-08-01 05:01:24 EXEC SPC_COMMON_GROUP 'CAT-6';
2018-08-01 05:01:43 EXEC SPC_COM_PERMISSION '1','w002';
2018-08-01 05:01:43 EXEC SPC_COM_MENU '1';
2018-08-01 05:01:43 EXEC SPC_W002_FND1
2018-08-01 05:01:46 EXEC SPC_COM_MENU '1';
2018-08-01 05:01:46 EXEC SPC_W002_LST1 'POST-1';
2018-08-01 05:01:46 EXEC SPC_COM_MENU '1';
2018-08-01 05:01:46 EXEC SPC_COMMON_CATALORUE '4';
2018-08-01 05:01:46 EXEC SPC_COM_MENU '1';
2018-08-01 05:01:46 EXEC SPC_COMMON_GROUP 'CAT-6';
2018-08-01 05:03:42 EXEC SPC_COM_PERMISSION '1','w002';
2018-08-01 05:03:43 EXEC SPC_COM_MENU '1';
2018-08-01 05:03:43 EXEC SPC_W002_FND1
2018-08-01 05:03:45 EXEC SPC_COM_MENU '1';
2018-08-01 05:03:45 EXEC SPC_W002_LST1 'POST-1';
2018-08-01 05:03:46 EXEC SPC_COM_MENU '1';
2018-08-01 05:03:46 EXEC SPC_COMMON_CATALORUE '4';
2018-08-01 05:03:46 EXEC SPC_COM_MENU '1';
2018-08-01 05:03:46 EXEC SPC_COMMON_GROUP 'CAT-6';
2018-08-01 05:03:55 EXEC SPC_COM_PERMISSION '1','w002';
2018-08-01 05:03:55 EXEC SPC_COM_MENU '1';
2018-08-01 05:03:55 EXEC SPC_W002_FND1
2018-08-01 05:04:08 EXEC SPC_COM_PERMISSION '1','w002';
2018-08-01 05:04:08 EXEC SPC_COM_MENU '1';
2018-08-01 05:04:08 EXEC SPC_W002_FND1
2018-08-01 05:04:10 EXEC SPC_COM_MENU '1';
2018-08-01 05:04:11 EXEC SPC_W002_LST1 'POST-1';
2018-08-01 05:04:11 EXEC SPC_COM_MENU '1';
2018-08-01 05:04:11 EXEC SPC_COMMON_CATALORUE '4';
2018-08-01 05:04:11 EXEC SPC_COM_MENU '1';
2018-08-01 05:04:11 EXEC SPC_COMMON_GROUP 'CAT-6';
2018-08-01 05:04:34 EXEC SPC_COM_PERMISSION '1','w002';
2018-08-01 05:04:34 EXEC SPC_COM_MENU '1';
2018-08-01 05:04:34 EXEC SPC_W002_FND1
2018-08-01 05:04:36 EXEC SPC_COM_MENU '1';
2018-08-01 05:04:36 EXEC SPC_W002_LST1 'POST-1';
2018-08-01 05:04:36 EXEC SPC_COM_MENU '1';
2018-08-01 05:04:36 EXEC SPC_COMMON_CATALORUE '4';
2018-08-01 05:04:37 EXEC SPC_COM_MENU '1';
2018-08-01 05:04:37 EXEC SPC_COMMON_GROUP 'CAT-6';
2018-08-01 05:07:41 EXEC SPC_COM_PERMISSION '1','w002';
2018-08-01 05:07:41 EXEC SPC_COM_MENU '1';
2018-08-01 05:07:41 EXEC SPC_W002_FND1
2018-08-01 05:07:42 EXEC SPC_COM_MENU '1';
2018-08-01 05:07:42 EXEC SPC_W002_LST1 'POST-1';
2018-08-01 05:07:43 EXEC SPC_COM_MENU '1';
2018-08-01 05:07:43 EXEC SPC_COMMON_CATALORUE '4';
2018-08-01 05:07:43 EXEC SPC_COM_MENU '1';
2018-08-01 05:07:43 EXEC SPC_COMMON_GROUP 'CAT-6';
2018-08-01 05:07:49 EXEC SPC_COM_MENU '1';
2018-08-01 05:07:49 EXEC SPC_W002_LST1 'POST-2';
2018-08-01 05:07:50 EXEC SPC_COM_MENU '1';
2018-08-01 05:07:50 EXEC SPC_COMMON_CATALORUE '3';
2018-08-01 05:07:50 EXEC SPC_COM_MENU '1';
2018-08-01 05:07:50 EXEC SPC_COMMON_GROUP '';
2018-08-01 05:07:50 EXEC SPC_COM_MENU '1';
2018-08-01 05:07:50 EXEC SPC_COMMON_GROUP 'CAT-8';
2018-08-01 05:07:59 EXEC SPC_COM_MENU '1';
2018-08-01 05:07:59 EXEC SPC_W002_LST1 'POST-3';
2018-08-01 05:08:00 EXEC SPC_COM_MENU '1';
2018-08-01 05:08:00 EXEC SPC_COMMON_CATALORUE '7';
2018-08-01 05:08:00 EXEC SPC_COM_MENU '1';
2018-08-01 05:08:00 EXEC SPC_COM_MENU '1';
2018-08-01 05:08:00 EXEC SPC_COMMON_GROUP 'CAT-1025';
2018-08-01 05:08:00 EXEC SPC_COMMON_GROUP '';
2018-08-01 05:16:09 EXEC SPC_COM_PERMISSION '1','w002';
2018-08-01 05:16:09 EXEC SPC_COM_MENU '1';
2018-08-01 05:16:09 EXEC SPC_W002_FND1
2018-08-01 05:16:14 EXEC SPC_COM_MENU '1';
2018-08-01 05:16:14 EXEC SPC_W002_LST1 'POST-1';
2018-08-01 05:16:14 EXEC SPC_COM_MENU '1';
2018-08-01 05:16:14 EXEC SPC_COMMON_CATALORUE '4';
2018-08-01 05:16:15 EXEC SPC_COM_MENU '1';
2018-08-01 05:16:15 EXEC SPC_COMMON_GROUP 'CAT-6';
2018-08-01 05:16:26 EXEC SPC_COM_MENU '1';
2018-08-01 05:16:26 EXEC SPC_W002_LST1 'POST-2';
2018-08-01 05:16:27 EXEC SPC_COM_MENU '1';
2018-08-01 05:16:27 EXEC SPC_COMMON_CATALORUE '3';
2018-08-01 05:16:27 EXEC SPC_COM_MENU '1';
2018-08-01 05:16:27 EXEC SPC_COM_MENU '1';
2018-08-01 05:16:27 EXEC SPC_COMMON_GROUP '';
2018-08-01 05:16:27 EXEC SPC_COMMON_GROUP 'CAT-8';
2018-08-01 05:21:29 EXEC SPC_COM_PERMISSION '1','w002';
2018-08-01 05:21:29 EXEC SPC_COM_MENU '1';
2018-08-01 05:21:29 EXEC SPC_W002_FND1
2018-08-01 05:21:30 EXEC SPC_COM_MENU '1';
2018-08-01 05:21:30 EXEC SPC_W002_LST1 'POST-1';
2018-08-01 05:21:31 EXEC SPC_COM_MENU '1';
2018-08-01 05:21:31 EXEC SPC_COMMON_CATALORUE '4';
2018-08-01 05:21:31 EXEC SPC_COM_MENU '1';
2018-08-01 05:21:31 EXEC SPC_COMMON_GROUP 'CAT-6';
2018-08-01 05:28:27 EXEC SPC_COM_PERMISSION '1','w002';
2018-08-01 05:28:27 EXEC SPC_COM_MENU '1';
2018-08-01 05:28:27 EXEC SPC_W002_FND1
2018-08-01 05:28:29 EXEC SPC_COM_MENU '1';
2018-08-01 05:28:29 EXEC SPC_W002_LST1 'POST-1';
2018-08-01 05:28:30 EXEC SPC_COM_MENU '1';
2018-08-01 05:28:30 EXEC SPC_COMMON_CATALORUE '4';
2018-08-01 05:28:30 EXEC SPC_COM_MENU '1';
2018-08-01 05:28:30 EXEC SPC_COMMON_GROUP 'CAT-6';
2018-08-01 05:28:36 EXEC SPC_COM_MENU '1';
2018-08-01 05:28:36 EXEC SPC_W002_LST1 'POST-2';
2018-08-01 05:28:37 EXEC SPC_COM_MENU '1';
2018-08-01 05:28:37 EXEC SPC_COMMON_CATALORUE '3';
2018-08-01 05:28:37 EXEC SPC_COM_MENU '1';
2018-08-01 05:28:37 EXEC SPC_COMMON_GROUP '';
2018-08-01 05:28:37 EXEC SPC_COM_MENU '1';
2018-08-01 05:28:37 EXEC SPC_COMMON_GROUP 'CAT-8';
2018-08-01 05:28:40 EXEC SPC_COM_MENU '1';
2018-08-01 05:28:40 EXEC SPC_W002_LST1 'POST-1';
2018-08-01 05:28:41 EXEC SPC_COM_MENU '1';
2018-08-01 05:28:41 EXEC SPC_COMMON_CATALORUE '4';
2018-08-01 05:28:41 EXEC SPC_COM_MENU '1';
2018-08-01 05:28:41 EXEC SPC_COM_MENU '1';
2018-08-01 05:28:41 EXEC SPC_COMMON_GROUP 'CAT-6';
2018-08-01 05:28:41 EXEC SPC_COMMON_GROUP '';
2018-08-01 05:28:49 EXEC SPC_COM_MENU '1';
2018-08-01 05:28:49 EXEC SPC_W002_LST1 'POST-2';
2018-08-01 05:28:49 EXEC SPC_COM_MENU '1';
2018-08-01 05:28:49 EXEC SPC_COMMON_CATALORUE '3';
2018-08-01 05:28:50 EXEC SPC_COM_MENU '1';
2018-08-01 05:28:50 EXEC SPC_COM_MENU '1';
2018-08-01 05:28:50 EXEC SPC_COMMON_GROUP 'CAT-8';
2018-08-01 05:28:50 EXEC SPC_COMMON_GROUP '';
2018-08-01 05:29:33 EXEC SPC_COM_PERMISSION '1','w002';
2018-08-01 05:29:33 EXEC SPC_COM_MENU '1';
2018-08-01 05:29:33 EXEC SPC_W002_FND1
2018-08-01 05:29:35 EXEC SPC_COM_MENU '1';
2018-08-01 05:29:35 EXEC SPC_W002_LST1 'POST-1';
2018-08-01 05:29:35 EXEC SPC_COM_MENU '1';
2018-08-01 05:29:35 EXEC SPC_COMMON_CATALORUE '4';
2018-08-01 05:29:36 EXEC SPC_COM_MENU '1';
2018-08-01 05:29:36 EXEC SPC_COMMON_GROUP 'CAT-6';
2018-08-01 05:29:39 EXEC SPC_COM_MENU '1';
2018-08-01 05:29:39 EXEC SPC_W002_LST1 'POST-2';
2018-08-01 05:29:39 EXEC SPC_COM_MENU '1';
2018-08-01 05:29:39 EXEC SPC_COMMON_CATALORUE '3';
2018-08-01 05:29:40 EXEC SPC_COM_MENU '1';
2018-08-01 05:29:40 EXEC SPC_COM_MENU '1';
2018-08-01 05:29:40 EXEC SPC_COMMON_GROUP '';
2018-08-01 05:29:40 EXEC SPC_COMMON_GROUP 'CAT-8';
2018-08-01 05:29:43 EXEC SPC_COM_MENU '1';
2018-08-01 05:29:43 EXEC SPC_W002_LST1 'POST-1';
2018-08-01 05:29:43 EXEC SPC_COM_MENU '1';
2018-08-01 05:29:43 EXEC SPC_COMMON_CATALORUE '4';
2018-08-01 05:29:43 EXEC SPC_COM_MENU '1';
2018-08-01 05:29:43 EXEC SPC_COM_MENU '1';
2018-08-01 05:29:43 EXEC SPC_COMMON_GROUP 'CAT-6';
2018-08-01 05:37:03 EXEC SPC_COM_PERMISSION '1','w002';
2018-08-01 05:37:03 EXEC SPC_COM_MENU '1';
2018-08-01 05:37:03 EXEC SPC_W002_FND1
2018-08-01 05:37:05 EXEC SPC_COM_MENU '1';
2018-08-01 05:37:05 EXEC SPC_W002_LST1 'POST-1';
2018-08-01 05:37:06 EXEC SPC_COM_MENU '1';
2018-08-01 05:37:06 EXEC SPC_COMMON_CATALORUE '4';
2018-08-01 05:37:06 EXEC SPC_COM_MENU '1';
2018-08-01 05:37:06 EXEC SPC_COMMON_GROUP 'CAT-6';
2018-08-01 05:37:11 EXEC SPC_COM_MENU '1';
2018-08-01 05:37:11 EXEC SPC_W002_LST1 'POST-2';
2018-08-01 05:37:12 EXEC SPC_COM_MENU '1';
2018-08-01 05:37:12 EXEC SPC_COMMON_CATALORUE '3';
2018-08-01 05:37:12 EXEC SPC_COM_MENU '1';
2018-08-01 05:37:12 EXEC SPC_COMMON_GROUP '';
2018-08-01 05:37:12 EXEC SPC_COM_MENU '1';
2018-08-01 05:37:12 EXEC SPC_COMMON_GROUP 'CAT-8';
2018-08-01 05:37:22 EXEC SPC_COM_MENU '1';
2018-08-01 05:37:22 EXEC SPC_W002_LST1 'POST-3';
2018-08-01 05:37:22 EXEC SPC_COM_MENU '1';
2018-08-01 05:37:22 EXEC SPC_COMMON_CATALORUE '7';
2018-08-01 05:37:22 EXEC SPC_COM_MENU '1';
2018-08-01 05:37:22 EXEC SPC_COM_MENU '1';
2018-08-01 05:37:23 EXEC SPC_COMMON_GROUP '';
2018-08-01 05:37:23 EXEC SPC_COMMON_GROUP 'CAT-1025';
2018-08-01 05:37:39 EXEC SPC_COM_MENU '1';
2018-08-01 05:37:39 EXEC SPC_W002_LST1 'POST-1';
2018-08-01 05:37:40 EXEC SPC_COM_MENU '1';
2018-08-01 05:37:40 EXEC SPC_COMMON_CATALORUE '4';
2018-08-01 05:37:40 EXEC SPC_COM_MENU '1';
2018-08-01 05:37:40 EXEC SPC_COM_MENU '1';
2018-08-01 05:37:40 EXEC SPC_COMMON_GROUP 'CAT-6';
2018-08-01 05:37:40 EXEC SPC_COMMON_GROUP '';
2018-08-01 05:41:58 EXEC SPC_COM_MENU '1';
2018-08-01 05:41:58 EXEC SPC_COMMON_CATALORUE '8';
2018-08-01 05:41:58 EXEC SPC_COM_MENU '1';
2018-08-01 05:41:58 EXEC SPC_COMMON_GROUP '';
2018-08-01 05:43:54 EXEC SPC_COM_PERMISSION '1','w002';
2018-08-01 05:43:54 EXEC SPC_COM_MENU '1';
2018-08-01 05:43:54 EXEC SPC_W002_FND1
2018-08-01 05:51:54 EXEC SPC_COM_PERMISSION '1','w002';
2018-08-01 05:51:54 EXEC SPC_COM_MENU '1';
2018-08-01 05:51:54 EXEC SPC_W002_FND1
2018-08-01 05:51:58 EXEC SPC_COM_MENU '1';
2018-08-01 05:51:58 EXEC SPC_COMMON_CATALORUE '3';
2018-08-01 05:52:14 EXEC SPC_COM_MENU '1';
2018-08-01 05:52:14 EXEC SPC_COMMON_CATALORUE '7';
2018-08-01 05:53:36 EXEC SPC_COM_PERMISSION '1','w002';
2018-08-01 05:53:36 EXEC SPC_COM_MENU '1';
2018-08-01 05:53:36 EXEC SPC_W002_FND1
2018-08-01 05:53:40 EXEC SPC_COM_MENU '1';
2018-08-01 05:53:40 EXEC SPC_COMMON_CATALORUE '3';
2018-08-01 05:53:47 EXEC SPC_COM_MENU '1';
2018-08-01 05:53:47 EXEC SPC_COMMON_CATALORUE '7';
2018-08-01 05:53:49 EXEC SPC_COM_PERMISSION '1','w002';
2018-08-01 05:53:49 EXEC SPC_COM_MENU '1';
2018-08-01 05:53:49 EXEC SPC_W002_FND1
2018-08-01 05:58:25 EXEC SPC_COM_PERMISSION '1','w002';
2018-08-01 05:58:25 EXEC SPC_COM_MENU '1';
2018-08-01 05:58:25 EXEC SPC_W002_FND1
2018-08-01 05:58:30 EXEC SPC_COM_MENU '1';
2018-08-01 05:58:30 EXEC SPC_COMMON_CATALORUE '7';
2018-08-01 06:00:25 EXEC SPC_COM_PERMISSION '1','w002';
2018-08-01 06:00:25 EXEC SPC_COM_MENU '1';
2018-08-01 06:00:25 EXEC SPC_W002_FND1
2018-08-01 06:00:29 EXEC SPC_COM_MENU '1';
2018-08-01 06:00:29 EXEC SPC_COMMON_CATALORUE '7';
2018-08-01 06:01:04 EXEC SPC_COM_PERMISSION '1','w002';
2018-08-01 06:01:04 EXEC SPC_COM_MENU '1';
2018-08-01 06:01:04 EXEC SPC_W002_FND1
2018-08-01 06:01:09 EXEC SPC_COM_MENU '1';
2018-08-01 06:01:09 EXEC SPC_COMMON_CATALORUE '7';
2018-08-01 06:01:24 EXEC SPC_COM_MENU '1';
2018-08-01 06:01:24 EXEC SPC_W002_LST1 'POST-1';
2018-08-01 06:01:25 EXEC SPC_COM_MENU '1';
2018-08-01 06:01:25 EXEC SPC_COMMON_CATALORUE '4';
2018-08-01 06:01:25 EXEC SPC_COM_MENU '1';
2018-08-01 06:01:25 EXEC SPC_COMMON_GROUP 'CAT-6';
2018-08-01 06:01:33 EXEC SPC_COM_MENU '1';
2018-08-01 06:01:33 EXEC SPC_W002_LST1 'POST-2';
2018-08-01 06:01:34 EXEC SPC_COM_MENU '1';
2018-08-01 06:01:34 EXEC SPC_COMMON_CATALORUE '3';
2018-08-01 06:01:34 EXEC SPC_COM_MENU '1';
2018-08-01 06:01:34 EXEC SPC_COMMON_GROUP '';
2018-08-01 06:01:34 EXEC SPC_COM_MENU '1';
2018-08-01 06:01:34 EXEC SPC_COMMON_GROUP 'CAT-8';
2018-08-01 06:01:39 EXEC SPC_COM_MENU '1';
2018-08-01 06:01:39 EXEC SPC_W002_LST1 'POST-3';
2018-08-01 06:01:39 EXEC SPC_COM_MENU '1';
2018-08-01 06:01:39 EXEC SPC_COMMON_CATALORUE '7';
2018-08-01 06:01:40 EXEC SPC_COM_MENU '1';
2018-08-01 06:01:40 EXEC SPC_COM_MENU '1';
2018-08-01 06:01:40 EXEC SPC_COMMON_GROUP '';
2018-08-01 06:01:40 EXEC SPC_COMMON_GROUP 'CAT-1025';
2018-08-01 06:03:23 EXEC SPC_COM_PERMISSION '1','w002';
2018-08-01 06:03:23 EXEC SPC_COM_MENU '1';
2018-08-01 06:03:23 EXEC SPC_W002_FND1
2018-08-01 06:03:30 EXEC SPC_COM_MENU '1';
2018-08-01 06:03:30 EXEC SPC_W002_LST1 'POST-3';
2018-08-01 06:03:31 EXEC SPC_COM_MENU '1';
2018-08-01 06:03:31 EXEC SPC_COMMON_CATALORUE '7';
2018-08-01 06:03:31 EXEC SPC_COM_MENU '1';
2018-08-01 06:03:31 EXEC SPC_COMMON_GROUP 'CAT-1025';
2018-08-01 06:03:41 EXEC SPC_COM_PERMISSION '1','w002';
2018-08-01 06:03:41 EXEC SPC_COM_MENU '1';
2018-08-01 06:03:41 EXEC SPC_W002_FND1
2018-08-01 06:05:16 EXEC SPC_COM_PERMISSION '1','w002';
2018-08-01 06:05:16 EXEC SPC_COM_MENU '1';
2018-08-01 06:05:16 EXEC SPC_W002_FND1
2018-08-01 06:05:19 EXEC SPC_COM_MENU '1';
2018-08-01 06:05:19 EXEC SPC_W002_LST1 'POST-3';
2018-08-01 06:05:20 EXEC SPC_COM_MENU '1';
2018-08-01 06:05:20 EXEC SPC_COMMON_CATALORUE '7';
2018-08-01 06:05:20 EXEC SPC_COM_MENU '1';
2018-08-01 06:05:20 EXEC SPC_COMMON_GROUP 'CAT-1025';
2018-08-01 06:08:20 EXEC SPC_COM_PERMISSION '1','w002';
2018-08-01 06:08:20 EXEC SPC_COM_MENU '1';
2018-08-01 06:08:20 EXEC SPC_W002_FND1
2018-08-01 06:08:24 EXEC SPC_COM_MENU '1';
2018-08-01 06:08:24 EXEC SPC_W002_LST1 'POST-3';
2018-08-01 06:08:25 EXEC SPC_COM_MENU '1';
2018-08-01 06:08:25 EXEC SPC_COMMON_CATALORUE '7';
2018-08-01 06:08:25 EXEC SPC_COM_MENU '1';
2018-08-01 06:08:25 EXEC SPC_COMMON_GROUP 'CAT-1025';
2018-08-01 06:09:02 EXEC SPC_COM_PERMISSION '1','w002';
2018-08-01 06:09:02 EXEC SPC_COM_MENU '1';
2018-08-01 06:09:02 EXEC SPC_W002_FND1
2018-08-01 06:09:06 EXEC SPC_COM_MENU '1';
2018-08-01 06:09:06 EXEC SPC_W002_LST1 'POST-3';
2018-08-01 06:09:07 EXEC SPC_COM_MENU '1';
2018-08-01 06:09:07 EXEC SPC_COMMON_CATALORUE '7';
2018-08-01 06:09:07 EXEC SPC_COM_MENU '1';
2018-08-01 06:09:07 EXEC SPC_COMMON_GROUP 'CAT-1025';
2018-08-01 06:18:25 EXEC SPC_COM_PERMISSION '1','w002';
2018-08-01 06:18:25 EXEC SPC_COM_MENU '1';
2018-08-01 06:18:25 EXEC SPC_W002_FND1
2018-08-01 06:18:30 EXEC SPC_COM_MENU '1';
2018-08-01 06:18:30 EXEC SPC_W002_LST1 'POST-3';
2018-08-01 06:18:30 EXEC SPC_COM_MENU '1';
2018-08-01 06:18:30 EXEC SPC_COMMON_CATALORUE '7';
2018-08-01 06:18:31 EXEC SPC_COM_MENU '1';
2018-08-01 06:18:31 EXEC SPC_COMMON_GROUP 'CAT-1025';
2018-08-01 06:20:39 EXEC SPC_COM_PERMISSION '1','w002';
2018-08-01 06:20:40 EXEC SPC_COM_MENU '1';
2018-08-01 06:20:40 EXEC SPC_W002_FND1
2018-08-01 06:20:44 EXEC SPC_COM_MENU '1';
2018-08-01 06:20:44 EXEC SPC_W002_LST1 'POST-3';
2018-08-01 06:20:45 EXEC SPC_COM_MENU '1';
2018-08-01 06:20:45 EXEC SPC_COMMON_CATALORUE '7';
2018-08-01 06:20:45 EXEC SPC_COM_MENU '1';
2018-08-01 06:20:45 EXEC SPC_COMMON_GROUP 'CAT-1025';
2018-08-01 06:27:22 EXEC SPC_COM_PERMISSION '1','w002';
2018-08-01 06:27:22 EXEC SPC_COM_MENU '1';
2018-08-01 06:27:22 EXEC SPC_W002_FND1
2018-08-01 06:27:27 EXEC SPC_COM_MENU '1';
2018-08-01 06:27:27 EXEC SPC_W002_LST1 'POST-3';
2018-08-01 06:27:27 EXEC SPC_COM_MENU '1';
2018-08-01 06:27:27 EXEC SPC_COMMON_CATALORUE '7';
2018-08-01 06:27:27 EXEC SPC_COM_MENU '1';
2018-08-01 06:27:27 EXEC SPC_COMMON_GROUP 'CAT-1025';
2018-08-01 06:30:24 EXEC SPC_COM_PERMISSION '1','w002';
2018-08-01 06:30:25 EXEC SPC_COM_MENU '1';
2018-08-01 06:30:25 EXEC SPC_W002_FND1
2018-08-01 06:30:32 EXEC SPC_COM_MENU '1';
2018-08-01 06:30:32 EXEC SPC_W002_LST1 'POST-3';
2018-08-01 06:30:32 EXEC SPC_COM_MENU '1';
2018-08-01 06:30:32 EXEC SPC_COMMON_CATALORUE '7';
2018-08-01 06:30:32 EXEC SPC_COM_MENU '1';
2018-08-01 06:30:32 EXEC SPC_COMMON_GROUP 'CAT-1025';
2018-08-01 06:30:50 EXEC SPC_COM_PERMISSION '1','w002';
2018-08-01 06:30:50 EXEC SPC_COM_MENU '1';
2018-08-01 06:30:50 EXEC SPC_W002_FND1
2018-08-01 06:31:19 EXEC SPC_COM_MENU '1';
2018-08-01 06:31:19 EXEC SPC_W002_LST1 'POST-3';
2018-08-01 06:31:19 EXEC SPC_COM_MENU '1';
2018-08-01 06:31:19 EXEC SPC_COMMON_CATALORUE '7';
2018-08-01 06:31:19 EXEC SPC_COM_MENU '1';
2018-08-01 06:31:19 EXEC SPC_COMMON_GROUP 'CAT-1025';
2018-08-01 06:32:09 EXEC SPC_COM_PERMISSION '1','w002';
2018-08-01 06:32:09 EXEC SPC_COM_MENU '1';
2018-08-01 06:32:09 EXEC SPC_W002_FND1
2018-08-01 06:32:14 EXEC SPC_COM_MENU '1';
2018-08-01 06:32:14 EXEC SPC_W002_LST1 'POST-3';
2018-08-01 06:32:14 EXEC SPC_COM_MENU '1';
2018-08-01 06:32:14 EXEC SPC_COMMON_CATALORUE '7';
2018-08-01 06:32:15 EXEC SPC_COM_MENU '1';
2018-08-01 06:32:15 EXEC SPC_COMMON_GROUP 'CAT-1025';
2018-08-01 06:32:41 EXEC SPC_COM_PERMISSION '1','w002';
2018-08-01 06:32:41 EXEC SPC_COM_MENU '1';
2018-08-01 06:32:41 EXEC SPC_W002_FND1
2018-08-01 06:32:44 EXEC SPC_COM_MENU '1';
2018-08-01 06:32:44 EXEC SPC_W002_LST1 'POST-3';
2018-08-01 06:32:44 EXEC SPC_COM_MENU '1';
2018-08-01 06:32:44 EXEC SPC_COMMON_CATALORUE '7';
2018-08-01 06:32:45 EXEC SPC_COM_MENU '1';
2018-08-01 06:32:45 EXEC SPC_COMMON_GROUP 'CAT-1025';
2018-08-01 06:33:45 EXEC SPC_COM_PERMISSION '1','w002';
2018-08-01 06:33:45 EXEC SPC_COM_MENU '1';
2018-08-01 06:33:45 EXEC SPC_W002_FND1
2018-08-01 06:33:55 EXEC SPC_COM_PERMISSION '1','w002';
2018-08-01 06:33:55 EXEC SPC_COM_MENU '1';
2018-08-01 06:33:55 EXEC SPC_W002_FND1
2018-08-01 06:33:57 EXEC SPC_COM_MENU '1';
2018-08-01 06:33:57 EXEC SPC_W002_LST1 'POST-3';
2018-08-01 06:33:58 EXEC SPC_COM_MENU '1';
2018-08-01 06:33:58 EXEC SPC_COMMON_CATALORUE '7';
2018-08-01 06:33:58 EXEC SPC_COM_MENU '1';
2018-08-01 06:33:58 EXEC SPC_COMMON_GROUP 'CAT-1025';
2018-08-01 06:35:08 EXEC SPC_COM_PERMISSION '1','w002';
2018-08-01 06:35:08 EXEC SPC_COM_MENU '1';
2018-08-01 06:35:08 EXEC SPC_W002_FND1
2018-08-01 06:35:11 EXEC SPC_COM_MENU '1';
2018-08-01 06:35:11 EXEC SPC_W002_LST1 'POST-3';
2018-08-01 06:35:11 EXEC SPC_COM_MENU '1';
2018-08-01 06:35:11 EXEC SPC_COMMON_CATALORUE '7';
2018-08-01 06:35:12 EXEC SPC_COM_MENU '1';
2018-08-01 06:35:12 EXEC SPC_COMMON_GROUP 'CAT-1025';
2018-08-01 06:35:32 EXEC SPC_COM_PERMISSION '1','w002';
2018-08-01 06:35:32 EXEC SPC_COM_MENU '1';
2018-08-01 06:35:32 EXEC SPC_W002_FND1
2018-08-01 06:35:35 EXEC SPC_COM_MENU '1';
2018-08-01 06:35:35 EXEC SPC_W002_LST1 'POST-3';
2018-08-01 06:35:35 EXEC SPC_COM_MENU '1';
2018-08-01 06:35:35 EXEC SPC_COMMON_CATALORUE '7';
2018-08-01 06:35:35 EXEC SPC_COM_MENU '1';
2018-08-01 06:35:35 EXEC SPC_COMMON_GROUP 'CAT-1025';
2018-08-01 06:36:24 EXEC SPC_COM_PERMISSION '1','w002';
2018-08-01 06:36:24 EXEC SPC_COM_MENU '1';
2018-08-01 06:36:24 EXEC SPC_W002_FND1
2018-08-01 06:36:27 EXEC SPC_COM_MENU '1';
2018-08-01 06:36:27 EXEC SPC_W002_LST1 'POST-3';
2018-08-01 06:36:28 EXEC SPC_COM_MENU '1';
2018-08-01 06:36:28 EXEC SPC_COMMON_CATALORUE '7';
2018-08-01 06:36:28 EXEC SPC_COM_MENU '1';
2018-08-01 06:36:28 EXEC SPC_COMMON_GROUP 'CAT-1025';
2018-08-01 06:36:50 EXEC SPC_COM_PERMISSION '1','w002';
2018-08-01 06:36:50 EXEC SPC_COM_MENU '1';
2018-08-01 06:36:50 EXEC SPC_W002_FND1
2018-08-01 06:36:54 EXEC SPC_COM_MENU '1';
2018-08-01 06:36:54 EXEC SPC_W002_LST1 'POST-3';
2018-08-01 06:36:54 EXEC SPC_COM_MENU '1';
2018-08-01 06:36:54 EXEC SPC_COMMON_CATALORUE '7';
2018-08-01 06:36:54 EXEC SPC_COM_MENU '1';
2018-08-01 06:36:54 EXEC SPC_COMMON_GROUP 'CAT-1025';
2018-08-01 06:37:15 EXEC SPC_COM_PERMISSION '1','w002';
2018-08-01 06:37:15 EXEC SPC_COM_MENU '1';
2018-08-01 06:37:15 EXEC SPC_W002_FND1
2018-08-01 06:37:19 EXEC SPC_COM_MENU '1';
2018-08-01 06:37:19 EXEC SPC_W002_LST1 'POST-3';
2018-08-01 06:37:19 EXEC SPC_COM_MENU '1';
2018-08-01 06:37:19 EXEC SPC_COMMON_CATALORUE '7';
2018-08-01 06:37:19 EXEC SPC_COM_MENU '1';
2018-08-01 06:37:19 EXEC SPC_COMMON_GROUP 'CAT-1025';
2018-08-01 06:37:52 EXEC SPC_COM_PERMISSION '1','w002';
2018-08-01 06:37:52 EXEC SPC_COM_MENU '1';
2018-08-01 06:37:52 EXEC SPC_W002_FND1
2018-08-01 06:37:56 EXEC SPC_COM_MENU '1';
2018-08-01 06:37:56 EXEC SPC_W002_LST1 'POST-3';
2018-08-01 06:37:56 EXEC SPC_COM_MENU '1';
2018-08-01 06:37:56 EXEC SPC_COMMON_CATALORUE '7';
2018-08-01 06:37:57 EXEC SPC_COM_MENU '1';
2018-08-01 06:37:57 EXEC SPC_COMMON_GROUP 'CAT-1025';
2018-08-01 06:38:07 EXEC SPC_COM_PERMISSION '1','w002';
2018-08-01 06:38:07 EXEC SPC_COM_MENU '1';
2018-08-01 06:38:07 EXEC SPC_W002_FND1
2018-08-01 06:38:27 EXEC SPC_COM_PERMISSION '1','w002';
2018-08-01 06:38:27 EXEC SPC_COM_MENU '1';
2018-08-01 06:38:27 EXEC SPC_W002_FND1
2018-08-01 06:38:30 EXEC SPC_COM_MENU '1';
2018-08-01 06:38:30 EXEC SPC_W002_LST1 'POST-3';
2018-08-01 06:38:30 EXEC SPC_COM_MENU '1';
2018-08-01 06:38:30 EXEC SPC_COMMON_CATALORUE '7';
2018-08-01 06:38:31 EXEC SPC_COM_MENU '1';
2018-08-01 06:38:31 EXEC SPC_COMMON_GROUP 'CAT-1025';
2018-08-01 06:38:59 EXEC SPC_COM_PERMISSION '1','w002';
2018-08-01 06:38:59 EXEC SPC_COM_MENU '1';
2018-08-01 06:38:59 EXEC SPC_W002_FND1
2018-08-01 06:44:58 EXEC SPC_COM_PERMISSION '1','w002';
2018-08-01 06:44:58 EXEC SPC_COM_MENU '1';
2018-08-01 06:44:58 EXEC SPC_W002_FND1
2018-08-01 06:45:00 EXEC SPC_COM_MENU '1';
2018-08-01 06:45:00 EXEC SPC_W002_LST1 'POST-3';
2018-08-01 06:45:00 EXEC SPC_COM_MENU '1';
2018-08-01 06:45:01 EXEC SPC_COMMON_CATALORUE '7';
2018-08-01 06:45:01 EXEC SPC_COM_MENU '1';
2018-08-01 06:45:01 EXEC SPC_COMMON_GROUP 'CAT-1025';
2018-08-01 06:45:40 EXEC SPC_COM_PERMISSION '1','w002';
2018-08-01 06:45:40 EXEC SPC_COM_MENU '1';
2018-08-01 06:45:40 EXEC SPC_W002_FND1
2018-08-01 06:45:43 EXEC SPC_COM_MENU '1';
2018-08-01 06:45:43 EXEC SPC_W002_LST1 'POST-3';
2018-08-01 06:45:43 EXEC SPC_COM_MENU '1';
2018-08-01 06:45:43 EXEC SPC_COMMON_CATALORUE '7';
2018-08-01 06:45:43 EXEC SPC_COM_MENU '1';
2018-08-01 06:45:43 EXEC SPC_COMMON_GROUP 'CAT-1025';
2018-08-01 06:47:13 EXEC SPC_COM_PERMISSION '1','w002';
2018-08-01 06:47:13 EXEC SPC_COM_MENU '1';
2018-08-01 06:47:13 EXEC SPC_W002_FND1
2018-08-01 06:47:17 EXEC SPC_COM_MENU '1';
2018-08-01 06:47:17 EXEC SPC_W002_LST1 'POST-3';
2018-08-01 06:47:17 EXEC SPC_COM_MENU '1';
2018-08-01 06:47:17 EXEC SPC_COMMON_CATALORUE '7';
2018-08-01 06:47:17 EXEC SPC_COM_MENU '1';
2018-08-01 06:47:17 EXEC SPC_COMMON_GROUP 'CAT-1025';
2018-08-01 06:51:08 EXEC SPC_COM_PERMISSION '1','w002';
2018-08-01 06:51:08 EXEC SPC_COM_MENU '1';
2018-08-01 06:51:08 EXEC SPC_W002_FND1
2018-08-01 06:51:11 EXEC SPC_COM_MENU '1';
2018-08-01 06:51:11 EXEC SPC_W002_LST1 'POST-3';
2018-08-01 06:51:11 EXEC SPC_COM_MENU '1';
2018-08-01 06:51:11 EXEC SPC_COMMON_CATALORUE '7';
2018-08-01 06:51:11 EXEC SPC_COM_MENU '1';
2018-08-01 06:51:12 EXEC SPC_COMMON_GROUP 'CAT-1025';
2018-08-01 06:51:29 EXEC SPC_COM_PERMISSION '1','w002';
2018-08-01 06:51:29 EXEC SPC_COM_MENU '1';
2018-08-01 06:51:29 EXEC SPC_W002_FND1
2018-08-01 06:51:57 EXEC SPC_COM_PERMISSION '1','w002';
2018-08-01 06:51:57 EXEC SPC_COM_MENU '1';
2018-08-01 06:51:57 EXEC SPC_W002_FND1
2018-08-01 06:52:00 EXEC SPC_COM_MENU '1';
2018-08-01 06:52:00 EXEC SPC_W002_LST1 'POST-3';
2018-08-01 06:52:01 EXEC SPC_COM_MENU '1';
2018-08-01 06:52:01 EXEC SPC_COMMON_CATALORUE '7';
2018-08-01 06:52:01 EXEC SPC_COM_MENU '1';
2018-08-01 06:52:01 EXEC SPC_COMMON_GROUP 'CAT-1025';
2018-08-01 06:52:09 EXEC SPC_COM_PERMISSION '1','w002';
2018-08-01 06:52:09 EXEC SPC_COM_MENU '1';
2018-08-01 06:52:10 EXEC SPC_W002_FND1
2018-08-01 06:52:17 EXEC SPC_COM_MENU '1';
2018-08-01 06:52:17 EXEC SPC_W002_LST1 '3POST-';
2018-08-01 06:52:35 EXEC SPC_COM_PERMISSION '1','w002';
2018-08-01 06:52:36 EXEC SPC_COM_MENU '1';
2018-08-01 06:52:36 EXEC SPC_W002_FND1
2018-08-01 06:52:39 EXEC SPC_COM_MENU '1';
2018-08-01 06:52:39 EXEC SPC_W002_LST1 'POST-3';
2018-08-01 06:52:39 EXEC SPC_COM_MENU '1';
2018-08-01 06:52:39 EXEC SPC_COMMON_CATALORUE '7';
2018-08-01 06:52:39 EXEC SPC_COM_MENU '1';
2018-08-01 06:52:39 EXEC SPC_COMMON_GROUP 'CAT-1025';
2018-08-01 06:52:41 EXEC SPC_COM_PERMISSION '1','w002';
2018-08-01 06:52:41 EXEC SPC_COM_MENU '1';
2018-08-01 06:52:41 EXEC SPC_W002_FND1
2018-08-01 06:52:51 EXEC SPC_COM_PERMISSION '1','w002';
2018-08-01 06:52:51 EXEC SPC_COM_MENU '1';
2018-08-01 06:52:51 EXEC SPC_W002_FND1
2018-08-01 06:52:54 EXEC SPC_COM_MENU '1';
2018-08-01 06:52:54 EXEC SPC_W002_LST1 'POST-3';
2018-08-01 06:52:54 EXEC SPC_COM_MENU '1';
2018-08-01 06:52:54 EXEC SPC_COMMON_CATALORUE '7';
2018-08-01 06:52:54 EXEC SPC_COM_MENU '1';
2018-08-01 06:52:54 EXEC SPC_COMMON_GROUP 'CAT-1025';
2018-08-01 06:52:56 EXEC SPC_COM_PERMISSION '1','w002';
2018-08-01 06:52:56 EXEC SPC_COM_MENU '1';
2018-08-01 06:52:56 EXEC SPC_W002_FND1
2018-08-01 06:53:21 EXEC SPC_COM_PERMISSION '1','w002';
2018-08-01 06:53:21 EXEC SPC_COM_MENU '1';
2018-08-01 06:53:21 EXEC SPC_W002_FND1
2018-08-01 06:53:23 EXEC SPC_COM_MENU '1';
2018-08-01 06:53:23 EXEC SPC_W002_LST1 'POST-3';
2018-08-01 06:53:24 EXEC SPC_COM_MENU '1';
2018-08-01 06:53:24 EXEC SPC_COMMON_CATALORUE '7';
2018-08-01 06:53:24 EXEC SPC_COM_MENU '1';
2018-08-01 06:53:24 EXEC SPC_COMMON_GROUP 'CAT-1025';
2018-08-01 06:55:18 EXEC SPC_COM_PERMISSION '1','w002';
2018-08-01 06:55:18 EXEC SPC_COM_MENU '1';
2018-08-01 06:55:18 EXEC SPC_W002_FND1
2018-08-01 06:55:20 EXEC SPC_COM_MENU '1';
2018-08-01 06:55:20 EXEC SPC_W002_LST1 'POST-3';
2018-08-01 06:55:21 EXEC SPC_COM_MENU '1';
2018-08-01 06:55:21 EXEC SPC_COMMON_CATALORUE '7';
2018-08-01 06:55:21 EXEC SPC_COM_MENU '1';
2018-08-01 06:55:21 EXEC SPC_COMMON_GROUP 'CAT-1025';
2018-08-01 06:55:36 EXEC SPC_COM_PERMISSION '1','w002';
2018-08-01 06:55:36 EXEC SPC_COM_MENU '1';
2018-08-01 06:55:36 EXEC SPC_W002_FND1
2018-08-01 06:55:38 EXEC SPC_COM_MENU '1';
2018-08-01 06:55:38 EXEC SPC_W002_LST1 'POST-3';
2018-08-01 06:55:39 EXEC SPC_COM_MENU '1';
2018-08-01 06:55:39 EXEC SPC_COMMON_CATALORUE '7';
2018-08-01 06:55:39 EXEC SPC_COM_MENU '1';
2018-08-01 06:55:39 EXEC SPC_COMMON_GROUP 'CAT-1025';
2018-08-01 06:57:01 EXEC SPC_COM_PERMISSION '1','w002';
2018-08-01 06:57:01 EXEC SPC_COM_MENU '1';
2018-08-01 06:57:01 EXEC SPC_W002_FND1
2018-08-01 06:57:04 EXEC SPC_COM_MENU '1';
2018-08-01 06:57:04 EXEC SPC_W002_LST1 'POST-3';
2018-08-01 06:57:04 EXEC SPC_COM_MENU '1';
2018-08-01 06:57:04 EXEC SPC_COMMON_CATALORUE '7';
2018-08-01 06:57:04 EXEC SPC_COM_MENU '1';
2018-08-01 06:57:04 EXEC SPC_COMMON_GROUP 'CAT-1025';
2018-08-01 06:57:32 EXEC SPC_COM_PERMISSION '1','w002';
2018-08-01 06:57:32 EXEC SPC_COM_MENU '1';
2018-08-01 06:57:32 EXEC SPC_W002_FND1
2018-08-01 06:58:40 EXEC SPC_COM_MENU '1';
2018-08-01 06:58:40 EXEC SPC_W002_LST1 'POST-3';
2018-08-01 06:58:40 EXEC SPC_COM_MENU '1';
2018-08-01 06:58:40 EXEC SPC_COMMON_CATALORUE '7';
2018-08-01 06:58:40 EXEC SPC_COM_MENU '1';
2018-08-01 06:58:40 EXEC SPC_COMMON_GROUP 'CAT-1025';
2018-08-01 06:59:44 EXEC SPC_COM_PERMISSION '1','w002';
2018-08-01 06:59:44 EXEC SPC_COM_MENU '1';
2018-08-01 06:59:44 EXEC SPC_W002_FND1
2018-08-01 07:02:31 EXEC SPC_COM_PERMISSION '1','w002';
2018-08-01 07:02:31 EXEC SPC_COM_MENU '1';
2018-08-01 07:02:32 EXEC SPC_W002_FND1
2018-08-01 07:02:34 EXEC SPC_COM_MENU '1';
2018-08-01 07:02:34 EXEC SPC_W002_LST1 'POST-3';
2018-08-01 07:02:35 EXEC SPC_COM_MENU '1';
2018-08-01 07:02:35 EXEC SPC_COMMON_CATALORUE '7';
2018-08-01 07:02:35 EXEC SPC_COM_MENU '1';
2018-08-01 07:02:35 EXEC SPC_COMMON_GROUP 'CAT-1025';
2018-08-01 07:03:56 EXEC SPC_COM_PERMISSION '1','w002';
2018-08-01 07:03:56 EXEC SPC_COM_MENU '1';
2018-08-01 07:03:56 EXEC SPC_W002_FND1
2018-08-01 07:03:59 EXEC SPC_COM_MENU '1';
2018-08-01 07:03:59 EXEC SPC_W002_LST1 'POST-3';
2018-08-01 07:03:59 EXEC SPC_COM_MENU '1';
2018-08-01 07:03:59 EXEC SPC_COMMON_CATALORUE '7';
2018-08-01 07:04:00 EXEC SPC_COM_MENU '1';
2018-08-01 07:04:00 EXEC SPC_COMMON_GROUP 'CAT-1025';
2018-08-01 07:04:35 EXEC SPC_COM_PERMISSION '1','w002';
2018-08-01 07:04:35 EXEC SPC_COM_MENU '1';
2018-08-01 07:04:35 EXEC SPC_W002_FND1
2018-08-01 07:05:01 EXEC SPC_COM_PERMISSION '1','w002';
2018-08-01 07:05:01 EXEC SPC_COM_MENU '1';
2018-08-01 07:05:01 EXEC SPC_W002_FND1
2018-08-01 07:05:04 EXEC SPC_COM_MENU '1';
2018-08-01 07:05:04 EXEC SPC_W002_LST1 'POST-3';
2018-08-01 07:05:04 EXEC SPC_COM_MENU '1';
2018-08-01 07:05:04 EXEC SPC_COMMON_CATALORUE '7';
2018-08-01 07:05:05 EXEC SPC_COM_MENU '1';
2018-08-01 07:05:05 EXEC SPC_COMMON_GROUP 'CAT-1025';
2018-08-01 07:06:05 EXEC SPC_COM_PERMISSION '1','w002';
2018-08-01 07:06:05 EXEC SPC_COM_MENU '1';
2018-08-01 07:06:05 EXEC SPC_W002_FND1
2018-08-01 07:06:08 EXEC SPC_COM_MENU '1';
2018-08-01 07:06:08 EXEC SPC_COMMON_CATALORUE '7';
2018-08-01 07:07:37 EXEC SPC_COM_PERMISSION '1','w002';
2018-08-01 07:07:37 EXEC SPC_COM_MENU '1';
2018-08-01 07:07:37 EXEC SPC_W002_FND1
2018-08-01 07:08:09 EXEC SPC_COM_PERMISSION '1','w002';
2018-08-01 07:08:09 EXEC SPC_COM_MENU '1';
2018-08-01 07:08:09 EXEC SPC_W002_FND1
2018-08-01 07:08:12 EXEC SPC_COM_MENU '1';
2018-08-01 07:08:12 EXEC SPC_W002_LST1 'POST-3';
2018-08-01 07:08:12 EXEC SPC_COM_MENU '1';
2018-08-01 07:08:12 EXEC SPC_COMMON_CATALORUE '7';
2018-08-01 07:08:16 EXEC SPC_COM_MENU '1';
2018-08-01 07:08:16 EXEC SPC_COMMON_GROUP 'CAT-1025';
2018-08-01 07:08:53 EXEC SPC_COM_PERMISSION '1','w002';
2018-08-01 07:08:53 EXEC SPC_COM_MENU '1';
2018-08-01 07:08:53 EXEC SPC_W002_FND1
2018-08-01 07:09:03 EXEC SPC_COM_MENU '1';
2018-08-01 07:09:03 EXEC SPC_COMMON_CATALORUE '7';
2018-08-01 07:09:25 EXEC SPC_COM_PERMISSION '1','w002';
2018-08-01 07:09:25 EXEC SPC_COM_MENU '1';
2018-08-01 07:09:25 EXEC SPC_W002_FND1
2018-08-01 07:09:28 EXEC SPC_COM_MENU '1';
2018-08-01 07:09:28 EXEC SPC_COMMON_CATALORUE '7';
2018-08-01 07:09:37 EXEC SPC_COM_PERMISSION '1','w002';
2018-08-01 07:09:37 EXEC SPC_COM_MENU '1';
2018-08-01 07:09:37 EXEC SPC_W002_FND1
2018-08-01 07:09:40 EXEC SPC_COM_MENU '1';
2018-08-01 07:09:40 EXEC SPC_W002_LST1 'POST-3';
2018-08-01 07:09:41 EXEC SPC_COM_MENU '1';
2018-08-01 07:09:41 EXEC SPC_COMMON_CATALORUE '7';
2018-08-01 07:09:41 EXEC SPC_COM_MENU '1';
2018-08-01 07:09:41 EXEC SPC_COMMON_GROUP 'CAT-1025';
2018-08-01 07:09:58 EXEC SPC_COM_PERMISSION '1','w002';
2018-08-01 07:09:58 EXEC SPC_COM_MENU '1';
2018-08-01 07:09:58 EXEC SPC_W002_FND1
2018-08-01 07:10:01 EXEC SPC_COM_MENU '1';
2018-08-01 07:10:01 EXEC SPC_W002_LST1 'POST-3';
2018-08-01 07:10:01 EXEC SPC_COM_MENU '1';
2018-08-01 07:10:01 EXEC SPC_COMMON_CATALORUE '7';
2018-08-01 07:10:02 EXEC SPC_COM_MENU '1';
2018-08-01 07:10:02 EXEC SPC_COMMON_GROUP 'CAT-1025';
2018-08-01 07:10:20 EXEC SPC_COM_PERMISSION '1','w002';
2018-08-01 07:10:20 EXEC SPC_COM_MENU '1';
2018-08-01 07:10:20 EXEC SPC_W002_FND1
2018-08-01 07:10:23 EXEC SPC_COM_MENU '1';
2018-08-01 07:10:23 EXEC SPC_W002_LST1 'POST-3';
2018-08-01 07:10:23 EXEC SPC_COM_MENU '1';
2018-08-01 07:10:23 EXEC SPC_COMMON_CATALORUE '7';
2018-08-01 07:10:25 EXEC SPC_COM_MENU '1';
2018-08-01 07:10:25 EXEC SPC_COMMON_GROUP 'CAT-1025';
2018-08-01 07:12:00 EXEC SPC_COM_PERMISSION '1','w002';
2018-08-01 07:12:00 EXEC SPC_COM_MENU '1';
2018-08-01 07:12:00 EXEC SPC_W002_FND1
2018-08-01 07:12:25 EXEC SPC_COM_PERMISSION '1','w002';
2018-08-01 07:12:25 EXEC SPC_COM_MENU '1';
2018-08-01 07:12:25 EXEC SPC_W002_FND1
2018-08-01 07:12:29 EXEC SPC_COM_MENU '1';
2018-08-01 07:12:29 EXEC SPC_W002_LST1 'POST-3';
2018-08-01 07:12:29 EXEC SPC_COM_MENU '1';
2018-08-01 07:12:29 EXEC SPC_COMMON_CATALORUE '7';
2018-08-01 07:12:29 EXEC SPC_COM_MENU '1';
2018-08-01 07:12:29 EXEC SPC_COMMON_GROUP 'CAT-1025';
2018-08-01 07:13:10 EXEC SPC_COM_PERMISSION '1','w002';
2018-08-01 07:13:10 EXEC SPC_COM_MENU '1';
2018-08-01 07:13:10 EXEC SPC_W002_FND1
2018-08-01 07:13:15 EXEC SPC_COM_MENU '1';
2018-08-01 07:13:15 EXEC SPC_W002_LST1 'POST-3';
2018-08-01 07:13:15 EXEC SPC_COM_MENU '1';
2018-08-01 07:13:15 EXEC SPC_COMMON_CATALORUE '7';
2018-08-01 07:13:15 EXEC SPC_COM_MENU '1';
2018-08-01 07:13:16 EXEC SPC_COMMON_GROUP 'CAT-1025';
2018-08-01 07:17:33 EXEC SPC_COM_PERMISSION '1','w002';
2018-08-01 07:17:33 EXEC SPC_COM_MENU '1';
2018-08-01 07:17:33 EXEC SPC_W002_FND1
2018-08-01 07:17:47 EXEC SPC_COM_PERMISSION '1','w002';
2018-08-01 07:17:47 EXEC SPC_COM_MENU '1';
2018-08-01 07:17:47 EXEC SPC_W002_FND1
2018-08-01 07:17:50 EXEC SPC_COM_MENU '1';
2018-08-01 07:17:50 EXEC SPC_W002_LST1 'POST-3';
2018-08-01 07:17:50 EXEC SPC_COM_MENU '1';
2018-08-01 07:17:50 EXEC SPC_COMMON_CATALORUE '7';
2018-08-01 07:17:51 EXEC SPC_COM_MENU '1';
2018-08-01 07:17:51 EXEC SPC_COMMON_GROUP 'CAT-1025';
2018-08-01 07:19:17 EXEC SPC_COM_PERMISSION '1','w002';
2018-08-01 07:19:17 EXEC SPC_COM_MENU '1';
2018-08-01 07:19:17 EXEC SPC_W002_FND1
2018-08-01 07:19:21 EXEC SPC_COM_MENU '1';
2018-08-01 07:19:21 EXEC SPC_W002_LST1 'POST-3';
2018-08-01 07:19:21 EXEC SPC_COM_MENU '1';
2018-08-01 07:19:21 EXEC SPC_COMMON_CATALORUE '7';
2018-08-01 07:19:22 EXEC SPC_COM_MENU '1';
2018-08-01 07:19:22 EXEC SPC_COMMON_GROUP 'CAT-1025';
2018-08-01 07:20:07 EXEC SPC_COM_PERMISSION '1','w002';
2018-08-01 07:20:07 EXEC SPC_COM_MENU '1';
2018-08-01 07:20:07 EXEC SPC_W002_FND1
2018-08-01 07:20:09 EXEC SPC_COM_MENU '1';
2018-08-01 07:20:09 EXEC SPC_W002_LST1 'POST-3';
2018-08-01 07:20:09 EXEC SPC_COM_MENU '1';
2018-08-01 07:20:09 EXEC SPC_COMMON_CATALORUE '7';
2018-08-01 07:20:10 EXEC SPC_COM_MENU '1';
2018-08-01 07:20:10 EXEC SPC_COMMON_GROUP 'CAT-1025';
2018-08-01 07:21:21 EXEC SPC_COM_PERMISSION '1','w002';
2018-08-01 07:21:21 EXEC SPC_COM_MENU '1';
2018-08-01 07:21:21 EXEC SPC_W002_FND1
2018-08-01 07:21:28 EXEC SPC_COM_MENU '1';
2018-08-01 07:21:28 EXEC SPC_W002_LST1 'POST-3';
2018-08-01 07:21:28 EXEC SPC_COM_MENU '1';
2018-08-01 07:21:28 EXEC SPC_COMMON_CATALORUE '7';
2018-08-01 07:21:29 EXEC SPC_COM_MENU '1';
2018-08-01 07:21:29 EXEC SPC_COMMON_GROUP 'CAT-1025';
2018-08-01 07:22:28 EXEC SPC_COM_PERMISSION '1','w002';
2018-08-01 07:22:28 EXEC SPC_COM_MENU '1';
2018-08-01 07:22:28 EXEC SPC_W002_FND1
2018-08-01 07:22:31 EXEC SPC_COM_MENU '1';
2018-08-01 07:22:31 EXEC SPC_W002_LST1 'POST-3';
2018-08-01 07:22:31 EXEC SPC_COM_MENU '1';
2018-08-01 07:22:31 EXEC SPC_COMMON_CATALORUE '7';
2018-08-01 07:22:32 EXEC SPC_COM_MENU '1';
2018-08-01 07:22:32 EXEC SPC_COMMON_GROUP 'CAT-1025';
2018-08-01 07:22:54 EXEC SPC_COM_PERMISSION '1','w002';
2018-08-01 07:22:54 EXEC SPC_COM_MENU '1';
2018-08-01 07:22:54 EXEC SPC_W002_FND1
2018-08-01 07:29:48 EXEC SPC_COM_PERMISSION '1','w002';
2018-08-01 07:29:48 EXEC SPC_COM_MENU '1';
2018-08-01 07:29:48 EXEC SPC_W002_FND1
2018-08-01 07:29:51 EXEC SPC_COM_MENU '1';
2018-08-01 07:29:51 EXEC SPC_W002_LST1 'POST-3';
2018-08-01 07:29:52 EXEC SPC_COM_MENU '1';
2018-08-01 07:29:52 EXEC SPC_COMMON_CATALORUE '7';
2018-08-01 07:29:52 EXEC SPC_COM_MENU '1';
2018-08-01 07:29:52 EXEC SPC_COMMON_GROUP 'CAT-1025';
2018-08-01 07:48:14 EXEC SPC_COM_PERMISSION '1','w002';
2018-08-01 07:48:14 EXEC SPC_COM_MENU '1';
2018-08-01 07:48:14 EXEC SPC_W002_FND1
2018-08-01 07:48:19 EXEC SPC_COM_MENU '1';
2018-08-01 07:48:19 EXEC SPC_W002_LST1 'POST-3';
2018-08-01 07:48:19 EXEC SPC_COM_MENU '1';
2018-08-01 07:48:19 EXEC SPC_COMMON_CATALORUE '7';
2018-08-01 07:48:19 EXEC SPC_COM_MENU '1';
2018-08-01 07:48:20 EXEC SPC_COMMON_GROUP 'CAT-1025';
2018-08-01 07:48:30 EXEC SPC_COM_PERMISSION '1','w002';
2018-08-01 07:48:30 EXEC SPC_COM_MENU '1';
2018-08-01 07:48:30 EXEC SPC_W002_FND1
2018-08-01 07:48:34 EXEC SPC_COM_MENU '1';
2018-08-01 07:48:34 EXEC SPC_W002_LST1 'POST-3';
2018-08-01 07:48:35 EXEC SPC_COM_MENU '1';
2018-08-01 07:48:35 EXEC SPC_COMMON_CATALORUE '7';
2018-08-01 07:48:35 EXEC SPC_COM_MENU '1';
2018-08-01 07:48:35 EXEC SPC_COMMON_GROUP 'CAT-1025';
2018-08-01 07:49:23 EXEC SPC_COM_PERMISSION '1','w002';
2018-08-01 07:49:23 EXEC SPC_COM_MENU '1';
2018-08-01 07:49:23 EXEC SPC_W002_FND1
2018-08-01 07:49:27 EXEC SPC_COM_MENU '1';
2018-08-01 07:49:27 EXEC SPC_W002_LST1 'POST-3';
2018-08-01 07:49:27 EXEC SPC_COM_MENU '1';
2018-08-01 07:49:27 EXEC SPC_COMMON_CATALORUE '7';
2018-08-01 07:49:28 EXEC SPC_COM_MENU '1';
2018-08-01 07:49:28 EXEC SPC_COMMON_GROUP 'CAT-1025';
2018-08-01 07:49:40 EXEC SPC_COM_PERMISSION '1','w002';
2018-08-01 07:49:40 EXEC SPC_COM_MENU '1';
2018-08-01 07:49:40 EXEC SPC_W002_FND1
2018-08-01 07:50:24 EXEC SPC_COM_PERMISSION '1','w002';
2018-08-01 07:50:24 EXEC SPC_COM_MENU '1';
2018-08-01 07:50:24 EXEC SPC_W002_FND1
2018-08-01 07:50:27 EXEC SPC_COM_MENU '1';
2018-08-01 07:50:27 EXEC SPC_W002_LST1 'POST-3';
2018-08-01 07:50:27 EXEC SPC_COM_MENU '1';
2018-08-01 07:50:27 EXEC SPC_COMMON_CATALORUE '7';
2018-08-01 07:50:28 EXEC SPC_COM_MENU '1';
2018-08-01 07:50:28 EXEC SPC_COMMON_GROUP 'CAT-1025';
2018-08-01 07:52:22 EXEC SPC_COM_MENU '1';
2018-08-01 07:52:22 EXEC SPC_W002_LST1 'POST-2';
2018-08-01 07:52:22 EXEC SPC_COM_MENU '1';
2018-08-01 07:52:22 EXEC SPC_COMMON_CATALORUE '3';
2018-08-01 07:52:22 EXEC SPC_COM_MENU '1';
2018-08-01 07:52:22 EXEC SPC_COMMON_GROUP '';
2018-08-01 07:52:22 EXEC SPC_COM_MENU '1';
2018-08-01 07:52:22 EXEC SPC_COMMON_GROUP 'CAT-8';
2018-08-01 07:52:40 EXEC SPC_COM_PERMISSION '1','w002';
2018-08-01 07:52:40 EXEC SPC_COM_MENU '1';
2018-08-01 07:52:40 EXEC SPC_W002_FND1
2018-08-01 07:53:44 EXEC SPC_COM_PERMISSION '1','w002';
2018-08-01 07:53:44 EXEC SPC_COM_MENU '1';
2018-08-01 07:53:44 EXEC SPC_W002_FND1
2018-08-01 07:53:47 EXEC SPC_COM_MENU '1';
2018-08-01 07:53:47 EXEC SPC_W002_LST1 'POST-3';
2018-08-01 07:53:47 EXEC SPC_COM_MENU '1';
2018-08-01 07:53:47 EXEC SPC_COMMON_CATALORUE '7';
2018-08-01 07:53:47 EXEC SPC_COM_MENU '1';
2018-08-01 07:53:47 EXEC SPC_COMMON_GROUP 'CAT-1025';
2018-08-01 07:53:51 EXEC SPC_COM_MENU '1';
2018-08-01 07:53:51 EXEC SPC_W002_LST1 'POST-2';
2018-08-01 07:53:52 EXEC SPC_COM_MENU '1';
2018-08-01 07:53:52 EXEC SPC_COMMON_CATALORUE '3';
2018-08-01 07:53:52 EXEC SPC_COM_MENU '1';
2018-08-01 07:53:52 EXEC SPC_COM_MENU '1';
2018-08-01 07:53:52 EXEC SPC_COMMON_GROUP '';
2018-08-01 07:53:52 EXEC SPC_COMMON_GROUP 'CAT-8';
2018-08-01 07:55:29 EXEC SPC_COM_PERMISSION '1','w002';
2018-08-01 07:55:29 EXEC SPC_COM_MENU '1';
2018-08-01 07:55:29 EXEC SPC_W002_FND1
2018-08-01 07:55:32 EXEC SPC_COM_MENU '1';
2018-08-01 07:55:32 EXEC SPC_W002_LST1 'POST-2';
2018-08-01 07:55:33 EXEC SPC_COM_MENU '1';
2018-08-01 07:55:33 EXEC SPC_COMMON_CATALORUE '3';
2018-08-01 07:55:33 EXEC SPC_COM_MENU '1';
2018-08-01 07:55:33 EXEC SPC_COMMON_GROUP 'CAT-8';
2018-08-01 08:07:41 EXEC SPC_COM_PERMISSION '1','w002';
2018-08-01 08:07:41 EXEC SPC_COM_MENU '1';
2018-08-01 08:07:41 EXEC SPC_W002_FND1
2018-08-01 08:07:46 EXEC SPC_COM_MENU '1';
2018-08-01 08:07:46 EXEC SPC_W002_LST1 'POST-2';
2018-08-01 08:07:46 EXEC SPC_COM_MENU '1';
2018-08-01 08:07:46 EXEC SPC_COMMON_CATALORUE '3';
2018-08-01 08:07:47 EXEC SPC_COM_MENU '1';
2018-08-01 08:07:47 EXEC SPC_COMMON_GROUP 'CAT-8';
2018-08-01 08:08:13 EXEC SPC_COM_MENU '1';
2018-08-01 08:08:13 EXEC SPC_COMMON_CATALORUE '7';
2018-08-01 08:08:14 EXEC SPC_COM_MENU '1';
2018-08-01 08:08:14 EXEC SPC_COMMON_GROUP '';
2018-08-01 08:08:16 EXEC SPC_COM_PERMISSION '1','w002';
2018-08-01 08:08:16 EXEC SPC_COM_MENU '1';
2018-08-01 08:08:16 EXEC SPC_W002_FND1
2018-08-01 08:09:00 EXEC SPC_COM_PERMISSION '1','w002';
2018-08-01 08:09:00 EXEC SPC_COM_MENU '1';
2018-08-01 08:09:00 EXEC SPC_W002_FND1
2018-08-01 08:09:03 EXEC SPC_COM_MENU '1';
2018-08-01 08:09:03 EXEC SPC_W002_LST1 'POST-3';
2018-08-01 08:09:04 EXEC SPC_COM_MENU '1';
2018-08-01 08:09:04 EXEC SPC_COMMON_CATALORUE '7';
2018-08-01 08:09:04 EXEC SPC_COM_MENU '1';
2018-08-01 08:09:04 EXEC SPC_COMMON_GROUP 'CAT-1025';
2018-08-01 08:09:08 EXEC SPC_COM_MENU '1';
2018-08-01 08:09:08 EXEC SPC_W002_LST1 'POST-2';
2018-08-01 08:09:08 EXEC SPC_COM_MENU '1';
2018-08-01 08:09:08 EXEC SPC_COMMON_CATALORUE '3';
2018-08-01 08:09:08 EXEC SPC_COM_MENU '1';
2018-08-01 08:09:08 EXEC SPC_COMMON_GROUP '';
2018-08-01 08:09:09 EXEC SPC_COM_MENU '1';
2018-08-01 08:09:09 EXEC SPC_COMMON_GROUP 'CAT-8';
2018-08-01 08:09:12 EXEC SPC_COM_MENU '1';
2018-08-01 08:09:12 EXEC SPC_COMMON_CATALORUE '7';
2018-08-01 08:09:12 EXEC SPC_COM_MENU '1';
2018-08-01 08:09:12 EXEC SPC_COMMON_GROUP '';
2018-08-01 08:11:14 EXEC SPC_COM_MENU '1';
2018-08-01 08:11:14 EXEC SPC_COMMON_GROUP 'CAT-1025';
2018-08-01 08:12:34 EXEC SPC_COM_PERMISSION '1','w002';
2018-08-01 08:12:35 EXEC SPC_COM_MENU '1';
2018-08-01 08:12:35 EXEC SPC_W002_FND1
2018-08-01 08:12:37 EXEC SPC_COM_MENU '1';
2018-08-01 08:12:37 EXEC SPC_W002_LST1 'POST-3';
2018-08-01 08:12:38 EXEC SPC_COM_MENU '1';
2018-08-01 08:12:38 EXEC SPC_COMMON_CATALORUE '7';
2018-08-01 08:12:38 EXEC SPC_COM_MENU '1';
2018-08-01 08:12:38 EXEC SPC_COMMON_GROUP 'CAT-1025';
2018-08-01 08:13:18 EXEC SPC_COM_PERMISSION '1','w002';
2018-08-01 08:13:18 EXEC SPC_COM_MENU '1';
2018-08-01 08:13:18 EXEC SPC_W002_FND1
2018-08-01 08:13:23 EXEC SPC_COM_MENU '1';
2018-08-01 08:13:23 EXEC SPC_W002_LST1 'POST-3';
2018-08-01 08:13:23 EXEC SPC_COM_MENU '1';
2018-08-01 08:13:23 EXEC SPC_COMMON_CATALORUE '7';
2018-08-01 08:13:23 EXEC SPC_COM_MENU '1';
2018-08-01 08:13:23 EXEC SPC_COMMON_GROUP 'CAT-1025';
2018-08-01 08:13:37 EXEC SPC_COM_PERMISSION '1','w002';
2018-08-01 08:13:37 EXEC SPC_COM_MENU '1';
2018-08-01 08:13:37 EXEC SPC_W002_FND1
2018-08-01 08:13:39 EXEC SPC_COM_MENU '1';
2018-08-01 08:13:39 EXEC SPC_W002_LST1 'POST-2';
2018-08-01 08:13:39 EXEC SPC_COM_MENU '1';
2018-08-01 08:13:39 EXEC SPC_COMMON_CATALORUE '3';
2018-08-01 08:13:40 EXEC SPC_COM_MENU '1';
2018-08-01 08:13:40 EXEC SPC_COMMON_GROUP 'CAT-8';
2018-08-01 08:14:56 EXEC SPC_COM_PERMISSION '1','w002';
2018-08-01 08:14:56 EXEC SPC_COM_MENU '1';
2018-08-01 08:14:56 EXEC SPC_W002_FND1
2018-08-01 08:15:00 EXEC SPC_COM_MENU '1';
2018-08-01 08:15:00 EXEC SPC_W002_LST1 'POST-3';
2018-08-01 08:15:00 EXEC SPC_COM_MENU '1';
2018-08-01 08:15:00 EXEC SPC_COMMON_CATALORUE '7';
2018-08-01 08:15:00 EXEC SPC_COM_MENU '1';
2018-08-01 08:15:00 EXEC SPC_COMMON_GROUP 'CAT-1025';
2018-08-01 08:15:06 EXEC SPC_COM_MENU '1';
2018-08-01 08:15:06 EXEC SPC_W002_LST1 'POST-2';
2018-08-01 08:15:06 EXEC SPC_COM_MENU '1';
2018-08-01 08:15:06 EXEC SPC_COMMON_CATALORUE '3';
2018-08-01 08:15:06 EXEC SPC_COM_MENU '1';
2018-08-01 08:15:06 EXEC SPC_COMMON_GROUP '';
2018-08-01 08:15:06 EXEC SPC_COM_MENU '1';
2018-08-01 08:15:06 EXEC SPC_COMMON_GROUP 'CAT-8';
2018-08-01 08:16:01 EXEC SPC_COM_MENU '1';
2018-08-01 08:18:14 EXEC SPC_COM_PERMISSION '1','w002';
2018-08-01 08:18:14 EXEC SPC_COM_MENU '1';
2018-08-01 08:18:14 EXEC SPC_W002_FND1
2018-08-01 08:18:17 EXEC SPC_COM_MENU '1';
2018-08-01 08:18:17 EXEC SPC_W002_LST1 'POST-2';
2018-08-01 08:18:18 EXEC SPC_COM_MENU '1';
2018-08-01 08:18:18 EXEC SPC_COMMON_CATALORUE '3';
2018-08-01 08:18:18 EXEC SPC_COM_MENU '1';
2018-08-01 08:18:18 EXEC SPC_COMMON_GROUP 'CAT-8';
2018-08-01 08:18:30 EXEC SPC_COM_MENU '1';
2018-08-01 08:18:30 EXEC SPC_W002_LST1 'POST-3';
2018-08-01 08:18:30 EXEC SPC_COM_MENU '1';
2018-08-01 08:18:30 EXEC SPC_COMMON_CATALORUE '7';
2018-08-01 08:18:30 EXEC SPC_COM_MENU '1';
2018-08-01 08:18:30 EXEC SPC_COM_MENU '1';
2018-08-01 08:18:30 EXEC SPC_COMMON_GROUP '';
2018-08-01 08:18:30 EXEC SPC_COMMON_GROUP 'CAT-1025';
2018-08-01 08:18:34 EXEC SPC_COM_PERMISSION '1','w002';
2018-08-01 08:18:35 EXEC SPC_COM_MENU '1';
2018-08-01 08:18:35 EXEC SPC_W002_FND1
2018-08-01 08:18:52 EXEC SPC_COM_PERMISSION '1','w002';
2018-08-01 08:18:52 EXEC SPC_COM_MENU '1';
2018-08-01 08:18:52 EXEC SPC_W002_FND1
2018-08-01 08:18:58 EXEC SPC_COM_MENU '1';
2018-08-01 08:18:58 EXEC SPC_W002_LST1 'POST-3';
2018-08-01 08:18:58 EXEC SPC_COM_MENU '1';
2018-08-01 08:18:58 EXEC SPC_COMMON_CATALORUE '7';
2018-08-01 08:18:58 EXEC SPC_COM_MENU '1';
2018-08-01 08:18:58 EXEC SPC_COMMON_GROUP 'CAT-1025';
2018-08-01 08:19:39 EXEC SPC_COM_PERMISSION '1','w002';
2018-08-01 08:19:39 EXEC SPC_COM_MENU '1';
2018-08-01 08:19:39 EXEC SPC_W002_FND1
2018-08-01 08:19:41 EXEC SPC_COM_MENU '1';
2018-08-01 08:19:41 EXEC SPC_W002_LST1 'POST-2';
2018-08-01 08:19:41 EXEC SPC_COM_MENU '1';
2018-08-01 08:19:41 EXEC SPC_COMMON_CATALORUE '3';
2018-08-01 08:19:41 EXEC SPC_COM_MENU '1';
2018-08-01 08:19:41 EXEC SPC_COMMON_GROUP 'CAT-8';
2018-08-01 08:19:45 EXEC SPC_COM_MENU '1';
2018-08-01 08:19:45 EXEC SPC_W002_LST1 'POST-3';
2018-08-01 08:19:46 EXEC SPC_COM_MENU '1';
2018-08-01 08:19:46 EXEC SPC_COMMON_CATALORUE '7';
2018-08-01 08:19:46 EXEC SPC_COM_MENU '1';
2018-08-01 08:19:46 EXEC SPC_COM_MENU '1';
2018-08-01 08:19:46 EXEC SPC_COMMON_GROUP 'CAT-1025';
2018-08-01 08:19:46 EXEC SPC_COMMON_GROUP '';
2018-08-01 08:21:39 EXEC SPC_COM_PERMISSION '1','w002';
2018-08-01 08:21:39 EXEC SPC_COM_MENU '1';
2018-08-01 08:21:39 EXEC SPC_W002_FND1
2018-08-01 08:21:42 EXEC SPC_COM_MENU '1';
2018-08-01 08:21:42 EXEC SPC_W002_LST1 'POST-2';
2018-08-01 08:21:43 EXEC SPC_COM_MENU '1';
2018-08-01 08:21:43 EXEC SPC_COMMON_CATALORUE '3';
2018-08-01 08:21:43 EXEC SPC_COM_MENU '1';
2018-08-01 08:21:43 EXEC SPC_COMMON_GROUP 'CAT-8';
2018-08-01 08:22:03 EXEC SPC_COM_PERMISSION '1','w002';
2018-08-01 08:22:03 EXEC SPC_COM_MENU '1';
2018-08-01 08:22:03 EXEC SPC_W002_FND1
2018-08-01 08:22:06 EXEC SPC_COM_MENU '1';
2018-08-01 08:22:06 EXEC SPC_W002_LST1 'POST-2';
2018-08-01 08:22:06 EXEC SPC_COM_MENU '1';
2018-08-01 08:22:06 EXEC SPC_COMMON_CATALORUE '3';
2018-08-01 08:22:07 EXEC SPC_COM_MENU '1';
2018-08-01 08:22:07 EXEC SPC_COMMON_GROUP 'CAT-8';
2018-08-01 08:22:50 EXEC SPC_COM_MENU '1';
2018-08-01 08:22:50 EXEC SPC_COMMON_CATALORUE '7';
2018-08-01 08:22:50 EXEC SPC_COM_MENU '1';
2018-08-01 08:22:50 EXEC SPC_COMMON_GROUP '';
2018-08-01 08:22:54 EXEC SPC_COM_MENU '1';
2018-08-01 08:22:54 EXEC SPC_COMMON_GROUP 'CAT-1025';
2018-08-01 08:23:01 EXEC SPC_COM_MENU '1';
2018-08-01 08:23:01 EXEC SPC_COMMON_CATALORUE '3';
2018-08-01 08:23:01 EXEC SPC_COM_MENU '1';
2018-08-01 08:23:01 EXEC SPC_COM_MENU '1';
2018-08-01 08:23:01 EXEC SPC_COMMON_GROUP '';
2018-08-01 08:23:01 EXEC SPC_COMMON_GROUP 'CAT-8';
2018-08-01 08:24:14 EXEC SPC_COM_PERMISSION '1','w002';
2018-08-01 08:24:14 EXEC SPC_COM_MENU '1';
2018-08-01 08:24:14 EXEC SPC_W002_FND1
2018-08-01 08:24:16 EXEC SPC_COM_MENU '1';
2018-08-01 08:24:16 EXEC SPC_W002_LST1 'POST-2';
2018-08-01 08:24:17 EXEC SPC_COM_MENU '1';
2018-08-01 08:24:17 EXEC SPC_COMMON_CATALORUE '3';
2018-08-01 08:24:17 EXEC SPC_COM_MENU '1';
2018-08-01 08:24:17 EXEC SPC_COMMON_GROUP 'CAT-8';
2018-08-01 08:24:20 EXEC SPC_COM_MENU '1';
2018-08-01 08:24:20 EXEC SPC_COMMON_CATALORUE '7';
2018-08-01 08:24:20 EXEC SPC_COM_MENU '1';
2018-08-01 08:24:20 EXEC SPC_COMMON_GROUP '';
2018-08-01 08:24:24 EXEC SPC_COM_MENU '1';
2018-08-01 08:24:24 EXEC SPC_COMMON_CATALORUE '3';
2018-08-01 08:24:25 EXEC SPC_COM_MENU '1';
2018-08-01 08:24:25 EXEC SPC_COMMON_GROUP 'CAT-8';
2018-08-01 08:24:31 EXEC SPC_COM_PERMISSION '1','w002';
2018-08-01 08:24:31 EXEC SPC_COM_MENU '1';
2018-08-01 08:24:31 EXEC SPC_W002_FND1
2018-08-01 08:53:20 EXEC SPC_COM_PERMISSION '1','w002';
2018-08-01 08:53:20 EXEC SPC_COM_MENU '1';
2018-08-01 08:53:20 EXEC SPC_W002_FND1
2018-08-01 09:17:57 EXEC SPC_COM_PERMISSION '1','w002';
2018-08-01 09:17:58 EXEC SPC_COM_MENU '1';
2018-08-01 09:17:58 EXEC SPC_W002_FND1
2018-08-01 09:18:04 EXEC SPC_COM_MENU '1';
2018-08-01 09:18:04 EXEC SPC_COMMON_CATALORUE '3';
2018-08-01 09:18:08 EXEC SPC_COM_MENU '1';
2018-08-01 09:18:08 EXEC SPC_COMMON_CATALORUE '5';
2018-08-01 09:18:10 EXEC SPC_COM_MENU '1';
2018-08-01 09:18:10 EXEC SPC_COMMON_CATALORUE '3';
2018-08-01 09:18:12 EXEC SPC_COM_MENU '1';
2018-08-01 09:18:12 EXEC SPC_COMMON_CATALORUE '7';
2018-08-01 09:18:16 EXEC SPC_COM_MENU '1';
2018-08-01 09:18:16 EXEC SPC_W002_LST1 'POST-2';
2018-08-01 09:18:17 EXEC SPC_COM_MENU '1';
2018-08-01 09:18:17 EXEC SPC_COMMON_CATALORUE '3';
2018-08-01 09:18:17 EXEC SPC_COM_MENU '1';
2018-08-01 09:18:17 EXEC SPC_COMMON_GROUP 'CAT-8';
2018-08-01 09:18:20 EXEC SPC_COM_MENU '1';
2018-08-01 09:18:20 EXEC SPC_COMMON_CATALORUE '6';
2018-08-01 09:18:20 EXEC SPC_COM_MENU '1';
2018-08-01 09:18:20 EXEC SPC_COMMON_GROUP '';
2018-08-01 09:18:37 EXEC SPC_COM_MENU '1';
2018-08-01 09:18:37 EXEC SPC_COMMON_CATALORUE '7';
2018-08-01 09:18:37 EXEC SPC_COM_MENU '1';
2018-08-01 09:18:37 EXEC SPC_COMMON_GROUP '';
2018-08-01 09:18:37 EXEC SPC_COM_MENU '1';
2018-08-01 09:18:37 EXEC SPC_COMMON_GROUP '';
2018-08-01 09:18:40 EXEC SPC_COM_MENU '1';
2018-08-01 09:18:40 EXEC SPC_COMMON_CATALORUE '3';
2018-08-01 09:18:41 EXEC SPC_COM_MENU '1';
2018-08-01 09:18:41 EXEC SPC_COM_MENU '1';
2018-08-01 09:18:41 EXEC SPC_COMMON_GROUP '';
2018-08-01 09:18:41 EXEC SPC_COMMON_GROUP 'CAT-8';
2018-08-01 09:22:30 EXEC SPC_COM_PERMISSION '1','w002';
2018-08-01 09:22:30 EXEC SPC_COM_MENU '1';
2018-08-01 09:22:30 EXEC SPC_W002_FND1
2018-08-01 09:22:34 EXEC SPC_COM_MENU '1';
2018-08-01 09:22:34 EXEC SPC_W002_LST1 'POST-2';
2018-08-01 09:22:35 EXEC SPC_COM_MENU '1';
2018-08-01 09:22:35 EXEC SPC_COMMON_CATALORUE '3';
2018-08-01 09:22:35 EXEC SPC_COM_MENU '1';
2018-08-01 09:22:35 EXEC SPC_COMMON_GROUP 'CAT-8';
2018-08-01 09:22:37 EXEC SPC_COM_MENU '1';
2018-08-01 09:22:37 EXEC SPC_COMMON_CATALORUE '6';
2018-08-01 09:22:37 EXEC SPC_COM_MENU '1';
2018-08-01 09:22:37 EXEC SPC_COMMON_GROUP '';
2018-08-01 09:22:41 EXEC SPC_COM_MENU '1';
2018-08-01 09:22:41 EXEC SPC_COMMON_CATALORUE '7';
2018-08-01 09:22:41 EXEC SPC_COM_MENU '1';
2018-08-01 09:22:41 EXEC SPC_COM_MENU '1';
2018-08-01 09:22:41 EXEC SPC_COMMON_GROUP '';
2018-08-01 09:22:41 EXEC SPC_COMMON_GROUP '';
2018-08-01 09:22:45 EXEC SPC_COM_MENU '1';
2018-08-01 09:22:45 EXEC SPC_COMMON_CATALORUE '3';
2018-08-01 09:22:45 EXEC SPC_COM_MENU '1';
2018-08-01 09:22:45 EXEC SPC_COM_MENU '1';
2018-08-01 09:22:45 EXEC SPC_COMMON_GROUP 'CAT-8';
2018-08-01 09:22:45 EXEC SPC_COMMON_GROUP '';
2018-08-01 09:23:18 EXEC SPC_COM_PERMISSION '1','w002';
2018-08-01 09:23:18 EXEC SPC_COM_MENU '1';
2018-08-01 09:23:18 EXEC SPC_W002_FND1
2018-08-01 09:23:22 EXEC SPC_COM_MENU '1';
2018-08-01 09:23:22 EXEC SPC_W002_LST1 'POST-2';
2018-08-01 09:23:23 EXEC SPC_COM_MENU '1';
2018-08-01 09:23:23 EXEC SPC_COMMON_CATALORUE '3';
2018-08-01 09:23:23 EXEC SPC_COM_MENU '1';
2018-08-01 09:23:23 EXEC SPC_COMMON_GROUP 'CAT-8';
2018-08-01 09:23:37 EXEC SPC_COM_MENU '1';
2018-08-01 09:23:37 EXEC SPC_COMMON_CATALORUE '2';
2018-08-01 09:23:38 EXEC SPC_COM_MENU '1';
2018-08-01 09:23:38 EXEC SPC_COMMON_GROUP '';
2018-08-01 09:23:41 EXEC SPC_COM_MENU '1';
2018-08-01 09:23:41 EXEC SPC_COMMON_CATALORUE '3';
2018-08-01 09:23:41 EXEC SPC_COM_MENU '1';
2018-08-01 09:23:41 EXEC SPC_COMMON_GROUP 'CAT-8';
2018-08-01 09:24:37 EXEC SPC_COM_PERMISSION '1','w002';
2018-08-01 09:24:37 EXEC SPC_COM_MENU '1';
2018-08-01 09:24:37 EXEC SPC_W002_FND1
2018-08-01 09:24:40 EXEC SPC_COM_MENU '1';
2018-08-01 09:24:41 EXEC SPC_W002_LST1 'POST-2';
2018-08-01 09:24:41 EXEC SPC_COM_MENU '1';
2018-08-01 09:24:41 EXEC SPC_COMMON_CATALORUE '3';
2018-08-01 09:24:41 EXEC SPC_COM_MENU '1';
2018-08-01 09:24:41 EXEC SPC_COMMON_GROUP 'CAT-8';
2018-08-01 09:24:44 EXEC SPC_COM_MENU '1';
2018-08-01 09:24:44 EXEC SPC_COMMON_CATALORUE '2';
2018-08-01 09:24:44 EXEC SPC_COM_MENU '1';
2018-08-01 09:24:44 EXEC SPC_COMMON_GROUP '';
2018-08-01 09:24:46 EXEC SPC_COM_MENU '1';
2018-08-01 09:24:46 EXEC SPC_COMMON_CATALORUE '3';
2018-08-01 09:24:46 EXEC SPC_COM_MENU '1';
2018-08-01 09:24:46 EXEC SPC_COMMON_GROUP 'CAT-8';
2018-08-01 09:24:50 EXEC SPC_COM_MENU '1';
2018-08-01 09:24:50 EXEC SPC_COMMON_CATALORUE '6';
2018-08-01 09:24:50 EXEC SPC_COM_MENU '1';
2018-08-01 09:24:50 EXEC SPC_COMMON_GROUP '';
2018-08-01 09:24:52 EXEC SPC_COM_MENU '1';
2018-08-01 09:24:52 EXEC SPC_COMMON_CATALORUE '8';
2018-08-01 09:24:53 EXEC SPC_COM_MENU '1';
2018-08-01 09:24:53 EXEC SPC_COM_MENU '1';
2018-08-01 09:24:53 EXEC SPC_COMMON_GROUP '';
2018-08-01 09:24:53 EXEC SPC_COMMON_GROUP '';
2018-08-01 09:24:55 EXEC SPC_COM_MENU '1';
2018-08-01 09:24:55 EXEC SPC_COMMON_CATALORUE '5';
2018-08-01 09:24:56 EXEC SPC_COM_MENU '1';
2018-08-01 09:24:56 EXEC SPC_COM_MENU '1';
2018-08-01 09:24:56 EXEC SPC_COMMON_GROUP '';
2018-08-01 09:24:56 EXEC SPC_COMMON_GROUP '';
2018-08-01 09:24:59 EXEC SPC_COM_MENU '1';
2018-08-01 09:24:59 EXEC SPC_COMMON_CATALORUE '2';
2018-08-01 09:24:59 EXEC SPC_COM_MENU '1';
2018-08-01 09:24:59 EXEC SPC_COM_MENU '1';
2018-08-01 09:24:59 EXEC SPC_COMMON_GROUP '';
2018-08-01 09:25:01 EXEC SPC_COM_MENU '1';
2018-08-01 09:25:01 EXEC SPC_COMMON_CATALORUE '1';
2018-08-01 09:25:02 EXEC SPC_COM_MENU '1';
2018-08-01 09:25:02 EXEC SPC_COM_MENU '1';
2018-08-01 09:25:02 EXEC SPC_COMMON_GROUP '';
2018-08-01 09:25:02 EXEC SPC_COMMON_GROUP '';
2018-08-01 09:25:04 EXEC SPC_COM_MENU '1';
2018-08-01 09:25:04 EXEC SPC_COMMON_CATALORUE '7';
2018-08-01 09:25:04 EXEC SPC_COM_MENU '1';
2018-08-01 09:25:04 EXEC SPC_COM_MENU '1';
2018-08-01 09:25:04 EXEC SPC_COMMON_GROUP '';
2018-08-01 09:25:04 EXEC SPC_COMMON_GROUP '';
2018-08-01 09:25:14 EXEC SPC_COM_MENU '1';
2018-08-01 09:25:14 EXEC SPC_COMMON_CATALORUE '5';
2018-08-01 09:25:14 EXEC SPC_COM_MENU '1';
2018-08-01 09:25:14 EXEC SPC_COM_MENU '1';
2018-08-01 09:25:14 EXEC SPC_COMMON_GROUP '';
2018-08-01 09:25:14 EXEC SPC_COMMON_GROUP '';
2018-08-01 09:25:42 EXEC SPC_COM_PERMISSION '1','w002';
2018-08-01 09:25:42 EXEC SPC_COM_MENU '1';
2018-08-01 09:25:42 EXEC SPC_W002_FND1
2018-08-01 09:25:46 EXEC SPC_COM_MENU '1';
2018-08-01 09:25:46 EXEC SPC_W002_LST1 'POST-2';
2018-08-01 09:25:47 EXEC SPC_COM_MENU '1';
2018-08-01 09:25:47 EXEC SPC_COMMON_CATALORUE '3';
2018-08-01 09:25:47 EXEC SPC_COM_MENU '1';
2018-08-01 09:25:47 EXEC SPC_COMMON_GROUP 'CAT-8';
2018-08-01 09:25:52 EXEC SPC_COM_MENU '1';
2018-08-01 09:25:52 EXEC SPC_COMMON_CATALORUE '5';
2018-08-01 09:26:01 EXEC SPC_COM_MENU '1';
2018-08-01 09:26:01 EXEC SPC_COMMON_CATALORUE '1';
2018-08-01 09:26:05 EXEC SPC_COM_MENU '1';
2018-08-01 09:26:05 EXEC SPC_COMMON_GROUP 'CAT-12';
2018-08-01 09:26:15 EXEC SPC_COM_MENU '1';
2018-08-01 09:26:15 EXEC SPC_COMMON_CATALORUE '';
2018-08-01 09:26:17 EXEC SPC_COM_MENU '1';
2018-08-01 09:26:17 EXEC SPC_COMMON_CATALORUE '4';
2018-08-01 09:26:18 EXEC SPC_COM_MENU '1';
2018-08-01 09:26:18 EXEC SPC_COMMON_GROUP '';
2018-08-01 09:26:20 EXEC SPC_COM_MENU '1';
2018-08-01 09:26:21 EXEC SPC_COMMON_GROUP 'CAT-16';
2018-08-01 09:26:23 EXEC SPC_COM_MENU '1';
2018-08-01 09:26:23 EXEC SPC_COMMON_GROUP '';
2018-08-01 09:26:25 EXEC SPC_COM_MENU '1';
2018-08-01 09:26:25 EXEC SPC_COMMON_GROUP 'CAT-6';
2018-08-01 09:29:08 EXEC SPC_COM_MENU '1';
2018-08-01 09:29:08 EXEC SPC_COMMON_CATALORUE '6';
2018-08-01 09:29:08 EXEC SPC_COM_MENU '1';
2018-08-01 09:29:08 EXEC SPC_COMMON_GROUP '';
2018-08-01 09:29:10 EXEC SPC_COM_MENU '1';
2018-08-01 09:29:10 EXEC SPC_COMMON_CATALORUE '1';
2018-08-01 09:29:10 EXEC SPC_COM_MENU '1';
2018-08-01 09:29:10 EXEC SPC_COMMON_GROUP '';
2018-08-01 09:29:12 EXEC SPC_COM_MENU '1';
2018-08-01 09:29:12 EXEC SPC_COMMON_CATALORUE '3';
2018-08-01 09:29:12 EXEC SPC_COM_MENU '1';
2018-08-01 09:29:12 EXEC SPC_COMMON_GROUP 'CAT-8';
2018-08-01 09:29:18 EXEC SPC_COM_MENU '1';
2018-08-01 09:29:18 EXEC SPC_COMMON_CATALORUE '1';
2018-08-01 09:29:19 EXEC SPC_COM_MENU '1';
2018-08-01 09:29:19 EXEC SPC_COMMON_GROUP '';
2018-08-01 09:29:29 EXEC SPC_COM_MENU '1';
2018-08-01 09:29:29 EXEC SPC_COMMON_GROUP 'CAT-12';
2018-08-01 09:29:33 EXEC SPC_COM_MENU '1';
2018-08-01 09:29:33 EXEC SPC_COMMON_CATALORUE '3';
2018-08-01 09:29:33 EXEC SPC_COM_MENU '1';
2018-08-01 09:29:33 EXEC SPC_COMMON_GROUP 'CAT-8';
2018-08-01 09:29:42 EXEC SPC_COM_MENU '1';
2018-08-01 09:29:42 EXEC SPC_COMMON_CATALORUE '5';
2018-08-01 09:29:43 EXEC SPC_COM_MENU '1';
2018-08-01 09:29:43 EXEC SPC_COMMON_GROUP '';
2018-08-01 09:29:45 EXEC SPC_COM_MENU '1';
2018-08-01 09:29:45 EXEC SPC_COMMON_CATALORUE '3';
2018-08-01 09:29:45 EXEC SPC_COM_MENU '1';
2018-08-01 09:29:45 EXEC SPC_COMMON_GROUP 'CAT-8';
2018-08-01 09:30:20 EXEC SPC_COM_PERMISSION '1','w002';
2018-08-01 09:30:20 EXEC SPC_COM_MENU '1';
2018-08-01 09:30:20 EXEC SPC_W002_FND1
2018-08-01 09:31:07 EXEC SPC_COM_MENU '1';
2018-08-01 09:31:07 EXEC SPC_W002_LST1 'POST-3';
2018-08-01 09:31:07 EXEC SPC_COM_MENU '1';
2018-08-01 09:31:07 EXEC SPC_COMMON_CATALORUE '7';
2018-08-01 09:31:08 EXEC SPC_COM_MENU '1';
2018-08-01 09:31:08 EXEC SPC_COMMON_GROUP 'CAT-1025';
2018-08-01 09:31:12 EXEC SPC_COM_MENU '1';
2018-08-01 09:31:12 EXEC SPC_COMMON_CATALORUE '3';
2018-08-01 09:31:22 EXEC SPC_COM_MENU '1';
2018-08-01 09:31:22 EXEC SPC_COMMON_CATALORUE '7';
2018-08-01 09:31:22 EXEC SPC_COM_MENU '1';
2018-08-01 09:31:22 EXEC SPC_COMMON_GROUP 'CAT-1025';
2018-08-01 09:31:31 EXEC SPC_COM_MENU '1';
2018-08-01 09:31:31 EXEC SPC_COMMON_CATALORUE '5';
2018-08-01 09:31:38 EXEC SPC_COM_MENU '1';
2018-08-01 09:31:38 EXEC SPC_COMMON_GROUP 'CAT-9';
2018-08-01 09:31:47 EXEC SPC_COM_MENU '1';
2018-08-01 09:31:47 EXEC SPC_COMMON_CATALORUE '7';
2018-08-01 09:31:47 EXEC SPC_COM_MENU '1';
2018-08-01 09:31:47 EXEC SPC_COMMON_GROUP 'CAT-1025';
2018-08-01 09:31:54 EXEC SPC_COM_MENU '1';
2018-08-01 09:31:54 EXEC SPC_COMMON_CATALORUE '6';
2018-08-01 09:31:57 EXEC SPC_COM_MENU '1';
2018-08-01 09:31:57 EXEC SPC_COMMON_CATALORUE '2';
2018-08-01 09:31:57 EXEC SPC_COM_MENU '1';
2018-08-01 09:31:57 EXEC SPC_COMMON_GROUP '';
2018-08-01 09:32:00 EXEC SPC_COM_MENU '1';
2018-08-01 09:32:00 EXEC SPC_COMMON_CATALORUE '4';
2018-08-01 09:32:00 EXEC SPC_COM_MENU '1';
2018-08-01 09:32:00 EXEC SPC_COMMON_GROUP '';
2018-08-01 09:32:03 EXEC SPC_COM_MENU '1';
2018-08-01 09:32:03 EXEC SPC_COMMON_CATALORUE '5';
2018-08-01 09:32:03 EXEC SPC_COM_MENU '1';
2018-08-01 09:32:03 EXEC SPC_COMMON_GROUP '';
2018-08-01 09:32:07 EXEC SPC_COM_MENU '1';
2018-08-01 09:32:07 EXEC SPC_COMMON_CATALORUE '7';
2018-08-01 09:32:07 EXEC SPC_COM_MENU '1';
2018-08-01 09:32:07 EXEC SPC_COMMON_GROUP 'CAT-1025';
2018-08-01 09:32:12 EXEC SPC_COM_MENU '1';
2018-08-01 09:32:12 EXEC SPC_COMMON_CATALORUE '3';
2018-08-01 09:32:12 EXEC SPC_COM_MENU '1';
2018-08-01 09:32:12 EXEC SPC_COMMON_GROUP '';
2018-08-01 09:32:16 EXEC SPC_COM_MENU '1';
2018-08-01 09:32:16 EXEC SPC_COMMON_CATALORUE '1';
2018-08-01 09:32:16 EXEC SPC_COM_MENU '1';
2018-08-01 09:32:16 EXEC SPC_COMMON_GROUP '';
2018-08-01 09:32:19 EXEC SPC_COM_MENU '1';
2018-08-01 09:32:19 EXEC SPC_COMMON_CATALORUE '7';
2018-08-01 09:32:19 EXEC SPC_COM_MENU '1';
2018-08-01 09:32:19 EXEC SPC_COMMON_GROUP 'CAT-1025';
2018-08-01 09:32:21 EXEC SPC_COM_MENU '1';
2018-08-01 09:32:21 EXEC SPC_COMMON_CATALORUE '5';
2018-08-01 09:32:22 EXEC SPC_COM_MENU '1';
2018-08-01 09:32:22 EXEC SPC_COMMON_GROUP '';
2018-08-01 09:32:25 EXEC SPC_COM_MENU '1';
2018-08-01 09:32:25 EXEC SPC_COMMON_CATALORUE '9';
2018-08-01 09:32:25 EXEC SPC_COM_MENU '1';
2018-08-01 09:32:25 EXEC SPC_COMMON_GROUP '';
2018-08-01 09:32:28 EXEC SPC_COM_MENU '1';
2018-08-01 09:32:28 EXEC SPC_COMMON_CATALORUE '6';
2018-08-01 09:32:28 EXEC SPC_COM_MENU '1';
2018-08-01 09:32:28 EXEC SPC_COMMON_GROUP '';
2018-08-01 09:32:30 EXEC SPC_COM_MENU '1';
2018-08-01 09:32:30 EXEC SPC_COMMON_CATALORUE '7';
2018-08-01 09:32:31 EXEC SPC_COM_MENU '1';
2018-08-01 09:32:31 EXEC SPC_COMMON_GROUP 'CAT-1025';
