2018-06-01 09:08:12 EXEC SPC_COM_PERMISSION '3','g001';
2018-06-01 09:08:17 EXEC SPC_COM_PERMISSION '3','g004';
2018-06-01 09:08:17 EXEC SPC_COM_PERMISSION '3','g001';
2018-06-01 09:08:24 EXEC SPC_COM_PERMISSION '3','g007';
2018-06-01 09:08:24 EXEC SPC_COM_PERMISSION '3','g001';
2018-06-01 09:08:31 EXEC SPC_COM_PERMISSION '3','g004';
2018-06-01 09:08:31 EXEC SPC_COM_PERMISSION '3','g001';
2018-06-01 09:08:36 EXEC SPC_COM_PERMISSION '3','m004';
2018-06-01 09:08:36 EXEC SPC_M004_FND1
2018-06-01 09:10:14 EXEC SPC_COMMON_REFER 'p001','dep-1';
2018-06-01 09:10:42 EXEC SPC_COM_PERMISSION '3','m003';
2018-06-01 09:10:42 EXEC SPC_M003_FND1
2018-06-01 09:10:45 EXEC SPC_M003_LST1 '','','','0','10','1';
2018-06-01 09:12:49 EXEC SPC_COMMON_REFER 'p001','DEP-1';
2018-06-01 09:13:05 EXEC SPC_M003_ACT1 '<row avarta="http://eplus.win/uploads/cropped-1500x930-doing-the-impossible_20180601 0909060652521527844312325.jpg" emp_id="EMP-72" family_nm="Tố" first_name="Linh" email="ndq809@gmail.com" cellphone="10124" sex="1" birth_date="12/11/1993" department_id="DEP-1" employee_div="2" remark="linh gà" />','quy','127.0.0.1';
2018-06-01 09:13:05 EXEC SPC_M003_LST1 '','','','0','10','1';
2018-06-01 09:13:46 EXEC SPC_COM_PERMISSION '3','s001';
2018-06-01 09:13:46 EXEC SPC_S001_FND1
2018-06-01 09:13:54 EXEC SPC_COM_PERMISSION '3','s003';
2018-06-01 09:13:54 EXEC SPC_COM_PERMISSION '3','s001';
2018-06-01 09:13:54 EXEC SPC_S001_FND1
2018-06-01 09:14:00 EXEC SPC_COM_PERMISSION '3','s003';
2018-06-01 09:14:00 EXEC SPC_COM_PERMISSION '3','s001';
2018-06-01 09:14:00 EXEC SPC_S001_FND1
2018-06-01 09:14:03 EXEC SPC_COM_PERMISSION '3','s002';
2018-06-01 09:14:03 EXEC SPC_COM_PERMISSION '3','s001';
2018-06-01 09:14:03 EXEC SPC_S001_FND1
2018-06-01 09:14:08 EXEC SPC_S001_LST1 '3';
2018-06-01 09:14:26 EXEC SPC_S001_ACT1 '3','<row screen_id="g001" remark="" access_per="1" menu_per="0" add_per="0" edit_per="0" delete_per="0" report_per="0" /><row screen_id="m003" remark="" access_per="1" menu_per="1" add_per="1" edit_per="1" delete_per="1" report_per="1" /><row screen_id="m004" remark="" access_per="1" menu_per="1" add_per="0" edit_per="1" delete_per="1" report_per="1" /><row screen_id="s001" remark="" access_per="1" menu_per="0" add_per="0" edit_per="1" delete_per="0" report_per="0" /><row screen_id="s002" remark="" access_per="1" menu_per="0" add_per="0" edit_per="0" delete_per="0" report_per="0" /><row screen_id="s003" remark="" access_per="1" menu_per="0" add_per="0" edit_per="0" delete_per="0" report_per="0" />','quy','127.0.0.1';
2018-06-01 09:14:29 EXEC SPC_COM_PERMISSION '3','s003';
2018-06-01 09:14:29 EXEC SPC_S003_FND1
2018-06-01 09:14:47 EXEC SPC_COM_PERMISSION '3','p002';
2018-06-01 09:14:47 EXEC SPC_COM_PERMISSION '3','s003';
2018-06-01 09:14:47 EXEC SPC_S003_FND1
2018-06-01 09:15:02 EXEC SPC_COM_PERMISSION '3','p002';
2018-06-01 09:15:02 EXEC SPC_COM_PERMISSION '3','s003';
2018-06-01 09:15:02 EXEC SPC_S003_FND1
2018-06-01 09:17:29 EXEC SPC_COM_PERMISSION '3','s003';
2018-06-01 09:17:29 EXEC SPC_S003_FND1
2018-06-01 09:17:33 EXEC SPC_COM_PERMISSION '3','p002';
2018-06-01 09:17:33 EXEC SPC_COM_PERMISSION '3','s003';
2018-06-01 09:17:33 EXEC SPC_S003_FND1
2018-06-01 09:17:39 EXEC SPC_COM_PERMISSION '3','s003';
2018-06-01 09:17:39 EXEC SPC_S003_FND1
2018-06-01 09:17:41 EXEC SPC_COM_PERMISSION '3','p002';
2018-06-01 09:17:41 EXEC SPC_COM_PERMISSION '3','s003';
2018-06-01 09:17:41 EXEC SPC_S003_FND1
2018-06-01 09:18:02 EXEC SPC_COM_PERMISSION '3','s003';
2018-06-01 09:18:02 EXEC SPC_S003_FND1
2018-06-01 09:18:03 EXEC SPC_COM_PERMISSION '3','p002';
2018-06-01 09:18:04 EXEC SPC_COM_PERMISSION '3','s003';
2018-06-01 09:18:04 EXEC SPC_S003_FND1
2018-06-01 09:18:23 EXEC SPC_COMMON_REFER 'p002','emp-1';
2018-06-01 09:18:28 EXEC SPC_COMMON_REFER 'p002','emp-55';
2018-06-01 09:21:16 EXEC SPC_COM_PERMISSION '3','s003';
2018-06-01 09:21:16 EXEC SPC_S003_FND1
2018-06-01 09:21:18 EXEC SPC_COM_PERMISSION '3','p002';
2018-06-01 09:21:18 EXEC SPC_COM_PERMISSION '3','s003';
2018-06-01 09:21:18 EXEC SPC_S003_FND1
2018-06-01 09:23:52 EXEC SPC_COM_PERMISSION '3','s003';
2018-06-01 09:23:52 EXEC SPC_S003_FND1
2018-06-01 09:23:54 EXEC SPC_COM_M999_INQ1 '2';
2018-06-01 09:23:54 EXEC SPC_P002_LST1 '','','','0','50';
2018-06-01 09:24:00 EXEC SPC_COM_PERMISSION '3','s002';
2018-06-01 09:24:00 EXEC SPC_S003_FND1
2018-06-01 09:24:10 EXEC SPC_S002_LST1 '','','','','10','1';
2018-06-01 09:24:20 EXEC SPC_COM_PERMISSION '3','m003';
2018-06-01 09:24:20 EXEC SPC_M003_FND1
2018-06-01 09:24:23 EXEC SPC_COM_PERMISSION '3','m001';
2018-06-01 09:24:23 EXEC SPC_COM_PERMISSION '3','m003';
2018-06-01 09:24:23 EXEC SPC_M003_FND1
2018-06-01 09:24:26 EXEC SPC_COM_PERMISSION '3','m005';
2018-06-01 09:24:27 EXEC SPC_COM_PERMISSION '3','m003';
2018-06-01 09:24:27 EXEC SPC_M003_FND1
2018-06-01 09:24:30 EXEC SPC_COM_PERMISSION '3','m004';
2018-06-01 09:24:30 EXEC SPC_M004_FND1
2018-06-01 09:24:35 EXEC SPC_COM_PERMISSION '3','s001';
2018-06-01 09:24:35 EXEC SPC_S001_FND1
2018-06-01 09:24:38 EXEC SPC_COM_PERMISSION '3','s002';
2018-06-01 09:24:38 EXEC SPC_S003_FND1
2018-06-01 09:24:40 EXEC SPC_COM_PERMISSION '3','s003';
2018-06-01 09:24:40 EXEC SPC_S003_FND1
2018-06-01 09:24:42 EXEC SPC_COM_PERMISSION '3','v001';
2018-06-01 09:24:43 EXEC SPC_COM_PERMISSION '3','s003';
2018-06-01 09:24:43 EXEC SPC_S003_FND1
