2018-09-27 00:02:40 EXEC SPC_COM_DATA '','','';
2018-09-27 00:02:57 EXEC SPC_COM_DATA '','','';
2018-09-27 00:02:57 EXEC SPC_VOCABULARY_LST1 '','','','';
2018-09-27 00:07:12 EXEC SPC_COM_DATA '','','';
2018-09-27 00:07:12 EXEC SPC_VOCABULARY_LST1 '','','','';
2018-09-27 00:07:15 EXEC SPC_COM_DATA '','','';
2018-09-27 00:07:18 EXEC SPC_COM_DATA '','','';
2018-09-27 00:09:06 EXEC SPC_COM_DATA '','','';
2018-09-27 00:09:06 EXEC SPC_VOCABULARY_LST1 '','','','';
2018-09-27 00:09:24 EXEC SPC_COM_DATA '','','';
2018-09-27 00:09:50 EXEC SPC_COM_DATA '','','';
2018-09-27 00:09:50 EXEC SPC_VOCABULARY_LST1 '','','','';
2018-09-27 00:09:51 EXEC SPC_COM_DATA '','','';
2018-09-27 00:09:51 EXEC SPC_VOCABULARY_LST2 '2','1','';
2018-09-27 00:12:28 EXEC SPC_COM_DATA '','','';
2018-09-27 00:12:28 EXEC SPC_VOCABULARY_LST1 '','','2','1';
2018-09-27 00:12:29 EXEC SPC_COM_DATA '','','';
2018-09-27 00:12:29 EXEC SPC_VOCABULARY_LST2 '2','1','';
2018-09-27 00:25:54 EXEC SPC_COM_DATA '','','';
2018-09-27 00:25:54 EXEC SPC_VOCABULARY_LST1 '','','2','1';
2018-09-27 00:25:55 EXEC SPC_COM_DATA '','','';
2018-09-27 00:25:55 EXEC SPC_VOCABULARY_LST2 '2','1','';
2018-09-27 00:27:30 EXEC SPC_COM_DATA '','','';
2018-09-27 00:27:30 EXEC SPC_VOCABULARY_LST1 '','','2','1';
2018-09-27 00:27:31 EXEC SPC_COM_DATA '','','';
2018-09-27 00:27:31 EXEC SPC_VOCABULARY_LST2 '2','1','';
2018-09-27 00:29:31 EXEC SPC_COM_DATA '','','';
2018-09-27 00:29:31 EXEC SPC_VOCABULARY_LST1 '1','','2','1';
2018-09-27 00:29:31 EXEC SPC_COM_DATA '','','';
2018-09-27 00:29:31 EXEC SPC_VOCABULARY_LST2 '2','1','';
2018-09-27 00:42:36 EXEC SPC_COM_DATA 'ndq809','1','2';
2018-09-27 00:42:36 EXEC SPC_VOCABULARY_LST1 '1','ndq809','2','1';
2018-09-27 00:42:37 EXEC SPC_COM_DATA 'ndq809','1','2';
2018-09-27 00:42:37 EXEC SPC_VOCABULARY_LST2 '2','1','ndq809';
2018-09-27 00:42:45 EXEC SPC_COM_DATA '','','';
2018-09-27 00:42:45 EXEC SPC_VOCABULARY_LST1 '1','','','';
2018-09-27 00:42:45 EXEC SPC_COM_DATA '','','';
2018-09-27 00:42:45 EXEC SPC_VOCABULARY_LST2 '2','1','';
2018-09-27 00:44:30 EXEC SPC_COM_DATA '','','';
2018-09-27 00:45:34 EXEC SPC_COM_DATA 'ndq809','1','2';
2018-09-27 00:45:34 EXEC SPC_COM_MENU '1';
2018-09-27 00:45:37 EXEC SPC_COM_PERMISSION '1','2','g001';
2018-09-27 00:45:37 EXEC SPC_COM_MENU '1';
2018-09-27 00:45:41 EXEC SPC_COM_PERMISSION '1','2','w002';
2018-09-27 00:45:41 EXEC SPC_COM_MENU '1';
2018-09-27 00:45:41 EXEC SPC_W002_FND1
2018-09-27 00:45:53 EXEC SPC_COM_DATA '','','';
2018-09-27 00:50:20 EXEC SPC_COM_DATA '','','';
2018-09-27 00:50:20 EXEC SPC_LISTENING_LST1 '4','','2','1';
2018-09-27 00:50:30 EXEC SPC_COM_DATA '','','';
2018-09-27 00:50:30 EXEC SPC_VOCABULARY_LST2 '8','8','';
2018-09-27 00:54:22 EXEC SPC_COM_DATA '','','';
2018-09-27 00:54:22 EXEC SPC_LISTENING_LST1 '4','','8','8';
2018-09-27 00:54:33 EXEC SPC_COM_DATA '','','';
2018-09-27 00:54:33 EXEC SPC_LISTENING_LST2 '8','8','';
2018-09-27 00:54:49 EXEC SPC_COM_DATA '','','';
2018-09-27 00:54:49 EXEC SPC_LISTENING_LST1 '4','','8','8';
2018-09-27 00:55:09 EXEC SPC_COM_DATA '','','';
2018-09-27 00:55:09 EXEC SPC_LISTENING_LST1 '4','','8','8';
2018-09-27 00:55:49 EXEC SPC_COM_DATA '','','';
2018-09-27 00:55:49 EXEC SPC_LISTENING_LST1 '','','8','8';
2018-09-27 00:55:49 EXEC SPC_COM_DATA '','','';
2018-09-27 00:55:49 EXEC SPC_LISTENING_LST2 '8','8','';
2018-09-27 00:57:43 EXEC SPC_COM_DATA '','','';
2018-09-27 00:57:43 EXEC SPC_LISTENING_LST1 '','','8','8';
2018-09-27 00:57:44 EXEC SPC_COM_DATA '','','';
2018-09-27 00:57:44 EXEC SPC_LISTENING_LST2 '8','8','';
2018-09-27 00:58:00 EXEC SPC_COM_DATA '','','';
2018-09-27 00:58:00 EXEC SPC_LISTENING_LST1 '','','8','8';
2018-09-27 00:58:00 EXEC SPC_COM_DATA '','','';
2018-09-27 00:58:00 EXEC SPC_LISTENING_LST2 '8','8','';
2018-09-27 01:01:03 EXEC SPC_COM_PERMISSION '1','2','w001';
2018-09-27 01:01:03 EXEC SPC_COM_MENU '1';
2018-09-27 01:01:03 EXEC SPC_COM_M999_INQ1 '7';
2018-09-27 01:01:08 EXEC SPC_COM_MENU '1';
2018-09-27 01:01:08 EXEC SPC_COMMON_CATALORUE '3';
2018-09-27 01:01:10 EXEC SPC_COM_MENU '1';
2018-09-27 01:01:10 EXEC SPC_w001_LST1 '3','','','','10','1';
2018-09-27 01:01:22 EXEC SPC_COM_PERMISSION '1','2','w002';
2018-09-27 01:01:22 EXEC SPC_COM_MENU '1';
2018-09-27 01:01:22 EXEC SPC_W002_FND1
2018-09-27 01:01:22 EXEC SPC_COM_MENU '1';
2018-09-27 01:01:22 EXEC SPC_W002_LST1 '9';
2018-09-27 01:01:23 EXEC SPC_COM_MENU '1';
2018-09-27 01:01:23 EXEC SPC_COMMON_CATALORUE '3';
2018-09-27 01:01:23 EXEC SPC_COM_MENU '1';
2018-09-27 01:01:23 EXEC SPC_COMMON_GROUP '8';
2018-09-27 01:02:14 EXEC SPC_COM_DATA '','','';
2018-09-27 01:02:14 EXEC SPC_LISTENING_LST1 '','','8','8';
2018-09-27 01:02:15 EXEC SPC_COM_DATA '','','';
2018-09-27 01:02:15 EXEC SPC_LISTENING_LST2 '8','8','';
2018-09-27 01:02:21 EXEC SPC_COM_DATA '','','';
2018-09-27 01:02:21 EXEC SPC_LISTENING_LST1 '','','8','8';
2018-09-27 01:02:22 EXEC SPC_COM_DATA '','','';
2018-09-27 01:02:22 EXEC SPC_LISTENING_LST2 '8','8','';
2018-09-27 01:03:46 EXEC SPC_COM_DATA '','','';
2018-09-27 01:03:46 EXEC SPC_LISTENING_LST1 '','','8','8';
2018-09-27 01:03:47 EXEC SPC_COM_DATA '','','';
2018-09-27 01:03:47 EXEC SPC_LISTENING_LST2 '8','8','';
2018-09-27 01:05:01 EXEC SPC_COM_DATA '','','';
2018-09-27 01:05:01 EXEC SPC_LISTENING_LST1 '','','8','8';
2018-09-27 01:05:01 EXEC SPC_COM_DATA '','','';
2018-09-27 01:05:01 EXEC SPC_LISTENING_LST2 '8','8','';
2018-09-27 01:05:46 EXEC SPC_COM_DATA '','','';
2018-09-27 01:05:46 EXEC SPC_LISTENING_LST1 '','','8','8';
2018-09-27 01:05:47 EXEC SPC_COM_DATA '','','';
2018-09-27 01:05:47 EXEC SPC_LISTENING_LST2 '8','8','';
2018-09-27 01:10:08 EXEC SPC_COM_MENU '1';
2018-09-27 01:10:08 EXEC SPC_w002_ACT1 '9','3','8','8','dsadsad','<p>i am hero</p>
','','','0','','','','ndq809','127.0.0.1';
2018-09-27 01:10:09 EXEC SPC_COM_MENU '1';
2018-09-27 01:10:09 EXEC SPC_W002_LST1 '9';
2018-09-27 01:10:10 EXEC SPC_COM_MENU '1';
2018-09-27 01:10:10 EXEC SPC_COMMON_CATALORUE '3';
2018-09-27 01:10:10 EXEC SPC_COM_MENU '1';
2018-09-27 01:10:10 EXEC SPC_COMMON_GROUP '8';
2018-09-27 01:13:44 EXEC SPC_COM_DATA '','','';
2018-09-27 01:13:44 EXEC SPC_LISTENING_LST1 '','','8','8';
2018-09-27 01:13:44 EXEC SPC_COM_DATA '','','';
2018-09-27 01:13:44 EXEC SPC_LISTENING_LST2 '8','8','';
2018-09-27 01:20:35 EXEC SPC_COM_DATA '','','';
2018-09-27 01:20:35 EXEC SPC_LISTENING_LST1 '','','8','8';
2018-09-27 01:20:36 EXEC SPC_COM_DATA '','','';
2018-09-27 01:20:36 EXEC SPC_LISTENING_LST2 '8','8','';
2018-09-27 01:20:52 EXEC SPC_COM_DATA '','','';
2018-09-27 01:20:52 EXEC SPC_LISTENING_LST1 '','','8','8';
2018-09-27 01:20:53 EXEC SPC_COM_DATA '','','';
2018-09-27 01:20:53 EXEC SPC_LISTENING_LST2 '8','8','';
2018-09-27 01:23:07 EXEC SPC_COM_DATA '','','';
2018-09-27 01:23:07 EXEC SPC_LISTENING_LST1 '','','8','8';
2018-09-27 01:23:07 EXEC SPC_COM_DATA '','','';
2018-09-27 01:23:07 EXEC SPC_LISTENING_LST2 '8','8','';
2018-09-27 01:24:16 EXEC SPC_COM_DATA '','','';
2018-09-27 01:24:16 EXEC SPC_LISTENING_LST1 '','','8','8';
2018-09-27 01:24:17 EXEC SPC_COM_DATA '','','';
2018-09-27 01:24:17 EXEC SPC_LISTENING_LST2 '8','8','';
2018-09-27 01:24:43 EXEC SPC_COM_DATA '','','';
2018-09-27 01:24:43 EXEC SPC_LISTENING_LST1 '','','8','8';
2018-09-27 01:24:44 EXEC SPC_COM_DATA '','','';
2018-09-27 01:24:44 EXEC SPC_LISTENING_LST2 '8','8','';
2018-09-27 01:25:23 EXEC SPC_COM_DATA '','','';
2018-09-27 01:25:23 EXEC SPC_LISTENING_LST1 '','','8','8';
2018-09-27 01:25:23 EXEC SPC_COM_DATA '','','';
2018-09-27 01:25:23 EXEC SPC_LISTENING_LST2 '8','8','';
2018-09-27 01:26:25 EXEC SPC_COM_DATA '','','';
2018-09-27 01:26:25 EXEC SPC_LISTENING_LST1 '','','8','8';
2018-09-27 01:26:25 EXEC SPC_COM_DATA '','','';
2018-09-27 01:26:25 EXEC SPC_LISTENING_LST2 '8','8','';
2018-09-27 01:26:41 EXEC SPC_COM_DATA '','','';
2018-09-27 01:26:41 EXEC SPC_LISTENING_LST1 '','','8','8';
2018-09-27 01:26:42 EXEC SPC_COM_DATA '','','';
2018-09-27 01:26:42 EXEC SPC_LISTENING_LST2 '8','8','';
2018-09-27 01:28:17 EXEC SPC_COM_DATA '','','';
2018-09-27 01:28:17 EXEC SPC_LISTENING_LST1 '','','8','8';
2018-09-27 01:28:17 EXEC SPC_COM_DATA '','','';
2018-09-27 01:28:17 EXEC SPC_LISTENING_LST2 '8','8','';
2018-09-27 01:28:47 EXEC SPC_COM_DATA '','','';
2018-09-27 01:28:47 EXEC SPC_LISTENING_LST1 '','','8','8';
2018-09-27 01:28:47 EXEC SPC_COM_DATA '','','';
2018-09-27 01:28:47 EXEC SPC_LISTENING_LST2 '8','8','';
2018-09-27 01:30:43 EXEC SPC_COM_DATA '','','';
2018-09-27 01:30:43 EXEC SPC_LISTENING_LST1 '','','8','8';
2018-09-27 01:30:44 EXEC SPC_COM_DATA '','','';
2018-09-27 01:30:44 EXEC SPC_LISTENING_LST2 '8','8','';
2018-09-27 01:31:13 EXEC SPC_COM_DATA '','','';
2018-09-27 01:31:13 EXEC SPC_LISTENING_LST1 '','','8','8';
2018-09-27 01:31:14 EXEC SPC_COM_DATA '','','';
2018-09-27 01:31:14 EXEC SPC_LISTENING_LST2 '8','8','';
2018-09-27 01:31:28 EXEC SPC_COM_DATA '','','';
2018-09-27 01:31:28 EXEC SPC_LISTENING_LST1 '','','8','8';
2018-09-27 01:31:28 EXEC SPC_COM_DATA '','','';
2018-09-27 01:31:28 EXEC SPC_LISTENING_LST2 '8','8','';
2018-09-27 01:32:04 EXEC SPC_COM_DATA '','','';
2018-09-27 01:32:04 EXEC SPC_LISTENING_LST1 '','','8','8';
2018-09-27 01:32:05 EXEC SPC_COM_DATA '','','';
2018-09-27 01:32:05 EXEC SPC_LISTENING_LST2 '8','8','';
2018-09-27 01:32:55 EXEC SPC_COM_DATA '','','';
2018-09-27 01:32:55 EXEC SPC_LISTENING_LST1 '','','8','8';
2018-09-27 01:32:55 EXEC SPC_COM_DATA '','','';
2018-09-27 01:32:55 EXEC SPC_LISTENING_LST2 '8','8','';
2018-09-27 01:33:01 EXEC SPC_COM_DATA '','','';
2018-09-27 01:33:01 EXEC SPC_LISTENING_LST1 '','','8','8';
2018-09-27 01:33:02 EXEC SPC_COM_DATA '','','';
2018-09-27 01:33:02 EXEC SPC_LISTENING_LST2 '8','8','';
2018-09-27 01:34:02 EXEC SPC_COM_DATA '','','';
2018-09-27 01:34:02 EXEC SPC_LISTENING_LST1 '','','8','8';
2018-09-27 01:34:03 EXEC SPC_COM_DATA '','','';
2018-09-27 01:34:03 EXEC SPC_LISTENING_LST2 '8','8','';
2018-09-27 01:49:04 EXEC SPC_COM_DATA '','','';
2018-09-27 01:49:05 EXEC SPC_LISTENING_LST1 '','','8','8';
2018-09-27 01:49:05 EXEC SPC_COM_DATA '','','';
2018-09-27 01:49:05 EXEC SPC_LISTENING_LST2 '8','8','';
2018-09-27 01:59:59 EXEC SPC_COM_DATA '','','';
2018-09-27 01:59:59 EXEC SPC_LISTENING_LST1 '','','8','8';
2018-09-27 02:00:00 EXEC SPC_COM_DATA '','','';
2018-09-27 02:00:00 EXEC SPC_LISTENING_LST2 '8','8','';
2018-09-27 02:01:57 EXEC SPC_COM_DATA '','','';
2018-09-27 02:01:57 EXEC SPC_LISTENING_LST1 '','','8','8';
2018-09-27 02:01:58 EXEC SPC_COM_DATA '','','';
2018-09-27 02:01:58 EXEC SPC_LISTENING_LST2 '8','8','';
2018-09-27 02:02:14 EXEC SPC_COM_MENU '1';
2018-09-27 02:02:14 EXEC SPC_W002_LST1 '';
2018-09-27 02:02:14 EXEC SPC_COM_MENU '1';
2018-09-27 02:02:14 EXEC SPC_COMMON_CATALORUE '';
2018-09-27 02:02:16 EXEC SPC_COM_MENU '1';
2018-09-27 02:02:16 EXEC SPC_COMMON_CATALORUE '3';
2018-09-27 02:02:19 EXEC SPC_COM_MENU '1';
2018-09-27 02:02:19 EXEC SPC_COMMON_GROUP '8';
2018-09-27 02:03:27 EXEC SPC_COM_MENU '1';
2018-09-27 02:03:27 EXEC SPC_w002_ACT1 '','3','8','8','nghe thôi nào','<p>nghe th&ocirc;i sao phải xoắn</p>
','/web-content/audio/listeningAudio/audio_5bac3a6f299ae.mp3','audio_5bac3a6f299ae.mp3','1','','<row language1_content="i go to school" language2_content="tôi đi học" />','','ndq809','127.0.0.1';
2018-09-27 02:03:28 EXEC SPC_COM_MENU '1';
2018-09-27 02:03:28 EXEC SPC_W002_LST1 '10';
2018-09-27 02:03:28 EXEC SPC_COM_MENU '1';
2018-09-27 02:03:28 EXEC SPC_COMMON_CATALORUE '3';
2018-09-27 02:03:28 EXEC SPC_COM_MENU '1';
2018-09-27 02:03:28 EXEC SPC_COMMON_GROUP '8';
2018-09-27 02:03:32 EXEC SPC_COM_DATA '','','';
2018-09-27 02:03:32 EXEC SPC_LISTENING_LST1 '','','8','8';
2018-09-27 02:03:32 EXEC SPC_COM_DATA '','','';
2018-09-27 02:03:32 EXEC SPC_LISTENING_LST2 '8','8','';
2018-09-27 02:05:53 EXEC SPC_COM_DATA '','','';
2018-09-27 02:05:53 EXEC SPC_LISTENING_LST1 '','','8','8';
2018-09-27 02:05:55 EXEC SPC_COM_DATA '','','';
2018-09-27 02:05:55 EXEC SPC_LISTENING_LST2 '8','8','';
2018-09-27 02:08:33 EXEC SPC_COM_DATA '','','';
2018-09-27 02:08:33 EXEC SPC_LISTENING_LST1 '','','8','8';
2018-09-27 02:08:34 EXEC SPC_COM_DATA '','','';
2018-09-27 02:08:34 EXEC SPC_LISTENING_LST2 '8','8','';
2018-09-27 02:08:41 EXEC SPC_COM_DATA '','','';
2018-09-27 02:08:41 EXEC SPC_LISTENING_LST1 '10','','8','8';
2018-09-27 02:08:42 EXEC SPC_COM_DATA '','','';
2018-09-27 02:08:42 EXEC SPC_LISTENING_LST2 '8','8','';
2018-09-27 02:08:46 EXEC SPC_COM_DATA '','','';
2018-09-27 02:08:46 EXEC SPC_LISTENING_LST1 '10','','8','8';
2018-09-27 02:08:46 EXEC SPC_COM_DATA '','','';
2018-09-27 02:08:46 EXEC SPC_LISTENING_LST2 '8','8','';
2018-09-27 02:08:50 EXEC SPC_COM_DATA '','','';
2018-09-27 02:08:50 EXEC SPC_LISTENING_LST1 '9','','8','8';
2018-09-27 02:08:50 EXEC SPC_COM_DATA '','','';
2018-09-27 02:08:50 EXEC SPC_LISTENING_LST2 '8','8','';
2018-09-27 02:15:23 EXEC SPC_COM_DATA '','','';
2018-09-27 02:15:23 EXEC SPC_LISTENING_LST1 '10','','8','8';
2018-09-27 02:15:23 EXEC SPC_COM_DATA '','','';
2018-09-27 02:15:23 EXEC SPC_LISTENING_LST2 '8','8','';
2018-09-27 02:15:39 EXEC SPC_COM_DATA '','','';
2018-09-27 02:15:39 EXEC SPC_LISTENING_LST1 '10','','8','8';
2018-09-27 02:15:39 EXEC SPC_COM_DATA '','','';
2018-09-27 02:15:39 EXEC SPC_LISTENING_LST2 '8','8','';
2018-09-27 02:19:15 EXEC SPC_COM_DATA '','','';
2018-09-27 02:19:15 EXEC SPC_LISTENING_LST1 '10','','8','8';
2018-09-27 02:19:15 EXEC SPC_COM_DATA '','','';
2018-09-27 02:19:15 EXEC SPC_LISTENING_LST2 '8','8','';
2018-09-27 02:19:45 EXEC SPC_COM_DATA '','','';
2018-09-27 02:19:45 EXEC SPC_LISTENING_LST1 '10','','8','8';
2018-09-27 02:19:46 EXEC SPC_COM_DATA '','','';
2018-09-27 02:19:46 EXEC SPC_LISTENING_LST2 '8','8','';
2018-09-27 02:19:58 EXEC SPC_COM_DATA '','','';
2018-09-27 02:19:58 EXEC SPC_LISTENING_LST1 '10','','8','8';
2018-09-27 02:19:58 EXEC SPC_COM_DATA '','','';
2018-09-27 02:19:58 EXEC SPC_LISTENING_LST2 '8','8','';
2018-09-27 02:20:27 EXEC SPC_COM_DATA '','','';
2018-09-27 02:20:27 EXEC SPC_LISTENING_LST1 '10','','8','8';
2018-09-27 02:20:27 EXEC SPC_COM_DATA '','','';
2018-09-27 02:20:27 EXEC SPC_LISTENING_LST2 '8','8','';
2018-09-27 02:20:36 EXEC SPC_COM_DATA '','','';
2018-09-27 02:20:36 EXEC SPC_LISTENING_LST1 '10','','8','8';
2018-09-27 02:20:37 EXEC SPC_COM_DATA '','','';
2018-09-27 02:20:37 EXEC SPC_LISTENING_LST2 '8','8','';
2018-09-27 02:20:57 EXEC SPC_COM_DATA '','','';
2018-09-27 02:21:11 EXEC SPC_COM_DATA '','','';
2018-09-27 02:21:13 EXEC SPC_COM_DATA '','','';
2018-09-27 02:21:14 EXEC SPC_COM_DATA '','','';
2018-09-27 02:21:34 EXEC SPC_COM_DATA '','','';
2018-09-27 02:21:40 EXEC SPC_COM_DATA '','','';
2018-09-27 02:21:42 EXEC SPC_COM_DATA '','','';
2018-09-27 02:21:52 EXEC SPC_COM_DATA '','','';
2018-09-27 02:21:54 EXEC SPC_COM_DATA '','','';
2018-09-27 02:21:59 EXEC SPC_COM_DATA '','','';
2018-09-27 02:21:59 EXEC SPC_LISTENING_LST1 '','','8','8';
2018-09-27 02:22:00 EXEC SPC_COM_DATA '','','';
2018-09-27 02:22:00 EXEC SPC_LISTENING_LST2 '8','8','';
2018-09-27 02:23:47 EXEC SPC_COM_DATA '','','';
2018-09-27 02:24:05 EXEC SPC_COM_DATA '','','';
2018-09-27 02:24:09 EXEC SPC_COM_DATA '','','';
2018-09-27 02:24:09 EXEC SPC_LISTENING_LST1 '','','8','8';
2018-09-27 02:24:09 EXEC SPC_COM_DATA '','','';
2018-09-27 02:24:09 EXEC SPC_LISTENING_LST2 '8','8','';
2018-09-27 02:25:08 EXEC SPC_COM_DATA '','','';
2018-09-27 02:25:08 EXEC SPC_LISTENING_LST1 '9','','8','8';
2018-09-27 02:25:09 EXEC SPC_COM_DATA '','','';
2018-09-27 02:25:09 EXEC SPC_LISTENING_LST2 '8','8','';
2018-09-27 02:25:22 EXEC SPC_COM_DATA '','','';
2018-09-27 02:27:59 EXEC SPC_COM_DATA '','','';
2018-09-27 02:50:35 EXEC SPC_COM_MENU '1';
2018-09-27 02:50:35 EXEC SPC_COM_M999_INQ1 '8';
2018-09-27 02:50:35 EXEC SPC_COM_MENU '1';
2018-09-27 02:50:35 EXEC SPC_p003_LST1 '','','','50';
2018-09-27 02:50:38 EXEC SPC_COM_MENU '1';
2018-09-27 02:50:38 EXEC SPC_COM_M999_INQ1 '8';
2018-09-27 02:50:38 EXEC SPC_COM_MENU '1';
2018-09-27 02:50:38 EXEC SPC_p003_LST1 '1','Hello','Xin chào','50';
2018-09-27 02:50:42 EXEC SPC_COM_MENU '1';
2018-09-27 02:50:42 EXEC SPC_p003_LST1 '','','','50','1';
2018-09-27 02:50:48 EXEC SPC_COM_MENU '1';
2018-09-27 02:50:48 EXEC SPC_w002_ACT1 '10','3','8','8','nghe thôi nào','<p>nghe th&ocirc;i sao phải xoắn</p>
','','','0','<row row_id="0" vocabulary_code="3" vocabulary_div="1" vocabulary_nm="kingdom" spelling="kingdum" mean="vương quốc" explain="the way to call a country in history" />','<row language1_content="i go to school" language2_content="tôi đi học" />','','ndq809','127.0.0.1';
2018-09-27 02:50:49 EXEC SPC_COM_MENU '1';
2018-09-27 02:50:49 EXEC SPC_W002_LST1 '10';
2018-09-27 02:50:49 EXEC SPC_COM_MENU '1';
2018-09-27 02:50:50 EXEC SPC_COMMON_CATALORUE '3';
2018-09-27 02:50:50 EXEC SPC_COM_MENU '1';
2018-09-27 02:50:50 EXEC SPC_COMMON_GROUP '8';
2018-09-27 02:50:53 EXEC SPC_COM_MENU '1';
2018-09-27 02:50:53 EXEC SPC_COM_M999_INQ1 '8';
2018-09-27 02:50:53 EXEC SPC_COM_MENU '1';
2018-09-27 02:50:53 EXEC SPC_p003_LST1 '','','','50';
2018-09-27 02:50:56 EXEC SPC_COM_MENU '1';
2018-09-27 02:50:56 EXEC SPC_w002_ACT1 '10','3','8','8','nghe thôi nào','<p>nghe th&ocirc;i sao phải xoắn</p>
','','','0','<row row_id="0" vocabulary_code="3" vocabulary_div="1" vocabulary_nm="kingdom" spelling="kingdum" mean="vương quốc" explain="the way to call a country in history" /><row row_id="1" vocabulary_code="1" vocabulary_div="1" vocabulary_nm="Hello" spelling="helou" mean="Xin chào" explain="say when meet someone" />','<row language1_content="i go to school" language2_content="tôi đi học" />','','ndq809','127.0.0.1';
2018-09-27 02:50:57 EXEC SPC_COM_MENU '1';
2018-09-27 02:50:57 EXEC SPC_W002_LST1 '10';
2018-09-27 02:50:58 EXEC SPC_COM_MENU '1';
2018-09-27 02:50:58 EXEC SPC_COMMON_CATALORUE '3';
2018-09-27 02:50:58 EXEC SPC_COM_MENU '1';
2018-09-27 02:50:58 EXEC SPC_COMMON_GROUP '8';
2018-09-27 02:51:06 EXEC SPC_COM_MENU '1';
2018-09-27 02:51:06 EXEC SPC_W002_LST1 '9';
2018-09-27 02:51:07 EXEC SPC_COM_MENU '1';
2018-09-27 02:51:07 EXEC SPC_COMMON_CATALORUE '3';
2018-09-27 02:51:07 EXEC SPC_COM_MENU '1';
2018-09-27 02:51:07 EXEC SPC_COMMON_GROUP '8';
2018-09-27 02:51:09 EXEC SPC_COM_MENU '1';
2018-09-27 02:51:09 EXEC SPC_COM_M999_INQ1 '8';
2018-09-27 02:51:09 EXEC SPC_COM_MENU '1';
2018-09-27 02:51:09 EXEC SPC_p003_LST1 '','','','50';
2018-09-27 02:51:13 EXEC SPC_COM_MENU '1';
2018-09-27 02:51:13 EXEC SPC_COM_M999_INQ1 '8';
2018-09-27 02:51:14 EXEC SPC_COM_MENU '1';
2018-09-27 02:51:14 EXEC SPC_p003_LST1 '','','','50';
2018-09-27 02:51:19 EXEC SPC_COM_MENU '1';
2018-09-27 02:51:19 EXEC SPC_w002_ACT1 '9','3','8','8','dsadsad','<p>i am hero</p>
','','','0','<row row_id="0" vocabulary_code="2" vocabulary_div="1" vocabulary_nm="king" spelling="king" mean="vua" explain="someone who leader of a country" /><row row_id="1" vocabulary_code="4" vocabulary_div="1" vocabulary_nm="goal" spelling="ɡəul" mean="vào" explain="when the bool into the lưới" />','','','ndq809','127.0.0.1';
2018-09-27 02:51:21 EXEC SPC_COM_MENU '1';
2018-09-27 02:51:21 EXEC SPC_W002_LST1 '9';
2018-09-27 02:51:21 EXEC SPC_COM_MENU '1';
2018-09-27 02:51:21 EXEC SPC_COMMON_CATALORUE '3';
2018-09-27 02:51:21 EXEC SPC_COM_MENU '1';
2018-09-27 02:51:21 EXEC SPC_COMMON_GROUP '8';
2018-09-27 04:00:46 EXEC SPC_COM_DATA '','','';
2018-09-27 04:00:46 EXEC SPC_LISTENING_LST1 '','','8','8';
2018-09-27 04:00:46 EXEC SPC_COM_DATA '','','';
2018-09-27 04:00:46 EXEC SPC_LISTENING_LST2 '8','8','';
2018-09-27 04:02:24 EXEC SPC_COM_DATA '','','';
2018-09-27 04:02:24 EXEC SPC_LISTENING_LST1 '9','','8','8';
2018-09-27 04:02:24 EXEC SPC_COM_DATA '','','';
2018-09-27 04:02:24 EXEC SPC_LISTENING_LST2 '8','8','';
2018-09-27 04:02:58 EXEC SPC_COM_DATA '','','';
2018-09-27 04:02:58 EXEC SPC_LISTENING_LST1 '9','','8','8';
2018-09-27 04:02:59 EXEC SPC_COM_DATA '','','';
2018-09-27 04:02:59 EXEC SPC_LISTENING_LST2 '8','8','';
2018-09-27 04:04:49 EXEC SPC_COM_DATA '','','';
2018-09-27 04:04:49 EXEC SPC_LISTENING_LST1 '9','','8','8';
2018-09-27 04:04:50 EXEC SPC_COM_DATA '','','';
2018-09-27 04:04:50 EXEC SPC_LISTENING_LST2 '8','8','';
2018-09-27 04:06:15 EXEC SPC_COM_DATA '','','';
2018-09-27 04:06:15 EXEC SPC_LISTENING_LST1 '9','','8','8';
2018-09-27 04:06:15 EXEC SPC_COM_DATA '','','';
2018-09-27 04:06:15 EXEC SPC_LISTENING_LST2 '8','8','';
2018-09-27 04:07:42 EXEC SPC_COM_DATA '','','';
2018-09-27 04:07:42 EXEC SPC_LISTENING_LST1 '9','','8','8';
2018-09-27 04:07:42 EXEC SPC_COM_DATA '','','';
2018-09-27 04:07:42 EXEC SPC_LISTENING_LST2 '8','8','';
2018-09-27 04:08:41 EXEC SPC_COM_DATA '','','';
2018-09-27 04:08:41 EXEC SPC_LISTENING_LST1 '10','','8','8';
2018-09-27 04:08:42 EXEC SPC_COM_DATA '','','';
2018-09-27 04:08:42 EXEC SPC_LISTENING_LST2 '8','8','';
2018-09-27 04:09:20 EXEC SPC_COM_DATA '','','';
2018-09-27 04:09:20 EXEC SPC_LISTENING_LST1 '10','','8','8';
2018-09-27 04:09:21 EXEC SPC_COM_DATA '','','';
2018-09-27 04:09:21 EXEC SPC_LISTENING_LST2 '8','8','';
2018-09-27 04:11:23 EXEC SPC_COM_DATA '','','';
2018-09-27 04:11:23 EXEC SPC_LISTENING_LST1 '10','','8','8';
2018-09-27 04:11:24 EXEC SPC_COM_DATA '','','';
2018-09-27 04:11:24 EXEC SPC_LISTENING_LST2 '8','8','';
2018-09-27 04:16:15 EXEC SPC_COM_DATA '','','';
2018-09-27 04:16:15 EXEC SPC_LISTENING_LST1 '10','','8','8';
2018-09-27 04:16:15 EXEC SPC_COM_DATA '','','';
2018-09-27 04:16:15 EXEC SPC_LISTENING_LST2 '8','8','';
2018-09-27 04:16:32 EXEC SPC_COM_DATA '','','';
2018-09-27 04:16:32 EXEC SPC_LISTENING_LST1 '10','','8','8';
2018-09-27 04:16:33 EXEC SPC_COM_DATA '','','';
2018-09-27 04:16:33 EXEC SPC_LISTENING_LST2 '8','8','';
2018-09-27 04:16:34 EXEC SPC_COM_DATA '','','';
2018-09-27 04:16:34 EXEC SPC_TRANSLATE_LST1 '','';
2018-09-27 04:16:49 EXEC SPC_COM_DATA '','','';
2018-09-27 04:16:49 EXEC SPC_LISTENING_LST1 '10','','8','8';
2018-09-27 04:16:50 EXEC SPC_COM_DATA '','','';
2018-09-27 04:16:50 EXEC SPC_LISTENING_LST2 '8','8','';
2018-09-27 04:16:51 EXEC SPC_COM_DATA '','','';
2018-09-27 04:16:51 EXEC SPC_TRANSLATE_LST1 '1','';
2018-09-27 04:16:52 EXEC SPC_COM_DATA '','','';
2018-09-27 04:16:52 EXEC SPC_TRANSLATE_LST2 'Hello','','127.0.0.1';
2018-09-27 04:16:58 EXEC SPC_COM_DATA '','','';
2018-09-27 04:16:58 EXEC SPC_TRANSLATE_LST1 '3','';
2018-09-27 04:16:59 EXEC SPC_COM_DATA '','','';
2018-09-27 04:16:59 EXEC SPC_TRANSLATE_LST2 'kingdom','','127.0.0.1';
2018-09-27 04:17:11 EXEC SPC_COM_DATA '','','';
2018-09-27 04:17:11 EXEC SPC_TRANSLATE_LST1 '3','';
2018-09-27 04:17:11 EXEC SPC_COM_DATA '','','';
2018-09-27 04:17:11 EXEC SPC_TRANSLATE_LST2 'kingdom','','127.0.0.1';
2018-09-27 04:17:47 EXEC SPC_COM_DATA '','','';
2018-09-27 04:17:47 EXEC SPC_TRANSLATE_LST1 '4','';
2018-09-27 04:17:47 EXEC SPC_COM_DATA '','','';
2018-09-27 04:17:47 EXEC SPC_TRANSLATE_LST2 'goal','','127.0.0.1';
2018-09-27 04:22:22 EXEC SPC_COM_DATA '','','';
2018-09-27 04:22:22 EXEC SPC_TRANSLATE_LST1 '3','';
2018-09-27 04:22:22 EXEC SPC_COM_DATA '','','';
2018-09-27 04:22:22 EXEC SPC_TRANSLATE_LST2 'kingdom','','127.0.0.1';
2018-09-27 04:28:56 EXEC SPC_COM_DATA '','','';
2018-09-27 04:28:56 EXEC SPC_TRANSLATE_LST1 '1','';
2018-09-27 04:28:57 EXEC SPC_COM_DATA '','','';
2018-09-27 04:28:57 EXEC SPC_TRANSLATE_LST2 'Hello','','127.0.0.1';
2018-09-27 04:35:46 EXEC SPC_COM_DATA '','','';
2018-09-27 04:35:46 EXEC SPC_TRANSLATE_LST1 '1','';
2018-09-27 04:35:46 EXEC SPC_COM_DATA '','','';
2018-09-27 04:35:46 EXEC SPC_TRANSLATE_LST2 'Hello','','127.0.0.1';
2018-09-27 04:35:52 EXEC SPC_COM_DATA '','','';
2018-09-27 04:50:36 EXEC SPC_COM_DATA '','','';
2018-09-27 04:50:36 EXEC SPC_LISTENING_LST1 '10','','8','8';
2018-09-27 04:50:36 EXEC SPC_COM_DATA '','','';
2018-09-27 04:50:36 EXEC SPC_LISTENING_LST2 '8','8','';
2018-09-27 04:50:39 EXEC SPC_COM_DATA '','','';
2018-09-27 04:52:47 EXEC SPC_COM_DATA '','','';
2018-09-27 04:52:47 EXEC SPC_LISTENING_LST1 '10','','8','8';
2018-09-27 04:52:47 EXEC SPC_COM_DATA '','','';
2018-09-27 04:52:47 EXEC SPC_LISTENING_LST2 '8','8','';
2018-09-27 04:52:59 EXEC SPC_COM_DATA '','','';
2018-09-27 04:52:59 EXEC SPC_LISTENING_LST1 '10','','8','8';
2018-09-27 04:53:00 EXEC SPC_COM_DATA '','','';
2018-09-27 04:53:00 EXEC SPC_LISTENING_LST2 '8','8','';
2018-09-27 04:53:04 EXEC SPC_COM_DATA '','','';
2018-09-27 04:53:04 EXEC SPC_LISTENING_LST1 '10','','8','8';
2018-09-27 04:53:05 EXEC SPC_COM_DATA '','','';
2018-09-27 04:53:05 EXEC SPC_LISTENING_LST2 '8','8','';
2018-09-27 04:58:27 EXEC SPC_COM_DATA '','','';
2018-09-27 04:58:27 EXEC SPC_LISTENING_LST1 '10','','8','8';
2018-09-27 04:58:27 EXEC SPC_COM_DATA '','','';
2018-09-27 04:58:27 EXEC SPC_LISTENING_LST2 '8','8','';
2018-09-27 04:58:45 EXEC SPC_COM_DATA 'quypro','1','1';
2018-09-27 04:58:45 EXEC SPC_LISTENING_LST1 '10','quypro','8','8';
2018-09-27 04:58:46 EXEC SPC_COM_DATA 'quypro','1','1';
2018-09-27 04:58:46 EXEC SPC_LISTENING_LST2 '8','8','quypro';
2018-09-27 04:58:50 EXEC SPC_COM_DATA 'quypro','1','1';
2018-09-27 04:58:50 EXEC SPC_COM_ADD_LESSON '3','8','8','quypro','127.0.0.1';
2018-09-27 04:58:54 EXEC SPC_COM_DATA 'quypro','1','1';
2018-09-27 04:58:54 EXEC SPC_LISTENING_LST1 '10','quypro','8','8';
2018-09-27 04:58:55 EXEC SPC_COM_DATA 'quypro','1','1';
2018-09-27 04:58:55 EXEC SPC_LISTENING_LST2 '8','8','quypro';
2018-09-27 04:58:57 EXEC SPC_COM_DATA 'quypro','1','1';
2018-09-27 04:58:57 EXEC SPC_GRAMMAR_LST1 '','quypro','8','8';
2018-09-27 04:58:58 EXEC SPC_COM_DATA 'quypro','1','1';
2018-09-27 04:58:58 EXEC SPC_GRAMMAR_LST2 '6','6','quypro';
2018-09-27 04:58:59 EXEC SPC_COM_DATA 'quypro','1','1';
2018-09-27 04:58:59 EXEC SPC_VOCABULARY_LST1 '','quypro','6','6';
2018-09-27 04:59:00 EXEC SPC_COM_DATA 'quypro','1','1';
2018-09-27 04:59:00 EXEC SPC_VOCABULARY_LST2 '2','1','quypro';
2018-09-27 04:59:02 EXEC SPC_COM_DATA 'quypro','1','1';
2018-09-27 04:59:02 EXEC SPC_GRAMMAR_LST1 '','quypro','2','1';
2018-09-27 04:59:02 EXEC SPC_COM_DATA 'quypro','1','1';
2018-09-27 04:59:02 EXEC SPC_GRAMMAR_LST2 '6','6','quypro';
2018-09-27 04:59:03 EXEC SPC_COM_DATA 'quypro','1','1';
2018-09-27 04:59:03 EXEC SPC_LISTENING_LST1 '','quypro','6','6';
2018-09-27 04:59:04 EXEC SPC_COM_DATA 'quypro','1','1';
2018-09-27 04:59:04 EXEC SPC_LISTENING_LST2 '8','8','quypro';
2018-09-27 04:59:08 EXEC SPC_COM_DATA 'quypro','1','1';
2018-09-27 04:59:08 EXEC SPC_COM_MENU '1';
2018-09-27 04:59:08 EXEC SPC_COM_DATA 'quypro','1','1';
2018-09-27 04:59:08 EXEC SPC_VOCABULARY_LST1 '','quypro','8','8';
2018-09-27 04:59:09 EXEC SPC_COM_DATA 'quypro','1','1';
2018-09-27 04:59:09 EXEC SPC_VOCABULARY_LST2 '2','1','quypro';
2018-09-27 04:59:10 EXEC SPC_COM_DATA 'quypro','1','1';
2018-09-27 04:59:10 EXEC SPC_COM_ADD_LESSON '1','2','1','quypro','127.0.0.1';
2018-09-27 04:59:12 EXEC SPC_COM_DATA 'quypro','1','1';
2018-09-27 04:59:12 EXEC SPC_GRAMMAR_LST1 '','quypro','2','1';
2018-09-27 04:59:12 EXEC SPC_COM_DATA 'quypro','1','1';
2018-09-27 04:59:12 EXEC SPC_GRAMMAR_LST2 '6','6','quypro';
2018-09-27 04:59:14 EXEC SPC_COM_DATA 'quypro','1','1';
2018-09-27 04:59:14 EXEC SPC_COM_ADD_LESSON '2','6','6','quypro','127.0.0.1';
2018-09-27 04:59:15 EXEC SPC_COM_DATA 'quypro','1','1';
2018-09-27 04:59:15 EXEC SPC_LISTENING_LST1 '','quypro','6','6';
2018-09-27 04:59:15 EXEC SPC_COM_DATA 'quypro','1','1';
2018-09-27 04:59:15 EXEC SPC_LISTENING_LST2 '8','8','quypro';
2018-09-27 04:59:17 EXEC SPC_COM_DATA 'quypro','1','1';
2018-09-27 04:59:17 EXEC SPC_GRAMMAR_LST1 '','quypro','8','8';
2018-09-27 04:59:17 EXEC SPC_COM_DATA 'quypro','1','1';
2018-09-27 04:59:17 EXEC SPC_GRAMMAR_LST2 '6','6','quypro';
2018-09-27 04:59:18 EXEC SPC_COM_DATA 'quypro','1','1';
2018-09-27 04:59:18 EXEC SPC_VOCABULARY_LST1 '','quypro','6','6';
2018-09-27 04:59:18 EXEC SPC_COM_DATA 'quypro','1','1';
2018-09-27 04:59:18 EXEC SPC_VOCABULARY_LST2 '2','1','quypro';
2018-09-27 04:59:20 EXEC SPC_COM_DATA 'quypro','1','1';
2018-09-27 04:59:20 EXEC SPC_GRAMMAR_LST1 '','quypro','2','1';
2018-09-27 04:59:21 EXEC SPC_COM_DATA 'quypro','1','1';
2018-09-27 04:59:21 EXEC SPC_GRAMMAR_LST2 '6','6','quypro';
2018-09-27 04:59:22 EXEC SPC_COM_DATA 'quypro','1','1';
2018-09-27 04:59:22 EXEC SPC_LISTENING_LST1 '','quypro','6','6';
2018-09-27 04:59:22 EXEC SPC_COM_DATA 'quypro','1','1';
2018-09-27 04:59:22 EXEC SPC_LISTENING_LST2 '8','8','quypro';
2018-09-27 05:00:20 EXEC SPC_COM_DATA 'quypro','1','1';
2018-09-27 05:00:20 EXEC SPC_COM_DELETE_LESSON '1247','quypro','127.0.0.1';
2018-09-27 05:00:24 EXEC SPC_COM_DATA 'quypro','1','1';
2018-09-27 05:00:24 EXEC SPC_LISTENING_LST1 '','quypro','8','8';
2018-09-27 05:00:24 EXEC SPC_COM_DATA 'quypro','1','1';
2018-09-27 05:00:24 EXEC SPC_LISTENING_LST2 '8','8','quypro';
2018-09-27 05:00:25 EXEC SPC_COM_DATA 'quypro','1','1';
2018-09-27 05:00:25 EXEC SPC_GRAMMAR_LST1 '','quypro','8','8';
2018-09-27 05:00:26 EXEC SPC_COM_DATA 'quypro','1','1';
2018-09-27 05:00:26 EXEC SPC_GRAMMAR_LST2 '6','6','quypro';
2018-09-27 05:00:27 EXEC SPC_COM_DATA 'quypro','1','1';
2018-09-27 05:00:27 EXEC SPC_VOCABULARY_LST1 '','quypro','6','6';
2018-09-27 05:00:27 EXEC SPC_COM_DATA 'quypro','1','1';
2018-09-27 05:00:27 EXEC SPC_VOCABULARY_LST2 '2','1','quypro';
2018-09-27 05:00:28 EXEC SPC_COM_DATA 'quypro','1','1';
2018-09-27 05:00:28 EXEC SPC_GRAMMAR_LST1 '','quypro','2','1';
2018-09-27 05:00:28 EXEC SPC_COM_DATA 'quypro','1','1';
2018-09-27 05:00:29 EXEC SPC_GRAMMAR_LST2 '6','6','quypro';
2018-09-27 05:00:29 EXEC SPC_COM_DATA 'quypro','1','1';
2018-09-27 05:00:29 EXEC SPC_LISTENING_LST1 '','quypro','6','6';
2018-09-27 05:00:30 EXEC SPC_COM_DATA 'quypro','1','1';
2018-09-27 05:00:30 EXEC SPC_LISTENING_LST2 '8','8','quypro';
2018-09-27 05:00:31 EXEC SPC_COM_DATA 'quypro','1','1';
2018-09-27 05:00:31 EXEC SPC_COM_ADD_LESSON '3','8','8','quypro','127.0.0.1';
2018-09-27 05:00:37 EXEC SPC_COM_DATA 'quypro','1','1';
2018-09-27 05:00:37 EXEC SPC_COM_DELETE_LESSON '1250','quypro','127.0.0.1';
2018-09-27 05:00:53 EXEC SPC_COM_DATA 'quypro','1','1';
2018-09-27 05:00:53 EXEC SPC_COM_MENU '1';
2018-09-27 05:00:54 EXEC SPC_COM_DATA 'quypro','1','1';
2018-09-27 05:00:54 EXEC SPC_LISTENING_LST1 '','quypro','8','8';
2018-09-27 05:00:54 EXEC SPC_COM_DATA 'quypro','1','1';
2018-09-27 05:00:54 EXEC SPC_LISTENING_LST2 '8','8','quypro';
2018-09-27 05:02:28 EXEC SPC_COM_DATA 'quypro','1','1';
2018-09-27 05:02:28 EXEC SPC_LISTENING_LST1 '9','quypro','8','8';
2018-09-27 05:02:29 EXEC SPC_COM_DATA 'quypro','1','1';
2018-09-27 05:02:29 EXEC SPC_LISTENING_LST2 '8','8','quypro';
2018-09-27 05:03:49 EXEC SPC_COM_DATA 'quypro','1','1';
2018-09-27 05:03:49 EXEC SPC_LISTENING_LST1 '9','quypro','8','8';
2018-09-27 05:03:49 EXEC SPC_COM_DATA 'quypro','1','1';
2018-09-27 05:03:49 EXEC SPC_LISTENING_LST2 '8','8','quypro';
2018-09-27 05:06:33 EXEC SPC_COM_DATA 'quypro','1','1';
2018-09-27 05:06:33 EXEC SPC_LISTENING_LST1 '9','quypro','8','8';
2018-09-27 05:06:34 EXEC SPC_COM_DATA 'quypro','1','1';
2018-09-27 05:06:34 EXEC SPC_LISTENING_LST2 '8','8','quypro';
2018-09-27 05:06:36 EXEC SPC_COM_DATA 'quypro','1','1';
2018-09-27 05:06:36 EXEC SPC_COM_REMEMBER '3','2','1','9','quypro','127.0.0.1';
2018-09-27 05:06:40 EXEC SPC_COM_DATA 'quypro','1','1';
2018-09-27 05:06:40 EXEC SPC_LISTENING_LST1 '9','quypro','8','8';
2018-09-27 05:06:40 EXEC SPC_COM_DATA 'quypro','1','1';
2018-09-27 05:06:40 EXEC SPC_LISTENING_LST2 '8','8','quypro';
2018-09-27 05:07:28 EXEC SPC_COM_DATA 'quypro','1','1';
2018-09-27 05:07:28 EXEC SPC_COM_REMEMBER '3','2','1','9','quypro','127.0.0.1';
2018-09-27 05:08:29 EXEC SPC_COM_DATA 'quypro','1','1';
2018-09-27 05:08:29 EXEC SPC_LISTENING_LST1 '9','quypro','8','8';
2018-09-27 05:08:30 EXEC SPC_COM_DATA 'quypro','1','1';
2018-09-27 05:08:30 EXEC SPC_LISTENING_LST2 '8','8','quypro';
2018-09-27 05:08:32 EXEC SPC_COM_DATA 'quypro','1','1';
2018-09-27 05:08:32 EXEC SPC_COM_REMEMBER '3','1','1','9','quypro','127.0.0.1';
2018-09-27 05:08:38 EXEC SPC_COM_DATA 'quypro','1','1';
2018-09-27 05:08:38 EXEC SPC_LISTENING_LST1 '9','quypro','8','8';
2018-09-27 05:08:38 EXEC SPC_COM_DATA 'quypro','1','1';
2018-09-27 05:08:39 EXEC SPC_LISTENING_LST2 '8','8','quypro';
2018-09-27 05:08:48 EXEC SPC_COM_DATA 'quypro','1','1';
2018-09-27 05:08:48 EXEC SPC_COM_FORGET '1','9','1','quypro';
2018-09-27 05:08:52 EXEC SPC_COM_DATA 'quypro','1','1';
2018-09-27 05:08:52 EXEC SPC_LISTENING_LST1 '9','quypro','8','8';
2018-09-27 05:08:53 EXEC SPC_COM_DATA 'quypro','1','1';
2018-09-27 05:08:53 EXEC SPC_LISTENING_LST2 '8','8','quypro';
2018-09-27 05:08:56 EXEC SPC_COM_DATA 'quypro','1','1';
2018-09-27 05:08:56 EXEC SPC_COM_REMEMBER '3','1','2','10','quypro','127.0.0.1';
2018-09-27 05:09:01 EXEC SPC_COM_DATA 'quypro','1','1';
2018-09-27 05:09:01 EXEC SPC_LISTENING_LST1 '9','quypro','8','8';
2018-09-27 05:09:01 EXEC SPC_COM_DATA 'quypro','1','1';
2018-09-27 05:09:01 EXEC SPC_LISTENING_LST2 '8','8','quypro';
2018-09-27 05:09:05 EXEC SPC_COM_DATA 'quypro','1','1';
2018-09-27 05:09:05 EXEC SPC_LISTENING_LST1 '10','quypro','8','8';
2018-09-27 05:09:06 EXEC SPC_COM_DATA 'quypro','1','1';
2018-09-27 05:09:06 EXEC SPC_LISTENING_LST2 '8','8','quypro';
2018-09-27 05:12:08 EXEC SPC_COM_DATA 'quypro','1','1';
2018-09-27 05:12:08 EXEC SPC_COM_ADD_LESSON '3','8','8','quypro','127.0.0.1';
2018-09-27 05:12:12 EXEC SPC_COM_DATA 'quypro','1','1';
2018-09-27 05:12:12 EXEC SPC_COM_DELETE_LESSON '1253','quypro','127.0.0.1';
2018-09-27 05:38:11 EXEC SPC_COM_DATA 'quypro','1','1';
2018-09-27 05:38:11 EXEC SPC_LISTENING_LST1 '10','quypro','8','8';
2018-09-27 05:38:12 EXEC SPC_COM_DATA 'quypro','1','1';
2018-09-27 05:38:12 EXEC SPC_LISTENING_LST2 '8','8','quypro';
2018-09-27 05:39:10 EXEC SPC_COM_DATA 'quypro','1','1';
2018-09-27 05:39:10 EXEC SPC_LISTENING_LST1 '10','quypro','8','8';
2018-09-27 05:39:10 EXEC SPC_COM_DATA 'quypro','1','1';
2018-09-27 05:39:10 EXEC SPC_LISTENING_LST2 '8','8','quypro';
2018-09-27 05:40:05 EXEC SPC_COM_DATA 'quypro','1','1';
2018-09-27 05:40:05 EXEC SPC_LISTENING_LST1 '10','quypro','8','8';
2018-09-27 05:40:06 EXEC SPC_COM_DATA 'quypro','1','1';
2018-09-27 05:40:06 EXEC SPC_LISTENING_LST2 '8','8','quypro';
2018-09-27 05:40:32 EXEC SPC_COM_DATA 'quypro','1','1';
2018-09-27 05:40:32 EXEC SPC_LISTENING_LST1 '10','quypro','8','8';
2018-09-27 05:40:33 EXEC SPC_COM_DATA 'quypro','1','1';
2018-09-27 05:40:33 EXEC SPC_LISTENING_LST2 '8','8','quypro';
2018-09-27 05:41:13 EXEC SPC_COM_DATA 'quypro','1','1';
2018-09-27 05:41:13 EXEC SPC_LISTENING_LST1 '10','quypro','8','8';
2018-09-27 05:41:14 EXEC SPC_COM_DATA 'quypro','1','1';
2018-09-27 05:41:14 EXEC SPC_LISTENING_LST2 '8','8','quypro';
2018-09-27 05:44:15 EXEC SPC_COM_DATA 'quypro','1','1';
2018-09-27 05:44:15 EXEC SPC_LISTENING_LST1 '10','quypro','8','8';
2018-09-27 05:44:16 EXEC SPC_COM_DATA 'quypro','1','1';
2018-09-27 05:44:16 EXEC SPC_LISTENING_LST2 '8','8','quypro';
2018-09-27 05:50:24 EXEC SPC_COM_DATA 'quypro','1','1';
2018-09-27 05:50:24 EXEC SPC_LISTENING_LST1 '10','quypro','8','8';
2018-09-27 05:50:25 EXEC SPC_COM_DATA 'quypro','1','1';
2018-09-27 05:50:25 EXEC SPC_LISTENING_LST2 '8','8','quypro';
2018-09-27 05:51:55 EXEC SPC_COM_DATA 'quypro','1','1';
2018-09-27 05:51:55 EXEC SPC_LISTENING_LST1 '10','quypro','8','8';
2018-09-27 05:51:56 EXEC SPC_COM_DATA 'quypro','1','1';
2018-09-27 05:51:56 EXEC SPC_LISTENING_LST2 '8','8','quypro';
2018-09-27 05:52:20 EXEC SPC_COM_DATA 'quypro','1','1';
2018-09-27 05:52:20 EXEC SPC_LISTENING_LST1 '10','quypro','8','8';
2018-09-27 05:52:20 EXEC SPC_COM_DATA 'quypro','1','1';
2018-09-27 05:52:20 EXEC SPC_LISTENING_LST2 '8','8','quypro';
2018-09-27 05:53:09 EXEC SPC_COM_DATA 'quypro','1','1';
2018-09-27 05:53:09 EXEC SPC_LISTENING_LST1 '10','quypro','8','8';
2018-09-27 05:53:09 EXEC SPC_COM_DATA 'quypro','1','1';
2018-09-27 05:53:09 EXEC SPC_LISTENING_LST2 '8','8','quypro';
2018-09-27 06:08:09 EXEC SPC_COM_DATA 'quypro','1','1';
2018-09-27 06:08:09 EXEC SPC_LISTENING_LST1 '10','quypro','8','8';
2018-09-27 06:08:09 EXEC SPC_COM_DATA 'quypro','1','1';
2018-09-27 06:08:09 EXEC SPC_LISTENING_LST2 '8','8','quypro';
2018-09-27 06:08:53 EXEC SPC_COM_DATA 'quypro','1','1';
2018-09-27 06:08:53 EXEC SPC_LISTENING_LST1 '10','quypro','8','8';
2018-09-27 06:08:53 EXEC SPC_COM_DATA 'quypro','1','1';
2018-09-27 06:08:53 EXEC SPC_LISTENING_LST2 '8','8','quypro';
2018-09-27 06:09:36 EXEC SPC_COM_DATA 'quypro','1','1';
2018-09-27 06:09:36 EXEC SPC_LISTENING_LST1 '10','quypro','8','8';
2018-09-27 06:09:36 EXEC SPC_COM_DATA 'quypro','1','1';
2018-09-27 06:09:36 EXEC SPC_LISTENING_LST2 '8','8','quypro';
2018-09-27 06:14:38 EXEC SPC_COM_DATA 'quypro','1','1';
2018-09-27 06:14:39 EXEC SPC_LISTENING_LST1 '10','quypro','8','8';
2018-09-27 06:14:39 EXEC SPC_COM_DATA 'quypro','1','1';
2018-09-27 06:14:39 EXEC SPC_LISTENING_LST2 '8','8','quypro';
2018-09-27 06:16:23 EXEC SPC_COM_DATA 'quypro','1','1';
2018-09-27 06:16:23 EXEC SPC_LISTENING_LST1 '10','quypro','8','8';
2018-09-27 06:16:24 EXEC SPC_COM_DATA 'quypro','1','1';
2018-09-27 06:16:24 EXEC SPC_LISTENING_LST2 '8','8','quypro';
2018-09-27 06:17:00 EXEC SPC_COM_DATA 'quypro','1','1';
2018-09-27 06:17:00 EXEC SPC_LISTENING_LST1 '10','quypro','8','8';
2018-09-27 06:17:01 EXEC SPC_COM_DATA 'quypro','1','1';
2018-09-27 06:17:01 EXEC SPC_LISTENING_LST2 '8','8','quypro';
2018-09-27 06:20:42 EXEC SPC_COM_DATA 'quypro','1','1';
2018-09-27 06:20:42 EXEC SPC_LISTENING_LST1 '10','quypro','8','8';
2018-09-27 06:20:42 EXEC SPC_COM_DATA 'quypro','1','1';
2018-09-27 06:20:42 EXEC SPC_LISTENING_LST2 '8','8','quypro';
2018-09-27 06:20:50 EXEC SPC_COM_DATA 'quypro','1','1';
2018-09-27 06:20:50 EXEC SPC_LISTENING_LST1 '10','quypro','8','8';
2018-09-27 06:20:50 EXEC SPC_COM_DATA 'quypro','1','1';
2018-09-27 06:20:50 EXEC SPC_LISTENING_LST2 '8','8','quypro';
2018-09-27 06:21:30 EXEC SPC_COM_DATA 'quypro','1','1';
2018-09-27 06:21:30 EXEC SPC_LISTENING_LST1 '10','quypro','8','8';
2018-09-27 06:21:31 EXEC SPC_COM_DATA 'quypro','1','1';
2018-09-27 06:21:31 EXEC SPC_LISTENING_LST2 '8','8','quypro';
2018-09-27 06:23:22 EXEC SPC_COM_DATA 'quypro','1','1';
2018-09-27 06:23:23 EXEC SPC_TRANSLATE_LST1 '3','quypro';
2018-09-27 06:23:23 EXEC SPC_COM_DATA 'quypro','1','1';
2018-09-27 06:23:23 EXEC SPC_TRANSLATE_LST2 'kingdom','quypro','127.0.0.1';
2018-09-27 06:23:27 EXEC SPC_COM_DATA 'quypro','1','1';
2018-09-27 06:23:27 EXEC SPC_TRANSLATE_LST1 '1','quypro';
2018-09-27 06:23:28 EXEC SPC_COM_DATA 'quypro','1','1';
2018-09-27 06:23:28 EXEC SPC_TRANSLATE_LST2 'Hello','quypro','127.0.0.1';
2018-09-27 06:24:07 EXEC SPC_COM_DATA 'quypro','1','1';
2018-09-27 06:24:07 EXEC SPC_COM_ADD_LESSON '3','8','8','quypro','127.0.0.1';
2018-09-27 06:24:10 EXEC SPC_COM_DATA 'quypro','1','1';
2018-09-27 06:24:10 EXEC SPC_LISTENING_LST1 '9','quypro','8','8';
2018-09-27 06:24:11 EXEC SPC_COM_DATA 'quypro','1','1';
2018-09-27 06:24:11 EXEC SPC_LISTENING_LST2 '8','8','quypro';
2018-09-27 06:24:15 EXEC SPC_COM_DATA 'quypro','1','1';
2018-09-27 06:24:15 EXEC SPC_LISTENING_LST1 '10','quypro','8','8';
2018-09-27 06:24:16 EXEC SPC_COM_DATA 'quypro','1','1';
2018-09-27 06:24:16 EXEC SPC_LISTENING_LST2 '8','8','quypro';
2018-09-27 06:24:24 EXEC SPC_COM_DATA 'quypro','1','1';
2018-09-27 06:24:24 EXEC SPC_COM_FORGET '2','10','1','quypro';
2018-09-27 06:29:16 EXEC SPC_COM_DATA 'quypro','1','1';
2018-09-27 06:29:16 EXEC SPC_TRANSLATE_LST1 '3','quypro';
2018-09-27 06:29:17 EXEC SPC_COM_DATA 'quypro','1','1';
2018-09-27 06:29:17 EXEC SPC_TRANSLATE_LST2 'kingdom','quypro','127.0.0.1';
2018-09-27 06:29:20 EXEC SPC_COM_DATA 'quypro','1','1';
2018-09-27 06:29:20 EXEC SPC_TRANSLATE_LST2 'Hello','quypro','127.0.0.1';
2018-09-27 06:29:21 EXEC SPC_COM_DATA 'quypro','1','1';
2018-09-27 06:29:21 EXEC SPC_TRANSLATE_LST2 'king','quypro','127.0.0.1';
2018-09-27 06:29:39 EXEC SPC_COM_DATA 'quypro','1','1';
2018-09-27 06:29:39 EXEC SPC_LISTENING_LST1 '10','quypro','8','8';
2018-09-27 06:29:39 EXEC SPC_COM_DATA 'quypro','1','1';
2018-09-27 06:29:39 EXEC SPC_LISTENING_LST2 '8','8','quypro';
2018-09-27 06:46:50 EXEC SPC_COM_MENU '1';
2018-09-27 06:46:50 EXEC SPC_w002_ACT1 '9','3','8','8','dsadsad','<p>社内業務システム</p>
','','','0','<row row_id="0" vocabulary_code="2" vocabulary_div="1" vocabulary_nm="king" spelling="king" mean="vua" explain="someone who leader of a country" /><row row_id="1" vocabulary_code="4" vocabulary_div="1" vocabulary_nm="goal" spelling="ɡəul" mean="vào" explain="when the bool into the lưới" />','','','ndq809','127.0.0.1';
2018-09-27 06:46:52 EXEC SPC_COM_MENU '1';
2018-09-27 06:46:52 EXEC SPC_W002_LST1 '9';
2018-09-27 06:46:53 EXEC SPC_COM_MENU '1';
2018-09-27 06:46:53 EXEC SPC_COMMON_CATALORUE '3';
2018-09-27 06:46:54 EXEC SPC_COM_MENU '1';
2018-09-27 06:46:54 EXEC SPC_COMMON_GROUP '8';
2018-09-27 06:47:03 EXEC SPC_COM_DATA 'quypro','1','1';
2018-09-27 06:47:03 EXEC SPC_LISTENING_LST1 '10','quypro','8','8';
2018-09-27 06:47:05 EXEC SPC_COM_DATA 'quypro','1','1';
2018-09-27 06:47:05 EXEC SPC_LISTENING_LST2 '8','8','quypro';
2018-09-27 06:48:27 EXEC SPC_COM_DATA 'quypro','1','1';
2018-09-27 06:48:27 EXEC SPC_TRANSLATE_LST1 '1','quypro';
2018-09-27 06:48:28 EXEC SPC_COM_DATA 'quypro','1','1';
2018-09-27 06:48:28 EXEC SPC_TRANSLATE_LST2 'Hello','quypro','127.0.0.1';
2018-09-27 06:48:31 EXEC SPC_COM_DATA 'quypro','1','1';
2018-09-27 06:48:31 EXEC SPC_LISTENING_LST1 '10','quypro','8','8';
2018-09-27 06:48:31 EXEC SPC_COM_DATA 'quypro','1','1';
2018-09-27 06:48:31 EXEC SPC_LISTENING_LST2 '8','8','quypro';
2018-09-27 06:48:44 EXEC SPC_COM_DATA 'quypro','1','1';
2018-09-27 06:48:44 EXEC SPC_LISTENING_LST1 '10','quypro','8','8';
2018-09-27 06:48:44 EXEC SPC_COM_DATA 'quypro','1','1';
2018-09-27 06:48:44 EXEC SPC_LISTENING_LST2 '8','8','quypro';
2018-09-27 06:52:09 EXEC SPC_COM_PERMISSION '1','2','s001';
2018-09-27 06:52:09 EXEC SPC_COM_MENU '1';
2018-09-27 06:52:09 EXEC SPC_S001_FND1
2018-09-27 06:52:15 EXEC SPC_COM_MENU '1';
2018-09-27 06:52:15 EXEC SPC_S001_FND2 '1';
2018-09-27 06:52:17 EXEC SPC_COM_MENU '1';
2018-09-27 06:52:17 EXEC SPC_S001_LST2 '1';
2018-09-27 06:52:49 EXEC SPC_COM_MENU '1';
2018-09-27 06:52:49 EXEC SPC_S001_ACT1 '1','1','<row screen_id="btn-add-lesson" remark="" access_per="1" /><row screen_id="btn-answer" remark="" access_per="1" /><row screen_id="btn-question" remark="" access_per="1" /><row screen_id="btn-remember" remark="" access_per="1" /><row screen_id="btn-forget" remark="" access_per="1" /><row screen_id="btn-contribute-exa" remark="" access_per="1" /><row screen_id="btn-effect" remark="" access_per="1" /><row screen_id="btn-feedback" remark="" access_per="1" /><row screen_id="btn-save-post" remark="" access_per="1" /><row screen_id="btn-share-post" remark="" access_per="1" /><row screen_id="btn-add-exercise" remark="" access_per="1" /><row screen_id="btn-add-mission" remark="" access_per="1" />','ndq809','127.0.0.1';
2018-09-27 06:52:50 EXEC SPC_COM_PERMISSION '1','2','s001';
2018-09-27 06:52:50 EXEC SPC_COM_MENU '1';
2018-09-27 06:52:50 EXEC SPC_S001_FND1
2018-09-27 06:52:54 EXEC SPC_COM_DATA 'quypro','1','1';
2018-09-27 06:52:54 EXEC SPC_LISTENING_LST1 '10','quypro','8','8';
2018-09-27 06:52:54 EXEC SPC_COM_DATA 'quypro','1','1';
2018-09-27 06:52:54 EXEC SPC_LISTENING_LST2 '8','8','quypro';
2018-09-27 06:53:50 EXEC SPC_COM_DATA 'quypro','1','1';
2018-09-27 06:53:50 EXEC SPC_LISTENING_LST1 '10','quypro','8','8';
2018-09-27 06:53:50 EXEC SPC_COM_DATA 'quypro','1','1';
2018-09-27 06:53:50 EXEC SPC_LISTENING_LST2 '8','8','quypro';
2018-09-27 06:54:25 EXEC SPC_COM_DATA 'quypro','1','1';
2018-09-27 06:54:25 EXEC SPC_LISTENING_LST1 '10','quypro','8','8';
2018-09-27 06:54:25 EXEC SPC_COM_DATA 'quypro','1','1';
2018-09-27 06:54:25 EXEC SPC_LISTENING_LST2 '8','8','quypro';
2018-09-27 06:54:56 EXEC SPC_COM_DATA 'quypro','1','1';
2018-09-27 06:54:56 EXEC SPC_LISTENING_LST1 '10','quypro','8','8';
2018-09-27 06:54:57 EXEC SPC_COM_DATA 'quypro','1','1';
2018-09-27 06:54:57 EXEC SPC_LISTENING_LST2 '8','8','quypro';
2018-09-27 07:21:20 EXEC SPC_COM_DATA 'quypro','1','1';
2018-09-27 07:21:20 EXEC SPC_LISTENING_LST1 '9','quypro','8','8';
2018-09-27 07:21:21 EXEC SPC_COM_DATA 'quypro','1','1';
2018-09-27 07:21:21 EXEC SPC_LISTENING_LST2 '8','8','quypro';
2018-09-27 07:21:28 EXEC SPC_COM_DATA 'quypro','1','1';
2018-09-27 07:21:28 EXEC SPC_LISTENING_LST1 '9','quypro','8','8';
2018-09-27 07:21:29 EXEC SPC_COM_DATA 'quypro','1','1';
2018-09-27 07:21:29 EXEC SPC_LISTENING_LST2 '8','8','quypro';
2018-09-27 07:22:33 EXEC SPC_COM_DATA 'quypro','1','1';
2018-09-27 07:22:33 EXEC SPC_LISTENING_LST1 '9','quypro','8','8';
2018-09-27 07:22:33 EXEC SPC_COM_DATA 'quypro','1','1';
2018-09-27 07:22:33 EXEC SPC_LISTENING_LST2 '8','8','quypro';
2018-09-27 07:22:59 EXEC SPC_COM_DATA 'quypro','1','1';
2018-09-27 07:22:59 EXEC SPC_LISTENING_LST1 '9','quypro','8','8';
2018-09-27 07:22:59 EXEC SPC_COM_DATA 'quypro','1','1';
2018-09-27 07:22:59 EXEC SPC_LISTENING_LST2 '8','8','quypro';
2018-09-27 07:23:08 EXEC SPC_COM_DATA 'quypro','1','1';
2018-09-27 07:23:08 EXEC SPC_LISTENING_LST1 '9','quypro','8','8';
2018-09-27 07:23:09 EXEC SPC_COM_DATA 'quypro','1','1';
2018-09-27 07:23:09 EXEC SPC_LISTENING_LST2 '8','8','quypro';
2018-09-27 07:23:36 EXEC SPC_COM_DATA 'quypro','1','1';
2018-09-27 07:23:36 EXEC SPC_LISTENING_LST1 '9','quypro','8','8';
2018-09-27 07:23:37 EXEC SPC_COM_DATA 'quypro','1','1';
2018-09-27 07:23:37 EXEC SPC_LISTENING_LST2 '8','8','quypro';
2018-09-27 07:25:13 EXEC SPC_COM_DATA 'quypro','1','1';
2018-09-27 07:25:13 EXEC SPC_LISTENING_LST1 '9','quypro','8','8';
2018-09-27 07:25:14 EXEC SPC_COM_DATA 'quypro','1','1';
2018-09-27 07:25:14 EXEC SPC_LISTENING_LST2 '8','8','quypro';
2018-09-27 07:29:05 EXEC SPC_COM_DATA 'quypro','1','1';
2018-09-27 07:29:05 EXEC SPC_LISTENING_LST1 '9','quypro','8','8';
2018-09-27 07:29:06 EXEC SPC_COM_DATA 'quypro','1','1';
2018-09-27 07:29:06 EXEC SPC_LISTENING_LST2 '8','8','quypro';
2018-09-27 07:31:18 EXEC SPC_COM_DATA 'quypro','1','1';
2018-09-27 07:31:18 EXEC SPC_LISTENING_LST1 '9','quypro','8','8';
2018-09-27 07:31:19 EXEC SPC_COM_DATA 'quypro','1','1';
2018-09-27 07:31:19 EXEC SPC_LISTENING_LST2 '8','8','quypro';
2018-09-27 07:33:05 EXEC SPC_COM_DATA 'quypro','1','1';
2018-09-27 07:33:05 EXEC SPC_LISTENING_LST1 '9','quypro','8','8';
2018-09-27 07:33:06 EXEC SPC_COM_DATA 'quypro','1','1';
2018-09-27 07:33:06 EXEC SPC_LISTENING_LST2 '8','8','quypro';
2018-09-27 07:33:53 EXEC SPC_COM_DATA 'quypro','1','1';
2018-09-27 07:33:53 EXEC SPC_LISTENING_LST1 '9','quypro','8','8';
2018-09-27 07:33:54 EXEC SPC_COM_DATA 'quypro','1','1';
2018-09-27 07:33:54 EXEC SPC_LISTENING_LST2 '8','8','quypro';
2018-09-27 07:34:13 EXEC SPC_COM_DATA 'quypro','1','1';
2018-09-27 07:34:13 EXEC SPC_LISTENING_LST1 '9','quypro','8','8';
2018-09-27 07:34:13 EXEC SPC_COM_DATA 'quypro','1','1';
2018-09-27 07:34:13 EXEC SPC_LISTENING_LST2 '8','8','quypro';
2018-09-27 07:36:59 EXEC SPC_COM_DATA 'quypro','1','1';
2018-09-27 07:36:59 EXEC SPC_LISTENING_LST1 '10','quypro','8','8';
2018-09-27 07:37:00 EXEC SPC_COM_DATA 'quypro','1','1';
2018-09-27 07:37:00 EXEC SPC_LISTENING_LST2 '8','8','quypro';
2018-09-27 07:49:20 EXEC SPC_COM_DATA 'quypro','1','1';
2018-09-27 07:49:22 EXEC SPC_COM_DATA 'quypro','1','1';
2018-09-27 07:49:30 EXEC SPC_COM_DATA 'quypro','1','1';
2018-09-27 07:49:30 EXEC SPC_LISTENING_LST1 '10','quypro','8','8';
2018-09-27 07:49:30 EXEC SPC_COM_DATA 'quypro','1','1';
2018-09-27 07:49:30 EXEC SPC_LISTENING_LST2 '8','8','quypro';
2018-09-27 08:12:37 EXEC SPC_COM_DATA 'quypro','1','1';
2018-09-27 08:13:27 EXEC SPC_COM_DATA 'quypro','1','1';
2018-09-27 08:13:27 EXEC SPC_LISTENING_LST1 '9','quypro','8','8';
2018-09-27 08:13:28 EXEC SPC_COM_DATA 'quypro','1','1';
2018-09-27 08:13:28 EXEC SPC_LISTENING_LST2 '8','8','quypro';
2018-09-27 08:16:38 EXEC SPC_COM_DATA 'quypro','1','1';
2018-09-27 08:16:38 EXEC SPC_LISTENING_LST1 '9','quypro','8','8';
2018-09-27 08:16:39 EXEC SPC_COM_DATA 'quypro','1','1';
2018-09-27 08:16:39 EXEC SPC_LISTENING_LST2 '8','8','quypro';
2018-09-27 08:17:11 EXEC SPC_COM_DATA 'quypro','1','1';
2018-09-27 08:17:11 EXEC SPC_LISTENING_LST1 '9','quypro','8','8';
2018-09-27 08:17:11 EXEC SPC_COM_DATA 'quypro','1','1';
2018-09-27 08:17:11 EXEC SPC_LISTENING_LST2 '8','8','quypro';
2018-09-27 08:20:53 EXEC SPC_COM_DATA 'quypro','1','1';
2018-09-27 08:20:53 EXEC SPC_LISTENING_LST1 '9','quypro','8','8';
2018-09-27 08:20:53 EXEC SPC_COM_DATA 'quypro','1','1';
2018-09-27 08:20:53 EXEC SPC_LISTENING_LST2 '8','8','quypro';
2018-09-27 08:21:03 EXEC SPC_COM_DATA 'quypro','1','1';
2018-09-27 08:21:03 EXEC SPC_LISTENING_LST1 '9','quypro','8','8';
2018-09-27 08:21:04 EXEC SPC_COM_DATA 'quypro','1','1';
2018-09-27 08:21:04 EXEC SPC_LISTENING_LST2 '8','8','quypro';
2018-09-27 08:21:25 EXEC SPC_COM_DATA 'quypro','1','1';
2018-09-27 08:21:25 EXEC SPC_LISTENING_LST1 '9','quypro','8','8';
2018-09-27 08:21:26 EXEC SPC_COM_DATA 'quypro','1','1';
2018-09-27 08:21:26 EXEC SPC_LISTENING_LST2 '8','8','quypro';
2018-09-27 08:22:13 EXEC SPC_COM_DATA 'quypro','1','1';
2018-09-27 08:22:13 EXEC SPC_LISTENING_LST1 '9','quypro','8','8';
2018-09-27 08:22:14 EXEC SPC_COM_DATA 'quypro','1','1';
2018-09-27 08:22:14 EXEC SPC_LISTENING_LST2 '8','8','quypro';
2018-09-27 08:22:51 EXEC SPC_COM_DATA 'quypro','1','1';
2018-09-27 08:22:51 EXEC SPC_LISTENING_LST1 '9','quypro','8','8';
2018-09-27 08:22:52 EXEC SPC_COM_DATA 'quypro','1','1';
2018-09-27 08:22:52 EXEC SPC_LISTENING_LST2 '8','8','quypro';
2018-09-27 08:24:05 EXEC SPC_COM_DATA 'quypro','1','1';
2018-09-27 08:24:05 EXEC SPC_LISTENING_LST1 '9','quypro','8','8';
2018-09-27 08:24:06 EXEC SPC_COM_DATA 'quypro','1','1';
2018-09-27 08:24:06 EXEC SPC_LISTENING_LST2 '8','8','quypro';
2018-09-27 08:24:24 EXEC SPC_COM_DATA 'quypro','1','1';
2018-09-27 08:24:24 EXEC SPC_LISTENING_LST1 '9','quypro','8','8';
2018-09-27 08:24:25 EXEC SPC_COM_DATA 'quypro','1','1';
2018-09-27 08:24:25 EXEC SPC_LISTENING_LST2 '8','8','quypro';
2018-09-27 08:25:18 EXEC SPC_COM_DATA 'quypro','1','1';
2018-09-27 08:25:18 EXEC SPC_LISTENING_LST1 '9','quypro','8','8';
2018-09-27 08:25:19 EXEC SPC_COM_DATA 'quypro','1','1';
2018-09-27 08:25:19 EXEC SPC_LISTENING_LST2 '8','8','quypro';
2018-09-27 08:25:41 EXEC SPC_COM_DATA 'quypro','1','1';
2018-09-27 08:25:41 EXEC SPC_LISTENING_LST1 '9','quypro','8','8';
2018-09-27 08:25:41 EXEC SPC_COM_DATA 'quypro','1','1';
2018-09-27 08:25:41 EXEC SPC_LISTENING_LST2 '8','8','quypro';
2018-09-27 08:27:45 EXEC SPC_COM_DATA 'quypro','1','1';
2018-09-27 08:27:45 EXEC SPC_LISTENING_LST1 '9','quypro','8','8';
2018-09-27 08:27:46 EXEC SPC_COM_DATA 'quypro','1','1';
2018-09-27 08:27:46 EXEC SPC_LISTENING_LST2 '8','8','quypro';
2018-09-27 08:28:49 EXEC SPC_COM_DATA 'quypro','1','1';
2018-09-27 08:28:49 EXEC SPC_LISTENING_LST1 '9','quypro','8','8';
2018-09-27 08:28:50 EXEC SPC_COM_DATA 'quypro','1','1';
2018-09-27 08:28:50 EXEC SPC_LISTENING_LST2 '8','8','quypro';
2018-09-27 08:33:13 EXEC SPC_COM_DATA 'quypro','1','1';
2018-09-27 08:33:13 EXEC SPC_TRANSLATE_LST1 '2','quypro';
2018-09-27 08:33:14 EXEC SPC_COM_DATA 'quypro','1','1';
2018-09-27 08:33:14 EXEC SPC_TRANSLATE_LST2 'king','quypro','127.0.0.1';
2018-09-27 08:33:17 EXEC SPC_COM_DATA 'quypro','1','1';
2018-09-27 08:33:17 EXEC SPC_TRANSLATE_LST1 '4','quypro';
2018-09-27 08:33:17 EXEC SPC_COM_DATA 'quypro','1','1';
2018-09-27 08:33:17 EXEC SPC_TRANSLATE_LST2 'goal','quypro','127.0.0.1';
2018-09-27 08:38:54 EXEC SPC_COM_MENU '1';
2018-09-27 08:38:54 EXEC SPC_S001_FND2 '2';
2018-09-27 08:38:56 EXEC SPC_COM_MENU '1';
2018-09-27 08:38:56 EXEC SPC_S001_LST1 '1';
2018-09-27 08:39:02 EXEC SPC_COM_MENU '1';
2018-09-27 08:39:02 EXEC SPC_S001_FND2 '3';
2018-09-27 08:39:05 EXEC SPC_COM_MENU '1';
2018-09-27 08:39:05 EXEC SPC_S001_LST1 '2';
2018-09-27 08:39:09 EXEC SPC_COM_MENU '1';
2018-09-27 08:39:09 EXEC SPC_S001_LST1 '1';
