2018-09-25 00:01:03 EXEC SPC_COM_DATA '','','';
2018-09-25 00:01:07 EXEC SPC_COM_DATA '','','';
2018-09-25 00:01:07 EXEC SPC_GRAMMAR_LST1 '','','','';
2018-09-25 00:01:07 EXEC SPC_COM_DATA '','','';
2018-09-25 00:01:07 EXEC SPC_GRAMMAR_LST2 '6','6','';
2018-09-25 00:01:58 EXEC SPC_COM_DATA '','','';
2018-09-25 00:01:58 EXEC SPC_COM_QUESTION_LIST '4';
2018-09-25 00:02:01 EXEC SPC_COM_DATA '','','';
2018-09-25 00:02:01 EXEC SPC_COM_QUESTION_LIST '4';
2018-09-25 00:02:05 EXEC SPC_COM_DATA '','','';
2018-09-25 00:02:05 EXEC SPC_COM_QUESTION_LIST '6';
2018-09-25 00:02:23 EXEC SPC_COM_DATA '','','';
2018-09-25 00:02:23 EXEC SPC_GRAMMAR_LST2 '6','7','';
2018-09-25 00:02:31 EXEC SPC_COM_DATA '','','';
2018-09-25 00:02:31 EXEC SPC_COM_QUESTION_LIST '8';
2018-09-25 00:03:27 EXEC SPC_COM_DATA '','','';
2018-09-25 00:03:33 EXEC SPC_COM_DATA '','','';
2018-09-25 00:03:33 EXEC SPC_GRAMMAR_LST1 '','','6','7';
2018-09-25 00:03:33 EXEC SPC_COM_DATA '','','';
2018-09-25 00:03:33 EXEC SPC_GRAMMAR_LST2 '6','6','';
2018-09-25 00:03:52 EXEC SPC_COM_DATA '','','';
2018-09-25 00:03:52 EXEC SPC_COM_EXAM_LIST '1','4','0','2','';
2018-09-25 00:05:22 EXEC SPC_COM_DATA '','','';
2018-09-25 00:05:22 EXEC SPC_COM_EXAM_LIST '1','4','0','1','';
2018-09-25 00:05:24 EXEC SPC_COM_DATA '','','';
2018-09-25 00:05:24 EXEC SPC_COM_EXAM_LIST '1','4','0','2','';
2018-09-25 00:05:26 EXEC SPC_COM_DATA '','','';
2018-09-25 00:05:26 EXEC SPC_COM_EXAM_LIST '1','4','0','1','';
2018-09-25 00:05:28 EXEC SPC_COM_DATA '','','';
2018-09-25 00:05:28 EXEC SPC_COM_EXAM_LIST '1','4','0','2','';
2018-09-25 00:06:05 EXEC SPC_COM_DATA '','','';
2018-09-25 00:06:05 EXEC SPC_COM_EXAM_LIST '1','4','2','1','';
2018-09-25 00:06:07 EXEC SPC_COM_DATA '','','';
2018-09-25 00:06:07 EXEC SPC_COM_EXAM_LIST '1','4','1','1','';
2018-09-25 00:06:08 EXEC SPC_COM_DATA '','','';
2018-09-25 00:06:08 EXEC SPC_COM_EXAM_LIST '1','4','0','1','';
2018-09-25 00:07:34 EXEC SPC_COM_DATA '','','';
2018-09-25 00:07:48 EXEC SPC_COM_DATA '','','';
2018-09-25 00:07:48 EXEC SPC_GRAMMAR_LST1 '','','6','6';
2018-09-25 00:07:49 EXEC SPC_COM_DATA '','','';
2018-09-25 00:07:49 EXEC SPC_GRAMMAR_LST2 '6','6','';
2018-09-25 00:07:55 EXEC SPC_COM_DATA '','','';
2018-09-25 00:07:55 EXEC SPC_COM_EXAM_LIST '1','4','0','2','';
2018-09-25 00:07:57 EXEC SPC_COM_DATA '','','';
2018-09-25 00:07:57 EXEC SPC_COM_EXAM_LIST '1','4','0','1','';
2018-09-25 00:07:58 EXEC SPC_COM_DATA '','','';
2018-09-25 00:07:58 EXEC SPC_COM_EXAM_LIST '1','4','0','2','';
2018-09-25 00:08:00 EXEC SPC_COM_DATA '','','';
2018-09-25 00:08:00 EXEC SPC_COM_EXAM_LIST '1','4','0','1','';
2018-09-25 00:08:01 EXEC SPC_COM_DATA '','','';
2018-09-25 00:08:01 EXEC SPC_COM_EXAM_LIST '1','4','0','2','';
2018-09-25 00:08:03 EXEC SPC_COM_DATA '','','';
2018-09-25 00:14:17 EXEC SPC_COM_DATA '','','';
2018-09-25 00:14:19 EXEC SPC_COM_DATA '','','';
2018-09-25 00:18:42 EXEC SPC_COM_DATA '','','';
2018-09-25 00:18:50 EXEC SPC_COM_DATA '','','';
2018-09-25 00:18:51 EXEC SPC_COM_DATA '','','';
2018-09-25 00:18:53 EXEC SPC_COM_DATA '','','';
2018-09-25 00:18:55 EXEC SPC_COM_DATA '','','';
2018-09-25 00:19:11 EXEC SPC_COM_DATA '','','';
2018-09-25 00:29:36 EXEC SPC_COM_DATA '','','';
2018-09-25 00:29:36 EXEC SPC_VOCABULARY_LST1 '','','6','6';
2018-09-25 00:30:23 EXEC SPC_COM_DATA '','','';
2018-09-25 00:30:23 EXEC SPC_VOCABULARY_LST1 '','','6','6';
2018-09-25 00:30:49 EXEC SPC_COM_DATA '','','';
2018-09-25 00:30:49 EXEC SPC_VOCABULARY_LST1 '','','6','6';
2018-09-25 00:31:57 EXEC SPC_COM_DATA '','','';
2018-09-25 00:31:57 EXEC SPC_VOCABULARY_LST1 '','','6','6';
2018-09-25 00:43:11 EXEC SPC_COM_DATA '','','';
2018-09-25 00:43:11 EXEC SPC_VOCABULARY_LST1 '','','6','6';
2018-09-25 00:43:25 EXEC SPC_COM_DATA '','','';
2018-09-25 00:43:25 EXEC SPC_VOCABULARY_LST1 '','','6','6';
