2019-02-06 00:01:36 EXEC SPC_COM_DATA '','','';
2019-02-06 00:07:18 EXEC SPC_COM_DATA '','','';
2019-02-06 00:07:18 EXEC SPC_DISCUSS_LST1 '','';
2019-02-06 00:07:19 EXEC SPC_COM_DATA '','','';
2019-02-06 00:07:19 EXEC SPC_DISCUSS_LST2 '','1','','';
2019-02-06 00:07:29 EXEC SPC_COM_DATA '','','';
2019-02-06 00:07:29 EXEC SPC_VOCABULARY_LST1 '','','','';
2019-02-06 00:07:29 EXEC SPC_COM_DATA '','','';
2019-02-06 00:07:29 EXEC SPC_VOCABULARY_LST2 '2','1','';
2019-02-06 00:09:12 EXEC SPC_COM_DATA '','','';
2019-02-06 00:09:12 EXEC SPC_VOCABULARY_LST1 '','','2','1';
2019-02-06 00:10:27 EXEC SPC_COM_DATA '','','';
2019-02-06 00:10:27 EXEC SPC_VOCABULARY_LST1 '','','2','1';
2019-02-06 00:10:37 EXEC SPC_COM_DATA '','','';
2019-02-06 00:10:37 EXEC SPC_VOCABULARY_LST1 '','','2','1';
2019-02-06 00:10:47 EXEC SPC_COM_DATA '','','';
2019-02-06 00:10:47 EXEC SPC_VOCABULARY_LST2 '2','1','';
2019-02-06 00:13:29 EXEC SPC_COMMON_ACCOUNT '2','1';
2019-02-06 00:13:29 EXEC SPC_COM_DATA 'khoai','2','1';
2019-02-06 00:13:29 EXEC SPC_VOCABULARY_LST1 '3','khoai','2','1';
2019-02-06 00:13:30 EXEC SPC_COM_DATA 'khoai','2','1';
2019-02-06 00:13:30 EXEC SPC_VOCABULARY_LST2 '2','1','khoai';
2019-02-06 00:14:22 EXEC SPC_COM_PERMISSION '1','2','g001';
2019-02-06 00:14:22 EXEC SPC_COM_MENU '1';
2019-02-06 00:25:19 EXEC SPC_COM_DATA 'khoai','2','1';
2019-02-06 00:25:19 EXEC SPC_GRAMMAR_LST1 '','khoai','2','1';
2019-02-06 00:25:19 EXEC SPC_COM_DATA 'khoai','2','1';
2019-02-06 00:25:19 EXEC SPC_GRAMMAR_LST2 '6','7','khoai';
2019-02-06 00:27:36 EXEC SPC_COM_DATA 'khoai','2','1';
2019-02-06 00:27:36 EXEC SPC_GRAMMAR_LST1 '','khoai','6','7';
2019-02-06 00:27:40 EXEC SPC_COM_DATA 'khoai','2','1';
2019-02-06 00:27:40 EXEC SPC_VOCABULARY_LST2 '6','7','khoai';
2019-02-06 00:28:09 EXEC SPC_COM_DATA 'khoai','2','1';
2019-02-06 00:28:09 EXEC SPC_GRAMMAR_LST1 '','khoai','6','7';
2019-02-06 00:28:10 EXEC SPC_COM_DATA 'khoai','2','1';
2019-02-06 00:28:10 EXEC SPC_GRAMMAR_LST2 '6','7','khoai';
2019-02-06 00:29:10 EXEC SPC_COM_DATA 'khoai','2','1';
2019-02-06 00:29:10 EXEC SPC_GRAMMAR_LST1 '','khoai','6','7';
2019-02-06 00:34:32 EXEC SPC_COM_DATA 'khoai','2','1';
2019-02-06 00:34:32 EXEC SPC_GRAMMAR_LST1 '','khoai','6','7';
2019-02-06 00:35:26 EXEC SPC_COM_DATA 'khoai','2','1';
2019-02-06 00:35:26 EXEC SPC_GRAMMAR_LST1 '','khoai','6','7';
2019-02-06 00:35:27 EXEC SPC_COM_DATA 'khoai','2','1';
2019-02-06 00:35:27 EXEC SPC_GRAMMAR_LST2 '6','7','khoai';
2019-02-06 00:40:41 EXEC SPC_COM_DATA 'khoai','2','1';
2019-02-06 00:40:41 EXEC SPC_COM_QUESTION_LIST '2';
2019-02-06 00:53:23 EXEC SPC_COM_DATA 'khoai','2','1';
2019-02-06 00:53:23 EXEC SPC_COM_REMEMBER '2','3','2','3','khoai','127.0.0.1';
2019-02-06 00:53:29 EXEC SPC_COM_DATA 'khoai','2','1';
2019-02-06 00:53:29 EXEC SPC_GRAMMAR_LST1 '2','khoai','6','7';
2019-02-06 00:53:30 EXEC SPC_COM_DATA 'khoai','2','1';
2019-02-06 00:53:30 EXEC SPC_GRAMMAR_LST2 '6','7','khoai';
2019-02-06 01:07:51 EXEC SPC_COM_DATA 'khoai','2','1';
2019-02-06 01:07:51 EXEC SPC_GRAMMAR_LST1 '3','khoai','6','7';
2019-02-06 01:07:52 EXEC SPC_COM_DATA 'khoai','2','1';
2019-02-06 01:07:52 EXEC SPC_GRAMMAR_LST2 '6','7','khoai';
2019-02-06 01:16:01 EXEC SPC_COM_PERMISSION '1','2','w001';
2019-02-06 01:16:01 EXEC SPC_COM_MENU '1';
2019-02-06 01:16:01 EXEC SPC_COM_M999_INQ1 '7';
2019-02-06 01:16:04 EXEC SPC_COM_MENU '1';
2019-02-06 01:16:04 EXEC SPC_COMMON_CATALORUE '2';
2019-02-06 01:16:06 EXEC SPC_COM_MENU '1';
2019-02-06 01:16:06 EXEC SPC_w001_LST1 '2','','','','10','1';
2019-02-06 01:16:10 EXEC SPC_COM_MENU '1';
2019-02-06 01:16:10 EXEC SPC_COM_M999_INQ1 '8';
2019-02-06 01:16:11 EXEC SPC_COM_MENU '1';
2019-02-06 01:16:11 EXEC SPC_p004_LST1 '3';
2019-02-06 01:16:27 EXEC SPC_COM_MENU '1';
2019-02-06 01:16:27 EXEC SPC_w002_ACT2 '3','ndq809','127.0.0.1';
2019-02-06 01:16:28 EXEC SPC_COM_MENU '1';
2019-02-06 01:16:28 EXEC SPC_w001_LST1 '2','','','','10','1';
2019-02-06 01:16:38 EXEC SPC_COM_DATA 'khoai','2','1';
2019-02-06 01:16:38 EXEC SPC_GRAMMAR_LST1 '3','khoai','6','7';
2019-02-06 01:16:38 EXEC SPC_COM_DATA 'khoai','2','1';
2019-02-06 01:16:38 EXEC SPC_GRAMMAR_LST2 '6','7','khoai';
2019-02-06 01:26:33 EXEC SPC_COM_DATA 'khoai','2','1';
2019-02-06 01:26:33 EXEC SPC_GRAMMAR_LST1 '3','khoai','6','7';
2019-02-06 01:26:34 EXEC SPC_COM_DATA 'khoai','2','1';
2019-02-06 01:26:34 EXEC SPC_GRAMMAR_LST2 '6','7','khoai';
2019-02-06 01:26:56 EXEC SPC_COM_DATA 'khoai','2','1';
2019-02-06 01:26:56 EXEC SPC_GRAMMAR_LST1 '3','khoai','6','7';
2019-02-06 01:26:56 EXEC SPC_COM_DATA 'khoai','2','1';
2019-02-06 01:26:56 EXEC SPC_GRAMMAR_LST2 '6','7','khoai';
2019-02-06 01:26:59 EXEC SPC_COM_DATA 'khoai','2','1';
2019-02-06 01:26:59 EXEC SPC_GRAMMAR_LST1 '3','khoai','6','7';
2019-02-06 01:26:59 EXEC SPC_COM_DATA 'khoai','2','1';
2019-02-06 01:26:59 EXEC SPC_GRAMMAR_LST2 '6','7','khoai';
2019-02-06 01:27:01 EXEC SPC_COM_DATA 'khoai','2','1';
2019-02-06 01:27:01 EXEC SPC_GRAMMAR_LST1 '3','khoai','6','7';
2019-02-06 01:27:02 EXEC SPC_COM_DATA 'khoai','2','1';
2019-02-06 01:27:02 EXEC SPC_GRAMMAR_LST2 '6','7','khoai';
2019-02-06 01:27:04 EXEC SPC_COM_DATA 'khoai','2','1';
2019-02-06 01:27:04 EXEC SPC_GRAMMAR_LST1 '3','khoai','6','7';
2019-02-06 01:27:04 EXEC SPC_COM_DATA 'khoai','2','1';
2019-02-06 01:27:04 EXEC SPC_GRAMMAR_LST2 '6','7','khoai';
2019-02-06 01:27:05 EXEC SPC_COM_DATA 'khoai','2','1';
2019-02-06 01:27:05 EXEC SPC_GRAMMAR_LST1 '3','khoai','6','7';
2019-02-06 01:27:06 EXEC SPC_COM_DATA 'khoai','2','1';
2019-02-06 01:27:06 EXEC SPC_GRAMMAR_LST2 '6','7','khoai';
2019-02-06 01:27:41 EXEC SPC_COM_DATA 'khoai','2','1';
2019-02-06 01:27:41 EXEC SPC_COM_FORGET '2','3','3','khoai';
2019-02-06 01:28:01 EXEC SPC_COM_DATA 'khoai','2','1';
2019-02-06 01:28:01 EXEC SPC_GRAMMAR_LST1 '2','khoai','6','7';
2019-02-06 01:28:02 EXEC SPC_COM_DATA 'khoai','2','1';
2019-02-06 01:28:02 EXEC SPC_GRAMMAR_LST2 '6','7','khoai';
2019-02-06 01:49:04 EXEC SPC_COM_DATA 'khoai','2','1';
2019-02-06 01:49:04 EXEC SPC_GRAMMAR_LST1 '2','khoai','6','7';
2019-02-06 01:49:04 EXEC SPC_COM_DATA 'khoai','2','1';
2019-02-06 01:49:04 EXEC SPC_GRAMMAR_LST2 '6','7','khoai';
2019-02-06 01:49:27 EXEC SPC_COM_MENU '1';
2019-02-06 01:49:27 EXEC SPC_w001_LST1 '2','','','','10','1';
2019-02-06 01:49:32 EXEC SPC_COM_DATA 'khoai','2','1';
2019-02-06 01:49:32 EXEC SPC_COM_REMEMBER '2','3','2','3','khoai','127.0.0.1';
2019-02-06 01:49:35 EXEC SPC_COM_DATA 'khoai','2','1';
2019-02-06 01:49:35 EXEC SPC_GRAMMAR_LST1 '','khoai','6','7';
2019-02-06 01:49:35 EXEC SPC_COM_DATA 'khoai','2','1';
2019-02-06 01:49:35 EXEC SPC_GRAMMAR_LST2 '6','7','khoai';
2019-02-06 01:49:40 EXEC SPC_COM_MENU '1';
2019-02-06 01:49:40 EXEC SPC_COM_M999_INQ1 '8';
2019-02-06 01:49:40 EXEC SPC_COM_MENU '1';
2019-02-06 01:49:40 EXEC SPC_p004_LST1 '3';
2019-02-06 01:49:42 EXEC SPC_COM_MENU '1';
2019-02-06 01:49:42 EXEC SPC_w002_ACT2 '3','ndq809','127.0.0.1';
2019-02-06 01:49:43 EXEC SPC_COM_MENU '1';
2019-02-06 01:49:43 EXEC SPC_w001_LST1 '2','','','','10','1';
2019-02-06 01:49:45 EXEC SPC_COM_DATA 'khoai','2','1';
2019-02-06 01:49:45 EXEC SPC_GRAMMAR_LST1 '','khoai','6','7';
2019-02-06 01:49:46 EXEC SPC_COM_DATA 'khoai','2','1';
2019-02-06 01:49:46 EXEC SPC_GRAMMAR_LST2 '6','7','khoai';
2019-02-06 01:52:48 EXEC SPC_COM_DATA 'khoai','2','1';
2019-02-06 01:52:48 EXEC SPC_COM_FORGET '2','3','3','khoai';
2019-02-06 01:54:31 EXEC SPC_COM_DATA 'khoai','2','1';
2019-02-06 01:54:31 EXEC SPC_GRAMMAR_LST1 '','khoai','6','7';
2019-02-06 01:54:32 EXEC SPC_COM_DATA 'khoai','2','1';
2019-02-06 01:54:32 EXEC SPC_GRAMMAR_LST2 '6','7','khoai';
2019-02-06 01:54:37 EXEC SPC_COM_DATA 'khoai','2','1';
2019-02-06 01:54:37 EXEC SPC_COM_REMEMBER '2','3','2','3','khoai','127.0.0.1';
2019-02-06 01:54:45 EXEC SPC_COM_MENU '1';
2019-02-06 01:54:45 EXEC SPC_w001_LST1 '2','','','','10','1';
2019-02-06 01:54:45 EXEC SPC_COM_MENU '1';
2019-02-06 01:54:45 EXEC SPC_COM_M999_INQ1 '8';
2019-02-06 01:54:46 EXEC SPC_COM_MENU '1';
2019-02-06 01:54:46 EXEC SPC_p004_LST1 '3';
2019-02-06 01:54:48 EXEC SPC_COM_MENU '1';
2019-02-06 01:54:48 EXEC SPC_w002_ACT2 '3','ndq809','127.0.0.1';
2019-02-06 01:54:49 EXEC SPC_COM_MENU '1';
2019-02-06 01:54:49 EXEC SPC_w001_LST1 '2','','','','10','1';
2019-02-06 01:54:55 EXEC SPC_COM_DATA 'khoai','2','1';
2019-02-06 01:54:55 EXEC SPC_GRAMMAR_LST1 '','khoai','6','7';
2019-02-06 01:54:56 EXEC SPC_COM_DATA 'khoai','2','1';
2019-02-06 01:54:56 EXEC SPC_GRAMMAR_LST2 '6','7','khoai';
2019-02-06 01:55:06 EXEC SPC_COM_DATA 'khoai','2','1';
2019-02-06 01:55:06 EXEC SPC_COM_FORGET '2','3','3','khoai';
2019-02-06 01:56:11 EXEC SPC_COM_DATA 'khoai','2','1';
2019-02-06 01:56:11 EXEC SPC_VOCABULARY_LST1 '','khoai','6','7';
2019-02-06 01:56:12 EXEC SPC_COM_DATA 'khoai','2','1';
2019-02-06 01:56:12 EXEC SPC_VOCABULARY_LST2 '2','1','khoai';
2019-02-06 01:56:16 EXEC SPC_COM_DATA 'khoai','2','1';
2019-02-06 01:56:16 EXEC SPC_COM_REMEMBER '1','2','2','4','khoai','127.0.0.1';
2019-02-06 01:56:22 EXEC SPC_COM_DATA 'khoai','2','1';
2019-02-06 01:56:22 EXEC SPC_COM_REMEMBER '1','2','3','8','khoai','127.0.0.1';
2019-02-06 01:56:28 EXEC SPC_COM_DATA 'khoai','2','1';
2019-02-06 01:56:28 EXEC SPC_COM_FORGET '2','4','2','khoai';
2019-02-06 01:59:38 EXEC SPC_COM_DATA 'khoai','2','1';
2019-02-06 01:59:38 EXEC SPC_VOCABULARY_LST1 '8','khoai','2','1';
2019-02-06 01:59:39 EXEC SPC_COM_DATA 'khoai','2','1';
2019-02-06 01:59:39 EXEC SPC_VOCABULARY_LST2 '2','1','khoai';
2019-02-06 01:59:46 EXEC SPC_COM_DATA 'khoai','2','1';
2019-02-06 01:59:46 EXEC SPC_COM_FORGET '3','8','2','khoai';
2019-02-06 01:59:51 EXEC SPC_COM_DATA 'khoai','2','1';
2019-02-06 01:59:51 EXEC SPC_VOCABULARY_LST1 '4','khoai','2','1';
2019-02-06 01:59:51 EXEC SPC_COM_DATA 'khoai','2','1';
2019-02-06 01:59:51 EXEC SPC_VOCABULARY_LST2 '2','1','khoai';
2019-02-06 01:59:57 EXEC SPC_COM_DATA 'khoai','2','1';
2019-02-06 01:59:57 EXEC SPC_GRAMMAR_LST1 '','khoai','2','1';
2019-02-06 01:59:58 EXEC SPC_COM_DATA 'khoai','2','1';
2019-02-06 01:59:58 EXEC SPC_GRAMMAR_LST2 '6','7','khoai';
2019-02-06 02:00:01 EXEC SPC_COM_DATA 'khoai','2','1';
2019-02-06 02:00:01 EXEC SPC_COM_REMEMBER '2','3','2','3','khoai','127.0.0.1';
2019-02-06 02:00:05 EXEC SPC_COM_MENU '1';
2019-02-06 02:00:05 EXEC SPC_w001_LST1 '2','','','','10','1';
2019-02-06 02:00:06 EXEC SPC_COM_MENU '1';
2019-02-06 02:00:06 EXEC SPC_COM_M999_INQ1 '8';
2019-02-06 02:00:07 EXEC SPC_COM_MENU '1';
2019-02-06 02:00:07 EXEC SPC_p004_LST1 '3';
2019-02-06 02:00:09 EXEC SPC_COM_MENU '1';
2019-02-06 02:00:09 EXEC SPC_w002_ACT2 '3','ndq809','127.0.0.1';
2019-02-06 02:00:10 EXEC SPC_COM_MENU '1';
2019-02-06 02:00:10 EXEC SPC_w001_LST1 '2','','','','10','1';
2019-02-06 02:05:26 EXEC SPC_COM_DATA 'khoai','2','1';
2019-02-06 02:05:26 EXEC SPC_GRAMMAR_LST1 '','khoai','6','7';
2019-02-06 02:05:27 EXEC SPC_COM_DATA 'khoai','2','1';
2019-02-06 02:05:27 EXEC SPC_GRAMMAR_LST2 '6','7','khoai';
2019-02-06 02:05:32 EXEC SPC_COM_DATA 'khoai','2','1';
2019-02-06 02:05:32 EXEC SPC_COM_FORGET '2','3','3','khoai';
2019-02-06 02:13:02 EXEC SPC_COM_DATA 'khoai','2','1';
2019-02-06 02:13:02 EXEC SPC_COM_REMEMBER '2','3','1','2','khoai','127.0.0.1';
2019-02-06 02:13:25 EXEC SPC_COM_DATA 'khoai','2','1';
2019-02-06 02:13:25 EXEC SPC_COM_FORGET '1','2','3','khoai';
2019-02-06 02:14:04 EXEC SPC_COM_MENU '1';
2019-02-06 02:14:04 EXEC SPC_w001_LST1 '2','','','','10','1';
2019-02-06 02:14:06 EXEC SPC_COM_MENU '1';
2019-02-06 02:14:06 EXEC SPC_w001_LST1 '2','','','','10','1';
2019-02-06 02:14:17 EXEC SPC_COM_MENU '1';
2019-02-06 02:14:17 EXEC SPC_COM_M999_INQ1 '8';
2019-02-06 02:14:17 EXEC SPC_COM_MENU '1';
2019-02-06 02:14:17 EXEC SPC_p004_LST1 '2';
2019-02-06 02:19:19 EXEC SPC_COM_DATA 'khoai','2','1';
2019-02-06 02:19:19 EXEC SPC_GRAMMAR_LST1 '2','khoai','6','7';
2019-02-06 02:19:20 EXEC SPC_COM_DATA 'khoai','2','1';
2019-02-06 02:19:20 EXEC SPC_GRAMMAR_LST2 '6','7','khoai';
2019-02-06 02:19:23 EXEC SPC_COM_DATA 'khoai','2','1';
2019-02-06 02:19:23 EXEC SPC_COM_REMEMBER '2','3','1','2','khoai','127.0.0.1';
2019-02-06 02:19:29 EXEC SPC_COM_DATA 'khoai','2','1';
2019-02-06 02:19:29 EXEC SPC_COM_FORGET '1','2','3','khoai';
2019-02-06 02:19:59 EXEC SPC_COM_DATA 'khoai','2','1';
2019-02-06 02:19:59 EXEC SPC_GRAMMAR_LST1 '2','khoai','6','7';
2019-02-06 02:19:59 EXEC SPC_COM_DATA 'khoai','2','1';
2019-02-06 02:19:59 EXEC SPC_GRAMMAR_LST2 '6','7','khoai';
2019-02-06 02:20:01 EXEC SPC_COM_DATA 'khoai','2','1';
2019-02-06 02:20:01 EXEC SPC_COM_REMEMBER '2','3','1','2','khoai','127.0.0.1';
2019-02-06 02:20:08 EXEC SPC_COM_DATA 'khoai','2','1';
2019-02-06 02:20:08 EXEC SPC_GRAMMAR_LST1 '2','khoai','6','7';
2019-02-06 02:20:09 EXEC SPC_COM_DATA 'khoai','2','1';
2019-02-06 02:20:09 EXEC SPC_GRAMMAR_LST2 '6','7','khoai';
2019-02-06 02:20:23 EXEC SPC_COM_DATA 'khoai','2','1';
2019-02-06 02:20:23 EXEC SPC_GRAMMAR_LST1 '2','khoai','6','7';
2019-02-06 02:20:24 EXEC SPC_COM_DATA 'khoai','2','1';
2019-02-06 02:20:24 EXEC SPC_GRAMMAR_LST2 '6','7','khoai';
2019-02-06 02:20:25 EXEC SPC_COM_DATA 'khoai','2','1';
2019-02-06 02:20:25 EXEC SPC_COM_FORGET '1','2','3','khoai';
2019-02-06 02:20:43 EXEC SPC_COM_DATA 'khoai','2','1';
2019-02-06 02:20:43 EXEC SPC_GRAMMAR_LST1 '2','khoai','6','7';
2019-02-06 02:20:44 EXEC SPC_COM_DATA 'khoai','2','1';
2019-02-06 02:20:44 EXEC SPC_GRAMMAR_LST2 '6','7','khoai';
2019-02-06 02:20:45 EXEC SPC_COM_DATA 'khoai','2','1';
2019-02-06 02:20:45 EXEC SPC_COM_REMEMBER '2','3','1','2','khoai','127.0.0.1';
2019-02-06 02:20:48 EXEC SPC_COM_DATA 'khoai','2','1';
2019-02-06 02:20:48 EXEC SPC_GRAMMAR_LST1 '2','khoai','6','7';
2019-02-06 02:20:49 EXEC SPC_COM_DATA 'khoai','2','1';
2019-02-06 02:20:49 EXEC SPC_GRAMMAR_LST2 '6','7','khoai';
2019-02-06 02:20:50 EXEC SPC_COM_DATA 'khoai','2','1';
2019-02-06 02:20:50 EXEC SPC_COM_FORGET '1','2','3','khoai';
2019-02-06 02:22:51 EXEC SPC_COM_DATA 'khoai','2','1';
2019-02-06 02:22:51 EXEC SPC_COM_REMEMBER '2','3','1','2','khoai','127.0.0.1';
2019-02-06 02:22:53 EXEC SPC_COM_DATA 'khoai','2','1';
2019-02-06 02:22:53 EXEC SPC_GRAMMAR_LST1 '2','khoai','6','7';
2019-02-06 02:22:53 EXEC SPC_COM_DATA 'khoai','2','1';
2019-02-06 02:22:53 EXEC SPC_GRAMMAR_LST2 '6','7','khoai';
2019-02-06 02:22:55 EXEC SPC_COM_DATA 'khoai','2','1';
2019-02-06 02:22:55 EXEC SPC_COM_FORGET '1','2','3','khoai';
2019-02-06 02:23:53 EXEC SPC_COM_DATA 'khoai','2','1';
2019-02-06 02:23:53 EXEC SPC_COM_REMEMBER '2','3','1','2','khoai','127.0.0.1';
2019-02-06 02:23:57 EXEC SPC_COM_DATA 'khoai','2','1';
2019-02-06 02:23:57 EXEC SPC_COM_FORGET '1','2','3','khoai';
2019-02-06 02:24:00 EXEC SPC_COM_DATA 'khoai','2','1';
2019-02-06 02:24:00 EXEC SPC_GRAMMAR_LST1 '','khoai','6','7';
2019-02-06 02:24:01 EXEC SPC_COM_DATA 'khoai','2','1';
2019-02-06 02:24:01 EXEC SPC_GRAMMAR_LST2 '6','7','khoai';
2019-02-06 02:24:03 EXEC SPC_COM_DATA 'khoai','2','1';
2019-02-06 02:24:03 EXEC SPC_COM_REMEMBER '2','3','1','2','khoai','127.0.0.1';
2019-02-06 02:24:08 EXEC SPC_COM_DATA 'khoai','2','1';
2019-02-06 02:24:08 EXEC SPC_COM_FORGET '1','2','3','khoai';
2019-02-06 02:24:18 EXEC SPC_COM_DATA 'khoai','2','1';
2019-02-06 02:24:18 EXEC SPC_VOCABULARY_LST1 '','khoai','6','7';
2019-02-06 02:24:18 EXEC SPC_COM_DATA 'khoai','2','1';
2019-02-06 02:24:18 EXEC SPC_VOCABULARY_LST2 '2','1','khoai';
