2019-07-11 12:00:23 EXEC SPC_COM_DATA '','','';
2019-07-11 13:09:18 EXEC SPC_COM_DATA '','','';
2019-07-11 13:09:19 EXEC SPC_COM_DATA '','','';
2019-07-11 13:09:20 EXEC SPC_COMMON_ACCOUNT '18','1';
2019-07-11 13:09:20 EXEC SPC_COM_DATA '14','2','1';
2019-07-11 13:09:20 EXEC SPC_COM_MENU '2';
2019-07-11 13:09:24 EXEC SPC_COM_DATA '14','2','1';
2019-07-11 13:09:24 EXEC SPC_COM_MENU '2';
2019-07-11 13:09:25 EXEC SPC_PROFILE_LST1 'kirito';
2019-07-11 13:10:26 EXEC SPC_COM_DATA '14','2','1';
2019-07-11 13:10:27 EXEC SPC_COM_MENU '2';
2019-07-11 13:10:27 EXEC SPC_PROFILE_LST1 'kirito';
2019-07-11 13:27:09 EXEC SPC_COM_DATA '14','2','1';
2019-07-11 13:27:09 EXEC SPC_COM_MENU '2';
2019-07-11 13:27:09 EXEC SPC_PROFILE_LST1 'kirito';
2019-07-11 13:27:31 EXEC SPC_COM_DATA '14','2','1';
2019-07-11 13:27:32 EXEC SPC_COM_MENU '2';
2019-07-11 13:27:32 EXEC SPC_PROFILE_LST1 'kirito';
2019-07-11 13:27:59 EXEC SPC_COM_DATA '14','2','1';
2019-07-11 13:27:59 EXEC SPC_COM_MENU '2';
2019-07-11 13:27:59 EXEC SPC_PROFILE_LST1 'kirito';
2019-07-11 13:28:26 EXEC SPC_COM_DATA '14','2','1';
2019-07-11 13:28:26 EXEC SPC_COM_MENU '2';
2019-07-11 13:28:26 EXEC SPC_PROFILE_LST1 'kirito';
2019-07-11 13:34:07 EXEC SPC_COM_DATA '14','2','1';
2019-07-11 13:34:07 EXEC SPC_VOCABULARY_LST1 '','14','','';
2019-07-11 13:34:09 EXEC SPC_COM_DATA '14','2','1';
2019-07-11 13:34:09 EXEC SPC_VOCABULARY_LST2 '4','4','14';
2019-07-11 13:39:53 EXEC SPC_COM_DATA '14','2','1';
2019-07-11 13:39:53 EXEC SPC_COM_MENU '2';
2019-07-11 13:43:31 EXEC SPC_COM_DATA '14','2','1';
2019-07-11 13:43:31 EXEC SPC_VOCABULARY_LST1 '','14','4','4';
2019-07-11 13:43:32 EXEC SPC_COM_DATA '14','2','1';
2019-07-11 13:43:32 EXEC SPC_VOCABULARY_LST2 '4','4','14';
2019-07-11 13:44:32 EXEC SPC_COM_DATA '14','2','1';
2019-07-11 13:44:32 EXEC SPC_VOCABULARY_LST1 '1','14','4','4';
2019-07-11 13:44:33 EXEC SPC_COM_DATA '14','2','1';
2019-07-11 13:44:33 EXEC SPC_VOCABULARY_LST2 '4','4','14';
2019-07-11 13:48:47 EXEC SPC_COM_DATA '14','2','1';
2019-07-11 13:48:47 EXEC SPC_GRAMMAR_LST1 '','14','4','4';
2019-07-11 13:48:48 EXEC SPC_COM_DATA '14','2','1';
2019-07-11 13:48:48 EXEC SPC_GRAMMAR_LST2 '5','5','14';
2019-07-11 13:48:49 EXEC SPC_COM_DATA '14','2','1';
2019-07-11 13:48:49 EXEC SPC_VOCABULARY_LST1 '','14','5','5';
2019-07-11 13:48:50 EXEC SPC_COM_DATA '14','2','1';
2019-07-11 13:48:50 EXEC SPC_VOCABULARY_LST2 '4','4','14';
2019-07-11 13:53:54 EXEC SPC_COM_DATA '14','2','1';
2019-07-11 13:53:54 EXEC SPC_VOCABULARY_LST1 '1','14','4','4';
2019-07-11 13:53:54 EXEC SPC_COM_DATA '14','2','1';
2019-07-11 13:53:54 EXEC SPC_VOCABULARY_LST2 '4','4','14';
2019-07-11 14:01:44 EXEC SPC_COM_DATA '14','2','1';
2019-07-11 14:01:44 EXEC SPC_VOCABULARY_LST1 '1','14','4','4';
2019-07-11 14:01:45 EXEC SPC_COM_DATA '14','2','1';
2019-07-11 14:01:45 EXEC SPC_VOCABULARY_LST2 '4','4','14';
2019-07-11 15:18:49 EXEC SPC_COMMON_ACCOUNT '1','2';
2019-07-11 15:18:50 EXEC SPC_COM_PERMISSION '1','2','v003';
2019-07-11 15:18:50 EXEC SPC_COM_MENU '1';
2019-07-11 15:18:50 EXEC SPC_COM_MENU '1';
2019-07-11 15:18:59 EXEC SPC_COM_PERMISSION '1','2','g001';
2019-07-11 15:18:59 EXEC SPC_COM_MENU '1';
2019-07-11 15:18:59 EXEC SPC_G001_LST1 '1','1';
2019-07-11 15:19:02 EXEC SPC_COM_PERMISSION '1','2','g003';
2019-07-11 15:19:02 EXEC SPC_COM_MENU '1';
2019-07-11 15:19:02 EXEC SPC_COM_M999_INQ1 '7';
2019-07-11 15:19:05 EXEC SPC_COM_MENU '1';
2019-07-11 15:19:05 EXEC SPC_G003_LST1 '','','10','1';
2019-07-11 15:19:08 EXEC SPC_COM_MENU '1';
2019-07-11 15:19:08 EXEC SPC_COMMON_CATALORUE '5';
2019-07-11 15:41:47 EXEC SPC_COM_DATA '14','2','1';
2019-07-11 15:41:47 EXEC SPC_COM_MENU '2';
2019-07-11 16:47:18 EXEC SPC_COM_DATA '14','2','1';
2019-07-11 16:47:18 EXEC SPC_VOCABULARY_LST1 '','14','4','4';
2019-07-11 16:47:19 EXEC SPC_COM_DATA '14','2','1';
2019-07-11 16:47:19 EXEC SPC_VOCABULARY_LST2 '4','4','14';
2019-07-11 16:47:57 EXEC SPC_COM_DATA '14','2','1';
2019-07-11 16:47:57 EXEC SPC_VOCABULARY_LST1 '1','14','4','4';
2019-07-11 16:47:58 EXEC SPC_COM_DATA '14','2','1';
2019-07-11 16:47:58 EXEC SPC_VOCABULARY_LST2 '4','4','14';
2019-07-11 16:51:57 EXEC SPC_COM_DATA '14','2','1';
2019-07-11 16:51:57 EXEC SPC_VOCABULARY_LST2 '4','4','14';
2019-07-11 16:52:02 EXEC SPC_COM_DATA '14','2','1';
2019-07-11 16:52:02 EXEC SPC_DICTIONARY_LST1 '21','14';
2019-07-11 16:52:03 EXEC SPC_COM_DATA '14','2','1';
2019-07-11 16:52:03 EXEC SPC_DICTIONARY_LST2 '"Buddhist" economy','14','::1';
2019-07-11 16:52:49 EXEC SPC_COM_DATA '14','2','1';
2019-07-11 16:52:49 EXEC SPC_COM_EXAM_LIST '1','1','1','1','1','14';
2019-07-11 16:52:51 EXEC SPC_COM_DATA '14','2','1';
2019-07-11 16:52:51 EXEC SPC_COM_EXAM_LIST '1','1','2','1','1','14';
2019-07-11 16:52:58 EXEC SPC_COM_DATA '14','2','1';
2019-07-11 16:52:58 EXEC SPC_COM_TOGGLE_EFFECT '1','6','1','1','0','14','::1';
2019-07-11 16:52:58 EXEC SPC_COM_ADD_NOTIFY '1','6','','4','14','::1';
2019-07-11 16:53:01 EXEC SPC_COM_DATA '14','2','1';
2019-07-11 16:53:01 EXEC SPC_COM_EXAM_LIST '1','1','1','1','1','14';
2019-07-11 16:53:03 EXEC SPC_COM_DATA '14','2','1';
2019-07-11 16:53:03 EXEC SPC_COM_EXAM_LIST '1','1','0','1','1','14';
2019-07-11 16:59:04 EXEC SPC_COM_DATA '1','1','2';
2019-07-11 16:59:04 EXEC SPC_COM_MENU '1';
2019-07-11 17:16:56 EXEC SPC_COM_DATA '14','2','1';
2019-07-11 17:16:56 EXEC SPC_GRAMMAR_LST1 '','14','4','4';
2019-07-11 17:16:57 EXEC SPC_COM_DATA '14','2','1';
2019-07-11 17:16:57 EXEC SPC_GRAMMAR_LST2 '5','5','14';
2019-07-11 17:16:59 EXEC SPC_COM_DATA '14','2','1';
2019-07-11 17:16:59 EXEC SPC_COM_QUESTION_LIST '2';
2019-07-11 17:17:34 EXEC SPC_COM_DATA '14','2','1';
2019-07-11 17:17:34 EXEC SPC_LISTENING_LST1 '','14','5','5';
2019-07-11 17:17:35 EXEC SPC_COM_DATA '14','2','1';
2019-07-11 17:17:35 EXEC SPC_LISTENING_LST2 '8','8','14';
2019-07-11 17:17:43 EXEC SPC_COM_DATA '14','2','1';
2019-07-11 17:17:43 EXEC SPC_WRITING_LST1 '','14','8','8';
2019-07-11 17:17:44 EXEC SPC_COM_DATA '14','2','1';
2019-07-11 17:17:44 EXEC SPC_COMMON_GET_SUGGEST
2019-07-11 17:17:44 EXEC SPC_COM_DATA '14','2','1';
2019-07-11 17:17:44 EXEC SPC_WRITING_LST2 '6','6','14';
2019-07-11 17:18:03 EXEC SPC_COM_DATA '14','2','1';
2019-07-11 17:18:03 EXEC SPC_GRAMMAR_LST1 '2','14','6','6';
2019-07-11 17:18:04 EXEC SPC_COM_DATA '14','2','1';
2019-07-11 17:18:04 EXEC SPC_GRAMMAR_LST2 '5','5','14';
2019-07-11 17:18:26 EXEC SPC_COM_DATA '14','2','1';
2019-07-11 17:18:26 EXEC SPC_READING_LST1 '','14','5','5';
2019-07-11 17:18:27 EXEC SPC_COM_DATA '14','2','1';
2019-07-11 17:18:27 EXEC SPC_READING_LST2 '9','9','14';
2019-07-11 17:18:35 EXEC SPC_COM_DATA '14','2','1';
2019-07-11 17:18:36 EXEC SPC_DICTIONARY_LST1 '19','14';
2019-07-11 17:18:36 EXEC SPC_COM_DATA '14','2','1';
2019-07-11 17:18:36 EXEC SPC_DICTIONARY_LST2 '"blister" copper','14','::1';
2019-07-11 17:18:44 EXEC SPC_COM_DATA '14','2','1';
2019-07-11 17:18:44 EXEC SPC_DICTIONARY_LST1 '16','14';
2019-07-11 17:18:45 EXEC SPC_COM_DATA '14','2','1';
2019-07-11 17:18:45 EXEC SPC_DICTIONARY_LST2 '"beggar-my-neighbour" policy','14','::1';
2019-07-11 17:19:09 EXEC SPC_COM_DATA '14','2','1';
2019-07-11 17:19:09 EXEC SPC_RELAX_LST1 '','14';
2019-07-11 17:19:10 EXEC SPC_COM_DATA '14','2','1';
2019-07-11 17:19:10 EXEC SPC_RELAX_LST2 '','1','1','1','0','[]','14';
2019-07-11 17:19:11 EXEC SPC_COM_DATA '14','2','1';
2019-07-11 17:19:11 EXEC SPC_DICTIONARY_LST1 '','14';
2019-07-11 17:19:14 EXEC SPC_COM_DATA '14','2','1';
2019-07-11 17:19:14 EXEC SPC_DISCUSS_LST1 '','14';
2019-07-11 17:19:15 EXEC SPC_COM_DATA '14','2','1';
2019-07-11 17:19:15 EXEC SPC_DISCUSS_LST2 '','1','[]','14';
2019-07-11 17:19:20 EXEC SPC_COM_DATA '14','2','1';
2019-07-11 17:19:20 EXEC SPC_DISCUSS_ACT2 '10','14','::1';
2019-07-11 18:39:08 EXEC SPC_COM_DATA '1','1','2';
2019-07-11 18:39:08 EXEC SPC_COM_MENU '1';
