2019-04-08 09:07:56 EXEC SPC_COM_DATA '','','';
2019-04-08 09:09:35 EXEC SPC_COM_DATA '','','';
2019-04-08 09:13:21 EXEC SPC_COM_DATA '','','';
2019-04-08 09:13:22 EXEC SPC_COM_DATA '','','';
2019-04-08 09:13:24 EXEC SPC_COMMON_ACCOUNT '18','1';
2019-04-08 09:13:24 EXEC SPC_COM_DATA '14','1','1';
2019-04-08 09:13:24 EXEC SPC_COM_MENU '1';
2019-04-08 09:41:53 EXEC SPC_COM_DATA '','','';
2019-04-08 09:42:03 EXEC SPC_COMMON_ACCOUNT '1017','1';
2019-04-08 09:42:03 EXEC SPC_COM_DATA '2','2','1';
2019-04-08 09:42:03 EXEC SPC_COM_MENU '2';
2019-04-08 09:42:11 EXEC SPC_COM_DATA '2','2','1';
2019-04-08 09:42:11 EXEC SPC_READING_LST1 '','2','','';
2019-04-08 09:42:12 EXEC SPC_COM_DATA '2','2','1';
2019-04-08 09:42:12 EXEC SPC_READING_LST2 '3','5','2';
2019-04-08 09:42:14 EXEC SPC_COM_DATA '2','2','1';
2019-04-08 09:42:14 EXEC SPC_DISCUSS_LST1 '','2';
2019-04-08 09:42:15 EXEC SPC_COM_DATA '2','2','1';
2019-04-08 09:42:15 EXEC SPC_DISCUSS_LST2 '','1','','2';
2019-04-08 09:42:20 EXEC SPC_COM_DATA '2','2','1';
2019-04-08 09:42:20 EXEC SPC_DISCUSS_ACT2 '14','2','::1';
2019-04-08 09:42:57 EXEC SPC_COM_DATA '','','';
2019-04-08 09:42:57 EXEC SPC_DISCUSS_LST1 '14','';
2019-04-08 09:42:57 EXEC SPC_COM_DATA '','','';
2019-04-08 09:42:57 EXEC SPC_DISCUSS_LST2 '14','1','','';
2019-04-08 09:43:02 EXEC SPC_COM_DATA '','','';
2019-04-08 09:43:02 EXEC SPC_DISCUSS_ACT2 '14','','::1';
2019-04-08 09:43:09 EXEC SPC_COMMON_ACCOUNT '1','1';
2019-04-08 09:43:10 EXEC SPC_COM_DATA '4','1','1';
2019-04-08 09:43:10 EXEC SPC_DISCUSS_LST1 '14','4';
2019-04-08 09:43:10 EXEC SPC_COM_DATA '4','1','1';
2019-04-08 09:43:10 EXEC SPC_DISCUSS_LST2 '14','1','','4';
2019-04-08 09:43:16 EXEC SPC_COM_DATA '4','1','1';
2019-04-08 09:43:16 EXEC SPC_DISCUSS_ACT2 '14','4','::1';
2019-04-08 09:43:25 EXEC SPC_COM_DATA '4','1','1';
2019-04-08 09:43:25 EXEC SPC_VOCABULARY_LST1 '','4','','';
2019-04-08 09:43:26 EXEC SPC_COM_DATA '4','1','1';
2019-04-08 09:43:26 EXEC SPC_VOCABULARY_LST2 '1','1','4';
2019-04-08 09:43:30 EXEC SPC_COM_DATA '4','1','1';
2019-04-08 09:43:30 EXEC SPC_VOCABULARY_LST1 '','4','1','1';
2019-04-08 09:43:30 EXEC SPC_COM_DATA '4','1','1';
2019-04-08 09:43:30 EXEC SPC_VOCABULARY_LST2 '1','1','4';
2019-04-08 11:23:25 EXEC SPC_COM_DATA '4','1','1';
2019-04-08 11:23:25 EXEC SPC_COM_MENU '1';
2019-04-08 13:03:28 EXEC SPC_COM_DATA '4','1','1';
2019-04-08 13:03:28 EXEC SPC_COM_MENU '1';
2019-04-08 14:43:31 EXEC SPC_COM_DATA '4','1','1';
2019-04-08 14:43:31 EXEC SPC_COM_MENU '1';
2019-04-08 16:23:38 EXEC SPC_COM_DATA '4','1','1';
2019-04-08 16:23:39 EXEC SPC_COM_MENU '1';
2019-04-08 16:55:14 EXEC SPC_COM_DATA '4','1','1';
2019-04-08 16:55:14 EXEC SPC_VOCABULARY_LST1 '','4','1','1';
2019-04-08 16:55:15 EXEC SPC_COM_DATA '4','1','1';
2019-04-08 16:55:15 EXEC SPC_VOCABULARY_LST2 '1','1','4';
2019-04-08 16:56:39 EXEC SPC_COM_DATA '4','1','1';
2019-04-08 16:56:39 EXEC SPC_GRAMMAR_LST1 '','4','1','1';
2019-04-08 16:56:40 EXEC SPC_COM_DATA '4','1','1';
2019-04-08 16:56:40 EXEC SPC_GRAMMAR_LST2 '4','6','4';
2019-04-08 16:56:41 EXEC SPC_COM_DATA '4','1','1';
2019-04-08 16:56:41 EXEC SPC_LISTENING_LST1 '','4','4','6';
2019-04-08 16:56:42 EXEC SPC_COM_DATA '4','1','1';
2019-04-08 16:56:42 EXEC SPC_LISTENING_LST2 '6','8','4';
2019-04-08 16:56:44 EXEC SPC_COM_DATA '4','1','1';
2019-04-08 16:56:44 EXEC SPC_GRAMMAR_LST1 '','4','6','8';
2019-04-08 16:56:45 EXEC SPC_COM_DATA '4','1','1';
2019-04-08 16:56:45 EXEC SPC_GRAMMAR_LST2 '4','6','4';
2019-04-08 16:57:07 EXEC SPC_COM_DATA '4','1','1';
2019-04-08 16:57:07 EXEC SPC_LISTENING_LST1 '','4','4','6';
2019-04-08 16:57:08 EXEC SPC_COM_DATA '4','1','1';
2019-04-08 16:57:08 EXEC SPC_LISTENING_LST2 '6','8','4';
2019-04-08 16:57:09 EXEC SPC_COM_DATA '4','1','1';
2019-04-08 16:57:09 EXEC SPC_WRITING_LST1 '','4','6','8';
2019-04-08 16:57:10 EXEC SPC_COM_DATA '4','1','1';
2019-04-08 16:57:10 EXEC SPC_COMMON_GET_SUGGEST
2019-04-08 16:57:10 EXEC SPC_COM_DATA '4','1','1';
2019-04-08 16:57:10 EXEC SPC_WRITING_LST2 '7','9','4';
2019-04-08 16:57:11 EXEC SPC_COM_DATA '4','1','1';
2019-04-08 16:57:11 EXEC SPC_READING_LST1 '','4','7','9';
2019-04-08 16:57:12 EXEC SPC_COM_DATA '4','1','1';
2019-04-08 16:57:12 EXEC SPC_READING_LST2 '3','5','4';
2019-04-08 16:57:13 EXEC SPC_COM_DATA '4','1','1';
2019-04-08 16:57:13 EXEC SPC_SOCIAL_LST1 '','4';
2019-04-08 16:57:14 EXEC SPC_COM_DATA '4','1','1';
2019-04-08 16:57:14 EXEC SPC_SOCIAL_LST2 '','1','','4';
2019-04-08 16:57:16 EXEC SPC_COM_DATA '4','1','1';
2019-04-08 16:57:16 EXEC SPC_DISCUSS_LST1 '','4';
2019-04-08 16:57:16 EXEC SPC_COM_DATA '4','1','1';
2019-04-08 16:57:16 EXEC SPC_DISCUSS_LST2 '','1','','4';
2019-04-08 16:57:21 EXEC SPC_COM_DATA '4','1','1';
2019-04-08 16:57:21 EXEC SPC_DISCUSS_ACT3 '1','1','4','::1';
2019-04-08 16:57:22 EXEC SPC_COM_DATA '4','1','1';
2019-04-08 16:57:22 EXEC SPC_DISCUSS_ACT2 '14','4','::1';
2019-04-08 17:04:16 EXEC SPC_COM_DATA '4','1','1';
2019-04-08 17:04:16 EXEC SPC_DICTIONARY_LST1 '','4';
2019-04-08 17:04:20 EXEC SPC_COM_DATA '4','1','1';
2019-04-08 17:04:20 EXEC SPC_RELAX_LST1 '','4';
2019-04-08 17:04:22 EXEC SPC_COM_DATA '4','1','1';
2019-04-08 17:04:22 EXEC SPC_RELAX_LST2 '','1','1','1','0','','4';
2019-04-08 17:04:26 EXEC SPC_COM_DATA '4','1','1';
2019-04-08 17:04:26 EXEC SPC_DICTIONARY_LST1 '','4';
2019-04-08 17:04:27 EXEC SPC_COM_DATA '4','1','1';
2019-04-08 17:04:27 EXEC SPC_RELAX_LST1 '','4';
2019-04-08 17:04:28 EXEC SPC_COM_DATA '4','1','1';
2019-04-08 17:04:28 EXEC SPC_RELAX_LST2 '','1','1','1','0','','4';
2019-04-08 17:04:34 EXEC SPC_COM_DATA '4','1','1';
2019-04-08 17:04:34 EXEC SPC_RELAX_ACT2 '10','4','::1';
2019-04-08 17:07:28 EXEC SPC_COM_DATA '4','1','1';
2019-04-08 17:07:29 EXEC SPC_COM_DATA '4','1','1';
2019-04-08 17:07:29 EXEC SPC_TRANSLATION_LST1 '','4';
2019-04-08 17:07:47 EXEC SPC_COM_DATA '4','1','1';
2019-04-08 17:07:47 EXEC SPC_COM_MENU '1';
2019-04-08 17:07:51 EXEC SPC_COM_DATA '4','1','1';
2019-04-08 17:07:52 EXEC SPC_COM_DATA '4','1','1';
2019-04-08 17:07:52 EXEC SPC_TRANSLATION_LST1 '','4';
2019-04-08 17:07:54 EXEC SPC_COM_DATA '4','1','1';
2019-04-08 17:07:54 EXEC SPC_RELAX_LST1 '','4';
2019-04-08 17:07:55 EXEC SPC_COM_DATA '4','1','1';
2019-04-08 17:07:55 EXEC SPC_RELAX_LST2 '','1','1','1','0','','4';
2019-04-08 17:08:01 EXEC SPC_COM_DATA '4','1','1';
2019-04-08 17:08:01 EXEC SPC_RELAX_ACT2 '10','4','::1';
2019-04-08 17:08:09 EXEC SPC_COM_DATA '4','1','1';
2019-04-08 17:08:09 EXEC SPC_DISCUSS_LST1 '','4';
2019-04-08 17:08:10 EXEC SPC_COM_DATA '4','1','1';
2019-04-08 17:08:10 EXEC SPC_DISCUSS_LST2 '','1','','4';
2019-04-08 17:08:15 EXEC SPC_COM_DATA '4','1','1';
2019-04-08 17:08:15 EXEC SPC_DISCUSS_ACT2 '14','4','::1';
2019-04-08 17:08:35 EXEC SPC_COM_DATA '','','';
2019-04-08 17:08:35 EXEC SPC_DISCUSS_LST1 '14','';
2019-04-08 17:08:36 EXEC SPC_COM_DATA '','','';
2019-04-08 17:08:36 EXEC SPC_DISCUSS_LST2 '14','1','','';
2019-04-08 17:08:38 EXEC SPC_COM_DATA '','','';
2019-04-08 17:08:44 EXEC SPC_COM_DATA '','','';
2019-04-08 17:08:44 EXEC SPC_DISCUSS_LST2 '14','1','<row tag_id="14" />','';
2019-04-08 17:08:49 EXEC SPC_COM_DATA '','','';
2019-04-08 17:08:49 EXEC SPC_DISCUSS_ACT2 '14','','::1';
2019-04-08 17:08:54 EXEC SPC_COMMON_ACCOUNT '18','1';
2019-04-08 17:08:55 EXEC SPC_COM_DATA '14','1','1';
2019-04-08 17:08:55 EXEC SPC_DISCUSS_LST1 '14','14';
2019-04-08 17:08:55 EXEC SPC_COM_DATA '14','1','1';
2019-04-08 17:08:55 EXEC SPC_DISCUSS_LST2 '14','1','','14';
2019-04-08 17:09:01 EXEC SPC_COM_DATA '14','1','1';
2019-04-08 17:09:01 EXEC SPC_DISCUSS_ACT2 '14','14','::1';
2019-04-08 17:09:06 EXEC SPC_COM_DATA '14','1','1';
2019-04-08 17:09:06 EXEC SPC_COM_ADD_COMMENT '1','8','14','thank <3','1','14','::1','1';
2019-04-08 17:09:58 EXEC SPC_COM_DATA '14','1','1';
2019-04-08 17:09:58 EXEC SPC_DISCUSS_LST1 '14','14';
2019-04-08 17:09:59 EXEC SPC_COM_DATA '14','1','1';
2019-04-08 17:09:59 EXEC SPC_DISCUSS_LST2 '14','1','','14';
2019-04-08 17:10:04 EXEC SPC_COM_DATA '14','1','1';
2019-04-08 17:10:04 EXEC SPC_DISCUSS_ACT2 '14','14','::1';
2019-04-08 17:10:18 EXEC SPC_COM_DATA '4','1','1';
2019-04-08 17:10:18 EXEC SPC_DISCUSS_LST1 '14','4';
2019-04-08 17:10:19 EXEC SPC_COM_DATA '4','1','1';
2019-04-08 17:10:19 EXEC SPC_DISCUSS_LST2 '14','1','','4';
2019-04-08 17:10:25 EXEC SPC_COM_DATA '4','1','1';
2019-04-08 17:10:25 EXEC SPC_DISCUSS_ACT2 '14','4','::1';
2019-04-08 17:12:30 EXEC SPC_COM_DATA '14','1','1';
2019-04-08 17:12:30 EXEC SPC_DISCUSS_LST1 '14','14';
2019-04-08 17:12:30 EXEC SPC_COM_DATA '14','1','1';
2019-04-08 17:12:30 EXEC SPC_DISCUSS_LST2 '14','1','','14';
2019-04-08 17:12:36 EXEC SPC_COM_DATA '14','1','1';
2019-04-08 17:12:36 EXEC SPC_DISCUSS_ACT2 '14','14','::1';
2019-04-08 17:16:15 EXEC SPC_COM_DATA '14','1','1';
2019-04-08 17:16:15 EXEC SPC_DISCUSS_LST1 '14','14';
2019-04-08 17:16:16 EXEC SPC_COM_DATA '14','1','1';
2019-04-08 17:16:16 EXEC SPC_DISCUSS_LST2 '14','1','','14';
2019-04-08 17:16:22 EXEC SPC_COM_DATA '14','1','1';
2019-04-08 17:16:22 EXEC SPC_DISCUSS_ACT2 '14','14','::1';
2019-04-08 17:19:19 EXEC SPC_COM_DATA '14','1','1';
2019-04-08 17:19:19 EXEC SPC_DISCUSS_LST1 '14','14';
2019-04-08 17:19:20 EXEC SPC_COM_DATA '14','1','1';
2019-04-08 17:19:20 EXEC SPC_DISCUSS_LST2 '14','1','','14';
2019-04-08 17:19:25 EXEC SPC_COM_DATA '14','1','1';
2019-04-08 17:19:25 EXEC SPC_DISCUSS_ACT2 '14','14','::1';
2019-04-08 17:24:04 EXEC SPC_COM_DATA '4','1','1';
2019-04-08 17:24:05 EXEC SPC_VOCABULARY_LST1 '','4','3','5';
2019-04-08 17:24:06 EXEC SPC_COM_DATA '4','1','1';
2019-04-08 17:24:06 EXEC SPC_VOCABULARY_LST2 '1','1','4';
2019-04-08 17:24:08 EXEC SPC_COM_DATA '4','1','1';
2019-04-08 17:24:08 EXEC SPC_GRAMMAR_LST1 '','4','1','1';
2019-04-08 17:24:09 EXEC SPC_COM_DATA '4','1','1';
2019-04-08 17:24:09 EXEC SPC_GRAMMAR_LST2 '4','6','4';
2019-04-08 17:24:10 EXEC SPC_COM_DATA '4','1','1';
2019-04-08 17:24:10 EXEC SPC_VOCABULARY_LST1 '','4','4','6';
2019-04-08 17:24:10 EXEC SPC_COM_DATA '4','1','1';
2019-04-08 17:24:10 EXEC SPC_VOCABULARY_LST2 '1','1','4';
2019-04-08 17:24:29 EXEC SPC_COM_DATA '14','1','1';
2019-04-08 17:24:29 EXEC SPC_COM_ADD_COMMENT '1','8','14','thank ae bà con','','14','::1','1';
2019-04-08 17:24:35 EXEC SPC_COM_DATA '4','1','1';
2019-04-08 17:24:35 EXEC SPC_DISCUSS_LST1 '','4';
2019-04-08 17:24:36 EXEC SPC_COM_DATA '4','1','1';
2019-04-08 17:24:36 EXEC SPC_DISCUSS_LST2 '','1','','4';
2019-04-08 17:24:41 EXEC SPC_COM_DATA '4','1','1';
2019-04-08 17:24:41 EXEC SPC_DISCUSS_ACT2 '14','4','::1';
2019-04-08 17:24:47 EXEC SPC_COM_DATA '4','1','1';
2019-04-08 17:24:47 EXEC SPC_COM_ADD_COMMENT '1','8','14','ko cần khách sáo babe','4','4','::1','1';
2019-04-08 17:24:58 EXEC SPC_COM_DATA '14','1','1';
2019-04-08 17:24:58 EXEC SPC_DISCUSS_LST1 '','14';
2019-04-08 17:24:59 EXEC SPC_COM_DATA '14','1','1';
2019-04-08 17:24:59 EXEC SPC_DISCUSS_LST2 '','1','','14';
2019-04-08 17:25:04 EXEC SPC_COM_DATA '14','1','1';
2019-04-08 17:25:04 EXEC SPC_DISCUSS_ACT2 '14','14','::1';
2019-04-08 17:25:14 EXEC SPC_COM_DATA '14','1','1';
2019-04-08 17:25:14 EXEC SPC_DISCUSS_LST1 '','14';
2019-04-08 17:25:15 EXEC SPC_COM_DATA '14','1','1';
2019-04-08 17:25:15 EXEC SPC_DISCUSS_LST2 '','1','','14';
2019-04-08 17:25:20 EXEC SPC_COM_DATA '14','1','1';
2019-04-08 17:25:20 EXEC SPC_DISCUSS_ACT2 '14','14','::1';
2019-04-08 17:42:45 EXEC SPC_COM_DATA '4','1','1';
2019-04-08 17:42:45 EXEC SPC_COM_MENU '1';
2019-04-08 17:42:48 EXEC SPC_COM_DATA '4','1','1';
2019-04-08 17:42:48 EXEC SPC_COM_DATA '4','1','1';
2019-04-08 17:42:48 EXEC SPC_TRANSLATION_LST1 '','4';
2019-04-08 17:42:54 EXEC SPC_COM_DATA '4','1','1';
2019-04-08 17:43:03 EXEC SPC_COM_DATA '4','1','1';
2019-04-08 17:43:06 EXEC SPC_COM_DATA '4','1','1';
