2019-02-13 02:56:11 EXEC SPC_COM_DATA '','','';
2019-02-13 02:56:23 EXEC SPC_COM_DATA '','','';
2019-02-13 02:56:23 EXEC SPC_VOCABULARY_LST1 '','','','';
2019-02-13 02:56:24 EXEC SPC_COM_DATA '','','';
2019-02-13 02:56:24 EXEC SPC_VOCABULARY_LST2 '2','1','';
2019-02-13 02:56:26 EXEC SPC_COM_DATA '','','';
2019-02-13 02:56:26 EXEC SPC_GRAMMAR_LST1 '','','2','1';
2019-02-13 02:56:27 EXEC SPC_COM_DATA '','','';
2019-02-13 02:56:27 EXEC SPC_GRAMMAR_LST2 '6','7','';
2019-02-13 02:56:29 EXEC SPC_COM_DATA '','','';
2019-02-13 02:56:29 EXEC SPC_LISTENING_LST1 '','','6','7';
2019-02-13 02:56:30 EXEC SPC_COM_DATA '','','';
2019-02-13 02:56:30 EXEC SPC_LISTENING_LST2 '8','8','';
2019-02-13 02:56:32 EXEC SPC_COM_DATA '','','';
2019-02-13 02:56:32 EXEC SPC_WRITING_LST1 '','','8','8';
2019-02-13 02:56:33 EXEC SPC_COM_DATA '','','';
2019-02-13 02:56:33 EXEC SPC_COMMON_GET_SUGGEST
2019-02-13 02:56:33 EXEC SPC_COM_DATA '','','';
2019-02-13 02:56:33 EXEC SPC_WRITING_LST2 '9','10','';
2019-02-13 02:56:35 EXEC SPC_COM_DATA '','','';
2019-02-13 02:56:35 EXEC SPC_READING_LST1 '','','9','10';
2019-02-13 02:56:35 EXEC SPC_COM_DATA '','','';
2019-02-13 02:56:35 EXEC SPC_READING_LST2 '12','14','';
2019-02-13 02:56:37 EXEC SPC_COM_DATA '','','';
2019-02-13 02:56:37 EXEC SPC_SOCIAL_LST1 '','';
2019-02-13 02:56:37 EXEC SPC_COM_DATA '','','';
2019-02-13 02:56:37 EXEC SPC_SOCIAL_LST2 '','1','','';
2019-02-13 02:56:39 EXEC SPC_COM_DATA '','','';
2019-02-13 02:56:39 EXEC SPC_DISCUSS_LST1 '','';
2019-02-13 02:56:40 EXEC SPC_COM_DATA '','','';
2019-02-13 02:56:40 EXEC SPC_DISCUSS_LST2 '','1','','';
2019-02-13 02:56:42 EXEC SPC_COM_DATA '','','';
2019-02-13 02:56:42 EXEC SPC_DICTIONARY_LST1 '','';
2019-02-13 02:56:44 EXEC SPC_COM_DATA '','','';
2019-02-13 02:56:44 EXEC SPC_RELAX_LST1 '','';
2019-02-13 02:56:45 EXEC SPC_COM_DATA '','','';
2019-02-13 02:56:45 EXEC SPC_RELAX_LST2 '','1','1','1','0','','';
2019-02-13 02:56:49 EXEC SPC_COM_DATA '','','';
2019-02-13 02:56:49 EXEC SPC_COM_DATA '','','';
2019-02-13 02:56:49 EXEC SPC_TRANSLATION_LST1 '','';
2019-02-13 02:56:51 EXEC SPC_COM_DATA '','','';
2019-02-13 02:56:55 EXEC SPC_COM_DATA '','','';
2019-02-13 02:56:55 EXEC SPC_RELAX_LST1 '','';
2019-02-13 02:56:56 EXEC SPC_COM_DATA '','','';
2019-02-13 02:56:56 EXEC SPC_RELAX_LST2 '','1','1','1','0','','';
2019-02-13 02:56:56 EXEC SPC_COM_DATA '','','';
2019-02-13 02:56:56 EXEC SPC_DICTIONARY_LST1 '','';
2019-02-13 02:56:58 EXEC SPC_COM_DATA '','','';
2019-02-13 02:56:58 EXEC SPC_DISCUSS_LST1 '','';
2019-02-13 02:56:58 EXEC SPC_COM_DATA '','','';
2019-02-13 02:56:58 EXEC SPC_DISCUSS_LST2 '','1','','';
2019-02-13 02:57:00 EXEC SPC_COM_DATA '','','';
2019-02-13 02:57:00 EXEC SPC_COM_DATA '','','';
2019-02-13 02:57:00 EXEC SPC_TRANSLATION_LST1 '','';
2019-02-13 04:03:50 EXEC SPC_COM_DATA '','','';
2019-02-13 04:03:50 EXEC SPC_RELAX_LST1 '','';
2019-02-13 04:03:51 EXEC SPC_COM_DATA '','','';
2019-02-13 04:03:51 EXEC SPC_RELAX_LST2 '','1','1','1','0','','';
2019-02-13 04:03:52 EXEC SPC_COM_DATA '','','';
2019-02-13 04:03:52 EXEC SPC_DISCUSS_LST1 '','';
2019-02-13 04:03:52 EXEC SPC_COM_DATA '','','';
2019-02-13 04:03:52 EXEC SPC_DISCUSS_LST2 '','1','','';
2019-02-13 04:03:54 EXEC SPC_COM_DATA '','','';
2019-02-13 04:03:54 EXEC SPC_READING_LST1 '','','12','14';
2019-02-13 04:03:55 EXEC SPC_COM_DATA '','','';
2019-02-13 04:03:55 EXEC SPC_READING_LST2 '12','14','';
2019-02-13 04:03:58 EXEC SPC_COM_DATA '','','';
2019-02-13 04:03:58 EXEC SPC_READING_LST1 '','','12','14';
2019-02-13 04:04:00 EXEC SPC_COM_DATA '','','';
2019-02-13 04:04:00 EXEC SPC_READING_LST2 '12','14','';
2019-02-13 04:04:02 EXEC SPC_COM_DATA '','','';
2019-02-13 04:04:02 EXEC SPC_SOCIAL_LST1 '','';
2019-02-13 04:04:02 EXEC SPC_COM_DATA '','','';
2019-02-13 04:04:02 EXEC SPC_SOCIAL_LST2 '','1','','';
2019-02-13 04:04:06 EXEC SPC_COM_DATA '','','';
2019-02-13 04:04:06 EXEC SPC_SOCIAL_LST1 '','';
2019-02-13 04:04:06 EXEC SPC_COM_DATA '','','';
2019-02-13 04:04:06 EXEC SPC_SOCIAL_LST2 '','1','','';
2019-02-13 04:04:10 EXEC SPC_COM_DATA '','','';
2019-02-13 04:04:10 EXEC SPC_WRITING_LST1 '','','12','14';
2019-02-13 04:04:11 EXEC SPC_COM_DATA '','','';
2019-02-13 04:04:11 EXEC SPC_COMMON_GET_SUGGEST
2019-02-13 04:04:11 EXEC SPC_COM_DATA '','','';
2019-02-13 04:04:11 EXEC SPC_WRITING_LST2 '9','10','';
2019-02-13 04:04:13 EXEC SPC_COM_DATA '','','';
2019-02-13 04:04:13 EXEC SPC_WRITING_LST1 '','','9','10';
2019-02-13 04:04:14 EXEC SPC_COM_DATA '','','';
2019-02-13 04:04:14 EXEC SPC_COMMON_GET_SUGGEST
2019-02-13 04:04:16 EXEC SPC_COM_DATA '','','';
2019-02-13 04:04:16 EXEC SPC_WRITING_LST2 '9','10','';
2019-02-13 04:04:30 EXEC SPC_COM_DATA '','','';
2019-02-13 04:04:30 EXEC SPC_WRITING_LST1 '','','9','10';
2019-02-13 04:04:30 EXEC SPC_COM_DATA '','','';
2019-02-13 04:04:30 EXEC SPC_COMMON_GET_SUGGEST
2019-02-13 04:04:32 EXEC SPC_COM_DATA '','','';
2019-02-13 04:04:32 EXEC SPC_WRITING_LST2 '9','10','';
2019-02-13 04:04:34 EXEC SPC_COM_DATA '','','';
2019-02-13 04:04:34 EXEC SPC_READING_LST1 '','','9','10';
2019-02-13 04:04:35 EXEC SPC_COM_DATA '','','';
2019-02-13 04:04:35 EXEC SPC_READING_LST2 '12','14','';
2019-02-13 04:04:39 EXEC SPC_COM_DATA '','','';
2019-02-13 04:04:39 EXEC SPC_WRITING_LST1 '','','12','14';
2019-02-13 04:04:39 EXEC SPC_COM_DATA '','','';
2019-02-13 04:04:39 EXEC SPC_COMMON_GET_SUGGEST
2019-02-13 04:04:39 EXEC SPC_COM_DATA '','','';
2019-02-13 04:04:39 EXEC SPC_WRITING_LST2 '9','10','';
2019-02-13 04:04:44 EXEC SPC_COM_DATA '','','';
2019-02-13 04:04:44 EXEC SPC_WRITING_LST1 '9','','9','10';
2019-02-13 04:04:45 EXEC SPC_COM_DATA '','','';
2019-02-13 04:04:45 EXEC SPC_COMMON_GET_SUGGEST
2019-02-13 04:04:46 EXEC SPC_COM_DATA '','','';
2019-02-13 04:04:46 EXEC SPC_WRITING_LST2 '9','10','';
2019-02-13 04:04:51 EXEC SPC_COM_DATA '','','';
2019-02-13 04:04:51 EXEC SPC_READING_LST1 '','','9','10';
2019-02-13 04:04:52 EXEC SPC_COM_DATA '','','';
2019-02-13 04:04:52 EXEC SPC_READING_LST2 '12','14','';
2019-02-13 04:04:55 EXEC SPC_COM_DATA '','','';
2019-02-13 04:04:55 EXEC SPC_READING_LST1 '','','12','14';
2019-02-13 04:04:57 EXEC SPC_COM_DATA '','','';
2019-02-13 04:04:57 EXEC SPC_READING_LST2 '12','14','';
2019-02-13 04:05:45 EXEC SPC_COM_DATA '','','';
2019-02-13 04:05:45 EXEC SPC_SOCIAL_LST1 '','';
2019-02-13 04:05:46 EXEC SPC_COM_DATA '','','';
2019-02-13 04:05:46 EXEC SPC_SOCIAL_LST2 '','1','','';
2019-02-13 04:06:05 EXEC SPC_COM_DATA '','','';
2019-02-13 04:06:05 EXEC SPC_DISCUSS_LST1 '','';
2019-02-13 04:06:06 EXEC SPC_COM_DATA '','','';
2019-02-13 04:06:06 EXEC SPC_DISCUSS_LST2 '','1','','';
2019-02-13 04:06:08 EXEC SPC_COM_DATA '','','';
2019-02-13 04:06:08 EXEC SPC_DICTIONARY_LST1 '','';
2019-02-13 04:06:09 EXEC SPC_COM_DATA '','','';
2019-02-13 04:06:09 EXEC SPC_DISCUSS_LST1 '','';
2019-02-13 04:06:10 EXEC SPC_COM_DATA '','','';
2019-02-13 04:06:10 EXEC SPC_DISCUSS_LST2 '','1','','';
2019-02-13 04:06:12 EXEC SPC_COM_DATA '','','';
2019-02-13 04:06:12 EXEC SPC_DISCUSS_LST1 '','';
2019-02-13 04:06:31 EXEC SPC_COM_DATA '','','';
2019-02-13 04:06:31 EXEC SPC_DISCUSS_LST2 '','1','','';
2019-02-13 04:06:48 EXEC SPC_COM_DATA '','','';
2019-02-13 04:06:48 EXEC SPC_DISCUSS_ACT2 '2047','','127.0.0.1';
2019-02-13 04:07:34 EXEC SPC_COM_DATA '','','';
2019-02-13 04:07:34 EXEC SPC_DISCUSS_LST1 '','';
2019-02-13 04:07:35 EXEC SPC_COM_DATA '','','';
2019-02-13 04:07:35 EXEC SPC_DISCUSS_LST2 '','1','','';
2019-02-13 04:07:51 EXEC SPC_COM_DATA '','','';
2019-02-13 04:07:51 EXEC SPC_DISCUSS_ACT2 '2047','','127.0.0.1';
2019-02-13 04:08:42 EXEC SPC_COM_DATA '','','';
2019-02-13 04:08:42 EXEC SPC_READING_LST1 '','','12','14';
2019-02-13 04:08:43 EXEC SPC_COM_DATA '','','';
2019-02-13 04:08:43 EXEC SPC_READING_LST2 '12','14','';
2019-02-13 04:08:45 EXEC SPC_COM_DATA '','','';
2019-02-13 04:08:45 EXEC SPC_SOCIAL_LST1 '','';
2019-02-13 04:08:45 EXEC SPC_COM_DATA '','','';
2019-02-13 04:08:45 EXEC SPC_SOCIAL_LST2 '','1','','';
2019-02-13 04:08:55 EXEC SPC_COM_DATA '','','';
2019-02-13 04:08:55 EXEC SPC_SOCIAL_LST1 '','';
2019-02-13 04:08:56 EXEC SPC_COM_DATA '','','';
2019-02-13 04:08:56 EXEC SPC_SOCIAL_LST2 '','1','','';
2019-02-13 04:09:39 EXEC SPC_COM_DATA '','','';
2019-02-13 04:09:39 EXEC SPC_SOCIAL_ACT2 '15','','127.0.0.1';
2019-02-13 04:10:22 EXEC SPC_COM_DATA '','','';
2019-02-13 04:10:22 EXEC SPC_SOCIAL_LST1 '15','';
2019-02-13 04:10:23 EXEC SPC_COM_DATA '','','';
2019-02-13 04:10:23 EXEC SPC_SOCIAL_LST2 '15','1','','';
2019-02-13 04:10:25 EXEC SPC_COM_DATA '','','';
2019-02-13 04:10:25 EXEC SPC_SOCIAL_LST1 '','';
2019-02-13 04:10:26 EXEC SPC_COM_DATA '','','';
2019-02-13 04:10:26 EXEC SPC_SOCIAL_LST2 '','1','','';
2019-02-13 04:11:08 EXEC SPC_COM_DATA '','','';
2019-02-13 04:11:08 EXEC SPC_SOCIAL_ACT2 '15','','127.0.0.1';
2019-02-13 04:11:13 EXEC SPC_COM_DATA '','','';
2019-02-13 04:11:13 EXEC SPC_SOCIAL_LST1 '','';
2019-02-13 04:11:56 EXEC SPC_COM_DATA '','','';
2019-02-13 04:11:56 EXEC SPC_SOCIAL_LST1 '','';
2019-02-13 04:11:57 EXEC SPC_COM_DATA '','','';
2019-02-13 04:11:57 EXEC SPC_SOCIAL_LST2 '','1','','';
2019-02-13 04:11:59 EXEC SPC_COM_DATA '','','';
2019-02-13 04:11:59 EXEC SPC_SOCIAL_LST1 '','';
2019-02-13 04:12:01 EXEC SPC_COM_DATA '','','';
2019-02-13 04:12:01 EXEC SPC_SOCIAL_LST2 '','1','','';
2019-02-13 04:12:44 EXEC SPC_COM_DATA '','','';
2019-02-13 04:12:44 EXEC SPC_SOCIAL_ACT2 '15','','127.0.0.1';
2019-02-13 04:37:46 EXEC SPC_COM_DATA '','','';
2019-02-13 04:37:46 EXEC SPC_SOCIAL_LST1 '','';
2019-02-13 04:37:47 EXEC SPC_COM_DATA '','','';
2019-02-13 04:37:47 EXEC SPC_SOCIAL_LST2 '','1','','';
2019-02-13 04:38:06 EXEC SPC_COMMON_ACCOUNT '1','2';
2019-02-13 04:38:06 EXEC SPC_COM_PERMISSION '1','2','g001';
2019-02-13 04:38:06 EXEC SPC_COM_MENU '1';
2019-02-13 04:38:11 EXEC SPC_COM_PERMISSION '1','2','w001';
2019-02-13 04:38:11 EXEC SPC_COM_MENU '1';
2019-02-13 04:38:11 EXEC SPC_COM_M999_INQ1 '7';
2019-02-13 04:38:28 EXEC SPC_COM_MENU '1';
2019-02-13 04:38:28 EXEC SPC_COMMON_CATALORUE '7';
2019-02-13 04:38:30 EXEC SPC_COM_DATA '','','';
2019-02-13 04:38:30 EXEC SPC_SOCIAL_ACT2 '15','','127.0.0.1';
2019-02-13 04:38:30 EXEC SPC_COM_MENU '1';
2019-02-13 04:38:30 EXEC SPC_w001_LST1 '7','','','','10','1';
2019-02-13 04:39:40 EXEC SPC_COM_MENU '1';
2019-02-13 04:39:40 EXEC SPC_COMMON_CATALORUE '4';
2019-02-13 04:39:42 EXEC SPC_COM_MENU '1';
2019-02-13 04:39:42 EXEC SPC_w001_LST1 '4','','','','10','1';
2019-02-13 04:39:45 EXEC SPC_COM_MENU '1';
2019-02-13 04:39:45 EXEC SPC_w001_LST1 '4','','','','10','2';
2019-02-13 04:39:48 EXEC SPC_COM_MENU '1';
2019-02-13 04:39:48 EXEC SPC_w001_LST1 '4','','','','10','1';
2019-02-13 04:40:20 EXEC SPC_COM_MENU '1';
2019-02-13 04:40:20 EXEC SPC_COMMON_CATALORUE '7';
2019-02-13 04:40:23 EXEC SPC_COM_MENU '1';
2019-02-13 04:40:23 EXEC SPC_COMMON_CATALORUE '6';
2019-02-13 04:40:26 EXEC SPC_COM_MENU '1';
2019-02-13 04:40:26 EXEC SPC_COMMON_CATALORUE '4';
2019-02-13 04:40:29 EXEC SPC_COM_MENU '1';
2019-02-13 04:40:29 EXEC SPC_w001_LST1 '4','','','','10','2';
2019-02-13 04:40:30 EXEC SPC_COM_MENU '1';
2019-02-13 04:40:30 EXEC SPC_w001_LST1 '4','','','','10','1';
2019-02-13 04:40:33 EXEC SPC_COM_MENU '1';
2019-02-13 04:40:33 EXEC SPC_w001_LST1 '4','','','','10','2';
2019-02-13 04:40:35 EXEC SPC_COM_MENU '1';
2019-02-13 04:40:35 EXEC SPC_w001_LST1 '4','','','','10','1';
2019-02-13 04:41:28 EXEC SPC_COMMON_ACCOUNT '2','1';
2019-02-13 04:41:28 EXEC SPC_COM_DATA 'khoai','2','1';
2019-02-13 04:41:28 EXEC SPC_SOCIAL_LST1 '15','khoai';
2019-02-13 04:41:29 EXEC SPC_COM_DATA 'khoai','2','1';
2019-02-13 04:41:29 EXEC SPC_SOCIAL_LST2 '15','1','','khoai';
2019-02-13 04:41:39 EXEC SPC_COM_DATA 'khoai','2','1';
2019-02-13 04:41:39 EXEC SPC_SOCIAL_LST2 '','1','','khoai';
2019-02-13 04:42:03 EXEC SPC_COM_DATA 'khoai','2','1';
2019-02-13 04:42:03 EXEC SPC_SOCIAL_ACT2 '16','khoai','127.0.0.1';
2019-02-13 04:44:35 EXEC SPC_COM_DATA 'khoai','2','1';
2019-02-13 04:44:35 EXEC SPC_COM_REMEMBER '6','3','6','1047','khoai','127.0.0.1';
2019-02-13 04:44:48 EXEC SPC_COM_MENU '1';
2019-02-13 04:44:48 EXEC SPC_w001_LST1 '4','','','','10','2';
2019-02-13 04:44:56 EXEC SPC_COM_MENU '1';
2019-02-13 04:44:56 EXEC SPC_COM_M999_INQ1 '8';
2019-02-13 04:44:57 EXEC SPC_COM_MENU '1';
2019-02-13 04:44:57 EXEC SPC_p004_LST1 '1047';
2019-02-13 04:45:00 EXEC SPC_COM_MENU '1';
2019-02-13 04:45:00 EXEC SPC_w002_ACT2 '1047','ndq809','127.0.0.1';
2019-02-13 04:45:01 EXEC SPC_COM_MENU '1';
2019-02-13 04:45:01 EXEC SPC_w001_LST1 '4','','','','10','1';
2019-02-13 04:45:13 EXEC SPC_COM_DATA 'khoai','2','1';
2019-02-13 04:45:13 EXEC SPC_SOCIAL_LST1 '4','khoai';
2019-02-13 04:45:14 EXEC SPC_COM_DATA 'khoai','2','1';
2019-02-13 04:45:14 EXEC SPC_SOCIAL_LST2 '4','1','','khoai';
2019-02-13 04:45:25 EXEC SPC_COM_DATA 'khoai','2','1';
2019-02-13 04:45:25 EXEC SPC_SOCIAL_ACT2 '1047','khoai','127.0.0.1';
2019-02-13 04:47:05 EXEC SPC_COM_DATA 'khoai','2','1';
2019-02-13 04:47:05 EXEC SPC_SOCIAL_ACT2 '4','khoai','127.0.0.1';
2019-02-13 04:51:38 EXEC SPC_COM_DATA 'khoai','2','1';
2019-02-13 04:51:38 EXEC SPC_COM_FORGET '4','1047','3','khoai';
2019-02-13 04:51:47 EXEC SPC_COM_DATA 'khoai','2','1';
2019-02-13 04:51:47 EXEC SPC_SOCIAL_ACT2 '21','khoai','127.0.0.1';
2019-02-13 05:00:30 EXEC SPC_COM_DATA 'khoai','2','1';
2019-02-13 05:00:30 EXEC SPC_DISCUSS_LST1 '','khoai';
2019-02-13 05:00:31 EXEC SPC_COM_DATA 'khoai','2','1';
2019-02-13 05:00:31 EXEC SPC_DISCUSS_LST2 '','1','','khoai';
2019-02-13 05:00:31 EXEC SPC_COM_DATA 'khoai','2','1';
2019-02-13 05:00:31 EXEC SPC_RELAX_LST1 '','khoai';
2019-02-13 05:00:32 EXEC SPC_COM_DATA 'khoai','2','1';
2019-02-13 05:00:32 EXEC SPC_RELAX_LST2 '','1','1','1','0','','khoai';
2019-02-13 05:00:35 EXEC SPC_COM_DATA 'khoai','2','1';
2019-02-13 05:00:35 EXEC SPC_RELAX_LST1 '','khoai';
2019-02-13 05:01:17 EXEC SPC_COM_DATA 'khoai','2','1';
2019-02-13 05:01:17 EXEC SPC_WRITING_LST1 '','khoai','12','14';
2019-02-13 05:01:18 EXEC SPC_COM_DATA 'khoai','2','1';
2019-02-13 05:01:18 EXEC SPC_COMMON_GET_SUGGEST
2019-02-13 05:01:18 EXEC SPC_COM_DATA 'khoai','2','1';
2019-02-13 05:01:18 EXEC SPC_WRITING_LST2 '9','10','khoai';
2019-02-13 05:01:21 EXEC SPC_COM_DATA 'khoai','2','1';
2019-02-13 05:01:21 EXEC SPC_WRITING_LST1 '','khoai','9','10';
2019-02-13 05:01:22 EXEC SPC_COM_DATA 'khoai','2','1';
2019-02-13 05:01:22 EXEC SPC_COMMON_GET_SUGGEST
2019-02-13 05:01:25 EXEC SPC_COM_DATA 'khoai','2','1';
2019-02-13 05:01:25 EXEC SPC_READING_LST1 '','khoai','9','10';
2019-02-13 05:01:26 EXEC SPC_COM_DATA 'khoai','2','1';
2019-02-13 05:01:26 EXEC SPC_READING_LST2 '12','14','khoai';
2019-02-13 05:01:29 EXEC SPC_COM_DATA 'khoai','2','1';
2019-02-13 05:01:29 EXEC SPC_READING_LST1 '','khoai','12','14';
2019-02-13 05:01:33 EXEC SPC_COM_DATA 'khoai','2','1';
2019-02-13 05:01:33 EXEC SPC_WRITING_LST1 '','khoai','12','14';
2019-02-13 05:01:34 EXEC SPC_COM_DATA 'khoai','2','1';
2019-02-13 05:01:34 EXEC SPC_COMMON_GET_SUGGEST
2019-02-13 05:01:34 EXEC SPC_COM_DATA 'khoai','2','1';
2019-02-13 05:01:34 EXEC SPC_WRITING_LST2 '9','10','khoai';
2019-02-13 05:01:37 EXEC SPC_COM_DATA 'khoai','2','1';
2019-02-13 05:01:37 EXEC SPC_WRITING_LST1 '','khoai','9','10';
2019-02-13 05:01:37 EXEC SPC_COM_DATA 'khoai','2','1';
2019-02-13 05:01:37 EXEC SPC_COMMON_GET_SUGGEST
2019-02-13 05:02:17 EXEC SPC_COM_DATA 'khoai','2','1';
2019-02-13 05:02:17 EXEC SPC_READING_LST1 '','khoai','9','10';
2019-02-13 05:02:17 EXEC SPC_COM_DATA 'khoai','2','1';
2019-02-13 05:02:17 EXEC SPC_READING_LST2 '12','14','khoai';
2019-02-13 05:02:21 EXEC SPC_COM_DATA 'khoai','2','1';
2019-02-13 05:02:21 EXEC SPC_READING_LST1 '','khoai','12','14';
2019-02-13 05:03:09 EXEC SPC_COM_DATA 'khoai','2','1';
2019-02-13 05:03:09 EXEC SPC_DICTIONARY_LST1 '','khoai';
2019-02-13 05:03:10 EXEC SPC_COM_DATA 'khoai','2','1';
2019-02-13 05:03:10 EXEC SPC_RELAX_LST1 '','khoai';
2019-02-13 05:03:11 EXEC SPC_COM_DATA 'khoai','2','1';
2019-02-13 05:03:11 EXEC SPC_RELAX_LST2 '','1','1','1','0','','khoai';
2019-02-13 05:03:13 EXEC SPC_COM_DATA 'khoai','2','1';
2019-02-13 05:03:13 EXEC SPC_RELAX_LST1 '','khoai';
2019-02-13 05:09:57 EXEC SPC_COM_DATA 'khoai','2','1';
2019-02-13 05:09:57 EXEC SPC_RELAX_LST1 '','khoai';
2019-02-13 05:10:00 EXEC SPC_COM_DATA 'khoai','2','1';
2019-02-13 05:10:00 EXEC SPC_RELAX_LST1 '','khoai';
2019-02-13 05:10:00 EXEC SPC_COM_DATA 'khoai','2','1';
2019-02-13 05:10:00 EXEC SPC_RELAX_LST2 '','1','1','1','0','','khoai';
2019-02-13 05:10:17 EXEC SPC_COM_DATA 'khoai','2','1';
2019-02-13 05:10:17 EXEC SPC_RELAX_LST1 '','khoai';
2019-02-13 05:10:18 EXEC SPC_COM_DATA 'khoai','2','1';
2019-02-13 05:10:18 EXEC SPC_RELAX_LST2 '','1','1','1','0','','khoai';
2019-02-13 05:10:24 EXEC SPC_COM_DATA 'khoai','2','1';
2019-02-13 05:10:24 EXEC SPC_RELAX_ACT2 '45','khoai','127.0.0.1';
2019-02-13 05:11:29 EXEC SPC_COM_DATA 'khoai','2','1';
2019-02-13 05:11:29 EXEC SPC_RELAX_LST1 '45','khoai';
2019-02-13 05:11:30 EXEC SPC_COM_DATA 'khoai','2','1';
2019-02-13 05:11:30 EXEC SPC_RELAX_LST2 '45','1','1','1','0','','khoai';
2019-02-13 05:11:48 EXEC SPC_COM_DATA 'khoai','2','1';
2019-02-13 05:11:48 EXEC SPC_RELAX_ACT1 '46','3.5','khoai','127.0.0.1';
2019-02-13 05:11:49 EXEC SPC_COM_DATA 'khoai','2','1';
2019-02-13 05:11:49 EXEC SPC_RELAX_ACT2 '46','khoai','127.0.0.1';
2019-02-13 05:11:57 EXEC SPC_COM_DATA 'khoai','2','1';
2019-02-13 05:11:57 EXEC SPC_RELAX_LST1 '26','khoai';
2019-02-13 05:11:57 EXEC SPC_COM_DATA 'khoai','2','1';
2019-02-13 05:11:57 EXEC SPC_RELAX_LST2 '26','1','1','1','0','','khoai';
2019-02-13 05:12:03 EXEC SPC_COM_DATA 'khoai','2','1';
2019-02-13 05:12:03 EXEC SPC_RELAX_ACT2 '26','khoai','127.0.0.1';
2019-02-13 05:12:15 EXEC SPC_COM_DATA 'khoai','2','1';
2019-02-13 05:12:15 EXEC SPC_RELAX_ACT2 '46','khoai','127.0.0.1';
2019-02-13 05:12:34 EXEC SPC_COM_MENU '1';
2019-02-13 05:12:34 EXEC SPC_COMMON_CATALORUE '7';
2019-02-13 05:12:35 EXEC SPC_COM_MENU '1';
2019-02-13 05:12:35 EXEC SPC_w001_LST1 '7','','','','10','1';
2019-02-13 05:12:37 EXEC SPC_COM_MENU '1';
2019-02-13 05:12:37 EXEC SPC_COM_M999_INQ1 '8';
2019-02-13 05:12:37 EXEC SPC_COM_MENU '1';
2019-02-13 05:12:37 EXEC SPC_p004_LST1 '45';
2019-02-13 05:12:40 EXEC SPC_COM_MENU '1';
2019-02-13 05:12:40 EXEC SPC_w002_ACT2 '45','ndq809','127.0.0.1';
2019-02-13 05:12:41 EXEC SPC_COM_MENU '1';
2019-02-13 05:12:41 EXEC SPC_w001_LST1 '7','','','','10','1';
2019-02-13 05:12:50 EXEC SPC_COM_DATA 'khoai','2','1';
2019-02-13 05:12:50 EXEC SPC_RELAX_ACT2 '45','khoai','127.0.0.1';
2019-02-13 05:12:55 EXEC SPC_COM_DATA 'khoai','2','1';
2019-02-13 05:12:55 EXEC SPC_RELAX_LST1 '45','khoai';
2019-02-13 05:12:55 EXEC SPC_COM_DATA 'khoai','2','1';
2019-02-13 05:12:55 EXEC SPC_RELAX_LST2 '45','1','1','1','0','','khoai';
2019-02-13 05:13:15 EXEC SPC_COM_DATA 'khoai','2','1';
2019-02-13 05:13:15 EXEC SPC_RELAX_ACT2 '26','khoai','127.0.0.1';
2019-02-13 05:16:16 EXEC SPC_COM_DATA 'khoai','2','1';
2019-02-13 05:16:16 EXEC SPC_DISCUSS_LST1 '','khoai';
2019-02-13 05:16:17 EXEC SPC_COM_DATA 'khoai','2','1';
2019-02-13 05:16:17 EXEC SPC_DISCUSS_LST2 '','1','','khoai';
2019-02-13 05:16:22 EXEC SPC_COM_DATA 'khoai','2','1';
2019-02-13 05:16:22 EXEC SPC_COM_REMEMBER '8','3','19','1053','khoai','127.0.0.1';
2019-02-13 05:16:32 EXEC SPC_COM_MENU '1';
2019-02-13 05:16:32 EXEC SPC_COMMON_CATALORUE '6';
2019-02-13 05:16:33 EXEC SPC_COM_DATA 'khoai','2','1';
2019-02-13 05:16:33 EXEC SPC_DISCUSS_ACT2 '2047','khoai','127.0.0.1';
2019-02-13 05:16:33 EXEC SPC_COM_MENU '1';
2019-02-13 05:16:33 EXEC SPC_w001_LST1 '6','','','','10','1';
2019-02-13 05:16:37 EXEC SPC_COM_MENU '1';
2019-02-13 05:16:37 EXEC SPC_COM_M999_INQ1 '8';
2019-02-13 05:16:38 EXEC SPC_COM_MENU '1';
2019-02-13 05:16:38 EXEC SPC_p004_LST1 '1053';
2019-02-13 05:16:40 EXEC SPC_COM_MENU '1';
2019-02-13 05:16:40 EXEC SPC_w002_ACT2 '1053','ndq809','127.0.0.1';
2019-02-13 05:16:41 EXEC SPC_COM_MENU '1';
2019-02-13 05:16:41 EXEC SPC_w001_LST1 '6','','','','10','1';
2019-02-13 05:16:47 EXEC SPC_COM_DATA 'khoai','2','1';
2019-02-13 05:16:47 EXEC SPC_DISCUSS_LST1 '','khoai';
2019-02-13 05:16:48 EXEC SPC_COM_DATA 'khoai','2','1';
2019-02-13 05:16:48 EXEC SPC_DISCUSS_LST2 '','1','','khoai';
2019-02-13 05:16:56 EXEC SPC_COM_DATA 'khoai','2','1';
2019-02-13 05:16:56 EXEC SPC_DISCUSS_LST1 '1053','khoai';
2019-02-13 05:16:58 EXEC SPC_COM_DATA 'khoai','2','1';
2019-02-13 05:16:58 EXEC SPC_DISCUSS_LST1 '1053','khoai';
2019-02-13 05:17:00 EXEC SPC_COM_DATA 'khoai','2','1';
2019-02-13 05:17:00 EXEC SPC_DISCUSS_LST1 '1053','khoai';
2019-02-13 05:17:55 EXEC SPC_COM_DATA 'khoai','2','1';
2019-02-13 05:17:55 EXEC SPC_RELAX_LST1 '','khoai';
2019-02-13 05:17:55 EXEC SPC_COM_DATA 'khoai','2','1';
2019-02-13 05:17:55 EXEC SPC_RELAX_LST2 '','1','1','1','0','','khoai';
2019-02-13 05:18:04 EXEC SPC_COM_DATA 'khoai','2','1';
2019-02-13 05:18:04 EXEC SPC_RELAX_ACT2 '41','khoai','127.0.0.1';
2019-02-13 05:18:06 EXEC SPC_COM_MENU '1';
2019-02-13 05:18:06 EXEC SPC_COMMON_CATALORUE '7';
2019-02-13 05:18:07 EXEC SPC_COM_MENU '1';
2019-02-13 05:18:07 EXEC SPC_w001_LST1 '7','','','','10','1';
2019-02-13 05:18:14 EXEC SPC_COM_PERMISSION '1','2','w002';
2019-02-13 05:18:14 EXEC SPC_COM_MENU '1';
2019-02-13 05:18:14 EXEC SPC_W002_FND1
2019-02-13 05:18:14 EXEC SPC_COM_MENU '1';
2019-02-13 05:18:14 EXEC SPC_W002_LST1 '41';
2019-02-13 05:18:15 EXEC SPC_COM_MENU '1';
2019-02-13 05:18:15 EXEC SPC_W002_LST2 '7';
2019-02-13 05:18:18 EXEC SPC_COM_MENU '1';
2019-02-13 05:18:18 EXEC SPC_w002_ACT2 '41','ndq809','127.0.0.1';
2019-02-13 05:18:19 EXEC SPC_COM_MENU '1';
2019-02-13 05:18:19 EXEC SPC_W002_LST1 '41';
2019-02-13 05:18:37 EXEC SPC_COM_DATA 'khoai','2','1';
2019-02-13 05:18:37 EXEC SPC_RELAX_LST1 '41','khoai';
2019-02-13 05:18:38 EXEC SPC_COM_DATA 'khoai','2','1';
2019-02-13 05:18:38 EXEC SPC_RELAX_LST2 '41','1','1','1','0','','khoai';
2019-02-13 05:20:13 EXEC SPC_COM_DATA 'khoai','2','1';
2019-02-13 05:20:13 EXEC SPC_RELAX_LST1 '41','khoai';
2019-02-13 05:24:54 EXEC SPC_COM_DATA 'khoai','2','1';
2019-02-13 05:24:54 EXEC SPC_RELAX_LST1 '41','khoai';
2019-02-13 05:27:11 EXEC SPC_COM_DATA 'khoai','2','1';
2019-02-13 05:27:11 EXEC SPC_RELAX_LST1 '41','khoai';
2019-02-13 05:27:38 EXEC SPC_COM_DATA 'khoai','2','1';
2019-02-13 05:27:38 EXEC SPC_READING_LST1 '','khoai','12','14';
2019-02-13 05:27:38 EXEC SPC_COM_DATA 'khoai','2','1';
2019-02-13 05:27:38 EXEC SPC_READING_LST2 '12','14','khoai';
2019-02-13 05:27:44 EXEC SPC_COM_DATA 'khoai','2','1';
2019-02-13 05:27:44 EXEC SPC_READING_LST1 '','khoai','12','14';
2019-02-13 05:28:08 EXEC SPC_COM_DATA 'khoai','2','1';
2019-02-13 05:28:08 EXEC SPC_READING_LST1 '','khoai','12','14';
2019-02-13 05:28:08 EXEC SPC_COM_DATA 'khoai','2','1';
2019-02-13 05:28:08 EXEC SPC_READING_LST2 '12','14','khoai';
2019-02-13 05:28:25 EXEC SPC_COM_DATA 'khoai','2','1';
2019-02-13 05:28:25 EXEC SPC_READING_LST1 '9','khoai','12','14';
2019-02-13 05:28:26 EXEC SPC_COM_DATA 'khoai','2','1';
2019-02-13 05:28:26 EXEC SPC_READING_LST2 '12','14','khoai';
2019-02-13 05:29:05 EXEC SPC_COM_DATA 'khoai','2','1';
2019-02-13 05:29:05 EXEC SPC_VOCABULARY_LST1 '','khoai','12','14';
2019-02-13 05:29:06 EXEC SPC_COM_DATA 'khoai','2','1';
2019-02-13 05:29:06 EXEC SPC_VOCABULARY_LST2 '2','1','khoai';
2019-02-13 05:29:09 EXEC SPC_COM_DATA 'khoai','2','1';
2019-02-13 05:29:09 EXEC SPC_VOCABULARY_LST1 '','khoai','2','1';
2019-02-13 05:30:03 EXEC SPC_COM_DATA 'khoai','2','1';
2019-02-13 05:30:03 EXEC SPC_VOCABULARY_LST1 '','khoai','2','1';
2019-02-13 05:30:32 EXEC SPC_COM_DATA 'khoai','2','1';
2019-02-13 05:30:32 EXEC SPC_VOCABULARY_LST1 '','khoai','2','1';
2019-02-13 05:31:01 EXEC SPC_COM_DATA 'khoai','2','1';
2019-02-13 05:31:01 EXEC SPC_VOCABULARY_LST1 '','khoai','2','1';
2019-02-13 05:33:03 EXEC SPC_COM_DATA 'khoai','2','1';
2019-02-13 05:33:03 EXEC SPC_VOCABULARY_LST1 '','khoai','2','1';
2019-02-13 05:33:04 EXEC SPC_COM_DATA 'khoai','2','1';
2019-02-13 05:33:04 EXEC SPC_VOCABULARY_LST2 '2','1','khoai';
2019-02-13 05:33:06 EXEC SPC_COM_DATA 'khoai','2','1';
2019-02-13 05:33:06 EXEC SPC_VOCABULARY_LST1 '','khoai','2','1';
2019-02-13 05:33:12 EXEC SPC_COM_DATA 'khoai','2','1';
2019-02-13 05:33:12 EXEC SPC_VOCABULARY_LST2 '2','1','khoai';
2019-02-13 07:24:17 EXEC SPC_COM_DATA 'khoai','2','1';
2019-02-13 07:24:17 EXEC SPC_GRAMMAR_LST1 '','khoai','2','1';
2019-02-13 07:24:18 EXEC SPC_COM_DATA 'khoai','2','1';
2019-02-13 07:24:18 EXEC SPC_GRAMMAR_LST2 '6','7','khoai';
2019-02-13 07:24:18 EXEC SPC_COM_DATA 'khoai','2','1';
2019-02-13 07:24:18 EXEC SPC_VOCABULARY_LST1 '','khoai','6','7';
2019-02-13 07:24:19 EXEC SPC_COM_DATA 'khoai','2','1';
2019-02-13 07:24:19 EXEC SPC_VOCABULARY_LST2 '2','1','khoai';
2019-02-13 07:24:25 EXEC SPC_COM_DATA 'khoai','2','1';
2019-02-13 07:24:25 EXEC SPC_VOCABULARY_LST1 '','khoai','2','1';
2019-02-13 07:25:14 EXEC SPC_COM_DATA 'khoai','2','1';
2019-02-13 07:25:14 EXEC SPC_VOCABULARY_LST1 '','khoai','2','1';
2019-02-13 07:25:34 EXEC SPC_COM_DATA 'khoai','2','1';
2019-02-13 07:25:34 EXEC SPC_VOCABULARY_LST1 '','khoai','2','1';
2019-02-13 07:25:59 EXEC SPC_COM_DATA 'khoai','2','1';
2019-02-13 07:25:59 EXEC SPC_VOCABULARY_LST1 '','khoai','2','1';
2019-02-13 07:27:51 EXEC SPC_COM_DATA 'khoai','2','1';
2019-02-13 07:27:51 EXEC SPC_VOCABULARY_LST1 '','khoai','2','1';
2019-02-13 07:28:48 EXEC SPC_COM_DATA 'khoai','2','1';
2019-02-13 07:28:48 EXEC SPC_VOCABULARY_LST1 '','khoai','2','1';
2019-02-13 07:29:17 EXEC SPC_COM_DATA 'khoai','2','1';
2019-02-13 07:29:17 EXEC SPC_VOCABULARY_LST1 '','khoai','2','1';
2019-02-13 07:29:44 EXEC SPC_COM_DATA 'khoai','2','1';
2019-02-13 07:29:44 EXEC SPC_VOCABULARY_LST1 '','khoai','2','1';
2019-02-13 07:30:44 EXEC SPC_COM_DATA 'khoai','2','1';
2019-02-13 07:30:44 EXEC SPC_VOCABULARY_LST1 '','khoai','2','1';
2019-02-13 07:31:00 EXEC SPC_COM_DATA 'khoai','2','1';
2019-02-13 07:31:00 EXEC SPC_VOCABULARY_LST1 '','khoai','2','1';
2019-02-13 07:31:36 EXEC SPC_COM_DATA 'khoai','2','1';
2019-02-13 07:31:36 EXEC SPC_VOCABULARY_LST1 '','khoai','2','1';
2019-02-13 07:32:04 EXEC SPC_COM_DATA 'khoai','2','1';
2019-02-13 07:32:04 EXEC SPC_VOCABULARY_LST1 '','khoai','2','1';
2019-02-13 07:32:16 EXEC SPC_COM_DATA 'khoai','2','1';
2019-02-13 07:32:16 EXEC SPC_VOCABULARY_LST1 '','khoai','2','1';
2019-02-13 07:36:02 EXEC SPC_COM_DATA 'khoai','2','1';
2019-02-13 07:36:02 EXEC SPC_VOCABULARY_LST1 '','khoai','2','1';
2019-02-13 07:36:16 EXEC SPC_COM_DATA 'khoai','2','1';
2019-02-13 07:36:16 EXEC SPC_VOCABULARY_LST1 '','khoai','2','1';
2019-02-13 07:36:41 EXEC SPC_COM_DATA 'khoai','2','1';
2019-02-13 07:36:41 EXEC SPC_VOCABULARY_LST1 '','khoai','2','1';
2019-02-13 07:36:46 EXEC SPC_COM_DATA 'khoai','2','1';
2019-02-13 07:36:46 EXEC SPC_VOCABULARY_LST2 '2','1','khoai';
2019-02-13 07:37:01 EXEC SPC_COM_DATA 'khoai','2','1';
2019-02-13 07:37:01 EXEC SPC_GRAMMAR_LST1 '','khoai','2','1';
2019-02-13 07:37:01 EXEC SPC_COM_DATA 'khoai','2','1';
2019-02-13 07:37:01 EXEC SPC_GRAMMAR_LST2 '6','7','khoai';
2019-02-13 07:37:04 EXEC SPC_COM_DATA 'khoai','2','1';
2019-02-13 07:37:04 EXEC SPC_GRAMMAR_LST1 '','khoai','6','7';
2019-02-13 07:37:10 EXEC SPC_COM_DATA 'khoai','2','1';
2019-02-13 07:37:10 EXEC SPC_LISTENING_LST1 '','khoai','6','7';
2019-02-13 07:37:11 EXEC SPC_COM_DATA 'khoai','2','1';
2019-02-13 07:37:11 EXEC SPC_LISTENING_LST2 '8','8','khoai';
2019-02-13 07:37:13 EXEC SPC_COM_DATA 'khoai','2','1';
2019-02-13 07:37:13 EXEC SPC_LISTENING_LST1 '','khoai','8','8';
2019-02-13 07:37:16 EXEC SPC_COM_DATA 'khoai','2','1';
2019-02-13 07:37:16 EXEC SPC_WRITING_LST1 '','khoai','8','8';
2019-02-13 07:37:17 EXEC SPC_COM_DATA 'khoai','2','1';
2019-02-13 07:37:17 EXEC SPC_COMMON_GET_SUGGEST
2019-02-13 07:37:17 EXEC SPC_COM_DATA 'khoai','2','1';
2019-02-13 07:37:17 EXEC SPC_WRITING_LST2 '9','10','khoai';
2019-02-13 07:37:20 EXEC SPC_COM_DATA 'khoai','2','1';
2019-02-13 07:37:20 EXEC SPC_WRITING_LST1 '','khoai','9','10';
2019-02-13 07:37:21 EXEC SPC_COM_DATA 'khoai','2','1';
2019-02-13 07:37:21 EXEC SPC_COMMON_GET_SUGGEST
2019-02-13 07:37:29 EXEC SPC_COM_DATA 'khoai','2','1';
2019-02-13 07:37:29 EXEC SPC_READING_LST1 '','khoai','9','10';
2019-02-13 07:37:29 EXEC SPC_COM_DATA 'khoai','2','1';
2019-02-13 07:37:29 EXEC SPC_READING_LST2 '12','14','khoai';
2019-02-13 07:37:33 EXEC SPC_COM_DATA 'khoai','2','1';
2019-02-13 07:37:33 EXEC SPC_READING_LST1 '','khoai','12','14';
2019-02-13 07:37:39 EXEC SPC_COM_DATA 'khoai','2','1';
2019-02-13 07:37:39 EXEC SPC_READING_LST2 '12','14','khoai';
2019-02-13 07:38:47 EXEC SPC_COM_DATA 'khoai','2','1';
2019-02-13 07:38:47 EXEC SPC_SOCIAL_LST1 '','khoai';
2019-02-13 07:38:47 EXEC SPC_COM_DATA 'khoai','2','1';
2019-02-13 07:38:47 EXEC SPC_SOCIAL_LST2 '','1','','khoai';
2019-02-13 07:38:51 EXEC SPC_COM_DATA 'khoai','2','1';
2019-02-13 07:38:51 EXEC SPC_SOCIAL_LST1 '','khoai';
2019-02-13 07:38:54 EXEC SPC_COM_DATA 'khoai','2','1';
2019-02-13 07:38:54 EXEC SPC_SOCIAL_LST2 '','1','','khoai';
2019-02-13 07:38:55 EXEC SPC_COM_DATA 'khoai','2','1';
2019-02-13 07:38:55 EXEC SPC_DISCUSS_LST1 '','khoai';
2019-02-13 07:38:56 EXEC SPC_COM_DATA 'khoai','2','1';
2019-02-13 07:38:56 EXEC SPC_DISCUSS_LST2 '','1','','khoai';
2019-02-13 07:38:59 EXEC SPC_COM_DATA 'khoai','2','1';
2019-02-13 07:38:59 EXEC SPC_DISCUSS_LST1 '','khoai';
2019-02-13 07:39:02 EXEC SPC_COM_DATA 'khoai','2','1';
2019-02-13 07:39:02 EXEC SPC_DICTIONARY_LST1 '','khoai';
2019-02-13 07:39:04 EXEC SPC_COM_DATA 'khoai','2','1';
2019-02-13 07:39:04 EXEC SPC_RELAX_LST1 '','khoai';
2019-02-13 07:39:05 EXEC SPC_COM_DATA 'khoai','2','1';
2019-02-13 07:39:05 EXEC SPC_RELAX_LST2 '','1','1','1','0','','khoai';
2019-02-13 07:39:05 EXEC SPC_COM_DATA 'khoai','2','1';
2019-02-13 07:39:05 EXEC SPC_DISCUSS_LST1 '','khoai';
2019-02-13 07:39:06 EXEC SPC_COM_DATA 'khoai','2','1';
2019-02-13 07:39:06 EXEC SPC_DISCUSS_LST2 '','1','','khoai';
2019-02-13 07:39:11 EXEC SPC_COM_DATA 'khoai','2','1';
2019-02-13 07:39:11 EXEC SPC_DISCUSS_LST1 '','khoai';
2019-02-13 07:39:12 EXEC SPC_COM_DATA 'khoai','2','1';
2019-02-13 07:39:12 EXEC SPC_DISCUSS_LST2 '','1','','khoai';
2019-02-13 07:39:14 EXEC SPC_COM_DATA 'khoai','2','1';
2019-02-13 07:39:14 EXEC SPC_DISCUSS_LST1 '','khoai';
2019-02-13 07:39:15 EXEC SPC_COM_DATA 'khoai','2','1';
2019-02-13 07:39:15 EXEC SPC_DISCUSS_LST2 '','1','','khoai';
2019-02-13 07:39:17 EXEC SPC_COM_DATA 'khoai','2','1';
2019-02-13 07:39:17 EXEC SPC_SOCIAL_LST1 '','khoai';
2019-02-13 07:39:17 EXEC SPC_COM_DATA 'khoai','2','1';
2019-02-13 07:39:17 EXEC SPC_SOCIAL_LST2 '','1','','khoai';
2019-02-13 07:39:18 EXEC SPC_COM_DATA 'khoai','2','1';
2019-02-13 07:39:18 EXEC SPC_DISCUSS_LST1 '','khoai';
2019-02-13 07:39:19 EXEC SPC_COM_DATA 'khoai','2','1';
2019-02-13 07:39:19 EXEC SPC_DISCUSS_LST2 '','1','','khoai';
2019-02-13 07:39:34 EXEC SPC_COM_DATA 'khoai','2','1';
2019-02-13 07:39:34 EXEC SPC_DISCUSS_ACT2 '2047','khoai','127.0.0.1';
2019-02-13 07:46:41 EXEC SPC_COM_DATA 'khoai','2','1';
2019-02-13 07:46:41 EXEC SPC_DICTIONARY_LST1 '','khoai';
2019-02-13 07:46:42 EXEC SPC_COM_DATA 'khoai','2','1';
2019-02-13 07:46:42 EXEC SPC_DISCUSS_LST1 '','khoai';
2019-02-13 07:46:43 EXEC SPC_COM_DATA 'khoai','2','1';
2019-02-13 07:46:43 EXEC SPC_DISCUSS_LST2 '','1','','khoai';
2019-02-13 07:46:54 EXEC SPC_COM_DATA 'khoai','2','1';
2019-02-13 07:46:54 EXEC SPC_DISCUSS_ACT2 '1059','khoai','127.0.0.1';
2019-02-13 07:46:59 EXEC SPC_COM_DATA 'khoai','2','1';
2019-02-13 07:46:59 EXEC SPC_DISCUSS_ACT2 '1055','khoai','127.0.0.1';
2019-02-13 07:47:02 EXEC SPC_COM_DATA 'khoai','2','1';
2019-02-13 07:47:02 EXEC SPC_COM_REMEMBER '8','3','21','1055','khoai','127.0.0.1';
2019-02-13 07:47:07 EXEC SPC_COM_DATA 'khoai','2','1';
2019-02-13 07:47:07 EXEC SPC_DISCUSS_ACT2 '1056','khoai','127.0.0.1';
2019-02-13 07:47:12 EXEC SPC_COM_PERMISSION '1','2','w001';
2019-02-13 07:47:12 EXEC SPC_COM_MENU '1';
2019-02-13 07:47:12 EXEC SPC_COM_M999_INQ1 '7';
2019-02-13 07:47:16 EXEC SPC_COM_MENU '1';
2019-02-13 07:47:16 EXEC SPC_COMMON_CATALORUE '6';
2019-02-13 07:47:16 EXEC SPC_COM_MENU '1';
2019-02-13 07:47:16 EXEC SPC_w001_LST1 '6','','','','10','1';
2019-02-13 07:47:27 EXEC SPC_COM_MENU '1';
2019-02-13 07:47:27 EXEC SPC_w001_LST1 '6','','','','10','2';
2019-02-13 07:47:29 EXEC SPC_COM_MENU '1';
2019-02-13 07:47:29 EXEC SPC_COM_M999_INQ1 '8';
2019-02-13 07:47:29 EXEC SPC_COM_MENU '1';
2019-02-13 07:47:29 EXEC SPC_p004_LST1 '1055';
2019-02-13 07:47:32 EXEC SPC_COM_MENU '1';
2019-02-13 07:47:32 EXEC SPC_w002_ACT2 '1055','ndq809','127.0.0.1';
2019-02-13 07:47:34 EXEC SPC_COM_MENU '1';
2019-02-13 07:47:34 EXEC SPC_w001_LST1 '6','','','','10','1';
2019-02-13 07:47:40 EXEC SPC_COM_DATA 'khoai','2','1';
2019-02-13 07:47:40 EXEC SPC_DISCUSS_LST1 '1056','khoai';
2019-02-13 07:47:40 EXEC SPC_COM_DATA 'khoai','2','1';
2019-02-13 07:47:40 EXEC SPC_DISCUSS_LST2 '1056','1','','khoai';
2019-02-13 07:47:48 EXEC SPC_COM_DATA 'khoai','2','1';
2019-02-13 07:47:48 EXEC SPC_DISCUSS_ACT2 '1053','khoai','127.0.0.1';
2019-02-13 07:48:01 EXEC SPC_COM_DATA 'khoai','2','1';
2019-02-13 07:48:01 EXEC SPC_DISCUSS_ACT2 '1053','khoai','127.0.0.1';
2019-02-13 07:48:42 EXEC SPC_COM_DATA 'khoai','2','1';
2019-02-13 07:48:42 EXEC SPC_DISCUSS_ACT2 '1055','khoai','127.0.0.1';
2019-02-13 07:50:23 EXEC SPC_COM_DATA 'khoai','2','1';
2019-02-13 07:50:23 EXEC SPC_DISCUSS_LST1 '1055','khoai';
2019-02-13 07:50:32 EXEC SPC_COM_DATA 'khoai','2','1';
2019-02-13 07:50:32 EXEC SPC_DISCUSS_LST2 '','1','','khoai';
2019-02-13 07:50:41 EXEC SPC_COM_DATA 'khoai','2','1';
2019-02-13 07:50:41 EXEC SPC_DISCUSS_ACT2 '1053','khoai','127.0.0.1';
2019-02-13 07:50:48 EXEC SPC_COM_DATA 'khoai','2','1';
2019-02-13 07:50:48 EXEC SPC_DISCUSS_LST2 '','2','<row tag_id="2089" />','khoai';
2019-02-13 07:50:54 EXEC SPC_COM_DATA 'khoai','2','1';
2019-02-13 07:50:54 EXEC SPC_DISCUSS_ACT2 '1054','khoai','127.0.0.1';
2019-02-13 07:51:14 EXEC SPC_COM_DATA 'khoai','2','1';
2019-02-13 07:51:14 EXEC SPC_DISCUSS_ACT1 '1057','1','khoai','127.0.0.1';
2019-02-13 07:51:17 EXEC SPC_COM_DATA 'khoai','2','1';
2019-02-13 07:51:17 EXEC SPC_DISCUSS_LST1 '','khoai';
2019-02-13 07:51:17 EXEC SPC_COM_DATA 'khoai','2','1';
2019-02-13 07:51:17 EXEC SPC_DISCUSS_LST2 '','1','','khoai';
2019-02-13 07:51:39 EXEC SPC_COM_DATA 'khoai','2','1';
2019-02-13 07:51:39 EXEC SPC_DISCUSS_LST1 '1054','khoai';
2019-02-13 07:51:40 EXEC SPC_COM_DATA 'khoai','2','1';
2019-02-13 07:51:40 EXEC SPC_DISCUSS_LST2 '1054','1','','khoai';
2019-02-13 07:51:41 EXEC SPC_COM_DATA 'khoai','2','1';
2019-02-13 07:51:41 EXEC SPC_DISCUSS_ACT1 '1054','1','khoai','127.0.0.1';
2019-02-13 07:51:43 EXEC SPC_COM_DATA 'khoai','2','1';
2019-02-13 07:51:43 EXEC SPC_DISCUSS_LST1 '1054','khoai';
2019-02-13 07:51:43 EXEC SPC_COM_DATA 'khoai','2','1';
2019-02-13 07:51:43 EXEC SPC_DISCUSS_LST2 '1054','1','','khoai';
2019-02-13 07:51:49 EXEC SPC_COM_DATA 'khoai','2','1';
2019-02-13 07:51:49 EXEC SPC_DISCUSS_ACT2 '1054','khoai','127.0.0.1';
2019-02-13 07:51:51 EXEC SPC_COM_DATA 'khoai','2','1';
2019-02-13 07:51:51 EXEC SPC_DISCUSS_ACT1 '1056','1','khoai','127.0.0.1';
2019-02-13 07:51:52 EXEC SPC_COM_DATA 'khoai','2','1';
2019-02-13 07:51:52 EXEC SPC_DISCUSS_ACT1 '1056','-1','khoai','127.0.0.1';
2019-02-13 07:51:52 EXEC SPC_COM_DATA 'khoai','2','1';
2019-02-13 07:51:52 EXEC SPC_DISCUSS_ACT1 '1056','-1','khoai','127.0.0.1';
2019-02-13 07:51:54 EXEC SPC_COM_DATA 'khoai','2','1';
2019-02-13 07:51:54 EXEC SPC_DISCUSS_ACT2 '1056','khoai','127.0.0.1';
2019-02-13 07:51:55 EXEC SPC_COM_DATA 'khoai','2','1';
2019-02-13 07:51:55 EXEC SPC_DISCUSS_LST1 '1056','khoai';
2019-02-13 07:51:56 EXEC SPC_COM_DATA 'khoai','2','1';
2019-02-13 07:51:56 EXEC SPC_DISCUSS_LST2 '1056','1','','khoai';
2019-02-13 07:52:02 EXEC SPC_COM_DATA 'khoai','2','1';
2019-02-13 07:52:02 EXEC SPC_DISCUSS_ACT2 '1056','khoai','127.0.0.1';
2019-02-13 07:55:36 EXEC SPC_COM_DATA 'khoai','2','1';
2019-02-13 07:55:36 EXEC SPC_DISCUSS_LST1 '1056','khoai';
2019-02-13 07:55:37 EXEC SPC_COM_DATA 'khoai','2','1';
2019-02-13 07:55:37 EXEC SPC_DISCUSS_LST2 '1056','1','','khoai';
2019-02-13 07:55:53 EXEC SPC_COM_DATA 'khoai','2','1';
2019-02-13 07:55:53 EXEC SPC_DISCUSS_ACT2 '1056','khoai','127.0.0.1';
2019-02-13 07:56:21 EXEC SPC_COM_DATA 'khoai','2','1';
2019-02-13 07:56:21 EXEC SPC_DISCUSS_LST1 '','khoai';
2019-02-13 07:56:21 EXEC SPC_COM_DATA 'khoai','2','1';
2019-02-13 07:56:21 EXEC SPC_DISCUSS_LST2 '','1','','khoai';
2019-02-13 07:56:28 EXEC SPC_COM_DATA 'khoai','2','1';
2019-02-13 07:56:28 EXEC SPC_DISCUSS_ACT2 '1053','khoai','127.0.0.1';
2019-02-13 07:56:43 EXEC SPC_COM_DATA 'khoai','2','1';
2019-02-13 07:56:43 EXEC SPC_DISCUSS_ACT2 '1055','khoai','127.0.0.1';
2019-02-13 07:57:10 EXEC SPC_COM_DATA 'khoai','2','1';
2019-02-13 07:57:10 EXEC SPC_COM_FORGET '12','1055','3','khoai';
2019-02-13 07:57:18 EXEC SPC_COM_DATA 'khoai','2','1';
2019-02-13 07:57:18 EXEC SPC_COM_FORGET '7','1053','3','khoai';
2019-02-13 07:57:24 EXEC SPC_COM_DATA 'khoai','2','1';
2019-02-13 07:57:24 EXEC SPC_DISCUSS_ACT2 '1056','khoai','127.0.0.1';
2019-02-13 08:19:12 EXEC SPC_COM_DATA 'khoai','2','1';
2019-02-13 08:19:12 EXEC SPC_DISCUSS_LST1 '1056','khoai';
2019-02-13 08:19:13 EXEC SPC_COM_DATA 'khoai','2','1';
2019-02-13 08:19:13 EXEC SPC_DISCUSS_LST2 '1056','1','','khoai';
2019-02-13 08:19:18 EXEC SPC_COM_DATA 'khoai','2','1';
2019-02-13 08:19:18 EXEC SPC_DISCUSS_ACT2 '1056','khoai','127.0.0.1';
2019-02-13 08:19:39 EXEC SPC_COM_DATA 'khoai','2','1';
2019-02-13 08:19:40 EXEC SPC_GRAMMAR_LST1 '','khoai','12','14';
2019-02-13 08:19:40 EXEC SPC_COM_DATA 'khoai','2','1';
2019-02-13 08:19:40 EXEC SPC_GRAMMAR_LST2 '6','7','khoai';
2019-02-13 08:19:48 EXEC SPC_COM_DATA 'khoai','2','1';
2019-02-13 08:19:48 EXEC SPC_DISCUSS_LST1 '','khoai';
2019-02-13 08:19:49 EXEC SPC_COM_DATA 'khoai','2','1';
2019-02-13 08:19:49 EXEC SPC_DISCUSS_LST2 '','1','','khoai';
2019-02-13 08:19:54 EXEC SPC_COM_DATA 'khoai','2','1';
2019-02-13 08:19:54 EXEC SPC_DISCUSS_ACT2 '1056','khoai','127.0.0.1';
2019-02-13 08:19:55 EXEC SPC_COM_DATA 'khoai','2','1';
2019-02-13 08:19:55 EXEC SPC_DISCUSS_ACT1 '1056','1','khoai','127.0.0.1';
2019-02-13 08:19:56 EXEC SPC_COM_DATA 'khoai','2','1';
2019-02-13 08:19:56 EXEC SPC_DISCUSS_ACT1 '1056','1','khoai','127.0.0.1';
2019-02-13 08:20:03 EXEC SPC_COM_DATA 'khoai','2','1';
2019-02-13 08:20:04 EXEC SPC_DISCUSS_ACT1 '1056','-1','khoai','127.0.0.1';
2019-02-13 08:20:08 EXEC SPC_COM_DATA 'khoai','2','1';
2019-02-13 08:20:08 EXEC SPC_DISCUSS_ACT1 '1056','-1','khoai','127.0.0.1';
2019-02-13 08:20:10 EXEC SPC_COM_DATA 'khoai','2','1';
2019-02-13 08:20:10 EXEC SPC_DISCUSS_ACT1 '1056','1','khoai','127.0.0.1';
2019-02-13 08:20:11 EXEC SPC_COM_DATA 'khoai','2','1';
2019-02-13 08:20:11 EXEC SPC_DISCUSS_ACT1 '1056','1','khoai','127.0.0.1';
2019-02-13 08:20:19 EXEC SPC_COM_DATA 'khoai','2','1';
2019-02-13 08:20:19 EXEC SPC_DISCUSS_LST1 '1056','khoai';
2019-02-13 08:20:20 EXEC SPC_COM_DATA 'khoai','2','1';
2019-02-13 08:20:20 EXEC SPC_DISCUSS_LST2 '1056','1','','khoai';
2019-02-13 08:20:25 EXEC SPC_COM_DATA 'khoai','2','1';
2019-02-13 08:20:25 EXEC SPC_DISCUSS_ACT2 '1056','khoai','127.0.0.1';
2019-02-13 08:20:56 EXEC SPC_COM_DATA 'khoai','2','1';
2019-02-13 08:20:56 EXEC SPC_DISCUSS_ACT2 '1057','khoai','127.0.0.1';
2019-02-13 08:27:08 EXEC SPC_COM_DATA 'khoai','2','1';
2019-02-13 08:27:08 EXEC SPC_LISTENING_LST1 '','khoai','6','7';
2019-02-13 08:27:09 EXEC SPC_COM_DATA 'khoai','2','1';
2019-02-13 08:27:09 EXEC SPC_LISTENING_LST2 '8','8','khoai';
2019-02-13 08:30:39 EXEC SPC_COM_DATA 'khoai','2','1';
2019-02-13 08:30:39 EXEC SPC_DISCUSS_LST1 '','khoai';
2019-02-13 08:30:40 EXEC SPC_COM_DATA 'khoai','2','1';
2019-02-13 08:30:40 EXEC SPC_DISCUSS_LST2 '','1','','khoai';
2019-02-13 08:30:42 EXEC SPC_COM_DATA 'khoai','2','1';
2019-02-13 08:30:42 EXEC SPC_DISCUSS_LST2 '','1','<row tag_id="2089" />','khoai';
2019-02-13 08:30:47 EXEC SPC_COM_DATA 'khoai','2','1';
2019-02-13 08:30:47 EXEC SPC_DISCUSS_ACT2 '1054','khoai','127.0.0.1';
2019-02-13 08:30:48 EXEC SPC_COM_DATA 'khoai','2','1';
2019-02-13 08:30:48 EXEC SPC_DISCUSS_LST2 '','1','','khoai';
2019-02-13 08:30:56 EXEC SPC_COM_DATA 'khoai','2','1';
2019-02-13 08:30:56 EXEC SPC_DISCUSS_ACT2 '48','khoai','127.0.0.1';
2019-02-13 08:31:00 EXEC SPC_COM_DATA 'khoai','2','1';
2019-02-13 08:31:00 EXEC SPC_DISCUSS_LST2 '','1','<row tag_id="1088" /><row tag_id="1089" /><row tag_id="2084" /><row tag_id="2088" />','khoai';
2019-02-13 08:31:01 EXEC SPC_COM_DATA 'khoai','2','1';
2019-02-13 08:31:01 EXEC SPC_DISCUSS_LST2 '','1','<row tag_id="1088" /><row tag_id="1089" /><row tag_id="2084" /><row tag_id="2088" />','khoai';
2019-02-13 08:31:14 EXEC SPC_COM_DATA 'khoai','2','1';
2019-02-13 08:31:14 EXEC SPC_DISCUSS_ACT2 '1061','khoai','127.0.0.1';
2019-02-13 08:39:13 EXEC SPC_COM_DATA 'khoai','2','1';
2019-02-13 08:39:13 EXEC SPC_DISCUSS_LST1 '','khoai';
2019-02-13 08:39:14 EXEC SPC_COM_DATA 'khoai','2','1';
2019-02-13 08:39:14 EXEC SPC_DISCUSS_LST2 '','1','','khoai';
2019-02-13 08:39:29 EXEC SPC_COM_DATA 'khoai','2','1';
2019-02-13 08:39:29 EXEC SPC_DISCUSS_ACT2 '51','khoai','127.0.0.1';
2019-02-13 08:39:30 EXEC SPC_COM_DATA 'khoai','2','1';
2019-02-13 08:39:30 EXEC SPC_SOCIAL_LST1 '','khoai';
2019-02-13 08:39:31 EXEC SPC_COM_DATA 'khoai','2','1';
2019-02-13 08:39:31 EXEC SPC_SOCIAL_LST2 '','1','','khoai';
2019-02-13 08:39:41 EXEC SPC_COM_DATA 'khoai','2','1';
2019-02-13 08:39:41 EXEC SPC_SOCIAL_ACT2 '21','khoai','127.0.0.1';
2019-02-13 08:39:43 EXEC SPC_COM_DATA 'khoai','2','1';
2019-02-13 08:39:43 EXEC SPC_RELAX_LST1 '','khoai';
2019-02-13 08:39:44 EXEC SPC_COM_DATA 'khoai','2','1';
2019-02-13 08:39:44 EXEC SPC_RELAX_LST2 '','1','1','1','0','','khoai';
2019-02-13 08:39:57 EXEC SPC_COM_DATA 'khoai','2','1';
2019-02-13 08:39:57 EXEC SPC_RELAX_ACT2 '26','khoai','127.0.0.1';
2019-02-13 08:39:57 EXEC SPC_COM_DATA 'khoai','2','1';
2019-02-13 08:39:57 EXEC SPC_RELAX_LST1 '','khoai';
2019-02-13 08:40:03 EXEC SPC_COM_DATA 'khoai','2','1';
2019-02-13 08:40:03 EXEC SPC_RELAX_LST2 '','1','1','1','0','','khoai';
2019-02-13 08:40:08 EXEC SPC_COM_DATA 'khoai','2','1';
2019-02-13 08:40:08 EXEC SPC_RELAX_ACT2 '26','khoai','127.0.0.1';
2019-02-13 08:41:00 EXEC SPC_COM_DATA 'khoai','2','1';
2019-02-13 08:41:00 EXEC SPC_RELAX_LST2 '','1','1','1','<row tag_id="67" /><row tag_id="68" /><row tag_id="69" />','0','khoai';
2019-02-13 08:41:09 EXEC SPC_COM_DATA 'khoai','2','1';
2019-02-13 08:41:09 EXEC SPC_RELAX_ACT2 '46','khoai','127.0.0.1';
2019-02-13 08:41:16 EXEC SPC_COM_DATA 'khoai','2','1';
2019-02-13 08:41:16 EXEC SPC_RELAX_ACT1 '46','5','khoai','127.0.0.1';
2019-02-13 08:41:29 EXEC SPC_COM_DATA 'khoai','2','1';
2019-02-13 08:41:29 EXEC SPC_COM_MENU '2';
2019-02-13 08:41:32 EXEC SPC_COM_DATA 'khoai','2','1';
2019-02-13 08:41:32 EXEC SPC_SOCIAL_LST1 '','khoai';
2019-02-13 08:41:32 EXEC SPC_COM_DATA 'khoai','2','1';
2019-02-13 08:41:32 EXEC SPC_SOCIAL_LST2 '','1','','khoai';
2019-02-13 08:41:38 EXEC SPC_COM_DATA 'khoai','2','1';
2019-02-13 08:41:38 EXEC SPC_DICTIONARY_LST1 '3','khoai';
2019-02-13 08:41:38 EXEC SPC_COM_DATA 'khoai','2','1';
2019-02-13 08:41:38 EXEC SPC_DICTIONARY_LST2 'kingdom','khoai','127.0.0.1';
2019-02-13 08:41:39 EXEC SPC_COM_DATA 'khoai','2','1';
2019-02-13 08:41:39 EXEC SPC_SOCIAL_ACT2 '21','khoai','127.0.0.1';
