2019-06-14 09:27:32 EXEC SPC_COMMON_ACCOUNT '1','2';
2019-06-14 09:27:33 EXEC SPC_COM_PERMISSION '1','2','g001';
2019-06-14 09:27:33 EXEC SPC_COM_MENU '1';
2019-06-14 09:27:33 EXEC SPC_G001_LST1 '1','1';
2019-06-14 09:27:38 EXEC SPC_COM_PERMISSION '1','2','v003';
2019-06-14 09:27:38 EXEC SPC_COM_MENU '1';
2019-06-14 09:27:39 EXEC SPC_COM_PERMISSION '1','2','v003';
2019-06-14 09:27:39 EXEC SPC_COM_MENU '1';
2019-06-14 09:27:51 EXEC SPC_COM_MENU '1';
2019-06-14 09:29:52 EXEC SPC_COM_PERMISSION '1','2','v003';
2019-06-14 09:29:52 EXEC SPC_COM_MENU '1';
2019-06-14 09:29:53 EXEC SPC_COM_PERMISSION '1','2','v003';
2019-06-14 09:29:53 EXEC SPC_COM_MENU '1';
2019-06-14 09:29:57 EXEC SPC_COM_MENU '1';
2019-06-14 09:31:31 EXEC SPC_COM_PERMISSION '1','2','v003';
2019-06-14 09:31:31 EXEC SPC_COM_MENU '1';
2019-06-14 09:31:32 EXEC SPC_COM_PERMISSION '1','2','v003';
2019-06-14 09:31:32 EXEC SPC_COM_MENU '1';
2019-06-14 09:31:37 EXEC SPC_COM_MENU '1';
2019-06-14 09:32:34 EXEC SPC_COM_PERMISSION '1','2','v003';
2019-06-14 09:32:34 EXEC SPC_COM_MENU '1';
2019-06-14 09:32:35 EXEC SPC_COM_PERMISSION '1','2','v003';
2019-06-14 09:32:35 EXEC SPC_COM_MENU '1';
2019-06-14 09:32:39 EXEC SPC_COM_MENU '1';
2019-06-14 09:35:32 EXEC SPC_COM_PERMISSION '1','2','v003';
2019-06-14 09:35:32 EXEC SPC_COM_MENU '1';
2019-06-14 09:35:33 EXEC SPC_COM_PERMISSION '1','2','v003';
2019-06-14 09:35:33 EXEC SPC_COM_MENU '1';
2019-06-14 09:35:38 EXEC SPC_COM_MENU '1';
2019-06-14 09:36:46 EXEC SPC_COM_MENU '1';
2019-06-14 09:37:31 EXEC SPC_COM_MENU '1';
2019-06-14 09:37:51 EXEC SPC_COM_MENU '1';
2019-06-14 09:38:14 EXEC SPC_COM_MENU '1';
2019-06-14 09:38:22 EXEC SPC_COM_MENU '1';
2019-06-14 09:38:33 EXEC SPC_COM_MENU '1';
2019-06-14 09:38:43 EXEC SPC_COM_MENU '1';
2019-06-14 09:41:32 EXEC SPC_COM_PERMISSION '1','2','v003';
2019-06-14 09:41:32 EXEC SPC_COM_MENU '1';
2019-06-14 09:41:33 EXEC SPC_COM_PERMISSION '1','2','v003';
2019-06-14 09:41:33 EXEC SPC_COM_MENU '1';
2019-06-14 09:41:38 EXEC SPC_COM_MENU '1';
2019-06-14 09:42:02 EXEC SPC_COM_PERMISSION '1','2','v003';
2019-06-14 09:42:02 EXEC SPC_COM_MENU '1';
2019-06-14 09:42:02 EXEC SPC_COM_PERMISSION '1','2','v003';
2019-06-14 09:42:02 EXEC SPC_COM_MENU '1';
2019-06-14 09:42:06 EXEC SPC_COM_MENU '1';
2019-06-14 09:42:09 EXEC SPC_COM_MENU '1';
2019-06-14 10:03:02 EXEC SPC_COM_PERMISSION '1','2','v003';
2019-06-14 10:03:02 EXEC SPC_COM_MENU '1';
2019-06-14 10:03:03 EXEC SPC_COM_PERMISSION '1','2','v003';
2019-06-14 10:03:03 EXEC SPC_COM_MENU '1';
2019-06-14 10:03:06 EXEC SPC_COM_MENU '1';
2019-06-14 10:03:10 EXEC SPC_COM_MENU '1';
2019-06-14 10:03:44 EXEC SPC_COM_PERMISSION '1','2','v003';
2019-06-14 10:03:44 EXEC SPC_COM_MENU '1';
2019-06-14 10:03:45 EXEC SPC_COM_PERMISSION '1','2','v003';
2019-06-14 10:03:45 EXEC SPC_COM_MENU '1';
2019-06-14 10:03:49 EXEC SPC_COM_MENU '1';
2019-06-14 10:03:55 EXEC SPC_COM_MENU '1';
2019-06-14 10:05:18 EXEC SPC_COM_PERMISSION '1','2','v003';
2019-06-14 10:05:18 EXEC SPC_COM_MENU '1';
2019-06-14 10:05:19 EXEC SPC_COM_PERMISSION '1','2','v003';
2019-06-14 10:05:19 EXEC SPC_COM_MENU '1';
2019-06-14 10:05:24 EXEC SPC_COM_MENU '1';
2019-06-14 10:32:01 EXEC SPC_COM_PERMISSION '1','2','v003';
2019-06-14 10:32:01 EXEC SPC_COM_MENU '1';
2019-06-14 10:32:02 EXEC SPC_COM_PERMISSION '1','2','v003';
2019-06-14 10:32:02 EXEC SPC_COM_MENU '1';
2019-06-14 10:32:06 EXEC SPC_COM_MENU '1';
2019-06-14 10:32:10 EXEC SPC_COM_MENU '1';
2019-06-14 10:33:39 EXEC SPC_COM_PERMISSION '1','2','v003';
2019-06-14 10:33:39 EXEC SPC_COM_MENU '1';
2019-06-14 10:33:39 EXEC SPC_COM_PERMISSION '1','2','v003';
2019-06-14 10:33:39 EXEC SPC_COM_MENU '1';
2019-06-14 10:33:44 EXEC SPC_COM_MENU '1';
2019-06-14 10:34:46 EXEC SPC_COM_PERMISSION '1','2','v003';
2019-06-14 10:34:46 EXEC SPC_COM_MENU '1';
2019-06-14 10:34:47 EXEC SPC_COM_PERMISSION '1','2','v003';
2019-06-14 10:34:47 EXEC SPC_COM_MENU '1';
2019-06-14 10:34:51 EXEC SPC_COM_MENU '1';
2019-06-14 10:34:54 EXEC SPC_COM_MENU '1';
2019-06-14 11:40:33 EXEC SPC_COM_PERMISSION '1','2','v003';
2019-06-14 11:40:33 EXEC SPC_COM_MENU '1';
2019-06-14 11:40:34 EXEC SPC_COM_PERMISSION '1','2','v003';
2019-06-14 11:40:34 EXEC SPC_COM_MENU '1';
2019-06-14 11:40:39 EXEC SPC_COM_MENU '1';
2019-06-14 11:41:06 EXEC SPC_COM_PERMISSION '1','2','v003';
2019-06-14 11:41:06 EXEC SPC_COM_MENU '1';
2019-06-14 11:43:22 EXEC SPC_COMMON_ACCOUNT '1','2';
2019-06-14 11:43:23 EXEC SPC_COM_PERMISSION '1','2','g001';
2019-06-14 11:43:23 EXEC SPC_COM_MENU '1';
2019-06-14 11:43:23 EXEC SPC_G001_LST1 '1','1';
2019-06-14 11:43:29 EXEC SPC_COM_PERMISSION '1','2','v003';
2019-06-14 11:43:29 EXEC SPC_COM_MENU '1';
2019-06-14 11:43:29 EXEC SPC_COM_PERMISSION '1','2','v003';
2019-06-14 11:43:29 EXEC SPC_COM_MENU '1';
2019-06-14 11:43:37 EXEC SPC_COM_MENU '1';
2019-06-14 11:43:40 EXEC SPC_COM_MENU '1';
2019-06-14 11:45:49 EXEC SPC_COM_PERMISSION '1','2','v003';
2019-06-14 11:45:49 EXEC SPC_COM_MENU '1';
2019-06-14 11:45:50 EXEC SPC_COM_PERMISSION '1','2','v003';
2019-06-14 11:45:50 EXEC SPC_COM_MENU '1';
2019-06-14 11:45:56 EXEC SPC_COM_MENU '1';
2019-06-14 11:48:34 EXEC SPC_COM_PERMISSION '1','2','v003';
2019-06-14 11:48:34 EXEC SPC_COM_MENU '1';
2019-06-14 11:48:34 EXEC SPC_COM_PERMISSION '1','2','v003';
2019-06-14 11:48:34 EXEC SPC_COM_MENU '1';
2019-06-14 11:48:51 EXEC SPC_COM_MENU '1';
2019-06-14 11:57:32 EXEC SPC_COM_PERMISSION '1','2','v003';
2019-06-14 11:57:32 EXEC SPC_COM_MENU '1';
2019-06-14 11:57:32 EXEC SPC_COM_PERMISSION '1','2','v003';
2019-06-14 11:57:32 EXEC SPC_COM_MENU '1';
2019-06-14 11:57:36 EXEC SPC_COM_MENU '1';
2019-06-14 11:57:40 EXEC SPC_COM_MENU '1';
2019-06-14 13:37:34 EXEC SPC_COM_DATA '1','1','2';
2019-06-14 13:37:34 EXEC SPC_COM_MENU '1';
2019-06-14 13:40:04 EXEC SPC_COM_PERMISSION '1','2','g001';
2019-06-14 13:40:04 EXEC SPC_COM_MENU '1';
2019-06-14 13:40:04 EXEC SPC_G001_LST1 '1','1';
2019-06-14 13:40:06 EXEC SPC_COM_PERMISSION '1','2','g001';
2019-06-14 13:40:06 EXEC SPC_COM_MENU '1';
2019-06-14 13:40:06 EXEC SPC_G001_LST1 '1','1';
2019-06-14 13:40:22 EXEC SPC_COM_PERMISSION '1','2','v003';
2019-06-14 13:40:22 EXEC SPC_COM_MENU '1';
2019-06-14 13:40:23 EXEC SPC_COM_PERMISSION '1','2','v003';
2019-06-14 13:40:23 EXEC SPC_COM_MENU '1';
2019-06-14 13:40:41 EXEC SPC_COM_PERMISSION '1','2','v003';
2019-06-14 13:40:41 EXEC SPC_COM_MENU '1';
2019-06-14 13:40:41 EXEC SPC_COM_PERMISSION '1','2','v003';
2019-06-14 13:40:41 EXEC SPC_COM_MENU '1';
2019-06-14 13:41:06 EXEC SPC_COM_PERMISSION '1','2','v003';
2019-06-14 13:41:06 EXEC SPC_COM_MENU '1';
2019-06-14 13:41:07 EXEC SPC_COM_PERMISSION '1','2','v003';
2019-06-14 13:41:07 EXEC SPC_COM_MENU '1';
2019-06-14 13:41:14 EXEC SPC_COM_MENU '1';
2019-06-14 13:42:01 EXEC SPC_COM_PERMISSION '1','2','v003';
2019-06-14 13:42:01 EXEC SPC_COM_MENU '1';
2019-06-14 13:42:02 EXEC SPC_COM_PERMISSION '1','2','v003';
2019-06-14 13:42:02 EXEC SPC_COM_MENU '1';
2019-06-14 13:42:06 EXEC SPC_COM_MENU '1';
2019-06-14 13:42:25 EXEC SPC_COM_PERMISSION '1','2','v003';
2019-06-14 13:42:25 EXEC SPC_COM_MENU '1';
2019-06-14 13:42:26 EXEC SPC_COM_PERMISSION '1','2','v003';
2019-06-14 13:42:26 EXEC SPC_COM_MENU '1';
2019-06-14 13:42:29 EXEC SPC_COM_MENU '1';
2019-06-14 13:42:37 EXEC SPC_COM_MENU '1';
2019-06-14 13:43:43 EXEC SPC_COM_PERMISSION '1','2','v003';
2019-06-14 13:43:43 EXEC SPC_COM_MENU '1';
2019-06-14 13:43:44 EXEC SPC_COM_PERMISSION '1','2','v003';
2019-06-14 13:43:44 EXEC SPC_COM_MENU '1';
2019-06-14 13:49:51 EXEC SPC_COM_MENU '1';
2019-06-14 13:53:16 EXEC SPC_COM_PERMISSION '1','2','v003';
2019-06-14 13:53:16 EXEC SPC_COM_MENU '1';
2019-06-14 13:53:17 EXEC SPC_COM_PERMISSION '1','2','v003';
2019-06-14 13:53:17 EXEC SPC_COM_MENU '1';
2019-06-14 13:53:30 EXEC SPC_COM_MENU '1';
2019-06-14 13:55:53 EXEC SPC_COM_PERMISSION '1','2','v003';
2019-06-14 13:55:53 EXEC SPC_COM_MENU '1';
2019-06-14 13:55:54 EXEC SPC_COM_PERMISSION '1','2','v003';
2019-06-14 13:55:54 EXEC SPC_COM_MENU '1';
2019-06-14 13:55:58 EXEC SPC_COM_MENU '1';
2019-06-14 13:56:02 EXEC SPC_COM_MENU '1';
2019-06-14 13:59:19 EXEC SPC_COM_PERMISSION '1','2','v003';
2019-06-14 13:59:19 EXEC SPC_COM_MENU '1';
2019-06-14 13:59:20 EXEC SPC_COM_PERMISSION '1','2','v003';
2019-06-14 13:59:20 EXEC SPC_COM_MENU '1';
2019-06-14 13:59:24 EXEC SPC_COM_MENU '1';
2019-06-14 14:09:05 EXEC SPC_COM_PERMISSION '1','2','v003';
2019-06-14 14:09:05 EXEC SPC_COM_MENU '1';
2019-06-14 14:09:06 EXEC SPC_COM_PERMISSION '1','2','v003';
2019-06-14 14:09:06 EXEC SPC_COM_MENU '1';
2019-06-14 14:09:11 EXEC SPC_COM_MENU '1';
2019-06-14 14:09:52 EXEC SPC_COM_PERMISSION '1','2','v003';
2019-06-14 14:09:52 EXEC SPC_COM_MENU '1';
2019-06-14 14:09:53 EXEC SPC_COM_PERMISSION '1','2','v003';
2019-06-14 14:09:53 EXEC SPC_COM_MENU '1';
2019-06-14 14:09:57 EXEC SPC_COM_MENU '1';
2019-06-14 14:12:31 EXEC SPC_COM_PERMISSION '1','2','v003';
2019-06-14 14:12:31 EXEC SPC_COM_MENU '1';
2019-06-14 14:12:31 EXEC SPC_COM_PERMISSION '1','2','v003';
2019-06-14 14:12:31 EXEC SPC_COM_MENU '1';
2019-06-14 14:12:34 EXEC SPC_COM_MENU '1';
2019-06-14 14:12:38 EXEC SPC_COM_MENU '1';
2019-06-14 14:14:46 EXEC SPC_COM_PERMISSION '1','2','v003';
2019-06-14 14:14:46 EXEC SPC_COM_MENU '1';
2019-06-14 14:14:46 EXEC SPC_COM_PERMISSION '1','2','v003';
2019-06-14 14:14:46 EXEC SPC_COM_MENU '1';
2019-06-14 14:14:52 EXEC SPC_COM_MENU '1';
2019-06-14 14:19:27 EXEC SPC_COM_PERMISSION '1','2','v003';
2019-06-14 14:19:27 EXEC SPC_COM_MENU '1';
2019-06-14 14:19:27 EXEC SPC_COM_PERMISSION '1','2','v003';
2019-06-14 14:19:27 EXEC SPC_COM_MENU '1';
2019-06-14 14:19:31 EXEC SPC_COM_MENU '1';
2019-06-14 14:21:47 EXEC SPC_COM_PERMISSION '1','2','v003';
2019-06-14 14:21:47 EXEC SPC_COM_MENU '1';
2019-06-14 14:21:47 EXEC SPC_COM_PERMISSION '1','2','v003';
2019-06-14 14:21:47 EXEC SPC_COM_MENU '1';
2019-06-14 14:21:52 EXEC SPC_COM_MENU '1';
2019-06-14 14:24:05 EXEC SPC_COM_PERMISSION '1','2','v003';
2019-06-14 14:24:05 EXEC SPC_COM_MENU '1';
2019-06-14 14:24:06 EXEC SPC_COM_PERMISSION '1','2','v003';
2019-06-14 14:24:06 EXEC SPC_COM_MENU '1';
2019-06-14 14:24:10 EXEC SPC_COM_MENU '1';
2019-06-14 14:27:37 EXEC SPC_COM_PERMISSION '1','2','v003';
2019-06-14 14:27:37 EXEC SPC_COM_MENU '1';
2019-06-14 14:27:38 EXEC SPC_COM_PERMISSION '1','2','v003';
2019-06-14 14:27:38 EXEC SPC_COM_MENU '1';
2019-06-14 14:27:42 EXEC SPC_COM_MENU '1';
2019-06-14 14:28:26 EXEC SPC_COM_PERMISSION '1','2','v003';
2019-06-14 14:28:26 EXEC SPC_COM_MENU '1';
2019-06-14 14:28:26 EXEC SPC_COM_PERMISSION '1','2','v003';
2019-06-14 14:28:26 EXEC SPC_COM_MENU '1';
2019-06-14 14:28:30 EXEC SPC_COM_MENU '1';
2019-06-14 14:29:43 EXEC SPC_COM_PERMISSION '1','2','v003';
2019-06-14 14:29:43 EXEC SPC_COM_MENU '1';
2019-06-14 14:29:44 EXEC SPC_COM_PERMISSION '1','2','v003';
2019-06-14 14:29:44 EXEC SPC_COM_MENU '1';
2019-06-14 14:29:48 EXEC SPC_COM_MENU '1';
2019-06-14 14:36:15 EXEC SPC_COM_PERMISSION '1','2','v003';
2019-06-14 14:36:15 EXEC SPC_COM_MENU '1';
2019-06-14 14:36:16 EXEC SPC_COM_PERMISSION '1','2','v003';
2019-06-14 14:36:16 EXEC SPC_COM_MENU '1';
2019-06-14 14:36:21 EXEC SPC_COM_MENU '1';
2019-06-14 14:36:31 EXEC SPC_COM_MENU '1';
2019-06-14 14:37:20 EXEC SPC_COM_PERMISSION '1','2','v003';
2019-06-14 14:37:20 EXEC SPC_COM_MENU '1';
2019-06-14 14:37:20 EXEC SPC_COM_PERMISSION '1','2','v003';
2019-06-14 14:37:20 EXEC SPC_COM_MENU '1';
2019-06-14 14:37:24 EXEC SPC_COM_MENU '1';
2019-06-14 14:42:27 EXEC SPC_COM_PERMISSION '1','2','v003';
2019-06-14 14:42:27 EXEC SPC_COM_MENU '1';
2019-06-14 14:42:28 EXEC SPC_COM_PERMISSION '1','2','v003';
2019-06-14 14:42:28 EXEC SPC_COM_MENU '1';
2019-06-14 14:42:33 EXEC SPC_COM_MENU '1';
2019-06-14 14:44:07 EXEC SPC_COM_PERMISSION '1','2','v003';
2019-06-14 14:44:07 EXEC SPC_COM_MENU '1';
2019-06-14 14:44:08 EXEC SPC_COM_PERMISSION '1','2','v003';
2019-06-14 14:44:08 EXEC SPC_COM_MENU '1';
2019-06-14 14:45:41 EXEC SPC_COM_MENU '1';
2019-06-14 14:48:20 EXEC SPC_COM_PERMISSION '1','2','v003';
2019-06-14 14:48:20 EXEC SPC_COM_MENU '1';
2019-06-14 14:48:21 EXEC SPC_COM_PERMISSION '1','2','v003';
2019-06-14 14:48:21 EXEC SPC_COM_MENU '1';
2019-06-14 14:48:25 EXEC SPC_COM_MENU '1';
2019-06-14 14:50:57 EXEC SPC_COM_PERMISSION '1','2','v003';
2019-06-14 14:50:57 EXEC SPC_COM_MENU '1';
2019-06-14 14:50:58 EXEC SPC_COM_PERMISSION '1','2','v003';
2019-06-14 14:50:58 EXEC SPC_COM_MENU '1';
2019-06-14 14:51:03 EXEC SPC_COM_MENU '1';
2019-06-14 14:51:13 EXEC SPC_COM_PERMISSION '1','2','v003';
2019-06-14 14:51:13 EXEC SPC_COM_MENU '1';
2019-06-14 14:51:13 EXEC SPC_COM_PERMISSION '1','2','v003';
2019-06-14 14:51:13 EXEC SPC_COM_MENU '1';
2019-06-14 14:51:17 EXEC SPC_COM_MENU '1';
2019-06-14 14:53:09 EXEC SPC_COM_PERMISSION '1','2','v003';
2019-06-14 14:53:09 EXEC SPC_COM_MENU '1';
2019-06-14 14:53:10 EXEC SPC_COM_PERMISSION '1','2','v003';
2019-06-14 14:53:10 EXEC SPC_COM_MENU '1';
2019-06-14 14:53:15 EXEC SPC_COM_MENU '1';
2019-06-14 14:54:41 EXEC SPC_COM_PERMISSION '1','2','v003';
2019-06-14 14:54:41 EXEC SPC_COM_MENU '1';
2019-06-14 14:54:42 EXEC SPC_COM_PERMISSION '1','2','v003';
2019-06-14 14:54:42 EXEC SPC_COM_MENU '1';
2019-06-14 14:54:51 EXEC SPC_COM_MENU '1';
2019-06-14 15:05:50 EXEC SPC_COM_PERMISSION '1','2','v003';
2019-06-14 15:05:50 EXEC SPC_COM_MENU '1';
2019-06-14 15:05:50 EXEC SPC_COM_PERMISSION '1','2','v003';
2019-06-14 15:05:50 EXEC SPC_COM_MENU '1';
2019-06-14 15:05:56 EXEC SPC_COM_MENU '1';
2019-06-14 15:06:15 EXEC SPC_COM_PERMISSION '1','2','v003';
2019-06-14 15:06:15 EXEC SPC_COM_MENU '1';
2019-06-14 15:06:15 EXEC SPC_COM_PERMISSION '1','2','v003';
2019-06-14 15:06:15 EXEC SPC_COM_MENU '1';
2019-06-14 15:06:19 EXEC SPC_COM_MENU '1';
2019-06-14 15:06:23 EXEC SPC_COM_MENU '1';
2019-06-14 15:09:31 EXEC SPC_COM_PERMISSION '1','2','v003';
2019-06-14 15:09:31 EXEC SPC_COM_MENU '1';
2019-06-14 15:09:31 EXEC SPC_COM_PERMISSION '1','2','v003';
2019-06-14 15:09:31 EXEC SPC_COM_MENU '1';
2019-06-14 15:09:36 EXEC SPC_COM_MENU '1';
2019-06-14 15:11:28 EXEC SPC_COM_PERMISSION '1','2','v003';
2019-06-14 15:11:28 EXEC SPC_COM_MENU '1';
2019-06-14 15:11:29 EXEC SPC_COM_PERMISSION '1','2','v003';
2019-06-14 15:11:29 EXEC SPC_COM_MENU '1';
2019-06-14 15:11:33 EXEC SPC_COM_MENU '1';
2019-06-14 15:15:57 EXEC SPC_COM_PERMISSION '1','2','v003';
2019-06-14 15:15:57 EXEC SPC_COM_MENU '1';
2019-06-14 15:15:57 EXEC SPC_COM_PERMISSION '1','2','v003';
2019-06-14 15:15:57 EXEC SPC_COM_MENU '1';
2019-06-14 15:16:02 EXEC SPC_COM_MENU '1';
2019-06-14 15:16:26 EXEC SPC_COM_PERMISSION '1','2','v003';
2019-06-14 15:16:26 EXEC SPC_COM_MENU '1';
2019-06-14 15:16:27 EXEC SPC_COM_PERMISSION '1','2','v003';
2019-06-14 15:16:27 EXEC SPC_COM_MENU '1';
2019-06-14 15:16:33 EXEC SPC_COM_MENU '1';
2019-06-14 15:18:03 EXEC SPC_COM_PERMISSION '1','2','v003';
2019-06-14 15:18:03 EXEC SPC_COM_MENU '1';
2019-06-14 15:18:04 EXEC SPC_COM_PERMISSION '1','2','v003';
2019-06-14 15:18:04 EXEC SPC_COM_MENU '1';
2019-06-14 15:18:10 EXEC SPC_COM_MENU '1';
2019-06-14 15:18:45 EXEC SPC_COM_PERMISSION '1','2','v003';
2019-06-14 15:18:45 EXEC SPC_COM_MENU '1';
2019-06-14 15:18:45 EXEC SPC_COM_PERMISSION '1','2','v003';
2019-06-14 15:18:45 EXEC SPC_COM_MENU '1';
2019-06-14 15:18:51 EXEC SPC_COM_MENU '1';
2019-06-14 15:23:13 EXEC SPC_COM_PERMISSION '1','2','v003';
2019-06-14 15:23:13 EXEC SPC_COM_MENU '1';
2019-06-14 15:23:14 EXEC SPC_COM_PERMISSION '1','2','v003';
2019-06-14 15:23:14 EXEC SPC_COM_MENU '1';
2019-06-14 15:23:17 EXEC SPC_COM_MENU '1';
2019-06-14 15:24:02 EXEC SPC_COM_PERMISSION '1','2','v003';
2019-06-14 15:24:02 EXEC SPC_COM_MENU '1';
2019-06-14 15:24:03 EXEC SPC_COM_PERMISSION '1','2','v003';
2019-06-14 15:24:03 EXEC SPC_COM_MENU '1';
2019-06-14 15:24:08 EXEC SPC_COM_MENU '1';
2019-06-14 15:26:18 EXEC SPC_COM_PERMISSION '1','2','v003';
2019-06-14 15:26:18 EXEC SPC_COM_MENU '1';
2019-06-14 15:26:19 EXEC SPC_COM_PERMISSION '1','2','v003';
2019-06-14 15:26:19 EXEC SPC_COM_MENU '1';
2019-06-14 15:26:22 EXEC SPC_COM_MENU '1';
2019-06-14 15:26:45 EXEC SPC_COM_PERMISSION '1','2','v003';
2019-06-14 15:26:45 EXEC SPC_COM_MENU '1';
2019-06-14 15:26:46 EXEC SPC_COM_PERMISSION '1','2','v003';
2019-06-14 15:26:46 EXEC SPC_COM_MENU '1';
2019-06-14 15:26:50 EXEC SPC_COM_MENU '1';
2019-06-14 15:27:04 EXEC SPC_COM_PERMISSION '1','2','v003';
2019-06-14 15:27:04 EXEC SPC_COM_MENU '1';
2019-06-14 15:27:04 EXEC SPC_COM_PERMISSION '1','2','v003';
2019-06-14 15:27:04 EXEC SPC_COM_MENU '1';
2019-06-14 15:27:08 EXEC SPC_COM_MENU '1';
2019-06-14 15:27:41 EXEC SPC_COM_PERMISSION '1','2','v003';
2019-06-14 15:27:41 EXEC SPC_COM_MENU '1';
2019-06-14 15:27:41 EXEC SPC_COM_PERMISSION '1','2','v003';
2019-06-14 15:27:41 EXEC SPC_COM_MENU '1';
2019-06-14 15:27:47 EXEC SPC_COM_MENU '1';
2019-06-14 15:28:41 EXEC SPC_COM_PERMISSION '1','2','v003';
2019-06-14 15:28:41 EXEC SPC_COM_MENU '1';
2019-06-14 15:28:42 EXEC SPC_COM_PERMISSION '1','2','v003';
2019-06-14 15:28:42 EXEC SPC_COM_MENU '1';
2019-06-14 15:28:45 EXEC SPC_COM_MENU '1';
2019-06-14 15:29:50 EXEC SPC_COM_PERMISSION '1','2','v003';
2019-06-14 15:29:50 EXEC SPC_COM_MENU '1';
2019-06-14 15:29:51 EXEC SPC_COM_PERMISSION '1','2','v003';
2019-06-14 15:29:51 EXEC SPC_COM_MENU '1';
2019-06-14 15:29:55 EXEC SPC_COM_MENU '1';
2019-06-14 15:47:42 EXEC SPC_COM_PERMISSION '1','2','v003';
2019-06-14 15:47:42 EXEC SPC_COM_MENU '1';
2019-06-14 15:47:43 EXEC SPC_COM_PERMISSION '1','2','v003';
2019-06-14 15:47:43 EXEC SPC_COM_MENU '1';
2019-06-14 15:47:48 EXEC SPC_COM_MENU '1';
2019-06-14 15:48:41 EXEC SPC_COM_MENU '1';
2019-06-14 15:49:12 EXEC SPC_COM_PERMISSION '1','2','v003';
2019-06-14 15:49:12 EXEC SPC_COM_MENU '1';
2019-06-14 15:49:12 EXEC SPC_COM_PERMISSION '1','2','v003';
2019-06-14 15:49:12 EXEC SPC_COM_MENU '1';
2019-06-14 15:49:16 EXEC SPC_COM_MENU '1';
2019-06-14 15:52:19 EXEC SPC_COM_PERMISSION '1','2','v003';
2019-06-14 15:52:19 EXEC SPC_COM_MENU '1';
2019-06-14 15:52:19 EXEC SPC_COM_PERMISSION '1','2','v003';
2019-06-14 15:52:19 EXEC SPC_COM_MENU '1';
2019-06-14 15:52:23 EXEC SPC_COM_MENU '1';
2019-06-14 15:52:51 EXEC SPC_COM_PERMISSION '1','2','v003';
2019-06-14 15:52:51 EXEC SPC_COM_MENU '1';
2019-06-14 15:52:51 EXEC SPC_COM_PERMISSION '1','2','v003';
2019-06-14 15:52:51 EXEC SPC_COM_MENU '1';
2019-06-14 15:52:56 EXEC SPC_COM_MENU '1';
2019-06-14 15:53:24 EXEC SPC_COM_PERMISSION '1','2','v003';
2019-06-14 15:53:24 EXEC SPC_COM_MENU '1';
2019-06-14 15:53:25 EXEC SPC_COM_PERMISSION '1','2','v003';
2019-06-14 15:53:25 EXEC SPC_COM_MENU '1';
2019-06-14 15:53:32 EXEC SPC_COM_MENU '1';
2019-06-14 15:53:42 EXEC SPC_COM_PERMISSION '1','2','v003';
2019-06-14 15:53:42 EXEC SPC_COM_MENU '1';
2019-06-14 15:53:43 EXEC SPC_COM_PERMISSION '1','2','v003';
2019-06-14 15:53:43 EXEC SPC_COM_MENU '1';
2019-06-14 15:53:48 EXEC SPC_COM_MENU '1';
2019-06-14 15:55:14 EXEC SPC_COM_MENU '1';
2019-06-14 16:01:52 EXEC SPC_COM_PERMISSION '1','2','v003';
2019-06-14 16:01:52 EXEC SPC_COM_MENU '1';
2019-06-14 16:01:53 EXEC SPC_COM_PERMISSION '1','2','v003';
2019-06-14 16:01:53 EXEC SPC_COM_MENU '1';
2019-06-14 16:01:56 EXEC SPC_COM_MENU '1';
2019-06-14 16:09:13 EXEC SPC_COM_PERMISSION '1','2','v003';
2019-06-14 16:09:13 EXEC SPC_COM_MENU '1';
2019-06-14 16:09:14 EXEC SPC_COM_PERMISSION '1','2','v003';
2019-06-14 16:09:14 EXEC SPC_COM_MENU '1';
2019-06-14 16:09:21 EXEC SPC_COM_MENU '1';
2019-06-14 16:30:29 EXEC SPC_COM_PERMISSION '1','2','v003';
2019-06-14 16:30:29 EXEC SPC_COM_MENU '1';
2019-06-14 16:30:46 EXEC SPC_COM_PERMISSION '1','2','v003';
2019-06-14 16:30:46 EXEC SPC_COM_MENU '1';
2019-06-14 16:31:06 EXEC SPC_COM_PERMISSION '1','2','v003';
2019-06-14 16:31:06 EXEC SPC_COM_MENU '1';
2019-06-14 16:31:07 EXEC SPC_COM_PERMISSION '1','2','v003';
2019-06-14 16:31:07 EXEC SPC_COM_MENU '1';
2019-06-14 16:31:18 EXEC SPC_COM_MENU '1';
2019-06-14 16:32:07 EXEC SPC_COM_PERMISSION '1','2','v003';
2019-06-14 16:32:07 EXEC SPC_COM_MENU '1';
2019-06-14 16:32:08 EXEC SPC_COM_PERMISSION '1','2','v003';
2019-06-14 16:32:08 EXEC SPC_COM_MENU '1';
2019-06-14 16:32:09 EXEC SPC_COM_PERMISSION '1','2','v003';
2019-06-14 16:32:09 EXEC SPC_COM_MENU '1';
2019-06-14 16:33:47 EXEC SPC_COM_PERMISSION '1','2','v003';
2019-06-14 16:33:47 EXEC SPC_COM_MENU '1';
2019-06-14 16:33:47 EXEC SPC_COM_PERMISSION '1','2','v003';
2019-06-14 16:33:47 EXEC SPC_COM_MENU '1';
2019-06-14 16:33:48 EXEC SPC_COM_PERMISSION '1','2','v003';
2019-06-14 16:33:48 EXEC SPC_COM_MENU '1';
2019-06-14 16:33:52 EXEC SPC_COM_MENU '1';
2019-06-14 16:41:50 EXEC SPC_COM_PERMISSION '1','2','v003';
2019-06-14 16:41:50 EXEC SPC_COM_MENU '1';
2019-06-14 16:41:50 EXEC SPC_COM_PERMISSION '1','2','v003';
2019-06-14 16:41:50 EXEC SPC_COM_MENU '1';
2019-06-14 17:31:21 EXEC SPC_COM_PERMISSION '1','2','v003';
2019-06-14 17:31:21 EXEC SPC_COM_MENU '1';
2019-06-14 17:31:21 EXEC SPC_COM_PERMISSION '1','2','v003';
2019-06-14 17:31:21 EXEC SPC_COM_MENU '1';
2019-06-14 17:31:48 EXEC SPC_COM_PERMISSION '1','2','v003';
2019-06-14 17:31:48 EXEC SPC_COM_MENU '1';
2019-06-14 17:31:48 EXEC SPC_COM_PERMISSION '1','2','v003';
2019-06-14 17:31:48 EXEC SPC_COM_MENU '1';
2019-06-14 17:31:54 EXEC SPC_COM_MENU '1';
2019-06-14 17:32:42 EXEC SPC_COM_PERMISSION '1','2','v003';
2019-06-14 17:32:42 EXEC SPC_COM_MENU '1';
2019-06-14 17:32:43 EXEC SPC_COM_PERMISSION '1','2','v003';
2019-06-14 17:32:43 EXEC SPC_COM_MENU '1';
2019-06-14 17:33:01 EXEC SPC_COM_MENU '1';
2019-06-14 17:34:41 EXEC SPC_COM_PERMISSION '1','2','v003';
2019-06-14 17:34:41 EXEC SPC_COM_MENU '1';
2019-06-14 17:34:42 EXEC SPC_COM_PERMISSION '1','2','v003';
2019-06-14 17:34:42 EXEC SPC_COM_MENU '1';
2019-06-14 17:34:46 EXEC SPC_COM_MENU '1';
2019-06-14 17:35:28 EXEC SPC_COM_PERMISSION '1','2','v003';
2019-06-14 17:35:28 EXEC SPC_COM_MENU '1';
2019-06-14 17:35:29 EXEC SPC_COM_PERMISSION '1','2','v003';
2019-06-14 17:35:29 EXEC SPC_COM_MENU '1';
2019-06-14 17:35:34 EXEC SPC_COM_MENU '1';
2019-06-14 17:36:43 EXEC SPC_COM_PERMISSION '1','2','v003';
2019-06-14 17:36:43 EXEC SPC_COM_MENU '1';
2019-06-14 17:36:43 EXEC SPC_COM_PERMISSION '1','2','v003';
2019-06-14 17:36:43 EXEC SPC_COM_MENU '1';
2019-06-14 17:36:46 EXEC SPC_COM_MENU '1';
2019-06-14 17:37:26 EXEC SPC_COM_PERMISSION '1','2','v003';
2019-06-14 17:37:26 EXEC SPC_COM_MENU '1';
2019-06-14 17:37:27 EXEC SPC_COM_PERMISSION '1','2','v003';
2019-06-14 17:37:27 EXEC SPC_COM_MENU '1';
2019-06-14 17:37:31 EXEC SPC_COM_MENU '1';
2019-06-14 17:38:16 EXEC SPC_COM_PERMISSION '1','2','v003';
2019-06-14 17:38:16 EXEC SPC_COM_MENU '1';
2019-06-14 17:38:17 EXEC SPC_COM_PERMISSION '1','2','v003';
2019-06-14 17:38:17 EXEC SPC_COM_MENU '1';
2019-06-14 17:38:20 EXEC SPC_COM_MENU '1';
2019-06-14 17:39:03 EXEC SPC_COM_PERMISSION '1','2','v003';
2019-06-14 17:39:03 EXEC SPC_COM_MENU '1';
2019-06-14 17:39:04 EXEC SPC_COM_PERMISSION '1','2','v003';
2019-06-14 17:39:04 EXEC SPC_COM_MENU '1';
2019-06-14 17:39:08 EXEC SPC_COM_MENU '1';
2019-06-14 17:42:02 EXEC SPC_COM_PERMISSION '1','2','v003';
2019-06-14 17:42:02 EXEC SPC_COM_MENU '1';
2019-06-14 17:42:02 EXEC SPC_COM_PERMISSION '1','2','v003';
2019-06-14 17:42:02 EXEC SPC_COM_MENU '1';
2019-06-14 17:42:07 EXEC SPC_COM_MENU '1';
2019-06-14 17:46:13 EXEC SPC_COM_PERMISSION '1','2','v003';
2019-06-14 17:46:13 EXEC SPC_COM_MENU '1';
2019-06-14 17:46:13 EXEC SPC_COM_PERMISSION '1','2','v003';
2019-06-14 17:46:14 EXEC SPC_COM_MENU '1';
2019-06-14 17:46:16 EXEC SPC_COM_MENU '1';
2019-06-14 17:48:07 EXEC SPC_COM_PERMISSION '1','2','v003';
2019-06-14 17:48:07 EXEC SPC_COM_MENU '1';
2019-06-14 17:48:08 EXEC SPC_COM_PERMISSION '1','2','v003';
2019-06-14 17:48:08 EXEC SPC_COM_MENU '1';
2019-06-14 17:48:12 EXEC SPC_COM_MENU '1';
2019-06-14 17:51:57 EXEC SPC_COM_PERMISSION '1','2','v003';
2019-06-14 17:51:57 EXEC SPC_COM_MENU '1';
2019-06-14 17:51:57 EXEC SPC_COM_PERMISSION '1','2','v003';
2019-06-14 17:51:57 EXEC SPC_COM_MENU '1';
2019-06-14 17:52:00 EXEC SPC_COM_MENU '1';
2019-06-14 17:52:16 EXEC SPC_COM_PERMISSION '1','2','v003';
2019-06-14 17:52:16 EXEC SPC_COM_MENU '1';
2019-06-14 17:52:33 EXEC SPC_COM_PERMISSION '1','2','v003';
2019-06-14 17:52:33 EXEC SPC_COM_MENU '1';
2019-06-14 17:53:32 EXEC SPC_COM_MENU '1';
2019-06-14 17:53:45 EXEC SPC_COM_PERMISSION '1','2','v003';
2019-06-14 17:53:45 EXEC SPC_COM_MENU '1';
2019-06-14 17:54:05 EXEC SPC_COM_PERMISSION '1','2','v003';
2019-06-14 17:54:05 EXEC SPC_COM_MENU '1';
2019-06-14 17:54:06 EXEC SPC_COM_MENU '1';
2019-06-14 17:54:09 EXEC SPC_COM_PERMISSION '1','2','v003';
2019-06-14 17:54:09 EXEC SPC_COM_MENU '1';
2019-06-14 17:54:12 EXEC SPC_COM_MENU '1';
2019-06-14 17:54:52 EXEC SPC_COM_PERMISSION '1','2','v003';
2019-06-14 17:54:52 EXEC SPC_COM_MENU '1';
2019-06-14 17:55:07 EXEC SPC_COM_PERMISSION '1','2','v003';
2019-06-14 17:55:07 EXEC SPC_COM_MENU '1';
2019-06-14 17:55:09 EXEC SPC_COM_MENU '1';
2019-06-14 17:55:47 EXEC SPC_COM_PERMISSION '1','2','v003';
2019-06-14 17:55:47 EXEC SPC_COM_MENU '1';
2019-06-14 17:55:49 EXEC SPC_COM_MENU '1';
2019-06-14 17:56:01 EXEC SPC_COM_PERMISSION '1','2','v003';
2019-06-14 17:56:01 EXEC SPC_COM_MENU '1';
2019-06-14 17:56:02 EXEC SPC_COM_MENU '1';
2019-06-14 17:59:39 EXEC SPC_COM_PERMISSION '1','2','v003';
2019-06-14 17:59:39 EXEC SPC_COM_MENU '1';
2019-06-14 17:59:41 EXEC SPC_COM_MENU '1';
2019-06-14 18:01:42 EXEC SPC_COM_PERMISSION '1','2','v003';
2019-06-14 18:01:42 EXEC SPC_COM_MENU '1';
2019-06-14 18:01:44 EXEC SPC_COM_MENU '1';
2019-06-14 18:02:11 EXEC SPC_COM_PERMISSION '1','2','v003';
2019-06-14 18:02:11 EXEC SPC_COM_MENU '1';
2019-06-14 18:02:12 EXEC SPC_COM_MENU '1';
2019-06-14 18:04:35 EXEC SPC_COM_PERMISSION '1','2','v003';
2019-06-14 18:04:35 EXEC SPC_COM_MENU '1';
2019-06-14 18:04:37 EXEC SPC_COM_MENU '1';
2019-06-14 18:04:59 EXEC SPC_COM_PERMISSION '1','2','v003';
2019-06-14 18:04:59 EXEC SPC_COM_MENU '1';
2019-06-14 18:05:02 EXEC SPC_COM_MENU '1';
2019-06-14 18:07:53 EXEC SPC_COM_PERMISSION '1','2','v003';
2019-06-14 18:07:53 EXEC SPC_COM_MENU '1';
2019-06-14 18:08:00 EXEC SPC_COM_MENU '1';
2019-06-14 18:08:23 EXEC SPC_COM_MENU '1';
2019-06-14 18:09:25 EXEC SPC_COM_PERMISSION '1','2','v003';
2019-06-14 18:09:25 EXEC SPC_COM_MENU '1';
2019-06-14 18:09:28 EXEC SPC_COM_MENU '1';
2019-06-14 18:09:43 EXEC SPC_COM_MENU '1';
