2019-06-19 09:03:10 EXEC SPC_COM_PERMISSION '1','2','v003';
2019-06-19 09:03:10 EXEC SPC_COM_MENU '1';
2019-06-19 09:03:11 EXEC SPC_COM_MENU '1';
2019-06-19 09:05:28 EXEC SPC_COM_MENU '1';
2019-06-19 11:07:01 EXEC SPC_COMMON_ACCOUNT '1','2';
2019-06-19 11:07:01 EXEC SPC_COM_PERMISSION '1','2','v003';
2019-06-19 11:07:01 EXEC SPC_COM_MENU '1';
2019-06-19 11:07:02 EXEC SPC_COM_MENU '1';
2019-06-19 11:07:08 EXEC SPC_COM_MENU '1';
2019-06-19 11:07:09 EXEC SPC_COM_MENU '1';
2019-06-19 11:27:50 EXEC SPC_COM_MENU '1';
2019-06-19 11:27:52 EXEC SPC_COM_MENU '1';
2019-06-19 11:27:54 EXEC SPC_COM_MENU '1';
2019-06-19 11:38:14 EXEC SPC_COM_MENU '1';
2019-06-19 11:50:13 EXEC SPC_COM_PERMISSION '1','2','v003';
2019-06-19 11:50:13 EXEC SPC_COM_MENU '1';
2019-06-19 11:50:14 EXEC SPC_COM_MENU '1';
2019-06-19 11:50:22 EXEC SPC_COM_MENU '1';
2019-06-19 11:50:45 EXEC SPC_COM_PERMISSION '1','2','v003';
2019-06-19 11:50:45 EXEC SPC_COM_MENU '1';
2019-06-19 11:50:46 EXEC SPC_COM_MENU '1';
2019-06-19 11:52:12 EXEC SPC_COM_PERMISSION '1','2','v003';
2019-06-19 11:52:12 EXEC SPC_COM_MENU '1';
2019-06-19 11:52:13 EXEC SPC_COM_MENU '1';
2019-06-19 11:53:15 EXEC SPC_COM_PERMISSION '1','2','v003';
2019-06-19 11:53:15 EXEC SPC_COM_MENU '1';
2019-06-19 11:53:16 EXEC SPC_COM_MENU '1';
2019-06-19 11:54:31 EXEC SPC_COM_PERMISSION '1','2','v003';
2019-06-19 11:54:32 EXEC SPC_COM_MENU '1';
2019-06-19 11:54:32 EXEC SPC_COM_MENU '1';
2019-06-19 11:55:46 EXEC SPC_COM_PERMISSION '1','2','v003';
2019-06-19 11:55:46 EXEC SPC_COM_MENU '1';
2019-06-19 11:55:47 EXEC SPC_COM_MENU '1';
2019-06-19 13:27:48 EXEC SPC_COM_PERMISSION '1','2','v003';
2019-06-19 13:27:48 EXEC SPC_COM_MENU '1';
2019-06-19 13:27:49 EXEC SPC_COM_MENU '1';
2019-06-19 13:29:41 EXEC SPC_COM_PERMISSION '1','2','v003';
2019-06-19 13:29:41 EXEC SPC_COM_MENU '1';
2019-06-19 13:29:41 EXEC SPC_COM_MENU '1';
2019-06-19 13:39:42 EXEC SPC_COM_PERMISSION '1','2','v003';
2019-06-19 13:39:42 EXEC SPC_COM_MENU '1';
2019-06-19 13:39:43 EXEC SPC_COM_MENU '1';
2019-06-19 13:39:48 EXEC SPC_COM_MENU '1';
2019-06-19 13:39:48 EXEC SPC_v003_ACT1 '<row row_id="0" word_id="1" word_dtl_id="0" audio="" /><row row_id="1" word_id="2" word_dtl_id="0" audio="" /><row row_id="2" word_id="3" word_dtl_id="0" audio="" /><row row_id="3" word_id="3" word_dtl_id="1" audio="" /><row row_id="4" word_id="4" word_dtl_id="0" audio="" /><row row_id="5" word_id="4" word_dtl_id="1" audio="" /><row row_id="6" word_id="5" word_dtl_id="0" audio="" /><row row_id="7" word_id="6" word_dtl_id="0" audio="" /><row row_id="8" word_id="6" word_dtl_id="1" audio="" /><row row_id="9" word_id="6" word_dtl_id="2" audio="" /><row row_id="10" word_id="6" word_dtl_id="3" audio="" /><row row_id="11" word_id="7" word_dtl_id="0" audio="/web-content/dictonary/audio/d/doctor.wav" /><row row_id="12" word_id="7" word_dtl_id="1" audio="/web-content/dictonary/audio/d/doctor.wav" /><row row_id="13" word_id="7" word_dtl_id="2" audio="/web-content/dictonary/audio/d/doctor.wav" /><row row_id="14" word_id="7" word_dtl_id="3" audio="/web-content/dictonary/audio/d/doctor.wav" /><row row_id="15" word_id="7" word_dtl_id="4" audio="/web-content/dictonary/audio/d/doctor.wav" /><row row_id="16" word_id="7" word_dtl_id="5" audio="/web-content/dictonary/audio/d/doctor.wav" /><row row_id="17" word_id="7" word_dtl_id="6" audio="/web-content/dictonary/audio/d/doctor.wav" /><row row_id="18" word_id="7" word_dtl_id="7" audio="/web-content/dictonary/audio/d/doctor.wav" /><row row_id="19" word_id="7" word_dtl_id="8" audio="/web-content/dictonary/audio/d/doctor.wav" /><row row_id="20" word_id="7" word_dtl_id="9" audio="/web-content/dictonary/audio/d/doctor.wav" /><row row_id="21" word_id="7" word_dtl_id="10" audio="/web-content/dictonary/audio/d/doctor.wav" /><row row_id="22" word_id="7" word_dtl_id="11" audio="/web-content/dictonary/audio/d/doctor.wav" /><row row_id="23" word_id="7" word_dtl_id="12" audio="/web-content/dictonary/audio/d/doctor.wav" /><row row_id="24" word_id="7" word_dtl_id="13" audio="/web-content/dictonary/audio/d/doctor.wav" /><row row_id="25" word_id="7" word_dtl_id="14" audio="/web-content/dictonary/audio/d/doctor.wav" /><row row_id="26" word_id="7" word_dtl_id="15" audio="/web-content/dictonary/audio/d/doctor.wav" /><row row_id="27" word_id="7" word_dtl_id="16" audio="/web-content/dictonary/audio/d/doctor.wav" /><row row_id="28" word_id="7" word_dtl_id="17" audio="/web-content/dictonary/audio/d/doctor.wav" /><row row_id="29" word_id="7" word_dtl_id="18" audio="/web-content/dictonary/audio/d/doctor.wav" /><row row_id="30" word_id="8" word_dtl_id="0" audio="" /><row row_id="31" word_id="9" word_dtl_id="0" audio="" /><row row_id="32" word_id="10" word_dtl_id="0" audio="" /><row row_id="33" word_id="10" word_dtl_id="1" audio="" /><row row_id="34" word_id="10" word_dtl_id="2" audio="" /><row row_id="35" word_id="10" word_dtl_id="3" audio="" /><row row_id="36" word_id="10" word_dtl_id="4" audio="" />','1','::1';
2019-06-19 13:39:48 SQLSTATE[42000]: [Microsoft][ODBC Driver 17 for SQL Server][SQL Server]ストアド プロシージャ 'SPC_v003_ACT1' が見つかりませんでした。
2019-06-19 13:40:25 EXEC SPC_COM_PERMISSION '1','2','v003';
2019-06-19 13:40:25 EXEC SPC_COM_MENU '1';
2019-06-19 13:40:26 EXEC SPC_COM_MENU '1';
2019-06-19 13:41:49 EXEC SPC_COM_PERMISSION '1','2','v003';
2019-06-19 13:41:49 EXEC SPC_COM_MENU '1';
2019-06-19 13:41:50 EXEC SPC_COM_MENU '1';
2019-06-19 14:05:11 EXEC SPC_COM_PERMISSION '1','2','v003';
2019-06-19 14:05:11 EXEC SPC_COM_MENU '1';
2019-06-19 14:05:13 EXEC SPC_COM_MENU '1';
2019-06-19 14:06:01 EXEC SPC_COM_PERMISSION '1','2','v003';
2019-06-19 14:06:01 EXEC SPC_COM_MENU '1';
2019-06-19 14:06:02 EXEC SPC_COM_MENU '1';
2019-06-19 14:06:06 EXEC SPC_COM_MENU '1';
2019-06-19 14:06:06 EXEC SPC_v003_ACT1 '<row row_id="0" word_id="1" word_dtl_id="0" word="dockize" specialized="" field="" word_div="ngoại động từ" spell="/&amp;#39;dɔkaiz/ (dockise) /&amp;#39;dɔkaiz/" mean="xây dựng (con sông) thành dãy bến tàu" audio="" /><row row_id="1" word_id="2" word_dtl_id="0" word="dockland" specialized="" field="" word_div="danh từ" spell="" mean="khu vực lân cận với xưởng đóng tàu" audio="" /><row row_id="2" word_id="3" word_dtl_id="0" word="docks" specialized="kinh tế" field="" word_div="" spell="" mean="bến tàu" audio="" /><row row_id="3" word_id="3" word_dtl_id="1" word="docks" specialized="kinh tế" field="" word_div="" spell="" mean="khu cảng" audio="" /><row row_id="4" word_id="4" word_dtl_id="0" word="dockside" specialized="" field="" word_div="danh từ" spell="" mean="bờ biển hay vùng cạnh bến cảng" audio="" /><row row_id="5" word_id="4" word_dtl_id="1" word="dockside" specialized="kỹ thuật" field="" word_div="" spell="" mean="bến" audio="" /><row row_id="6" word_id="5" word_dtl_id="0" word="dockworker" specialized="" field="" word_div="danh từ" spell="" mean="xem docker" audio="" /><row row_id="7" word_id="6" word_dtl_id="0" word="dockyard" specialized="" field="" word_div="danh từ" spell="/&amp;#39;dɔkjɑ:d/" mean="xưởng sửa chữa và đóng tàu (chủ yếu của hải quân)" audio="" /><row row_id="8" word_id="6" word_dtl_id="1" word="dockyard" specialized="kinh tế" field="" word_div="" spell="/&amp;#39;dɔkjɑ:d/" mean="ụ tàu của hải quân" audio="" /><row row_id="9" word_id="6" word_dtl_id="2" word="dockyard" specialized="kinh tế" field="" word_div="" spell="/&amp;#39;dɔkjɑ:d/" mean="xưởng (đóng và sửa chữa) tàu" audio="" /><row row_id="10" word_id="6" word_dtl_id="3" word="dockyard" specialized="kỹ thuật" field="" word_div="" spell="/&amp;#39;dɔkjɑ:d/" mean="xưởng đóng tàu" audio="" /><row row_id="11" word_id="7" word_dtl_id="0" word="doctor" specialized="" field="" word_div="" spell="/&amp;#39;dɔktə/" mean="(hàng hải),  (từ lóng) người đầu bếp, anh nuôi (trên tàu)" audio="/web-content/dictonary/audio/d/doctor.wav" /><row row_id="12" word_id="7" word_dtl_id="1" word="doctor" specialized="" field="" word_div="" spell="/&amp;#39;dɔktə/" mean="bộ phận điều chỉnh (ở máy)" audio="/web-content/dictonary/audio/d/doctor.wav" /><row row_id="13" word_id="7" word_dtl_id="2" word="doctor" specialized="" field="" word_div="" spell="/&amp;#39;dɔktə/" mean="ruồi già (để câu cá)" audio="/web-content/dictonary/audio/d/doctor.wav" /><row row_id="14" word_id="7" word_dtl_id="3" word="doctor" specialized="" field="" word_div="" spell="/&amp;#39;dɔktə/" mean="(từ cổ,nghĩa cổ) nhà học giả, nhà thông thái" audio="/web-content/dictonary/audio/d/doctor.wav" /><row row_id="15" word_id="7" word_dtl_id="4" word="doctor" specialized="" field="" word_div="" spell="/&amp;#39;dɔktə/" mean="cấp bằng bác sĩ y khoa cho" audio="/web-content/dictonary/audio/d/doctor.wav" /><row row_id="16" word_id="7" word_dtl_id="5" word="doctor" specialized="" field="" word_div="" spell="/&amp;#39;dɔktə/" mean="thiến, hoạn" audio="/web-content/dictonary/audio/d/doctor.wav" /><row row_id="17" word_id="7" word_dtl_id="6" word="doctor" specialized="" field="" word_div="" spell="/&amp;#39;dɔktə/" mean="sửa chữa, chấp vá (máy...)" audio="/web-content/dictonary/audio/d/doctor.wav" /><row row_id="18" word_id="7" word_dtl_id="7" word="doctor" specialized="" field="" word_div="" spell="/&amp;#39;dɔktə/" mean="làm giả, giả mạo" audio="/web-content/dictonary/audio/d/doctor.wav" /><row row_id="19" word_id="7" word_dtl_id="8" word="doctor" specialized="" field="" word_div="" spell="/&amp;#39;dɔktə/" mean="((thường) + up) pha, pha trộn (rượu, thức ăn...) (để làm kém phẩm chất)" audio="/web-content/dictonary/audio/d/doctor.wav" /><row row_id="20" word_id="7" word_dtl_id="9" word="doctor" specialized="" field="" word_div="danh từ" spell="/&amp;#39;dɔktə/" mean="bác sĩ y khoa" audio="/web-content/dictonary/audio/d/doctor.wav" /><row row_id="21" word_id="7" word_dtl_id="10" word="doctor" specialized="" field="" word_div="danh từ" spell="/&amp;#39;dɔktə/" mean="tiến sĩ" audio="/web-content/dictonary/audio/d/doctor.wav" /><row row_id="22" word_id="7" word_dtl_id="11" word="doctor" specialized="" field="" word_div="ngoại động từ" spell="/&amp;#39;dɔktə/" mean="chữa bệnh cho (ai); cho uống thuốc, tống thuốc vào" audio="/web-content/dictonary/audio/d/doctor.wav" /><row row_id="23" word_id="7" word_dtl_id="12" word="doctor" specialized="" field="" word_div="nội động từ" spell="/&amp;#39;dɔktə/" mean="làm bác sĩ y khoa" audio="/web-content/dictonary/audio/d/doctor.wav" /><row row_id="24" word_id="7" word_dtl_id="13" word="doctor" specialized="kinh tế" field="" word_div="" spell="/&amp;#39;dɔktə/" mean="chất chống kêt dính" audio="/web-content/dictonary/audio/d/doctor.wav" /><row row_id="25" word_id="7" word_dtl_id="14" word="doctor" specialized="kinh tế" field="" word_div="" spell="/&amp;#39;dɔktə/" mean="chất phụ gia" audio="/web-content/dictonary/audio/d/doctor.wav" /><row row_id="26" word_id="7" word_dtl_id="15" word="doctor" specialized="kỹ thuật" field="" word_div="" spell="/&amp;#39;dɔktə/" mean="dao cạo" audio="/web-content/dictonary/audio/d/doctor.wav" /><row row_id="27" word_id="7" word_dtl_id="16" word="doctor" specialized="kỹ thuật" field="điện lạnh" word_div="" spell="/&amp;#39;dɔktə/" mean="cực giả" audio="/web-content/dictonary/audio/d/doctor.wav" /><row row_id="28" word_id="7" word_dtl_id="17" word="doctor" specialized="kỹ thuật" field="xây dựng" word_div="" spell="/&amp;#39;dɔktə/" mean="tiến sĩ" audio="/web-content/dictonary/audio/d/doctor.wav" /><row row_id="29" word_id="7" word_dtl_id="18" word="doctor" specialized="kỹ thuật" field="điện" word_div="" spell="/&amp;#39;dɔktə/" mean="trong mạ điện" audio="/web-content/dictonary/audio/d/doctor.wav" /><row row_id="30" word_id="8" word_dtl_id="0" word="doctor (of science)" specialized="kỹ thuật" field="xây dựng" word_div="" spell="" mean="tiến sĩ khoa học" audio="" /><row row_id="31" word_id="9" word_dtl_id="0" word="doctor assistant&amp;#39;s consulting room" specialized="kỹ thuật" field="xây dựng" word_div="" spell="" mean="phòng của trợ lý bác sĩ" audio="" /><row row_id="32" word_id="10" word_dtl_id="0" word="doctor blade" specialized="kỹ thuật" field="" word_div="" spell="" mean="dao cạo" audio="" /><row row_id="33" word_id="10" word_dtl_id="1" word="doctor blade" specialized="kỹ thuật" field="" word_div="" spell="" mean="dao gạt mực" audio="" /><row row_id="34" word_id="10" word_dtl_id="2" word="doctor blade" specialized="kỹ thuật" field="" word_div="" spell="" mean="lưỡi cạo" audio="" /><row row_id="35" word_id="10" word_dtl_id="3" word="doctor blade" specialized="kỹ thuật" field="" word_div="" spell="" mean="lưỡi dao cạo" audio="" /><row row_id="36" word_id="10" word_dtl_id="4" word="doctor blade" specialized="kỹ thuật" field="" word_div="" spell="" mean="lưỡi kim loại điều chỉnh" audio="" />','1','::1';
2019-06-19 14:55:54 EXEC SPC_COM_PERMISSION '1','2','m007';
2019-06-19 14:55:54 EXEC SPC_COM_MENU '1';
2019-06-19 14:55:54 EXEC SPC_M007_FND1
2019-06-19 14:55:57 EXEC SPC_COM_MENU '1';
2019-06-19 14:55:57 EXEC SPC_m007_LST1 '23';
2019-06-19 14:55:57 EXEC SPC_M007_FND1
2019-06-19 16:14:00 EXEC SPC_COM_MENU '1';
2019-06-19 16:14:00 EXEC SPC_m007_LST1 '8';
2019-06-19 16:14:00 EXEC SPC_M007_FND1
2019-06-19 16:20:24 EXEC SPC_COM_PERMISSION '1','2','m007';
2019-06-19 16:20:24 EXEC SPC_COM_MENU '1';
2019-06-19 16:20:24 EXEC SPC_M007_FND1
2019-06-19 16:20:29 EXEC SPC_COM_MENU '1';
2019-06-19 16:20:29 EXEC SPC_m007_LST1 '8';
2019-06-19 16:20:29 EXEC SPC_M007_FND1
2019-06-19 16:20:44 EXEC SPC_COM_MENU '1';
2019-06-19 16:20:44 EXEC SPC_M007_ACT1 '8','<row row_id="0" number_id="0" content="" num_remark1="" num_remark2="" num_remark3="" text_remark1="" text_remark2="" text_remark3="" /><row row_id="1" number_id="1" content="Danh từ" num_remark1="" num_remark2="" num_remark3="" text_remark1="" text_remark2="" text_remark3="" /><row row_id="2" number_id="2" content="Tính từ" num_remark1="" num_remark2="" num_remark3="" text_remark1="" text_remark2="" text_remark3="" /><row row_id="3" number_id="3" content="Động từ" num_remark1="" num_remark2="" num_remark3="" text_remark1="" text_remark2="" text_remark3="" /><row row_id="4" number_id="4" content="Trạng từ" num_remark1="" num_remark2="" num_remark3="" text_remark1="" text_remark2="" text_remark3="" />','1','::1';
2019-06-19 16:20:45 EXEC SPC_COM_MENU '1';
2019-06-19 16:20:45 EXEC SPC_m007_LST1 '8';
2019-06-19 16:20:45 EXEC SPC_M007_FND1
2019-06-19 16:20:49 EXEC SPC_COM_MENU '1';
2019-06-19 16:20:49 EXEC SPC_m007_LST1 '23';
2019-06-19 16:20:49 EXEC SPC_M007_FND1
2019-06-19 16:20:54 EXEC SPC_COM_MENU '1';
2019-06-19 16:20:54 EXEC SPC_M007_ACT1 '23','<row row_id="0" number_id="0" content="" num_remark1="" num_remark2="" num_remark3="" text_remark1="" text_remark2="" text_remark3="" />','1','::1';
2019-06-19 16:20:55 EXEC SPC_COM_MENU '1';
2019-06-19 16:20:55 EXEC SPC_m007_LST1 '23';
2019-06-19 16:20:55 EXEC SPC_M007_FND1
2019-06-19 16:20:58 EXEC SPC_COM_MENU '1';
2019-06-19 16:20:58 EXEC SPC_m007_LST1 '24';
2019-06-19 16:20:58 EXEC SPC_M007_FND1
2019-06-19 16:21:03 EXEC SPC_COM_MENU '1';
2019-06-19 16:21:03 EXEC SPC_M007_ACT1 '24','<row row_id="0" number_id="0" content="" num_remark1="" num_remark2="" num_remark3="" text_remark1="" text_remark2="" text_remark3="" />','1','::1';
2019-06-19 16:21:04 EXEC SPC_COM_MENU '1';
2019-06-19 16:21:04 EXEC SPC_m007_LST1 '24';
2019-06-19 16:21:04 EXEC SPC_M007_FND1
2019-06-19 16:21:10 EXEC SPC_COM_PERMISSION '1','2','v003';
2019-06-19 16:21:10 EXEC SPC_COM_MENU '1';
2019-06-19 16:21:11 EXEC SPC_COM_MENU '1';
2019-06-19 16:21:17 EXEC SPC_COM_MENU '1';
2019-06-19 16:22:02 EXEC SPC_COM_MENU '1';
2019-06-19 16:22:02 EXEC SPC_v003_ACT1 '<row row_id="0" word_id="1" word_dtl_id="0" word="&amp;quot;A&amp;quot; licence" specialized="kinh tế" field="" word_div="" spell="" mean="giấy phép &amp;quot;A&amp;quot;" audio="" /><row row_id="1" word_id="1" word_dtl_id="1" word="&amp;quot;A&amp;quot; licence" specialized="kinh tế" field="" word_div="" spell="" mean="môn bài &amp;quot;A&amp;quot;" audio="" /><row row_id="2" word_id="2" word_dtl_id="0" word="&amp;quot;acid test&amp;quot; (ratio)" specialized="kinh tế" field="" word_div="" spell="" mean="tỉ lệ tích sản-trái vụ" audio="" /><row row_id="3" word_id="3" word_dtl_id="0" word="&amp;quot;and&amp;quot; tube" specialized="kỹ thuật" field="toán &amp; tin" word_div="" spell="" mean="đèn &amp;quot;và&amp;quot;" audio="" /><row row_id="4" word_id="4" word_dtl_id="0" word="&amp;quot;as if&amp;quot; statistics" specialized="kinh tế" field="" word_div="" spell="" mean="thống kê &amp;quot; giả thiết&amp;quot;" audio="" /><row row_id="5" word_id="5" word_dtl_id="0" word="&amp;quot;ask-give&amp;quot; mechanism" specialized="kinh tế" field="" word_div="" spell="" mean="cơ chế &amp;quot;xin-cho&amp;quot;" audio="" /><row row_id="6" word_id="6" word_dtl_id="0" word="&amp;quot;at&amp;quot; mark" specialized="kỹ thuật" field="toán &amp; tin" word_div="" spell="" mean="nhãn &amp;quot;at&amp;quot;" audio="" /><row row_id="7" word_id="7" word_dtl_id="0" word="&amp;quot;B&amp;quot; licence" specialized="kinh tế" field="" word_div="" spell="" mean="giấy phép &amp;quot;B&amp;quot;" audio="" /><row row_id="8" word_id="7" word_dtl_id="1" word="&amp;quot;B&amp;quot; licence" specialized="kinh tế" field="" word_div="" spell="" mean="môn bài &amp;quot;B&amp;quot;" audio="" /><row row_id="9" word_id="8" word_dtl_id="0" word="&amp;quot;B&amp;quot; share" specialized="kinh tế" field="" word_div="" spell="" mean="cổ phiếu B" audio="" /><row row_id="10" word_id="9" word_dtl_id="0" word="&amp;quot;B&amp;quot; stock" specialized="kinh tế" field="" word_div="" spell="" mean="cổ phiếu nhân lãi trước" audio="" /><row row_id="11" word_id="9" word_dtl_id="1" word="&amp;quot;B&amp;quot; stock" specialized="kinh tế" field="" word_div="" spell="" mean="cổ phiếu ưu tiên lãi &amp;quot;B&amp;quot;" audio="" /><row row_id="12" word_id="9" word_dtl_id="2" word="&amp;quot;B&amp;quot; stock" specialized="kinh tế" field="" word_div="" spell="" mean="cổ phiếu ưu tiên thường" audio="" /><row row_id="13" word_id="10" word_dtl_id="0" word="&amp;quot;back-door&amp;quot; deal" specialized="kinh tế" field="" word_div="" spell="" mean="giao dịch cửa sau" audio="" />','1','::1';
2019-06-19 16:25:04 EXEC SPC_COM_MENU '1';
2019-06-19 16:25:27 EXEC SPC_COM_MENU '1';
2019-06-19 16:25:28 EXEC SPC_v003_ACT1 '<row row_id="0" word_id="1" word_dtl_id="0" word="&amp;quot;base-ball&amp;quot; coil" specialized="kỹ thuật" field="điện lạnh" word_div="" spell="" mean="cuộn dây hình &amp;quot;bóng chày&amp;quot;" audio="" /><row row_id="1" word_id="2" word_dtl_id="0" word="&amp;quot;beggar-my-neighbour&amp;quot; policy" specialized="kinh tế" field="" word_div="" spell="" mean="chính sách &amp;quot;đẩy họa cho người&amp;quot;" audio="" /><row row_id="2" word_id="2" word_dtl_id="1" word="&amp;quot;beggar-my-neighbour&amp;quot; policy" specialized="kinh tế" field="" word_div="" spell="" mean="chính sách làm nghèo nước láng giềng" audio="" /><row row_id="3" word_id="2" word_dtl_id="2" word="&amp;quot;beggar-my-neighbour&amp;quot; policy" specialized="kinh tế" field="" word_div="" spell="" mean="chính sách lợi mình hại người" audio="" /><row row_id="4" word_id="3" word_dtl_id="0" word="&amp;quot;blister&amp;quot; copper" specialized="kỹ thuật" field="" word_div="" spell="" mean="đồng đen" audio="" /><row row_id="5" word_id="3" word_dtl_id="1" word="&amp;quot;blister&amp;quot; copper" specialized="kỹ thuật" field="cơ khí &amp; công trình" word_div="" spell="" mean="đồng xốp" audio="" /><row row_id="6" word_id="4" word_dtl_id="0" word="&amp;quot;Buddhist&amp;quot; economy" specialized="kinh tế" field="" word_div="" spell="" mean="nền kinh tế &amp;quot;Phật giáo&amp;quot; (hoạt động kinh tế tiêu cực)" audio="" /><row row_id="7" word_id="5" word_dtl_id="0" word="&amp;quot;Business Week&amp;quot;" specialized="kinh tế" field="" word_div="" spell="" mean="Tuần báo Kinh doanh (Mỹ)" audio="" /><row row_id="8" word_id="6" word_dtl_id="0" word="&amp;quot;C&amp;quot; licence" specialized="kinh tế" field="" word_div="" spell="" mean="giấy phép &amp;quot;C&amp;quot;" audio="" /><row row_id="9" word_id="6" word_dtl_id="1" word="&amp;quot;C&amp;quot; licence" specialized="kinh tế" field="" word_div="" spell="" mean="giấy phép C" audio="" /><row row_id="10" word_id="6" word_dtl_id="2" word="&amp;quot;C&amp;quot; licence" specialized="kinh tế" field="" word_div="" spell="" mean="môn bài &amp;quot;C&amp;quot;" audio="" /><row row_id="11" word_id="6" word_dtl_id="3" word="&amp;quot;C&amp;quot; licence" specialized="kinh tế" field="" word_div="" spell="" mean="môn bài C" audio="" /><row row_id="12" word_id="7" word_dtl_id="0" word="&amp;quot;Except for&amp;quot; opinion" specialized="kinh tế" field="" word_div="" spell="" mean="ý kiến &amp;quot;có ngoại trừ&amp;quot;" audio="" /><row row_id="13" word_id="8" word_dtl_id="0" word="&amp;quot;Extend Selection&amp;quot; mode" specialized="kỹ thuật" field="toán &amp; tin" word_div="" spell="" mean="chế độ mở rộng vùng chọn" audio="" /><row row_id="14" word_id="9" word_dtl_id="0" word="&amp;quot;GO&amp;quot; side" specialized="kỹ thuật" field="cơ khí &amp; công trình" word_div="" spell="" mean="phía có thể vào được" audio="" /><row row_id="15" word_id="10" word_dtl_id="0" word="&amp;quot;killer&amp;quot; application" specialized="kỹ thuật" field="toán &amp; tin" word_div="" spell="" mean="phần mềm tuyệt hảo" audio="" /><row row_id="16" word_id="10" word_dtl_id="1" word="&amp;quot;killer&amp;quot; application" specialized="kỹ thuật" field="toán &amp; tin" word_div="" spell="" mean="ứng dụng tuyệt hảo" audio="" />','1','::1';
2019-06-19 16:25:29 EXEC SPC_COM_MENU '1';
2019-06-19 16:26:02 EXEC SPC_COM_MENU '1';
2019-06-19 16:26:02 EXEC SPC_v003_ACT1 '<row row_id="0" word_id="1" word_dtl_id="0" word="&amp;quot;new-new&amp;quot; microeconomics" specialized="kinh tế" field="" word_div="" spell="" mean="tân kinh tế vĩ mô mới" audio="" /><row row_id="1" word_id="2" word_dtl_id="0" word="&amp;quot;NOT GO&amp;quot; gauging member" specialized="kỹ thuật" field="cơ khí &amp; công trình" word_div="" spell="" mean="phần không vào được" audio="" /><row row_id="2" word_id="3" word_dtl_id="0" word="&amp;quot;NOT GO&amp;quot; side" specialized="kỹ thuật" field="cơ khí &amp; công trình" word_div="" spell="" mean="phía không vào được" audio="" /><row row_id="3" word_id="4" word_dtl_id="0" word="&amp;quot;out&amp;quot; clearing" specialized="kinh tế" field="" word_div="" spell="" mean="gởi đi thanh toán bù trừ" audio="" /><row row_id="4" word_id="5" word_dtl_id="0" word="&amp;quot;release&amp;quot; bill of lading" specialized="kinh tế" field="" word_div="" spell="" mean="vận đơn cho qua" audio="" /><row row_id="5" word_id="6" word_dtl_id="0" word="&amp;quot;Save as you earn&amp;quot;" specialized="kinh tế" field="" word_div="" spell="" mean="kế hoạch tiết kiệm định kỳ" audio="" /><row row_id="6" word_id="6" word_dtl_id="1" word="&amp;quot;Save as you earn&amp;quot;" specialized="kinh tế" field="" word_div="" spell="" mean="kế hoạch tiết kiệm miễn thuế" audio="" /><row row_id="7" word_id="7" word_dtl_id="0" word="&amp;quot;Snake&amp;quot; arrangement" specialized="kinh tế" field="" word_div="" spell="" mean="thỏa thuận &amp;quot;con rắn&amp;quot;" audio="" /><row row_id="8" word_id="8" word_dtl_id="0" word="&amp;quot;star&amp;quot; symbol &amp;quot;*&amp;quot;" specialized="kỹ thuật" field="toán &amp; tin" word_div="" spell="" mean="ký hiệu hình sao (*)" audio="" /><row row_id="9" word_id="9" word_dtl_id="0" word="&amp;quot;to arrive&amp;quot; contract" specialized="kinh tế" field="" word_div="" spell="" mean="hợp đồng &amp;quot;hàng đến&amp;quot;" audio="" /><row row_id="10" word_id="9" word_dtl_id="1" word="&amp;quot;to arrive&amp;quot; contract" specialized="kinh tế" field="" word_div="" spell="" mean="hợp đồng giao hàng tại nơi đến" audio="" /><row row_id="11" word_id="10" word_dtl_id="0" word="&amp;quot;to arrive&amp;quot; price" specialized="kinh tế" field="" word_div="" spell="" mean="giá &amp;quot;hàng đến&amp;quot;" audio="" />','1','::1';
2019-06-19 16:26:04 EXEC SPC_COM_MENU '1';
2019-06-19 16:26:14 EXEC SPC_COM_PERMISSION '1','2','m007';
2019-06-19 16:26:14 EXEC SPC_COM_MENU '1';
2019-06-19 16:26:14 EXEC SPC_M007_FND1
2019-06-19 16:26:18 EXEC SPC_COM_MENU '1';
2019-06-19 16:26:18 EXEC SPC_m007_LST1 '23';
2019-06-19 16:26:18 EXEC SPC_M007_FND1
2019-06-19 16:26:21 EXEC SPC_COM_MENU '1';
2019-06-19 16:26:21 EXEC SPC_m007_LST1 '24';
2019-06-19 16:26:21 EXEC SPC_M007_FND1
2019-06-19 16:34:07 EXEC SPC_COM_MENU '1';
2019-06-19 16:34:07 EXEC SPC_v003_ACT1 '<row row_id="0" word_id="1" word_dtl_id="0" word="&amp;quot;to arrive&amp;quot; terms" specialized="kinh tế" field="" word_div="" spell="" mean="điều khoản hàng đến" audio="" /><row row_id="1" word_id="1" word_dtl_id="1" word="&amp;quot;to arrive&amp;quot; terms" specialized="kinh tế" field="" word_div="" spell="" mean="điều kiện sẽ đến ngay" audio="" /><row row_id="2" word_id="2" word_dtl_id="0" word="&amp;quot;turn-of-nut&amp;quot; method" specialized="kỹ thuật" field="cơ khí &amp; công trình" word_div="" spell="" mean="phương pháp &amp;quot;xoay đai ốc&amp;quot;" audio="" /><row row_id="3" word_id="3" word_dtl_id="0" word="&amp;quot;when issued&amp;quot; transaction" specialized="kinh tế" field="" word_div="" spell="" mean="giao dịch khi đã phát hành (cổ phiếu)" audio="" /><row row_id="4" word_id="4" word_dtl_id="0" word="(Air) Interface between Mobile and Base Station" specialized="kỹ thuật" field="điện tử &amp; viễn thông" word_div="" spell="" mean="giao diện (vô tuyến) giữa máy di động và trạm gốc" audio="" /><row row_id="5" word_id="5" word_dtl_id="0" word="(computer) human interface (CHI)" specialized="kỹ thuật" field="" word_div="" spell="" mean="giao diện người máy" audio="" /><row row_id="6" word_id="6" word_dtl_id="0" word="(computer) peripheral" specialized="kỹ thuật" field="" word_div="" spell="" mean="thiết bị ngoại vi" audio="" /><row row_id="7" word_id="7" word_dtl_id="0" word="(CPU) interrupt" specialized="kỹ thuật" field="toán &amp; tin" word_div="" spell="" mean="sự ngắt" audio="" /><row row_id="8" word_id="8" word_dtl_id="0" word="(International) Transit Centre (CT)" specialized="kỹ thuật" field="điện tử &amp; viễn thông" word_div="" spell="" mean="trung tâm quá giang (quốc tế)" audio="" /><row row_id="9" word_id="9" word_dtl_id="0" word="(Internet) Adult Sites Against Child Pornography (ASA)" specialized="kỹ thuật" field="điện tử &amp; viễn thông" word_div="" spell="" mean="Các trang người lớn ( trên Internet ) không dành cho trẻ em" audio="" />','1','::1';
2019-06-19 16:34:09 EXEC SPC_COM_MENU '1';
2019-06-19 16:36:00 EXEC SPC_COM_MENU '1';
2019-06-19 16:36:00 EXEC SPC_v003_ACT1 '<row row_id="0" word_id="1" word_dtl_id="0" word="-mancy" specialized="" field="" word_div="" spell="" mean="hình thái ghép chỉ sự đoán trước" audio="" /><row row_id="1" word_id="2" word_dtl_id="0" word="-manship" specialized="" field="" word_div="" spell="" mean="hình thái ghép có nghĩa tài nghệ" audio="" /><row row_id="2" word_id="3" word_dtl_id="0" word="-ment" specialized="" field="" word_div="" spell="" mean="hậu tố tạo danh từ có nghĩa:sự, quá trìnhthái độ, tình trạngsản phẩm, kết quả, nơi" audio="" /><row row_id="3" word_id="4" word_dtl_id="0" word="-mer" specialized="" field="" word_div="" spell="" mean="hậu tố tạo danh từ có nghĩa là polyme (trùng phân) hoặc isome (đồng phân)" audio="" /><row row_id="4" word_id="5" word_dtl_id="0" word="-merous" specialized="" field="" word_div="" spell="" mean="hình thái ghép tạo tính từ có nghĩa: có một số bộ phận nhất định" audio="" /><row row_id="5" word_id="6" word_dtl_id="0" word="-style" specialized="kỹ thuật" field="xây dựng" word_div="" spell="" mean="hậu tố -style" audio="" /><row row_id="6" word_id="7" word_dtl_id="0" word="-th" specialized="" field="" word_div="" spell="" mean="hình thái ở một số danh từ gốc động từ; tính từ chỉ :hoạt động kết quả hoạt động :" audio="" /><row row_id="7" word_id="7" word_dtl_id="1" word="-th" specialized="" field="" word_div="" spell="" mean="hình thái ở một số danh từ gốc động từ; tính từ chỉ :hoạt động kết quả hoạt động :" audio="" /><row row_id="8" word_id="8" word_dtl_id="0" word="-trichous" specialized="" field="" word_div="" spell="" mean="hình thái ghép tạo tính từ" audio="" /><row row_id="9" word_id="9" word_dtl_id="0" word="-trix" specialized="" field="" word_div="" spell="" mean="hậu tố tạo danh từ số nhiều -trices" audio="" /><row row_id="10" word_id="10" word_dtl_id="0" word="-tron" specialized="" field="" word_div="" spell="" mean="hậu tố tạo danh từ có nghĩa" audio="" />','1','::1';
2019-06-19 16:36:02 EXEC SPC_COM_MENU '1';
2019-06-19 16:37:11 EXEC SPC_COM_MENU '1';
2019-06-19 16:37:11 EXEC SPC_v003_ACT1 '<row row_id="0" word_id="1" word_dtl_id="0" word="-trophin" specialized="" field="" word_div="" spell="" mean="hình thái ghép có nghĩa" audio="" /><row row_id="1" word_id="2" word_dtl_id="0" word="-tude" specialized="" field="" word_div="" spell="" mean="hậu tố tạo danh từ" audio="" /><row row_id="2" word_id="3" word_dtl_id="0" word="-ty" specialized="" field="" word_div="" spell="" mean="hậu tố để tạo những con số có bao nhiêu lần mười" audio="" /><row row_id="3" word_id="3" word_dtl_id="1" word="-ty" specialized="" field="" word_div="" spell="" mean="hậu tố tạo danh từ chỉ tính chất, điều kiện" audio="" /><row row_id="4" word_id="4" word_dtl_id="0" word="-way" specialized="" field="" word_div="" spell="" mean="hình thái cấu tạo các phó từ gốc tính từ và danh từ chỉ cách thức hành động; phương hướng và vị trí" audio="" /><row row_id="5" word_id="5" word_dtl_id="0" word="...is to be changed" specialized="kỹ thuật" field="toán &amp; tin" word_div="" spell="" mean="được cập nhật" audio="" /><row row_id="6" word_id="6" word_dtl_id="0" word="...is to be updated" specialized="kỹ thuật" field="toán &amp; tin" word_div="" spell="" mean="được cập nhật" audio="" /><row row_id="7" word_id="7" word_dtl_id="0" word="0.00000001" specialized="kỹ thuật" field="" word_div="" spell="" mean="nanô" audio="" />','1','::1';
2019-06-19 16:37:13 EXEC SPC_COM_MENU '1';
2019-06-19 16:37:26 EXEC SPC_COM_MENU '1';
2019-06-19 16:37:26 EXEC SPC_v003_ACT1 '<row row_id="0" word_id="1" word_dtl_id="0" word="1 lines run at 1.544Mbit/s and provide for 24 data channels (T1)" specialized="kỹ thuật" field="điện tử &amp; viễn thông" word_div="" spell="" mean="Các đường dây T1 (= DS-1) vận hành tại 1, 544 Mbit/s cho 24 kênh số liệu" audio="" /><row row_id="1" word_id="2" word_dtl_id="0" word="1 to 1 relationship	﻿@1 to 1 relationship" specialized="" field="" word_div="" spell="" mean="(Tech) quan hệ 1 đối 1" audio="" /><row row_id="2" word_id="3" word_dtl_id="0" word="1 to many relationship" specialized="" field="" word_div="" spell="" mean="(Tech) quan hệ 1 đối nhiều" audio="" /><row row_id="3" word_id="4" word_dtl_id="0" word="1-byte character" specialized="" field="" word_div="" spell="" mean="(Tech) ký tự 1 bai" audio="" /><row row_id="4" word_id="5" word_dtl_id="0" word="1-byte character code" specialized="" field="" word_div="" spell="" mean="(Tech) mã ký tự 1 bai" audio="" /><row row_id="5" word_id="6" word_dtl_id="0" word="1-byte character set" specialized="" field="" word_div="" spell="" mean="(Tech) bộ ký tự 1 bai" audio="" /><row row_id="6" word_id="7" word_dtl_id="0" word="1-byte character string" specialized="" field="" word_div="" spell="" mean="(Tech) chuỗi ký tự 1 bai" audio="" /><row row_id="7" word_id="8" word_dtl_id="0" word="1/f noise" specialized="kỹ thuật" field="điện lạnh" word_div="" spell="" mean="tiếng ồn 1/f" audio="" /><row row_id="8" word_id="9" word_dtl_id="0" word="101 Keyboard" specialized="kỹ thuật" field="toán &amp; tin" word_div="" spell="" mean="bàn phím 101 phím" audio="" /><row row_id="9" word_id="10" word_dtl_id="0" word="106 Keyboard" specialized="kỹ thuật" field="toán &amp; tin" word_div="" spell="" mean="bàn phím 106 phím" audio="" />','1','::1';
2019-06-19 16:37:28 EXEC SPC_COM_MENU '1';
2019-06-19 16:38:07 EXEC SPC_COM_MENU '1';
2019-06-19 16:38:07 EXEC SPC_v003_ACT1 '<row row_id="0" word_id="1" word_dtl_id="0" word="10BASE-2" specialized="kỹ thuật" field="toán &amp; tin" word_div="" spell="" mean="chuẩn 10BASE-2" audio="" /><row row_id="1" word_id="2" word_dtl_id="0" word="10BASE-5" specialized="kỹ thuật" field="toán &amp; tin" word_div="" spell="" mean="chuẩn 10BASE-5" audio="" /><row row_id="2" word_id="3" word_dtl_id="0" word="10BASE-T" specialized="kỹ thuật" field="toán &amp; tin" word_div="" spell="" mean="chuẩn 10BASE-T" audio="" /><row row_id="3" word_id="4" word_dtl_id="0" word="12-wire cable" specialized="kỹ thuật" field="điện" word_div="" spell="" mean="cáp 12 sợi" audio="" /><row row_id="4" word_id="5" word_dtl_id="0" word="19c3 stock" specialized="kinh tế" field="" word_div="" spell="" mean="chứng khoán 19c3" audio="" /><row row_id="5" word_id="6" word_dtl_id="0" word="19th hole" specialized="kinh tế" field="" word_div="" spell="" mean="lỗ thứ 19" audio="" /><row row_id="6" word_id="7" word_dtl_id="0" word="2-post ramp/4-post ramp" specialized="kỹ thuật" field="ô tô" word_div="" spell="" mean="cầu nâng 2 trụ/4 trụ" audio="" /><row row_id="7" word_id="8" word_dtl_id="0" word="2-way device" specialized="" field="" word_div="" spell="" mean="(Tech) thiết bị 2 chiều/thu phát" audio="" /><row row_id="8" word_id="9" word_dtl_id="0" word="24 hour banking" specialized="kinh tế" field="" word_div="" spell="" mean="dịch vụ ngân hàng phục vụ 24/24" audio="" /><row row_id="9" word_id="10" word_dtl_id="0" word="2D (two dimension) 2D (two dimension)" specialized="" field="" word_div="" spell="" mean="(Tech) hai chiều, nhị thứ nguyên, phẳng" audio="" />','1','::1';
2019-06-19 16:38:09 EXEC SPC_COM_MENU '1';
2019-06-19 16:38:23 EXEC SPC_COM_MENU '1';
2019-06-19 16:38:23 EXEC SPC_v003_ACT1 '<row row_id="0" word_id="1" word_dtl_id="0" word="2D configuration" specialized="" field="" word_div="" spell="" mean="(Tech) cấu hình 2 chiều, cấu hình phẳng" audio="" /><row row_id="1" word_id="2" word_dtl_id="0" word="2D image" specialized="" field="" word_div="" spell="" mean="(Tech) ảnh 2 chiều, ảnh phẳng" audio="" /><row row_id="2" word_id="3" word_dtl_id="0" word="2D module = two-dimensional module" specialized="" field="" word_div="" spell="" mean="(Tech) mô đun hai chiều" audio="" /><row row_id="3" word_id="4" word_dtl_id="0" word="32 bits wide" specialized="kỹ thuật" field="toán &amp; tin" word_div="" spell="" mean="rộng 32 bit" audio="" /><row row_id="4" word_id="5" word_dtl_id="0" word="380V (distribution) house" specialized="kỹ thuật" field="điện" word_div="" spell="" mean="buồng 380V" audio="" /><row row_id="5" word_id="5" word_dtl_id="1" word="380V (distribution) house" specialized="kỹ thuật" field="điện" word_div="" spell="" mean="nhà (phân phối) 380V" audio="" /><row row_id="6" word_id="6" word_dtl_id="0" word="3D" specialized="kỹ thuật" field="toán &amp; tin" word_div="" spell="" mean="3 chiều" audio="" /><row row_id="7" word_id="7" word_dtl_id="0" word="3D (three dimension) 3D (three dimension)" specialized="" field="" word_div="" spell="" mean="(Tech) ba chiều, tam thứ nguyên, nổi" audio="" /><row row_id="8" word_id="8" word_dtl_id="0" word="3D (three dimension) calculation" specialized="" field="" word_div="" spell="" mean="(Tech) tính toán 3 chiều" audio="" /><row row_id="9" word_id="9" word_dtl_id="0" word="3D (three dimension) configuration" specialized="" field="" word_div="" spell="" mean="(Tech) cấu hình 3 chiều, cấu hình nổi" audio="" /><row row_id="10" word_id="10" word_dtl_id="0" word="3D (three dimension) image" specialized="" field="" word_div="" spell="" mean="(Tech) ảnh 3 chiều, ảnh nổi = stereoscopic image" audio="" />','1','::1';
2019-06-19 16:38:25 EXEC SPC_COM_MENU '1';
2019-06-19 16:38:43 EXEC SPC_COM_MENU '1';
2019-06-19 16:38:43 EXEC SPC_v003_ACT1 '<row row_id="0" word_id="1" word_dtl_id="0" word="4 PDT contacts" specialized="kỹ thuật" field="điện" word_div="" spell="" mean="công tắc 4 PDT" audio="" /><row row_id="1" word_id="1" word_dtl_id="1" word="4 PDT contacts" specialized="kỹ thuật" field="điện" word_div="" spell="" mean="công tắc hai ngả bốn cực" audio="" /><row row_id="2" word_id="2" word_dtl_id="0" word="4 PDT relay" specialized="kỹ thuật" field="điện" word_div="" spell="" mean="rơle 4 PDT" audio="" /><row row_id="3" word_id="2" word_dtl_id="1" word="4 PDT relay" specialized="kỹ thuật" field="điện" word_div="" spell="" mean="rơle hai ngả bốn cực" audio="" /><row row_id="4" word_id="3" word_dtl_id="0" word="4 PDT switch" specialized="kỹ thuật" field="điện" word_div="" spell="" mean="cầu dao 4 PDT" audio="" /><row row_id="5" word_id="3" word_dtl_id="1" word="4 PDT switch" specialized="kỹ thuật" field="điện" word_div="" spell="" mean="cầu dao hai ngả bốn cực" audio="" /><row row_id="6" word_id="4" word_dtl_id="0" word="4 PST contacts" specialized="kỹ thuật" field="" word_div="" spell="" mean="cầu dao 4 PST" audio="" /><row row_id="7" word_id="4" word_dtl_id="1" word="4 PST contacts" specialized="kỹ thuật" field="điện" word_div="" spell="" mean="cầu dao một ngả bốn cực" audio="" /><row row_id="8" word_id="5" word_dtl_id="0" word="4-bit telephony line signalling coding" specialized="kỹ thuật" field="điện tử &amp; viễn thông" word_div="" spell="" mean="Mã hóa báo hiệu đường dây thoại 4 Bits" audio="" /><row row_id="9" word_id="6" word_dtl_id="0" word="4-point racing harness" specialized="kỹ thuật" field="ô tô" word_div="" spell="" mean="bối, bó dây điện" audio="" /><row row_id="10" word_id="7" word_dtl_id="0" word="4PST relay" specialized="kỹ thuật" field="điện" word_div="" spell="" mean="rơle 4 PST" audio="" /><row row_id="11" word_id="7" word_dtl_id="1" word="4PST relay" specialized="kỹ thuật" field="điện" word_div="" spell="" mean="rơle một ngả bốn cực" audio="" /><row row_id="12" word_id="8" word_dtl_id="0" word="4PST switch" specialized="kỹ thuật" field="" word_div="" spell="" mean="cầu dao 4 PST" audio="" /><row row_id="13" word_id="9" word_dtl_id="0" word="4th Generation Language (4GL) 4th Generation Language (4GL)" specialized="" field="" word_div="" spell="" mean="(Tech) Ngôn ngữ Thế hệ Thứ tư" audio="" /><row row_id="14" word_id="10" word_dtl_id="0" word="4W/2W terminating set" specialized="kỹ thuật" field="điện lạnh" word_div="" spell="" mean="đầu cuối hai dây/bốn dây" audio="" />','1','::1';
2019-06-19 16:38:45 EXEC SPC_COM_MENU '1';
2019-06-19 16:38:59 EXEC SPC_COM_MENU '1';
2019-06-19 16:38:59 EXEC SPC_v003_ACT1 '<row row_id="0" word_id="1" word_dtl_id="0" word="6 kV (distribution) house" specialized="kỹ thuật" field="điện" word_div="" spell="" mean="buồng 6kV" audio="" /><row row_id="1" word_id="1" word_dtl_id="1" word="6 kV (distribution) house" specialized="kỹ thuật" field="điện" word_div="" spell="" mean="nhà (phân phối) 6kV" audio="" /><row row_id="2" word_id="2" word_dtl_id="0" word="7-bit ASCII code" specialized="" field="" word_div="" spell="" mean="(Tech) mã ASCII 7 bít" audio="" /><row row_id="3" word_id="3" word_dtl_id="0" word="7-bit ASCII code set" specialized="" field="" word_div="" spell="" mean="(Tech) bộ mã ASCII 7 bít" audio="" /><row row_id="4" word_id="4" word_dtl_id="0" word="8-bit byte" specialized="kỹ thuật" field="toán &amp; tin" word_div="" spell="" mean="8-bit byte" audio="" /><row row_id="5" word_id="4" word_dtl_id="1" word="8-bit byte" specialized="kỹ thuật" field="toán &amp; tin" word_div="" spell="" mean="nhóm 8 bit" audio="" /><row row_id="6" word_id="5" word_dtl_id="0" word="8-bit character" specialized="" field="" word_div="" spell="" mean="(Tech) ký tự 8 bít" audio="" /><row row_id="7" word_id="6" word_dtl_id="0" word="8-bit character code" specialized="" field="" word_div="" spell="" mean="(Tech) mã ký tự 8 bít" audio="" /><row row_id="8" word_id="7" word_dtl_id="0" word="8-bit character set" specialized="" field="" word_div="" spell="" mean="(Tech) bộ ký tự 8 bít" audio="" /><row row_id="9" word_id="8" word_dtl_id="0" word="8-bit character string" specialized="" field="" word_div="" spell="" mean="(Tech) chuỗi ký tự 8 bít" audio="" /><row row_id="10" word_id="9" word_dtl_id="0" word="8-bit microcomputer" specialized="" field="" word_div="" spell="" mean="(Tech) máy vi điện toán 8 bít, máy vi tính 8 bít" audio="" /><row row_id="11" word_id="10" word_dtl_id="0" word="8-bit microprocessor" specialized="" field="" word_div="" spell="" mean="(Tech) bộ vi xử lý 8 bít" audio="" />','1','::1';
2019-06-19 16:39:00 EXEC SPC_COM_MENU '1';
2019-06-19 16:42:23 EXEC SPC_COM_MENU '1';
2019-06-19 16:42:23 EXEC SPC_v003_ACT1 '<row row_id="0" word_id="1" word_dtl_id="0" word="8-bit personal computer" specialized="" field="" word_div="" spell="" mean="(Tech) máy điện toán cá nhân 8 bít" audio="" /><row row_id="1" word_id="2" word_dtl_id="0" word="[torch] halogenated hydrocarbon detector" specialized="kỹ thuật" field="" word_div="" spell="" mean="đèn dò gas (dùng khí) halogen" audio="" /><row row_id="2" word_id="3" word_dtl_id="0" word="a" specialized="" field="âm nhạc" word_div="" spell="/ei, ə/" mean="la" audio="/web-content/dictonary/audio/a/a.wav" /><row row_id="3" word_id="3" word_dtl_id="1" word="a" specialized="" field="" word_div="" spell="/ei, ə/" mean="người giả định thứ nhất; trường hợp giả định thứ nhất" audio="" /><row row_id="4" word_id="3" word_dtl_id="2" word="a" specialized="" field="" word_div="" spell="/ei, ə/" mean="cái, con, chiếc, cuốn, người, đứa...;" audio="/web-content/dictonary/audio/a/a.wav" /><row row_id="5" word_id="3" word_dtl_id="3" word="a" specialized="" field="" word_div="danh từ" spell="/ei, ə/" mean="(thông tục) loại a, hạng nhất, hạng tốt nhất hạng rất tốt" audio="/web-content/dictonary/audio/a/a.wav" /><row row_id="6" word_id="3" word_dtl_id="4" word="a" specialized="" field="" word_div="mạo từ" spell="/ei, ə/" mean="một; một (như kiểu); một (nào đó) =a very cold day+ một ngày rất lạnh" audio="/web-content/dictonary/audio/a/a.wav" /><row row_id="7" word_id="3" word_dtl_id="5" word="a" specialized="" field="" word_div="giới từ" spell="/ei, ə/" mean="mỗi, mỗi một" audio="/web-content/dictonary/audio/a/a.wav" /><row row_id="8" word_id="4" word_dtl_id="0" word="A 51.840 Mbit/s SONET optical signal (OC-1)" specialized="kỹ thuật" field="điện tử &amp; viễn thông" word_div="" spell="" mean="Luồng tín hiệu quang SONET 51, 480 Mbit/s" audio="" /><row row_id="9" word_id="5" word_dtl_id="0" word="A 622.080Mbit/s SONET optical signal (OC-12)" specialized="kỹ thuật" field="điện tử &amp; viễn thông" word_div="" spell="" mean="Luồng tín hiệu quang SONET 622, 080 Mbit/s" audio="" /><row row_id="10" word_id="6" word_dtl_id="0" word="A 933.120Mbit/s SONET optical signal (OC-18)" specialized="kỹ thuật" field="điện tử &amp; viễn thông" word_div="" spell="" mean="Luồng tín hiệu quang SONET 933.120 Mbit/s" audio="" /><row row_id="11" word_id="7" word_dtl_id="0" word="A amplifier" specialized="kỹ thuật" field="toán &amp; tin" word_div="" spell="" mean="khuếch đại hạng A" audio="" /><row row_id="12" word_id="8" word_dtl_id="0" word="a b c" specialized="" field="" word_div="" spell="/&amp;#39;eibi:&amp;#39;si:/" mean="(ngành đường sắt) bảng chỉ đường theo abc" audio="" /><row row_id="13" word_id="8" word_dtl_id="1" word="a b c" specialized="" field="" word_div="danh từ" spell="/&amp;#39;eibi:&amp;#39;si:/" mean="bảng chữ cái" audio="" /><row row_id="14" word_id="8" word_dtl_id="2" word="a b c" specialized="" field="" word_div="danh từ" spell="/&amp;#39;eibi:&amp;#39;si:/" mean="khái niệm cơ sở, cơ sở" audio="" /><row row_id="15" word_id="9" word_dtl_id="0" word="a b c book" specialized="" field="" word_div="danh từ" spell="/&amp;#39;eibi:&amp;#39;si:buk/" mean="sách vỡ lòng, sách học vần" audio="" /><row row_id="16" word_id="10" word_dtl_id="0" word="A battery" specialized="kỹ thuật" field="điện lạnh" word_div="" spell="" mean="bộ nguồn catốt" audio="" />','1','::1';
2019-06-19 16:42:25 EXEC SPC_COM_MENU '1';
2019-06-19 16:42:52 EXEC SPC_COM_MENU '1';
2019-06-19 16:42:52 EXEC SPC_v003_ACT1 '<row row_id="0" word_id="1" word_dtl_id="0" word="a block" specialized="kỹ thuật" field="xây dựng" word_div="" spell="" mean="một khối" audio="" /><row row_id="1" word_id="2" word_dtl_id="0" word="A body committed to accelerate the development of the QSIG standard by providing coordinated input to ECMA (IPNS Forum)" specialized="kỹ thuật" field="điện tử &amp; viễn thông" word_div="" spell="" mean="Một cơ quan được giao phó xúc tiến sự phát triển tiêu chuẩn QSIG bằng việc cung cấp các đầu vào phối hợp tới ECMA" audio="" /><row row_id="2" word_id="3" word_dtl_id="0" word="a callout options" specialized="kỹ thuật" field="toán &amp; tin" word_div="" spell="" mean="dạng mô tả" audio="" /><row row_id="3" word_id="4" word_dtl_id="0" word="a classis car meeting" specialized="kỹ thuật" field="ô tô" word_div="" spell="" mean="ngày hội của người chơi xe cổ" audio="" /><row row_id="4" word_id="5" word_dtl_id="0" word="a closed path" specialized="kỹ thuật" field="toán &amp; tin" word_div="" spell="" mean="tích phân đường kín" audio="" /><row row_id="5" word_id="6" word_dtl_id="0" word="a cylindrical pin" specialized="kỹ thuật" field="" word_div="" spell="" mean="chốt trụ" audio="" /><row row_id="6" word_id="7" word_dtl_id="0" word="a decrease of income" specialized="kỹ thuật" field="cơ khí &amp; công trình" word_div="" spell="" mean="sự giảm thu nhập" audio="" /><row row_id="7" word_id="8" word_dtl_id="0" word="A derrick" specialized="kỹ thuật" field="xây dựng" word_div="" spell="" mean="cần trục kiểu chữ A" audio="" /><row row_id="8" word_id="9" word_dtl_id="0" word="a display" specialized="kỹ thuật" field="điện" word_div="" spell="" mean="màn hình kiểu A" audio="" /><row row_id="9" word_id="10" word_dtl_id="0" word="a end of car" specialized="kỹ thuật" field="giao thông &amp; vận tải" word_div="" spell="" mean="đầu xe không có hãm tay" audio="" />','1','::1';
2019-06-19 16:44:12 EXEC SPC_COM_PERMISSION '1','2','v003';
2019-06-19 16:44:12 EXEC SPC_COM_MENU '1';
2019-06-19 16:44:13 EXEC SPC_COM_MENU '1';
2019-06-19 16:46:37 EXEC SPC_COM_MENU '1';
2019-06-19 16:46:37 EXEC SPC_v003_ACT1 '<row row_id="0" word_id="1" word_dtl_id="0" word="a block" specialized="kỹ thuật" field="xây dựng" word_div="" spell="" mean="một khối" audio="" /><row row_id="1" word_id="2" word_dtl_id="0" word="A body committed to accelerate the development of the QSIG standard by providing coordinated input to ECMA (IPNS Forum)" specialized="kỹ thuật" field="điện tử &amp; viễn thông" word_div="" spell="" mean="Một cơ quan được giao phó xúc tiến sự phát triển tiêu chuẩn QSIG bằng việc cung cấp các đầu vào phối hợp tới ECMA" audio="" /><row row_id="2" word_id="3" word_dtl_id="0" word="a callout options" specialized="kỹ thuật" field="toán &amp; tin" word_div="" spell="" mean="dạng mô tả" audio="" /><row row_id="3" word_id="4" word_dtl_id="0" word="a classis car meeting" specialized="kỹ thuật" field="ô tô" word_div="" spell="" mean="ngày hội của người chơi xe cổ" audio="" /><row row_id="4" word_id="5" word_dtl_id="0" word="a closed path" specialized="kỹ thuật" field="toán &amp; tin" word_div="" spell="" mean="tích phân đường kín" audio="" /><row row_id="5" word_id="6" word_dtl_id="0" word="a cylindrical pin" specialized="kỹ thuật" field="" word_div="" spell="" mean="chốt trụ" audio="" /><row row_id="6" word_id="7" word_dtl_id="0" word="a decrease of income" specialized="kỹ thuật" field="cơ khí &amp; công trình" word_div="" spell="" mean="sự giảm thu nhập" audio="" /><row row_id="7" word_id="8" word_dtl_id="0" word="A derrick" specialized="kỹ thuật" field="xây dựng" word_div="" spell="" mean="cần trục kiểu chữ A" audio="" /><row row_id="8" word_id="9" word_dtl_id="0" word="a display" specialized="kỹ thuật" field="điện" word_div="" spell="" mean="màn hình kiểu A" audio="" /><row row_id="9" word_id="10" word_dtl_id="0" word="a end of car" specialized="kỹ thuật" field="giao thông &amp; vận tải" word_div="" spell="" mean="đầu xe không có hãm tay" audio="" />','1','::1';
2019-06-19 16:48:00 EXEC SPC_COM_MENU '1';
2019-06-19 16:48:00 EXEC SPC_v003_ACT1 '<row row_id="0" word_id="1" word_dtl_id="0" word="a block" specialized="kỹ thuật" field="xây dựng" word_div="" spell="" mean="một khối" audio="" /><row row_id="1" word_id="2" word_dtl_id="0" word="A body committed to accelerate the development of the QSIG standard by providing coordinated input to ECMA (IPNS Forum)" specialized="kỹ thuật" field="điện tử &amp; viễn thông" word_div="" spell="" mean="Một cơ quan được giao phó xúc tiến sự phát triển tiêu chuẩn QSIG bằng việc cung cấp các đầu vào phối hợp tới ECMA" audio="" /><row row_id="2" word_id="3" word_dtl_id="0" word="a callout options" specialized="kỹ thuật" field="toán &amp; tin" word_div="" spell="" mean="dạng mô tả" audio="" /><row row_id="3" word_id="4" word_dtl_id="0" word="a classis car meeting" specialized="kỹ thuật" field="ô tô" word_div="" spell="" mean="ngày hội của người chơi xe cổ" audio="" /><row row_id="4" word_id="5" word_dtl_id="0" word="a closed path" specialized="kỹ thuật" field="toán &amp; tin" word_div="" spell="" mean="tích phân đường kín" audio="" /><row row_id="5" word_id="6" word_dtl_id="0" word="a cylindrical pin" specialized="kỹ thuật" field="" word_div="" spell="" mean="chốt trụ" audio="" /><row row_id="6" word_id="7" word_dtl_id="0" word="a decrease of income" specialized="kỹ thuật" field="cơ khí &amp; công trình" word_div="" spell="" mean="sự giảm thu nhập" audio="" /><row row_id="7" word_id="8" word_dtl_id="0" word="A derrick" specialized="kỹ thuật" field="xây dựng" word_div="" spell="" mean="cần trục kiểu chữ A" audio="" /><row row_id="8" word_id="9" word_dtl_id="0" word="a display" specialized="kỹ thuật" field="điện" word_div="" spell="" mean="màn hình kiểu A" audio="" /><row row_id="9" word_id="10" word_dtl_id="0" word="a end of car" specialized="kỹ thuật" field="giao thông &amp; vận tải" word_div="" spell="" mean="đầu xe không có hãm tay" audio="" />','1','::1';
2019-06-19 16:49:20 EXEC SPC_COM_MENU '1';
2019-06-19 16:49:20 EXEC SPC_v003_ACT1 '<row row_id="0" word_id="1" word_dtl_id="0" word="a block" specialized="kỹ thuật" field="xây dựng" word_div="" spell="" mean="một khối" audio="" /><row row_id="1" word_id="2" word_dtl_id="0" word="A body committed to accelerate the development of the QSIG standard by providing coordinated input to ECMA (IPNS Forum)" specialized="kỹ thuật" field="điện tử &amp; viễn thông" word_div="" spell="" mean="Một cơ quan được giao phó xúc tiến sự phát triển tiêu chuẩn QSIG bằng việc cung cấp các đầu vào phối hợp tới ECMA" audio="" /><row row_id="2" word_id="3" word_dtl_id="0" word="a callout options" specialized="kỹ thuật" field="toán &amp; tin" word_div="" spell="" mean="dạng mô tả" audio="" /><row row_id="3" word_id="4" word_dtl_id="0" word="a classis car meeting" specialized="kỹ thuật" field="ô tô" word_div="" spell="" mean="ngày hội của người chơi xe cổ" audio="" /><row row_id="4" word_id="5" word_dtl_id="0" word="a closed path" specialized="kỹ thuật" field="toán &amp; tin" word_div="" spell="" mean="tích phân đường kín" audio="" /><row row_id="5" word_id="6" word_dtl_id="0" word="a cylindrical pin" specialized="kỹ thuật" field="" word_div="" spell="" mean="chốt trụ" audio="" /><row row_id="6" word_id="7" word_dtl_id="0" word="a decrease of income" specialized="kỹ thuật" field="cơ khí &amp; công trình" word_div="" spell="" mean="sự giảm thu nhập" audio="" /><row row_id="7" word_id="8" word_dtl_id="0" word="A derrick" specialized="kỹ thuật" field="xây dựng" word_div="" spell="" mean="cần trục kiểu chữ A" audio="" /><row row_id="8" word_id="9" word_dtl_id="0" word="a display" specialized="kỹ thuật" field="điện" word_div="" spell="" mean="màn hình kiểu A" audio="" /><row row_id="9" word_id="10" word_dtl_id="0" word="a end of car" specialized="kỹ thuật" field="giao thông &amp; vận tải" word_div="" spell="" mean="đầu xe không có hãm tay" audio="" />','1','::1';
2019-06-19 16:50:23 EXEC SPC_COM_MENU '1';
2019-06-19 16:50:23 EXEC SPC_v003_ACT1 '<row row_id="0" word_id="1" word_dtl_id="0" word="a block" specialized="kỹ thuật" field="xây dựng" word_div="" spell="" mean="một khối" audio="" /><row row_id="1" word_id="2" word_dtl_id="0" word="A body committed to accelerate the development of the QSIG standard by providing coordinated input to ECMA (IPNS Forum)" specialized="kỹ thuật" field="điện tử &amp; viễn thông" word_div="" spell="" mean="Một cơ quan được giao phó xúc tiến sự phát triển tiêu chuẩn QSIG bằng việc cung cấp các đầu vào phối hợp tới ECMA" audio="" /><row row_id="2" word_id="3" word_dtl_id="0" word="a callout options" specialized="kỹ thuật" field="toán &amp; tin" word_div="" spell="" mean="dạng mô tả" audio="" /><row row_id="3" word_id="4" word_dtl_id="0" word="a classis car meeting" specialized="kỹ thuật" field="ô tô" word_div="" spell="" mean="ngày hội của người chơi xe cổ" audio="" /><row row_id="4" word_id="5" word_dtl_id="0" word="a closed path" specialized="kỹ thuật" field="toán &amp; tin" word_div="" spell="" mean="tích phân đường kín" audio="" /><row row_id="5" word_id="6" word_dtl_id="0" word="a cylindrical pin" specialized="kỹ thuật" field="" word_div="" spell="" mean="chốt trụ" audio="" /><row row_id="6" word_id="7" word_dtl_id="0" word="a decrease of income" specialized="kỹ thuật" field="cơ khí &amp; công trình" word_div="" spell="" mean="sự giảm thu nhập" audio="" /><row row_id="7" word_id="8" word_dtl_id="0" word="A derrick" specialized="kỹ thuật" field="xây dựng" word_div="" spell="" mean="cần trục kiểu chữ A" audio="" /><row row_id="8" word_id="9" word_dtl_id="0" word="a display" specialized="kỹ thuật" field="điện" word_div="" spell="" mean="màn hình kiểu A" audio="" /><row row_id="9" word_id="10" word_dtl_id="0" word="a end of car" specialized="kỹ thuật" field="giao thông &amp; vận tải" word_div="" spell="" mean="đầu xe không có hãm tay" audio="" />','1','::1';
2019-06-19 16:53:04 EXEC SPC_COM_MENU '1';
2019-06-19 16:53:04 EXEC SPC_v003_ACT1 '<row row_id="0" word_id="1" word_dtl_id="0" word="a block" specialized="kỹ thuật" field="xây dựng" word_div="" spell="" mean="một khối" audio="" /><row row_id="1" word_id="2" word_dtl_id="0" word="A body committed to accelerate the development of the QSIG standard by providing coordinated input to ECMA (IPNS Forum)" specialized="kỹ thuật" field="điện tử &amp; viễn thông" word_div="" spell="" mean="Một cơ quan được giao phó xúc tiến sự phát triển tiêu chuẩn QSIG bằng việc cung cấp các đầu vào phối hợp tới ECMA" audio="" /><row row_id="2" word_id="3" word_dtl_id="0" word="a callout options" specialized="kỹ thuật" field="toán &amp; tin" word_div="" spell="" mean="dạng mô tả" audio="" /><row row_id="3" word_id="4" word_dtl_id="0" word="a classis car meeting" specialized="kỹ thuật" field="ô tô" word_div="" spell="" mean="ngày hội của người chơi xe cổ" audio="" /><row row_id="4" word_id="5" word_dtl_id="0" word="a closed path" specialized="kỹ thuật" field="toán &amp; tin" word_div="" spell="" mean="tích phân đường kín" audio="" /><row row_id="5" word_id="6" word_dtl_id="0" word="a cylindrical pin" specialized="kỹ thuật" field="" word_div="" spell="" mean="chốt trụ" audio="" /><row row_id="6" word_id="7" word_dtl_id="0" word="a decrease of income" specialized="kỹ thuật" field="cơ khí &amp; công trình" word_div="" spell="" mean="sự giảm thu nhập" audio="" /><row row_id="7" word_id="8" word_dtl_id="0" word="A derrick" specialized="kỹ thuật" field="xây dựng" word_div="" spell="" mean="cần trục kiểu chữ A" audio="" /><row row_id="8" word_id="9" word_dtl_id="0" word="a display" specialized="kỹ thuật" field="điện" word_div="" spell="" mean="màn hình kiểu A" audio="" /><row row_id="9" word_id="10" word_dtl_id="0" word="a end of car" specialized="kỹ thuật" field="giao thông &amp; vận tải" word_div="" spell="" mean="đầu xe không có hãm tay" audio="" />','1','::1';
2019-06-19 16:54:01 EXEC SPC_COM_MENU '1';
2019-06-19 16:54:01 EXEC SPC_v003_ACT1 '<row row_id="0" word_id="1" word_dtl_id="0" word="a block" specialized="kỹ thuật" field="xây dựng" word_div="" spell="" mean="một khối" audio="" /><row row_id="1" word_id="2" word_dtl_id="0" word="A body committed to accelerate the development of the QSIG standard by providing coordinated input to ECMA (IPNS Forum)" specialized="kỹ thuật" field="điện tử &amp; viễn thông" word_div="" spell="" mean="Một cơ quan được giao phó xúc tiến sự phát triển tiêu chuẩn QSIG bằng việc cung cấp các đầu vào phối hợp tới ECMA" audio="" /><row row_id="2" word_id="3" word_dtl_id="0" word="a callout options" specialized="kỹ thuật" field="toán &amp; tin" word_div="" spell="" mean="dạng mô tả" audio="" /><row row_id="3" word_id="4" word_dtl_id="0" word="a classis car meeting" specialized="kỹ thuật" field="ô tô" word_div="" spell="" mean="ngày hội của người chơi xe cổ" audio="" /><row row_id="4" word_id="5" word_dtl_id="0" word="a closed path" specialized="kỹ thuật" field="toán &amp; tin" word_div="" spell="" mean="tích phân đường kín" audio="" /><row row_id="5" word_id="6" word_dtl_id="0" word="a cylindrical pin" specialized="kỹ thuật" field="" word_div="" spell="" mean="chốt trụ" audio="" /><row row_id="6" word_id="7" word_dtl_id="0" word="a decrease of income" specialized="kỹ thuật" field="cơ khí &amp; công trình" word_div="" spell="" mean="sự giảm thu nhập" audio="" /><row row_id="7" word_id="8" word_dtl_id="0" word="A derrick" specialized="kỹ thuật" field="xây dựng" word_div="" spell="" mean="cần trục kiểu chữ A" audio="" /><row row_id="8" word_id="9" word_dtl_id="0" word="a display" specialized="kỹ thuật" field="điện" word_div="" spell="" mean="màn hình kiểu A" audio="" /><row row_id="9" word_id="10" word_dtl_id="0" word="a end of car" specialized="kỹ thuật" field="giao thông &amp; vận tải" word_div="" spell="" mean="đầu xe không có hãm tay" audio="" />','1','::1';
2019-06-19 16:54:02 EXEC SPC_COM_MENU '1';
2019-06-19 16:54:19 EXEC SPC_COM_MENU '1';
2019-06-19 16:54:19 EXEC SPC_v003_ACT1 '<row row_id="0" word_id="1" word_dtl_id="0" word="A except B gate" specialized="" field="" word_div="" spell="" mean="(Tech) cổng A loại trừ B" audio="" /><row row_id="1" word_id="2" word_dtl_id="0" word="a few" specialized="kỹ thuật" field="" word_div="" spell="" mean="một vài" audio="" /><row row_id="2" word_id="3" word_dtl_id="0" word="a font" specialized="" field="" word_div="phó từ" spell="/ɑ:&amp;#39;fɜ:ɳ/" mean="thấu triệt, cặn kẽ, rõ ngọn nghành" audio="" /><row row_id="3" word_id="4" word_dtl_id="0" word="a fortiori" specialized="" field="" word_div="phó từ" spell="/&amp;#39;ei,fɔ:ti&amp;#39;ɔ:rai/" mean="huống hồ, huống là" audio="" /><row row_id="4" word_id="5" word_dtl_id="0" word="A frame" specialized="kỹ thuật" field="" word_div="" spell="" mean="giá chữ A" audio="" /><row row_id="5" word_id="6" word_dtl_id="0" word="A frame (roof)" specialized="kỹ thuật" field="xây dựng" word_div="" spell="" mean="kèo mái chữ A" audio="" /><row row_id="6" word_id="7" word_dtl_id="0" word="A frame timber dam" specialized="kỹ thuật" field="cơ khí &amp; công trình" word_div="" spell="" mean="đập khung gỗ chữ A" audio="" /><row row_id="7" word_id="8" word_dtl_id="0" word="a function of ..." specialized="kỹ thuật" field="xây dựng" word_div="" spell="" mean="hàm số của ..." audio="" /><row row_id="8" word_id="9" word_dtl_id="0" word="a fuse has blown" specialized="kỹ thuật" field="điện" word_div="" spell="" mean="một cầu chảy đã bị nổ" audio="" /><row row_id="9" word_id="10" word_dtl_id="0" word="A ignore B gate" specialized="" field="" word_div="" spell="" mean="(Tech) cổng A không biết B" audio="" />','1','::1';
2019-06-19 16:54:20 EXEC SPC_COM_MENU '1';
2019-06-19 16:56:39 EXEC SPC_COM_MENU '1';
2019-06-19 16:56:39 EXEC SPC_v003_ACT1 '<row row_id="0" word_id="1" word_dtl_id="0" word="A implies B gate" specialized="" field="" word_div="" spell="" mean="(Tech) cổng A bao hàm B" audio="" /><row row_id="1" word_id="2" word_dtl_id="0" word="a la carte" specialized="" field="" word_div="phó từ" spell="/&amp;#39;ɑ:lɑ:&amp;#39;kɑ:t/" mean="theo món, gọi theo món, đặt theo món" audio="" /><row row_id="2" word_id="3" word_dtl_id="0" word="a la carte agency" specialized="kinh tế" field="" word_div="" spell="" mean="hãng dịch vụ theo yêu cầu" audio="" /><row row_id="3" word_id="4" word_dtl_id="0" word="a la mode" specialized="" field="" word_div="phó từ" spell="/,ɑ:lə&amp;#39;moud/" mean="hợp thời trang, đúng mốt" audio="" /><row row_id="4" word_id="5" word_dtl_id="0" word="A language with an extensible compiler (ALEC)" specialized="kỹ thuật" field="toán &amp; tin" word_div="" spell="" mean="ngôn ngữ A có trình biên dịch mở rộng" audio="" /><row row_id="5" word_id="6" word_dtl_id="0" word="a lean or rich air-fuel mixture" specialized="kỹ thuật" field="ô tô" word_div="" spell="" mean="hỗn hợp nhiên liệu-khí giàu hoặc nghèo" audio="" /><row row_id="6" word_id="7" word_dtl_id="0" word="a map of the set A into B" specialized="kỹ thuật" field="toán &amp; tin" word_div="" spell="" mean="ánh xạ của tập hợp A vào B" audio="" /><row row_id="7" word_id="8" word_dtl_id="0" word="a map of thee set A into B" specialized="kỹ thuật" field="toán &amp; tin" word_div="" spell="" mean="ánh xạ của tập hợp A vào B" audio="" /><row row_id="8" word_id="9" word_dtl_id="0" word="A Media Gateway Control Protocol (MGCP) (NOTIFY)" specialized="kỹ thuật" field="điện tử &amp; viễn thông" word_div="" spell="" mean="NOTIFY-một giao thức điều khiển cổng phương tiện (MGCP)" audio="" /><row row_id="9" word_id="10" word_dtl_id="0" word="A min ampe" specialized="kỹ thuật" field="điện" word_div="" spell="" mean="ampe phút" audio="" />','1','::1';
2019-06-19 16:56:41 EXEC SPC_COM_MENU '1';
2019-06-19 17:01:48 EXEC SPC_COM_PERMISSION '1','2','v003';
2019-06-19 17:01:48 EXEC SPC_COM_MENU '1';
2019-06-19 17:01:48 EXEC SPC_COM_MENU '1';
2019-06-19 17:02:10 EXEC SPC_COM_MENU '1';
2019-06-19 17:02:10 EXEC SPC_v003_ACT1 '<row row_id="0" word_id="1" word_dtl_id="0" word="a pack of cards" specialized="kỹ thuật" field="" word_div="" spell="" mean="cỗ bài" audio="" /><row row_id="1" word_id="2" word_dtl_id="0" word="A phase" specialized="kỹ thuật" field="điện lạnh" word_div="" spell="" mean="chất lỏng A" audio="" /><row row_id="2" word_id="3" word_dtl_id="0" word="a positive" specialized="kỹ thuật" field="điện lạnh" word_div="" spell="" mean="cực dương" audio="" /><row row_id="3" word_id="3" word_dtl_id="1" word="a positive" specialized="kỹ thuật" field="điện lạnh" word_div="" spell="" mean="đầu nối dương" audio="" /><row row_id="4" word_id="4" word_dtl_id="0" word="a posteriori" specialized="" field="" word_div="" spell="/&amp;#39;eipɔs,teri&amp;#39;ɔ:rai/" mean="hậu nghiệm" audio="" /><row row_id="5" word_id="4" word_dtl_id="1" word="a posteriori" specialized="" field="" word_div="phó từ &amp; tính từ" spell="/&amp;#39;eipɔs,teri&amp;#39;ɔ:rai/" mean="theo phép quy nạp" audio="" /><row row_id="6" word_id="4" word_dtl_id="2" word="a posteriori" specialized="kỹ thuật" field="" word_div="" spell="/&amp;#39;eipɔs,teri&amp;#39;ɔ:rai/" mean="hậu nghiệm" audio="" /><row row_id="7" word_id="5" word_dtl_id="0" word="a power supply" specialized="kỹ thuật" field="" word_div="" spell="" mean="sự cung cấp điện thế" audio="" /><row row_id="8" word_id="6" word_dtl_id="0" word="a prior" specialized="kỹ thuật" field="toán &amp; tin" word_div="" spell="" mean="tiên nghiệm" audio="" /><row row_id="9" word_id="7" word_dtl_id="0" word="a prior probability" specialized="kỹ thuật" field="toán &amp; tin" word_div="" spell="" mean="xác suất tiên nghiệm" audio="" /><row row_id="10" word_id="8" word_dtl_id="0" word="a priori" specialized="" field="" word_div="danh từ &amp; phó từ" spell="/&amp;#39;eiprai&amp;#39;ɔ:rai/" mean="theo cách suy diễn, theo cách diễn dịch" audio="" /><row row_id="11" word_id="8" word_dtl_id="1" word="a priori" specialized="" field="" word_div="danh từ &amp; phó từ" spell="/&amp;#39;eiprai&amp;#39;ɔ:rai/" mean="tiên nghiệm" audio="" /><row row_id="12" word_id="8" word_dtl_id="2" word="a priori" specialized="kỹ thuật" field="toán &amp; tin" word_div="" spell="/&amp;#39;eiprai&amp;#39;ɔ:rai/" mean="tiên nghiệm" audio="" /><row row_id="13" word_id="8" word_dtl_id="3" word="a priori" specialized="kỹ thuật" field="điện lạnh" word_div="" spell="/&amp;#39;eiprai&amp;#39;ɔ:rai/" mean="tiền nghiệm" audio="" /><row row_id="14" word_id="9" word_dtl_id="0" word="a priori method" specialized="kỹ thuật" field="" word_div="" spell="" mean="lý thuyết hình thức" audio="" /><row row_id="15" word_id="9" word_dtl_id="1" word="a priori method" specialized="kỹ thuật" field="toán &amp; tin" word_div="" spell="" mean="phương pháp cấu trúc" audio="" /><row row_id="16" word_id="10" word_dtl_id="0" word="a priori probability" specialized="kỹ thuật" field="toán &amp; tin" word_div="" spell="" mean="xác suất tiên nghiệm" audio="" />','1','::1';
2019-06-19 17:02:11 EXEC SPC_COM_MENU '1';
2019-06-19 17:02:14 EXEC SPC_COM_PERMISSION '1','2','v003';
2019-06-19 17:02:14 EXEC SPC_COM_MENU '1';
2019-06-19 17:02:15 EXEC SPC_COM_MENU '1';
2019-06-19 17:02:39 EXEC SPC_COM_MENU '1';
2019-06-19 17:02:47 EXEC SPC_COM_MENU '1';
2019-06-19 17:02:47 EXEC SPC_v003_ACT1 '<row row_id="0" word_id="1" word_dtl_id="0" word="A program language (APL)" specialized="kỹ thuật" field="" word_div="" spell="" mean="ngôn ngữ lập trình A" audio="" /><row row_id="1" word_id="2" word_dtl_id="0" word="A program language for graphics (APLG)" specialized="kỹ thuật" field="toán &amp; tin" word_div="" spell="" mean="ngôn ngữ lập trình A dùng cho đồ họa" audio="" /><row row_id="2" word_id="3" word_dtl_id="0" word="A Real-Time Interface Coprocessor (IBM) (ARTIC)" specialized="kỹ thuật" field="điện tử &amp; viễn thông" word_div="" spell="" mean="Bộ đồng xử lý giao diện thời gian thực A (IBM )" audio="" /><row row_id="3" word_id="4" word_dtl_id="0" word="a register (arithmetic register)" specialized="kỹ thuật" field="toán &amp; tin" word_div="" spell="" mean="thanh ghi A" audio="" /><row row_id="4" word_id="5" word_dtl_id="0" word="a rotary table machine" specialized="kỹ thuật" field="" word_div="" spell="" mean="máy có bàn quay tròn" audio="" /><row row_id="5" word_id="5" word_dtl_id="1" word="a rotary table machine" specialized="kỹ thuật" field="cơ khí &amp; công trình" word_div="" spell="" mean="cụm đầu máy" audio="" /><row row_id="6" word_id="6" word_dtl_id="0" word="A share" specialized="kinh tế" field="" word_div="" spell="" mean="cổ phần thường không có quyền bỏ phiếu" audio="" /><row row_id="7" word_id="7" word_dtl_id="0" word="A shares" specialized="" field="" word_div="" spell="" mean="(Econ) Cổ phiếu A.(Cổ phiếu hưởng lãi sau)." audio="" /><row row_id="8" word_id="7" word_dtl_id="1" word="A shares" specialized="kinh tế" field="" word_div="" spell="" mean="cổ Phiếu A" audio="" /><row row_id="9" word_id="8" word_dtl_id="0" word="A size" specialized="kỹ thuật" field="" word_div="" spell="" mean="Kích thước A" audio="" /><row row_id="10" word_id="9" word_dtl_id="0" word="a slotted screw" specialized="kỹ thuật" field="cơ khí &amp; công trình" word_div="" spell="" mean="vít (bulông) đầu trụ phẳng" audio="" /><row row_id="11" word_id="9" word_dtl_id="1" word="a slotted screw" specialized="kỹ thuật" field="cơ khí &amp; công trình" word_div="" spell="" mean="vít chẻ" audio="" /><row row_id="12" word_id="10" word_dtl_id="0" word="a sporty driving style" specialized="kỹ thuật" field="ô tô" word_div="" spell="" mean="cách lái kiểu thể thao" audio="" />','1','::1';
2019-06-19 17:02:49 EXEC SPC_COM_MENU '1';
2019-06-19 17:02:52 EXEC SPC_COM_PERMISSION '1','2','v003';
2019-06-19 17:02:52 EXEC SPC_COM_MENU '1';
2019-06-19 17:02:53 EXEC SPC_COM_MENU '1';
2019-06-19 17:03:22 EXEC SPC_COM_MENU '1';
2019-06-19 17:03:22 EXEC SPC_v003_ACT1 '<row row_id="0" word_id="1" word_dtl_id="0" word="a test" specialized="kỹ thuật" field="" word_div="" spell="" mean="mẫu thử" audio="" /><row row_id="1" word_id="1" word_dtl_id="1" word="a test" specialized="kỹ thuật" field="" word_div="" spell="" mean="sự thí nghiệm" audio="" /><row row_id="2" word_id="1" word_dtl_id="2" word="a test" specialized="kỹ thuật" field="" word_div="" spell="" mean="sự thử" audio="" /><row row_id="3" word_id="2" word_dtl_id="0" word="a truss" specialized="kỹ thuật" field="toán &amp; tin" word_div="" spell="" mean="giàn chữ A" audio="" /><row row_id="4" word_id="3" word_dtl_id="0" word="A-1 level" specialized="kỹ thuật" field="xây dựng" word_div="" spell="" mean="ống thủy A-1 (trắc đạc)" audio="" /><row row_id="5" word_id="4" word_dtl_id="0" word="A-abort (ABRT)" specialized="kỹ thuật" field="điện tử &amp; viễn thông" word_div="" spell="" mean="Khối dữ liệu giao thức ứng dụng A-Abort" audio="" /><row row_id="6" word_id="5" word_dtl_id="0" word="A-associate-request (AARQ)" specialized="kỹ thuật" field="điện tử &amp; viễn thông" word_div="" spell="" mean="Yêu cầu liên kết A" audio="" /><row row_id="7" word_id="6" word_dtl_id="0" word="A-associate-response (AARE)" specialized="kỹ thuật" field="điện tử &amp; viễn thông" word_div="" spell="" mean="đáp ứng liên kết A" audio="" /><row row_id="8" word_id="7" word_dtl_id="0" word="A-B power pack" specialized="kỹ thuật" field="điện" word_div="" spell="" mean="bộ cấp điện đa thế" audio="" /><row row_id="9" word_id="8" word_dtl_id="0" word="A-B roll editing" specialized="kỹ thuật" field="toán &amp; tin" word_div="" spell="" mean="biên tập xoay quanh A-B" audio="" /><row row_id="10" word_id="9" word_dtl_id="0" word="A-battery" specialized="kỹ thuật" field="" word_div="" spell="" mean="bình điện đốt đèn" audio="" />','1','::1';
2019-06-19 17:03:23 EXEC SPC_COM_MENU '1';
2019-06-19 17:03:41 EXEC SPC_COM_MENU '1';
2019-06-19 17:03:41 EXEC SPC_v003_ACT1 '<row row_id="0" word_id="1" word_dtl_id="0" word="a-bomb" specialized="" field="" word_div="danh từ" spell="/&amp;#39;ei&amp;#39;bɔm/" mean="bom nguyên tử" audio="" /><row row_id="1" word_id="2" word_dtl_id="0" word="A-connection" specialized="kỹ thuật" field="điện" word_div="" spell="" mean="nối dây kiểu A" audio="" /><row row_id="2" word_id="3" word_dtl_id="0" word="A-D = A" specialized="" field="" word_div="" spell="" mean="(Tech) đổi  dạng sóng (dạng tương tự) sang dạng số" audio="" /><row row_id="3" word_id="4" word_dtl_id="0" word="A-D conversion" specialized="" field="" word_div="" spell="" mean="(Tech) đổi sóng (tương tự)" audio="" /><row row_id="4" word_id="4" word_dtl_id="1" word="A-D conversion" specialized="" field="" word_div="" spell="" mean="số" audio="" /><row row_id="5" word_id="5" word_dtl_id="0" word="A-D converter circuit" specialized="" field="" word_div="" spell="" mean="(Tech) mạch đổi sóng-số" audio="" /><row row_id="6" word_id="6" word_dtl_id="0" word="a-drier" specialized="kỹ thuật" field="ô tô" word_div="" spell="" mean="giàn sấy sơn" audio="" /><row row_id="7" word_id="7" word_dtl_id="0" word="A-frame" specialized="kỹ thuật" field="xây dựng" word_div="" spell="" mean="Cấu trúc khung chữ A" audio="" /><row row_id="8" word_id="7" word_dtl_id="1" word="A-frame" specialized="kỹ thuật" field="xây dựng" word_div="" spell="" mean="khung chữ (mái nhà) -khung hình chữ A" audio="" /><row row_id="9" word_id="8" word_dtl_id="0" word="A-frame (construction)" specialized="kỹ thuật" field="xây dựng" word_div="" spell="" mean="Khung chữ A (kết cấu)" audio="" /><row row_id="10" word_id="9" word_dtl_id="0" word="A-frame roof" specialized="kỹ thuật" field="xây dựng" word_div="" spell="" mean="mái kèo chữ A" audio="" /><row row_id="11" word_id="10" word_dtl_id="0" word="A-framed timber dam" specialized="kỹ thuật" field="xây dựng" word_div="" spell="" mean="đập khung gỗ kiểu chữ A" audio="" />','1','::1';
2019-06-19 17:03:43 EXEC SPC_COM_MENU '1';
2019-06-19 17:04:04 EXEC SPC_COM_MENU '1';
2019-06-19 17:04:04 EXEC SPC_v003_ACT1 '<row row_id="0" word_id="1" word_dtl_id="0" word="a-going" specialized="" field="" word_div="tính từ &amp; phó từ" spell="/ə&amp;#39;gouiɳ/" mean="đang chạy, đang chuyển động; đang hoạt động, đang tiến hành" audio="" /><row row_id="1" word_id="2" word_dtl_id="0" word="a-grade wood" specialized="kỹ thuật" field="" word_div="" spell="" mean="gỗ hảo hạng" audio="" /><row row_id="2" word_id="3" word_dtl_id="0" word="A-index" specialized="kỹ thuật" field="điện tử &amp; viễn thông" word_div="" spell="" mean="chỉ số A" audio="" /><row row_id="3" word_id="4" word_dtl_id="0" word="a-ok" specialized="" field="" word_div="tính từ" spell="" mean="&amp;lt;Mỹ,khng&amp;gt; giống như OK nhấn mạnh" audio="" /><row row_id="4" word_id="5" word_dtl_id="0" word="a-pac-thai" specialized="" field="" word_div="danh từ" spell="" mean="apartheid" audio="" /><row row_id="5" word_id="6" word_dtl_id="0" word="A-party" specialized="kỹ thuật" field="" word_div="" spell="" mean="bên gọi" audio="" /><row row_id="6" word_id="7" word_dtl_id="0" word="a-pillar" specialized="kỹ thuật" field="xây dựng" word_div="" spell="" mean="cột chữ A" audio="" /><row row_id="7" word_id="8" word_dtl_id="0" word="a-plenty" specialized="" field="" word_div="phó từ" spell="/ə&amp;#39;plenti/" mean="(từ Mỹ,nghĩa Mỹ) nhiều, dồi dào, phong phú" audio="" /><row row_id="8" word_id="9" word_dtl_id="0" word="a-point" specialized="" field="" word_div="" spell="" mean="(giải tích) a- điểm" audio="" /><row row_id="9" word_id="9" word_dtl_id="1" word="a-point" specialized="kỹ thuật" field="toán &amp; tin" word_div="" spell="" mean="a-điểm" audio="" /><row row_id="10" word_id="10" word_dtl_id="0" word="a-pole" specialized="kỹ thuật" field="xây dựng" word_div="" spell="" mean="cột chữ A" audio="" />','1','::1';
2019-06-19 17:04:05 EXEC SPC_COM_MENU '1';
2019-06-19 17:05:05 EXEC SPC_COM_MENU '1';
2019-06-19 17:05:05 EXEC SPC_v003_ACT1 '<row row_id="0" word_id="1" word_dtl_id="0" word="a-power" specialized="" field="" word_div="danh từ" spell="/&amp;#39;ei&amp;#39;pauə/" mean="năng lượng nguyên tử" audio="" /><row row_id="1" word_id="1" word_dtl_id="1" word="a-power" specialized="" field="" word_div="danh từ" spell="/&amp;#39;ei&amp;#39;pauə/" mean="cường quốc nguyên tử" audio="" /><row row_id="2" word_id="2" word_dtl_id="0" word="A-programming language (APL)" specialized="kỹ thuật" field="" word_div="" spell="" mean="ngôn ngữ lập trình A" audio="" /><row row_id="3" word_id="3" word_dtl_id="0" word="A-pylon" specialized="kỹ thuật" field="xây dựng" word_div="" spell="" mean="tháp hình chữ A" audio="" /><row row_id="4" word_id="4" word_dtl_id="0" word="a-road" specialized="" field="" word_div="danh từ" spell="" mean="đường lớn, không quan trọng bằng xa lộ, nhưng rộng và thẳng hơn đường loại B" audio="" /><row row_id="5" word_id="5" word_dtl_id="0" word="a-side" specialized="" field="" word_div="danh từ" spell="" mean="mặt chính của dĩa hát" audio="" /><row row_id="6" word_id="6" word_dtl_id="0" word="A-submarine" specialized="kỹ thuật" field="điện lạnh" word_div="" spell="" mean="tàu ngầm nguyên tử" audio="" /><row row_id="7" word_id="7" word_dtl_id="0" word="a-supply" specialized="kỹ thuật" field="điện" word_div="" spell="" mean="nguồn cung cấp A" audio="" /><row row_id="8" word_id="8" word_dtl_id="0" word="a-twist" specialized="kỹ thuật" field="" word_div="" spell="" mean="xoắn" audio="" /><row row_id="9" word_id="9" word_dtl_id="0" word="A-UX" specialized="kỹ thuật" field="toán &amp; tin" word_div="" spell="" mean="hệ điều hành A-UX" audio="" /><row row_id="10" word_id="10" word_dtl_id="0" word="A-weighted decibel (dB(A))" specialized="kỹ thuật" field="xây dựng" word_div="" spell="" mean="đêxibel thang độ A (dB(A))" audio="" />','1','::1';
2019-06-19 17:05:07 EXEC SPC_COM_MENU '1';
2019-06-19 17:06:08 EXEC SPC_COM_MENU '1';
2019-06-19 17:06:08 EXEC SPC_v003_ACT1 '<row row_id="0" word_id="1" word_dtl_id="0" word="A-weighted noise level" specialized="kỹ thuật" field="" word_div="" spell="" mean="Cấp âm thanh gia quyền A" audio="" /><row row_id="1" word_id="2" word_dtl_id="0" word="a.c. (alternating current)" specialized="kỹ thuật" field="" word_div="" spell="" mean="dòng điện xoay chiều" audio="" /><row row_id="2" word_id="3" word_dtl_id="0" word="a.c. balancer" specialized="kỹ thuật" field="điện" word_div="" spell="" mean="bộ cân bằng xoay chiều" audio="" /><row row_id="3" word_id="4" word_dtl_id="0" word="a.c. bridge" specialized="kỹ thuật" field="điện" word_div="" spell="" mean="cầu xoay chiều" audio="" /><row row_id="4" word_id="5" word_dtl_id="0" word="a.c. calculating table" specialized="kỹ thuật" field="điện" word_div="" spell="" mean="bàn tính dòng điện xoay chiều" audio="" /><row row_id="5" word_id="6" word_dtl_id="0" word="a.c. potentiometer" specialized="kỹ thuật" field="điện" word_div="" spell="" mean="máy đo thế xoay chiều" audio="" /><row row_id="6" word_id="7" word_dtl_id="0" word="a.c. resistance" specialized="kỹ thuật" field="điện" word_div="" spell="" mean="điện trở xoay chiều" audio="" /><row row_id="7" word_id="8" word_dtl_id="0" word="a.c.b. (air-break circuit breaker)" specialized="kỹ thuật" field="điện" word_div="" spell="" mean="thiết bị cắt mạch không khí" audio="" /><row row_id="8" word_id="9" word_dtl_id="0" word="a.d." specialized="" field="" word_div="(viết tắt) của Ano Domin" spell="/&amp;#39;ei&amp;#39;di:/" mean="sau công nguyên" audio="" /><row row_id="9" word_id="10" word_dtl_id="0" word="a.d.c" specialized="" field="" word_div="" spell="" mean="(vt của aide-de-camp) sự quan phụ tá" audio="" />','1','::1';
2019-06-19 17:06:10 EXEC SPC_COM_MENU '1';
2019-06-19 17:06:28 EXEC SPC_COM_MENU '1';
2019-06-19 17:06:29 EXEC SPC_v003_ACT1 '<row row_id="0" word_id="1" word_dtl_id="0" word="a.f. (availability factor)" specialized="kỹ thuật" field="điện" word_div="" spell="" mean="hệ số khả dụng" audio="" /><row row_id="1" word_id="2" word_dtl_id="0" word="A.h." specialized="kỹ thuật" field="điện" word_div="" spell="" mean="ampe-giờ" audio="" /><row row_id="2" word_id="3" word_dtl_id="0" word="a.m" specialized="" field="" word_div="" spell="" mean="(vt)(radio)viết tắt của amplitude modulation) biến điệu biên độ" audio="" /><row row_id="3" word_id="3" word_dtl_id="1" word="a.m" specialized="" field="" word_div="" spell="" mean="&amp;lt;Mỹ&amp;gt; (vt của Master of Arts) cao học văn chương" audio="" /><row row_id="4" word_id="3" word_dtl_id="2" word="a.m" specialized="" field="" word_div="" spell="" mean="(vt của tiếng Latinh Antemeridian) sáng, trước ngọ" audio="" /><row row_id="5" word_id="3" word_dtl_id="3" word="a.m" specialized="kỹ thuật" field="" word_div="" spell="" mean="biến điệu biên độ" audio="" /><row row_id="6" word_id="4" word_dtl_id="0" word="a.m." specialized="" field="" word_div="phó từ" spell="/&amp;#39;ei&amp;#39;em/" mean="(xem) ante_meridiem" audio="" /><row row_id="7" word_id="5" word_dtl_id="0" word="A/D conversion" specialized="kỹ thuật" field="" word_div="" spell="" mean="quá trình biến đổi A/D" audio="" /><row row_id="8" word_id="5" word_dtl_id="1" word="A/D conversion" specialized="kỹ thuật" field="" word_div="" spell="" mean="sự biến đổi A/D" audio="" /><row row_id="9" word_id="6" word_dtl_id="0" word="A/D converter" specialized="kinh tế" field="" word_div="" spell="" mean="bộ chuyển mã tương tự sang tín hiệu số" audio="" /><row row_id="10" word_id="6" word_dtl_id="1" word="A/D converter" specialized="kỹ thuật" field="" word_div="" spell="" mean="bộ biến đổi A/D" audio="" /><row row_id="11" word_id="6" word_dtl_id="2" word="A/D converter" specialized="kỹ thuật" field="" word_div="" spell="" mean="bộ chuyển đổi AD" audio="" /><row row_id="12" word_id="6" word_dtl_id="3" word="A/D converter" specialized="kỹ thuật" field="điện lạnh" word_div="" spell="" mean="bộ đổi tương tự -số" audio="" /><row row_id="13" word_id="7" word_dtl_id="0" word="A/D converter (ADC)" specialized="kỹ thuật" field="toán &amp; tin" word_div="" spell="" mean="bộ chuyển đổi tương tự-số" audio="" /><row row_id="14" word_id="8" word_dtl_id="0" word="A/F (dimension)" specialized="kỹ thuật" field="" word_div="" spell="" mean="mặt cắt ngang" audio="" /><row row_id="15" word_id="9" word_dtl_id="0" word="A/m" specialized="kỹ thuật" field="điện" word_div="" spell="" mean="ampe trên mét" audio="" /><row row_id="16" word_id="10" word_dtl_id="0" word="a1" specialized="kinh tế" field="" word_div="" spell="" mean="cấp A1" audio="" /><row row_id="17" word_id="10" word_dtl_id="1" word="a1" specialized="kinh tế" field="" word_div="" spell="" mean="khổ giấy A1 (594 x 841 mm)" audio="" />','1','::1';
2019-06-19 17:06:30 EXEC SPC_COM_MENU '1';
2019-06-19 17:06:40 EXEC SPC_COM_MENU '1';
2019-06-19 17:06:40 EXEC SPC_v003_ACT1 '<row row_id="0" word_id="1" word_dtl_id="0" word="A15 phases" specialized="kỹ thuật" field="điện lạnh" word_div="" spell="" mean="các pha A15" audio="" /><row row_id="1" word_id="2" word_dtl_id="0" word="a4" specialized="kinh tế" field="" word_div="" spell="" mean="khổ giấy A4 (210 x 297 mm)" audio="" /><row row_id="2" word_id="3" word_dtl_id="0" word="A4-size" specialized="" field="" word_div="" spell="" mean="(Tech) khổ giấy A4 (21 cm x 29.7 cm)" audio="" /><row row_id="3" word_id="4" word_dtl_id="0" word="aa" specialized="" field="" word_div="" spell="" mean="(Alcoholics Anonymous) Hội cai rượu" audio="" /><row row_id="4" word_id="4" word_dtl_id="1" word="aa" specialized="" field="" word_div="" spell="" mean="(Automobile Association) Hội ô tô" audio="" /><row row_id="5" word_id="4" word_dtl_id="2" word="aa" specialized="kỹ thuật" field="điện lạnh" word_div="" spell="" mean="abampe" audio="" /><row row_id="6" word_id="4" word_dtl_id="3" word="aa" specialized="kỹ thuật" field="điện" word_div="" spell="" mean="ampe hệ từ" audio="" /><row row_id="7" word_id="5" word_dtl_id="0" word="AA (author&amp;#39;s alterations)" specialized="kỹ thuật" field="" word_div="" spell="" mean="dấu AA" audio="" /><row row_id="8" word_id="5" word_dtl_id="1" word="AA (author&amp;#39;s alterations)" specialized="kỹ thuật" field="" word_div="" spell="" mean="dấu sửa của tác giả" audio="" /><row row_id="9" word_id="6" word_dtl_id="0" word="AA (auto answer light)" specialized="kỹ thuật" field="toán &amp; tin" word_div="" spell="" mean="đèn báo trả lời tự động" audio="" /><row row_id="10" word_id="7" word_dtl_id="0" word="AA-one" specialized="kinh tế" field="" word_div="" spell="" mean="chất lượng cao" audio="" /><row row_id="11" word_id="8" word_dtl_id="0" word="aA/cm2" specialized="kỹ thuật" field="điện lạnh" word_div="" spell="" mean="abampe trên centimét vuông" audio="" /><row row_id="12" word_id="9" word_dtl_id="0" word="aaa" specialized="" field="" word_div="" spell="" mean="(Amateur Athletic Association) Hội thể thao không chuyên" audio="" /><row row_id="13" word_id="9" word_dtl_id="1" word="aaa" specialized="" field="" word_div="" spell="" mean="(American Automobile Association) Hiệp hội xe hơi Mỹ" audio="" /><row row_id="14" word_id="9" word_dtl_id="2" word="aaa" specialized="kinh tế" field="" word_div="" spell="" mean="trái phiếu được sắp hạng cao nhất về mức an toàn" audio="" /><row row_id="15" word_id="10" word_dtl_id="0" word="aAcm2" specialized="kỹ thuật" field="điện lạnh" word_div="" spell="" mean="abampe centimét vuông" audio="" />','1','::1';
2019-06-19 17:06:41 EXEC SPC_COM_MENU '1';
2019-06-19 17:07:48 EXEC SPC_COM_PERMISSION '1','2','v003';
2019-06-19 17:07:48 EXEC SPC_COM_MENU '1';
2019-06-19 17:07:48 EXEC SPC_COM_MENU '1';
2019-06-19 17:08:32 EXEC SPC_COM_PERMISSION '1','2','v003';
2019-06-19 17:08:32 EXEC SPC_COM_MENU '1';
2019-06-19 17:08:33 EXEC SPC_COM_MENU '1';
2019-06-19 17:08:55 EXEC SPC_COM_MENU '1';
2019-06-19 17:08:55 EXEC SPC_v003_ACT1 '<row row_id="0" word_id="1" word_dtl_id="0" word="AAD Programming Support System (APSE)" specialized="kỹ thuật" field="điện tử &amp; viễn thông" word_div="" spell="" mean="Hệ thống trợ giúp lập trình AAD" audio="" /><row row_id="1" word_id="2" word_dtl_id="0" word="AADL (axiomatic architecture description language)" specialized="kỹ thuật" field="toán &amp; tin" word_div="" spell="" mean="ngôn ngữ mô tả kiến trúc tiên đề" audio="" /><row row_id="2" word_id="3" word_dtl_id="0" word="AAP (Association of American Publishers)" specialized="kỹ thuật" field="toán &amp; tin" word_div="" spell="" mean="hiệp hội các nhà xuất bản Hoa Kỳ" audio="" /><row row_id="3" word_id="4" word_dtl_id="0" word="aard-wolf" specialized="" field="" word_div="danh từ" spell="/&amp;#39;ɑ:d,wulf/" mean="(động vật học) chó sói đất (Nam Phi)" audio="" /><row row_id="4" word_id="5" word_dtl_id="0" word="aardvark" specialized="" field="" word_div="danh từ" spell="" mean="(động vật) lợn đất" audio="" /><row row_id="5" word_id="6" word_dtl_id="0" word="aardwolf" specialized="" field="" word_div="danh từ" spell="" mean="&amp;lt;động&amp;gt; chó sói đất (Nam Phi)" audio="" /><row row_id="6" word_id="7" word_dtl_id="0" word="Aaron&amp;#39;s rod" specialized="kỹ thuật" field="xây dựng" word_div="" spell="" mean="Thanh Aaron" audio="" /><row row_id="7" word_id="8" word_dtl_id="0" word="AARP (Apple Address Resolution Protocol)" specialized="kỹ thuật" field="toán &amp; tin" word_div="" spell="" mean="giao thức phân giải địa chỉ Apple" audio="" /><row row_id="8" word_id="9" word_dtl_id="0" word="AAS (authorized application specialist)" specialized="kỹ thuật" field="toán &amp; tin" word_div="" spell="" mean="chuyên gia ứng dụng được phép" audio="" /><row row_id="9" word_id="9" word_dtl_id="1" word="AAS (authorized application specialist)" specialized="kỹ thuật" field="toán &amp; tin" word_div="" spell="" mean="chuyên viên ứng dụng có thẩm quyền" audio="" /><row row_id="10" word_id="10" word_dtl_id="0" word="aasmus" specialized="kỹ thuật" field="y học" word_div="" spell="" mean="bệnh hen" audio="" />','1','::1';
2019-06-19 17:08:57 EXEC SPC_COM_MENU '1';
2019-06-19 17:10:25 EXEC SPC_COM_MENU '1';
2019-06-19 17:10:25 EXEC SPC_v003_ACT1 '<row row_id="0" word_id="1" word_dtl_id="0" word="aasvogel" specialized="" field="" word_div="danh từ" spell="/&amp;#39;ɑ:sfougəl/" mean="(động vật học) con kên kên (Nam Phi)" audio="" /><row row_id="1" word_id="2" word_dtl_id="0" word="AATC (Automatic Air Traffic Control)" specialized="kỹ thuật" field="toán &amp; tin" word_div="" spell="" mean="kiểm soát không lưu tự động" audio="" /><row row_id="2" word_id="3" word_dtl_id="0" word="ab" specialized="" field="" word_div="" spell="" mean="(vt của able-bodied seaman) thủy thủ hạng nhất" audio="" /><row row_id="3" word_id="3" word_dtl_id="1" word="ab" specialized="" field="" word_div="" spell="" mean="(vt của Bachelor of Arts) Cử nhân văn chương" audio="" /><row row_id="4" word_id="4" word_dtl_id="0" word="ab initio" specialized="" field="" word_div="phó từ" spell="/,æb i&amp;#39;ni∫iəʊ/" mean="ngay từ đầu" audio="" /><row row_id="5" word_id="4" word_dtl_id="1" word="ab initio" specialized="kỹ thuật" field="điện lạnh" word_div="" spell="/,æb i&amp;#39;ni∫iəʊ/" mean="theo nguyên lý đầu" audio="" /><row row_id="6" word_id="4" word_dtl_id="2" word="ab initio" specialized="kỹ thuật" field="điện lạnh" word_div="" spell="/,æb i&amp;#39;ni∫iəʊ/" mean="từ đầu" audio="" /><row row_id="7" word_id="5" word_dtl_id="0" word="ab-" specialized="kỹ thuật" field="điện lạnh" word_div="" spell="" mean="tiền tố ab (để nhận dạng độ điện từ hệ CGS)" audio="" /><row row_id="8" word_id="6" word_dtl_id="0" word="ab-coulomb (ab-coulomb)" specialized="kỹ thuật" field="xây dựng" word_div="" spell="" mean="đơn vị điện lượng (=10coul)" audio="" /><row row_id="9" word_id="7" word_dtl_id="0" word="aba" specialized="" field="" word_div="danh từ" spell="/&amp;#39;ɑ:bə/" mean="áo aba (áo ngoài giống hình cái túi người A-Rập)" audio="" /><row row_id="10" word_id="8" word_dtl_id="0" word="abac, abacus" specialized="" field="" word_div="" spell="" mean="bàn tính, toán đồ, bản đồ tính" audio="" /><row row_id="11" word_id="8" word_dtl_id="1" word="abac, abacus" specialized="kỹ thuật" field="" word_div="" spell="" mean="bản đồ tính" audio="" /><row row_id="12" word_id="8" word_dtl_id="2" word="abac, abacus" specialized="kỹ thuật" field="" word_div="" spell="" mean="bàn tính" audio="" /><row row_id="13" word_id="8" word_dtl_id="3" word="abac, abacus" specialized="kỹ thuật" field="" word_div="" spell="" mean="toán đồ" audio="" /><row row_id="14" word_id="9" word_dtl_id="0" word="abaca" specialized="" field="" word_div="danh từ" spell="" mean="vải dệt bằng tơ chuối abaca ở philipin" audio="" /><row row_id="15" word_id="9" word_dtl_id="1" word="abaca" specialized="" field="" word_div="danh từ" spell="" mean="cây chuối abaca" audio="" />','1','::1';
2019-06-19 17:10:26 EXEC SPC_COM_MENU '1';
2019-06-19 17:13:04 EXEC SPC_COM_PERMISSION '1','2','v003';
2019-06-19 17:13:04 EXEC SPC_COM_MENU '1';
2019-06-19 17:13:05 EXEC SPC_COM_MENU '1';
2019-06-19 17:15:35 EXEC SPC_COM_MENU '1';
2019-06-19 17:15:35 EXEC SPC_v003_ACT1 '<row row_id="0" word_id="1" word_dtl_id="0" word="abaci" specialized="" field="kiến trúc" word_div="" spell="/&amp;#39;æbəkəs/" mean="đầu cột, đỉnh cột" audio="/web-content/dictonary/audio/a/abaci.wav" /><row row_id="1" word_id="1" word_dtl_id="1" word="abaci" specialized="" field="" word_div="danh từ" spell="/&amp;#39;æbəkəs/" mean="( số nhiều abaci,  abacuses)bàn tính" audio="/web-content/dictonary/audio/a/abaci.wav" /><row row_id="2" word_id="1" word_dtl_id="2" word="abaci" specialized="kỹ thuật" field="" word_div="" spell="/&amp;#39;æbəkəs/" mean="bản đồ tính" audio="/web-content/dictonary/audio/a/abaci.wav" /><row row_id="3" word_id="1" word_dtl_id="3" word="abaci" specialized="kỹ thuật" field="" word_div="" spell="/&amp;#39;æbəkəs/" mean="bàn tính" audio="/web-content/dictonary/audio/a/abaci.wav" /><row row_id="4" word_id="1" word_dtl_id="4" word="abaci" specialized="kỹ thuật" field="" word_div="" spell="/&amp;#39;æbəkəs/" mean="toán đồ" audio="/web-content/dictonary/audio/a/abaci.wav" /><row row_id="5" word_id="2" word_dtl_id="0" word="abacist" specialized="" field="" word_div="danh từ" spell="" mean="người gãy bàn phím" audio="" /><row row_id="6" word_id="2" word_dtl_id="1" word="abacist" specialized="" field="" word_div="danh từ" spell="" mean="người kế toán" audio="" /><row row_id="7" word_id="3" word_dtl_id="0" word="aback" specialized="" field="hàng hải" word_div="" spell="/ə&amp;#39;bæk/" mean="bị thổi ép vào cột buồm (buồm)" audio="" /><row row_id="8" word_id="3" word_dtl_id="1" word="aback" specialized="" field="" word_div="" spell="/ə&amp;#39;bæk/" mean="(nghĩa bóng) sửng sốt, ngạc nhiên" audio="" /><row row_id="9" word_id="3" word_dtl_id="2" word="aback" specialized="" field="" word_div="phó từ" spell="/ə&amp;#39;bæk/" mean="lùi lại, trở lại phía sau" audio="" /><row row_id="10" word_id="3" word_dtl_id="3" word="aback" specialized="kỹ thuật" field="" word_div="" spell="/ə&amp;#39;bæk/" mean="lùi lại" audio="" /><row row_id="11" word_id="4" word_dtl_id="0" word="aback order memo" specialized="kinh tế" field="" word_div="" spell="" mean="giấy báo giao hàng trễ" audio="" /><row row_id="12" word_id="5" word_dtl_id="0" word="abacterial" specialized="" field="" word_div="tính từ" spell="" mean="không do vi khuẩn gây ra" audio="" /><row row_id="13" word_id="5" word_dtl_id="1" word="abacterial" specialized="kỹ thuật" field="y học" word_div="" spell="" mean="không có vi khuẩn" audio="" /><row row_id="14" word_id="5" word_dtl_id="2" word="abacterial" specialized="kỹ thuật" field="y học" word_div="" spell="" mean="không do vi khuẩn gây nên" audio="" /><row row_id="15" word_id="6" word_dtl_id="0" word="abactio" specialized="" field="y học" word_div="danh từ" spell="" mean="sự phá thai" audio="" /><row row_id="16" word_id="7" word_dtl_id="0" word="abaction" specialized="" field="" word_div="danh từ" spell="" mean="(từ pháp) việc gia súc bị bắt trộm" audio="" /><row row_id="17" word_id="8" word_dtl_id="0" word="abactus" specialized="" field="" word_div="tính từ" spell="" mean="bị trụy thai" audio="" /><row row_id="18" word_id="9" word_dtl_id="0" word="abactus venter" specialized="kỹ thuật" field="y học" word_div="" spell="" mean="sự phá thai" audio="" /><row row_id="19" word_id="10" word_dtl_id="0" word="abacus" specialized="" field="kiến trúc" word_div="" spell="/&amp;#39;æbəkəs/" mean="đầu cột, đỉnh cột" audio="/web-content/dictonary/audio/a/abacus.wav" /><row row_id="20" word_id="10" word_dtl_id="1" word="abacus" specialized="" field="" word_div="danh từ" spell="/&amp;#39;æbəkəs/" mean="(số nhiều abaci,  abacuses)bàn tính" audio="/web-content/dictonary/audio/a/abacus.wav" /><row row_id="21" word_id="10" word_dtl_id="2" word="abacus" specialized="kinh tế" field="" word_div="" spell="/&amp;#39;æbəkəs/" mean="bàn tính" audio="/web-content/dictonary/audio/a/abacus.wav" /><row row_id="22" word_id="10" word_dtl_id="3" word="abacus" specialized="kỹ thuật" field="" word_div="" spell="/&amp;#39;æbəkəs/" mean="bản đồ tính" audio="/web-content/dictonary/audio/a/abacus.wav" /><row row_id="23" word_id="10" word_dtl_id="4" word="abacus" specialized="kỹ thuật" field="" word_div="" spell="/&amp;#39;æbəkəs/" mean="bàn tính" audio="/web-content/dictonary/audio/a/abacus.wav" /><row row_id="24" word_id="10" word_dtl_id="5" word="abacus" specialized="kỹ thuật" field="" word_div="" spell="/&amp;#39;æbəkəs/" mean="bảng tính" audio="/web-content/dictonary/audio/a/abacus.wav" /><row row_id="25" word_id="10" word_dtl_id="6" word="abacus" specialized="kỹ thuật" field="" word_div="" spell="/&amp;#39;æbəkəs/" mean="đầu cọc" audio="/web-content/dictonary/audio/a/abacus.wav" /><row row_id="26" word_id="10" word_dtl_id="7" word="abacus" specialized="kỹ thuật" field="" word_div="" spell="/&amp;#39;æbəkəs/" mean="đầu cột" audio="/web-content/dictonary/audio/a/abacus.wav" /><row row_id="27" word_id="10" word_dtl_id="8" word="abacus" specialized="kỹ thuật" field="" word_div="" spell="/&amp;#39;æbəkəs/" mean="đỉnh cột" audio="/web-content/dictonary/audio/a/abacus.wav" /><row row_id="28" word_id="10" word_dtl_id="9" word="abacus" specialized="kỹ thuật" field="" word_div="" spell="/&amp;#39;æbəkəs/" mean="mũ cột" audio="/web-content/dictonary/audio/a/abacus.wav" /><row row_id="29" word_id="10" word_dtl_id="10" word="abacus" specialized="kỹ thuật" field="" word_div="" spell="/&amp;#39;æbəkəs/" mean="tấm đỉnh" audio="/web-content/dictonary/audio/a/abacus.wav" /><row row_id="30" word_id="10" word_dtl_id="11" word="abacus" specialized="kỹ thuật" field="xây dựng" word_div="" spell="/&amp;#39;æbəkəs/" mean="bài toán" audio="/web-content/dictonary/audio/a/abacus.wav" /><row row_id="31" word_id="10" word_dtl_id="12" word="abacus" specialized="kỹ thuật" field="xây dựng" word_div="" spell="/&amp;#39;æbəkəs/" mean="đệm đầu cột" audio="/web-content/dictonary/audio/a/abacus.wav" /><row row_id="32" word_id="10" word_dtl_id="13" word="abacus" specialized="kỹ thuật" field="xây dựng" word_div="" spell="/&amp;#39;æbəkəs/" mean="mũ đệm" audio="/web-content/dictonary/audio/a/abacus.wav" />','1','::1';
2019-06-19 17:15:37 EXEC SPC_COM_MENU '1';
2019-06-19 17:17:11 EXEC SPC_COM_MENU '1';
2019-06-19 17:17:11 EXEC SPC_v003_ACT1 '<row row_id="0" word_id="1" word_dtl_id="0" word="abaddon" specialized="" field="" word_div="danh từ" spell="/ə&amp;#39;bædən/" mean="âm ti, địa ngục" audio="" /><row row_id="1" word_id="1" word_dtl_id="1" word="abaddon" specialized="" field="" word_div="danh từ" spell="/ə&amp;#39;bædən/" mean="con quỷ" audio="" /><row row_id="2" word_id="2" word_dtl_id="0" word="abaft" specialized="" field="hàng hải" word_div="phó từ" spell="/ə&amp;#39;bɑ:ft/" mean="ở phía sau bánh lái, gần phía bánh lái" audio="" /><row row_id="3" word_id="2" word_dtl_id="1" word="abaft" specialized="" field="hàng hải" word_div="giới từ" spell="/ə&amp;#39;bɑ:ft/" mean="sau, ở đằng sau, ở phía sau" audio="" /><row row_id="4" word_id="2" word_dtl_id="2" word="abaft" specialized="kỹ thuật" field="" word_div="" spell="/ə&amp;#39;bɑ:ft/" mean="về phía sau" audio="" /><row row_id="5" word_id="2" word_dtl_id="3" word="abaft" specialized="kỹ thuật" field="giao thông &amp; vận tải" word_div="" spell="/ə&amp;#39;bɑ:ft/" mean="ở phía sau (tàu)" audio="" /><row row_id="6" word_id="3" word_dtl_id="0" word="abalienate" specialized="" field="" word_div="ngoại động từ" spell="" mean="nhường lại tài sản" audio="" /><row row_id="7" word_id="4" word_dtl_id="0" word="abalienation" specialized="" field="" word_div="danh từ" spell="" mean="sự nhường lại tài sản" audio="" /><row row_id="8" word_id="4" word_dtl_id="1" word="abalienation" specialized="kinh tế" field="" word_div="" spell="" mean="di chuyển" audio="" /><row row_id="9" word_id="4" word_dtl_id="2" word="abalienation" specialized="kinh tế" field="" word_div="" spell="" mean="sự chuyển nhượng (tài sản)" audio="" /><row row_id="10" word_id="5" word_dtl_id="0" word="aballenated" specialized="kỹ thuật" field="y học" word_div="" spell="" mean="bị loạn tâm thần" audio="" /><row row_id="11" word_id="6" word_dtl_id="0" word="aballenation" specialized="kỹ thuật" field="" word_div="" spell="" mean="bệnh tâm thần" audio="" /><row row_id="12" word_id="7" word_dtl_id="0" word="abalone" specialized="" field="" word_div="danh từ" spell="/,æbə&amp;#39;louni/" mean="(từ Mỹ,nghĩa Mỹ) bào ngư" audio="" /><row row_id="13" word_id="8" word_dtl_id="0" word="abampere" specialized="" field="" word_div="" spell="" mean="(Tech) abampe, ampe tuyệt đối (đơn vị cường độ tuyệt đối của dòng điện, 1 abampe = 10 ampe)" audio="" /><row row_id="14" word_id="8" word_dtl_id="1" word="abampere" specialized="kỹ thuật" field="đo lường &amp; điều khiển" word_div="" spell="" mean="aA (ampe hệ CGS điện từ, 10 ampe) ~điện" audio="" /><row row_id="15" word_id="8" word_dtl_id="2" word="abampere" specialized="kỹ thuật" field="đo lường &amp; điều khiển" word_div="" spell="" mean="ampe hệ từ" audio="" /><row row_id="16" word_id="9" word_dtl_id="0" word="abampere centimeter squared" specialized="kỹ thuật" field="đo lường &amp; điều khiển" word_div="" spell="" mean="aAcm2" audio="" /><row row_id="17" word_id="9" word_dtl_id="1" word="abampere centimeter squared" specialized="kỹ thuật" field="điện lạnh" word_div="" spell="" mean="abampe centimét vuông" audio="" /><row row_id="18" word_id="10" word_dtl_id="0" word="abampere per centimeter squared" specialized="kỹ thuật" field="đo lường &amp; điều khiển" word_div="" spell="" mean="aA/cm2" audio="" /><row row_id="19" word_id="10" word_dtl_id="1" word="abampere per centimeter squared" specialized="kỹ thuật" field="điện lạnh" word_div="" spell="" mean="abampe trên centimét vuông" audio="" />','1','::1';
2019-06-19 17:17:13 EXEC SPC_COM_MENU '1';
