2019-02-20 09:09:09 EXEC SPC_COM_DATA '','','';
2019-02-20 09:09:27 EXEC SPC_COM_DATA '','','';
2019-02-20 09:09:41 EXEC SPC_COM_DATA '','','';
2019-02-20 09:12:40 EXEC SPC_COM_DATA '','','';
2019-02-20 09:14:24 EXEC SPC_COM_DATA '','','';
2019-02-20 09:15:00 EXEC SPC_COM_DATA '','','';
2019-02-20 09:15:50 EXEC SPC_COM_DATA '','','';
2019-02-20 09:16:53 EXEC SPC_COM_DATA '','','';
2019-02-20 09:18:33 EXEC SPC_COM_DATA '','','';
2019-02-20 09:19:41 EXEC SPC_COM_DATA '','','';
2019-02-20 09:22:16 EXEC SPC_COM_DATA '','','';
2019-02-20 09:22:51 EXEC SPC_COM_DATA '','','';
2019-02-20 09:23:21 EXEC SPC_COM_DATA '','','';
2019-02-20 09:23:41 EXEC SPC_COM_DATA '','','';
2019-02-20 09:27:56 EXEC SPC_COM_DATA '','','';
2019-02-20 09:28:45 EXEC SPC_COM_DATA '','','';
2019-02-20 09:29:59 EXEC SPC_COM_DATA '','','';
2019-02-20 09:32:27 EXEC SPC_COM_DATA '','','';
2019-02-20 09:35:00 EXEC SPC_COM_DATA '','','';
2019-02-20 09:36:42 EXEC SPC_COM_DATA '','','';
2019-02-20 09:38:10 EXEC SPC_COM_DATA '','','';
2019-02-20 09:39:25 EXEC SPC_COM_DATA '','','';
2019-02-20 09:40:34 EXEC SPC_COM_DATA '','','';
2019-02-20 09:43:06 EXEC SPC_COM_DATA '','','';
2019-02-20 09:43:10 EXEC SPC_COM_DATA '','','';
2019-02-20 09:48:43 EXEC SPC_COM_DATA '','','';
2019-02-20 09:49:23 EXEC SPC_COM_DATA '','','';
2019-02-20 09:50:14 EXEC SPC_COM_DATA '','','';
2019-02-20 09:50:52 EXEC SPC_COM_DATA '','','';
2019-02-20 09:52:58 EXEC SPC_COM_DATA '','','';
2019-02-20 09:55:45 EXEC SPC_COM_DATA '','','';
2019-02-20 09:56:57 EXEC SPC_COM_DATA '','','';
2019-02-20 09:57:19 EXEC SPC_COM_DATA '','','';
2019-02-20 09:58:56 EXEC SPC_COM_DATA '','','';
2019-02-20 10:00:01 EXEC SPC_COM_DATA '','','';
2019-02-20 10:00:30 EXEC SPC_COM_DATA '','','';
2019-02-20 10:02:50 EXEC SPC_COM_DATA '','','';
2019-02-20 10:03:02 EXEC SPC_COM_DATA '','','';
2019-02-20 10:08:01 EXEC SPC_COM_DATA '','','';
2019-02-20 10:08:16 EXEC SPC_COM_DATA '','','';
2019-02-20 10:08:55 EXEC SPC_COM_DATA '','','';
2019-02-20 10:09:23 EXEC SPC_COM_DATA '','','';
2019-02-20 10:09:52 EXEC SPC_COM_DATA '','','';
2019-02-20 10:10:43 EXEC SPC_COM_DATA '','','';
2019-02-20 10:11:40 EXEC SPC_COM_DATA '','','';
2019-02-20 10:12:23 EXEC SPC_COM_DATA '','','';
2019-02-20 10:12:58 EXEC SPC_COM_DATA '','','';
2019-02-20 10:14:04 EXEC SPC_COM_DATA '','','';
2019-02-20 10:18:43 EXEC SPC_COM_DATA '','','';
2019-02-20 10:18:53 EXEC SPC_COMMON_ACCOUNT '2','1';
2019-02-20 10:19:58 EXEC SPC_COM_DATA 'khoai','2','1';
2019-02-20 10:19:58 EXEC SPC_COM_MENU '2';
2019-02-20 10:20:03 EXEC SPC_COM_DATA '','','';
2019-02-20 10:20:10 EXEC SPC_COMMON_ACCOUNT '2','1';
2019-02-20 10:20:10 EXEC SPC_COM_DATA 'khoai','2','1';
2019-02-20 10:20:10 EXEC SPC_COM_MENU '2';
2019-02-20 10:20:20 EXEC SPC_COM_DATA '','','';
2019-02-20 10:20:27 EXEC SPC_COM_DATA '','','';
2019-02-20 10:20:27 EXEC SPC_VOCABULARY_LST1 '','','','';
2019-02-20 10:20:28 EXEC SPC_COM_DATA '','','';
2019-02-20 10:20:28 EXEC SPC_VOCABULARY_LST2 '2','1','';
2019-02-20 10:20:29 EXEC SPC_COM_DATA '','','';
2019-02-20 10:20:46 EXEC SPC_COMMON_ACCOUNT '2','1';
2019-02-20 10:20:46 EXEC SPC_COM_DATA 'khoai','2','1';
2019-02-20 10:20:46 EXEC SPC_COM_MENU '2';
2019-02-20 10:20:59 EXEC SPC_COM_DATA '','','';
2019-02-20 10:21:15 EXEC SPC_COM_DATA '','','';
2019-02-20 10:21:15 EXEC SPC_VOCABULARY_LST1 '','','','';
2019-02-20 10:21:16 EXEC SPC_COM_DATA '','','';
2019-02-20 10:21:16 EXEC SPC_VOCABULARY_LST2 '2','1','';
2019-02-20 10:22:32 EXEC SPC_COM_DATA '','','';
2019-02-20 10:22:32 EXEC SPC_VOCABULARY_LST1 '3','','2','1';
2019-02-20 10:22:32 EXEC SPC_COM_DATA '','','';
2019-02-20 10:22:32 EXEC SPC_VOCABULARY_LST2 '2','1','';
2019-02-20 10:23:16 EXEC SPC_COMMON_ACCOUNT '2','1';
2019-02-20 10:23:16 EXEC SPC_COM_DATA 'khoai','2','1';
2019-02-20 10:23:16 EXEC SPC_VOCABULARY_LST1 '3','khoai','2','1';
2019-02-20 10:23:17 EXEC SPC_COM_DATA 'khoai','2','1';
2019-02-20 10:23:17 EXEC SPC_VOCABULARY_LST2 '2','1','khoai';
2019-02-20 10:23:30 EXEC SPC_COM_DATA '','','';
2019-02-20 10:23:30 EXEC SPC_VOCABULARY_LST1 '3','','','';
2019-02-20 10:23:30 EXEC SPC_COM_DATA '','','';
2019-02-20 10:23:30 EXEC SPC_VOCABULARY_LST2 '2','1','';
2019-02-20 10:23:40 EXEC SPC_COMMON_ACCOUNT '2','1';
2019-02-20 10:23:40 EXEC SPC_COM_DATA 'khoai','2','1';
2019-02-20 10:23:40 EXEC SPC_VOCABULARY_LST1 '3','khoai','2','1';
2019-02-20 10:23:41 EXEC SPC_COM_DATA 'khoai','2','1';
2019-02-20 10:23:41 EXEC SPC_VOCABULARY_LST2 '2','1','khoai';
2019-02-20 10:27:54 EXEC SPC_COM_DATA 'khoai','2','1';
2019-02-20 10:27:54 EXEC SPC_DISCUSS_LST1 '','khoai';
2019-02-20 10:27:55 EXEC SPC_COM_DATA 'khoai','2','1';
2019-02-20 10:27:55 EXEC SPC_DISCUSS_LST2 '','1','','khoai';
2019-02-20 10:27:59 EXEC SPC_COM_DATA 'khoai','2','1';
2019-02-20 10:27:59 EXEC SPC_SOCIAL_LST1 '','khoai';
2019-02-20 10:27:59 EXEC SPC_COM_DATA 'khoai','2','1';
2019-02-20 10:27:59 EXEC SPC_SOCIAL_LST2 '','1','','khoai';
2019-02-20 10:28:01 EXEC SPC_COM_DATA 'khoai','2','1';
2019-02-20 10:28:01 EXEC SPC_LISTENING_LST1 '','khoai','2','1';
2019-02-20 10:28:02 EXEC SPC_COM_DATA 'khoai','2','1';
2019-02-20 10:28:02 EXEC SPC_LISTENING_LST2 '8','8','khoai';
2019-02-20 10:28:42 EXEC SPC_COM_DATA '','','';
2019-02-20 10:28:42 EXEC SPC_LISTENING_LST1 '24','','','';
2019-02-20 10:28:43 EXEC SPC_COM_DATA '','','';
2019-02-20 10:28:43 EXEC SPC_LISTENING_LST2 '8','8','';
2019-02-20 10:28:46 EXEC SPC_COMMON_ACCOUNT '2','1';
2019-02-20 10:28:46 EXEC SPC_COM_DATA 'khoai','2','1';
2019-02-20 10:28:46 EXEC SPC_LISTENING_LST1 '24','khoai','8','8';
2019-02-20 10:28:47 EXEC SPC_COM_DATA 'khoai','2','1';
2019-02-20 10:28:47 EXEC SPC_LISTENING_LST2 '8','8','khoai';
2019-02-20 10:28:52 EXEC SPC_COM_DATA 'khoai','2','1';
2019-02-20 10:28:52 EXEC SPC_LISTENING_LST1 '24','khoai','8','8';
2019-02-20 10:28:52 EXEC SPC_COM_DATA 'khoai','2','1';
2019-02-20 10:28:52 EXEC SPC_LISTENING_LST2 '8','8','khoai';
2019-02-20 10:28:54 EXEC SPC_COM_DATA 'khoai','2','1';
2019-02-20 10:28:54 EXEC SPC_WRITING_LST1 '','khoai','8','8';
2019-02-20 10:28:54 EXEC SPC_COM_DATA 'khoai','2','1';
2019-02-20 10:28:54 EXEC SPC_COMMON_GET_SUGGEST
2019-02-20 10:28:55 EXEC SPC_COM_DATA 'khoai','2','1';
2019-02-20 10:28:55 EXEC SPC_WRITING_LST2 '9','10','khoai';
2019-02-20 10:29:44 EXEC SPC_COM_DATA '','','';
2019-02-20 10:29:44 EXEC SPC_WRITING_LST1 '7','','','';
2019-02-20 10:29:44 EXEC SPC_COM_DATA '','','';
2019-02-20 10:29:44 EXEC SPC_COMMON_GET_SUGGEST
2019-02-20 10:29:45 EXEC SPC_COM_DATA '','','';
2019-02-20 10:29:45 EXEC SPC_WRITING_LST2 '9','10','';
2019-02-20 10:29:53 EXEC SPC_COMMON_ACCOUNT '2','1';
2019-02-20 10:29:53 EXEC SPC_COM_DATA 'khoai','2','1';
2019-02-20 10:29:53 EXEC SPC_WRITING_LST1 '7','khoai','9','10';
2019-02-20 10:29:54 EXEC SPC_COM_DATA 'khoai','2','1';
2019-02-20 10:29:54 EXEC SPC_COMMON_GET_SUGGEST
2019-02-20 10:29:54 EXEC SPC_COM_DATA 'khoai','2','1';
2019-02-20 10:29:54 EXEC SPC_WRITING_LST2 '9','10','khoai';
2019-02-20 10:30:11 EXEC SPC_COM_M999_INQ1 '8';
2019-02-20 10:30:11 EXEC SPC_USER_P001_LST2 '';
2019-02-20 10:30:14 EXEC SPC_USER_P001_LST1 '0','','','5','','50','1';
2019-02-20 10:30:28 EXEC SPC_USER_P001_LST3 '<row row_id="5" id="3" /><row row_id="5" id="8" /><row row_id="5" id="7" />','5';
2019-02-20 10:30:40 EXEC SPC_COM_DATA 'khoai','2','1';
2019-02-20 10:30:40 EXEC SPC_WRITING_ACT1 '5','18','','my name is Quy','<p>this is a bad experience :(&nbsp;</p>','<row row_id="5" id="3" /><row row_id="5" id="8" /><row row_id="5" id="7" />','khoai','127.0.0.1';
2019-02-20 10:31:04 EXEC SPC_COM_DATA 'khoai','2','1';
2019-02-20 10:31:04 EXEC SPC_WRITING_ACT3 '18','khoai','127.0.0.1';
2019-02-20 10:31:09 EXEC SPC_COM_DATA 'khoai','2','1';
2019-02-20 10:31:09 EXEC SPC_SOCIAL_LST1 '','khoai';
2019-02-20 10:31:10 EXEC SPC_COM_DATA 'khoai','2','1';
2019-02-20 10:31:10 EXEC SPC_SOCIAL_LST2 '','1','','khoai';
2019-02-20 10:31:11 EXEC SPC_COM_DATA 'khoai','2','1';
2019-02-20 10:31:11 EXEC SPC_SOCIAL_LST1 '18','khoai';
2019-02-20 10:31:12 EXEC SPC_COM_DATA 'khoai','2','1';
2019-02-20 10:31:12 EXEC SPC_SOCIAL_LST2 '18','1','','khoai';
2019-02-20 10:31:17 EXEC SPC_COM_DATA 'khoai','2','1';
2019-02-20 10:31:17 EXEC SPC_SOCIAL_ACT2 '18','khoai','127.0.0.1';
2019-02-20 10:31:32 EXEC SPC_COM_DATA 'khoai','2','1';
2019-02-20 10:31:32 EXEC SPC_WRITING_LST1 '','khoai','9','10';
2019-02-20 10:31:33 EXEC SPC_COM_DATA 'khoai','2','1';
2019-02-20 10:31:33 EXEC SPC_SOCIAL_ACT2 '18','khoai','127.0.0.1';
2019-02-20 10:31:33 EXEC SPC_COM_DATA 'khoai','2','1';
2019-02-20 10:31:33 EXEC SPC_COMMON_GET_SUGGEST
2019-02-20 10:31:33 EXEC SPC_COM_DATA 'khoai','2','1';
2019-02-20 10:31:33 EXEC SPC_WRITING_LST2 '9','10','khoai';
2019-02-20 10:45:40 EXEC SPC_COM_DATA 'khoai','2','1';
2019-02-20 10:45:40 EXEC SPC_READING_LST1 '','khoai','9','10';
2019-02-20 10:45:41 EXEC SPC_COM_DATA 'khoai','2','1';
2019-02-20 10:45:41 EXEC SPC_READING_LST2 '12','14','khoai';
2019-02-20 10:45:48 EXEC SPC_COM_DATA 'khoai','2','1';
2019-02-20 10:45:48 EXEC SPC_COM_GET_PAGE_COMMENT '1','5','9','1','khoai';
2019-02-20 10:45:48 EXEC SPC_COM_DATA 'khoai','2','1';
2019-02-20 10:45:48 EXEC SPC_COM_GET_PAGE_COMMENT '1','5','9','1','khoai';
2019-02-20 10:45:50 EXEC SPC_COM_DATA 'khoai','2','1';
2019-02-20 10:45:50 EXEC SPC_COM_GET_PAGE_COMMENT '1','5','9','1','khoai';
2019-02-20 10:45:56 EXEC SPC_COM_DATA 'khoai','2','1';
2019-02-20 10:45:56 EXEC SPC_SOCIAL_LST1 '','khoai';
2019-02-20 10:45:57 EXEC SPC_COM_DATA 'khoai','2','1';
2019-02-20 10:45:57 EXEC SPC_SOCIAL_LST2 '','1','','khoai';
2019-02-20 10:46:02 EXEC SPC_COM_DATA 'khoai','2','1';
2019-02-20 10:46:02 EXEC SPC_SOCIAL_ACT1 '18','5','khoai','127.0.0.1';
2019-02-20 10:46:02 EXEC SPC_COM_DATA 'khoai','2','1';
2019-02-20 10:46:02 EXEC SPC_SOCIAL_ACT2 '18','khoai','127.0.0.1';
2019-02-20 10:46:58 EXEC SPC_COM_DATA 'khoai','2','1';
2019-02-20 10:46:58 EXEC SPC_SOCIAL_ACT2 '20','khoai','127.0.0.1';
2019-02-20 10:53:09 EXEC SPC_COM_DATA 'khoai','2','1';
2019-02-20 10:53:09 EXEC SPC_WRITING_LST1 '','khoai','12','14';
2019-02-20 10:53:10 EXEC SPC_COM_DATA 'khoai','2','1';
2019-02-20 10:53:10 EXEC SPC_COMMON_GET_SUGGEST
2019-02-20 10:53:10 EXEC SPC_COM_DATA 'khoai','2','1';
2019-02-20 10:53:10 EXEC SPC_WRITING_LST2 '9','10','khoai';
2019-02-20 10:54:55 EXEC SPC_COM_DATA 'khoai','2','1';
2019-02-20 10:54:55 EXEC SPC_WRITING_LST1 '18','khoai','9','10';
2019-02-20 10:54:56 EXEC SPC_COM_DATA 'khoai','2','1';
2019-02-20 10:54:56 EXEC SPC_COMMON_GET_SUGGEST
2019-02-20 10:55:03 EXEC SPC_COM_DATA 'khoai','2','1';
2019-02-20 10:55:03 EXEC SPC_WRITING_LST1 '','khoai','9','10';
2019-02-20 10:55:03 EXEC SPC_COM_DATA 'khoai','2','1';
2019-02-20 10:55:03 EXEC SPC_COMMON_GET_SUGGEST
2019-02-20 10:55:04 EXEC SPC_COM_DATA 'khoai','2','1';
2019-02-20 10:55:04 EXEC SPC_WRITING_LST2 '9','10','khoai';
2019-02-20 10:55:07 EXEC SPC_COM_DATA 'khoai','2','1';
2019-02-20 10:55:07 EXEC SPC_WRITING_LST1 '7','khoai','9','10';
2019-02-20 10:55:08 EXEC SPC_COM_DATA 'khoai','2','1';
2019-02-20 10:55:08 EXEC SPC_COMMON_GET_SUGGEST
2019-02-20 10:55:08 EXEC SPC_COM_DATA 'khoai','2','1';
2019-02-20 10:55:08 EXEC SPC_WRITING_LST2 '9','10','khoai';
2019-02-20 10:56:54 EXEC SPC_COM_DATA 'khoai','2','1';
2019-02-20 10:56:54 EXEC SPC_WRITING_LST1 '18','khoai','9','10';
2019-02-20 10:56:55 EXEC SPC_COM_DATA 'khoai','2','1';
2019-02-20 10:56:55 EXEC SPC_COMMON_GET_SUGGEST
2019-02-20 10:57:01 EXEC SPC_COM_DATA 'khoai','2','1';
2019-02-20 10:57:01 EXEC SPC_WRITING_LST1 '18','khoai','9','10';
2019-02-20 10:57:01 EXEC SPC_COM_DATA 'khoai','2','1';
2019-02-20 10:57:01 EXEC SPC_COMMON_GET_SUGGEST
2019-02-20 10:57:05 EXEC SPC_COM_DATA 'khoai','2','1';
2019-02-20 10:57:05 EXEC SPC_WRITING_LST1 '','khoai','9','10';
2019-02-20 10:57:05 EXEC SPC_COM_DATA 'khoai','2','1';
2019-02-20 10:57:05 EXEC SPC_COMMON_GET_SUGGEST
2019-02-20 10:57:05 EXEC SPC_COM_DATA 'khoai','2','1';
2019-02-20 10:57:05 EXEC SPC_WRITING_LST2 '9','10','khoai';
2019-02-20 10:57:21 EXEC SPC_COM_DATA 'khoai','2','1';
2019-02-20 10:57:21 EXEC SPC_WRITING_ACT1 '5','18','<row tag_nm="xấu xa" is_new="1" /><row tag_nm="quý" is_new="1" />','my name is Quy','<p>this is a bad experience :(&nbsp;</p>','<row row_id="5" id="3" /><row row_id="5" id="7" /><row row_id="5" id="8" />','khoai','127.0.0.1';
2019-02-20 10:57:29 EXEC SPC_COM_DATA 'khoai','2','1';
2019-02-20 10:57:29 EXEC SPC_SOCIAL_LST1 '','khoai';
2019-02-20 10:57:29 EXEC SPC_COM_DATA 'khoai','2','1';
2019-02-20 10:57:29 EXEC SPC_SOCIAL_LST2 '','1','','khoai';
2019-02-20 10:57:31 EXEC SPC_COM_DATA 'khoai','2','1';
2019-02-20 10:57:31 EXEC SPC_SOCIAL_LST1 '18','khoai';
2019-02-20 10:57:31 EXEC SPC_COM_DATA 'khoai','2','1';
2019-02-20 10:57:31 EXEC SPC_SOCIAL_LST2 '18','1','','khoai';
2019-02-20 10:57:36 EXEC SPC_COM_DATA 'khoai','2','1';
2019-02-20 10:57:36 EXEC SPC_SOCIAL_ACT2 '18','khoai','127.0.0.1';
2019-02-20 11:01:39 EXEC SPC_COM_DATA 'khoai','2','1';
2019-02-20 11:01:39 EXEC SPC_DISCUSS_LST1 '','khoai';
2019-02-20 11:01:39 EXEC SPC_COM_DATA 'khoai','2','1';
2019-02-20 11:01:39 EXEC SPC_DISCUSS_LST2 '','1','','khoai';
2019-02-20 11:01:42 EXEC SPC_COM_DATA 'khoai','2','1';
2019-02-20 11:01:42 EXEC SPC_DICTIONARY_LST1 '','khoai';
2019-02-20 11:01:44 EXEC SPC_COM_DATA 'khoai','2','1';
2019-02-20 11:01:45 EXEC SPC_COM_DATA 'khoai','2','1';
2019-02-20 11:01:45 EXEC SPC_TRANSLATION_LST1 '','khoai';
2019-02-20 11:15:45 EXEC SPC_COM_DATA 'khoai','2','1';
2019-02-20 11:15:46 EXEC SPC_COM_DATA 'khoai','2','1';
2019-02-20 11:15:46 EXEC SPC_TRANSLATION_LST1 '','khoai';
2019-02-20 11:15:54 EXEC SPC_COM_DATA 'khoai','2','1';
2019-02-20 11:16:15 EXEC SPC_COM_DATA 'khoai','2','1';
2019-02-20 11:16:16 EXEC SPC_COM_DATA 'khoai','2','1';
2019-02-20 11:16:16 EXEC SPC_TRANSLATION_LST1 '','khoai';
2019-02-20 11:16:20 EXEC SPC_COM_DATA 'khoai','2','1';
2019-02-20 11:16:20 EXEC SPC_TRANSLATION_ACT1 '','','','','','khoai','127.0.0.1';
2019-02-20 11:16:31 EXEC SPC_COM_DATA 'khoai','2','1';
2019-02-20 11:16:33 EXEC SPC_COM_DATA 'khoai','2','1';
2019-02-20 11:16:33 EXEC SPC_TRANSLATION_LST1 '','khoai';
2019-02-20 11:16:51 EXEC SPC_COM_DATA 'khoai','2','1';
2019-02-20 11:16:52 EXEC SPC_COM_DATA 'khoai','2','1';
2019-02-20 11:16:52 EXEC SPC_TRANSLATION_LST1 '','khoai';
2019-02-20 11:17:46 EXEC SPC_COM_DATA 'khoai','2','1';
2019-02-20 11:17:47 EXEC SPC_COM_DATA 'khoai','2','1';
2019-02-20 11:17:47 EXEC SPC_TRANSLATION_LST1 '','khoai';
2019-02-20 11:17:51 EXEC SPC_COM_DATA 'khoai','2','1';
2019-02-20 11:17:51 EXEC SPC_TRANSLATION_ACT1 '','','','','','','khoai','127.0.0.1';
2019-02-20 11:17:58 EXEC SPC_COM_DATA 'khoai','2','1';
2019-02-20 11:17:59 EXEC SPC_COM_DATA 'khoai','2','1';
2019-02-20 11:17:59 EXEC SPC_TRANSLATION_LST1 '','khoai';
2019-02-20 11:18:20 EXEC SPC_COM_DATA 'khoai','2','1';
2019-02-20 11:18:21 EXEC SPC_COM_DATA 'khoai','2','1';
2019-02-20 11:18:21 EXEC SPC_TRANSLATION_LST1 '','khoai';
2019-02-20 11:18:29 EXEC SPC_COM_DATA 'khoai','2','1';
2019-02-20 11:18:52 EXEC SPC_COM_DATA 'khoai','2','1';
2019-02-20 11:18:53 EXEC SPC_COM_DATA 'khoai','2','1';
2019-02-20 11:18:53 EXEC SPC_TRANSLATION_LST1 '','khoai';
2019-02-20 11:18:56 EXEC SPC_COM_DATA 'khoai','2','1';
2019-02-20 11:19:43 EXEC SPC_COM_DATA 'khoai','2','1';
2019-02-20 11:19:44 EXEC SPC_COM_DATA 'khoai','2','1';
2019-02-20 11:19:44 EXEC SPC_TRANSLATION_LST1 '','khoai';
2019-02-20 11:19:47 EXEC SPC_COM_DATA 'khoai','2','1';
2019-02-20 11:23:21 EXEC SPC_COM_DATA 'khoai','2','1';
2019-02-20 11:23:22 EXEC SPC_COM_DATA 'khoai','2','1';
2019-02-20 11:23:22 EXEC SPC_TRANSLATION_LST1 '','khoai';
2019-02-20 11:23:26 EXEC SPC_COM_DATA 'khoai','2','1';
2019-02-20 11:24:03 EXEC SPC_COM_DATA 'khoai','2','1';
2019-02-20 11:24:04 EXEC SPC_COM_DATA 'khoai','2','1';
2019-02-20 11:24:04 EXEC SPC_TRANSLATION_LST1 '','khoai';
2019-02-20 11:24:50 EXEC SPC_COM_DATA 'khoai','2','1';
2019-02-20 11:24:51 EXEC SPC_COM_DATA 'khoai','2','1';
2019-02-20 11:24:51 EXEC SPC_TRANSLATION_LST1 '','khoai';
2019-02-20 11:24:54 EXEC SPC_COM_DATA 'khoai','2','1';
2019-02-20 11:25:53 EXEC SPC_COM_DATA 'khoai','2','1';
2019-02-20 11:25:54 EXEC SPC_COM_DATA 'khoai','2','1';
2019-02-20 11:25:54 EXEC SPC_TRANSLATION_LST1 '','khoai';
2019-02-20 11:25:57 EXEC SPC_COM_DATA 'khoai','2','1';
2019-02-20 11:26:32 EXEC SPC_COM_DATA 'khoai','2','1';
2019-02-20 11:26:32 EXEC SPC_COM_DATA 'khoai','2','1';
2019-02-20 11:26:32 EXEC SPC_TRANSLATION_LST1 '','khoai';
2019-02-20 11:26:35 EXEC SPC_COM_DATA 'khoai','2','1';
2019-02-20 11:28:29 EXEC SPC_COM_DATA 'khoai','2','1';
2019-02-20 11:28:39 EXEC SPC_COM_DATA 'khoai','2','1';
2019-02-20 11:28:40 EXEC SPC_COM_DATA 'khoai','2','1';
2019-02-20 11:28:41 EXEC SPC_COM_DATA 'khoai','2','1';
2019-02-20 11:28:42 EXEC SPC_COM_DATA 'khoai','2','1';
2019-02-20 11:29:03 EXEC SPC_COM_DATA 'khoai','2','1';
2019-02-20 11:29:03 EXEC SPC_TRANSLATION_ACT1 '','','Dịch email','<row id="0" value="Hi." /><row id="1" value="My name is Daiki Ban from human resources of Nissan Motor Co." /><row id="2" value="Through our alliance with Renault," /><row id="3" value="Nissan Motor has blended differing cultures to achieve further growth and become the world&amp;#39;s second largest automaker, with 10.6 million vehicles sold globally in 2017." /><row id="4" value="Underpinning these strong sales is the IS/IT Strategy, a medium term IT strategy that ties in with Nissan&amp;#39;s Midterm Plan." /><row id="5" value="Nissan began making strategic investments in IT in 2005." /><row id="6" value="For continuous efficiency gains in spending and operations," /><row id="7" value="thanks in part to global standardization of infrastructure," /><row id="8" value="we have been selected as an Aggressive IT Management Brand for three years running." /><row id="9" value="If we continue simply developing systems, other automakers will leave us behind." /><row id="10" value="The era is over when just making a good car was enough to be accepted by the market." /><row id="11" value="Nissan Motor must now institute change from the inside, and IS/IT will lead the way." /><row id="12" value="It doesn&amp;#39;t matter whether you have experience in the automotive industry or not." /><row id="13" value="The important thing is your ownership and a spirited curiosity into global change." /><row id="14" value="We have many people with backgrounds in areas like finance and services." /><row id="15" value="I look forward meeting the talent who agrees to join us in creating change at Nissan Motor IS/IT." />','<row id="0" value="" /><row id="1" value="" /><row id="2" value="" /><row id="3" value="" /><row id="4" value="" /><row id="5" value="" /><row id="6" value="" /><row id="7" value="" /><row id="8" value="" /><row id="9" value="" /><row id="10" value="" /><row id="11" value="" /><row id="12" value="" /><row id="13" value="" /><row id="14" value="" /><row id="15" value="" />','<row id="0" value="" /><row id="1" value="Tên tôi là Daiki Ban từ nguồn nhân lực của Nissan Motor Co." /><row id="2" value="" /><row id="3" value="" /><row id="4" value="" /><row id="5" value="Nissan bắt đầu đầu tư chiến lược vào CNTT năm 2005." /><row id="6" value="" /><row id="7" value="một phần nhờ vào tiêu chuẩn hóa cơ sở hạ tầng toàn cầu," /><row id="8" value="" /><row id="9" value="" /><row id="10" value="" /><row id="11" value="" /><row id="12" value="" /><row id="13" value="" /><row id="14" value="" /><row id="15" value="" />','khoai','127.0.0.1';
2019-02-20 11:29:13 EXEC SPC_COM_DATA 'khoai','2','1';
2019-02-20 11:29:14 EXEC SPC_COM_DATA 'khoai','2','1';
2019-02-20 11:29:14 EXEC SPC_TRANSLATION_LST1 '','khoai';
2019-02-20 11:32:48 EXEC SPC_COM_DATA 'khoai','2','1';
2019-02-20 11:32:49 EXEC SPC_COM_DATA 'khoai','2','1';
2019-02-20 11:32:49 EXEC SPC_TRANSLATION_LST1 '','khoai';
2019-02-20 11:33:01 EXEC SPC_COM_DATA 'khoai','2','1';
2019-02-20 11:33:24 EXEC SPC_COM_DATA 'khoai','2','1';
2019-02-20 11:33:24 EXEC SPC_TRANSLATION_ACT1 '','Dịch email','<row tag_nm="email" is_new="1" />','Hi.
My name is Daiki Ban from human resources of Nissan Motor Co.
Through our alliance with Renault,
Nissan Motor has blended differing cultures to achieve further growth and become the world's second largest automaker, with 10.6 million vehicles sold globally in 2017.
Underpinning these strong sales is the IS/IT Strategy, a medium term IT strategy that ties in with Nissan's Midterm Plan.
Nissan began making strategic investments in IT in 2005.
For continuous efficiency gains in spending and operations,
thanks in part to global standardization of infrastructure,
we have been selected as an Aggressive IT Management Brand for three years running.
If we continue simply developing systems, other automakers will leave us behind.
The era is over when just making a good car was enough to be accepted by the market.
Nissan Motor must now institute change from the inside, and IS/IT will lead the way.
It doesn't matter whether you have experience in the automotive industry or not.
The important thing is your ownership and a spirited curiosity into global change.
We have many people with backgrounds in areas like finance and services.
I look forward meeting the talent who agrees to join us in creating change at Nissan Motor IS/IT.','','<row id="0" value="Hi." /><row id="1" value="My name is Daiki Ban from human resources of Nissan Motor Co." /><row id="2" value="Through our alliance with Renault," /><row id="3" value="Nissan Motor has blended differing cultures to achieve further growth and become the world&amp;#39;s second largest automaker, with 10.6 million vehicles sold globally in 2017." /><row id="4" value="Underpinning these strong sales is the IS/IT Strategy, a medium term IT strategy that ties in with Nissan&amp;#39;s Midterm Plan." /><row id="5" value="Nissan began making strategic investments in IT in 2005." /><row id="6" value="For continuous efficiency gains in spending and operations," /><row id="7" value="thanks in part to global standardization of infrastructure," /><row id="8" value="we have been selected as an Aggressive IT Management Brand for three years running." /><row id="9" value="If we continue simply developing systems, other automakers will leave us behind." /><row id="10" value="The era is over when just making a good car was enough to be accepted by the market." /><row id="11" value="Nissan Motor must now institute change from the inside, and IS/IT will lead the way." /><row id="12" value="It doesn&amp;#39;t matter whether you have experience in the automotive industry or not." /><row id="13" value="The important thing is your ownership and a spirited curiosity into global change." /><row id="14" value="We have many people with backgrounds in areas like finance and services." /><row id="15" value="I look forward meeting the talent who agrees to join us in creating change at Nissan Motor IS/IT." />','<row id="0" value="" /><row id="1" value="" /><row id="2" value="" /><row id="3" value="" /><row id="4" value="" /><row id="5" value="" /><row id="6" value="" /><row id="7" value="" /><row id="8" value="" /><row id="9" value="" /><row id="10" value="" /><row id="11" value="" /><row id="12" value="" /><row id="13" value="" /><row id="14" value="" /><row id="15" value="" />','<row id="0" value="Chào." /><row id="1" value="" /><row id="2" value="" /><row id="3" value="" /><row id="4" value="" /><row id="5" value="" /><row id="6" value="" /><row id="7" value="" /><row id="8" value="" /><row id="9" value="" /><row id="10" value="" /><row id="11" value="" /><row id="12" value="" /><row id="13" value="" /><row id="14" value="" /><row id="15" value="" />','2','khoai','127.0.0.1';
2019-02-20 11:33:26 EXEC SPC_COM_DATA 'khoai','2','1';
2019-02-20 11:33:34 EXEC SPC_COM_DATA 'khoai','2','1';
2019-02-20 11:33:35 EXEC SPC_COM_DATA 'khoai','2','1';
2019-02-20 11:36:40 EXEC SPC_COM_DATA 'khoai','2','1';
2019-02-20 11:36:41 EXEC SPC_COM_DATA 'khoai','2','1';
2019-02-20 11:36:41 EXEC SPC_TRANSLATION_LST1 '','khoai';
2019-02-20 11:36:42 EXEC SPC_COM_DATA 'khoai','2','1';
2019-02-20 11:36:42 EXEC SPC_RELAX_LST1 '','khoai';
2019-02-20 11:36:44 EXEC SPC_COM_DATA 'khoai','2','1';
2019-02-20 11:36:44 EXEC SPC_RELAX_LST2 '','1','1','1','0','','khoai';
2019-02-20 11:36:46 EXEC SPC_COM_DATA 'khoai','2','1';
2019-02-20 11:36:46 EXEC SPC_DICTIONARY_LST1 '','khoai';
2019-02-20 11:36:48 EXEC SPC_COM_DATA 'khoai','2','1';
2019-02-20 11:36:48 EXEC SPC_DISCUSS_LST1 '','khoai';
2019-02-20 11:36:49 EXEC SPC_COM_DATA 'khoai','2','1';
2019-02-20 11:36:49 EXEC SPC_DISCUSS_LST2 '','1','','khoai';
2019-02-20 11:36:54 EXEC SPC_COM_DATA 'khoai','2','1';
2019-02-20 11:36:54 EXEC SPC_DISCUSS_ACT2 '2054','khoai','127.0.0.1';
2019-02-20 11:36:59 EXEC SPC_COM_DATA 'khoai','2','1';
2019-02-20 11:37:02 EXEC SPC_COM_DATA 'khoai','2','1';
2019-02-20 11:37:02 EXEC SPC_SOCIAL_LST1 '','khoai';
2019-02-20 11:37:02 EXEC SPC_COM_DATA 'khoai','2','1';
2019-02-20 11:37:02 EXEC SPC_SOCIAL_LST2 '','1','','khoai';
2019-02-20 11:37:05 EXEC SPC_COM_DATA 'khoai','2','1';
2019-02-20 11:37:05 EXEC SPC_READING_LST1 '','khoai','9','10';
2019-02-20 11:37:05 EXEC SPC_COM_DATA 'khoai','2','1';
2019-02-20 11:37:05 EXEC SPC_READING_LST2 '12','14','khoai';
2019-02-20 11:39:30 EXEC SPC_COM_DATA 'khoai','2','1';
2019-02-20 11:39:30 EXEC SPC_SOCIAL_LST1 '','khoai';
2019-02-20 11:39:31 EXEC SPC_COM_DATA 'khoai','2','1';
2019-02-20 11:39:31 EXEC SPC_SOCIAL_LST2 '','1','','khoai';
2019-02-20 11:39:59 EXEC SPC_COM_DATA 'khoai','2','1';
2019-02-20 11:39:59 EXEC SPC_DISCUSS_LST1 '','khoai';
2019-02-20 11:40:00 EXEC SPC_COM_DATA 'khoai','2','1';
2019-02-20 11:40:00 EXEC SPC_DISCUSS_LST2 '','1','','khoai';
2019-02-20 11:40:02 EXEC SPC_COM_DATA 'khoai','2','1';
2019-02-20 11:40:02 EXEC SPC_DISCUSS_ACT1 '2054','1','khoai','127.0.0.1';
2019-02-20 11:40:03 EXEC SPC_COM_DATA 'khoai','2','1';
2019-02-20 11:40:03 EXEC SPC_DISCUSS_ACT1 '2054','-1','khoai','127.0.0.1';
2019-02-20 11:40:04 EXEC SPC_COM_DATA 'khoai','2','1';
2019-02-20 11:40:04 EXEC SPC_DISCUSS_ACT1 '2054','-1','khoai','127.0.0.1';
2019-02-20 11:40:05 EXEC SPC_COM_DATA 'khoai','2','1';
2019-02-20 11:40:05 EXEC SPC_DISCUSS_ACT2 '2054','khoai','127.0.0.1';
2019-02-20 11:40:07 EXEC SPC_COM_DATA 'khoai','2','1';
2019-02-20 11:40:07 EXEC SPC_DISCUSS_ACT1 '2054','1','khoai','127.0.0.1';
2019-02-20 11:40:08 EXEC SPC_COM_DATA 'khoai','2','1';
2019-02-20 11:40:08 EXEC SPC_DISCUSS_ACT1 '2054','1','khoai','127.0.0.1';
2019-02-20 11:40:09 EXEC SPC_COM_DATA 'khoai','2','1';
2019-02-20 11:40:09 EXEC SPC_DISCUSS_ACT1 '2054','-1','khoai','127.0.0.1';
2019-02-20 11:40:09 EXEC SPC_COM_DATA 'khoai','2','1';
2019-02-20 11:40:09 EXEC SPC_DISCUSS_ACT1 '2054','-1','khoai','127.0.0.1';
2019-02-20 11:40:27 EXEC SPC_COM_DATA 'khoai','2','1';
2019-02-20 11:40:27 EXEC SPC_VOCABULARY_LST1 '','khoai','12','14';
2019-02-20 11:40:28 EXEC SPC_COM_DATA 'khoai','2','1';
2019-02-20 11:40:28 EXEC SPC_VOCABULARY_LST2 '2','1','khoai';
2019-02-20 11:40:30 EXEC SPC_COM_DATA 'khoai','2','1';
2019-02-20 11:40:30 EXEC SPC_GRAMMAR_LST1 '','khoai','2','1';
2019-02-20 11:40:31 EXEC SPC_COM_DATA 'khoai','2','1';
2019-02-20 11:40:31 EXEC SPC_GRAMMAR_LST2 '6','7','khoai';
2019-02-20 11:40:32 EXEC SPC_COM_DATA 'khoai','2','1';
2019-02-20 11:40:32 EXEC SPC_LISTENING_LST1 '','khoai','6','7';
2019-02-20 11:40:32 EXEC SPC_COM_DATA 'khoai','2','1';
2019-02-20 11:40:32 EXEC SPC_LISTENING_LST2 '8','8','khoai';
2019-02-20 11:56:17 EXEC SPC_COM_DATA '','','';
2019-02-20 11:56:17 EXEC SPC_LISTENING_LST1 '22','','','';
2019-02-20 11:56:18 EXEC SPC_COM_DATA '','','';
2019-02-20 11:56:18 EXEC SPC_LISTENING_LST2 '8','8','';
2019-02-20 11:56:31 EXEC SPC_COM_DATA '','','';
2019-02-20 11:56:31 EXEC SPC_LISTENING_LST2 '8','8','';
2019-02-20 11:56:33 EXEC SPC_COM_DATA '','','';
2019-02-20 11:56:33 EXEC SPC_LISTENING_LST1 '22','','8','8';
2019-02-20 11:56:34 EXEC SPC_COM_DATA '','','';
2019-02-20 11:56:34 EXEC SPC_LISTENING_LST2 '8','8','';
2019-02-20 11:57:11 EXEC SPC_COM_DATA '','','';
2019-02-20 11:57:11 EXEC SPC_LISTENING_LST1 '22','','8','8';
2019-02-20 11:57:12 EXEC SPC_COM_DATA '','','';
2019-02-20 11:57:12 EXEC SPC_LISTENING_LST2 '8','8','';
2019-02-20 11:57:20 EXEC SPC_COM_DATA '','','';
2019-02-20 11:57:20 EXEC SPC_LISTENING_LST2 '8','8','';
2019-02-20 11:57:22 EXEC SPC_COM_DATA '','','';
2019-02-20 11:57:22 EXEC SPC_LISTENING_LST1 '22','','8','8';
2019-02-20 11:57:23 EXEC SPC_COM_DATA '','','';
2019-02-20 11:57:23 EXEC SPC_LISTENING_LST2 '8','8','';
2019-02-20 11:59:21 EXEC SPC_COM_DATA '','','';
2019-02-20 11:59:21 EXEC SPC_LISTENING_LST1 '22','','8','8';
2019-02-20 11:59:21 EXEC SPC_COM_DATA '','','';
2019-02-20 11:59:21 EXEC SPC_LISTENING_LST2 '8','8','';
2019-02-20 11:59:51 EXEC SPC_COM_DATA '','','';
2019-02-20 11:59:51 EXEC SPC_LISTENING_LST2 '8','8','';
2019-02-20 11:59:53 EXEC SPC_COM_DATA '','','';
2019-02-20 11:59:53 EXEC SPC_LISTENING_LST1 '22','','8','8';
2019-02-20 11:59:54 EXEC SPC_COM_DATA '','','';
2019-02-20 11:59:54 EXEC SPC_LISTENING_LST2 '8','8','';
2019-02-20 13:04:47 EXEC SPC_COM_DATA '','','';
2019-02-20 13:04:47 EXEC SPC_LISTENING_LST1 '22','','8','8';
2019-02-20 13:04:49 EXEC SPC_COM_DATA '','','';
2019-02-20 13:04:49 EXEC SPC_LISTENING_LST2 '8','8','';
2019-02-20 13:04:55 EXEC SPC_COM_DATA '','','';
2019-02-20 13:04:55 EXEC SPC_LISTENING_LST2 '8','8','';
2019-02-20 13:09:58 EXEC SPC_COM_DATA '','','';
2019-02-20 13:18:40 EXEC SPC_COM_DATA '','','';
2019-02-20 13:18:40 EXEC SPC_VOCABULARY_LST1 '','','','';
2019-02-20 13:18:40 EXEC SPC_COM_DATA '','','';
2019-02-20 13:18:40 EXEC SPC_VOCABULARY_LST2 '2','1','';
2019-02-20 13:18:41 EXEC SPC_COM_DATA '','','';
2019-02-20 13:22:14 EXEC SPC_COM_DATA '','','';
2019-02-20 13:22:16 EXEC SPC_COM_DATA '','','';
2019-02-20 13:22:24 EXEC SPC_COM_DATA '','','';
2019-02-20 13:22:28 EXEC SPC_COM_DATA '','','';
2019-02-20 13:22:31 EXEC SPC_COM_DATA '','','';
2019-02-20 13:25:03 EXEC SPC_COM_DATA '','','';
2019-02-20 13:25:06 EXEC SPC_COM_DATA '','','';
2019-02-20 13:26:10 EXEC SPC_COM_DATA '','','';
2019-02-20 13:32:59 EXEC SPC_COM_DATA '','','';
2019-02-20 13:40:24 EXEC SPC_COM_DATA '','','';
2019-02-20 13:40:27 EXEC SPC_COM_DATA '','','';
2019-02-20 13:40:45 EXEC SPC_COM_DATA '','','';
2019-02-20 13:42:16 EXEC SPC_COM_DATA '','','';
2019-02-20 13:42:20 EXEC SPC_COM_DATA '','','';
2019-02-20 13:42:23 EXEC SPC_COM_DATA '','','';
2019-02-20 13:42:25 EXEC SPC_COM_DATA '','','';
2019-02-20 13:42:34 EXEC SPC_COM_DATA '','','';
2019-02-20 13:42:37 EXEC SPC_COM_DATA '','','';
2019-02-20 13:42:37 EXEC SPC_VOCABULARY_LST1 '3','','2','1';
2019-02-20 13:42:38 EXEC SPC_COM_DATA '','','';
2019-02-20 13:42:38 EXEC SPC_VOCABULARY_LST2 '2','1','';
2019-02-20 13:42:39 EXEC SPC_COM_DATA '','','';
2019-02-20 13:42:39 EXEC SPC_VOCABULARY_LST1 '3','','2','1';
2019-02-20 13:42:40 EXEC SPC_COM_DATA '','','';
2019-02-20 13:42:40 EXEC SPC_VOCABULARY_LST2 '2','1','';
2019-02-20 13:42:42 EXEC SPC_COM_DATA '','','';
2019-02-20 13:42:43 EXEC SPC_COM_DATA '','','';
2019-02-20 14:02:10 EXEC SPC_COM_DATA '','','';
2019-02-20 14:02:10 EXEC SPC_VOCABULARY_LST2 '2','1','';
2019-02-20 14:02:11 EXEC SPC_COM_DATA '','','';
2019-02-20 14:02:11 EXEC SPC_VOCABULARY_LST1 '3','','2','1';
2019-02-20 14:02:12 EXEC SPC_COM_DATA '','','';
2019-02-20 14:02:12 EXEC SPC_VOCABULARY_LST2 '2','1','';
2019-02-20 14:02:18 EXEC SPC_COM_DATA '','','';
2019-02-20 14:02:31 EXEC SPC_COM_DATA '','','';
2019-02-20 14:02:31 EXEC SPC_COM_DATA '','','';
2019-02-20 14:02:43 EXEC SPC_COM_DATA '','','';
2019-02-20 14:02:45 EXEC SPC_COM_DATA '','','';
2019-02-20 14:06:00 EXEC SPC_COM_DATA '','','';
2019-02-20 14:06:04 EXEC SPC_COM_DATA '','','';
2019-02-20 14:06:04 EXEC SPC_COM_DATA '','','';
2019-02-20 14:28:25 EXEC SPC_COM_DATA '','','';
2019-02-20 14:28:30 EXEC SPC_COM_DATA '','','';
2019-02-20 14:28:31 EXEC SPC_COM_DATA '','','';
2019-02-20 14:29:03 EXEC SPC_COM_DATA '','','';
2019-02-20 14:29:07 EXEC SPC_COM_DATA '','','';
2019-02-20 14:29:07 EXEC SPC_COM_DATA '','','';
2019-02-20 14:29:26 EXEC SPC_COM_DATA '','','';
2019-02-20 14:29:26 EXEC SPC_VOCABULARY_LST1 '3','','','';
2019-02-20 14:29:27 EXEC SPC_COM_DATA '','','';
2019-02-20 14:29:27 EXEC SPC_VOCABULARY_LST2 '2','1','';
2019-02-20 14:29:34 EXEC SPC_COM_DATA '','','';
2019-02-20 14:29:34 EXEC SPC_COM_DATA '','','';
2019-02-20 14:29:35 EXEC SPC_COM_DATA '','','';
2019-02-20 14:29:35 EXEC SPC_VOCABULARY_LST1 '3','','','';
2019-02-20 14:29:36 EXEC SPC_COM_DATA '','','';
2019-02-20 14:29:36 EXEC SPC_VOCABULARY_LST2 '2','1','';
2019-02-20 14:43:40 EXEC SPC_COM_DATA '','','';
2019-02-20 14:43:40 EXEC SPC_VOCABULARY_LST1 '3','','2','1';
2019-02-20 14:43:41 EXEC SPC_COM_DATA '','','';
2019-02-20 14:43:41 EXEC SPC_VOCABULARY_LST2 '2','1','';
2019-02-20 14:43:44 EXEC SPC_COM_DATA '','','';
2019-02-20 14:43:44 EXEC SPC_COM_DATA '','','';
2019-02-20 14:43:46 EXEC SPC_COM_DATA '','','';
2019-02-20 14:43:46 EXEC SPC_VOCABULARY_LST1 '3','','','';
2019-02-20 14:43:46 EXEC SPC_COM_DATA '','','';
2019-02-20 14:43:46 EXEC SPC_VOCABULARY_LST2 '2','1','';
2019-02-20 14:44:19 EXEC SPC_COM_DATA '','','';
2019-02-20 14:44:19 EXEC SPC_VOCABULARY_LST1 '3','','2','1';
2019-02-20 14:44:20 EXEC SPC_COM_DATA '','','';
2019-02-20 14:44:20 EXEC SPC_VOCABULARY_LST2 '2','1','';
2019-02-20 14:44:22 EXEC SPC_COM_DATA '','','';
2019-02-20 14:44:23 EXEC SPC_COM_DATA '','','';
2019-02-20 14:44:24 EXEC SPC_COM_DATA '','','';
2019-02-20 14:44:24 EXEC SPC_VOCABULARY_LST1 '3','','','';
2019-02-20 14:44:24 EXEC SPC_COM_DATA '','','';
2019-02-20 14:44:24 EXEC SPC_VOCABULARY_LST2 '2','1','';
2019-02-20 14:46:25 EXEC SPC_COM_DATA '','','';
2019-02-20 14:46:25 EXEC SPC_VOCABULARY_LST1 '3','','2','1';
2019-02-20 14:46:26 EXEC SPC_COM_DATA '','','';
2019-02-20 14:46:26 EXEC SPC_VOCABULARY_LST2 '2','1','';
2019-02-20 14:46:28 EXEC SPC_COM_DATA '','','';
2019-02-20 14:46:29 EXEC SPC_COM_DATA '','','';
2019-02-20 14:46:54 EXEC SPC_COM_DATA '','','';
2019-02-20 14:46:56 EXEC SPC_COM_DATA '','','';
2019-02-20 14:46:56 EXEC SPC_VOCABULARY_LST2 '2','1','';
2019-02-20 14:46:58 EXEC SPC_COM_DATA '','','';
2019-02-20 14:46:58 EXEC SPC_VOCABULARY_LST1 '3','','2','1';
2019-02-20 14:46:58 EXEC SPC_COM_DATA '','','';
2019-02-20 14:46:58 EXEC SPC_VOCABULARY_LST2 '2','1','';
2019-02-20 14:47:01 EXEC SPC_COM_DATA '','','';
2019-02-20 14:47:01 EXEC SPC_COM_DATA '','','';
2019-02-20 14:47:52 EXEC SPC_COM_DATA '','','';
2019-02-20 14:47:56 EXEC SPC_COM_DATA '','','';
2019-02-20 14:47:56 EXEC SPC_VOCABULARY_LST2 '2','1','';
2019-02-20 14:47:57 EXEC SPC_COM_DATA '','','';
2019-02-20 14:47:57 EXEC SPC_VOCABULARY_LST1 '3','','2','1';
2019-02-20 14:47:58 EXEC SPC_COM_DATA '','','';
2019-02-20 14:47:58 EXEC SPC_VOCABULARY_LST2 '2','1','';
2019-02-20 14:48:00 EXEC SPC_COM_DATA '','','';
2019-02-20 14:48:00 EXEC SPC_COM_DATA '','','';
2019-02-20 14:48:16 EXEC SPC_COM_DATA '','','';
2019-02-20 14:48:16 EXEC SPC_VOCABULARY_LST2 '2','1','';
2019-02-20 14:48:17 EXEC SPC_COM_DATA '','','';
2019-02-20 14:48:17 EXEC SPC_VOCABULARY_LST1 '3','','2','1';
2019-02-20 14:48:18 EXEC SPC_COM_DATA '','','';
2019-02-20 14:48:18 EXEC SPC_VOCABULARY_LST2 '2','1','';
2019-02-20 14:48:22 EXEC SPC_COM_DATA '','','';
2019-02-20 14:48:23 EXEC SPC_COM_DATA '','','';
2019-02-20 14:48:47 EXEC SPC_COM_DATA '','','';
2019-02-20 14:48:47 EXEC SPC_VOCABULARY_LST2 '2','1','';
2019-02-20 14:48:47 EXEC SPC_COM_DATA '','','';
2019-02-20 14:48:47 EXEC SPC_VOCABULARY_LST1 '3','','2','1';
2019-02-20 14:48:48 EXEC SPC_COM_DATA '','','';
2019-02-20 14:48:48 EXEC SPC_VOCABULARY_LST2 '2','1','';
2019-02-20 14:48:50 EXEC SPC_COM_DATA '','','';
2019-02-20 14:48:50 EXEC SPC_COM_DATA '','','';
2019-02-20 14:49:25 EXEC SPC_COM_DATA '','','';
2019-02-20 14:49:25 EXEC SPC_VOCABULARY_LST2 '2','1','';
2019-02-20 14:49:26 EXEC SPC_COM_DATA '','','';
2019-02-20 14:49:26 EXEC SPC_VOCABULARY_LST1 '3','','2','1';
2019-02-20 14:49:26 EXEC SPC_COM_DATA '','','';
2019-02-20 14:49:26 EXEC SPC_VOCABULARY_LST2 '2','1','';
2019-02-20 14:49:29 EXEC SPC_COM_DATA '','','';
2019-02-20 14:49:29 EXEC SPC_COM_DATA '','','';
2019-02-20 14:49:30 EXEC SPC_COMMON_ACCOUNT '2','1';
2019-02-20 14:50:07 EXEC SPC_COM_DATA '','','';
2019-02-20 14:50:10 EXEC SPC_COM_DATA '','','';
2019-02-20 14:50:37 EXEC SPC_COM_DATA '','','';
2019-02-20 14:50:37 EXEC SPC_VOCABULARY_LST2 '2','1','';
2019-02-20 14:50:38 EXEC SPC_COM_DATA '','','';
2019-02-20 14:50:38 EXEC SPC_VOCABULARY_LST1 '3','','2','1';
2019-02-20 14:50:39 EXEC SPC_COM_DATA '','','';
2019-02-20 14:50:39 EXEC SPC_VOCABULARY_LST2 '2','1','';
2019-02-20 14:50:41 EXEC SPC_COM_DATA '','','';
2019-02-20 14:50:41 EXEC SPC_COM_DATA '','','';
2019-02-20 14:50:42 EXEC SPC_COMMON_ACCOUNT '2','1';
2019-02-20 14:51:16 EXEC SPC_COM_DATA '','','';
2019-02-20 14:51:16 EXEC SPC_VOCABULARY_LST2 '2','1','';
2019-02-20 14:51:17 EXEC SPC_COM_DATA '','','';
2019-02-20 14:51:17 EXEC SPC_VOCABULARY_LST1 '3','','2','1';
2019-02-20 14:51:18 EXEC SPC_COM_DATA '','','';
2019-02-20 14:51:18 EXEC SPC_VOCABULARY_LST2 '2','1','';
2019-02-20 14:51:20 EXEC SPC_COM_DATA '','','';
2019-02-20 14:51:21 EXEC SPC_COM_DATA '','','';
2019-02-20 14:51:21 EXEC SPC_COMMON_ACCOUNT '2','1';
2019-02-20 14:51:35 EXEC SPC_COM_DATA '','','';
2019-02-20 14:51:38 EXEC SPC_COM_DATA '','','';
2019-02-20 14:51:38 EXEC SPC_VOCABULARY_LST2 '2','1','';
2019-02-20 14:51:38 EXEC SPC_COM_DATA '','','';
2019-02-20 14:51:38 EXEC SPC_VOCABULARY_LST1 '3','','2','1';
2019-02-20 14:51:39 EXEC SPC_COM_DATA '','','';
2019-02-20 14:51:39 EXEC SPC_VOCABULARY_LST2 '2','1','';
2019-02-20 14:51:40 EXEC SPC_COM_DATA '','','';
2019-02-20 14:51:41 EXEC SPC_COM_DATA '','','';
2019-02-20 14:51:41 EXEC SPC_COMMON_ACCOUNT '2','1';
2019-02-20 14:54:51 EXEC SPC_COM_DATA '','','';
2019-02-20 14:54:51 EXEC SPC_VOCABULARY_LST2 '2','1','';
2019-02-20 14:54:53 EXEC SPC_COM_DATA '','','';
2019-02-20 14:54:53 EXEC SPC_VOCABULARY_LST1 '3','','2','1';
2019-02-20 14:54:53 EXEC SPC_COM_DATA '','','';
2019-02-20 14:54:54 EXEC SPC_VOCABULARY_LST2 '2','1','';
2019-02-20 14:54:57 EXEC SPC_COM_DATA '','','';
2019-02-20 14:54:57 EXEC SPC_COM_DATA '','','';
2019-02-20 14:59:03 EXEC SPC_COM_DATA '','','';
2019-02-20 14:59:03 EXEC SPC_VOCABULARY_LST2 '2','1','';
2019-02-20 14:59:05 EXEC SPC_COM_DATA '','','';
2019-02-20 14:59:05 EXEC SPC_VOCABULARY_LST1 '3','','2','1';
2019-02-20 14:59:06 EXEC SPC_COM_DATA '','','';
2019-02-20 14:59:06 EXEC SPC_VOCABULARY_LST2 '2','1','';
2019-02-20 14:59:08 EXEC SPC_COM_DATA '','','';
2019-02-20 14:59:08 EXEC SPC_COM_DATA '','','';
2019-02-20 14:59:55 EXEC SPC_COM_DATA '','','';
2019-02-20 14:59:55 EXEC SPC_VOCABULARY_LST2 '2','1','';
2019-02-20 14:59:57 EXEC SPC_COM_DATA '','','';
2019-02-20 14:59:57 EXEC SPC_VOCABULARY_LST1 '3','','2','1';
2019-02-20 14:59:58 EXEC SPC_COM_DATA '','','';
2019-02-20 14:59:58 EXEC SPC_VOCABULARY_LST2 '2','1','';
2019-02-20 15:00:00 EXEC SPC_COM_DATA '','','';
2019-02-20 15:00:00 EXEC SPC_COM_DATA '','','';
2019-02-20 15:00:00 EXEC SPC_COMMON_ACCOUNT '2','1';
2019-02-20 15:00:01 EXEC SPC_COM_DATA '','','';
2019-02-20 15:05:27 EXEC SPC_COM_DATA '','','';
2019-02-20 15:05:30 EXEC SPC_COM_DATA '','','';
2019-02-20 15:05:31 EXEC SPC_COM_DATA '','','';
2019-02-20 15:05:56 EXEC SPC_COM_DATA '','','';
2019-02-20 15:06:00 EXEC SPC_COM_DATA '','','';
2019-02-20 15:06:03 EXEC SPC_COM_DATA '','','';
2019-02-20 15:06:03 EXEC SPC_COM_DATA '','','';
2019-02-20 15:06:32 EXEC SPC_COM_DATA '','','';
2019-02-20 15:06:34 EXEC SPC_COM_DATA '','','';
2019-02-20 15:06:35 EXEC SPC_COM_DATA '','','';
2019-02-20 15:06:35 EXEC SPC_COMMON_ACCOUNT '2','1';
2019-02-20 15:07:07 EXEC SPC_COM_DATA '','','';
2019-02-20 15:07:19 EXEC SPC_COM_DATA '','','';
2019-02-20 15:07:23 EXEC SPC_COM_DATA '','','';
2019-02-20 15:07:23 EXEC SPC_COM_DATA '','','';
2019-02-20 15:07:24 EXEC SPC_COMMON_ACCOUNT '2','1';
2019-02-20 15:11:41 EXEC SPC_COM_DATA '','','';
2019-02-20 15:11:44 EXEC SPC_COM_DATA '','','';
2019-02-20 15:11:47 EXEC SPC_COM_DATA '','','';
2019-02-20 15:11:47 EXEC SPC_COM_DATA '','','';
2019-02-20 15:12:15 EXEC SPC_COM_DATA '','','';
2019-02-20 15:12:18 EXEC SPC_COM_DATA '','','';
2019-02-20 15:12:19 EXEC SPC_COM_DATA '','','';
2019-02-20 15:12:53 EXEC SPC_COM_DATA '','','';
2019-02-20 15:12:56 EXEC SPC_COM_DATA '','','';
2019-02-20 15:12:59 EXEC SPC_COM_DATA '','','';
2019-02-20 15:12:59 EXEC SPC_COM_DATA '','','';
2019-02-20 15:13:59 EXEC SPC_COM_DATA '','','';
2019-02-20 15:14:03 EXEC SPC_COM_DATA '','','';
2019-02-20 15:14:04 EXEC SPC_COM_DATA '','','';
2019-02-20 15:14:17 EXEC SPC_COM_DATA '','','';
2019-02-20 15:14:22 EXEC SPC_COM_DATA '','','';
2019-02-20 15:14:22 EXEC SPC_COM_DATA '','','';
2019-02-20 15:14:23 EXEC SPC_COM_DATA '','','';
2019-02-20 15:14:35 EXEC SPC_COM_DATA '','','';
2019-02-20 15:14:39 EXEC SPC_COM_DATA '','','';
2019-02-20 15:14:40 EXEC SPC_COM_DATA '','','';
2019-02-20 15:14:40 EXEC SPC_COM_DATA '','','';
2019-02-20 15:14:44 EXEC SPC_COM_DATA '','','';
2019-02-20 15:16:29 EXEC SPC_COM_DATA '','','';
2019-02-20 15:16:32 EXEC SPC_COM_DATA '','','';
2019-02-20 15:16:32 EXEC SPC_COM_DATA '','','';
2019-02-20 15:16:33 EXEC SPC_COM_DATA '','','';
2019-02-20 15:17:39 EXEC SPC_COM_DATA '','','';
2019-02-20 15:17:39 EXEC SPC_COM_DATA '','','';
2019-02-20 15:17:40 EXEC SPC_COM_DATA '','','';
2019-02-20 15:20:57 EXEC SPC_COM_DATA '','','';
2019-02-20 15:20:59 EXEC SPC_COM_DATA '','','';
2019-02-20 15:21:00 EXEC SPC_COM_DATA '','','';
2019-02-20 15:21:00 EXEC SPC_COMMON_ACCOUNT '2','1';
2019-02-20 15:21:24 EXEC SPC_COM_DATA '','','';
2019-02-20 15:21:27 EXEC SPC_COM_DATA '','','';
2019-02-20 15:21:27 EXEC SPC_COM_DATA '','','';
2019-02-20 15:21:28 EXEC SPC_COMMON_ACCOUNT '2','1';
2019-02-20 15:21:28 EXEC SPC_COM_DATA '','','';
2019-02-20 15:23:53 EXEC SPC_COM_DATA '','','';
2019-02-20 15:23:53 EXEC SPC_WRITING_LST1 '','','','';
2019-02-20 15:23:53 EXEC SPC_COM_DATA '','','';
2019-02-20 15:23:53 EXEC SPC_COMMON_GET_SUGGEST
2019-02-20 15:23:54 EXEC SPC_COM_DATA '','','';
2019-02-20 15:23:54 EXEC SPC_WRITING_LST2 '9','10','';
2019-02-20 15:23:59 EXEC SPC_COM_DATA '','','';
2019-02-20 15:23:59 EXEC SPC_WRITING_LST1 '7','','9','10';
2019-02-20 15:24:00 EXEC SPC_COM_DATA '','','';
2019-02-20 15:24:00 EXEC SPC_COMMON_GET_SUGGEST
2019-02-20 15:24:00 EXEC SPC_COM_DATA '','','';
2019-02-20 15:24:00 EXEC SPC_WRITING_LST2 '9','10','';
2019-02-20 15:24:05 EXEC SPC_COM_DATA '','','';
2019-02-20 15:24:06 EXEC SPC_COM_DATA '','','';
2019-02-20 15:24:06 EXEC SPC_COMMON_ACCOUNT '2','1';
2019-02-20 15:24:07 EXEC SPC_COM_DATA '','','';
2019-02-20 15:24:07 EXEC SPC_WRITING_LST1 '7','','','';
2019-02-20 15:24:08 EXEC SPC_COM_DATA '','','';
2019-02-20 15:24:08 EXEC SPC_COMMON_GET_SUGGEST
2019-02-20 15:24:08 EXEC SPC_COM_DATA '','','';
2019-02-20 15:24:08 EXEC SPC_WRITING_LST2 '9','10','';
2019-02-20 15:46:16 EXEC SPC_COM_DATA '','','';
2019-02-20 15:46:16 EXEC SPC_WRITING_LST1 '7','','9','10';
2019-02-20 15:46:17 EXEC SPC_COM_DATA '','','';
2019-02-20 15:46:17 EXEC SPC_COMMON_GET_SUGGEST
2019-02-20 15:46:17 EXEC SPC_COM_DATA '','','';
2019-02-20 15:46:17 EXEC SPC_WRITING_LST2 '9','10','';
2019-02-20 15:46:23 EXEC SPC_COM_DATA '','','';
2019-02-20 15:46:23 EXEC SPC_COM_DATA '','','';
2019-02-20 15:46:24 EXEC SPC_COMMON_ACCOUNT '2','1';
2019-02-20 15:46:24 EXEC SPC_COM_DATA 'khoai','2','1';
2019-02-20 15:46:24 EXEC SPC_COM_MENU '2';
2019-02-20 15:46:38 EXEC SPC_COM_DATA '','','';
2019-02-20 15:46:46 EXEC SPC_COM_DATA '','','';
2019-02-20 15:46:46 EXEC SPC_COM_DATA '','','';
2019-02-20 15:46:47 EXEC SPC_COMMON_ACCOUNT '2','1';
2019-02-20 15:46:47 EXEC SPC_COM_DATA 'khoai','2','1';
2019-02-20 15:46:47 EXEC SPC_COM_MENU '2';
2019-02-20 15:47:26 EXEC SPC_COM_DATA '','','';
2019-02-20 15:47:29 EXEC SPC_COM_DATA '','','';
2019-02-20 15:47:29 EXEC SPC_COM_DATA '','','';
2019-02-20 15:47:30 EXEC SPC_COMMON_ACCOUNT '2','1';
2019-02-20 15:47:30 EXEC SPC_COM_DATA 'khoai','2','1';
2019-02-20 15:47:30 EXEC SPC_COM_MENU '2';
2019-02-20 15:47:39 EXEC SPC_COM_DATA '','','';
2019-02-20 15:47:59 EXEC SPC_COM_DATA '','','';
2019-02-20 15:47:59 EXEC SPC_VOCABULARY_LST1 '','','','';
2019-02-20 15:48:00 EXEC SPC_COM_DATA '','','';
2019-02-20 15:48:00 EXEC SPC_VOCABULARY_LST2 '2','1','';
2019-02-20 15:48:01 EXEC SPC_COM_DATA '','','';
2019-02-20 15:48:01 EXEC SPC_GRAMMAR_LST1 '','','2','1';
2019-02-20 15:48:02 EXEC SPC_COM_DATA '','','';
2019-02-20 15:48:02 EXEC SPC_GRAMMAR_LST2 '6','7','';
2019-02-20 15:48:16 EXEC SPC_COM_DATA '','','';
2019-02-20 15:48:17 EXEC SPC_COM_DATA '','','';
2019-02-20 15:48:17 EXEC SPC_COMMON_ACCOUNT '2','1';
2019-02-20 15:48:17 EXEC SPC_COM_DATA 'khoai','2','1';
2019-02-20 15:48:17 EXEC SPC_COM_MENU '2';
2019-02-20 15:50:24 EXEC SPC_COM_DATA 'khoai','2','1';
2019-02-20 15:50:24 EXEC SPC_COM_MENU '2';
2019-02-20 15:50:27 EXEC SPC_COM_DATA '','','';
2019-02-20 15:50:28 EXEC SPC_COM_DATA '','','';
2019-02-20 15:50:28 EXEC SPC_READING_LST1 '','','','';
2019-02-20 15:50:29 EXEC SPC_COM_DATA '','','';
2019-02-20 15:50:29 EXEC SPC_READING_LST2 '12','14','';
2019-02-20 15:50:32 EXEC SPC_COM_DATA '','','';
2019-02-20 15:50:33 EXEC SPC_COM_DATA '','','';
2019-02-20 15:50:33 EXEC SPC_COMMON_ACCOUNT '2','1';
2019-02-20 15:50:33 EXEC SPC_COM_DATA 'khoai','2','1';
2019-02-20 15:50:33 EXEC SPC_READING_LST1 '9','khoai','12','14';
2019-02-20 15:50:34 EXEC SPC_COM_DATA 'khoai','2','1';
2019-02-20 15:50:34 EXEC SPC_READING_LST2 '12','14','khoai';
2019-02-20 15:54:25 EXEC SPC_COM_DATA 'khoai','2','1';
2019-02-20 15:54:25 EXEC SPC_DICTIONARY_LST1 '','khoai';
2019-02-20 15:54:29 EXEC SPC_COM_DATA '','','';
2019-02-20 15:54:29 EXEC SPC_DICTIONARY_LST1 '','';
2019-02-20 15:54:32 EXEC SPC_COM_DATA '','','';
2019-02-20 15:54:33 EXEC SPC_COM_DATA '','','';
2019-02-20 15:54:33 EXEC SPC_COMMON_ACCOUNT '2','1';
2019-02-20 15:54:34 EXEC SPC_COM_DATA 'khoai','2','1';
2019-02-20 15:54:34 EXEC SPC_DICTIONARY_LST1 '','khoai';
2019-02-20 15:54:50 EXEC SPC_COM_DATA 'khoai','2','1';
2019-02-20 15:54:50 EXEC SPC_RELAX_LST1 '','khoai';
2019-02-20 15:54:51 EXEC SPC_COM_DATA 'khoai','2','1';
2019-02-20 15:54:51 EXEC SPC_RELAX_LST2 '','1','1','1','0','','khoai';
2019-02-20 15:54:57 EXEC SPC_COM_DATA '','','';
2019-02-20 15:54:57 EXEC SPC_RELAX_LST1 '2053','';
2019-02-20 15:54:57 EXEC SPC_COM_DATA '','','';
2019-02-20 15:54:57 EXEC SPC_RELAX_LST2 '2053','1','1','1','0','','';
2019-02-20 15:55:00 EXEC SPC_COM_DATA '','','';
2019-02-20 15:55:00 EXEC SPC_COM_DATA '','','';
2019-02-20 15:55:01 EXEC SPC_COMMON_ACCOUNT '2','1';
2019-02-20 15:55:01 EXEC SPC_COM_DATA 'khoai','2','1';
2019-02-20 15:55:01 EXEC SPC_RELAX_LST1 '2053','khoai';
2019-02-20 15:55:02 EXEC SPC_COM_DATA 'khoai','2','1';
2019-02-20 15:55:02 EXEC SPC_RELAX_LST2 '2053','1','1','1','0','','khoai';
2019-02-20 15:55:07 EXEC SPC_COM_DATA 'khoai','2','1';
2019-02-20 15:55:07 EXEC SPC_RELAX_ACT2 '2053','khoai','::1';
2019-02-20 15:58:14 EXEC SPC_COM_DATA 'khoai','2','1';
2019-02-20 15:58:14 EXEC SPC_DICTIONARY_LST1 '','khoai';
2019-02-20 15:58:18 EXEC SPC_COM_DATA '','','';
2019-02-20 15:58:18 EXEC SPC_DICTIONARY_LST1 '','';
2019-02-20 15:58:22 EXEC SPC_COM_DATA '','','';
2019-02-20 15:58:22 EXEC SPC_COM_DATA '','','';
2019-02-20 15:58:23 EXEC SPC_COMMON_ACCOUNT '2','1';
2019-02-20 15:58:23 EXEC SPC_COM_DATA 'khoai','2','1';
2019-02-20 15:58:23 EXEC SPC_DICTIONARY_LST1 '','khoai';
2019-02-20 15:59:38 EXEC SPC_COM_DATA 'khoai','2','1';
2019-02-20 15:59:38 EXEC SPC_COM_MENU '2';
2019-02-20 15:59:44 EXEC SPC_COM_DATA '','','';
2019-02-20 15:59:47 EXEC SPC_COM_DATA '','','';
2019-02-20 16:01:48 EXEC SPC_COM_DATA '','','';
2019-02-20 16:02:13 EXEC SPC_COM_DATA '','','';
2019-02-20 16:02:38 EXEC SPC_COM_DATA '','','';
2019-02-20 18:15:15 EXEC SPC_COM_DATA '','','';
2019-02-20 18:15:21 EXEC SPC_COM_DATA '','','';
2019-02-20 18:15:21 EXEC SPC_COM_DATA '','','';
2019-02-20 18:15:23 EXEC SPC_COMMON_ACCOUNT '2','1';
2019-02-20 18:15:23 EXEC SPC_COM_DATA 'khoai','2','1';
2019-02-20 18:15:23 EXEC SPC_COM_MENU '2';
