2019-04-04 15:49:38 EXEC SPC_COM_DATA '','','';
2019-04-04 15:52:31 EXEC SPC_COM_DATA '','','';
2019-04-04 15:52:31 EXEC SPC_LISTENING_LST1 '','','','';
2019-04-04 15:52:32 EXEC SPC_COM_DATA '','','';
2019-04-04 15:52:32 EXEC SPC_LISTENING_LST2 '6','8','';
2019-04-04 15:52:34 EXEC SPC_COM_DATA '','','';
2019-04-04 15:52:35 EXEC SPC_COM_DATA '','','';
2019-04-04 15:52:35 EXEC SPC_TRANSLATION_LST1 '','';
2019-04-04 15:52:38 EXEC SPC_COM_DATA '','','';
2019-04-04 15:52:40 EXEC SPC_COM_DATA '','','';
2019-04-04 15:52:41 EXEC SPC_COM_DATA '','','';
2019-04-04 15:52:41 EXEC SPC_TRANSLATION_LST1 '','';
2019-04-04 15:53:27 EXEC SPC_COM_DATA '','','';
2019-04-04 15:53:28 EXEC SPC_COM_DATA '','','';
2019-04-04 15:53:31 EXEC SPC_COMMON_ACCOUNT '18','1';
2019-04-04 15:53:31 EXEC SPC_COM_DATA '14','1','1';
2019-04-04 15:53:32 EXEC SPC_COM_DATA '14','1','1';
2019-04-04 15:53:32 EXEC SPC_TRANSLATION_LST1 '','14';
2019-04-04 15:53:40 EXEC SPC_COM_DATA '14','1','1';
2019-04-04 15:53:46 EXEC SPC_COM_DATA '14','1','1';
2019-04-04 15:53:47 EXEC SPC_COM_DATA '14','1','1';
2019-04-04 15:53:48 EXEC SPC_COM_DATA '14','1','1';
2019-04-04 15:53:54 EXEC SPC_COM_DATA '14','1','1';
2019-04-04 15:53:55 EXEC SPC_COM_DATA '14','1','1';
2019-04-04 15:53:57 EXEC SPC_COM_DATA '14','1','1';
2019-04-04 15:53:58 EXEC SPC_COM_DATA '14','1','1';
2019-04-04 15:54:02 EXEC SPC_COM_DATA '14','1','1';
2019-04-04 15:54:04 EXEC SPC_COM_DATA '14','1','1';
2019-04-04 15:54:06 EXEC SPC_COM_DATA '14','1','1';
2019-04-04 15:54:11 EXEC SPC_COM_DATA '14','1','1';
2019-04-04 15:54:11 EXEC SPC_DICTIONARY_LST1 '','14';
2019-04-04 15:54:11 EXEC SPC_COM_DATA '14','1','1';
2019-04-04 15:54:11 EXEC SPC_DICTIONARY_LST2 'laravel notification channels','14','::1';
2019-04-04 15:54:56 EXEC SPC_COM_DATA '14','1','1';
2019-04-04 15:54:57 EXEC SPC_COM_DATA '14','1','1';
2019-04-04 15:54:58 EXEC SPC_COM_DATA '14','1','1';
2019-04-04 15:54:59 EXEC SPC_COM_DATA '14','1','1';
2019-04-04 15:55:00 EXEC SPC_COM_DATA '14','1','1';
2019-04-04 15:55:01 EXEC SPC_COM_DATA '14','1','1';
2019-04-04 15:55:02 EXEC SPC_COM_DATA '14','1','1';
2019-04-04 15:55:02 EXEC SPC_COM_DATA '14','1','1';
2019-04-04 15:55:03 EXEC SPC_COM_DATA '14','1','1';
2019-04-04 15:55:04 EXEC SPC_COM_DATA '14','1','1';
2019-04-04 15:55:05 EXEC SPC_COM_DATA '14','1','1';
2019-04-04 15:55:06 EXEC SPC_COM_DATA '14','1','1';
2019-04-04 15:55:08 EXEC SPC_COM_DATA '14','1','1';
2019-04-04 15:55:10 EXEC SPC_COM_DATA '14','1','1';
2019-04-04 15:55:10 EXEC SPC_GRAMMAR_LST1 '','14','6','8';
2019-04-04 15:55:11 EXEC SPC_COM_DATA '14','1','1';
2019-04-04 15:55:11 EXEC SPC_GRAMMAR_LST2 '4','6','14';
2019-04-04 15:55:13 EXEC SPC_COM_DATA '14','1','1';
2019-04-04 15:55:13 EXEC SPC_COM_QUESTION_LIST '4';
2019-04-04 15:55:16 EXEC SPC_COM_DATA '14','1','1';
2019-04-04 15:55:16 EXEC SPC_COM_QUESTION_LIST '4';
2019-04-04 15:56:23 EXEC SPC_COM_DATA '14','1','1';
2019-04-04 15:56:23 EXEC SPC_COM_EXAM_LIST '1','4','1','1','2','14';
2019-04-04 15:56:26 EXEC SPC_COM_DATA '14','1','1';
2019-04-04 15:56:26 EXEC SPC_COM_EXAM_LIST '1','4','2','1','2','14';
2019-04-04 15:56:28 EXEC SPC_COM_DATA '14','1','1';
2019-04-04 15:56:28 EXEC SPC_COM_EXAM_LIST '1','4','1','1','2','14';
2019-04-04 15:56:29 EXEC SPC_COM_DATA '14','1','1';
2019-04-04 15:56:29 EXEC SPC_COM_EXAM_LIST '1','4','0','1','2','14';
2019-04-04 15:56:31 EXEC SPC_COM_DATA '14','1','1';
2019-04-04 15:56:31 EXEC SPC_COM_EXAM_LIST '1','4','1','1','2','14';
2019-04-04 15:56:35 EXEC SPC_COM_DATA '14','1','1';
2019-04-04 15:56:35 EXEC SPC_COM_TOGGLE_EFFECT '1','5','1','2','0','14','::1';
2019-04-04 15:56:38 EXEC SPC_COM_DATA '14','1','1';
2019-04-04 15:56:38 EXEC SPC_COM_EXAM_LIST '1','4','2','1','2','14';
2019-04-04 15:56:40 EXEC SPC_COM_DATA '14','1','1';
2019-04-04 15:56:40 EXEC SPC_COM_EXAM_LIST '1','4','1','1','2','14';
2019-04-04 15:56:42 EXEC SPC_COM_DATA '14','1','1';
2019-04-04 15:56:42 EXEC SPC_COM_EXAM_LIST '1','4','0','1','2','14';
2019-04-04 15:58:48 EXEC SPC_COM_DATA '14','1','1';
2019-04-04 15:58:48 EXEC SPC_WRITING_LST1 '','14','4','6';
2019-04-04 15:58:48 EXEC SPC_COM_DATA '14','1','1';
2019-04-04 15:58:48 EXEC SPC_COMMON_GET_SUGGEST
2019-04-04 15:58:49 EXEC SPC_COM_DATA '14','1','1';
2019-04-04 15:58:49 EXEC SPC_WRITING_LST2 '7','9','14';
2019-04-04 15:58:49 EXEC SPC_COM_DATA '14','1','1';
2019-04-04 15:58:49 EXEC SPC_LISTENING_LST1 '','14','7','9';
2019-04-04 15:58:50 EXEC SPC_COM_DATA '14','1','1';
2019-04-04 15:58:50 EXEC SPC_LISTENING_LST2 '6','8','14';
2019-04-04 16:00:40 EXEC SPC_COM_DATA '14','1','1';
2019-04-04 16:00:40 EXEC SPC_VOCABULARY_LST1 '','14','6','8';
2019-04-04 16:00:41 EXEC SPC_COM_DATA '14','1','1';
2019-04-04 16:00:41 EXEC SPC_VOCABULARY_LST2 '1','1','14';
2019-04-04 16:00:42 EXEC SPC_COM_DATA '14','1','1';
2019-04-04 16:00:42 EXEC SPC_COM_MENU '1';
2019-04-04 16:00:44 EXEC SPC_COM_DATA '14','1','1';
2019-04-04 16:00:44 EXEC SPC_VOCABULARY_LST1 '','14','1','1';
2019-04-04 16:00:44 EXEC SPC_COM_DATA '14','1','1';
2019-04-04 16:00:44 EXEC SPC_VOCABULARY_LST2 '1','1','14';
2019-04-04 16:00:45 EXEC SPC_COM_DATA '14','1','1';
2019-04-04 16:00:45 EXEC SPC_GRAMMAR_LST1 '','14','1','1';
2019-04-04 16:00:45 EXEC SPC_COM_DATA '14','1','1';
2019-04-04 16:00:45 EXEC SPC_GRAMMAR_LST2 '4','6','14';
2019-04-04 16:00:47 EXEC SPC_COM_DATA '14','1','1';
2019-04-04 16:00:47 EXEC SPC_LISTENING_LST1 '','14','4','6';
2019-04-04 16:00:48 EXEC SPC_COM_DATA '14','1','1';
2019-04-04 16:00:48 EXEC SPC_LISTENING_LST2 '6','8','14';
2019-04-04 16:00:49 EXEC SPC_COM_DATA '14','1','1';
2019-04-04 16:00:49 EXEC SPC_WRITING_LST1 '','14','6','8';
2019-04-04 16:00:49 EXEC SPC_COM_DATA '14','1','1';
2019-04-04 16:00:49 EXEC SPC_COMMON_GET_SUGGEST
2019-04-04 16:00:49 EXEC SPC_COM_DATA '14','1','1';
2019-04-04 16:00:49 EXEC SPC_WRITING_LST2 '7','9','14';
2019-04-04 16:00:50 EXEC SPC_COM_DATA '14','1','1';
2019-04-04 16:00:50 EXEC SPC_READING_LST1 '','14','7','9';
2019-04-04 16:00:51 EXEC SPC_COM_DATA '14','1','1';
2019-04-04 16:00:51 EXEC SPC_READING_LST2 '3','5','14';
2019-04-04 16:00:53 EXEC SPC_COM_DATA '14','1','1';
2019-04-04 16:00:53 EXEC SPC_SOCIAL_LST1 '','14';
2019-04-04 16:00:53 EXEC SPC_COM_DATA '14','1','1';
2019-04-04 16:00:53 EXEC SPC_SOCIAL_LST2 '','1','','14';
2019-04-04 16:00:58 EXEC SPC_COM_DATA '14','1','1';
2019-04-04 16:00:58 EXEC SPC_GRAMMAR_LST1 '','14','3','5';
2019-04-04 16:00:59 EXEC SPC_COM_DATA '14','1','1';
2019-04-04 16:00:59 EXEC SPC_GRAMMAR_LST2 '4','6','14';
2019-04-04 16:01:31 EXEC SPC_COMMON_ACCOUNT '1','2';
2019-04-04 16:01:31 EXEC SPC_COM_DATA '1','1','2';
2019-04-04 16:01:31 EXEC SPC_COM_MENU '1';
2019-04-04 16:01:35 EXEC SPC_COM_PERMISSION '1','2','g001';
2019-04-04 16:01:35 EXEC SPC_COM_MENU '1';
2019-04-04 16:01:35 EXEC SPC_G001_LST1 '1','1';
2019-04-04 16:01:38 EXEC SPC_COM_PERMISSION '1','2','w001';
2019-04-04 16:01:38 EXEC SPC_COM_MENU '1';
2019-04-04 16:01:38 EXEC SPC_W001_LST1
2019-04-04 16:01:48 EXEC SPC_COM_MENU '1';
2019-04-04 16:01:48 EXEC SPC_W001_LST2 '','','','-1','','10','1';
2019-04-04 16:01:53 EXEC SPC_COM_MENU '1';
2019-04-04 16:01:53 EXEC SPC_COM_MENU '1';
2019-04-04 16:01:53 EXEC SPC_p004_LST1 '4';
2019-04-04 16:02:08 EXEC SPC_COM_DATA '14','1','1';
2019-04-04 16:02:08 EXEC SPC_WRITING_LST1 '','14','4','6';
2019-04-04 16:02:09 EXEC SPC_COM_DATA '14','1','1';
2019-04-04 16:02:09 EXEC SPC_COMMON_GET_SUGGEST
2019-04-04 16:02:09 EXEC SPC_COM_DATA '14','1','1';
2019-04-04 16:02:09 EXEC SPC_WRITING_LST2 '7','9','14';
2019-04-04 16:03:04 EXEC SPC_COM_DATA '14','1','1';
2019-04-04 16:03:04 EXEC SPC_GRAMMAR_LST1 '4','14','7','9';
2019-04-04 16:03:05 EXEC SPC_COM_DATA '14','1','1';
2019-04-04 16:03:05 EXEC SPC_GRAMMAR_LST2 '4','6','14';
2019-04-04 16:03:55 EXEC SPC_COM_DATA '14','1','1';
2019-04-04 16:03:55 EXEC SPC_COM_TOGGLE_EFFECT '1','26','3','3','0','14','::1';
2019-04-04 16:04:06 EXEC SPC_COM_DATA '14','1','1';
2019-04-04 16:04:06 EXEC SPC_READING_LST1 '','14','4','6';
2019-04-04 16:04:07 EXEC SPC_COM_DATA '14','1','1';
2019-04-04 16:04:07 EXEC SPC_READING_LST2 '3','5','14';
2019-04-04 16:04:23 EXEC SPC_COM_DATA '14','1','1';
2019-04-04 16:04:23 EXEC SPC_COM_ADD_COMMENT '1','5','3','khoai','4','14','::1','1';
2019-04-04 16:04:26 EXEC SPC_COM_DATA '14','1','1';
2019-04-04 16:04:26 EXEC SPC_COM_GET_PAGE_COMMENT '1','5','3','2','14';
2019-04-04 16:04:28 EXEC SPC_COM_DATA '14','1','1';
2019-04-04 16:04:28 EXEC SPC_COM_GET_PAGE_COMMENT '1','5','3','1','14';
2019-04-04 16:04:31 EXEC SPC_COM_DATA '14','1','1';
2019-04-04 16:04:31 EXEC SPC_COM_GET_MORE_COMMENT '4','1','14';
2019-04-04 16:05:24 EXEC SPC_COM_MENU '1';
2019-04-04 16:05:24 EXEC SPC_W001_LST2 '','','','-1','','10','2';
2019-04-04 16:05:26 EXEC SPC_COM_MENU '1';
2019-04-04 16:05:26 EXEC SPC_W001_LST2 '','','','-1','','10','1';
2019-04-04 16:05:37 EXEC SPC_COM_MENU '1';
2019-04-04 16:05:37 EXEC SPC_W001_ACT1 '<row row_id="1" id="2" />','1','::1';
2019-04-04 16:05:40 EXEC SPC_COM_MENU '1';
2019-04-04 16:05:40 EXEC SPC_W001_LST2 '','','','-1','','10','2';
2019-04-04 16:05:42 EXEC SPC_COM_MENU '1';
2019-04-04 16:05:42 EXEC SPC_W001_LST2 '','','','-1','','10','1';
2019-04-04 16:05:46 EXEC SPC_COM_MENU '1';
2019-04-04 16:05:46 EXEC SPC_W001_LST2 '','','','-1','','10','1';
2019-04-04 16:11:21 EXEC SPC_COM_DATA '14','1','1';
2019-04-04 16:11:21 EXEC SPC_SOCIAL_LST1 '','14';
2019-04-04 16:11:21 EXEC SPC_COM_DATA '14','1','1';
2019-04-04 16:11:21 EXEC SPC_SOCIAL_LST2 '','1','','14';
2019-04-04 16:11:27 EXEC SPC_COM_DATA '14','1','1';
2019-04-04 16:11:27 EXEC SPC_SOCIAL_ACT2 '9','14','::1';
2019-04-04 16:11:27 EXEC SPC_COM_DATA '14','1','1';
2019-04-04 16:11:27 EXEC SPC_DISCUSS_LST1 '','14';
2019-04-04 16:11:28 EXEC SPC_COM_DATA '14','1','1';
2019-04-04 16:11:28 EXEC SPC_DISCUSS_LST2 '','1','','14';
2019-04-04 16:11:34 EXEC SPC_COM_DATA '14','1','1';
2019-04-04 16:11:34 EXEC SPC_DISCUSS_ACT2 '14','14','::1';
2019-04-04 16:12:23 EXEC SPC_COM_DATA '14','1','1';
2019-04-04 16:12:39 EXEC SPC_COM_DATA '14','1','1';
2019-04-04 16:12:39 EXEC SPC_DICTIONARY_LST1 '','14';
2019-04-04 16:12:41 EXEC SPC_COM_DATA '14','1','1';
2019-04-04 16:12:41 EXEC SPC_DICTIONARY_LST2 'A','14','::1';
2019-04-04 16:12:45 EXEC SPC_COM_DATA '14','1','1';
2019-04-04 16:12:45 EXEC SPC_DICTIONARY_LST2 'C','14','::1';
2019-04-04 16:12:48 EXEC SPC_COM_DATA '14','1','1';
2019-04-04 16:12:48 EXEC SPC_DICTIONARY_LST2 'A','14','::1';
2019-04-04 16:12:53 EXEC SPC_COM_DATA '14','1','1';
2019-04-04 16:12:53 EXEC SPC_COM_REMEMBER '1','2','1','1','14','::1';
2019-04-04 16:12:57 EXEC SPC_COM_DATA '14','1','1';
2019-04-04 16:12:57 EXEC SPC_DICTIONARY_LST2 'B','14','::1';
2019-04-04 16:12:58 EXEC SPC_COM_DATA '14','1','1';
2019-04-04 16:12:58 EXEC SPC_DICTIONARY_LST2 'A','14','::1';
2019-04-04 16:13:08 EXEC SPC_COM_DATA '14','1','1';
2019-04-04 16:13:08 EXEC SPC_DICTIONARY_LST2 'B','14','::1';
2019-04-04 16:13:09 EXEC SPC_COM_DATA '14','1','1';
2019-04-04 16:13:09 EXEC SPC_DICTIONARY_LST2 'A','14','::1';
2019-04-04 16:13:11 EXEC SPC_COM_DATA '14','1','1';
2019-04-04 16:13:11 EXEC SPC_DICTIONARY_LST2 'C','14','::1';
2019-04-04 16:13:12 EXEC SPC_COM_DATA '14','1','1';
2019-04-04 16:13:12 EXEC SPC_DICTIONARY_LST2 'A','14','::1';
2019-04-04 16:13:24 EXEC SPC_COM_DATA '14','1','1';
2019-04-04 16:13:24 EXEC SPC_DICTIONARY_LST2 'A','14','::1';
2019-04-04 16:13:54 EXEC SPC_COM_DATA '14','1','1';
2019-04-04 16:13:54 EXEC SPC_DICTIONARY_LST1 '3','14';
2019-04-04 16:13:55 EXEC SPC_COM_DATA '14','1','1';
2019-04-04 16:13:55 EXEC SPC_DICTIONARY_LST2 'C','14','::1';
2019-04-04 16:13:57 EXEC SPC_COM_DATA '14','1','1';
2019-04-04 16:13:57 EXEC SPC_DICTIONARY_LST2 'A','14','::1';
2019-04-04 16:22:57 EXEC SPC_COM_DATA '14','1','1';
2019-04-04 16:22:57 EXEC SPC_DICTIONARY_LST2 'A','14','::1';
2019-04-04 16:25:58 EXEC SPC_COM_DATA '14','1','1';
2019-04-04 16:25:58 EXEC SPC_DICTIONARY_LST2 'C','14','::1';
2019-04-04 16:26:00 EXEC SPC_COM_DATA '14','1','1';
2019-04-04 16:26:00 EXEC SPC_COM_REMEMBER '1','2','1','3','14','::1';
2019-04-04 16:26:04 EXEC SPC_COM_DATA '14','1','1';
2019-04-04 16:26:04 EXEC SPC_DICTIONARY_LST2 'C','14','::1';
2019-04-04 16:26:06 EXEC SPC_COM_DATA '14','1','1';
2019-04-04 16:26:06 EXEC SPC_DICTIONARY_LST2 'A','14','::1';
2019-04-04 16:26:08 EXEC SPC_COM_DATA '14','1','1';
2019-04-04 16:26:08 EXEC SPC_DICTIONARY_LST2 'B','14','::1';
2019-04-04 16:26:10 EXEC SPC_COM_DATA '14','1','1';
2019-04-04 16:26:10 EXEC SPC_DICTIONARY_LST2 'A','14','::1';
2019-04-04 16:26:14 EXEC SPC_COM_DATA '14','1','1';
2019-04-04 16:26:14 EXEC SPC_DICTIONARY_LST2 'C','14','::1';
2019-04-04 16:26:16 EXEC SPC_COM_DATA '14','1','1';
2019-04-04 16:26:16 EXEC SPC_DICTIONARY_LST2 'C','14','::1';
2019-04-04 16:26:44 EXEC SPC_COM_DATA '14','1','1';
2019-04-04 16:26:44 EXEC SPC_RELAX_LST1 '','14';
2019-04-04 16:26:45 EXEC SPC_COM_DATA '14','1','1';
2019-04-04 16:26:45 EXEC SPC_RELAX_LST2 '','1','1','1','0','','14';
2019-04-04 16:26:50 EXEC SPC_COM_DATA '14','1','1';
2019-04-04 16:26:50 EXEC SPC_RELAX_ACT2 '10','14','::1';
2019-04-04 16:34:03 EXEC SPC_COM_DATA '14','1','1';
2019-04-04 16:34:03 EXEC SPC_DICTIONARY_LST1 '','14';
2019-04-04 16:34:05 EXEC SPC_COM_DATA '14','1','1';
2019-04-04 16:34:05 EXEC SPC_DICTIONARY_LST2 'C','14','::1';
2019-04-04 16:34:07 EXEC SPC_COM_DATA '14','1','1';
2019-04-04 16:34:07 EXEC SPC_DICTIONARY_LST2 'A','14','::1';
2019-04-04 16:34:07 EXEC SPC_COM_DATA '14','1','1';
2019-04-04 16:34:07 EXEC SPC_DICTIONARY_LST2 'B','14','::1';
2019-04-04 16:34:10 EXEC SPC_COM_DATA '14','1','1';
2019-04-04 16:34:10 EXEC SPC_COM_MENU '1';
2019-04-04 16:55:47 EXEC SPC_COM_DATA '14','1','1';
2019-04-04 16:55:47 EXEC SPC_COM_MENU '1';
2019-04-04 16:56:03 EXEC SPC_COM_DATA '14','1','1';
2019-04-04 16:56:03 EXEC SPC_COM_MENU '1';
2019-04-04 16:58:25 EXEC SPC_COM_DATA '14','1','1';
2019-04-04 16:58:25 EXEC SPC_COM_MENU '1';
2019-04-04 16:59:03 EXEC SPC_COM_DATA '14','1','1';
2019-04-04 16:59:03 EXEC SPC_COM_MENU '1';
2019-04-04 17:11:19 EXEC SPC_COM_DATA '14','1','1';
2019-04-04 17:11:19 EXEC SPC_COM_MENU '1';
2019-04-04 17:11:32 EXEC SPC_COM_DATA '14','1','1';
2019-04-04 17:11:32 EXEC SPC_COM_MENU '1';
2019-04-04 17:14:10 EXEC SPC_COM_DATA '14','1','1';
2019-04-04 17:14:10 EXEC SPC_VOCABULARY_LST1 '','14','3','5';
2019-04-04 17:14:10 EXEC SPC_COM_DATA '14','1','1';
2019-04-04 17:14:10 EXEC SPC_VOCABULARY_LST2 '1','1','14';
2019-04-04 17:23:55 EXEC SPC_COM_DATA '14','1','1';
2019-04-04 17:23:55 EXEC SPC_VOCABULARY_LST1 '2','14','1','1';
2019-04-04 17:23:56 EXEC SPC_COM_DATA '14','1','1';
2019-04-04 17:23:56 EXEC SPC_VOCABULARY_LST2 '1','1','14';
2019-04-04 17:24:07 EXEC SPC_COM_DATA '14','1','1';
2019-04-04 17:24:07 EXEC SPC_VOCABULARY_LST1 '2','14','1','1';
2019-04-04 17:24:07 EXEC SPC_COM_DATA '14','1','1';
2019-04-04 17:24:07 EXEC SPC_VOCABULARY_LST2 '1','1','14';
2019-04-04 17:25:38 EXEC SPC_COM_DATA '14','1','1';
2019-04-04 17:25:38 EXEC SPC_DISCUSS_LST1 '','14';
2019-04-04 17:25:39 EXEC SPC_COM_DATA '14','1','1';
2019-04-04 17:25:39 EXEC SPC_DISCUSS_LST2 '','1','','14';
2019-04-04 17:25:44 EXEC SPC_COM_DATA '14','1','1';
2019-04-04 17:25:44 EXEC SPC_DISCUSS_ACT2 '14','14','::1';
2019-04-04 17:26:16 EXEC SPC_COM_DATA '14','1','1';
2019-04-04 17:26:16 EXEC SPC_RELAX_LST1 '','14';
2019-04-04 17:26:16 EXEC SPC_COM_DATA '14','1','1';
2019-04-04 17:26:16 EXEC SPC_RELAX_LST2 '','1','1','1','0','','14';
2019-04-04 17:26:22 EXEC SPC_COM_DATA '14','1','1';
2019-04-04 17:26:22 EXEC SPC_RELAX_ACT2 '10','14','::1';
2019-04-04 17:26:43 EXEC SPC_COM_DATA '14','1','1';
2019-04-04 17:26:43 EXEC SPC_SOCIAL_LST1 '','14';
2019-04-04 17:26:43 EXEC SPC_COM_DATA '14','1','1';
2019-04-04 17:26:43 EXEC SPC_SOCIAL_LST2 '','1','','14';
2019-04-04 17:26:49 EXEC SPC_COM_DATA '14','1','1';
2019-04-04 17:26:49 EXEC SPC_SOCIAL_ACT2 '9','14','::1';
2019-04-04 17:27:08 EXEC SPC_COM_DATA '14','1','1';
2019-04-04 17:27:09 EXEC SPC_COM_DATA '14','1','1';
2019-04-04 17:27:09 EXEC SPC_TRANSLATION_LST1 '','14';
2019-04-04 17:34:12 EXEC SPC_COM_DATA '14','1','1';
2019-04-04 17:34:12 EXEC SPC_COM_MENU '1';
2019-04-04 17:37:14 EXEC SPC_COM_MENU '1';
2019-04-04 17:37:14 EXEC SPC_W001_LST2 '','','','-1','','10','2';
2019-04-04 17:37:16 EXEC SPC_COM_MENU '1';
2019-04-04 17:37:16 EXEC SPC_W001_LST2 '','','','-1','','10','1';
2019-04-04 17:37:50 EXEC SPC_COM_MENU '1';
2019-04-04 17:37:50 EXEC SPC_W001_LST2 '','','','-1','','10','2';
2019-04-04 17:37:56 EXEC SPC_COM_MENU '1';
2019-04-04 17:37:57 EXEC SPC_COM_MENU '1';
2019-04-04 17:37:57 EXEC SPC_p004_LST1 '13';
2019-04-04 17:38:42 EXEC SPC_COM_MENU '1';
2019-04-04 17:38:42 EXEC SPC_W001_LST2 '','','','-1','','10','1';
2019-04-04 17:38:43 EXEC SPC_COM_MENU '1';
2019-04-04 17:38:43 EXEC SPC_W001_LST2 '','','','-1','','10','2';
2019-04-04 17:41:39 EXEC SPC_COM_DATA '1','1','2';
2019-04-04 17:41:39 EXEC SPC_COM_MENU '1';
2019-04-04 17:51:47 EXEC SPC_COM_DATA '1','1','2';
2019-04-04 17:51:47 EXEC SPC_GRAMMAR_LST1 '','1','','';
2019-04-04 17:51:48 EXEC SPC_COM_DATA '1','1','2';
2019-04-04 17:51:48 EXEC SPC_GRAMMAR_LST2 '4','6','1';
2019-04-04 17:51:50 EXEC SPC_COM_DATA '1','1','2';
2019-04-04 17:51:50 EXEC SPC_LISTENING_LST1 '','1','4','6';
2019-04-04 17:51:51 EXEC SPC_COM_DATA '1','1','2';
2019-04-04 17:51:51 EXEC SPC_LISTENING_LST2 '6','8','1';
2019-04-04 17:51:52 EXEC SPC_COM_DATA '1','1','2';
2019-04-04 17:51:52 EXEC SPC_WRITING_LST1 '','1','6','8';
2019-04-04 17:51:52 EXEC SPC_COM_DATA '1','1','2';
2019-04-04 17:51:52 EXEC SPC_COMMON_GET_SUGGEST
2019-04-04 17:51:53 EXEC SPC_COM_DATA '1','1','2';
2019-04-04 17:51:53 EXEC SPC_WRITING_LST2 '7','9','1';
2019-04-04 17:57:26 EXEC SPC_COM_DATA '1','1','2';
2019-04-04 17:57:27 EXEC SPC_READING_LST1 '','1','7','9';
2019-04-04 17:57:27 EXEC SPC_COM_DATA '1','1','2';
2019-04-04 17:57:27 EXEC SPC_READING_LST2 '3','5','1';
2019-04-04 17:57:30 EXEC SPC_COM_DATA '1','1','2';
2019-04-04 17:57:30 EXEC SPC_SOCIAL_LST1 '','1';
2019-04-04 17:57:30 EXEC SPC_COM_DATA '1','1','2';
2019-04-04 17:57:30 EXEC SPC_SOCIAL_LST2 '','1','','1';
2019-04-04 17:57:32 EXEC SPC_COM_DATA '1','1','2';
2019-04-04 17:57:32 EXEC SPC_DISCUSS_LST1 '','1';
2019-04-04 17:57:32 EXEC SPC_COM_DATA '1','1','2';
2019-04-04 17:57:32 EXEC SPC_DISCUSS_LST2 '','1','','1';
2019-04-04 17:57:38 EXEC SPC_COM_DATA '1','1','2';
2019-04-04 17:57:38 EXEC SPC_DISCUSS_ACT2 '14','1','::1';
