2019-04-05 09:36:11 EXEC SPC_COM_DATA '','','';
2019-04-05 09:54:56 EXEC SPC_COM_DATA '','','';
2019-04-05 09:54:56 EXEC SPC_VOCABULARY_LST1 '','','','';
2019-04-05 09:54:57 EXEC SPC_COM_DATA '','','';
2019-04-05 09:54:57 EXEC SPC_VOCABULARY_LST2 '1','1','';
2019-04-05 09:55:03 EXEC SPC_COM_DATA '','','';
2019-04-05 09:55:03 EXEC SPC_GRAMMAR_LST1 '','','1','1';
2019-04-05 09:55:04 EXEC SPC_COM_DATA '','','';
2019-04-05 09:55:04 EXEC SPC_GRAMMAR_LST2 '4','6','';
2019-04-05 09:55:07 EXEC SPC_COM_DATA '','','';
2019-04-05 09:55:07 EXEC SPC_LISTENING_LST1 '','','4','6';
2019-04-05 09:55:08 EXEC SPC_COM_DATA '','','';
2019-04-05 09:55:08 EXEC SPC_LISTENING_LST2 '6','8','';
2019-04-05 09:55:10 EXEC SPC_COM_DATA '','','';
2019-04-05 09:55:10 EXEC SPC_WRITING_LST1 '','','6','8';
2019-04-05 09:55:11 EXEC SPC_COM_DATA '','','';
2019-04-05 09:55:11 EXEC SPC_COMMON_GET_SUGGEST
2019-04-05 09:55:11 EXEC SPC_COM_DATA '','','';
2019-04-05 09:55:11 EXEC SPC_WRITING_LST2 '7','9','';
2019-04-05 09:55:14 EXEC SPC_COM_DATA '','','';
2019-04-05 09:55:15 EXEC SPC_READING_LST1 '','','7','9';
2019-04-05 09:55:15 EXEC SPC_COM_DATA '','','';
2019-04-05 09:55:15 EXEC SPC_READING_LST2 '3','5','';
2019-04-05 09:55:59 EXEC SPC_COM_DATA '','','';
2019-04-05 09:56:00 EXEC SPC_COM_DATA '','','';
2019-04-05 09:56:02 EXEC SPC_COMMON_ACCOUNT '18','1';
2019-04-05 09:56:02 EXEC SPC_COM_DATA '14','1','1';
2019-04-05 09:56:02 EXEC SPC_READING_LST1 '3','14','3','5';
2019-04-05 09:56:03 EXEC SPC_COM_DATA '14','1','1';
2019-04-05 09:56:03 EXEC SPC_READING_LST2 '3','5','14';
2019-04-05 10:19:17 EXEC SPC_COM_DATA '14','1','1';
2019-04-05 10:19:17 EXEC SPC_READING_LST1 '','14','3','5';
2019-04-05 10:19:17 EXEC SPC_COM_DATA '14','1','1';
2019-04-05 10:19:17 EXEC SPC_READING_LST2 '3','5','14';
2019-04-05 11:09:24 EXEC SPC_COM_DATA '14','1','1';
2019-04-05 11:09:24 EXEC SPC_READING_LST1 '3','14','3','5';
2019-04-05 11:09:25 EXEC SPC_COM_DATA '14','1','1';
2019-04-05 11:09:25 EXEC SPC_READING_LST2 '3','5','14';
2019-04-05 11:10:03 EXEC SPC_COM_DATA '14','1','1';
2019-04-05 11:10:03 EXEC SPC_LISTENING_LST1 '','14','3','5';
2019-04-05 11:10:03 EXEC SPC_COM_DATA '14','1','1';
2019-04-05 11:10:03 EXEC SPC_LISTENING_LST2 '6','8','14';
2019-04-05 11:10:11 EXEC SPC_COM_DATA '','','';
2019-04-05 11:10:11 EXEC SPC_READING_LST1 '3','','','';
2019-04-05 11:10:12 EXEC SPC_COM_DATA '','','';
2019-04-05 11:10:12 EXEC SPC_READING_LST2 '3','5','';
2019-04-05 11:10:14 EXEC SPC_COM_DATA '','','';
2019-04-05 11:10:14 EXEC SPC_LISTENING_LST1 '','','3','5';
2019-04-05 11:10:15 EXEC SPC_COM_DATA '','','';
2019-04-05 11:10:15 EXEC SPC_LISTENING_LST2 '6','8','';
2019-04-05 11:10:21 EXEC SPC_COMMON_ACCOUNT '1017','1';
2019-04-05 11:10:22 EXEC SPC_COM_DATA '2','2','1';
2019-04-05 11:10:22 EXEC SPC_LISTENING_LST1 '12','2','6','8';
2019-04-05 11:10:22 EXEC SPC_COM_DATA '2','2','1';
2019-04-05 11:10:22 EXEC SPC_LISTENING_LST2 '6','8','2';
2019-04-05 11:10:31 EXEC SPC_COM_DATA '2','2','1';
2019-04-05 11:10:31 EXEC SPC_COM_ADD_COMMENT '1','3','12','hay chết mất','','2','::1','1';
2019-04-05 11:10:43 EXEC SPC_COM_DATA '14','1','1';
2019-04-05 11:10:43 EXEC SPC_LISTENING_LST1 '12','14','6','8';
2019-04-05 11:10:43 EXEC SPC_COM_DATA '14','1','1';
2019-04-05 11:10:43 EXEC SPC_LISTENING_LST2 '6','8','14';
2019-04-05 11:12:34 EXEC SPC_COM_DATA '2','2','1';
2019-04-05 11:12:34 EXEC SPC_DISCUSS_LST1 '','2';
2019-04-05 11:12:35 EXEC SPC_COM_DATA '2','2','1';
2019-04-05 11:12:35 EXEC SPC_DISCUSS_LST2 '','1','','2';
2019-04-05 11:12:41 EXEC SPC_COM_DATA '2','2','1';
2019-04-05 11:12:41 EXEC SPC_DISCUSS_ACT2 '14','2','::1';
2019-04-05 11:12:44 EXEC SPC_COM_DATA '2','2','1';
2019-04-05 11:12:44 EXEC SPC_COM_ADD_COMMENT '1','8','14','đói vc','','2','::1','1';
2019-04-05 11:19:48 EXEC SPC_COM_DATA '2','2','1';
2019-04-05 11:19:48 EXEC SPC_COM_ADD_COMMENT '1','8','14','khổ voãi','','2','::1','1';
2019-04-05 11:20:07 EXEC SPC_COM_DATA '14','1','1';
2019-04-05 11:20:07 EXEC SPC_LISTENING_LST1 '12','14','6','8';
2019-04-05 11:20:07 EXEC SPC_COM_DATA '14','1','1';
2019-04-05 11:20:07 EXEC SPC_LISTENING_LST2 '6','8','14';
2019-04-05 11:22:38 EXEC SPC_COM_DATA '2','2','1';
2019-04-05 11:22:38 EXEC SPC_COM_ADD_COMMENT '1','8','14','vkl','','2','::1','1';
2019-04-05 11:34:23 EXEC SPC_COM_DATA '','','';
2019-04-05 11:34:33 EXEC SPC_COMMON_ACCOUNT '1','1';
2019-04-05 11:34:33 EXEC SPC_COM_DATA '4','1','1';
2019-04-05 11:34:33 EXEC SPC_COM_MENU '1';
2019-04-05 11:34:37 EXEC SPC_COM_DATA '4','1','1';
2019-04-05 11:34:37 EXEC SPC_LISTENING_LST1 '','4','','';
2019-04-05 11:34:37 EXEC SPC_COM_DATA '4','1','1';
2019-04-05 11:34:37 EXEC SPC_LISTENING_LST2 '6','8','4';
2019-04-05 11:34:52 EXEC SPC_COM_DATA '4','1','1';
2019-04-05 11:34:52 EXEC SPC_COM_ADD_COMMENT '1','3','12','thế này mà hay á ???','32','4','::1','1';
2019-04-05 11:38:46 EXEC SPC_COM_DATA '14','1','1';
2019-04-05 11:38:46 EXEC SPC_LISTENING_LST1 '12','14','6','8';
2019-04-05 11:38:47 EXEC SPC_COM_DATA '14','1','1';
2019-04-05 11:38:47 EXEC SPC_LISTENING_LST2 '6','8','14';
2019-04-05 11:38:53 EXEC SPC_COM_DATA '2','2','1';
2019-04-05 11:38:53 EXEC SPC_DISCUSS_LST1 '14','2';
2019-04-05 11:38:54 EXEC SPC_COM_DATA '2','2','1';
2019-04-05 11:38:54 EXEC SPC_DISCUSS_LST2 '14','1','','2';
2019-04-05 11:38:59 EXEC SPC_COM_DATA '2','2','1';
2019-04-05 11:38:59 EXEC SPC_DISCUSS_ACT2 '14','2','::1';
2019-04-05 11:39:00 EXEC SPC_COM_DATA '4','1','1';
2019-04-05 11:39:00 EXEC SPC_LISTENING_LST1 '12','4','6','8';
2019-04-05 11:39:01 EXEC SPC_COM_DATA '4','1','1';
2019-04-05 11:39:01 EXEC SPC_LISTENING_LST2 '6','8','4';
2019-04-05 11:39:18 EXEC SPC_COM_DATA '14','1','1';
2019-04-05 11:39:18 EXEC SPC_RELAX_LST1 '','14';
2019-04-05 11:39:19 EXEC SPC_COM_DATA '14','1','1';
2019-04-05 11:39:20 EXEC SPC_RELAX_LST2 '','1','1','1','0','','14';
2019-04-05 11:39:25 EXEC SPC_COM_DATA '14','1','1';
2019-04-05 11:39:25 EXEC SPC_RELAX_ACT2 '10','14','::1';
2019-04-05 11:39:48 EXEC SPC_COM_DATA '2','2','1';
2019-04-05 11:39:48 EXEC SPC_RELAX_LST1 '','2';
2019-04-05 11:39:49 EXEC SPC_COM_DATA '2','2','1';
2019-04-05 11:39:49 EXEC SPC_RELAX_LST2 '','1','1','1','0','','2';
2019-04-05 11:39:55 EXEC SPC_COM_DATA '2','2','1';
2019-04-05 11:39:55 EXEC SPC_RELAX_ACT2 '10','2','::1';
2019-04-05 11:42:03 EXEC SPC_COM_DATA '4','1','1';
2019-04-05 11:42:03 EXEC SPC_RELAX_LST1 '','4';
2019-04-05 11:42:04 EXEC SPC_COM_DATA '4','1','1';
2019-04-05 11:42:04 EXEC SPC_RELAX_LST2 '','1','1','1','0','','4';
2019-04-05 11:42:09 EXEC SPC_COM_DATA '4','1','1';
2019-04-05 11:42:09 EXEC SPC_DISCUSS_LST1 '','4';
2019-04-05 11:42:10 EXEC SPC_COM_DATA '4','1','1';
2019-04-05 11:42:10 EXEC SPC_RELAX_ACT2 '10','4','::1';
2019-04-05 11:42:10 EXEC SPC_COM_DATA '4','1','1';
2019-04-05 11:42:10 EXEC SPC_DISCUSS_LST2 '','1','','4';
2019-04-05 11:42:16 EXEC SPC_COM_DATA '4','1','1';
2019-04-05 11:42:16 EXEC SPC_COM_ADD_COMMENT '1','8','14','ghê voãi','','4','::1','1';
2019-04-05 11:42:16 EXEC SPC_COM_DATA '4','1','1';
2019-04-05 11:42:16 EXEC SPC_DISCUSS_ACT2 '14','4','::1';
2019-04-05 11:42:45 EXEC SPC_COM_DATA '2','2','1';
2019-04-05 11:42:46 EXEC SPC_DISCUSS_LST1 '','2';
2019-04-05 11:42:46 EXEC SPC_COM_DATA '2','2','1';
2019-04-05 11:42:46 EXEC SPC_DISCUSS_LST2 '','1','','2';
2019-04-05 11:42:51 EXEC SPC_COM_DATA '2','2','1';
2019-04-05 11:42:52 EXEC SPC_DISCUSS_ACT2 '14','2','::1';
2019-04-05 11:42:55 EXEC SPC_COM_DATA '2','2','1';
2019-04-05 11:42:55 EXEC SPC_COM_ADD_COMMENT '1','8','14','ghê gì 3','1','2','::1','1';
2019-04-05 11:49:00 EXEC SPC_COM_DATA '14','1','1';
2019-04-05 11:49:00 EXEC SPC_RELAX_LST1 '10','14';
2019-04-05 11:49:00 EXEC SPC_COM_DATA '14','1','1';
2019-04-05 11:49:00 EXEC SPC_RELAX_LST2 '10','1','1','1','0','','14';
2019-04-05 11:49:06 EXEC SPC_COM_DATA '14','1','1';
2019-04-05 11:49:06 EXEC SPC_RELAX_ACT2 '10','14','::1';
2019-04-05 11:49:09 EXEC SPC_COM_DATA '4','1','1';
2019-04-05 11:49:09 EXEC SPC_DISCUSS_LST1 '14','4';
2019-04-05 11:49:10 EXEC SPC_COM_DATA '4','1','1';
2019-04-05 11:49:10 EXEC SPC_DISCUSS_LST2 '14','1','<row tag_id="14" />','4';
2019-04-05 11:49:15 EXEC SPC_COM_DATA '4','1','1';
2019-04-05 11:49:16 EXEC SPC_DISCUSS_ACT2 '14','4','::1';
2019-04-05 11:49:19 EXEC SPC_COM_DATA '2','2','1';
2019-04-05 11:49:19 EXEC SPC_DISCUSS_LST1 '14','2';
2019-04-05 11:49:19 EXEC SPC_COM_DATA '2','2','1';
2019-04-05 11:49:20 EXEC SPC_DISCUSS_LST2 '14','1','','2';
2019-04-05 11:49:25 EXEC SPC_COM_DATA '2','2','1';
2019-04-05 11:49:25 EXEC SPC_DISCUSS_ACT2 '14','2','::1';
2019-04-05 11:49:35 EXEC SPC_COM_DATA '2','2','1';
2019-04-05 11:49:35 EXEC SPC_COM_ADD_COMMENT '1','8','14','best cmnr','','2','::1','1';
2019-04-05 11:53:01 EXEC SPC_COM_DATA '2','2','1';
2019-04-05 11:53:01 EXEC SPC_COM_ADD_COMMENT '1','8','14','hay lắm =))','','2','::1','1';
2019-04-05 11:54:10 EXEC SPC_COM_DATA '14','1','1';
2019-04-05 11:54:10 EXEC SPC_RELAX_LST1 '10','14';
2019-04-05 11:54:11 EXEC SPC_COM_DATA '14','1','1';
2019-04-05 11:54:11 EXEC SPC_RELAX_LST2 '10','1','1','1','0','','14';
2019-04-05 11:54:16 EXEC SPC_COM_DATA '14','1','1';
2019-04-05 11:54:16 EXEC SPC_DISCUSS_LST1 '','14';
2019-04-05 11:54:16 EXEC SPC_COM_DATA '14','1','1';
2019-04-05 11:54:16 EXEC SPC_DISCUSS_LST2 '','1','','14';
2019-04-05 11:54:22 EXEC SPC_COM_DATA '14','1','1';
2019-04-05 11:54:22 EXEC SPC_DISCUSS_ACT2 '14','14','::1';
2019-04-05 11:54:23 EXEC SPC_COM_DATA '4','1','1';
2019-04-05 11:54:23 EXEC SPC_DISCUSS_LST1 '14','4';
2019-04-05 11:54:24 EXEC SPC_COM_DATA '4','1','1';
2019-04-05 11:54:24 EXEC SPC_DISCUSS_LST2 '14','1','<row tag_id="14" />','4';
2019-04-05 11:54:29 EXEC SPC_COM_DATA '4','1','1';
2019-04-05 11:54:29 EXEC SPC_DISCUSS_ACT2 '14','4','::1';
2019-04-05 11:54:30 EXEC SPC_COM_DATA '2','2','1';
2019-04-05 11:54:30 EXEC SPC_DISCUSS_LST1 '14','2';
2019-04-05 11:54:30 EXEC SPC_COM_DATA '2','2','1';
2019-04-05 11:54:30 EXEC SPC_DISCUSS_LST2 '14','1','','2';
2019-04-05 11:54:35 EXEC SPC_COM_DATA '2','2','1';
2019-04-05 11:54:35 EXEC SPC_COM_ADD_COMMENT '1','8','14','ghê =))','','2','::1','1';
2019-04-05 11:54:36 EXEC SPC_COM_DATA '2','2','1';
2019-04-05 11:54:36 EXEC SPC_DISCUSS_ACT2 '14','2','::1';
2019-04-05 11:56:20 EXEC SPC_COM_DATA '14','1','1';
2019-04-05 11:56:20 EXEC SPC_DISCUSS_LST1 '14','14';
2019-04-05 11:56:21 EXEC SPC_COM_DATA '14','1','1';
2019-04-05 11:56:21 EXEC SPC_DISCUSS_LST2 '14','1','','14';
2019-04-05 11:56:26 EXEC SPC_COM_DATA '14','1','1';
2019-04-05 11:56:26 EXEC SPC_DISCUSS_ACT2 '14','14','::1';
2019-04-05 11:56:26 EXEC SPC_COM_DATA '4','1','1';
2019-04-05 11:56:26 EXEC SPC_DISCUSS_LST1 '14','4';
2019-04-05 11:56:27 EXEC SPC_COM_DATA '4','1','1';
2019-04-05 11:56:27 EXEC SPC_DISCUSS_LST2 '14','1','<row tag_id="14" />','4';
2019-04-05 11:56:32 EXEC SPC_COM_DATA '4','1','1';
2019-04-05 11:56:32 EXEC SPC_DISCUSS_ACT2 '14','4','::1';
2019-04-05 11:56:33 EXEC SPC_COM_DATA '4','1','1';
2019-04-05 11:56:33 EXEC SPC_COM_ADD_COMMENT '1','8','14','uh thật','','4','::1','1';
2019-04-05 11:58:44 EXEC SPC_COM_DATA '14','1','1';
2019-04-05 11:58:44 EXEC SPC_DISCUSS_LST1 '14','14';
2019-04-05 11:58:45 EXEC SPC_COM_DATA '14','1','1';
2019-04-05 11:58:45 EXEC SPC_DISCUSS_LST2 '14','1','','14';
2019-04-05 11:58:48 EXEC SPC_COM_DATA '4','1','1';
2019-04-05 11:58:49 EXEC SPC_DISCUSS_LST1 '14','4';
2019-04-05 11:58:49 EXEC SPC_COM_DATA '4','1','1';
2019-04-05 11:58:49 EXEC SPC_DISCUSS_LST2 '14','1','<row tag_id="14" />','4';
2019-04-05 11:58:51 EXEC SPC_COM_DATA '14','1','1';
2019-04-05 11:58:51 EXEC SPC_DISCUSS_ACT2 '14','14','::1';
2019-04-05 11:58:53 EXEC SPC_COM_DATA '4','1','1';
2019-04-05 11:58:53 EXEC SPC_DISCUSS_LST1 '14','4';
2019-04-05 11:58:54 EXEC SPC_COM_DATA '4','1','1';
2019-04-05 11:58:54 EXEC SPC_DISCUSS_LST2 '14','1','<row tag_id="14" />','4';
2019-04-05 11:58:59 EXEC SPC_COM_DATA '4','1','1';
2019-04-05 11:58:59 EXEC SPC_COM_ADD_COMMENT '1','8','14','có vẻ ghê','','4','::1','1';
2019-04-05 11:58:59 EXEC SPC_COM_DATA '4','1','1';
2019-04-05 11:58:59 EXEC SPC_DISCUSS_ACT2 '14','4','::1';
2019-04-05 11:59:17 EXEC SPC_COM_DATA '2','2','1';
2019-04-05 11:59:17 EXEC SPC_COM_ADD_COMMENT '1','8','14','đệ t mà ko ghê sao đc','1','2','::1','1';
2019-04-05 11:59:52 EXEC SPC_COM_DATA '14','1','1';
2019-04-05 11:59:52 EXEC SPC_DISCUSS_LST1 '','14';
2019-04-05 11:59:52 EXEC SPC_COM_DATA '14','1','1';
2019-04-05 11:59:52 EXEC SPC_DISCUSS_LST2 '','1','','14';
2019-04-05 11:59:58 EXEC SPC_COM_DATA '14','1','1';
2019-04-05 11:59:58 EXEC SPC_DISCUSS_ACT2 '14','14','::1';
2019-04-05 12:00:01 EXEC SPC_COM_DATA '14','1','1';
2019-04-05 12:00:01 EXEC SPC_COM_ADD_COMMENT '1','8','14','thôi bỏ đê','1','14','::1','1';
2019-04-05 13:24:00 EXEC SPC_COM_DATA '14','1','1';
2019-04-05 13:24:00 EXEC SPC_VOCABULARY_LST1 '','14','6','8';
2019-04-05 13:24:33 EXEC SPC_COM_DATA '14','1','1';
2019-04-05 13:24:33 EXEC SPC_VOCABULARY_LST1 '','14','6','8';
2019-04-05 13:24:37 EXEC SPC_COM_DATA '14','1','1';
2019-04-05 13:24:37 EXEC SPC_VOCABULARY_LST1 '','14','6','8';
2019-04-05 13:24:38 EXEC SPC_COM_DATA '14','1','1';
2019-04-05 13:24:38 EXEC SPC_VOCABULARY_LST1 '','14','6','8';
2019-04-05 13:24:44 EXEC SPC_COM_DATA '14','1','1';
2019-04-05 13:24:44 EXEC SPC_VOCABULARY_LST1 '','14','6','8';
2019-04-05 13:25:58 EXEC SPC_COM_DATA '14','1','1';
2019-04-05 13:25:58 EXEC SPC_VOCABULARY_LST1 '','14','6','8';
2019-04-05 13:25:59 EXEC SPC_COM_DATA '14','1','1';
2019-04-05 13:25:59 EXEC SPC_VOCABULARY_LST2 '1','1','14';
2019-04-05 13:28:05 EXEC SPC_COM_DATA '14','1','1';
2019-04-05 13:28:05 EXEC SPC_GRAMMAR_LST1 '','14','1','1';
2019-04-05 13:28:06 EXEC SPC_COM_DATA '14','1','1';
2019-04-05 13:28:06 EXEC SPC_GRAMMAR_LST2 '4','6','14';
2019-04-05 13:28:17 EXEC SPC_COM_DATA '14','1','1';
2019-04-05 13:28:17 EXEC SPC_LISTENING_LST1 '','14','4','6';
2019-04-05 13:28:18 EXEC SPC_COM_DATA '14','1','1';
2019-04-05 13:28:18 EXEC SPC_LISTENING_LST2 '6','8','14';
2019-04-05 13:34:31 EXEC SPC_COM_DATA '2','2','1';
2019-04-05 13:34:31 EXEC SPC_COM_MENU '2';
2019-04-05 13:38:55 EXEC SPC_COM_DATA '4','1','1';
2019-04-05 13:38:55 EXEC SPC_COM_MENU '1';
2019-04-05 15:02:38 EXEC SPC_COM_DATA '2','2','1';
2019-04-05 15:02:38 EXEC SPC_VOCABULARY_LST1 '','2','6','8';
2019-04-05 15:02:39 EXEC SPC_COM_DATA '2','2','1';
2019-04-05 15:02:40 EXEC SPC_VOCABULARY_LST2 '1','1','2';
2019-04-05 15:02:52 EXEC SPC_COM_DATA '4','1','1';
2019-04-05 15:02:52 EXEC SPC_DISCUSS_LST1 '','4';
2019-04-05 15:02:53 EXEC SPC_COM_DATA '4','1','1';
2019-04-05 15:02:53 EXEC SPC_DISCUSS_LST2 '','1','','4';
2019-04-05 15:02:59 EXEC SPC_COM_DATA '4','1','1';
2019-04-05 15:02:59 EXEC SPC_DISCUSS_ACT2 '14','4','::1';
2019-04-05 15:15:51 EXEC SPC_COM_DATA '2','2','1';
2019-04-05 15:15:51 EXEC SPC_DISCUSS_LST1 '','2';
2019-04-05 15:15:57 EXEC SPC_COM_DATA '2','2','1';
2019-04-05 15:15:57 EXEC SPC_WRITING_LST1 '','2','1','1';
2019-04-05 15:16:36 EXEC SPC_COM_DATA '2','2','1';
2019-04-05 15:16:36 EXEC SPC_DISCUSS_LST1 '','2';
2019-04-05 15:16:37 EXEC SPC_COM_DATA '2','2','1';
2019-04-05 15:16:37 EXEC SPC_DISCUSS_LST2 '','1','','2';
2019-04-05 15:16:42 EXEC SPC_COM_DATA '2','2','1';
2019-04-05 15:16:42 EXEC SPC_DISCUSS_ACT2 '14','2','::1';
2019-04-05 15:16:46 EXEC SPC_COM_DATA '14','1','1';
2019-04-05 15:16:46 EXEC SPC_DISCUSS_LST1 '14','14';
2019-04-05 15:16:49 EXEC SPC_COM_DATA '14','1','1';
2019-04-05 15:16:49 EXEC SPC_DISCUSS_LST2 '14','1','','14';
2019-04-05 15:16:54 EXEC SPC_COM_DATA '14','1','1';
2019-04-05 15:16:54 EXEC SPC_DISCUSS_ACT2 '14','14','::1';
2019-04-05 15:16:55 EXEC SPC_COM_DATA '4','1','1';
2019-04-05 15:16:55 EXEC SPC_DISCUSS_LST1 '','4';
2019-04-05 15:16:56 EXEC SPC_COM_DATA '4','1','1';
2019-04-05 15:16:56 EXEC SPC_DISCUSS_LST2 '','1','','4';
2019-04-05 15:17:02 EXEC SPC_COM_DATA '4','1','1';
2019-04-05 15:17:02 EXEC SPC_DISCUSS_ACT2 '14','4','::1';
2019-04-05 15:24:51 EXEC SPC_COMMON_ACCOUNT '1','2';
2019-04-05 15:24:51 EXEC SPC_COM_DATA '1','1','2';
2019-04-05 15:24:51 EXEC SPC_COM_MENU '1';
2019-04-05 15:24:56 EXEC SPC_COM_PERMISSION '1','2','g001';
2019-04-05 15:24:56 EXEC SPC_COM_MENU '1';
2019-04-05 15:24:56 EXEC SPC_G001_LST1 '1','1';
2019-04-05 15:25:06 EXEC SPC_COM_PERMISSION '1','2','m007';
2019-04-05 15:25:06 EXEC SPC_COM_MENU '1';
2019-04-05 15:25:06 EXEC SPC_M007_FND1
2019-04-05 15:25:10 EXEC SPC_COM_MENU '1';
2019-04-05 15:25:10 EXEC SPC_m007_LST1 '21';
2019-04-05 15:25:10 EXEC SPC_M007_FND1
2019-04-05 15:25:18 EXEC SPC_COM_MENU '1';
2019-04-05 15:25:19 EXEC SPC_M007_ACT1 '21','<row row_id="0" number_id="0" content="" num_remark1="" num_remark2="" num_remark3="" text_remark1="" text_remark2="" text_remark3="" /><row row_id="1" number_id="1" content="bình luận : đến người tạo bài viết" num_remark1="1" num_remark2="" num_remark3="" text_remark1="đã bình luận về bài viết của bạn" text_remark2="" text_remark3="" /><row row_id="2" number_id="2" content="bình luận : đến người được trả lời bình luận" num_remark1="1" num_remark2="" num_remark3="" text_remark1="đã trả lời bình luận của bạn trong 1 bài viết" text_remark2="" text_remark3="" />','1','::1';
2019-04-05 15:25:20 EXEC SPC_COM_MENU '1';
2019-04-05 15:25:20 EXEC SPC_m007_LST1 '21';
2019-04-05 15:25:20 EXEC SPC_M007_FND1
2019-04-05 15:54:37 EXEC SPC_COM_DATA '14','1','1';
2019-04-05 15:54:37 EXEC SPC_DISCUSS_LST1 '14','14';
2019-04-05 15:54:38 EXEC SPC_COM_DATA '14','1','1';
2019-04-05 15:54:38 EXEC SPC_DISCUSS_LST2 '14','1','','14';
2019-04-05 15:54:42 EXEC SPC_COM_DATA '4','1','1';
2019-04-05 15:54:42 EXEC SPC_DISCUSS_LST1 '14','4';
2019-04-05 15:54:43 EXEC SPC_COM_DATA '4','1','1';
2019-04-05 15:54:43 EXEC SPC_DISCUSS_LST2 '14','1','<row tag_id="14" />','4';
2019-04-05 15:54:43 EXEC SPC_COM_DATA '14','1','1';
2019-04-05 15:54:43 EXEC SPC_DISCUSS_ACT2 '14','14','::1';
2019-04-05 15:54:48 EXEC SPC_COM_DATA '4','1','1';
2019-04-05 15:54:48 EXEC SPC_DISCUSS_LST1 '14','4';
2019-04-05 15:54:49 EXEC SPC_COM_DATA '4','1','1';
2019-04-05 15:54:49 EXEC SPC_DISCUSS_LST2 '14','1','<row tag_id="14" />','4';
2019-04-05 15:54:54 EXEC SPC_COM_DATA '4','1','1';
2019-04-05 15:54:54 EXEC SPC_DISCUSS_ACT2 '14','4','::1';
2019-04-05 15:54:57 EXEC SPC_COM_DATA '4','1','1';
2019-04-05 15:54:57 EXEC SPC_COM_ADD_COMMENT '1','8','14','hay đấy','','4','::1','1';
2019-04-05 15:55:30 EXEC SPC_COM_DATA '2','2','1';
2019-04-05 15:55:30 EXEC SPC_DISCUSS_LST1 '14','2';
2019-04-05 15:55:31 EXEC SPC_COM_DATA '2','2','1';
2019-04-05 15:55:31 EXEC SPC_DISCUSS_LST2 '14','1','','2';
2019-04-05 15:55:37 EXEC SPC_COM_DATA '2','2','1';
2019-04-05 15:55:37 EXEC SPC_DISCUSS_ACT2 '14','2','::1';
2019-04-05 15:55:38 EXEC SPC_COM_DATA '2','2','1';
2019-04-05 15:55:38 EXEC SPC_COM_ADD_COMMENT '1','8','14','hay cái cc','1','2','::1','1';
2019-04-05 15:56:18 EXEC SPC_COM_DATA '14','1','1';
2019-04-05 15:56:18 EXEC SPC_VOCABULARY_LST1 '','14','6','8';
2019-04-05 15:56:19 EXEC SPC_COM_DATA '14','1','1';
2019-04-05 15:56:19 EXEC SPC_VOCABULARY_LST2 '1','1','14';
2019-04-05 15:56:37 EXEC SPC_COM_DATA '14','1','1';
2019-04-05 15:56:37 EXEC SPC_VOCABULARY_LST1 '2','14','1','1';
2019-04-05 15:56:38 EXEC SPC_COM_DATA '14','1','1';
2019-04-05 15:56:38 EXEC SPC_VOCABULARY_LST2 '1','1','14';
2019-04-05 15:56:45 EXEC SPC_COM_DATA '2','2','1';
2019-04-05 15:56:45 EXEC SPC_DISCUSS_LST1 '14','2';
2019-04-05 15:56:46 EXEC SPC_COM_DATA '2','2','1';
2019-04-05 15:56:46 EXEC SPC_DISCUSS_LST2 '14','1','','2';
2019-04-05 15:56:51 EXEC SPC_COM_DATA '2','2','1';
2019-04-05 15:56:51 EXEC SPC_DISCUSS_ACT2 '14','2','::1';
2019-04-05 15:56:52 EXEC SPC_COM_DATA '2','2','1';
2019-04-05 15:56:52 EXEC SPC_COM_ADD_COMMENT '1','8','14','hay đấy =))','','2','::1','1';
2019-04-05 15:56:56 EXEC SPC_COM_DATA '4','1','1';
2019-04-05 15:56:56 EXEC SPC_DISCUSS_LST1 '14','4';
2019-04-05 15:56:57 EXEC SPC_COM_DATA '4','1','1';
2019-04-05 15:56:57 EXEC SPC_DISCUSS_LST2 '14','1','<row tag_id="14" />','4';
2019-04-05 15:57:03 EXEC SPC_COM_DATA '4','1','1';
2019-04-05 15:57:03 EXEC SPC_COM_ADD_COMMENT '1','8','14','hay cái cc','1','4','::1','1';
2019-04-05 15:57:03 EXEC SPC_COM_DATA '4','1','1';
2019-04-05 15:57:03 EXEC SPC_DISCUSS_ACT2 '14','4','::1';
2019-04-05 15:57:47 EXEC SPC_COM_DATA '14','1','1';
2019-04-05 15:57:47 EXEC SPC_VOCABULARY_LST1 '2','14','1','1';
2019-04-05 15:57:48 EXEC SPC_COM_DATA '14','1','1';
2019-04-05 15:57:48 EXEC SPC_VOCABULARY_LST2 '1','1','14';
2019-04-05 15:57:59 EXEC SPC_COM_DATA '14','1','1';
2019-04-05 15:57:59 EXEC SPC_VOCABULARY_LST1 '2','14','1','1';
2019-04-05 15:58:00 EXEC SPC_COM_DATA '14','1','1';
2019-04-05 15:58:00 EXEC SPC_VOCABULARY_LST2 '1','1','14';
2019-04-05 15:58:07 EXEC SPC_COM_DATA '2','2','1';
2019-04-05 15:58:07 EXEC SPC_DISCUSS_LST1 '14','2';
2019-04-05 15:58:08 EXEC SPC_COM_DATA '2','2','1';
2019-04-05 15:58:08 EXEC SPC_DISCUSS_LST2 '14','1','','2';
2019-04-05 15:58:10 EXEC SPC_COM_DATA '2','2','1';
2019-04-05 15:58:10 EXEC SPC_COM_ADD_COMMENT '1','8','14','hay','','2','::1','1';
2019-04-05 15:58:13 EXEC SPC_COM_DATA '2','2','1';
2019-04-05 15:58:13 EXEC SPC_DISCUSS_ACT2 '14','2','::1';
2019-04-05 15:58:14 EXEC SPC_COM_DATA '14','1','1';
2019-04-05 15:58:14 EXEC SPC_VOCABULARY_LST1 '2','14','1','1';
2019-04-05 15:58:15 EXEC SPC_COM_DATA '14','1','1';
2019-04-05 15:58:15 EXEC SPC_VOCABULARY_LST2 '1','1','14';
2019-04-05 15:58:21 EXEC SPC_COM_DATA '4','1','1';
2019-04-05 15:58:21 EXEC SPC_DISCUSS_LST1 '14','4';
2019-04-05 15:58:21 EXEC SPC_COM_DATA '4','1','1';
2019-04-05 15:58:21 EXEC SPC_DISCUSS_LST2 '14','1','<row tag_id="14" />','4';
2019-04-05 15:58:27 EXEC SPC_COM_DATA '4','1','1';
2019-04-05 15:58:27 EXEC SPC_COM_ADD_COMMENT '1','8','14','hay cái cc','1','4','::1','1';
2019-04-05 15:58:27 EXEC SPC_COM_DATA '4','1','1';
2019-04-05 15:58:27 EXEC SPC_DISCUSS_ACT2 '14','4','::1';
2019-04-05 16:01:18 EXEC SPC_COM_DATA '2','2','1';
2019-04-05 16:01:18 EXEC SPC_DISCUSS_LST1 '14','2';
2019-04-05 16:01:19 EXEC SPC_COM_DATA '2','2','1';
2019-04-05 16:01:19 EXEC SPC_DISCUSS_LST2 '14','1','','2';
2019-04-05 16:01:23 EXEC SPC_COM_DATA '4','1','1';
2019-04-05 16:01:23 EXEC SPC_DISCUSS_LST1 '14','4';
2019-04-05 16:01:24 EXEC SPC_COM_DATA '4','1','1';
2019-04-05 16:01:24 EXEC SPC_DISCUSS_LST2 '14','1','<row tag_id="14" />','4';
2019-04-05 16:01:24 EXEC SPC_COM_DATA '2','2','1';
2019-04-05 16:01:24 EXEC SPC_DISCUSS_ACT2 '14','2','::1';
2019-04-05 16:01:29 EXEC SPC_COM_DATA '4','1','1';
2019-04-05 16:01:29 EXEC SPC_DISCUSS_ACT2 '14','4','::1';
2019-04-05 16:01:32 EXEC SPC_COM_DATA '14','1','1';
2019-04-05 16:01:32 EXEC SPC_DISCUSS_LST1 '','14';
2019-04-05 16:01:33 EXEC SPC_COM_DATA '14','1','1';
2019-04-05 16:01:33 EXEC SPC_DISCUSS_LST2 '','1','','14';
2019-04-05 16:01:38 EXEC SPC_COM_DATA '14','1','1';
2019-04-05 16:01:38 EXEC SPC_DISCUSS_ACT2 '14','14','::1';
2019-04-05 16:01:41 EXEC SPC_COM_DATA '14','1','1';
2019-04-05 16:01:41 EXEC SPC_COM_ADD_COMMENT '1','8','14','vui ko =))','1','14','::1','1';
2019-04-05 16:02:32 EXEC SPC_COM_DATA '14','1','1';
2019-04-05 16:02:32 EXEC SPC_DISCUSS_LST1 '14','14';
2019-04-05 16:02:32 EXEC SPC_COM_DATA '14','1','1';
2019-04-05 16:02:33 EXEC SPC_DISCUSS_LST2 '14','1','','14';
2019-04-05 16:02:38 EXEC SPC_COM_DATA '14','1','1';
2019-04-05 16:02:38 EXEC SPC_DISCUSS_ACT2 '14','14','::1';
2019-04-05 16:02:42 EXEC SPC_COM_DATA '4','1','1';
2019-04-05 16:02:42 EXEC SPC_DISCUSS_LST1 '14','4';
2019-04-05 16:02:43 EXEC SPC_COM_DATA '4','1','1';
2019-04-05 16:02:43 EXEC SPC_DISCUSS_LST2 '14','1','<row tag_id="14" />','4';
2019-04-05 16:02:48 EXEC SPC_COM_DATA '4','1','1';
2019-04-05 16:02:48 EXEC SPC_DISCUSS_ACT2 '14','4','::1';
2019-04-05 16:02:55 EXEC SPC_COM_DATA '14','1','1';
2019-04-05 16:02:56 EXEC SPC_DISCUSS_LST1 '14','14';
2019-04-05 16:02:56 EXEC SPC_COM_DATA '14','1','1';
2019-04-05 16:02:56 EXEC SPC_DISCUSS_LST2 '14','1','','14';
2019-04-05 16:03:02 EXEC SPC_COM_DATA '14','1','1';
2019-04-05 16:03:02 EXEC SPC_DISCUSS_ACT2 '14','14','::1';
2019-04-05 16:03:18 EXEC SPC_COM_DATA '14','1','1';
2019-04-05 16:03:18 EXEC SPC_DISCUSS_LST1 '','14';
2019-04-05 16:03:19 EXEC SPC_COM_DATA '14','1','1';
2019-04-05 16:03:19 EXEC SPC_DISCUSS_LST2 '','1','','14';
2019-04-05 16:03:23 EXEC SPC_COM_DATA '4','1','1';
2019-04-05 16:03:23 EXEC SPC_DISCUSS_LST1 '14','4';
2019-04-05 16:03:23 EXEC SPC_COM_DATA '4','1','1';
2019-04-05 16:03:23 EXEC SPC_DISCUSS_LST2 '14','1','<row tag_id="14" />','4';
2019-04-05 16:03:24 EXEC SPC_COM_DATA '14','1','1';
2019-04-05 16:03:24 EXEC SPC_DISCUSS_ACT2 '14','14','::1';
2019-04-05 16:03:29 EXEC SPC_COM_DATA '4','1','1';
2019-04-05 16:03:29 EXEC SPC_DISCUSS_ACT2 '14','4','::1';
2019-04-05 16:03:44 EXEC SPC_COM_DATA '4','1','1';
2019-04-05 16:03:44 EXEC SPC_COM_ADD_COMMENT '1','8','14','hay đấy','','4','::1','1';
2019-04-05 16:03:49 EXEC SPC_COM_DATA '14','1','1';
2019-04-05 16:03:49 EXEC SPC_DISCUSS_LST1 '14','14';
2019-04-05 16:03:49 EXEC SPC_COM_DATA '14','1','1';
2019-04-05 16:03:49 EXEC SPC_DISCUSS_LST2 '14','1','','14';
2019-04-05 16:03:52 EXEC SPC_COM_DATA '4','1','1';
2019-04-05 16:03:52 EXEC SPC_DISCUSS_LST1 '14','4';
2019-04-05 16:03:53 EXEC SPC_COM_DATA '4','1','1';
2019-04-05 16:03:53 EXEC SPC_DISCUSS_LST2 '14','1','<row tag_id="14" />','4';
2019-04-05 16:03:55 EXEC SPC_COM_DATA '14','1','1';
2019-04-05 16:03:55 EXEC SPC_DISCUSS_ACT2 '14','14','::1';
2019-04-05 16:03:58 EXEC SPC_COM_DATA '4','1','1';
2019-04-05 16:03:58 EXEC SPC_DISCUSS_ACT2 '14','4','::1';
2019-04-05 16:04:00 EXEC SPC_COM_DATA '14','1','1';
2019-04-05 16:04:00 EXEC SPC_COM_ADD_COMMENT '1','8','14','ok fine','4','14','::1','1';
2019-04-05 16:04:04 EXEC SPC_COM_DATA '4','1','1';
2019-04-05 16:04:04 EXEC SPC_COM_GET_PAGE_COMMENT '1','8','14','1','4';
2019-04-05 16:08:34 EXEC SPC_COM_DATA '2','2','1';
2019-04-05 16:08:34 EXEC SPC_DISCUSS_LST1 '14','2';
2019-04-05 16:08:35 EXEC SPC_COM_DATA '2','2','1';
2019-04-05 16:08:35 EXEC SPC_DISCUSS_LST2 '14','1','','2';
2019-04-05 16:08:40 EXEC SPC_COM_DATA '2','2','1';
2019-04-05 16:08:40 EXEC SPC_DISCUSS_ACT2 '14','2','::1';
2019-04-05 16:08:45 EXEC SPC_COM_DATA '2','2','1';
2019-04-05 16:08:45 EXEC SPC_COM_ADD_COMMENT '1','8','14','hay','','2','::1','1';
2019-04-05 16:08:46 EXEC SPC_COM_DATA '2','2','1';
2019-04-05 16:08:46 EXEC SPC_COM_GET_PAGE_COMMENT '1','8','14','1','2';
2019-04-05 16:08:47 EXEC SPC_COM_DATA '2','2','1';
2019-04-05 16:08:47 EXEC SPC_COM_DATA '2','2','1';
2019-04-05 16:08:47 EXEC SPC_COM_DATA '4','1','1';
2019-04-05 16:08:47 EXEC SPC_COM_DATA '4','1','1';
2019-04-05 16:08:47 EXEC SPC_COM_DATA '4','1','1';
2019-04-05 16:08:47 EXEC SPC_COM_DATA '2','2','1';
2019-04-05 16:08:47 EXEC SPC_COM_GET_PAGE_COMMENT '1','8','14','1','2';
2019-04-05 16:08:47 EXEC SPC_COM_DATA '2','2','1';
2019-04-05 16:08:47 EXEC SPC_COM_DATA '4','1','1';
2019-04-05 16:08:47 EXEC SPC_COM_GET_PAGE_COMMENT '1','8','14','1','2';
2019-04-05 16:08:47 EXEC SPC_COM_GET_PAGE_COMMENT '1','8','14','1','4';
2019-04-05 16:08:47 EXEC SPC_COM_DATA '2','2','1';
2019-04-05 16:08:47 EXEC SPC_COM_GET_PAGE_COMMENT '1','8','14','1','4';
2019-04-05 16:08:47 EXEC SPC_COM_GET_PAGE_COMMENT '1','8','14','','2';
2019-04-05 16:08:47 EXEC SPC_COM_GET_PAGE_COMMENT '1','8','14','','4';
2019-04-05 16:08:47 EXEC SPC_COM_GET_PAGE_COMMENT '1','8','14','1','2';
2019-04-05 16:08:47 EXEC SPC_COM_GET_PAGE_COMMENT '1','8','14','','4';
2019-04-05 16:08:47 EXEC SPC_COM_GET_PAGE_COMMENT '1','8','14','','2';
2019-04-05 16:08:47 EXEC SPC_COM_DATA '4','1','1';
2019-04-05 16:08:47 EXEC SPC_COM_DATA '4','1','1';
2019-04-05 16:08:47 EXEC SPC_COM_GET_PAGE_COMMENT '1','8','14','1','4';
2019-04-05 16:08:47 EXEC SPC_COM_DATA '2','2','1';
2019-04-05 16:08:47 EXEC SPC_COM_DATA '2','2','1';
2019-04-05 16:08:47 EXEC SPC_COM_GET_PAGE_COMMENT '1','8','14','0','2';
2019-04-05 16:08:47 EXEC SPC_COM_GET_PAGE_COMMENT '1','8','14','1','4';
2019-04-05 16:08:47 EXEC SPC_COM_GET_PAGE_COMMENT '1','8','14','','2';
2019-04-05 16:08:47 SQLSTATE[42000]: [Microsoft][ODBC Driver 13 for SQL Server][SQL Server]OFFSET 句のオフセットに負の値を指定することはできません。
2019-04-05 16:08:47 SQLSTATE[42000]: [Microsoft][ODBC Driver 13 for SQL Server][SQL Server]OFFSET 句のオフセットに負の値を指定することはできません。
2019-04-05 16:08:47 SQLSTATE[42000]: [Microsoft][ODBC Driver 13 for SQL Server][SQL Server]OFFSET 句のオフセットに負の値を指定することはできません。
2019-04-05 16:08:47 EXEC SPC_COM_DATA '14','1','1';
2019-04-05 16:08:47 SQLSTATE[42000]: [Microsoft][ODBC Driver 13 for SQL Server][SQL Server]OFFSET 句のオフセットに負の値を指定することはできません。
2019-04-05 16:08:48 SQLSTATE[42000]: [Microsoft][ODBC Driver 13 for SQL Server][SQL Server]OFFSET 句のオフセットに負の値を指定することはできません。
2019-04-05 16:08:48 EXEC SPC_COM_GET_PAGE_COMMENT '1','8','14','1','14';
2019-04-05 16:08:48 EXEC SPC_COM_DATA '14','1','1';
2019-04-05 16:08:48 EXEC SPC_COM_DATA '14','1','1';
2019-04-05 16:08:48 EXEC SPC_COM_GET_PAGE_COMMENT '1','8','14','','14';
2019-04-05 16:08:48 EXEC SPC_COM_DATA '14','1','1';
2019-04-05 16:08:48 EXEC SPC_COM_DATA '14','1','1';
2019-04-05 16:08:48 EXEC SPC_COM_GET_PAGE_COMMENT '1','8','14','','14';
2019-04-05 16:08:48 EXEC SPC_COM_DATA '4','1','1';
2019-04-05 16:08:48 EXEC SPC_COM_DATA '2','2','1';
2019-04-05 16:08:48 EXEC SPC_COM_DATA '2','2','1';
2019-04-05 16:08:48 EXEC SPC_COM_DATA '14','1','1';
2019-04-05 16:08:48 EXEC SPC_COM_DATA '4','1','1';
2019-04-05 16:08:48 EXEC SPC_COM_GET_PAGE_COMMENT '1','8','14','1','14';
2019-04-05 16:08:48 EXEC SPC_COM_GET_PAGE_COMMENT '1','8','14','1','14';
2019-04-05 16:08:48 EXEC SPC_COM_GET_PAGE_COMMENT '1','8','14','1','14';
2019-04-05 16:08:48 EXEC SPC_COM_GET_PAGE_COMMENT '1','8','14','','2';
2019-04-05 16:08:48 EXEC SPC_COM_GET_PAGE_COMMENT '1','8','14','1','2';
2019-04-05 16:08:48 SQLSTATE[42000]: [Microsoft][ODBC Driver 13 for SQL Server][SQL Server]OFFSET 句のオフセットに負の値を指定することはできません。
2019-04-05 16:08:48 EXEC SPC_COM_GET_PAGE_COMMENT '1','8','14','','4';
2019-04-05 16:08:48 EXEC SPC_COM_DATA '4','1','1';
2019-04-05 16:08:48 EXEC SPC_COM_GET_PAGE_COMMENT '1','8','14','','4';
2019-04-05 16:08:48 EXEC SPC_COM_GET_PAGE_COMMENT '1','8','14','0','4';
2019-04-05 16:08:48 SQLSTATE[42000]: [Microsoft][ODBC Driver 13 for SQL Server][SQL Server]OFFSET 句のオフセットに負の値を指定することはできません。
2019-04-05 16:08:48 SQLSTATE[42000]: [Microsoft][ODBC Driver 13 for SQL Server][SQL Server]OFFSET 句のオフセットに負の値を指定することはできません。
2019-04-05 16:08:48 SQLSTATE[42000]: [Microsoft][ODBC Driver 13 for SQL Server][SQL Server]OFFSET 句のオフセットに負の値を指定することはできません。
2019-04-05 16:08:48 EXEC SPC_COM_DATA '4','1','1';
2019-04-05 16:08:48 EXEC SPC_COM_DATA '14','1','1';
2019-04-05 16:08:48 EXEC SPC_COM_DATA '14','1','1';
2019-04-05 16:08:48 EXEC SPC_COM_DATA '14','1','1';
2019-04-05 16:08:48 EXEC SPC_COM_GET_PAGE_COMMENT '1','8','14','1','4';
2019-04-05 16:08:48 EXEC SPC_COM_GET_PAGE_COMMENT '1','8','14','0','14';
2019-04-05 16:08:48 SQLSTATE[42000]: [Microsoft][ODBC Driver 13 for SQL Server][SQL Server]OFFSET 句のオフセットに負の値を指定することはできません。
2019-04-05 16:08:49 EXEC SPC_COM_GET_PAGE_COMMENT '1','8','14','','14';
2019-04-05 16:08:49 SQLSTATE[42000]: [Microsoft][ODBC Driver 13 for SQL Server][SQL Server]OFFSET 句のオフセットに負の値を指定することはできません。
2019-04-05 16:08:49 EXEC SPC_COM_GET_PAGE_COMMENT '1','8','14','','14';
2019-04-05 16:08:49 SQLSTATE[42000]: [Microsoft][ODBC Driver 13 for SQL Server][SQL Server]OFFSET 句のオフセットに負の値を指定することはできません。
2019-04-05 16:08:49 SQLSTATE[42000]: [Microsoft][ODBC Driver 13 for SQL Server][SQL Server]OFFSET 句のオフセットに負の値を指定することはできません。
2019-04-05 16:08:49 SQLSTATE[42000]: [Microsoft][ODBC Driver 13 for SQL Server][SQL Server]OFFSET 句のオフセットに負の値を指定することはできません。
2019-04-05 16:08:49 EXEC SPC_COM_DATA '14','1','1';
2019-04-05 16:08:49 EXEC SPC_COM_GET_PAGE_COMMENT '1','8','14','1','14';
2019-04-05 16:08:54 EXEC SPC_COM_DATA '4','1','1';
2019-04-05 16:08:54 EXEC SPC_DISCUSS_LST1 '14','4';
2019-04-05 16:08:55 EXEC SPC_COM_DATA '4','1','1';
2019-04-05 16:08:55 EXEC SPC_DISCUSS_LST2 '14','1','<row tag_id="14" />','4';
2019-04-05 16:09:00 EXEC SPC_COM_DATA '4','1','1';
2019-04-05 16:09:00 EXEC SPC_DISCUSS_ACT2 '14','4','::1';
2019-04-05 16:09:20 EXEC SPC_COM_DATA '14','1','1';
2019-04-05 16:09:20 EXEC SPC_COM_ADD_COMMENT '1','8','14','đùa đỉnh voãi','9','14','::1','1';
2019-04-05 16:09:22 EXEC SPC_COM_DATA '14','1','1';
2019-04-05 16:09:22 EXEC SPC_COM_DATA '2','2','1';
2019-04-05 16:09:22 EXEC SPC_COM_DATA '2','2','1';
2019-04-05 16:09:22 EXEC SPC_COM_DATA '2','2','1';
2019-04-05 16:09:22 EXEC SPC_COM_DATA '14','1','1';
2019-04-05 16:09:22 EXEC SPC_COM_DATA '14','1','1';
2019-04-05 16:09:22 EXEC SPC_COM_DATA '2','2','1';
2019-04-05 16:09:22 EXEC SPC_COM_DATA '2','2','1';
2019-04-05 16:09:22 EXEC SPC_COM_GET_PAGE_COMMENT '1','8','14','1','2';
2019-04-05 16:09:22 EXEC SPC_COM_DATA '14','1','1';
2019-04-05 16:09:22 EXEC SPC_COM_GET_PAGE_COMMENT '1','8','14','1','2';
2019-04-05 16:09:22 EXEC SPC_COM_GET_PAGE_COMMENT '1','8','14','1','14';
2019-04-05 16:09:22 EXEC SPC_COM_GET_PAGE_COMMENT '1','8','14','','2';
2019-04-05 16:09:22 EXEC SPC_COM_GET_PAGE_COMMENT '1','8','14','1','14';
2019-04-05 16:09:22 EXEC SPC_COM_DATA '14','1','1';
2019-04-05 16:09:22 EXEC SPC_COM_GET_PAGE_COMMENT '1','8','14','1','2';
2019-04-05 16:09:22 EXEC SPC_COM_GET_PAGE_COMMENT '1','8','14','','14';
2019-04-05 16:09:22 EXEC SPC_COM_GET_PAGE_COMMENT '1','8','14','','2';
2019-04-05 16:09:22 EXEC SPC_COM_GET_PAGE_COMMENT '1','8','14','1','14';
2019-04-05 16:09:22 EXEC SPC_COM_GET_PAGE_COMMENT '1','8','14','','14';
2019-04-05 16:09:22 SQLSTATE[42000]: [Microsoft][ODBC Driver 13 for SQL Server][SQL Server]OFFSET 句のオフセットに負の値を指定することはできません。
2019-04-05 16:09:22 SQLSTATE[42000]: [Microsoft][ODBC Driver 13 for SQL Server][SQL Server]OFFSET 句のオフセットに負の値を指定することはできません。
2019-04-05 16:09:22 SQLSTATE[42000]: [Microsoft][ODBC Driver 13 for SQL Server][SQL Server]OFFSET 句のオフセットに負の値を指定することはできません。
2019-04-05 16:09:22 SQLSTATE[42000]: [Microsoft][ODBC Driver 13 for SQL Server][SQL Server]OFFSET 句のオフセットに負の値を指定することはできません。
2019-04-05 16:09:23 EXEC SPC_COM_DATA '4','1','1';
2019-04-05 16:09:23 EXEC SPC_COM_DATA '2','2','1';
2019-04-05 16:09:23 EXEC SPC_COM_DATA '14','1','1';
2019-04-05 16:09:23 EXEC SPC_COM_DATA '4','1','1';
2019-04-05 16:09:23 EXEC SPC_COM_DATA '4','1','1';
2019-04-05 16:09:23 EXEC SPC_COM_DATA '4','1','1';
2019-04-05 16:09:23 EXEC SPC_COM_GET_PAGE_COMMENT '1','8','14','1','2';
2019-04-05 16:09:23 EXEC SPC_COM_DATA '4','1','1';
2019-04-05 16:09:23 EXEC SPC_COM_DATA '2','2','1';
2019-04-05 16:09:23 EXEC SPC_COM_GET_PAGE_COMMENT '1','8','14','1','4';
2019-04-05 16:09:23 EXEC SPC_COM_GET_PAGE_COMMENT '1','8','14','','4';
2019-04-05 16:09:23 EXEC SPC_COM_DATA '14','1','1';
2019-04-05 16:09:23 EXEC SPC_COM_GET_PAGE_COMMENT '1','8','14','','4';
2019-04-05 16:09:23 EXEC SPC_COM_GET_PAGE_COMMENT '1','8','14','1','4';
2019-04-05 16:09:23 EXEC SPC_COM_GET_PAGE_COMMENT '1','8','14','0','2';
2019-04-05 16:09:23 EXEC SPC_COM_GET_PAGE_COMMENT '1','8','14','1','14';
2019-04-05 16:09:23 SQLSTATE[42000]: [Microsoft][ODBC Driver 13 for SQL Server][SQL Server]OFFSET 句のオフセットに負の値を指定することはできません。
2019-04-05 16:09:23 EXEC SPC_COM_GET_PAGE_COMMENT '1','8','14','','2';
2019-04-05 16:09:23 EXEC SPC_COM_GET_PAGE_COMMENT '1','8','14','1','4';
2019-04-05 16:09:23 EXEC SPC_COM_GET_PAGE_COMMENT '1','8','14','','14';
2019-04-05 16:09:23 SQLSTATE[42000]: [Microsoft][ODBC Driver 13 for SQL Server][SQL Server]OFFSET 句のオフセットに負の値を指定することはできません。
2019-04-05 16:09:23 SQLSTATE[42000]: [Microsoft][ODBC Driver 13 for SQL Server][SQL Server]OFFSET 句のオフセットに負の値を指定することはできません。
2019-04-05 16:09:23 SQLSTATE[42000]: [Microsoft][ODBC Driver 13 for SQL Server][SQL Server]OFFSET 句のオフセットに負の値を指定することはできません。
2019-04-05 16:09:23 SQLSTATE[42000]: [Microsoft][ODBC Driver 13 for SQL Server][SQL Server]OFFSET 句のオフセットに負の値を指定することはできません。
2019-04-05 16:09:24 EXEC SPC_COM_DATA '4','1','1';
2019-04-05 16:09:24 EXEC SPC_COM_DATA '14','1','1';
2019-04-05 16:09:24 EXEC SPC_COM_DATA '2','2','1';
2019-04-05 16:09:24 EXEC SPC_COM_DATA '14','1','1';
2019-04-05 16:09:24 EXEC SPC_COM_DATA '14','1','1';
2019-04-05 16:09:24 EXEC SPC_COM_DATA '4','1','1';
2019-04-05 16:09:24 EXEC SPC_COM_DATA '4','1','1';
2019-04-05 16:09:24 EXEC SPC_COM_DATA '4','1','1';
2019-04-05 16:09:24 EXEC SPC_COM_GET_PAGE_COMMENT '1','8','14','1','2';
2019-04-05 16:09:24 EXEC SPC_COM_GET_PAGE_COMMENT '1','8','14','','2';
2019-04-05 16:09:24 EXEC SPC_COM_GET_PAGE_COMMENT '1','8','14','0','4';
2019-04-05 16:09:24 EXEC SPC_COM_GET_PAGE_COMMENT '1','8','14','1','14';
2019-04-05 16:09:24 EXEC SPC_COM_GET_PAGE_COMMENT '1','8','14','','4';
2019-04-05 16:09:24 EXEC SPC_COM_GET_PAGE_COMMENT '1','8','14','','4';
2019-04-05 16:09:25 SQLSTATE[42000]: [Microsoft][ODBC Driver 13 for SQL Server][SQL Server]OFFSET 句のオフセットに負の値を指定することはできません。
2019-04-05 16:09:25 SQLSTATE[42000]: [Microsoft][ODBC Driver 13 for SQL Server][SQL Server]OFFSET 句のオフセットに負の値を指定することはできません。
2019-04-05 16:09:25 EXEC SPC_COM_GET_PAGE_COMMENT '1','8','14','1','14';
2019-04-05 16:09:25 EXEC SPC_COM_GET_PAGE_COMMENT '1','8','14','','14';
2019-04-05 16:09:25 SQLSTATE[42000]: [Microsoft][ODBC Driver 13 for SQL Server][SQL Server]OFFSET 句のオフセットに負の値を指定することはできません。
2019-04-05 16:09:25 EXEC SPC_COM_GET_PAGE_COMMENT '1','8','14','1','4';
2019-04-05 16:09:25 SQLSTATE[42000]: [Microsoft][ODBC Driver 13 for SQL Server][SQL Server]OFFSET 句のオフセットに負の値を指定することはできません。
2019-04-05 16:09:25 SQLSTATE[42000]: [Microsoft][ODBC Driver 13 for SQL Server][SQL Server]OFFSET 句のオフセットに負の値を指定することはできません。
2019-04-05 16:09:25 EXEC SPC_COM_DATA '4','1','1';
2019-04-05 16:09:25 EXEC SPC_COM_DATA '14','1','1';
2019-04-05 16:09:25 EXEC SPC_COM_DATA '14','1','1';
2019-04-05 16:09:25 EXEC SPC_COM_DATA '14','1','1';
2019-04-05 16:09:25 EXEC SPC_COM_GET_PAGE_COMMENT '1','8','14','1','4';
2019-04-05 16:09:25 EXEC SPC_COM_DATA '14','1','1';
2019-04-05 16:09:25 EXEC SPC_COM_DATA '14','1','1';
2019-04-05 16:09:25 EXEC SPC_COM_GET_PAGE_COMMENT '1','8','14','','14';
2019-04-05 16:09:25 EXEC SPC_COM_GET_PAGE_COMMENT '1','8','14','1','14';
2019-04-05 16:09:25 EXEC SPC_COM_GET_PAGE_COMMENT '1','8','14','1','14';
2019-04-05 16:09:25 EXEC SPC_COM_GET_PAGE_COMMENT '1','8','14','1','14';
2019-04-05 16:09:25 EXEC SPC_COM_GET_PAGE_COMMENT '1','8','14','','14';
2019-04-05 16:09:26 SQLSTATE[42000]: [Microsoft][ODBC Driver 13 for SQL Server][SQL Server]OFFSET 句のオフセットに負の値を指定することはできません。
2019-04-05 16:09:26 SQLSTATE[42000]: [Microsoft][ODBC Driver 13 for SQL Server][SQL Server]OFFSET 句のオフセットに負の値を指定することはできません。
2019-04-05 16:09:26 EXEC SPC_COM_GET_PAGE_COMMENT '1','8','14','0','14';
2019-04-05 16:09:26 EXEC SPC_COM_DATA '14','1','1';
2019-04-05 16:09:26 EXEC SPC_COM_DATA '14','1','1';
2019-04-05 16:09:26 EXEC SPC_COM_DATA '14','1','1';
2019-04-05 16:09:26 SQLSTATE[42000]: [Microsoft][ODBC Driver 13 for SQL Server][SQL Server]OFFSET 句のオフセットに負の値を指定することはできません。
2019-04-05 16:09:26 EXEC SPC_COM_GET_PAGE_COMMENT '1','8','14','','14';
2019-04-05 16:09:26 EXEC SPC_COM_GET_PAGE_COMMENT '1','8','14','0','14';
2019-04-05 16:09:26 EXEC SPC_COM_GET_PAGE_COMMENT '1','8','14','1','14';
2019-04-05 16:09:26 SQLSTATE[42000]: [Microsoft][ODBC Driver 13 for SQL Server][SQL Server]OFFSET 句のオフセットに負の値を指定することはできません。
2019-04-05 16:09:26 SQLSTATE[42000]: [Microsoft][ODBC Driver 13 for SQL Server][SQL Server]OFFSET 句のオフセットに負の値を指定することはできません。
2019-04-05 16:09:26 EXEC SPC_COM_DATA '14','1','1';
2019-04-05 16:09:26 EXEC SPC_COM_GET_PAGE_COMMENT '1','8','14','','14';
2019-04-05 16:09:26 SQLSTATE[42000]: [Microsoft][ODBC Driver 13 for SQL Server][SQL Server]OFFSET 句のオフセットに負の値を指定することはできません。
2019-04-05 16:10:12 EXEC SPC_COM_DATA '14','1','1';
2019-04-05 16:10:13 EXEC SPC_COM_ADD_COMMENT '1','8','14','hay ko tưởng','1','14','::1','1';
2019-04-05 16:10:14 EXEC SPC_COM_DATA '2','2','1';
2019-04-05 16:10:14 EXEC SPC_COM_DATA '2','2','1';
2019-04-05 16:10:14 EXEC SPC_COM_DATA '2','2','1';
2019-04-05 16:10:14 EXEC SPC_COM_DATA '2','2','1';
2019-04-05 16:10:14 EXEC SPC_COM_DATA '2','2','1';
2019-04-05 16:10:14 EXEC SPC_COM_DATA '14','1','1';
2019-04-05 16:10:14 EXEC SPC_COM_DATA '14','1','1';
2019-04-05 16:10:14 EXEC SPC_COM_DATA '14','1','1';
2019-04-05 16:10:14 EXEC SPC_COM_DATA '2','2','1';
2019-04-05 16:10:14 EXEC SPC_COM_GET_PAGE_COMMENT '1','8','14','1','2';
2019-04-05 16:10:14 EXEC SPC_COM_DATA '14','1','1';
2019-04-05 16:10:14 EXEC SPC_COM_GET_PAGE_COMMENT '1','8','14','1','2';
2019-04-05 16:10:14 EXEC SPC_COM_GET_PAGE_COMMENT '1','8','14','1','2';
2019-04-05 16:10:14 EXEC SPC_COM_GET_PAGE_COMMENT '1','8','14','','2';
2019-04-05 16:10:14 EXEC SPC_COM_GET_PAGE_COMMENT '1','8','14','','14';
2019-04-05 16:10:14 EXEC SPC_COM_GET_PAGE_COMMENT '1','8','14','1','14';
2019-04-05 16:10:14 EXEC SPC_COM_GET_PAGE_COMMENT '1','8','14','1','14';
2019-04-05 16:10:14 EXEC SPC_COM_GET_PAGE_COMMENT '1','8','14','1','14';
2019-04-05 16:10:14 SQLSTATE[42000]: [Microsoft][ODBC Driver 13 for SQL Server][SQL Server]OFFSET 句のオフセットに負の値を指定することはできません。
2019-04-05 16:10:15 SQLSTATE[42000]: [Microsoft][ODBC Driver 13 for SQL Server][SQL Server]OFFSET 句のオフセットに負の値を指定することはできません。
2019-04-05 16:10:15 EXEC SPC_COM_DATA '4','1','1';
2019-04-05 16:10:15 EXEC SPC_COM_DATA '4','1','1';
2019-04-05 16:10:15 EXEC SPC_COM_DATA '14','1','1';
2019-04-05 16:10:15 EXEC SPC_COM_DATA '14','1','1';
2019-04-05 16:10:15 EXEC SPC_COM_DATA '4','1','1';
2019-04-05 16:10:15 EXEC SPC_COM_GET_PAGE_COMMENT '1','8','14','','4';
2019-04-05 16:10:15 EXEC SPC_COM_DATA '4','1','1';
2019-04-05 16:10:15 EXEC SPC_COM_DATA '4','1','1';
2019-04-05 16:10:15 SQLSTATE[42000]: [Microsoft][ODBC Driver 13 for SQL Server][SQL Server]OFFSET 句のオフセットに負の値を指定することはできません。
2019-04-05 16:10:15 EXEC SPC_COM_GET_PAGE_COMMENT '1','8','14','','14';
2019-04-05 16:10:15 EXEC SPC_COM_GET_PAGE_COMMENT '1','8','14','1','4';
2019-04-05 16:10:15 EXEC SPC_COM_GET_PAGE_COMMENT '1','8','14','1','4';
2019-04-05 16:10:15 EXEC SPC_COM_GET_PAGE_COMMENT '1','8','14','1','14';
2019-04-05 16:10:15 EXEC SPC_COM_DATA '4','1','1';
2019-04-05 16:10:15 EXEC SPC_COM_GET_PAGE_COMMENT '1','8','14','1','4';
2019-04-05 16:10:15 EXEC SPC_COM_GET_PAGE_COMMENT '1','8','14','','4';
2019-04-05 16:10:15 EXEC SPC_COM_DATA '2','2','1';
2019-04-05 16:10:15 SQLSTATE[42000]: [Microsoft][ODBC Driver 13 for SQL Server][SQL Server]OFFSET 句のオフセットに負の値を指定することはできません。
2019-04-05 16:10:15 EXEC SPC_COM_DATA '2','2','1';
2019-04-05 16:10:15 SQLSTATE[42000]: [Microsoft][ODBC Driver 13 for SQL Server][SQL Server]OFFSET 句のオフセットに負の値を指定することはできません。
2019-04-05 16:10:15 SQLSTATE[42000]: [Microsoft][ODBC Driver 13 for SQL Server][SQL Server]OFFSET 句のオフセットに負の値を指定することはできません。
2019-04-05 16:10:16 EXEC SPC_COM_GET_PAGE_COMMENT '1','8','14','1','4';
2019-04-05 16:10:16 EXEC SPC_COM_GET_PAGE_COMMENT '1','8','14','','2';
2019-04-05 16:10:16 EXEC SPC_COM_DATA '14','1','1';
2019-04-05 16:10:16 EXEC SPC_COM_DATA '2','2','1';
2019-04-05 16:10:16 EXEC SPC_COM_DATA '14','1','1';
2019-04-05 16:10:16 EXEC SPC_COM_DATA '2','2','1';
2019-04-05 16:10:16 EXEC SPC_COM_GET_PAGE_COMMENT '1','8','14','','2';
2019-04-05 16:10:16 EXEC SPC_COM_GET_PAGE_COMMENT '1','8','14','1','2';
2019-04-05 16:10:16 EXEC SPC_COM_GET_PAGE_COMMENT '1','8','14','0','14';
2019-04-05 16:10:16 EXEC SPC_COM_GET_PAGE_COMMENT '1','8','14','0','2';
2019-04-05 16:10:16 EXEC SPC_COM_GET_PAGE_COMMENT '1','8','14','','14';
2019-04-05 16:10:16 EXEC SPC_COM_DATA '14','1','1';
2019-04-05 16:10:16 SQLSTATE[42000]: [Microsoft][ODBC Driver 13 for SQL Server][SQL Server]OFFSET 句のオフセットに負の値を指定することはできません。
2019-04-05 16:10:16 EXEC SPC_COM_DATA '4','1','1';
2019-04-05 16:10:16 EXEC SPC_COM_DATA '14','1','1';
2019-04-05 16:10:16 SQLSTATE[42000]: [Microsoft][ODBC Driver 13 for SQL Server][SQL Server]OFFSET 句のオフセットに負の値を指定することはできません。
2019-04-05 16:10:16 SQLSTATE[42000]: [Microsoft][ODBC Driver 13 for SQL Server][SQL Server]OFFSET 句のオフセットに負の値を指定することはできません。
2019-04-05 16:10:16 EXEC SPC_COM_DATA '4','1','1';
2019-04-05 16:10:16 EXEC SPC_COM_DATA '4','1','1';
2019-04-05 16:10:16 EXEC SPC_COM_GET_PAGE_COMMENT '1','8','14','','14';
2019-04-05 16:10:16 SQLSTATE[42000]: [Microsoft][ODBC Driver 13 for SQL Server][SQL Server]OFFSET 句のオフセットに負の値を指定することはできません。
2019-04-05 16:10:16 EXEC SPC_COM_GET_PAGE_COMMENT '1','8','14','1','14';
2019-04-05 16:10:17 EXEC SPC_COM_DATA '14','1','1';
2019-04-05 16:10:17 EXEC SPC_COM_GET_PAGE_COMMENT '1','8','14','','4';
2019-04-05 16:10:17 SQLSTATE[42000]: [Microsoft][ODBC Driver 13 for SQL Server][SQL Server]OFFSET 句のオフセットに負の値を指定することはできません。
2019-04-05 16:10:17 EXEC SPC_COM_DATA '4','1','1';
2019-04-05 16:10:17 EXEC SPC_COM_DATA '14','1','1';
2019-04-05 16:10:17 EXEC SPC_COM_GET_PAGE_COMMENT '1','8','14','','4';
2019-04-05 16:10:17 EXEC SPC_COM_GET_PAGE_COMMENT '1','8','14','0','4';
2019-04-05 16:10:17 EXEC SPC_COM_GET_PAGE_COMMENT '1','8','14','1','14';
2019-04-05 16:10:17 EXEC SPC_COM_GET_PAGE_COMMENT '1','8','14','1','4';
2019-04-05 16:10:17 SQLSTATE[42000]: [Microsoft][ODBC Driver 13 for SQL Server][SQL Server]OFFSET 句のオフセットに負の値を指定することはできません。
2019-04-05 16:10:17 EXEC SPC_COM_DATA '14','1','1';
2019-04-05 16:10:17 EXEC SPC_COM_GET_PAGE_COMMENT '1','8','14','','14';
2019-04-05 16:10:17 EXEC SPC_COM_DATA '14','1','1';
2019-04-05 16:10:17 SQLSTATE[42000]: [Microsoft][ODBC Driver 13 for SQL Server][SQL Server]OFFSET 句のオフセットに負の値を指定することはできません。
2019-04-05 16:10:17 SQLSTATE[42000]: [Microsoft][ODBC Driver 13 for SQL Server][SQL Server]OFFSET 句のオフセットに負の値を指定することはできません。
2019-04-05 16:10:17 EXEC SPC_COM_GET_PAGE_COMMENT '1','8','14','','14';
2019-04-05 16:10:17 SQLSTATE[42000]: [Microsoft][ODBC Driver 13 for SQL Server][SQL Server]OFFSET 句のオフセットに負の値を指定することはできません。
2019-04-05 16:10:17 EXEC SPC_COM_DATA '14','1','1';
2019-04-05 16:10:17 EXEC SPC_COM_DATA '14','1','1';
2019-04-05 16:10:17 EXEC SPC_COM_GET_PAGE_COMMENT '1','8','14','1','14';
2019-04-05 16:10:17 SQLSTATE[42000]: [Microsoft][ODBC Driver 13 for SQL Server][SQL Server]OFFSET 句のオフセットに負の値を指定することはできません。
2019-04-05 16:10:17 EXEC SPC_COM_DATA '14','1','1';
2019-04-05 16:10:17 EXEC SPC_COM_GET_PAGE_COMMENT '1','8','14','1','14';
2019-04-05 16:10:17 SQLSTATE[42000]: [Microsoft][ODBC Driver 13 for SQL Server][SQL Server]OFFSET 句のオフセットに負の値を指定することはできません。
2019-04-05 16:10:17 EXEC SPC_COM_GET_PAGE_COMMENT '1','8','14','','14';
2019-04-05 16:10:17 EXEC SPC_COM_DATA '14','1','1';
2019-04-05 16:10:17 EXEC SPC_COM_DATA '14','1','1';
2019-04-05 16:10:17 SQLSTATE[42000]: [Microsoft][ODBC Driver 13 for SQL Server][SQL Server]OFFSET 句のオフセットに負の値を指定することはできません。
2019-04-05 16:10:17 EXEC SPC_COM_GET_PAGE_COMMENT '1','8','14','0','14';
2019-04-05 16:10:17 EXEC SPC_COM_DATA '14','1','1';
2019-04-05 16:10:17 EXEC SPC_COM_GET_PAGE_COMMENT '1','8','14','1','14';
2019-04-05 16:10:17 SQLSTATE[42000]: [Microsoft][ODBC Driver 13 for SQL Server][SQL Server]OFFSET 句のオフセットに負の値を指定することはできません。
2019-04-05 16:10:18 EXEC SPC_COM_GET_PAGE_COMMENT '1','8','14','','14';
2019-04-05 16:10:18 SQLSTATE[42000]: [Microsoft][ODBC Driver 13 for SQL Server][SQL Server]OFFSET 句のオフセットに負の値を指定することはできません。
2019-04-05 16:10:30 EXEC SPC_COM_DATA '2','2','1';
2019-04-05 16:10:30 EXEC SPC_COM_GET_MORE_COMMENT '1','1','2';
2019-04-05 16:10:33 EXEC SPC_COM_DATA '2','2','1';
2019-04-05 16:10:33 EXEC SPC_COM_GET_MORE_COMMENT '4','1','2';
2019-04-05 16:10:40 EXEC SPC_COM_DATA '4','1','1';
2019-04-05 16:10:40 EXEC SPC_COM_GET_MORE_COMMENT '1','1','4';
2019-04-05 16:10:41 EXEC SPC_COM_DATA '4','1','1';
2019-04-05 16:10:41 EXEC SPC_COM_GET_MORE_COMMENT '4','1','4';
2019-04-05 16:10:49 EXEC SPC_COM_DATA '14','1','1';
2019-04-05 16:10:49 EXEC SPC_COM_GET_MORE_COMMENT '1','1','14';
2019-04-05 16:10:51 EXEC SPC_COM_DATA '14','1','1';
2019-04-05 16:10:51 EXEC SPC_COM_GET_MORE_COMMENT '4','1','14';
2019-04-05 16:32:59 EXEC SPC_COM_DATA '14','1','1';
2019-04-05 16:32:59 EXEC SPC_DISCUSS_LST1 '14','14';
2019-04-05 16:33:00 EXEC SPC_COM_DATA '14','1','1';
2019-04-05 16:33:00 EXEC SPC_DISCUSS_LST2 '14','1','','14';
2019-04-05 16:33:06 EXEC SPC_COM_DATA '14','1','1';
2019-04-05 16:33:06 EXEC SPC_DISCUSS_ACT2 '14','14','::1';
2019-04-05 16:33:07 EXEC SPC_COM_DATA '2','2','1';
2019-04-05 16:33:07 EXEC SPC_DISCUSS_LST1 '14','2';
2019-04-05 16:33:08 EXEC SPC_COM_DATA '2','2','1';
2019-04-05 16:33:08 EXEC SPC_DISCUSS_LST2 '14','1','','2';
2019-04-05 16:33:11 EXEC SPC_COM_DATA '4','1','1';
2019-04-05 16:33:11 EXEC SPC_DISCUSS_LST1 '14','4';
2019-04-05 16:33:12 EXEC SPC_COM_DATA '4','1','1';
2019-04-05 16:33:12 EXEC SPC_DISCUSS_LST2 '14','1','<row tag_id="14" />','4';
2019-04-05 16:33:13 EXEC SPC_COM_DATA '2','2','1';
2019-04-05 16:33:13 EXEC SPC_DISCUSS_ACT2 '14','2','::1';
2019-04-05 16:33:17 EXEC SPC_COM_DATA '4','1','1';
2019-04-05 16:33:17 EXEC SPC_DISCUSS_ACT2 '14','4','::1';
2019-04-05 16:33:42 EXEC SPC_COM_DATA '4','1','1';
2019-04-05 16:33:42 EXEC SPC_COM_ADD_COMMENT '1','8','14','có vẻ hay','','4','::1','1';
2019-04-05 16:35:10 EXEC SPC_COM_DATA '14','1','1';
2019-04-05 16:35:10 EXEC SPC_DISCUSS_LST1 '14','14';
2019-04-05 16:35:11 EXEC SPC_COM_DATA '14','1','1';
2019-04-05 16:35:11 EXEC SPC_DISCUSS_LST2 '14','1','','14';
2019-04-05 16:35:16 EXEC SPC_COM_DATA '14','1','1';
2019-04-05 16:35:16 EXEC SPC_DISCUSS_ACT2 '14','14','::1';
2019-04-05 16:35:17 EXEC SPC_COM_DATA '2','2','1';
2019-04-05 16:35:17 EXEC SPC_DISCUSS_LST1 '14','2';
2019-04-05 16:35:17 EXEC SPC_COM_DATA '2','2','1';
2019-04-05 16:35:17 EXEC SPC_DISCUSS_LST2 '14','1','','2';
2019-04-05 16:35:23 EXEC SPC_COM_DATA '2','2','1';
2019-04-05 16:35:23 EXEC SPC_DISCUSS_ACT2 '14','2','::1';
2019-04-05 16:35:39 EXEC SPC_COM_DATA '2','2','1';
2019-04-05 16:35:39 EXEC SPC_COM_ADD_COMMENT '1','8','14','vui đấy','','2','::1','1';
2019-04-05 16:35:56 EXEC SPC_COM_DATA '2','2','1';
2019-04-05 16:35:56 EXEC SPC_COM_ADD_COMMENT '1','8','14','hay vc','','2','::1','1';
2019-04-05 16:36:40 EXEC SPC_COM_DATA '14','1','1';
2019-04-05 16:36:40 EXEC SPC_DISCUSS_LST1 '14','14';
2019-04-05 16:36:41 EXEC SPC_COM_DATA '14','1','1';
2019-04-05 16:36:41 EXEC SPC_DISCUSS_LST2 '14','1','','14';
2019-04-05 16:36:46 EXEC SPC_COM_DATA '14','1','1';
2019-04-05 16:36:46 EXEC SPC_DISCUSS_ACT2 '14','14','::1';
2019-04-05 16:36:50 EXEC SPC_COM_DATA '2','2','1';
2019-04-05 16:36:50 EXEC SPC_COM_ADD_COMMENT '1','8','14','vui chớ sao ko','13','2','::1','1';
2019-04-05 16:48:44 EXEC SPC_COM_DATA '4','1','1';
2019-04-05 16:48:44 EXEC SPC_COM_ADD_COMMENT '1','8','14','besst','','4','::1','1';
2019-04-05 16:49:00 EXEC SPC_COM_DATA '4','1','1';
2019-04-05 16:49:00 EXEC SPC_COM_ADD_COMMENT '1','8','14','besst','4','4','::1','1';
2019-04-05 16:52:23 EXEC SPC_COM_DATA '14','1','1';
2019-04-05 16:52:23 EXEC SPC_DISCUSS_LST1 '14','14';
2019-04-05 16:52:24 EXEC SPC_COM_DATA '14','1','1';
2019-04-05 16:52:24 EXEC SPC_DISCUSS_LST2 '14','1','','14';
2019-04-05 16:52:26 EXEC SPC_COM_DATA '4','1','1';
2019-04-05 16:52:26 EXEC SPC_DISCUSS_LST1 '14','4';
2019-04-05 16:52:27 EXEC SPC_COM_DATA '4','1','1';
2019-04-05 16:52:27 EXEC SPC_DISCUSS_LST2 '14','1','<row tag_id="14" />','4';
2019-04-05 16:52:30 EXEC SPC_COM_DATA '14','1','1';
2019-04-05 16:52:30 EXEC SPC_DISCUSS_ACT2 '14','14','::1';
2019-04-05 16:52:32 EXEC SPC_COM_DATA '2','2','1';
2019-04-05 16:52:32 EXEC SPC_DISCUSS_LST1 '14','2';
2019-04-05 16:52:33 EXEC SPC_COM_DATA '4','1','1';
2019-04-05 16:52:33 EXEC SPC_DISCUSS_ACT2 '14','4','::1';
2019-04-05 16:52:34 EXEC SPC_COM_DATA '2','2','1';
2019-04-05 16:52:34 EXEC SPC_DISCUSS_LST2 '14','1','','2';
2019-04-05 16:52:39 EXEC SPC_COM_DATA '2','2','1';
2019-04-05 16:52:40 EXEC SPC_DISCUSS_ACT2 '14','2','::1';
2019-04-05 16:52:51 EXEC SPC_COM_DATA '2','2','1';
2019-04-05 16:52:51 EXEC SPC_COM_ADD_COMMENT '1','8','14','quẩy lên','','2','::1','1';
2019-04-05 16:52:59 EXEC SPC_COM_DATA '4','1','1';
2019-04-05 16:52:59 EXEC SPC_COM_GET_PAGE_COMMENT '1','8','14','2','4';
2019-04-05 16:53:03 EXEC SPC_COM_DATA '4','1','1';
2019-04-05 16:53:03 EXEC SPC_COM_GET_PAGE_COMMENT '1','8','14','1','4';
2019-04-05 16:53:07 EXEC SPC_COM_DATA '14','1','1';
2019-04-05 16:53:07 EXEC SPC_DISCUSS_LST1 '','14';
2019-04-05 16:53:08 EXEC SPC_COM_DATA '14','1','1';
2019-04-05 16:53:08 EXEC SPC_DISCUSS_LST2 '','1','','14';
2019-04-05 16:53:14 EXEC SPC_COM_DATA '14','1','1';
2019-04-05 16:53:14 EXEC SPC_DISCUSS_ACT2 '14','14','::1';
2019-04-05 16:54:18 EXEC SPC_COM_DATA '14','1','1';
2019-04-05 16:54:18 EXEC SPC_DISCUSS_LST1 '14','14';
2019-04-05 16:54:19 EXEC SPC_COM_DATA '14','1','1';
2019-04-05 16:54:19 EXEC SPC_DISCUSS_LST2 '14','1','','14';
2019-04-05 16:54:24 EXEC SPC_COM_DATA '4','1','1';
2019-04-05 16:54:24 EXEC SPC_DISCUSS_LST1 '14','4';
2019-04-05 16:54:25 EXEC SPC_COM_DATA '4','1','1';
2019-04-05 16:54:25 EXEC SPC_DISCUSS_LST2 '14','1','<row tag_id="14" />','4';
2019-04-05 16:54:25 EXEC SPC_COM_DATA '14','1','1';
2019-04-05 16:54:25 EXEC SPC_DISCUSS_ACT2 '14','14','::1';
2019-04-05 16:54:30 EXEC SPC_COM_DATA '4','1','1';
2019-04-05 16:54:30 EXEC SPC_DISCUSS_ACT2 '14','4','::1';
2019-04-05 16:54:31 EXEC SPC_COM_DATA '2','2','1';
2019-04-05 16:54:31 EXEC SPC_DISCUSS_LST1 '14','2';
2019-04-05 16:54:32 EXEC SPC_COM_DATA '2','2','1';
2019-04-05 16:54:32 EXEC SPC_DISCUSS_LST2 '14','1','','2';
2019-04-05 16:54:37 EXEC SPC_COM_DATA '2','2','1';
2019-04-05 16:54:37 EXEC SPC_DISCUSS_ACT2 '14','2','::1';
2019-04-05 16:54:43 EXEC SPC_COM_DATA '2','2','1';
2019-04-05 16:54:43 EXEC SPC_COM_ADD_COMMENT '1','8','14','sợ thật','','2','::1','1';
2019-04-05 16:55:46 EXEC SPC_COM_DATA '14','1','1';
2019-04-05 16:55:46 EXEC SPC_DISCUSS_LST1 '14','14';
2019-04-05 16:55:47 EXEC SPC_COM_DATA '14','1','1';
2019-04-05 16:55:47 EXEC SPC_DISCUSS_LST2 '14','1','','14';
2019-04-05 16:55:52 EXEC SPC_COM_DATA '14','1','1';
2019-04-05 16:55:53 EXEC SPC_DISCUSS_ACT2 '14','14','::1';
2019-04-05 16:56:03 EXEC SPC_COM_DATA '4','1','1';
2019-04-05 16:56:03 EXEC SPC_COM_ADD_COMMENT '1','8','14','vãoi','','4','::1','1';
2019-04-05 16:57:46 EXEC SPC_COM_DATA '4','1','1';
2019-04-05 16:57:46 EXEC SPC_DISCUSS_LST1 '14','4';
2019-04-05 16:57:47 EXEC SPC_COM_DATA '4','1','1';
2019-04-05 16:57:47 EXEC SPC_DISCUSS_LST2 '14','1','<row tag_id="14" />','4';
2019-04-05 16:57:52 EXEC SPC_COM_DATA '4','1','1';
2019-04-05 16:57:52 EXEC SPC_DISCUSS_ACT2 '14','4','::1';
2019-04-05 16:58:37 EXEC SPC_COM_DATA '4','1','1';
2019-04-05 16:58:37 EXEC SPC_DISCUSS_LST1 '14','4';
2019-04-05 16:58:38 EXEC SPC_COM_DATA '4','1','1';
2019-04-05 16:58:38 EXEC SPC_DISCUSS_LST2 '14','1','<row tag_id="14" />','4';
2019-04-05 16:58:43 EXEC SPC_COM_DATA '4','1','1';
2019-04-05 16:58:43 EXEC SPC_DISCUSS_ACT2 '14','4','::1';
2019-04-05 16:58:45 EXEC SPC_COM_DATA '14','1','1';
2019-04-05 16:58:45 EXEC SPC_DISCUSS_LST1 '14','14';
2019-04-05 16:58:46 EXEC SPC_COM_DATA '14','1','1';
2019-04-05 16:58:46 EXEC SPC_DISCUSS_LST2 '14','1','','14';
2019-04-05 16:58:51 EXEC SPC_COM_DATA '14','1','1';
2019-04-05 16:58:51 EXEC SPC_DISCUSS_ACT2 '14','14','::1';
2019-04-05 16:58:56 EXEC SPC_COM_DATA '4','1','1';
2019-04-05 16:58:56 EXEC SPC_COM_ADD_COMMENT '1','8','14','hay','','4','::1','1';
2019-04-05 16:59:55 EXEC SPC_COM_DATA '14','1','1';
2019-04-05 16:59:55 EXEC SPC_DISCUSS_LST1 '14','14';
2019-04-05 16:59:56 EXEC SPC_COM_DATA '14','1','1';
2019-04-05 16:59:56 EXEC SPC_DISCUSS_LST2 '14','1','','14';
2019-04-05 16:59:59 EXEC SPC_COM_DATA '4','1','1';
2019-04-05 16:59:59 EXEC SPC_DISCUSS_LST1 '14','4';
2019-04-05 17:00:00 EXEC SPC_COM_DATA '4','1','1';
2019-04-05 17:00:00 EXEC SPC_DISCUSS_LST2 '14','1','<row tag_id="14" />','4';
2019-04-05 17:00:01 EXEC SPC_COM_DATA '14','1','1';
2019-04-05 17:00:01 EXEC SPC_DISCUSS_ACT2 '14','14','::1';
2019-04-05 17:00:05 EXEC SPC_COM_DATA '4','1','1';
2019-04-05 17:00:05 EXEC SPC_DISCUSS_ACT2 '14','4','::1';
2019-04-05 17:00:06 EXEC SPC_COM_DATA '4','1','1';
2019-04-05 17:00:06 EXEC SPC_COM_ADD_COMMENT '1','8','14','kinh phết','','4','::1','1';
2019-04-05 17:00:18 EXEC SPC_COM_DATA '2','2','1';
2019-04-05 17:00:18 EXEC SPC_DISCUSS_LST1 '14','2';
2019-04-05 17:00:19 EXEC SPC_COM_DATA '2','2','1';
2019-04-05 17:00:19 EXEC SPC_DISCUSS_LST2 '14','1','','2';
2019-04-05 17:00:24 EXEC SPC_COM_DATA '2','2','1';
2019-04-05 17:00:24 EXEC SPC_DISCUSS_ACT2 '14','2','::1';
2019-04-05 17:00:31 EXEC SPC_COM_DATA '14','1','1';
2019-04-05 17:00:31 EXEC SPC_DISCUSS_LST1 '14','14';
2019-04-05 17:00:32 EXEC SPC_COM_DATA '14','1','1';
2019-04-05 17:00:32 EXEC SPC_DISCUSS_LST2 '14','1','','14';
2019-04-05 17:00:37 EXEC SPC_COM_DATA '14','1','1';
2019-04-05 17:00:37 EXEC SPC_DISCUSS_ACT2 '14','14','::1';
2019-04-05 17:00:43 EXEC SPC_COM_DATA '2','2','1';
2019-04-05 17:00:43 EXEC SPC_COM_ADD_COMMENT '1','8','14','nát cmnr','2','2','::1','1';
2019-04-05 17:01:13 EXEC SPC_COM_DATA '4','1','1';
2019-04-05 17:01:13 EXEC SPC_DISCUSS_ACT3 '3','1','4','::1';
2019-04-05 17:01:16 EXEC SPC_COM_DATA '4','1','1';
2019-04-05 17:01:16 EXEC SPC_DISCUSS_ACT3 '3','-1','4','::1';
2019-04-05 17:01:41 EXEC SPC_COM_DATA '14','1','1';
2019-04-05 17:01:41 EXEC SPC_DISCUSS_LST1 '14','14';
2019-04-05 17:01:41 EXEC SPC_COM_DATA '14','1','1';
2019-04-05 17:01:41 EXEC SPC_DISCUSS_LST2 '14','1','','14';
2019-04-05 17:01:46 EXEC SPC_COM_DATA '4','1','1';
2019-04-05 17:01:46 EXEC SPC_DISCUSS_LST1 '14','4';
2019-04-05 17:01:46 EXEC SPC_COM_DATA '4','1','1';
2019-04-05 17:01:46 EXEC SPC_DISCUSS_LST2 '14','1','<row tag_id="14" />','4';
2019-04-05 17:01:47 EXEC SPC_COM_DATA '14','1','1';
2019-04-05 17:01:47 EXEC SPC_DISCUSS_ACT2 '14','14','::1';
2019-04-05 17:01:52 EXEC SPC_COM_DATA '4','1','1';
2019-04-05 17:01:52 EXEC SPC_DISCUSS_ACT2 '14','4','::1';
2019-04-05 17:01:56 EXEC SPC_COM_DATA '4','1','1';
2019-04-05 17:01:56 EXEC SPC_COM_ADD_COMMENT '1','8','14','hay quá bác ơi','','4','::1','1';
2019-04-05 17:04:34 EXEC SPC_COM_DATA '14','1','1';
2019-04-05 17:04:34 EXEC SPC_DISCUSS_LST1 '14','14';
2019-04-05 17:04:35 EXEC SPC_COM_DATA '14','1','1';
2019-04-05 17:04:35 EXEC SPC_DISCUSS_LST2 '14','1','','14';
2019-04-05 17:04:41 EXEC SPC_COM_DATA '14','1','1';
2019-04-05 17:04:41 EXEC SPC_DISCUSS_ACT2 '14','14','::1';
2019-04-05 17:04:42 EXEC SPC_COM_DATA '2','2','1';
2019-04-05 17:04:42 EXEC SPC_DISCUSS_LST1 '14','2';
2019-04-05 17:04:42 EXEC SPC_COM_DATA '2','2','1';
2019-04-05 17:04:42 EXEC SPC_DISCUSS_LST2 '14','1','','2';
2019-04-05 17:04:48 EXEC SPC_COM_DATA '2','2','1';
2019-04-05 17:04:48 EXEC SPC_DISCUSS_ACT2 '14','2','::1';
2019-04-05 17:04:50 EXEC SPC_COM_DATA '2','2','1';
2019-04-05 17:04:50 EXEC SPC_COM_ADD_COMMENT '1','8','14','hay vc','','2','::1','1';
2019-04-05 17:05:09 EXEC SPC_COM_DATA '1','1','2';
2019-04-05 17:05:09 EXEC SPC_COM_MENU '1';
2019-04-05 17:09:35 EXEC SPC_COM_DATA '4','1','1';
2019-04-05 17:09:35 EXEC SPC_COM_ADD_COMMENT '1','8','14','dsads','','4','::1','1';
2019-04-05 17:09:43 EXEC SPC_COM_DATA '14','1','1';
2019-04-05 17:09:43 EXEC SPC_DISCUSS_LST1 '14','14';
2019-04-05 17:09:44 EXEC SPC_COM_DATA '14','1','1';
2019-04-05 17:09:44 EXEC SPC_DISCUSS_LST2 '14','1','','14';
2019-04-05 17:09:48 EXEC SPC_COM_DATA '4','1','1';
2019-04-05 17:09:48 EXEC SPC_COM_ADD_COMMENT '1','8','14','sdadsadsa','','4','::1','1';
2019-04-05 17:09:49 EXEC SPC_COM_DATA '14','1','1';
2019-04-05 17:09:49 EXEC SPC_DISCUSS_ACT2 '14','14','::1';
2019-04-05 17:10:07 EXEC SPC_COM_DATA '14','1','1';
2019-04-05 17:10:07 EXEC SPC_DISCUSS_LST1 '14','14';
2019-04-05 17:10:08 EXEC SPC_COM_DATA '14','1','1';
2019-04-05 17:10:08 EXEC SPC_DISCUSS_LST2 '14','1','','14';
2019-04-05 17:10:10 EXEC SPC_COM_DATA '4','1','1';
2019-04-05 17:10:10 EXEC SPC_COM_ADD_COMMENT '1','8','14','ewqeqwewq','','4','::1','1';
2019-04-05 17:10:13 EXEC SPC_COM_DATA '14','1','1';
2019-04-05 17:10:13 EXEC SPC_DISCUSS_ACT2 '14','14','::1';
2019-04-05 17:12:26 EXEC SPC_COM_DATA '14','1','1';
2019-04-05 17:12:26 EXEC SPC_DISCUSS_LST1 '14','14';
2019-04-05 17:12:27 EXEC SPC_COM_DATA '14','1','1';
2019-04-05 17:12:27 EXEC SPC_DISCUSS_LST2 '14','1','','14';
2019-04-05 17:12:32 EXEC SPC_COM_DATA '4','1','1';
2019-04-05 17:12:32 EXEC SPC_DISCUSS_LST1 '14','4';
2019-04-05 17:12:32 EXEC SPC_COM_DATA '14','1','1';
2019-04-05 17:12:32 EXEC SPC_DISCUSS_ACT2 '14','14','::1';
2019-04-05 17:12:33 EXEC SPC_COM_DATA '4','1','1';
2019-04-05 17:12:33 EXEC SPC_DISCUSS_LST2 '14','1','<row tag_id="14" />','4';
2019-04-05 17:12:38 EXEC SPC_COM_DATA '4','1','1';
2019-04-05 17:12:38 EXEC SPC_DISCUSS_ACT2 '14','4','::1';
2019-04-05 17:12:38 EXEC SPC_COM_DATA '4','1','1';
2019-04-05 17:12:38 EXEC SPC_COM_ADD_COMMENT '1','8','14','lalala demacia','','4','::1','1';
2019-04-05 17:13:06 EXEC SPC_COM_DATA '14','1','1';
2019-04-05 17:13:07 EXEC SPC_DISCUSS_LST1 '14','14';
2019-04-05 17:13:07 EXEC SPC_COM_DATA '14','1','1';
2019-04-05 17:13:07 EXEC SPC_DISCUSS_LST2 '14','1','','14';
2019-04-05 17:13:11 EXEC SPC_COM_DATA '4','1','1';
2019-04-05 17:13:11 EXEC SPC_DISCUSS_LST1 '14','4';
2019-04-05 17:13:12 EXEC SPC_COM_DATA '4','1','1';
2019-04-05 17:13:12 EXEC SPC_DISCUSS_LST2 '14','1','<row tag_id="14" />','4';
2019-04-05 17:13:13 EXEC SPC_COM_DATA '14','1','1';
2019-04-05 17:13:13 EXEC SPC_DISCUSS_ACT2 '14','14','::1';
2019-04-05 17:13:17 EXEC SPC_COM_DATA '4','1','1';
2019-04-05 17:13:17 EXEC SPC_COM_ADD_COMMENT '1','8','14','hay đấy','','4','::1','1';
2019-04-05 17:13:18 EXEC SPC_COM_DATA '4','1','1';
2019-04-05 17:13:18 EXEC SPC_DISCUSS_ACT2 '14','4','::1';
2019-04-05 17:13:30 EXEC SPC_COM_DATA '2','2','1';
2019-04-05 17:13:30 EXEC SPC_DISCUSS_LST1 '14','2';
2019-04-05 17:13:31 EXEC SPC_COM_DATA '2','2','1';
2019-04-05 17:13:31 EXEC SPC_DISCUSS_LST2 '14','1','','2';
2019-04-05 17:13:36 EXEC SPC_COM_DATA '2','2','1';
2019-04-05 17:13:36 EXEC SPC_COM_ADD_COMMENT '1','8','14','hay cái cc','1','2','::1','1';
2019-04-05 17:13:36 EXEC SPC_COM_DATA '2','2','1';
2019-04-05 17:13:36 EXEC SPC_DISCUSS_ACT2 '14','2','::1';
2019-04-05 17:13:50 EXEC SPC_COM_DATA '14','1','1';
2019-04-05 17:13:50 EXEC SPC_DISCUSS_LST1 '14','14';
2019-04-05 17:13:51 EXEC SPC_COM_DATA '14','1','1';
2019-04-05 17:13:51 EXEC SPC_DISCUSS_LST2 '14','1','','14';
2019-04-05 17:13:53 EXEC SPC_COM_DATA '2','2','1';
2019-04-05 17:13:53 EXEC SPC_DISCUSS_LST1 '14','2';
2019-04-05 17:13:54 EXEC SPC_COM_DATA '2','2','1';
2019-04-05 17:13:54 EXEC SPC_DISCUSS_LST2 '14','1','','2';
2019-04-05 17:13:56 EXEC SPC_COM_DATA '14','1','1';
2019-04-05 17:13:56 EXEC SPC_DISCUSS_ACT2 '14','14','::1';
2019-04-05 17:13:59 EXEC SPC_COM_DATA '2','2','1';
2019-04-05 17:13:59 EXEC SPC_DISCUSS_ACT2 '14','2','::1';
2019-04-05 17:19:48 EXEC SPC_COM_DATA '14','1','1';
2019-04-05 17:19:48 EXEC SPC_DISCUSS_LST1 '14','14';
2019-04-05 17:19:49 EXEC SPC_COM_DATA '14','1','1';
2019-04-05 17:19:49 EXEC SPC_DISCUSS_LST2 '14','1','','14';
2019-04-05 17:19:55 EXEC SPC_COM_DATA '14','1','1';
2019-04-05 17:19:55 EXEC SPC_DISCUSS_ACT2 '14','14','::1';
2019-04-05 17:21:23 EXEC SPC_COM_DATA '14','1','1';
2019-04-05 17:21:23 EXEC SPC_VOCABULARY_LST1 '','14','1','1';
2019-04-05 17:21:24 EXEC SPC_COM_DATA '14','1','1';
2019-04-05 17:21:24 EXEC SPC_VOCABULARY_LST2 '1','1','14';
2019-04-05 17:22:38 EXEC SPC_COM_DATA '14','1','1';
2019-04-05 17:23:38 EXEC SPC_COM_DATA '14','1','1';
2019-04-05 17:23:38 EXEC SPC_VOCABULARY_LST1 '2','14','1','1';
2019-04-05 17:23:39 EXEC SPC_COM_DATA '14','1','1';
2019-04-05 17:23:39 EXEC SPC_VOCABULARY_LST2 '1','1','14';
2019-04-05 17:24:03 EXEC SPC_COM_DATA '14','1','1';
2019-04-05 17:24:03 EXEC SPC_VOCABULARY_LST1 '2','14','1','1';
2019-04-05 17:24:04 EXEC SPC_COM_DATA '14','1','1';
2019-04-05 17:24:04 EXEC SPC_VOCABULARY_LST2 '1','1','14';
2019-04-05 17:24:27 EXEC SPC_COM_DATA '2','2','1';
2019-04-05 17:24:27 EXEC SPC_DISCUSS_LST1 '14','2';
2019-04-05 17:24:28 EXEC SPC_COM_DATA '2','2','1';
2019-04-05 17:24:28 EXEC SPC_DISCUSS_LST2 '14','1','','2';
2019-04-05 17:24:33 EXEC SPC_COM_DATA '2','2','1';
2019-04-05 17:24:33 EXEC SPC_DISCUSS_ACT2 '14','2','::1';
2019-04-05 17:24:34 EXEC SPC_COM_DATA '14','1','1';
2019-04-05 17:24:34 EXEC SPC_VOCABULARY_LST1 '2','14','1','1';
2019-04-05 17:24:35 EXEC SPC_COM_DATA '14','1','1';
2019-04-05 17:24:35 EXEC SPC_VOCABULARY_LST2 '1','1','14';
2019-04-05 17:24:39 EXEC SPC_COM_DATA '4','1','1';
2019-04-05 17:24:39 EXEC SPC_DISCUSS_LST1 '14','4';
2019-04-05 17:24:40 EXEC SPC_COM_DATA '4','1','1';
2019-04-05 17:24:40 EXEC SPC_DISCUSS_LST2 '14','1','<row tag_id="14" />','4';
2019-04-05 17:24:45 EXEC SPC_COM_DATA '4','1','1';
2019-04-05 17:24:45 EXEC SPC_DISCUSS_ACT2 '14','4','::1';
2019-04-05 17:24:50 EXEC SPC_COM_DATA '4','1','1';
2019-04-05 17:24:50 EXEC SPC_COM_ADD_COMMENT '1','8','14','hay lắm đm','','4','::1','1';
2019-04-05 17:25:15 EXEC SPC_COM_DATA '14','1','1';
2019-04-05 17:25:15 EXEC SPC_VOCABULARY_LST1 '2','14','1','1';
2019-04-05 17:25:16 EXEC SPC_COM_DATA '14','1','1';
2019-04-05 17:25:16 EXEC SPC_VOCABULARY_LST2 '1','1','14';
2019-04-05 17:25:34 EXEC SPC_COM_DATA '2','2','1';
2019-04-05 17:25:34 EXEC SPC_COM_ADD_COMMENT '1','8','14','chuẩn','','2','::1','1';
2019-04-05 17:26:07 EXEC SPC_COM_DATA '14','1','1';
2019-04-05 17:26:07 EXEC SPC_VOCABULARY_LST1 '2','14','1','1';
2019-04-05 17:26:07 EXEC SPC_COM_DATA '14','1','1';
2019-04-05 17:26:08 EXEC SPC_VOCABULARY_LST2 '1','1','14';
2019-04-05 17:26:12 EXEC SPC_COM_DATA '2','2','1';
2019-04-05 17:26:12 EXEC SPC_DISCUSS_LST1 '14','2';
2019-04-05 17:26:13 EXEC SPC_COM_DATA '2','2','1';
2019-04-05 17:26:13 EXEC SPC_DISCUSS_LST2 '14','1','','2';
2019-04-05 17:26:18 EXEC SPC_COM_DATA '2','2','1';
2019-04-05 17:26:18 EXEC SPC_DISCUSS_ACT2 '14','2','::1';
2019-04-05 17:26:19 EXEC SPC_COM_DATA '4','1','1';
2019-04-05 17:26:19 EXEC SPC_DISCUSS_LST1 '14','4';
2019-04-05 17:26:20 EXEC SPC_COM_DATA '4','1','1';
2019-04-05 17:26:20 EXEC SPC_DISCUSS_LST2 '14','1','<row tag_id="14" />','4';
2019-04-05 17:26:26 EXEC SPC_COM_DATA '4','1','1';
2019-04-05 17:26:26 EXEC SPC_DISCUSS_ACT2 '14','4','::1';
2019-04-05 17:27:35 EXEC SPC_COM_DATA '14','1','1';
2019-04-05 17:27:35 EXEC SPC_VOCABULARY_LST1 '2','14','1','1';
2019-04-05 17:27:36 EXEC SPC_COM_DATA '14','1','1';
2019-04-05 17:27:36 EXEC SPC_VOCABULARY_LST2 '1','1','14';
2019-04-05 17:27:44 EXEC SPC_COM_DATA '2','2','1';
2019-04-05 17:27:44 EXEC SPC_DISCUSS_LST1 '14','2';
2019-04-05 17:27:44 EXEC SPC_COM_DATA '2','2','1';
2019-04-05 17:27:44 EXEC SPC_DISCUSS_LST2 '14','1','','2';
2019-04-05 17:27:47 EXEC SPC_COM_DATA '4','1','1';
2019-04-05 17:27:47 EXEC SPC_DISCUSS_LST1 '14','4';
2019-04-05 17:27:48 EXEC SPC_COM_DATA '4','1','1';
2019-04-05 17:27:48 EXEC SPC_DISCUSS_LST2 '14','1','<row tag_id="14" />','4';
2019-04-05 17:27:50 EXEC SPC_COM_DATA '2','2','1';
2019-04-05 17:27:50 EXEC SPC_DISCUSS_ACT2 '14','2','::1';
2019-04-05 17:27:53 EXEC SPC_COM_DATA '4','1','1';
2019-04-05 17:27:53 EXEC SPC_DISCUSS_ACT2 '14','4','::1';
2019-04-05 17:27:54 EXEC SPC_COM_DATA '4','1','1';
2019-04-05 17:27:54 EXEC SPC_COM_ADD_COMMENT '1','8','14','hay','','4','::1','1';
2019-04-05 17:28:24 EXEC SPC_COM_DATA '2','2','1';
2019-04-05 17:28:24 EXEC SPC_COM_ADD_COMMENT '1','8','14','ko hay ms cùi','1','2','::1','1';
2019-04-05 17:37:03 EXEC SPC_COM_DATA '14','1','1';
2019-04-05 17:37:03 EXEC SPC_VOCABULARY_LST1 '2','14','1','1';
2019-04-05 17:37:04 EXEC SPC_COM_DATA '14','1','1';
2019-04-05 17:37:04 EXEC SPC_VOCABULARY_LST2 '1','1','14';
2019-04-05 17:37:06 EXEC SPC_COM_DATA '14','1','1';
2019-04-05 17:37:06 EXEC SPC_VOCABULARY_LST1 '','14','1','1';
2019-04-05 17:37:07 EXEC SPC_COM_DATA '14','1','1';
2019-04-05 17:37:07 EXEC SPC_VOCABULARY_LST2 '1','1','14';
2019-04-05 17:37:16 EXEC SPC_COM_DATA '14','1','1';
2019-04-05 17:37:16 EXEC SPC_VOCABULARY_LST1 '2','14','1','1';
2019-04-05 17:37:17 EXEC SPC_COM_DATA '14','1','1';
2019-04-05 17:37:17 EXEC SPC_VOCABULARY_LST2 '1','1','14';
2019-04-05 17:37:19 EXEC SPC_COM_DATA '14','1','1';
2019-04-05 17:37:19 EXEC SPC_VOCABULARY_LST1 '2','14','1','1';
2019-04-05 17:37:20 EXEC SPC_COM_DATA '14','1','1';
2019-04-05 17:37:20 EXEC SPC_VOCABULARY_LST2 '1','1','14';
2019-04-05 17:37:23 EXEC SPC_COM_DATA '14','1','1';
2019-04-05 17:37:23 EXEC SPC_VOCABULARY_LST1 '2','14','1','1';
2019-04-05 17:37:23 EXEC SPC_COM_DATA '14','1','1';
2019-04-05 17:37:23 EXEC SPC_VOCABULARY_LST2 '1','1','14';
2019-04-05 17:38:05 EXEC SPC_COM_DATA '14','1','1';
2019-04-05 17:38:05 EXEC SPC_VOCABULARY_LST1 '2','14','1','1';
2019-04-05 17:38:05 EXEC SPC_COM_DATA '14','1','1';
2019-04-05 17:38:06 EXEC SPC_VOCABULARY_LST2 '1','1','14';
2019-04-05 17:38:27 EXEC SPC_COM_DATA '14','1','1';
2019-04-05 17:38:27 EXEC SPC_VOCABULARY_LST1 '2','14','1','1';
2019-04-05 17:38:28 EXEC SPC_COM_DATA '14','1','1';
2019-04-05 17:38:28 EXEC SPC_VOCABULARY_LST2 '1','1','14';
2019-04-05 17:39:05 EXEC SPC_COM_DATA '14','1','1';
2019-04-05 17:39:05 EXEC SPC_VOCABULARY_LST1 '2','14','1','1';
2019-04-05 17:39:06 EXEC SPC_COM_DATA '14','1','1';
2019-04-05 17:39:06 EXEC SPC_VOCABULARY_LST2 '1','1','14';
2019-04-05 17:40:33 EXEC SPC_COM_DATA '14','1','1';
2019-04-05 17:40:33 EXEC SPC_VOCABULARY_LST1 '2','14','1','1';
2019-04-05 17:40:34 EXEC SPC_COM_DATA '14','1','1';
2019-04-05 17:40:34 EXEC SPC_VOCABULARY_LST2 '1','1','14';
2019-04-05 17:42:21 EXEC SPC_COM_DATA '14','1','1';
2019-04-05 17:42:21 EXEC SPC_VOCABULARY_LST1 '2','14','1','1';
2019-04-05 17:42:22 EXEC SPC_COM_DATA '14','1','1';
2019-04-05 17:42:22 EXEC SPC_VOCABULARY_LST2 '1','1','14';
2019-04-05 17:42:37 EXEC SPC_COM_DATA '14','1','1';
2019-04-05 17:42:37 EXEC SPC_VOCABULARY_LST1 '2','14','1','1';
2019-04-05 17:42:37 EXEC SPC_COM_DATA '14','1','1';
2019-04-05 17:42:37 EXEC SPC_VOCABULARY_LST2 '1','1','14';
2019-04-05 17:43:12 EXEC SPC_COM_DATA '14','1','1';
2019-04-05 17:43:12 EXEC SPC_VOCABULARY_LST1 '2','14','1','1';
2019-04-05 17:43:13 EXEC SPC_COM_DATA '14','1','1';
2019-04-05 17:43:13 EXEC SPC_VOCABULARY_LST2 '1','1','14';
2019-04-05 17:43:33 EXEC SPC_COM_DATA '14','1','1';
2019-04-05 17:43:33 EXEC SPC_VOCABULARY_LST1 '2','14','1','1';
2019-04-05 17:43:34 EXEC SPC_COM_DATA '14','1','1';
2019-04-05 17:43:34 EXEC SPC_VOCABULARY_LST2 '1','1','14';
2019-04-05 17:47:19 EXEC SPC_COM_DATA '14','1','1';
2019-04-05 17:47:19 EXEC SPC_VOCABULARY_LST1 '2','14','1','1';
2019-04-05 17:47:19 EXEC SPC_COM_DATA '14','1','1';
2019-04-05 17:47:19 EXEC SPC_VOCABULARY_LST2 '1','1','14';
2019-04-05 17:47:23 EXEC SPC_COM_DATA '14','1','1';
2019-04-05 17:47:23 EXEC SPC_VOCABULARY_LST1 '2','14','1','1';
2019-04-05 17:47:24 EXEC SPC_COM_DATA '14','1','1';
2019-04-05 17:47:24 EXEC SPC_VOCABULARY_LST2 '1','1','14';
2019-04-05 17:47:25 EXEC SPC_COM_DATA '14','1','1';
2019-04-05 17:47:25 EXEC SPC_VOCABULARY_LST1 '','14','1','1';
2019-04-05 17:47:26 EXEC SPC_COM_DATA '14','1','1';
2019-04-05 17:47:26 EXEC SPC_VOCABULARY_LST2 '1','1','14';
2019-04-05 17:47:27 EXEC SPC_COM_DATA '14','1','1';
2019-04-05 17:47:27 EXEC SPC_VOCABULARY_LST1 '','14','1','1';
2019-04-05 17:47:28 EXEC SPC_COM_DATA '14','1','1';
2019-04-05 17:47:28 EXEC SPC_VOCABULARY_LST2 '1','1','14';
2019-04-05 17:49:10 EXEC SPC_COM_DATA '14','1','1';
2019-04-05 17:49:10 EXEC SPC_VOCABULARY_LST1 '2','14','1','1';
2019-04-05 17:49:10 EXEC SPC_COM_DATA '14','1','1';
2019-04-05 17:49:10 EXEC SPC_VOCABULARY_LST2 '1','1','14';
2019-04-05 17:49:13 EXEC SPC_COM_DATA '14','1','1';
2019-04-05 17:49:13 EXEC SPC_VOCABULARY_LST1 '2','14','1','1';
2019-04-05 17:49:14 EXEC SPC_COM_DATA '14','1','1';
2019-04-05 17:49:14 EXEC SPC_VOCABULARY_LST2 '1','1','14';
2019-04-05 17:49:51 EXEC SPC_COM_DATA '14','1','1';
2019-04-05 17:49:51 EXEC SPC_VOCABULARY_LST1 '2','14','1','1';
2019-04-05 17:49:52 EXEC SPC_COM_DATA '14','1','1';
2019-04-05 17:49:52 EXEC SPC_VOCABULARY_LST2 '1','1','14';
2019-04-05 17:49:54 EXEC SPC_COM_DATA '14','1','1';
2019-04-05 17:49:54 EXEC SPC_VOCABULARY_LST1 '2','14','1','1';
2019-04-05 17:49:55 EXEC SPC_COM_DATA '14','1','1';
2019-04-05 17:49:55 EXEC SPC_VOCABULARY_LST2 '1','1','14';
2019-04-05 17:49:57 EXEC SPC_COM_DATA '14','1','1';
2019-04-05 17:49:57 EXEC SPC_VOCABULARY_LST1 '2','14','1','1';
2019-04-05 17:49:57 EXEC SPC_COM_DATA '14','1','1';
2019-04-05 17:49:57 EXEC SPC_VOCABULARY_LST2 '1','1','14';
2019-04-05 17:50:31 EXEC SPC_COM_DATA '14','1','1';
2019-04-05 17:50:31 EXEC SPC_VOCABULARY_LST1 '2','14','1','1';
2019-04-05 17:50:43 EXEC SPC_COM_DATA '14','1','1';
2019-04-05 17:50:43 EXEC SPC_VOCABULARY_LST1 '2','14','1','1';
2019-04-05 17:50:44 EXEC SPC_COM_DATA '14','1','1';
2019-04-05 17:50:44 EXEC SPC_VOCABULARY_LST2 '1','1','14';
2019-04-05 17:50:46 EXEC SPC_COM_DATA '14','1','1';
2019-04-05 17:50:46 EXEC SPC_VOCABULARY_LST1 '2','14','1','1';
2019-04-05 17:50:46 EXEC SPC_COM_DATA '14','1','1';
2019-04-05 17:50:46 EXEC SPC_VOCABULARY_LST2 '1','1','14';
2019-04-05 17:51:06 EXEC SPC_COM_DATA '14','1','1';
2019-04-05 17:51:06 EXEC SPC_VOCABULARY_LST1 '2','14','1','1';
2019-04-05 17:51:07 EXEC SPC_COM_DATA '14','1','1';
2019-04-05 17:51:07 EXEC SPC_VOCABULARY_LST2 '1','1','14';
2019-04-05 17:51:08 EXEC SPC_COM_DATA '14','1','1';
2019-04-05 17:51:08 EXEC SPC_VOCABULARY_LST1 '2','14','1','1';
2019-04-05 17:51:09 EXEC SPC_COM_DATA '14','1','1';
2019-04-05 17:51:09 EXEC SPC_VOCABULARY_LST2 '1','1','14';
2019-04-05 17:51:25 EXEC SPC_COM_DATA '14','1','1';
2019-04-05 17:51:25 EXEC SPC_READING_LST1 '','14','1','1';
2019-04-05 17:51:26 EXEC SPC_COM_DATA '14','1','1';
2019-04-05 17:51:26 EXEC SPC_READING_LST2 '3','5','14';
2019-04-05 17:51:30 EXEC SPC_COM_DATA '14','1','1';
2019-04-05 17:51:30 EXEC SPC_DISCUSS_LST1 '','14';
2019-04-05 17:51:30 EXEC SPC_COM_DATA '14','1','1';
2019-04-05 17:51:30 EXEC SPC_DISCUSS_LST2 '','1','','14';
2019-04-05 17:51:36 EXEC SPC_COM_DATA '14','1','1';
2019-04-05 17:51:36 EXEC SPC_DISCUSS_ACT2 '14','14','::1';
2019-04-05 17:51:43 EXEC SPC_COM_DATA '14','1','1';
2019-04-05 17:51:43 EXEC SPC_VOCABULARY_LST1 '','14','3','5';
2019-04-05 17:51:44 EXEC SPC_COM_DATA '14','1','1';
2019-04-05 17:51:44 EXEC SPC_VOCABULARY_LST2 '1','1','14';
2019-04-05 17:52:10 EXEC SPC_COM_DATA '14','1','1';
2019-04-05 17:52:10 EXEC SPC_VOCABULARY_LST1 '2','14','1','1';
2019-04-05 17:52:11 EXEC SPC_COM_DATA '14','1','1';
2019-04-05 17:52:11 EXEC SPC_VOCABULARY_LST2 '1','1','14';
2019-04-05 17:54:06 EXEC SPC_COM_DATA '14','1','1';
2019-04-05 17:54:06 EXEC SPC_VOCABULARY_LST1 '2','14','1','1';
2019-04-05 17:54:07 EXEC SPC_COM_DATA '14','1','1';
2019-04-05 17:54:07 EXEC SPC_VOCABULARY_LST2 '1','1','14';
2019-04-05 17:54:29 EXEC SPC_COM_DATA '14','1','1';
2019-04-05 17:54:29 EXEC SPC_VOCABULARY_LST1 '2','14','1','1';
2019-04-05 17:54:30 EXEC SPC_COM_DATA '14','1','1';
2019-04-05 17:54:30 EXEC SPC_VOCABULARY_LST2 '1','1','14';
2019-04-05 17:58:18 EXEC SPC_COM_DATA '14','1','1';
2019-04-05 17:58:18 EXEC SPC_VOCABULARY_LST1 '2','14','1','1';
2019-04-05 17:58:19 EXEC SPC_COM_DATA '14','1','1';
2019-04-05 17:58:19 EXEC SPC_VOCABULARY_LST2 '1','1','14';
2019-04-05 18:00:52 EXEC SPC_COM_DATA '14','1','1';
2019-04-05 18:00:52 EXEC SPC_VOCABULARY_LST1 '2','14','1','1';
2019-04-05 18:00:53 EXEC SPC_COM_DATA '14','1','1';
2019-04-05 18:00:53 EXEC SPC_VOCABULARY_LST2 '1','1','14';
2019-04-05 18:06:31 EXEC SPC_COM_DATA '14','1','1';
2019-04-05 18:06:31 EXEC SPC_VOCABULARY_LST1 '2','14','1','1';
2019-04-05 18:06:32 EXEC SPC_COM_DATA '14','1','1';
2019-04-05 18:06:32 EXEC SPC_VOCABULARY_LST2 '1','1','14';
2019-04-05 18:08:02 EXEC SPC_COM_DATA '14','1','1';
2019-04-05 18:08:02 EXEC SPC_VOCABULARY_LST1 '2','14','1','1';
2019-04-05 18:08:03 EXEC SPC_COM_DATA '14','1','1';
2019-04-05 18:08:03 EXEC SPC_VOCABULARY_LST2 '1','1','14';
2019-04-05 18:08:55 EXEC SPC_COM_DATA '14','1','1';
2019-04-05 18:08:55 EXEC SPC_VOCABULARY_LST1 '2','14','1','1';
2019-04-05 18:08:56 EXEC SPC_COM_DATA '14','1','1';
2019-04-05 18:08:56 EXEC SPC_VOCABULARY_LST2 '1','1','14';
2019-04-05 18:10:08 EXEC SPC_COM_DATA '14','1','1';
2019-04-05 18:10:08 EXEC SPC_VOCABULARY_LST1 '2','14','1','1';
2019-04-05 18:10:08 EXEC SPC_COM_DATA '14','1','1';
2019-04-05 18:10:08 EXEC SPC_VOCABULARY_LST2 '1','1','14';
2019-04-05 18:16:28 EXEC SPC_COM_DATA '14','1','1';
2019-04-05 18:16:28 EXEC SPC_VOCABULARY_LST1 '2','14','1','1';
2019-04-05 18:16:29 EXEC SPC_COM_DATA '14','1','1';
2019-04-05 18:16:29 EXEC SPC_VOCABULARY_LST2 '1','1','14';
2019-04-05 18:16:53 EXEC SPC_COM_DATA '14','1','1';
2019-04-05 18:16:53 EXEC SPC_VOCABULARY_LST1 '2','14','1','1';
2019-04-05 18:16:54 EXEC SPC_COM_DATA '14','1','1';
2019-04-05 18:16:54 EXEC SPC_VOCABULARY_LST2 '1','1','14';
2019-04-05 18:16:56 EXEC SPC_COM_DATA '14','1','1';
2019-04-05 18:16:56 EXEC SPC_VOCABULARY_LST1 '2','14','1','1';
2019-04-05 18:16:57 EXEC SPC_COM_DATA '14','1','1';
2019-04-05 18:16:57 EXEC SPC_VOCABULARY_LST2 '1','1','14';
2019-04-05 18:17:14 EXEC SPC_COM_DATA '14','1','1';
2019-04-05 18:17:14 EXEC SPC_VOCABULARY_LST1 '2','14','1','1';
2019-04-05 18:17:15 EXEC SPC_COM_DATA '14','1','1';
2019-04-05 18:17:15 EXEC SPC_VOCABULARY_LST2 '1','1','14';
2019-04-05 18:17:18 EXEC SPC_COM_DATA '14','1','1';
2019-04-05 18:17:18 EXEC SPC_VOCABULARY_LST1 '2','14','1','1';
2019-04-05 18:17:19 EXEC SPC_COM_DATA '14','1','1';
2019-04-05 18:17:19 EXEC SPC_VOCABULARY_LST2 '1','1','14';
2019-04-05 18:17:29 EXEC SPC_COM_DATA '14','1','1';
2019-04-05 18:17:29 EXEC SPC_VOCABULARY_LST1 '2','14','1','1';
2019-04-05 18:17:29 EXEC SPC_COM_DATA '14','1','1';
2019-04-05 18:17:29 EXEC SPC_VOCABULARY_LST2 '1','1','14';
