2019-04-12 09:02:19 EXEC SPC_COM_DATA '','','';
2019-04-12 09:05:59 EXEC SPC_COM_DATA '','','';
2019-04-12 09:06:02 EXEC SPC_COM_DATA '','','';
2019-04-12 09:06:03 EXEC SPC_COM_DATA '','','';
2019-04-12 09:06:05 EXEC SPC_COMMON_ACCOUNT '18','1';
2019-04-12 09:06:05 EXEC SPC_COM_DATA '14','1','1';
2019-04-12 09:06:05 EXEC SPC_COM_MENU '1';
2019-04-12 09:07:02 EXEC SPC_COM_DATA '14','1','1';
2019-04-12 09:07:02 EXEC SPC_COM_MENU '1';
2019-04-12 09:08:25 EXEC SPC_COM_DATA '','','';
2019-04-12 09:08:30 EXEC SPC_COM_DATA '','','';
2019-04-12 09:08:41 EXEC SPC_COMMON_ACCOUNT '1017','1';
2019-04-12 09:08:41 EXEC SPC_COM_DATA '2','2','1';
2019-04-12 09:08:41 EXEC SPC_COM_MENU '2';
2019-04-12 09:08:51 EXEC SPC_COMMON_ACCOUNT '1','1';
2019-04-12 09:08:52 EXEC SPC_COM_DATA '4','1','1';
2019-04-12 09:08:52 EXEC SPC_COM_MENU '1';
2019-04-12 09:13:37 EXEC SPC_COM_DATA '14','1','1';
2019-04-12 09:13:37 EXEC SPC_COM_MENU '1';
2019-04-12 09:13:46 EXEC SPC_COM_DATA '14','1','1';
2019-04-12 09:13:46 EXEC SPC_WRITING_LST1 '','14','','';
2019-04-12 09:13:47 EXEC SPC_COM_DATA '14','1','1';
2019-04-12 09:13:47 EXEC SPC_COMMON_GET_SUGGEST
2019-04-12 09:13:47 EXEC SPC_COM_DATA '14','1','1';
2019-04-12 09:13:47 EXEC SPC_WRITING_LST2 '7','9','14';
2019-04-12 09:13:56 EXEC SPC_COM_DATA '2','2','1';
2019-04-12 09:13:56 EXEC SPC_WRITING_LST1 '','2','','';
2019-04-12 09:13:56 EXEC SPC_COM_DATA '2','2','1';
2019-04-12 09:13:56 EXEC SPC_COMMON_GET_SUGGEST
2019-04-12 09:13:57 EXEC SPC_COM_DATA '2','2','1';
2019-04-12 09:13:57 EXEC SPC_WRITING_LST2 '7','9','2';
2019-04-12 09:14:02 EXEC SPC_COM_DATA '4','1','1';
2019-04-12 09:14:02 EXEC SPC_WRITING_LST1 '','4','','';
2019-04-12 09:14:03 EXEC SPC_COM_DATA '4','1','1';
2019-04-12 09:14:03 EXEC SPC_COMMON_GET_SUGGEST
2019-04-12 09:14:03 EXEC SPC_COM_DATA '4','1','1';
2019-04-12 09:14:03 EXEC SPC_WRITING_LST2 '7','9','4';
2019-04-12 09:14:10 EXEC SPC_COM_DATA '2','2','1';
2019-04-12 09:14:10 EXEC SPC_COM_TOGGLE_EFFECT '1','1','3','3','1','2','::1';
2019-04-12 09:14:10 EXEC SPC_COM_ADD_NOTIFY '4','1','','2','2','::1';
2019-04-12 09:14:13 EXEC SPC_COM_DATA '4','1','1';
2019-04-12 09:14:13 EXEC SPC_COM_TOGGLE_EFFECT '1','1','3','3','1','4','::1';
2019-04-12 09:14:13 EXEC SPC_COM_ADD_NOTIFY '4','1','','2','4','::1';
2019-04-12 09:14:34 EXEC SPC_COM_DATA '14','1','1';
2019-04-12 09:14:34 EXEC SPC_WRITING_LST1 '8','14','7','9';
2019-04-12 09:14:34 EXEC SPC_COM_DATA '14','1','1';
2019-04-12 09:14:34 EXEC SPC_COMMON_GET_SUGGEST
2019-04-12 09:14:34 EXEC SPC_COM_DATA '14','1','1';
2019-04-12 09:14:34 EXEC SPC_WRITING_LST2 '7','9','14';
2019-04-12 09:14:37 EXEC SPC_COM_DATA '2','2','1';
2019-04-12 09:14:37 EXEC SPC_WRITING_LST1 '8','2','7','9';
2019-04-12 09:14:37 EXEC SPC_COM_DATA '2','2','1';
2019-04-12 09:14:37 EXEC SPC_COMMON_GET_SUGGEST
2019-04-12 09:14:37 EXEC SPC_COM_DATA '2','2','1';
2019-04-12 09:14:37 EXEC SPC_WRITING_LST2 '7','9','2';
2019-04-12 09:14:40 EXEC SPC_COM_DATA '4','1','1';
2019-04-12 09:14:40 EXEC SPC_WRITING_LST1 '8','4','7','9';
2019-04-12 09:14:41 EXEC SPC_COM_DATA '4','1','1';
2019-04-12 09:14:41 EXEC SPC_COMMON_GET_SUGGEST
2019-04-12 09:14:41 EXEC SPC_COM_DATA '4','1','1';
2019-04-12 09:14:41 EXEC SPC_WRITING_LST2 '7','9','4';
2019-04-12 09:14:43 EXEC SPC_COM_DATA '14','1','1';
2019-04-12 09:14:43 EXEC SPC_COM_TOGGLE_EFFECT '1','1','3','3','0','14','::1';
2019-04-12 09:14:43 EXEC SPC_COM_ADD_NOTIFY '4','1','','2','14','::1';
2019-04-12 09:14:55 EXEC SPC_COM_DATA '2','2','1';
2019-04-12 09:14:55 EXEC SPC_COM_TOGGLE_EFFECT '1','1','3','3','0','2','::1';
2019-04-12 09:14:56 EXEC SPC_COM_ADD_NOTIFY '4','1','','2','2','::1';
2019-04-12 09:15:06 EXEC SPC_COM_DATA '4','1','1';
2019-04-12 09:15:06 EXEC SPC_COM_TOGGLE_EFFECT '1','1','3','3','0','4','::1';
2019-04-12 09:15:06 EXEC SPC_COM_ADD_NOTIFY '4','1','','2','4','::1';
2019-04-12 09:15:13 EXEC SPC_COM_DATA '4','1','1';
2019-04-12 09:15:13 EXEC SPC_COM_TOGGLE_EFFECT '1','1','3','3','1','4','::1';
2019-04-12 09:15:13 EXEC SPC_COM_ADD_NOTIFY '4','1','','2','4','::1';
2019-04-12 09:15:19 EXEC SPC_COM_DATA '2','2','1';
2019-04-12 09:15:19 EXEC SPC_COM_TOGGLE_EFFECT '1','1','3','3','1','2','::1';
2019-04-12 09:15:19 EXEC SPC_COM_ADD_NOTIFY '4','1','','2','2','::1';
2019-04-12 09:15:22 EXEC SPC_COM_DATA '2','2','1';
2019-04-12 09:15:22 EXEC SPC_WRITING_LST1 '8','2','7','9';
2019-04-12 09:15:23 EXEC SPC_COM_DATA '2','2','1';
2019-04-12 09:15:23 EXEC SPC_COMMON_GET_SUGGEST
2019-04-12 09:15:23 EXEC SPC_COM_DATA '2','2','1';
2019-04-12 09:15:23 EXEC SPC_WRITING_LST2 '7','9','2';
2019-04-12 09:15:26 EXEC SPC_COM_DATA '4','1','1';
2019-04-12 09:15:26 EXEC SPC_WRITING_LST1 '8','4','7','9';
2019-04-12 09:15:27 EXEC SPC_COM_DATA '4','1','1';
2019-04-12 09:15:27 EXEC SPC_COMMON_GET_SUGGEST
2019-04-12 09:15:27 EXEC SPC_COM_DATA '4','1','1';
2019-04-12 09:15:27 EXEC SPC_WRITING_LST2 '7','9','4';
2019-04-12 09:15:33 EXEC SPC_COM_DATA '14','1','1';
2019-04-12 09:15:33 EXEC SPC_COM_TOGGLE_EFFECT '1','1','3','3','1','14','::1';
2019-04-12 09:15:33 EXEC SPC_COM_ADD_NOTIFY '4','1','','2','14','::1';
2019-04-12 09:15:49 EXEC SPC_COM_DATA '14','1','1';
2019-04-12 09:15:49 EXEC SPC_COM_TOGGLE_EFFECT '1','1','3','3','0','14','::1';
2019-04-12 09:15:49 EXEC SPC_COM_ADD_NOTIFY '4','1','','2','14','::1';
2019-04-12 09:15:53 EXEC SPC_COM_DATA '14','1','1';
2019-04-12 09:15:53 EXEC SPC_COM_TOGGLE_EFFECT '1','1','3','3','1','14','::1';
2019-04-12 09:15:53 EXEC SPC_COM_ADD_NOTIFY '4','1','','2','14','::1';
2019-04-12 09:15:55 EXEC SPC_COM_DATA '14','1','1';
2019-04-12 09:15:55 EXEC SPC_COM_TOGGLE_EFFECT '1','1','3','3','0','14','::1';
2019-04-12 09:15:55 EXEC SPC_COM_ADD_NOTIFY '4','1','','2','14','::1';
2019-04-12 09:15:57 EXEC SPC_COM_DATA '14','1','1';
2019-04-12 09:15:57 EXEC SPC_COM_TOGGLE_EFFECT '1','1','3','3','1','14','::1';
2019-04-12 09:15:57 EXEC SPC_COM_ADD_NOTIFY '4','1','','2','14','::1';
2019-04-12 09:16:10 EXEC SPC_COM_DATA '14','1','1';
2019-04-12 09:16:10 EXEC SPC_COM_TOGGLE_EFFECT '1','1','3','3','0','14','::1';
2019-04-12 09:16:10 EXEC SPC_COM_ADD_NOTIFY '4','1','','2','14','::1';
2019-04-12 09:17:42 EXEC SPC_COM_DATA '14','1','1';
2019-04-12 09:17:42 EXEC SPC_COM_TOGGLE_EFFECT '1','1','3','3','1','14','::1';
2019-04-12 09:17:42 EXEC SPC_COM_ADD_NOTIFY '4','1','','2','14','::1';
2019-04-12 09:17:55 EXEC SPC_COM_DATA '14','1','1';
2019-04-12 09:17:55 EXEC SPC_COM_TOGGLE_EFFECT '1','1','3','3','0','14','::1';
2019-04-12 09:17:55 EXEC SPC_COM_ADD_NOTIFY '4','1','','2','14','::1';
2019-04-12 09:18:32 EXEC SPC_COM_DATA '14','1','1';
2019-04-12 09:18:32 EXEC SPC_COM_TOGGLE_EFFECT '1','1','3','3','1','14','::1';
2019-04-12 09:18:32 EXEC SPC_COM_ADD_NOTIFY '4','1','','2','14','::1';
2019-04-12 09:18:44 EXEC SPC_COM_DATA '14','1','1';
2019-04-12 09:18:44 EXEC SPC_COM_TOGGLE_EFFECT '1','1','3','3','0','14','::1';
2019-04-12 09:18:44 EXEC SPC_COM_ADD_NOTIFY '4','1','','2','14','::1';
2019-04-12 09:42:47 EXEC SPC_COM_DATA '14','1','1';
2019-04-12 09:42:47 EXEC SPC_WRITING_LST1 '8','14','7','9';
2019-04-12 09:42:48 EXEC SPC_COM_DATA '14','1','1';
2019-04-12 09:42:48 EXEC SPC_COMMON_GET_SUGGEST
2019-04-12 09:42:48 EXEC SPC_COM_DATA '14','1','1';
2019-04-12 09:42:48 EXEC SPC_WRITING_LST2 '7','9','14';
2019-04-12 09:42:50 EXEC SPC_COM_DATA '14','1','1';
2019-04-12 09:42:50 EXEC SPC_COM_TOGGLE_EFFECT '1','1','3','3','1','14','::1';
2019-04-12 09:42:50 EXEC SPC_COM_ADD_NOTIFY '4','1','','2','14','::1';
2019-04-12 09:42:57 EXEC SPC_COM_DATA '14','1','1';
2019-04-12 09:42:57 EXEC SPC_COM_TOGGLE_EFFECT '1','1','3','3','0','14','::1';
2019-04-12 09:42:57 EXEC SPC_COM_ADD_NOTIFY '4','1','','2','14','::1';
2019-04-12 09:43:20 EXEC SPC_COM_DATA '14','1','1';
2019-04-12 09:43:20 EXEC SPC_COM_TOGGLE_EFFECT '1','1','3','3','1','14','::1';
2019-04-12 09:43:20 EXEC SPC_COM_ADD_NOTIFY '4','1','','2','14','::1';
2019-04-12 09:43:21 EXEC SPC_COM_DATA '14','1','1';
2019-04-12 09:43:21 EXEC SPC_COM_TOGGLE_EFFECT '1','1','3','3','0','14','::1';
2019-04-12 09:43:21 EXEC SPC_COM_ADD_NOTIFY '4','1','','2','14','::1';
2019-04-12 09:43:43 EXEC SPC_COM_DATA '14','1','1';
2019-04-12 09:43:43 EXEC SPC_COM_TOGGLE_EFFECT '1','1','3','3','1','14','::1';
2019-04-12 09:43:43 EXEC SPC_COM_ADD_NOTIFY '4','1','','2','14','::1';
2019-04-12 09:43:44 EXEC SPC_COM_DATA '14','1','1';
2019-04-12 09:43:44 EXEC SPC_COM_TOGGLE_EFFECT '1','1','3','3','0','14','::1';
2019-04-12 09:43:44 EXEC SPC_COM_ADD_NOTIFY '4','1','','2','14','::1';
2019-04-12 09:44:44 EXEC SPC_COM_DATA '14','1','1';
2019-04-12 09:44:44 EXEC SPC_WRITING_LST1 '8','14','7','9';
2019-04-12 09:44:45 EXEC SPC_COM_DATA '14','1','1';
2019-04-12 09:44:45 EXEC SPC_COMMON_GET_SUGGEST
2019-04-12 09:44:45 EXEC SPC_COM_DATA '14','1','1';
2019-04-12 09:44:45 EXEC SPC_WRITING_LST2 '7','9','14';
2019-04-12 09:44:49 EXEC SPC_COM_DATA '4','1','1';
2019-04-12 09:44:49 EXEC SPC_WRITING_LST1 '8','4','7','9';
2019-04-12 09:44:50 EXEC SPC_COM_DATA '4','1','1';
2019-04-12 09:44:50 EXEC SPC_COMMON_GET_SUGGEST
2019-04-12 09:44:50 EXEC SPC_COM_DATA '4','1','1';
2019-04-12 09:44:50 EXEC SPC_WRITING_LST2 '7','9','4';
2019-04-12 09:44:57 EXEC SPC_COM_DATA '2','2','1';
2019-04-12 09:44:57 EXEC SPC_WRITING_LST1 '8','2','7','9';
2019-04-12 09:44:58 EXEC SPC_COM_DATA '2','2','1';
2019-04-12 09:44:58 EXEC SPC_COMMON_GET_SUGGEST
2019-04-12 09:44:58 EXEC SPC_COM_DATA '2','2','1';
2019-04-12 09:44:58 EXEC SPC_WRITING_LST2 '7','9','2';
2019-04-12 09:45:02 EXEC SPC_COM_DATA '14','1','1';
2019-04-12 09:45:02 EXEC SPC_COM_TOGGLE_EFFECT '1','1','3','3','1','14','::1';
2019-04-12 09:45:02 EXEC SPC_COM_ADD_NOTIFY '4','1','','2','14','::1';
2019-04-12 09:45:05 EXEC SPC_COM_DATA '14','1','1';
2019-04-12 09:45:05 EXEC SPC_COM_TOGGLE_EFFECT '1','1','3','3','0','14','::1';
2019-04-12 09:45:05 EXEC SPC_COM_ADD_NOTIFY '4','1','','2','14','::1';
2019-04-12 09:45:16 EXEC SPC_COM_DATA '2','2','1';
2019-04-12 09:45:16 EXEC SPC_COM_TOGGLE_EFFECT '1','1','3','3','0','2','::1';
2019-04-12 09:45:16 EXEC SPC_COM_ADD_NOTIFY '4','1','','2','2','::1';
2019-04-12 09:45:58 EXEC SPC_COM_DATA '14','1','1';
2019-04-12 09:45:58 EXEC SPC_WRITING_LST1 '8','14','7','9';
2019-04-12 09:45:59 EXEC SPC_COM_DATA '14','1','1';
2019-04-12 09:45:59 EXEC SPC_COMMON_GET_SUGGEST
2019-04-12 09:45:59 EXEC SPC_COM_DATA '14','1','1';
2019-04-12 09:45:59 EXEC SPC_WRITING_LST2 '7','9','14';
2019-04-12 09:46:03 EXEC SPC_COM_DATA '2','2','1';
2019-04-12 09:46:03 EXEC SPC_COM_TOGGLE_EFFECT '1','1','3','3','1','2','::1';
2019-04-12 09:46:03 EXEC SPC_COM_ADD_NOTIFY '4','1','','2','2','::1';
2019-04-12 09:46:05 EXEC SPC_COM_DATA '2','2','1';
2019-04-12 09:46:05 EXEC SPC_COM_TOGGLE_EFFECT '1','1','3','3','0','2','::1';
2019-04-12 09:46:05 EXEC SPC_COM_ADD_NOTIFY '4','1','','2','2','::1';
2019-04-12 09:46:17 EXEC SPC_COM_DATA '4','1','1';
2019-04-12 09:46:17 EXEC SPC_COM_TOGGLE_EFFECT '1','1','3','3','0','4','::1';
2019-04-12 09:46:17 EXEC SPC_COM_ADD_NOTIFY '4','1','','2','4','::1';
2019-04-12 09:46:24 EXEC SPC_COM_DATA '2','2','1';
2019-04-12 09:46:24 EXEC SPC_WRITING_LST1 '8','2','7','9';
2019-04-12 09:46:25 EXEC SPC_COM_DATA '2','2','1';
2019-04-12 09:46:25 EXEC SPC_COMMON_GET_SUGGEST
2019-04-12 09:46:25 EXEC SPC_COM_DATA '2','2','1';
2019-04-12 09:46:25 EXEC SPC_WRITING_LST2 '7','9','2';
2019-04-12 09:46:27 EXEC SPC_COM_DATA '4','1','1';
2019-04-12 09:46:27 EXEC SPC_COM_TOGGLE_EFFECT '1','1','3','3','1','4','::1';
2019-04-12 09:46:27 EXEC SPC_COM_ADD_NOTIFY '4','1','','2','4','::1';
2019-04-12 09:46:29 EXEC SPC_COM_DATA '4','1','1';
2019-04-12 09:46:29 EXEC SPC_COM_TOGGLE_EFFECT '1','1','3','3','0','4','::1';
2019-04-12 09:46:29 EXEC SPC_COM_ADD_NOTIFY '4','1','','2','4','::1';
2019-04-12 09:46:31 EXEC SPC_COM_DATA '4','1','1';
2019-04-12 09:46:31 EXEC SPC_COM_TOGGLE_EFFECT '1','1','3','3','1','4','::1';
2019-04-12 09:46:31 EXEC SPC_COM_ADD_NOTIFY '4','1','','2','4','::1';
2019-04-12 09:46:32 EXEC SPC_COM_DATA '4','1','1';
2019-04-12 09:46:32 EXEC SPC_COM_TOGGLE_EFFECT '1','1','3','3','0','4','::1';
2019-04-12 09:46:32 EXEC SPC_COM_ADD_NOTIFY '4','1','','2','4','::1';
2019-04-12 09:46:37 EXEC SPC_COM_DATA '4','1','1';
2019-04-12 09:46:37 EXEC SPC_COM_TOGGLE_EFFECT '1','1','3','3','1','4','::1';
2019-04-12 09:46:37 EXEC SPC_COM_ADD_NOTIFY '4','1','','2','4','::1';
2019-04-12 09:46:39 EXEC SPC_COM_DATA '4','1','1';
2019-04-12 09:46:39 EXEC SPC_COM_TOGGLE_EFFECT '1','1','3','3','0','4','::1';
2019-04-12 09:46:39 EXEC SPC_COM_ADD_NOTIFY '4','1','','2','4','::1';
2019-04-12 09:46:42 EXEC SPC_COM_DATA '4','1','1';
2019-04-12 09:46:42 EXEC SPC_COM_TOGGLE_EFFECT '1','1','3','3','1','4','::1';
2019-04-12 09:46:42 EXEC SPC_COM_ADD_NOTIFY '4','1','','2','4','::1';
2019-04-12 09:46:45 EXEC SPC_COM_DATA '4','1','1';
2019-04-12 09:46:46 EXEC SPC_COM_TOGGLE_EFFECT '1','1','3','3','0','4','::1';
2019-04-12 09:46:46 EXEC SPC_COM_ADD_NOTIFY '4','1','','2','4','::1';
2019-04-12 09:46:47 EXEC SPC_COM_DATA '4','1','1';
2019-04-12 09:46:47 EXEC SPC_COM_TOGGLE_EFFECT '1','1','3','3','1','4','::1';
2019-04-12 09:46:47 EXEC SPC_COM_ADD_NOTIFY '4','1','','2','4','::1';
2019-04-12 09:46:49 EXEC SPC_COM_DATA '4','1','1';
2019-04-12 09:46:49 EXEC SPC_COM_TOGGLE_EFFECT '1','1','3','3','0','4','::1';
2019-04-12 09:46:49 EXEC SPC_COM_ADD_NOTIFY '4','1','','2','4','::1';
2019-04-12 09:46:54 EXEC SPC_COM_DATA '4','1','1';
2019-04-12 09:46:54 EXEC SPC_COM_TOGGLE_EFFECT '1','1','3','3','1','4','::1';
2019-04-12 09:46:54 EXEC SPC_COM_ADD_NOTIFY '4','1','','2','4','::1';
2019-04-12 09:46:55 EXEC SPC_COM_DATA '4','1','1';
2019-04-12 09:46:55 EXEC SPC_COM_TOGGLE_EFFECT '1','1','3','3','0','4','::1';
2019-04-12 09:46:55 EXEC SPC_COM_ADD_NOTIFY '4','1','','2','4','::1';
2019-04-12 09:46:56 EXEC SPC_COM_DATA '4','1','1';
2019-04-12 09:46:56 EXEC SPC_COM_TOGGLE_EFFECT '1','1','3','3','1','4','::1';
2019-04-12 09:46:56 EXEC SPC_COM_ADD_NOTIFY '4','1','','2','4','::1';
2019-04-12 09:46:57 EXEC SPC_COM_DATA '4','1','1';
2019-04-12 09:46:57 EXEC SPC_COM_TOGGLE_EFFECT '1','1','3','3','0','4','::1';
2019-04-12 09:46:57 EXEC SPC_COM_ADD_NOTIFY '4','1','','2','4','::1';
2019-04-12 09:46:58 EXEC SPC_COM_DATA '4','1','1';
2019-04-12 09:46:58 EXEC SPC_COM_TOGGLE_EFFECT '1','1','3','3','1','4','::1';
2019-04-12 09:46:58 EXEC SPC_COM_ADD_NOTIFY '4','1','','2','4','::1';
2019-04-12 09:46:59 EXEC SPC_COM_DATA '4','1','1';
2019-04-12 09:46:59 EXEC SPC_COM_TOGGLE_EFFECT '1','1','3','3','0','4','::1';
2019-04-12 09:46:59 EXEC SPC_COM_ADD_NOTIFY '4','1','','2','4','::1';
2019-04-12 09:49:05 EXEC SPC_COM_DATA '2','2','1';
2019-04-12 09:49:05 EXEC SPC_COM_ADD_COMMENT '1','4','8','đù like nhìu voãi','1','2','::1','1';
2019-04-12 09:49:06 EXEC SPC_COM_ADD_NOTIFY '4','8','1','1','2','::1';
2019-04-12 09:49:38 EXEC SPC_COM_DATA '14','1','1';
2019-04-12 09:49:38 EXEC SPC_COM_TOGGLE_EFFECT '1','2','3','3','0','14','::1';
2019-04-12 09:49:38 EXEC SPC_COM_ADD_NOTIFY '4','2','','2','14','::1';
2019-04-12 09:50:11 EXEC SPC_COM_DATA '4','1','1';
2019-04-12 09:50:11 EXEC SPC_COM_TOGGLE_EFFECT '1','2','3','3','0','4','::1';
2019-04-12 09:50:11 EXEC SPC_COM_ADD_NOTIFY '4','2','','2','4','::1';
2019-04-12 09:56:44 EXEC SPC_COM_DATA '14','1','1';
2019-04-12 09:56:44 EXEC SPC_WRITING_LST1 '8','14','7','9';
2019-04-12 09:56:45 EXEC SPC_COM_DATA '14','1','1';
2019-04-12 09:56:45 EXEC SPC_COMMON_GET_SUGGEST
2019-04-12 09:56:46 EXEC SPC_COM_DATA '14','1','1';
2019-04-12 09:56:46 EXEC SPC_WRITING_LST2 '7','9','14';
2019-04-12 09:59:30 EXEC SPC_COM_DATA '14','1','1';
2019-04-12 09:59:31 EXEC SPC_WRITING_LST1 '8','14','7','9';
2019-04-12 09:59:32 EXEC SPC_COM_DATA '14','1','1';
2019-04-12 09:59:32 EXEC SPC_COMMON_GET_SUGGEST
2019-04-12 09:59:32 EXEC SPC_COM_DATA '14','1','1';
2019-04-12 09:59:32 EXEC SPC_WRITING_LST2 '7','9','14';
2019-04-12 09:59:41 EXEC SPC_COM_DATA '4','1','1';
2019-04-12 09:59:41 EXEC SPC_WRITING_LST1 '8','4','7','9';
2019-04-12 09:59:42 EXEC SPC_COM_DATA '4','1','1';
2019-04-12 09:59:42 EXEC SPC_COMMON_GET_SUGGEST
2019-04-12 09:59:42 EXEC SPC_COM_DATA '4','1','1';
2019-04-12 09:59:42 EXEC SPC_WRITING_LST2 '7','9','4';
2019-04-12 09:59:49 EXEC SPC_COM_DATA '2','2','1';
2019-04-12 09:59:49 EXEC SPC_WRITING_LST1 '8','2','7','9';
2019-04-12 09:59:50 EXEC SPC_COM_DATA '2','2','1';
2019-04-12 09:59:50 EXEC SPC_COMMON_GET_SUGGEST
2019-04-12 09:59:51 EXEC SPC_COM_DATA '2','2','1';
2019-04-12 09:59:51 EXEC SPC_WRITING_LST2 '7','9','2';
2019-04-12 10:00:03 EXEC SPC_COM_DATA '14','1','1';
2019-04-12 10:00:03 EXEC SPC_COM_TOGGLE_EFFECT '1','2','3','3','1','14','::1';
2019-04-12 10:00:03 EXEC SPC_COM_ADD_NOTIFY '4','2','','2','14','::1';
2019-04-12 10:00:13 EXEC SPC_COM_DATA '14','1','1';
2019-04-12 10:00:13 EXEC SPC_COM_TOGGLE_EFFECT '1','2','3','3','0','14','::1';
2019-04-12 10:00:13 EXEC SPC_COM_ADD_NOTIFY '4','2','','2','14','::1';
2019-04-12 10:00:17 EXEC SPC_COM_DATA '14','1','1';
2019-04-12 10:00:17 EXEC SPC_COM_TOGGLE_EFFECT '1','2','3','3','1','14','::1';
2019-04-12 10:00:17 EXEC SPC_COM_ADD_NOTIFY '4','2','','2','14','::1';
2019-04-12 10:00:19 EXEC SPC_COM_DATA '14','1','1';
2019-04-12 10:00:19 EXEC SPC_COM_TOGGLE_EFFECT '1','2','3','3','0','14','::1';
2019-04-12 10:00:19 EXEC SPC_COM_ADD_NOTIFY '4','2','','2','14','::1';
2019-04-12 10:00:50 EXEC SPC_COM_DATA '14','1','1';
2019-04-12 10:00:50 EXEC SPC_WRITING_LST1 '8','14','7','9';
2019-04-12 10:00:51 EXEC SPC_COM_DATA '14','1','1';
2019-04-12 10:00:51 EXEC SPC_COMMON_GET_SUGGEST
2019-04-12 10:00:52 EXEC SPC_COM_DATA '14','1','1';
2019-04-12 10:00:52 EXEC SPC_WRITING_LST2 '7','9','14';
2019-04-12 10:00:54 EXEC SPC_COM_DATA '14','1','1';
2019-04-12 10:00:54 EXEC SPC_COM_TOGGLE_EFFECT '1','2','3','3','1','14','::1';
2019-04-12 10:00:54 EXEC SPC_COM_ADD_NOTIFY '4','2','','2','14','::1';
2019-04-12 10:00:55 EXEC SPC_COM_DATA '14','1','1';
2019-04-12 10:00:55 EXEC SPC_COM_TOGGLE_EFFECT '1','2','3','3','0','14','::1';
2019-04-12 10:00:55 EXEC SPC_COM_ADD_NOTIFY '4','2','','2','14','::1';
2019-04-12 10:00:58 EXEC SPC_COM_DATA '14','1','1';
2019-04-12 10:00:58 EXEC SPC_COM_TOGGLE_EFFECT '1','2','3','3','1','14','::1';
2019-04-12 10:00:58 EXEC SPC_COM_ADD_NOTIFY '4','2','','2','14','::1';
2019-04-12 10:00:59 EXEC SPC_COM_DATA '14','1','1';
2019-04-12 10:00:59 EXEC SPC_COM_TOGGLE_EFFECT '1','2','3','3','0','14','::1';
2019-04-12 10:00:59 EXEC SPC_COM_ADD_NOTIFY '4','2','','2','14','::1';
2019-04-12 10:02:47 EXEC SPC_COM_DATA '14','1','1';
2019-04-12 10:02:47 EXEC SPC_WRITING_LST1 '8','14','7','9';
2019-04-12 10:02:48 EXEC SPC_COM_DATA '14','1','1';
2019-04-12 10:02:48 EXEC SPC_COMMON_GET_SUGGEST
2019-04-12 10:02:48 EXEC SPC_COM_DATA '14','1','1';
2019-04-12 10:02:48 EXEC SPC_WRITING_LST2 '7','9','14';
2019-04-12 10:02:50 EXEC SPC_COM_DATA '14','1','1';
2019-04-12 10:02:50 EXEC SPC_COM_TOGGLE_EFFECT '1','2','3','3','1','14','::1';
2019-04-12 10:02:50 EXEC SPC_COM_ADD_NOTIFY '4','2','','2','14','::1';
2019-04-12 10:02:51 EXEC SPC_COM_DATA '14','1','1';
2019-04-12 10:02:51 EXEC SPC_COM_TOGGLE_EFFECT '1','2','3','3','0','14','::1';
2019-04-12 10:02:51 EXEC SPC_COM_ADD_NOTIFY '4','2','','2','14','::1';
2019-04-12 10:02:53 EXEC SPC_COM_DATA '14','1','1';
2019-04-12 10:02:53 EXEC SPC_COM_TOGGLE_EFFECT '1','2','3','3','1','14','::1';
2019-04-12 10:02:53 EXEC SPC_COM_ADD_NOTIFY '4','2','','2','14','::1';
2019-04-12 10:02:54 EXEC SPC_COM_DATA '14','1','1';
2019-04-12 10:02:54 EXEC SPC_COM_TOGGLE_EFFECT '1','2','3','3','0','14','::1';
2019-04-12 10:02:54 EXEC SPC_COM_ADD_NOTIFY '4','2','','2','14','::1';
2019-04-12 10:04:03 EXEC SPC_COM_DATA '14','1','1';
2019-04-12 10:04:03 EXEC SPC_WRITING_LST1 '8','14','7','9';
2019-04-12 10:04:04 EXEC SPC_COM_DATA '14','1','1';
2019-04-12 10:04:04 EXEC SPC_COMMON_GET_SUGGEST
2019-04-12 10:04:05 EXEC SPC_COM_DATA '14','1','1';
2019-04-12 10:04:05 EXEC SPC_WRITING_LST2 '7','9','14';
2019-04-12 10:04:45 EXEC SPC_COM_DATA '14','1','1';
2019-04-12 10:04:45 EXEC SPC_COM_TOGGLE_EFFECT '1','2','3','3','1','14','::1';
2019-04-12 10:04:45 EXEC SPC_COM_ADD_NOTIFY '4','2','','2','14','::1';
2019-04-12 10:04:47 EXEC SPC_COM_DATA '14','1','1';
2019-04-12 10:04:47 EXEC SPC_COM_TOGGLE_EFFECT '1','2','3','3','0','14','::1';
2019-04-12 10:04:47 EXEC SPC_COM_ADD_NOTIFY '4','2','','2','14','::1';
2019-04-12 10:04:50 EXEC SPC_COM_DATA '14','1','1';
2019-04-12 10:04:50 EXEC SPC_COM_TOGGLE_EFFECT '1','2','3','3','1','14','::1';
2019-04-12 10:04:50 EXEC SPC_COM_ADD_NOTIFY '4','2','','2','14','::1';
2019-04-12 10:07:03 EXEC SPC_COM_DATA '14','1','1';
2019-04-12 10:07:03 EXEC SPC_WRITING_LST1 '8','14','7','9';
2019-04-12 10:07:04 EXEC SPC_COM_DATA '14','1','1';
2019-04-12 10:07:04 EXEC SPC_COMMON_GET_SUGGEST
2019-04-12 10:07:04 EXEC SPC_COM_DATA '14','1','1';
2019-04-12 10:07:04 EXEC SPC_WRITING_LST2 '7','9','14';
2019-04-12 10:07:36 EXEC SPC_COM_DATA '14','1','1';
2019-04-12 10:07:37 EXEC SPC_WRITING_LST1 '8','14','7','9';
2019-04-12 10:07:37 EXEC SPC_COM_DATA '14','1','1';
2019-04-12 10:07:37 EXEC SPC_COMMON_GET_SUGGEST
2019-04-12 10:07:38 EXEC SPC_COM_DATA '14','1','1';
2019-04-12 10:07:38 EXEC SPC_WRITING_LST2 '7','9','14';
2019-04-12 10:07:50 EXEC SPC_COM_DATA '14','1','1';
2019-04-12 10:07:50 EXEC SPC_COM_TOGGLE_EFFECT '1','2','3','3','0','14','::1';
2019-04-12 10:07:50 EXEC SPC_COM_ADD_NOTIFY '4','2','','2','14','::1';
2019-04-12 10:07:52 EXEC SPC_COM_DATA '14','1','1';
2019-04-12 10:07:52 EXEC SPC_COM_TOGGLE_EFFECT '1','2','3','3','1','14','::1';
2019-04-12 10:07:52 EXEC SPC_COM_ADD_NOTIFY '4','2','','2','14','::1';
2019-04-12 10:07:53 EXEC SPC_COM_DATA '14','1','1';
2019-04-12 10:07:53 EXEC SPC_COM_TOGGLE_EFFECT '1','2','3','3','0','14','::1';
2019-04-12 10:07:53 EXEC SPC_COM_ADD_NOTIFY '4','2','','2','14','::1';
2019-04-12 10:07:56 EXEC SPC_COM_DATA '14','1','1';
2019-04-12 10:07:56 EXEC SPC_COM_TOGGLE_EFFECT '1','2','3','3','1','14','::1';
2019-04-12 10:07:56 EXEC SPC_COM_ADD_NOTIFY '4','2','','2','14','::1';
2019-04-12 10:08:34 EXEC SPC_COM_DATA '14','1','1';
2019-04-12 10:08:34 EXEC SPC_WRITING_LST1 '8','14','7','9';
2019-04-12 10:08:35 EXEC SPC_COM_DATA '14','1','1';
2019-04-12 10:08:35 EXEC SPC_COMMON_GET_SUGGEST
2019-04-12 10:08:35 EXEC SPC_COM_DATA '14','1','1';
2019-04-12 10:08:35 EXEC SPC_WRITING_LST2 '7','9','14';
2019-04-12 10:08:38 EXEC SPC_COM_DATA '14','1','1';
2019-04-12 10:08:38 EXEC SPC_COM_TOGGLE_EFFECT '1','2','3','3','0','14','::1';
2019-04-12 10:08:38 EXEC SPC_COM_ADD_NOTIFY '4','2','','2','14','::1';
2019-04-12 10:08:40 EXEC SPC_COM_DATA '14','1','1';
2019-04-12 10:08:40 EXEC SPC_COM_TOGGLE_EFFECT '1','2','3','3','1','14','::1';
2019-04-12 10:08:40 EXEC SPC_COM_ADD_NOTIFY '4','2','','2','14','::1';
2019-04-12 10:08:41 EXEC SPC_COM_DATA '14','1','1';
2019-04-12 10:08:41 EXEC SPC_COM_TOGGLE_EFFECT '1','1','3','3','1','14','::1';
2019-04-12 10:08:41 EXEC SPC_COM_ADD_NOTIFY '4','1','','2','14','::1';
2019-04-12 10:08:42 EXEC SPC_COM_DATA '14','1','1';
2019-04-12 10:08:42 EXEC SPC_COM_TOGGLE_EFFECT '1','1','3','3','0','14','::1';
2019-04-12 10:08:42 EXEC SPC_COM_ADD_NOTIFY '4','1','','2','14','::1';
2019-04-12 10:08:46 EXEC SPC_COM_DATA '14','1','1';
2019-04-12 10:08:46 EXEC SPC_COM_TOGGLE_EFFECT '1','1','3','3','1','14','::1';
2019-04-12 10:08:46 EXEC SPC_COM_ADD_NOTIFY '4','1','','2','14','::1';
2019-04-12 10:09:17 EXEC SPC_COM_DATA '2','2','1';
2019-04-12 10:09:17 EXEC SPC_WRITING_LST1 '8','2','7','9';
2019-04-12 10:09:18 EXEC SPC_COM_DATA '2','2','1';
2019-04-12 10:09:18 EXEC SPC_COMMON_GET_SUGGEST
2019-04-12 10:09:18 EXEC SPC_COM_DATA '2','2','1';
2019-04-12 10:09:18 EXEC SPC_WRITING_LST2 '7','9','2';
2019-04-12 10:09:20 EXEC SPC_COM_DATA '4','1','1';
2019-04-12 10:09:20 EXEC SPC_WRITING_LST1 '8','4','7','9';
2019-04-12 10:09:21 EXEC SPC_COM_DATA '4','1','1';
2019-04-12 10:09:21 EXEC SPC_COMMON_GET_SUGGEST
2019-04-12 10:09:21 EXEC SPC_COM_DATA '4','1','1';
2019-04-12 10:09:21 EXEC SPC_WRITING_LST2 '7','9','4';
2019-04-12 10:09:32 EXEC SPC_COM_DATA '14','1','1';
2019-04-12 10:09:32 EXEC SPC_COM_TOGGLE_EFFECT '1','2','3','3','0','14','::1';
2019-04-12 10:09:32 EXEC SPC_COM_ADD_NOTIFY '4','2','','2','14','::1';
2019-04-12 10:09:51 EXEC SPC_COM_DATA '2','2','1';
2019-04-12 10:09:51 EXEC SPC_COM_TOGGLE_EFFECT '1','2','3','3','0','2','::1';
2019-04-12 10:09:51 EXEC SPC_COM_ADD_NOTIFY '4','2','','2','2','::1';
2019-04-12 10:09:57 EXEC SPC_COM_DATA '2','2','1';
2019-04-12 10:09:57 EXEC SPC_COM_TOGGLE_EFFECT '1','2','3','3','1','2','::1';
2019-04-12 10:09:57 EXEC SPC_COM_ADD_NOTIFY '4','2','','2','2','::1';
2019-04-12 10:15:16 EXEC SPC_COM_DATA '14','1','1';
2019-04-12 10:15:16 EXEC SPC_DISCUSS_LST1 '','14';
2019-04-12 10:15:17 EXEC SPC_COM_DATA '14','1','1';
2019-04-12 10:15:17 EXEC SPC_DISCUSS_LST2 '','1','','14';
2019-04-12 10:15:21 EXEC SPC_COM_DATA '14','1','1';
2019-04-12 10:15:21 EXEC SPC_DISCUSS_LST1 '','14';
2019-04-12 10:15:22 EXEC SPC_COM_DATA '14','1','1';
2019-04-12 10:15:22 EXEC SPC_DISCUSS_LST2 '','1','','14';
2019-04-12 10:15:31 EXEC SPC_COM_DATA '14','1','1';
2019-04-12 10:15:31 EXEC SPC_DISCUSS_LST2 '','1','','14';
2019-04-12 10:15:36 EXEC SPC_COM_DATA '14','1','1';
2019-04-12 10:15:36 EXEC SPC_DISCUSS_LST1 '','14';
2019-04-12 10:15:37 EXEC SPC_COM_DATA '14','1','1';
2019-04-12 10:15:37 EXEC SPC_DISCUSS_LST2 '','1','','14';
2019-04-12 10:18:36 EXEC SPC_COM_DATA '4','1','1';
2019-04-12 10:18:37 EXEC SPC_DISCUSS_LST1 '','4';
2019-04-12 10:18:37 EXEC SPC_COM_DATA '4','1','1';
2019-04-12 10:18:37 EXEC SPC_DISCUSS_LST2 '','1','','4';
2019-04-12 10:25:16 EXEC SPC_COM_DATA '14','1','1';
2019-04-12 10:25:16 EXEC SPC_WRITING_LST1 '','14','7','9';
2019-04-12 10:25:17 EXEC SPC_COM_DATA '14','1','1';
2019-04-12 10:25:17 EXEC SPC_COMMON_GET_SUGGEST
2019-04-12 10:25:17 EXEC SPC_COM_DATA '14','1','1';
2019-04-12 10:25:17 EXEC SPC_WRITING_LST2 '7','9','14';
2019-04-12 10:25:36 EXEC SPC_COM_DATA '14','1','1';
2019-04-12 10:25:36 EXEC SPC_WRITING_ACT3 '8','14','::1';
2019-04-12 10:25:40 EXEC SPC_COM_DATA '14','1','1';
2019-04-12 10:25:40 EXEC SPC_READING_LST1 '','14','7','9';
2019-04-12 10:25:40 EXEC SPC_COM_DATA '14','1','1';
2019-04-12 10:25:40 EXEC SPC_READING_LST2 '3','5','14';
2019-04-12 10:25:41 EXEC SPC_COM_DATA '14','1','1';
2019-04-12 10:25:41 EXEC SPC_DISCUSS_LST1 '','14';
2019-04-12 10:25:42 EXEC SPC_COM_DATA '14','1','1';
2019-04-12 10:25:42 EXEC SPC_DISCUSS_LST2 '','1','','14';
2019-04-12 10:25:44 EXEC SPC_COM_DATA '14','1','1';
2019-04-12 10:25:44 EXEC SPC_DISCUSS_LST1 '','14';
2019-04-12 10:25:45 EXEC SPC_COM_DATA '14','1','1';
2019-04-12 10:25:45 EXEC SPC_DISCUSS_LST2 '','1','','14';
2019-04-12 10:25:48 EXEC SPC_COM_DATA '14','1','1';
2019-04-12 10:25:48 EXEC SPC_SOCIAL_LST1 '','14';
2019-04-12 10:25:49 EXEC SPC_COM_DATA '14','1','1';
2019-04-12 10:25:49 EXEC SPC_SOCIAL_LST2 '','1','','14';
2019-04-12 10:26:17 EXEC SPC_COM_DATA '14','1','1';
2019-04-12 10:26:17 EXEC SPC_SOCIAL_LST1 '','14';
2019-04-12 10:26:17 EXEC SPC_COM_DATA '14','1','1';
2019-04-12 10:26:17 EXEC SPC_SOCIAL_LST2 '','1','','14';
2019-04-12 10:26:18 EXEC SPC_COM_DATA '14','1','1';
2019-04-12 10:26:18 EXEC SPC_READING_LST1 '','14','3','5';
2019-04-12 10:26:18 EXEC SPC_COM_DATA '14','1','1';
2019-04-12 10:26:18 EXEC SPC_READING_LST2 '3','5','14';
2019-04-12 10:26:20 EXEC SPC_COM_DATA '14','1','1';
2019-04-12 10:26:20 EXEC SPC_SOCIAL_LST1 '','14';
2019-04-12 10:26:20 EXEC SPC_COM_DATA '14','1','1';
2019-04-12 10:26:20 EXEC SPC_SOCIAL_LST2 '','1','','14';
2019-04-12 10:26:21 EXEC SPC_COM_DATA '14','1','1';
2019-04-12 10:26:21 EXEC SPC_DISCUSS_LST1 '','14';
2019-04-12 10:26:21 EXEC SPC_COM_DATA '14','1','1';
2019-04-12 10:26:21 EXEC SPC_DISCUSS_LST2 '','1','','14';
2019-04-12 10:29:39 EXEC SPC_COM_DATA '14','1','1';
2019-04-12 10:29:39 EXEC SPC_COM_ADD_QUESTION '','VỀ NƯỚC CHO RỒI','<p>vkl</p>','<row tag_id="14" is_new="0" />','14','::1';
2019-04-12 10:29:41 EXEC SPC_COM_DATA '14','1','1';
2019-04-12 10:29:41 EXEC SPC_DISCUSS_LST1 '16','14';
2019-04-12 10:29:42 EXEC SPC_COM_DATA '14','1','1';
2019-04-12 10:29:42 EXEC SPC_DISCUSS_LST2 '16','1','','14';
2019-04-12 10:29:48 EXEC SPC_COM_DATA '14','1','1';
2019-04-12 10:29:48 EXEC SPC_DISCUSS_LST1 '','14';
2019-04-12 10:29:48 EXEC SPC_COM_DATA '14','1','1';
2019-04-12 10:29:48 EXEC SPC_DISCUSS_LST2 '','1','','14';
2019-04-12 10:29:50 EXEC SPC_COM_DATA '14','1','1';
2019-04-12 10:29:50 EXEC SPC_DISCUSS_LST1 '','14';
2019-04-12 10:29:50 EXEC SPC_COM_DATA '14','1','1';
2019-04-12 10:29:50 EXEC SPC_DISCUSS_LST2 '','1','','14';
2019-04-12 10:29:55 EXEC SPC_COM_DATA '14','1','1';
2019-04-12 10:29:55 EXEC SPC_DISCUSS_ACT2 '16','14','::1';
2019-04-12 10:49:49 EXEC SPC_COM_DATA '14','1','1';
2019-04-12 10:49:49 EXEC SPC_COM_ADD_COMMENT '1','8','16','hay vc','','14','::1','1';
2019-04-12 10:49:49 EXEC SPC_COM_ADD_NOTIFY '8','16','','1','14','::1';
2019-04-12 10:50:05 EXEC SPC_COM_DATA '14','1','1';
2019-04-12 10:50:05 EXEC SPC_SOCIAL_LST1 '','14';
2019-04-12 10:50:06 EXEC SPC_COM_DATA '14','1','1';
2019-04-12 10:50:06 EXEC SPC_SOCIAL_LST2 '','1','','14';
2019-04-12 10:52:06 EXEC SPC_COM_DATA '14','1','1';
2019-04-12 10:52:06 EXEC SPC_WRITING_LST1 '','14','3','5';
2019-04-12 10:52:06 EXEC SPC_COM_DATA '14','1','1';
2019-04-12 10:52:06 EXEC SPC_COMMON_GET_SUGGEST
2019-04-12 10:52:06 EXEC SPC_COM_DATA '14','1','1';
2019-04-12 10:52:06 EXEC SPC_WRITING_LST2 '7','9','14';
2019-04-12 10:52:33 EXEC SPC_COM_DATA '14','1','1';
2019-04-12 10:52:34 EXEC SPC_WRITING_ACT1 '','','<row tag_id="9" is_new="0" /><row tag_id="11" is_new="0" />','why i'm handsome too much?','<p>mnv</p>','','14','::1';
2019-04-12 10:52:38 EXEC SPC_COM_DATA '14','1','1';
2019-04-12 10:52:38 EXEC SPC_WRITING_LST1 '','14','7','9';
2019-04-12 10:52:38 EXEC SPC_COM_DATA '14','1','1';
2019-04-12 10:52:39 EXEC SPC_COMMON_GET_SUGGEST
2019-04-12 10:52:39 EXEC SPC_COM_DATA '14','1','1';
2019-04-12 10:52:39 EXEC SPC_WRITING_LST2 '7','9','14';
2019-04-12 10:52:46 EXEC SPC_COM_DATA '14','1','1';
2019-04-12 10:52:46 EXEC SPC_WRITING_ACT3 '17','14','::1';
2019-04-12 10:52:52 EXEC SPC_COM_DATA '14','1','1';
2019-04-12 10:52:52 EXEC SPC_SOCIAL_LST1 '','14';
2019-04-12 10:52:52 EXEC SPC_COM_DATA '14','1','1';
2019-04-12 10:52:52 EXEC SPC_SOCIAL_LST2 '','1','','14';
2019-04-12 10:52:57 EXEC SPC_COM_DATA '14','1','1';
2019-04-12 10:52:57 EXEC SPC_SOCIAL_ACT2 '17','14','::1';
2019-04-12 10:53:02 EXEC SPC_COM_DATA '14','1','1';
2019-04-12 10:53:02 EXEC SPC_COM_ADD_COMMENT '1','6','17','hay lắm đm','','14','::1','1';
2019-04-12 10:53:02 EXEC SPC_COM_ADD_NOTIFY '6','17','','1','14','::1';
2019-04-12 11:06:52 EXEC SPC_COMMON_ACCOUNT '1','2';
2019-04-12 11:06:53 EXEC SPC_COM_DATA '1','1','2';
2019-04-12 11:06:53 EXEC SPC_COM_MENU '1';
2019-04-12 11:06:56 EXEC SPC_COM_PERMISSION '1','2','g001';
2019-04-12 11:06:56 EXEC SPC_COM_MENU '1';
2019-04-12 11:06:56 EXEC SPC_G001_LST1 '1','1';
2019-04-12 11:07:11 EXEC SPC_COM_PERMISSION '1','2','m007';
2019-04-12 11:07:11 EXEC SPC_COM_MENU '1';
2019-04-12 11:07:11 EXEC SPC_M007_FND1
2019-04-12 11:07:14 EXEC SPC_COM_MENU '1';
2019-04-12 11:07:14 EXEC SPC_m007_LST1 '21';
2019-04-12 11:07:14 EXEC SPC_M007_FND1
2019-04-12 11:10:05 EXEC SPC_COM_MENU '1';
2019-04-12 11:10:05 EXEC SPC_M007_ACT1 '21','<row row_id="0" number_id="0" content="" num_remark1="" num_remark2="" num_remark3="" text_remark1="" text_remark2="" text_remark3="" /><row row_id="1" number_id="1" content="bình luận : đến người tạo bài viết" num_remark1="1" num_remark2="" num_remark3="" text_remark1="đã bình luận về bài viết của bạn" text_remark2="" text_remark3="" /><row row_id="2" number_id="2" content="bình luận : đến người được trả lời bình luận" num_remark1="1" num_remark2="" num_remark3="" text_remark1="đã trả lời bình luận của bạn trong 1 bài viết" text_remark2="" text_remark3="" /><row row_id="3" number_id="3" content="thích : bình luận" num_remark1="" num_remark2="" num_remark3="" text_remark1="thích bình luận của bạn" text_remark2="" text_remark3="" /><row row_id="4" number_id="4" content="vỗ tay : ví dụ từ vựng / ngữ pháp" num_remark1="" num_remark2="" num_remark3="" text_remark1="đã cho ví dụ của bạn 1 tràng vỗ tay" text_remark2="" text_remark3="" />','1','::1';
2019-04-12 11:10:07 EXEC SPC_COM_MENU '1';
2019-04-12 11:10:07 EXEC SPC_m007_LST1 '21';
2019-04-12 11:10:07 EXEC SPC_M007_FND1
2019-04-12 11:10:41 EXEC SPC_COM_DATA '14','1','1';
2019-04-12 11:10:41 EXEC SPC_VOCABULARY_LST1 '','14','7','9';
2019-04-12 11:10:42 EXEC SPC_COM_DATA '14','1','1';
2019-04-12 11:10:42 EXEC SPC_VOCABULARY_LST2 '1','1','14';
2019-04-12 11:13:03 EXEC SPC_COM_DATA '14','1','1';
2019-04-12 11:13:03 EXEC SPC_VOCABULARY_LST1 '1','14','1','1';
2019-04-12 11:13:04 EXEC SPC_COM_DATA '14','1','1';
2019-04-12 11:13:04 EXEC SPC_VOCABULARY_LST2 '1','1','14';
2019-04-12 11:13:08 EXEC SPC_COM_DATA '2','2','1';
2019-04-12 11:13:09 EXEC SPC_VOCABULARY_LST1 '','2','7','9';
2019-04-12 11:13:09 EXEC SPC_COM_DATA '2','2','1';
2019-04-12 11:13:09 EXEC SPC_VOCABULARY_LST2 '1','1','2';
2019-04-12 11:13:13 EXEC SPC_COM_DATA '4','1','1';
2019-04-12 11:13:13 EXEC SPC_VOCABULARY_LST1 '','4','7','9';
2019-04-12 11:13:15 EXEC SPC_COM_DATA '4','1','1';
2019-04-12 11:13:15 EXEC SPC_VOCABULARY_LST2 '1','1','4';
2019-04-12 11:13:40 EXEC SPC_COM_DATA '14','1','1';
2019-04-12 11:13:40 EXEC SPC_COM_ADD_EXAM '1','1','1','alive','cuộc sống','14','::1';
2019-04-12 11:13:40 EXEC SPC_COM_DATA '14','1','1';
2019-04-12 11:13:40 EXEC SPC_COM_EXAM_LIST '1','1','1','1','1','14';
2019-04-12 11:13:58 EXEC SPC_COM_DATA '2','2','1';
2019-04-12 11:13:58 EXEC SPC_VOCABULARY_LST1 '1','2','1','1';
2019-04-12 11:13:58 EXEC SPC_COM_DATA '2','2','1';
2019-04-12 11:13:58 EXEC SPC_VOCABULARY_LST2 '1','1','2';
2019-04-12 11:14:01 EXEC SPC_COM_DATA '4','1','1';
2019-04-12 11:14:01 EXEC SPC_VOCABULARY_LST1 '1','4','1','1';
2019-04-12 11:14:02 EXEC SPC_COM_DATA '4','1','1';
2019-04-12 11:14:02 EXEC SPC_VOCABULARY_LST2 '1','1','4';
2019-04-12 11:14:13 EXEC SPC_COM_DATA '14','1','1';
2019-04-12 11:14:13 EXEC SPC_COM_TOGGLE_EFFECT '1','12','1','1','0','14','::1';
2019-04-12 11:14:13 EXEC SPC_COM_ADD_NOTIFY '1','12','','4','14','::1';
2019-04-12 11:18:21 EXEC SPC_COM_DATA '14','1','1';
2019-04-12 11:18:21 EXEC SPC_COM_TOGGLE_EFFECT '1','12','1','1','1','14','::1';
2019-04-12 11:18:21 EXEC SPC_COM_ADD_NOTIFY '1','12','','4','14','::1';
2019-04-12 11:18:40 EXEC SPC_COM_DATA '2','2','1';
2019-04-12 11:18:40 EXEC SPC_VOCABULARY_LST1 '1','2','1','1';
2019-04-12 11:18:41 EXEC SPC_COM_DATA '2','2','1';
2019-04-12 11:18:41 EXEC SPC_VOCABULARY_LST2 '1','1','2';
2019-04-12 11:18:44 EXEC SPC_COM_DATA '2','2','1';
2019-04-12 11:18:44 EXEC SPC_COM_TOGGLE_EFFECT '1','10','1','1','0','2','::1';
2019-04-12 11:18:44 EXEC SPC_COM_ADD_NOTIFY '1','10','','4','2','::1';
2019-04-12 11:22:52 EXEC SPC_COM_DATA '2','2','1';
2019-04-12 11:22:52 EXEC SPC_COM_TOGGLE_EFFECT '1','10','1','1','1','2','::1';
2019-04-12 11:22:53 EXEC SPC_COM_ADD_NOTIFY '1','10','','4','2','::1';
2019-04-12 11:22:54 EXEC SPC_COM_DATA '2','2','1';
2019-04-12 11:22:54 EXEC SPC_VOCABULARY_LST1 '1','2','1','1';
2019-04-12 11:22:55 EXEC SPC_COM_DATA '2','2','1';
2019-04-12 11:22:55 EXEC SPC_VOCABULARY_LST2 '1','1','2';
2019-04-12 11:23:05 EXEC SPC_COM_DATA '4','1','1';
2019-04-12 11:23:05 EXEC SPC_VOCABULARY_LST1 '1','4','1','1';
2019-04-12 11:23:05 EXEC SPC_COM_DATA '4','1','1';
2019-04-12 11:23:05 EXEC SPC_VOCABULARY_LST2 '1','1','4';
2019-04-12 11:23:09 EXEC SPC_COM_DATA '14','1','1';
2019-04-12 11:23:09 EXEC SPC_VOCABULARY_LST1 '1','14','1','1';
2019-04-12 11:23:10 EXEC SPC_COM_DATA '14','1','1';
2019-04-12 11:23:10 EXEC SPC_VOCABULARY_LST2 '1','1','14';
2019-04-12 11:23:13 EXEC SPC_COM_DATA '14','1','1';
2019-04-12 11:23:13 EXEC SPC_COM_TOGGLE_EFFECT '1','10','1','1','0','14','::1';
2019-04-12 11:23:13 EXEC SPC_COM_ADD_NOTIFY '1','10','','4','14','::1';
2019-04-12 11:23:21 EXEC SPC_COM_DATA '14','1','1';
2019-04-12 11:23:21 EXEC SPC_COM_TOGGLE_EFFECT '1','10','1','1','1','14','::1';
2019-04-12 11:23:21 EXEC SPC_COM_ADD_NOTIFY '1','10','','4','14','::1';
2019-04-12 11:23:33 EXEC SPC_COM_DATA '2','2','1';
2019-04-12 11:23:33 EXEC SPC_COM_TOGGLE_EFFECT '1','10','1','1','0','2','::1';
2019-04-12 11:23:33 EXEC SPC_COM_ADD_NOTIFY '1','10','','4','2','::1';
2019-04-12 11:25:01 EXEC SPC_COM_DATA '14','1','1';
2019-04-12 11:25:01 EXEC SPC_VOCABULARY_LST1 '1','14','1','1';
2019-04-12 11:25:02 EXEC SPC_COM_DATA '14','1','1';
2019-04-12 11:25:02 EXEC SPC_VOCABULARY_LST2 '1','1','14';
2019-04-12 11:25:11 EXEC SPC_COM_DATA '4','1','1';
2019-04-12 11:25:11 EXEC SPC_VOCABULARY_LST1 '1','4','1','1';
2019-04-12 11:25:11 EXEC SPC_COM_DATA '4','1','1';
2019-04-12 11:25:11 EXEC SPC_VOCABULARY_LST2 '1','1','4';
2019-04-12 11:25:19 EXEC SPC_COM_DATA '2','2','1';
2019-04-12 11:25:19 EXEC SPC_VOCABULARY_LST1 '1','2','1','1';
2019-04-12 11:25:20 EXEC SPC_COM_DATA '2','2','1';
2019-04-12 11:25:20 EXEC SPC_VOCABULARY_LST2 '1','1','2';
2019-04-12 11:25:41 EXEC SPC_COM_DATA '2','2','1';
2019-04-12 11:25:41 EXEC SPC_COM_TOGGLE_EFFECT '1','12','1','1','0','2','::1';
2019-04-12 11:25:41 EXEC SPC_COM_ADD_NOTIFY '1','12','','4','2','::1';
2019-04-12 11:25:52 EXEC SPC_COM_DATA '4','1','1';
2019-04-12 11:25:52 EXEC SPC_COM_TOGGLE_EFFECT '1','12','1','1','0','4','::1';
2019-04-12 11:25:52 EXEC SPC_COM_ADD_NOTIFY '1','12','','4','4','::1';
2019-04-12 11:26:15 EXEC SPC_COM_DATA '4','1','1';
2019-04-12 11:26:15 EXEC SPC_COM_TOGGLE_EFFECT '1','12','1','1','1','4','::1';
2019-04-12 11:26:15 EXEC SPC_COM_ADD_NOTIFY '1','12','','4','4','::1';
2019-04-12 11:26:18 EXEC SPC_COM_DATA '4','1','1';
2019-04-12 11:26:18 EXEC SPC_COM_TOGGLE_EFFECT '1','12','1','1','0','4','::1';
2019-04-12 11:26:18 EXEC SPC_COM_ADD_NOTIFY '1','12','','4','4','::1';
2019-04-12 11:58:22 EXEC SPC_COM_DATA '2','2','1';
2019-04-12 11:58:22 EXEC SPC_DISCUSS_LST1 '','2';
2019-04-12 11:58:23 EXEC SPC_COM_DATA '2','2','1';
2019-04-12 11:58:23 EXEC SPC_DISCUSS_LST2 '','1','','2';
2019-04-12 11:58:29 EXEC SPC_COM_DATA '2','2','1';
2019-04-12 11:58:29 EXEC SPC_DISCUSS_ACT2 '16','2','::1';
2019-04-12 11:58:31 EXEC SPC_COM_DATA '2','2','1';
2019-04-12 11:58:31 EXEC SPC_DISCUSS_ACT3 '3','1','2','::1';
2019-04-12 12:47:12 EXEC SPC_COM_DATA '1','1','2';
2019-04-12 12:47:12 EXEC SPC_COM_MENU '1';
2019-04-12 13:05:02 EXEC SPC_COM_DATA '14','1','1';
2019-04-12 13:05:02 EXEC SPC_COM_MENU '1';
2019-04-12 13:05:12 EXEC SPC_COM_DATA '4','1','1';
2019-04-12 13:05:12 EXEC SPC_COM_MENU '1';
2019-04-12 13:20:56 EXEC SPC_COM_DATA '2','2','1';
2019-04-12 13:20:56 EXEC SPC_DISCUSS_ACT3 '3','-1','2','::1';
2019-04-12 13:21:09 EXEC SPC_COM_DATA '2','2','1';
2019-04-12 13:21:09 EXEC SPC_DISCUSS_ACT1 '16','-1','2','::1';
2019-04-12 13:24:07 EXEC SPC_COM_DATA '14','1','1';
2019-04-12 13:24:07 EXEC SPC_GRAMMAR_LST1 '','14','1','1';
2019-04-12 13:24:08 EXEC SPC_COM_DATA '14','1','1';
2019-04-12 13:24:08 EXEC SPC_GRAMMAR_LST2 '4','6','14';
2019-04-12 13:24:18 EXEC SPC_COM_DATA '2','2','1';
2019-04-12 13:24:18 EXEC SPC_GRAMMAR_LST1 '','2','1','1';
2019-04-12 13:24:19 EXEC SPC_COM_DATA '2','2','1';
2019-04-12 13:24:19 EXEC SPC_GRAMMAR_LST2 '4','6','2';
2019-04-12 13:24:28 EXEC SPC_COM_DATA '4','1','1';
2019-04-12 13:24:28 EXEC SPC_GRAMMAR_LST1 '','4','1','1';
2019-04-12 13:24:29 EXEC SPC_COM_DATA '4','1','1';
2019-04-12 13:24:29 EXEC SPC_GRAMMAR_LST2 '4','6','4';
2019-04-12 13:25:17 EXEC SPC_COM_DATA '14','1','1';
2019-04-12 13:25:18 EXEC SPC_COM_ADD_EXAM '1','4','2','u must study more !','học thêm đi mài','14','::1';
2019-04-12 13:25:18 EXEC SPC_COM_DATA '14','1','1';
2019-04-12 13:25:18 EXEC SPC_COM_EXAM_LIST '1','4','1','1','2','14';
2019-04-12 13:25:22 EXEC SPC_COM_DATA '2','2','1';
2019-04-12 13:25:22 EXEC SPC_GRAMMAR_LST1 '4','2','4','6';
2019-04-12 13:25:22 EXEC SPC_COM_DATA '2','2','1';
2019-04-12 13:25:22 EXEC SPC_GRAMMAR_LST2 '4','6','2';
2019-04-12 13:25:26 EXEC SPC_COM_DATA '4','1','1';
2019-04-12 13:25:26 EXEC SPC_GRAMMAR_LST1 '4','4','4','6';
2019-04-12 13:25:26 EXEC SPC_COM_DATA '4','1','1';
2019-04-12 13:25:26 EXEC SPC_GRAMMAR_LST2 '4','6','4';
2019-04-12 13:25:37 EXEC SPC_COM_DATA '4','1','1';
2019-04-12 13:25:37 EXEC SPC_COM_TOGGLE_EFFECT '1','13','1','2','0','4','::1';
2019-04-12 13:25:37 EXEC SPC_COM_ADD_NOTIFY '2','13','','4','4','::1';
2019-04-12 13:25:49 EXEC SPC_COM_DATA '2','2','1';
2019-04-12 13:25:49 EXEC SPC_COM_TOGGLE_EFFECT '1','13','1','2','0','2','::1';
2019-04-12 13:25:49 EXEC SPC_COM_ADD_NOTIFY '2','13','','4','2','::1';
2019-04-12 13:39:53 EXEC SPC_COM_DATA '14','1','1';
2019-04-12 13:39:53 EXEC SPC_GRAMMAR_LST1 '4','14','4','6';
2019-04-12 13:42:44 EXEC SPC_COM_DATA '14','1','1';
2019-04-12 13:42:44 EXEC SPC_GRAMMAR_LST1 '4','14','4','6';
2019-04-12 13:42:45 EXEC SPC_COM_DATA '14','1','1';
2019-04-12 13:42:45 EXEC SPC_GRAMMAR_LST2 '4','6','14';
2019-04-12 13:43:04 EXEC SPC_COM_DATA '14','1','1';
2019-04-12 13:43:04 EXEC SPC_COM_QUESTION_LIST '4';
2019-04-12 13:43:29 EXEC SPC_COM_DATA '14','1','1';
2019-04-12 13:43:29 EXEC SPC_VOCABULARY_LST1 '','14','4','6';
2019-04-12 13:43:30 EXEC SPC_COM_DATA '14','1','1';
2019-04-12 13:43:30 EXEC SPC_VOCABULARY_LST2 '1','1','14';
2019-04-12 13:43:33 EXEC SPC_COM_DATA '14','1','1';
2019-04-12 13:43:33 EXEC SPC_COM_TOGGLE_EFFECT '1','10','1','1','0','14','::1';
2019-04-12 13:43:33 EXEC SPC_COM_ADD_NOTIFY '1','10','','4','14','::1';
2019-04-12 13:43:36 EXEC SPC_COM_DATA '14','1','1';
2019-04-12 13:43:36 EXEC SPC_COM_TOGGLE_EFFECT '1','10','1','1','1','14','::1';
2019-04-12 13:43:36 EXEC SPC_COM_ADD_NOTIFY '1','10','','4','14','::1';
2019-04-12 13:43:39 EXEC SPC_COM_DATA '14','1','1';
2019-04-12 13:43:39 EXEC SPC_GRAMMAR_LST1 '','14','1','1';
2019-04-12 13:43:40 EXEC SPC_COM_DATA '14','1','1';
2019-04-12 13:43:40 EXEC SPC_GRAMMAR_LST2 '4','6','14';
2019-04-12 13:59:44 EXEC SPC_COM_DATA '14','1','1';
2019-04-12 14:00:11 EXEC SPC_COM_DATA '14','1','1';
2019-04-12 14:00:19 EXEC SPC_COM_DATA '14','1','1';
2019-04-12 14:00:19 EXEC SPC_VOCABULARY_LST1 '','14','4','6';
2019-04-12 14:00:20 EXEC SPC_COM_DATA '14','1','1';
2019-04-12 14:00:20 EXEC SPC_VOCABULARY_LST2 '1','1','14';
2019-04-12 14:00:35 EXEC SPC_COM_DATA '14','1','1';
2019-04-12 14:00:35 EXEC SPC_COM_ADD_EXAM '1','1','1','angel','thiên thần','14','::1';
2019-04-12 14:02:17 EXEC SPC_COM_DATA '14','1','1';
2019-04-12 14:02:17 EXEC SPC_VOCABULARY_LST1 '1','14','1','1';
2019-04-12 14:02:18 EXEC SPC_COM_DATA '14','1','1';
2019-04-12 14:02:18 EXEC SPC_VOCABULARY_LST2 '1','1','14';
2019-04-12 14:02:34 EXEC SPC_COM_DATA '14','1','1';
2019-04-12 14:02:34 EXEC SPC_VOCABULARY_LST1 '1','14','1','1';
2019-04-12 14:02:34 EXEC SPC_COM_DATA '14','1','1';
2019-04-12 14:02:35 EXEC SPC_VOCABULARY_LST2 '1','1','14';
2019-04-12 14:03:35 EXEC SPC_COM_DATA '14','1','1';
2019-04-12 14:03:35 EXEC SPC_COM_ADD_EXAM '1','1','1','amount','tổng cộng','14','::1';
2019-04-12 14:04:30 EXEC SPC_COM_DATA '14','1','1';
2019-04-12 14:04:30 EXEC SPC_COM_TOGGLE_EFFECT '1','16','1','1','0','14','::1';
2019-04-12 14:04:30 EXEC SPC_COM_ADD_NOTIFY '1','16','','4','14','::1';
2019-04-12 14:05:39 EXEC SPC_COM_DATA '14','1','1';
2019-04-12 14:05:39 EXEC SPC_VOCABULARY_LST1 '1','14','1','1';
2019-04-12 14:05:40 EXEC SPC_COM_DATA '14','1','1';
2019-04-12 14:05:40 EXEC SPC_VOCABULARY_LST2 '1','1','14';
2019-04-12 14:05:58 EXEC SPC_COM_DATA '14','1','1';
2019-04-12 14:05:58 EXEC SPC_COM_ADD_EXAM '2','2','1','bellow','theo sau','14','::1';
2019-04-12 14:07:59 EXEC SPC_COM_DATA '14','1','1';
2019-04-12 14:07:59 EXEC SPC_GRAMMAR_LST1 '','14','1','1';
2019-04-12 14:08:00 EXEC SPC_COM_DATA '14','1','1';
2019-04-12 14:08:00 EXEC SPC_GRAMMAR_LST2 '4','6','14';
2019-04-12 14:08:43 EXEC SPC_COM_DATA '14','1','1';
2019-04-12 14:08:43 EXEC SPC_COM_ADD_EXAM '1','4','2','i will be love!','tôi sẽ yêu','14','::1';
2019-04-12 14:09:22 EXEC SPC_COM_DATA '14','1','1';
2019-04-12 14:09:22 EXEC SPC_GRAMMAR_LST1 '4','14','4','6';
2019-04-12 14:09:23 EXEC SPC_COM_DATA '14','1','1';
2019-04-12 14:09:23 EXEC SPC_GRAMMAR_LST2 '4','6','14';
2019-04-12 14:11:23 EXEC SPC_COM_DATA '14','1','1';
2019-04-12 14:11:23 EXEC SPC_GRAMMAR_LST1 '4','14','4','6';
2019-04-12 14:11:24 EXEC SPC_COM_DATA '14','1','1';
2019-04-12 14:11:24 EXEC SPC_GRAMMAR_LST2 '4','6','14';
2019-04-12 14:11:43 EXEC SPC_COM_DATA '14','1','1';
2019-04-12 14:11:44 EXEC SPC_COM_ADD_EXAM '1','4','2','i can fly','tôi có thể bay !','14','::1';
2019-04-12 14:13:41 EXEC SPC_COM_DATA '14','1','1';
2019-04-12 14:13:41 EXEC SPC_GRAMMAR_LST1 '4','14','4','6';
2019-04-12 14:13:42 EXEC SPC_COM_DATA '14','1','1';
2019-04-12 14:13:42 EXEC SPC_GRAMMAR_LST2 '4','6','14';
2019-04-12 14:13:47 EXEC SPC_COM_DATA '14','1','1';
2019-04-12 14:13:47 EXEC SPC_COM_EXAM_LIST '1','4','0','2','2','14';
2019-04-12 14:13:49 EXEC SPC_COM_DATA '14','1','1';
2019-04-12 14:13:49 EXEC SPC_COM_EXAM_LIST '1','4','0','1','2','14';
2019-04-12 14:13:50 EXEC SPC_COM_DATA '14','1','1';
2019-04-12 14:13:50 EXEC SPC_COM_EXAM_LIST '1','4','0','2','2','14';
2019-04-12 14:13:51 EXEC SPC_COM_DATA '14','1','1';
2019-04-12 14:13:51 EXEC SPC_COM_EXAM_LIST '1','4','0','1','2','14';
2019-04-12 14:13:52 EXEC SPC_COM_DATA '14','1','1';
2019-04-12 14:13:52 EXEC SPC_COM_EXAM_LIST '1','4','0','2','2','14';
2019-04-12 14:13:53 EXEC SPC_COM_DATA '14','1','1';
2019-04-12 14:13:53 EXEC SPC_COM_EXAM_LIST '1','4','0','1','2','14';
2019-04-12 14:14:09 EXEC SPC_COM_DATA '14','1','1';
2019-04-12 14:14:09 EXEC SPC_GRAMMAR_LST1 '4','14','4','6';
2019-04-12 14:14:10 EXEC SPC_COM_DATA '14','1','1';
2019-04-12 14:14:10 EXEC SPC_GRAMMAR_LST2 '4','6','14';
2019-04-12 14:14:32 EXEC SPC_COM_DATA '14','1','1';
2019-04-12 14:14:32 EXEC SPC_COM_ADD_EXAM '1','4','2','i can see u','tôi có thể thấy e','14','::1';
2019-04-12 14:14:41 EXEC SPC_COM_DATA '14','1','1';
2019-04-12 14:14:41 EXEC SPC_COM_TOGGLE_EFFECT '1','21','1','2','0','14','::1';
2019-04-12 14:14:41 EXEC SPC_COM_ADD_NOTIFY '2','21','','4','14','::1';
2019-04-12 14:17:16 EXEC SPC_COM_DATA '14','1','1';
2019-04-12 14:17:16 EXEC SPC_GRAMMAR_LST1 '4','14','4','6';
2019-04-12 14:17:17 EXEC SPC_COM_DATA '14','1','1';
2019-04-12 14:17:17 EXEC SPC_GRAMMAR_LST2 '4','6','14';
2019-04-12 14:17:25 EXEC SPC_COM_DATA '14','1','1';
2019-04-12 14:17:25 EXEC SPC_COM_EXAM_LIST '1','4','0','2','2','14';
2019-04-12 14:17:26 EXEC SPC_COM_DATA '14','1','1';
2019-04-12 14:17:26 EXEC SPC_COM_EXAM_LIST '1','4','0','1','2','14';
2019-04-12 14:17:28 EXEC SPC_COM_DATA '14','1','1';
2019-04-12 14:17:28 EXEC SPC_GRAMMAR_LST1 '4','14','4','6';
2019-04-12 14:17:29 EXEC SPC_COM_DATA '14','1','1';
2019-04-12 14:17:29 EXEC SPC_GRAMMAR_LST2 '4','6','14';
2019-04-12 14:19:20 EXEC SPC_COM_DATA '14','1','1';
2019-04-12 14:19:20 EXEC SPC_GRAMMAR_LST1 '4','14','4','6';
2019-04-12 14:19:21 EXEC SPC_COM_DATA '14','1','1';
2019-04-12 14:19:21 EXEC SPC_GRAMMAR_LST2 '4','6','14';
2019-04-12 14:19:23 EXEC SPC_COM_DATA '14','1','1';
2019-04-12 14:19:23 EXEC SPC_COM_EXAM_LIST '1','4','0','2','2','14';
2019-04-12 14:19:25 EXEC SPC_COM_DATA '14','1','1';
2019-04-12 14:19:25 EXEC SPC_COM_EXAM_LIST '1','4','0','1','2','14';
2019-04-12 14:19:26 EXEC SPC_COM_DATA '14','1','1';
2019-04-12 14:19:26 EXEC SPC_COM_EXAM_LIST '1','4','0','2','2','14';
2019-04-12 14:19:27 EXEC SPC_COM_DATA '14','1','1';
2019-04-12 14:19:27 EXEC SPC_COM_EXAM_LIST '1','4','0','1','2','14';
2019-04-12 14:19:30 EXEC SPC_COM_DATA '14','1','1';
2019-04-12 14:19:30 EXEC SPC_COM_EXAM_LIST '1','4','0','2','2','14';
2019-04-12 14:19:32 EXEC SPC_COM_DATA '14','1','1';
2019-04-12 14:19:32 EXEC SPC_COM_EXAM_LIST '1','4','0','1','2','14';
2019-04-12 14:19:34 EXEC SPC_COM_DATA '14','1','1';
2019-04-12 14:19:34 EXEC SPC_COM_EXAM_LIST '1','4','1','1','2','14';
2019-04-12 14:19:38 EXEC SPC_COM_DATA '14','1','1';
2019-04-12 14:19:38 EXEC SPC_COM_EXAM_LIST '1','4','2','1','2','14';
2019-04-12 14:27:15 EXEC SPC_COM_DATA '1','1','2';
2019-04-12 14:27:15 EXEC SPC_COM_MENU '1';
