2019-03-19 10:06:13 EXEC SPC_COM_DATA '','','';
2019-03-19 10:16:57 EXEC SPC_COM_DATA '','','';
2019-03-19 10:16:57 EXEC SPC_VOCABULARY_LST1 '','','','';
2019-03-19 10:16:58 EXEC SPC_COM_DATA '','','';
2019-03-19 10:16:58 EXEC SPC_VOCABULARY_LST2 '2','1','';
2019-03-19 10:16:59 EXEC SPC_COM_DATA '','','';
2019-03-19 10:16:59 EXEC SPC_GRAMMAR_LST1 '','','2','1';
2019-03-19 10:17:00 EXEC SPC_COM_DATA '','','';
2019-03-19 10:17:00 EXEC SPC_GRAMMAR_LST2 '6','7','';
2019-03-19 10:20:44 EXEC SPC_COM_DATA '','','';
2019-03-19 10:20:44 EXEC SPC_LISTENING_LST1 '','','6','7';
2019-03-19 10:20:45 EXEC SPC_COM_DATA '','','';
2019-03-19 10:20:45 EXEC SPC_LISTENING_LST2 '8','8','';
2019-03-19 10:20:46 EXEC SPC_COM_DATA '','','';
2019-03-19 10:20:46 EXEC SPC_WRITING_LST1 '','','8','8';
2019-03-19 10:20:47 EXEC SPC_COM_DATA '','','';
2019-03-19 10:20:47 EXEC SPC_COMMON_GET_SUGGEST
2019-03-19 10:20:47 EXEC SPC_COM_DATA '','','';
2019-03-19 10:20:47 EXEC SPC_WRITING_LST2 '9','10','';
2019-03-19 10:20:47 EXEC SPC_COM_DATA '','','';
2019-03-19 10:20:47 EXEC SPC_READING_LST1 '','','9','10';
2019-03-19 10:20:48 EXEC SPC_COM_DATA '','','';
2019-03-19 10:20:48 EXEC SPC_READING_LST2 '12','14','';
2019-03-19 10:20:49 EXEC SPC_COM_DATA '','','';
2019-03-19 10:20:49 EXEC SPC_SOCIAL_LST1 '','';
2019-03-19 10:20:50 EXEC SPC_COM_DATA '','','';
2019-03-19 10:20:50 EXEC SPC_SOCIAL_LST2 '','1','','';
2019-03-19 10:20:50 EXEC SPC_COM_DATA '','','';
2019-03-19 10:20:50 EXEC SPC_DISCUSS_LST1 '','';
2019-03-19 10:20:51 EXEC SPC_COM_DATA '','','';
2019-03-19 10:20:51 EXEC SPC_DISCUSS_LST2 '','1','','';
2019-03-19 10:20:53 EXEC SPC_COM_DATA '','','';
2019-03-19 10:20:53 EXEC SPC_DICTIONARY_LST1 '','';
2019-03-19 10:20:55 EXEC SPC_COM_DATA '','','';
2019-03-19 10:20:55 EXEC SPC_RELAX_LST1 '','';
2019-03-19 10:20:56 EXEC SPC_COM_DATA '','','';
2019-03-19 10:20:56 EXEC SPC_RELAX_LST2 '','1','1','1','0','','';
2019-03-19 10:21:08 EXEC SPC_COM_DATA '','','';
2019-03-19 10:21:08 EXEC SPC_RELAX_LST1 '','';
2019-03-19 10:21:08 EXEC SPC_COM_DATA '','','';
2019-03-19 10:21:08 EXEC SPC_RELAX_LST2 '','1','1','1','0','','';
2019-03-19 10:27:51 EXEC SPC_COMMON_ACCOUNT '1','2';
2019-03-19 10:27:52 EXEC SPC_COM_DATA 'ndq809','1','2';
2019-03-19 10:27:52 EXEC SPC_COM_MENU '1';
2019-03-19 10:27:55 EXEC SPC_COM_PERMISSION '1','2','g001';
2019-03-19 10:27:55 EXEC SPC_COM_MENU '1';
2019-03-19 10:28:00 EXEC SPC_COM_PERMISSION '1','2','w001';
2019-03-19 10:28:00 EXEC SPC_COM_MENU '1';
2019-03-19 10:28:00 EXEC SPC_COM_M999_INQ1 '7';
2019-03-19 10:28:17 EXEC SPC_COM_MENU '1';
2019-03-19 10:28:17 EXEC SPC_w001_LST1 '','','','','10','1';
2019-03-19 10:28:25 EXEC SPC_COM_MENU '1';
2019-03-19 10:28:25 EXEC SPC_w001_LST1 '','','','','10','2';
2019-03-19 10:28:35 EXEC SPC_COM_MENU '1';
2019-03-19 10:28:35 EXEC SPC_w001_LST1 '','','','','10','3';
2019-03-19 10:48:58 EXEC SPC_COM_DATA '','','';
2019-03-19 10:48:58 EXEC SPC_RELAX_LST1 '','';
2019-03-19 10:48:59 EXEC SPC_COM_DATA '','','';
2019-03-19 10:48:59 EXEC SPC_RELAX_LST2 '','1','1','1','0','','';
2019-03-19 10:49:56 EXEC SPC_COM_DATA '','','';
2019-03-19 10:49:56 EXEC SPC_RELAX_LST1 '','';
2019-03-19 10:49:57 EXEC SPC_COM_DATA '','','';
2019-03-19 10:49:57 EXEC SPC_RELAX_LST2 '','1','1','1','0','','';
2019-03-19 10:49:59 EXEC SPC_COM_DATA '','','';
2019-03-19 10:50:00 EXEC SPC_COM_DATA '','','';
2019-03-19 10:50:00 EXEC SPC_TRANSLATION_LST1 '','';
2019-03-19 10:50:05 EXEC SPC_COM_DATA '','','';
2019-03-19 10:50:07 EXEC SPC_COM_DATA '','','';
2019-03-19 10:50:08 EXEC SPC_COM_DATA '','','';
2019-03-19 10:50:08 EXEC SPC_TRANSLATION_LST1 '','';
2019-03-19 10:50:09 EXEC SPC_COM_DATA '','','';
2019-03-19 10:50:15 EXEC SPC_COM_DATA '','','';
2019-03-19 10:50:15 EXEC SPC_VOCABULARY_LST1 '','','12','14';
2019-03-19 10:50:16 EXEC SPC_COM_DATA '','','';
2019-03-19 10:50:16 EXEC SPC_VOCABULARY_LST2 '2','1','';
2019-03-19 10:50:17 EXEC SPC_COM_DATA '','','';
2019-03-19 10:50:17 EXEC SPC_GRAMMAR_LST1 '','','2','1';
2019-03-19 10:50:17 EXEC SPC_COM_DATA '','','';
2019-03-19 10:50:17 EXEC SPC_GRAMMAR_LST2 '6','7','';
2019-03-19 10:50:28 EXEC SPC_COM_DATA '','','';
2019-03-19 10:50:28 EXEC SPC_LISTENING_LST1 '','','6','7';
2019-03-19 10:50:29 EXEC SPC_COM_DATA '','','';
2019-03-19 10:50:29 EXEC SPC_LISTENING_LST2 '8','8','';
2019-03-19 10:50:30 EXEC SPC_COM_DATA '','','';
2019-03-19 10:50:30 EXEC SPC_WRITING_LST1 '','','8','8';
2019-03-19 10:50:31 EXEC SPC_COM_DATA '','','';
2019-03-19 10:50:31 EXEC SPC_COMMON_GET_SUGGEST
2019-03-19 10:50:31 EXEC SPC_COM_DATA '','','';
2019-03-19 10:50:31 EXEC SPC_WRITING_LST2 '9','10','';
2019-03-19 10:50:32 EXEC SPC_COM_DATA '','','';
2019-03-19 10:50:32 EXEC SPC_READING_LST1 '','','9','10';
2019-03-19 10:50:32 EXEC SPC_COM_DATA '','','';
2019-03-19 10:50:32 EXEC SPC_READING_LST2 '12','14','';
2019-03-19 16:29:46 EXEC SPC_COM_MENU '1';
2019-03-19 16:29:46 EXEC SPC_w001_LST1 '','','','','10','6';
2019-03-19 16:29:51 EXEC SPC_COM_MENU '1';
2019-03-19 16:29:51 EXEC SPC_w001_LST1 '','','','','10','1';
