2019-06-24 09:10:52 EXEC SPC_COM_PERMISSION '1','2','v003';
2019-06-24 09:10:52 EXEC SPC_COM_MENU '1';
2019-06-24 09:10:54 EXEC SPC_COM_MENU '1';
2019-06-24 09:25:10 EXEC SPC_COM_PERMISSION '1','2','w002';
2019-06-24 09:25:10 EXEC SPC_COM_MENU '1';
2019-06-24 09:25:10 EXEC SPC_W002_FND1
2019-06-24 09:25:12 EXEC SPC_COM_MENU '1';
2019-06-24 09:25:12 EXEC SPC_W002_LST2 '1';
2019-06-24 09:25:13 EXEC SPC_COM_MENU '1';
2019-06-24 09:25:13 EXEC SPC_P003_INQ1
2019-06-24 09:25:14 EXEC SPC_COM_MENU '1';
2019-06-24 09:25:14 EXEC SPC_P003_LST2 '[]';
2019-06-24 09:25:16 EXEC SPC_COM_MENU '1';
2019-06-24 09:25:16 EXEC SPC_P003_LST1 '0','0','0','','','[]','50','1';
2019-06-24 09:25:32 EXEC SPC_COM_MENU '1';
2019-06-24 09:25:32 EXEC SPC_P003_LST1 '0','0','3','','','[]','50','1';
2019-06-24 09:25:37 EXEC SPC_COM_MENU '1';
2019-06-24 09:25:37 EXEC SPC_P003_LST1 '0','0','5','','','[]','50','1';
2019-06-24 09:25:40 EXEC SPC_COM_MENU '1';
2019-06-24 09:25:40 EXEC SPC_P003_LST1 '0','0','7','','','[]','50','1';
2019-06-24 09:25:44 EXEC SPC_COM_MENU '1';
2019-06-24 09:25:44 EXEC SPC_P003_LST1 '0','0','9','','','[]','50','1';
2019-06-24 09:25:47 EXEC SPC_COM_MENU '1';
2019-06-24 09:25:47 EXEC SPC_P003_LST1 '0','6','9','','','[]','50','1';
2019-06-24 09:25:54 EXEC SPC_COM_MENU '1';
2019-06-24 09:25:54 EXEC SPC_P003_LST1 '0','0','0','','','[]','50','1';
2019-06-24 09:26:04 EXEC SPC_COM_MENU '1';
2019-06-24 09:26:04 EXEC SPC_P003_LST1 '0','1','0','','','[]','50','1';
2019-06-24 09:26:10 EXEC SPC_COM_MENU '1';
2019-06-24 09:26:10 EXEC SPC_P003_LST3 '[{"vocabulary_code":"4"},{"vocabulary_code":"7"}]';
2019-06-24 09:28:10 EXEC SPC_COM_PERMISSION '1','2','g003';
2019-06-24 09:28:10 EXEC SPC_COM_MENU '1';
2019-06-24 09:28:10 EXEC SPC_COM_M999_INQ1 '7';
2019-06-24 09:28:37 EXEC SPC_COM_PERMISSION '1','2','w001';
2019-06-24 09:28:37 EXEC SPC_COM_MENU '1';
2019-06-24 09:28:37 EXEC SPC_W001_LST1
2019-06-24 09:28:40 EXEC SPC_COM_MENU '1';
2019-06-24 09:28:40 EXEC SPC_COMMON_CATALORUE '4';
2019-06-24 09:28:43 EXEC SPC_COM_PERMISSION '1','2','w002';
2019-06-24 09:28:43 EXEC SPC_COM_MENU '1';
2019-06-24 09:28:43 EXEC SPC_W002_FND1
2019-06-24 09:28:46 EXEC SPC_COM_MENU '1';
2019-06-24 09:28:46 EXEC SPC_W002_LST2 '4';
2019-06-24 09:28:51 EXEC SPC_COM_MENU '1';
2019-06-24 09:28:51 EXEC SPC_W002_LST2 '7';
2019-06-24 09:28:54 EXEC SPC_COM_MENU '1';
2019-06-24 09:28:54 EXEC SPC_W002_LST2 '8';
2019-06-24 09:28:56 EXEC SPC_COM_MENU '1';
2019-06-24 09:28:56 EXEC SPC_W002_LST2 '7';
2019-06-24 09:28:58 EXEC SPC_COM_MENU '1';
2019-06-24 09:28:58 EXEC SPC_W002_LST2 '6';
2019-06-24 09:29:00 EXEC SPC_COM_MENU '1';
2019-06-24 09:29:01 EXEC SPC_W002_LST2 '5';
2019-06-24 09:29:10 EXEC SPC_COM_MENU '1';
2019-06-24 09:29:10 EXEC SPC_W002_LST2 '4';
2019-06-24 09:32:05 EXEC SPC_COM_PERMISSION '1','2','w001';
2019-06-24 09:32:05 EXEC SPC_COM_MENU '1';
2019-06-24 09:32:05 EXEC SPC_W001_LST1
2019-06-24 09:40:08 EXEC SPC_COM_MENU '1';
2019-06-24 09:40:08 EXEC SPC_W001_LST2 '','','','-1','','10','1';
2019-06-24 09:40:18 EXEC SPC_COM_PERMISSION '1','2','v001';
2019-06-24 09:40:18 EXEC SPC_COM_MENU '1';
2019-06-24 09:40:18 EXEC SPC_V001_LST1
2019-06-24 09:40:22 EXEC SPC_COM_MENU '1';
2019-06-24 09:40:22 EXEC SPC_V001_LST2 '0','0','0','-1','','','50','1';
2019-06-24 09:40:30 EXEC SPC_COM_MENU '1';
2019-06-24 09:40:30 EXEC SPC_V001_LST2 '0','0','0','0','','','50','1';
2019-06-24 09:40:34 EXEC SPC_COM_MENU '1';
2019-06-24 09:40:34 EXEC SPC_V001_ACT2 '[{"row_id":"0","id":"312","dtl_id":"0"}]','1','::1';
2019-06-24 09:40:36 EXEC SPC_COM_MENU '1';
2019-06-24 09:40:36 EXEC SPC_V001_LST2 '0','0','0','1','','','50','1';
2019-06-24 09:40:40 EXEC SPC_COM_MENU '1';
2019-06-24 09:40:40 EXEC SPC_V001_ACT3 '[{"row_id":"0","id":"312","dtl_id":"0"}]','1','::1';
2019-06-24 09:40:42 EXEC SPC_COM_MENU '1';
2019-06-24 09:40:42 EXEC SPC_V001_LST2 '0','0','0','2','','','50','1';
2019-06-24 09:40:47 EXEC SPC_COM_MENU '1';
2019-06-24 09:40:47 EXEC SPC_V001_ACT4 '[{"row_id":"0","id":"312","dtl_id":"0"}]','1','::1';
2019-06-24 09:40:48 EXEC SPC_COM_MENU '1';
2019-06-24 09:40:48 EXEC SPC_V001_LST2 '0','0','0','0','','','50','1';
2019-06-24 10:11:50 EXEC SPC_COM_MENU '1';
2019-06-24 10:11:50 EXEC SPC_V001_LST2 '0','0','0','0','','','50','1';
2019-06-24 10:12:07 EXEC SPC_COM_PERMISSION '1','2','w002';
2019-06-24 10:12:07 EXEC SPC_COM_MENU '1';
2019-06-24 10:12:07 EXEC SPC_W002_FND1
2019-06-24 10:12:10 EXEC SPC_COM_MENU '1';
2019-06-24 10:12:10 EXEC SPC_W002_LST2 '1';
2019-06-24 10:12:21 EXEC SPC_COM_PERMISSION '1','2','g003';
2019-06-24 10:12:21 EXEC SPC_COM_MENU '1';
2019-06-24 10:12:21 EXEC SPC_COM_M999_INQ1 '7';
2019-06-24 10:12:34 EXEC SPC_COM_MENU '1';
2019-06-24 10:12:34 EXEC SPC_COMMON_CATALORUE '5';
2019-06-24 10:12:44 EXEC SPC_COM_PERMISSION '1','2','g003';
2019-06-24 10:12:44 EXEC SPC_COM_MENU '1';
2019-06-24 10:12:44 EXEC SPC_COM_M999_INQ1 '7';
2019-06-24 10:12:48 EXEC SPC_COM_PERMISSION '1','2','w002';
2019-06-24 10:12:48 EXEC SPC_COM_MENU '1';
2019-06-24 10:12:48 EXEC SPC_W002_FND1
2019-06-24 10:12:50 EXEC SPC_COM_MENU '1';
2019-06-24 10:12:50 EXEC SPC_W002_LST2 '5';
2019-06-24 10:12:53 EXEC SPC_COM_MENU '1';
2019-06-24 10:12:53 EXEC SPC_W002_LST2 '4';
2019-06-24 10:12:59 EXEC SPC_COM_PERMISSION '1','2','g003';
2019-06-24 10:12:59 EXEC SPC_COM_MENU '1';
2019-06-24 10:12:59 EXEC SPC_COM_M999_INQ1 '7';
2019-06-24 10:13:01 EXEC SPC_COM_MENU '1';
2019-06-24 10:13:01 EXEC SPC_COMMON_CATALORUE '4';
2019-06-24 10:13:07 EXEC SPC_COM_PERMISSION '1','2','g004';
2019-06-24 10:13:07 EXEC SPC_COM_MENU '1';
2019-06-24 10:13:07 EXEC SPC_COM_M999_INQ1 '7';
2019-06-24 10:13:11 EXEC SPC_COM_MENU '1';
2019-06-24 10:13:11 EXEC SPC_COMMON_CATALORUE '4';
2019-06-24 10:13:41 EXEC SPC_COM_MENU '1';
2019-06-24 10:13:41 EXEC SPC_G004_ACT1 '4','test học viết','1','::1';
2019-06-24 10:13:47 EXEC SPC_COM_MENU '1';
2019-06-24 10:13:47 EXEC SPC_COMMON_CATALORUE '3';
2019-06-24 10:13:57 EXEC SPC_COM_MENU '1';
2019-06-24 10:13:57 EXEC SPC_G004_ACT1 '3','test nghe','1','::1';
2019-06-24 10:14:00 EXEC SPC_COM_PERMISSION '1','2','g006';
2019-06-24 10:14:00 EXEC SPC_COM_MENU '1';
2019-06-24 10:14:00 EXEC SPC_COM_M999_INQ1 '7';
2019-06-24 10:14:03 EXEC SPC_COM_MENU '1';
2019-06-24 10:14:03 EXEC SPC_COMMON_CATALORUE '3';
2019-06-24 10:14:03 EXEC SPC_COM_MENU '1';
2019-06-24 10:14:03 EXEC SPC_COMMON_GROUP '';
2019-06-24 10:14:04 EXEC SPC_COM_MENU '1';
2019-06-24 10:14:04 EXEC SPC_COMMON_GROUP '2';
2019-06-24 10:14:14 EXEC SPC_COM_MENU '1';
2019-06-24 10:14:14 EXEC SPC_G006_ACT1 '3','2','test nhóm nghe','1','::1';
2019-06-24 10:14:18 EXEC SPC_COM_MENU '1';
2019-06-24 10:14:18 EXEC SPC_COMMON_CATALORUE '4';
2019-06-24 10:14:18 EXEC SPC_COM_MENU '1';
2019-06-24 10:14:18 EXEC SPC_COMMON_GROUP '';
2019-06-24 10:14:19 EXEC SPC_COM_MENU '1';
2019-06-24 10:14:19 EXEC SPC_COMMON_GROUP '1';
2019-06-24 10:15:00 EXEC SPC_COM_MENU '1';
2019-06-24 10:15:00 EXEC SPC_G006_ACT1 '4','1','test nhóm học viết','1','::1';
2019-06-24 10:15:06 EXEC SPC_COM_PERMISSION '1','2','w002';
2019-06-24 10:15:06 EXEC SPC_COM_MENU '1';
2019-06-24 10:15:06 EXEC SPC_W002_FND1
2019-06-24 10:15:11 EXEC SPC_COM_MENU '1';
2019-06-24 10:15:11 EXEC SPC_W002_LST2 '3';
2019-06-24 10:15:14 EXEC SPC_COM_MENU '1';
2019-06-24 10:15:14 EXEC SPC_COMMON_GROUP '2';
2019-06-24 10:15:38 EXEC SPC_COM_MENU '1';
2019-06-24 10:15:38 EXEC SPC_P003_INQ1
2019-06-24 10:15:39 EXEC SPC_COM_MENU '1';
2019-06-24 10:15:39 EXEC SPC_P003_LST2 '[]';
2019-06-24 10:15:40 EXEC SPC_COM_MENU '1';
2019-06-24 10:15:40 EXEC SPC_P003_LST1 '0','0','0','','','[]','50','1';
2019-06-24 10:15:44 EXEC SPC_COM_MENU '1';
2019-06-24 10:15:44 EXEC SPC_P003_LST3 '[{"vocabulary_code":"4"},{"vocabulary_code":"7"},{"vocabulary_code":"12"}]';
2019-06-24 10:15:50 EXEC SPC_COM_MENU '1';
2019-06-24 10:15:50 EXEC SPC_w002_ACT1 '','3','2','1','nghe hay thì nghe','[]','<p>em g&aacute;i mưa</p>
','/web-content/audio/listeningAudio/audio_5d1024467c8bc.mp3','audio_5d1024467c8bc.mp3','1','[{"row_id":0,"vocabulary_code":"4"},{"row_id":1,"vocabulary_code":"7"},{"row_id":2,"vocabulary_code":"12"}]','[]','[]','1','::1';
2019-06-24 10:15:50 SQLSTATE[42000]: [Microsoft][ODBC Driver 17 for SQL Server][SQL Server]現在のトランザクションのコミットおよびログ ファイルに書き込む操作はサポートできません。トランザクションをロールバックしてください。
2019-06-24 10:16:03 EXEC SPC_COM_MENU '1';
2019-06-24 10:16:03 EXEC SPC_w002_ACT1 '','3','2','1','nghe hay thì nghe','[]','<p>em g&aacute;i mưa</p>
','/web-content/audio/listeningAudio/audio_5d1024538d43e.mp3','audio_5d1024538d43e.mp3','1','[{"row_id":0,"vocabulary_code":"4"},{"row_id":1,"vocabulary_code":"7"},{"row_id":2,"vocabulary_code":"12"}]','[]','[]','1','::1';
2019-06-24 10:16:03 SQLSTATE[42000]: [Microsoft][ODBC Driver 17 for SQL Server][SQL Server]現在のトランザクションのコミットおよびログ ファイルに書き込む操作はサポートできません。トランザクションをロールバックしてください。
2019-06-24 10:27:22 EXEC SPC_COM_PERMISSION '1','2','w002';
2019-06-24 10:27:22 EXEC SPC_COM_MENU '1';
2019-06-24 10:27:22 EXEC SPC_W002_FND1
2019-06-24 10:27:24 EXEC SPC_COM_MENU '1';
2019-06-24 10:27:24 EXEC SPC_W002_LST1 '1';
2019-06-24 10:27:24 SQLSTATE[42S22]: [Microsoft][ODBC Driver 17 for SQL Server][SQL Server]列名 'explain' が無効です。
2019-06-24 10:30:40 EXEC SPC_COM_PERMISSION '1','2','w002';
2019-06-24 10:30:40 EXEC SPC_COM_MENU '1';
2019-06-24 10:30:40 EXEC SPC_W002_FND1
2019-06-24 10:30:42 EXEC SPC_COM_MENU '1';
2019-06-24 10:30:42 EXEC SPC_W002_LST1 '17';
2019-06-24 10:31:15 EXEC SPC_COM_PERMISSION '1','2','w002';
2019-06-24 10:31:15 EXEC SPC_COM_MENU '1';
2019-06-24 10:31:15 EXEC SPC_W002_FND1
2019-06-24 10:31:27 EXEC SPC_COM_MENU '1';
2019-06-24 10:31:27 EXEC SPC_W002_LST1 '1';
2019-06-24 10:32:45 EXEC SPC_COM_PERMISSION '1','2','w002';
2019-06-24 10:32:45 EXEC SPC_COM_MENU '1';
2019-06-24 10:32:45 EXEC SPC_W002_FND1
2019-06-24 10:32:47 EXEC SPC_COM_MENU '1';
2019-06-24 10:32:47 EXEC SPC_W002_LST1 '1';
2019-06-24 10:33:51 EXEC SPC_COM_PERMISSION '1','2','w002';
2019-06-24 10:33:51 EXEC SPC_COM_MENU '1';
2019-06-24 10:33:51 EXEC SPC_W002_FND1
2019-06-24 10:33:54 EXEC SPC_COM_MENU '1';
2019-06-24 10:33:54 EXEC SPC_W002_LST1 '1';
2019-06-24 10:35:20 EXEC SPC_COM_PERMISSION '1','2','w002';
2019-06-24 10:35:20 EXEC SPC_COM_MENU '1';
2019-06-24 10:35:20 EXEC SPC_W002_FND1
2019-06-24 10:35:22 EXEC SPC_COM_MENU '1';
2019-06-24 10:35:22 EXEC SPC_W002_LST1 '1';
2019-06-24 10:35:22 EXEC SPC_COM_MENU '1';
2019-06-24 10:35:22 EXEC SPC_W002_LST2 '3';
2019-06-24 10:35:23 EXEC SPC_COM_MENU '1';
2019-06-24 10:35:23 EXEC SPC_COMMON_GROUP '2';
2019-06-24 10:35:52 EXEC SPC_COM_MENU '1';
2019-06-24 10:35:52 EXEC SPC_w002_ACT1 '1','3','2','1','nghe hay thì nghe','[]','<p>em g&aacute;i mưa</p>
','','','0','[{"row_id":0,"vocabulary_code":"4"},{"row_id":1,"vocabulary_code":"7"},{"row_id":2,"vocabulary_code":"12"}]','[]','[]','1','::1';
2019-06-24 10:35:53 EXEC SPC_COM_MENU '1';
2019-06-24 10:35:53 EXEC SPC_W002_LST1 '1';
2019-06-24 10:35:54 EXEC SPC_COM_MENU '1';
2019-06-24 10:35:54 EXEC SPC_W002_LST2 '3';
2019-06-24 10:35:54 EXEC SPC_COM_MENU '1';
2019-06-24 10:35:54 EXEC SPC_COMMON_GROUP '2';
2019-06-24 10:37:28 EXEC SPC_COM_PERMISSION '1','2','w002';
2019-06-24 10:37:28 EXEC SPC_COM_MENU '1';
2019-06-24 10:37:28 EXEC SPC_W002_FND1
2019-06-24 10:37:33 EXEC SPC_COM_MENU '1';
2019-06-24 10:37:33 EXEC SPC_W002_LST1 '1';
2019-06-24 10:37:33 EXEC SPC_COM_MENU '1';
2019-06-24 10:37:33 EXEC SPC_W002_LST2 '3';
2019-06-24 10:37:34 EXEC SPC_COM_MENU '1';
2019-06-24 10:37:34 EXEC SPC_COMMON_GROUP '2';
2019-06-24 10:37:39 EXEC SPC_COM_MENU '1';
2019-06-24 10:37:39 EXEC SPC_w002_ACT1 '1','3','2','1','nghe hay thì nghe','[]','<p>em g&aacute;i mưa</p>
','','','0','[{"row_id":0,"vocabulary_code":"4"},{"row_id":1,"vocabulary_code":"7"},{"row_id":2,"vocabulary_code":"12"}]','[]','[]','1','::1';
2019-06-24 10:37:42 EXEC SPC_COM_MENU '1';
2019-06-24 10:37:42 EXEC SPC_W002_LST1 '1';
2019-06-24 10:37:42 EXEC SPC_COM_MENU '1';
2019-06-24 10:37:42 EXEC SPC_W002_LST2 '3';
2019-06-24 10:37:43 EXEC SPC_COM_MENU '1';
2019-06-24 10:37:43 EXEC SPC_COMMON_GROUP '2';
2019-06-24 10:40:47 EXEC SPC_COM_PERMISSION '1','2','w002';
2019-06-24 10:40:47 EXEC SPC_COM_MENU '1';
2019-06-24 10:40:47 EXEC SPC_W002_FND1
2019-06-24 10:40:51 EXEC SPC_COM_MENU '1';
2019-06-24 10:40:51 EXEC SPC_W002_LST1 '1';
2019-06-24 10:40:52 EXEC SPC_COM_MENU '1';
2019-06-24 10:40:52 EXEC SPC_W002_LST2 '3';
2019-06-24 10:40:52 EXEC SPC_COM_MENU '1';
2019-06-24 10:40:52 EXEC SPC_COMMON_GROUP '2';
2019-06-24 10:40:55 EXEC SPC_COM_MENU '1';
2019-06-24 10:40:55 EXEC SPC_w002_ACT1 '1','3','2','1','nghe hay thì nghe','[]','<p>em g&aacute;i mưa</p>
','','','0','[{"row_id":0,"vocabulary_code":"4"},{"row_id":1,"vocabulary_code":"7"},{"row_id":2,"vocabulary_code":"12"}]','[]','[]','1','::1';
2019-06-24 10:40:57 EXEC SPC_COM_MENU '1';
2019-06-24 10:40:57 EXEC SPC_W002_LST1 '1';
2019-06-24 10:40:57 EXEC SPC_COM_MENU '1';
2019-06-24 10:40:57 EXEC SPC_W002_LST2 '3';
2019-06-24 10:40:57 EXEC SPC_COM_MENU '1';
2019-06-24 10:40:57 EXEC SPC_COMMON_GROUP '2';
2019-06-24 10:43:25 EXEC SPC_COM_PERMISSION '1','2','w002';
2019-06-24 10:43:25 EXEC SPC_COM_MENU '1';
2019-06-24 10:43:25 EXEC SPC_W002_FND1
2019-06-24 10:43:28 EXEC SPC_COM_MENU '1';
2019-06-24 10:43:28 EXEC SPC_W002_LST1 '1';
2019-06-24 10:43:29 EXEC SPC_COM_MENU '1';
2019-06-24 10:43:29 EXEC SPC_W002_LST2 '3';
2019-06-24 10:43:29 EXEC SPC_COM_MENU '1';
2019-06-24 10:43:29 EXEC SPC_COMMON_GROUP '2';
2019-06-24 10:43:32 EXEC SPC_COM_MENU '1';
2019-06-24 10:43:32 EXEC SPC_w002_ACT1 '1','3','2','1','nghe hay thì nghe','[]','<p>em gái mưa</p>
','','','0','[{"row_id":0,"vocabulary_code":"4"},{"row_id":1,"vocabulary_code":"7"},{"row_id":2,"vocabulary_code":"12"}]','[]','[]','1','::1';
2019-06-24 10:43:34 EXEC SPC_COM_MENU '1';
2019-06-24 10:43:34 EXEC SPC_W002_LST1 '1';
2019-06-24 10:43:34 EXEC SPC_COM_MENU '1';
2019-06-24 10:43:34 EXEC SPC_W002_LST2 '3';
2019-06-24 10:43:34 EXEC SPC_COM_MENU '1';
2019-06-24 10:43:34 EXEC SPC_COMMON_GROUP '2';
2019-06-24 10:52:26 EXEC SPC_COM_PERMISSION '1','2','w002';
2019-06-24 10:52:26 EXEC SPC_COM_MENU '1';
2019-06-24 10:52:26 EXEC SPC_W002_FND1
2019-06-24 10:52:29 EXEC SPC_COM_MENU '1';
2019-06-24 10:52:29 EXEC SPC_W002_LST2 '5';
2019-06-24 10:52:34 EXEC SPC_COM_MENU '1';
2019-06-24 10:52:34 EXEC SPC_W002_LST2 '4';
2019-06-24 10:52:35 EXEC SPC_COM_MENU '1';
2019-06-24 10:52:35 EXEC SPC_COMMON_GROUP '1';
2019-06-24 10:53:00 EXEC SPC_COM_MENU '1';
2019-06-24 10:53:00 EXEC SPC_P003_INQ1
2019-06-24 10:53:01 EXEC SPC_COM_MENU '1';
2019-06-24 10:53:01 EXEC SPC_P003_LST2 '[]';
2019-06-24 10:53:03 EXEC SPC_COM_MENU '1';
2019-06-24 10:53:03 EXEC SPC_P003_LST1 '0','0','0','','','[]','50','1';
2019-06-24 10:53:06 EXEC SPC_COM_MENU '1';
2019-06-24 10:53:06 EXEC SPC_P003_LST3 '[{"vocabulary_code":"13"},{"vocabulary_code":"14"},{"vocabulary_code":"19"}]';
2019-06-24 10:53:09 EXEC SPC_COM_MENU '1';
2019-06-24 10:53:09 EXEC SPC_w002_ACT1 '','4','1','2','why i'm handsome too much?','[{"tag_nm":"hand","is_new":1},{"tag_nm":"some","is_new":1},{"tag_nm":"vl","is_new":1}]','<p>ok fine</p>
','','','0','[{"row_id":0,"vocabulary_code":"13"},{"row_id":1,"vocabulary_code":"14"},{"row_id":2,"vocabulary_code":"19"}]','[]','[]','1','::1';
2019-06-24 10:53:11 EXEC SPC_COM_MENU '1';
2019-06-24 10:53:11 EXEC SPC_W002_LST1 '2';
2019-06-24 10:53:11 EXEC SPC_COM_MENU '1';
2019-06-24 10:53:11 EXEC SPC_W002_LST2 '4';
2019-06-24 10:53:11 EXEC SPC_COM_MENU '1';
2019-06-24 10:53:11 EXEC SPC_COMMON_GROUP '1';
2019-06-24 10:53:17 EXEC SPC_COM_PERMISSION '1','2','w002';
2019-06-24 10:53:17 EXEC SPC_COM_MENU '1';
2019-06-24 10:53:17 EXEC SPC_W002_FND1
2019-06-24 10:53:19 EXEC SPC_COM_MENU '1';
2019-06-24 10:53:19 EXEC SPC_W002_LST1 '2';
2019-06-24 10:53:20 EXEC SPC_COM_MENU '1';
2019-06-24 10:53:20 EXEC SPC_W002_LST2 '4';
2019-06-24 10:53:20 EXEC SPC_COM_MENU '1';
2019-06-24 10:53:20 EXEC SPC_COMMON_GROUP '1';
2019-06-24 10:54:38 EXEC SPC_COM_PERMISSION '1','2','w002';
2019-06-24 10:54:38 EXEC SPC_COM_MENU '1';
2019-06-24 10:54:38 EXEC SPC_W002_FND1
2019-06-24 10:54:41 EXEC SPC_COM_MENU '1';
2019-06-24 10:54:41 EXEC SPC_W002_LST1 '1';
2019-06-24 10:54:42 EXEC SPC_COM_MENU '1';
2019-06-24 10:54:42 EXEC SPC_W002_LST2 '3';
2019-06-24 10:54:42 EXEC SPC_COM_MENU '1';
2019-06-24 10:54:42 EXEC SPC_COMMON_GROUP '2';
2019-06-24 10:54:44 EXEC SPC_COM_MENU '1';
2019-06-24 10:54:44 EXEC SPC_W002_LST1 '2';
2019-06-24 10:54:44 EXEC SPC_COM_MENU '1';
2019-06-24 10:54:44 EXEC SPC_W002_LST2 '4';
2019-06-24 10:54:44 EXEC SPC_COM_MENU '1';
2019-06-24 10:54:44 EXEC SPC_COMMON_GROUP '1';
2019-06-24 10:54:49 EXEC SPC_COM_MENU '1';
2019-06-24 10:54:49 EXEC SPC_P003_INQ1
2019-06-24 10:54:49 EXEC SPC_COM_MENU '1';
2019-06-24 10:54:49 EXEC SPC_P003_LST2 '[{"vocabulary_code":"","vocabulary_id":"","vocabulary_dtl_id":"","vocabulary_nm":"","vocabulary_div":"","vocabulary_div_nm":"","specialized_div":"","specialized_div_nm":"","field_div":"","field_div_nm":"","spelling":"","mean":"","image":"","audio":""},{"vocabulary_code":"","vocabulary_id":"","vocabulary_dtl_id":"","vocabulary_nm":"","vocabulary_div":"","vocabulary_div_nm":"","specialized_div":"","specialized_div_nm":"","field_div":"","field_div_nm":"","spelling":"","mean":"","image":"","audio":""},{"vocabulary_code":"","vocabulary_id":"","vocabulary_dtl_id":"","vocabulary_nm":"","vocabulary_div":"","vocabulary_div_nm":"","specialized_div":"","specialized_div_nm":"","field_div":"","field_div_nm":"","spelling":"","mean":"","image":"","audio":""},{"vocabulary_code":"13","vocabulary_id":"320","vocabulary_dtl_id":"2","vocabulary_nm":"\"B\" stock","vocabulary_div":"0","vocabulary_div_nm":"","specialized_div":"1","specialized_div_nm":"kinh t\u1ebf","field_div":"0","field_div_nm":"","spelling":"","mean":"c\u1ed5 phi\u1ebfu \u01b0u ti\u00ean th\u01b0\u1eddng","image":"","audio":""},{"vocabulary_code":"14","vocabulary_id":"321","vocabulary_dtl_id":"0","vocabulary_nm":"\"back-door\" deal","vocabulary_div":"0","vocabulary_div_nm":"","specialized_div":"1","specialized_div_nm":"kinh t\u1ebf","field_div":"0","field_div_nm":"","spelling":"","mean":"giao d\u1ecbch c\u1eeda sau","image":"","audio":""},{"vocabulary_code":"19","vocabulary_id":"322","vocabulary_dtl_id":"0","vocabulary_nm":"cccccc","vocabulary_div":"0","vocabulary_div_nm":"","specialized_div":"0","specialized_div_nm":"","field_div":"0","field_div_nm":"","spelling":"","mean":"","image":"","audio":""}]';
2019-06-24 11:00:54 EXEC SPC_COM_PERMISSION '1','2','w002';
2019-06-24 11:00:54 EXEC SPC_COM_MENU '1';
2019-06-24 11:00:54 EXEC SPC_W002_FND1
2019-06-24 11:00:57 EXEC SPC_COM_MENU '1';
2019-06-24 11:00:57 EXEC SPC_W002_LST1 '2';
2019-06-24 11:00:57 EXEC SPC_COM_MENU '1';
2019-06-24 11:00:57 EXEC SPC_W002_LST2 '4';
2019-06-24 11:00:58 EXEC SPC_COM_MENU '1';
2019-06-24 11:00:58 EXEC SPC_COMMON_GROUP '1';
2019-06-24 11:01:03 EXEC SPC_COM_MENU '1';
2019-06-24 11:01:03 EXEC SPC_W002_LST1 '1';
2019-06-24 11:01:03 EXEC SPC_COM_MENU '1';
2019-06-24 11:01:03 EXEC SPC_W002_LST2 '3';
2019-06-24 11:01:03 EXEC SPC_COM_MENU '1';
2019-06-24 11:01:03 EXEC SPC_COMMON_GROUP '2';
2019-06-24 11:01:05 EXEC SPC_COM_MENU '1';
2019-06-24 11:01:05 EXEC SPC_W002_LST1 '2';
2019-06-24 11:01:06 EXEC SPC_COM_MENU '1';
2019-06-24 11:01:06 EXEC SPC_W002_LST2 '4';
2019-06-24 11:01:06 EXEC SPC_COM_MENU '1';
2019-06-24 11:01:06 EXEC SPC_COMMON_GROUP '1';
2019-06-24 11:01:09 EXEC SPC_COM_MENU '1';
2019-06-24 11:01:09 EXEC SPC_W002_LST1 '1';
2019-06-24 11:01:10 EXEC SPC_COM_MENU '1';
2019-06-24 11:01:10 EXEC SPC_W002_LST2 '3';
2019-06-24 11:01:10 EXEC SPC_COM_MENU '1';
2019-06-24 11:01:10 EXEC SPC_COMMON_GROUP '2';
2019-06-24 11:02:46 EXEC SPC_COM_MENU '1';
2019-06-24 11:02:46 EXEC SPC_W002_LST2 '5';
2019-06-24 11:02:54 EXEC SPC_COM_PERMISSION '1','2','g003';
2019-06-24 11:02:54 EXEC SPC_COM_MENU '1';
2019-06-24 11:02:54 EXEC SPC_COM_M999_INQ1 '7';
2019-06-24 11:02:56 EXEC SPC_COM_MENU '1';
2019-06-24 11:02:56 EXEC SPC_COMMON_CATALORUE '5';
2019-06-24 11:03:12 EXEC SPC_COM_PERMISSION '1','2','g004';
2019-06-24 11:03:12 EXEC SPC_COM_MENU '1';
2019-06-24 11:03:12 EXEC SPC_COM_M999_INQ1 '7';
2019-06-24 11:03:18 EXEC SPC_COM_MENU '1';
2019-06-24 11:03:18 EXEC SPC_COMMON_CATALORUE '5';
2019-06-24 11:03:26 EXEC SPC_COM_MENU '1';
2019-06-24 11:03:26 EXEC SPC_G004_ACT1 '5','test đọc hiểu','1','::1';
2019-06-24 11:03:31 EXEC SPC_COM_PERMISSION '1','2','g006';
2019-06-24 11:03:31 EXEC SPC_COM_MENU '1';
2019-06-24 11:03:31 EXEC SPC_COM_M999_INQ1 '7';
2019-06-24 11:03:34 EXEC SPC_COM_MENU '1';
2019-06-24 11:03:34 EXEC SPC_COMMON_CATALORUE '5';
2019-06-24 11:03:34 EXEC SPC_COM_MENU '1';
2019-06-24 11:03:34 EXEC SPC_COMMON_GROUP '';
2019-06-24 11:03:35 EXEC SPC_COM_MENU '1';
2019-06-24 11:03:35 EXEC SPC_COMMON_GROUP '3';
2019-06-24 11:03:47 EXEC SPC_COM_MENU '1';
2019-06-24 11:03:47 EXEC SPC_G006_ACT1 '5','3','test nhóm đọc hiểu','1','::1';
2019-06-24 11:03:50 EXEC SPC_COM_PERMISSION '1','2','w002';
2019-06-24 11:03:50 EXEC SPC_COM_MENU '1';
2019-06-24 11:03:50 EXEC SPC_W002_FND1
2019-06-24 11:03:55 EXEC SPC_COM_MENU '1';
2019-06-24 11:03:55 EXEC SPC_W002_LST2 '5';
2019-06-24 11:03:58 EXEC SPC_COM_MENU '1';
2019-06-24 11:03:58 EXEC SPC_COMMON_GROUP '3';
2019-06-24 11:04:08 EXEC SPC_COM_MENU '1';
2019-06-24 11:04:08 EXEC SPC_P003_INQ1
2019-06-24 11:04:09 EXEC SPC_COM_MENU '1';
2019-06-24 11:04:09 EXEC SPC_P003_LST2 '[]';
2019-06-24 11:04:12 EXEC SPC_COM_MENU '1';
2019-06-24 11:04:12 EXEC SPC_P003_INQ1
2019-06-24 11:04:13 EXEC SPC_COM_MENU '1';
2019-06-24 11:04:13 EXEC SPC_P003_LST2 '[]';
2019-06-24 11:04:14 EXEC SPC_COM_MENU '1';
2019-06-24 11:04:14 EXEC SPC_P003_LST1 '0','0','0','','','[]','50','1';
2019-06-24 11:04:19 EXEC SPC_COM_MENU '1';
2019-06-24 11:04:19 EXEC SPC_P003_LST3 '[{"vocabulary_code":"6"},{"vocabulary_code":"4"},{"vocabulary_code":"14"}]';
2019-06-24 11:04:35 EXEC SPC_COM_MENU '1';
2019-06-24 11:04:35 EXEC SPC_w002_ACT1 '','5','3','3','tuổi tí so vs tuổi tôm','[]','<p>demacia</p>
','','','0','[{"row_id":0,"vocabulary_code":"6"},{"row_id":1,"vocabulary_code":"4"},{"row_id":2,"vocabulary_code":"14"}]','[]','[{"row_id":1,"content":"1+1 = ????","question_div":0},{"row_id":1,"content":"1","verify":0,"question_div":0},{"row_id":1,"content":"2","verify":0,"question_div":0},{"row_id":1,"content":"3","verify":0,"question_div":0},{"row_id":1,"content":"4","verify":0,"question_div":0}]','1','::1';
2019-06-24 11:04:36 EXEC SPC_COM_MENU '1';
2019-06-24 11:04:36 EXEC SPC_W002_LST1 '3';
2019-06-24 11:04:37 EXEC SPC_COM_MENU '1';
2019-06-24 11:04:37 EXEC SPC_W002_LST2 '5';
2019-06-24 11:04:37 EXEC SPC_COM_MENU '1';
2019-06-24 11:04:37 EXEC SPC_COMMON_GROUP '3';
2019-06-24 11:04:51 EXEC SPC_COM_PERMISSION '1','2','w002';
2019-06-24 11:04:51 EXEC SPC_COM_MENU '1';
2019-06-24 11:04:51 EXEC SPC_W002_FND1
2019-06-24 11:04:54 EXEC SPC_COM_MENU '1';
2019-06-24 11:04:54 EXEC SPC_W002_LST1 '3';
2019-06-24 11:04:54 EXEC SPC_COM_MENU '1';
2019-06-24 11:04:54 EXEC SPC_W002_LST2 '5';
2019-06-24 11:04:54 EXEC SPC_COM_MENU '1';
2019-06-24 11:04:54 EXEC SPC_COMMON_GROUP '3';
2019-06-24 11:05:02 EXEC SPC_COM_MENU '1';
2019-06-24 11:05:02 EXEC SPC_w002_ACT1 '3','5','3','3','tuổi tí so vs tuổi tôm','[]','<p>demacia</p>
','','','0','[{"row_id":0,"vocabulary_code":"4"},{"row_id":1,"vocabulary_code":"6"},{"row_id":2,"vocabulary_code":"14"}]','[]','[{"row_id":1,"content":"1+1 = ????","question_div":0},{"row_id":1,"content":"1","verify":1,"question_div":0},{"row_id":1,"content":"2","verify":0,"question_div":0},{"row_id":1,"content":"3","verify":0,"question_div":0},{"row_id":1,"content":"4","verify":0,"question_div":0}]','1','::1';
2019-06-24 11:05:03 EXEC SPC_COM_MENU '1';
2019-06-24 11:05:03 EXEC SPC_W002_LST1 '3';
2019-06-24 11:05:03 EXEC SPC_COM_MENU '1';
2019-06-24 11:05:03 EXEC SPC_W002_LST2 '5';
2019-06-24 11:05:04 EXEC SPC_COM_MENU '1';
2019-06-24 11:05:04 EXEC SPC_COMMON_GROUP '3';
2019-06-24 11:07:56 EXEC SPC_COM_MENU '1';
2019-06-24 11:07:56 EXEC SPC_w002_ACT1 '3','5','3','3','tuổi tí so vs tuổi tôm','[]','<p>demacia</p>
','','','0','[{"row_id":0,"vocabulary_code":"4"},{"row_id":1,"vocabulary_code":"6"},{"row_id":2,"vocabulary_code":"14"}]','[]','[{"row_id":1,"content":"1+1 = ???? 'sa' *\/+","question_div":0},{"row_id":1,"content":"1","verify":1,"question_div":0},{"row_id":1,"content":"2","verify":0,"question_div":0},{"row_id":1,"content":"3","verify":0,"question_div":0},{"row_id":1,"content":"4","verify":0,"question_div":0}]','1','::1';
2019-06-24 11:07:57 EXEC SPC_COM_MENU '1';
2019-06-24 11:07:57 EXEC SPC_W002_LST1 '3';
2019-06-24 11:07:58 EXEC SPC_COM_MENU '1';
2019-06-24 11:07:58 EXEC SPC_W002_LST2 '5';
2019-06-24 11:07:58 EXEC SPC_COM_MENU '1';
2019-06-24 11:07:58 EXEC SPC_COMMON_GROUP '3';
2019-06-24 11:08:10 EXEC SPC_COM_MENU '1';
2019-06-24 11:08:10 EXEC SPC_w002_ACT1 '3','5','3','3','tuổi tí so vs tuổi tôm','[]','<p>demacia</p>
','','','0','[{"row_id":0,"vocabulary_code":"4"},{"row_id":1,"vocabulary_code":"6"},{"row_id":2,"vocabulary_code":"14"}]','[]','[{"row_id":1,"content":"1+1 = ???? ","question_div":0},{"row_id":1,"content":"1","verify":1,"question_div":0},{"row_id":1,"content":"2","verify":0,"question_div":0},{"row_id":1,"content":"3","verify":0,"question_div":0},{"row_id":1,"content":"4","verify":0,"question_div":0}]','1','::1';
2019-06-24 11:08:11 EXEC SPC_COM_MENU '1';
2019-06-24 11:08:11 EXEC SPC_W002_LST1 '3';
2019-06-24 11:08:12 EXEC SPC_COM_MENU '1';
2019-06-24 11:08:12 EXEC SPC_W002_LST2 '5';
2019-06-24 11:08:12 EXEC SPC_COM_MENU '1';
2019-06-24 11:08:12 EXEC SPC_COMMON_GROUP '3';
2019-06-24 11:57:07 EXEC SPC_COM_DATA '','','';
2019-06-24 11:57:11 EXEC SPC_COM_DATA '','','';
2019-06-24 11:57:12 EXEC SPC_COM_DATA '','','';
2019-06-24 11:57:13 EXEC SPC_COMMON_ACCOUNT '18','1';
2019-06-24 11:57:13 EXEC SPC_COM_DATA '14','2','1';
2019-06-24 11:57:13 EXEC SPC_COM_MENU '2';
2019-06-24 11:57:24 EXEC SPC_COM_DATA '14','2','1';
2019-06-24 11:57:24 EXEC SPC_WRITING_LST1 '','14','','';
2019-06-24 11:57:24 EXEC SPC_COM_DATA '14','2','1';
2019-06-24 11:57:24 EXEC SPC_COMMON_GET_SUGGEST
2019-06-24 11:57:29 EXEC SPC_COM_M999_INQ1 '8';
2019-06-24 11:57:30 EXEC SPC_USER_P001_LST2 '[]';
2019-06-24 11:57:30 SQLSTATE[21S01]: [Microsoft][ODBC Driver 17 for SQL Server][SQL Server]列名または指定された値の数がテーブルの定義と一致しません。
2019-06-24 11:57:33 EXEC SPC_COM_DATA '14','2','1';
2019-06-24 11:57:33 EXEC SPC_COMMON_GET_SUGGEST
2019-06-24 12:00:21 EXEC SPC_COM_DATA '14','2','1';
2019-06-24 12:00:21 EXEC SPC_WRITING_LST1 '','14','','';
2019-06-24 12:00:21 EXEC SPC_COM_DATA '14','2','1';
2019-06-24 12:00:21 EXEC SPC_COMMON_GET_SUGGEST
2019-06-24 12:01:31 EXEC SPC_COM_M999_INQ1 '8';
2019-06-24 12:01:31 EXEC SPC_USER_P001_LST2 '[]';
2019-06-24 12:01:31 SQLSTATE[21S01]: [Microsoft][ODBC Driver 17 for SQL Server][SQL Server]列名または指定された値の数がテーブルの定義と一致しません。
2019-06-24 12:01:38 EXEC SPC_COM_DATA '14','2','1';
2019-06-24 12:01:38 EXEC SPC_COMMON_GET_SUGGEST
2019-06-24 13:41:40 EXEC SPC_COM_DATA '14','2','1';
2019-06-24 13:41:40 EXEC SPC_COM_MENU '2';
2019-06-24 14:22:46 EXEC SPC_COM_DATA '14','2','1';
2019-06-24 14:22:46 EXEC SPC_WRITING_LST1 '','14','','';
2019-06-24 14:22:47 EXEC SPC_COM_DATA '14','2','1';
2019-06-24 14:22:47 EXEC SPC_COMMON_GET_SUGGEST
2019-06-24 14:22:51 EXEC SPC_COM_M999_INQ1 '8';
2019-06-24 14:22:52 EXEC SPC_USER_P001_LST2 '[]';
2019-06-24 14:22:52 SQLSTATE[21S01]: [Microsoft][ODBC Driver 17 for SQL Server][SQL Server]列名または指定された値の数がテーブルの定義と一致しません。
2019-06-24 14:22:55 EXEC SPC_COM_DATA '14','2','1';
2019-06-24 14:22:55 EXEC SPC_COMMON_GET_SUGGEST
2019-06-24 14:24:29 EXEC SPC_COM_DATA '14','2','1';
2019-06-24 14:24:29 EXEC SPC_WRITING_LST1 '','14','','';
2019-06-24 14:24:30 EXEC SPC_COM_DATA '14','2','1';
2019-06-24 14:24:30 EXEC SPC_COMMON_GET_SUGGEST
2019-06-24 14:24:32 EXEC SPC_COM_M999_INQ1 '8';
2019-06-24 14:24:32 EXEC SPC_USER_P001_LST2 '[]';
2019-06-24 14:24:32 SQLSTATE[21S01]: [Microsoft][ODBC Driver 17 for SQL Server][SQL Server]列名または指定された値の数がテーブルの定義と一致しません。
2019-06-24 14:24:56 EXEC SPC_USER_P001_LST1 '0','','','[]','50','1';
2019-06-24 14:25:26 EXEC SPC_COM_M999_INQ1 '8';
2019-06-24 14:25:26 EXEC SPC_USER_P001_LST2 '[]';
2019-06-24 14:25:26 SQLSTATE[21S01]: [Microsoft][ODBC Driver 17 for SQL Server][SQL Server]列名または指定された値の数がテーブルの定義と一致しません。
2019-06-24 14:26:01 EXEC SPC_COM_M999_INQ1 '8';
2019-06-24 14:26:02 EXEC SPC_USER_P001_LST2 '[]';
2019-06-24 14:26:02 SQLSTATE[21S01]: [Microsoft][ODBC Driver 17 for SQL Server][SQL Server]列名または指定された値の数がテーブルの定義と一致しません。
2019-06-24 14:28:52 EXEC SPC_COM_M999_INQ1 '8';
2019-06-24 14:28:53 EXEC SPC_USER_P001_LST2 '[]';
2019-06-24 14:30:13 EXEC SPC_COMMON_ACCOUNT '1','2';
2019-06-24 14:30:14 EXEC SPC_COM_PERMISSION '1','2','v003';
2019-06-24 14:30:14 EXEC SPC_COM_MENU '1';
2019-06-24 14:31:18 EXEC SPC_COM_PERMISSION '1','2','v003';
2019-06-24 14:31:18 EXEC SPC_COM_MENU '1';
2019-06-24 14:31:19 EXEC SPC_COM_MENU '1';
2019-06-24 14:31:29 EXEC SPC_COM_PERMISSION '1','2','v002';
2019-06-24 14:31:29 EXEC SPC_COM_MENU '1';
2019-06-24 14:31:29 EXEC SPC_V002_FND1
2019-06-24 14:31:29 EXEC SPC_COM_PERMISSION '1','2','v002';
2019-06-24 14:31:29 EXEC SPC_COM_MENU '1';
2019-06-24 14:31:29 EXEC SPC_V002_FND1
2019-06-24 14:31:34 EXEC SPC_COM_MENU '1';
2019-06-24 14:31:34 EXEC SPC_v002_LST1 '322','1';
2019-06-24 14:31:44 EXEC SPC_COM_MENU '1';
2019-06-24 14:31:44 EXEC SPC_V002_ACT1 '322','1','bbbbbb','','0','0','0','','確認お願い致します。１','','[{"row_id":1,"word_id":"312","word_dtl_id":"1"}]','[{"row_id":1,"word_id":"314","word_dtl_id":"0"},{"row_id":2,"word_id":"316","word_dtl_id":"0"}]','[{"language1_content":"a","language2_content":"b"},{"language1_content":"a","language2_content":"b"},{"language1_content":"a","language2_content":"b"},{"language1_content":"a","language2_content":"b"}]','1','::1';
2019-06-24 14:31:46 EXEC SPC_COM_MENU '1';
2019-06-24 14:31:46 EXEC SPC_v002_LST1 '322','1';
2019-06-24 14:31:46 EXEC SPC_COM_PERMISSION '1','2','v002';
2019-06-24 14:31:46 EXEC SPC_COM_MENU '1';
2019-06-24 14:31:46 EXEC SPC_V002_FND1
2019-06-24 14:36:01 EXEC SPC_COM_M999_INQ1 '8';
2019-06-24 14:36:02 EXEC SPC_USER_P001_LST2 '[]';
2019-06-24 14:36:08 EXEC SPC_COM_DATA '14','2','1';
2019-06-24 14:36:08 EXEC SPC_WRITING_LST1 '','14','','';
2019-06-24 14:36:09 EXEC SPC_COM_DATA '14','2','1';
2019-06-24 14:36:09 EXEC SPC_COMMON_GET_SUGGEST
2019-06-24 14:36:11 EXEC SPC_COM_M999_INQ1 '8';
2019-06-24 14:36:12 EXEC SPC_USER_P001_LST2 '[]';
2019-06-24 14:45:23 EXEC SPC_COM_DATA '14','2','1';
2019-06-24 14:45:23 EXEC SPC_WRITING_LST1 '','14','','';
2019-06-24 14:45:25 EXEC SPC_COM_DATA '14','2','1';
2019-06-24 14:45:25 EXEC SPC_COMMON_GET_SUGGEST
2019-06-24 14:45:27 EXEC SPC_COM_M999_INQ1 '8';
2019-06-24 14:45:28 EXEC SPC_USER_P001_LST2 '[]';
2019-06-24 14:45:54 EXEC SPC_COM_M999_INQ1 '8';
2019-06-24 14:45:54 EXEC SPC_USER_P001_LST2 '[]';
2019-06-24 14:46:17 EXEC SPC_COM_M999_INQ1 '8';
2019-06-24 14:46:17 EXEC SPC_USER_P001_LST2 '[]';
2019-06-24 14:46:20 EXEC SPC_USER_P001_LST1 '0','','','[]','50','1';
2019-06-24 14:49:17 EXEC SPC_COM_DATA '14','2','1';
2019-06-24 14:49:17 EXEC SPC_WRITING_LST1 '','14','','';
2019-06-24 14:49:18 EXEC SPC_COM_DATA '14','2','1';
2019-06-24 14:49:18 EXEC SPC_COMMON_GET_SUGGEST
2019-06-24 14:49:20 EXEC SPC_USER_P001_INQ1
2019-06-24 14:49:20 EXEC SPC_USER_P001_LST2 '[]';
2019-06-24 14:49:23 EXEC SPC_USER_P001_LST1 '0','0','0','','','[]','50','1';
2019-06-24 14:51:37 EXEC SPC_USER_P001_LST1 '0','0','0','','','[]','50','1';
2019-06-24 14:51:44 EXEC SPC_USER_P001_LST3 '[{"row_id":"","id":3},{"row_id":"","id":5},{"row_id":"","id":8},{"row_id":"","id":12}]','';
2019-06-24 15:47:42 EXEC SPC_COM_DATA '14','2','1';
2019-06-24 15:47:42 EXEC SPC_WRITING_LST1 '','14','','';
2019-06-24 15:47:43 EXEC SPC_COM_DATA '14','2','1';
2019-06-24 15:47:43 EXEC SPC_COMMON_GET_SUGGEST
2019-06-24 15:47:49 EXEC SPC_USER_P001_INQ1
2019-06-24 15:47:50 EXEC SPC_USER_P001_LST2 '[]';
2019-06-24 15:47:54 EXEC SPC_USER_P001_LST1 '0','0','0','','','[]','50','1';
2019-06-24 15:47:54 SQLSTATE[42000]: [Microsoft][ODBC Driver 17 for SQL Server][SQL Server]データ型 nvarchar を int に変換中にエラーが発生しました。
2019-06-24 15:48:00 EXEC SPC_COM_DATA '14','2','1';
2019-06-24 15:48:00 EXEC SPC_WRITING_LST1 '','14','','';
2019-06-24 15:48:01 EXEC SPC_COM_DATA '14','2','1';
2019-06-24 15:48:01 EXEC SPC_COMMON_GET_SUGGEST
2019-06-24 15:48:03 EXEC SPC_COM_DATA '14','2','1';
2019-06-24 15:48:03 EXEC SPC_WRITING_LST1 '','14','','';
2019-06-24 15:48:04 EXEC SPC_COM_DATA '14','2','1';
2019-06-24 15:48:04 EXEC SPC_COMMON_GET_SUGGEST
2019-06-24 15:48:06 EXEC SPC_USER_P001_INQ1
2019-06-24 15:48:06 EXEC SPC_USER_P001_LST2 '[]';
2019-06-24 15:48:08 EXEC SPC_USER_P001_LST1 '0','0','0','','','[]','50','1';
2019-06-24 15:48:08 SQLSTATE[42000]: [Microsoft][ODBC Driver 17 for SQL Server][SQL Server]データ型 nvarchar を int に変換中にエラーが発生しました。
2019-06-24 15:48:18 EXEC SPC_USER_P001_LST1 '0','0','0','','','[]','50','1';
2019-06-24 15:48:18 SQLSTATE[42000]: [Microsoft][ODBC Driver 17 for SQL Server][SQL Server]データ型 nvarchar を int に変換中にエラーが発生しました。
2019-06-24 15:50:00 EXEC SPC_COM_DATA '14','2','1';
2019-06-24 15:50:00 EXEC SPC_WRITING_LST1 '','14','','';
2019-06-24 15:50:01 EXEC SPC_COM_DATA '14','2','1';
2019-06-24 15:50:01 EXEC SPC_COMMON_GET_SUGGEST
2019-06-24 15:50:06 EXEC SPC_USER_P001_INQ1
2019-06-24 15:50:07 EXEC SPC_USER_P001_LST2 '[]';
2019-06-24 15:50:49 EXEC SPC_COM_DATA '14','2','1';
2019-06-24 15:50:49 EXEC SPC_WRITING_LST1 '','14','','';
2019-06-24 15:50:50 EXEC SPC_COM_DATA '14','2','1';
2019-06-24 15:50:50 EXEC SPC_COMMON_GET_SUGGEST
2019-06-24 15:50:55 EXEC SPC_USER_P001_INQ1
2019-06-24 15:50:56 EXEC SPC_USER_P001_LST2 '[]';
2019-06-24 15:50:58 EXEC SPC_USER_P001_LST1 '0','0','0','','','-1','[]','50','1';
2019-06-24 15:51:05 EXEC SPC_USER_P001_LST3 '[{"row_id":"-1","id":3},{"row_id":"-1","id":6},{"row_id":"-1","id":9},{"row_id":"-1","id":11}]','';
2019-06-24 15:51:56 EXEC SPC_COM_DATA '14','2','1';
2019-06-24 15:51:56 EXEC SPC_WRITING_LST1 '','14','','';
2019-06-24 15:51:57 EXEC SPC_COM_DATA '14','2','1';
2019-06-24 15:51:57 EXEC SPC_COMMON_GET_SUGGEST
2019-06-24 15:51:59 EXEC SPC_USER_P001_INQ1
2019-06-24 15:52:00 EXEC SPC_USER_P001_LST2 '[]';
2019-06-24 15:52:01 EXEC SPC_USER_P001_LST1 '0','0','0','','','-1','[]','50','1';
2019-06-24 15:52:04 EXEC SPC_USER_P001_LST3 '[{"row_id":"-1","id":9},{"row_id":"-1","id":10},{"row_id":"-1","id":11},{"row_id":"-1","id":12}]','';
2019-06-24 15:56:16 EXEC SPC_COM_DATA '14','2','1';
2019-06-24 15:56:16 EXEC SPC_WRITING_LST1 '','14','','';
2019-06-24 15:56:17 EXEC SPC_COM_DATA '14','2','1';
2019-06-24 15:56:17 EXEC SPC_COMMON_GET_SUGGEST
2019-06-24 15:56:21 EXEC SPC_USER_P001_INQ1
2019-06-24 15:56:21 EXEC SPC_USER_P001_LST2 '[]';
2019-06-24 15:56:25 EXEC SPC_USER_P001_LST1 '0','0','0','','','-1','[]','50','1';
2019-06-24 15:56:30 EXEC SPC_USER_P001_LST3 '[{"row_id":"-1","id":7},{"row_id":"-1","id":8},{"row_id":"-1","id":9},{"row_id":"-1","id":10}]','';
2019-06-24 16:00:41 EXEC SPC_COM_DATA '14','2','1';
2019-06-24 16:00:41 EXEC SPC_WRITING_LST1 '','14','','';
2019-06-24 16:00:43 EXEC SPC_COM_DATA '14','2','1';
2019-06-24 16:00:43 EXEC SPC_COMMON_GET_SUGGEST
2019-06-24 16:00:47 EXEC SPC_USER_P001_INQ1
2019-06-24 16:00:47 EXEC SPC_USER_P001_LST2 '[]';
2019-06-24 16:00:49 EXEC SPC_USER_P001_LST1 '0','0','0','','','-1','[]','50','1';
2019-06-24 16:00:52 EXEC SPC_USER_P001_LST3 '[{"row_id":"-1","id":5},{"row_id":"-1","id":6},{"row_id":"-1","id":7},{"row_id":"-1","id":8}]','';
2019-06-24 16:01:27 EXEC SPC_USER_P001_INQ1
2019-06-24 16:01:27 EXEC SPC_USER_P001_LST2 '[{"id":5},{"id":6},{"id":7},{"id":8}]';
2019-06-24 16:01:31 EXEC SPC_USER_P001_LST1 '0','0','0','','','-1','[]','50','1';
2019-06-24 16:01:34 EXEC SPC_USER_P001_LST3 '[{"row_id":"-1","id":3},{"row_id":"-1","id":4},{"row_id":"-1","id":5},{"row_id":"-1","id":6},{"row_id":"-1","id":7}]','';
2019-06-24 16:01:55 EXEC SPC_USER_P001_INQ1
2019-06-24 16:01:56 EXEC SPC_USER_P001_LST2 '[{"id":3},{"id":4},{"id":5},{"id":6},{"id":7}]';
2019-06-24 16:04:01 EXEC SPC_USER_P001_INQ1
2019-06-24 16:04:01 EXEC SPC_USER_P001_LST2 '[{"id":3},{"id":4},{"id":5},{"id":6},{"id":7}]';
2019-06-24 16:04:06 EXEC SPC_USER_P001_LST1 '0','0','0','','','-1','[{"row_id":"","id":3},{"row_id":"","id":4},{"row_id":"","id":5},{"row_id":"","id":6},{"row_id":"","id":7}]','50','1';
2019-06-24 16:08:35 EXEC SPC_USER_P001_LST1 '0','0','0','','','-1','[{"row_id":"","id":3},{"row_id":"","id":4},{"row_id":"","id":5},{"row_id":"","id":6},{"row_id":"","id":7}]','50','1';
2019-06-24 16:08:48 EXEC SPC_USER_P001_LST1 '0','0','0','','','-1','[{"row_id":"","id":7}]','50','1';
2019-06-24 16:10:44 EXEC SPC_COM_DATA '14','2','1';
2019-06-24 16:10:44 EXEC SPC_DICTIONARY_LST1 '5','14';
2019-06-24 16:10:46 EXEC SPC_COM_DATA '14','2','1';
2019-06-24 16:10:46 EXEC SPC_DICTIONARY_LST2 'eb8Axzna0rMX9peZ1mY6y2NvlVPR4BoKlJ5G3WdjLgqVDE7Okj','14','::1';
2019-06-24 16:10:46 SQLSTATE[42S22]: [Microsoft][ODBC Driver 17 for SQL Server][SQL Server]列名 'explain' が無効です。
2019-06-24 16:11:08 EXEC SPC_COM_DATA '14','2','1';
2019-06-24 16:11:08 EXEC SPC_DICTIONARY_LST1 '6','14';
2019-06-24 16:11:09 EXEC SPC_COM_DATA '14','2','1';
2019-06-24 16:11:09 EXEC SPC_DICTIONARY_LST2 '6XGYoV83NlrmpJDW92y6M17PqLQjRqKdO0ZAgBkEebnxLza45l','14','::1';
2019-06-24 16:11:09 SQLSTATE[42S22]: [Microsoft][ODBC Driver 17 for SQL Server][SQL Server]列名 'explain' が無効です。
2019-06-24 16:11:29 EXEC SPC_COM_DATA '1','1','2';
2019-06-24 16:11:29 EXEC SPC_COM_MENU '1';
2019-06-24 16:11:31 EXEC SPC_COM_DATA '14','2','1';
2019-06-24 16:11:31 EXEC SPC_DICTIONARY_LST1 '4','14';
2019-06-24 16:11:32 EXEC SPC_COM_DATA '14','2','1';
2019-06-24 16:11:32 EXEC SPC_DICTIONARY_LST2 'Oo5834OpmjrWAnKJaYR19lBw02Qy7XGeLxDVgqkM20EzZN6dbW','14','::1';
2019-06-24 16:11:32 SQLSTATE[42S22]: [Microsoft][ODBC Driver 17 for SQL Server][SQL Server]列名 'explain' が無効です。
2019-06-24 16:20:56 EXEC SPC_COM_DATA '','','';
2019-06-24 16:20:56 EXEC SPC_WRITING_LST1 '','','','';
2019-06-24 16:20:56 EXEC SPC_COM_DATA '','','';
2019-06-24 16:20:56 EXEC SPC_COMMON_GET_SUGGEST
2019-06-24 16:20:59 EXEC SPC_COM_DATA '','','';
2019-06-24 16:20:59 EXEC SPC_REGISTER_LST1
2019-06-24 16:21:11 EXEC SPC_COM_DATA '','','';
2019-06-24 16:21:11 EXEC SPC_REGISTER_LST1
2019-06-24 16:22:24 EXEC SPC_COM_DATA '','','';
2019-06-24 16:22:24 EXEC SPC_REGISTER_LST1
2019-06-24 16:22:44 EXEC SPC_COM_DATA '','','';
2019-06-24 16:22:44 EXEC SPC_REGISTER_LST1
2019-06-24 16:23:25 EXEC SPC_COM_DATA '','','';
2019-06-24 16:23:25 EXEC SPC_REGISTER_LST1
2019-06-24 16:25:37 EXEC SPC_COM_DATA '','','';
2019-06-24 16:25:37 EXEC SPC_REGISTER_LST1
2019-06-24 16:25:53 EXEC SPC_COM_DATA '','','';
2019-06-24 16:25:54 EXEC SPC_COM_DATA '','','';
2019-06-24 16:25:55 EXEC SPC_COMMON_ACCOUNT '18','1';
2019-06-24 16:25:55 EXEC SPC_COM_DATA '14','2','1';
2019-06-24 16:25:55 EXEC SPC_COM_DATA '14','2','1';
2019-06-24 16:25:55 EXEC SPC_COM_MENU '2';
2019-06-24 16:26:01 EXEC SPC_COM_DATA '14','2','1';
2019-06-24 16:26:01 EXEC SPC_COM_MENU '2';
2019-06-24 16:26:01 EXEC SPC_PROFILE_LST1 'kirito';
2019-06-24 16:26:13 EXEC SPC_COM_DATA '14','2','1';
2019-06-24 16:26:13 EXEC SPC_COM_MENU '2';
2019-06-24 16:26:13 EXEC SPC_PROFILE_ACT1 'QUY','NGUYEN','kirito','ankhoai@gmail.com','/web-content/images/vocabulary/croped_5ca2b14b69ac9.jpg','08/09/1993','1','5','4','07039881948','19','[{"tag_id":"4","is_new":"0"},{"tag_id":"2","is_new":"0"},{"tag_id":"5","is_new":"0"}]','già cùng nhau là đc','2044308139016386','EAADg1mzKYMIBANp01FmLI9FJOyxZArbIDZBxCJ4q3pbmgLVHCFsdPSj26OMw18kEfykA57ZAMPRU82R0YibTAIvj6x41ZBPqjsjGsJ4CJWXiw73IER5R8ESpdp29Md7taaKtMNGq8YSw0AeuT7tQAHGx3QgeMTdpYZCYHoz0nY13XxF33lkjR','14','::1';
2019-06-24 16:26:13 EXEC SPC_COMMON_ACCOUNT '18','1';
2019-06-24 16:26:19 EXEC SPC_COM_DATA '14','2','1';
2019-06-24 16:26:19 EXEC SPC_COM_MENU '2';
2019-06-24 16:26:19 EXEC SPC_PROFILE_LST1 'kirito';
2019-06-24 16:28:26 EXEC SPC_COM_DATA '','','';
2019-06-24 16:28:26 EXEC SPC_COM_DATA '','','';
2019-06-24 16:28:29 EXEC SPC_COM_DATA '','','';
2019-06-24 16:28:29 EXEC SPC_REGISTER_LST1
2019-06-24 16:29:24 EXEC SPC_COM_DATA '','','';
2019-06-24 16:29:35 EXEC SPC_COM_DATA '','','';
2019-06-24 16:30:08 EXEC SPC_COM_DATA '','','';
2019-06-24 16:30:18 EXEC SPC_COM_DATA '','','';
2019-06-24 16:30:19 EXEC SPC_REGISTER_ACT1 'quy','nguyen','quy1','$2y$10$aG7FkGd3.QDtjSr9ZPpnD.WKqSlJZNHVgdDRCPPhL4LnRYCa4KWSG','ndq@gmail.com','/web-content/images/vocabulary/croped_5d107bdf4671b.jpg','24/06/2019','1','5','6','0123458459','17','[{"tag_id":"4","is_new":"0"},{"tag_id":"2","is_new":"0"},{"tag_id":"5","is_new":"0"},{"tag_id":"6","is_new":"0"},{"tag_id":"3","is_new":"0"}]','đéo có','','','::1';
2019-06-24 16:30:19 EXEC SPC_COMMON_ACCOUNT '1018','1';
2019-06-24 16:30:20 EXEC SPC_COM_DATA '1017','0','1';
2019-06-24 16:30:20 EXEC SPC_COM_DATA '1017','0','1';
2019-06-24 16:30:20 EXEC SPC_COM_MENU '0';
2019-06-24 16:30:27 EXEC SPC_COM_DATA '1017','0','1';
2019-06-24 16:30:27 EXEC SPC_COM_MENU '0';
2019-06-24 16:30:27 EXEC SPC_PROFILE_LST1 'quy1';
2019-06-24 17:15:52 EXEC SPC_COM_DATA '1','1','2';
2019-06-24 17:15:52 EXEC SPC_VOCABULARY_LST1 '','1','','';
2019-06-24 17:15:56 EXEC SPC_COM_PERMISSION '1','2','g001';
2019-06-24 17:15:56 EXEC SPC_COM_MENU '1';
2019-06-24 17:15:56 EXEC SPC_G001_LST1 '1','1';
2019-06-24 17:16:02 EXEC SPC_COM_PERMISSION '1','2','v003';
2019-06-24 17:16:02 EXEC SPC_COM_MENU '1';
2019-06-24 17:16:03 EXEC SPC_COM_MENU '1';
2019-06-24 17:16:26 EXEC SPC_COM_DATA '','','';
2019-06-24 17:16:26 EXEC SPC_COM_DATA '','','';
2019-06-24 17:16:42 EXEC SPC_COMMON_ACCOUNT '1','2';
2019-06-24 17:16:42 EXEC SPC_COM_PERMISSION '1','2','v003';
2019-06-24 17:16:42 EXEC SPC_COM_MENU '1';
2019-06-24 17:16:43 EXEC SPC_COM_MENU '1';
2019-06-24 17:16:50 EXEC SPC_COM_MENU '1';
2019-06-24 17:20:54 EXEC SPC_COM_PERMISSION '1','2','v002';
2019-06-24 17:20:54 EXEC SPC_COM_MENU '1';
2019-06-24 17:20:54 EXEC SPC_V002_FND1
2019-06-24 17:20:55 EXEC SPC_COM_PERMISSION '1','2','v002';
2019-06-24 17:20:55 EXEC SPC_COM_MENU '1';
2019-06-24 17:20:55 EXEC SPC_V002_FND1
2019-06-24 17:20:58 EXEC SPC_COM_MENU '1';
2019-06-24 17:20:58 EXEC SPC_v002_LST1 '1','1';
2019-06-24 17:25:00 EXEC SPC_COM_PERMISSION '1','2','v003';
2019-06-24 17:25:00 EXEC SPC_COM_MENU '1';
2019-06-24 17:25:01 EXEC SPC_COM_MENU '1';
2019-06-24 17:25:04 EXEC SPC_COM_MENU '1';
2019-06-24 17:25:11 EXEC SPC_COM_MENU '1';
2019-06-24 17:25:11 EXEC SPC_v003_ACT1 '[{"row_id":"0","word_id":"1","word_dtl_id":"0","word":"\"A\" licence","specialized":"kinh t\u1ebf","field":"","word_div":"","spell":"","mean":"gi\u1ea5y ph\u00e9p \"A\"","audio":""},{"row_id":"1","word_id":"1","word_dtl_id":"1","word":"\"A\" licence","specialized":"kinh t\u1ebf","field":"","word_div":"","spell":"","mean":"m\u00f4n b\u00e0i \"A\"","audio":""},{"row_id":"2","word_id":"2","word_dtl_id":"0","word":"\"acid test\" (ratio)","specialized":"kinh t\u1ebf","field":"","word_div":"","spell":"","mean":"t\u1ec9 l\u1ec7 t\u00edch s\u1ea3n-tr\u00e1i v\u1ee5","audio":""},{"row_id":"3","word_id":"3","word_dtl_id":"0","word":"\"and\" tube","specialized":"k\u1ef9 thu\u1eadt","field":"to\u00e1n & tin","word_div":"","spell":"","mean":"\u0111\u00e8n \"v\u00e0\"","audio":""},{"row_id":"4","word_id":"4","word_dtl_id":"0","word":"\"as if\" statistics","specialized":"kinh t\u1ebf","field":"","word_div":"","spell":"","mean":"th\u1ed1ng k\u00ea \" gi\u1ea3 thi\u1ebft\"","audio":""},{"row_id":"5","word_id":"5","word_dtl_id":"0","word":"\"ask-give\" mechanism","specialized":"kinh t\u1ebf","field":"","word_div":"","spell":"","mean":"c\u01a1 ch\u1ebf \"xin-cho\"","audio":""},{"row_id":"6","word_id":"6","word_dtl_id":"0","word":"\"at\" mark","specialized":"k\u1ef9 thu\u1eadt","field":"to\u00e1n & tin","word_div":"","spell":"","mean":"nh\u00e3n \"at\"","audio":""},{"row_id":"7","word_id":"7","word_dtl_id":"0","word":"\"B\" licence","specialized":"kinh t\u1ebf","field":"","word_div":"","spell":"","mean":"gi\u1ea5y ph\u00e9p \"B\"","audio":""},{"row_id":"8","word_id":"7","word_dtl_id":"1","word":"\"B\" licence","specialized":"kinh t\u1ebf","field":"","word_div":"","spell":"","mean":"m\u00f4n b\u00e0i \"B\"","audio":""},{"row_id":"9","word_id":"8","word_dtl_id":"0","word":"\"B\" share","specialized":"kinh t\u1ebf","field":"","word_div":"","spell":"","mean":"c\u1ed5 phi\u1ebfu B","audio":""},{"row_id":"10","word_id":"9","word_dtl_id":"0","word":"\"B\" stock","specialized":"kinh t\u1ebf","field":"","word_div":"","spell":"","mean":"c\u1ed5 phi\u1ebfu nh\u00e2n l\u00e3i tr\u01b0\u1edbc","audio":""},{"row_id":"11","word_id":"9","word_dtl_id":"1","word":"\"B\" stock","specialized":"kinh t\u1ebf","field":"","word_div":"","spell":"","mean":"c\u1ed5 phi\u1ebfu \u01b0u ti\u00ean l\u00e3i \"B\"","audio":""},{"row_id":"12","word_id":"9","word_dtl_id":"2","word":"\"B\" stock","specialized":"kinh t\u1ebf","field":"","word_div":"","spell":"","mean":"c\u1ed5 phi\u1ebfu \u01b0u ti\u00ean th\u01b0\u1eddng","audio":""},{"row_id":"13","word_id":"10","word_dtl_id":"0","word":"\"back-door\" deal","specialized":"kinh t\u1ebf","field":"","word_div":"","spell":"","mean":"giao d\u1ecbch c\u1eeda sau","audio":""}]','1','::1';
2019-06-24 17:25:12 EXEC SPC_COM_MENU '1';
2019-06-24 17:25:34 EXEC SPC_COM_MENU '1';
2019-06-24 17:25:34 EXEC SPC_v003_ACT1 '[{"row_id":"0","word_id":"1","word_dtl_id":"0","word":"\"base-ball\" coil","specialized":"k\u1ef9 thu\u1eadt","field":"\u0111i\u1ec7n l\u1ea1nh","word_div":"","spell":"","mean":"cu\u1ed9n d\u00e2y h\u00ecnh \"b\u00f3ng ch\u00e0y\"","audio":""},{"row_id":"1","word_id":"2","word_dtl_id":"0","word":"\"beggar-my-neighbour\" policy","specialized":"kinh t\u1ebf","field":"","word_div":"","spell":"","mean":"ch\u00ednh s\u00e1ch \"\u0111\u1ea9y h\u1ecda cho ng\u01b0\u1eddi\"","audio":""},{"row_id":"2","word_id":"2","word_dtl_id":"1","word":"\"beggar-my-neighbour\" policy","specialized":"kinh t\u1ebf","field":"","word_div":"","spell":"","mean":"ch\u00ednh s\u00e1ch l\u00e0m ngh\u00e8o n\u01b0\u1edbc l\u00e1ng gi\u1ec1ng","audio":""},{"row_id":"3","word_id":"2","word_dtl_id":"2","word":"\"beggar-my-neighbour\" policy","specialized":"kinh t\u1ebf","field":"","word_div":"","spell":"","mean":"ch\u00ednh s\u00e1ch l\u1ee3i m\u00ecnh h\u1ea1i ng\u01b0\u1eddi","audio":""},{"row_id":"4","word_id":"3","word_dtl_id":"0","word":"\"blister\" copper","specialized":"k\u1ef9 thu\u1eadt","field":"","word_div":"","spell":"","mean":"\u0111\u1ed3ng \u0111en","audio":""},{"row_id":"5","word_id":"3","word_dtl_id":"1","word":"\"blister\" copper","specialized":"k\u1ef9 thu\u1eadt","field":"c\u01a1 kh\u00ed & c\u00f4ng tr\u00ecnh","word_div":"","spell":"","mean":"\u0111\u1ed3ng x\u1ed1p","audio":""},{"row_id":"6","word_id":"4","word_dtl_id":"0","word":"\"Buddhist\" economy","specialized":"kinh t\u1ebf","field":"","word_div":"","spell":"","mean":"n\u1ec1n kinh t\u1ebf \"Ph\u1eadt gi\u00e1o\" (ho\u1ea1t \u0111\u1ed9ng kinh t\u1ebf ti\u00eau c\u1ef1c)","audio":""},{"row_id":"7","word_id":"5","word_dtl_id":"0","word":"\"Business Week\"","specialized":"kinh t\u1ebf","field":"","word_div":"","spell":"","mean":"Tu\u1ea7n b\u00e1o Kinh doanh (M\u1ef9)","audio":""},{"row_id":"8","word_id":"6","word_dtl_id":"0","word":"\"C\" licence","specialized":"kinh t\u1ebf","field":"","word_div":"","spell":"","mean":"gi\u1ea5y ph\u00e9p \"C\"","audio":""},{"row_id":"9","word_id":"6","word_dtl_id":"1","word":"\"C\" licence","specialized":"kinh t\u1ebf","field":"","word_div":"","spell":"","mean":"gi\u1ea5y ph\u00e9p C","audio":""},{"row_id":"10","word_id":"6","word_dtl_id":"2","word":"\"C\" licence","specialized":"kinh t\u1ebf","field":"","word_div":"","spell":"","mean":"m\u00f4n b\u00e0i \"C\"","audio":""},{"row_id":"11","word_id":"6","word_dtl_id":"3","word":"\"C\" licence","specialized":"kinh t\u1ebf","field":"","word_div":"","spell":"","mean":"m\u00f4n b\u00e0i C","audio":""},{"row_id":"12","word_id":"7","word_dtl_id":"0","word":"\"Except for\" opinion","specialized":"kinh t\u1ebf","field":"","word_div":"","spell":"","mean":"\u00fd ki\u1ebfn \"c\u00f3 ngo\u1ea1i tr\u1eeb\"","audio":""},{"row_id":"13","word_id":"8","word_dtl_id":"0","word":"\"Extend Selection\" mode","specialized":"k\u1ef9 thu\u1eadt","field":"to\u00e1n & tin","word_div":"","spell":"","mean":"ch\u1ebf \u0111\u1ed9 m\u1edf r\u1ed9ng v\u00f9ng ch\u1ecdn","audio":""},{"row_id":"14","word_id":"9","word_dtl_id":"0","word":"\"GO\" side","specialized":"k\u1ef9 thu\u1eadt","field":"c\u01a1 kh\u00ed & c\u00f4ng tr\u00ecnh","word_div":"","spell":"","mean":"ph\u00eda c\u00f3 th\u1ec3 v\u00e0o \u0111\u01b0\u1ee3c","audio":""},{"row_id":"15","word_id":"10","word_dtl_id":"0","word":"\"killer\" application","specialized":"k\u1ef9 thu\u1eadt","field":"to\u00e1n & tin","word_div":"","spell":"","mean":"ph\u1ea7n m\u1ec1m tuy\u1ec7t h\u1ea3o","audio":""},{"row_id":"16","word_id":"10","word_dtl_id":"1","word":"\"killer\" application","specialized":"k\u1ef9 thu\u1eadt","field":"to\u00e1n & tin","word_div":"","spell":"","mean":"\u1ee9ng d\u1ee5ng tuy\u1ec7t h\u1ea3o","audio":""}]','1','::1';
2019-06-24 17:25:35 EXEC SPC_COM_MENU '1';
2019-06-24 17:25:59 EXEC SPC_COM_PERMISSION '1','2','v002';
2019-06-24 17:25:59 EXEC SPC_COM_MENU '1';
2019-06-24 17:25:59 EXEC SPC_V002_FND1
2019-06-24 17:26:00 EXEC SPC_COM_PERMISSION '1','2','v002';
2019-06-24 17:26:00 EXEC SPC_COM_MENU '1';
2019-06-24 17:26:00 EXEC SPC_V002_FND1
2019-06-24 17:26:02 EXEC SPC_COM_MENU '1';
2019-06-24 17:26:02 EXEC SPC_v002_LST1 '1','1';
2019-06-24 17:26:05 EXEC SPC_COM_MENU '1';
2019-06-24 17:26:05 EXEC SPC_v002_LST1 '1','0';
2019-06-24 17:26:07 EXEC SPC_COM_MENU '1';
2019-06-24 17:26:07 EXEC SPC_v002_LST1 '1','1';
2019-06-24 17:26:10 EXEC SPC_COM_MENU '1';
2019-06-24 17:26:10 EXEC SPC_v002_LST1 '1','0';
2019-06-24 17:26:11 EXEC SPC_COM_PERMISSION '1','2','v002';
2019-06-24 17:26:11 EXEC SPC_COM_MENU '1';
2019-06-24 17:26:11 EXEC SPC_V002_FND1
2019-06-24 17:26:18 EXEC SPC_COM_MENU '1';
2019-06-24 17:26:18 EXEC SPC_V002_LST2 'v';
2019-06-24 17:26:21 EXEC SPC_COM_MENU '1';
2019-06-24 17:26:21 EXEC SPC_V002_LST2 'c';
2019-06-24 17:26:25 EXEC SPC_COM_MENU '1';
2019-06-24 17:26:25 EXEC SPC_V002_LST2 'b';
2019-06-24 17:26:30 EXEC SPC_COM_MENU '1';
2019-06-24 17:26:30 EXEC SPC_V002_LST2 'a';
2019-06-24 17:26:36 EXEC SPC_COM_MENU '1';
2019-06-24 17:26:36 EXEC SPC_V002_LST2 'x';
2019-06-24 17:26:39 EXEC SPC_COM_MENU '1';
2019-06-24 17:26:39 EXEC SPC_V002_LST2 'f';
2019-06-24 17:27:26 EXEC SPC_COM_MENU '1';
2019-06-24 17:27:26 EXEC SPC_V002_ACT1 '1','0','"A" licence','','1','0','0','','giấy phép "A"','','[{"row_id":1,"word_id":"5","word_dtl_id":"0"},{"row_id":2,"word_id":"7","word_dtl_id":"1"},{"row_id":3,"word_id":"11","word_dtl_id":"0"}]','[{"row_id":1,"word_id":"4","word_dtl_id":"0"},{"row_id":2,"word_id":"18","word_dtl_id":"0"},{"row_id":3,"word_id":"17","word_dtl_id":"0"}]','[{"language1_content":"go aways","language2_content":"ph\u1eafn \u0111\u00ea!"}]','1','::1';
2019-06-24 17:27:27 EXEC SPC_COM_MENU '1';
2019-06-24 17:27:27 EXEC SPC_v002_LST1 '1','0';
2019-06-24 17:27:27 EXEC SPC_COM_PERMISSION '1','2','v002';
2019-06-24 17:27:27 EXEC SPC_COM_MENU '1';
2019-06-24 17:27:27 EXEC SPC_V002_FND1
2019-06-24 17:27:40 EXEC SPC_COM_MENU '1';
2019-06-24 17:27:57 EXEC SPC_COM_MENU '1';
2019-06-24 17:28:01 EXEC SPC_COM_MENU '1';
2019-06-24 17:28:01 EXEC SPC_V002_ACT1 '1','0','"A" licence','','1','0','0','/web-content/images/vocabulary/cropped-colorful-alphabet-chart_20190624 1717060640401561364860995.jpg','giấy phép "A"','','[{"row_id":1,"word_id":"5","word_dtl_id":"0"},{"row_id":2,"word_id":"7","word_dtl_id":"1"},{"row_id":3,"word_id":"11","word_dtl_id":"0"}]','[{"row_id":1,"word_id":"4","word_dtl_id":"0"},{"row_id":2,"word_id":"17","word_dtl_id":"0"},{"row_id":3,"word_id":"18","word_dtl_id":"0"}]','[{"language1_content":"go aways","language2_content":"ph\u1eafn \u0111\u00ea!"}]','1','::1';
2019-06-24 17:28:02 EXEC SPC_COM_MENU '1';
2019-06-24 17:28:02 EXEC SPC_v002_LST1 '1','0';
2019-06-24 17:28:29 EXEC SPC_COM_MENU '1';
2019-06-24 17:28:29 EXEC SPC_V002_ACT1 '1','0','"A" licence','','1','0','0','/web-content/images/vocabulary/cropped-colorful-alphabet-chart_20190624 1717060640401561364860995.jpg','giấy phép "A"','/web-content/audio/listeningAudio/audio_5d1089ad3cc66.mp3','[{"row_id":1,"word_id":"5","word_dtl_id":"0"},{"row_id":2,"word_id":"7","word_dtl_id":"1"},{"row_id":3,"word_id":"11","word_dtl_id":"0"}]','[{"row_id":1,"word_id":"4","word_dtl_id":"0"},{"row_id":2,"word_id":"17","word_dtl_id":"0"},{"row_id":3,"word_id":"18","word_dtl_id":"0"}]','[{"language1_content":"go aways","language2_content":"ph\u1eafn \u0111\u00ea!"}]','1','::1';
2019-06-24 17:28:30 EXEC SPC_COM_MENU '1';
2019-06-24 17:28:30 EXEC SPC_v002_LST1 '1','0';
2019-06-24 17:28:37 EXEC SPC_COM_PERMISSION '1','2','v001';
2019-06-24 17:28:37 EXEC SPC_COM_MENU '1';
2019-06-24 17:28:37 EXEC SPC_V001_LST1
2019-06-24 17:28:40 EXEC SPC_COM_MENU '1';
2019-06-24 17:28:40 EXEC SPC_V001_LST2 '0','0','0','0','','','50','1';
2019-06-24 17:29:40 EXEC SPC_COM_MENU '1';
2019-06-24 17:29:40 EXEC SPC_V001_ACT2 '[{"row_id":"0","id":"1","dtl_id":"0"}]','1','::1';
2019-06-24 17:29:41 EXEC SPC_COM_MENU '1';
2019-06-24 17:29:41 EXEC SPC_V001_LST2 '0','0','0','1','','','50','1';
2019-06-24 17:29:45 EXEC SPC_COM_MENU '1';
2019-06-24 17:29:45 EXEC SPC_V001_ACT3 '[{"row_id":"0","id":"1","dtl_id":"0"}]','1','::1';
2019-06-24 17:29:47 EXEC SPC_COM_MENU '1';
2019-06-24 17:29:47 EXEC SPC_V001_LST2 '0','0','0','2','','','50','1';
2019-06-24 17:29:53 EXEC SPC_COM_PERMISSION '1','2','w002';
2019-06-24 17:29:53 EXEC SPC_COM_MENU '1';
2019-06-24 17:29:53 EXEC SPC_W002_FND1
2019-06-24 17:29:57 EXEC SPC_COM_MENU '1';
2019-06-24 17:29:57 EXEC SPC_W002_LST2 '1';
2019-06-24 17:30:05 EXEC SPC_COM_PERMISSION '1','2','g003';
2019-06-24 17:30:05 EXEC SPC_COM_MENU '1';
2019-06-24 17:30:05 EXEC SPC_COM_M999_INQ1 '7';
2019-06-24 17:30:08 EXEC SPC_COM_PERMISSION '1','2','g004';
2019-06-24 17:30:08 EXEC SPC_COM_MENU '1';
2019-06-24 17:30:08 EXEC SPC_COM_M999_INQ1 '7';
2019-06-24 17:30:11 EXEC SPC_COM_MENU '1';
2019-06-24 17:30:11 EXEC SPC_COMMON_CATALORUE '1';
2019-06-24 17:30:25 EXEC SPC_COM_MENU '1';
2019-06-24 17:30:25 EXEC SPC_G004_ACT1 '1','test DM','1','::1';
2019-06-24 17:30:27 EXEC SPC_COM_PERMISSION '1','2','g006';
2019-06-24 17:30:27 EXEC SPC_COM_MENU '1';
2019-06-24 17:30:27 EXEC SPC_COM_M999_INQ1 '7';
2019-06-24 17:30:30 EXEC SPC_COM_MENU '1';
2019-06-24 17:30:30 EXEC SPC_COMMON_CATALORUE '1';
2019-06-24 17:30:30 EXEC SPC_COM_MENU '1';
2019-06-24 17:30:30 EXEC SPC_COMMON_GROUP '';
2019-06-24 17:30:31 EXEC SPC_COM_MENU '1';
2019-06-24 17:30:31 EXEC SPC_COMMON_GROUP '4';
2019-06-24 17:30:45 EXEC SPC_COM_MENU '1';
2019-06-24 17:30:45 EXEC SPC_G006_ACT1 '1','4','test NHÓM','1','::1';
2019-06-24 17:30:48 EXEC SPC_COM_PERMISSION '1','2','w002';
2019-06-24 17:30:48 EXEC SPC_COM_MENU '1';
2019-06-24 17:30:48 EXEC SPC_W002_FND1
2019-06-24 17:30:50 EXEC SPC_COM_MENU '1';
2019-06-24 17:30:50 EXEC SPC_W002_LST2 '1';
2019-06-24 17:30:52 EXEC SPC_COM_MENU '1';
2019-06-24 17:30:52 EXEC SPC_COMMON_GROUP '4';
2019-06-24 17:30:54 EXEC SPC_COM_MENU '1';
2019-06-24 17:30:54 EXEC SPC_P003_INQ1
2019-06-24 17:30:55 EXEC SPC_COM_MENU '1';
2019-06-24 17:30:55 EXEC SPC_P003_LST2 '[]';
2019-06-24 17:30:56 EXEC SPC_COM_MENU '1';
2019-06-24 17:30:56 EXEC SPC_P003_LST1 '0','0','0','','','[]','50','1';
2019-06-24 17:31:43 EXEC SPC_COM_MENU '1';
2019-06-24 17:31:43 EXEC SPC_P003_INQ1
2019-06-24 17:31:43 EXEC SPC_COM_MENU '1';
2019-06-24 17:31:43 EXEC SPC_P003_LST2 '[]';
2019-06-24 17:31:44 EXEC SPC_COM_MENU '1';
2019-06-24 17:31:44 EXEC SPC_P003_LST1 '0','0','0','','','[]','50','1';
2019-06-24 17:31:48 EXEC SPC_COM_MENU '1';
2019-06-24 17:31:48 EXEC SPC_P003_LST3 '[{"vocabulary_code":"1"}]';
2019-06-24 17:32:20 EXEC SPC_COM_MENU '1';
2019-06-24 17:32:20 EXEC SPC_P003_INQ1
2019-06-24 17:32:21 EXEC SPC_COM_MENU '1';
2019-06-24 17:32:21 EXEC SPC_P003_LST2 '[]';
2019-06-24 17:32:23 EXEC SPC_COM_MENU '1';
2019-06-24 17:32:23 EXEC SPC_P003_LST1 '0','0','0','','','[]','50','1';
2019-06-24 17:32:26 EXEC SPC_COM_MENU '1';
2019-06-24 17:32:26 EXEC SPC_P003_LST3 '[{"vocabulary_code":"1"}]';
2019-06-24 17:32:30 EXEC SPC_COM_MENU '1';
2019-06-24 17:32:30 EXEC SPC_w002_ACT1 '','1','4','4','','[]','','','','0','[{"row_id":0,"vocabulary_code":"1"}]','[]','[]','1','::1';
2019-06-24 17:32:32 EXEC SPC_COM_MENU '1';
2019-06-24 17:32:32 EXEC SPC_W002_LST1 '1';
2019-06-24 17:32:32 EXEC SPC_COM_MENU '1';
2019-06-24 17:32:32 EXEC SPC_W002_LST2 '1';
2019-06-24 17:32:32 EXEC SPC_COM_MENU '1';
2019-06-24 17:32:32 EXEC SPC_COMMON_GROUP '4';
2019-06-24 17:32:38 EXEC SPC_COM_MENU '1';
2019-06-24 17:32:38 EXEC SPC_P003_INQ1
2019-06-24 17:32:39 EXEC SPC_COM_MENU '1';
2019-06-24 17:32:39 EXEC SPC_P003_LST2 '[{"vocabulary_code":"1","vocabulary_id":"1","vocabulary_dtl_id":"0","vocabulary_nm":"\"A\" licence","vocabulary_div":"0","vocabulary_div_nm":"","specialized_div":"1","specialized_div_nm":"kinh t\u1ebf","field_div":"0","field_div_nm":"","spelling":"","mean":"gi\u1ea5y ph\u00e9p \"A\"","image":"\/web-content\/images\/vocabulary\/cropped-colorful-alphabet-chart_20190624 1717060640401561364860995.jpg","audio":"\/web-content\/audio\/listeningAudio\/audio_5d1089ad3cc66.mp3"}]';
2019-06-24 17:32:58 EXEC SPC_COM_PERMISSION '1','2','w001';
2019-06-24 17:32:58 EXEC SPC_COM_MENU '1';
2019-06-24 17:32:58 EXEC SPC_W001_LST1
2019-06-24 17:33:02 EXEC SPC_COM_MENU '1';
2019-06-24 17:33:02 EXEC SPC_W001_LST2 '','','','0','','10','1';
2019-06-24 17:33:08 EXEC SPC_COM_MENU '1';
2019-06-24 17:33:08 EXEC SPC_W001_ACT2 '[{"row_id":"0","id":"1"}]','1','::1';
2019-06-24 17:33:10 EXEC SPC_COM_MENU '1';
2019-06-24 17:33:10 EXEC SPC_W001_LST2 '','','','1','','10','1';
2019-06-24 17:33:14 EXEC SPC_COM_MENU '1';
2019-06-24 17:33:14 EXEC SPC_W001_ACT3 '[{"row_id":"0","id":"1"}]','1','::1';
2019-06-24 17:33:15 EXEC SPC_COM_MENU '1';
2019-06-24 17:33:15 EXEC SPC_W001_LST2 '','','','2','','10','1';
2019-06-24 17:33:22 EXEC SPC_COM_DATA '1','1','2';
2019-06-24 17:33:22 EXEC SPC_COM_MENU '1';
2019-06-24 17:33:24 EXEC SPC_COM_DATA '1','1','2';
2019-06-24 17:33:24 EXEC SPC_VOCABULARY_LST1 '','1','','';
2019-06-24 17:33:25 EXEC SPC_COM_DATA '1','1','2';
2019-06-24 17:33:25 EXEC SPC_VOCABULARY_LST2 '4','4','1';
2019-06-24 17:33:25 SQLSTATE[42S22]: [Microsoft][ODBC Driver 17 for SQL Server][SQL Server]列名 'explain' が無効です。
2019-06-24 17:40:31 EXEC SPC_COM_DATA '1','1','2';
2019-06-24 17:40:31 EXEC SPC_VOCABULARY_LST1 '','1','','';
2019-06-24 17:40:32 EXEC SPC_COM_DATA '1','1','2';
2019-06-24 17:40:32 EXEC SPC_VOCABULARY_LST2 '4','4','1';
2019-06-24 17:40:53 EXEC SPC_COM_DATA '1','1','2';
2019-06-24 17:40:53 EXEC SPC_VOCABULARY_LST1 '1','1','4','4';
2019-06-24 17:40:55 EXEC SPC_COM_DATA '1','1','2';
2019-06-24 17:40:55 EXEC SPC_VOCABULARY_LST2 '4','4','1';
