2019-07-16 11:52:29 EXEC SPC_COM_DATA '','','';
2019-07-16 11:53:53 EXEC SPC_COM_DATA '','','';
2019-07-16 11:53:53 EXEC SPC_VOCABULARY_LST1 '','','','';
2019-07-16 11:53:54 EXEC SPC_COM_DATA '','','';
2019-07-16 11:53:54 EXEC SPC_VOCABULARY_LST2 '4','4','';
2019-07-16 12:01:00 EXEC SPC_COM_DATA '','','';
2019-07-16 12:01:00 EXEC SPC_VOCABULARY_LST1 '21','','4','4';
2019-07-16 12:01:01 EXEC SPC_COM_DATA '','','';
2019-07-16 12:01:01 EXEC SPC_VOCABULARY_LST2 '4','4','';
2019-07-16 13:02:17 EXEC SPC_COM_DATA '','','';
2019-07-16 13:02:17 EXEC SPC_VOCABULARY_LST1 '63','','4','4';
2019-07-16 13:02:17 EXEC SPC_COM_DATA '','','';
2019-07-16 13:02:17 EXEC SPC_VOCABULARY_LST2 '4','4','';
2019-07-16 13:04:15 EXEC SPC_COM_DATA '','','';
2019-07-16 13:04:15 EXEC SPC_VOCABULARY_LST1 '20','','4','4';
2019-07-16 13:04:16 EXEC SPC_COM_DATA '','','';
2019-07-16 13:04:16 EXEC SPC_VOCABULARY_LST2 '4','4','';
2019-07-16 13:04:23 EXEC SPC_COM_DATA '','','';
2019-07-16 13:04:23 EXEC SPC_VOCABULARY_LST1 '52','','4','4';
2019-07-16 13:04:23 EXEC SPC_COM_DATA '','','';
2019-07-16 13:04:23 EXEC SPC_VOCABULARY_LST2 '4','4','';
2019-07-16 13:04:46 EXEC SPC_COM_DATA '','','';
2019-07-16 13:04:46 EXEC SPC_VOCABULARY_LST1 '','','4','4';
2019-07-16 13:04:47 EXEC SPC_COM_DATA '','','';
2019-07-16 13:04:47 EXEC SPC_VOCABULARY_LST2 '4','4','';
2019-07-16 13:05:31 EXEC SPC_COM_DATA '','','';
2019-07-16 13:05:31 EXEC SPC_VOCABULARY_LST1 '20','','4','4';
2019-07-16 13:05:32 EXEC SPC_COM_DATA '','','';
2019-07-16 13:05:32 EXEC SPC_VOCABULARY_LST2 '4','4','';
2019-07-16 13:33:55 EXEC SPC_COM_DATA '','','';
2019-07-16 13:33:55 EXEC SPC_VOCABULARY_LST1 '20','','4','4';
2019-07-16 13:33:56 EXEC SPC_COM_DATA '','','';
2019-07-16 13:33:56 EXEC SPC_VOCABULARY_LST2 '4','4','';
2019-07-16 13:35:09 EXEC SPC_COM_DATA '','','';
2019-07-16 13:35:09 EXEC SPC_VOCABULARY_LST1 '20','','4','4';
2019-07-16 13:35:09 EXEC SPC_COM_DATA '','','';
2019-07-16 13:35:09 EXEC SPC_VOCABULARY_LST2 '4','4','';
2019-07-16 13:49:56 EXEC SPC_COM_DATA '','','';
2019-07-16 13:49:57 EXEC SPC_COM_DATA '','','';
2019-07-16 13:49:59 EXEC SPC_COMMON_ACCOUNT '18','1';
2019-07-16 13:50:00 EXEC SPC_COM_DATA '14','2','1';
2019-07-16 13:50:00 EXEC SPC_VOCABULARY_LST1 '1','14','4','4';
2019-07-16 13:50:01 EXEC SPC_COM_DATA '14','2','1';
2019-07-16 13:50:01 EXEC SPC_VOCABULARY_LST2 '4','4','14';
2019-07-16 13:55:17 EXEC SPC_COM_DATA '14','2','1';
2019-07-16 13:55:17 EXEC SPC_DICTIONARY_LST1 '','14';
2019-07-16 13:55:32 EXEC SPC_COM_DATA '14','2','1';
2019-07-16 13:55:32 EXEC SPC_DICTIONARY_LST1 '','14';
2019-07-16 13:55:45 EXEC SPC_COM_DATA '14','2','1';
2019-07-16 13:55:45 EXEC SPC_DICTIONARY_LST1 '','14';
2019-07-16 13:55:47 EXEC SPC_COM_DATA '14','2','1';
2019-07-16 13:55:47 EXEC SPC_DICTIONARY_LST2 'doctor','14','::1';
2019-07-16 13:57:39 EXEC SPC_COM_DATA '14','2','1';
2019-07-16 13:57:39 EXEC SPC_DICTIONARY_LST1 '','14';
2019-07-16 13:57:43 EXEC SPC_COM_DATA '14','2','1';
2019-07-16 13:57:43 EXEC SPC_DICTIONARY_LST2 'doctor','14','::1';
2019-07-16 13:58:46 EXEC SPC_COM_DATA '14','2','1';
2019-07-16 13:58:46 EXEC SPC_DICTIONARY_LST1 '','14';
2019-07-16 13:58:47 EXEC SPC_COM_DATA '14','2','1';
2019-07-16 13:58:47 EXEC SPC_DICTIONARY_LST2 'doctor','14','::1';
2019-07-16 14:06:04 EXEC SPC_COM_DATA '14','2','1';
2019-07-16 14:06:04 EXEC SPC_DICTIONARY_LST2 'doctor','14','::1';
2019-07-16 14:06:05 EXEC SPC_COM_DATA '14','2','1';
2019-07-16 14:06:05 EXEC SPC_VOCABULARY_LST1 '','14','4','4';
2019-07-16 14:06:06 EXEC SPC_COM_DATA '14','2','1';
2019-07-16 14:06:06 EXEC SPC_VOCABULARY_LST2 '4','4','14';
2019-07-16 17:32:14 EXEC SPC_COM_DATA '14','2','1';
2019-07-16 17:32:14 EXEC SPC_VOCABULARY_LST1 '52','14','4','4';
2019-07-16 17:32:15 EXEC SPC_COM_DATA '14','2','1';
2019-07-16 17:32:15 EXEC SPC_VOCABULARY_LST2 '4','4','14';
2019-07-16 17:33:07 EXEC SPC_COM_DATA '14','2','1';
2019-07-16 17:33:07 EXEC SPC_DICTIONARY_LST1 '20','14';
2019-07-16 17:33:08 EXEC SPC_COM_DATA '14','2','1';
2019-07-16 17:33:08 EXEC SPC_DICTIONARY_LST2 '"blister" copper','14','::1';
2019-07-16 17:37:24 EXEC SPC_COM_DATA '14','2','1';
2019-07-16 17:37:24 EXEC SPC_VOCABULARY_LST1 '','14','4','4';
2019-07-16 17:37:25 EXEC SPC_COM_DATA '14','2','1';
2019-07-16 17:37:25 EXEC SPC_VOCABULARY_LST2 '4','4','14';
2019-07-16 17:38:47 EXEC SPC_COM_DATA '14','2','1';
2019-07-16 17:38:47 EXEC SPC_VOCABULARY_LST1 '','14','4','4';
2019-07-16 17:38:47 EXEC SPC_COM_DATA '14','2','1';
2019-07-16 17:38:47 EXEC SPC_VOCABULARY_LST2 '4','4','14';
