2019-02-05 00:08:58 EXEC SPC_COM_DATA '','','';
2019-02-05 00:09:02 EXEC SPC_COM_DATA '','','';
2019-02-05 00:09:02 EXEC SPC_DISCUSS_LST1 '','';
2019-02-05 00:09:03 EXEC SPC_COM_DATA '','','';
2019-02-05 00:09:03 EXEC SPC_DISCUSS_LST2 '','1','','';
2019-02-05 00:09:09 EXEC SPC_COM_DATA '','','';
2019-02-05 00:09:09 EXEC SPC_DISCUSS_LST2 '','1','<row tag_id="1089" /><row tag_id="1090" />','';
2019-02-05 00:09:19 EXEC SPC_COM_DATA '','','';
2019-02-05 00:09:19 EXEC SPC_DISCUSS_ACT2 '52','','127.0.0.1';
2019-02-05 00:09:19 EXEC SPC_COM_DATA '','','';
2019-02-05 00:09:19 EXEC SPC_SOCIAL_LST1 '','';
2019-02-05 00:09:20 EXEC SPC_COM_DATA '','','';
2019-02-05 00:09:20 EXEC SPC_SOCIAL_LST2 '','1','','';
2019-02-05 00:09:22 EXEC SPC_COM_DATA '','','';
2019-02-05 00:09:22 EXEC SPC_GRAMMAR_LST1 '','','','';
2019-02-05 00:09:22 EXEC SPC_COM_DATA '','','';
2019-02-05 00:09:22 EXEC SPC_GRAMMAR_LST2 '6','6','';
2019-02-05 00:09:24 EXEC SPC_COM_DATA '','','';
2019-02-05 00:09:24 EXEC SPC_VOCABULARY_LST1 '','','6','6';
2019-02-05 00:09:24 EXEC SPC_COM_DATA '','','';
2019-02-05 00:09:24 EXEC SPC_VOCABULARY_LST2 '2','1','';
2019-02-05 00:09:33 EXEC SPC_COM_DATA '','','';
2019-02-05 00:09:33 EXEC SPC_VOCABULARY_LST2 '2','3','';
2019-02-05 00:09:39 EXEC SPC_COM_DATA '','','';
2019-02-05 00:09:39 EXEC SPC_VOCABULARY_LST2 '2','1','';
2019-02-05 00:09:51 EXEC SPC_COM_DATA '','','';
2019-02-05 00:09:51 EXEC SPC_VOCABULARY_LST2 '3','5','';
2019-02-05 00:09:55 EXEC SPC_COM_DATA '','','';
2019-02-05 00:09:55 EXEC SPC_VOCABULARY_LST2 '2','1','';
2019-02-05 00:10:14 EXEC SPC_COM_DATA '','','';
2019-02-05 00:10:14 EXEC SPC_VOCABULARY_LST2 '2','3','';
2019-02-05 00:10:17 EXEC SPC_COM_DATA '','','';
2019-02-05 00:10:17 EXEC SPC_VOCABULARY_LST2 '2','1','';
2019-02-05 00:10:20 EXEC SPC_COM_DATA '','','';
2019-02-05 00:10:20 EXEC SPC_VOCABULARY_LST2 '2','3','';
2019-02-05 00:10:22 EXEC SPC_COM_DATA '','','';
2019-02-05 00:10:22 EXEC SPC_VOCABULARY_LST2 '2','1','';
2019-02-05 00:10:48 EXEC SPC_COMMON_ACCOUNT '2','1';
2019-02-05 00:10:48 EXEC SPC_COM_DATA 'khoai','2','1';
2019-02-05 00:10:48 EXEC SPC_VOCABULARY_LST1 '','khoai','2','1';
2019-02-05 00:10:49 EXEC SPC_COM_DATA 'khoai','2','1';
2019-02-05 00:10:49 EXEC SPC_VOCABULARY_LST2 '2','1','khoai';
2019-02-05 00:10:55 EXEC SPC_COM_DATA 'khoai','2','1';
2019-02-05 00:10:55 EXEC SPC_VOCABULARY_LST2 '2','3','khoai';
2019-02-05 00:10:59 EXEC SPC_COM_DATA 'khoai','2','1';
2019-02-05 00:10:59 EXEC SPC_VOCABULARY_LST2 '2','1','khoai';
2019-02-05 00:11:24 EXEC SPC_COMMON_ACCOUNT '1','2';
2019-02-05 00:11:24 EXEC SPC_COM_PERMISSION '1','2','g001';
2019-02-05 00:11:24 EXEC SPC_COM_MENU '1';
2019-02-05 00:11:28 EXEC SPC_COM_PERMISSION '1','2','v001';
2019-02-05 00:11:28 EXEC SPC_COM_MENU '1';
2019-02-05 00:11:28 EXEC SPC_COM_M999_INQ1 '8';
2019-02-05 00:11:29 EXEC SPC_COM_MENU '1';
2019-02-05 00:11:29 EXEC SPC_V001_LST1 '0','','','50','1';
2019-02-05 00:11:49 EXEC SPC_COM_PERMISSION '1','2','w001';
2019-02-05 00:11:49 EXEC SPC_COM_MENU '1';
2019-02-05 00:11:49 EXEC SPC_COM_M999_INQ1 '7';
2019-02-05 00:11:54 EXEC SPC_COM_MENU '1';
2019-02-05 00:11:54 EXEC SPC_COMMON_CATALORUE '1';
2019-02-05 00:11:56 EXEC SPC_COM_MENU '1';
2019-02-05 00:11:56 EXEC SPC_COMMON_GROUP '2';
2019-02-05 00:11:59 EXEC SPC_COM_MENU '1';
2019-02-05 00:11:59 EXEC SPC_w001_LST1 '1','2','1','','10','1';
2019-02-05 00:12:02 EXEC SPC_COM_MENU '1';
2019-02-05 00:12:02 EXEC SPC_w001_LST1 '1','2','3','','10','1';
2019-02-05 00:12:09 EXEC SPC_COM_MENU '1';
2019-02-05 00:12:09 EXEC SPC_COMMON_GROUP '3';
2019-02-05 00:12:11 EXEC SPC_COM_MENU '1';
2019-02-05 00:12:11 EXEC SPC_w001_LST1 '1','3','3','','10','1';
2019-02-05 00:12:14 EXEC SPC_COM_MENU '1';
2019-02-05 00:12:14 EXEC SPC_w001_LST1 '1','3','5','','10','1';
2019-02-05 00:12:18 EXEC SPC_COM_MENU '1';
2019-02-05 00:12:18 EXEC SPC_w001_LST1 '1','3','3','','10','1';
2019-02-05 00:12:19 EXEC SPC_COM_MENU '1';
2019-02-05 00:12:19 EXEC SPC_COMMON_GROUP '2';
2019-02-05 00:12:22 EXEC SPC_COM_MENU '1';
2019-02-05 00:12:22 EXEC SPC_w001_LST1 '1','2','1','','10','1';
2019-02-05 00:12:33 EXEC SPC_COM_PERMISSION '1','2','v001';
2019-02-05 00:12:33 EXEC SPC_COM_MENU '1';
2019-02-05 00:12:33 EXEC SPC_COM_M999_INQ1 '8';
2019-02-05 00:12:35 EXEC SPC_COM_MENU '1';
2019-02-05 00:12:35 EXEC SPC_V001_LST1 '0','','','50','1';
2019-02-05 00:13:08 EXEC SPC_COM_MENU '1';
2019-02-05 00:13:08 EXEC SPC_V001_LST1 '0','','','50','1';
2019-02-05 00:13:13 EXEC SPC_COM_PERMISSION '1','2','w001';
2019-02-05 00:13:13 EXEC SPC_COM_MENU '1';
2019-02-05 00:13:13 EXEC SPC_COM_M999_INQ1 '7';
2019-02-05 00:13:15 EXEC SPC_COM_PERMISSION '1','2','w002';
2019-02-05 00:13:15 EXEC SPC_COM_MENU '1';
2019-02-05 00:13:15 EXEC SPC_W002_FND1
2019-02-05 00:13:18 EXEC SPC_COM_MENU '1';
2019-02-05 00:13:18 EXEC SPC_W002_LST2 '1';
2019-02-05 00:13:23 EXEC SPC_COM_MENU '1';
2019-02-05 00:13:23 EXEC SPC_COMMON_GROUP '2';
2019-02-05 00:13:27 EXEC SPC_COM_MENU '1';
2019-02-05 00:13:27 EXEC SPC_COM_M999_INQ1 '8';
2019-02-05 00:13:28 EXEC SPC_COM_MENU '1';
2019-02-05 00:13:28 EXEC SPC_p003_LST2 '';
2019-02-05 00:14:01 EXEC SPC_COM_MENU '1';
2019-02-05 00:14:01 EXEC SPC_p003_LST1 '0','','','','50','1';
2019-02-05 00:14:26 EXEC SPC_COM_MENU '1';
2019-02-05 00:14:26 EXEC SPC_p003_LST3 '<row vocabulary_code="1" /><row vocabulary_code="8" /><row vocabulary_code="3" /><row vocabulary_code="4" />';
2019-02-05 00:14:31 EXEC SPC_COM_MENU '1';
2019-02-05 00:14:31 EXEC SPC_w002_ACT1 '','1','2','1','','','','','','0','<row row_id="0" vocabulary_code="1" vocabulary_div="Động từ" vocabulary_nm="Hello" spelling="helou" mean="Xin chào" explain="say when meet someone" /><row row_id="1" vocabulary_code="8" vocabulary_div="Danh từ" vocabulary_nm="data" spelling="deta" mean="Dữ liệu" explain="dữ lieu nhiều voãi ra" /><row row_id="2" vocabulary_code="3" vocabulary_div="Danh từ" vocabulary_nm="kingdom" spelling="kingdum" mean="vương quốc" explain="the way to call a country in history" /><row row_id="3" vocabulary_code="4" vocabulary_div="Trạng từ" vocabulary_nm="goal" spelling="ɡəul" mean="vào" explain="when the bool into the lưới" />','','','ndq809','127.0.0.1';
2019-02-05 00:14:32 EXEC SPC_COM_MENU '1';
2019-02-05 00:14:32 EXEC SPC_W002_LST1 '2048';
2019-02-05 00:14:33 EXEC SPC_COM_MENU '1';
2019-02-05 00:14:33 EXEC SPC_W002_LST2 '1';
2019-02-05 00:14:33 EXEC SPC_COM_MENU '1';
2019-02-05 00:14:33 EXEC SPC_COMMON_GROUP '2';
2019-02-05 00:14:38 EXEC SPC_COM_DATA 'khoai','2','1';
2019-02-05 00:14:38 EXEC SPC_VOCABULARY_LST2 '2','3','khoai';
2019-02-05 00:14:39 EXEC SPC_COM_DATA 'khoai','2','1';
2019-02-05 00:14:39 EXEC SPC_VOCABULARY_LST2 '2','1','khoai';
2019-02-05 00:18:21 EXEC SPC_COM_DATA 'khoai','2','1';
2019-02-05 00:18:22 EXEC SPC_COM_DATA 'khoai','2','1';
2019-02-05 00:18:22 EXEC SPC_TRANSLATION_LST1 '','khoai';
2019-02-05 00:21:59 EXEC SPC_COM_DATA 'khoai','2','1';
2019-02-05 00:21:59 EXEC SPC_VOCABULARY_LST1 '','khoai','2','1';
2019-02-05 00:21:59 EXEC SPC_COM_DATA 'khoai','2','1';
2019-02-05 00:21:59 EXEC SPC_VOCABULARY_LST2 '2','1','khoai';
2019-02-05 00:22:09 EXEC SPC_COM_DATA 'khoai','2','1';
2019-02-05 00:22:09 EXEC SPC_DICTIONARY_LST1 '','khoai';
2019-02-05 00:22:23 EXEC SPC_COM_DATA 'khoai','2','1';
2019-02-05 00:22:23 EXEC SPC_VOCABULARY_LST1 '','khoai','2','1';
2019-02-05 00:22:23 EXEC SPC_COM_DATA 'khoai','2','1';
2019-02-05 00:22:23 EXEC SPC_VOCABULARY_LST2 '2','1','khoai';
2019-02-05 00:22:25 EXEC SPC_COM_DATA 'khoai','2','1';
2019-02-05 00:22:25 EXEC SPC_DICTIONARY_LST1 '1','khoai';
2019-02-05 00:22:25 EXEC SPC_COM_DATA 'khoai','2','1';
2019-02-05 00:22:25 EXEC SPC_DICTIONARY_LST2 'Hello','khoai','127.0.0.1';
2019-02-05 00:22:29 EXEC SPC_COM_DATA 'khoai','2','1';
2019-02-05 00:22:29 EXEC SPC_DICTIONARY_LST2 'kingdom','khoai','127.0.0.1';
2019-02-05 00:32:57 EXEC SPC_COM_DATA 'khoai','2','1';
2019-02-05 00:32:57 EXEC SPC_DISCUSS_LST1 '','khoai';
2019-02-05 00:32:58 EXEC SPC_COM_DATA 'khoai','2','1';
2019-02-05 00:32:58 EXEC SPC_DISCUSS_LST2 '','1','','khoai';
2019-02-05 00:33:27 EXEC SPC_COM_DATA 'khoai','2','1';
2019-02-05 00:33:27 EXEC SPC_DISCUSS_LST1 '','khoai';
2019-02-05 00:33:28 EXEC SPC_COM_DATA 'khoai','2','1';
2019-02-05 00:33:28 EXEC SPC_DISCUSS_LST2 '','1','','khoai';
2019-02-05 00:33:37 EXEC SPC_COM_DATA 'khoai','2','1';
2019-02-05 00:33:37 EXEC SPC_DISCUSS_LST1 '','khoai';
2019-02-05 00:33:38 EXEC SPC_COM_DATA 'khoai','2','1';
2019-02-05 00:33:38 EXEC SPC_DISCUSS_LST2 '','1','','khoai';
2019-02-05 00:34:44 EXEC SPC_COM_DATA 'khoai','2','1';
2019-02-05 00:34:44 EXEC SPC_DISCUSS_LST1 '','khoai';
2019-02-05 00:34:45 EXEC SPC_COM_DATA 'khoai','2','1';
2019-02-05 00:34:45 EXEC SPC_DISCUSS_LST2 '','1','','khoai';
2019-02-05 00:35:05 EXEC SPC_COM_DATA 'khoai','2','1';
2019-02-05 00:35:05 EXEC SPC_DISCUSS_ACT2 '54','khoai','127.0.0.1';
2019-02-05 00:35:33 EXEC SPC_COM_MENU '1';
2019-02-05 00:35:33 EXEC SPC_W002_LST2 '6';
2019-02-05 00:35:36 EXEC SPC_COM_PERMISSION '1','2','w001';
2019-02-05 00:35:36 EXEC SPC_COM_MENU '1';
2019-02-05 00:35:36 EXEC SPC_COM_M999_INQ1 '7';
2019-02-05 00:35:40 EXEC SPC_COM_MENU '1';
2019-02-05 00:35:40 EXEC SPC_COMMON_CATALORUE '6';
2019-02-05 00:35:43 EXEC SPC_COM_MENU '1';
2019-02-05 00:35:43 EXEC SPC_w001_LST1 '6','','','','10','1';
2019-02-05 00:35:46 EXEC SPC_COM_MENU '1';
2019-02-05 00:35:46 EXEC SPC_w001_LST1 '6','','','','10','2';
2019-02-05 00:35:47 EXEC SPC_COM_MENU '1';
2019-02-05 00:35:47 EXEC SPC_w001_LST1 '6','','','','10','1';
2019-02-05 00:40:11 EXEC SPC_COM_MENU '1';
2019-02-05 00:40:11 EXEC SPC_w001_LST1 '6','','','','10','1';
2019-02-05 00:40:17 EXEC SPC_COM_MENU '1';
2019-02-05 00:40:17 EXEC SPC_w001_LST1 '6','','','','10','2';
2019-02-05 00:40:22 EXEC SPC_COM_MENU '1';
2019-02-05 00:40:22 EXEC SPC_COM_M999_INQ1 '8';
2019-02-05 00:40:23 EXEC SPC_COM_MENU '1';
2019-02-05 00:40:23 EXEC SPC_p004_LST1 '2047';
2019-02-05 00:40:27 EXEC SPC_COM_MENU '1';
2019-02-05 00:40:27 EXEC SPC_w002_ACT2 '2047','ndq809','127.0.0.1';
2019-02-05 00:40:28 EXEC SPC_COM_MENU '1';
2019-02-05 00:40:28 EXEC SPC_w001_LST1 '6','','','','10','1';
2019-02-05 00:40:31 EXEC SPC_COM_MENU '1';
2019-02-05 00:40:31 EXEC SPC_w001_LST1 '6','','','','10','2';
2019-02-05 00:40:33 EXEC SPC_COM_MENU '1';
2019-02-05 00:40:33 EXEC SPC_w001_LST1 '6','','','','10','1';
2019-02-05 00:40:43 EXEC SPC_COM_DATA 'khoai','2','1';
2019-02-05 00:40:43 EXEC SPC_DISCUSS_LST1 '','khoai';
2019-02-05 00:40:43 EXEC SPC_COM_DATA 'khoai','2','1';
2019-02-05 00:40:43 EXEC SPC_DISCUSS_LST2 '','1','','khoai';
2019-02-05 00:40:58 EXEC SPC_COM_DATA 'khoai','2','1';
2019-02-05 00:40:58 EXEC SPC_DISCUSS_ACT2 '2047','khoai','127.0.0.1';
2019-02-05 00:44:47 EXEC SPC_COM_DATA 'khoai','2','1';
2019-02-05 00:44:47 EXEC SPC_DISCUSS_LST1 '','khoai';
2019-02-05 00:44:48 EXEC SPC_COM_DATA 'khoai','2','1';
2019-02-05 00:44:48 EXEC SPC_DISCUSS_LST2 '','1','','khoai';
2019-02-05 00:45:20 EXEC SPC_COM_DATA 'khoai','2','1';
2019-02-05 00:45:20 EXEC SPC_DISCUSS_LST1 '','khoai';
2019-02-05 00:45:21 EXEC SPC_COM_DATA 'khoai','2','1';
2019-02-05 00:45:21 EXEC SPC_DISCUSS_LST2 '','1','','khoai';
2019-02-05 00:45:55 EXEC SPC_COM_DATA 'khoai','2','1';
2019-02-05 00:45:55 EXEC SPC_DISCUSS_LST1 '','khoai';
2019-02-05 00:45:56 EXEC SPC_COM_DATA 'khoai','2','1';
2019-02-05 00:45:56 EXEC SPC_DISCUSS_LST2 '','1','','khoai';
2019-02-05 00:46:02 EXEC SPC_COM_DATA 'khoai','2','1';
2019-02-05 00:46:02 EXEC SPC_DISCUSS_ACT2 '2047','khoai','127.0.0.1';
2019-02-05 00:46:13 EXEC SPC_COM_DATA 'khoai','2','1';
2019-02-05 00:46:13 EXEC SPC_DISCUSS_ACT2 '2047','khoai','127.0.0.1';
2019-02-05 00:47:00 EXEC SPC_COM_DATA 'khoai','2','1';
2019-02-05 00:47:00 EXEC SPC_DISCUSS_LST1 '','khoai';
2019-02-05 00:47:01 EXEC SPC_COM_DATA 'khoai','2','1';
2019-02-05 00:47:01 EXEC SPC_DISCUSS_LST2 '','1','','khoai';
2019-02-05 00:47:10 EXEC SPC_COM_DATA 'khoai','2','1';
2019-02-05 00:47:10 EXEC SPC_DISCUSS_ACT2 '54','khoai','127.0.0.1';
2019-02-05 00:55:41 EXEC SPC_COM_DATA 'khoai','2','1';
2019-02-05 00:55:41 EXEC SPC_DISCUSS_LST1 '','khoai';
2019-02-05 00:55:42 EXEC SPC_COM_DATA 'khoai','2','1';
2019-02-05 00:55:42 EXEC SPC_DISCUSS_LST2 '','1','','khoai';
2019-02-05 00:55:51 EXEC SPC_COM_DATA 'khoai','2','1';
2019-02-05 00:55:51 EXEC SPC_DISCUSS_ACT2 '54','khoai','127.0.0.1';
2019-02-05 00:57:50 EXEC SPC_COM_DATA 'khoai','2','1';
2019-02-05 00:57:50 EXEC SPC_DISCUSS_LST1 '','khoai';
2019-02-05 00:57:51 EXEC SPC_COM_DATA 'khoai','2','1';
2019-02-05 00:57:51 EXEC SPC_DISCUSS_LST2 '','1','','khoai';
2019-02-05 00:58:02 EXEC SPC_COM_DATA 'khoai','2','1';
2019-02-05 00:58:02 EXEC SPC_DISCUSS_ACT2 '54','khoai','127.0.0.1';
2019-02-05 00:58:17 EXEC SPC_COM_DATA 'khoai','2','1';
2019-02-05 00:58:17 EXEC SPC_DISCUSS_LST1 '','khoai';
2019-02-05 00:58:17 EXEC SPC_COM_DATA 'khoai','2','1';
2019-02-05 00:58:17 EXEC SPC_DISCUSS_LST2 '','1','','khoai';
2019-02-05 00:58:26 EXEC SPC_COM_DATA 'khoai','2','1';
2019-02-05 00:58:26 EXEC SPC_DISCUSS_ACT2 '54','khoai','127.0.0.1';
2019-02-05 00:58:57 EXEC SPC_COM_DATA 'khoai','2','1';
2019-02-05 00:58:57 EXEC SPC_DISCUSS_LST1 '','khoai';
2019-02-05 00:58:58 EXEC SPC_COM_DATA 'khoai','2','1';
2019-02-05 00:58:58 EXEC SPC_DISCUSS_LST2 '','1','','khoai';
2019-02-05 00:59:07 EXEC SPC_COM_DATA 'khoai','2','1';
2019-02-05 00:59:07 EXEC SPC_DISCUSS_ACT2 '54','khoai','127.0.0.1';
2019-02-05 00:59:56 EXEC SPC_COM_DATA 'khoai','2','1';
2019-02-05 00:59:56 EXEC SPC_DISCUSS_ACT2 '2047','khoai','127.0.0.1';
2019-02-05 01:00:30 EXEC SPC_COM_DATA 'khoai','2','1';
2019-02-05 01:00:30 EXEC SPC_DISCUSS_ACT2 '54','khoai','127.0.0.1';
2019-02-05 01:00:46 EXEC SPC_COM_DATA 'khoai','2','1';
2019-02-05 01:00:46 EXEC SPC_DISCUSS_LST1 '','khoai';
2019-02-05 01:00:47 EXEC SPC_COM_DATA 'khoai','2','1';
2019-02-05 01:00:47 EXEC SPC_DISCUSS_LST2 '','1','','khoai';
2019-02-05 01:01:04 EXEC SPC_COM_DATA 'khoai','2','1';
2019-02-05 01:01:04 EXEC SPC_DISCUSS_ACT2 '54','khoai','127.0.0.1';
2019-02-05 01:01:21 EXEC SPC_COM_DATA 'khoai','2','1';
2019-02-05 01:01:21 EXEC SPC_DISCUSS_LST1 '2047','khoai';
2019-02-05 01:01:22 EXEC SPC_COM_DATA 'khoai','2','1';
2019-02-05 01:01:22 EXEC SPC_DISCUSS_LST2 '2047','1','','khoai';
2019-02-05 01:11:19 EXEC SPC_COM_DATA 'khoai','2','1';
2019-02-05 01:11:19 EXEC SPC_DISCUSS_LST1 '2047','khoai';
2019-02-05 01:11:20 EXEC SPC_COM_DATA 'khoai','2','1';
2019-02-05 01:11:20 EXEC SPC_DISCUSS_LST2 '2047','1','','khoai';
2019-02-05 01:17:20 EXEC SPC_COM_DATA 'khoai','2','1';
2019-02-05 01:17:20 EXEC SPC_DISCUSS_LST1 '','khoai';
2019-02-05 01:17:21 EXEC SPC_COM_DATA 'khoai','2','1';
2019-02-05 01:17:21 EXEC SPC_DISCUSS_LST2 '','1','','khoai';
2019-02-05 01:17:27 EXEC SPC_COM_DATA 'khoai','2','1';
2019-02-05 01:17:27 EXEC SPC_DISCUSS_LST1 '2047','khoai';
2019-02-05 01:17:34 EXEC SPC_COM_DATA 'khoai','2','1';
2019-02-05 01:17:34 EXEC SPC_DISCUSS_LST1 '','khoai';
2019-02-05 01:17:34 EXEC SPC_COM_DATA 'khoai','2','1';
2019-02-05 01:17:34 EXEC SPC_DISCUSS_LST2 '','1','','khoai';
2019-02-05 01:17:41 EXEC SPC_COM_DATA 'khoai','2','1';
2019-02-05 01:17:41 EXEC SPC_DISCUSS_ACT2 '2047','khoai','127.0.0.1';
2019-02-05 01:25:35 EXEC SPC_COM_DATA 'khoai','2','1';
2019-02-05 01:25:35 EXEC SPC_DISCUSS_LST1 '2047','khoai';
2019-02-05 01:25:39 EXEC SPC_COM_DATA 'khoai','2','1';
2019-02-05 01:25:39 EXEC SPC_DISCUSS_LST1 '','khoai';
2019-02-05 01:25:40 EXEC SPC_COM_DATA 'khoai','2','1';
2019-02-05 01:25:40 EXEC SPC_DISCUSS_LST2 '','1','','khoai';
2019-02-05 01:25:45 EXEC SPC_COM_DATA 'khoai','2','1';
2019-02-05 01:25:45 EXEC SPC_DISCUSS_ACT2 '2047','khoai','127.0.0.1';
2019-02-05 01:26:24 EXEC SPC_COM_DATA 'khoai','2','1';
2019-02-05 01:26:24 EXEC SPC_DISCUSS_LST1 '2047','khoai';
2019-02-05 01:26:28 EXEC SPC_COM_DATA 'khoai','2','1';
2019-02-05 01:26:28 EXEC SPC_DISCUSS_LST1 '','khoai';
2019-02-05 01:26:29 EXEC SPC_COM_DATA 'khoai','2','1';
2019-02-05 01:26:29 EXEC SPC_DISCUSS_LST2 '','1','','khoai';
2019-02-05 01:26:56 EXEC SPC_COM_DATA 'khoai','2','1';
2019-02-05 01:26:56 EXEC SPC_DISCUSS_ACT2 '2047','khoai','127.0.0.1';
2019-02-05 02:00:27 EXEC SPC_COM_DATA 'khoai','2','1';
2019-02-05 02:00:27 EXEC SPC_DISCUSS_LST1 '','khoai';
2019-02-05 02:00:28 EXEC SPC_COM_DATA 'khoai','2','1';
2019-02-05 02:00:28 EXEC SPC_DISCUSS_LST2 '','1','','khoai';
2019-02-05 02:00:33 EXEC SPC_COM_DATA 'khoai','2','1';
2019-02-05 02:00:33 EXEC SPC_DISCUSS_ACT2 '2047','khoai','127.0.0.1';
2019-02-05 02:00:41 EXEC SPC_COM_DATA 'khoai','2','1';
2019-02-05 02:00:41 EXEC SPC_DISCUSS_LST1 '52','khoai';
2019-02-05 02:00:41 EXEC SPC_COM_DATA 'khoai','2','1';
2019-02-05 02:00:41 EXEC SPC_DISCUSS_LST2 '52','1','','khoai';
2019-02-05 02:00:50 EXEC SPC_COM_DATA 'khoai','2','1';
2019-02-05 02:00:50 EXEC SPC_DISCUSS_ACT2 '52','khoai','127.0.0.1';
2019-02-05 02:22:47 EXEC SPC_COM_DATA 'khoai','2','1';
2019-02-05 02:22:47 EXEC SPC_DISCUSS_LST1 '','khoai';
2019-02-05 02:22:47 EXEC SPC_COM_DATA 'khoai','2','1';
2019-02-05 02:22:47 EXEC SPC_DISCUSS_LST2 '','1','','khoai';
2019-02-05 02:23:03 EXEC SPC_COM_DATA 'khoai','2','1';
2019-02-05 02:23:03 EXEC SPC_DISCUSS_ACT2 '52','khoai','127.0.0.1';
2019-02-05 02:44:39 EXEC SPC_COM_DATA 'khoai','2','1';
2019-02-05 02:44:39 EXEC SPC_DISCUSS_LST1 '','khoai';
2019-02-05 02:44:39 EXEC SPC_COM_DATA 'khoai','2','1';
2019-02-05 02:44:39 EXEC SPC_DISCUSS_LST2 '','1','','khoai';
2019-02-05 02:44:45 EXEC SPC_COM_DATA 'khoai','2','1';
2019-02-05 02:44:45 EXEC SPC_DISCUSS_ACT2 '52','khoai','127.0.0.1';
2019-02-05 02:44:53 EXEC SPC_COM_DATA 'khoai','2','1';
2019-02-05 02:44:53 EXEC SPC_DISCUSS_ACT2 '52','khoai','127.0.0.1';
2019-02-05 02:46:17 EXEC SPC_COM_DATA 'khoai','2','1';
2019-02-05 02:46:17 EXEC SPC_DISCUSS_LST1 '','khoai';
2019-02-05 02:46:18 EXEC SPC_COM_DATA 'khoai','2','1';
2019-02-05 02:46:18 EXEC SPC_DISCUSS_LST2 '','1','','khoai';
2019-02-05 02:46:36 EXEC SPC_COM_DATA 'khoai','2','1';
2019-02-05 02:46:36 EXEC SPC_DISCUSS_ACT2 '52','khoai','127.0.0.1';
2019-02-05 02:49:33 EXEC SPC_COM_DATA 'khoai','2','1';
2019-02-05 02:49:33 EXEC SPC_DISCUSS_LST1 '','khoai';
2019-02-05 02:49:34 EXEC SPC_COM_DATA 'khoai','2','1';
2019-02-05 02:49:34 EXEC SPC_DISCUSS_LST2 '','1','','khoai';
2019-02-05 02:49:57 EXEC SPC_COM_DATA 'khoai','2','1';
2019-02-05 02:49:57 EXEC SPC_DISCUSS_ACT2 '49','khoai','127.0.0.1';
2019-02-05 02:50:11 EXEC SPC_COM_MENU '1';
2019-02-05 02:50:11 EXEC SPC_COM_M999_INQ1 '8';
2019-02-05 02:50:11 EXEC SPC_COM_MENU '1';
2019-02-05 02:50:11 EXEC SPC_p004_LST1 '49';
2019-02-05 02:50:14 EXEC SPC_COM_MENU '1';
2019-02-05 02:50:14 EXEC SPC_w002_ACT2 '49','ndq809','127.0.0.1';
2019-02-05 02:50:16 EXEC SPC_COM_MENU '1';
2019-02-05 02:50:16 EXEC SPC_w001_LST1 '6','','','','10','1';
2019-02-05 02:50:22 EXEC SPC_COM_DATA 'khoai','2','1';
2019-02-05 02:50:22 EXEC SPC_DISCUSS_LST1 '','khoai';
2019-02-05 02:50:23 EXEC SPC_COM_DATA 'khoai','2','1';
2019-02-05 02:50:23 EXEC SPC_DISCUSS_LST2 '','1','','khoai';
2019-02-05 02:50:33 EXEC SPC_COM_DATA 'khoai','2','1';
2019-02-05 02:50:33 EXEC SPC_DISCUSS_ACT2 '49','khoai','127.0.0.1';
2019-02-05 02:50:38 EXEC SPC_COM_DATA 'khoai','2','1';
2019-02-05 02:50:38 EXEC SPC_DISCUSS_ACT2 '53','khoai','127.0.0.1';
2019-02-05 02:50:57 EXEC SPC_COM_DATA 'khoai','2','1';
2019-02-05 02:50:57 EXEC SPC_DISCUSS_ACT2 '1053','khoai','127.0.0.1';
2019-02-05 04:05:54 EXEC SPC_COM_DATA 'khoai','2','1';
2019-02-05 04:05:54 EXEC SPC_DISCUSS_LST2 '','1','<row tag_id="2089" />','khoai';
2019-02-05 04:05:57 EXEC SPC_COM_DATA 'khoai','2','1';
2019-02-05 04:05:57 EXEC SPC_DISCUSS_LST2 '','1','<row tag_id="2089" />','khoai';
2019-02-05 04:06:01 EXEC SPC_COM_DATA 'khoai','2','1';
2019-02-05 04:06:01 EXEC SPC_DISCUSS_LST2 '','1','<row tag_id="2089" />','khoai';
2019-02-05 04:06:03 EXEC SPC_COM_DATA 'khoai','2','1';
2019-02-05 04:06:03 EXEC SPC_DISCUSS_LST2 '','1','<row tag_id="2089" />','khoai';
2019-02-05 04:06:12 EXEC SPC_COM_DATA 'khoai','2','1';
2019-02-05 04:06:12 EXEC SPC_DISCUSS_ACT2 '1053','khoai','127.0.0.1';
2019-02-05 04:06:31 EXEC SPC_COM_DATA 'khoai','2','1';
2019-02-05 04:06:31 EXEC SPC_DISCUSS_LST2 '','1','<row tag_id="2089" />','khoai';
2019-02-05 04:06:39 EXEC SPC_COM_DATA 'khoai','2','1';
2019-02-05 04:06:39 EXEC SPC_DISCUSS_LST2 '','1','','khoai';
2019-02-05 04:06:39 EXEC SPC_COM_DATA 'khoai','2','1';
2019-02-05 04:06:39 EXEC SPC_DISCUSS_ACT2 '1053','khoai','127.0.0.1';
2019-02-05 04:06:51 EXEC SPC_COM_DATA 'khoai','2','1';
2019-02-05 04:06:51 EXEC SPC_DISCUSS_ACT2 '53','khoai','127.0.0.1';
2019-02-05 04:11:20 EXEC SPC_COM_DATA 'khoai','2','1';
2019-02-05 04:11:20 EXEC SPC_DISCUSS_LST1 '2047','khoai';
2019-02-05 04:11:24 EXEC SPC_COM_DATA 'khoai','2','1';
2019-02-05 04:11:24 EXEC SPC_DISCUSS_LST2 '','1','','khoai';
2019-02-05 04:11:38 EXEC SPC_COM_DATA 'khoai','2','1';
2019-02-05 04:11:38 EXEC SPC_DISCUSS_ACT2 '53','khoai','127.0.0.1';
2019-02-05 04:11:40 EXEC SPC_COM_DATA 'khoai','2','1';
2019-02-05 04:11:40 EXEC SPC_COM_FORGET '17','53','3','khoai';
2019-02-05 04:11:46 EXEC SPC_COM_DATA 'khoai','2','1';
2019-02-05 04:11:46 EXEC SPC_DISCUSS_ACT2 '49','khoai','127.0.0.1';
2019-02-05 04:12:23 EXEC SPC_COM_DATA 'khoai','2','1';
2019-02-05 04:12:23 EXEC SPC_DISCUSS_ACT2 '51','khoai','127.0.0.1';
2019-02-05 04:13:49 EXEC SPC_COM_DATA 'khoai','2','1';
2019-02-05 04:13:49 EXEC SPC_DISCUSS_ACT2 '49','khoai','127.0.0.1';
2019-02-05 04:14:35 EXEC SPC_COM_DATA 'khoai','2','1';
2019-02-05 04:14:35 EXEC SPC_DISCUSS_LST1 '49','khoai';
2019-02-05 04:14:40 EXEC SPC_COM_DATA 'khoai','2','1';
2019-02-05 04:14:40 EXEC SPC_DISCUSS_LST2 '','1','','khoai';
2019-02-05 04:14:49 EXEC SPC_COM_DATA 'khoai','2','1';
2019-02-05 04:14:49 EXEC SPC_COM_FORGET '5','49','3','khoai';
2019-02-05 04:14:55 EXEC SPC_COM_DATA 'khoai','2','1';
2019-02-05 04:14:55 EXEC SPC_COM_REMEMBER '8','3','5','49','khoai','127.0.0.1';
2019-02-05 04:15:02 EXEC SPC_COM_DATA 'khoai','2','1';
2019-02-05 04:15:02 EXEC SPC_DISCUSS_ACT2 '51','khoai','127.0.0.1';
2019-02-05 04:15:12 EXEC SPC_COM_DATA 'khoai','2','1';
2019-02-05 04:15:12 EXEC SPC_COM_FORGET '10','50','3','khoai';
2019-02-05 04:15:17 EXEC SPC_COM_DATA 'khoai','2','1';
2019-02-05 04:15:17 EXEC SPC_DISCUSS_LST1 '','khoai';
2019-02-05 04:15:18 EXEC SPC_COM_DATA 'khoai','2','1';
2019-02-05 04:15:18 EXEC SPC_DISCUSS_LST2 '','1','','khoai';
2019-02-05 04:15:28 EXEC SPC_COM_DATA 'khoai','2','1';
2019-02-05 04:15:29 EXEC SPC_DISCUSS_ACT2 '53','khoai','127.0.0.1';
2019-02-05 04:15:36 EXEC SPC_COM_DATA 'khoai','2','1';
2019-02-05 04:15:36 EXEC SPC_COM_REMEMBER '8','3','7','53','khoai','127.0.0.1';
2019-02-05 04:15:37 EXEC SPC_COM_DATA 'khoai','2','1';
2019-02-05 04:15:37 EXEC SPC_COM_REMEMBER '8','3','6','52','khoai','127.0.0.1';
2019-02-05 04:15:38 EXEC SPC_COM_DATA 'khoai','2','1';
2019-02-05 04:15:38 EXEC SPC_COM_REMEMBER '8','3','11','1045','khoai','127.0.0.1';
2019-02-05 04:15:39 EXEC SPC_COM_DATA 'khoai','2','1';
2019-02-05 04:15:39 EXEC SPC_COM_REMEMBER '8','3','1','50','khoai','127.0.0.1';
2019-02-05 04:15:41 EXEC SPC_COM_DATA 'khoai','2','1';
2019-02-05 04:15:41 EXEC SPC_DISCUSS_ACT2 '1053','khoai','127.0.0.1';
2019-02-05 04:15:53 EXEC SPC_COM_DATA 'khoai','2','1';
2019-02-05 04:15:53 EXEC SPC_DISCUSS_ACT2 '1045','khoai','127.0.0.1';
2019-02-05 04:15:58 EXEC SPC_COM_MENU '1';
2019-02-05 04:15:58 EXEC SPC_COM_M999_INQ1 '8';
2019-02-05 04:15:58 EXEC SPC_COM_MENU '1';
2019-02-05 04:15:58 EXEC SPC_p004_LST1 '1045';
2019-02-05 04:16:01 EXEC SPC_COM_MENU '1';
2019-02-05 04:16:01 EXEC SPC_w002_ACT2 '1045','ndq809','127.0.0.1';
2019-02-05 04:16:03 EXEC SPC_COM_MENU '1';
2019-02-05 04:16:03 EXEC SPC_w001_LST1 '6','','','','10','1';
2019-02-05 04:16:07 EXEC SPC_COM_DATA 'khoai','2','1';
2019-02-05 04:16:07 EXEC SPC_DISCUSS_LST1 '','khoai';
2019-02-05 04:16:08 EXEC SPC_COM_DATA 'khoai','2','1';
2019-02-05 04:16:08 EXEC SPC_DISCUSS_LST2 '','1','','khoai';
2019-02-05 04:16:14 EXEC SPC_COM_DATA 'khoai','2','1';
2019-02-05 04:16:14 EXEC SPC_DISCUSS_ACT2 '1045','khoai','127.0.0.1';
2019-02-05 04:16:33 EXEC SPC_COM_DATA 'khoai','2','1';
2019-02-05 04:16:33 EXEC SPC_COM_FORGET '17','1045','3','khoai';
2019-02-05 04:16:38 EXEC SPC_COM_DATA 'khoai','2','1';
2019-02-05 04:16:38 EXEC SPC_DISCUSS_ACT2 '53','khoai','127.0.0.1';
2019-02-05 04:16:43 EXEC SPC_COM_DATA 'khoai','2','1';
2019-02-05 04:16:43 EXEC SPC_COM_REMEMBER '8','3','17','1045','khoai','127.0.0.1';
2019-02-05 04:16:45 EXEC SPC_COM_DATA 'khoai','2','1';
2019-02-05 04:16:45 EXEC SPC_DISCUSS_ACT2 '1045','khoai','127.0.0.1';
2019-02-05 04:17:18 EXEC SPC_COM_DATA 'khoai','2','1';
2019-02-05 04:17:18 EXEC SPC_DISCUSS_LST1 '53','khoai';
2019-02-05 04:17:19 EXEC SPC_COM_DATA 'khoai','2','1';
2019-02-05 04:17:19 EXEC SPC_DISCUSS_LST2 '53','1','','khoai';
2019-02-05 04:17:25 EXEC SPC_COM_DATA 'khoai','2','1';
2019-02-05 04:17:25 EXEC SPC_DISCUSS_LST2 '','1','<row tag_id="1085" /><row tag_id="1088" />','khoai';
2019-02-05 04:17:35 EXEC SPC_COM_DATA 'khoai','2','1';
2019-02-05 04:17:35 EXEC SPC_DISCUSS_ACT2 '48','khoai','127.0.0.1';
2019-02-05 04:21:15 EXEC SPC_COM_DATA 'khoai','2','1';
2019-02-05 04:21:15 EXEC SPC_VOCABULARY_LST1 '','khoai','2','1';
2019-02-05 04:21:16 EXEC SPC_COM_DATA 'khoai','2','1';
2019-02-05 04:21:16 EXEC SPC_VOCABULARY_LST2 '2','1','khoai';
2019-02-05 04:21:21 EXEC SPC_COM_DATA 'khoai','2','1';
2019-02-05 04:21:21 EXEC SPC_COM_REMEMBER '1','2','2','3','khoai','127.0.0.1';
2019-02-05 04:21:22 EXEC SPC_COM_DATA 'khoai','2','1';
2019-02-05 04:21:22 EXEC SPC_COM_REMEMBER '1','2','1','1','khoai','127.0.0.1';
2019-02-05 04:21:24 EXEC SPC_COM_DATA 'khoai','2','1';
2019-02-05 04:21:24 EXEC SPC_VOCABULARY_LST2 '2','3','khoai';
2019-02-05 04:21:28 EXEC SPC_COM_DATA 'khoai','2','1';
2019-02-05 04:21:28 EXEC SPC_VOCABULARY_LST2 '2','1','khoai';
2019-02-05 04:21:44 EXEC SPC_COM_DATA 'khoai','2','1';
2019-02-05 04:21:44 EXEC SPC_DISCUSS_LST1 '','khoai';
2019-02-05 04:21:45 EXEC SPC_COM_DATA 'khoai','2','1';
2019-02-05 04:21:45 EXEC SPC_DISCUSS_LST2 '','1','','khoai';
2019-02-05 04:21:51 EXEC SPC_COM_DATA 'khoai','2','1';
2019-02-05 04:21:51 EXEC SPC_DISCUSS_ACT2 '1053','khoai','127.0.0.1';
2019-02-05 04:21:53 EXEC SPC_COM_DATA 'khoai','2','1';
2019-02-05 04:21:53 EXEC SPC_DISCUSS_LST1 '1045','khoai';
2019-02-05 04:21:56 EXEC SPC_COM_DATA 'khoai','2','1';
2019-02-05 04:21:56 EXEC SPC_DISCUSS_LST2 '','1','','khoai';
2019-02-05 04:22:04 EXEC SPC_COM_DATA 'khoai','2','1';
2019-02-05 04:22:04 EXEC SPC_DISCUSS_ACT2 '48','khoai','127.0.0.1';
2019-02-05 04:22:45 EXEC SPC_COM_DATA 'khoai','2','1';
2019-02-05 04:22:45 EXEC SPC_DISCUSS_LST1 '1053','khoai';
2019-02-05 04:22:46 EXEC SPC_COM_DATA 'khoai','2','1';
2019-02-05 04:22:46 EXEC SPC_DISCUSS_LST2 '1053','1','','khoai';
2019-02-05 04:22:52 EXEC SPC_COM_DATA 'khoai','2','1';
2019-02-05 04:22:52 EXEC SPC_DISCUSS_ACT2 '1053','khoai','127.0.0.1';
2019-02-05 04:33:40 EXEC SPC_COM_MENU '1';
2019-02-05 04:33:41 EXEC SPC_COM_M999_INQ1 '8';
2019-02-05 04:33:41 EXEC SPC_COM_MENU '1';
2019-02-05 04:33:41 EXEC SPC_p004_LST1 '1046';
2019-02-05 04:33:43 EXEC SPC_COM_MENU '1';
2019-02-05 04:33:43 EXEC SPC_w002_ACT2 '1046','ndq809','127.0.0.1';
2019-02-05 04:33:45 EXEC SPC_COM_MENU '1';
2019-02-05 04:33:45 EXEC SPC_w001_LST1 '6','','','','10','1';
2019-02-05 04:33:56 EXEC SPC_COM_DATA 'khoai','2','1';
2019-02-05 04:33:56 EXEC SPC_DISCUSS_LST2 '','1','','khoai';
2019-02-05 04:34:09 EXEC SPC_COM_DATA 'khoai','2','1';
2019-02-05 04:34:09 EXEC SPC_DISCUSS_ACT2 '48','khoai','127.0.0.1';
2019-02-05 04:34:17 EXEC SPC_COM_MENU '1';
2019-02-05 04:34:17 EXEC SPC_COM_M999_INQ1 '8';
2019-02-05 04:34:18 EXEC SPC_COM_MENU '1';
2019-02-05 04:34:18 EXEC SPC_p004_LST1 '52';
2019-02-05 04:34:20 EXEC SPC_COM_MENU '1';
2019-02-05 04:34:20 EXEC SPC_w002_ACT2 '52','ndq809','127.0.0.1';
2019-02-05 04:34:22 EXEC SPC_COM_MENU '1';
2019-02-05 04:34:22 EXEC SPC_w001_LST1 '6','','','','10','1';
2019-02-05 04:34:30 EXEC SPC_COM_DATA 'khoai','2','1';
2019-02-05 04:34:30 EXEC SPC_DISCUSS_LST1 '','khoai';
2019-02-05 04:34:31 EXEC SPC_COM_DATA 'khoai','2','1';
2019-02-05 04:34:31 EXEC SPC_DISCUSS_LST2 '','1','','khoai';
2019-02-05 04:34:39 EXEC SPC_COM_DATA 'khoai','2','1';
2019-02-05 04:34:39 EXEC SPC_DISCUSS_ACT2 '52','khoai','127.0.0.1';
2019-02-05 04:34:41 EXEC SPC_COM_DATA 'khoai','2','1';
2019-02-05 04:34:41 EXEC SPC_COM_FORGET '12','52','3','khoai';
2019-02-05 04:34:49 EXEC SPC_COM_DATA 'khoai','2','1';
2019-02-05 04:34:49 EXEC SPC_DISCUSS_ACT2 '52','khoai','127.0.0.1';
2019-02-05 04:38:30 EXEC SPC_COM_DATA 'khoai','2','1';
2019-02-05 04:38:30 EXEC SPC_DISCUSS_ACT2 '50','khoai','127.0.0.1';
2019-02-05 04:38:32 EXEC SPC_COM_MENU '1';
2019-02-05 04:38:32 EXEC SPC_COM_M999_INQ1 '8';
2019-02-05 04:38:32 EXEC SPC_COM_MENU '1';
2019-02-05 04:38:32 EXEC SPC_p004_LST1 '48';
2019-02-05 04:38:34 EXEC SPC_COM_MENU '1';
2019-02-05 04:38:34 EXEC SPC_w002_ACT2 '48','ndq809','127.0.0.1';
2019-02-05 04:38:36 EXEC SPC_COM_MENU '1';
2019-02-05 04:38:36 EXEC SPC_w001_LST1 '6','','','','10','1';
2019-02-05 04:38:41 EXEC SPC_COM_DATA 'khoai','2','1';
2019-02-05 04:38:41 EXEC SPC_DISCUSS_LST1 '','khoai';
2019-02-05 04:38:42 EXEC SPC_COM_DATA 'khoai','2','1';
2019-02-05 04:38:42 EXEC SPC_DISCUSS_LST2 '','1','','khoai';
2019-02-05 04:38:50 EXEC SPC_COM_DATA 'khoai','2','1';
2019-02-05 04:38:50 EXEC SPC_DISCUSS_ACT2 '50','khoai','127.0.0.1';
2019-02-05 04:38:58 EXEC SPC_COM_DATA 'khoai','2','1';
2019-02-05 04:38:58 EXEC SPC_COM_FORGET '2','48','3','khoai';
2019-02-05 04:39:13 EXEC SPC_COM_DATA 'khoai','2','1';
2019-02-05 04:39:13 EXEC SPC_DISCUSS_LST1 '48','khoai';
2019-02-05 04:39:16 EXEC SPC_COM_DATA 'khoai','2','1';
2019-02-05 04:39:16 EXEC SPC_DISCUSS_LST2 '','1','','khoai';
2019-02-05 04:39:24 EXEC SPC_COM_DATA 'khoai','2','1';
2019-02-05 04:39:24 EXEC SPC_DISCUSS_ACT2 '1053','khoai','127.0.0.1';
2019-02-05 04:44:14 EXEC SPC_COM_DATA 'khoai','2','1';
2019-02-05 04:44:14 EXEC SPC_DISCUSS_LST1 '','khoai';
2019-02-05 04:44:15 EXEC SPC_COM_DATA 'khoai','2','1';
2019-02-05 04:44:15 EXEC SPC_DISCUSS_LST2 '','1','','khoai';
2019-02-05 04:44:22 EXEC SPC_COM_DATA 'khoai','2','1';
2019-02-05 04:44:22 EXEC SPC_DISCUSS_ACT2 '50','khoai','127.0.0.1';
2019-02-05 04:44:28 EXEC SPC_COM_MENU '1';
2019-02-05 04:44:28 EXEC SPC_COM_M999_INQ1 '8';
2019-02-05 04:44:28 EXEC SPC_COM_MENU '1';
2019-02-05 04:44:28 EXEC SPC_p004_LST1 '50';
2019-02-05 04:44:31 EXEC SPC_COM_MENU '1';
2019-02-05 04:44:31 EXEC SPC_w002_ACT2 '50','ndq809','127.0.0.1';
2019-02-05 04:44:32 EXEC SPC_COM_MENU '1';
2019-02-05 04:44:32 EXEC SPC_w001_LST1 '6','','','','10','1';
2019-02-05 04:44:52 EXEC SPC_COM_DATA 'khoai','2','1';
2019-02-05 04:44:52 EXEC SPC_DISCUSS_LST1 '','khoai';
2019-02-05 04:44:53 EXEC SPC_COM_DATA 'khoai','2','1';
2019-02-05 04:44:53 EXEC SPC_DISCUSS_LST2 '','1','','khoai';
2019-02-05 04:44:58 EXEC SPC_COM_DATA 'khoai','2','1';
2019-02-05 04:44:58 EXEC SPC_COM_FORGET '2','50','3','khoai';
2019-02-05 04:45:05 EXEC SPC_COM_DATA 'khoai','2','1';
2019-02-05 04:45:05 EXEC SPC_DISCUSS_ACT2 '1053','khoai','127.0.0.1';
2019-02-05 04:49:34 EXEC SPC_COM_DATA 'khoai','2','1';
2019-02-05 04:49:34 EXEC SPC_DISCUSS_ACT1 '1053','1','khoai','127.0.0.1';
2019-02-05 04:49:49 EXEC SPC_COM_DATA 'khoai','2','1';
2019-02-05 04:49:49 EXEC SPC_DISCUSS_ACT1 '1053','-1','khoai','127.0.0.1';
2019-02-05 04:50:58 EXEC SPC_COM_DATA 'khoai','2','1';
2019-02-05 04:50:58 EXEC SPC_DISCUSS_LST1 '','khoai';
2019-02-05 04:50:59 EXEC SPC_COM_DATA 'khoai','2','1';
2019-02-05 04:50:59 EXEC SPC_DISCUSS_LST2 '','1','','khoai';
2019-02-05 04:51:01 EXEC SPC_COM_DATA 'khoai','2','1';
2019-02-05 04:51:01 EXEC SPC_DISCUSS_ACT1 '1053','1','khoai','127.0.0.1';
2019-02-05 04:51:03 EXEC SPC_COM_DATA 'khoai','2','1';
2019-02-05 04:51:03 EXEC SPC_DISCUSS_LST1 '','khoai';
2019-02-05 04:51:04 EXEC SPC_COM_DATA 'khoai','2','1';
2019-02-05 04:51:04 EXEC SPC_DISCUSS_LST2 '','1','','khoai';
2019-02-05 04:51:07 EXEC SPC_COM_DATA 'khoai','2','1';
2019-02-05 04:51:07 EXEC SPC_DISCUSS_ACT1 '1053','-1','khoai','127.0.0.1';
2019-02-05 04:51:09 EXEC SPC_COM_DATA 'khoai','2','1';
2019-02-05 04:51:09 EXEC SPC_DISCUSS_LST1 '','khoai';
2019-02-05 04:51:09 EXEC SPC_COM_DATA 'khoai','2','1';
2019-02-05 04:51:09 EXEC SPC_DISCUSS_LST2 '','1','','khoai';
2019-02-05 04:51:15 EXEC SPC_COM_DATA 'khoai','2','1';
2019-02-05 04:51:15 EXEC SPC_DISCUSS_ACT2 '1053','khoai','127.0.0.1';
2019-02-05 04:53:08 EXEC SPC_COM_DATA 'khoai','2','1';
2019-02-05 04:53:08 EXEC SPC_DISCUSS_LST1 '','khoai';
2019-02-05 04:53:08 EXEC SPC_COM_DATA 'khoai','2','1';
2019-02-05 04:53:08 EXEC SPC_DISCUSS_LST2 '','1','','khoai';
2019-02-05 04:53:10 EXEC SPC_COM_DATA 'khoai','2','1';
2019-02-05 04:53:10 EXEC SPC_DISCUSS_ACT1 '1053','1','khoai','127.0.0.1';
2019-02-05 04:53:14 EXEC SPC_COM_DATA 'khoai','2','1';
2019-02-05 04:53:14 EXEC SPC_DISCUSS_ACT2 '1053','khoai','127.0.0.1';
2019-02-05 04:55:14 EXEC SPC_COM_DATA 'khoai','2','1';
2019-02-05 04:55:14 EXEC SPC_DISCUSS_LST1 '','khoai';
2019-02-05 04:55:14 EXEC SPC_COM_DATA 'khoai','2','1';
2019-02-05 04:55:14 EXEC SPC_DISCUSS_LST2 '','1','','khoai';
2019-02-05 04:55:20 EXEC SPC_COM_DATA 'khoai','2','1';
2019-02-05 04:55:20 EXEC SPC_DISCUSS_ACT2 '1053','khoai','127.0.0.1';
2019-02-05 04:55:55 EXEC SPC_COM_DATA 'khoai','2','1';
2019-02-05 04:55:55 EXEC SPC_DISCUSS_LST1 '','khoai';
2019-02-05 04:55:56 EXEC SPC_COM_DATA 'khoai','2','1';
2019-02-05 04:55:56 EXEC SPC_DISCUSS_LST2 '','1','','khoai';
2019-02-05 04:55:57 EXEC SPC_COM_DATA 'khoai','2','1';
2019-02-05 04:55:57 EXEC SPC_DISCUSS_ACT1 '1053','-1','khoai','127.0.0.1';
2019-02-05 04:55:59 EXEC SPC_COM_DATA 'khoai','2','1';
2019-02-05 04:55:59 EXEC SPC_DISCUSS_ACT1 '1053','-1','khoai','127.0.0.1';
2019-02-05 04:56:00 EXEC SPC_COM_DATA 'khoai','2','1';
2019-02-05 04:56:00 EXEC SPC_DISCUSS_ACT1 '1053','1','khoai','127.0.0.1';
2019-02-05 04:56:01 EXEC SPC_COM_DATA 'khoai','2','1';
2019-02-05 04:56:01 EXEC SPC_DISCUSS_ACT1 '1053','1','khoai','127.0.0.1';
2019-02-05 04:56:01 EXEC SPC_COM_DATA 'khoai','2','1';
2019-02-05 04:56:01 EXEC SPC_DISCUSS_ACT2 '1053','khoai','127.0.0.1';
2019-02-05 04:56:59 EXEC SPC_COM_DATA 'khoai','2','1';
2019-02-05 04:56:59 EXEC SPC_DISCUSS_ACT1 '1053','-1','khoai','127.0.0.1';
2019-02-05 04:57:00 EXEC SPC_COM_DATA 'khoai','2','1';
2019-02-05 04:57:00 EXEC SPC_DISCUSS_ACT1 '1053','-1','khoai','127.0.0.1';
2019-02-05 04:57:01 EXEC SPC_COM_DATA 'khoai','2','1';
2019-02-05 04:57:01 EXEC SPC_DISCUSS_ACT1 '1053','1','khoai','127.0.0.1';
2019-02-05 04:57:01 EXEC SPC_COM_DATA 'khoai','2','1';
2019-02-05 04:57:01 EXEC SPC_DISCUSS_ACT1 '1053','1','khoai','127.0.0.1';
2019-02-05 04:57:06 EXEC SPC_COM_DATA 'khoai','2','1';
2019-02-05 04:57:06 EXEC SPC_DISCUSS_ACT3 '10040','1','khoai','127.0.0.1';
2019-02-05 04:57:09 EXEC SPC_COM_DATA 'khoai','2','1';
2019-02-05 04:57:09 EXEC SPC_DISCUSS_ACT2 '54','khoai','127.0.0.1';
2019-02-05 04:58:05 EXEC SPC_COM_DATA 'khoai','2','1';
2019-02-05 04:58:05 EXEC SPC_COM_REMEMBER '8','3','19','1060','khoai','127.0.0.1';
2019-02-05 04:58:13 EXEC SPC_COM_DATA 'khoai','2','1';
2019-02-05 04:58:13 EXEC SPC_DISCUSS_ACT2 '54','khoai','127.0.0.1';
2019-02-05 04:58:32 EXEC SPC_COM_DATA 'khoai','2','1';
2019-02-05 04:58:32 EXEC SPC_COM_ADD_COMMENT '1','8','54','méo hiểu luôn @@','10040','khoai','127.0.0.1','1';
2019-02-05 04:58:35 EXEC SPC_COM_DATA 'khoai','2','1';
2019-02-05 04:58:35 EXEC SPC_DISCUSS_ACT3 '20046','1','khoai','127.0.0.1';
2019-02-05 04:59:24 EXEC SPC_COM_DATA 'khoai','2','1';
2019-02-05 04:59:24 EXEC SPC_DICTIONARY_LST1 '','khoai';
2019-02-05 04:59:26 EXEC SPC_COM_DATA 'khoai','2','1';
2019-02-05 04:59:26 EXEC SPC_DISCUSS_LST1 '','khoai';
2019-02-05 04:59:27 EXEC SPC_COM_DATA 'khoai','2','1';
2019-02-05 04:59:27 EXEC SPC_DISCUSS_LST2 '','1','','khoai';
2019-02-05 04:59:31 EXEC SPC_COM_DATA 'khoai','2','1';
2019-02-05 04:59:31 EXEC SPC_DISCUSS_ACT3 '20046','-1','khoai','127.0.0.1';
2019-02-05 04:59:31 EXEC SPC_COM_DATA 'khoai','2','1';
2019-02-05 04:59:32 EXEC SPC_DISCUSS_ACT3 '20046','-1','khoai','127.0.0.1';
2019-02-05 04:59:32 EXEC SPC_COM_DATA 'khoai','2','1';
2019-02-05 04:59:33 EXEC SPC_DISCUSS_ACT2 '54','khoai','127.0.0.1';
2019-02-05 04:59:33 EXEC SPC_COM_DATA 'khoai','2','1';
2019-02-05 04:59:33 EXEC SPC_DISCUSS_ACT3 '20046','1','khoai','127.0.0.1';
2019-02-05 04:59:33 EXEC SPC_COM_DATA 'khoai','2','1';
2019-02-05 04:59:33 EXEC SPC_DISCUSS_ACT3 '20046','1','khoai','127.0.0.1';
2019-02-05 05:00:34 EXEC SPC_COM_DATA 'khoai','2','1';
2019-02-05 05:00:34 EXEC SPC_DISCUSS_ACT2 '1059','khoai','127.0.0.1';
2019-02-05 05:14:41 EXEC SPC_COM_DATA 'khoai','2','1';
2019-02-05 05:14:41 EXEC SPC_VOCABULARY_LST1 '','khoai','2','1';
2019-02-05 05:14:42 EXEC SPC_COM_DATA 'khoai','2','1';
2019-02-05 05:14:42 EXEC SPC_VOCABULARY_LST2 '2','1','khoai';
2019-02-05 05:14:58 EXEC SPC_COM_DATA 'khoai','2','1';
2019-02-05 05:14:58 EXEC SPC_VOCABULARY_LST1 '','khoai','2','1';
2019-02-05 05:14:58 EXEC SPC_COM_DATA 'khoai','2','1';
2019-02-05 05:14:58 EXEC SPC_VOCABULARY_LST2 '2','1','khoai';
2019-02-05 05:22:54 EXEC SPC_COM_PERMISSION '1','2','g001';
2019-02-05 05:22:54 EXEC SPC_COM_MENU '1';
2019-02-05 05:31:09 EXEC SPC_COM_DATA 'khoai','2','1';
2019-02-05 05:31:09 EXEC SPC_VOCABULARY_LST1 '','khoai','2','1';
2019-02-05 05:31:10 EXEC SPC_COM_DATA 'khoai','2','1';
2019-02-05 05:31:10 EXEC SPC_VOCABULARY_LST2 '2','1','khoai';
2019-02-05 05:31:16 EXEC SPC_COM_DATA 'khoai','2','1';
2019-02-05 05:31:16 EXEC SPC_VOCABULARY_LST1 '','khoai','2','1';
2019-02-05 05:34:18 EXEC SPC_COM_DATA 'khoai','2','1';
2019-02-05 05:34:18 EXEC SPC_VOCABULARY_LST2 '3','5','khoai';
2019-02-05 05:34:21 EXEC SPC_COM_DATA 'khoai','2','1';
2019-02-05 05:34:21 EXEC SPC_VOCABULARY_LST2 '2','1','khoai';
2019-02-05 05:37:36 EXEC SPC_COM_DATA 'khoai','2','1';
2019-02-05 05:37:36 EXEC SPC_VOCABULARY_LST1 '','khoai','2','1';
2019-02-05 05:37:37 EXEC SPC_COM_DATA 'khoai','2','1';
2019-02-05 05:37:37 EXEC SPC_VOCABULARY_LST2 '2','1','khoai';
2019-02-05 05:37:48 EXEC SPC_COM_DATA 'khoai','2','1';
2019-02-05 05:37:48 EXEC SPC_VOCABULARY_LST1 '','khoai','2','1';
2019-02-05 05:38:16 EXEC SPC_COM_DATA 'khoai','2','1';
2019-02-05 05:38:16 EXEC SPC_VOCABULARY_LST1 '','khoai','2','1';
2019-02-05 05:38:17 EXEC SPC_COM_DATA 'khoai','2','1';
2019-02-05 05:38:17 EXEC SPC_VOCABULARY_LST2 '2','1','khoai';
2019-02-05 05:38:25 EXEC SPC_COM_DATA 'khoai','2','1';
2019-02-05 05:38:25 EXEC SPC_VOCABULARY_LST1 '','khoai','2','1';
2019-02-05 05:39:28 EXEC SPC_COM_DATA 'khoai','2','1';
2019-02-05 05:39:28 EXEC SPC_COM_ADD_LESSON '1','2','1','khoai','127.0.0.1';
2019-02-05 05:39:32 EXEC SPC_COM_DATA 'khoai','2','1';
2019-02-05 05:39:32 EXEC SPC_COM_DELETE_LESSON '4085','khoai','127.0.0.1';
2019-02-05 05:39:36 EXEC SPC_COM_DATA 'khoai','2','1';
2019-02-05 05:39:36 EXEC SPC_VOCABULARY_LST2 '2','1','khoai';
2019-02-05 05:41:49 EXEC SPC_COM_DATA 'khoai','2','1';
2019-02-05 05:41:49 EXEC SPC_VOCABULARY_LST1 '','khoai','2','1';
2019-02-05 05:45:55 EXEC SPC_COM_DATA 'khoai','2','1';
2019-02-05 05:45:55 EXEC SPC_VOCABULARY_LST1 '','khoai','2','1';
2019-02-05 05:46:00 EXEC SPC_COM_DATA 'khoai','2','1';
2019-02-05 05:46:00 EXEC SPC_VOCABULARY_LST1 '','khoai','2','1';
2019-02-05 05:47:42 EXEC SPC_COM_DATA 'khoai','2','1';
2019-02-05 05:47:42 EXEC SPC_VOCABULARY_LST1 '','khoai','2','1';
2019-02-05 05:47:42 EXEC SPC_COM_DATA 'khoai','2','1';
2019-02-05 05:47:42 EXEC SPC_VOCABULARY_LST2 '2','1','khoai';
2019-02-05 05:47:51 EXEC SPC_COM_DATA 'khoai','2','1';
2019-02-05 05:47:51 EXEC SPC_VOCABULARY_LST1 '','khoai','2','1';
2019-02-05 05:47:52 EXEC SPC_COM_DATA 'khoai','2','1';
2019-02-05 05:47:52 EXEC SPC_VOCABULARY_LST2 '2','1','khoai';
2019-02-05 05:52:04 EXEC SPC_COM_DATA 'khoai','2','1';
2019-02-05 05:52:04 EXEC SPC_VOCABULARY_LST1 '','khoai','2','1';
2019-02-05 05:52:05 EXEC SPC_COM_DATA 'khoai','2','1';
2019-02-05 05:52:05 EXEC SPC_VOCABULARY_LST2 '2','1','khoai';
2019-02-05 05:52:23 EXEC SPC_COM_DATA 'khoai','2','1';
2019-02-05 05:52:23 EXEC SPC_VOCABULARY_LST1 '','khoai','2','1';
2019-02-05 05:52:24 EXEC SPC_COM_DATA 'khoai','2','1';
2019-02-05 05:52:24 EXEC SPC_VOCABULARY_LST2 '2','1','khoai';
2019-02-05 05:53:57 EXEC SPC_COM_DATA 'khoai','2','1';
2019-02-05 05:53:57 EXEC SPC_VOCABULARY_LST1 '','khoai','2','1';
2019-02-05 05:56:09 EXEC SPC_COM_DATA 'khoai','2','1';
2019-02-05 05:56:09 EXEC SPC_VOCABULARY_LST2 '2','3','khoai';
2019-02-05 05:56:11 EXEC SPC_COM_DATA 'khoai','2','1';
2019-02-05 05:56:11 EXEC SPC_VOCABULARY_LST2 '2','1','khoai';
2019-02-05 05:59:25 EXEC SPC_COM_DATA 'khoai','2','1';
2019-02-05 05:59:25 EXEC SPC_VOCABULARY_LST1 '','khoai','2','1';
2019-02-05 06:01:47 EXEC SPC_COM_DATA 'khoai','2','1';
2019-02-05 06:01:47 EXEC SPC_VOCABULARY_LST1 '','khoai','2','1';
2019-02-05 06:02:17 EXEC SPC_COM_DATA 'khoai','2','1';
2019-02-05 06:02:17 EXEC SPC_VOCABULARY_LST1 '','khoai','2','1';
2019-02-05 06:03:18 EXEC SPC_COM_DATA 'khoai','2','1';
2019-02-05 06:03:18 EXEC SPC_VOCABULARY_LST1 '','khoai','2','1';
2019-02-05 06:04:25 EXEC SPC_COM_DATA 'khoai','2','1';
2019-02-05 06:04:25 EXEC SPC_VOCABULARY_LST1 '','khoai','2','1';
2019-02-05 06:05:41 EXEC SPC_COM_DATA 'khoai','2','1';
2019-02-05 06:05:41 EXEC SPC_VOCABULARY_LST1 '','khoai','2','1';
2019-02-05 06:05:43 EXEC SPC_COM_DATA 'khoai','2','1';
2019-02-05 06:05:43 EXEC SPC_VOCABULARY_LST2 '2','1','khoai';
2019-02-05 06:05:52 EXEC SPC_COM_DATA 'khoai','2','1';
2019-02-05 06:05:52 EXEC SPC_VOCABULARY_LST1 '','khoai','2','1';
2019-02-05 06:05:54 EXEC SPC_COM_DATA 'khoai','2','1';
2019-02-05 06:05:54 EXEC SPC_VOCABULARY_LST2 '2','1','khoai';
2019-02-05 06:06:04 EXEC SPC_COM_DATA 'khoai','2','1';
2019-02-05 06:06:04 EXEC SPC_VOCABULARY_LST1 '','khoai','2','1';
2019-02-05 06:06:06 EXEC SPC_COM_DATA 'khoai','2','1';
2019-02-05 06:06:06 EXEC SPC_VOCABULARY_LST2 '2','1','khoai';
2019-02-05 06:17:43 EXEC SPC_COM_PERMISSION '1','2','v002';
2019-02-05 06:17:43 EXEC SPC_COM_MENU '1';
2019-02-05 06:17:43 EXEC SPC_V002_FND1
2019-02-05 06:17:44 EXEC SPC_COM_PERMISSION '1','2','v002';
2019-02-05 06:17:44 EXEC SPC_COM_MENU '1';
2019-02-05 06:17:44 EXEC SPC_V002_FND1
2019-02-05 06:18:29 EXEC SPC_COM_MENU '1';
2019-02-05 06:18:58 EXEC SPC_COM_PERMISSION '1','2','v002';
2019-02-05 06:18:58 EXEC SPC_COM_MENU '1';
2019-02-05 06:18:58 EXEC SPC_V002_FND1
2019-02-05 06:18:58 EXEC SPC_COM_PERMISSION '1','2','v002';
2019-02-05 06:18:58 EXEC SPC_COM_MENU '1';
2019-02-05 06:18:58 EXEC SPC_V002_FND1
2019-02-05 06:19:02 EXEC SPC_COM_MENU '1';
2019-02-05 06:19:05 EXEC SPC_COM_MENU '1';
2019-02-05 06:19:08 EXEC SPC_COM_MENU '1';
2019-02-05 06:19:11 EXEC SPC_COM_PERMISSION '1','2','v002';
2019-02-05 06:19:11 EXEC SPC_COM_MENU '1';
2019-02-05 06:19:11 EXEC SPC_V002_FND1
2019-02-05 06:19:11 EXEC SPC_COM_PERMISSION '1','2','v002';
2019-02-05 06:19:11 EXEC SPC_COM_MENU '1';
2019-02-05 06:19:11 EXEC SPC_V002_FND1
2019-02-05 06:19:48 EXEC SPC_COM_MENU '1';
2019-02-05 06:20:05 EXEC SPC_COM_PERMISSION '1','2','v002';
2019-02-05 06:20:05 EXEC SPC_COM_MENU '1';
2019-02-05 06:20:05 EXEC SPC_V002_FND1
2019-02-05 06:20:06 EXEC SPC_COM_PERMISSION '1','2','v002';
2019-02-05 06:20:06 EXEC SPC_COM_MENU '1';
2019-02-05 06:20:06 EXEC SPC_V002_FND1
2019-02-05 06:20:10 EXEC SPC_COM_MENU '1';
2019-02-05 06:20:58 EXEC SPC_COM_PERMISSION '1','2','v002';
2019-02-05 06:20:58 EXEC SPC_COM_MENU '1';
2019-02-05 06:20:58 EXEC SPC_V002_FND1
2019-02-05 06:20:58 EXEC SPC_COM_PERMISSION '1','2','v002';
2019-02-05 06:20:58 EXEC SPC_COM_MENU '1';
2019-02-05 06:20:58 EXEC SPC_V002_FND1
2019-02-05 06:21:01 EXEC SPC_COM_MENU '1';
2019-02-05 06:21:30 EXEC SPC_COM_MENU '1';
2019-02-05 06:21:43 EXEC SPC_COM_MENU '1';
2019-02-05 06:21:44 EXEC SPC_V002_ACT1 '','','no image','1','ˈvæl.jə.bəl','demacia','','','','','','ndq809','127.0.0.1';
2019-02-05 06:21:45 EXEC SPC_COM_MENU '1';
2019-02-05 06:21:45 EXEC SPC_v002_LST1 '8','1';
2019-02-05 06:21:45 EXEC SPC_COM_PERMISSION '1','2','v002';
2019-02-05 06:21:46 EXEC SPC_COM_MENU '1';
2019-02-05 06:21:46 EXEC SPC_V002_FND1
2019-02-05 06:21:51 EXEC SPC_COM_MENU '1';
2019-02-05 06:22:03 EXEC SPC_COM_MENU '1';
2019-02-05 06:22:09 EXEC SPC_COM_MENU '1';
2019-02-05 06:22:09 EXEC SPC_V002_ACT1 '8','1','no image','1','ˈvæl.jə.bəl','demacia','','','','','','ndq809','127.0.0.1';
2019-02-05 06:22:10 EXEC SPC_COM_MENU '1';
2019-02-05 06:22:10 EXEC SPC_v002_LST1 '8','1';
2019-02-05 06:22:11 EXEC SPC_COM_PERMISSION '1','2','v002';
2019-02-05 06:22:11 EXEC SPC_COM_MENU '1';
2019-02-05 06:22:11 EXEC SPC_V002_FND1
2019-02-05 06:22:54 EXEC SPC_COM_PERMISSION '1','2','m003';
2019-02-05 06:22:54 EXEC SPC_COM_MENU '1';
2019-02-05 06:22:54 EXEC SPC_M003_FND1
2019-02-05 06:23:03 EXEC SPC_COM_MENU '1';
2019-02-05 06:23:03 EXEC SPC_M003_LST1 '','','','0','10','1';
2019-02-05 06:23:08 EXEC SPC_COM_MENU '1';
2019-02-05 06:23:12 EXEC SPC_COM_MENU '1';
2019-02-05 06:23:29 EXEC SPC_COM_MENU '1';
2019-02-05 06:23:32 EXEC SPC_COM_MENU '1';
2019-02-05 06:23:32 EXEC SPC_M003_ACT1 '<row row_id="1" avarta="" emp_id="1" family_nm="Nguyễn Đình" first_name="Quý" email="ndq809@gmail.com" cellphone="07039881948" sex="0" birth_date="08/09/1993" department_id="1" employee_div="2" remark="none" />','ndq809','127.0.0.1';
2019-02-05 06:23:33 EXEC SPC_COM_MENU '1';
2019-02-05 06:23:33 EXEC SPC_M003_LST1 '','','','0','10','1';
2019-02-05 06:23:44 EXEC SPC_COM_MENU '1';
2019-02-05 06:23:54 EXEC SPC_COM_MENU '1';
2019-02-05 06:24:07 EXEC SPC_COM_PERMISSION '1','2','m003';
2019-02-05 06:24:07 EXEC SPC_COM_MENU '1';
2019-02-05 06:24:07 EXEC SPC_M003_FND1
2019-02-05 06:24:10 EXEC SPC_COM_MENU '1';
2019-02-05 06:24:10 EXEC SPC_M003_LST1 '','','','0','10','1';
2019-02-05 06:24:11 EXEC SPC_COM_PERMISSION '1','2','m003';
2019-02-05 06:24:11 EXEC SPC_COM_MENU '1';
2019-02-05 06:24:11 EXEC SPC_M003_FND1
2019-02-05 06:24:16 EXEC SPC_COM_MENU '1';
2019-02-05 06:24:21 EXEC SPC_COM_MENU '1';
2019-02-05 06:24:25 EXEC SPC_COM_MENU '1';
2019-02-05 06:24:28 EXEC SPC_COM_MENU '1';
2019-02-05 06:24:28 EXEC SPC_M003_ACT1 '<row row_id="1" avarta="" emp_id="1" family_nm="Nguyễn Đình" first_name="Quý" email="ndq809@gmail.com" cellphone="07039881948" sex="0" birth_date="08/09/1993" department_id="1" employee_div="2" remark="none" />','ndq809','127.0.0.1';
2019-02-05 06:24:28 EXEC SPC_COM_MENU '1';
2019-02-05 06:24:28 EXEC SPC_M003_LST1 '','','','0','10','1';
2019-02-05 06:24:30 EXEC SPC_COM_PERMISSION '1','2','m003';
2019-02-05 06:24:30 EXEC SPC_COM_MENU '1';
2019-02-05 06:24:30 EXEC SPC_M003_FND1
2019-02-05 06:25:04 EXEC SPC_COM_PERMISSION '1','2','v001';
2019-02-05 06:25:04 EXEC SPC_COM_MENU '1';
2019-02-05 06:25:04 EXEC SPC_COM_M999_INQ1 '8';
2019-02-05 06:25:29 EXEC SPC_COM_PERMISSION '1','2','v002';
2019-02-05 06:25:29 EXEC SPC_COM_MENU '1';
2019-02-05 06:25:29 EXEC SPC_V002_FND1
2019-02-05 06:25:30 EXEC SPC_COM_PERMISSION '1','2','v002';
2019-02-05 06:25:30 EXEC SPC_COM_MENU '1';
2019-02-05 06:25:30 EXEC SPC_V002_FND1
2019-02-05 06:25:51 EXEC SPC_COMMON_ACCOUNT '1','2';
2019-02-05 06:25:51 EXEC SPC_COM_PERMISSION '1','2','v002';
2019-02-05 06:25:51 EXEC SPC_COM_MENU '1';
2019-02-05 06:25:51 EXEC SPC_V002_FND1
2019-02-05 06:25:57 EXEC SPC_COM_PERMISSION '1','2','v001';
2019-02-05 06:25:57 EXEC SPC_COM_MENU '1';
2019-02-05 06:25:57 EXEC SPC_COM_M999_INQ1 '8';
2019-02-05 06:25:58 EXEC SPC_COM_MENU '1';
2019-02-05 06:25:58 EXEC SPC_V001_LST1 '0','','','50','1';
2019-02-05 06:26:09 EXEC SPC_COM_PERMISSION '1','2','v002';
2019-02-05 06:26:09 EXEC SPC_COM_MENU '1';
2019-02-05 06:26:09 EXEC SPC_V002_FND1
2019-02-05 06:26:09 EXEC SPC_COM_MENU '1';
2019-02-05 06:26:09 EXEC SPC_v002_LST1 '8','1';
2019-02-05 06:26:30 EXEC SPC_COM_MENU '1';
2019-02-05 06:26:43 EXEC SPC_COM_PERMISSION '1','2','v002';
2019-02-05 06:26:43 EXEC SPC_COM_MENU '1';
2019-02-05 06:26:43 EXEC SPC_V002_FND1
2019-02-05 06:26:44 EXEC SPC_COM_MENU '1';
2019-02-05 06:26:44 EXEC SPC_v002_LST1 '8','1';
2019-02-05 06:26:49 EXEC SPC_COM_MENU '1';
2019-02-05 06:26:51 EXEC SPC_COM_MENU '1';
2019-02-05 06:26:57 EXEC SPC_COM_MENU '1';
2019-02-05 06:26:57 EXEC SPC_V002_ACT1 '8','1','no image','1','ˈvæl.jə.bəl','demacia','/web-content/images/vocabulary/cropped-image-not-found_20190205 0606020249491549348009739.jpg','','','','','ndq809','127.0.0.1';
2019-02-05 06:26:58 EXEC SPC_COM_MENU '1';
2019-02-05 06:26:58 EXEC SPC_v002_LST1 '8','1';
2019-02-05 06:29:00 EXEC SPC_COM_PERMISSION '1','2','v001';
2019-02-05 06:29:00 EXEC SPC_COM_MENU '1';
2019-02-05 06:29:01 EXEC SPC_COM_M999_INQ1 '8';
2019-02-05 06:29:02 EXEC SPC_COM_MENU '1';
2019-02-05 06:29:02 EXEC SPC_V001_LST1 '0','','','50','1';
2019-02-05 06:29:20 EXEC SPC_COM_PERMISSION '1','2','v002';
2019-02-05 06:29:20 EXEC SPC_COM_MENU '1';
2019-02-05 06:29:20 EXEC SPC_V002_FND1
2019-02-05 06:29:21 EXEC SPC_COM_MENU '1';
2019-02-05 06:29:21 EXEC SPC_v002_LST1 '1','1';
2019-02-05 06:29:24 EXEC SPC_COM_MENU '1';
2019-02-05 06:29:24 EXEC SPC_V002_ACT2 '1','1','ndq809','127.0.0.1';
2019-02-05 06:29:26 EXEC SPC_COM_MENU '1';
2019-02-05 06:29:26 EXEC SPC_v002_LST1 '1','1';
2019-02-05 06:29:34 EXEC SPC_COM_DATA 'khoai','2','1';
2019-02-05 06:29:34 EXEC SPC_VOCABULARY_LST1 '','khoai','2','1';
2019-02-05 06:29:35 EXEC SPC_COM_DATA 'khoai','2','1';
2019-02-05 06:29:35 EXEC SPC_VOCABULARY_LST2 '2','1','khoai';
2019-02-05 06:47:28 EXEC SPC_COM_DATA 'khoai','2','1';
2019-02-05 06:47:28 EXEC SPC_VOCABULARY_LST1 '','khoai','2','1';
2019-02-05 06:47:28 EXEC SPC_COM_DATA 'khoai','2','1';
2019-02-05 06:47:28 EXEC SPC_VOCABULARY_LST2 '2','1','khoai';
2019-02-05 06:48:03 EXEC SPC_COM_DATA 'khoai','2','1';
2019-02-05 06:48:03 EXEC SPC_VOCABULARY_LST1 '','khoai','2','1';
2019-02-05 06:48:03 EXEC SPC_COM_DATA 'khoai','2','1';
2019-02-05 06:48:03 EXEC SPC_VOCABULARY_LST2 '2','1','khoai';
2019-02-05 06:48:31 EXEC SPC_COM_DATA 'khoai','2','1';
2019-02-05 06:48:31 EXEC SPC_DICTIONARY_LST1 '1','khoai';
2019-02-05 06:48:32 EXEC SPC_COM_DATA 'khoai','2','1';
2019-02-05 06:48:32 EXEC SPC_DICTIONARY_LST2 'RWmeZnVo2J765DqNBGj0EM4wOzPKldxLz831bkAayOY9XgprRA','khoai','127.0.0.1';
2019-02-05 06:51:53 EXEC SPC_COM_DATA 'khoai','2','1';
2019-02-05 06:51:53 EXEC SPC_VOCABULARY_LST1 '8','khoai','2','1';
2019-02-05 06:51:54 EXEC SPC_COM_DATA 'khoai','2','1';
2019-02-05 06:51:54 EXEC SPC_VOCABULARY_LST2 '2','1','khoai';
2019-02-05 06:53:45 EXEC SPC_COM_DATA 'khoai','2','1';
2019-02-05 06:53:45 EXEC SPC_VOCABULARY_LST1 '8','khoai','2','1';
2019-02-05 06:54:06 EXEC SPC_COM_DATA 'khoai','2','1';
2019-02-05 06:54:06 EXEC SPC_VOCABULARY_LST1 '8','khoai','2','1';
2019-02-05 06:54:07 EXEC SPC_COM_DATA 'khoai','2','1';
2019-02-05 06:54:07 EXEC SPC_VOCABULARY_LST2 '2','1','khoai';
2019-02-05 06:55:03 EXEC SPC_COM_DATA 'khoai','2','1';
2019-02-05 06:55:03 EXEC SPC_VOCABULARY_LST1 '8','khoai','2','1';
2019-02-05 06:55:04 EXEC SPC_COM_DATA 'khoai','2','1';
2019-02-05 06:55:04 EXEC SPC_VOCABULARY_LST2 '2','1','khoai';
2019-02-05 06:56:08 EXEC SPC_COM_DATA 'khoai','2','1';
2019-02-05 06:56:08 EXEC SPC_VOCABULARY_LST1 '','khoai','2','1';
2019-02-05 06:56:08 EXEC SPC_COM_DATA 'khoai','2','1';
2019-02-05 06:56:09 EXEC SPC_VOCABULARY_LST2 '2','1','khoai';
2019-02-05 07:01:31 EXEC SPC_COM_DATA 'khoai','2','1';
2019-02-05 07:01:31 EXEC SPC_VOCABULARY_LST1 '','khoai','2','1';
2019-02-05 07:01:31 EXEC SPC_COM_DATA 'khoai','2','1';
2019-02-05 07:01:31 EXEC SPC_VOCABULARY_LST2 '2','1','khoai';
2019-02-05 07:02:37 EXEC SPC_COM_DATA 'khoai','2','1';
2019-02-05 07:02:37 EXEC SPC_VOCABULARY_LST1 '','khoai','2','1';
2019-02-05 07:02:38 EXEC SPC_COM_DATA 'khoai','2','1';
2019-02-05 07:02:38 EXEC SPC_VOCABULARY_LST2 '2','1','khoai';
2019-02-05 07:02:52 EXEC SPC_COM_DATA 'khoai','2','1';
2019-02-05 07:02:52 EXEC SPC_VOCABULARY_LST1 '','khoai','2','1';
2019-02-05 07:02:52 EXEC SPC_COM_DATA 'khoai','2','1';
2019-02-05 07:02:52 EXEC SPC_VOCABULARY_LST2 '2','1','khoai';
2019-02-05 07:04:54 EXEC SPC_COM_DATA 'khoai','2','1';
2019-02-05 07:04:54 EXEC SPC_VOCABULARY_LST1 '4','khoai','2','1';
2019-02-05 07:04:55 EXEC SPC_COM_DATA 'khoai','2','1';
2019-02-05 07:04:55 EXEC SPC_VOCABULARY_LST2 '2','1','khoai';
2019-02-05 07:05:05 EXEC SPC_COM_DATA 'khoai','2','1';
2019-02-05 07:05:05 EXEC SPC_VOCABULARY_LST1 '','khoai','2','1';
2019-02-05 07:09:25 EXEC SPC_COM_DATA 'khoai','2','1';
2019-02-05 07:09:25 EXEC SPC_VOCABULARY_LST1 '','khoai','2','1';
2019-02-05 07:09:37 EXEC SPC_COM_DATA 'khoai','2','1';
2019-02-05 07:09:37 EXEC SPC_VOCABULARY_LST1 '','khoai','2','1';
2019-02-05 07:09:38 EXEC SPC_COM_DATA 'khoai','2','1';
2019-02-05 07:09:38 EXEC SPC_VOCABULARY_LST2 '2','1','khoai';
2019-02-05 07:10:37 EXEC SPC_COM_DATA 'khoai','2','1';
2019-02-05 07:10:37 EXEC SPC_VOCABULARY_LST1 '4','khoai','2','1';
2019-02-05 07:10:38 EXEC SPC_COM_DATA 'khoai','2','1';
2019-02-05 07:10:38 EXEC SPC_VOCABULARY_LST2 '2','1','khoai';
2019-02-05 07:10:47 EXEC SPC_COM_DATA 'khoai','2','1';
2019-02-05 07:10:47 EXEC SPC_VOCABULARY_LST1 '','khoai','2','1';
2019-02-05 07:20:59 EXEC SPC_COM_DATA 'khoai','2','1';
2019-02-05 07:20:59 EXEC SPC_VOCABULARY_LST2 '2','1','khoai';
2019-02-05 07:20:59 EXEC SPC_COM_DATA 'khoai','2','1';
2019-02-05 07:20:59 EXEC SPC_VOCABULARY_LST2 '2','1','khoai';
2019-02-05 07:21:26 EXEC SPC_COM_DATA 'khoai','2','1';
2019-02-05 07:21:26 EXEC SPC_VOCABULARY_LST1 '4','khoai','2','1';
2019-02-05 07:21:28 EXEC SPC_COM_DATA 'khoai','2','1';
2019-02-05 07:21:28 EXEC SPC_VOCABULARY_LST2 '2','1','khoai';
2019-02-05 07:23:09 EXEC SPC_COM_DATA 'khoai','2','1';
2019-02-05 07:23:09 EXEC SPC_VOCABULARY_LST1 '3','khoai','2','1';
2019-02-05 07:23:20 EXEC SPC_COM_DATA 'khoai','2','1';
2019-02-05 07:23:20 EXEC SPC_VOCABULARY_LST1 '3','khoai','2','1';
2019-02-05 07:23:21 EXEC SPC_COM_DATA 'khoai','2','1';
2019-02-05 07:23:21 EXEC SPC_VOCABULARY_LST2 '2','1','khoai';
2019-02-05 07:24:34 EXEC SPC_COM_DATA 'khoai','2','1';
2019-02-05 07:24:34 EXEC SPC_VOCABULARY_LST1 '','khoai','2','1';
2019-02-05 07:24:34 EXEC SPC_COM_DATA 'khoai','2','1';
2019-02-05 07:24:34 EXEC SPC_VOCABULARY_LST2 '2','1','khoai';
2019-02-05 07:24:37 EXEC SPC_COM_DATA 'khoai','2','1';
2019-02-05 07:24:37 EXEC SPC_VOCABULARY_LST1 '','khoai','2','1';
2019-02-05 07:24:50 EXEC SPC_COM_DATA 'khoai','2','1';
2019-02-05 07:24:50 EXEC SPC_DISCUSS_LST1 '','khoai';
2019-02-05 07:24:51 EXEC SPC_COM_DATA 'khoai','2','1';
2019-02-05 07:24:51 EXEC SPC_DISCUSS_LST2 '','1','','khoai';
2019-02-05 07:24:55 EXEC SPC_COM_DATA 'khoai','2','1';
2019-02-05 07:24:55 EXEC SPC_DISCUSS_LST1 '','khoai';
2019-02-05 07:25:00 EXEC SPC_COM_DATA 'khoai','2','1';
2019-02-05 07:25:00 EXEC SPC_VOCABULARY_LST1 '','khoai','2','1';
2019-02-05 07:25:01 EXEC SPC_COM_DATA 'khoai','2','1';
2019-02-05 07:25:01 EXEC SPC_VOCABULARY_LST2 '2','1','khoai';
2019-02-05 07:25:05 EXEC SPC_COM_DATA 'khoai','2','1';
2019-02-05 07:25:05 EXEC SPC_VOCABULARY_LST1 '','khoai','2','1';
2019-02-05 07:25:24 EXEC SPC_COM_DATA 'khoai','2','1';
2019-02-05 07:25:24 EXEC SPC_VOCABULARY_LST2 '2','1','khoai';
2019-02-05 07:25:37 EXEC SPC_COM_DATA 'khoai','2','1';
2019-02-05 07:25:37 EXEC SPC_VOCABULARY_LST1 '','khoai','2','1';
2019-02-05 07:25:41 EXEC SPC_COM_DATA 'khoai','2','1';
2019-02-05 07:25:41 EXEC SPC_VOCABULARY_LST2 '2','1','khoai';
2019-02-05 07:25:47 EXEC SPC_COM_DATA 'khoai','2','1';
2019-02-05 07:25:47 EXEC SPC_COM_FORGET '1','1','2','khoai';
2019-02-05 07:27:23 EXEC SPC_COM_DATA 'khoai','2','1';
2019-02-05 07:27:23 EXEC SPC_COM_FORGET '1','1','2','khoai';
2019-02-05 07:33:43 EXEC SPC_COM_DATA 'khoai','2','1';
2019-02-05 07:33:43 EXEC SPC_VOCABULARY_LST1 '','khoai','2','1';
2019-02-05 07:33:44 EXEC SPC_COM_DATA 'khoai','2','1';
2019-02-05 07:33:44 EXEC SPC_VOCABULARY_LST2 '2','1','khoai';
2019-02-05 07:33:47 EXEC SPC_COM_DATA 'khoai','2','1';
2019-02-05 07:33:47 EXEC SPC_GRAMMAR_LST1 '','khoai','2','1';
2019-02-05 07:33:49 EXEC SPC_COM_DATA 'khoai','2','1';
2019-02-05 07:33:49 EXEC SPC_GRAMMAR_LST2 '6','7','khoai';
