2019-01-16 00:07:21 EXEC SPC_COM_DATA '','','';
2019-01-16 00:08:33 EXEC SPC_COM_DATA '','','';
2019-01-16 00:08:33 EXEC SPC_SOCIAL_LST1 '','';
2019-01-16 00:08:33 EXEC SPC_COM_DATA '','','';
2019-01-16 00:08:33 EXEC SPC_SOCIAL_LST2 '','1','','';
2019-01-16 00:08:39 EXEC SPC_COM_DATA '','','';
2019-01-16 00:08:39 EXEC SPC_SOCIAL_ACT2 '21','','127.0.0.1';
2019-01-16 00:08:40 EXEC SPC_COM_DATA '','','';
2019-01-16 00:08:40 EXEC SPC_RELAX_LST1 '','';
2019-01-16 00:08:41 EXEC SPC_COM_DATA '','','';
2019-01-16 00:08:41 EXEC SPC_RELAX_LST2 '','1','1','1','0','','';
2019-01-16 00:08:46 EXEC SPC_COM_DATA '','','';
2019-01-16 00:08:46 EXEC SPC_RELAX_ACT2 '46','','127.0.0.1';
2019-01-16 00:08:53 EXEC SPC_COM_DATA '','','';
2019-01-16 00:08:53 EXEC SPC_RELAX_LST1 '30','';
2019-01-16 00:08:53 EXEC SPC_COM_DATA '','','';
2019-01-16 00:08:53 EXEC SPC_RELAX_LST2 '30','1','1','1','0','','';
2019-01-16 00:08:58 EXEC SPC_COM_DATA '','','';
2019-01-16 00:08:58 EXEC SPC_RELAX_LST1 '31','';
2019-01-16 00:08:58 EXEC SPC_COM_DATA '','','';
2019-01-16 00:08:58 EXEC SPC_RELAX_LST2 '31','1','1','1','0','','';
2019-01-16 00:09:23 EXEC SPC_COM_DATA '','','';
2019-01-16 00:09:23 EXEC SPC_RELAX_LST1 '43','';
2019-01-16 00:09:24 EXEC SPC_COM_DATA '','','';
2019-01-16 00:09:24 EXEC SPC_RELAX_LST2 '43','1','1','1','0','','';
2019-01-16 00:09:39 EXEC SPC_COM_DATA '','','';
2019-01-16 00:09:39 EXEC SPC_RELAX_LST1 '31','';
2019-01-16 00:09:39 EXEC SPC_COM_DATA '','','';
2019-01-16 00:09:39 EXEC SPC_RELAX_LST2 '31','1','1','1','0','','';
2019-01-16 00:09:49 EXEC SPC_COM_DATA '','','';
2019-01-16 00:09:49 EXEC SPC_RELAX_ACT2 '47','','127.0.0.1';
2019-01-16 00:10:28 EXEC SPC_COM_DATA '','','';
2019-01-16 00:10:28 EXEC SPC_RELAX_LST2 '','1','1','1','<row tag_id="80" /><row tag_id="77" /><row tag_id="72" />','0','';
2019-01-16 00:10:36 EXEC SPC_COM_DATA '','','';
2019-01-16 00:10:36 EXEC SPC_RELAX_ACT2 '43','','127.0.0.1';
2019-01-16 00:10:38 EXEC SPC_COM_DATA '','','';
2019-01-16 00:10:38 EXEC SPC_DICTIONARY_LST1 '','';
2019-01-16 00:10:40 EXEC SPC_COM_DATA '','','';
2019-01-16 00:10:40 EXEC SPC_DISCUSS_LST1 '','';
2019-01-16 00:10:40 EXEC SPC_COM_DATA '','','';
2019-01-16 00:10:41 EXEC SPC_DISCUSS_LST2 '','1','','';
2019-01-16 00:13:32 EXEC SPC_COM_DATA '','','';
2019-01-16 00:13:32 EXEC SPC_VOCABULARY_LST1 '','','','';
2019-01-16 00:13:33 EXEC SPC_COM_DATA '','','';
2019-01-16 00:13:33 EXEC SPC_VOCABULARY_LST2 '2','1','';
2019-01-16 00:13:34 EXEC SPC_COM_DATA '','','';
2019-01-16 00:13:34 EXEC SPC_GRAMMAR_LST1 '','','2','1';
2019-01-16 00:13:35 EXEC SPC_COM_DATA '','','';
2019-01-16 00:13:35 EXEC SPC_GRAMMAR_LST2 '6','6','';
2019-01-16 00:13:37 EXEC SPC_COM_DATA '','','';
2019-01-16 00:13:37 EXEC SPC_RELAX_LST1 '','';
2019-01-16 00:13:38 EXEC SPC_COM_DATA '','','';
2019-01-16 00:13:38 EXEC SPC_RELAX_LST2 '','1','1','1','0','','';
2019-01-16 00:13:43 EXEC SPC_COM_DATA '','','';
2019-01-16 00:13:43 EXEC SPC_RELAX_ACT2 '43','','127.0.0.1';
2019-01-16 00:13:56 EXEC SPC_COMMON_ACCOUNT '2','1';
2019-01-16 00:13:56 EXEC SPC_COM_DATA 'khoai','2','1';
2019-01-16 00:13:56 EXEC SPC_RELAX_LST1 '43','khoai';
2019-01-16 00:13:57 EXEC SPC_COM_DATA 'khoai','2','1';
2019-01-16 00:13:57 EXEC SPC_RELAX_LST2 '43','1','1','1','0','','khoai';
2019-01-16 00:14:02 EXEC SPC_COM_DATA 'khoai','2','1';
2019-01-16 00:14:02 EXEC SPC_RELAX_LST1 '40','khoai';
2019-01-16 00:14:02 EXEC SPC_COM_DATA 'khoai','2','1';
2019-01-16 00:14:02 EXEC SPC_RELAX_LST2 '40','1','1','1','0','','khoai';
2019-01-16 00:14:05 EXEC SPC_COM_DATA 'khoai','2','1';
2019-01-16 00:14:05 EXEC SPC_RELAX_LST1 '41','khoai';
2019-01-16 00:14:05 EXEC SPC_COM_DATA 'khoai','2','1';
2019-01-16 00:14:05 EXEC SPC_RELAX_LST2 '41','1','1','1','0','','khoai';
2019-01-16 00:14:07 EXEC SPC_COM_DATA 'khoai','2','1';
2019-01-16 00:14:07 EXEC SPC_RELAX_LST1 '42','khoai';
2019-01-16 00:14:07 EXEC SPC_COM_DATA 'khoai','2','1';
2019-01-16 00:14:07 EXEC SPC_RELAX_LST2 '42','1','1','1','0','','khoai';
2019-01-16 00:14:10 EXEC SPC_COM_DATA 'khoai','2','1';
2019-01-16 00:14:10 EXEC SPC_RELAX_LST1 '43','khoai';
2019-01-16 00:14:10 EXEC SPC_COM_DATA 'khoai','2','1';
2019-01-16 00:14:10 EXEC SPC_RELAX_LST2 '43','1','1','1','0','','khoai';
2019-01-16 00:14:16 EXEC SPC_COM_DATA 'khoai','2','1';
2019-01-16 00:14:16 EXEC SPC_RELAX_ACT2 '43','khoai','127.0.0.1';
2019-01-16 00:18:49 EXEC SPC_COM_DATA 'khoai','2','1';
2019-01-16 00:18:49 EXEC SPC_DISCUSS_LST1 '','khoai';
2019-01-16 00:18:49 EXEC SPC_COM_DATA 'khoai','2','1';
2019-01-16 00:18:49 EXEC SPC_DISCUSS_LST2 '','1','','khoai';
2019-01-16 00:19:09 EXEC SPC_COM_DATA 'khoai','2','1';
2019-01-16 00:19:09 EXEC SPC_DISCUSS_LST1 '','khoai';
2019-01-16 00:19:09 EXEC SPC_COM_DATA 'khoai','2','1';
2019-01-16 00:19:09 EXEC SPC_DISCUSS_LST2 '','1','','khoai';
2019-01-16 00:19:50 EXEC SPC_COM_DATA 'khoai','2','1';
2019-01-16 00:19:50 EXEC SPC_SOCIAL_LST1 '','khoai';
2019-01-16 00:19:50 EXEC SPC_COM_DATA 'khoai','2','1';
2019-01-16 00:19:50 EXEC SPC_SOCIAL_LST2 '','1','','khoai';
2019-01-16 00:19:52 EXEC SPC_COM_DATA 'khoai','2','1';
2019-01-16 00:19:52 EXEC SPC_DISCUSS_LST1 '','khoai';
2019-01-16 00:19:52 EXEC SPC_COM_DATA 'khoai','2','1';
2019-01-16 00:19:52 EXEC SPC_DISCUSS_LST2 '','1','','khoai';
2019-01-16 00:19:53 EXEC SPC_COM_DATA 'khoai','2','1';
2019-01-16 00:19:53 EXEC SPC_RELAX_LST1 '','khoai';
2019-01-16 00:19:54 EXEC SPC_COM_DATA 'khoai','2','1';
2019-01-16 00:19:54 EXEC SPC_RELAX_LST2 '','1','1','1','0','','khoai';
2019-01-16 00:19:58 EXEC SPC_COM_DATA 'khoai','2','1';
2019-01-16 00:19:58 EXEC SPC_SOCIAL_LST1 '','khoai';
2019-01-16 00:19:58 EXEC SPC_COM_DATA 'khoai','2','1';
2019-01-16 00:19:58 EXEC SPC_SOCIAL_LST2 '','1','','khoai';
2019-01-16 00:20:00 EXEC SPC_COM_DATA 'khoai','2','1';
2019-01-16 00:20:00 EXEC SPC_WRITING_LST1 '','khoai','6','6';
2019-01-16 00:20:00 EXEC SPC_COM_DATA 'khoai','2','1';
2019-01-16 00:20:00 EXEC SPC_COMMON_GET_SUGGEST
2019-01-16 00:20:00 EXEC SPC_COM_DATA 'khoai','2','1';
2019-01-16 00:20:00 EXEC SPC_WRITING_LST2 '9','10','khoai';
2019-01-16 00:22:12 EXEC SPC_COM_M999_INQ1 '8';
2019-01-16 00:22:12 EXEC SPC_USER_P001_LST2 '<row row_id="5" id="1" /><row row_id="5" id="3" /><row row_id="5" id="5" />';
2019-01-16 00:26:56 EXEC SPC_COM_DATA 'khoai','2','1';
2019-01-16 00:26:56 EXEC SPC_READING_LST1 '','khoai','9','10';
2019-01-16 00:26:57 EXEC SPC_COM_DATA 'khoai','2','1';
2019-01-16 00:26:57 EXEC SPC_READING_LST2 '12','14','khoai';
2019-01-16 00:27:00 EXEC SPC_COM_DATA 'khoai','2','1';
2019-01-16 00:27:00 EXEC SPC_DISCUSS_LST1 '','khoai';
2019-01-16 00:27:00 EXEC SPC_COM_DATA 'khoai','2','1';
2019-01-16 00:27:00 EXEC SPC_DISCUSS_LST2 '','1','','khoai';
2019-01-16 04:54:55 EXEC SPC_COM_DATA 'khoai','2','1';
2019-01-16 04:54:55 EXEC SPC_DICTIONARY_LST1 '','khoai';
2019-01-16 04:54:56 EXEC SPC_COM_DATA 'khoai','2','1';
2019-01-16 04:54:56 EXEC SPC_DICTIONARY_LST1 '','khoai';
2019-01-16 04:55:01 EXEC SPC_COM_DATA 'khoai','2','1';
2019-01-16 04:55:01 EXEC SPC_DICTIONARY_LST3 'hel';
2019-01-16 04:55:04 EXEC SPC_COM_DATA 'khoai','2','1';
2019-01-16 04:55:04 EXEC SPC_DICTIONARY_LST2 'Hello','khoai','127.0.0.1';
