2019-06-20 15:21:06 EXEC SPC_COM_MENU '1';
2019-06-20 15:21:06 EXEC SPC_G005_ACT1 '[{"row_id":"2","group_id":"6","catalogue_div":"1","catalogue_nm":"6","group_nm":"Nh\u1ea1c"},{"row_id":"3","group_id":"8","catalogue_div":"5","catalogue_nm":"4","group_nm":"C\u00e1c lo\u1ea1i t\u1eeb"}]','1','::1';
2019-06-20 15:24:03 EXEC SPC_COM_MENU '1';
2019-06-20 15:24:03 EXEC SPC_G005_ACT1 '[{"row_id":"2","group_id":"6","catalogue_div":"1","catalogue_nm":"6","group_nm":"Nh\u1ea1c"},{"row_id":"3","group_id":"8","catalogue_div":"5","catalogue_nm":"4","group_nm":"C\u00e1c lo\u1ea1i t\u1eeb"}]','1','::1';
2019-06-20 15:24:03 EXEC SPC_COM_MENU '1';
2019-06-20 15:24:03 EXEC SPC_G005_LST1 '','','','10','1';
2019-06-20 15:26:05 EXEC SPC_COM_PERMISSION '1','2','g006';
2019-06-20 15:26:05 EXEC SPC_COM_MENU '1';
2019-06-20 15:26:05 EXEC SPC_COM_M999_INQ1 '7';
2019-06-20 15:26:07 EXEC SPC_COM_MENU '1';
2019-06-20 15:26:07 EXEC SPC_COMMON_CATALORUE '1';
2019-06-20 15:26:07 EXEC SPC_COM_MENU '1';
2019-06-20 15:26:07 EXEC SPC_COMMON_GROUP '';
2019-06-20 15:26:09 EXEC SPC_COM_MENU '1';
2019-06-20 15:26:09 EXEC SPC_COMMON_GROUP '6';
2019-06-20 15:26:19 EXEC SPC_COM_MENU '1';
2019-06-20 15:26:19 EXEC SPC_G006_ACT1 '1','6','nhậu nhẹt','1','::1';
2019-06-20 15:26:22 EXEC SPC_COM_MENU '1';
2019-06-20 15:26:22 EXEC SPC_COMMON_CATALORUE '3';
2019-06-20 15:26:22 EXEC SPC_COM_MENU '1';
2019-06-20 15:26:22 EXEC SPC_COMMON_GROUP '';
2019-06-20 15:26:24 EXEC SPC_COM_MENU '1';
2019-06-20 15:26:24 EXEC SPC_COMMON_GROUP '2';
2019-06-20 15:26:35 EXEC SPC_COM_MENU '1';
2019-06-20 15:26:35 EXEC SPC_G006_ACT1 '3','2','quẩy','1','::1';
2019-06-20 15:26:41 EXEC SPC_COM_MENU '1';
2019-06-20 15:26:41 EXEC SPC_G006_ACT2 '[{"row_id":"1","id":"11"},{"row_id":"2","id":"12"}]','1','::1';
2019-06-20 15:26:43 EXEC SPC_COM_MENU '1';
2019-06-20 15:26:43 EXEC SPC_COMMON_CATALORUE '3';
2019-06-20 15:26:43 EXEC SPC_COM_MENU '1';
2019-06-20 15:26:43 EXEC SPC_COMMON_GROUP '';
2019-06-20 15:26:45 EXEC SPC_COM_PERMISSION '1','2','g005';
2019-06-20 15:26:45 EXEC SPC_COM_MENU '1';
2019-06-20 15:26:45 EXEC SPC_COM_M999_INQ1 '7';
2019-06-20 15:26:47 EXEC SPC_COM_MENU '1';
2019-06-20 15:26:47 EXEC SPC_G005_LST1 '','','','10','1';
2019-06-20 15:27:20 EXEC SPC_COM_PERMISSION '1','2','m003';
2019-06-20 15:27:20 EXEC SPC_COM_MENU '1';
2019-06-20 15:27:20 EXEC SPC_M003_FND1
2019-06-20 15:27:25 EXEC SPC_COM_MENU '1';
2019-06-20 15:27:25 EXEC SPC_M003_LST1 '','','','0','10','1';
2019-06-20 15:45:56 EXEC SPC_COM_MENU '1';
2019-06-20 15:45:56 EXEC SPC_M003_ACT2 '[{"row_id":"1","id":"3"}]','1','::1';
2019-06-20 15:45:59 EXEC SPC_COM_PERMISSION '1','2','m003';
2019-06-20 15:45:59 EXEC SPC_COM_MENU '1';
2019-06-20 15:45:59 EXEC SPC_M003_FND1
2019-06-20 15:46:01 EXEC SPC_COM_MENU '1';
2019-06-20 15:46:01 EXEC SPC_M003_LST1 '','','','0','10','1';
2019-06-20 15:50:37 EXEC SPC_COM_MENU '1';
2019-06-20 15:50:37 EXEC SPC_COMMON_REFER 'p001','1';
2019-06-20 15:50:40 EXEC SPC_COM_MENU '1';
2019-06-20 15:50:40 EXEC SPC_COMMON_REFER 'p001','2';
2019-06-20 15:50:41 EXEC SPC_COM_MENU '1';
2019-06-20 15:50:42 EXEC SPC_COM_MENU '1';
2019-06-20 15:50:42 EXEC SPC_P001_LST1 '','50';
2019-06-20 15:50:44 EXEC SPC_COM_MENU '1';
2019-06-20 15:50:44 EXEC SPC_P001_LST1 '','50','1';
2019-06-20 15:50:58 EXEC SPC_COM_MENU '1';
2019-06-20 15:51:04 EXEC SPC_COM_MENU '1';
2019-06-20 15:51:04 EXEC SPC_M003_ACT1 '[{"row_id":"1","avarta":"\/web-content\/images\/vocabulary\/cropped-image5b5a7c01866e2_20190325 0909030329291553475029336.jpg","emp_id":"1","family_nm":"Nguy\u1ec5n \u0110\u00ecnh","first_name":"Qu\u00fd","email":"ndq809@gmail.com","cellphone":"07039881948","sex":"1","birth_date":"08\/09\/1993","department_id":"","employee_div":"2","remark":"c\u00e1i cc g\u00ec v\u1ea1i"}]','1','::1';
2019-06-20 15:51:04 EXEC SPC_COM_MENU '1';
2019-06-20 15:51:04 EXEC SPC_M003_LST1 '','','','0','10','1';
2019-06-20 15:52:06 EXEC SPC_COM_MENU '1';
2019-06-20 15:52:10 EXEC SPC_COM_MENU '1';
2019-06-20 15:52:16 EXEC SPC_COM_MENU '1';
2019-06-20 15:52:16 EXEC SPC_M003_ACT1 '[{"row_id":"2","avarta":"\/web-content\/images\/vocabulary\/cropped-croped5c6fa289107f0_20190325 1717030322221553503702155.jpg","emp_id":"4","family_nm":"\u30b0\u30a8\u30f3\u3000\u30c7\u30a3\u30f3","first_name":"\u30af\u30a4","email":"quynd809@gmail.com","cellphone":"07039881948","sex":"1","birth_date":"","department_id":"","employee_div":"1","remark":"nothing"}]','1','::1';
2019-06-20 15:52:17 EXEC SPC_COM_MENU '1';
2019-06-20 15:52:17 EXEC SPC_M003_LST1 '','','','0','10','1';
2019-06-20 15:54:07 EXEC SPC_COM_MENU '1';
2019-06-20 15:54:09 EXEC SPC_COM_MENU '1';
2019-06-20 15:54:09 EXEC SPC_M003_ACT1 '[{"row_id":"2","avarta":"\/web-content\/images\/vocabulary\/cropped-croped5c6fa289107f0_20190325 1717030322221553503702155.jpg","emp_id":"4","family_nm":"\u30b0\u30a8\u30f3\u3000\u30c7\u30a3\u30f3","first_name":"\u30af\u30a4","email":"quynd809@gmail.com","cellphone":"07039881948","sex":"1","birth_date":"","department_id":"","employee_div":"1","remark":"nothing"}]','1','::1';
2019-06-20 15:54:10 EXEC SPC_COM_MENU '1';
2019-06-20 15:54:10 EXEC SPC_M003_LST1 '','','','0','10','1';
2019-06-20 15:57:01 EXEC SPC_COM_PERMISSION '1','2','m004';
2019-06-20 15:57:01 EXEC SPC_COM_MENU '1';
2019-06-20 15:57:01 EXEC SPC_M004_FND1
2019-06-20 15:57:12 EXEC SPC_COM_MENU '1';
2019-06-20 15:57:12 EXEC SPC_M004_ACT1 '/web-content/images/avarta/default_avarta.jpg','Nguyen','1','','','0','','','1','','1','::1';
2019-06-20 15:57:21 EXEC SPC_COM_MENU '1';
2019-06-20 15:57:21 EXEC SPC_M004_ACT1 '/web-content/images/avarta/default_avarta.jpg','Nguyen','1','','','0','','','1','','1','::1';
2019-06-20 15:57:29 EXEC SPC_COM_MENU '1';
2019-06-20 15:57:29 EXEC SPC_M004_ACT2 '[{"row_id":"1","id":"5"},{"row_id":"2","id":"6"}]','1','::1';
2019-06-20 15:57:32 EXEC SPC_COM_PERMISSION '1','2','m003';
2019-06-20 15:57:32 EXEC SPC_COM_MENU '1';
2019-06-20 15:57:32 EXEC SPC_M003_FND1
2019-06-20 15:57:33 EXEC SPC_COM_MENU '1';
2019-06-20 15:57:33 EXEC SPC_M003_LST1 '','','','0','10','1';
2019-06-20 15:58:39 EXEC SPC_COM_PERMISSION '1','2','m007';
2019-06-20 15:58:39 EXEC SPC_COM_MENU '1';
2019-06-20 15:58:39 EXEC SPC_M007_FND1
2019-06-20 15:58:43 EXEC SPC_COM_MENU '1';
2019-06-20 15:58:43 EXEC SPC_m007_LST1 '3';
2019-06-20 15:58:43 EXEC SPC_M007_FND1
2019-06-20 16:08:50 EXEC SPC_COM_MENU '1';
2019-06-20 16:08:50 EXEC SPC_M007_ACT1 '3','[{"row_id":"0","number_id":"1","content":"Ch\u0103m s\u00f3c kh\u00e1ch h\u00e0ng","num_remark1":"","num_remark2":"","num_remark3":"","text_remark1":"","text_remark2":"","text_remark3":""},{"row_id":"1","number_id":"2","content":"Ho\u1ea1ch \u0111\u1ecbnh chi\u1ebfn l\u01b0\u1ee3c","num_remark1":"","num_remark2":"","num_remark3":"","text_remark1":"","text_remark2":"","text_remark3":""},{"row_id":"2","number_id":"3","content":"Marketing","num_remark1":"","num_remark2":"","num_remark3":"","text_remark1":"","text_remark2":"","text_remark3":""}]','1','::1';
2019-06-20 16:08:51 EXEC SPC_COM_MENU '1';
2019-06-20 16:08:51 EXEC SPC_m007_LST1 '3';
2019-06-20 16:08:51 EXEC SPC_M007_FND1
2019-06-20 16:13:52 EXEC SPC_COM_MENU '1';
2019-06-20 16:13:52 EXEC SPC_M007_ACT1 '3','[{"row_id":"0","number_id":"1","content":"Ch\u0103m s\u00f3c kh\u00e1ch h\u00e0ng","num_remark1":"","num_remark2":"","num_remark3":"","text_remark1":"","text_remark2":"","text_remark3":""},{"row_id":"1","number_id":"2","content":"Ho\u1ea1ch \u0111\u1ecbnh chi\u1ebfn l\u01b0\u1ee3c","num_remark1":"","num_remark2":"","num_remark3":"","text_remark1":"","text_remark2":"","text_remark3":""},{"row_id":"2","number_id":"3","content":"Marketing","num_remark1":"","num_remark2":"","num_remark3":"","text_remark1":"","text_remark2":"","text_remark3":""}]','1','::1';
2019-06-20 16:13:53 EXEC SPC_COM_MENU '1';
2019-06-20 16:13:53 EXEC SPC_m007_LST1 '3';
2019-06-20 16:13:54 EXEC SPC_M007_FND1
2019-06-20 16:14:11 EXEC SPC_COM_MENU '1';
2019-06-20 16:14:11 EXEC SPC_M007_ACT1 '3','[{"row_id":"0","number_id":"1","content":"Ch\u0103m s\u00f3c kh\u00e1ch h\u00e0ng","num_remark1":"","num_remark2":"","num_remark3":"","text_remark1":"qu\u00fd nguy\u1ec5n","text_remark2":"","text_remark3":""},{"row_id":"1","number_id":"2","content":"Ho\u1ea1ch \u0111\u1ecbnh chi\u1ebfn l\u01b0\u1ee3c","num_remark1":"","num_remark2":"","num_remark3":"","text_remark1":"","text_remark2":"","text_remark3":""},{"row_id":"2","number_id":"3","content":"Marketing","num_remark1":"","num_remark2":"","num_remark3":"","text_remark1":"nguy\u1ec5n qu\u00fd","text_remark2":"","text_remark3":""}]','1','::1';
2019-06-20 16:14:12 EXEC SPC_COM_MENU '1';
2019-06-20 16:14:12 EXEC SPC_m007_LST1 '3';
2019-06-20 16:14:12 EXEC SPC_M007_FND1
2019-06-20 16:14:19 EXEC SPC_COM_MENU '1';
2019-06-20 16:14:19 EXEC SPC_M007_ACT1 '3','[{"row_id":"0","number_id":"1","content":"Ch\u0103m s\u00f3c kh\u00e1ch h\u00e0ng","num_remark1":"","num_remark2":"","num_remark3":"","text_remark1":"","text_remark2":"","text_remark3":""},{"row_id":"1","number_id":"2","content":"Ho\u1ea1ch \u0111\u1ecbnh chi\u1ebfn l\u01b0\u1ee3c","num_remark1":"","num_remark2":"","num_remark3":"","text_remark1":"","text_remark2":"","text_remark3":""},{"row_id":"2","number_id":"3","content":"Marketing","num_remark1":"","num_remark2":"","num_remark3":"","text_remark1":"","text_remark2":"","text_remark3":""}]','1','::1';
2019-06-20 16:14:21 EXEC SPC_COM_MENU '1';
2019-06-20 16:14:21 EXEC SPC_m007_LST1 '3';
2019-06-20 16:14:21 EXEC SPC_M007_FND1
2019-06-20 16:17:27 EXEC SPC_COM_PERMISSION '1','2','m008';
2019-06-20 16:17:27 EXEC SPC_COM_MENU '1';
2019-06-20 16:17:27 EXEC SPC_COM_M999_INQ1 '19';
2019-06-20 16:17:33 EXEC SPC_COM_MENU '1';
2019-06-20 16:17:33 EXEC SPC_M008_LST1 '1';
2019-06-20 16:25:21 EXEC SPC_COM_MENU '1';
2019-06-20 16:25:29 EXEC SPC_COM_MENU '1';
2019-06-20 16:25:50 EXEC SPC_COM_MENU '1';
2019-06-20 16:25:50 EXEC SPC_M008_ACT1 '1','[{"name_div":"1","target_dtl_div":"6","price_div":"1","upr":"100"},{"name_div":"1","target_dtl_div":"6","price_div":"2","upr":"200"},{"name_div":"1","target_dtl_div":"6","price_div":"3","upr":"300"},{"name_div":"1","target_dtl_div":"6","price_div":"4","upr":"400"},{"name_div":"1","target_dtl_div":"6","price_div":"5","upr":"500"},{"name_div":"1","target_dtl_div":"6","price_div":"6","upr":"600"},{"name_div":"1","target_dtl_div":"6","price_div":"7","upr":"700"},{"name_div":"1","target_dtl_div":"6","price_div":"8","upr":"800"},{"name_div":"1","target_dtl_div":"6","price_div":"9","upr":"900"},{"name_div":"1","target_dtl_div":"6","price_div":"10","upr":"1000"}]','1','::1';
2019-06-20 16:25:51 EXEC SPC_COM_MENU '1';
2019-06-20 16:25:51 EXEC SPC_M008_LST1 '1';
2019-06-20 16:26:09 EXEC SPC_COM_MENU '1';
2019-06-20 16:26:09 EXEC SPC_m008_ACT3 '1','1','::1';
2019-06-20 16:26:09 SQLSTATE[42000]: [Microsoft][ODBC Driver 17 for SQL Server][SQL Server]ストアド プロシージャ 'SPC_m008_ACT3' が見つかりませんでした。
2019-06-20 16:26:16 EXEC SPC_COM_MENU '1';
2019-06-20 16:26:16 EXEC SPC_m008_ACT3 '1','1','::1';
2019-06-20 16:26:16 SQLSTATE[42000]: [Microsoft][ODBC Driver 17 for SQL Server][SQL Server]ストアド プロシージャ 'SPC_m008_ACT3' が見つかりませんでした。
2019-06-20 16:26:49 EXEC SPC_COM_PERMISSION '1','2','m008';
2019-06-20 16:26:49 EXEC SPC_COM_MENU '1';
2019-06-20 16:26:49 EXEC SPC_COM_M999_INQ1 '19';
2019-06-20 16:26:52 EXEC SPC_COM_MENU '1';
2019-06-20 16:26:52 EXEC SPC_M008_LST1 '1';
2019-06-20 16:27:00 EXEC SPC_COM_MENU '1';
2019-06-20 16:27:12 EXEC SPC_COM_MENU '1';
2019-06-20 16:46:22 EXEC SPC_COM_PERMISSION '1','2','m008';
2019-06-20 16:46:22 EXEC SPC_COM_MENU '1';
2019-06-20 16:46:22 EXEC SPC_COM_M999_INQ1 '19';
2019-06-20 16:46:24 EXEC SPC_COM_MENU '1';
2019-06-20 16:46:24 EXEC SPC_M008_LST1 '1';
2019-06-20 16:46:48 EXEC SPC_COM_MENU '1';
2019-06-20 16:46:48 EXEC SPC_M008_ACT1 '1','[{"name_div":"1","target_dtl_div":"6","price_div":"1","upr":"100"},{"name_div":"1","target_dtl_div":"6","price_div":"2","upr":"200"},{"name_div":"1","target_dtl_div":"6","price_div":"3","upr":"300"},{"name_div":"1","target_dtl_div":"6","price_div":"4","upr":"400"},{"name_div":"1","target_dtl_div":"6","price_div":"5","upr":"500"},{"name_div":"1","target_dtl_div":"6","price_div":"6","upr":"600"},{"name_div":"1","target_dtl_div":"6","price_div":"7","upr":"700"},{"name_div":"1","target_dtl_div":"6","price_div":"8","upr":"800"},{"name_div":"1","target_dtl_div":"6","price_div":"9","upr":"900"},{"name_div":"1","target_dtl_div":"6","price_div":"10","upr":"1000"}]','1','::1';
2019-06-20 16:46:49 EXEC SPC_COM_MENU '1';
2019-06-20 16:46:49 EXEC SPC_M008_LST1 '1';
2019-06-20 16:47:39 EXEC SPC_COM_MENU '1';
2019-06-20 16:47:39 EXEC SPC_M008_ACT1 '1','[{"name_div":"1","target_dtl_div":"6","price_div":"1","upr":"100"},{"name_div":"1","target_dtl_div":"6","price_div":"2","upr":"200"},{"name_div":"1","target_dtl_div":"6","price_div":"3","upr":"300"},{"name_div":"1","target_dtl_div":"6","price_div":"5","upr":"500"},{"name_div":"1","target_dtl_div":"6","price_div":"6","upr":"600"},{"name_div":"1","target_dtl_div":"6","price_div":"7","upr":"700"},{"name_div":"1","target_dtl_div":"6","price_div":"8","upr":"800"},{"name_div":"1","target_dtl_div":"6","price_div":"9","upr":"900"},{"name_div":"1","target_dtl_div":"6","price_div":"10","upr":"1000"}]','1','::1';
2019-06-20 16:47:40 EXEC SPC_COM_MENU '1';
2019-06-20 16:47:40 EXEC SPC_M008_LST1 '1';
2019-06-20 16:47:45 EXEC SPC_COM_MENU '1';
2019-06-20 16:47:45 EXEC SPC_M008_ACT1 '1','[{"name_div":"1","target_dtl_div":"6","price_div":"1","upr":"100"},{"name_div":"1","target_dtl_div":"6","price_div":"2","upr":"200"},{"name_div":"1","target_dtl_div":"6","price_div":"3","upr":"300"},{"name_div":"1","target_dtl_div":"6","price_div":"4","upr":"400"},{"name_div":"1","target_dtl_div":"6","price_div":"5","upr":"500"},{"name_div":"1","target_dtl_div":"6","price_div":"6","upr":"600"},{"name_div":"1","target_dtl_div":"6","price_div":"7","upr":"700"},{"name_div":"1","target_dtl_div":"6","price_div":"8","upr":"800"},{"name_div":"1","target_dtl_div":"6","price_div":"9","upr":"900"},{"name_div":"1","target_dtl_div":"6","price_div":"10","upr":"1000"}]','1','::1';
2019-06-20 16:47:46 EXEC SPC_COM_MENU '1';
2019-06-20 16:47:46 EXEC SPC_M008_LST1 '1';
2019-06-20 16:55:12 EXEC SPC_COM_PERMISSION '1','2','w002';
2019-06-20 16:55:12 EXEC SPC_COM_MENU '1';
2019-06-20 16:55:12 EXEC SPC_W002_FND1
2019-06-20 17:12:41 EXEC SPC_COM_PERMISSION '1','2','w001';
2019-06-20 17:12:41 EXEC SPC_COM_MENU '1';
2019-06-20 17:12:41 EXEC SPC_W001_LST1
2019-06-20 17:12:45 EXEC SPC_COM_PERMISSION '1','2','w002';
2019-06-20 17:12:45 EXEC SPC_COM_MENU '1';
2019-06-20 17:12:45 EXEC SPC_W002_FND1
2019-06-20 17:12:47 EXEC SPC_COM_MENU '1';
2019-06-20 17:12:47 EXEC SPC_W002_LST2 '1';
2019-06-20 17:12:49 EXEC SPC_COM_MENU '1';
2019-06-20 17:12:49 EXEC SPC_P003_INQ1
2019-06-20 17:12:49 EXEC SPC_COM_MENU '1';
2019-06-20 17:12:49 EXEC SPC_P003_LST2 '[]';
2019-06-20 17:12:49 SQLSTATE[21S01]: [Microsoft][ODBC Driver 17 for SQL Server][SQL Server]列名または指定された値の数がテーブルの定義と一致しません。
2019-06-20 17:13:28 EXEC SPC_COM_MENU '1';
2019-06-20 17:13:28 EXEC SPC_P003_INQ1
2019-06-20 17:13:28 EXEC SPC_COM_MENU '1';
2019-06-20 17:13:28 EXEC SPC_P003_LST2 '[]';
2019-06-20 17:13:28 SQLSTATE[21S01]: [Microsoft][ODBC Driver 17 for SQL Server][SQL Server]列名または指定された値の数がテーブルの定義と一致しません。
2019-06-20 17:16:07 EXEC SPC_COM_MENU '1';
2019-06-20 17:16:07 EXEC SPC_P003_INQ1
2019-06-20 17:16:07 EXEC SPC_COM_MENU '1';
2019-06-20 17:16:07 EXEC SPC_P003_LST2 '[]';
2019-06-20 17:17:19 EXEC SPC_COM_MENU '1';
2019-06-20 17:17:19 EXEC SPC_P003_INQ1
2019-06-20 17:17:20 EXEC SPC_COM_MENU '1';
2019-06-20 17:17:20 EXEC SPC_P003_LST2 '[]';
2019-06-20 17:18:25 EXEC SPC_COM_MENU '1';
2019-06-20 17:18:25 EXEC SPC_P003_INQ1
2019-06-20 17:18:26 EXEC SPC_COM_MENU '1';
2019-06-20 17:18:26 EXEC SPC_P003_LST2 '[]';
2019-06-20 17:18:43 EXEC SPC_COM_MENU '1';
2019-06-20 17:18:43 EXEC SPC_P003_INQ1
2019-06-20 17:18:44 EXEC SPC_COM_MENU '1';
2019-06-20 17:18:44 EXEC SPC_P003_LST2 '[]';
2019-06-20 17:20:30 EXEC SPC_COM_MENU '1';
2019-06-20 17:20:30 EXEC SPC_P003_INQ1
2019-06-20 17:20:31 EXEC SPC_COM_MENU '1';
2019-06-20 17:20:31 EXEC SPC_P003_LST2 '[]';
2019-06-20 17:21:35 EXEC SPC_COM_MENU '1';
2019-06-20 17:21:35 EXEC SPC_P003_LST3 '[{"vocabulary_code":"8"},{"vocabulary_code":"9"},{"vocabulary_code":"10"},{"vocabulary_code":"11"},{"vocabulary_code":"12"},{"vocabulary_code":"13"},{"vocabulary_code":"14"},{"vocabulary_code":"1"},{"vocabulary_code":"2"},{"vocabulary_code":"3"},{"vocabulary_code":"16"},{"vocabulary_code":"17"},{"vocabulary_code":"18"},{"vocabulary_code":"19"},{"vocabulary_code":"21"},{"vocabulary_code":"22"},{"vocabulary_code":"23"},{"vocabulary_code":"24"},{"vocabulary_code":"25"},{"vocabulary_code":"26"},{"vocabulary_code":"27"},{"vocabulary_code":"5"},{"vocabulary_code":"6"},{"vocabulary_code":"35"},{"vocabulary_code":"36"},{"vocabulary_code":"37"},{"vocabulary_code":"38"},{"vocabulary_code":"39"},{"vocabulary_code":"41"},{"vocabulary_code":"42"},{"vocabulary_code":"43"},{"vocabulary_code":"44"},{"vocabulary_code":"45"},{"vocabulary_code":"32"},{"vocabulary_code":"47"},{"vocabulary_code":"49"},{"vocabulary_code":"50"},{"vocabulary_code":"54"},{"vocabulary_code":"55"},{"vocabulary_code":"56"},{"vocabulary_code":"57"},{"vocabulary_code":"58"},{"vocabulary_code":"60"},{"vocabulary_code":"61"},{"vocabulary_code":"62"},{"vocabulary_code":"63"},{"vocabulary_code":"64"},{"vocabulary_code":"65"},{"vocabulary_code":"66"},{"vocabulary_code":"67"},{"vocabulary_code":"68"},{"vocabulary_code":"69"},{"vocabulary_code":"74"},{"vocabulary_code":"75"},{"vocabulary_code":"76"},{"vocabulary_code":"77"},{"vocabulary_code":"78"},{"vocabulary_code":"79"},{"vocabulary_code":"90"},{"vocabulary_code":"91"},{"vocabulary_code":"92"},{"vocabulary_code":"93"},{"vocabulary_code":"94"},{"vocabulary_code":"95"},{"vocabulary_code":"100"},{"vocabulary_code":"101"},{"vocabulary_code":"102"},{"vocabulary_code":"103"},{"vocabulary_code":"72"},{"vocabulary_code":"87"},{"vocabulary_code":"88"},{"vocabulary_code":"110"},{"vocabulary_code":"116"},{"vocabulary_code":"117"},{"vocabulary_code":"121"},{"vocabulary_code":"122"},{"vocabulary_code":"125"},{"vocabulary_code":"126"},{"vocabulary_code":"127"},{"vocabulary_code":"128"},{"vocabulary_code":"129"},{"vocabulary_code":"130"},{"vocabulary_code":"131"},{"vocabulary_code":"132"},{"vocabulary_code":"134"},{"vocabulary_code":"135"},{"vocabulary_code":"143"},{"vocabulary_code":"153"},{"vocabulary_code":"158"},{"vocabulary_code":"159"},{"vocabulary_code":"162"},{"vocabulary_code":"167"},{"vocabulary_code":"168"},{"vocabulary_code":"170"},{"vocabulary_code":"178"},{"vocabulary_code":"182"},{"vocabulary_code":"192"},{"vocabulary_code":"195"},{"vocabulary_code":"199"},{"vocabulary_code":"201"},{"vocabulary_code":"202"},{"vocabulary_code":"203"},{"vocabulary_code":"204"},{"vocabulary_code":"208"},{"vocabulary_code":"209"},{"vocabulary_code":"210"},{"vocabulary_code":"218"},{"vocabulary_code":"184"},{"vocabulary_code":"185"},{"vocabulary_code":"221"},{"vocabulary_code":"222"},{"vocabulary_code":"223"},{"vocabulary_code":"224"},{"vocabulary_code":"236"},{"vocabulary_code":"239"},{"vocabulary_code":"244"},{"vocabulary_code":"232"},{"vocabulary_code":"250"},{"vocabulary_code":"261"},{"vocabulary_code":"262"},{"vocabulary_code":"265"},{"vocabulary_code":"266"},{"vocabulary_code":"267"},{"vocabulary_code":"268"},{"vocabulary_code":"270"},{"vocabulary_code":"271"},{"vocabulary_code":"272"},{"vocabulary_code":"273"},{"vocabulary_code":"274"},{"vocabulary_code":"277"},{"vocabulary_code":"279"},{"vocabulary_code":"280"},{"vocabulary_code":"282"},{"vocabulary_code":"283"},{"vocabulary_code":"284"},{"vocabulary_code":"285"},{"vocabulary_code":"288"},{"vocabulary_code":"289"},{"vocabulary_code":"291"},{"vocabulary_code":"293"},{"vocabulary_code":"294"},{"vocabulary_code":"295"},{"vocabulary_code":"420"},{"vocabulary_code":"421"},{"vocabulary_code":"422"},{"vocabulary_code":"423"},{"vocabulary_code":"424"},{"vocabulary_code":"425"},{"vocabulary_code":"430"},{"vocabulary_code":"431"},{"vocabulary_code":"432"},{"vocabulary_code":"433"},{"vocabulary_code":"434"},{"vocabulary_code":"435"},{"vocabulary_code":"436"},{"vocabulary_code":"437"},{"vocabulary_code":"438"},{"vocabulary_code":"402"},{"vocabulary_code":"403"},{"vocabulary_code":"412"},{"vocabulary_code":"413"},{"vocabulary_code":"427"},{"vocabulary_code":"276"},{"vocabulary_code":"395"},{"vocabulary_code":"309"},{"vocabulary_code":"298"},{"vocabulary_code":"299"},{"vocabulary_code":"304"},{"vocabulary_code":"305"},{"vocabulary_code":"306"},{"vocabulary_code":"290"},{"vocabulary_code":"251"},{"vocabulary_code":"240"},{"vocabulary_code":"198"},{"vocabulary_code":"217"},{"vocabulary_code":"211"},{"vocabulary_code":"196"},{"vocabulary_code":"193"},{"vocabulary_code":"194"},{"vocabulary_code":"190"},{"vocabulary_code":"186"},{"vocabulary_code":"187"},{"vocabulary_code":"174"},{"vocabulary_code":"175"},{"vocabulary_code":"172"},{"vocabulary_code":"150"},{"vocabulary_code":"152"},{"vocabulary_code":"99"},{"vocabulary_code":"142"},{"vocabulary_code":"123"},{"vocabulary_code":"124"},{"vocabulary_code":"96"},{"vocabulary_code":"81"},{"vocabulary_code":"82"},{"vocabulary_code":"83"},{"vocabulary_code":"84"},{"vocabulary_code":"85"},{"vocabulary_code":"70"},{"vocabulary_code":"71"},{"vocabulary_code":"51"},{"vocabulary_code":"40"},{"vocabulary_code":"7"},{"vocabulary_code":"30"},{"vocabulary_code":"31"},{"vocabulary_code":"28"},{"vocabulary_code":"4"},{"vocabulary_code":"20"},{"vocabulary_code":"29"},{"vocabulary_code":"33"},{"vocabulary_code":"34"},{"vocabulary_code":"46"},{"vocabulary_code":"154"},{"vocabulary_code":"164"},{"vocabulary_code":"200"},{"vocabulary_code":"205"},{"vocabulary_code":"206"},{"vocabulary_code":"191"},{"vocabulary_code":"179"},{"vocabulary_code":"180"},{"vocabulary_code":"181"},{"vocabulary_code":"275"},{"vocabulary_code":"248"},{"vocabulary_code":"292"},{"vocabulary_code":"296"},{"vocabulary_code":"286"},{"vocabulary_code":"281"},{"vocabulary_code":"313"},{"vocabulary_code":"314"},{"vocabulary_code":"315"},{"vocabulary_code":"147"},{"vocabulary_code":"118"},{"vocabulary_code":"80"},{"vocabulary_code":"15"},{"vocabulary_code":"376"},{"vocabulary_code":"374"},{"vocabulary_code":"48"},{"vocabulary_code":"52"},{"vocabulary_code":"53"},{"vocabulary_code":"112"},{"vocabulary_code":"73"},{"vocabulary_code":"149"},{"vocabulary_code":"139"},{"vocabulary_code":"140"},{"vocabulary_code":"141"},{"vocabulary_code":"297"},{"vocabulary_code":"233"},{"vocabulary_code":"176"},{"vocabulary_code":"197"},{"vocabulary_code":"213"},{"vocabulary_code":"214"},{"vocabulary_code":"215"},{"vocabulary_code":"212"},{"vocabulary_code":"241"},{"vocabulary_code":"237"},{"vocabulary_code":"226"},{"vocabulary_code":"227"},{"vocabulary_code":"228"},{"vocabulary_code":"229"},{"vocabulary_code":"230"},{"vocabulary_code":"165"},{"vocabulary_code":"163"},{"vocabulary_code":"252"},{"vocabulary_code":"245"},{"vocabulary_code":"316"},{"vocabulary_code":"303"},{"vocabulary_code":"155"},{"vocabulary_code":"148"},{"vocabulary_code":"59"},{"vocabulary_code":"377"},{"vocabulary_code":"354"},{"vocabulary_code":"355"},{"vocabulary_code":"356"},{"vocabulary_code":"86"},{"vocabulary_code":"114"},{"vocabulary_code":"115"},{"vocabulary_code":"156"},{"vocabulary_code":"111"},{"vocabulary_code":"119"},{"vocabulary_code":"120"},{"vocabulary_code":"97"},{"vocabulary_code":"98"},{"vocabulary_code":"104"},{"vocabulary_code":"105"},{"vocabulary_code":"106"},{"vocabulary_code":"107"},{"vocabulary_code":"108"},{"vocabulary_code":"109"},{"vocabulary_code":"278"},{"vocabulary_code":"287"},{"vocabulary_code":"249"},{"vocabulary_code":"255"},{"vocabulary_code":"256"},{"vocabulary_code":"257"},{"vocabulary_code":"258"},{"vocabulary_code":"259"},{"vocabulary_code":"260"},{"vocabulary_code":"263"},{"vocabulary_code":"264"},{"vocabulary_code":"177"},{"vocabulary_code":"166"},{"vocabulary_code":"216"},{"vocabulary_code":"220"},{"vocabulary_code":"207"},{"vocabulary_code":"225"},{"vocabulary_code":"173"},{"vocabulary_code":"113"},{"vocabulary_code":"89"},{"vocabulary_code":"151"},{"vocabulary_code":"133"},{"vocabulary_code":"157"},{"vocabulary_code":"389"},{"vocabulary_code":"362"},{"vocabulary_code":"428"},{"vocabulary_code":"429"},{"vocabulary_code":"404"},{"vocabulary_code":"367"},{"vocabulary_code":"342"},{"vocabulary_code":"337"},{"vocabulary_code":"338"},{"vocabulary_code":"253"},{"vocabulary_code":"254"},{"vocabulary_code":"310"},{"vocabulary_code":"311"},{"vocabulary_code":"318"},{"vocabulary_code":"319"},{"vocabulary_code":"320"},{"vocabulary_code":"321"},{"vocabulary_code":"332"},{"vocabulary_code":"334"},{"vocabulary_code":"335"},{"vocabulary_code":"326"},{"vocabulary_code":"327"},{"vocabulary_code":"328"},{"vocabulary_code":"345"},{"vocabulary_code":"346"},{"vocabulary_code":"347"},{"vocabulary_code":"348"},{"vocabulary_code":"349"},{"vocabulary_code":"350"},{"vocabulary_code":"351"},{"vocabulary_code":"352"},{"vocabulary_code":"353"},{"vocabulary_code":"365"},{"vocabulary_code":"366"},{"vocabulary_code":"368"},{"vocabulary_code":"380"},{"vocabulary_code":"381"},{"vocabulary_code":"382"},{"vocabulary_code":"383"},{"vocabulary_code":"384"},{"vocabulary_code":"385"},{"vocabulary_code":"386"},{"vocabulary_code":"387"},{"vocabulary_code":"388"},{"vocabulary_code":"390"},{"vocabulary_code":"396"},{"vocabulary_code":"397"},{"vocabulary_code":"398"},{"vocabulary_code":"399"},{"vocabulary_code":"405"},{"vocabulary_code":"406"},{"vocabulary_code":"407"},{"vocabulary_code":"408"},{"vocabulary_code":"409"},{"vocabulary_code":"410"},{"vocabulary_code":"415"},{"vocabulary_code":"416"},{"vocabulary_code":"343"},{"vocabulary_code":"324"},{"vocabulary_code":"375"},{"vocabulary_code":"371"},{"vocabulary_code":"372"},{"vocabulary_code":"373"},{"vocabulary_code":"393"},{"vocabulary_code":"394"},{"vocabulary_code":"426"},{"vocabulary_code":"411"},{"vocabulary_code":"400"},{"vocabulary_code":"401"},{"vocabulary_code":"370"},{"vocabulary_code":"361"},{"vocabulary_code":"307"},{"vocabulary_code":"331"},{"vocabulary_code":"379"},{"vocabulary_code":"414"},{"vocabulary_code":"443"},{"vocabulary_code":"417"},{"vocabulary_code":"418"},{"vocabulary_code":"419"},{"vocabulary_code":"369"},{"vocabulary_code":"317"},{"vocabulary_code":"325"},{"vocabulary_code":"344"},{"vocabulary_code":"364"},{"vocabulary_code":"357"},{"vocabulary_code":"358"},{"vocabulary_code":"329"},{"vocabulary_code":"330"},{"vocabulary_code":"340"},{"vocabulary_code":"322"},{"vocabulary_code":"323"},{"vocabulary_code":"339"},{"vocabulary_code":"300"},{"vocabulary_code":"301"},{"vocabulary_code":"302"},{"vocabulary_code":"308"},{"vocabulary_code":"246"},{"vocabulary_code":"247"},{"vocabulary_code":"242"},{"vocabulary_code":"243"},{"vocabulary_code":"235"},{"vocabulary_code":"219"},{"vocabulary_code":"144"},{"vocabulary_code":"145"},{"vocabulary_code":"146"},{"vocabulary_code":"136"},{"vocabulary_code":"234"},{"vocabulary_code":"341"},{"vocabulary_code":"336"},{"vocabulary_code":"391"},{"vocabulary_code":"392"},{"vocabulary_code":"360"},{"vocabulary_code":"138"},{"vocabulary_code":"137"},{"vocabulary_code":"238"},{"vocabulary_code":"269"},{"vocabulary_code":"160"},{"vocabulary_code":"161"},{"vocabulary_code":"171"},{"vocabulary_code":"169"},{"vocabulary_code":"359"},{"vocabulary_code":"333"},{"vocabulary_code":"312"},{"vocabulary_code":"188"},{"vocabulary_code":"189"},{"vocabulary_code":"183"},{"vocabulary_code":"231"},{"vocabulary_code":"363"},{"vocabulary_code":"378"}]';
2019-06-20 17:21:35 SQLSTATE[IMSSP]: The active result for the query contains no fields.
2019-06-20 17:23:24 EXEC SPC_COM_MENU '1';
2019-06-20 17:23:24 EXEC SPC_P003_INQ1
2019-06-20 17:23:24 EXEC SPC_COM_MENU '1';
2019-06-20 17:23:24 EXEC SPC_P003_LST2 '[]';
2019-06-20 17:23:26 EXEC SPC_COM_MENU '1';
2019-06-20 17:23:26 EXEC SPC_P003_LST3 '[{"vocabulary_code":"8"},{"vocabulary_code":"9"},{"vocabulary_code":"10"},{"vocabulary_code":"11"},{"vocabulary_code":"12"},{"vocabulary_code":"13"},{"vocabulary_code":"14"},{"vocabulary_code":"1"},{"vocabulary_code":"2"},{"vocabulary_code":"3"},{"vocabulary_code":"16"},{"vocabulary_code":"17"},{"vocabulary_code":"18"},{"vocabulary_code":"19"},{"vocabulary_code":"21"},{"vocabulary_code":"22"},{"vocabulary_code":"23"},{"vocabulary_code":"24"},{"vocabulary_code":"25"},{"vocabulary_code":"26"},{"vocabulary_code":"27"},{"vocabulary_code":"5"},{"vocabulary_code":"6"},{"vocabulary_code":"35"},{"vocabulary_code":"36"},{"vocabulary_code":"37"},{"vocabulary_code":"38"},{"vocabulary_code":"39"},{"vocabulary_code":"41"},{"vocabulary_code":"42"},{"vocabulary_code":"43"},{"vocabulary_code":"44"},{"vocabulary_code":"45"},{"vocabulary_code":"32"},{"vocabulary_code":"47"},{"vocabulary_code":"49"},{"vocabulary_code":"50"},{"vocabulary_code":"54"},{"vocabulary_code":"55"},{"vocabulary_code":"56"},{"vocabulary_code":"57"},{"vocabulary_code":"58"},{"vocabulary_code":"60"},{"vocabulary_code":"61"},{"vocabulary_code":"62"},{"vocabulary_code":"63"},{"vocabulary_code":"64"},{"vocabulary_code":"65"},{"vocabulary_code":"66"},{"vocabulary_code":"67"},{"vocabulary_code":"68"},{"vocabulary_code":"69"},{"vocabulary_code":"74"},{"vocabulary_code":"75"},{"vocabulary_code":"76"},{"vocabulary_code":"77"},{"vocabulary_code":"78"},{"vocabulary_code":"79"},{"vocabulary_code":"90"},{"vocabulary_code":"91"},{"vocabulary_code":"92"},{"vocabulary_code":"93"},{"vocabulary_code":"94"},{"vocabulary_code":"95"},{"vocabulary_code":"100"},{"vocabulary_code":"101"},{"vocabulary_code":"102"},{"vocabulary_code":"103"},{"vocabulary_code":"72"},{"vocabulary_code":"87"},{"vocabulary_code":"88"},{"vocabulary_code":"110"},{"vocabulary_code":"116"},{"vocabulary_code":"117"},{"vocabulary_code":"121"},{"vocabulary_code":"122"},{"vocabulary_code":"125"},{"vocabulary_code":"126"},{"vocabulary_code":"127"},{"vocabulary_code":"128"},{"vocabulary_code":"129"},{"vocabulary_code":"130"},{"vocabulary_code":"131"},{"vocabulary_code":"132"},{"vocabulary_code":"134"},{"vocabulary_code":"135"},{"vocabulary_code":"143"},{"vocabulary_code":"153"},{"vocabulary_code":"158"},{"vocabulary_code":"159"},{"vocabulary_code":"162"},{"vocabulary_code":"167"},{"vocabulary_code":"168"},{"vocabulary_code":"170"},{"vocabulary_code":"178"},{"vocabulary_code":"182"},{"vocabulary_code":"192"},{"vocabulary_code":"195"},{"vocabulary_code":"199"},{"vocabulary_code":"201"},{"vocabulary_code":"202"},{"vocabulary_code":"203"},{"vocabulary_code":"204"},{"vocabulary_code":"208"},{"vocabulary_code":"209"},{"vocabulary_code":"210"},{"vocabulary_code":"218"},{"vocabulary_code":"184"},{"vocabulary_code":"185"},{"vocabulary_code":"221"},{"vocabulary_code":"222"},{"vocabulary_code":"223"},{"vocabulary_code":"224"},{"vocabulary_code":"236"},{"vocabulary_code":"239"},{"vocabulary_code":"244"},{"vocabulary_code":"232"},{"vocabulary_code":"250"},{"vocabulary_code":"261"},{"vocabulary_code":"262"},{"vocabulary_code":"265"},{"vocabulary_code":"266"},{"vocabulary_code":"267"},{"vocabulary_code":"268"},{"vocabulary_code":"270"},{"vocabulary_code":"271"},{"vocabulary_code":"272"},{"vocabulary_code":"273"},{"vocabulary_code":"274"},{"vocabulary_code":"277"},{"vocabulary_code":"279"},{"vocabulary_code":"280"},{"vocabulary_code":"282"},{"vocabulary_code":"283"},{"vocabulary_code":"284"},{"vocabulary_code":"285"},{"vocabulary_code":"288"},{"vocabulary_code":"289"},{"vocabulary_code":"291"},{"vocabulary_code":"293"},{"vocabulary_code":"294"},{"vocabulary_code":"295"},{"vocabulary_code":"420"},{"vocabulary_code":"421"},{"vocabulary_code":"422"},{"vocabulary_code":"423"},{"vocabulary_code":"424"},{"vocabulary_code":"425"},{"vocabulary_code":"430"},{"vocabulary_code":"431"},{"vocabulary_code":"432"},{"vocabulary_code":"433"},{"vocabulary_code":"434"},{"vocabulary_code":"435"},{"vocabulary_code":"436"},{"vocabulary_code":"437"},{"vocabulary_code":"438"},{"vocabulary_code":"402"},{"vocabulary_code":"403"},{"vocabulary_code":"412"},{"vocabulary_code":"413"},{"vocabulary_code":"427"},{"vocabulary_code":"276"},{"vocabulary_code":"395"},{"vocabulary_code":"309"},{"vocabulary_code":"298"},{"vocabulary_code":"299"},{"vocabulary_code":"304"},{"vocabulary_code":"305"},{"vocabulary_code":"306"},{"vocabulary_code":"290"},{"vocabulary_code":"251"},{"vocabulary_code":"240"},{"vocabulary_code":"198"},{"vocabulary_code":"217"},{"vocabulary_code":"211"},{"vocabulary_code":"196"},{"vocabulary_code":"193"},{"vocabulary_code":"194"},{"vocabulary_code":"190"},{"vocabulary_code":"186"},{"vocabulary_code":"187"},{"vocabulary_code":"174"},{"vocabulary_code":"175"},{"vocabulary_code":"172"},{"vocabulary_code":"150"},{"vocabulary_code":"152"},{"vocabulary_code":"99"},{"vocabulary_code":"142"},{"vocabulary_code":"123"},{"vocabulary_code":"124"},{"vocabulary_code":"96"},{"vocabulary_code":"81"},{"vocabulary_code":"82"},{"vocabulary_code":"83"},{"vocabulary_code":"84"},{"vocabulary_code":"85"},{"vocabulary_code":"70"},{"vocabulary_code":"71"},{"vocabulary_code":"51"},{"vocabulary_code":"40"},{"vocabulary_code":"7"},{"vocabulary_code":"30"},{"vocabulary_code":"31"},{"vocabulary_code":"28"},{"vocabulary_code":"4"},{"vocabulary_code":"20"},{"vocabulary_code":"29"},{"vocabulary_code":"33"},{"vocabulary_code":"34"},{"vocabulary_code":"46"},{"vocabulary_code":"154"},{"vocabulary_code":"164"},{"vocabulary_code":"200"},{"vocabulary_code":"205"},{"vocabulary_code":"206"},{"vocabulary_code":"191"},{"vocabulary_code":"179"},{"vocabulary_code":"180"},{"vocabulary_code":"181"},{"vocabulary_code":"275"},{"vocabulary_code":"248"},{"vocabulary_code":"292"},{"vocabulary_code":"296"},{"vocabulary_code":"286"},{"vocabulary_code":"281"},{"vocabulary_code":"313"},{"vocabulary_code":"314"},{"vocabulary_code":"315"},{"vocabulary_code":"147"},{"vocabulary_code":"118"},{"vocabulary_code":"80"},{"vocabulary_code":"15"},{"vocabulary_code":"376"},{"vocabulary_code":"374"},{"vocabulary_code":"48"},{"vocabulary_code":"52"},{"vocabulary_code":"53"},{"vocabulary_code":"112"},{"vocabulary_code":"73"},{"vocabulary_code":"149"},{"vocabulary_code":"139"},{"vocabulary_code":"140"},{"vocabulary_code":"141"},{"vocabulary_code":"297"},{"vocabulary_code":"233"},{"vocabulary_code":"176"},{"vocabulary_code":"197"},{"vocabulary_code":"213"},{"vocabulary_code":"214"},{"vocabulary_code":"215"},{"vocabulary_code":"212"},{"vocabulary_code":"241"},{"vocabulary_code":"237"},{"vocabulary_code":"226"},{"vocabulary_code":"227"},{"vocabulary_code":"228"},{"vocabulary_code":"229"},{"vocabulary_code":"230"},{"vocabulary_code":"165"},{"vocabulary_code":"163"},{"vocabulary_code":"252"},{"vocabulary_code":"245"},{"vocabulary_code":"316"},{"vocabulary_code":"303"},{"vocabulary_code":"155"},{"vocabulary_code":"148"},{"vocabulary_code":"59"},{"vocabulary_code":"377"},{"vocabulary_code":"354"},{"vocabulary_code":"355"},{"vocabulary_code":"356"},{"vocabulary_code":"86"},{"vocabulary_code":"114"},{"vocabulary_code":"115"},{"vocabulary_code":"156"},{"vocabulary_code":"111"},{"vocabulary_code":"119"},{"vocabulary_code":"120"},{"vocabulary_code":"97"},{"vocabulary_code":"98"},{"vocabulary_code":"104"},{"vocabulary_code":"105"},{"vocabulary_code":"106"},{"vocabulary_code":"107"},{"vocabulary_code":"108"},{"vocabulary_code":"109"},{"vocabulary_code":"278"},{"vocabulary_code":"287"},{"vocabulary_code":"249"},{"vocabulary_code":"255"},{"vocabulary_code":"256"},{"vocabulary_code":"257"},{"vocabulary_code":"258"},{"vocabulary_code":"259"},{"vocabulary_code":"260"},{"vocabulary_code":"263"},{"vocabulary_code":"264"},{"vocabulary_code":"177"},{"vocabulary_code":"166"},{"vocabulary_code":"216"},{"vocabulary_code":"220"},{"vocabulary_code":"207"},{"vocabulary_code":"225"},{"vocabulary_code":"173"},{"vocabulary_code":"113"},{"vocabulary_code":"89"},{"vocabulary_code":"151"},{"vocabulary_code":"133"},{"vocabulary_code":"157"},{"vocabulary_code":"389"},{"vocabulary_code":"362"},{"vocabulary_code":"428"},{"vocabulary_code":"429"},{"vocabulary_code":"404"},{"vocabulary_code":"367"},{"vocabulary_code":"342"},{"vocabulary_code":"337"},{"vocabulary_code":"338"},{"vocabulary_code":"253"},{"vocabulary_code":"254"},{"vocabulary_code":"310"},{"vocabulary_code":"311"},{"vocabulary_code":"318"},{"vocabulary_code":"319"},{"vocabulary_code":"320"},{"vocabulary_code":"321"},{"vocabulary_code":"332"},{"vocabulary_code":"334"},{"vocabulary_code":"335"},{"vocabulary_code":"326"},{"vocabulary_code":"327"},{"vocabulary_code":"328"},{"vocabulary_code":"345"},{"vocabulary_code":"346"},{"vocabulary_code":"347"},{"vocabulary_code":"348"},{"vocabulary_code":"349"},{"vocabulary_code":"350"},{"vocabulary_code":"351"},{"vocabulary_code":"352"},{"vocabulary_code":"353"},{"vocabulary_code":"365"},{"vocabulary_code":"366"},{"vocabulary_code":"368"},{"vocabulary_code":"380"},{"vocabulary_code":"381"},{"vocabulary_code":"382"},{"vocabulary_code":"383"},{"vocabulary_code":"384"},{"vocabulary_code":"385"},{"vocabulary_code":"386"},{"vocabulary_code":"387"},{"vocabulary_code":"388"},{"vocabulary_code":"390"},{"vocabulary_code":"396"},{"vocabulary_code":"397"},{"vocabulary_code":"398"},{"vocabulary_code":"399"},{"vocabulary_code":"405"},{"vocabulary_code":"406"},{"vocabulary_code":"407"},{"vocabulary_code":"408"},{"vocabulary_code":"409"},{"vocabulary_code":"410"},{"vocabulary_code":"415"},{"vocabulary_code":"416"},{"vocabulary_code":"343"},{"vocabulary_code":"324"},{"vocabulary_code":"375"},{"vocabulary_code":"371"},{"vocabulary_code":"372"},{"vocabulary_code":"373"},{"vocabulary_code":"393"},{"vocabulary_code":"394"},{"vocabulary_code":"426"},{"vocabulary_code":"411"},{"vocabulary_code":"400"},{"vocabulary_code":"401"},{"vocabulary_code":"370"},{"vocabulary_code":"361"},{"vocabulary_code":"307"},{"vocabulary_code":"331"},{"vocabulary_code":"379"},{"vocabulary_code":"414"},{"vocabulary_code":"443"},{"vocabulary_code":"417"},{"vocabulary_code":"418"},{"vocabulary_code":"419"},{"vocabulary_code":"369"},{"vocabulary_code":"317"},{"vocabulary_code":"325"},{"vocabulary_code":"344"},{"vocabulary_code":"364"},{"vocabulary_code":"357"},{"vocabulary_code":"358"},{"vocabulary_code":"329"},{"vocabulary_code":"330"},{"vocabulary_code":"340"},{"vocabulary_code":"322"},{"vocabulary_code":"323"},{"vocabulary_code":"339"},{"vocabulary_code":"300"},{"vocabulary_code":"301"},{"vocabulary_code":"302"},{"vocabulary_code":"308"},{"vocabulary_code":"246"},{"vocabulary_code":"247"},{"vocabulary_code":"242"},{"vocabulary_code":"243"},{"vocabulary_code":"235"},{"vocabulary_code":"219"},{"vocabulary_code":"144"},{"vocabulary_code":"145"},{"vocabulary_code":"146"},{"vocabulary_code":"136"},{"vocabulary_code":"234"},{"vocabulary_code":"341"},{"vocabulary_code":"336"},{"vocabulary_code":"391"},{"vocabulary_code":"392"},{"vocabulary_code":"360"},{"vocabulary_code":"138"},{"vocabulary_code":"137"},{"vocabulary_code":"238"},{"vocabulary_code":"269"},{"vocabulary_code":"160"},{"vocabulary_code":"161"},{"vocabulary_code":"171"},{"vocabulary_code":"169"},{"vocabulary_code":"359"},{"vocabulary_code":"333"},{"vocabulary_code":"312"},{"vocabulary_code":"188"},{"vocabulary_code":"189"},{"vocabulary_code":"183"},{"vocabulary_code":"231"},{"vocabulary_code":"363"},{"vocabulary_code":"378"}]';
2019-06-20 17:23:26 SQLSTATE[IMSSP]: The active result for the query contains no fields.
2019-06-20 17:23:32 EXEC SPC_COM_MENU '1';
2019-06-20 17:23:32 EXEC SPC_P003_LST3 '[{"vocabulary_code":"8"},{"vocabulary_code":"9"},{"vocabulary_code":"10"},{"vocabulary_code":"11"},{"vocabulary_code":"12"},{"vocabulary_code":"13"},{"vocabulary_code":"14"},{"vocabulary_code":"1"},{"vocabulary_code":"2"},{"vocabulary_code":"3"},{"vocabulary_code":"16"},{"vocabulary_code":"17"},{"vocabulary_code":"18"},{"vocabulary_code":"19"},{"vocabulary_code":"21"},{"vocabulary_code":"22"},{"vocabulary_code":"23"},{"vocabulary_code":"24"},{"vocabulary_code":"25"},{"vocabulary_code":"26"},{"vocabulary_code":"27"},{"vocabulary_code":"5"},{"vocabulary_code":"6"},{"vocabulary_code":"35"},{"vocabulary_code":"36"},{"vocabulary_code":"37"},{"vocabulary_code":"38"},{"vocabulary_code":"39"},{"vocabulary_code":"41"},{"vocabulary_code":"42"},{"vocabulary_code":"43"},{"vocabulary_code":"44"},{"vocabulary_code":"45"},{"vocabulary_code":"32"},{"vocabulary_code":"47"},{"vocabulary_code":"49"},{"vocabulary_code":"50"},{"vocabulary_code":"54"},{"vocabulary_code":"55"},{"vocabulary_code":"56"},{"vocabulary_code":"57"},{"vocabulary_code":"58"},{"vocabulary_code":"60"},{"vocabulary_code":"61"},{"vocabulary_code":"62"},{"vocabulary_code":"63"},{"vocabulary_code":"64"},{"vocabulary_code":"65"},{"vocabulary_code":"66"},{"vocabulary_code":"67"},{"vocabulary_code":"68"},{"vocabulary_code":"69"},{"vocabulary_code":"74"},{"vocabulary_code":"75"},{"vocabulary_code":"76"},{"vocabulary_code":"77"},{"vocabulary_code":"78"},{"vocabulary_code":"79"},{"vocabulary_code":"90"},{"vocabulary_code":"91"},{"vocabulary_code":"92"},{"vocabulary_code":"93"},{"vocabulary_code":"94"},{"vocabulary_code":"95"},{"vocabulary_code":"100"},{"vocabulary_code":"101"},{"vocabulary_code":"102"},{"vocabulary_code":"103"},{"vocabulary_code":"72"},{"vocabulary_code":"87"},{"vocabulary_code":"88"},{"vocabulary_code":"110"},{"vocabulary_code":"116"},{"vocabulary_code":"117"},{"vocabulary_code":"121"},{"vocabulary_code":"122"},{"vocabulary_code":"125"},{"vocabulary_code":"126"},{"vocabulary_code":"127"},{"vocabulary_code":"128"},{"vocabulary_code":"129"},{"vocabulary_code":"130"},{"vocabulary_code":"131"},{"vocabulary_code":"132"},{"vocabulary_code":"134"},{"vocabulary_code":"135"},{"vocabulary_code":"143"},{"vocabulary_code":"153"},{"vocabulary_code":"158"},{"vocabulary_code":"159"},{"vocabulary_code":"162"},{"vocabulary_code":"167"},{"vocabulary_code":"168"},{"vocabulary_code":"170"},{"vocabulary_code":"178"},{"vocabulary_code":"182"},{"vocabulary_code":"192"},{"vocabulary_code":"195"},{"vocabulary_code":"199"},{"vocabulary_code":"201"},{"vocabulary_code":"202"},{"vocabulary_code":"203"},{"vocabulary_code":"204"},{"vocabulary_code":"208"},{"vocabulary_code":"209"},{"vocabulary_code":"210"},{"vocabulary_code":"218"},{"vocabulary_code":"184"},{"vocabulary_code":"185"},{"vocabulary_code":"221"},{"vocabulary_code":"222"},{"vocabulary_code":"223"},{"vocabulary_code":"224"},{"vocabulary_code":"236"},{"vocabulary_code":"239"},{"vocabulary_code":"244"},{"vocabulary_code":"232"},{"vocabulary_code":"250"},{"vocabulary_code":"261"},{"vocabulary_code":"262"},{"vocabulary_code":"265"},{"vocabulary_code":"266"},{"vocabulary_code":"267"},{"vocabulary_code":"268"},{"vocabulary_code":"270"},{"vocabulary_code":"271"},{"vocabulary_code":"272"},{"vocabulary_code":"273"},{"vocabulary_code":"274"},{"vocabulary_code":"277"},{"vocabulary_code":"279"},{"vocabulary_code":"280"},{"vocabulary_code":"282"},{"vocabulary_code":"283"},{"vocabulary_code":"284"},{"vocabulary_code":"285"},{"vocabulary_code":"288"},{"vocabulary_code":"289"},{"vocabulary_code":"291"},{"vocabulary_code":"293"},{"vocabulary_code":"294"},{"vocabulary_code":"295"},{"vocabulary_code":"420"},{"vocabulary_code":"421"},{"vocabulary_code":"422"},{"vocabulary_code":"423"},{"vocabulary_code":"424"},{"vocabulary_code":"425"},{"vocabulary_code":"430"},{"vocabulary_code":"431"},{"vocabulary_code":"432"},{"vocabulary_code":"433"},{"vocabulary_code":"434"},{"vocabulary_code":"435"},{"vocabulary_code":"436"},{"vocabulary_code":"437"},{"vocabulary_code":"438"},{"vocabulary_code":"402"},{"vocabulary_code":"403"},{"vocabulary_code":"412"},{"vocabulary_code":"413"},{"vocabulary_code":"427"},{"vocabulary_code":"276"},{"vocabulary_code":"395"},{"vocabulary_code":"309"},{"vocabulary_code":"298"},{"vocabulary_code":"299"},{"vocabulary_code":"304"},{"vocabulary_code":"305"},{"vocabulary_code":"306"},{"vocabulary_code":"290"},{"vocabulary_code":"251"},{"vocabulary_code":"240"},{"vocabulary_code":"198"},{"vocabulary_code":"217"},{"vocabulary_code":"211"},{"vocabulary_code":"196"},{"vocabulary_code":"193"},{"vocabulary_code":"194"},{"vocabulary_code":"190"},{"vocabulary_code":"186"},{"vocabulary_code":"187"},{"vocabulary_code":"174"},{"vocabulary_code":"175"},{"vocabulary_code":"172"},{"vocabulary_code":"150"},{"vocabulary_code":"152"},{"vocabulary_code":"99"},{"vocabulary_code":"142"},{"vocabulary_code":"123"},{"vocabulary_code":"124"},{"vocabulary_code":"96"},{"vocabulary_code":"81"},{"vocabulary_code":"82"},{"vocabulary_code":"83"},{"vocabulary_code":"84"},{"vocabulary_code":"85"},{"vocabulary_code":"70"},{"vocabulary_code":"71"},{"vocabulary_code":"51"},{"vocabulary_code":"40"},{"vocabulary_code":"7"},{"vocabulary_code":"30"},{"vocabulary_code":"31"},{"vocabulary_code":"28"},{"vocabulary_code":"4"},{"vocabulary_code":"20"},{"vocabulary_code":"29"},{"vocabulary_code":"33"},{"vocabulary_code":"34"},{"vocabulary_code":"46"},{"vocabulary_code":"154"},{"vocabulary_code":"164"},{"vocabulary_code":"200"},{"vocabulary_code":"205"},{"vocabulary_code":"206"},{"vocabulary_code":"191"},{"vocabulary_code":"179"},{"vocabulary_code":"180"},{"vocabulary_code":"181"},{"vocabulary_code":"275"},{"vocabulary_code":"248"},{"vocabulary_code":"292"},{"vocabulary_code":"296"},{"vocabulary_code":"286"},{"vocabulary_code":"281"},{"vocabulary_code":"313"},{"vocabulary_code":"314"},{"vocabulary_code":"315"},{"vocabulary_code":"147"},{"vocabulary_code":"118"},{"vocabulary_code":"80"},{"vocabulary_code":"15"},{"vocabulary_code":"376"},{"vocabulary_code":"374"},{"vocabulary_code":"48"},{"vocabulary_code":"52"},{"vocabulary_code":"53"},{"vocabulary_code":"112"},{"vocabulary_code":"73"},{"vocabulary_code":"149"},{"vocabulary_code":"139"},{"vocabulary_code":"140"},{"vocabulary_code":"141"},{"vocabulary_code":"297"},{"vocabulary_code":"233"},{"vocabulary_code":"176"},{"vocabulary_code":"197"},{"vocabulary_code":"213"},{"vocabulary_code":"214"},{"vocabulary_code":"215"},{"vocabulary_code":"212"},{"vocabulary_code":"241"},{"vocabulary_code":"237"},{"vocabulary_code":"226"},{"vocabulary_code":"227"},{"vocabulary_code":"228"},{"vocabulary_code":"229"},{"vocabulary_code":"230"},{"vocabulary_code":"165"},{"vocabulary_code":"163"},{"vocabulary_code":"252"},{"vocabulary_code":"245"},{"vocabulary_code":"316"},{"vocabulary_code":"303"},{"vocabulary_code":"155"},{"vocabulary_code":"148"},{"vocabulary_code":"59"},{"vocabulary_code":"377"},{"vocabulary_code":"354"},{"vocabulary_code":"355"},{"vocabulary_code":"356"},{"vocabulary_code":"86"},{"vocabulary_code":"114"},{"vocabulary_code":"115"},{"vocabulary_code":"156"},{"vocabulary_code":"111"},{"vocabulary_code":"119"},{"vocabulary_code":"120"},{"vocabulary_code":"97"},{"vocabulary_code":"98"},{"vocabulary_code":"104"},{"vocabulary_code":"105"},{"vocabulary_code":"106"},{"vocabulary_code":"107"},{"vocabulary_code":"108"},{"vocabulary_code":"109"},{"vocabulary_code":"278"},{"vocabulary_code":"287"},{"vocabulary_code":"249"},{"vocabulary_code":"255"},{"vocabulary_code":"256"},{"vocabulary_code":"257"},{"vocabulary_code":"258"},{"vocabulary_code":"259"},{"vocabulary_code":"260"},{"vocabulary_code":"263"},{"vocabulary_code":"264"},{"vocabulary_code":"177"},{"vocabulary_code":"166"},{"vocabulary_code":"216"},{"vocabulary_code":"220"},{"vocabulary_code":"207"},{"vocabulary_code":"225"},{"vocabulary_code":"173"},{"vocabulary_code":"113"},{"vocabulary_code":"89"},{"vocabulary_code":"151"},{"vocabulary_code":"133"},{"vocabulary_code":"157"},{"vocabulary_code":"389"},{"vocabulary_code":"362"},{"vocabulary_code":"428"},{"vocabulary_code":"429"},{"vocabulary_code":"404"},{"vocabulary_code":"367"},{"vocabulary_code":"342"},{"vocabulary_code":"337"},{"vocabulary_code":"338"},{"vocabulary_code":"253"},{"vocabulary_code":"254"},{"vocabulary_code":"310"},{"vocabulary_code":"311"},{"vocabulary_code":"318"},{"vocabulary_code":"319"},{"vocabulary_code":"320"},{"vocabulary_code":"321"},{"vocabulary_code":"332"},{"vocabulary_code":"334"},{"vocabulary_code":"335"},{"vocabulary_code":"326"},{"vocabulary_code":"327"},{"vocabulary_code":"328"},{"vocabulary_code":"345"},{"vocabulary_code":"346"},{"vocabulary_code":"347"},{"vocabulary_code":"348"},{"vocabulary_code":"349"},{"vocabulary_code":"350"},{"vocabulary_code":"351"},{"vocabulary_code":"352"},{"vocabulary_code":"353"},{"vocabulary_code":"365"},{"vocabulary_code":"366"},{"vocabulary_code":"368"},{"vocabulary_code":"380"},{"vocabulary_code":"381"},{"vocabulary_code":"382"},{"vocabulary_code":"383"},{"vocabulary_code":"384"},{"vocabulary_code":"385"},{"vocabulary_code":"386"},{"vocabulary_code":"387"},{"vocabulary_code":"388"},{"vocabulary_code":"390"},{"vocabulary_code":"396"},{"vocabulary_code":"397"},{"vocabulary_code":"398"},{"vocabulary_code":"399"},{"vocabulary_code":"405"},{"vocabulary_code":"406"},{"vocabulary_code":"407"},{"vocabulary_code":"408"},{"vocabulary_code":"409"},{"vocabulary_code":"410"},{"vocabulary_code":"415"},{"vocabulary_code":"416"},{"vocabulary_code":"343"},{"vocabulary_code":"324"},{"vocabulary_code":"375"},{"vocabulary_code":"371"},{"vocabulary_code":"372"},{"vocabulary_code":"373"},{"vocabulary_code":"393"},{"vocabulary_code":"394"},{"vocabulary_code":"426"},{"vocabulary_code":"411"},{"vocabulary_code":"400"},{"vocabulary_code":"401"},{"vocabulary_code":"370"},{"vocabulary_code":"361"},{"vocabulary_code":"307"},{"vocabulary_code":"331"},{"vocabulary_code":"379"},{"vocabulary_code":"414"},{"vocabulary_code":"443"},{"vocabulary_code":"417"},{"vocabulary_code":"418"},{"vocabulary_code":"419"},{"vocabulary_code":"369"},{"vocabulary_code":"317"},{"vocabulary_code":"325"},{"vocabulary_code":"344"},{"vocabulary_code":"364"},{"vocabulary_code":"357"},{"vocabulary_code":"358"},{"vocabulary_code":"329"},{"vocabulary_code":"330"},{"vocabulary_code":"340"},{"vocabulary_code":"322"},{"vocabulary_code":"323"},{"vocabulary_code":"339"},{"vocabulary_code":"300"},{"vocabulary_code":"301"},{"vocabulary_code":"302"},{"vocabulary_code":"308"},{"vocabulary_code":"246"},{"vocabulary_code":"247"},{"vocabulary_code":"242"},{"vocabulary_code":"243"},{"vocabulary_code":"235"},{"vocabulary_code":"219"},{"vocabulary_code":"144"},{"vocabulary_code":"145"},{"vocabulary_code":"146"},{"vocabulary_code":"136"},{"vocabulary_code":"234"},{"vocabulary_code":"341"},{"vocabulary_code":"336"},{"vocabulary_code":"391"},{"vocabulary_code":"392"},{"vocabulary_code":"360"},{"vocabulary_code":"138"},{"vocabulary_code":"137"},{"vocabulary_code":"238"},{"vocabulary_code":"269"},{"vocabulary_code":"160"},{"vocabulary_code":"161"},{"vocabulary_code":"171"},{"vocabulary_code":"169"},{"vocabulary_code":"359"},{"vocabulary_code":"333"},{"vocabulary_code":"312"},{"vocabulary_code":"188"},{"vocabulary_code":"189"},{"vocabulary_code":"183"},{"vocabulary_code":"231"},{"vocabulary_code":"363"},{"vocabulary_code":"378"}]';
2019-06-20 17:23:32 SQLSTATE[IMSSP]: The active result for the query contains no fields.
2019-06-20 17:31:58 EXEC SPC_COM_PERMISSION '1','2','w002';
2019-06-20 17:31:58 EXEC SPC_COM_MENU '1';
2019-06-20 17:31:58 EXEC SPC_W002_FND1
2019-06-20 17:32:02 EXEC SPC_COM_MENU '1';
2019-06-20 17:32:02 EXEC SPC_W002_LST2 '1';
2019-06-20 17:32:03 EXEC SPC_COM_MENU '1';
2019-06-20 17:32:03 EXEC SPC_P003_INQ1
2019-06-20 17:32:04 EXEC SPC_COM_MENU '1';
2019-06-20 17:32:04 EXEC SPC_P003_LST2 '[]';
2019-06-20 17:32:06 EXEC SPC_COM_MENU '1';
2019-06-20 17:32:06 EXEC SPC_P003_LST3 '[{"vocabulary_code":"8"},{"vocabulary_code":"9"},{"vocabulary_code":"10"},{"vocabulary_code":"11"},{"vocabulary_code":"12"},{"vocabulary_code":"13"},{"vocabulary_code":"14"},{"vocabulary_code":"1"},{"vocabulary_code":"2"},{"vocabulary_code":"3"},{"vocabulary_code":"16"},{"vocabulary_code":"17"},{"vocabulary_code":"18"},{"vocabulary_code":"19"},{"vocabulary_code":"21"},{"vocabulary_code":"22"},{"vocabulary_code":"23"},{"vocabulary_code":"24"},{"vocabulary_code":"25"},{"vocabulary_code":"26"},{"vocabulary_code":"27"},{"vocabulary_code":"5"},{"vocabulary_code":"6"},{"vocabulary_code":"35"},{"vocabulary_code":"36"},{"vocabulary_code":"37"},{"vocabulary_code":"38"},{"vocabulary_code":"39"},{"vocabulary_code":"41"},{"vocabulary_code":"42"},{"vocabulary_code":"43"},{"vocabulary_code":"44"},{"vocabulary_code":"45"},{"vocabulary_code":"32"},{"vocabulary_code":"47"},{"vocabulary_code":"49"},{"vocabulary_code":"50"},{"vocabulary_code":"54"},{"vocabulary_code":"55"},{"vocabulary_code":"56"},{"vocabulary_code":"57"},{"vocabulary_code":"58"},{"vocabulary_code":"60"},{"vocabulary_code":"61"},{"vocabulary_code":"62"},{"vocabulary_code":"63"},{"vocabulary_code":"64"},{"vocabulary_code":"65"},{"vocabulary_code":"66"},{"vocabulary_code":"67"},{"vocabulary_code":"68"},{"vocabulary_code":"69"},{"vocabulary_code":"74"},{"vocabulary_code":"75"},{"vocabulary_code":"76"},{"vocabulary_code":"77"},{"vocabulary_code":"78"},{"vocabulary_code":"79"},{"vocabulary_code":"90"},{"vocabulary_code":"91"},{"vocabulary_code":"92"},{"vocabulary_code":"93"},{"vocabulary_code":"94"},{"vocabulary_code":"95"},{"vocabulary_code":"100"},{"vocabulary_code":"101"},{"vocabulary_code":"102"},{"vocabulary_code":"103"},{"vocabulary_code":"72"},{"vocabulary_code":"87"},{"vocabulary_code":"88"},{"vocabulary_code":"110"},{"vocabulary_code":"116"},{"vocabulary_code":"117"},{"vocabulary_code":"121"},{"vocabulary_code":"122"},{"vocabulary_code":"125"},{"vocabulary_code":"126"},{"vocabulary_code":"127"},{"vocabulary_code":"128"},{"vocabulary_code":"129"},{"vocabulary_code":"130"},{"vocabulary_code":"131"},{"vocabulary_code":"132"},{"vocabulary_code":"134"},{"vocabulary_code":"135"},{"vocabulary_code":"143"},{"vocabulary_code":"153"},{"vocabulary_code":"158"},{"vocabulary_code":"159"},{"vocabulary_code":"162"},{"vocabulary_code":"167"},{"vocabulary_code":"168"},{"vocabulary_code":"170"},{"vocabulary_code":"178"},{"vocabulary_code":"182"},{"vocabulary_code":"192"},{"vocabulary_code":"195"},{"vocabulary_code":"199"},{"vocabulary_code":"201"},{"vocabulary_code":"202"},{"vocabulary_code":"203"},{"vocabulary_code":"204"},{"vocabulary_code":"208"},{"vocabulary_code":"209"},{"vocabulary_code":"210"},{"vocabulary_code":"218"},{"vocabulary_code":"184"},{"vocabulary_code":"185"},{"vocabulary_code":"221"},{"vocabulary_code":"222"},{"vocabulary_code":"223"},{"vocabulary_code":"224"},{"vocabulary_code":"236"},{"vocabulary_code":"239"},{"vocabulary_code":"244"},{"vocabulary_code":"232"},{"vocabulary_code":"250"},{"vocabulary_code":"261"},{"vocabulary_code":"262"},{"vocabulary_code":"265"},{"vocabulary_code":"266"},{"vocabulary_code":"267"},{"vocabulary_code":"268"},{"vocabulary_code":"270"},{"vocabulary_code":"271"},{"vocabulary_code":"272"},{"vocabulary_code":"273"},{"vocabulary_code":"274"},{"vocabulary_code":"277"},{"vocabulary_code":"279"},{"vocabulary_code":"280"},{"vocabulary_code":"282"},{"vocabulary_code":"283"},{"vocabulary_code":"284"},{"vocabulary_code":"285"},{"vocabulary_code":"288"},{"vocabulary_code":"289"},{"vocabulary_code":"291"},{"vocabulary_code":"293"},{"vocabulary_code":"294"},{"vocabulary_code":"295"},{"vocabulary_code":"420"},{"vocabulary_code":"421"},{"vocabulary_code":"422"},{"vocabulary_code":"423"},{"vocabulary_code":"424"},{"vocabulary_code":"425"},{"vocabulary_code":"430"},{"vocabulary_code":"431"},{"vocabulary_code":"432"},{"vocabulary_code":"433"},{"vocabulary_code":"434"},{"vocabulary_code":"435"},{"vocabulary_code":"436"},{"vocabulary_code":"437"},{"vocabulary_code":"438"},{"vocabulary_code":"402"},{"vocabulary_code":"403"},{"vocabulary_code":"412"},{"vocabulary_code":"413"},{"vocabulary_code":"427"},{"vocabulary_code":"276"},{"vocabulary_code":"395"},{"vocabulary_code":"309"},{"vocabulary_code":"298"},{"vocabulary_code":"299"},{"vocabulary_code":"304"},{"vocabulary_code":"305"},{"vocabulary_code":"306"},{"vocabulary_code":"290"},{"vocabulary_code":"251"},{"vocabulary_code":"240"},{"vocabulary_code":"198"},{"vocabulary_code":"217"},{"vocabulary_code":"211"},{"vocabulary_code":"196"},{"vocabulary_code":"193"},{"vocabulary_code":"194"},{"vocabulary_code":"190"},{"vocabulary_code":"186"},{"vocabulary_code":"187"},{"vocabulary_code":"174"},{"vocabulary_code":"175"},{"vocabulary_code":"172"},{"vocabulary_code":"150"},{"vocabulary_code":"152"},{"vocabulary_code":"99"},{"vocabulary_code":"142"},{"vocabulary_code":"123"},{"vocabulary_code":"124"},{"vocabulary_code":"96"},{"vocabulary_code":"81"},{"vocabulary_code":"82"},{"vocabulary_code":"83"},{"vocabulary_code":"84"},{"vocabulary_code":"85"},{"vocabulary_code":"70"},{"vocabulary_code":"71"},{"vocabulary_code":"51"},{"vocabulary_code":"40"},{"vocabulary_code":"7"},{"vocabulary_code":"30"},{"vocabulary_code":"31"},{"vocabulary_code":"28"},{"vocabulary_code":"4"},{"vocabulary_code":"20"},{"vocabulary_code":"29"},{"vocabulary_code":"33"},{"vocabulary_code":"34"},{"vocabulary_code":"46"},{"vocabulary_code":"154"},{"vocabulary_code":"164"},{"vocabulary_code":"200"},{"vocabulary_code":"205"},{"vocabulary_code":"206"},{"vocabulary_code":"191"},{"vocabulary_code":"179"},{"vocabulary_code":"180"},{"vocabulary_code":"181"},{"vocabulary_code":"275"},{"vocabulary_code":"248"},{"vocabulary_code":"292"},{"vocabulary_code":"296"},{"vocabulary_code":"286"},{"vocabulary_code":"281"},{"vocabulary_code":"313"},{"vocabulary_code":"314"},{"vocabulary_code":"315"},{"vocabulary_code":"147"},{"vocabulary_code":"118"},{"vocabulary_code":"80"},{"vocabulary_code":"15"},{"vocabulary_code":"376"},{"vocabulary_code":"374"},{"vocabulary_code":"48"},{"vocabulary_code":"52"},{"vocabulary_code":"53"},{"vocabulary_code":"112"},{"vocabulary_code":"73"},{"vocabulary_code":"149"},{"vocabulary_code":"139"},{"vocabulary_code":"140"},{"vocabulary_code":"141"},{"vocabulary_code":"297"},{"vocabulary_code":"233"},{"vocabulary_code":"176"},{"vocabulary_code":"197"},{"vocabulary_code":"213"},{"vocabulary_code":"214"},{"vocabulary_code":"215"},{"vocabulary_code":"212"},{"vocabulary_code":"241"},{"vocabulary_code":"237"},{"vocabulary_code":"226"},{"vocabulary_code":"227"},{"vocabulary_code":"228"},{"vocabulary_code":"229"},{"vocabulary_code":"230"},{"vocabulary_code":"165"},{"vocabulary_code":"163"},{"vocabulary_code":"252"},{"vocabulary_code":"245"},{"vocabulary_code":"316"},{"vocabulary_code":"303"},{"vocabulary_code":"155"},{"vocabulary_code":"148"},{"vocabulary_code":"59"},{"vocabulary_code":"377"},{"vocabulary_code":"354"},{"vocabulary_code":"355"},{"vocabulary_code":"356"},{"vocabulary_code":"86"},{"vocabulary_code":"114"},{"vocabulary_code":"115"},{"vocabulary_code":"156"},{"vocabulary_code":"111"},{"vocabulary_code":"119"},{"vocabulary_code":"120"},{"vocabulary_code":"97"},{"vocabulary_code":"98"},{"vocabulary_code":"104"},{"vocabulary_code":"105"},{"vocabulary_code":"106"},{"vocabulary_code":"107"},{"vocabulary_code":"108"},{"vocabulary_code":"109"},{"vocabulary_code":"278"},{"vocabulary_code":"287"},{"vocabulary_code":"249"},{"vocabulary_code":"255"},{"vocabulary_code":"256"},{"vocabulary_code":"257"},{"vocabulary_code":"258"},{"vocabulary_code":"259"},{"vocabulary_code":"260"},{"vocabulary_code":"263"},{"vocabulary_code":"264"},{"vocabulary_code":"177"},{"vocabulary_code":"166"},{"vocabulary_code":"216"},{"vocabulary_code":"220"},{"vocabulary_code":"207"},{"vocabulary_code":"225"},{"vocabulary_code":"173"},{"vocabulary_code":"113"},{"vocabulary_code":"89"},{"vocabulary_code":"151"},{"vocabulary_code":"133"},{"vocabulary_code":"157"},{"vocabulary_code":"389"},{"vocabulary_code":"362"},{"vocabulary_code":"428"},{"vocabulary_code":"429"},{"vocabulary_code":"404"},{"vocabulary_code":"367"},{"vocabulary_code":"342"},{"vocabulary_code":"337"},{"vocabulary_code":"338"},{"vocabulary_code":"253"},{"vocabulary_code":"254"},{"vocabulary_code":"310"},{"vocabulary_code":"311"},{"vocabulary_code":"318"},{"vocabulary_code":"319"},{"vocabulary_code":"320"},{"vocabulary_code":"321"},{"vocabulary_code":"332"},{"vocabulary_code":"334"},{"vocabulary_code":"335"},{"vocabulary_code":"326"},{"vocabulary_code":"327"},{"vocabulary_code":"328"},{"vocabulary_code":"345"},{"vocabulary_code":"346"},{"vocabulary_code":"347"},{"vocabulary_code":"348"},{"vocabulary_code":"349"},{"vocabulary_code":"350"},{"vocabulary_code":"351"},{"vocabulary_code":"352"},{"vocabulary_code":"353"},{"vocabulary_code":"365"},{"vocabulary_code":"366"},{"vocabulary_code":"368"},{"vocabulary_code":"380"},{"vocabulary_code":"381"},{"vocabulary_code":"382"},{"vocabulary_code":"383"},{"vocabulary_code":"384"},{"vocabulary_code":"385"},{"vocabulary_code":"386"},{"vocabulary_code":"387"},{"vocabulary_code":"388"},{"vocabulary_code":"390"},{"vocabulary_code":"396"},{"vocabulary_code":"397"},{"vocabulary_code":"398"},{"vocabulary_code":"399"},{"vocabulary_code":"405"},{"vocabulary_code":"406"},{"vocabulary_code":"407"},{"vocabulary_code":"408"},{"vocabulary_code":"409"},{"vocabulary_code":"410"},{"vocabulary_code":"415"},{"vocabulary_code":"416"},{"vocabulary_code":"343"},{"vocabulary_code":"324"},{"vocabulary_code":"375"},{"vocabulary_code":"371"},{"vocabulary_code":"372"},{"vocabulary_code":"373"},{"vocabulary_code":"393"},{"vocabulary_code":"394"},{"vocabulary_code":"426"},{"vocabulary_code":"411"},{"vocabulary_code":"400"},{"vocabulary_code":"401"},{"vocabulary_code":"370"},{"vocabulary_code":"361"},{"vocabulary_code":"307"},{"vocabulary_code":"331"},{"vocabulary_code":"379"},{"vocabulary_code":"414"},{"vocabulary_code":"443"},{"vocabulary_code":"417"},{"vocabulary_code":"418"},{"vocabulary_code":"419"},{"vocabulary_code":"369"},{"vocabulary_code":"317"},{"vocabulary_code":"325"},{"vocabulary_code":"344"},{"vocabulary_code":"364"},{"vocabulary_code":"357"},{"vocabulary_code":"358"},{"vocabulary_code":"329"},{"vocabulary_code":"330"},{"vocabulary_code":"340"},{"vocabulary_code":"322"},{"vocabulary_code":"323"},{"vocabulary_code":"339"},{"vocabulary_code":"300"},{"vocabulary_code":"301"},{"vocabulary_code":"302"},{"vocabulary_code":"308"},{"vocabulary_code":"246"},{"vocabulary_code":"247"},{"vocabulary_code":"242"},{"vocabulary_code":"243"},{"vocabulary_code":"235"},{"vocabulary_code":"219"},{"vocabulary_code":"144"},{"vocabulary_code":"145"},{"vocabulary_code":"146"},{"vocabulary_code":"136"},{"vocabulary_code":"234"},{"vocabulary_code":"341"},{"vocabulary_code":"336"},{"vocabulary_code":"391"},{"vocabulary_code":"392"},{"vocabulary_code":"360"},{"vocabulary_code":"138"},{"vocabulary_code":"137"},{"vocabulary_code":"238"},{"vocabulary_code":"269"},{"vocabulary_code":"160"},{"vocabulary_code":"161"},{"vocabulary_code":"171"},{"vocabulary_code":"169"},{"vocabulary_code":"359"},{"vocabulary_code":"333"},{"vocabulary_code":"312"},{"vocabulary_code":"188"},{"vocabulary_code":"189"},{"vocabulary_code":"183"},{"vocabulary_code":"231"},{"vocabulary_code":"363"},{"vocabulary_code":"378"}]';
2019-06-20 17:32:17 EXEC SPC_COM_MENU '1';
2019-06-20 17:32:17 EXEC SPC_P003_LST3 '[{"vocabulary_code":"8"},{"vocabulary_code":"9"},{"vocabulary_code":"10"},{"vocabulary_code":"11"},{"vocabulary_code":"12"},{"vocabulary_code":"13"},{"vocabulary_code":"14"},{"vocabulary_code":"1"},{"vocabulary_code":"2"},{"vocabulary_code":"3"},{"vocabulary_code":"16"},{"vocabulary_code":"17"},{"vocabulary_code":"18"},{"vocabulary_code":"19"},{"vocabulary_code":"21"},{"vocabulary_code":"22"},{"vocabulary_code":"23"},{"vocabulary_code":"24"},{"vocabulary_code":"25"},{"vocabulary_code":"26"},{"vocabulary_code":"27"},{"vocabulary_code":"5"},{"vocabulary_code":"6"},{"vocabulary_code":"35"},{"vocabulary_code":"36"},{"vocabulary_code":"37"},{"vocabulary_code":"38"},{"vocabulary_code":"39"},{"vocabulary_code":"41"},{"vocabulary_code":"42"},{"vocabulary_code":"43"},{"vocabulary_code":"44"},{"vocabulary_code":"45"},{"vocabulary_code":"32"},{"vocabulary_code":"47"},{"vocabulary_code":"49"},{"vocabulary_code":"50"},{"vocabulary_code":"54"},{"vocabulary_code":"55"},{"vocabulary_code":"56"},{"vocabulary_code":"57"},{"vocabulary_code":"58"},{"vocabulary_code":"60"},{"vocabulary_code":"61"},{"vocabulary_code":"62"},{"vocabulary_code":"63"},{"vocabulary_code":"64"},{"vocabulary_code":"65"},{"vocabulary_code":"66"},{"vocabulary_code":"67"},{"vocabulary_code":"68"},{"vocabulary_code":"69"},{"vocabulary_code":"74"},{"vocabulary_code":"75"},{"vocabulary_code":"76"},{"vocabulary_code":"77"},{"vocabulary_code":"78"},{"vocabulary_code":"79"},{"vocabulary_code":"90"},{"vocabulary_code":"91"},{"vocabulary_code":"92"},{"vocabulary_code":"93"},{"vocabulary_code":"94"},{"vocabulary_code":"95"},{"vocabulary_code":"100"},{"vocabulary_code":"101"},{"vocabulary_code":"102"},{"vocabulary_code":"103"},{"vocabulary_code":"72"},{"vocabulary_code":"87"},{"vocabulary_code":"88"},{"vocabulary_code":"110"},{"vocabulary_code":"116"},{"vocabulary_code":"117"},{"vocabulary_code":"121"},{"vocabulary_code":"122"},{"vocabulary_code":"125"},{"vocabulary_code":"126"},{"vocabulary_code":"127"},{"vocabulary_code":"128"},{"vocabulary_code":"129"},{"vocabulary_code":"130"},{"vocabulary_code":"131"},{"vocabulary_code":"132"},{"vocabulary_code":"134"},{"vocabulary_code":"135"},{"vocabulary_code":"143"},{"vocabulary_code":"153"},{"vocabulary_code":"158"},{"vocabulary_code":"159"},{"vocabulary_code":"162"},{"vocabulary_code":"167"},{"vocabulary_code":"168"},{"vocabulary_code":"170"},{"vocabulary_code":"178"},{"vocabulary_code":"182"},{"vocabulary_code":"192"},{"vocabulary_code":"195"},{"vocabulary_code":"199"},{"vocabulary_code":"201"},{"vocabulary_code":"202"},{"vocabulary_code":"203"},{"vocabulary_code":"204"},{"vocabulary_code":"208"},{"vocabulary_code":"209"},{"vocabulary_code":"210"},{"vocabulary_code":"218"},{"vocabulary_code":"184"},{"vocabulary_code":"185"},{"vocabulary_code":"221"},{"vocabulary_code":"222"},{"vocabulary_code":"223"},{"vocabulary_code":"224"},{"vocabulary_code":"236"},{"vocabulary_code":"239"},{"vocabulary_code":"244"},{"vocabulary_code":"232"},{"vocabulary_code":"250"},{"vocabulary_code":"261"},{"vocabulary_code":"262"},{"vocabulary_code":"265"},{"vocabulary_code":"266"},{"vocabulary_code":"267"},{"vocabulary_code":"268"},{"vocabulary_code":"270"},{"vocabulary_code":"271"},{"vocabulary_code":"272"},{"vocabulary_code":"273"},{"vocabulary_code":"274"},{"vocabulary_code":"277"},{"vocabulary_code":"279"},{"vocabulary_code":"280"},{"vocabulary_code":"282"},{"vocabulary_code":"283"},{"vocabulary_code":"284"},{"vocabulary_code":"285"},{"vocabulary_code":"288"},{"vocabulary_code":"289"},{"vocabulary_code":"291"},{"vocabulary_code":"293"},{"vocabulary_code":"294"},{"vocabulary_code":"295"},{"vocabulary_code":"420"},{"vocabulary_code":"421"},{"vocabulary_code":"422"},{"vocabulary_code":"423"},{"vocabulary_code":"424"},{"vocabulary_code":"425"},{"vocabulary_code":"430"},{"vocabulary_code":"431"},{"vocabulary_code":"432"},{"vocabulary_code":"433"},{"vocabulary_code":"434"},{"vocabulary_code":"435"},{"vocabulary_code":"436"},{"vocabulary_code":"437"},{"vocabulary_code":"438"},{"vocabulary_code":"402"},{"vocabulary_code":"403"},{"vocabulary_code":"412"},{"vocabulary_code":"413"},{"vocabulary_code":"427"},{"vocabulary_code":"276"},{"vocabulary_code":"395"},{"vocabulary_code":"309"},{"vocabulary_code":"298"},{"vocabulary_code":"299"},{"vocabulary_code":"304"},{"vocabulary_code":"305"},{"vocabulary_code":"306"},{"vocabulary_code":"290"},{"vocabulary_code":"251"},{"vocabulary_code":"240"},{"vocabulary_code":"198"},{"vocabulary_code":"217"},{"vocabulary_code":"211"},{"vocabulary_code":"196"},{"vocabulary_code":"193"},{"vocabulary_code":"194"},{"vocabulary_code":"190"},{"vocabulary_code":"186"},{"vocabulary_code":"187"},{"vocabulary_code":"174"},{"vocabulary_code":"175"},{"vocabulary_code":"172"},{"vocabulary_code":"150"},{"vocabulary_code":"152"},{"vocabulary_code":"99"},{"vocabulary_code":"142"},{"vocabulary_code":"123"},{"vocabulary_code":"124"},{"vocabulary_code":"96"},{"vocabulary_code":"81"},{"vocabulary_code":"82"},{"vocabulary_code":"83"},{"vocabulary_code":"84"},{"vocabulary_code":"85"},{"vocabulary_code":"70"},{"vocabulary_code":"71"},{"vocabulary_code":"51"},{"vocabulary_code":"40"},{"vocabulary_code":"7"},{"vocabulary_code":"30"},{"vocabulary_code":"31"},{"vocabulary_code":"28"},{"vocabulary_code":"4"},{"vocabulary_code":"20"},{"vocabulary_code":"29"},{"vocabulary_code":"33"},{"vocabulary_code":"34"},{"vocabulary_code":"46"},{"vocabulary_code":"154"},{"vocabulary_code":"164"},{"vocabulary_code":"200"},{"vocabulary_code":"205"},{"vocabulary_code":"206"},{"vocabulary_code":"191"},{"vocabulary_code":"179"},{"vocabulary_code":"180"},{"vocabulary_code":"181"},{"vocabulary_code":"275"},{"vocabulary_code":"248"},{"vocabulary_code":"292"},{"vocabulary_code":"296"},{"vocabulary_code":"286"},{"vocabulary_code":"281"},{"vocabulary_code":"313"},{"vocabulary_code":"314"},{"vocabulary_code":"315"},{"vocabulary_code":"147"},{"vocabulary_code":"118"},{"vocabulary_code":"80"},{"vocabulary_code":"15"},{"vocabulary_code":"376"},{"vocabulary_code":"374"},{"vocabulary_code":"48"},{"vocabulary_code":"52"},{"vocabulary_code":"53"},{"vocabulary_code":"112"},{"vocabulary_code":"73"},{"vocabulary_code":"149"},{"vocabulary_code":"139"},{"vocabulary_code":"140"},{"vocabulary_code":"141"},{"vocabulary_code":"297"},{"vocabulary_code":"233"},{"vocabulary_code":"176"},{"vocabulary_code":"197"},{"vocabulary_code":"213"},{"vocabulary_code":"214"},{"vocabulary_code":"215"},{"vocabulary_code":"212"},{"vocabulary_code":"241"},{"vocabulary_code":"237"},{"vocabulary_code":"226"},{"vocabulary_code":"227"},{"vocabulary_code":"228"},{"vocabulary_code":"229"},{"vocabulary_code":"230"},{"vocabulary_code":"165"},{"vocabulary_code":"163"},{"vocabulary_code":"252"},{"vocabulary_code":"245"},{"vocabulary_code":"316"},{"vocabulary_code":"303"},{"vocabulary_code":"155"},{"vocabulary_code":"148"},{"vocabulary_code":"59"},{"vocabulary_code":"377"},{"vocabulary_code":"354"},{"vocabulary_code":"355"},{"vocabulary_code":"356"},{"vocabulary_code":"86"},{"vocabulary_code":"114"},{"vocabulary_code":"115"},{"vocabulary_code":"156"},{"vocabulary_code":"111"},{"vocabulary_code":"119"},{"vocabulary_code":"120"},{"vocabulary_code":"97"},{"vocabulary_code":"98"},{"vocabulary_code":"104"},{"vocabulary_code":"105"},{"vocabulary_code":"106"},{"vocabulary_code":"107"},{"vocabulary_code":"108"},{"vocabulary_code":"109"},{"vocabulary_code":"278"},{"vocabulary_code":"287"},{"vocabulary_code":"249"},{"vocabulary_code":"255"},{"vocabulary_code":"256"},{"vocabulary_code":"257"},{"vocabulary_code":"258"},{"vocabulary_code":"259"},{"vocabulary_code":"260"},{"vocabulary_code":"263"},{"vocabulary_code":"264"},{"vocabulary_code":"177"},{"vocabulary_code":"166"},{"vocabulary_code":"216"},{"vocabulary_code":"220"},{"vocabulary_code":"207"},{"vocabulary_code":"225"},{"vocabulary_code":"173"},{"vocabulary_code":"113"},{"vocabulary_code":"89"},{"vocabulary_code":"151"},{"vocabulary_code":"133"},{"vocabulary_code":"157"},{"vocabulary_code":"389"},{"vocabulary_code":"362"},{"vocabulary_code":"428"},{"vocabulary_code":"429"},{"vocabulary_code":"404"},{"vocabulary_code":"367"},{"vocabulary_code":"342"},{"vocabulary_code":"337"},{"vocabulary_code":"338"},{"vocabulary_code":"253"},{"vocabulary_code":"254"},{"vocabulary_code":"310"},{"vocabulary_code":"311"},{"vocabulary_code":"318"},{"vocabulary_code":"319"},{"vocabulary_code":"320"},{"vocabulary_code":"321"},{"vocabulary_code":"332"},{"vocabulary_code":"334"},{"vocabulary_code":"335"},{"vocabulary_code":"326"},{"vocabulary_code":"327"},{"vocabulary_code":"328"},{"vocabulary_code":"345"},{"vocabulary_code":"346"},{"vocabulary_code":"347"},{"vocabulary_code":"348"},{"vocabulary_code":"349"},{"vocabulary_code":"350"},{"vocabulary_code":"351"},{"vocabulary_code":"352"},{"vocabulary_code":"353"},{"vocabulary_code":"365"},{"vocabulary_code":"366"},{"vocabulary_code":"368"},{"vocabulary_code":"380"},{"vocabulary_code":"381"},{"vocabulary_code":"382"},{"vocabulary_code":"383"},{"vocabulary_code":"384"},{"vocabulary_code":"385"},{"vocabulary_code":"386"},{"vocabulary_code":"387"},{"vocabulary_code":"388"},{"vocabulary_code":"390"},{"vocabulary_code":"396"},{"vocabulary_code":"397"},{"vocabulary_code":"398"},{"vocabulary_code":"399"},{"vocabulary_code":"405"},{"vocabulary_code":"406"},{"vocabulary_code":"407"},{"vocabulary_code":"408"},{"vocabulary_code":"409"},{"vocabulary_code":"410"},{"vocabulary_code":"415"},{"vocabulary_code":"416"},{"vocabulary_code":"343"},{"vocabulary_code":"324"},{"vocabulary_code":"375"},{"vocabulary_code":"371"},{"vocabulary_code":"372"},{"vocabulary_code":"373"},{"vocabulary_code":"393"},{"vocabulary_code":"394"},{"vocabulary_code":"426"},{"vocabulary_code":"411"},{"vocabulary_code":"400"},{"vocabulary_code":"401"},{"vocabulary_code":"370"},{"vocabulary_code":"361"},{"vocabulary_code":"307"},{"vocabulary_code":"331"},{"vocabulary_code":"379"},{"vocabulary_code":"414"},{"vocabulary_code":"443"},{"vocabulary_code":"417"},{"vocabulary_code":"418"},{"vocabulary_code":"419"},{"vocabulary_code":"369"},{"vocabulary_code":"317"},{"vocabulary_code":"325"},{"vocabulary_code":"344"},{"vocabulary_code":"364"},{"vocabulary_code":"357"},{"vocabulary_code":"358"},{"vocabulary_code":"329"},{"vocabulary_code":"330"},{"vocabulary_code":"340"},{"vocabulary_code":"322"},{"vocabulary_code":"323"},{"vocabulary_code":"339"},{"vocabulary_code":"300"},{"vocabulary_code":"301"},{"vocabulary_code":"302"},{"vocabulary_code":"308"},{"vocabulary_code":"246"},{"vocabulary_code":"247"},{"vocabulary_code":"242"},{"vocabulary_code":"243"},{"vocabulary_code":"235"},{"vocabulary_code":"219"},{"vocabulary_code":"144"},{"vocabulary_code":"145"},{"vocabulary_code":"146"},{"vocabulary_code":"136"},{"vocabulary_code":"234"},{"vocabulary_code":"341"},{"vocabulary_code":"336"},{"vocabulary_code":"391"},{"vocabulary_code":"392"},{"vocabulary_code":"360"},{"vocabulary_code":"138"},{"vocabulary_code":"137"},{"vocabulary_code":"238"},{"vocabulary_code":"269"},{"vocabulary_code":"160"},{"vocabulary_code":"161"},{"vocabulary_code":"171"},{"vocabulary_code":"169"},{"vocabulary_code":"359"},{"vocabulary_code":"333"},{"vocabulary_code":"312"},{"vocabulary_code":"188"},{"vocabulary_code":"189"},{"vocabulary_code":"183"},{"vocabulary_code":"231"},{"vocabulary_code":"363"},{"vocabulary_code":"378"}]';
2019-06-20 17:32:41 EXEC SPC_COM_MENU '1';
2019-06-20 17:32:41 EXEC SPC_P003_LST3 '[{"vocabulary_code":"8"},{"vocabulary_code":"9"},{"vocabulary_code":"10"},{"vocabulary_code":"11"},{"vocabulary_code":"12"},{"vocabulary_code":"13"},{"vocabulary_code":"14"},{"vocabulary_code":"1"},{"vocabulary_code":"2"},{"vocabulary_code":"3"},{"vocabulary_code":"16"},{"vocabulary_code":"17"},{"vocabulary_code":"18"},{"vocabulary_code":"19"},{"vocabulary_code":"21"},{"vocabulary_code":"22"},{"vocabulary_code":"23"},{"vocabulary_code":"24"},{"vocabulary_code":"25"},{"vocabulary_code":"26"},{"vocabulary_code":"27"},{"vocabulary_code":"5"},{"vocabulary_code":"6"},{"vocabulary_code":"35"},{"vocabulary_code":"36"},{"vocabulary_code":"37"},{"vocabulary_code":"38"},{"vocabulary_code":"39"},{"vocabulary_code":"41"},{"vocabulary_code":"42"},{"vocabulary_code":"43"},{"vocabulary_code":"44"},{"vocabulary_code":"45"},{"vocabulary_code":"32"},{"vocabulary_code":"47"},{"vocabulary_code":"49"},{"vocabulary_code":"50"},{"vocabulary_code":"54"},{"vocabulary_code":"55"},{"vocabulary_code":"56"},{"vocabulary_code":"57"},{"vocabulary_code":"58"},{"vocabulary_code":"60"},{"vocabulary_code":"61"},{"vocabulary_code":"62"},{"vocabulary_code":"63"},{"vocabulary_code":"64"},{"vocabulary_code":"65"},{"vocabulary_code":"66"},{"vocabulary_code":"67"},{"vocabulary_code":"68"},{"vocabulary_code":"69"},{"vocabulary_code":"74"},{"vocabulary_code":"75"},{"vocabulary_code":"76"},{"vocabulary_code":"77"},{"vocabulary_code":"78"},{"vocabulary_code":"79"},{"vocabulary_code":"90"},{"vocabulary_code":"91"},{"vocabulary_code":"92"},{"vocabulary_code":"93"},{"vocabulary_code":"94"},{"vocabulary_code":"95"},{"vocabulary_code":"100"},{"vocabulary_code":"101"},{"vocabulary_code":"102"},{"vocabulary_code":"103"},{"vocabulary_code":"72"},{"vocabulary_code":"87"},{"vocabulary_code":"88"},{"vocabulary_code":"110"},{"vocabulary_code":"116"},{"vocabulary_code":"117"},{"vocabulary_code":"121"},{"vocabulary_code":"122"},{"vocabulary_code":"125"},{"vocabulary_code":"126"},{"vocabulary_code":"127"},{"vocabulary_code":"128"},{"vocabulary_code":"129"},{"vocabulary_code":"130"},{"vocabulary_code":"131"},{"vocabulary_code":"132"},{"vocabulary_code":"134"},{"vocabulary_code":"135"},{"vocabulary_code":"143"},{"vocabulary_code":"153"},{"vocabulary_code":"158"},{"vocabulary_code":"159"},{"vocabulary_code":"162"},{"vocabulary_code":"167"},{"vocabulary_code":"168"},{"vocabulary_code":"170"},{"vocabulary_code":"178"},{"vocabulary_code":"182"},{"vocabulary_code":"192"},{"vocabulary_code":"195"},{"vocabulary_code":"199"},{"vocabulary_code":"201"},{"vocabulary_code":"202"},{"vocabulary_code":"203"},{"vocabulary_code":"204"},{"vocabulary_code":"208"},{"vocabulary_code":"209"},{"vocabulary_code":"210"},{"vocabulary_code":"218"},{"vocabulary_code":"184"},{"vocabulary_code":"185"},{"vocabulary_code":"221"},{"vocabulary_code":"222"},{"vocabulary_code":"223"},{"vocabulary_code":"224"},{"vocabulary_code":"236"},{"vocabulary_code":"239"},{"vocabulary_code":"244"},{"vocabulary_code":"232"},{"vocabulary_code":"250"},{"vocabulary_code":"261"},{"vocabulary_code":"262"},{"vocabulary_code":"265"},{"vocabulary_code":"266"},{"vocabulary_code":"267"},{"vocabulary_code":"268"},{"vocabulary_code":"270"},{"vocabulary_code":"271"},{"vocabulary_code":"272"},{"vocabulary_code":"273"},{"vocabulary_code":"274"},{"vocabulary_code":"277"},{"vocabulary_code":"279"},{"vocabulary_code":"280"},{"vocabulary_code":"282"},{"vocabulary_code":"283"},{"vocabulary_code":"284"},{"vocabulary_code":"285"},{"vocabulary_code":"288"},{"vocabulary_code":"289"},{"vocabulary_code":"291"},{"vocabulary_code":"293"},{"vocabulary_code":"294"},{"vocabulary_code":"295"},{"vocabulary_code":"420"},{"vocabulary_code":"421"},{"vocabulary_code":"422"},{"vocabulary_code":"423"},{"vocabulary_code":"424"},{"vocabulary_code":"425"},{"vocabulary_code":"430"},{"vocabulary_code":"431"},{"vocabulary_code":"432"},{"vocabulary_code":"433"},{"vocabulary_code":"434"},{"vocabulary_code":"435"},{"vocabulary_code":"436"},{"vocabulary_code":"437"},{"vocabulary_code":"438"},{"vocabulary_code":"402"},{"vocabulary_code":"403"},{"vocabulary_code":"412"},{"vocabulary_code":"413"},{"vocabulary_code":"427"},{"vocabulary_code":"276"},{"vocabulary_code":"395"},{"vocabulary_code":"309"},{"vocabulary_code":"298"},{"vocabulary_code":"299"},{"vocabulary_code":"304"},{"vocabulary_code":"305"},{"vocabulary_code":"306"},{"vocabulary_code":"290"},{"vocabulary_code":"251"},{"vocabulary_code":"240"},{"vocabulary_code":"198"},{"vocabulary_code":"217"},{"vocabulary_code":"211"},{"vocabulary_code":"196"},{"vocabulary_code":"193"},{"vocabulary_code":"194"},{"vocabulary_code":"190"},{"vocabulary_code":"186"},{"vocabulary_code":"187"},{"vocabulary_code":"174"},{"vocabulary_code":"175"},{"vocabulary_code":"172"},{"vocabulary_code":"150"},{"vocabulary_code":"152"},{"vocabulary_code":"99"},{"vocabulary_code":"142"},{"vocabulary_code":"123"},{"vocabulary_code":"124"},{"vocabulary_code":"96"},{"vocabulary_code":"81"},{"vocabulary_code":"82"},{"vocabulary_code":"83"},{"vocabulary_code":"84"},{"vocabulary_code":"85"},{"vocabulary_code":"70"},{"vocabulary_code":"71"},{"vocabulary_code":"51"},{"vocabulary_code":"40"},{"vocabulary_code":"7"},{"vocabulary_code":"30"},{"vocabulary_code":"31"},{"vocabulary_code":"28"},{"vocabulary_code":"4"},{"vocabulary_code":"20"},{"vocabulary_code":"29"},{"vocabulary_code":"33"},{"vocabulary_code":"34"},{"vocabulary_code":"46"},{"vocabulary_code":"154"},{"vocabulary_code":"164"},{"vocabulary_code":"200"},{"vocabulary_code":"205"},{"vocabulary_code":"206"},{"vocabulary_code":"191"},{"vocabulary_code":"179"},{"vocabulary_code":"180"},{"vocabulary_code":"181"},{"vocabulary_code":"275"},{"vocabulary_code":"248"},{"vocabulary_code":"292"},{"vocabulary_code":"296"},{"vocabulary_code":"286"},{"vocabulary_code":"281"},{"vocabulary_code":"313"},{"vocabulary_code":"314"},{"vocabulary_code":"315"},{"vocabulary_code":"147"},{"vocabulary_code":"118"},{"vocabulary_code":"80"},{"vocabulary_code":"15"},{"vocabulary_code":"376"},{"vocabulary_code":"374"},{"vocabulary_code":"48"},{"vocabulary_code":"52"},{"vocabulary_code":"53"},{"vocabulary_code":"112"},{"vocabulary_code":"73"},{"vocabulary_code":"149"},{"vocabulary_code":"139"},{"vocabulary_code":"140"},{"vocabulary_code":"141"},{"vocabulary_code":"297"},{"vocabulary_code":"233"},{"vocabulary_code":"176"},{"vocabulary_code":"197"},{"vocabulary_code":"213"},{"vocabulary_code":"214"},{"vocabulary_code":"215"},{"vocabulary_code":"212"},{"vocabulary_code":"241"},{"vocabulary_code":"237"},{"vocabulary_code":"226"},{"vocabulary_code":"227"},{"vocabulary_code":"228"},{"vocabulary_code":"229"},{"vocabulary_code":"230"},{"vocabulary_code":"165"},{"vocabulary_code":"163"},{"vocabulary_code":"252"},{"vocabulary_code":"245"},{"vocabulary_code":"316"},{"vocabulary_code":"303"},{"vocabulary_code":"155"},{"vocabulary_code":"148"},{"vocabulary_code":"59"},{"vocabulary_code":"377"},{"vocabulary_code":"354"},{"vocabulary_code":"355"},{"vocabulary_code":"356"},{"vocabulary_code":"86"},{"vocabulary_code":"114"},{"vocabulary_code":"115"},{"vocabulary_code":"156"},{"vocabulary_code":"111"},{"vocabulary_code":"119"},{"vocabulary_code":"120"},{"vocabulary_code":"97"},{"vocabulary_code":"98"},{"vocabulary_code":"104"},{"vocabulary_code":"105"},{"vocabulary_code":"106"},{"vocabulary_code":"107"},{"vocabulary_code":"108"},{"vocabulary_code":"109"},{"vocabulary_code":"278"},{"vocabulary_code":"287"},{"vocabulary_code":"249"},{"vocabulary_code":"255"},{"vocabulary_code":"256"},{"vocabulary_code":"257"},{"vocabulary_code":"258"},{"vocabulary_code":"259"},{"vocabulary_code":"260"},{"vocabulary_code":"263"},{"vocabulary_code":"264"},{"vocabulary_code":"177"},{"vocabulary_code":"166"},{"vocabulary_code":"216"},{"vocabulary_code":"220"},{"vocabulary_code":"207"},{"vocabulary_code":"225"},{"vocabulary_code":"173"},{"vocabulary_code":"113"},{"vocabulary_code":"89"},{"vocabulary_code":"151"},{"vocabulary_code":"133"},{"vocabulary_code":"157"},{"vocabulary_code":"389"},{"vocabulary_code":"362"},{"vocabulary_code":"428"},{"vocabulary_code":"429"},{"vocabulary_code":"404"},{"vocabulary_code":"367"},{"vocabulary_code":"342"},{"vocabulary_code":"337"},{"vocabulary_code":"338"},{"vocabulary_code":"253"},{"vocabulary_code":"254"},{"vocabulary_code":"310"},{"vocabulary_code":"311"},{"vocabulary_code":"318"},{"vocabulary_code":"319"},{"vocabulary_code":"320"},{"vocabulary_code":"321"},{"vocabulary_code":"332"},{"vocabulary_code":"334"},{"vocabulary_code":"335"},{"vocabulary_code":"326"},{"vocabulary_code":"327"},{"vocabulary_code":"328"},{"vocabulary_code":"345"},{"vocabulary_code":"346"},{"vocabulary_code":"347"},{"vocabulary_code":"348"},{"vocabulary_code":"349"},{"vocabulary_code":"350"},{"vocabulary_code":"351"},{"vocabulary_code":"352"},{"vocabulary_code":"353"},{"vocabulary_code":"365"},{"vocabulary_code":"366"},{"vocabulary_code":"368"},{"vocabulary_code":"380"},{"vocabulary_code":"381"},{"vocabulary_code":"382"},{"vocabulary_code":"383"},{"vocabulary_code":"384"},{"vocabulary_code":"385"},{"vocabulary_code":"386"},{"vocabulary_code":"387"},{"vocabulary_code":"388"},{"vocabulary_code":"390"},{"vocabulary_code":"396"},{"vocabulary_code":"397"},{"vocabulary_code":"398"},{"vocabulary_code":"399"},{"vocabulary_code":"405"},{"vocabulary_code":"406"},{"vocabulary_code":"407"},{"vocabulary_code":"408"},{"vocabulary_code":"409"},{"vocabulary_code":"410"},{"vocabulary_code":"415"},{"vocabulary_code":"416"},{"vocabulary_code":"343"},{"vocabulary_code":"324"},{"vocabulary_code":"375"},{"vocabulary_code":"371"},{"vocabulary_code":"372"},{"vocabulary_code":"373"},{"vocabulary_code":"393"},{"vocabulary_code":"394"},{"vocabulary_code":"426"},{"vocabulary_code":"411"},{"vocabulary_code":"400"},{"vocabulary_code":"401"},{"vocabulary_code":"370"},{"vocabulary_code":"361"},{"vocabulary_code":"307"},{"vocabulary_code":"331"},{"vocabulary_code":"379"},{"vocabulary_code":"414"},{"vocabulary_code":"443"},{"vocabulary_code":"417"},{"vocabulary_code":"418"},{"vocabulary_code":"419"},{"vocabulary_code":"369"},{"vocabulary_code":"317"},{"vocabulary_code":"325"},{"vocabulary_code":"344"},{"vocabulary_code":"364"},{"vocabulary_code":"357"},{"vocabulary_code":"358"},{"vocabulary_code":"329"},{"vocabulary_code":"330"},{"vocabulary_code":"340"},{"vocabulary_code":"322"},{"vocabulary_code":"323"},{"vocabulary_code":"339"},{"vocabulary_code":"300"},{"vocabulary_code":"301"},{"vocabulary_code":"302"},{"vocabulary_code":"308"},{"vocabulary_code":"246"},{"vocabulary_code":"247"},{"vocabulary_code":"242"},{"vocabulary_code":"243"},{"vocabulary_code":"235"},{"vocabulary_code":"219"},{"vocabulary_code":"144"},{"vocabulary_code":"145"},{"vocabulary_code":"146"},{"vocabulary_code":"136"},{"vocabulary_code":"234"},{"vocabulary_code":"341"},{"vocabulary_code":"336"},{"vocabulary_code":"391"},{"vocabulary_code":"392"},{"vocabulary_code":"360"},{"vocabulary_code":"138"},{"vocabulary_code":"137"},{"vocabulary_code":"238"},{"vocabulary_code":"269"},{"vocabulary_code":"160"},{"vocabulary_code":"161"},{"vocabulary_code":"171"},{"vocabulary_code":"169"},{"vocabulary_code":"359"},{"vocabulary_code":"333"},{"vocabulary_code":"312"},{"vocabulary_code":"188"},{"vocabulary_code":"189"},{"vocabulary_code":"183"},{"vocabulary_code":"231"},{"vocabulary_code":"363"},{"vocabulary_code":"378"}]';
2019-06-20 17:33:17 EXEC SPC_COM_MENU '1';
2019-06-20 17:33:17 EXEC SPC_P003_INQ1
2019-06-20 17:33:18 EXEC SPC_COM_MENU '1';
2019-06-20 17:33:18 EXEC SPC_P003_LST2 '[]';
2019-06-20 17:33:27 EXEC SPC_COM_MENU '1';
2019-06-20 17:33:27 EXEC SPC_W002_LST2 '1';
2019-06-20 17:33:28 EXEC SPC_COM_PERMISSION '1','2','w002';
2019-06-20 17:33:28 EXEC SPC_COM_MENU '1';
2019-06-20 17:33:28 EXEC SPC_W002_FND1
2019-06-20 17:33:31 EXEC SPC_COM_MENU '1';
2019-06-20 17:33:31 EXEC SPC_W002_LST2 '1';
2019-06-20 17:33:32 EXEC SPC_COM_MENU '1';
2019-06-20 17:33:32 EXEC SPC_P003_INQ1
2019-06-20 17:33:33 EXEC SPC_COM_MENU '1';
2019-06-20 17:33:33 EXEC SPC_P003_LST2 '[]';
2019-06-20 17:44:02 EXEC SPC_COM_MENU '1';
2019-06-20 17:44:02 EXEC SPC_P003_INQ1
2019-06-20 17:44:02 EXEC SPC_COM_MENU '1';
2019-06-20 17:44:02 EXEC SPC_P003_LST2 '[]';
2019-06-20 17:44:04 EXEC SPC_COM_MENU '1';
2019-06-20 17:44:04 EXEC SPC_P003_LST1 '0','0','0','','','""','50','1';
2019-06-20 17:44:04 SQLSTATE[21S01]: [Microsoft][ODBC Driver 17 for SQL Server][SQL Server]列名または指定された値の数がテーブルの定義と一致しません。
2019-06-20 17:44:21 EXEC SPC_COM_MENU '1';
2019-06-20 17:44:21 EXEC SPC_P003_LST1 '0','0','0','','','""','50','1';
2019-06-20 17:44:21 SQLSTATE[21S01]: [Microsoft][ODBC Driver 17 for SQL Server][SQL Server]列名または指定された値の数がテーブルの定義と一致しません。
2019-06-20 17:45:21 EXEC SPC_COM_MENU '1';
2019-06-20 17:45:21 EXEC SPC_P003_LST1 '0','0','0','','','""','50','1';
2019-06-20 17:45:27 EXEC SPC_COM_MENU '1';
2019-06-20 17:45:27 EXEC SPC_P003_LST1 '0','0','0','','','""','50','1';
2019-06-20 17:45:57 EXEC SPC_COM_MENU '1';
2019-06-20 17:45:57 EXEC SPC_P003_LST1 '0','0','0','','','""','50','1';
2019-06-20 17:46:24 EXEC SPC_COM_MENU '1';
2019-06-20 17:46:24 EXEC SPC_P003_LST1 '0','0','0','','','""','50','1';
2019-06-20 17:46:25 EXEC SPC_COM_MENU '1';
2019-06-20 17:46:25 EXEC SPC_P003_LST1 '0','0','0','','','""','50','1';
2019-06-20 17:46:41 EXEC SPC_COM_MENU '1';
2019-06-20 17:46:41 EXEC SPC_P003_LST1 '0','0','0','','','""','50','1';
2019-06-20 17:46:45 EXEC SPC_COM_MENU '1';
2019-06-20 17:46:45 EXEC SPC_P003_LST1 '0','0','0','','','""','50','1';
2019-06-20 17:46:45 SQLSTATE[42000]: [Microsoft][ODBC Driver 17 for SQL Server][SQL Server]JSON テキストは適切に書式設定されていません。想定外の文字 '"' が位置 0 で見つかりました。
2019-06-20 17:46:52 EXEC SPC_COM_MENU '1';
2019-06-20 17:46:52 EXEC SPC_P003_LST1 '0','0','0','','','""','50','1';
2019-06-20 17:46:52 SQLSTATE[42000]: [Microsoft][ODBC Driver 17 for SQL Server][SQL Server]JSON テキストは適切に書式設定されていません。想定外の文字 '"' が位置 0 で見つかりました。
2019-06-20 17:49:13 EXEC SPC_COM_MENU '1';
2019-06-20 17:49:13 EXEC SPC_P003_LST1 '0','0','0','','','""','50','1';
