2019-02-25 14:09:09 EXEC SPC_COM_DATA '','','';
2019-02-25 14:14:17 EXEC SPC_COM_DATA '','','';
2019-02-25 14:14:18 EXEC SPC_COM_DATA '','','';
2019-02-25 14:14:20 EXEC SPC_COM_DATA '','','';
2019-02-25 14:14:20 EXEC SPC_REGISTER_LST1
2019-02-25 14:14:35 EXEC SPC_COM_DATA '','','';
2019-02-25 14:14:36 EXEC SPC_COM_DATA '','','';
2019-02-25 14:14:36 EXEC SPC_COM_DATA '','','';
2019-02-25 14:14:36 EXEC SPC_REGISTER_LST1
2019-02-25 14:14:47 EXEC SPC_COM_DATA '','','';
2019-02-25 14:38:35 EXEC SPC_COM_DATA '','','';
2019-02-25 14:38:35 EXEC SPC_REGISTER_LST1
2019-02-25 14:45:31 EXEC SPC_COM_DATA '','','';
2019-02-25 14:45:31 EXEC SPC_LISTENING_LST1 '','','','';
2019-02-25 14:45:32 EXEC SPC_COM_DATA '','','';
2019-02-25 14:45:32 EXEC SPC_LISTENING_LST2 '8','8','';
2019-02-25 14:45:33 EXEC SPC_COM_DATA '','','';
2019-02-25 14:45:33 EXEC SPC_WRITING_LST1 '','','8','8';
2019-02-25 14:45:34 EXEC SPC_COM_DATA '','','';
2019-02-25 14:45:34 EXEC SPC_COMMON_GET_SUGGEST
2019-02-25 14:45:34 EXEC SPC_COM_DATA '','','';
2019-02-25 14:45:34 EXEC SPC_WRITING_LST2 '9','10','';
2019-02-25 14:45:39 EXEC SPC_COMMON_ACCOUNT '2','1';
2019-02-25 14:45:40 EXEC SPC_COM_DATA 'khoai','2','1';
2019-02-25 14:45:40 EXEC SPC_WRITING_LST1 '7','khoai','9','10';
2019-02-25 14:45:40 EXEC SPC_COM_DATA 'khoai','2','1';
2019-02-25 14:45:40 EXEC SPC_COMMON_GET_SUGGEST
2019-02-25 14:45:40 EXEC SPC_COM_DATA 'khoai','2','1';
2019-02-25 14:45:40 EXEC SPC_WRITING_LST2 '9','10','khoai';
2019-02-25 14:45:47 EXEC SPC_COM_DATA 'khoai','2','1';
2019-02-25 14:45:47 EXEC SPC_DISCUSS_LST1 '','khoai';
2019-02-25 14:45:47 EXEC SPC_COM_DATA 'khoai','2','1';
2019-02-25 14:45:47 EXEC SPC_DISCUSS_LST2 '','1','','khoai';
2019-02-25 14:45:52 EXEC SPC_COM_DATA 'khoai','2','1';
2019-02-25 14:45:54 EXEC SPC_COM_DATA 'khoai','2','1';
2019-02-25 14:45:54 EXEC SPC_DISCUSS_ACT2 '2054','khoai','::1';
2019-02-25 14:46:11 EXEC SPC_COM_DATA 'khoai','2','1';
2019-02-25 14:46:11 EXEC SPC_DISCUSS_LST1 '2054','khoai';
2019-02-25 14:46:12 EXEC SPC_COM_DATA 'khoai','2','1';
2019-02-25 14:46:12 EXEC SPC_DISCUSS_LST2 '2054','1','','khoai';
2019-02-25 14:46:15 EXEC SPC_COM_DATA 'khoai','2','1';
2019-02-25 14:46:19 EXEC SPC_COM_DATA 'khoai','2','1';
2019-02-25 14:46:19 EXEC SPC_DISCUSS_ACT2 '2054','khoai','::1';
2019-02-25 14:46:24 EXEC SPC_COM_DATA 'khoai','2','1';
2019-02-25 14:47:01 EXEC SPC_COM_DATA 'khoai','2','1';
2019-02-25 14:47:20 EXEC SPC_COM_DATA 'khoai','2','1';
2019-02-25 14:47:40 EXEC SPC_COM_DATA 'khoai','2','1';
2019-02-25 14:47:40 EXEC SPC_RELAX_LST1 '','khoai';
2019-02-25 14:47:41 EXEC SPC_COM_DATA 'khoai','2','1';
2019-02-25 14:47:41 EXEC SPC_RELAX_LST2 '','1','1','1','0','','khoai';
2019-02-25 14:47:45 EXEC SPC_COM_DATA 'khoai','2','1';
2019-02-25 14:47:47 EXEC SPC_COM_DATA 'khoai','2','1';
2019-02-25 14:47:47 EXEC SPC_RELAX_ACT2 '2053','khoai','::1';
2019-02-25 14:48:24 EXEC SPC_COM_DATA 'khoai','2','1';
2019-02-25 14:48:36 EXEC SPC_COM_DATA 'khoai','2','1';
2019-02-25 14:48:37 EXEC SPC_COM_DATA 'khoai','2','1';
2019-02-25 14:48:37 EXEC SPC_TRANSLATION_LST1 '','khoai';
2019-02-25 14:49:09 EXEC SPC_COM_DATA 'khoai','2','1';
2019-02-25 14:49:17 EXEC SPC_COM_DATA 'khoai','2','1';
2019-02-25 14:49:17 EXEC SPC_WRITING_LST1 '','khoai','9','10';
2019-02-25 14:49:18 EXEC SPC_COM_DATA 'khoai','2','1';
2019-02-25 14:49:18 EXEC SPC_COMMON_GET_SUGGEST
2019-02-25 14:49:18 EXEC SPC_COM_DATA 'khoai','2','1';
2019-02-25 14:49:18 EXEC SPC_WRITING_LST2 '9','10','khoai';
2019-02-25 14:49:40 EXEC SPC_COM_DATA 'khoai','2','1';
2019-02-25 14:49:40 EXEC SPC_LISTENING_LST1 '','khoai','9','10';
2019-02-25 14:49:40 EXEC SPC_COM_DATA 'khoai','2','1';
2019-02-25 14:49:40 EXEC SPC_LISTENING_LST2 '8','8','khoai';
2019-02-25 14:49:45 EXEC SPC_COM_DATA 'khoai','2','1';
2019-02-25 14:49:45 EXEC SPC_SOCIAL_LST1 '','khoai';
2019-02-25 14:49:46 EXEC SPC_COM_DATA 'khoai','2','1';
2019-02-25 14:49:46 EXEC SPC_SOCIAL_LST2 '','1','','khoai';
2019-02-25 14:49:51 EXEC SPC_COM_DATA 'khoai','2','1';
2019-02-25 14:49:51 EXEC SPC_SOCIAL_ACT2 '18','khoai','::1';
2019-02-25 14:52:46 EXEC SPC_COM_DATA '','','';
2019-02-25 14:52:46 EXEC SPC_SOCIAL_LST1 '18','';
2019-02-25 14:52:47 EXEC SPC_COM_DATA '','','';
2019-02-25 14:52:47 EXEC SPC_SOCIAL_LST2 '18','1','','';
2019-02-25 14:52:48 EXEC SPC_COM_DATA '','','';
2019-02-25 14:52:49 EXEC SPC_COM_DATA '','','';
2019-02-25 14:52:50 EXEC SPC_COM_DATA '','','';
2019-02-25 14:52:50 EXEC SPC_REGISTER_LST1
2019-02-25 14:53:29 EXEC SPC_COM_DATA '','','';
2019-02-25 14:54:15 EXEC SPC_COM_DATA '','','';
2019-02-25 14:54:15 EXEC SPC_REGISTER_LST1
2019-02-25 14:54:51 EXEC SPC_COM_DATA '','','';
2019-02-25 14:54:51 EXEC SPC_REGISTER_LST1
2019-02-25 14:55:14 EXEC SPC_COM_DATA '','','';
2019-02-25 14:55:14 EXEC SPC_REGISTER_LST1
2019-02-25 14:55:45 EXEC SPC_COM_DATA '','','';
2019-02-25 14:55:45 EXEC SPC_REGISTER_LST1
2019-02-25 14:59:58 EXEC SPC_COM_DATA '','','';
2019-02-25 14:59:58 EXEC SPC_REGISTER_LST1
2019-02-25 15:00:08 EXEC SPC_COM_DATA '','','';
2019-02-25 15:00:08 EXEC SPC_REGISTER_LST1
2019-02-25 15:00:11 EXEC SPC_COM_DATA '','','';
2019-02-25 15:00:11 EXEC SPC_REGISTER_LST1
2019-02-25 15:00:16 EXEC SPC_COM_DATA '','','';
2019-02-25 15:00:16 EXEC SPC_REGISTER_LST1
2019-02-25 15:00:19 EXEC SPC_COM_DATA '','','';
2019-02-25 15:00:19 EXEC SPC_REGISTER_LST1
2019-02-25 15:00:25 EXEC SPC_COM_DATA '','','';
2019-02-25 15:00:25 EXEC SPC_COM_DATA '','','';
2019-02-25 15:00:26 EXEC SPC_COM_DATA '','','';
2019-02-25 15:00:26 EXEC SPC_REGISTER_LST1
2019-02-25 15:02:42 EXEC SPC_COM_DATA '','','';
2019-02-25 15:02:42 EXEC SPC_REGISTER_LST1
2019-02-25 15:03:02 EXEC SPC_COM_DATA '','','';
2019-02-25 15:14:16 EXEC SPC_COM_DATA '','','';
2019-02-25 15:14:16 EXEC SPC_REGISTER_LST1
2019-02-25 15:14:21 EXEC SPC_COM_DATA '','','';
2019-02-25 15:14:21 EXEC SPC_COM_DATA '','','';
2019-02-25 15:14:52 EXEC SPC_COM_DATA '','','';
2019-02-25 15:14:57 EXEC SPC_COM_DATA '','','';
2019-02-25 15:14:57 EXEC SPC_REGISTER_LST1
2019-02-25 15:15:00 EXEC SPC_COM_DATA '','','';
2019-02-25 15:15:01 EXEC SPC_COM_DATA '','','';
2019-02-25 15:15:24 EXEC SPC_COM_DATA '','','';
2019-02-25 15:15:29 EXEC SPC_COM_DATA '','','';
2019-02-25 15:15:29 EXEC SPC_REGISTER_LST1
2019-02-25 15:15:32 EXEC SPC_COM_DATA '','','';
2019-02-25 15:15:32 EXEC SPC_COM_DATA '','','';
2019-02-25 15:15:33 EXEC SPC_COM_DATA '','','';
2019-02-25 15:15:33 EXEC SPC_REGISTER_LST1
2019-02-25 15:15:50 EXEC SPC_COM_DATA '','','';
2019-02-25 15:15:51 EXEC SPC_COM_DATA '','','';
2019-02-25 15:17:11 EXEC SPC_COM_DATA '','','';
2019-02-25 15:17:11 EXEC SPC_REGISTER_LST1
2019-02-25 15:27:10 EXEC SPC_COM_DATA '','','';
2019-02-25 15:27:10 EXEC SPC_REGISTER_LST1
2019-02-25 15:27:13 EXEC SPC_COM_DATA '','','';
2019-02-25 15:27:13 EXEC SPC_COM_DATA '','','';
2019-02-25 15:27:14 EXEC SPC_COM_DATA '','','';
2019-02-25 15:27:14 EXEC SPC_REGISTER_LST1
2019-02-25 15:51:26 EXEC SPC_COM_DATA '','','';
2019-02-25 15:51:26 EXEC SPC_REGISTER_LST1
2019-02-25 15:51:29 EXEC SPC_COM_DATA '','','';
2019-02-25 15:51:29 EXEC SPC_COM_DATA '','','';
2019-02-25 15:53:26 EXEC SPC_COM_DATA '','','';
2019-02-25 15:53:26 EXEC SPC_REGISTER_LST1
2019-02-25 15:53:27 EXEC SPC_COM_DATA '','','';
2019-02-25 15:53:28 EXEC SPC_COM_DATA '','','';
2019-02-25 15:54:15 EXEC SPC_COM_DATA '','','';
2019-02-25 15:54:15 EXEC SPC_REGISTER_LST1
2019-02-25 15:54:17 EXEC SPC_COM_DATA '','','';
2019-02-25 15:54:18 EXEC SPC_COM_DATA '','','';
2019-02-25 15:55:11 EXEC SPC_COM_DATA '','','';
2019-02-25 15:55:13 EXEC SPC_COM_DATA '','','';
2019-02-25 15:55:13 EXEC SPC_REGISTER_LST1
2019-02-25 15:55:15 EXEC SPC_COM_DATA '','','';
2019-02-25 15:55:16 EXEC SPC_COM_DATA '','','';
2019-02-25 15:56:39 EXEC SPC_COM_DATA '','','';
2019-02-25 15:56:39 EXEC SPC_REGISTER_LST1
2019-02-25 15:56:41 EXEC SPC_COM_DATA '','','';
2019-02-25 15:56:42 EXEC SPC_COM_DATA '','','';
2019-02-25 16:00:39 EXEC SPC_COM_DATA '','','';
2019-02-25 16:00:39 EXEC SPC_REGISTER_LST1
2019-02-25 16:00:41 EXEC SPC_COM_DATA '','','';
2019-02-25 16:00:42 EXEC SPC_COM_DATA '','','';
2019-02-25 16:07:43 EXEC SPC_COM_DATA '','','';
2019-02-25 16:07:43 EXEC SPC_REGISTER_LST1
2019-02-25 16:07:45 EXEC SPC_COM_DATA '','','';
2019-02-25 16:07:46 EXEC SPC_COM_DATA '','','';
2019-02-25 16:09:59 EXEC SPC_COM_DATA '','','';
2019-02-25 16:09:59 EXEC SPC_REGISTER_LST1
2019-02-25 16:10:09 EXEC SPC_COM_DATA '','','';
2019-02-25 16:10:09 EXEC SPC_REGISTER_LST1
2019-02-25 16:10:30 EXEC SPC_COM_DATA '','','';
2019-02-25 16:10:31 EXEC SPC_COM_DATA '','','';
2019-02-25 16:12:33 EXEC SPC_COM_DATA '','','';
2019-02-25 16:12:33 EXEC SPC_REGISTER_LST1
2019-02-25 16:12:36 EXEC SPC_COM_DATA '','','';
2019-02-25 16:12:36 EXEC SPC_COM_DATA '','','';
2019-02-25 16:13:42 EXEC SPC_COM_DATA '','','';
2019-02-25 16:13:42 EXEC SPC_REGISTER_LST1
2019-02-25 16:13:44 EXEC SPC_COM_DATA '','','';
2019-02-25 16:13:46 EXEC SPC_COM_DATA '','','';
2019-02-25 16:14:00 EXEC SPC_COM_DATA '','','';
2019-02-25 16:14:00 EXEC SPC_REGISTER_LST1
2019-02-25 16:14:03 EXEC SPC_COM_DATA '','','';
2019-02-25 16:14:03 EXEC SPC_COM_DATA '','','';
2019-02-25 16:20:04 EXEC SPC_COM_DATA '','','';
2019-02-25 16:20:16 EXEC SPC_COM_DATA '','','';
2019-02-25 16:20:16 EXEC SPC_REGISTER_LST1
2019-02-25 16:20:25 EXEC SPC_COM_DATA '','','';
2019-02-25 16:20:26 EXEC SPC_COM_DATA '','','';
2019-02-25 16:20:27 EXEC SPC_COM_DATA '','','';
2019-02-25 16:20:27 EXEC SPC_REGISTER_LST1
2019-02-25 16:21:17 EXEC SPC_COM_DATA '','','';
2019-02-25 16:21:49 EXEC SPC_COM_DATA '','','';
2019-02-25 16:21:49 EXEC SPC_REGISTER_LST1
2019-02-25 16:22:53 EXEC SPC_COM_DATA '','','';
2019-02-25 16:23:43 EXEC SPC_COM_DATA '','','';
2019-02-25 16:23:57 EXEC SPC_COM_DATA '','','';
2019-02-25 16:25:29 EXEC SPC_COM_DATA '','','';
2019-02-25 16:25:45 EXEC SPC_COM_DATA '','','';
2019-02-25 16:25:45 EXEC SPC_REGISTER_LST1
2019-02-25 16:33:38 EXEC SPC_COM_DATA '','','';
2019-02-25 16:33:38 EXEC SPC_REGISTER_LST1
2019-02-25 16:33:46 EXEC SPC_COM_DATA '','','';
2019-02-25 16:33:47 EXEC SPC_COM_DATA '','','';
2019-02-25 16:33:47 EXEC SPC_COM_DATA '','','';
2019-02-25 16:33:47 EXEC SPC_REGISTER_LST1
2019-02-25 16:34:01 EXEC SPC_COM_DATA '','','';
2019-02-25 16:34:01 EXEC SPC_REGISTER_LST1
2019-02-25 16:34:26 EXEC SPC_COM_DATA '','','';
2019-02-25 16:34:26 EXEC SPC_REGISTER_LST1
2019-02-25 16:34:36 EXEC SPC_COM_DATA '','','';
2019-02-25 16:34:37 EXEC SPC_COM_DATA '','','';
2019-02-25 16:34:38 EXEC SPC_COM_DATA '','','';
2019-02-25 16:34:38 EXEC SPC_REGISTER_LST1
2019-02-25 16:38:20 EXEC SPC_COM_DATA '','','';
2019-02-25 16:38:21 EXEC SPC_COM_DATA '','','';
2019-02-25 16:38:23 EXEC SPC_COM_DATA '','','';
2019-02-25 16:38:23 EXEC SPC_REGISTER_LST1
2019-02-25 16:38:31 EXEC SPC_COM_DATA '','','';
2019-02-25 16:38:31 EXEC SPC_REGISTER_LST1
2019-02-25 16:47:48 EXEC SPC_COMMON_ACCOUNT '1','2';
2019-02-25 16:47:49 EXEC SPC_COM_DATA 'ndq809','1','2';
2019-02-25 16:47:49 EXEC SPC_COM_MENU '1';
2019-02-25 16:47:55 EXEC SPC_COM_PERMISSION '1','2','g001';
2019-02-25 16:47:55 EXEC SPC_COM_MENU '1';
2019-02-25 16:48:01 EXEC SPC_COM_PERMISSION '1','2','m003';
2019-02-25 16:48:01 EXEC SPC_COM_MENU '1';
2019-02-25 16:48:01 EXEC SPC_M003_FND1
2019-02-25 17:07:36 EXEC SPC_COM_DATA '','','';
2019-02-25 17:07:36 EXEC SPC_REGISTER_LST1
2019-02-25 17:07:47 EXEC SPC_COM_DATA '','','';
2019-02-25 17:07:54 EXEC SPC_COM_DATA '','','';
2019-02-25 17:08:29 EXEC SPC_COM_DATA '','','';
2019-02-25 17:08:29 EXEC SPC_REGISTER_LST1
2019-02-25 17:08:39 EXEC SPC_COM_DATA '','','';
2019-02-25 17:11:28 EXEC SPC_COM_DATA '','','';
2019-02-25 17:11:51 EXEC SPC_COM_DATA '','','';
2019-02-25 17:12:19 EXEC SPC_COM_DATA '','','';
2019-02-25 17:13:20 EXEC SPC_COM_DATA '','','';
2019-02-25 17:13:20 EXEC SPC_REGISTER_LST1
2019-02-25 17:13:23 EXEC SPC_COM_DATA '','','';
2019-02-25 17:14:13 EXEC SPC_COM_DATA '','','';
2019-02-25 17:14:13 EXEC SPC_REGISTER_LST1
2019-02-25 17:14:15 EXEC SPC_COM_DATA '','','';
2019-02-25 17:14:57 EXEC SPC_COM_DATA '','','';
2019-02-25 17:16:11 EXEC SPC_COM_DATA '','','';
2019-02-25 17:16:11 EXEC SPC_REGISTER_LST1
2019-02-25 17:16:16 EXEC SPC_COM_DATA '','','';
2019-02-25 17:16:44 EXEC SPC_COM_DATA '','','';
2019-02-25 17:16:44 EXEC SPC_REGISTER_LST1
2019-02-25 17:16:46 EXEC SPC_COM_DATA '','','';
2019-02-25 17:16:54 EXEC SPC_COM_DATA '','','';
2019-02-25 17:17:04 EXEC SPC_COM_DATA '','','';
