2019-02-08 05:20:03 EXEC SPC_COM_DATA '','','';
2019-02-08 05:20:09 EXEC SPC_COM_DATA '','','';
2019-02-08 05:20:09 EXEC SPC_VOCABULARY_LST1 '','','','';
2019-02-08 05:20:09 EXEC SPC_COM_DATA '','','';
2019-02-08 05:20:09 EXEC SPC_VOCABULARY_LST2 '2','1','';
2019-02-08 05:20:13 EXEC SPC_COM_DATA '','','';
2019-02-08 05:20:13 EXEC SPC_VOCABULARY_LST1 '','','2','1';
2019-02-08 05:20:16 EXEC SPC_COM_DATA '','','';
2019-02-08 05:20:16 EXEC SPC_VOCABULARY_LST2 '2','1','';
2019-02-08 05:20:19 EXEC SPC_COM_DATA '','','';
2019-02-08 05:20:19 EXEC SPC_GRAMMAR_LST1 '','','2','1';
2019-02-08 05:20:20 EXEC SPC_COM_DATA '','','';
2019-02-08 05:20:20 EXEC SPC_GRAMMAR_LST2 '6','6','';
2019-02-08 05:20:29 EXEC SPC_COM_DATA '','','';
2019-02-08 05:20:29 EXEC SPC_GRAMMAR_LST2 '6','7','';
2019-02-08 05:20:40 EXEC SPC_COM_DATA '','','';
2019-02-08 05:20:40 EXEC SPC_GRAMMAR_LST1 '','','6','7';
2019-02-08 05:20:42 EXEC SPC_COM_DATA '','','';
2019-02-08 05:20:42 EXEC SPC_GRAMMAR_LST2 '6','6','';
2019-02-08 05:31:49 EXEC SPC_COM_DATA '','','';
2019-02-08 05:31:49 EXEC SPC_GRAMMAR_LST1 '','','6','6';
2019-02-08 05:31:53 EXEC SPC_COM_DATA '','','';
2019-02-08 05:31:53 EXEC SPC_GRAMMAR_LST2 '6','6','';
2019-02-08 05:32:08 EXEC SPC_COM_DATA '','','';
2019-02-08 05:32:08 EXEC SPC_GRAMMAR_LST1 '','','6','6';
2019-02-08 05:32:11 EXEC SPC_COM_DATA '','','';
2019-02-08 05:32:11 EXEC SPC_GRAMMAR_LST2 '6','6','';
2019-02-08 05:33:06 EXEC SPC_COM_DATA '','','';
2019-02-08 05:33:06 EXEC SPC_GRAMMAR_LST2 '6','7','';
2019-02-08 05:33:11 EXEC SPC_COM_DATA '','','';
2019-02-08 05:33:11 EXEC SPC_GRAMMAR_LST2 '6','6','';
2019-02-08 05:33:19 EXEC SPC_COM_DATA '','','';
2019-02-08 05:33:19 EXEC SPC_VOCABULARY_LST1 '','','6','6';
2019-02-08 05:33:20 EXEC SPC_COM_DATA '','','';
2019-02-08 05:33:20 EXEC SPC_VOCABULARY_LST2 '2','1','';
2019-02-08 05:33:22 EXEC SPC_COM_DATA '','','';
2019-02-08 05:33:22 EXEC SPC_VOCABULARY_LST2 '2','3','';
2019-02-08 05:33:27 EXEC SPC_COM_DATA '','','';
2019-02-08 05:33:27 EXEC SPC_VOCABULARY_LST2 '2','1','';
2019-02-08 05:33:30 EXEC SPC_COM_DATA '','','';
2019-02-08 05:33:30 EXEC SPC_VOCABULARY_LST2 '3','5','';
2019-02-08 05:33:35 EXEC SPC_COM_DATA '','','';
2019-02-08 05:33:35 EXEC SPC_VOCABULARY_LST2 '2','1','';
2019-02-08 05:33:37 EXEC SPC_COM_DATA '','','';
2019-02-08 05:33:37 EXEC SPC_VOCABULARY_LST2 '2','3','';
2019-02-08 05:33:44 EXEC SPC_COM_DATA '','','';
2019-02-08 05:33:44 EXEC SPC_VOCABULARY_LST2 '3','5','';
2019-02-08 05:34:08 EXEC SPC_COM_DATA '','','';
2019-02-08 05:34:08 EXEC SPC_VOCABULARY_LST2 '2','1','';
2019-02-08 05:35:46 EXEC SPC_COM_DATA '','','';
2019-02-08 05:35:46 EXEC SPC_VOCABULARY_LST1 '','','2','1';
2019-02-08 05:35:46 EXEC SPC_COM_DATA '','','';
2019-02-08 05:35:46 EXEC SPC_VOCABULARY_LST2 '2','1','';
2019-02-08 05:35:52 EXEC SPC_COM_DATA '','','';
2019-02-08 05:36:01 EXEC SPC_COM_DATA '','','';
2019-02-08 05:36:01 EXEC SPC_VOCABULARY_LST2 '3','1','';
2019-02-08 05:37:03 EXEC SPC_COM_DATA '','','';
2019-02-08 05:37:03 EXEC SPC_VOCABULARY_LST2 '2','1','';
2019-02-08 05:37:06 EXEC SPC_COM_DATA '','','';
2019-02-08 05:42:39 EXEC SPC_COM_DATA '','','';
2019-02-08 05:42:39 EXEC SPC_VOCABULARY_LST1 '3','','2','1';
2019-02-08 05:42:40 EXEC SPC_COM_DATA '','','';
2019-02-08 05:42:40 EXEC SPC_VOCABULARY_LST2 '2','1','';
2019-02-08 05:42:41 EXEC SPC_COM_DATA '','','';
2019-02-08 05:42:41 EXEC SPC_VOCABULARY_LST1 '','','2','1';
2019-02-08 05:42:41 EXEC SPC_COM_DATA '','','';
2019-02-08 05:42:41 EXEC SPC_VOCABULARY_LST2 '2','1','';
2019-02-08 05:42:54 EXEC SPC_COM_DATA '','','';
2019-02-08 05:42:54 EXEC SPC_GRAMMAR_LST1 '','','2','1';
2019-02-08 05:42:54 EXEC SPC_COM_DATA '','','';
2019-02-08 05:42:54 EXEC SPC_GRAMMAR_LST2 '6','7','';
2019-02-08 05:43:02 EXEC SPC_COM_DATA '','','';
2019-02-08 05:43:02 EXEC SPC_LISTENING_LST1 '','','6','7';
2019-02-08 05:43:03 EXEC SPC_COM_DATA '','','';
2019-02-08 05:43:03 EXEC SPC_LISTENING_LST2 '8','8','';
2019-02-08 05:43:08 EXEC SPC_COM_DATA '','','';
2019-02-08 05:43:08 EXEC SPC_WRITING_LST1 '','','8','8';
2019-02-08 05:43:09 EXEC SPC_COM_DATA '','','';
2019-02-08 05:43:09 EXEC SPC_COMMON_GET_SUGGEST
2019-02-08 05:43:09 EXEC SPC_COM_DATA '','','';
2019-02-08 05:43:09 EXEC SPC_WRITING_LST2 '9','10','';
2019-02-08 05:43:14 EXEC SPC_COM_DATA '','','';
2019-02-08 05:43:14 EXEC SPC_WRITING_LST2 '10','13','';
2019-02-08 05:43:56 EXEC SPC_COM_DATA '','','';
2019-02-08 05:43:56 EXEC SPC_WRITING_LST1 '7','','10','13';
2019-02-08 05:43:57 EXEC SPC_COM_DATA '','','';
2019-02-08 05:43:57 EXEC SPC_COMMON_GET_SUGGEST
2019-02-08 05:43:57 EXEC SPC_COM_DATA '','','';
2019-02-08 05:43:57 EXEC SPC_WRITING_LST2 '9','10','';
2019-02-08 05:44:01 EXEC SPC_COM_DATA '','','';
2019-02-08 05:44:01 EXEC SPC_WRITING_LST2 '10','13','';
2019-02-08 05:44:40 EXEC SPC_COM_DATA '','','';
2019-02-08 05:44:40 EXEC SPC_WRITING_LST1 '','','10','13';
2019-02-08 05:44:40 EXEC SPC_COM_DATA '','','';
2019-02-08 05:44:40 EXEC SPC_COMMON_GET_SUGGEST
2019-02-08 05:44:41 EXEC SPC_COM_DATA '','','';
2019-02-08 05:44:41 EXEC SPC_WRITING_LST2 '9','10','';
2019-02-08 05:44:45 EXEC SPC_COM_DATA '','','';
2019-02-08 05:44:45 EXEC SPC_WRITING_LST2 '10','13','';
2019-02-08 05:45:07 EXEC SPC_COMMON_ACCOUNT '1','2';
2019-02-08 05:45:08 EXEC SPC_COM_PERMISSION '1','2','g001';
2019-02-08 05:45:08 EXEC SPC_COM_MENU '1';
2019-02-08 05:45:11 EXEC SPC_COM_PERMISSION '1','2','w001';
2019-02-08 05:45:11 EXEC SPC_COM_MENU '1';
2019-02-08 05:45:11 EXEC SPC_COM_M999_INQ1 '7';
2019-02-08 05:45:14 EXEC SPC_COM_MENU '1';
2019-02-08 05:45:14 EXEC SPC_COMMON_CATALORUE '4';
2019-02-08 05:45:16 EXEC SPC_COM_MENU '1';
2019-02-08 05:45:16 EXEC SPC_COMMON_GROUP '10';
2019-02-08 05:45:18 EXEC SPC_COM_MENU '1';
2019-02-08 05:45:18 EXEC SPC_w001_LST1 '4','10','13','','10','1';
2019-02-08 05:45:24 EXEC SPC_COM_MENU '1';
2019-02-08 05:45:24 EXEC SPC_COM_M999_INQ1 '8';
2019-02-08 05:45:25 EXEC SPC_COM_MENU '1';
2019-02-08 05:45:25 EXEC SPC_p004_LST1 '15';
2019-02-08 05:45:58 EXEC SPC_COMMON_ACCOUNT '2','1';
2019-02-08 05:45:59 EXEC SPC_COM_DATA 'khoai','2','1';
2019-02-08 05:45:59 EXEC SPC_WRITING_LST1 '7','khoai','10','13';
2019-02-08 05:45:59 EXEC SPC_COM_DATA 'khoai','2','1';
2019-02-08 05:45:59 EXEC SPC_COMMON_GET_SUGGEST
2019-02-08 05:46:00 EXEC SPC_COM_DATA 'khoai','2','1';
2019-02-08 05:46:00 EXEC SPC_WRITING_LST2 '9','10','khoai';
2019-02-08 05:46:07 EXEC SPC_COM_DATA 'khoai','2','1';
2019-02-08 05:46:07 EXEC SPC_WRITING_LST2 '10','13','khoai';
2019-02-08 05:46:55 EXEC SPC_COM_DATA 'khoai','2','1';
2019-02-08 05:46:55 EXEC SPC_WRITING_LST1 '','khoai','10','13';
2019-02-08 05:46:56 EXEC SPC_COM_DATA 'khoai','2','1';
2019-02-08 05:46:56 EXEC SPC_COMMON_GET_SUGGEST
2019-02-08 05:46:56 EXEC SPC_COM_DATA 'khoai','2','1';
2019-02-08 05:46:56 EXEC SPC_WRITING_LST2 '9','10','khoai';
2019-02-08 05:47:00 EXEC SPC_COM_DATA 'khoai','2','1';
2019-02-08 05:47:00 EXEC SPC_WRITING_LST2 '10','13','khoai';
2019-02-08 05:51:17 EXEC SPC_COM_DATA 'khoai','2','1';
2019-02-08 05:51:17 EXEC SPC_WRITING_LST1 '','khoai','10','13';
2019-02-08 05:51:18 EXEC SPC_COM_DATA 'khoai','2','1';
2019-02-08 05:51:18 EXEC SPC_COMMON_GET_SUGGEST
2019-02-08 05:51:18 EXEC SPC_COM_DATA 'khoai','2','1';
2019-02-08 05:51:18 EXEC SPC_WRITING_LST2 '9','10','khoai';
2019-02-08 05:51:28 EXEC SPC_COM_DATA 'khoai','2','1';
2019-02-08 05:51:28 EXEC SPC_WRITING_LST1 '','khoai','9','10';
2019-02-08 05:51:29 EXEC SPC_COM_DATA 'khoai','2','1';
2019-02-08 05:51:29 EXEC SPC_COMMON_GET_SUGGEST
2019-02-08 05:51:29 EXEC SPC_COM_DATA 'khoai','2','1';
2019-02-08 05:51:29 EXEC SPC_WRITING_LST2 '9','10','khoai';
2019-02-08 05:51:49 EXEC SPC_COM_DATA 'khoai','2','1';
2019-02-08 05:51:49 EXEC SPC_VOCABULARY_LST1 '','khoai','9','10';
2019-02-08 05:51:50 EXEC SPC_COM_DATA 'khoai','2','1';
2019-02-08 05:51:50 EXEC SPC_VOCABULARY_LST2 '2','1','khoai';
2019-02-08 05:51:55 EXEC SPC_COM_DATA 'khoai','2','1';
2019-02-08 05:51:55 EXEC SPC_GRAMMAR_LST1 '','khoai','2','1';
2019-02-08 05:51:56 EXEC SPC_COM_DATA 'khoai','2','1';
2019-02-08 05:51:56 EXEC SPC_GRAMMAR_LST2 '6','7','khoai';
2019-02-08 05:52:00 EXEC SPC_COM_DATA 'khoai','2','1';
2019-02-08 05:52:00 EXEC SPC_LISTENING_LST1 '','khoai','6','7';
2019-02-08 05:52:01 EXEC SPC_COM_DATA 'khoai','2','1';
2019-02-08 05:52:01 EXEC SPC_LISTENING_LST2 '8','8','khoai';
2019-02-08 05:52:04 EXEC SPC_COM_DATA 'khoai','2','1';
2019-02-08 05:52:04 EXEC SPC_WRITING_LST1 '','khoai','8','8';
2019-02-08 05:52:05 EXEC SPC_COM_DATA 'khoai','2','1';
2019-02-08 05:52:05 EXEC SPC_COMMON_GET_SUGGEST
2019-02-08 05:52:05 EXEC SPC_COM_DATA 'khoai','2','1';
2019-02-08 05:52:05 EXEC SPC_WRITING_LST2 '9','10','khoai';
2019-02-08 05:52:06 EXEC SPC_COM_DATA 'khoai','2','1';
2019-02-08 05:52:06 EXEC SPC_READING_LST1 '','khoai','9','10';
2019-02-08 05:52:07 EXEC SPC_COM_DATA 'khoai','2','1';
2019-02-08 05:52:07 EXEC SPC_READING_LST2 '12','14','khoai';
2019-02-08 05:52:12 EXEC SPC_COM_DATA 'khoai','2','1';
2019-02-08 05:52:12 EXEC SPC_SOCIAL_LST1 '','khoai';
2019-02-08 05:52:12 EXEC SPC_COM_DATA 'khoai','2','1';
2019-02-08 05:52:12 EXEC SPC_SOCIAL_LST2 '','1','','khoai';
2019-02-08 05:52:14 EXEC SPC_COM_DATA 'khoai','2','1';
2019-02-08 05:52:14 EXEC SPC_DISCUSS_LST1 '','khoai';
2019-02-08 05:52:15 EXEC SPC_COM_DATA 'khoai','2','1';
2019-02-08 05:52:15 EXEC SPC_DISCUSS_LST2 '','1','','khoai';
2019-02-08 05:52:18 EXEC SPC_COM_DATA 'khoai','2','1';
2019-02-08 05:52:18 EXEC SPC_SOCIAL_LST1 '','khoai';
2019-02-08 05:52:18 EXEC SPC_COM_DATA 'khoai','2','1';
2019-02-08 05:52:18 EXEC SPC_SOCIAL_LST2 '','1','','khoai';
2019-02-08 05:52:19 EXEC SPC_COM_DATA 'khoai','2','1';
2019-02-08 05:52:19 EXEC SPC_READING_LST1 '','khoai','12','14';
2019-02-08 05:52:20 EXEC SPC_COM_DATA 'khoai','2','1';
2019-02-08 05:52:20 EXEC SPC_READING_LST2 '12','14','khoai';
2019-02-08 05:52:28 EXEC SPC_COM_MENU '1';
2019-02-08 05:52:28 EXEC SPC_COMMON_CATALORUE '1';
2019-02-08 05:52:35 EXEC SPC_COM_MENU '1';
2019-02-08 05:52:35 EXEC SPC_COMMON_GROUP '10';
2019-02-08 05:52:49 EXEC SPC_COM_MENU '1';
2019-02-08 05:52:49 EXEC SPC_w001_LST1 '1','','','','10','1';
2019-02-08 05:52:56 EXEC SPC_COM_PERMISSION '1','2','w002';
2019-02-08 05:52:56 EXEC SPC_COM_MENU '1';
2019-02-08 05:52:56 EXEC SPC_W002_FND1
2019-02-08 05:53:02 EXEC SPC_COM_MENU '1';
2019-02-08 05:53:02 EXEC SPC_W002_LST2 '1';
2019-02-08 05:53:09 EXEC SPC_COM_MENU '1';
2019-02-08 05:53:09 EXEC SPC_COMMON_GROUP '3';
2019-02-08 05:53:13 EXEC SPC_COM_MENU '1';
2019-02-08 05:53:13 EXEC SPC_COM_M999_INQ1 '8';
2019-02-08 05:53:14 EXEC SPC_COM_MENU '1';
2019-02-08 05:53:14 EXEC SPC_p003_LST2 '';
2019-02-08 05:53:16 EXEC SPC_COM_MENU '1';
2019-02-08 05:53:16 EXEC SPC_p003_LST1 '0','','','','50','1';
2019-02-08 05:53:26 EXEC SPC_COM_MENU '1';
2019-02-08 05:53:26 EXEC SPC_p003_LST3 '<row vocabulary_code="3" /><row vocabulary_code="5" /><row vocabulary_code="6" /><row vocabulary_code="8" /><row vocabulary_code="4" /><row vocabulary_code="9" />';
2019-02-08 05:53:29 EXEC SPC_COM_MENU '1';
2019-02-08 05:53:29 EXEC SPC_w002_ACT1 '','1','3','5','','','','','','0','<row row_id="0" vocabulary_code="3" vocabulary_div="Danh từ" vocabulary_nm="kingdom" spelling="kingdum" mean="vương quốc" explain="the way to call a country in history" /><row row_id="1" vocabulary_code="5" vocabulary_div="Danh từ" vocabulary_nm="valuable" spelling="ˈvæl.jə.bəl" mean="quý giá" explain="" /><row row_id="2" vocabulary_code="6" vocabulary_div="Động từ" vocabulary_nm="abuse" spelling="əˈbjuːz" mean="sự lạm dụng, lăng mạ, sỉ nhục, ngược đãi" explain="" /><row row_id="3" vocabulary_code="8" vocabulary_div="Danh từ" vocabulary_nm="data" spelling="deta" mean="Dữ liệu" explain="dữ lieu nhiều voãi ra" /><row row_id="4" vocabulary_code="4" vocabulary_div="Trạng từ" vocabulary_nm="goal" spelling="ɡəul" mean="vào" explain="when the bool into the lưới" /><row row_id="5" vocabulary_code="9" vocabulary_div="Danh từ" vocabulary_nm="no image" spelling="ˈvæl.jə.bəl" mean="demacia" explain="" />','','','ndq809','127.0.0.1';
2019-02-08 05:53:31 EXEC SPC_COM_MENU '1';
2019-02-08 05:53:31 EXEC SPC_W002_LST1 '2049';
2019-02-08 05:53:31 EXEC SPC_COM_MENU '1';
2019-02-08 05:53:31 EXEC SPC_W002_LST2 '1';
2019-02-08 05:53:31 EXEC SPC_COM_MENU '1';
2019-02-08 05:53:31 EXEC SPC_COMMON_GROUP '3';
2019-02-08 05:53:37 EXEC SPC_COM_DATA 'khoai','2','1';
2019-02-08 05:53:37 EXEC SPC_VOCABULARY_LST1 '','khoai','12','14';
2019-02-08 05:53:38 EXEC SPC_COM_DATA 'khoai','2','1';
2019-02-08 05:53:38 EXEC SPC_VOCABULARY_LST2 '2','1','khoai';
2019-02-08 05:53:41 EXEC SPC_COM_DATA 'khoai','2','1';
2019-02-08 05:53:41 EXEC SPC_VOCABULARY_LST2 '3','5','khoai';
2019-02-08 05:54:54 EXEC SPC_COM_DATA 'khoai','2','1';
2019-02-08 05:54:54 EXEC SPC_VOCABULARY_LST1 '','khoai','3','5';
2019-02-08 05:54:55 EXEC SPC_COM_DATA 'khoai','2','1';
2019-02-08 05:54:55 EXEC SPC_VOCABULARY_LST2 '2','1','khoai';
2019-02-08 05:54:57 EXEC SPC_COM_DATA 'khoai','2','1';
2019-02-08 05:54:57 EXEC SPC_VOCABULARY_LST2 '3','5','khoai';
2019-02-08 05:56:30 EXEC SPC_COM_DATA 'khoai','2','1';
2019-02-08 05:56:30 EXEC SPC_VOCABULARY_LST1 '','khoai','3','5';
2019-02-08 05:56:31 EXEC SPC_COM_DATA 'khoai','2','1';
2019-02-08 05:56:31 EXEC SPC_VOCABULARY_LST2 '2','1','khoai';
2019-02-08 05:56:34 EXEC SPC_COM_DATA 'khoai','2','1';
2019-02-08 05:56:34 EXEC SPC_VOCABULARY_LST2 '3','5','khoai';
2019-02-08 06:02:27 EXEC SPC_COM_DATA 'khoai','2','1';
2019-02-08 06:02:27 EXEC SPC_GRAMMAR_LST1 '','khoai','3','5';
2019-02-08 06:02:28 EXEC SPC_COM_DATA 'khoai','2','1';
2019-02-08 06:02:28 EXEC SPC_GRAMMAR_LST2 '6','7','khoai';
2019-02-08 06:02:29 EXEC SPC_COM_DATA 'khoai','2','1';
2019-02-08 06:02:29 EXEC SPC_LISTENING_LST1 '','khoai','6','7';
2019-02-08 06:02:30 EXEC SPC_COM_DATA 'khoai','2','1';
2019-02-08 06:02:30 EXEC SPC_LISTENING_LST2 '8','8','khoai';
2019-02-08 06:04:34 EXEC SPC_COM_DATA 'khoai','2','1';
2019-02-08 06:04:34 EXEC SPC_LISTENING_LST1 '','khoai','8','8';
2019-02-08 06:04:34 EXEC SPC_COM_DATA 'khoai','2','1';
2019-02-08 06:04:34 EXEC SPC_LISTENING_LST2 '8','8','khoai';
2019-02-08 06:04:37 EXEC SPC_COM_DATA 'khoai','2','1';
2019-02-08 06:04:37 EXEC SPC_GRAMMAR_LST1 '','khoai','8','8';
2019-02-08 06:04:37 EXEC SPC_COM_DATA 'khoai','2','1';
2019-02-08 06:04:37 EXEC SPC_GRAMMAR_LST2 '6','7','khoai';
2019-02-08 06:04:41 EXEC SPC_COM_DATA 'khoai','2','1';
2019-02-08 06:04:41 EXEC SPC_VOCABULARY_LST1 '','khoai','6','7';
2019-02-08 06:04:42 EXEC SPC_COM_DATA 'khoai','2','1';
2019-02-08 06:04:42 EXEC SPC_VOCABULARY_LST2 '2','1','khoai';
2019-02-08 06:04:43 EXEC SPC_COM_DATA 'khoai','2','1';
2019-02-08 06:04:43 EXEC SPC_VOCABULARY_LST2 '3','5','khoai';
2019-02-08 06:07:57 EXEC SPC_COM_DATA 'khoai','2','1';
2019-02-08 06:07:57 EXEC SPC_GRAMMAR_LST1 '','khoai','3','5';
2019-02-08 06:07:58 EXEC SPC_COM_DATA 'khoai','2','1';
2019-02-08 06:07:58 EXEC SPC_GRAMMAR_LST2 '6','7','khoai';
2019-02-08 06:08:42 EXEC SPC_COM_DATA 'khoai','2','1';
2019-02-08 06:08:42 EXEC SPC_GRAMMAR_LST1 '2','khoai','6','7';
2019-02-08 06:08:42 EXEC SPC_COM_DATA 'khoai','2','1';
2019-02-08 06:08:42 EXEC SPC_GRAMMAR_LST2 '6','7','khoai';
2019-02-08 06:08:46 EXEC SPC_COM_DATA 'khoai','2','1';
2019-02-08 06:08:46 EXEC SPC_COM_REMEMBER '2','3','2','3','khoai','127.0.0.1';
2019-02-08 06:08:59 EXEC SPC_COM_PERMISSION '1','2','w001';
2019-02-08 06:08:59 EXEC SPC_COM_MENU '1';
2019-02-08 06:08:59 EXEC SPC_COM_M999_INQ1 '7';
2019-02-08 06:09:04 EXEC SPC_COM_MENU '1';
2019-02-08 06:09:04 EXEC SPC_COMMON_CATALORUE '2';
2019-02-08 06:09:05 EXEC SPC_COM_MENU '1';
2019-02-08 06:09:05 EXEC SPC_w001_LST1 '2','','','','10','1';
2019-02-08 06:09:07 EXEC SPC_COM_MENU '1';
2019-02-08 06:09:07 EXEC SPC_COM_M999_INQ1 '8';
2019-02-08 06:09:08 EXEC SPC_COM_MENU '1';
2019-02-08 06:09:08 EXEC SPC_p004_LST1 '3';
2019-02-08 06:09:10 EXEC SPC_COM_MENU '1';
2019-02-08 06:09:10 EXEC SPC_w002_ACT2 '3','ndq809','127.0.0.1';
2019-02-08 06:09:11 EXEC SPC_COM_MENU '1';
2019-02-08 06:09:11 EXEC SPC_w001_LST1 '2','','','','10','1';
2019-02-08 06:09:15 EXEC SPC_COM_DATA 'khoai','2','1';
2019-02-08 06:09:15 EXEC SPC_GRAMMAR_LST1 '3','khoai','6','7';
2019-02-08 06:09:15 EXEC SPC_COM_DATA 'khoai','2','1';
2019-02-08 06:09:15 EXEC SPC_GRAMMAR_LST2 '6','7','khoai';
2019-02-08 06:09:25 EXEC SPC_COM_DATA 'khoai','2','1';
2019-02-08 06:09:25 EXEC SPC_GRAMMAR_LST1 '','khoai','6','7';
2019-02-08 06:09:27 EXEC SPC_COM_DATA 'khoai','2','1';
2019-02-08 06:09:27 EXEC SPC_GRAMMAR_LST2 '6','7','khoai';
2019-02-08 06:11:46 EXEC SPC_COM_DATA 'khoai','2','1';
2019-02-08 06:11:46 EXEC SPC_GRAMMAR_LST2 '6','6','khoai';
2019-02-08 06:11:51 EXEC SPC_COM_DATA 'khoai','2','1';
2019-02-08 06:11:51 EXEC SPC_GRAMMAR_LST1 '2','khoai','6','6';
2019-02-08 06:11:52 EXEC SPC_COM_DATA 'khoai','2','1';
2019-02-08 06:11:52 EXEC SPC_GRAMMAR_LST2 '6','7','khoai';
2019-02-08 06:11:54 EXEC SPC_COM_DATA 'khoai','2','1';
2019-02-08 06:11:54 EXEC SPC_GRAMMAR_LST2 '6','6','khoai';
2019-02-08 06:12:17 EXEC SPC_COM_DATA 'khoai','2','1';
2019-02-08 06:12:17 EXEC SPC_GRAMMAR_LST1 '2','khoai','6','6';
2019-02-08 06:12:18 EXEC SPC_COM_DATA 'khoai','2','1';
2019-02-08 06:12:18 EXEC SPC_GRAMMAR_LST2 '6','7','khoai';
2019-02-08 06:12:20 EXEC SPC_COM_DATA 'khoai','2','1';
2019-02-08 06:12:20 EXEC SPC_GRAMMAR_LST2 '6','6','khoai';
2019-02-08 06:12:27 EXEC SPC_COM_DATA 'khoai','2','1';
2019-02-08 06:12:27 EXEC SPC_GRAMMAR_LST1 '2','khoai','6','6';
2019-02-08 06:12:27 EXEC SPC_COM_DATA 'khoai','2','1';
2019-02-08 06:12:27 EXEC SPC_GRAMMAR_LST2 '6','7','khoai';
2019-02-08 06:12:39 EXEC SPC_COM_DATA 'khoai','2','1';
2019-02-08 06:12:39 EXEC SPC_GRAMMAR_LST2 '6','6','khoai';
2019-02-08 06:12:41 EXEC SPC_COM_DATA 'khoai','2','1';
2019-02-08 06:12:41 EXEC SPC_COM_QUESTION_LIST '2';
2019-02-08 06:12:47 EXEC SPC_COM_DATA 'khoai','2','1';
2019-02-08 06:12:47 EXEC SPC_GRAMMAR_LST2 '6','7','khoai';
2019-02-08 06:12:49 EXEC SPC_COM_DATA 'khoai','2','1';
2019-02-08 06:12:49 EXEC SPC_GRAMMAR_LST2 '6','6','khoai';
2019-02-08 06:12:51 EXEC SPC_COM_DATA 'khoai','2','1';
2019-02-08 06:12:51 EXEC SPC_GRAMMAR_LST2 '6','7','khoai';
2019-02-08 06:12:53 EXEC SPC_COM_DATA 'khoai','2','1';
2019-02-08 06:12:53 EXEC SPC_GRAMMAR_LST2 '6','6','khoai';
2019-02-08 06:13:15 EXEC SPC_COM_DATA 'khoai','2','1';
2019-02-08 06:13:15 EXEC SPC_GRAMMAR_LST1 '2','khoai','6','6';
2019-02-08 06:13:15 EXEC SPC_COM_DATA 'khoai','2','1';
2019-02-08 06:13:15 EXEC SPC_GRAMMAR_LST2 '6','7','khoai';
2019-02-08 06:13:53 EXEC SPC_COM_DATA 'khoai','2','1';
2019-02-08 06:13:53 EXEC SPC_GRAMMAR_LST1 '','khoai','6','7';
2019-02-08 06:13:54 EXEC SPC_COM_DATA 'khoai','2','1';
2019-02-08 06:13:54 EXEC SPC_GRAMMAR_LST2 '6','7','khoai';
2019-02-08 06:19:15 EXEC SPC_COM_DATA 'khoai','2','1';
2019-02-08 06:19:15 EXEC SPC_LISTENING_LST1 '','khoai','6','7';
2019-02-08 06:19:15 EXEC SPC_COM_DATA 'khoai','2','1';
2019-02-08 06:19:15 EXEC SPC_LISTENING_LST2 '8','8','khoai';
2019-02-08 06:19:27 EXEC SPC_COM_DATA 'khoai','2','1';
2019-02-08 06:19:27 EXEC SPC_WRITING_LST1 '','khoai','8','8';
2019-02-08 06:19:27 EXEC SPC_COM_DATA 'khoai','2','1';
2019-02-08 06:19:27 EXEC SPC_COMMON_GET_SUGGEST
2019-02-08 06:19:28 EXEC SPC_COM_DATA 'khoai','2','1';
2019-02-08 06:19:28 EXEC SPC_WRITING_LST2 '9','10','khoai';
2019-02-08 06:19:33 EXEC SPC_COM_DATA 'khoai','2','1';
2019-02-08 06:19:33 EXEC SPC_READING_LST1 '','khoai','9','10';
2019-02-08 06:19:33 EXEC SPC_COM_DATA 'khoai','2','1';
2019-02-08 06:19:33 EXEC SPC_READING_LST2 '12','14','khoai';
2019-02-08 06:19:52 EXEC SPC_COM_DATA 'khoai','2','1';
2019-02-08 06:19:52 EXEC SPC_COM_TOGGLE_EFFECT '1','10032','3','3','1','khoai','127.0.0.1';
2019-02-08 06:19:52 EXEC SPC_COM_DATA 'khoai','2','1';
2019-02-08 06:19:52 EXEC SPC_COM_TOGGLE_EFFECT '1','10032','3','3','0','khoai','127.0.0.1';
2019-02-08 06:19:55 EXEC SPC_COM_DATA 'khoai','2','1';
2019-02-08 06:19:55 EXEC SPC_READING_LST1 '','khoai','12','14';
2019-02-08 06:19:55 EXEC SPC_COM_DATA 'khoai','2','1';
2019-02-08 06:19:55 EXEC SPC_READING_LST2 '12','14','khoai';
2019-02-08 06:19:56 EXEC SPC_COM_DATA 'khoai','2','1';
2019-02-08 06:19:56 EXEC SPC_SOCIAL_LST1 '','khoai';
2019-02-08 06:19:57 EXEC SPC_COM_DATA 'khoai','2','1';
2019-02-08 06:19:57 EXEC SPC_SOCIAL_LST2 '','1','','khoai';
2019-02-08 06:20:00 EXEC SPC_COM_DATA 'khoai','2','1';
2019-02-08 06:20:00 EXEC SPC_DISCUSS_LST1 '','khoai';
2019-02-08 06:20:01 EXEC SPC_COM_DATA 'khoai','2','1';
2019-02-08 06:20:01 EXEC SPC_DISCUSS_LST2 '','1','','khoai';
2019-02-08 06:20:02 EXEC SPC_COM_DATA 'khoai','2','1';
2019-02-08 06:20:02 EXEC SPC_RELAX_LST1 '','khoai';
2019-02-08 06:20:03 EXEC SPC_COM_DATA 'khoai','2','1';
2019-02-08 06:20:03 EXEC SPC_RELAX_LST2 '','1','1','1','0','','khoai';
2019-02-08 06:20:05 EXEC SPC_COM_DATA 'khoai','2','1';
2019-02-08 06:20:05 EXEC SPC_DICTIONARY_LST1 '','khoai';
2019-02-08 06:20:06 EXEC SPC_COM_DATA 'khoai','2','1';
2019-02-08 06:20:06 EXEC SPC_DISCUSS_LST1 '','khoai';
2019-02-08 06:20:07 EXEC SPC_COM_DATA 'khoai','2','1';
2019-02-08 06:20:07 EXEC SPC_DISCUSS_LST2 '','1','','khoai';
2019-02-08 06:20:12 EXEC SPC_COM_DATA 'khoai','2','1';
2019-02-08 06:20:12 EXEC SPC_DISCUSS_ACT2 '1059','khoai','127.0.0.1';
2019-02-08 06:21:00 EXEC SPC_COM_DATA 'khoai','2','1';
2019-02-08 06:21:00 EXEC SPC_GRAMMAR_LST1 '','khoai','12','14';
2019-02-08 06:21:01 EXEC SPC_COM_DATA 'khoai','2','1';
2019-02-08 06:21:01 EXEC SPC_GRAMMAR_LST2 '6','7','khoai';
2019-02-08 06:21:28 EXEC SPC_COM_DATA 'khoai','2','1';
2019-02-08 06:21:28 EXEC SPC_GRAMMAR_LST1 '','khoai','6','7';
2019-02-08 06:21:33 EXEC SPC_COM_DATA 'khoai','2','1';
2019-02-08 06:21:33 EXEC SPC_GRAMMAR_LST2 '6','7','khoai';
2019-02-08 06:21:50 EXEC SPC_COM_DATA 'khoai','2','1';
2019-02-08 06:21:50 EXEC SPC_COM_FORGET '2','3','3','khoai';
2019-02-08 06:21:55 EXEC SPC_COM_DATA 'khoai','2','1';
2019-02-08 06:21:55 EXEC SPC_LISTENING_LST1 '','khoai','6','7';
2019-02-08 06:21:55 EXEC SPC_COM_DATA 'khoai','2','1';
2019-02-08 06:21:55 EXEC SPC_LISTENING_LST2 '8','8','khoai';
2019-02-08 06:29:44 EXEC SPC_COM_DATA 'khoai','2','1';
2019-02-08 06:29:44 EXEC SPC_LISTENING_LST1 '','khoai','8','8';
2019-02-08 06:29:44 EXEC SPC_COM_DATA 'khoai','2','1';
2019-02-08 06:29:44 EXEC SPC_VOCABULARY_LST2 '8','8','khoai';
2019-02-08 06:30:53 EXEC SPC_COM_DATA 'khoai','2','1';
2019-02-08 06:30:53 EXEC SPC_LISTENING_LST1 '','khoai','8','8';
2019-02-08 06:30:53 EXEC SPC_COM_DATA 'khoai','2','1';
2019-02-08 06:30:53 EXEC SPC_LISTENING_LST2 '8','8','khoai';
2019-02-08 06:31:01 EXEC SPC_COM_DATA 'khoai','2','1';
2019-02-08 06:31:01 EXEC SPC_LISTENING_LST1 '','khoai','8','8';
2019-02-08 06:31:02 EXEC SPC_COM_DATA 'khoai','2','1';
2019-02-08 06:31:02 EXEC SPC_LISTENING_LST2 '8','8','khoai';
2019-02-08 06:31:06 EXEC SPC_COM_DATA 'khoai','2','1';
2019-02-08 06:31:06 EXEC SPC_LISTENING_LST1 '','khoai','8','8';
2019-02-08 06:31:06 EXEC SPC_COM_DATA 'khoai','2','1';
2019-02-08 06:31:06 EXEC SPC_LISTENING_LST2 '8','8','khoai';
2019-02-08 06:31:16 EXEC SPC_COM_DATA 'khoai','2','1';
2019-02-08 06:31:16 EXEC SPC_LISTENING_LST1 '22','khoai','8','8';
2019-02-08 06:31:17 EXEC SPC_COM_DATA 'khoai','2','1';
2019-02-08 06:31:17 EXEC SPC_LISTENING_LST2 '8','8','khoai';
2019-02-08 06:46:09 EXEC SPC_COM_DATA 'khoai','2','1';
2019-02-08 06:46:09 EXEC SPC_LISTENING_LST1 '','khoai','8','8';
2019-02-08 06:46:10 EXEC SPC_COM_DATA 'khoai','2','1';
2019-02-08 06:46:10 EXEC SPC_LISTENING_LST2 '8','8','khoai';
2019-02-08 06:47:29 EXEC SPC_COM_DATA 'khoai','2','1';
2019-02-08 06:47:29 EXEC SPC_LISTENING_LST1 '','khoai','8','8';
2019-02-08 06:48:00 EXEC SPC_COM_DATA 'khoai','2','1';
2019-02-08 06:48:00 EXEC SPC_LISTENING_LST1 '','khoai','8','8';
2019-02-08 06:48:02 EXEC SPC_COM_DATA 'khoai','2','1';
2019-02-08 06:48:02 EXEC SPC_LISTENING_LST2 '8','8','khoai';
2019-02-08 06:48:53 EXEC SPC_COM_DATA 'khoai','2','1';
2019-02-08 06:48:53 EXEC SPC_COM_REMEMBER '3','3','2','23','khoai','127.0.0.1';
2019-02-08 06:48:57 EXEC SPC_COM_DATA 'khoai','2','1';
2019-02-08 06:48:57 EXEC SPC_LISTENING_LST1 '23','khoai','8','8';
2019-02-08 06:48:58 EXEC SPC_COM_DATA 'khoai','2','1';
2019-02-08 06:48:58 EXEC SPC_LISTENING_LST2 '8','8','khoai';
2019-02-08 06:49:17 EXEC SPC_COM_MENU '1';
2019-02-08 06:49:17 EXEC SPC_COMMON_CATALORUE '3';
2019-02-08 06:49:18 EXEC SPC_COM_MENU '1';
2019-02-08 06:49:18 EXEC SPC_w001_LST1 '3','','','','10','1';
2019-02-08 06:49:21 EXEC SPC_COM_MENU '1';
2019-02-08 06:49:21 EXEC SPC_COM_M999_INQ1 '8';
2019-02-08 06:49:21 EXEC SPC_COM_MENU '1';
2019-02-08 06:49:21 EXEC SPC_p004_LST1 '23';
2019-02-08 06:49:24 EXEC SPC_COM_MENU '1';
2019-02-08 06:49:24 EXEC SPC_w002_ACT2 '23','ndq809','127.0.0.1';
2019-02-08 06:49:25 EXEC SPC_COM_MENU '1';
2019-02-08 06:49:25 EXEC SPC_w001_LST1 '3','','','','10','1';
2019-02-08 06:49:32 EXEC SPC_COM_DATA 'khoai','2','1';
2019-02-08 06:49:32 EXEC SPC_LISTENING_LST1 '','khoai','8','8';
2019-02-08 06:49:32 EXEC SPC_COM_DATA 'khoai','2','1';
2019-02-08 06:49:33 EXEC SPC_LISTENING_LST2 '8','8','khoai';
2019-02-08 06:55:34 EXEC SPC_COM_DATA 'khoai','2','1';
2019-02-08 06:55:34 EXEC SPC_LISTENING_LST1 '','khoai','8','8';
2019-02-08 06:55:35 EXEC SPC_COM_DATA 'khoai','2','1';
2019-02-08 06:55:35 EXEC SPC_LISTENING_LST2 '8','8','khoai';
2019-02-08 06:57:02 EXEC SPC_COM_DATA 'khoai','2','1';
2019-02-08 06:57:02 EXEC SPC_LISTENING_LST1 '23','khoai','8','8';
2019-02-08 06:57:03 EXEC SPC_COM_DATA 'khoai','2','1';
2019-02-08 06:57:03 EXEC SPC_LISTENING_LST2 '8','8','khoai';
2019-02-08 07:22:42 EXEC SPC_COM_DATA 'khoai','2','1';
2019-02-08 07:22:42 EXEC SPC_LISTENING_LST1 '22','khoai','8','8';
2019-02-08 07:22:43 EXEC SPC_COM_DATA 'khoai','2','1';
2019-02-08 07:22:43 EXEC SPC_LISTENING_LST2 '8','8','khoai';
2019-02-08 07:23:38 EXEC SPC_COM_DATA 'khoai','2','1';
2019-02-08 07:23:38 EXEC SPC_COM_GET_PAGE_COMMENT '2','3','23','1','khoai';
2019-02-08 07:34:30 EXEC SPC_COM_DATA 'khoai','2','1';
2019-02-08 07:34:30 EXEC SPC_LISTENING_LST1 '23','khoai','8','8';
2019-02-08 07:34:30 EXEC SPC_COM_DATA 'khoai','2','1';
2019-02-08 07:34:30 EXEC SPC_LISTENING_LST2 '8','8','khoai';
2019-02-08 07:35:03 EXEC SPC_COM_DATA 'khoai','2','1';
2019-02-08 07:35:03 EXEC SPC_LISTENING_LST1 '23','khoai','8','8';
2019-02-08 07:35:04 EXEC SPC_COM_DATA 'khoai','2','1';
2019-02-08 07:35:04 EXEC SPC_LISTENING_LST2 '8','8','khoai';
2019-02-08 07:35:55 EXEC SPC_COM_DATA 'khoai','2','1';
2019-02-08 07:35:55 EXEC SPC_LISTENING_LST1 '23','khoai','8','8';
2019-02-08 07:35:56 EXEC SPC_COM_DATA 'khoai','2','1';
2019-02-08 07:35:56 EXEC SPC_LISTENING_LST2 '8','8','khoai';
2019-02-08 07:36:57 EXEC SPC_COM_DATA 'khoai','2','1';
2019-02-08 07:36:57 EXEC SPC_LISTENING_LST1 '23','khoai','8','8';
2019-02-08 07:36:57 EXEC SPC_COM_DATA 'khoai','2','1';
2019-02-08 07:36:57 EXEC SPC_LISTENING_LST2 '8','8','khoai';
2019-02-08 07:40:56 EXEC SPC_COM_DATA 'khoai','2','1';
2019-02-08 07:40:56 EXEC SPC_COM_ADD_LESSON '3','8','8','khoai','127.0.0.1';
2019-02-08 07:41:00 EXEC SPC_COM_DATA 'khoai','2','1';
2019-02-08 07:41:00 EXEC SPC_COM_DELETE_LESSON '4101','khoai','127.0.0.1';
2019-02-08 07:41:06 EXEC SPC_COM_DATA 'khoai','2','1';
2019-02-08 07:41:06 EXEC SPC_LISTENING_LST1 '24','khoai','8','8';
2019-02-08 07:41:07 EXEC SPC_COM_DATA 'khoai','2','1';
2019-02-08 07:41:07 EXEC SPC_LISTENING_LST2 '8','8','khoai';
2019-02-08 07:41:10 EXEC SPC_COM_DATA 'khoai','2','1';
2019-02-08 07:41:10 EXEC SPC_LISTENING_LST1 '23','khoai','8','8';
2019-02-08 07:41:10 EXEC SPC_COM_DATA 'khoai','2','1';
2019-02-08 07:41:10 EXEC SPC_LISTENING_LST2 '8','8','khoai';
2019-02-08 07:41:14 EXEC SPC_COM_DATA 'khoai','2','1';
2019-02-08 07:41:14 EXEC SPC_LISTENING_LST1 '','khoai','8','8';
2019-02-08 07:41:17 EXEC SPC_COM_DATA 'khoai','2','1';
2019-02-08 07:41:17 EXEC SPC_LISTENING_LST2 '8','8','khoai';
2019-02-08 07:42:27 EXEC SPC_COM_DATA 'khoai','2','1';
2019-02-08 07:42:27 EXEC SPC_COM_FORGET '2','23','3','khoai';
2019-02-08 07:56:09 EXEC SPC_COM_DATA 'khoai','2','1';
2019-02-08 07:56:09 EXEC SPC_WRITING_LST1 '','khoai','8','8';
2019-02-08 07:56:10 EXEC SPC_COM_DATA 'khoai','2','1';
2019-02-08 07:56:10 EXEC SPC_COMMON_GET_SUGGEST
2019-02-08 07:56:10 EXEC SPC_COM_DATA 'khoai','2','1';
2019-02-08 07:56:10 EXEC SPC_WRITING_LST2 '9','10','khoai';
2019-02-08 07:56:17 EXEC SPC_COM_DATA 'khoai','2','1';
2019-02-08 07:56:17 EXEC SPC_WRITING_LST1 '','khoai','9','10';
2019-02-08 07:56:17 EXEC SPC_COM_DATA 'khoai','2','1';
2019-02-08 07:56:17 EXEC SPC_COMMON_GET_SUGGEST
2019-02-08 07:56:17 EXEC SPC_COM_DATA 'khoai','2','1';
2019-02-08 07:56:17 EXEC SPC_WRITING_LST2 '9','10','khoai';
2019-02-08 08:00:39 EXEC SPC_COM_DATA 'khoai','2','1';
2019-02-08 08:00:39 EXEC SPC_WRITING_LST1 '','khoai','9','10';
2019-02-08 08:03:03 EXEC SPC_COM_DATA 'khoai','2','1';
2019-02-08 08:03:03 EXEC SPC_WRITING_LST1 '','khoai','9','10';
2019-02-08 08:03:04 EXEC SPC_COM_DATA 'khoai','2','1';
2019-02-08 08:03:04 EXEC SPC_VOCABULARY_LST2 '9','10','khoai';
2019-02-08 08:03:20 EXEC SPC_COM_DATA 'khoai','2','1';
2019-02-08 08:03:20 EXEC SPC_WRITING_LST1 '','khoai','9','10';
2019-02-08 08:03:21 EXEC SPC_COM_DATA 'khoai','2','1';
2019-02-08 08:03:21 EXEC SPC_COMMON_GET_SUGGEST
2019-02-08 08:03:23 EXEC SPC_COM_DATA 'khoai','2','1';
2019-02-08 08:03:23 EXEC SPC_WRITING_LST1 '','khoai','9','10';
2019-02-08 08:03:24 EXEC SPC_COM_DATA 'khoai','2','1';
2019-02-08 08:03:24 EXEC SPC_COMMON_GET_SUGGEST
2019-02-08 08:04:03 EXEC SPC_COM_DATA 'khoai','2','1';
2019-02-08 08:04:03 EXEC SPC_WRITING_LST1 '','khoai','9','10';
2019-02-08 08:04:04 EXEC SPC_COM_DATA 'khoai','2','1';
2019-02-08 08:04:04 EXEC SPC_COMMON_GET_SUGGEST
2019-02-08 08:04:44 EXEC SPC_COM_DATA 'khoai','2','1';
2019-02-08 08:04:44 EXEC SPC_WRITING_LST1 '','khoai','9','10';
2019-02-08 08:04:45 EXEC SPC_COM_DATA 'khoai','2','1';
2019-02-08 08:04:45 EXEC SPC_COMMON_GET_SUGGEST
2019-02-08 08:04:49 EXEC SPC_COM_DATA 'khoai','2','1';
2019-02-08 08:04:49 EXEC SPC_WRITING_LST2 '9','10','khoai';
2019-02-08 08:07:43 EXEC SPC_COM_DATA 'khoai','2','1';
2019-02-08 08:07:43 EXEC SPC_WRITING_LST1 '','khoai','9','10';
2019-02-08 08:07:44 EXEC SPC_COM_DATA 'khoai','2','1';
2019-02-08 08:07:44 EXEC SPC_COMMON_GET_SUGGEST
2019-02-08 08:08:33 EXEC SPC_COM_DATA 'khoai','2','1';
2019-02-08 08:08:33 EXEC SPC_VOCABULARY_LST1 '','khoai','9','10';
2019-02-08 08:08:33 EXEC SPC_COM_DATA 'khoai','2','1';
2019-02-08 08:08:33 EXEC SPC_VOCABULARY_LST2 '2','1','khoai';
2019-02-08 08:09:19 EXEC SPC_COM_DATA 'khoai','2','1';
2019-02-08 08:09:19 EXEC SPC_WRITING_LST1 '','khoai','2','1';
2019-02-08 08:09:19 EXEC SPC_COM_DATA 'khoai','2','1';
2019-02-08 08:09:19 EXEC SPC_COMMON_GET_SUGGEST
2019-02-08 08:09:20 EXEC SPC_COM_DATA 'khoai','2','1';
2019-02-08 08:09:20 EXEC SPC_WRITING_LST2 '9','10','khoai';
2019-02-08 08:11:05 EXEC SPC_COM_DATA 'khoai','2','1';
2019-02-08 08:11:05 EXEC SPC_VOCABULARY_LST1 '','khoai','9','10';
2019-02-08 08:11:06 EXEC SPC_COM_DATA 'khoai','2','1';
2019-02-08 08:11:06 EXEC SPC_VOCABULARY_LST2 '2','1','khoai';
2019-02-08 08:11:09 EXEC SPC_COM_DATA 'khoai','2','1';
2019-02-08 08:11:09 EXEC SPC_VOCABULARY_LST1 '','khoai','2','1';
2019-02-08 08:11:29 EXEC SPC_COM_DATA 'khoai','2','1';
2019-02-08 08:11:29 EXEC SPC_GRAMMAR_LST1 '','khoai','2','1';
2019-02-08 08:11:30 EXEC SPC_COM_DATA 'khoai','2','1';
2019-02-08 08:11:30 EXEC SPC_GRAMMAR_LST2 '6','7','khoai';
2019-02-08 08:11:34 EXEC SPC_COM_DATA 'khoai','2','1';
2019-02-08 08:11:34 EXEC SPC_GRAMMAR_LST1 '','khoai','6','7';
2019-02-08 08:11:40 EXEC SPC_COM_DATA 'khoai','2','1';
2019-02-08 08:11:40 EXEC SPC_GRAMMAR_LST2 '6','7','khoai';
2019-02-08 08:12:12 EXEC SPC_COM_DATA 'khoai','2','1';
2019-02-08 08:12:12 EXEC SPC_READING_LST1 '','khoai','6','7';
2019-02-08 08:12:12 EXEC SPC_COM_DATA 'khoai','2','1';
2019-02-08 08:12:12 EXEC SPC_READING_LST2 '12','14','khoai';
2019-02-08 08:12:15 EXEC SPC_COM_DATA 'khoai','2','1';
2019-02-08 08:12:15 EXEC SPC_WRITING_LST1 '','khoai','12','14';
2019-02-08 08:12:15 EXEC SPC_COM_DATA 'khoai','2','1';
2019-02-08 08:12:15 EXEC SPC_COMMON_GET_SUGGEST
2019-02-08 08:12:15 EXEC SPC_COM_DATA 'khoai','2','1';
2019-02-08 08:12:15 EXEC SPC_WRITING_LST2 '9','10','khoai';
2019-02-08 08:13:12 EXEC SPC_COM_DATA 'khoai','2','1';
2019-02-08 08:13:12 EXEC SPC_COM_ADD_COMMENT '1','4','7','huhu OT đuối :(','','khoai','127.0.0.1','1';
2019-02-08 08:13:17 EXEC SPC_COM_DATA 'khoai','2','1';
2019-02-08 08:13:17 EXEC SPC_COM_TOGGLE_EFFECT '1','20047','3','3','0','khoai','127.0.0.1';
2019-02-08 08:13:19 EXEC SPC_COM_DATA 'khoai','2','1';
2019-02-08 08:13:19 EXEC SPC_WRITING_LST1 '','khoai','9','10';
2019-02-08 08:13:20 EXEC SPC_COM_DATA 'khoai','2','1';
2019-02-08 08:13:20 EXEC SPC_COMMON_GET_SUGGEST
2019-02-08 08:13:20 EXEC SPC_COM_DATA 'khoai','2','1';
2019-02-08 08:13:20 EXEC SPC_WRITING_LST2 '9','10','khoai';
2019-02-08 08:14:40 EXEC SPC_COM_DATA 'khoai','2','1';
2019-02-08 08:14:40 EXEC SPC_WRITING_LST1 '','khoai','9','10';
2019-02-08 08:14:41 EXEC SPC_COM_DATA 'khoai','2','1';
2019-02-08 08:14:41 EXEC SPC_COMMON_GET_SUGGEST
2019-02-08 08:14:48 EXEC SPC_COM_DATA 'khoai','2','1';
2019-02-08 08:14:48 EXEC SPC_WRITING_LST2 '9','10','khoai';
2019-02-08 08:15:00 EXEC SPC_COM_DATA '','','';
2019-02-08 08:15:00 EXEC SPC_WRITING_LST1 '7','','','';
2019-02-08 08:15:00 EXEC SPC_COM_DATA '','','';
2019-02-08 08:15:00 EXEC SPC_COMMON_GET_SUGGEST
2019-02-08 08:15:00 EXEC SPC_COM_DATA '','','';
2019-02-08 08:15:00 EXEC SPC_WRITING_LST2 '9','10','';
2019-02-08 08:15:03 EXEC SPC_COM_DATA '','','';
2019-02-08 08:15:03 EXEC SPC_WRITING_LST1 '','','9','10';
2019-02-08 08:15:04 EXEC SPC_COM_DATA '','','';
2019-02-08 08:15:04 EXEC SPC_COMMON_GET_SUGGEST
2019-02-08 08:15:05 EXEC SPC_COM_DATA '','','';
2019-02-08 08:15:05 EXEC SPC_WRITING_LST2 '9','10','';
2019-02-08 08:20:27 EXEC SPC_COM_DATA '','','';
2019-02-08 08:20:27 EXEC SPC_WRITING_LST1 '','','9','10';
2019-02-08 08:20:28 EXEC SPC_COM_DATA '','','';
2019-02-08 08:20:28 EXEC SPC_COMMON_GET_SUGGEST
2019-02-08 08:20:32 EXEC SPC_COM_DATA '','','';
2019-02-08 08:20:32 EXEC SPC_WRITING_LST2 '9','10','';
2019-02-08 08:21:21 EXEC SPC_COM_DATA '','','';
2019-02-08 08:21:21 EXEC SPC_READING_LST1 '','','9','10';
2019-02-08 08:21:22 EXEC SPC_COM_DATA '','','';
2019-02-08 08:21:22 EXEC SPC_READING_LST2 '12','14','';
2019-02-08 08:21:23 EXEC SPC_COM_DATA '','','';
2019-02-08 08:21:23 EXEC SPC_WRITING_LST1 '','','12','14';
2019-02-08 08:21:24 EXEC SPC_COM_DATA '','','';
2019-02-08 08:21:24 EXEC SPC_COMMON_GET_SUGGEST
2019-02-08 08:21:24 EXEC SPC_COM_DATA '','','';
2019-02-08 08:21:24 EXEC SPC_WRITING_LST2 '9','10','';
2019-02-08 08:21:26 EXEC SPC_COM_DATA '','','';
2019-02-08 08:21:26 EXEC SPC_READING_LST1 '','','9','10';
2019-02-08 08:21:26 EXEC SPC_COM_DATA '','','';
2019-02-08 08:21:26 EXEC SPC_READING_LST2 '12','14','';
2019-02-08 08:21:30 EXEC SPC_COM_DATA '','','';
2019-02-08 08:21:30 EXEC SPC_COM_QUESTION_LIST '9','1';
2019-02-08 08:22:07 EXEC SPC_COM_DATA '','','';
2019-02-08 08:22:07 EXEC SPC_VOCABULARY_LST1 '','','12','14';
2019-02-08 08:22:08 EXEC SPC_COM_DATA '','','';
2019-02-08 08:22:08 EXEC SPC_VOCABULARY_LST2 '2','1','';
2019-02-08 08:24:27 EXEC SPC_COM_DATA '','','';
2019-02-08 08:24:27 EXEC SPC_WRITING_LST1 '','','2','1';
2019-02-08 08:24:28 EXEC SPC_COM_DATA '','','';
2019-02-08 08:24:28 EXEC SPC_COMMON_GET_SUGGEST
2019-02-08 08:24:28 EXEC SPC_COM_DATA '','','';
2019-02-08 08:24:28 EXEC SPC_WRITING_LST2 '9','10','';
2019-02-08 08:24:31 EXEC SPC_COM_DATA '','','';
2019-02-08 08:24:31 EXEC SPC_WRITING_LST1 '','','9','10';
2019-02-08 08:24:32 EXEC SPC_COM_DATA '','','';
2019-02-08 08:24:32 EXEC SPC_COMMON_GET_SUGGEST
2019-02-08 08:24:34 EXEC SPC_COM_DATA '','','';
2019-02-08 08:24:34 EXEC SPC_WRITING_LST2 '9','10','';
2019-02-08 08:25:13 EXEC SPC_COM_DATA '','','';
2019-02-08 08:25:13 EXEC SPC_READING_LST1 '','','9','10';
2019-02-08 08:25:13 EXEC SPC_COM_DATA '','','';
2019-02-08 08:25:13 EXEC SPC_READING_LST2 '12','14','';
2019-02-08 08:25:17 EXEC SPC_COM_DATA '','','';
2019-02-08 08:25:17 EXEC SPC_DICTIONARY_LST1 '5','';
2019-02-08 08:25:17 EXEC SPC_COM_DATA '','','';
2019-02-08 08:25:17 EXEC SPC_DICTIONARY_LST2 'valuable','','127.0.0.1';
2019-02-08 08:26:04 EXEC SPC_COM_DATA '','','';
2019-02-08 08:26:04 EXEC SPC_SOCIAL_LST1 '','';
2019-02-08 08:26:05 EXEC SPC_COM_DATA '','','';
2019-02-08 08:26:05 EXEC SPC_SOCIAL_LST2 '','1','','';
2019-02-08 08:26:09 EXEC SPC_COM_DATA '','','';
2019-02-08 08:26:09 EXEC SPC_READING_LST1 '','','12','14';
2019-02-08 08:26:09 EXEC SPC_COM_DATA '','','';
2019-02-08 08:26:09 EXEC SPC_READING_LST2 '12','14','';
2019-02-08 08:26:17 EXEC SPC_COM_DATA '','','';
2019-02-08 08:26:17 EXEC SPC_WRITING_LST1 '','','12','14';
2019-02-08 08:26:17 EXEC SPC_COM_DATA '','','';
2019-02-08 08:26:17 EXEC SPC_COMMON_GET_SUGGEST
2019-02-08 08:26:17 EXEC SPC_COM_DATA '','','';
2019-02-08 08:26:17 EXEC SPC_WRITING_LST2 '9','10','';
2019-02-08 08:27:32 EXEC SPC_COM_DATA '','','';
2019-02-08 08:27:32 EXEC SPC_WRITING_LST1 '','','9','10';
2019-02-08 08:27:33 EXEC SPC_COM_DATA '','','';
2019-02-08 08:27:33 EXEC SPC_COMMON_GET_SUGGEST
2019-02-08 08:27:33 EXEC SPC_COM_DATA '','','';
2019-02-08 08:27:33 EXEC SPC_WRITING_LST2 '9','10','';
2019-02-08 08:27:37 EXEC SPC_COM_DATA '','','';
2019-02-08 08:27:37 EXEC SPC_READING_LST1 '','','9','10';
2019-02-08 08:27:37 EXEC SPC_COM_DATA '','','';
2019-02-08 08:27:37 EXEC SPC_READING_LST2 '12','14','';
2019-02-08 08:27:52 EXEC SPC_COM_DATA '','','';
2019-02-08 08:27:52 EXEC SPC_COM_QUESTION_LIST '10','2';
2019-02-08 08:30:33 EXEC SPC_COM_DATA '','','';
2019-02-08 08:30:33 EXEC SPC_SOCIAL_LST1 '','';
2019-02-08 08:30:34 EXEC SPC_COM_DATA '','','';
2019-02-08 08:30:34 EXEC SPC_SOCIAL_LST2 '','1','','';
2019-02-08 08:31:17 EXEC SPC_COM_DATA '','','';
2019-02-08 08:31:17 EXEC SPC_SOCIAL_ACT2 '15','','127.0.0.1';
2019-02-08 08:31:47 EXEC SPC_COM_DATA '','','';
2019-02-08 08:31:47 EXEC SPC_DISCUSS_LST1 '','';
2019-02-08 08:31:48 EXEC SPC_COM_DATA '','','';
2019-02-08 08:31:48 EXEC SPC_DISCUSS_LST2 '','1','','';
2019-02-08 08:31:53 EXEC SPC_COM_DATA '','','';
2019-02-08 08:31:53 EXEC SPC_DISCUSS_ACT2 '1059','','127.0.0.1';
2019-02-08 08:32:13 EXEC SPC_COM_DATA '','','';
2019-02-08 08:32:13 EXEC SPC_DISCUSS_LST2 '','1','<row tag_id="1089" /><row tag_id="1090" />','';
2019-02-08 08:32:35 EXEC SPC_COM_DATA '','','';
2019-02-08 08:32:35 EXEC SPC_DISCUSS_ACT2 '2047','','127.0.0.1';
2019-02-08 08:32:43 EXEC SPC_COM_DATA '','','';
2019-02-08 08:32:43 EXEC SPC_WRITING_LST1 '','','12','14';
2019-02-08 08:32:44 EXEC SPC_COM_DATA '','','';
2019-02-08 08:32:44 EXEC SPC_COMMON_GET_SUGGEST
2019-02-08 08:32:44 EXEC SPC_COM_DATA '','','';
2019-02-08 08:32:44 EXEC SPC_WRITING_LST2 '9','10','';
2019-02-08 08:32:47 EXEC SPC_COM_DATA '','','';
2019-02-08 08:32:47 EXEC SPC_WRITING_LST1 '','','9','10';
2019-02-08 08:32:47 EXEC SPC_COM_DATA '','','';
2019-02-08 08:32:47 EXEC SPC_COMMON_GET_SUGGEST
2019-02-08 08:32:50 EXEC SPC_COM_DATA '','','';
2019-02-08 08:32:50 EXEC SPC_WRITING_LST2 '9','10','';
2019-02-08 08:32:54 EXEC SPC_COM_DATA '','','';
2019-02-08 08:32:54 EXEC SPC_READING_LST1 '','','9','10';
2019-02-08 08:32:55 EXEC SPC_COM_DATA '','','';
2019-02-08 08:32:55 EXEC SPC_READING_LST2 '12','14','';
2019-02-08 08:36:36 EXEC SPC_COM_DATA '','','';
2019-02-08 08:36:36 EXEC SPC_READING_LST1 '','','12','14';
2019-02-08 08:36:39 EXEC SPC_COM_DATA '','','';
2019-02-08 08:36:39 EXEC SPC_VOCABULARY_LST2 '12','14','';
2019-02-08 08:36:52 EXEC SPC_COM_DATA '','','';
2019-02-08 08:36:52 EXEC SPC_READING_LST1 '','','12','14';
2019-02-08 08:36:53 EXEC SPC_COM_DATA '','','';
2019-02-08 08:36:53 EXEC SPC_READING_LST2 '12','14','';
2019-02-08 08:36:56 EXEC SPC_COM_DATA '','','';
2019-02-08 08:36:56 EXEC SPC_READING_LST1 '','','12','14';
2019-02-08 08:37:25 EXEC SPC_COM_DATA '','','';
2019-02-08 08:37:25 EXEC SPC_READING_LST1 '','','12','14';
2019-02-08 08:37:26 EXEC SPC_COM_DATA '','','';
2019-02-08 08:37:26 EXEC SPC_READING_LST2 '12','14','';
2019-02-08 08:37:43 EXEC SPC_COMMON_ACCOUNT '2','1';
2019-02-08 08:37:43 EXEC SPC_COM_DATA 'khoai','2','1';
2019-02-08 08:37:43 EXEC SPC_READING_LST1 '9','khoai','12','14';
2019-02-08 08:37:44 EXEC SPC_COM_DATA 'khoai','2','1';
2019-02-08 08:37:44 EXEC SPC_READING_LST2 '12','14','khoai';
2019-02-08 08:38:18 EXEC SPC_COM_DATA 'khoai','2','1';
2019-02-08 08:38:18 EXEC SPC_COM_REMEMBER '5','3','2','10','khoai','127.0.0.1';
2019-02-08 08:38:23 EXEC SPC_COM_DATA 'khoai','2','1';
2019-02-08 08:38:23 EXEC SPC_READING_LST1 '10','khoai','12','14';
2019-02-08 08:38:23 EXEC SPC_COM_DATA 'khoai','2','1';
2019-02-08 08:38:23 EXEC SPC_READING_LST2 '12','14','khoai';
2019-02-08 08:43:35 EXEC SPC_COM_DATA 'khoai','2','1';
2019-02-08 08:43:35 EXEC SPC_READING_LST1 '','khoai','12','14';
2019-02-08 08:43:35 EXEC SPC_COM_DATA 'khoai','2','1';
2019-02-08 08:43:35 EXEC SPC_READING_LST2 '12','14','khoai';
2019-02-08 08:44:21 EXEC SPC_COM_DATA 'khoai','2','1';
2019-02-08 08:44:21 EXEC SPC_READING_LST1 '','khoai','12','14';
2019-02-08 08:44:22 EXEC SPC_COM_DATA 'khoai','2','1';
2019-02-08 08:44:22 EXEC SPC_READING_LST2 '12','14','khoai';
2019-02-08 08:44:59 EXEC SPC_COM_DATA 'khoai','2','1';
2019-02-08 08:44:59 EXEC SPC_READING_LST1 '','khoai','12','14';
2019-02-08 08:45:00 EXEC SPC_COM_DATA 'khoai','2','1';
2019-02-08 08:45:00 EXEC SPC_READING_LST2 '12','14','khoai';
2019-02-08 08:45:13 EXEC SPC_COM_MENU '1';
2019-02-08 08:45:13 EXEC SPC_COMMON_CATALORUE '5';
2019-02-08 08:45:14 EXEC SPC_COM_MENU '1';
2019-02-08 08:45:14 EXEC SPC_w001_LST1 '5','','','','10','1';
2019-02-08 08:45:18 EXEC SPC_COM_MENU '1';
2019-02-08 08:45:18 EXEC SPC_COM_M999_INQ1 '8';
2019-02-08 08:45:18 EXEC SPC_COM_MENU '1';
2019-02-08 08:45:19 EXEC SPC_p004_LST1 '10';
2019-02-08 08:45:21 EXEC SPC_COM_MENU '1';
2019-02-08 08:45:21 EXEC SPC_w002_ACT2 '10','ndq809','127.0.0.1';
2019-02-08 08:45:22 EXEC SPC_COM_MENU '1';
2019-02-08 08:45:22 EXEC SPC_w001_LST1 '5','','','','10','1';
2019-02-08 08:45:26 EXEC SPC_COM_DATA 'khoai','2','1';
2019-02-08 08:45:26 EXEC SPC_READING_LST1 '','khoai','12','14';
2019-02-08 08:45:27 EXEC SPC_COM_DATA 'khoai','2','1';
2019-02-08 08:45:27 EXEC SPC_READING_LST2 '12','14','khoai';
