2019-03-15 09:02:45 EXEC SPC_COM_DATA '','','';
2019-03-15 09:03:13 EXEC SPC_COM_DATA '','','';
2019-03-15 09:06:45 EXEC SPC_COM_DATA '','','';
2019-03-15 09:08:00 EXEC SPC_COM_DATA '','','';
2019-03-15 09:08:03 EXEC SPC_COM_DATA '','','';
2019-03-15 09:08:09 EXEC SPC_COM_DATA '','','';
2019-03-15 09:08:11 EXEC SPC_COM_DATA '','','';
2019-03-15 09:08:13 EXEC SPC_COM_DATA '','','';
2019-03-15 09:08:15 EXEC SPC_COM_DATA '','','';
2019-03-15 09:08:18 EXEC SPC_COM_DATA '','','';
2019-03-15 09:08:57 EXEC SPC_COM_DATA '','','';
2019-03-15 09:09:09 EXEC SPC_COM_DATA '','','';
2019-03-15 09:09:25 EXEC SPC_COM_DATA '','','';
2019-03-15 09:09:44 EXEC SPC_COM_DATA '','','';
2019-03-15 09:10:29 EXEC SPC_COM_DATA '','','';
2019-03-15 09:10:41 EXEC SPC_COM_DATA '','','';
2019-03-15 09:17:36 EXEC SPC_COM_DATA '','','';
2019-03-15 11:22:23 EXEC SPC_COM_DATA '','','';
2019-03-15 11:22:23 EXEC SPC_GRAMMAR_LST1 '','','','';
2019-03-15 11:22:24 EXEC SPC_COM_DATA '','','';
2019-03-15 11:22:24 EXEC SPC_GRAMMAR_LST2 '6','7','';
2019-03-15 11:22:26 EXEC SPC_COM_DATA '','','';
2019-03-15 11:22:26 EXEC SPC_VOCABULARY_LST1 '','','6','7';
2019-03-15 11:22:27 EXEC SPC_COM_DATA '','','';
2019-03-15 11:22:27 EXEC SPC_VOCABULARY_LST2 '2','1','';
2019-03-15 11:22:34 EXEC SPC_COM_DATA '','','';
2019-03-15 11:22:34 EXEC SPC_VOCABULARY_LST1 '4','','2','1';
2019-03-15 17:11:22 EXEC SPC_COM_DATA '','','';
2019-03-15 17:11:26 EXEC SPC_COM_DATA '','','';
2019-03-15 17:11:26 EXEC SPC_WRITING_LST1 '','','','';
2019-03-15 17:11:27 EXEC SPC_COM_DATA '','','';
2019-03-15 17:11:27 EXEC SPC_COMMON_GET_SUGGEST
2019-03-15 17:11:27 EXEC SPC_COM_DATA '','','';
2019-03-15 17:11:27 EXEC SPC_WRITING_LST2 '9','10','';
2019-03-15 17:11:32 EXEC SPC_COM_DATA '','','';
2019-03-15 17:11:32 EXEC SPC_SOCIAL_LST1 '','';
2019-03-15 17:11:33 EXEC SPC_COM_DATA '','','';
2019-03-15 17:11:33 EXEC SPC_SOCIAL_LST2 '','1','','';
2019-03-15 17:24:02 EXEC SPC_COM_DATA '','','';
2019-03-15 17:24:58 EXEC SPC_COM_DATA '','','';
2019-03-15 17:24:58 EXEC SPC_DISCUSS_LST1 '','';
2019-03-15 17:24:59 EXEC SPC_COM_DATA '','','';
2019-03-15 17:24:59 EXEC SPC_DISCUSS_LST2 '','1','','';
2019-03-15 17:25:00 EXEC SPC_COM_DATA '','','';
2019-03-15 17:25:00 EXEC SPC_READING_LST1 '','','9','10';
2019-03-15 17:25:00 EXEC SPC_COM_DATA '','','';
2019-03-15 17:25:00 EXEC SPC_READING_LST2 '12','14','';
2019-03-15 17:25:01 EXEC SPC_COM_DATA '','','';
2019-03-15 17:25:01 EXEC SPC_SOCIAL_LST1 '','';
2019-03-15 17:25:02 EXEC SPC_COM_DATA '','','';
2019-03-15 17:25:02 EXEC SPC_SOCIAL_LST2 '','1','','';
2019-03-15 17:25:06 EXEC SPC_COM_DATA '','','';
2019-03-15 17:25:06 EXEC SPC_DISCUSS_LST1 '','';
2019-03-15 17:25:07 EXEC SPC_COM_DATA '','','';
2019-03-15 17:25:07 EXEC SPC_DISCUSS_LST2 '','1','','';
2019-03-15 17:25:21 EXEC SPC_COM_DATA '','','';
2019-03-15 17:26:36 EXEC SPC_COM_DATA '','','';
2019-03-15 17:26:36 EXEC SPC_LISTENING_LST1 '','','12','14';
2019-03-15 17:26:36 EXEC SPC_COM_DATA '','','';
2019-03-15 17:26:36 EXEC SPC_LISTENING_LST2 '8','8','';
2019-03-15 17:26:38 EXEC SPC_COM_DATA '','','';
2019-03-15 17:26:38 EXEC SPC_WRITING_LST1 '','','8','8';
2019-03-15 17:26:39 EXEC SPC_COM_DATA '','','';
2019-03-15 17:26:39 EXEC SPC_COMMON_GET_SUGGEST
2019-03-15 17:26:39 EXEC SPC_COM_DATA '','','';
2019-03-15 17:26:39 EXEC SPC_WRITING_LST2 '9','10','';
2019-03-15 17:26:39 EXEC SPC_COM_DATA '','','';
2019-03-15 17:26:39 EXEC SPC_READING_LST1 '','','9','10';
2019-03-15 17:26:40 EXEC SPC_COM_DATA '','','';
2019-03-15 17:26:40 EXEC SPC_READING_LST2 '12','14','';
2019-03-15 17:26:41 EXEC SPC_COM_DATA '','','';
2019-03-15 17:26:41 EXEC SPC_WRITING_LST1 '','','12','14';
2019-03-15 17:26:41 EXEC SPC_COM_DATA '','','';
2019-03-15 17:26:41 EXEC SPC_COMMON_GET_SUGGEST
2019-03-15 17:26:41 EXEC SPC_COM_DATA '','','';
2019-03-15 17:26:41 EXEC SPC_WRITING_LST2 '9','10','';
2019-03-15 17:26:44 EXEC SPC_COM_DATA '','','';
2019-03-15 17:26:44 EXEC SPC_COM_GET_PAGE_COMMENT '1','4','7','1','';
2019-03-15 17:27:16 EXEC SPC_COM_DATA '','','';
2019-03-15 17:27:16 EXEC SPC_READING_LST1 '','','9','10';
2019-03-15 17:27:17 EXEC SPC_COM_DATA '','','';
2019-03-15 17:27:17 EXEC SPC_READING_LST2 '12','14','';
2019-03-15 17:27:19 EXEC SPC_COM_DATA '','','';
2019-03-15 17:27:19 EXEC SPC_COM_GET_PAGE_COMMENT '1','5','9','1','';
2019-03-15 17:27:21 EXEC SPC_COM_DATA '','','';
2019-03-15 17:27:21 EXEC SPC_COM_GET_PAGE_COMMENT '1','5','9','1','';
2019-03-15 17:33:18 EXEC SPC_COM_DATA '','','';
2019-03-15 17:33:20 EXEC SPC_COM_DATA '','','';
2019-03-15 17:33:20 EXEC SPC_VOCABULARY_LST1 '','','12','14';
2019-03-15 17:33:21 EXEC SPC_COM_DATA '','','';
2019-03-15 17:33:21 EXEC SPC_VOCABULARY_LST2 '2','1','';
2019-03-15 17:59:08 EXEC SPC_COM_DATA '','','';
2019-03-15 17:59:08 EXEC SPC_GRAMMAR_LST1 '','','2','1';
2019-03-15 17:59:09 EXEC SPC_COM_DATA '','','';
2019-03-15 17:59:09 EXEC SPC_GRAMMAR_LST2 '6','7','';
2019-03-15 17:59:13 EXEC SPC_COM_DATA '','','';
2019-03-15 17:59:14 EXEC SPC_COM_DATA '','','';
2019-03-15 17:59:16 EXEC SPC_COMMON_ACCOUNT '18','1';
2019-03-15 17:59:16 EXEC SPC_COM_DATA 'kirito','1','1';
2019-03-15 17:59:16 EXEC SPC_GRAMMAR_LST1 '2','14','6','7';
2019-03-15 17:59:16 EXEC SPC_COM_DATA 'kirito','1','1';
2019-03-15 17:59:16 EXEC SPC_GRAMMAR_LST2 '6','7','14';
2019-03-15 17:59:21 EXEC SPC_COM_DATA 'kirito','1','1';
2019-03-15 17:59:21 EXEC SPC_LISTENING_LST1 '','14','6','7';
2019-03-15 17:59:22 EXEC SPC_COM_DATA 'kirito','1','1';
2019-03-15 17:59:22 EXEC SPC_LISTENING_LST2 '8','8','14';
2019-03-15 17:59:25 EXEC SPC_COM_DATA 'kirito','1','1';
2019-03-15 17:59:25 EXEC SPC_SOCIAL_LST1 '','14';
2019-03-15 17:59:25 EXEC SPC_COM_DATA 'kirito','1','1';
2019-03-15 17:59:25 EXEC SPC_SOCIAL_LST2 '','1','','14';
2019-03-15 17:59:32 EXEC SPC_COM_DATA 'kirito','1','1';
2019-03-15 17:59:32 EXEC SPC_DISCUSS_LST1 '','14';
2019-03-15 17:59:33 EXEC SPC_COM_DATA 'kirito','1','1';
2019-03-15 17:59:33 EXEC SPC_DISCUSS_LST2 '','1','','14';
2019-03-15 18:00:05 EXEC SPC_COM_DATA 'kirito','1','1';
2019-03-15 18:00:05 EXEC SPC_COM_ADD_QUESTION '','làm sao để ăn cơm ngon','<p>th&igrave; đấy ăn ntn&nbsp;đ&acirc;y mấy&nbsp;b&aacute;c?</p>','<row tag_id="1085" is_new="0" /><row tag_id="1086" is_new="0" /><row tag_id="1087" is_new="0" /><row tag_id="1088" is_new="0" /><row tag_id="1089" is_new="0" />','14','::1';
2019-03-15 18:00:07 EXEC SPC_COM_DATA 'kirito','1','1';
2019-03-15 18:00:07 EXEC SPC_DISCUSS_LST1 '2057','14';
2019-03-15 18:00:07 EXEC SPC_COM_DATA 'kirito','1','1';
2019-03-15 18:00:07 EXEC SPC_DISCUSS_LST2 '2057','1','','14';
2019-03-15 18:00:10 EXEC SPC_COM_DATA 'kirito','1','1';
2019-03-15 18:00:10 EXEC SPC_DISCUSS_ACT1 '2057','1','14','::1';
2019-03-15 18:00:13 EXEC SPC_COM_DATA 'kirito','1','1';
2019-03-15 18:00:13 EXEC SPC_DISCUSS_ACT2 '2057','14','::1';
2019-03-15 18:00:38 EXEC SPC_COM_DATA 'kirito','1','1';
2019-03-15 18:00:38 EXEC SPC_COM_ADD_COMMENT '1','8','2057','ăn thế nào kệ mịa mài chớ','','14','::1','1';
2019-03-15 18:00:43 EXEC SPC_COM_DATA 'kirito','1','1';
2019-03-15 18:00:43 EXEC SPC_DISCUSS_ACT3 '20048','1','14','::1';
2019-03-15 18:00:45 EXEC SPC_COM_DATA 'kirito','1','1';
2019-03-15 18:00:45 EXEC SPC_DISCUSS_LST1 '2057','14';
2019-03-15 18:00:46 EXEC SPC_COM_DATA 'kirito','1','1';
2019-03-15 18:00:46 EXEC SPC_DISCUSS_LST2 '2057','1','','14';
2019-03-15 18:00:51 EXEC SPC_COM_DATA 'kirito','1','1';
2019-03-15 18:00:51 EXEC SPC_DISCUSS_ACT2 '2057','14','::1';
