2019-03-20 15:24:26 EXEC SPC_COM_DATA '','','';
2019-03-20 15:24:33 EXEC SPC_COM_DATA '','','';
2019-03-20 15:24:33 EXEC SPC_GRAMMAR_LST1 '','','','';
2019-03-20 15:24:34 EXEC SPC_COM_DATA '','','';
2019-03-20 15:24:34 EXEC SPC_GRAMMAR_LST2 '6','7','';
2019-03-20 15:24:42 EXEC SPC_COM_DATA '','','';
2019-03-20 15:24:42 EXEC SPC_LISTENING_LST1 '','','6','7';
2019-03-20 15:24:43 EXEC SPC_COM_DATA '','','';
2019-03-20 15:24:43 EXEC SPC_LISTENING_LST2 '8','8','';
2019-03-20 15:24:45 EXEC SPC_COM_DATA '','','';
2019-03-20 15:24:45 EXEC SPC_WRITING_LST1 '','','8','8';
2019-03-20 15:24:45 EXEC SPC_COM_DATA '','','';
2019-03-20 15:24:45 EXEC SPC_COMMON_GET_SUGGEST
2019-03-20 15:24:46 EXEC SPC_COM_DATA '','','';
2019-03-20 15:24:46 EXEC SPC_WRITING_LST2 '9','10','';
2019-03-20 15:25:13 EXEC SPC_COM_DATA '','','';
2019-03-20 15:25:13 EXEC SPC_READING_LST1 '','','9','10';
2019-03-20 15:25:14 EXEC SPC_COM_DATA '','','';
2019-03-20 15:25:14 EXEC SPC_READING_LST2 '12','14','';
2019-03-20 15:25:17 EXEC SPC_COM_DATA '','','';
2019-03-20 15:25:17 EXEC SPC_SOCIAL_LST1 '','';
2019-03-20 15:25:18 EXEC SPC_COM_DATA '','','';
2019-03-20 15:25:18 EXEC SPC_SOCIAL_LST2 '','1','','';
2019-03-20 15:25:20 EXEC SPC_COM_DATA '','','';
2019-03-20 15:25:20 EXEC SPC_DISCUSS_LST1 '','';
2019-03-20 15:25:21 EXEC SPC_COM_DATA '','','';
2019-03-20 15:25:21 EXEC SPC_DISCUSS_LST2 '','1','','';
2019-03-20 15:25:27 EXEC SPC_COM_DATA '','','';
2019-03-20 15:25:27 EXEC SPC_DISCUSS_ACT2 '2057','','::1';
2019-03-20 17:49:10 EXEC SPC_COM_DATA '','','';
