2019-03-22 09:44:53 EXEC SPC_COM_DATA '','','';
2019-03-22 09:44:58 EXEC SPC_COM_DATA '','','';
2019-03-22 09:57:15 EXEC SPC_COMMON_ACCOUNT '1','2';
2019-03-22 09:57:16 EXEC SPC_COM_DATA 'ndq809','1','2';
2019-03-22 09:57:16 EXEC SPC_COM_MENU '1';
2019-03-22 09:57:20 EXEC SPC_COM_PERMISSION '1','2','g001';
2019-03-22 09:57:20 EXEC SPC_COM_MENU '1';
2019-03-22 09:57:27 EXEC SPC_COM_PERMISSION '1','2','g001';
2019-03-22 09:57:27 EXEC SPC_COM_MENU '1';
2019-03-22 09:58:49 EXEC SPC_COM_PERMISSION '1','2','g001';
2019-03-22 09:58:49 EXEC SPC_COM_MENU '1';
2019-03-22 09:59:16 EXEC SPC_COM_PERMISSION '1','2','g001';
2019-03-22 09:59:16 EXEC SPC_COM_MENU '1';
2019-03-22 09:59:19 EXEC SPC_COM_PERMISSION '1','2','g001';
2019-03-22 09:59:19 EXEC SPC_COM_MENU '1';
2019-03-22 10:13:06 EXEC SPC_COM_PERMISSION '1','2','m004';
2019-03-22 10:13:06 EXEC SPC_COM_MENU '1';
2019-03-22 10:13:06 EXEC SPC_M004_FND1
2019-03-22 10:16:05 EXEC SPC_COM_DATA 'ndq809','1','2';
2019-03-22 10:16:06 EXEC SPC_COM_MENU '1';
2019-03-22 10:16:08 EXEC SPC_COM_PERMISSION '1','2','g001';
2019-03-22 10:16:08 EXEC SPC_COM_MENU '1';
2019-03-22 10:17:44 EXEC SPC_COM_PERMISSION '1','2','g001';
2019-03-22 10:17:44 EXEC SPC_COM_MENU '1';
2019-03-22 10:23:02 EXEC SPC_COM_PERMISSION '1','2','g001';
2019-03-22 10:23:02 EXEC SPC_COM_MENU '1';
2019-03-22 10:23:21 EXEC SPC_COM_PERMISSION '1','2','g001';
2019-03-22 10:23:21 EXEC SPC_COM_MENU '1';
2019-03-22 10:23:21 implode(): Invalid arguments passed
2019-03-22 10:24:10 EXEC SPC_COM_PERMISSION '1','2','g001';
2019-03-22 10:24:10 EXEC SPC_COM_MENU '1';
2019-03-22 10:24:10 EXEC SPC_G001_LST1 '1';
2019-03-22 10:45:26 EXEC SPC_COM_PERMISSION '1','2','g001';
2019-03-22 10:45:26 EXEC SPC_COM_MENU '1';
2019-03-22 10:45:26 EXEC SPC_G001_LST1 '1';
2019-03-22 10:49:15 EXEC SPC_COM_PERMISSION '1','2','g001';
2019-03-22 10:49:15 EXEC SPC_COM_MENU '1';
2019-03-22 10:49:15 EXEC SPC_G001_LST1 '1';
2019-03-22 10:49:17 EXEC SPC_COM_PERMISSION '1','2','g001';
2019-03-22 10:49:17 EXEC SPC_COM_MENU '1';
2019-03-22 10:49:17 EXEC SPC_G001_LST1 '1';
2019-03-22 10:50:41 EXEC SPC_COM_PERMISSION '1','2','g001';
2019-03-22 10:50:41 EXEC SPC_COM_MENU '1';
2019-03-22 10:50:41 EXEC SPC_G001_LST1 '1';
2019-03-22 10:59:30 EXEC SPC_COM_PERMISSION '1','2','g001';
2019-03-22 10:59:30 EXEC SPC_COM_MENU '1';
2019-03-22 10:59:30 EXEC SPC_G001_LST1 '1';
2019-03-22 11:01:15 EXEC SPC_COM_PERMISSION '1','2','g001';
2019-03-22 11:01:15 EXEC SPC_COM_MENU '1';
2019-03-22 11:01:15 EXEC SPC_G001_LST1 '1';
2019-03-22 11:01:16 EXEC SPC_COM_PERMISSION '1','2','g001';
2019-03-22 11:01:16 EXEC SPC_COM_MENU '1';
2019-03-22 11:01:16 EXEC SPC_G001_LST1 '1';
2019-03-22 11:01:17 EXEC SPC_COM_PERMISSION '1','2','g001';
2019-03-22 11:01:17 EXEC SPC_COM_MENU '1';
2019-03-22 11:01:17 EXEC SPC_G001_LST1 '1';
2019-03-22 11:01:18 EXEC SPC_COM_PERMISSION '1','2','g001';
2019-03-22 11:01:18 EXEC SPC_COM_MENU '1';
2019-03-22 11:01:18 EXEC SPC_G001_LST1 '1';
2019-03-22 11:01:19 EXEC SPC_COM_PERMISSION '1','2','g001';
2019-03-22 11:01:19 EXEC SPC_COM_MENU '1';
2019-03-22 11:01:19 EXEC SPC_G001_LST1 '1';
2019-03-22 11:01:19 EXEC SPC_COM_PERMISSION '1','2','g001';
2019-03-22 11:01:19 EXEC SPC_COM_MENU '1';
2019-03-22 11:01:19 EXEC SPC_G001_LST1 '1';
2019-03-22 11:01:20 EXEC SPC_COM_PERMISSION '1','2','g001';
2019-03-22 11:01:20 EXEC SPC_COM_MENU '1';
2019-03-22 11:01:20 EXEC SPC_G001_LST1 '1';
2019-03-22 11:01:20 EXEC SPC_COM_PERMISSION '1','2','g001';
2019-03-22 11:01:21 EXEC SPC_COM_MENU '1';
2019-03-22 11:01:21 EXEC SPC_G001_LST1 '1';
2019-03-22 11:01:21 EXEC SPC_COM_PERMISSION '1','2','g001';
2019-03-22 11:01:21 EXEC SPC_COM_MENU '1';
2019-03-22 11:01:21 EXEC SPC_G001_LST1 '1';
2019-03-22 11:01:22 EXEC SPC_COM_PERMISSION '1','2','g001';
2019-03-22 11:01:22 EXEC SPC_COM_MENU '1';
2019-03-22 11:01:22 EXEC SPC_G001_LST1 '1';
2019-03-22 11:01:22 EXEC SPC_COM_PERMISSION '1','2','g001';
2019-03-22 11:01:22 EXEC SPC_COM_MENU '1';
2019-03-22 11:01:22 EXEC SPC_G001_LST1 '1';
2019-03-22 11:01:42 EXEC SPC_COM_PERMISSION '1','2','g001';
2019-03-22 11:01:43 EXEC SPC_COM_MENU '1';
2019-03-22 11:01:43 EXEC SPC_G001_LST1 '1';
2019-03-22 11:01:43 EXEC SPC_COM_PERMISSION '1','2','g001';
2019-03-22 11:01:43 EXEC SPC_COM_MENU '1';
2019-03-22 11:01:43 EXEC SPC_G001_LST1 '1';
2019-03-22 11:02:08 EXEC SPC_COM_PERMISSION '1','2','g001';
2019-03-22 11:02:08 EXEC SPC_COM_MENU '1';
2019-03-22 11:02:08 EXEC SPC_G001_LST1 '1';
2019-03-22 11:02:10 EXEC SPC_COM_PERMISSION '1','2','g001';
2019-03-22 11:02:10 EXEC SPC_COM_MENU '1';
2019-03-22 11:02:10 EXEC SPC_G001_LST1 '1';
2019-03-22 11:02:40 EXEC SPC_COM_PERMISSION '1','2','g001';
2019-03-22 11:02:40 EXEC SPC_COM_MENU '1';
2019-03-22 11:02:40 EXEC SPC_G001_LST1 '1';
2019-03-22 11:03:10 EXEC SPC_COM_PERMISSION '1','2','g001';
2019-03-22 11:03:10 EXEC SPC_COM_MENU '1';
2019-03-22 11:03:10 EXEC SPC_G001_LST1 '1';
2019-03-22 11:03:34 EXEC SPC_COM_PERMISSION '1','2','g001';
2019-03-22 11:03:34 EXEC SPC_COM_MENU '1';
2019-03-22 11:03:34 EXEC SPC_G001_LST1 '1';
2019-03-22 11:04:25 EXEC SPC_COM_PERMISSION '1','2','g001';
2019-03-22 11:04:25 EXEC SPC_COM_MENU '1';
2019-03-22 11:04:25 EXEC SPC_G001_LST1 '1';
2019-03-22 11:05:09 EXEC SPC_COM_PERMISSION '1','2','g001';
2019-03-22 11:05:09 EXEC SPC_COM_MENU '1';
2019-03-22 11:05:09 EXEC SPC_G001_LST1 '1';
2019-03-22 11:05:47 EXEC SPC_COM_PERMISSION '1','2','g001';
2019-03-22 11:05:47 EXEC SPC_COM_MENU '1';
2019-03-22 11:05:47 EXEC SPC_G001_LST1 '1';
2019-03-22 11:08:08 EXEC SPC_COM_PERMISSION '1','2','g001';
2019-03-22 11:08:08 EXEC SPC_COM_MENU '1';
2019-03-22 11:08:08 EXEC SPC_G001_LST1 '1';
2019-03-22 11:10:03 EXEC SPC_COM_PERMISSION '1','2','g001';
2019-03-22 11:10:03 EXEC SPC_COM_MENU '1';
2019-03-22 11:10:03 EXEC SPC_G001_LST1 '1';
2019-03-22 11:10:28 EXEC SPC_COM_PERMISSION '1','2','g001';
2019-03-22 11:10:28 EXEC SPC_COM_MENU '1';
2019-03-22 11:10:28 EXEC SPC_G001_LST1 '1';
2019-03-22 11:10:50 EXEC SPC_COM_PERMISSION '1','2','g001';
2019-03-22 11:10:50 EXEC SPC_COM_MENU '1';
2019-03-22 11:10:50 EXEC SPC_G001_LST1 '1';
2019-03-22 11:11:03 EXEC SPC_COM_PERMISSION '1','2','g001';
2019-03-22 11:11:03 EXEC SPC_COM_MENU '1';
2019-03-22 11:11:03 EXEC SPC_G001_LST1 '1';
2019-03-22 11:17:19 EXEC SPC_COM_PERMISSION '1','2','g001';
2019-03-22 11:17:20 EXEC SPC_COM_MENU '1';
2019-03-22 11:17:20 EXEC SPC_G001_LST1 '1';
2019-03-22 11:18:39 EXEC SPC_COM_PERMISSION '1','2','m003';
2019-03-22 11:18:39 EXEC SPC_COM_MENU '1';
2019-03-22 11:18:39 EXEC SPC_M003_FND1
2019-03-22 11:18:43 EXEC SPC_COM_PERMISSION '1','2','m004';
2019-03-22 11:18:43 EXEC SPC_COM_MENU '1';
2019-03-22 11:18:43 EXEC SPC_M004_FND1
2019-03-22 11:19:39 EXEC SPC_COM_PERMISSION '1','2','g001';
2019-03-22 11:19:39 EXEC SPC_COM_MENU '1';
2019-03-22 11:19:39 EXEC SPC_G001_LST1 '1';
2019-03-22 11:20:33 EXEC SPC_COM_PERMISSION '1','2','g001';
2019-03-22 11:20:33 EXEC SPC_COM_MENU '1';
2019-03-22 11:20:33 EXEC SPC_G001_LST1 '1';
2019-03-22 11:23:28 EXEC SPC_COM_PERMISSION '1','2','m003';
2019-03-22 11:23:28 EXEC SPC_COM_MENU '1';
2019-03-22 11:23:28 EXEC SPC_M003_FND1
2019-03-22 11:24:23 EXEC SPC_COM_PERMISSION '1','2','g001';
2019-03-22 11:24:23 EXEC SPC_COM_MENU '1';
2019-03-22 11:24:23 EXEC SPC_G001_LST1 '1';
2019-03-22 11:25:00 EXEC SPC_COM_PERMISSION '1','2','g001';
2019-03-22 11:25:00 EXEC SPC_COM_MENU '1';
2019-03-22 11:25:00 EXEC SPC_G001_LST1 '1';
2019-03-22 11:27:00 EXEC SPC_COM_PERMISSION '1','2','g001';
2019-03-22 11:27:00 EXEC SPC_COM_MENU '1';
2019-03-22 11:27:00 EXEC SPC_G001_LST1 '1';
2019-03-22 11:29:24 EXEC SPC_COM_PERMISSION '1','2','g001';
2019-03-22 11:29:24 EXEC SPC_COM_MENU '1';
2019-03-22 11:29:24 EXEC SPC_G001_LST1 '1';
2019-03-22 11:29:29 EXEC SPC_COM_PERMISSION '1','2','m004';
2019-03-22 11:29:29 EXEC SPC_COM_MENU '1';
2019-03-22 11:29:29 EXEC SPC_M004_FND1
2019-03-22 11:30:00 EXEC SPC_COM_PERMISSION '1','2','g001';
2019-03-22 11:30:00 EXEC SPC_COM_MENU '1';
2019-03-22 11:30:00 EXEC SPC_G001_LST1 '1';
2019-03-22 11:31:04 EXEC SPC_COM_PERMISSION '1','2','g001';
2019-03-22 11:31:04 EXEC SPC_COM_MENU '1';
2019-03-22 11:31:04 EXEC SPC_G001_LST1 '1';
2019-03-22 11:31:38 EXEC SPC_COM_PERMISSION '1','2','g001';
2019-03-22 11:31:38 EXEC SPC_COM_MENU '1';
2019-03-22 11:31:38 EXEC SPC_G001_LST1 '1';
2019-03-22 11:32:13 EXEC SPC_COM_PERMISSION '1','2','g001';
2019-03-22 11:32:13 EXEC SPC_COM_MENU '1';
2019-03-22 11:32:13 EXEC SPC_G001_LST1 '1';
2019-03-22 11:36:26 EXEC SPC_COM_PERMISSION '1','2','g001';
2019-03-22 11:36:26 EXEC SPC_COM_MENU '1';
2019-03-22 11:36:26 EXEC SPC_G001_LST1 '1';
2019-03-22 11:37:01 EXEC SPC_COM_PERMISSION '1','2','g001';
2019-03-22 11:37:01 EXEC SPC_COM_MENU '1';
2019-03-22 11:37:01 EXEC SPC_G001_LST1 '1';
2019-03-22 11:37:18 EXEC SPC_COM_PERMISSION '1','2','g001';
2019-03-22 11:37:18 EXEC SPC_COM_MENU '1';
2019-03-22 11:37:18 EXEC SPC_G001_LST1 '1';
2019-03-22 11:41:41 EXEC SPC_COM_PERMISSION '1','2','g001';
2019-03-22 11:41:41 EXEC SPC_COM_MENU '1';
2019-03-22 11:41:41 EXEC SPC_G001_LST1 '1';
2019-03-22 11:41:59 EXEC SPC_COM_PERMISSION '1','2','g001';
2019-03-22 11:41:59 EXEC SPC_COM_MENU '1';
2019-03-22 11:41:59 EXEC SPC_G001_LST1 '1';
2019-03-22 11:42:56 EXEC SPC_COM_PERMISSION '1','2','g001';
2019-03-22 11:42:56 EXEC SPC_COM_MENU '1';
2019-03-22 11:42:56 EXEC SPC_G001_LST1 '1';
2019-03-22 11:43:45 EXEC SPC_COM_PERMISSION '1','2','g001';
2019-03-22 11:43:45 EXEC SPC_COM_MENU '1';
2019-03-22 11:43:45 EXEC SPC_G001_LST1 '1';
2019-03-22 11:49:09 EXEC SPC_COM_PERMISSION '1','2','g001';
2019-03-22 11:49:09 EXEC SPC_COM_MENU '1';
2019-03-22 11:49:09 EXEC SPC_G001_LST1 '1';
2019-03-22 11:49:59 EXEC SPC_COM_PERMISSION '1','2','g001';
2019-03-22 11:49:59 EXEC SPC_COM_MENU '1';
2019-03-22 11:49:59 EXEC SPC_G001_LST1 '1';
2019-03-22 11:52:53 EXEC SPC_COM_MENU '1';
2019-03-22 11:53:00 EXEC SPC_COM_MENU '1';
2019-03-22 11:53:02 EXEC SPC_COM_DATA 'ndq809','1','2';
2019-03-22 13:48:07 EXEC SPC_COM_PERMISSION '1','2','v002';
2019-03-22 13:48:07 EXEC SPC_COM_MENU '1';
2019-03-22 13:48:07 EXEC SPC_V002_FND1
2019-03-22 13:48:08 EXEC SPC_COM_PERMISSION '1','2','v002';
2019-03-22 13:48:08 EXEC SPC_COM_MENU '1';
2019-03-22 13:48:08 EXEC SPC_V002_FND1
2019-03-22 13:49:25 EXEC SPC_COM_MENU '1';
2019-03-22 13:49:27 EXEC SPC_COM_MENU '1';
2019-03-22 13:49:28 EXEC SPC_COM_DATA 'ndq809','1','2';
2019-03-22 13:49:31 EXEC SPC_COM_MENU '1';
2019-03-22 13:49:49 EXEC SPC_COM_MENU '1';
2019-03-22 13:50:14 EXEC SPC_COM_MENU '1';
2019-03-22 13:50:14 EXEC SPC_V002_ACT1 '','','face','1','fie','khuôn mặt','/web-content/images/vocabulary/cropped-sad_20190322 1313030331311553230171735.jpg','mặt ai đây','','/web-content/audio/listeningAudio/audio_5c9469867955b.mp3','','1','::1';
2019-03-22 13:50:15 EXEC SPC_COM_MENU '1';
2019-03-22 13:50:15 EXEC SPC_v002_LST1 '9','1';
2019-03-22 13:54:49 EXEC SPC_COM_PERMISSION '1','2','g001';
2019-03-22 13:54:49 EXEC SPC_COM_MENU '1';
2019-03-22 13:54:49 EXEC SPC_G001_LST1 '1';
2019-03-22 13:57:10 EXEC SPC_COM_PERMISSION '1','2','g001';
2019-03-22 13:57:10 EXEC SPC_COM_MENU '1';
2019-03-22 13:57:10 EXEC SPC_G001_LST1 '1';
2019-03-22 13:57:24 EXEC SPC_COM_PERMISSION '1','2','g001';
2019-03-22 13:57:24 EXEC SPC_COM_MENU '1';
2019-03-22 13:57:24 EXEC SPC_G001_LST1 '1';
2019-03-22 14:56:02 EXEC SPC_COM_PERMISSION '1','2','w002';
2019-03-22 14:56:02 EXEC SPC_COM_MENU '1';
2019-03-22 14:56:03 EXEC SPC_W002_FND1
2019-03-22 14:56:24 EXEC SPC_COM_MENU '1';
2019-03-22 14:56:24 EXEC SPC_W002_LST2 '1';
2019-03-22 14:58:01 EXEC SPC_COM_PERMISSION '1','2','w001';
2019-03-22 14:58:01 EXEC SPC_COM_MENU '1';
2019-03-22 14:58:01 EXEC SPC_COM_M999_INQ1 '7';
2019-03-22 14:58:05 EXEC SPC_COM_PERMISSION '1','2','w002';
2019-03-22 14:58:05 EXEC SPC_COM_MENU '1';
2019-03-22 14:58:05 EXEC SPC_W002_FND1
2019-03-22 14:58:09 EXEC SPC_COM_MENU '1';
2019-03-22 14:58:09 EXEC SPC_W002_LST1 '2055';
2019-03-22 14:58:10 EXEC SPC_COM_MENU '1';
2019-03-22 14:58:10 EXEC SPC_W002_LST2 '1';
2019-03-22 14:58:10 EXEC SPC_COM_MENU '1';
2019-03-22 14:58:10 EXEC SPC_COMMON_GROUP '3';
2019-03-22 15:08:04 EXEC SPC_COM_PERMISSION '1','2','g001';
2019-03-22 15:08:04 EXEC SPC_COM_MENU '1';
2019-03-22 15:08:04 EXEC SPC_G001_LST1 '1';
2019-03-22 15:08:07 EXEC SPC_COM_MENU '1';
2019-03-22 15:08:07 EXEC SPC_W002_LST2 '1';
2019-03-22 15:54:40 EXEC SPC_COM_PERMISSION '1','2','g001';
2019-03-22 15:54:40 EXEC SPC_COM_MENU '1';
2019-03-22 15:54:40 EXEC SPC_G001_LST1 '1';
2019-03-22 15:54:48 EXEC SPC_COM_PERMISSION '1','2','g001';
2019-03-22 15:54:48 EXEC SPC_COM_MENU '1';
2019-03-22 15:54:48 EXEC SPC_G001_LST1 '1';
2019-03-22 15:55:38 EXEC SPC_COM_PERMISSION '1','2','g001';
2019-03-22 15:55:38 EXEC SPC_COM_MENU '1';
2019-03-22 15:55:38 EXEC SPC_G001_LST1 '1';
2019-03-22 16:09:54 EXEC SPC_COM_PERMISSION '1','2','g001';
2019-03-22 16:09:54 EXEC SPC_COM_MENU '1';
2019-03-22 16:09:54 EXEC SPC_G001_LST1 '1';
2019-03-22 16:17:46 EXEC SPC_COM_PERMISSION '1','2','g001';
2019-03-22 16:17:46 EXEC SPC_COM_MENU '1';
2019-03-22 16:17:46 EXEC SPC_G001_LST1 '1';
2019-03-22 16:17:49 EXEC SPC_COM_PERMISSION '1','2','g001';
2019-03-22 16:17:49 EXEC SPC_COM_MENU '1';
2019-03-22 16:17:49 EXEC SPC_G001_LST1 '1';
2019-03-22 16:22:42 EXEC SPC_COM_PERMISSION '1','2','g001';
2019-03-22 16:22:42 EXEC SPC_COM_MENU '1';
2019-03-22 16:22:42 EXEC SPC_G001_LST1 '1';
2019-03-22 16:22:42 SQLSTATE[22018]: [Microsoft][ODBC Driver 13 for SQL Server][SQL Server]nvarchar の値 'ndq809' をデータ型 int に変換できませんでした。
2019-03-22 16:23:39 EXEC SPC_COM_PERMISSION '1','2','g001';
2019-03-22 16:23:39 EXEC SPC_COM_MENU '1';
2019-03-22 16:23:39 EXEC SPC_G001_LST1 '1';
2019-03-22 16:23:39 SQLSTATE[22018]: [Microsoft][ODBC Driver 13 for SQL Server][SQL Server]nvarchar の値 'ndq809' をデータ型 int に変換できませんでした。
2019-03-22 16:25:19 EXEC SPC_COM_PERMISSION '1','2','g001';
2019-03-22 16:25:19 EXEC SPC_COM_MENU '1';
2019-03-22 16:25:19 EXEC SPC_G001_LST1 '1';
2019-03-22 16:25:19 SQLSTATE[22018]: [Microsoft][ODBC Driver 13 for SQL Server][SQL Server]nvarchar の値 'ndq809' をデータ型 int に変換できませんでした。
2019-03-22 16:26:05 EXEC SPC_COM_PERMISSION '1','2','g001';
2019-03-22 16:26:05 EXEC SPC_COM_MENU '1';
2019-03-22 16:26:05 EXEC SPC_G001_LST1 '1';
2019-03-22 16:26:05 SQLSTATE[22018]: [Microsoft][ODBC Driver 13 for SQL Server][SQL Server]nvarchar の値 'ndq809' をデータ型 int に変換できませんでした。
2019-03-22 16:26:06 EXEC SPC_COM_PERMISSION '1','2','g001';
2019-03-22 16:26:06 EXEC SPC_COM_MENU '1';
2019-03-22 16:26:06 EXEC SPC_G001_LST1 '1';
2019-03-22 16:26:06 SQLSTATE[22018]: [Microsoft][ODBC Driver 13 for SQL Server][SQL Server]nvarchar の値 'ndq809' をデータ型 int に変換できませんでした。
2019-03-22 16:26:07 EXEC SPC_COM_PERMISSION '1','2','g001';
2019-03-22 16:26:07 EXEC SPC_COM_MENU '1';
2019-03-22 16:26:07 EXEC SPC_G001_LST1 '1';
2019-03-22 16:26:07 SQLSTATE[22018]: [Microsoft][ODBC Driver 13 for SQL Server][SQL Server]nvarchar の値 'ndq809' をデータ型 int に変換できませんでした。
2019-03-22 16:26:14 EXEC SPC_COM_PERMISSION '1','2','g001';
2019-03-22 16:26:14 EXEC SPC_COM_MENU '1';
2019-03-22 16:26:14 EXEC SPC_G001_LST1 '1';
2019-03-22 16:26:14 SQLSTATE[22018]: [Microsoft][ODBC Driver 13 for SQL Server][SQL Server]nvarchar の値 'ndq809' をデータ型 int に変換できませんでした。
2019-03-22 16:27:24 EXEC SPC_COM_PERMISSION '1','2','g001';
2019-03-22 16:27:24 EXEC SPC_COM_MENU '1';
2019-03-22 16:27:24 EXEC SPC_G001_LST1 '1';
2019-03-22 16:28:22 EXEC SPC_COM_PERMISSION '1','2','g001';
2019-03-22 16:28:22 EXEC SPC_COM_MENU '1';
2019-03-22 16:28:22 EXEC SPC_G001_LST1 '1';
2019-03-22 16:28:24 EXEC SPC_COM_PERMISSION '1','2','g001';
2019-03-22 16:28:24 EXEC SPC_COM_MENU '1';
2019-03-22 16:28:24 EXEC SPC_G001_LST1 '1';
2019-03-22 16:28:32 EXEC SPC_COM_PERMISSION '1','2','g001';
2019-03-22 16:28:32 EXEC SPC_COM_MENU '1';
2019-03-22 16:28:32 EXEC SPC_G001_LST1 '1';
2019-03-22 16:29:27 EXEC SPC_COM_PERMISSION '1','2','g001';
2019-03-22 16:29:27 EXEC SPC_COM_MENU '1';
2019-03-22 16:29:27 EXEC SPC_G001_LST1 '1';
2019-03-22 16:30:00 EXEC SPC_COM_PERMISSION '1','2','g001';
2019-03-22 16:30:00 EXEC SPC_COM_MENU '1';
2019-03-22 16:30:00 EXEC SPC_G001_LST1 '1';
2019-03-22 16:31:50 EXEC SPC_COM_PERMISSION '1','2','g001';
2019-03-22 16:31:50 EXEC SPC_COM_MENU '1';
2019-03-22 16:31:50 EXEC SPC_G001_LST1 '1';
2019-03-22 16:41:05 EXEC SPC_COM_PERMISSION '1','2','m003';
2019-03-22 16:41:05 EXEC SPC_COM_MENU '1';
2019-03-22 16:41:05 EXEC SPC_M003_FND1
2019-03-22 16:41:09 EXEC SPC_COM_PERMISSION '1','2','m004';
2019-03-22 16:41:09 EXEC SPC_COM_MENU '1';
2019-03-22 16:41:09 EXEC SPC_M004_FND1
2019-03-22 16:42:41 EXEC SPC_COM_PERMISSION '1','2','g001';
2019-03-22 16:42:41 EXEC SPC_COM_MENU '1';
2019-03-22 16:42:41 EXEC SPC_G001_LST1 '1';
2019-03-22 16:47:24 EXEC SPC_COM_PERMISSION '1','2','g001';
2019-03-22 16:47:24 EXEC SPC_COM_MENU '1';
2019-03-22 16:47:24 EXEC SPC_G001_LST1 '1';
2019-03-22 16:47:40 EXEC SPC_COM_MENU '1';
2019-03-22 16:47:51 EXEC SPC_COM_MENU '1';
2019-03-22 16:47:57 EXEC SPC_COM_DATA 'ndq809','1','2';
2019-03-22 16:47:57 EXEC SPC_COM_MENU '1';
2019-03-22 16:48:00 EXEC SPC_COM_PERMISSION '1','2','g001';
2019-03-22 16:48:00 EXEC SPC_COM_MENU '1';
2019-03-22 16:48:00 EXEC SPC_G001_LST1 '1';
2019-03-22 16:48:22 EXEC SPC_COM_PERMISSION '1','2','g001';
2019-03-22 16:48:22 EXEC SPC_COM_MENU '1';
2019-03-22 16:48:22 EXEC SPC_G001_LST1 '1';
2019-03-22 16:48:27 EXEC SPC_COM_MENU '1';
2019-03-22 16:48:30 EXEC SPC_COM_MENU '1';
2019-03-22 16:48:32 EXEC SPC_COM_MENU '1';
2019-03-22 16:48:32 EXEC SPC_G001_ACT1 '/web-content/images/vocabulary/cropped-image5b62c1d1c8734_20190322 1616030327271553240907298.jpg','Nguyễn Đình','Quý','ndq809@gmail.com','07039881948','1','08/09/1993','','1','::1';
2019-03-22 16:48:38 EXEC SPC_COM_PERMISSION '1','2','g001';
2019-03-22 16:48:38 EXEC SPC_COM_MENU '1';
2019-03-22 16:48:38 EXEC SPC_G001_LST1 '1';
2019-03-22 16:49:07 EXEC SPC_COM_MENU '1';
2019-03-22 16:49:07 EXEC SPC_G001_ACT1 '/web-content/images/vocabulary/cropped-image5b62c1d1c8734_20190322 1616030327271553240907298.jpg','Nguyễn Đình','Quý','ndq809@gmail.com','07039881948','1','08/09/1993','tokyo nhật bản','1','::1';
2019-03-22 16:49:10 EXEC SPC_COM_PERMISSION '1','2','g001';
2019-03-22 16:49:10 EXEC SPC_COM_MENU '1';
2019-03-22 16:49:10 EXEC SPC_G001_LST1 '1';
2019-03-22 16:49:13 EXEC SPC_COM_PERMISSION '1','2','g001';
2019-03-22 16:49:13 EXEC SPC_COM_MENU '1';
2019-03-22 16:49:13 EXEC SPC_G001_LST1 '1';
2019-03-22 16:50:46 EXEC SPC_COM_PERMISSION '1','2','g001';
2019-03-22 16:50:46 EXEC SPC_COM_MENU '1';
2019-03-22 16:50:46 EXEC SPC_G001_LST1 '1';
2019-03-22 16:51:06 EXEC SPC_COM_PERMISSION '1','2','g001';
2019-03-22 16:51:06 EXEC SPC_COM_MENU '1';
2019-03-22 16:51:06 EXEC SPC_G001_LST1 '1';
2019-03-22 16:51:16 EXEC SPC_COM_PERMISSION '1','2','g001';
2019-03-22 16:51:16 EXEC SPC_COM_MENU '1';
2019-03-22 16:51:16 EXEC SPC_G001_LST1 '1';
2019-03-22 16:51:52 EXEC SPC_COM_PERMISSION '1','2','g001';
2019-03-22 16:51:52 EXEC SPC_COM_MENU '1';
2019-03-22 16:51:52 EXEC SPC_G001_LST1 '1';
2019-03-22 16:55:09 EXEC SPC_COM_PERMISSION '1','2','g001';
2019-03-22 16:55:09 EXEC SPC_COM_MENU '1';
2019-03-22 16:55:09 EXEC SPC_G001_LST1 '1';
2019-03-22 16:55:30 EXEC SPC_COM_PERMISSION '1','2','g001';
2019-03-22 16:55:30 EXEC SPC_COM_MENU '1';
2019-03-22 16:55:30 EXEC SPC_G001_LST1 '1';
2019-03-22 16:55:42 EXEC SPC_COM_MENU '1';
2019-03-22 16:55:50 EXEC SPC_COM_MENU '1';
2019-03-22 16:55:53 EXEC SPC_COM_MENU '1';
2019-03-22 16:55:53 EXEC SPC_G001_ACT1 '/web-content/images/vocabulary/cropped-image5b6a6b6562b55_20190322 1616030342421553241342696.jpg','Nguyễn Đình','Quý','ndq809@gmail.com','07039881948','1','08/09/1993','tokyo nhật bản','1','::1';
2019-03-22 16:55:58 EXEC SPC_COM_PERMISSION '1','2','g001';
2019-03-22 16:55:58 EXEC SPC_COM_MENU '1';
2019-03-22 16:55:58 EXEC SPC_G001_LST1 '1';
2019-03-22 17:05:05 EXEC SPC_COM_MENU '1';
2019-03-22 17:05:05 EXEC SPC_G001_ACT1 '/web-content/images/avarta/default_avarta.jpg','Nguyễn Đình','Quý','ndq809@gmail.com','07039881948','1','08/09/1993','tokyo nhật bản','1','::1';
2019-03-22 17:05:09 EXEC SPC_COM_PERMISSION '1','2','g001';
2019-03-22 17:05:09 EXEC SPC_COM_MENU '1';
2019-03-22 17:05:09 EXEC SPC_G001_LST1 '1';
2019-03-22 17:05:21 EXEC SPC_COM_MENU '1';
2019-03-22 17:05:34 EXEC SPC_COM_MENU '1';
2019-03-22 17:05:37 EXEC SPC_COM_MENU '1';
2019-03-22 17:05:37 EXEC SPC_G001_ACT1 '/web-content/images/vocabulary/cropped-image5b6a9c2bc42e1_20190322 1717030321211553241921248.jpg','Nguyễn Đình','Quý','ndq809@gmail.com','07039881948','1','08/09/1993','tokyo nhật bản','1','::1';
2019-03-22 17:05:40 EXEC SPC_COM_PERMISSION '1','2','g001';
2019-03-22 17:05:40 EXEC SPC_COM_MENU '1';
2019-03-22 17:05:40 EXEC SPC_G001_LST1 '1';
2019-03-22 17:06:31 EXEC SPC_COM_PERMISSION '1','2','g001';
2019-03-22 17:06:31 EXEC SPC_COM_MENU '1';
2019-03-22 17:06:31 EXEC SPC_G001_LST1 '1';
2019-03-22 17:06:37 EXEC SPC_COM_MENU '1';
2019-03-22 17:06:37 EXEC SPC_G001_ACT1 '/web-content/images/vocabulary/cropped-image5b6a9c2bc42e1_20190322 1717030321211553241921248.jpg','Nguyễn Đình','Quý','ndq809@gmail.com','07039881948','1','08/09/1993','tokyo nhật bản','1','::1';
2019-03-22 17:09:04 EXEC SPC_COM_PERMISSION '1','2','w002';
2019-03-22 17:09:04 EXEC SPC_COM_MENU '1';
2019-03-22 17:09:04 EXEC SPC_W002_FND1
2019-03-22 17:09:13 EXEC SPC_COM_MENU '1';
2019-03-22 17:09:13 EXEC SPC_W002_LST2 '9';
2019-03-22 17:09:49 EXEC SPC_COM_MENU '1';
2019-03-22 17:09:49 EXEC SPC_w002_ACT1 '','9','','','black panter','<row tag_nm="mavel" is_new="1" />','<p>best supper hero ever!</p>
','','','0','','','','1','::1';
2019-03-22 17:09:50 SQLSTATE[21S01]: [Microsoft][ODBC Driver 13 for SQL Server][SQL Server]列名または指定された値の数がテーブルの定義と一致しません。
2019-03-22 17:09:58 EXEC SPC_COM_MENU '1';
2019-03-22 17:09:58 EXEC SPC_w002_ACT1 '','9','','','black panter','<row tag_nm="mavel" is_new="1" />','<p>best supper hero ever!</p>
','','','0','','','','1','::1';
2019-03-22 17:09:58 SQLSTATE[21S01]: [Microsoft][ODBC Driver 13 for SQL Server][SQL Server]列名または指定された値の数がテーブルの定義と一致しません。
2019-03-22 17:12:19 EXEC SPC_COM_MENU '1';
2019-03-22 17:12:19 EXEC SPC_w002_ACT1 '','9','','','black panter','<row tag_nm="mavel" is_new="1" />','<p>best supper hero ever!</p>
','','','0','','','','1','::1';
2019-03-22 17:12:19 SQLSTATE[21S01]: [Microsoft][ODBC Driver 13 for SQL Server][SQL Server]列名または指定された値の数がテーブルの定義と一致しません。
2019-03-22 17:13:53 EXEC SPC_COM_MENU '1';
2019-03-22 17:13:53 EXEC SPC_w002_ACT1 '','9','','','black panter','<row tag_nm="mavel" is_new="1" />','<p>best supper hero ever!</p>
','','','0','','','','1','::1';
2019-03-22 17:13:55 EXEC SPC_COM_MENU '1';
2019-03-22 17:13:55 EXEC SPC_W002_LST1 '2058';
2019-03-22 17:13:55 EXEC SPC_COM_MENU '1';
2019-03-22 17:13:55 EXEC SPC_W002_LST2 '9';
2019-03-22 17:14:05 EXEC SPC_COM_PERMISSION '1','2','g001';
2019-03-22 17:14:05 EXEC SPC_COM_MENU '1';
2019-03-22 17:14:05 EXEC SPC_G001_LST1 '1';
2019-03-22 17:17:01 EXEC SPC_COM_PERMISSION '1','2','g001';
2019-03-22 17:17:01 EXEC SPC_COM_MENU '1';
2019-03-22 17:17:01 EXEC SPC_G001_LST1 '1';
2019-03-22 17:41:10 EXEC SPC_COM_PERMISSION '1','2','g001';
2019-03-22 17:41:10 EXEC SPC_COM_MENU '1';
2019-03-22 17:41:10 EXEC SPC_G001_LST1 '1';
2019-03-22 17:44:19 EXEC SPC_COM_PERMISSION '1','2','g001';
2019-03-22 17:44:19 EXEC SPC_COM_MENU '1';
2019-03-22 17:44:19 EXEC SPC_G001_LST1 '1';
2019-03-22 17:44:46 EXEC SPC_COM_PERMISSION '1','2','g001';
2019-03-22 17:44:46 EXEC SPC_COM_MENU '1';
2019-03-22 17:44:46 EXEC SPC_G001_LST1 '1';
2019-03-22 17:44:55 EXEC SPC_COM_MENU '1';
2019-03-22 17:44:55 EXEC SPC_G001_LST2 '11/02/2018','10/03/2019','1';
2019-03-22 17:45:06 EXEC SPC_COM_MENU '1';
2019-03-22 17:45:06 EXEC SPC_G001_LST2 '11/02/2018','10/03/2019','1';
2019-03-22 17:49:15 EXEC SPC_COM_PERMISSION '1','2','g001';
2019-03-22 17:49:15 EXEC SPC_COM_MENU '1';
2019-03-22 17:49:15 EXEC SPC_G001_LST1 '1';
2019-03-22 17:49:24 EXEC SPC_COM_MENU '1';
2019-03-22 17:49:24 EXEC SPC_G001_LST2 '11/02/2018','10/03/2019','1';
2019-03-22 17:53:03 EXEC SPC_COM_PERMISSION '1','2','g001';
2019-03-22 17:53:03 EXEC SPC_COM_MENU '1';
2019-03-22 17:53:03 EXEC SPC_G001_LST1 '1';
2019-03-22 17:53:06 EXEC SPC_COM_MENU '1';
2019-03-22 17:53:06 EXEC SPC_G001_LST2 '11/02/2019','10/03/2019','1';
2019-03-22 17:53:35 EXEC SPC_COM_PERMISSION '1','2','g001';
2019-03-22 17:53:35 EXEC SPC_COM_MENU '1';
2019-03-22 17:53:35 EXEC SPC_G001_LST1 '1';
2019-03-22 17:53:37 EXEC SPC_COM_MENU '1';
2019-03-22 17:53:37 EXEC SPC_G001_LST2 '11/02/2019','10/03/2019','1';
2019-03-22 17:53:47 EXEC SPC_COM_MENU '1';
2019-03-22 17:53:47 EXEC SPC_G001_LST2 '11/02/2018','10/03/2019','1';
2019-03-22 17:54:19 EXEC SPC_COM_MENU '1';
2019-03-22 17:54:19 EXEC SPC_G001_LST2 '11/02/2019','10/03/2019','1';
2019-03-22 17:59:33 EXEC SPC_COM_PERMISSION '1','2','g001';
2019-03-22 17:59:33 EXEC SPC_COM_MENU '1';
2019-03-22 17:59:33 EXEC SPC_G001_LST1 '1';
2019-03-22 17:59:33 SQLSTATE[22007]: [Microsoft][ODBC Driver 13 for SQL Server][SQL Server]文字列から日付と時刻、またはそのいずれかへの変換中に、変換が失敗しました。
2019-03-22 18:02:27 EXEC SPC_COM_PERMISSION '1','2','g001';
2019-03-22 18:02:27 EXEC SPC_COM_MENU '1';
2019-03-22 18:02:27 EXEC SPC_G001_LST1 '1';
2019-03-22 18:02:27 SQLSTATE[22007]: [Microsoft][ODBC Driver 13 for SQL Server][SQL Server]文字列から日付と時刻、またはそのいずれかへの変換中に、変換が失敗しました。
2019-03-22 18:02:43 EXEC SPC_COM_PERMISSION '1','2','g001';
2019-03-22 18:02:43 EXEC SPC_COM_MENU '1';
2019-03-22 18:02:43 EXEC SPC_G001_LST1 '1';
2019-03-22 18:02:43 SQLSTATE[22007]: [Microsoft][ODBC Driver 13 for SQL Server][SQL Server]文字列から日付と時刻、またはそのいずれかへの変換中に、変換が失敗しました。
2019-03-22 18:02:48 EXEC SPC_COM_PERMISSION '1','2','g001';
2019-03-22 18:02:48 EXEC SPC_COM_MENU '1';
2019-03-22 18:02:48 EXEC SPC_G001_LST1 '1';
2019-03-22 18:02:48 SQLSTATE[22007]: [Microsoft][ODBC Driver 13 for SQL Server][SQL Server]文字列から日付と時刻、またはそのいずれかへの変換中に、変換が失敗しました。
2019-03-22 18:03:33 EXEC SPC_COM_PERMISSION '1','2','g001';
2019-03-22 18:03:33 EXEC SPC_COM_MENU '1';
2019-03-22 18:03:33 EXEC SPC_G001_LST1 '1';
2019-03-22 18:03:38 EXEC SPC_COM_MENU '1';
2019-03-22 18:03:38 EXEC SPC_G001_LST2 '11/02/2019','10/03/2019','1';
2019-03-22 18:03:39 EXEC SPC_COM_MENU '1';
2019-03-22 18:03:39 EXEC SPC_G001_LST2 '11/02/2019','10/03/2019','1';
2019-03-22 18:03:46 EXEC SPC_COM_MENU '1';
2019-03-22 18:03:46 EXEC SPC_G001_LST2 '11/02/2018','10/03/2019','1';
2019-03-22 18:03:52 EXEC SPC_COM_MENU '1';
2019-03-22 18:03:52 EXEC SPC_G001_LST2 '11/02/2018','10/04/2019','1';
2019-03-22 18:06:12 EXEC SPC_COM_PERMISSION '1','2','g001';
2019-03-22 18:06:12 EXEC SPC_COM_MENU '1';
2019-03-22 18:06:12 EXEC SPC_G001_LST1 '1';
2019-03-22 18:06:48 EXEC SPC_COM_PERMISSION '1','2','g001';
2019-03-22 18:06:48 EXEC SPC_COM_MENU '1';
2019-03-22 18:06:48 EXEC SPC_G001_LST1 '1';
2019-03-22 18:07:29 EXEC SPC_COM_PERMISSION '1','2','g001';
2019-03-22 18:07:29 EXEC SPC_COM_MENU '1';
2019-03-22 18:07:29 EXEC SPC_G001_LST1 '1';
2019-03-22 18:07:50 EXEC SPC_COM_PERMISSION '1','2','g001';
2019-03-22 18:07:50 EXEC SPC_COM_MENU '1';
2019-03-22 18:07:50 EXEC SPC_G001_LST1 '1';
2019-03-22 18:07:53 EXEC SPC_COM_PERMISSION '1','2','g001';
2019-03-22 18:07:53 EXEC SPC_COM_MENU '1';
2019-03-22 18:07:53 EXEC SPC_G001_LST1 '1';
2019-03-22 18:07:56 EXEC SPC_COM_PERMISSION '1','2','g001';
2019-03-22 18:07:56 EXEC SPC_COM_MENU '1';
2019-03-22 18:07:56 EXEC SPC_G001_LST1 '1';
2019-03-22 18:08:16 EXEC SPC_COM_PERMISSION '1','2','g001';
2019-03-22 18:08:16 EXEC SPC_COM_MENU '1';
2019-03-22 18:08:16 EXEC SPC_G001_LST1 '1';
2019-03-22 18:09:54 EXEC SPC_COM_PERMISSION '1','2','g001';
2019-03-22 18:09:54 EXEC SPC_COM_MENU '1';
2019-03-22 18:09:54 EXEC SPC_G001_LST1 '1';
2019-03-22 18:15:48 EXEC SPC_COM_PERMISSION '1','2','g001';
2019-03-22 18:15:48 EXEC SPC_COM_MENU '1';
2019-03-22 18:15:48 EXEC SPC_G001_LST1 '1';
2019-03-22 18:16:09 EXEC SPC_COM_PERMISSION '1','2','g001';
2019-03-22 18:16:09 EXEC SPC_COM_MENU '1';
2019-03-22 18:16:09 EXEC SPC_G001_LST1 '1';
2019-03-22 18:16:16 EXEC SPC_COM_MENU '1';
2019-03-22 18:16:16 EXEC SPC_G001_LST2 '11/02/2019','10/03/2019','1';
2019-03-22 18:16:46 EXEC SPC_COM_PERMISSION '1','2','g001';
2019-03-22 18:16:46 EXEC SPC_COM_MENU '1';
2019-03-22 18:16:46 EXEC SPC_G001_LST1 '1';
2019-03-22 18:16:48 EXEC SPC_COM_MENU '1';
2019-03-22 18:16:48 EXEC SPC_G001_LST2 '11/02/2019','10/03/2019','1';
2019-03-22 18:16:55 EXEC SPC_COM_MENU '1';
2019-03-22 18:16:55 EXEC SPC_G001_LST2 '11/02/2019','10/04/2019','1';
