2019-02-21 13:06:48 EXEC SPC_COM_DATA '','','';
2019-02-21 13:06:59 EXEC SPC_COM_DATA '','','';
2019-02-21 13:07:06 EXEC SPC_COM_DATA '','','';
2019-02-21 13:07:19 EXEC SPC_COM_DATA '','','';
2019-02-21 13:07:20 EXEC SPC_COM_DATA '','','';
2019-02-21 13:07:21 EXEC SPC_COMMON_ACCOUNT '2','1';
2019-02-21 13:07:21 EXEC SPC_COM_DATA 'khoai','2','1';
2019-02-21 13:07:21 EXEC SPC_COM_MENU '2';
2019-02-21 13:07:33 EXEC SPC_COM_DATA 'khoai','2','1';
2019-02-21 13:07:34 EXEC SPC_COM_MENU '2';
2019-02-21 13:07:46 EXEC SPC_COM_DATA '','','';
2019-02-21 13:07:49 EXEC SPC_COM_DATA '','','';
2019-02-21 13:09:59 EXEC SPC_COM_DATA '','','';
2019-02-21 13:11:12 EXEC SPC_COM_DATA '','','';
2019-02-21 13:11:20 EXEC SPC_COM_DATA '','','';
2019-02-21 13:14:31 EXEC SPC_COM_DATA '','','';
2019-02-21 13:14:36 EXEC SPC_COM_DATA '','','';
2019-02-21 13:25:07 EXEC SPC_COM_DATA '','','';
2019-02-21 13:25:10 EXEC SPC_COM_DATA '','','';
2019-02-21 13:25:13 EXEC SPC_COM_DATA '','','';
2019-02-21 13:25:15 EXEC SPC_COM_DATA '','','';
2019-02-21 13:25:15 EXEC SPC_VOCABULARY_LST1 '','','','';
2019-02-21 13:25:15 EXEC SPC_COM_DATA '','','';
2019-02-21 13:25:15 EXEC SPC_VOCABULARY_LST2 '2','1','';
2019-02-21 13:25:18 EXEC SPC_COM_DATA '','','';
2019-02-21 13:25:18 EXEC SPC_COM_DATA '','','';
2019-02-21 13:26:37 EXEC SPC_COM_DATA '','','';
2019-02-21 13:26:37 EXEC SPC_VOCABULARY_LST1 '3','','2','1';
2019-02-21 13:26:38 EXEC SPC_COM_DATA '','','';
2019-02-21 13:26:38 EXEC SPC_VOCABULARY_LST2 '2','1','';
2019-02-21 13:26:40 EXEC SPC_COM_DATA '','','';
2019-02-21 13:26:40 EXEC SPC_COM_DATA '','','';
2019-02-21 13:26:51 EXEC SPC_COM_DATA '','','';
2019-02-21 13:26:51 EXEC SPC_VOCABULARY_LST2 '2','1','';
2019-02-21 13:26:52 EXEC SPC_COM_DATA '','','';
2019-02-21 13:26:52 EXEC SPC_VOCABULARY_LST1 '3','','2','1';
2019-02-21 13:26:52 EXEC SPC_COM_DATA '','','';
2019-02-21 13:26:52 EXEC SPC_VOCABULARY_LST2 '2','1','';
2019-02-21 13:26:55 EXEC SPC_COM_DATA '','','';
2019-02-21 13:26:55 EXEC SPC_COM_DATA '','','';
2019-02-21 13:31:03 EXEC SPC_COM_DATA '','','';
2019-02-21 13:31:03 EXEC SPC_VOCABULARY_LST2 '2','1','';
2019-02-21 13:31:05 EXEC SPC_COM_DATA '','','';
2019-02-21 13:31:05 EXEC SPC_VOCABULARY_LST1 '3','','2','1';
2019-02-21 13:31:06 EXEC SPC_COM_DATA '','','';
2019-02-21 13:31:06 EXEC SPC_VOCABULARY_LST2 '2','1','';
2019-02-21 13:31:08 EXEC SPC_COM_DATA '','','';
2019-02-21 13:31:08 EXEC SPC_COM_DATA '','','';
2019-02-21 13:31:24 EXEC SPC_COM_DATA '','','';
2019-02-21 13:31:24 EXEC SPC_VOCABULARY_LST2 '2','1','';
2019-02-21 13:31:25 EXEC SPC_COM_DATA '','','';
2019-02-21 13:31:25 EXEC SPC_VOCABULARY_LST1 '3','','2','1';
2019-02-21 13:31:25 EXEC SPC_COM_DATA '','','';
2019-02-21 13:31:25 EXEC SPC_VOCABULARY_LST2 '2','1','';
2019-02-21 13:31:28 EXEC SPC_COM_DATA '','','';
2019-02-21 13:31:29 EXEC SPC_COM_DATA '','','';
2019-02-21 13:31:29 EXEC SPC_COM_DATA '','','';
2019-02-21 13:43:10 EXEC SPC_COM_DATA '','','';
2019-02-21 13:43:10 EXEC SPC_VOCABULARY_LST2 '2','1','';
2019-02-21 13:43:10 EXEC SPC_COM_DATA '','','';
2019-02-21 13:43:10 EXEC SPC_VOCABULARY_LST1 '3','','2','1';
2019-02-21 13:43:11 EXEC SPC_COM_DATA '','','';
2019-02-21 13:43:11 EXEC SPC_VOCABULARY_LST2 '2','1','';
2019-02-21 13:43:18 EXEC SPC_COM_DATA '','','';
2019-02-21 13:43:19 EXEC SPC_COM_DATA '','','';
2019-02-21 13:43:43 EXEC SPC_COM_DATA '','','';
2019-02-21 13:49:10 EXEC SPC_COM_DATA '','','';
2019-02-21 13:49:10 EXEC SPC_VOCABULARY_LST2 '2','1','';
2019-02-21 13:49:12 EXEC SPC_COM_DATA '','','';
2019-02-21 13:49:12 EXEC SPC_VOCABULARY_LST1 '3','','2','1';
2019-02-21 13:49:13 EXEC SPC_COM_DATA '','','';
2019-02-21 13:49:13 EXEC SPC_VOCABULARY_LST2 '2','1','';
2019-02-21 13:49:15 EXEC SPC_COM_DATA '','','';
2019-02-21 13:49:16 EXEC SPC_COM_DATA '','','';
2019-02-21 13:49:16 EXEC SPC_COM_DATA '','','';
2019-02-21 13:52:48 EXEC SPC_COM_DATA '','','';
2019-02-21 13:52:48 EXEC SPC_VOCABULARY_LST2 '2','1','';
2019-02-21 13:52:48 EXEC SPC_COM_DATA '','','';
2019-02-21 13:52:48 EXEC SPC_VOCABULARY_LST1 '3','','2','1';
2019-02-21 13:52:49 EXEC SPC_COM_DATA '','','';
2019-02-21 13:52:49 EXEC SPC_VOCABULARY_LST2 '2','1','';
2019-02-21 13:52:52 EXEC SPC_COM_DATA '','','';
2019-02-21 13:52:52 EXEC SPC_COM_DATA '','','';
2019-02-21 13:52:53 EXEC SPC_COM_DATA '','','';
2019-02-21 13:54:03 EXEC SPC_COM_DATA '','','';
2019-02-21 13:54:04 EXEC SPC_COM_DATA '','','';
2019-02-21 13:54:04 EXEC SPC_COM_DATA '','','';
2019-02-21 13:55:25 EXEC SPC_COM_DATA '','','';
2019-02-21 13:55:25 EXEC SPC_COM_DATA '','','';
2019-02-21 13:55:26 EXEC SPC_COM_DATA '','','';
2019-02-21 13:59:07 EXEC SPC_COMMON_ACCOUNT '1','2';
2019-02-21 13:59:07 EXEC SPC_COM_DATA 'ndq809','1','2';
2019-02-21 13:59:07 EXEC SPC_COM_MENU '1';
2019-02-21 13:59:09 EXEC SPC_COM_DATA 'ndq809','1','2';
2019-02-21 13:59:09 EXEC SPC_COM_MENU '1';
2019-02-21 13:59:13 EXEC SPC_COM_PERMISSION '1','2','g001';
2019-02-21 13:59:13 EXEC SPC_COM_MENU '1';
2019-02-21 13:59:24 EXEC SPC_COM_PERMISSION '1','2','m003';
2019-02-21 13:59:24 EXEC SPC_COM_MENU '1';
2019-02-21 13:59:24 EXEC SPC_M003_FND1
2019-02-21 13:59:27 EXEC SPC_COM_MENU '1';
2019-02-21 13:59:27 EXEC SPC_M003_LST1 '','','','0','10','1';
2019-02-21 14:01:52 EXEC SPC_COM_DATA '','','';
2019-02-21 14:02:08 EXEC SPC_COM_DATA '','','';
2019-02-21 14:05:35 EXEC SPC_COMMON_ACCOUNT '2','1';
2019-02-21 14:05:36 EXEC SPC_COM_DATA 'khoai','2','1';
2019-02-21 14:05:36 EXEC SPC_COM_MENU '2';
2019-02-21 14:05:41 EXEC SPC_COM_DATA 'khoai','2','1';
2019-02-21 14:05:41 EXEC SPC_SOCIAL_LST1 '','khoai';
2019-02-21 14:05:42 EXEC SPC_COM_DATA 'khoai','2','1';
2019-02-21 14:05:42 EXEC SPC_SOCIAL_LST2 '','1','','khoai';
2019-02-21 14:05:45 EXEC SPC_COM_DATA 'khoai','2','1';
2019-02-21 14:05:45 EXEC SPC_RELAX_LST1 '','khoai';
2019-02-21 14:05:47 EXEC SPC_COM_DATA 'khoai','2','1';
2019-02-21 14:05:47 EXEC SPC_RELAX_LST2 '','1','1','1','0','','khoai';
2019-02-21 14:05:49 EXEC SPC_COM_DATA 'khoai','2','1';
2019-02-21 14:05:49 EXEC SPC_COM_MENU '2';
2019-02-21 14:05:53 EXEC SPC_COM_MENU '2';
2019-02-21 14:06:20 EXEC SPC_COM_DATA 'khoai','2','1';
2019-02-21 14:06:20 EXEC SPC_COM_MENU '2';
2019-02-21 14:24:35 EXEC SPC_COM_DATA '','','';
2019-02-21 14:24:38 EXEC SPC_COM_DATA '','','';
2019-02-21 14:24:41 EXEC SPC_COM_DATA '','','';
2019-02-21 14:24:41 EXEC SPC_COM_DATA '','','';
2019-02-21 14:24:43 EXEC SPC_COM_DATA '','','';
2019-02-21 14:31:01 EXEC SPC_COM_DATA '','','';
2019-02-21 14:33:07 EXEC SPC_COM_DATA '','','';
2019-02-21 14:33:34 EXEC SPC_COM_DATA '','','';
2019-02-21 14:34:13 EXEC SPC_COM_DATA '','','';
2019-02-21 14:34:44 EXEC SPC_COM_DATA '','','';
2019-02-21 14:34:56 EXEC SPC_COM_DATA '','','';
2019-02-21 14:35:35 EXEC SPC_COM_DATA '','','';
2019-02-21 14:35:47 EXEC SPC_COM_DATA '','','';
2019-02-21 14:35:55 EXEC SPC_COM_DATA '','','';
2019-02-21 14:38:20 EXEC SPC_COM_DATA '','','';
2019-02-21 14:40:36 EXEC SPC_COM_DATA '','','';
2019-02-21 14:41:19 EXEC SPC_COM_DATA '','','';
2019-02-21 14:41:24 EXEC SPC_COM_DATA '','','';
2019-02-21 14:41:29 EXEC SPC_COM_DATA '','','';
2019-02-21 14:42:39 EXEC SPC_COM_DATA '','','';
2019-02-21 14:42:40 EXEC SPC_COM_DATA '','','';
2019-02-21 14:42:41 EXEC SPC_COM_DATA '','','';
2019-02-21 14:45:26 EXEC SPC_COM_DATA '','','';
2019-02-21 14:45:31 EXEC SPC_COM_DATA '','','';
2019-02-21 14:45:43 EXEC SPC_COM_DATA '','','';
2019-02-21 14:45:52 EXEC SPC_COM_DATA '','','';
2019-02-21 14:46:07 EXEC SPC_COM_DATA '','','';
2019-02-21 14:46:18 EXEC SPC_COM_DATA '','','';
2019-02-21 14:46:18 EXEC SPC_COM_DATA '','','';
2019-02-21 14:46:19 EXEC SPC_COM_DATA '','','';
2019-02-21 14:46:28 EXEC SPC_COM_DATA '','','';
2019-02-21 14:46:28 EXEC SPC_COM_DATA '','','';
2019-02-21 14:46:29 EXEC SPC_COM_DATA '','','';
2019-02-21 14:46:38 EXEC SPC_COM_DATA '','','';
2019-02-21 14:46:49 EXEC SPC_COM_DATA '','','';
2019-02-21 14:47:23 EXEC SPC_COM_DATA '','','';
2019-02-21 14:47:29 EXEC SPC_COM_DATA '','','';
2019-02-21 14:48:30 EXEC SPC_COM_DATA '','','';
2019-02-21 14:48:39 EXEC SPC_COM_DATA '','','';
2019-02-21 14:48:46 EXEC SPC_COM_DATA '','','';
2019-02-21 14:51:41 EXEC SPC_COM_DATA '','','';
2019-02-21 14:51:44 EXEC SPC_COM_DATA '','','';
2019-02-21 14:51:52 EXEC SPC_COM_DATA '','','';
2019-02-21 14:57:38 EXEC SPC_COM_DATA '','','';
2019-02-21 15:00:11 EXEC SPC_COM_DATA '','','';
2019-02-21 15:00:15 EXEC SPC_COM_DATA '','','';
2019-02-21 15:00:20 EXEC SPC_COM_DATA '','','';
2019-02-21 15:00:37 EXEC SPC_COM_DATA '','','';
2019-02-21 16:40:18 EXEC SPC_COM_DATA '','','';
2019-02-21 16:40:24 EXEC SPC_COM_DATA '','','';
2019-02-21 16:40:24 EXEC SPC_COM_DATA '','','';
2019-02-21 16:40:26 EXEC SPC_COM_DATA '','','';
2019-02-21 16:44:25 EXEC SPC_COM_DATA '','','';
2019-02-21 16:44:41 EXEC SPC_COM_DATA '','','';
2019-02-21 16:56:13 EXEC SPC_COM_DATA '','','';
2019-02-21 16:56:16 EXEC SPC_COM_DATA '','','';
2019-02-21 16:56:22 EXEC SPC_COM_DATA '','','';
2019-02-21 16:56:28 EXEC SPC_COM_DATA '','','';
2019-02-21 16:59:53 EXEC SPC_COM_DATA '','','';
2019-02-21 16:59:58 EXEC SPC_COM_DATA '','','';
2019-02-21 17:01:46 EXEC SPC_COM_DATA '','','';
2019-02-21 17:02:43 EXEC SPC_COM_DATA '','','';
2019-02-21 17:03:03 EXEC SPC_COM_DATA '','','';
2019-02-21 17:03:06 EXEC SPC_COM_DATA '','','';
2019-02-21 17:03:20 EXEC SPC_COM_DATA '','','';
2019-02-21 17:03:29 EXEC SPC_COM_DATA '','','';
2019-02-21 17:08:36 EXEC SPC_COM_DATA '','','';
2019-02-21 17:08:41 EXEC SPC_COM_DATA '','','';
2019-02-21 17:09:02 EXEC SPC_COM_DATA '','','';
2019-02-21 17:09:28 EXEC SPC_COM_DATA '','','';
2019-02-21 17:09:30 EXEC SPC_COM_DATA '','','';
2019-02-21 17:11:36 EXEC SPC_COM_DATA '','','';
2019-02-21 17:11:38 EXEC SPC_COM_DATA '','','';
2019-02-21 17:12:19 EXEC SPC_COM_DATA '','','';
2019-02-21 17:12:21 EXEC SPC_COM_DATA '','','';
2019-02-21 17:12:37 EXEC SPC_COM_DATA '','','';
2019-02-21 17:12:43 EXEC SPC_COM_DATA '','','';
2019-02-21 17:13:28 EXEC SPC_COM_DATA '','','';
2019-02-21 17:13:34 EXEC SPC_COM_DATA '','','';
2019-02-21 17:14:22 EXEC SPC_COM_DATA '','','';
2019-02-21 17:14:25 EXEC SPC_COM_DATA '','','';
2019-02-21 17:14:39 EXEC SPC_COM_DATA '','','';
2019-02-21 17:15:07 EXEC SPC_COM_DATA '','','';
2019-02-21 17:15:15 EXEC SPC_COM_DATA '','','';
2019-02-21 17:18:28 EXEC SPC_COM_DATA '','','';
2019-02-21 17:18:47 EXEC SPC_COM_DATA '','','';
2019-02-21 17:23:40 EXEC SPC_COM_DATA '','','';
2019-02-21 17:23:44 EXEC SPC_COM_DATA '','','';
2019-02-21 17:24:00 EXEC SPC_COM_DATA '','','';
2019-02-21 17:25:14 EXEC SPC_COM_DATA '','','';
2019-02-21 17:25:17 EXEC SPC_COM_DATA '','','';
2019-02-21 17:25:49 EXEC SPC_COM_DATA '','','';
2019-02-21 17:25:52 EXEC SPC_COM_DATA '','','';
2019-02-21 17:26:32 EXEC SPC_COM_DATA '','','';
2019-02-21 17:26:36 EXEC SPC_COM_DATA '','','';
2019-02-21 17:27:08 EXEC SPC_COM_DATA '','','';
2019-02-21 17:27:11 EXEC SPC_COM_DATA '','','';
2019-02-21 17:27:51 EXEC SPC_COM_DATA '','','';
2019-02-21 17:27:54 EXEC SPC_COM_DATA '','','';
2019-02-21 17:28:01 EXEC SPC_COM_DATA '','','';
2019-02-21 17:28:05 EXEC SPC_COM_DATA '','','';
2019-02-21 17:28:21 EXEC SPC_COM_DATA '','','';
2019-02-21 17:28:25 EXEC SPC_COM_DATA '','','';
2019-02-21 17:28:58 EXEC SPC_COM_DATA '','','';
2019-02-21 17:29:03 EXEC SPC_COM_DATA '','','';
2019-02-21 17:29:06 EXEC SPC_COM_DATA '','','';
2019-02-21 17:30:42 EXEC SPC_COM_DATA '','','';
2019-02-21 17:30:45 EXEC SPC_COM_DATA '','','';
2019-02-21 17:35:29 EXEC SPC_COM_DATA '','','';
2019-02-21 17:35:32 EXEC SPC_COM_DATA '','','';
2019-02-21 17:36:03 EXEC SPC_COM_DATA '','','';
2019-02-21 17:36:06 EXEC SPC_COM_DATA '','','';
2019-02-21 17:36:52 EXEC SPC_COM_DATA '','','';
2019-02-21 17:36:57 EXEC SPC_COM_DATA '','','';
2019-02-21 17:41:42 EXEC SPC_COM_DATA '','','';
2019-02-21 17:41:46 EXEC SPC_COM_DATA '','','';
2019-02-21 17:42:10 EXEC SPC_COM_DATA '','','';
2019-02-21 17:42:13 EXEC SPC_COM_DATA '','','';
2019-02-21 17:42:21 EXEC SPC_COM_DATA '','','';
2019-02-21 17:42:24 EXEC SPC_COM_DATA '','','';
2019-02-21 17:46:26 EXEC SPC_COM_DATA '','','';
2019-02-21 17:46:29 EXEC SPC_COM_DATA '','','';
2019-02-21 17:48:14 EXEC SPC_COM_DATA '','','';
2019-02-21 17:48:17 EXEC SPC_COM_DATA '','','';
2019-02-21 17:54:17 EXEC SPC_COM_DATA '','','';
2019-02-21 17:54:21 EXEC SPC_COM_DATA '','','';
2019-02-21 17:54:30 EXEC SPC_COM_DATA '','','';
2019-02-21 17:54:35 EXEC SPC_COM_DATA '','','';
2019-02-21 17:55:04 EXEC SPC_COM_DATA '','','';
2019-02-21 17:55:07 EXEC SPC_COM_DATA '','','';
2019-02-21 17:55:44 EXEC SPC_COM_DATA '','','';
2019-02-21 17:55:48 EXEC SPC_COM_DATA '','','';
2019-02-21 17:55:54 EXEC SPC_COM_DATA '','','';
2019-02-21 17:55:58 EXEC SPC_COM_DATA '','','';
