2019-03-05 10:49:29 EXEC SPC_COM_DATA '','','';
2019-03-05 10:50:06 EXEC SPC_COM_DATA '','','';
2019-03-05 10:50:11 EXEC SPC_COM_DATA '','','';
2019-03-05 10:50:12 EXEC SPC_COM_DATA '','','';
2019-03-05 10:50:14 EXEC SPC_COMMON_ACCOUNT '16','1';
2019-03-05 10:50:14 EXEC SPC_COM_DATA 'kirito','0','1';
2019-03-05 10:50:14 EXEC SPC_COM_MENU '0';
2019-03-05 10:50:24 EXEC SPC_COM_DATA 'kirito','0','1';
2019-03-05 10:50:24 EXEC SPC_COM_MENU '0';
2019-03-05 10:50:24 EXEC SPC_PROFILE_LST1 'kirito';
2019-03-05 16:11:18 EXEC SPC_COM_DATA 'kirito','0','1';
2019-03-05 16:11:18 EXEC SPC_COM_MENU '0';
2019-03-05 16:11:23 EXEC SPC_COM_DATA 'kirito','0','1';
2019-03-05 16:11:23 EXEC SPC_VOCABULARY_LST1 '','12','','';
2019-03-05 16:11:24 EXEC SPC_COM_DATA 'kirito','0','1';
2019-03-05 16:11:24 EXEC SPC_VOCABULARY_LST2 '2','1','12';
2019-03-05 16:11:32 EXEC SPC_COM_DATA '','','';
2019-03-05 16:11:32 EXEC SPC_VOCABULARY_LST1 '2','','','';
2019-03-05 16:11:32 EXEC SPC_COM_DATA '','','';
2019-03-05 16:11:32 EXEC SPC_VOCABULARY_LST2 '2','1','';
2019-03-05 16:11:55 EXEC SPC_COMMON_ACCOUNT '1','1';
2019-03-05 16:11:56 EXEC SPC_COM_DATA 'quypro','1','1';
2019-03-05 16:11:56 EXEC SPC_VOCABULARY_LST1 '2','4','2','1';
2019-03-05 16:11:56 EXEC SPC_COM_DATA 'quypro','1','1';
2019-03-05 16:11:56 EXEC SPC_VOCABULARY_LST2 '2','1','4';
2019-03-05 16:11:59 EXEC SPC_COM_DATA 'quypro','1','1';
2019-03-05 16:11:59 EXEC SPC_GRAMMAR_LST1 '','4','2','1';
2019-03-05 16:11:59 EXEC SPC_COM_DATA 'quypro','1','1';
2019-03-05 16:11:59 EXEC SPC_GRAMMAR_LST2 '6','7','4';
2019-03-05 16:12:07 EXEC SPC_COM_DATA 'quypro','1','1';
2019-03-05 16:12:07 EXEC SPC_VOCABULARY_LST1 '','4','6','7';
2019-03-05 16:12:07 EXEC SPC_COM_DATA 'quypro','1','1';
2019-03-05 16:12:08 EXEC SPC_VOCABULARY_LST2 '2','1','4';
2019-03-05 16:12:12 EXEC SPC_COM_DATA 'quypro','1','1';
2019-03-05 16:12:12 EXEC SPC_COM_REMEMBER '1','2','1','2','quypro','::1';
2019-03-05 16:12:31 EXEC SPC_COM_DATA 'quypro','1','1';
2019-03-05 16:12:31 EXEC SPC_VOCABULARY_LST1 '3','4','2','1';
2019-03-05 16:12:32 EXEC SPC_COM_DATA 'quypro','1','1';
2019-03-05 16:12:32 EXEC SPC_VOCABULARY_LST2 '2','1','4';
2019-03-05 16:20:59 EXEC SPC_COM_DATA 'quypro','1','1';
2019-03-05 16:20:59 EXEC SPC_VOCABULARY_LST1 '3','4','2','1';
2019-03-05 16:21:08 EXEC SPC_COM_DATA 'quypro','1','1';
2019-03-05 16:21:08 EXEC SPC_VOCABULARY_LST1 '','4','2','1';
2019-03-05 16:21:08 EXEC SPC_COM_DATA 'quypro','1','1';
2019-03-05 16:21:08 EXEC SPC_VOCABULARY_LST2 '2','1','4';
2019-03-05 16:21:12 EXEC SPC_COM_DATA 'quypro','1','1';
2019-03-05 16:21:12 EXEC SPC_VOCABULARY_LST1 '','4','2','1';
2019-03-05 16:21:13 EXEC SPC_COM_DATA 'quypro','1','1';
2019-03-05 16:21:13 EXEC SPC_VOCABULARY_LST2 '2','1','4';
2019-03-05 16:21:13 EXEC SPC_COM_DATA 'quypro','1','1';
2019-03-05 16:21:13 EXEC SPC_GRAMMAR_LST1 '','4','2','1';
2019-03-05 16:21:14 EXEC SPC_COM_DATA 'quypro','1','1';
2019-03-05 16:21:14 EXEC SPC_GRAMMAR_LST2 '6','7','4';
2019-03-05 16:21:15 EXEC SPC_COM_DATA 'quypro','1','1';
2019-03-05 16:21:15 EXEC SPC_VOCABULARY_LST1 '','4','6','7';
2019-03-05 16:21:16 EXEC SPC_COM_DATA 'quypro','1','1';
2019-03-05 16:21:16 EXEC SPC_VOCABULARY_LST2 '2','1','4';
2019-03-05 16:21:17 EXEC SPC_COM_DATA 'quypro','1','1';
2019-03-05 16:21:17 EXEC SPC_GRAMMAR_LST1 '','4','2','1';
2019-03-05 16:21:17 EXEC SPC_COM_DATA 'quypro','1','1';
2019-03-05 16:21:17 EXEC SPC_GRAMMAR_LST2 '6','7','4';
2019-03-05 16:21:18 EXEC SPC_COM_DATA 'quypro','1','1';
2019-03-05 16:21:18 EXEC SPC_LISTENING_LST1 '','4','6','7';
2019-03-05 16:21:19 EXEC SPC_COM_DATA 'quypro','1','1';
2019-03-05 16:21:19 EXEC SPC_LISTENING_LST2 '8','8','4';
2019-03-05 16:21:20 EXEC SPC_COM_DATA 'quypro','1','1';
2019-03-05 16:21:20 EXEC SPC_WRITING_LST1 '','4','8','8';
2019-03-05 16:21:21 EXEC SPC_COM_DATA 'quypro','1','1';
2019-03-05 16:21:21 EXEC SPC_COMMON_GET_SUGGEST
2019-03-05 16:21:21 EXEC SPC_COM_DATA 'quypro','1','1';
2019-03-05 16:21:21 EXEC SPC_WRITING_LST2 '9','10','4';
2019-03-05 16:21:23 EXEC SPC_COM_DATA 'quypro','1','1';
2019-03-05 16:21:23 EXEC SPC_READING_LST1 '','4','9','10';
2019-03-05 16:21:23 EXEC SPC_COM_DATA 'quypro','1','1';
2019-03-05 16:21:23 EXEC SPC_READING_LST2 '12','14','4';
2019-03-05 16:21:26 EXEC SPC_COM_DATA 'quypro','1','1';
2019-03-05 16:21:26 EXEC SPC_VOCABULARY_LST1 '','4','12','14';
2019-03-05 16:21:26 EXEC SPC_COM_DATA 'quypro','1','1';
2019-03-05 16:21:26 EXEC SPC_VOCABULARY_LST2 '2','1','4';
2019-03-05 16:21:56 EXEC SPC_COMMON_ACCOUNT '1','2';
2019-03-05 16:21:56 EXEC SPC_COM_DATA 'ndq809','1','2';
2019-03-05 16:21:56 EXEC SPC_COM_MENU '1';
2019-03-05 16:22:00 EXEC SPC_COM_PERMISSION '1','2','g001';
2019-03-05 16:22:00 EXEC SPC_COM_MENU '1';
2019-03-05 16:22:03 EXEC SPC_COM_PERMISSION '1','2','w001';
2019-03-05 16:22:03 EXEC SPC_COM_MENU '1';
2019-03-05 16:22:03 EXEC SPC_COM_M999_INQ1 '7';
2019-03-05 16:22:09 EXEC SPC_COM_PERMISSION '1','2','w002';
2019-03-05 16:22:09 EXEC SPC_COM_MENU '1';
2019-03-05 16:22:09 EXEC SPC_W002_FND1
2019-03-05 16:22:13 EXEC SPC_COM_MENU '1';
2019-03-05 16:22:13 EXEC SPC_W002_LST2 '1';
2019-03-05 16:22:16 EXEC SPC_COM_MENU '1';
2019-03-05 16:22:16 EXEC SPC_COMMON_GROUP '2';
2019-03-05 16:22:19 EXEC SPC_COM_MENU '1';
2019-03-05 16:22:19 EXEC SPC_COM_M999_INQ1 '8';
2019-03-05 16:22:19 EXEC SPC_COM_MENU '1';
2019-03-05 16:22:19 EXEC SPC_p003_LST2 '';
2019-03-05 16:22:21 EXEC SPC_COM_MENU '1';
2019-03-05 16:22:21 EXEC SPC_p003_LST1 '0','','','','50','1';
2019-03-05 16:22:29 EXEC SPC_COM_MENU '1';
2019-03-05 16:22:29 EXEC SPC_p003_LST3 '<row vocabulary_code="2" /><row vocabulary_code="4" /><row vocabulary_code="3" />';
2019-03-05 16:22:32 EXEC SPC_COM_MENU '1';
2019-03-05 16:22:32 EXEC SPC_w002_ACT1 '','1','2','1','','','','','','0','<row row_id="0" vocabulary_code="2" vocabulary_div="Tính từ" vocabulary_nm="king" spelling="king" mean="vua" explain="someone who leader of a country" /><row row_id="1" vocabulary_code="4" vocabulary_div="Trạng từ" vocabulary_nm="goal" spelling="ɡəul" mean="vào" explain="when the bool into the lưới" /><row row_id="2" vocabulary_code="3" vocabulary_div="Danh từ" vocabulary_nm="kingdom" spelling="kingdum" mean="vương quốc" explain="the way to call a country in history" />','','','ndq809','::1';
2019-03-05 16:22:34 EXEC SPC_COM_MENU '1';
2019-03-05 16:22:34 EXEC SPC_W002_LST1 '2055';
2019-03-05 16:22:35 EXEC SPC_COM_MENU '1';
2019-03-05 16:22:35 EXEC SPC_W002_LST2 '1';
2019-03-05 16:22:35 EXEC SPC_COM_MENU '1';
2019-03-05 16:22:35 EXEC SPC_COMMON_GROUP '2';
2019-03-05 16:22:51 EXEC SPC_COM_MENU '1';
2019-03-05 16:22:51 EXEC SPC_COMMON_GROUP '3';
2019-03-05 16:22:55 EXEC SPC_COM_MENU '1';
2019-03-05 16:22:55 EXEC SPC_COM_M999_INQ1 '8';
2019-03-05 16:22:55 EXEC SPC_COM_MENU '1';
2019-03-05 16:22:55 EXEC SPC_p003_LST2 '<row vocabulary_code="3" vocabulary_id="2" vocabulary_div="Danh từ" vocabulary_nm="kingdom" spelling="kingdum" mean="vương quốc" explain="the way to call a country in history" /><row vocabulary_code="2" vocabulary_id="2" vocabulary_div="Tính từ" vocabulary_nm="king" spelling="king" mean="vua" explain="someone who leader of a country" /><row vocabulary_code="4" vocabulary_id="3" vocabulary_div="Trạng từ" vocabulary_nm="goal" spelling="ɡəul" mean="vào" explain="when the bool into the lưới" />';
2019-03-05 16:22:58 EXEC SPC_COM_MENU '1';
2019-03-05 16:22:58 EXEC SPC_p003_LST1 '0','','','','50','1';
2019-03-05 16:23:05 EXEC SPC_COM_MENU '1';
2019-03-05 16:23:05 EXEC SPC_p003_LST3 '<row vocabulary_code="5" /><row vocabulary_code="7" /><row vocabulary_code="9" /><row vocabulary_code="8" />';
2019-03-05 16:23:08 EXEC SPC_COM_MENU '1';
2019-03-05 16:23:08 EXEC SPC_w002_ACT1 '2055','1','3','5','','','','','','0','<row row_id="0" vocabulary_code="5" vocabulary_div="Danh từ" vocabulary_nm="valuable" spelling="ˈvæl.jə.bəl" mean="quý giá" explain="" /><row row_id="1" vocabulary_code="7" vocabulary_div="Danh từ" vocabulary_nm="vicious" spelling="ˈvɪʃ.əs" mean="xấu xa,hằn học" explain="" /><row row_id="2" vocabulary_code="9" vocabulary_div="Danh từ" vocabulary_nm="no image" spelling="ˈvæl.jə.bəl" mean="demacia" explain="" /><row row_id="3" vocabulary_code="8" vocabulary_div="Danh từ" vocabulary_nm="data" spelling="deta" mean="Dữ liệu" explain="dữ lieu nhiều voãi ra" />','','','ndq809','::1';
2019-03-05 16:23:11 EXEC SPC_COM_MENU '1';
2019-03-05 16:23:11 EXEC SPC_W002_LST1 '2055';
2019-03-05 16:23:12 EXEC SPC_COM_MENU '1';
2019-03-05 16:23:12 EXEC SPC_W002_LST2 '1';
2019-03-05 16:23:12 EXEC SPC_COM_MENU '1';
2019-03-05 16:23:12 EXEC SPC_COMMON_GROUP '3';
2019-03-05 16:23:16 EXEC SPC_COM_DATA 'quypro','1','1';
2019-03-05 16:23:16 EXEC SPC_VOCABULARY_LST1 '','4','2','1';
2019-03-05 16:23:17 EXEC SPC_COM_DATA 'quypro','1','1';
2019-03-05 16:23:17 EXEC SPC_VOCABULARY_LST2 '2','1','4';
2019-03-05 16:23:22 EXEC SPC_COM_DATA 'quypro','1','1';
2019-03-05 16:23:22 EXEC SPC_VOCABULARY_LST2 '3','5','4';
2019-03-05 16:23:30 EXEC SPC_COM_DATA 'quypro','1','1';
2019-03-05 16:23:30 EXEC SPC_VOCABULARY_LST2 '2','1','4';
2019-03-05 16:25:34 EXEC SPC_COM_PERMISSION '1','2','w002';
2019-03-05 16:25:34 EXEC SPC_COM_MENU '1';
2019-03-05 16:25:34 EXEC SPC_W002_FND1
2019-03-05 16:25:43 EXEC SPC_COM_MENU '1';
2019-03-05 16:25:43 EXEC SPC_W002_LST2 '1';
2019-03-05 16:25:45 EXEC SPC_COM_MENU '1';
2019-03-05 16:25:45 EXEC SPC_COMMON_GROUP '2';
2019-03-05 16:25:54 EXEC SPC_COM_MENU '1';
2019-03-05 16:25:54 EXEC SPC_COM_M999_INQ1 '8';
2019-03-05 16:25:55 EXEC SPC_COM_MENU '1';
2019-03-05 16:25:55 EXEC SPC_p003_LST2 '';
2019-03-05 16:25:58 EXEC SPC_COM_MENU '1';
2019-03-05 16:25:58 EXEC SPC_p003_LST1 '0','','','','50','1';
2019-03-05 16:26:02 EXEC SPC_COM_MENU '1';
2019-03-05 16:26:02 EXEC SPC_p003_LST3 '<row vocabulary_code="2" /><row vocabulary_code="5" /><row vocabulary_code="8" /><row vocabulary_code="4" />';
2019-03-05 16:26:05 EXEC SPC_COM_MENU '1';
2019-03-05 16:26:05 EXEC SPC_w002_ACT1 '','1','2','1','','','','','','0','<row row_id="0" vocabulary_code="2" vocabulary_div="Tính từ" vocabulary_nm="king" spelling="king" mean="vua" explain="someone who leader of a country" /><row row_id="1" vocabulary_code="5" vocabulary_div="Danh từ" vocabulary_nm="valuable" spelling="ˈvæl.jə.bəl" mean="quý giá" explain="" /><row row_id="2" vocabulary_code="8" vocabulary_div="Danh từ" vocabulary_nm="data" spelling="deta" mean="Dữ liệu" explain="dữ lieu nhiều voãi ra" /><row row_id="3" vocabulary_code="4" vocabulary_div="Trạng từ" vocabulary_nm="goal" spelling="ɡəul" mean="vào" explain="when the bool into the lưới" />','','','ndq809','::1';
2019-03-05 16:26:07 EXEC SPC_COM_MENU '1';
2019-03-05 16:26:07 EXEC SPC_W002_LST1 '2056';
2019-03-05 16:26:07 EXEC SPC_COM_MENU '1';
2019-03-05 16:26:07 EXEC SPC_W002_LST2 '1';
2019-03-05 16:26:07 EXEC SPC_COM_MENU '1';
2019-03-05 16:26:07 EXEC SPC_COMMON_GROUP '2';
2019-03-05 16:26:15 EXEC SPC_COM_DATA 'quypro','1','1';
2019-03-05 16:26:15 EXEC SPC_VOCABULARY_LST1 '','4','2','1';
2019-03-05 16:26:15 EXEC SPC_COM_DATA 'quypro','1','1';
2019-03-05 16:26:15 EXEC SPC_VOCABULARY_LST2 '2','1','4';
2019-03-05 16:26:21 EXEC SPC_COM_DATA 'quypro','1','1';
2019-03-05 16:26:21 EXEC SPC_VOCABULARY_LST2 '3','5','4';
2019-03-05 16:26:27 EXEC SPC_COM_DATA 'quypro','1','1';
2019-03-05 16:26:27 EXEC SPC_VOCABULARY_LST2 '2','1','4';
2019-03-05 16:26:41 EXEC SPC_COM_DATA 'quypro','1','1';
2019-03-05 16:26:41 EXEC SPC_GRAMMAR_LST1 '','4','2','1';
2019-03-05 16:26:42 EXEC SPC_COM_DATA 'quypro','1','1';
2019-03-05 16:26:42 EXEC SPC_GRAMMAR_LST2 '6','7','4';
2019-03-05 16:26:45 EXEC SPC_COM_DATA 'quypro','1','1';
2019-03-05 16:26:45 EXEC SPC_VOCABULARY_LST1 '','4','6','7';
2019-03-05 16:26:46 EXEC SPC_COM_DATA 'quypro','1','1';
2019-03-05 16:26:46 EXEC SPC_VOCABULARY_LST2 '2','1','4';
2019-03-05 16:26:52 EXEC SPC_COM_DATA 'quypro','1','1';
2019-03-05 16:26:52 EXEC SPC_COM_REMEMBER '1','2','1','2','quypro','::1';
2019-03-05 16:30:39 EXEC SPC_COM_DATA 'quypro','1','1';
2019-03-05 16:30:39 EXEC SPC_VOCABULARY_LST1 '4','4','2','1';
2019-03-05 16:30:39 EXEC SPC_COM_DATA 'quypro','1','1';
2019-03-05 16:30:39 EXEC SPC_VOCABULARY_LST2 '2','1','4';
2019-03-05 16:30:42 EXEC SPC_COM_DATA 'quypro','1','1';
2019-03-05 16:30:42 EXEC SPC_COM_REMEMBER '1','2','2','4','4','::1';
2019-03-05 16:30:50 EXEC SPC_COM_DATA 'quypro','1','1';
2019-03-05 16:30:50 EXEC SPC_VOCABULARY_LST1 '4','4','2','1';
2019-03-05 16:30:51 EXEC SPC_COM_DATA 'quypro','1','1';
2019-03-05 16:30:51 EXEC SPC_VOCABULARY_LST2 '2','1','4';
2019-03-05 16:31:44 EXEC SPC_COM_DATA 'quypro','1','1';
2019-03-05 16:31:44 EXEC SPC_VOCABULARY_LST1 '2','4','2','1';
2019-03-05 16:31:44 EXEC SPC_COM_DATA 'quypro','1','1';
2019-03-05 16:31:44 EXEC SPC_VOCABULARY_LST2 '2','1','4';
2019-03-05 16:32:43 EXEC SPC_COM_DATA 'quypro','1','1';
2019-03-05 16:32:43 EXEC SPC_COM_MENU '1';
2019-03-05 16:32:45 EXEC SPC_COM_DATA 'quypro','1','1';
2019-03-05 16:32:45 EXEC SPC_VOCABULARY_LST1 '','4','2','1';
2019-03-05 16:32:45 EXEC SPC_COM_DATA 'quypro','1','1';
2019-03-05 16:32:45 EXEC SPC_VOCABULARY_LST2 '2','1','4';
2019-03-05 16:33:10 EXEC SPC_COM_DATA 'quypro','1','1';
2019-03-05 16:33:10 EXEC SPC_COM_ADD_EXAM '1','2','1','oh my king','ôi ông vua của tôi !','4','::1';
2019-03-05 16:33:10 EXEC SPC_COM_DATA 'quypro','1','1';
2019-03-05 16:33:10 EXEC SPC_COM_EXAM_LIST '1','2','1','1','1','4';
2019-03-05 16:33:17 EXEC SPC_COM_DATA 'quypro','1','1';
2019-03-05 16:33:17 EXEC SPC_VOCABULARY_LST1 '2','4','2','1';
2019-03-05 16:33:18 EXEC SPC_COM_DATA 'quypro','1','1';
2019-03-05 16:33:18 EXEC SPC_VOCABULARY_LST2 '2','1','4';
2019-03-05 16:33:22 EXEC SPC_COM_DATA 'quypro','1','1';
2019-03-05 16:33:22 EXEC SPC_COM_TOGGLE_EFFECT '1','36','1','1','0','4','::1';
2019-03-05 16:33:24 EXEC SPC_COM_DATA 'quypro','1','1';
2019-03-05 16:33:24 EXEC SPC_VOCABULARY_LST1 '2','4','2','1';
2019-03-05 16:33:25 EXEC SPC_COM_DATA 'quypro','1','1';
2019-03-05 16:33:25 EXEC SPC_VOCABULARY_LST2 '2','1','4';
2019-03-05 16:36:08 EXEC SPC_COM_DATA 'quypro','1','1';
2019-03-05 16:36:08 EXEC SPC_COM_ADD_LESSON '1','2','1','4','::1';
2019-03-05 16:36:10 EXEC SPC_COM_DATA 'quypro','1','1';
2019-03-05 16:36:10 EXEC SPC_VOCABULARY_LST1 '2','4','2','1';
2019-03-05 16:36:11 EXEC SPC_COM_DATA 'quypro','1','1';
2019-03-05 16:36:11 EXEC SPC_VOCABULARY_LST2 '2','1','4';
2019-03-05 16:36:13 EXEC SPC_COM_DATA 'quypro','1','1';
2019-03-05 16:36:13 EXEC SPC_VOCABULARY_LST2 '2','1','4';
2019-03-05 16:36:19 EXEC SPC_COM_DATA 'quypro','1','1';
2019-03-05 16:36:19 EXEC SPC_GRAMMAR_LST1 '','4','2','1';
2019-03-05 16:36:19 EXEC SPC_COM_DATA 'quypro','1','1';
2019-03-05 16:36:19 EXEC SPC_GRAMMAR_LST2 '6','7','4';
2019-03-05 16:36:24 EXEC SPC_COM_DATA 'quypro','1','1';
2019-03-05 16:36:24 EXEC SPC_COM_TOGGLE_EFFECT '1','34','1','2','0','4','::1';
2019-03-05 16:36:28 EXEC SPC_COM_DATA 'quypro','1','1';
2019-03-05 16:36:28 EXEC SPC_GRAMMAR_LST1 '2','4','6','7';
2019-03-05 16:36:29 EXEC SPC_COM_DATA 'quypro','1','1';
2019-03-05 16:36:29 EXEC SPC_GRAMMAR_LST2 '6','7','4';
2019-03-05 16:36:32 EXEC SPC_COM_DATA 'quypro','1','1';
2019-03-05 16:36:33 EXEC SPC_COM_QUESTION_LIST '2';
2019-03-05 16:36:43 EXEC SPC_COM_DATA 'quypro','1','1';
2019-03-05 16:36:43 EXEC SPC_COM_QUESTION_LIST '2';
2019-03-05 16:36:51 EXEC SPC_COM_DATA 'quypro','1','1';
2019-03-05 16:36:51 EXEC SPC_LISTENING_LST1 '','4','6','7';
2019-03-05 16:36:52 EXEC SPC_COM_DATA 'quypro','1','1';
2019-03-05 16:36:52 EXEC SPC_LISTENING_LST2 '8','8','4';
2019-03-05 16:37:09 EXEC SPC_COM_DATA 'quypro','1','1';
2019-03-05 16:37:09 EXEC SPC_WRITING_LST1 '','4','8','8';
2019-03-05 16:37:10 EXEC SPC_COM_DATA 'quypro','1','1';
2019-03-05 16:37:10 EXEC SPC_COMMON_GET_SUGGEST
2019-03-05 16:37:10 EXEC SPC_COM_DATA 'quypro','1','1';
2019-03-05 16:37:10 EXEC SPC_WRITING_LST2 '9','10','4';
2019-03-05 16:37:11 EXEC SPC_COM_DATA 'quypro','1','1';
2019-03-05 16:37:11 EXEC SPC_READING_LST1 '','4','9','10';
2019-03-05 16:37:11 EXEC SPC_COM_DATA 'quypro','1','1';
2019-03-05 16:37:11 EXEC SPC_READING_LST2 '12','14','4';
2019-03-05 16:37:13 EXEC SPC_COM_DATA 'quypro','1','1';
2019-03-05 16:37:13 EXEC SPC_VOCABULARY_LST1 '','4','12','14';
2019-03-05 16:37:13 EXEC SPC_COM_DATA 'quypro','1','1';
2019-03-05 16:37:13 EXEC SPC_VOCABULARY_LST2 '2','1','4';
2019-03-05 16:42:02 EXEC SPC_COM_DATA 'quypro','1','1';
2019-03-05 16:42:02 EXEC SPC_COM_MENU '1';
2019-03-05 16:42:02 EXEC SPC_PROFILE_LST1 'quypro';
2019-03-05 17:40:21 EXEC SPC_COM_DATA 'quypro','1','1';
2019-03-05 17:40:21 EXEC SPC_COM_MENU '1';
2019-03-05 17:40:24 EXEC SPC_COM_DATA 'quypro','1','1';
2019-03-05 17:40:24 EXEC SPC_COM_MENU '1';
2019-03-05 17:40:24 EXEC SPC_PROFILE_LST1 'quypro';
2019-03-05 17:43:25 EXEC SPC_COM_DATA 'quypro','1','1';
2019-03-05 17:43:25 EXEC SPC_COM_MENU '1';
2019-03-05 17:43:25 EXEC SPC_PROFILE_LST1 'quypro';
2019-03-05 17:46:33 EXEC SPC_COM_DATA 'quypro','1','1';
2019-03-05 17:46:33 EXEC SPC_COM_MENU '1';
2019-03-05 17:46:33 EXEC SPC_PROFILE_LST1 'quypro';
2019-03-05 17:46:57 EXEC SPC_COM_DATA 'quypro','1','1';
2019-03-05 17:46:57 EXEC SPC_COM_MENU '1';
2019-03-05 17:46:57 EXEC SPC_PROFILE_LST1 'quypro';
2019-03-05 17:47:00 EXEC SPC_COM_DATA 'quypro','1','1';
2019-03-05 17:47:00 EXEC SPC_COM_MENU '1';
2019-03-05 17:47:05 EXEC SPC_COM_DATA 'quypro','1','1';
2019-03-05 17:47:05 EXEC SPC_COM_MENU '1';
2019-03-05 17:47:05 EXEC SPC_PROFILE_LST1 'quypro';
2019-03-05 17:48:00 EXEC SPC_COM_DATA 'quypro','1','1';
2019-03-05 17:48:00 EXEC SPC_COM_MENU '1';
2019-03-05 17:48:00 EXEC SPC_PROFILE_LST1 'quypro';
2019-03-05 17:48:02 EXEC SPC_COM_DATA 'quypro','1','1';
2019-03-05 17:52:44 EXEC SPC_COM_DATA 'quypro','1','1';
2019-03-05 17:52:44 EXEC SPC_COM_MENU '1';
2019-03-05 17:52:44 EXEC SPC_PROFILE_LST1 'quypro';
2019-03-05 17:52:56 EXEC SPC_COM_DATA 'quypro','1','1';
2019-03-05 17:52:56 EXEC SPC_COM_MENU '1';
2019-03-05 17:52:56 EXEC SPC_PROFILE_LST1 'quypro';
2019-03-05 17:53:25 EXEC SPC_COM_DATA 'quypro','1','1';
2019-03-05 17:53:25 EXEC SPC_COM_MENU '1';
2019-03-05 17:53:25 EXEC SPC_PROFILE_LST1 'quypro';
2019-03-05 17:53:31 EXEC SPC_COM_DATA 'quypro','1','1';
2019-03-05 17:53:39 EXEC SPC_COM_DATA 'quypro','1','1';
2019-03-05 17:54:27 EXEC SPC_COM_DATA 'quypro','1','1';
2019-03-05 17:54:27 EXEC SPC_COM_MENU '1';
2019-03-05 17:54:27 EXEC SPC_PROFILE_LST1 'quypro';
2019-03-05 17:54:29 EXEC SPC_COM_DATA 'quypro','1','1';
2019-03-05 17:55:03 EXEC SPC_COM_DATA 'quypro','1','1';
2019-03-05 17:55:03 EXEC SPC_COM_MENU '1';
2019-03-05 17:55:03 EXEC SPC_PROFILE_LST1 'quypro';
2019-03-05 17:55:10 EXEC SPC_COM_DATA 'quypro','1','1';
2019-03-05 17:55:10 EXEC SPC_COM_MENU '1';
2019-03-05 17:55:16 EXEC SPC_COM_DATA 'quypro','1','1';
2019-03-05 17:55:16 EXEC SPC_COM_MENU '1';
2019-03-05 17:55:22 EXEC SPC_COM_DATA 'quypro','1','1';
2019-03-05 17:55:22 EXEC SPC_COM_MENU '1';
2019-03-05 17:55:22 EXEC SPC_PROFILE_LST1 'quypro';
2019-03-05 17:55:51 EXEC SPC_COM_DATA 'quypro','1','1';
2019-03-05 17:55:51 EXEC SPC_COM_MENU '1';
2019-03-05 17:55:51 EXEC SPC_PROFILE_LST1 'quypro';
2019-03-05 17:55:52 EXEC SPC_COM_DATA 'quypro','1','1';
2019-03-05 17:55:52 EXEC SPC_COM_MENU '1';
2019-03-05 17:55:52 EXEC SPC_PROFILE_ACT1 'Quy','Nguyen','quypro','ndq809@gmail.com','/web-content/images/vocabulary/cropped-image5b6a9c4a85e85_20180928 0202090934341538102554093.jpg','08/09/1993','1','0','0','07039881948','0','','','','','4','::1';
