2019-06-26 09:17:04 EXEC SPC_COM_DATA '','','';
2019-06-26 09:17:23 EXEC SPC_COM_DATA '','','';
2019-06-26 09:17:23 EXEC SPC_VOCABULARY_LST1 '','','','';
2019-06-26 09:17:24 EXEC SPC_COM_DATA '','','';
2019-06-26 09:17:24 EXEC SPC_VOCABULARY_LST2 '4','4','';
2019-06-26 09:17:27 EXEC SPC_COM_DATA '','','';
2019-06-26 09:17:27 EXEC SPC_DICTIONARY_LST1 '','';
2019-06-26 09:17:33 EXEC SPC_COM_DATA '','','';
2019-06-26 09:17:33 EXEC SPC_DICTIONARY_LST3 'a';
2019-06-26 09:17:51 EXEC SPC_COM_DATA '','','';
2019-06-26 09:17:51 EXEC SPC_DICTIONARY_LST2 '"A" licence','','::1';
2019-06-26 09:17:52 EXEC SPC_COM_DATA '','','';
2019-06-26 09:17:52 EXEC SPC_DICTIONARY_LST2 '"A" licence','','::1';
2019-06-26 09:17:59 EXEC SPC_COM_DATA '','','';
2019-06-26 09:17:59 EXEC SPC_DICTIONARY_LST3 '"A" licence';
2019-06-26 09:18:00 EXEC SPC_COM_DATA '','','';
2019-06-26 09:18:00 EXEC SPC_DICTIONARY_LST3 '"A" licenc';
2019-06-26 09:18:02 EXEC SPC_COM_DATA '','','';
2019-06-26 09:18:02 EXEC SPC_DICTIONARY_LST3 'doc';
2019-06-26 09:18:04 EXEC SPC_COM_DATA '','','';
2019-06-26 09:18:04 EXEC SPC_DICTIONARY_LST2 'doctor','','::1';
2019-06-26 09:18:04 EXEC SPC_COM_DATA '','','';
2019-06-26 09:18:04 EXEC SPC_DICTIONARY_LST2 'doctor','','::1';
2019-06-26 09:24:56 EXEC SPC_COM_DATA '','','';
2019-06-26 09:24:56 EXEC SPC_DICTIONARY_LST1 '','';
2019-06-26 09:25:00 EXEC SPC_COM_DATA '','','';
2019-06-26 09:25:00 EXEC SPC_DICTIONARY_LST3 'doc';
2019-06-26 09:25:02 EXEC SPC_COM_DATA '','','';
2019-06-26 09:25:02 EXEC SPC_DICTIONARY_LST2 'doctor','','::1';
2019-06-26 09:25:02 EXEC SPC_COM_DATA '','','';
2019-06-26 09:25:02 EXEC SPC_DICTIONARY_LST2 'doctor','','::1';
2019-06-26 09:27:45 EXEC SPC_COM_DATA '','','';
2019-06-26 09:27:45 EXEC SPC_DICTIONARY_LST1 '','';
2019-06-26 09:27:49 EXEC SPC_COM_DATA '','','';
2019-06-26 09:27:49 EXEC SPC_DICTIONARY_LST3 'dp';
2019-06-26 09:27:49 EXEC SPC_COM_DATA '','','';
2019-06-26 09:27:49 EXEC SPC_DICTIONARY_LST3 'd';
2019-06-26 09:27:50 EXEC SPC_COM_DATA '','','';
2019-06-26 09:27:50 EXEC SPC_DICTIONARY_LST3 'doc';
2019-06-26 09:27:52 EXEC SPC_COM_DATA '','','';
2019-06-26 09:27:52 EXEC SPC_DICTIONARY_LST2 'doctor','','::1';
2019-06-26 09:27:52 EXEC SPC_COM_DATA '','','';
2019-06-26 09:27:52 EXEC SPC_DICTIONARY_LST2 'doctor','','::1';
2019-06-26 09:30:16 EXEC SPC_COM_DATA '','','';
2019-06-26 09:30:17 EXEC SPC_COM_DATA '','','';
2019-06-26 09:30:18 EXEC SPC_COMMON_ACCOUNT '18','1';
2019-06-26 09:30:18 EXEC SPC_COM_DATA '14','2','1';
2019-06-26 09:30:18 EXEC SPC_DICTIONARY_LST1 '44','14';
2019-06-26 09:30:19 EXEC SPC_COM_DATA '14','2','1';
2019-06-26 09:30:19 EXEC SPC_DICTIONARY_LST2 'doctor','14','::1';
2019-06-26 09:30:21 EXEC SPC_COM_DATA '14','2','1';
2019-06-26 09:30:21 EXEC SPC_DICTIONARY_LST2 '"blister" copper','14','::1';
2019-06-26 09:37:07 EXEC SPC_COM_DATA '14','2','1';
2019-06-26 09:37:07 EXEC SPC_DICTIONARY_LST1 '19','14';
2019-06-26 09:37:08 EXEC SPC_COM_DATA '14','2','1';
2019-06-26 09:37:08 EXEC SPC_DICTIONARY_LST2 '"blister" copper','14','::1';
2019-06-26 09:37:10 EXEC SPC_COM_DATA '14','2','1';
2019-06-26 09:37:10 EXEC SPC_DICTIONARY_LST2 'doctor','14','::1';
2019-06-26 09:37:17 EXEC SPC_COM_DATA '14','2','1';
2019-06-26 09:37:17 EXEC SPC_DICTIONARY_LST2 '"blister" copper','14','::1';
2019-06-26 09:37:21 EXEC SPC_COM_DATA '14','2','1';
2019-06-26 09:37:21 EXEC SPC_DICTIONARY_LST2 '"B" stock','14','::1';
2019-06-26 09:38:00 EXEC SPC_COM_DATA '14','2','1';
2019-06-26 09:38:01 EXEC SPC_DICTIONARY_LST1 '','14';
2019-06-26 09:38:03 EXEC SPC_COM_DATA '14','2','1';
2019-06-26 09:38:04 EXEC SPC_DICTIONARY_LST2 'doctor','14','::1';
2019-06-26 09:38:19 EXEC SPC_COM_DATA '14','2','1';
2019-06-26 09:38:19 EXEC SPC_DICTIONARY_LST2 '"B" stock','14','::1';
2019-06-26 09:38:26 EXEC SPC_COM_DATA '14','2','1';
2019-06-26 09:38:26 EXEC SPC_DICTIONARY_LST2 '"B" stock','14','::1';
2019-06-26 09:38:31 EXEC SPC_COM_DATA '14','2','1';
2019-06-26 09:38:31 EXEC SPC_DICTIONARY_LST2 '"A" licence','14','::1';
2019-06-26 09:38:52 EXEC SPC_COM_DATA '14','2','1';
2019-06-26 09:38:52 EXEC SPC_DICTIONARY_LST2 '"Buddhist" economy','14','::1';
2019-06-26 09:38:53 EXEC SPC_COM_DATA '14','2','1';
2019-06-26 09:38:53 EXEC SPC_DICTIONARY_LST2 '"blister" copper','14','::1';
2019-06-26 09:38:56 EXEC SPC_COM_DATA '14','2','1';
2019-06-26 09:38:56 EXEC SPC_DICTIONARY_LST2 '"B" stock','14','::1';
2019-06-26 09:38:57 EXEC SPC_COM_DATA '14','2','1';
2019-06-26 09:38:57 EXEC SPC_DICTIONARY_LST2 '"blister" copper','14','::1';
2019-06-26 09:39:30 EXEC SPC_COMMON_ACCOUNT '1','2';
2019-06-26 09:39:31 EXEC SPC_COM_PERMISSION '1','2','v002';
2019-06-26 09:39:31 EXEC SPC_COM_MENU '1';
2019-06-26 09:39:31 EXEC SPC_V002_FND1
2019-06-26 09:39:32 EXEC SPC_COM_PERMISSION '1','2','v002';
2019-06-26 09:39:32 EXEC SPC_COM_MENU '1';
2019-06-26 09:39:32 EXEC SPC_V002_FND1
2019-06-26 09:39:34 EXEC SPC_COM_PERMISSION '1','2','v001';
2019-06-26 09:39:34 EXEC SPC_COM_MENU '1';
2019-06-26 09:39:34 EXEC SPC_V001_LST1
2019-06-26 09:39:35 EXEC SPC_COM_MENU '1';
2019-06-26 09:39:35 EXEC SPC_V001_LST2 '0','0','0','-1','','','50','1';
2019-06-26 09:39:44 EXEC SPC_COM_DATA '14','2','1';
2019-06-26 09:39:44 EXEC SPC_DICTIONARY_LST3 '"blister" copper';
2019-06-26 09:39:54 EXEC SPC_COM_DATA '14','2','1';
2019-06-26 09:39:54 EXEC SPC_DICTIONARY_LST3 '"blister" copper';
2019-06-26 09:39:56 EXEC SPC_COM_DATA '14','2','1';
2019-06-26 09:39:56 EXEC SPC_DICTIONARY_LST3 'doc';
2019-06-26 09:39:57 EXEC SPC_COM_DATA '14','2','1';
2019-06-26 09:39:57 EXEC SPC_DICTIONARY_LST2 'dockize','14','::1';
2019-06-26 09:39:57 EXEC SPC_COM_DATA '14','2','1';
2019-06-26 09:39:57 EXEC SPC_DICTIONARY_LST2 'dockize','14','::1';
2019-06-26 09:41:27 EXEC SPC_COM_DATA '14','2','1';
2019-06-26 09:41:27 EXEC SPC_DICTIONARY_LST2 'dockize','14','::1';
2019-06-26 09:41:29 EXEC SPC_COM_DATA '14','2','1';
2019-06-26 09:41:29 EXEC SPC_DICTIONARY_LST1 '','14';
2019-06-26 09:41:30 EXEC SPC_COM_DATA '14','2','1';
2019-06-26 09:41:30 EXEC SPC_DICTIONARY_LST2 '"blister" copper','14','::1';
2019-06-26 09:43:56 EXEC SPC_COM_DATA '14','2','1';
2019-06-26 09:43:56 EXEC SPC_DICTIONARY_LST1 '','14';
2019-06-26 09:44:13 EXEC SPC_COM_DATA '14','2','1';
2019-06-26 09:44:13 EXEC SPC_DICTIONARY_LST1 '','14';
2019-06-26 09:44:15 EXEC SPC_COM_DATA '14','2','1';
2019-06-26 09:44:15 EXEC SPC_DICTIONARY_LST2 'dockize','14','::1';
2019-06-26 09:44:17 EXEC SPC_COM_DATA '14','2','1';
2019-06-26 09:44:17 EXEC SPC_DICTIONARY_LST2 'dockland','14','::1';
2019-06-26 09:44:21 EXEC SPC_COM_DATA '14','2','1';
2019-06-26 09:44:21 EXEC SPC_DICTIONARY_LST2 'doctor','14','::1';
2019-06-26 09:45:46 EXEC SPC_COM_DATA '14','2','1';
2019-06-26 09:45:46 EXEC SPC_DICTIONARY_LST2 'doctor','14','::1';
2019-06-26 09:46:25 EXEC SPC_COM_DATA '14','2','1';
2019-06-26 09:46:25 EXEC SPC_DICTIONARY_LST1 '','14';
2019-06-26 09:46:26 EXEC SPC_COM_DATA '14','2','1';
2019-06-26 09:46:26 EXEC SPC_DICTIONARY_LST2 'doctor','14','::1';
2019-06-26 09:46:56 EXEC SPC_COM_DATA '14','2','1';
2019-06-26 09:46:56 EXEC SPC_DICTIONARY_LST1 '','14';
2019-06-26 09:46:58 EXEC SPC_COM_DATA '14','2','1';
2019-06-26 09:46:58 EXEC SPC_DICTIONARY_LST2 'doctor','14','::1';
2019-06-26 09:49:17 EXEC SPC_COM_DATA '14','2','1';
2019-06-26 09:49:17 EXEC SPC_DICTIONARY_LST1 '','14';
2019-06-26 09:49:19 EXEC SPC_COM_DATA '14','2','1';
2019-06-26 09:49:19 EXEC SPC_DICTIONARY_LST2 'doctor','14','::1';
2019-06-26 09:51:27 EXEC SPC_COM_DATA '14','2','1';
2019-06-26 09:51:27 EXEC SPC_DICTIONARY_LST1 '','14';
2019-06-26 09:51:30 EXEC SPC_COM_DATA '14','2','1';
2019-06-26 09:51:30 EXEC SPC_DICTIONARY_LST2 'doctor','14','::1';
2019-06-26 09:52:36 EXEC SPC_COM_DATA '14','2','1';
2019-06-26 09:52:36 EXEC SPC_DICTIONARY_LST1 '','14';
2019-06-26 09:54:09 EXEC SPC_COM_DATA '14','2','1';
2019-06-26 09:54:09 EXEC SPC_DICTIONARY_LST1 '','14';
2019-06-26 09:54:12 EXEC SPC_COM_DATA '14','2','1';
2019-06-26 09:54:12 EXEC SPC_DICTIONARY_LST2 'doctor','14','::1';
2019-06-26 10:02:58 EXEC SPC_COM_DATA '14','2','1';
2019-06-26 10:02:58 EXEC SPC_DICTIONARY_LST1 '','14';
2019-06-26 10:03:01 EXEC SPC_COM_DATA '14','2','1';
2019-06-26 10:03:01 EXEC SPC_DICTIONARY_LST2 'doctor','14','::1';
2019-06-26 10:05:03 EXEC SPC_COM_DATA '14','2','1';
2019-06-26 10:05:03 EXEC SPC_DICTIONARY_LST1 '','14';
2019-06-26 10:05:05 EXEC SPC_COM_DATA '14','2','1';
2019-06-26 10:05:05 EXEC SPC_DICTIONARY_LST2 'doctor','14','::1';
2019-06-26 10:08:14 EXEC SPC_COM_DATA '14','2','1';
2019-06-26 10:08:14 EXEC SPC_DICTIONARY_LST1 '','14';
2019-06-26 10:08:16 EXEC SPC_COM_DATA '14','2','1';
2019-06-26 10:08:16 EXEC SPC_DICTIONARY_LST2 'doctor','14','::1';
2019-06-26 10:09:45 EXEC SPC_COM_DATA '14','2','1';
2019-06-26 10:09:45 EXEC SPC_DICTIONARY_LST1 '','14';
2019-06-26 10:09:47 EXEC SPC_COM_DATA '14','2','1';
2019-06-26 10:09:47 EXEC SPC_DICTIONARY_LST2 'doctor','14','::1';
2019-06-26 10:10:26 EXEC SPC_COM_DATA '14','2','1';
2019-06-26 10:10:26 EXEC SPC_DICTIONARY_LST1 '','14';
2019-06-26 10:10:28 EXEC SPC_COM_DATA '14','2','1';
2019-06-26 10:10:28 EXEC SPC_DICTIONARY_LST2 'doctor','14','::1';
2019-06-26 10:11:36 EXEC SPC_COM_DATA '14','2','1';
2019-06-26 10:11:36 EXEC SPC_DICTIONARY_LST1 '','14';
2019-06-26 10:11:38 EXEC SPC_COM_DATA '14','2','1';
2019-06-26 10:11:38 EXEC SPC_DICTIONARY_LST2 'doctor','14','::1';
2019-06-26 10:12:03 EXEC SPC_COM_DATA '14','2','1';
2019-06-26 10:12:03 EXEC SPC_DICTIONARY_LST2 'doctor','14','::1';
2019-06-26 10:12:06 EXEC SPC_COM_DATA '14','2','1';
2019-06-26 10:12:06 EXEC SPC_DICTIONARY_LST1 '','14';
2019-06-26 10:12:07 EXEC SPC_COM_DATA '14','2','1';
2019-06-26 10:12:07 EXEC SPC_DICTIONARY_LST2 'doctor','14','::1';
2019-06-26 10:17:14 EXEC SPC_COM_DATA '14','2','1';
2019-06-26 10:17:14 EXEC SPC_DICTIONARY_LST2 '"B" stock','14','::1';
2019-06-26 10:17:21 EXEC SPC_COM_DATA '14','2','1';
2019-06-26 10:17:21 EXEC SPC_DICTIONARY_LST2 '"blister" copper','14','::1';
2019-06-26 10:17:23 EXEC SPC_COM_DATA '14','2','1';
2019-06-26 10:17:23 EXEC SPC_DICTIONARY_LST2 '"B" stock','14','::1';
2019-06-26 10:17:28 EXEC SPC_COM_DATA '14','2','1';
2019-06-26 10:17:28 EXEC SPC_DICTIONARY_LST2 'doctor','14','::1';
2019-06-26 10:17:30 EXEC SPC_COM_DATA '14','2','1';
2019-06-26 10:17:30 EXEC SPC_DICTIONARY_LST2 'dockland','14','::1';
2019-06-26 10:17:34 EXEC SPC_COM_DATA '14','2','1';
2019-06-26 10:17:34 EXEC SPC_DICTIONARY_LST2 '"A" licence','14','::1';
2019-06-26 10:17:36 EXEC SPC_COM_DATA '14','2','1';
2019-06-26 10:17:36 EXEC SPC_DICTIONARY_LST2 'dockize','14','::1';
2019-06-26 10:18:59 EXEC SPC_COM_DATA '14','2','1';
2019-06-26 10:18:59 EXEC SPC_DICTIONARY_LST1 '','14';
2019-06-26 10:19:00 EXEC SPC_COM_DATA '14','2','1';
2019-06-26 10:19:00 EXEC SPC_DICTIONARY_LST2 'dockize','14','::1';
2019-06-26 10:19:06 EXEC SPC_COM_DATA '14','2','1';
2019-06-26 10:19:06 EXEC SPC_DICTIONARY_LST2 '"blister" copper','14','::1';
2019-06-26 10:20:25 EXEC SPC_COM_DATA '14','2','1';
2019-06-26 10:20:25 EXEC SPC_DICTIONARY_LST1 '','14';
2019-06-26 10:20:26 EXEC SPC_COM_DATA '14','2','1';
2019-06-26 10:20:26 EXEC SPC_DICTIONARY_LST2 '"blister" copper','14','::1';
2019-06-26 10:21:07 EXEC SPC_COM_DATA '14','2','1';
2019-06-26 10:21:07 EXEC SPC_DICTIONARY_LST1 '','14';
2019-06-26 10:21:10 EXEC SPC_COM_DATA '14','2','1';
2019-06-26 10:21:10 EXEC SPC_DICTIONARY_LST2 '"A" licence','14','::1';
2019-06-26 10:21:17 EXEC SPC_COM_DATA '14','2','1';
2019-06-26 10:21:17 EXEC SPC_DICTIONARY_LST2 'doctor','14','::1';
2019-06-26 10:21:22 EXEC SPC_COM_DATA '14','2','1';
2019-06-26 10:21:22 EXEC SPC_DICTIONARY_LST2 'doctor','14','::1';
2019-06-26 10:21:24 EXEC SPC_COM_DATA '14','2','1';
2019-06-26 10:21:24 EXEC SPC_DICTIONARY_LST2 '"Buddhist" economy','14','::1';
2019-06-26 10:21:26 EXEC SPC_COM_DATA '14','2','1';
2019-06-26 10:21:26 EXEC SPC_DICTIONARY_LST2 '"B" stock','14','::1';
2019-06-26 10:21:29 EXEC SPC_COM_DATA '14','2','1';
2019-06-26 10:21:29 EXEC SPC_DICTIONARY_LST2 'doctor','14','::1';
2019-06-26 10:22:11 EXEC SPC_COM_DATA '14','2','1';
2019-06-26 10:22:11 EXEC SPC_DICTIONARY_LST1 '','14';
2019-06-26 10:22:14 EXEC SPC_COM_DATA '14','2','1';
2019-06-26 10:22:14 EXEC SPC_DICTIONARY_LST2 'doctor','14','::1';
2019-06-26 10:24:20 EXEC SPC_COM_DATA '14','2','1';
2019-06-26 10:24:20 EXEC SPC_DICTIONARY_LST1 '','14';
2019-06-26 10:24:22 EXEC SPC_COM_DATA '14','2','1';
2019-06-26 10:24:22 EXEC SPC_DICTIONARY_LST2 'doctor','14','::1';
2019-06-26 10:25:36 EXEC SPC_COM_DATA '14','2','1';
2019-06-26 10:25:37 EXEC SPC_DICTIONARY_LST1 '','14';
2019-06-26 10:25:38 EXEC SPC_COM_DATA '14','2','1';
2019-06-26 10:25:38 EXEC SPC_DICTIONARY_LST2 'doctor','14','::1';
2019-06-26 10:26:57 EXEC SPC_COM_DATA '14','2','1';
2019-06-26 10:26:57 EXEC SPC_DICTIONARY_LST1 '','14';
2019-06-26 10:26:59 EXEC SPC_COM_DATA '14','2','1';
2019-06-26 10:26:59 EXEC SPC_DICTIONARY_LST2 'doctor','14','::1';
2019-06-26 10:30:49 EXEC SPC_COM_PERMISSION '1','2','v002';
2019-06-26 10:30:49 EXEC SPC_COM_MENU '1';
2019-06-26 10:30:49 EXEC SPC_V002_FND1
2019-06-26 10:30:50 EXEC SPC_COM_PERMISSION '1','2','v002';
2019-06-26 10:30:50 EXEC SPC_COM_MENU '1';
2019-06-26 10:30:50 EXEC SPC_V002_FND1
2019-06-26 10:30:51 EXEC SPC_COM_MENU '1';
2019-06-26 10:30:51 EXEC SPC_v002_LST1 '27','0';
2019-06-26 10:31:01 EXEC SPC_COM_MENU '1';
2019-06-26 10:31:01 EXEC SPC_V002_ACT1 '27','0','doctor','/'dɔktə/','0','11','0','','(hàng hải),  (từ lóng) người đầu bếp, anh nuôi (trên tàu)','','[]','[]','[]','1','::1';
2019-06-26 10:31:02 EXEC SPC_COM_MENU '1';
2019-06-26 10:31:02 EXEC SPC_v002_LST1 '27','0';
2019-06-26 10:31:03 EXEC SPC_COM_PERMISSION '1','2','v002';
2019-06-26 10:31:03 EXEC SPC_COM_MENU '1';
2019-06-26 10:31:03 EXEC SPC_V002_FND1
2019-06-26 10:31:09 EXEC SPC_COM_DATA '14','2','1';
2019-06-26 10:31:09 EXEC SPC_DICTIONARY_LST2 'doctor','14','::1';
2019-06-26 10:46:21 EXEC SPC_COM_DATA '14','2','1';
2019-06-26 10:46:21 EXEC SPC_DICTIONARY_LST1 '','14';
2019-06-26 10:46:23 EXEC SPC_COM_DATA '14','2','1';
2019-06-26 10:46:23 EXEC SPC_DICTIONARY_LST2 'doctor','14','::1';
2019-06-26 10:55:32 EXEC SPC_COM_DATA '14','2','1';
2019-06-26 10:55:32 EXEC SPC_DICTIONARY_LST2 'doctor','14','::1';
2019-06-26 10:55:55 EXEC SPC_COM_DATA '14','2','1';
2019-06-26 10:55:55 EXEC SPC_DICTIONARY_LST2 'doctor','14','::1';
2019-06-26 10:56:22 EXEC SPC_COM_DATA '14','2','1';
2019-06-26 10:56:22 EXEC SPC_DICTIONARY_LST2 'doctor','14','::1';
2019-06-26 10:57:27 EXEC SPC_COM_DATA '14','2','1';
2019-06-26 10:57:27 EXEC SPC_VOCABULARY_LST1 '','14','4','4';
2019-06-26 10:57:28 EXEC SPC_COM_DATA '14','2','1';
2019-06-26 10:57:28 EXEC SPC_VOCABULARY_LST2 '4','4','14';
2019-06-26 10:57:43 EXEC SPC_COM_PERMISSION '1','2','w001';
2019-06-26 10:57:43 EXEC SPC_COM_MENU '1';
2019-06-26 10:57:43 EXEC SPC_W001_LST1
2019-06-26 10:57:45 EXEC SPC_COM_MENU '1';
2019-06-26 10:57:45 EXEC SPC_W001_LST2 '','','','-1','','10','1';
2019-06-26 10:57:48 EXEC SPC_COM_PERMISSION '1','2','w002';
2019-06-26 10:57:48 EXEC SPC_COM_MENU '1';
2019-06-26 10:57:48 EXEC SPC_W002_FND1
2019-06-26 10:57:49 EXEC SPC_COM_MENU '1';
2019-06-26 10:57:49 EXEC SPC_W002_LST1 '1';
2019-06-26 10:57:49 EXEC SPC_COM_MENU '1';
2019-06-26 10:57:49 EXEC SPC_W002_LST2 '1';
2019-06-26 10:57:49 EXEC SPC_COM_MENU '1';
2019-06-26 10:57:49 EXEC SPC_COMMON_GROUP '4';
2019-06-26 10:57:52 EXEC SPC_COM_MENU '1';
2019-06-26 10:57:52 EXEC SPC_P003_INQ1
2019-06-26 10:57:52 EXEC SPC_COM_MENU '1';
2019-06-26 10:57:52 EXEC SPC_P003_LST2 '[{"vocabulary_code":"1","vocabulary_id":"1","vocabulary_dtl_id":"0","vocabulary_nm":"\"A\" licence","vocabulary_div":"0","vocabulary_div_nm":"","specialized_div":"1","specialized_div_nm":"kinh t\u1ebf","field_div":"0","field_div_nm":"","spelling":"","mean":"gi\u1ea5y ph\u00e9p \"A\"","image":"\/web-content\/images\/vocabulary\/cropped-colorful-alphabet-chart_20190624 1717060640401561364860995.jpg","audio":"\/web-content\/audio\/listeningAudio\/audio_5d11af8b73dcb.mp3"},{"vocabulary_code":"20","vocabulary_id":"13","vocabulary_dtl_id":"1","vocabulary_nm":"\"blister\" copper","vocabulary_div":"1","vocabulary_div_nm":"Danh t\u1eeb","specialized_div":"2","specialized_div_nm":"k\u1ef9 thu\u1eadt","field_div":"2","field_div_nm":"c\u01a1 kh\u00ed & c\u00f4ng tr\u00ecnh","spelling":"\/abcdef\/","mean":"\u0111\u1ed3ng x\u1ed1p","image":"","audio":""},{"vocabulary_code":"21","vocabulary_id":"14","vocabulary_dtl_id":"0","vocabulary_nm":"\"Buddhist\" economy","vocabulary_div":"0","vocabulary_div_nm":"","specialized_div":"1","specialized_div_nm":"kinh t\u1ebf","field_div":"0","field_div_nm":"","spelling":"","mean":"n\u1ec1n kinh t\u1ebf \"Ph\u1eadt gi\u00e1o\" (ho\u1ea1t \u0111\u1ed9ng kinh t\u1ebf ti\u00eau c\u1ef1c)","image":"","audio":""}]';
2019-06-26 10:57:55 EXEC SPC_COM_MENU '1';
2019-06-26 10:57:55 EXEC SPC_P003_LST1 '0','0','0','','','[{"vocabulary_code":"1"},{"vocabulary_code":"20"},{"vocabulary_code":"21"}]','50','1';
2019-06-26 10:58:07 EXEC SPC_COM_MENU '1';
2019-06-26 10:58:07 EXEC SPC_P003_LST3 '[{"vocabulary_code":"1"},{"vocabulary_code":"20"},{"vocabulary_code":"21"},{"vocabulary_code":"60"}]';
2019-06-26 10:58:10 EXEC SPC_COM_MENU '1';
2019-06-26 10:58:10 EXEC SPC_w002_ACT1 '1','1','4','4','','[]','','','','0','[{"row_id":0,"vocabulary_code":"1"},{"row_id":1,"vocabulary_code":"20"},{"row_id":2,"vocabulary_code":"21"},{"row_id":3,"vocabulary_code":"60"}]','[]','[]','1','::1';
2019-06-26 10:58:12 EXEC SPC_COM_MENU '1';
2019-06-26 10:58:12 EXEC SPC_W002_LST1 '1';
2019-06-26 10:58:12 EXEC SPC_COM_MENU '1';
2019-06-26 10:58:12 EXEC SPC_W002_LST2 '1';
2019-06-26 10:58:12 EXEC SPC_COM_MENU '1';
2019-06-26 10:58:12 EXEC SPC_COMMON_GROUP '4';
2019-06-26 10:58:18 EXEC SPC_COM_DATA '14','2','1';
2019-06-26 10:58:18 EXEC SPC_VOCABULARY_LST1 '','14','4','4';
2019-06-26 10:58:19 EXEC SPC_COM_DATA '14','2','1';
2019-06-26 10:58:19 EXEC SPC_VOCABULARY_LST2 '4','4','14';
2019-06-26 10:58:29 EXEC SPC_COM_DATA '14','2','1';
2019-06-26 10:58:29 EXEC SPC_DICTIONARY_LST1 '60','14';
2019-06-26 10:58:30 EXEC SPC_COM_DATA '14','2','1';
2019-06-26 10:58:30 EXEC SPC_DICTIONARY_LST2 'doctor','14','::1';
2019-06-26 11:07:21 EXEC SPC_COM_DATA '14','2','1';
2019-06-26 11:07:22 EXEC SPC_DICTIONARY_LST1 '60','14';
2019-06-26 11:07:22 EXEC SPC_COM_DATA '14','2','1';
2019-06-26 11:07:22 EXEC SPC_DICTIONARY_LST2 'doctor','14','::1';
2019-06-26 11:10:13 EXEC SPC_COM_DATA '14','2','1';
2019-06-26 11:10:14 EXEC SPC_DICTIONARY_LST1 '','14';
2019-06-26 11:10:15 EXEC SPC_COM_DATA '14','2','1';
2019-06-26 11:10:15 EXEC SPC_DICTIONARY_LST2 'doctor','14','::1';
2019-06-26 11:13:25 EXEC SPC_COM_PERMISSION '1','2','v001';
2019-06-26 11:13:25 EXEC SPC_COM_MENU '1';
2019-06-26 11:13:25 EXEC SPC_V001_LST1
2019-06-26 11:13:27 EXEC SPC_COM_MENU '1';
2019-06-26 11:13:27 EXEC SPC_V001_LST2 '0','0','0','-1','','','50','1';
2019-06-26 11:14:04 EXEC SPC_COM_MENU '1';
2019-06-26 11:14:04 EXEC SPC_V001_LST2 '0','0','0','-1','','','50','2';
2019-06-26 11:14:19 EXEC SPC_COM_PERMISSION '1','2','v002';
2019-06-26 11:14:19 EXEC SPC_COM_MENU '1';
2019-06-26 11:14:19 EXEC SPC_V002_FND1
2019-06-26 11:14:19 EXEC SPC_COM_PERMISSION '1','2','v002';
2019-06-26 11:14:19 EXEC SPC_COM_MENU '1';
2019-06-26 11:14:19 EXEC SPC_V002_FND1
2019-06-26 11:14:20 EXEC SPC_COM_MENU '1';
2019-06-26 11:14:20 EXEC SPC_v002_LST1 '27','9';
2019-06-26 11:14:25 EXEC SPC_COM_MENU '1';
2019-06-26 11:14:25 EXEC SPC_V002_LST2 'a';
2019-06-26 11:14:30 EXEC SPC_COM_MENU '1';
2019-06-26 11:14:30 EXEC SPC_V002_LST2 'v';
2019-06-26 11:14:34 EXEC SPC_COM_MENU '1';
2019-06-26 11:14:34 EXEC SPC_V002_LST2 's';
2019-06-26 11:14:39 EXEC SPC_COM_MENU '1';
2019-06-26 11:14:39 EXEC SPC_V002_LST2 'vb';
2019-06-26 11:14:42 EXEC SPC_COM_MENU '1';
2019-06-26 11:14:42 EXEC SPC_V002_LST2 'g';
2019-06-26 11:14:47 EXEC SPC_COM_MENU '1';
2019-06-26 11:14:47 EXEC SPC_V002_LST2 'i';
2019-06-26 11:14:53 EXEC SPC_COM_MENU '1';
2019-06-26 11:14:53 EXEC SPC_V002_ACT1 '27','9','doctor','/'dɔktə/','0','0','1','','bác sĩ y khoa','','[{"row_id":1,"word_id":"3","word_dtl_id":"0"},{"row_id":2,"word_id":"5","word_dtl_id":"0"}]','[{"row_id":1,"word_id":"2","word_dtl_id":"0"},{"row_id":2,"word_id":"19","word_dtl_id":"0"},{"row_id":3,"word_id":"14","word_dtl_id":"0"}]','[]','1','::1';
2019-06-26 11:14:55 EXEC SPC_COM_MENU '1';
2019-06-26 11:14:55 EXEC SPC_v002_LST1 '27','9';
2019-06-26 11:14:55 EXEC SPC_COM_PERMISSION '1','2','v002';
2019-06-26 11:14:55 EXEC SPC_COM_MENU '1';
2019-06-26 11:14:55 EXEC SPC_V002_FND1
2019-06-26 11:15:03 EXEC SPC_COM_DATA '14','2','1';
2019-06-26 11:15:04 EXEC SPC_DICTIONARY_LST2 'doctor','14','::1';
2019-06-26 11:16:57 EXEC SPC_COM_DATA '14','2','1';
2019-06-26 11:16:58 EXEC SPC_COM_DATA '14','2','1';
2019-06-26 11:16:58 EXEC SPC_TRANSLATION_LST1 '','14';
2019-06-26 11:29:01 EXEC SPC_COM_DATA '14','2','1';
2019-06-26 11:29:01 EXEC SPC_DICTIONARY_LST2 '"B" stock','14','::1';
2019-06-26 11:29:02 EXEC SPC_COM_DATA '14','2','1';
2019-06-26 11:29:02 EXEC SPC_DICTIONARY_LST2 '"blister" copper','14','::1';
2019-06-26 11:29:03 EXEC SPC_COM_DATA '14','2','1';
2019-06-26 11:29:03 EXEC SPC_DICTIONARY_LST2 'dockland','14','::1';
2019-06-26 11:29:04 EXEC SPC_COM_DATA '14','2','1';
2019-06-26 11:29:04 EXEC SPC_DICTIONARY_LST2 '"A" licence','14','::1';
2019-06-26 11:29:05 EXEC SPC_COM_DATA '14','2','1';
2019-06-26 11:29:05 EXEC SPC_DICTIONARY_LST2 '"A" licence','14','::1';
2019-06-26 11:29:06 EXEC SPC_COM_DATA '14','2','1';
2019-06-26 11:29:06 EXEC SPC_DICTIONARY_LST2 'dockland','14','::1';
2019-06-26 11:29:08 EXEC SPC_COM_DATA '14','2','1';
2019-06-26 11:29:08 EXEC SPC_DICTIONARY_LST2 'doctor','14','::1';
2019-06-26 11:29:21 EXEC SPC_COM_DATA '14','2','1';
2019-06-26 11:29:21 EXEC SPC_RELAX_LST1 '','14';
2019-06-26 11:29:22 EXEC SPC_COM_DATA '14','2','1';
2019-06-26 11:29:22 EXEC SPC_RELAX_LST2 '','1','1','1','0','[]','14';
2019-06-26 11:29:22 SQLSTATE[42000]: [Microsoft][ODBC Driver 17 for SQL Server][SQL Server]データ型 nvarchar を int に変換中にエラーが発生しました。
2019-06-26 11:29:25 EXEC SPC_COM_DATA '14','2','1';
2019-06-26 11:29:25 EXEC SPC_DICTIONARY_LST1 '','14';
2019-06-26 11:30:22 EXEC SPC_COM_DATA '14','2','1';
2019-06-26 11:30:22 EXEC SPC_DICTIONARY_LST2 'dsadsadsa','14','::1';
2019-06-26 11:30:22 EXEC SPC_COM_DATA '14','2','1';
2019-06-26 11:30:22 EXEC SPC_DICTIONARY_LST3 'dsadsadsa';
2019-06-26 11:30:22 EXEC SPC_COM_DATA '14','2','1';
2019-06-26 11:30:22 EXEC SPC_DICTIONARY_LST3 'dsadsadsa';
2019-06-26 11:30:24 EXEC SPC_COM_DATA '14','2','1';
2019-06-26 11:30:24 EXEC SPC_DICTIONARY_LST3 'dsadsadsa';
2019-06-26 11:30:29 EXEC SPC_COM_DATA '14','2','1';
2019-06-26 11:30:29 EXEC SPC_DICTIONARY_LST2 'fsafafqa','14','::1';
2019-06-26 11:30:29 EXEC SPC_COM_DATA '14','2','1';
2019-06-26 11:30:29 EXEC SPC_DICTIONARY_LST3 'fsafafqa';
2019-06-26 11:30:29 EXEC SPC_COM_DATA '14','2','1';
2019-06-26 11:30:29 EXEC SPC_DICTIONARY_LST3 'fsafafqa';
2019-06-26 11:30:33 EXEC SPC_COM_DATA '14','2','1';
2019-06-26 11:30:33 EXEC SPC_DICTIONARY_LST3 'do';
2019-06-26 11:30:35 EXEC SPC_COM_DATA '14','2','1';
2019-06-26 11:30:35 EXEC SPC_DICTIONARY_LST2 'dockyard','14','::1';
2019-06-26 11:30:35 EXEC SPC_COM_DATA '14','2','1';
2019-06-26 11:30:35 EXEC SPC_DICTIONARY_LST2 'dockyard','14','::1';
2019-06-26 11:36:46 EXEC SPC_COM_PERMISSION '1','2','v002';
2019-06-26 11:36:46 EXEC SPC_COM_MENU '1';
2019-06-26 11:36:46 EXEC SPC_V002_FND1
2019-06-26 11:36:46 EXEC SPC_COM_PERMISSION '1','2','v002';
2019-06-26 11:36:46 EXEC SPC_COM_MENU '1';
2019-06-26 11:36:46 EXEC SPC_V002_FND1
2019-06-26 11:36:47 EXEC SPC_COM_MENU '1';
2019-06-26 11:36:47 EXEC SPC_v002_LST1 '27','9';
2019-06-26 11:37:36 EXEC SPC_COM_MENU '1';
2019-06-26 11:37:36 EXEC SPC_V002_LST2 'a';
2019-06-26 11:37:46 EXEC SPC_COM_MENU '1';
2019-06-26 11:37:46 EXEC SPC_V002_LST2 'a';
2019-06-26 11:39:33 EXEC SPC_COM_PERMISSION '1','2','v002';
2019-06-26 11:39:33 EXEC SPC_COM_MENU '1';
2019-06-26 11:39:33 EXEC SPC_V002_FND1
2019-06-26 11:39:33 EXEC SPC_COM_PERMISSION '1','2','v002';
2019-06-26 11:39:33 EXEC SPC_COM_MENU '1';
2019-06-26 11:39:33 EXEC SPC_V002_FND1
2019-06-26 11:39:34 EXEC SPC_COM_MENU '1';
2019-06-26 11:39:34 EXEC SPC_v002_LST1 '27','9';
2019-06-26 11:39:37 EXEC SPC_COM_MENU '1';
2019-06-26 11:39:37 EXEC SPC_V002_LST2 'a';
2019-06-26 11:39:42 EXEC SPC_COM_MENU '1';
2019-06-26 11:39:42 EXEC SPC_V002_LST2 'a';
2019-06-26 11:39:46 EXEC SPC_COM_MENU '1';
2019-06-26 11:39:46 EXEC SPC_V002_ACT1 '27','9','doctor','/'dɔktə/','0','0','1','','bác sĩ y khoa','','[{"row_id":1,"word_id":"3","word_dtl_id":"0"},{"row_id":2,"word_id":"5","word_dtl_id":"0"},{"row_id":3,"word_id":"1","word_dtl_id":"0"}]','[{"row_id":1,"word_id":"2","word_dtl_id":"0"},{"row_id":2,"word_id":"14","word_dtl_id":"0"},{"row_id":3,"word_id":"19","word_dtl_id":"0"}]','[]','1','::1';
2019-06-26 11:39:47 EXEC SPC_COM_MENU '1';
2019-06-26 11:39:47 EXEC SPC_v002_LST1 '27','9';
2019-06-26 11:39:47 EXEC SPC_COM_PERMISSION '1','2','v002';
2019-06-26 11:39:47 EXEC SPC_COM_MENU '1';
2019-06-26 11:39:47 EXEC SPC_V002_FND1
2019-06-26 11:40:03 EXEC SPC_COM_MENU '1';
2019-06-26 11:40:03 EXEC SPC_V002_ACT1 '27','9','doctor','/'dɔktə/','0','0','1','','bác sĩ y khoa','','[{"row_id":1,"word_id":"3","word_dtl_id":"0"},{"row_id":2,"word_id":"5","word_dtl_id":"0"}]','[{"row_id":1,"word_id":"2","word_dtl_id":"0"},{"row_id":2,"word_id":"14","word_dtl_id":"0"},{"row_id":3,"word_id":"19","word_dtl_id":"0"}]','[]','1','::1';
2019-06-26 11:40:04 EXEC SPC_COM_MENU '1';
2019-06-26 11:40:04 EXEC SPC_v002_LST1 '27','9';
2019-06-26 11:40:04 EXEC SPC_COM_PERMISSION '1','2','v002';
2019-06-26 11:40:04 EXEC SPC_COM_MENU '1';
2019-06-26 11:40:04 EXEC SPC_V002_FND1
2019-06-26 11:42:05 EXEC SPC_COM_PERMISSION '1','2','v002';
2019-06-26 11:42:05 EXEC SPC_COM_MENU '1';
2019-06-26 11:42:05 EXEC SPC_V002_FND1
2019-06-26 11:42:06 EXEC SPC_COM_PERMISSION '1','2','v002';
2019-06-26 11:42:06 EXEC SPC_COM_MENU '1';
2019-06-26 11:42:06 EXEC SPC_V002_FND1
2019-06-26 11:42:06 EXEC SPC_COM_MENU '1';
2019-06-26 11:42:06 EXEC SPC_v002_LST1 '27','9';
2019-06-26 11:42:10 EXEC SPC_COM_MENU '1';
2019-06-26 11:42:10 EXEC SPC_V002_LST2 'a';
2019-06-26 11:42:14 EXEC SPC_COM_MENU '1';
2019-06-26 11:42:14 EXEC SPC_V002_ACT1 '27','9','doctor','/'dɔktə/','0','0','1','','bác sĩ y khoa','','[{"row_id":1,"word_id":"3","word_dtl_id":"0"},{"row_id":2,"word_id":"5","word_dtl_id":"0"}]','[{"row_id":1,"word_id":"2","word_dtl_id":"0"},{"row_id":2,"word_id":"14","word_dtl_id":"0"},{"row_id":3,"word_id":"19","word_dtl_id":"0"}]','[]','1','::1';
2019-06-26 11:42:15 EXEC SPC_COM_MENU '1';
2019-06-26 11:42:15 EXEC SPC_v002_LST1 '27','9';
2019-06-26 11:42:59 EXEC SPC_COM_DATA '14','2','1';
2019-06-26 11:42:59 EXEC SPC_COM_MENU '2';
2019-06-26 11:43:03 EXEC SPC_COM_DATA '14','2','1';
2019-06-26 11:43:03 EXEC SPC_VOCABULARY_LST1 '','14','4','4';
2019-06-26 11:43:03 EXEC SPC_COM_DATA '14','2','1';
2019-06-26 11:43:03 EXEC SPC_VOCABULARY_LST2 '4','4','14';
2019-06-26 11:43:05 EXEC SPC_COM_DATA '14','2','1';
2019-06-26 11:43:05 EXEC SPC_GRAMMAR_LST1 '','14','4','4';
2019-06-26 11:43:07 EXEC SPC_COM_DATA '14','2','1';
2019-06-26 11:43:08 EXEC SPC_LISTENING_LST1 '','14','4','4';
2019-06-26 11:43:10 EXEC SPC_COM_DATA '14','2','1';
2019-06-26 11:43:10 EXEC SPC_DICTIONARY_LST1 '','14';
2019-06-26 11:43:13 EXEC SPC_COM_DATA '14','2','1';
2019-06-26 11:43:13 EXEC SPC_DICTIONARY_LST2 'xádaddadsa','14','::1';
2019-06-26 11:43:13 EXEC SPC_COM_DATA '14','2','1';
2019-06-26 11:43:13 EXEC SPC_DICTIONARY_LST3 'xádaddadsa';
2019-06-26 11:43:13 EXEC SPC_COM_DATA '14','2','1';
2019-06-26 11:43:13 EXEC SPC_DICTIONARY_LST3 'xádaddadsa';
2019-06-26 11:46:22 EXEC SPC_COM_DATA '14','2','1';
2019-06-26 11:46:22 EXEC SPC_DICTIONARY_LST1 '','14';
2019-06-26 11:46:30 EXEC SPC_COM_DATA '14','2','1';
2019-06-26 11:46:30 EXEC SPC_DICTIONARY_LST2 'dsadasdsa','14','::1';
2019-06-26 11:46:30 EXEC SPC_COM_DATA '14','2','1';
2019-06-26 11:46:30 EXEC SPC_DICTIONARY_LST3 'dsadasdsa';
2019-06-26 11:46:30 EXEC SPC_COM_DATA '14','2','1';
2019-06-26 11:46:30 EXEC SPC_DICTIONARY_LST3 'dsadasdsa';
2019-06-26 11:47:13 EXEC SPC_COM_DATA '14','2','1';
2019-06-26 11:47:14 EXEC SPC_DICTIONARY_LST3 'dsadasdsa';
2019-06-26 11:47:14 EXEC SPC_COM_DATA '14','2','1';
2019-06-26 11:47:14 EXEC SPC_DICTIONARY_LST2 'dsadasdsa','14','::1';
2019-06-26 11:47:15 EXEC SPC_COM_DATA '14','2','1';
2019-06-26 11:47:15 EXEC SPC_DICTIONARY_LST3 'dsadasdsa';
2019-06-26 11:47:19 EXEC SPC_COM_DATA '14','2','1';
2019-06-26 11:47:19 EXEC SPC_DICTIONARY_LST3 'dsadasdsa';
2019-06-26 11:47:26 EXEC SPC_COM_DATA '14','2','1';
2019-06-26 11:47:26 EXEC SPC_DICTIONARY_LST3 'dsadasdsa';
2019-06-26 11:47:41 EXEC SPC_COM_DATA '14','2','1';
2019-06-26 11:47:41 EXEC SPC_DICTIONARY_LST2 'dsadasdsa','14','::1';
2019-06-26 11:47:41 EXEC SPC_COM_DATA '14','2','1';
2019-06-26 11:47:41 EXEC SPC_DICTIONARY_LST3 'dsadasdsa';
2019-06-26 11:47:53 EXEC SPC_COM_DATA '14','2','1';
2019-06-26 11:47:53 EXEC SPC_DICTIONARY_LST3 'dsadasdsa';
2019-06-26 11:47:55 EXEC SPC_COM_DATA '14','2','1';
2019-06-26 11:47:55 EXEC SPC_DICTIONARY_LST2 'dsadasdsa','14','::1';
2019-06-26 11:47:55 EXEC SPC_COM_DATA '14','2','1';
2019-06-26 11:47:55 EXEC SPC_DICTIONARY_LST3 'dsadasdsa';
2019-06-26 11:49:13 EXEC SPC_COM_DATA '14','2','1';
2019-06-26 11:49:13 EXEC SPC_DICTIONARY_LST3 'dsadasdsa';
2019-06-26 11:49:13 EXEC SPC_COM_DATA '14','2','1';
2019-06-26 11:49:13 EXEC SPC_DICTIONARY_LST1 '','14';
2019-06-26 11:49:19 EXEC SPC_COM_DATA '14','2','1';
2019-06-26 11:49:19 EXEC SPC_DICTIONARY_LST3 'dsadsads';
2019-06-26 11:49:20 EXEC SPC_COM_DATA '14','2','1';
2019-06-26 11:49:20 EXEC SPC_DICTIONARY_LST2 'dsadsads','14','::1';
2019-06-26 11:49:20 EXEC SPC_COM_DATA '14','2','1';
2019-06-26 11:49:20 EXEC SPC_DICTIONARY_LST3 'dsadsads';
2019-06-26 11:49:24 EXEC SPC_COM_DATA '14','2','1';
2019-06-26 11:49:24 EXEC SPC_DICTIONARY_LST2 'doctor','14','::1';
2019-06-26 11:49:30 EXEC SPC_COM_DATA '14','2','1';
2019-06-26 11:49:30 EXEC SPC_VOCABULARY_LST1 '','14','4','4';
2019-06-26 11:49:31 EXEC SPC_COM_DATA '14','2','1';
2019-06-26 11:49:31 EXEC SPC_VOCABULARY_LST2 '4','4','14';
2019-06-26 11:51:22 EXEC SPC_COM_DATA '14','2','1';
2019-06-26 11:51:22 EXEC SPC_GRAMMAR_LST1 '','14','4','4';
2019-06-26 11:51:25 EXEC SPC_COM_DATA '14','2','1';
2019-06-26 11:51:25 EXEC SPC_VOCABULARY_LST1 '','14','4','4';
2019-06-26 11:51:26 EXEC SPC_COM_DATA '14','2','1';
2019-06-26 11:51:26 EXEC SPC_VOCABULARY_LST2 '4','4','14';
2019-06-26 11:51:50 EXEC SPC_COM_DATA '14','2','1';
2019-06-26 11:51:50 EXEC SPC_VOCABULARY_LST1 '','14','4','4';
2019-06-26 11:51:50 EXEC SPC_COM_DATA '14','2','1';
2019-06-26 11:51:50 EXEC SPC_VOCABULARY_LST2 '4','4','14';
2019-06-26 11:52:08 EXEC SPC_COM_PERMISSION '1','2','w001';
2019-06-26 11:52:08 EXEC SPC_COM_MENU '1';
2019-06-26 11:52:08 EXEC SPC_W001_LST1
2019-06-26 11:52:10 EXEC SPC_COM_MENU '1';
2019-06-26 11:52:10 EXEC SPC_W001_LST2 '','','','-1','','10','1';
2019-06-26 11:52:11 EXEC SPC_COM_PERMISSION '1','2','w002';
2019-06-26 11:52:11 EXEC SPC_COM_MENU '1';
2019-06-26 11:52:11 EXEC SPC_W002_FND1
2019-06-26 11:52:11 EXEC SPC_COM_MENU '1';
2019-06-26 11:52:11 EXEC SPC_W002_LST1 '1';
2019-06-26 11:52:12 EXEC SPC_COM_MENU '1';
2019-06-26 11:52:12 EXEC SPC_W002_LST2 '1';
2019-06-26 11:52:12 EXEC SPC_COM_MENU '1';
2019-06-26 11:52:12 EXEC SPC_COMMON_GROUP '4';
2019-06-26 11:52:13 EXEC SPC_COM_MENU '1';
2019-06-26 11:52:13 EXEC SPC_P003_INQ1
2019-06-26 11:52:13 EXEC SPC_COM_MENU '1';
2019-06-26 11:52:13 EXEC SPC_P003_LST2 '[{"vocabulary_code":"1","vocabulary_id":"1","vocabulary_dtl_id":"0","vocabulary_nm":"\"A\" licence","vocabulary_div":"0","vocabulary_div_nm":"","specialized_div":"1","specialized_div_nm":"kinh t\u1ebf","field_div":"0","field_div_nm":"","spelling":"","mean":"gi\u1ea5y ph\u00e9p \"A\"","image":"\/web-content\/images\/vocabulary\/cropped-colorful-alphabet-chart_20190624 1717060640401561364860995.jpg","audio":"\/web-content\/audio\/listeningAudio\/audio_5d11af8b73dcb.mp3"},{"vocabulary_code":"20","vocabulary_id":"13","vocabulary_dtl_id":"1","vocabulary_nm":"\"blister\" copper","vocabulary_div":"1","vocabulary_div_nm":"Danh t\u1eeb","specialized_div":"2","specialized_div_nm":"k\u1ef9 thu\u1eadt","field_div":"2","field_div_nm":"c\u01a1 kh\u00ed & c\u00f4ng tr\u00ecnh","spelling":"\/abcdef\/","mean":"\u0111\u1ed3ng x\u1ed1p","image":"","audio":""},{"vocabulary_code":"21","vocabulary_id":"14","vocabulary_dtl_id":"0","vocabulary_nm":"\"Buddhist\" economy","vocabulary_div":"0","vocabulary_div_nm":"","specialized_div":"1","specialized_div_nm":"kinh t\u1ebf","field_div":"0","field_div_nm":"","spelling":"","mean":"n\u1ec1n kinh t\u1ebf \"Ph\u1eadt gi\u00e1o\" (ho\u1ea1t \u0111\u1ed9ng kinh t\u1ebf ti\u00eau c\u1ef1c)","image":"","audio":""},{"vocabulary_code":"60","vocabulary_id":"27","vocabulary_dtl_id":"17","vocabulary_nm":"doctor","vocabulary_div":"0","vocabulary_div_nm":"","specialized_div":"2","specialized_div_nm":"k\u1ef9 thu\u1eadt","field_div":"5","field_div_nm":"x\u00e2y d\u1ef1ng","spelling":"\/'d\u0254kt\u0259\/","mean":"ti\u1ebfn s\u0129","image":"","audio":"\/web-content\/dictonary\/audio\/d\/doctor.wav"}]';
2019-06-26 11:52:20 EXEC SPC_COM_MENU '1';
2019-06-26 11:52:20 EXEC SPC_P003_LST1 '0','0','0','','','[{"vocabulary_code":"1"},{"vocabulary_code":"20"},{"vocabulary_code":"21"}]','50','1';
2019-06-26 11:52:29 EXEC SPC_COM_MENU '1';
2019-06-26 11:52:29 EXEC SPC_P003_LST1 '0','0','0','','','[{"vocabulary_code":"1"},{"vocabulary_code":"20"},{"vocabulary_code":"21"}]','50','2';
2019-06-26 11:52:36 EXEC SPC_COM_MENU '1';
2019-06-26 11:52:36 EXEC SPC_P003_LST1 '0','0','0','','','[{"vocabulary_code":"1"},{"vocabulary_code":"20"},{"vocabulary_code":"21"}]','50','1';
2019-06-26 11:52:47 EXEC SPC_COM_MENU '1';
2019-06-26 11:52:47 EXEC SPC_P003_LST3 '[{"vocabulary_code":"1"},{"vocabulary_code":"20"},{"vocabulary_code":"21"},{"vocabulary_code":"52"}]';
2019-06-26 11:52:51 EXEC SPC_COM_MENU '1';
2019-06-26 11:52:51 EXEC SPC_w002_ACT1 '1','1','4','4','','[]','','','','0','[{"row_id":0,"vocabulary_code":"1"},{"row_id":1,"vocabulary_code":"20"},{"row_id":2,"vocabulary_code":"21"},{"row_id":3,"vocabulary_code":"52"}]','[]','[]','1','::1';
2019-06-26 11:52:52 EXEC SPC_COM_MENU '1';
2019-06-26 11:52:52 EXEC SPC_W002_LST1 '1';
2019-06-26 11:52:53 EXEC SPC_COM_MENU '1';
2019-06-26 11:52:53 EXEC SPC_W002_LST2 '1';
2019-06-26 11:52:53 EXEC SPC_COM_MENU '1';
2019-06-26 11:52:53 EXEC SPC_COMMON_GROUP '4';
2019-06-26 11:52:59 EXEC SPC_COM_DATA '14','2','1';
2019-06-26 11:52:59 EXEC SPC_VOCABULARY_LST1 '','14','4','4';
2019-06-26 11:53:00 EXEC SPC_COM_DATA '14','2','1';
2019-06-26 11:53:00 EXEC SPC_VOCABULARY_LST2 '4','4','14';
2019-06-26 11:53:04 EXEC SPC_COM_DATA '14','2','1';
2019-06-26 11:53:05 EXEC SPC_DICTIONARY_LST1 '29','14';
2019-06-26 11:53:05 EXEC SPC_COM_DATA '14','2','1';
2019-06-26 11:53:05 EXEC SPC_DICTIONARY_LST2 '"GO" side','14','::1';
2019-06-26 11:54:48 EXEC SPC_COM_DATA '14','2','1';
2019-06-26 11:54:48 EXEC SPC_DICTIONARY_LST2 '"Buddhist" economy','14','::1';
2019-06-26 11:55:03 EXEC SPC_COM_MENU '1';
2019-06-26 11:55:03 EXEC SPC_P003_INQ1
2019-06-26 11:55:04 EXEC SPC_COM_MENU '1';
2019-06-26 11:55:04 EXEC SPC_P003_LST2 '[{"vocabulary_code":"1","vocabulary_id":"1","vocabulary_dtl_id":"0","vocabulary_nm":"\"A\" licence","vocabulary_div":"0","vocabulary_div_nm":"","specialized_div":"1","specialized_div_nm":"kinh t\u1ebf","field_div":"0","field_div_nm":"","spelling":"","mean":"gi\u1ea5y ph\u00e9p \"A\"","image":"\/web-content\/images\/vocabulary\/cropped-colorful-alphabet-chart_20190624 1717060640401561364860995.jpg","audio":"\/web-content\/audio\/listeningAudio\/audio_5d11af8b73dcb.mp3"},{"vocabulary_code":"20","vocabulary_id":"13","vocabulary_dtl_id":"1","vocabulary_nm":"\"blister\" copper","vocabulary_div":"1","vocabulary_div_nm":"Danh t\u1eeb","specialized_div":"2","specialized_div_nm":"k\u1ef9 thu\u1eadt","field_div":"2","field_div_nm":"c\u01a1 kh\u00ed & c\u00f4ng tr\u00ecnh","spelling":"\/abcdef\/","mean":"\u0111\u1ed3ng x\u1ed1p","image":"","audio":""},{"vocabulary_code":"21","vocabulary_id":"14","vocabulary_dtl_id":"0","vocabulary_nm":"\"Buddhist\" economy","vocabulary_div":"0","vocabulary_div_nm":"","specialized_div":"1","specialized_div_nm":"kinh t\u1ebf","field_div":"0","field_div_nm":"","spelling":"","mean":"n\u1ec1n kinh t\u1ebf \"Ph\u1eadt gi\u00e1o\" (ho\u1ea1t \u0111\u1ed9ng kinh t\u1ebf ti\u00eau c\u1ef1c)","image":"","audio":""},{"vocabulary_code":"52","vocabulary_id":"27","vocabulary_dtl_id":"9","vocabulary_nm":"doctor","vocabulary_div":"1","vocabulary_div_nm":"Danh t\u1eeb","specialized_div":"0","specialized_div_nm":"","field_div":"0","field_div_nm":"","spelling":"\/'d\u0254kt\u0259\/","mean":"b\u00e1c s\u0129 y khoa","image":"","audio":"\/web-content\/dictonary\/audio\/d\/doctor.wav"}]';
2019-06-26 11:55:06 EXEC SPC_COM_MENU '1';
2019-06-26 11:55:06 EXEC SPC_P003_LST1 '0','0','0','','','[{"vocabulary_code":"1"},{"vocabulary_code":"20"},{"vocabulary_code":"21"},{"vocabulary_code":"52"}]','50','1';
2019-06-26 11:55:12 EXEC SPC_COM_MENU '1';
2019-06-26 11:55:12 EXEC SPC_P003_LST3 '[{"vocabulary_code":"1"},{"vocabulary_code":"20"},{"vocabulary_code":"21"},{"vocabulary_code":"52"},{"vocabulary_code":"63"}]';
2019-06-26 11:55:15 EXEC SPC_COM_MENU '1';
2019-06-26 11:55:15 EXEC SPC_w002_ACT1 '1','1','4','4','','[]','','','','0','[{"row_id":0,"vocabulary_code":"1"},{"row_id":1,"vocabulary_code":"20"},{"row_id":2,"vocabulary_code":"21"},{"row_id":3,"vocabulary_code":"52"},{"row_id":4,"vocabulary_code":"63"}]','[]','[]','1','::1';
2019-06-26 11:55:16 EXEC SPC_COM_MENU '1';
2019-06-26 11:55:16 EXEC SPC_W002_LST1 '1';
2019-06-26 11:55:17 EXEC SPC_COM_MENU '1';
2019-06-26 11:55:17 EXEC SPC_W002_LST2 '1';
2019-06-26 11:55:17 EXEC SPC_COM_MENU '1';
2019-06-26 11:55:17 EXEC SPC_COMMON_GROUP '4';
2019-06-26 11:55:27 EXEC SPC_COM_DATA '14','2','1';
2019-06-26 11:55:27 EXEC SPC_VOCABULARY_LST1 '','14','4','4';
2019-06-26 11:55:28 EXEC SPC_COM_DATA '14','2','1';
2019-06-26 11:55:28 EXEC SPC_VOCABULARY_LST2 '4','4','14';
2019-06-26 11:55:37 EXEC SPC_COM_DATA '14','2','1';
2019-06-26 11:55:37 EXEC SPC_DICTIONARY_LST1 '63','14';
2019-06-26 11:55:37 EXEC SPC_COM_DATA '14','2','1';
2019-06-26 11:55:37 EXEC SPC_DICTIONARY_LST2 'doctor assistant's consulting room','14','::1';
2019-06-26 11:56:02 EXEC SPC_COM_DATA '14','2','1';
2019-06-26 11:56:02 EXEC SPC_DICTIONARY_LST2 'doctor assistant's consulting room','14','::1';
2019-06-26 11:56:18 EXEC SPC_COM_DATA '14','2','1';
2019-06-26 11:56:18 EXEC SPC_DICTIONARY_LST3 'doctor assistant's consulting room';
2019-06-26 11:56:34 EXEC SPC_COM_DATA '14','2','1';
2019-06-26 11:56:34 EXEC SPC_DICTIONARY_LST3 'doctor assistant's consulting room';
2019-06-26 11:59:20 EXEC SPC_COM_DATA '14','2','1';
2019-06-26 11:59:20 EXEC SPC_DICTIONARY_LST3 'doctor assistant's consulting room';
2019-06-26 12:38:20 EXEC SPC_COM_DATA '14','2','1';
2019-06-26 12:38:20 EXEC SPC_COM_MENU '2';
2019-06-26 13:01:23 EXEC SPC_COM_DATA '14','2','1';
2019-06-26 13:01:23 EXEC SPC_DICTIONARY_LST2 'doctor assistant's consulting room','14','::1';
2019-06-26 13:01:25 EXEC SPC_COM_DATA '14','2','1';
2019-06-26 13:01:25 EXEC SPC_DICTIONARY_LST2 '"B" stock','14','::1';
2019-06-26 13:01:26 EXEC SPC_COM_DATA '14','2','1';
2019-06-26 13:01:26 EXEC SPC_DICTIONARY_LST2 '"GO" side','14','::1';
2019-06-26 13:01:28 EXEC SPC_COM_DATA '14','2','1';
2019-06-26 13:01:28 EXEC SPC_DICTIONARY_LST2 '"blister" copper','14','::1';
2019-06-26 13:01:30 EXEC SPC_COM_DATA '14','2','1';
2019-06-26 13:01:30 EXEC SPC_DICTIONARY_LST3 '"blister" copper';
2019-06-26 13:01:34 EXEC SPC_COM_DATA '14','2','1';
2019-06-26 13:01:34 EXEC SPC_DICTIONARY_LST3 's';
2019-06-26 13:01:37 EXEC SPC_COM_DATA '14','2','1';
2019-06-26 13:01:37 EXEC SPC_DICTIONARY_LST2 '"B" share','14','::1';
2019-06-26 13:01:38 EXEC SPC_COM_DATA '14','2','1';
2019-06-26 13:01:38 EXEC SPC_DICTIONARY_LST2 '"B" share','14','::1';
2019-06-26 13:06:22 EXEC SPC_COM_DATA '14','2','1';
2019-06-26 13:06:22 EXEC SPC_DICTIONARY_LST3 '"B" share';
2019-06-26 13:06:22 EXEC SPC_COM_DATA '14','2','1';
2019-06-26 13:06:22 EXEC SPC_DICTIONARY_LST3 'x';
2019-06-26 13:06:26 EXEC SPC_COM_DATA '14','2','1';
2019-06-26 13:06:26 EXEC SPC_DICTIONARY_LST2 '"Except for" opinion','14','::1';
2019-06-26 13:06:26 EXEC SPC_COM_DATA '14','2','1';
2019-06-26 13:06:26 EXEC SPC_DICTIONARY_LST2 '"Except for" opinion','14','::1';
2019-06-26 13:06:55 EXEC SPC_COM_DATA '14','2','1';
2019-06-26 13:06:55 EXEC SPC_DICTIONARY_LST1 '','14';
2019-06-26 13:06:59 EXEC SPC_COM_DATA '14','2','1';
2019-06-26 13:06:59 EXEC SPC_DICTIONARY_LST3 'h';
2019-06-26 13:07:00 EXEC SPC_COM_DATA '14','2','1';
2019-06-26 13:07:00 EXEC SPC_DICTIONARY_LST2 '"beggar-my-neighbour" policy','14','::1';
2019-06-26 13:07:07 EXEC SPC_COM_DATA '14','2','1';
2019-06-26 13:07:07 EXEC SPC_DICTIONARY_LST2 'doctor assistant's consulting room','14','::1';
2019-06-26 13:07:09 EXEC SPC_COM_DATA '14','2','1';
2019-06-26 13:07:09 EXEC SPC_DICTIONARY_LST2 '"Except for" opinion','14','::1';
2019-06-26 13:07:28 EXEC SPC_COM_DATA '14','2','1';
2019-06-26 13:07:28 EXEC SPC_DICTIONARY_LST2 '"B" share','14','::1';
2019-06-26 13:07:32 EXEC SPC_COM_DATA '14','2','1';
2019-06-26 13:07:32 EXEC SPC_DICTIONARY_LST2 '"Except for" opinion','14','::1';
2019-06-26 13:07:33 EXEC SPC_COM_DATA '14','2','1';
2019-06-26 13:07:33 EXEC SPC_DICTIONARY_LST2 '"B" stock','14','::1';
2019-06-26 13:07:35 EXEC SPC_COM_DATA '14','2','1';
2019-06-26 13:07:35 EXEC SPC_DICTIONARY_LST2 '"Buddhist" economy','14','::1';
2019-06-26 13:07:38 EXEC SPC_COM_DATA '14','2','1';
2019-06-26 13:07:38 EXEC SPC_DICTIONARY_LST2 'doctor','14','::1';
2019-06-26 13:07:56 EXEC SPC_COM_DATA '14','2','1';
2019-06-26 13:07:56 EXEC SPC_DICTIONARY_LST1 '29','14';
2019-06-26 13:07:58 EXEC SPC_COM_DATA '14','2','1';
2019-06-26 13:07:58 EXEC SPC_DICTIONARY_LST2 '"GO" side','14','::1';
2019-06-26 13:35:29 EXEC SPC_COM_DATA '14','2','1';
2019-06-26 13:35:29 EXEC SPC_COM_MENU '2';
2019-06-26 13:42:32 EXEC SPC_COM_DATA '14','2','1';
2019-06-26 13:42:32 EXEC SPC_COM_MENU '2';
2019-06-26 13:42:37 EXEC SPC_COM_DATA '14','2','1';
2019-06-26 13:42:37 EXEC SPC_VOCABULARY_LST1 '','14','4','4';
2019-06-26 13:42:38 EXEC SPC_COM_DATA '14','2','1';
2019-06-26 13:42:38 EXEC SPC_VOCABULARY_LST2 '4','4','14';
2019-06-26 13:42:41 EXEC SPC_COM_DATA '14','2','1';
2019-06-26 13:42:41 EXEC SPC_GRAMMAR_LST1 '','14','4','4';
2019-06-26 13:42:43 EXEC SPC_COM_DATA '14','2','1';
2019-06-26 13:42:43 EXEC SPC_LISTENING_LST1 '','14','4','4';
2019-06-26 13:42:44 EXEC SPC_COM_DATA '14','2','1';
2019-06-26 13:42:44 EXEC SPC_READING_LST1 '','14','4','4';
2019-06-26 13:42:46 EXEC SPC_COM_DATA '14','2','1';
2019-06-26 13:42:46 EXEC SPC_SOCIAL_LST1 '','14';
2019-06-26 13:42:46 EXEC SPC_COM_DATA '14','2','1';
2019-06-26 13:42:46 EXEC SPC_SOCIAL_LST2 '','1','[]','14';
2019-06-26 13:42:47 EXEC SPC_COM_DATA '14','2','1';
2019-06-26 13:42:48 EXEC SPC_COM_DATA '14','2','1';
2019-06-26 13:42:48 EXEC SPC_TRANSLATION_LST1 '','14';
2019-06-26 13:42:50 EXEC SPC_COM_DATA '14','2','1';
2019-06-26 13:42:50 EXEC SPC_VOCABULARY_LST1 '','14','4','4';
2019-06-26 13:42:50 EXEC SPC_COM_DATA '14','2','1';
2019-06-26 13:42:50 EXEC SPC_VOCABULARY_LST2 '4','4','14';
2019-06-26 13:43:00 EXEC SPC_COM_PERMISSION '1','2','w001';
2019-06-26 13:43:00 EXEC SPC_COM_MENU '1';
2019-06-26 13:43:00 EXEC SPC_W001_LST1
2019-06-26 13:43:04 EXEC SPC_COM_MENU '1';
2019-06-26 13:43:04 EXEC SPC_W001_LST2 '','','','-1','','10','1';
2019-06-26 13:43:14 EXEC SPC_COM_DATA '','','';
2019-06-26 13:43:14 EXEC SPC_DICTIONARY_LST1 '53','';
2019-06-26 13:43:15 EXEC SPC_COM_DATA '','','';
2019-06-26 13:43:15 EXEC SPC_DICTIONARY_LST2 'doctor','','::1';
2019-06-26 13:43:25 EXEC SPC_COMMON_ACCOUNT '18','1';
2019-06-26 13:43:25 EXEC SPC_COM_DATA '14','2','1';
2019-06-26 13:43:25 EXEC SPC_DICTIONARY_LST1 '45','14';
2019-06-26 13:43:26 EXEC SPC_COM_DATA '14','2','1';
2019-06-26 13:43:26 EXEC SPC_DICTIONARY_LST2 'doctor','14','::1';
2019-06-26 13:43:30 EXEC SPC_COM_DATA '14','2','1';
2019-06-26 13:43:30 EXEC SPC_DICTIONARY_LST2 'doctor assistant's consulting room','14','::1';
2019-06-26 13:53:26 EXEC SPC_COM_DATA '14','2','1';
2019-06-26 13:53:26 EXEC SPC_VOCABULARY_LST1 '','14','','';
2019-06-26 13:53:27 EXEC SPC_COM_DATA '14','2','1';
2019-06-26 13:53:27 EXEC SPC_VOCABULARY_LST2 '4','4','14';
2019-06-26 13:53:35 EXEC SPC_COM_DATA '14','2','1';
2019-06-26 13:53:35 EXEC SPC_COM_ADD_LESSON '1','4','4','14','::1';
2019-06-26 13:53:47 EXEC SPC_COM_DATA '14','2','1';
2019-06-26 13:53:47 EXEC SPC_VOCABULARY_LST1 '','14','4','4';
2019-06-26 13:53:47 EXEC SPC_COM_DATA '14','2','1';
2019-06-26 13:53:47 EXEC SPC_VOCABULARY_LST2 '4','4','14';
2019-06-26 13:53:52 EXEC SPC_COM_DATA '14','2','1';
2019-06-26 13:53:52 EXEC SPC_VOCABULARY_LST2 '4','4','14';
2019-06-26 13:54:01 EXEC SPC_COM_DATA '14','2','1';
2019-06-26 13:54:01 EXEC SPC_COM_DELETE_LESSON '1','14','::1';
2019-06-26 13:54:09 EXEC SPC_COM_DATA '14','2','1';
2019-06-26 13:54:09 EXEC SPC_COM_REMEMBER '1','2','1','1','14','::1';
2019-06-26 13:54:10 EXEC SPC_COM_DATA '14','2','1';
2019-06-26 13:54:10 EXEC SPC_COM_REMEMBER '1','2','2','20','14','::1';
2019-06-26 13:54:13 EXEC SPC_COM_DATA '14','2','1';
2019-06-26 13:54:13 EXEC SPC_VOCABULARY_LST1 '','14','4','4';
2019-06-26 13:54:14 EXEC SPC_COM_DATA '14','2','1';
2019-06-26 13:54:14 EXEC SPC_VOCABULARY_LST2 '4','4','14';
2019-06-26 13:54:17 EXEC SPC_COM_DATA '14','2','1';
2019-06-26 13:54:17 EXEC SPC_COM_ADD_LESSON '1','4','4','14','::1';
2019-06-26 13:54:21 EXEC SPC_COM_DATA '14','2','1';
2019-06-26 13:54:21 EXEC SPC_COM_FORGET '1','1','2','14';
2019-06-26 13:54:30 EXEC SPC_COM_DATA '14','2','1';
2019-06-26 13:54:30 EXEC SPC_COM_REMEMBER '1','2','1','1','14','::1';
2019-06-26 13:55:04 EXEC SPC_COM_DATA '14','2','1';
2019-06-26 13:55:05 EXEC SPC_COM_ADD_EXAM '4','52','1','i love doctor','tôi iu bác sĩ','14','::1';
2019-06-26 13:55:05 EXEC SPC_COM_ADD_NOTIFY '1','52','','7','14','::1';
2019-06-26 13:55:08 EXEC SPC_COM_DATA '14','2','1';
2019-06-26 13:55:08 EXEC SPC_COM_TOGGLE_EFFECT '4','7','1','1','0','14','::1';
2019-06-26 13:55:08 EXEC SPC_COM_ADD_NOTIFY '1','7','','4','14','::1';
2019-06-26 13:55:11 EXEC SPC_COM_DATA '14','2','1';
2019-06-26 13:55:11 EXEC SPC_VOCABULARY_LST1 '','14','4','4';
2019-06-26 13:55:12 EXEC SPC_COM_DATA '14','2','1';
2019-06-26 13:55:12 EXEC SPC_VOCABULARY_LST2 '4','4','14';
2019-06-26 14:08:08 EXEC SPC_COM_DATA '14','2','1';
2019-06-26 14:08:08 EXEC SPC_GRAMMAR_LST1 '','14','4','4';
2019-06-26 14:10:53 EXEC SPC_COM_PERMISSION '1','2','g003';
2019-06-26 14:10:53 EXEC SPC_COM_MENU '1';
2019-06-26 14:10:53 EXEC SPC_COM_M999_INQ1 '7';
2019-06-26 14:10:56 EXEC SPC_COM_MENU '1';
2019-06-26 14:10:56 EXEC SPC_COMMON_CATALORUE '2';
2019-06-26 14:10:58 EXEC SPC_COM_PERMISSION '1','2','g004';
2019-06-26 14:10:58 EXEC SPC_COM_MENU '1';
2019-06-26 14:10:58 EXEC SPC_COM_M999_INQ1 '7';
2019-06-26 14:11:00 EXEC SPC_COM_MENU '1';
2019-06-26 14:11:00 EXEC SPC_COMMON_CATALORUE '1';
2019-06-26 14:11:01 EXEC SPC_COM_MENU '1';
2019-06-26 14:11:01 EXEC SPC_COMMON_CATALORUE '2';
2019-06-26 14:11:10 EXEC SPC_COM_PERMISSION '1','2','g004';
2019-06-26 14:11:10 EXEC SPC_COM_MENU '1';
2019-06-26 14:11:10 EXEC SPC_COM_M999_INQ1 '7';
2019-06-26 14:11:13 EXEC SPC_COM_MENU '1';
2019-06-26 14:11:13 EXEC SPC_COMMON_CATALORUE '1';
2019-06-26 14:17:21 EXEC SPC_COM_PERMISSION '1','2','g004';
2019-06-26 14:17:21 EXEC SPC_COM_MENU '1';
2019-06-26 14:17:21 EXEC SPC_COM_M999_INQ1 '7';
2019-06-26 14:17:23 EXEC SPC_COM_MENU '1';
2019-06-26 14:17:23 EXEC SPC_COMMON_CATALORUE '1';
2019-06-26 14:17:25 EXEC SPC_COM_MENU '1';
2019-06-26 14:17:25 EXEC SPC_COMMON_CATALORUE '';
2019-06-26 14:17:28 EXEC SPC_COM_MENU '1';
2019-06-26 14:17:28 EXEC SPC_COMMON_CATALORUE '5';
2019-06-26 14:17:29 EXEC SPC_COM_MENU '1';
2019-06-26 14:17:29 EXEC SPC_COMMON_CATALORUE '';
2019-06-26 14:17:34 EXEC SPC_COM_MENU '1';
2019-06-26 14:17:34 EXEC SPC_COMMON_CATALORUE '1';
2019-06-26 14:18:05 EXEC SPC_COM_PERMISSION '1','2','g004';
2019-06-26 14:18:05 EXEC SPC_COM_MENU '1';
2019-06-26 14:18:05 EXEC SPC_COM_M999_INQ1 '7';
2019-06-26 14:18:07 EXEC SPC_COM_MENU '1';
2019-06-26 14:18:07 EXEC SPC_COMMON_CATALORUE '1';
2019-06-26 14:19:01 EXEC SPC_COM_PERMISSION '1','2','g004';
2019-06-26 14:19:01 EXEC SPC_COM_MENU '1';
2019-06-26 14:19:01 EXEC SPC_COM_M999_INQ1 '7';
2019-06-26 14:19:03 EXEC SPC_COM_MENU '1';
2019-06-26 14:19:03 EXEC SPC_COMMON_CATALORUE '1';
2019-06-26 14:19:06 EXEC SPC_COM_PERMISSION '1','2','g004';
2019-06-26 14:19:06 EXEC SPC_COM_MENU '1';
2019-06-26 14:19:06 EXEC SPC_COM_M999_INQ1 '7';
2019-06-26 14:19:08 EXEC SPC_COM_MENU '1';
2019-06-26 14:19:08 EXEC SPC_COMMON_CATALORUE '1';
2019-06-26 14:19:14 EXEC SPC_COM_PERMISSION '1','2','g004';
2019-06-26 14:19:14 EXEC SPC_COM_MENU '1';
2019-06-26 14:19:14 EXEC SPC_COM_M999_INQ1 '7';
2019-06-26 14:19:16 EXEC SPC_COM_MENU '1';
2019-06-26 14:19:16 EXEC SPC_COMMON_CATALORUE '1';
2019-06-26 14:19:26 EXEC SPC_COM_PERMISSION '1','2','g004';
2019-06-26 14:19:26 EXEC SPC_COM_MENU '1';
2019-06-26 14:19:26 EXEC SPC_COM_M999_INQ1 '7';
2019-06-26 14:19:46 EXEC SPC_COM_PERMISSION '1','2','g004';
2019-06-26 14:19:46 EXEC SPC_COM_MENU '1';
2019-06-26 14:19:46 EXEC SPC_COM_M999_INQ1 '7';
2019-06-26 14:19:48 EXEC SPC_COM_MENU '1';
2019-06-26 14:19:48 EXEC SPC_COMMON_CATALORUE '1';
2019-06-26 14:20:59 EXEC SPC_COM_PERMISSION '1','2','g004';
2019-06-26 14:20:59 EXEC SPC_COM_MENU '1';
2019-06-26 14:20:59 EXEC SPC_COM_M999_INQ1 '7';
2019-06-26 14:21:01 EXEC SPC_COM_MENU '1';
2019-06-26 14:21:01 EXEC SPC_COMMON_CATALORUE '1';
2019-06-26 14:23:51 EXEC SPC_COM_PERMISSION '1','2','g004';
2019-06-26 14:23:51 EXEC SPC_COM_MENU '1';
2019-06-26 14:23:51 EXEC SPC_COM_M999_INQ1 '7';
2019-06-26 14:23:55 EXEC SPC_COM_MENU '1';
2019-06-26 14:23:55 EXEC SPC_COMMON_CATALORUE '1';
2019-06-26 14:24:39 EXEC SPC_COM_PERMISSION '1','2','g004';
2019-06-26 14:24:39 EXEC SPC_COM_MENU '1';
2019-06-26 14:24:39 EXEC SPC_COM_M999_INQ1 '7';
2019-06-26 14:24:41 EXEC SPC_COM_MENU '1';
2019-06-26 14:24:41 EXEC SPC_COMMON_CATALORUE '1';
2019-06-26 14:27:51 EXEC SPC_COM_PERMISSION '1','2','g004';
2019-06-26 14:27:51 EXEC SPC_COM_MENU '1';
2019-06-26 14:27:51 EXEC SPC_COM_M999_INQ1 '7';
2019-06-26 14:27:53 EXEC SPC_COM_MENU '1';
2019-06-26 14:27:53 EXEC SPC_COMMON_CATALORUE '1';
2019-06-26 14:30:41 EXEC SPC_COM_PERMISSION '1','2','g004';
2019-06-26 14:30:41 EXEC SPC_COM_MENU '1';
2019-06-26 14:30:41 EXEC SPC_COM_M999_INQ1 '7';
2019-06-26 14:30:43 EXEC SPC_COM_MENU '1';
2019-06-26 14:30:43 EXEC SPC_COMMON_CATALORUE '1';
2019-06-26 14:31:38 EXEC SPC_COM_PERMISSION '1','2','g004';
2019-06-26 14:31:38 EXEC SPC_COM_MENU '1';
2019-06-26 14:31:38 EXEC SPC_COM_M999_INQ1 '7';
2019-06-26 14:31:42 EXEC SPC_COM_MENU '1';
2019-06-26 14:31:42 EXEC SPC_COMMON_CATALORUE '1';
2019-06-26 14:31:43 EXEC SPC_COM_MENU '1';
2019-06-26 14:31:43 EXEC SPC_COMMON_CATALORUE '';
2019-06-26 14:31:44 EXEC SPC_COM_MENU '1';
2019-06-26 14:31:44 EXEC SPC_COMMON_CATALORUE '2';
2019-06-26 14:31:45 EXEC SPC_COM_MENU '1';
2019-06-26 14:31:45 EXEC SPC_COMMON_CATALORUE '';
2019-06-26 14:31:47 EXEC SPC_COM_MENU '1';
2019-06-26 14:31:47 EXEC SPC_COMMON_CATALORUE '4';
2019-06-26 14:31:48 EXEC SPC_COM_MENU '1';
2019-06-26 14:31:48 EXEC SPC_COMMON_CATALORUE '';
2019-06-26 14:31:50 EXEC SPC_COM_MENU '1';
2019-06-26 14:31:50 EXEC SPC_COMMON_CATALORUE '5';
2019-06-26 14:31:52 EXEC SPC_COM_MENU '1';
2019-06-26 14:31:52 EXEC SPC_COMMON_CATALORUE '';
2019-06-26 14:31:53 EXEC SPC_COM_MENU '1';
2019-06-26 14:31:53 EXEC SPC_COMMON_CATALORUE '1';
2019-06-26 14:32:27 EXEC SPC_COM_PERMISSION '1','2','g004';
2019-06-26 14:32:27 EXEC SPC_COM_MENU '1';
2019-06-26 14:32:27 EXEC SPC_COM_M999_INQ1 '7';
2019-06-26 14:32:28 EXEC SPC_COM_MENU '1';
2019-06-26 14:32:28 EXEC SPC_COMMON_CATALORUE '1';
2019-06-26 14:32:30 EXEC SPC_COM_MENU '1';
2019-06-26 14:32:30 EXEC SPC_COMMON_CATALORUE '2';
2019-06-26 14:32:32 EXEC SPC_COM_MENU '1';
2019-06-26 14:32:32 EXEC SPC_COMMON_CATALORUE '3';
2019-06-26 14:32:35 EXEC SPC_COM_MENU '1';
2019-06-26 14:32:35 EXEC SPC_COMMON_CATALORUE '1';
2019-06-26 14:32:36 EXEC SPC_COM_MENU '1';
2019-06-26 14:32:36 EXEC SPC_COMMON_CATALORUE '';
2019-06-26 14:32:37 EXEC SPC_COM_MENU '1';
2019-06-26 14:32:37 EXEC SPC_COMMON_CATALORUE '';
2019-06-26 14:32:51 EXEC SPC_COM_MENU '1';
2019-06-26 14:32:51 EXEC SPC_COMMON_CATALORUE '1';
2019-06-26 14:34:13 EXEC SPC_COM_PERMISSION '1','2','g004';
2019-06-26 14:34:13 EXEC SPC_COM_MENU '1';
2019-06-26 14:34:13 EXEC SPC_COM_M999_INQ1 '7';
2019-06-26 14:34:17 EXEC SPC_COM_PERMISSION '1','2','g004';
2019-06-26 14:34:17 EXEC SPC_COM_MENU '1';
2019-06-26 14:34:17 EXEC SPC_COM_M999_INQ1 '7';
2019-06-26 14:34:21 EXEC SPC_COM_MENU '1';
2019-06-26 14:34:21 EXEC SPC_COMMON_CATALORUE '1';
2019-06-26 14:34:25 EXEC SPC_COM_MENU '1';
2019-06-26 14:34:25 EXEC SPC_COMMON_CATALORUE '2';
2019-06-26 14:34:27 EXEC SPC_COM_MENU '1';
2019-06-26 14:34:27 EXEC SPC_COMMON_CATALORUE '';
2019-06-26 14:34:31 EXEC SPC_COM_MENU '1';
2019-06-26 14:34:31 EXEC SPC_COMMON_CATALORUE '';
2019-06-26 14:34:32 EXEC SPC_COM_MENU '1';
2019-06-26 14:34:32 EXEC SPC_COMMON_CATALORUE '1';
2019-06-26 14:34:36 EXEC SPC_COM_MENU '1';
2019-06-26 14:34:36 EXEC SPC_COMMON_CATALORUE '';
2019-06-26 14:34:37 EXEC SPC_COM_MENU '1';
2019-06-26 14:34:37 EXEC SPC_COMMON_CATALORUE '';
2019-06-26 14:34:39 EXEC SPC_COM_MENU '1';
2019-06-26 14:34:39 EXEC SPC_COMMON_CATALORUE '2';
2019-06-26 14:34:42 EXEC SPC_COM_MENU '1';
2019-06-26 14:34:42 EXEC SPC_COMMON_CATALORUE '1';
2019-06-26 14:34:46 EXEC SPC_COM_MENU '1';
2019-06-26 14:34:46 EXEC SPC_COMMON_CATALORUE '';
2019-06-26 14:34:47 EXEC SPC_COM_MENU '1';
2019-06-26 14:34:47 EXEC SPC_COMMON_CATALORUE '';
2019-06-26 14:35:51 EXEC SPC_COM_PERMISSION '1','2','g004';
2019-06-26 14:35:51 EXEC SPC_COM_MENU '1';
2019-06-26 14:35:51 EXEC SPC_COM_M999_INQ1 '7';
2019-06-26 14:35:56 EXEC SPC_COM_PERMISSION '1','2','g004';
2019-06-26 14:35:56 EXEC SPC_COM_MENU '1';
2019-06-26 14:35:56 EXEC SPC_COM_M999_INQ1 '7';
2019-06-26 14:36:38 EXEC SPC_COM_PERMISSION '1','2','g004';
2019-06-26 14:36:39 EXEC SPC_COM_MENU '1';
2019-06-26 14:36:39 EXEC SPC_COM_M999_INQ1 '7';
2019-06-26 14:36:53 EXEC SPC_COM_PERMISSION '1','2','g004';
2019-06-26 14:36:53 EXEC SPC_COM_MENU '1';
2019-06-26 14:36:53 EXEC SPC_COM_M999_INQ1 '7';
2019-06-26 14:37:01 EXEC SPC_COM_MENU '1';
2019-06-26 14:37:01 EXEC SPC_COMMON_CATALORUE '2';
2019-06-26 14:37:05 EXEC SPC_COM_MENU '1';
2019-06-26 14:37:05 EXEC SPC_COMMON_CATALORUE '4';
2019-06-26 14:37:08 EXEC SPC_COM_MENU '1';
2019-06-26 14:37:08 EXEC SPC_COMMON_CATALORUE '';
2019-06-26 14:37:09 EXEC SPC_COM_MENU '1';
2019-06-26 14:37:09 EXEC SPC_COMMON_CATALORUE '';
2019-06-26 14:37:10 EXEC SPC_COM_MENU '1';
2019-06-26 14:37:10 EXEC SPC_COMMON_CATALORUE '';
2019-06-26 14:37:11 EXEC SPC_COM_MENU '1';
2019-06-26 14:37:11 EXEC SPC_COMMON_CATALORUE '';
2019-06-26 14:37:12 EXEC SPC_COM_MENU '1';
2019-06-26 14:37:12 EXEC SPC_COMMON_CATALORUE '';
2019-06-26 14:37:14 EXEC SPC_COM_MENU '1';
2019-06-26 14:37:14 EXEC SPC_COMMON_CATALORUE '';
2019-06-26 14:37:15 EXEC SPC_COM_MENU '1';
2019-06-26 14:37:15 EXEC SPC_COMMON_CATALORUE '';
2019-06-26 14:37:16 EXEC SPC_COM_MENU '1';
2019-06-26 14:37:16 EXEC SPC_COMMON_CATALORUE '';
2019-06-26 14:37:17 EXEC SPC_COM_MENU '1';
2019-06-26 14:37:17 EXEC SPC_COMMON_CATALORUE '2';
2019-06-26 14:37:20 EXEC SPC_COM_MENU '1';
2019-06-26 14:37:20 EXEC SPC_COMMON_CATALORUE '';
2019-06-26 14:37:22 EXEC SPC_COM_MENU '1';
2019-06-26 14:37:22 EXEC SPC_COMMON_CATALORUE '';
2019-06-26 14:37:23 EXEC SPC_COM_MENU '1';
2019-06-26 14:37:23 EXEC SPC_COMMON_CATALORUE '4';
2019-06-26 14:37:26 EXEC SPC_COM_MENU '1';
2019-06-26 14:37:26 EXEC SPC_COMMON_CATALORUE '';
2019-06-26 14:37:29 EXEC SPC_COM_MENU '1';
2019-06-26 14:37:29 EXEC SPC_COMMON_CATALORUE '';
2019-06-26 14:37:31 EXEC SPC_COM_MENU '1';
2019-06-26 14:37:31 EXEC SPC_COMMON_CATALORUE '';
2019-06-26 14:37:33 EXEC SPC_COM_MENU '1';
2019-06-26 14:37:33 EXEC SPC_COMMON_CATALORUE '';
2019-06-26 14:37:34 EXEC SPC_COM_MENU '1';
2019-06-26 14:37:34 EXEC SPC_COMMON_CATALORUE '3';
2019-06-26 14:37:43 EXEC SPC_COM_MENU '1';
2019-06-26 14:37:43 EXEC SPC_COMMON_CATALORUE '';
2019-06-26 14:37:44 EXEC SPC_COM_MENU '1';
2019-06-26 14:37:44 EXEC SPC_COMMON_CATALORUE '';
2019-06-26 14:37:46 EXEC SPC_COM_MENU '1';
2019-06-26 14:37:46 EXEC SPC_COMMON_CATALORUE '4';
2019-06-26 14:37:49 EXEC SPC_COM_MENU '1';
2019-06-26 14:37:49 EXEC SPC_COMMON_CATALORUE '7';
2019-06-26 14:37:57 EXEC SPC_COM_MENU '1';
2019-06-26 14:37:57 EXEC SPC_COMMON_CATALORUE '';
2019-06-26 14:37:57 EXEC SPC_COM_MENU '1';
2019-06-26 14:37:57 EXEC SPC_COMMON_CATALORUE '';
2019-06-26 14:37:59 EXEC SPC_COM_MENU '1';
2019-06-26 14:37:59 EXEC SPC_COMMON_CATALORUE '1';
2019-06-26 14:39:41 EXEC SPC_COM_PERMISSION '1','2','g004';
2019-06-26 14:39:41 EXEC SPC_COM_MENU '1';
2019-06-26 14:39:41 EXEC SPC_COM_M999_INQ1 '7';
2019-06-26 14:39:44 EXEC SPC_COM_MENU '1';
2019-06-26 14:39:44 EXEC SPC_COMMON_CATALORUE '2';
2019-06-26 14:39:50 EXEC SPC_COM_MENU '1';
2019-06-26 14:39:50 EXEC SPC_COMMON_CATALORUE '3';
2019-06-26 14:39:52 EXEC SPC_COM_MENU '1';
2019-06-26 14:39:52 EXEC SPC_COMMON_CATALORUE '';
2019-06-26 14:39:54 EXEC SPC_COM_MENU '1';
2019-06-26 14:39:54 EXEC SPC_COMMON_CATALORUE '';
2019-06-26 14:39:55 EXEC SPC_COM_MENU '1';
2019-06-26 14:39:55 EXEC SPC_COMMON_CATALORUE '6';
2019-06-26 14:39:59 EXEC SPC_COM_MENU '1';
2019-06-26 14:39:59 EXEC SPC_COMMON_CATALORUE '9';
2019-06-26 14:40:06 EXEC SPC_COM_MENU '1';
2019-06-26 14:40:06 EXEC SPC_COMMON_CATALORUE '1';
2019-06-26 14:47:19 EXEC SPC_COM_PERMISSION '1','2','g004';
2019-06-26 14:47:19 EXEC SPC_COM_MENU '1';
2019-06-26 14:47:19 EXEC SPC_COM_M999_INQ1 '7';
2019-06-26 14:47:21 EXEC SPC_COM_MENU '1';
2019-06-26 14:47:21 EXEC SPC_COMMON_CATALORUE '1';
2019-06-26 14:47:25 EXEC SPC_COM_MENU '1';
2019-06-26 14:47:25 EXEC SPC_COMMON_CATALORUE '5';
2019-06-26 14:47:27 EXEC SPC_COM_MENU '1';
2019-06-26 14:47:27 EXEC SPC_COMMON_CATALORUE '3';
2019-06-26 14:47:29 EXEC SPC_COM_MENU '1';
2019-06-26 14:47:29 EXEC SPC_COMMON_CATALORUE '1';
2019-06-26 14:47:31 EXEC SPC_COM_MENU '1';
2019-06-26 14:47:31 EXEC SPC_COMMON_CATALORUE '5';
2019-06-26 14:47:33 EXEC SPC_COM_MENU '1';
2019-06-26 14:47:33 EXEC SPC_COMMON_CATALORUE '7';
2019-06-26 14:47:39 EXEC SPC_COM_MENU '1';
2019-06-26 14:47:39 EXEC SPC_COMMON_CATALORUE '1';
2019-06-26 14:50:11 EXEC SPC_COM_MENU '1';
2019-06-26 14:50:11 EXEC SPC_COMMON_CATALORUE '5';
2019-06-26 14:50:13 EXEC SPC_COM_MENU '1';
2019-06-26 14:50:13 EXEC SPC_COMMON_CATALORUE '8';
2019-06-26 14:50:16 EXEC SPC_COM_MENU '1';
2019-06-26 14:50:16 EXEC SPC_COMMON_CATALORUE '1';
2019-06-26 14:50:17 EXEC SPC_COM_MENU '1';
2019-06-26 14:50:17 EXEC SPC_COMMON_CATALORUE '';
2019-06-26 14:50:18 EXEC SPC_COM_MENU '1';
2019-06-26 14:50:18 EXEC SPC_COMMON_CATALORUE '';
2019-06-26 14:50:42 EXEC SPC_COM_MENU '1';
2019-06-26 14:50:42 EXEC SPC_COMMON_CATALORUE '10';
2019-06-26 14:50:44 EXEC SPC_COM_MENU '1';
2019-06-26 14:50:44 EXEC SPC_COMMON_CATALORUE '5';
2019-06-26 14:50:58 EXEC SPC_COM_PERMISSION '1','2','g004';
2019-06-26 14:50:58 EXEC SPC_COM_MENU '1';
2019-06-26 14:50:58 EXEC SPC_COM_M999_INQ1 '7';
2019-06-26 14:51:00 EXEC SPC_COM_MENU '1';
2019-06-26 14:51:00 EXEC SPC_COMMON_CATALORUE '3';
2019-06-26 14:51:08 EXEC SPC_COM_PERMISSION '1','2','g004';
2019-06-26 14:51:08 EXEC SPC_COM_MENU '1';
2019-06-26 14:51:08 EXEC SPC_COM_M999_INQ1 '7';
2019-06-26 14:51:10 EXEC SPC_COM_MENU '1';
2019-06-26 14:51:11 EXEC SPC_COMMON_CATALORUE '1';
2019-06-26 14:51:37 EXEC SPC_COM_MENU '1';
2019-06-26 14:51:37 EXEC SPC_COMMON_CATALORUE '2';
2019-06-26 14:51:46 EXEC SPC_COM_MENU '1';
2019-06-26 14:51:46 EXEC SPC_G004_ACT1 '2','test DM','1','::1';
2019-06-26 14:51:51 EXEC SPC_COM_PERMISSION '1','2','g006';
2019-06-26 14:51:51 EXEC SPC_COM_MENU '1';
2019-06-26 14:51:51 EXEC SPC_COM_M999_INQ1 '7';
2019-06-26 14:51:53 EXEC SPC_COM_MENU '1';
2019-06-26 14:51:53 EXEC SPC_COMMON_CATALORUE '2';
2019-06-26 14:51:53 EXEC SPC_COM_MENU '1';
2019-06-26 14:51:53 EXEC SPC_COMMON_GROUP '';
2019-06-26 14:51:58 EXEC SPC_COM_MENU '1';
2019-06-26 14:51:58 EXEC SPC_COMMON_GROUP '5';
2019-06-26 14:52:23 EXEC SPC_COM_MENU '1';
2019-06-26 14:52:23 EXEC SPC_G006_ACT1 '2','5','test NHÓM','1','::1';
2019-06-26 14:52:30 EXEC SPC_COM_PERMISSION '1','2','w002';
2019-06-26 14:52:30 EXEC SPC_COM_MENU '1';
2019-06-26 14:52:30 EXEC SPC_W002_FND1
2019-06-26 14:52:33 EXEC SPC_COM_MENU '1';
2019-06-26 14:52:33 EXEC SPC_W002_LST2 '2';
2019-06-26 14:55:20 EXEC SPC_COM_PERMISSION '1','2','w002';
2019-06-26 14:55:20 EXEC SPC_COM_MENU '1';
2019-06-26 14:55:20 EXEC SPC_W002_FND1
2019-06-26 14:55:23 EXEC SPC_COM_MENU '1';
2019-06-26 14:55:23 EXEC SPC_W002_LST2 '2';
2019-06-26 14:55:50 EXEC SPC_COM_PERMISSION '1','2','w002';
2019-06-26 14:55:51 EXEC SPC_COM_MENU '1';
2019-06-26 14:55:51 EXEC SPC_W002_FND1
2019-06-26 14:55:53 EXEC SPC_COM_MENU '1';
2019-06-26 14:55:53 EXEC SPC_W002_LST2 '2';
2019-06-26 14:55:58 EXEC SPC_COM_MENU '1';
2019-06-26 14:55:58 EXEC SPC_COMMON_GROUP '5';
2019-06-26 15:03:08 EXEC SPC_COM_MENU '1';
2019-06-26 15:03:08 EXEC SPC_w002_ACT1 '','2','5','5','why i'm handsome too much?','[{"tag_nm":"hand","is_new":1},{"tag_nm":"some","is_new":1},{"tag_nm":"_s","is_new":1},{"tag_nm":"_es","is_new":1},{"tag_nm":"_ing","is_new":1}]','<p>đéo hiểu luôn</p>
','','','0','[]','[{"language1_content":"i like u","language2_content":"t\u00f4i th\u00edch em"}]','[{"row_id":1,"content":"1+1=???","question_div":0},{"row_id":1,"content":"1","verify":0,"question_div":0},{"row_id":1,"content":"2","verify":1,"question_div":0},{"row_id":1,"content":"3","verify":0,"question_div":0},{"row_id":1,"content":"4","verify":0,"question_div":0},{"row_id":2,"content":"2+2=???","question_div":1},{"row_id":2,"content":"4","verify":1,"question_div":1},{"row_id":2,"content":"5","verify":1,"question_div":1},{"row_id":2,"content":"6","verify":0,"question_div":1},{"row_id":2,"content":"7","verify":0,"question_div":1},{"row_id":3,"content":"3+3=???","question_div":0},{"row_id":3,"content":"3","verify":1,"question_div":0},{"row_id":3,"content":"4","verify":0,"question_div":0},{"row_id":3,"content":"5","verify":0,"question_div":0},{"row_id":3,"content":"6","verify":0,"question_div":0}]','1','::1';
2019-06-26 15:03:09 EXEC SPC_COM_MENU '1';
2019-06-26 15:03:09 EXEC SPC_W002_LST1 '2';
2019-06-26 15:03:09 EXEC SPC_COM_MENU '1';
2019-06-26 15:03:09 EXEC SPC_W002_LST2 '2';
2019-06-26 15:03:10 EXEC SPC_COM_MENU '1';
2019-06-26 15:03:10 EXEC SPC_COMMON_GROUP '5';
2019-06-26 15:03:14 EXEC SPC_COM_PERMISSION '1','2','w001';
2019-06-26 15:03:14 EXEC SPC_COM_MENU '1';
2019-06-26 15:03:14 EXEC SPC_W001_LST1
2019-06-26 15:03:17 EXEC SPC_COM_MENU '1';
2019-06-26 15:03:17 EXEC SPC_W001_LST2 '','','','0','','10','1';
2019-06-26 15:03:21 EXEC SPC_COM_MENU '1';
2019-06-26 15:03:21 EXEC SPC_W001_ACT2 '[{"row_id":"0","id":"2"}]','1','::1';
2019-06-26 15:03:22 EXEC SPC_COM_MENU '1';
2019-06-26 15:03:22 EXEC SPC_W001_LST2 '','','','1','','10','1';
2019-06-26 15:03:31 EXEC SPC_COM_MENU '1';
2019-06-26 15:03:31 EXEC SPC_W001_ACT3 '[{"row_id":"0","id":"2"}]','1','::1';
2019-06-26 15:03:32 EXEC SPC_COM_MENU '1';
2019-06-26 15:03:32 EXEC SPC_W001_LST2 '','','','2','','10','1';
2019-06-26 15:03:40 EXEC SPC_COM_DATA '14','2','1';
2019-06-26 15:03:40 EXEC SPC_GRAMMAR_LST1 '','14','4','4';
2019-06-26 15:03:41 EXEC SPC_COM_DATA '14','2','1';
2019-06-26 15:03:41 EXEC SPC_GRAMMAR_LST2 '5','5','14';
2019-06-26 15:13:00 EXEC SPC_COM_DATA '14','2','1';
2019-06-26 15:13:00 EXEC SPC_COM_MENU '2';
2019-06-26 15:13:06 EXEC SPC_COM_DATA '14','2','1';
2019-06-26 15:13:06 EXEC SPC_COM_MENU '2';
2019-06-26 15:14:18 EXEC SPC_COM_DATA '14','2','1';
2019-06-26 15:14:18 EXEC SPC_COM_EXAM_LIST '1','2','0','1','2','14';
2019-06-26 15:14:19 EXEC SPC_COM_DATA '14','2','1';
2019-06-26 15:14:19 EXEC SPC_COM_EXAM_LIST '1','2','0','1','2','14';
2019-06-26 15:14:20 EXEC SPC_COM_DATA '14','2','1';
2019-06-26 15:14:20 EXEC SPC_COM_EXAM_LIST '1','2','0','1','2','14';
2019-06-26 15:14:21 EXEC SPC_COM_DATA '14','2','1';
2019-06-26 15:14:21 EXEC SPC_COM_EXAM_LIST '1','2','0','1','2','14';
2019-06-26 15:14:21 EXEC SPC_COM_DATA '14','2','1';
2019-06-26 15:14:21 EXEC SPC_COM_EXAM_LIST '1','2','0','1','2','14';
2019-06-26 15:14:40 EXEC SPC_COM_DATA '14','2','1';
2019-06-26 15:14:40 EXEC SPC_COM_ADD_EXAM '1','2','2','i go to school','tôi đi học','14','::1';
2019-06-26 15:14:40 EXEC SPC_COM_ADD_NOTIFY '2','2','','7','14','::1';
2019-06-26 15:14:43 EXEC SPC_COM_DATA '14','2','1';
2019-06-26 15:14:43 EXEC SPC_COM_TOGGLE_EFFECT '1','8','1','2','0','14','::1';
2019-06-26 15:14:43 EXEC SPC_COM_ADD_NOTIFY '2','8','','4','14','::1';
2019-06-26 15:14:55 EXEC SPC_COM_DATA '14','2','1';
2019-06-26 15:14:55 EXEC SPC_GRAMMAR_LST1 '','14','5','5';
2019-06-26 15:14:56 EXEC SPC_COM_DATA '14','2','1';
2019-06-26 15:14:56 EXEC SPC_GRAMMAR_LST2 '5','5','14';
2019-06-26 15:15:05 EXEC SPC_COM_DATA '14','2','1';
2019-06-26 15:15:05 EXEC SPC_COM_ADD_LESSON '2','5','5','14','::1';
2019-06-26 15:15:07 EXEC SPC_COM_DATA '14','2','1';
2019-06-26 15:15:07 EXEC SPC_GRAMMAR_LST1 '','14','5','5';
2019-06-26 15:15:08 EXEC SPC_COM_DATA '14','2','1';
2019-06-26 15:15:08 EXEC SPC_GRAMMAR_LST2 '5','5','14';
2019-06-26 15:15:16 EXEC SPC_COM_DATA '14','2','1';
2019-06-26 15:15:16 EXEC SPC_COM_QUESTION_LIST '2';
2019-06-26 15:15:32 EXEC SPC_COM_DATA '14','2','1';
2019-06-26 15:15:32 EXEC SPC_COM_QUESTION_LIST '2';
2019-06-26 15:15:54 EXEC SPC_COM_DATA '14','2','1';
2019-06-26 15:15:54 EXEC SPC_LISTENING_LST1 '','14','5','5';
2019-06-26 15:15:56 EXEC SPC_COM_DATA '14','2','1';
2019-06-26 15:15:56 EXEC SPC_WRITING_LST1 '','14','5','5';
2019-06-26 15:15:57 EXEC SPC_COM_DATA '14','2','1';
2019-06-26 15:15:57 EXEC SPC_COMMON_GET_SUGGEST
2019-06-26 15:15:57 EXEC SPC_COM_DATA '14','2','1';
2019-06-26 15:15:57 EXEC SPC_GRAMMAR_LST1 '','14','5','5';
2019-06-26 15:15:58 EXEC SPC_COM_DATA '14','2','1';
2019-06-26 15:15:58 EXEC SPC_GRAMMAR_LST2 '5','5','14';
2019-06-26 15:17:06 EXEC SPC_COM_DATA '14','2','1';
2019-06-26 15:17:06 EXEC SPC_COM_REMEMBER '2','3','1','2','14','::1';
2019-06-26 15:17:08 EXEC SPC_COM_DATA '14','2','1';
2019-06-26 15:17:08 EXEC SPC_GRAMMAR_LST1 '','14','5','5';
2019-06-26 15:17:09 EXEC SPC_COM_DATA '14','2','1';
2019-06-26 15:17:09 EXEC SPC_GRAMMAR_LST2 '5','5','14';
2019-06-26 15:17:16 EXEC SPC_COM_DATA '14','2','1';
2019-06-26 15:17:16 EXEC SPC_GRAMMAR_LST1 '','14','5','5';
2019-06-26 15:17:16 EXEC SPC_COM_DATA '14','2','1';
2019-06-26 15:17:16 EXEC SPC_GRAMMAR_LST2 '5','5','14';
2019-06-26 15:17:23 EXEC SPC_COM_DATA '14','2','1';
2019-06-26 15:17:23 EXEC SPC_GRAMMAR_LST1 '2','14','5','5';
2019-06-26 15:17:24 EXEC SPC_COM_DATA '14','2','1';
2019-06-26 15:17:24 EXEC SPC_GRAMMAR_LST2 '5','5','14';
2019-06-26 15:17:27 EXEC SPC_COM_DATA '14','2','1';
2019-06-26 15:17:27 EXEC SPC_COM_FORGET '1','2','3','14';
2019-06-26 15:17:31 EXEC SPC_COM_DATA '14','2','1';
2019-06-26 15:17:31 EXEC SPC_GRAMMAR_LST1 '','14','5','5';
2019-06-26 15:17:32 EXEC SPC_COM_DATA '14','2','1';
2019-06-26 15:17:32 EXEC SPC_GRAMMAR_LST2 '5','5','14';
2019-06-26 15:22:49 EXEC SPC_COM_PERMISSION '1','2','w002';
2019-06-26 15:22:49 EXEC SPC_COM_MENU '1';
2019-06-26 15:22:49 EXEC SPC_W002_FND1
2019-06-26 15:22:51 EXEC SPC_COM_MENU '1';
2019-06-26 15:22:51 EXEC SPC_W002_LST2 '2';
2019-06-26 15:22:54 EXEC SPC_COM_MENU '1';
2019-06-26 15:22:54 EXEC SPC_COMMON_GROUP '5';
2019-06-26 15:23:26 EXEC SPC_COM_DATA '14','2','1';
2019-06-26 15:23:26 EXEC SPC_COM_MENU '2';
2019-06-26 15:24:33 EXEC SPC_COM_DATA '14','2','1';
2019-06-26 15:24:33 EXEC SPC_WRITING_LST1 '','14','5','5';
2019-06-26 15:24:34 EXEC SPC_COM_DATA '14','2','1';
2019-06-26 15:24:34 EXEC SPC_COMMON_GET_SUGGEST
2019-06-26 15:26:23 EXEC SPC_COM_DATA '14','2','1';
2019-06-26 15:26:23 EXEC SPC_WRITING_LST1 '','14','5','5';
2019-06-26 15:26:24 EXEC SPC_COM_DATA '14','2','1';
2019-06-26 15:26:24 EXEC SPC_COMMON_GET_SUGGEST
2019-06-26 15:27:38 EXEC SPC_COM_DATA '14','2','1';
2019-06-26 15:27:38 EXEC SPC_WRITING_LST1 '','14','5','5';
2019-06-26 15:27:39 EXEC SPC_COM_DATA '14','2','1';
2019-06-26 15:27:39 EXEC SPC_COMMON_GET_SUGGEST
2019-06-26 15:28:22 EXEC SPC_COM_DATA '14','2','1';
2019-06-26 15:28:22 EXEC SPC_WRITING_LST1 '','14','5','5';
2019-06-26 15:28:23 EXEC SPC_COM_DATA '14','2','1';
2019-06-26 15:28:23 EXEC SPC_COMMON_GET_SUGGEST
2019-06-26 15:29:25 EXEC SPC_COM_DATA '14','2','1';
2019-06-26 15:29:25 EXEC SPC_WRITING_LST1 '','14','5','5';
2019-06-26 15:29:26 EXEC SPC_COM_DATA '14','2','1';
2019-06-26 15:29:26 EXEC SPC_COMMON_GET_SUGGEST
2019-06-26 15:30:05 EXEC SPC_COM_DATA '14','2','1';
2019-06-26 15:30:05 EXEC SPC_WRITING_LST1 '','14','5','5';
2019-06-26 15:30:06 EXEC SPC_COM_DATA '14','2','1';
2019-06-26 15:30:06 EXEC SPC_COMMON_GET_SUGGEST
2019-06-26 15:31:09 EXEC SPC_COM_DATA '14','2','1';
2019-06-26 15:31:09 EXEC SPC_WRITING_LST1 '','14','5','5';
2019-06-26 15:31:10 EXEC SPC_COM_DATA '14','2','1';
2019-06-26 15:31:10 EXEC SPC_COMMON_GET_SUGGEST
2019-06-26 15:45:56 EXEC SPC_COM_DATA '14','2','1';
2019-06-26 15:45:56 EXEC SPC_WRITING_LST1 '','14','5','5';
2019-06-26 15:45:57 EXEC SPC_COM_DATA '14','2','1';
2019-06-26 15:45:57 EXEC SPC_COMMON_GET_SUGGEST
2019-06-26 15:45:58 EXEC SPC_COM_DATA '14','2','1';
2019-06-26 15:45:58 EXEC SPC_WRITING_LST1 '','14','5','5';
2019-06-26 15:45:58 EXEC SPC_COM_DATA '14','2','1';
2019-06-26 15:45:58 EXEC SPC_COMMON_GET_SUGGEST
2019-06-26 15:46:49 EXEC SPC_COM_DATA '14','2','1';
2019-06-26 15:46:49 EXEC SPC_GRAMMAR_LST1 '','14','5','5';
2019-06-26 15:46:50 EXEC SPC_COM_DATA '14','2','1';
2019-06-26 15:46:50 EXEC SPC_GRAMMAR_LST2 '5','5','14';
2019-06-26 15:46:59 EXEC SPC_COM_DATA '14','2','1';
2019-06-26 15:46:59 EXEC SPC_WRITING_LST1 '','14','5','5';
2019-06-26 15:47:00 EXEC SPC_COM_DATA '14','2','1';
2019-06-26 15:47:00 EXEC SPC_COMMON_GET_SUGGEST
2019-06-26 15:59:22 EXEC SPC_COM_DATA '14','2','1';
2019-06-26 15:59:22 EXEC SPC_WRITING_LST1 '','14','5','5';
2019-06-26 15:59:23 EXEC SPC_COM_DATA '14','2','1';
2019-06-26 15:59:23 EXEC SPC_COMMON_GET_SUGGEST
2019-06-26 16:00:50 EXEC SPC_COM_DATA '14','2','1';
2019-06-26 16:00:50 EXEC SPC_WRITING_LST1 '','14','5','5';
2019-06-26 16:00:51 EXEC SPC_COM_DATA '14','2','1';
2019-06-26 16:00:51 EXEC SPC_COMMON_GET_SUGGEST
2019-06-26 16:01:59 EXEC SPC_COM_DATA '14','2','1';
2019-06-26 16:01:59 EXEC SPC_WRITING_LST1 '','14','5','5';
2019-06-26 16:02:00 EXEC SPC_COM_DATA '14','2','1';
2019-06-26 16:02:00 EXEC SPC_COMMON_GET_SUGGEST
2019-06-26 16:02:49 EXEC SPC_COM_DATA '14','2','1';
2019-06-26 16:02:49 EXEC SPC_WRITING_LST1 '','14','5','5';
2019-06-26 16:02:50 EXEC SPC_COM_DATA '14','2','1';
2019-06-26 16:02:50 EXEC SPC_COMMON_GET_SUGGEST
2019-06-26 16:04:46 EXEC SPC_COM_DATA '14','2','1';
2019-06-26 16:04:46 EXEC SPC_WRITING_LST1 '','14','5','5';
2019-06-26 16:04:47 EXEC SPC_COM_DATA '14','2','1';
2019-06-26 16:04:47 EXEC SPC_COMMON_GET_SUGGEST
2019-06-26 16:05:09 EXEC SPC_COM_DATA '14','2','1';
2019-06-26 16:05:09 EXEC SPC_WRITING_LST1 '','14','5','5';
2019-06-26 16:05:09 EXEC SPC_COM_DATA '14','2','1';
2019-06-26 16:05:09 EXEC SPC_COMMON_GET_SUGGEST
2019-06-26 16:05:48 EXEC SPC_COM_DATA '14','2','1';
2019-06-26 16:05:48 EXEC SPC_WRITING_LST1 '','14','5','5';
2019-06-26 16:05:49 EXEC SPC_COM_DATA '14','2','1';
2019-06-26 16:05:49 EXEC SPC_COMMON_GET_SUGGEST
2019-06-26 16:05:58 EXEC SPC_COM_DATA '14','2','1';
2019-06-26 16:05:58 EXEC SPC_WRITING_LST1 '','14','5','5';
2019-06-26 16:05:59 EXEC SPC_COM_DATA '14','2','1';
2019-06-26 16:05:59 EXEC SPC_COMMON_GET_SUGGEST
2019-06-26 16:06:37 EXEC SPC_COM_DATA '14','2','1';
2019-06-26 16:06:37 EXEC SPC_WRITING_LST1 '','14','5','5';
2019-06-26 16:06:38 EXEC SPC_COM_DATA '14','2','1';
2019-06-26 16:06:38 EXEC SPC_COMMON_GET_SUGGEST
2019-06-26 16:07:01 EXEC SPC_COM_DATA '14','2','1';
2019-06-26 16:07:01 EXEC SPC_WRITING_LST1 '','14','5','5';
2019-06-26 16:07:01 EXEC SPC_COM_DATA '14','2','1';
2019-06-26 16:07:01 EXEC SPC_COMMON_GET_SUGGEST
2019-06-26 16:09:02 EXEC SPC_COM_DATA '14','2','1';
2019-06-26 16:09:02 EXEC SPC_WRITING_LST1 '','14','5','5';
2019-06-26 16:09:03 EXEC SPC_COM_DATA '14','2','1';
2019-06-26 16:09:03 EXEC SPC_COMMON_GET_SUGGEST
2019-06-26 16:09:16 EXEC SPC_COM_DATA '14','2','1';
2019-06-26 16:09:16 EXEC SPC_GRAMMAR_LST1 '2','14','5','5';
2019-06-26 16:09:17 EXEC SPC_COM_DATA '14','2','1';
2019-06-26 16:09:17 EXEC SPC_GRAMMAR_LST2 '5','5','14';
2019-06-26 16:11:06 EXEC SPC_COM_DATA '14','2','1';
2019-06-26 16:11:06 EXEC SPC_WRITING_LST1 '','14','5','5';
2019-06-26 16:11:07 EXEC SPC_COM_DATA '14','2','1';
2019-06-26 16:11:07 EXEC SPC_COMMON_GET_SUGGEST
2019-06-26 16:15:26 EXEC SPC_COM_PERMISSION '1','2','w002';
2019-06-26 16:15:26 EXEC SPC_COM_MENU '1';
2019-06-26 16:15:26 EXEC SPC_W002_FND1
2019-06-26 16:15:29 EXEC SPC_COM_MENU '1';
2019-06-26 16:15:29 EXEC SPC_W002_LST2 '2';
2019-06-26 16:15:38 EXEC SPC_COM_PERMISSION '1','2','w002';
2019-06-26 16:15:38 EXEC SPC_COM_MENU '1';
2019-06-26 16:15:38 EXEC SPC_W002_FND1
2019-06-26 16:15:40 EXEC SPC_COM_MENU '1';
2019-06-26 16:15:40 EXEC SPC_W002_LST2 '2';
2019-06-26 16:18:04 EXEC SPC_COM_PERMISSION '1','2','w002';
2019-06-26 16:18:04 EXEC SPC_COM_MENU '1';
2019-06-26 16:18:04 EXEC SPC_W002_FND1
2019-06-26 16:18:07 EXEC SPC_COM_MENU '1';
2019-06-26 16:18:07 EXEC SPC_W002_LST2 '1';
2019-06-26 16:18:16 EXEC SPC_COM_MENU '1';
2019-06-26 16:18:16 EXEC SPC_COMMON_GROUP '4';
2019-06-26 16:18:53 EXEC SPC_COM_PERMISSION '1','2','w002';
2019-06-26 16:18:53 EXEC SPC_COM_MENU '1';
2019-06-26 16:18:53 EXEC SPC_W002_FND1
2019-06-26 16:18:56 EXEC SPC_COM_MENU '1';
2019-06-26 16:18:56 EXEC SPC_W002_LST2 '2';
2019-06-26 16:19:00 EXEC SPC_COM_MENU '1';
2019-06-26 16:19:00 EXEC SPC_COMMON_GROUP '5';
2019-06-26 16:20:25 EXEC SPC_COM_PERMISSION '1','2','w002';
2019-06-26 16:20:25 EXEC SPC_COM_MENU '1';
2019-06-26 16:20:25 EXEC SPC_W002_FND1
2019-06-26 16:20:27 EXEC SPC_COM_MENU '1';
2019-06-26 16:20:27 EXEC SPC_W002_LST2 '2';
2019-06-26 16:20:40 EXEC SPC_COM_MENU '1';
2019-06-26 16:20:40 EXEC SPC_COMMON_GROUP '5';
2019-06-26 16:21:29 EXEC SPC_COM_PERMISSION '1','2','w002';
2019-06-26 16:21:29 EXEC SPC_COM_MENU '1';
2019-06-26 16:21:29 EXEC SPC_W002_FND1
2019-06-26 16:21:31 EXEC SPC_COM_MENU '1';
2019-06-26 16:21:31 EXEC SPC_W002_LST2 '2';
2019-06-26 16:21:32 EXEC SPC_COM_MENU '1';
2019-06-26 16:21:32 EXEC SPC_COMMON_GROUP '5';
2019-06-26 16:23:39 EXEC SPC_COM_PERMISSION '1','2','g003';
2019-06-26 16:23:39 EXEC SPC_COM_MENU '1';
2019-06-26 16:23:39 EXEC SPC_COM_M999_INQ1 '7';
2019-06-26 16:23:40 EXEC SPC_COM_PERMISSION '1','2','g004';
2019-06-26 16:23:40 EXEC SPC_COM_MENU '1';
2019-06-26 16:23:40 EXEC SPC_COM_M999_INQ1 '7';
2019-06-26 16:31:10 EXEC SPC_COM_DATA '1','1','2';
2019-06-26 16:31:10 EXEC SPC_COM_MENU '1';
2019-06-26 16:31:52 EXEC SPC_COM_DATA '1','1','2';
2019-06-26 16:31:52 EXEC SPC_COM_MENU '1';
2019-06-26 16:43:15 EXEC SPC_COM_DATA '1','1','2';
2019-06-26 16:43:15 EXEC SPC_COM_MENU '1';
2019-06-26 16:50:46 EXEC SPC_COM_PERMISSION '1','2','g006';
2019-06-26 16:50:46 EXEC SPC_COM_MENU '1';
2019-06-26 16:50:46 EXEC SPC_COM_M999_INQ1 '7';
2019-06-26 16:53:02 EXEC SPC_COM_PERMISSION '1','2','g001';
2019-06-26 16:53:02 EXEC SPC_COM_MENU '1';
2019-06-26 16:53:02 EXEC SPC_G001_LST1 '1','1';
2019-06-26 16:53:03 EXEC SPC_COM_DATA '14','2','1';
2019-06-26 16:53:03 EXEC SPC_COM_MENU '2';
2019-06-26 16:53:08 EXEC SPC_COM_PERMISSION '1','2','w002';
2019-06-26 16:53:08 EXEC SPC_COM_MENU '1';
2019-06-26 16:53:09 EXEC SPC_W002_FND1
2019-06-26 16:53:14 EXEC SPC_COM_MENU '1';
2019-06-26 16:53:14 EXEC SPC_W002_LST2 '4';
2019-06-26 16:53:20 EXEC SPC_COM_MENU '1';
2019-06-26 16:53:20 EXEC SPC_COMMON_GROUP '1';
2019-06-26 16:53:27 EXEC SPC_COM_MENU '1';
2019-06-26 16:53:27 EXEC SPC_W002_LST2 '3';
2019-06-26 16:53:33 EXEC SPC_COM_MENU '1';
2019-06-26 16:53:33 EXEC SPC_COMMON_GROUP '2';
2019-06-26 16:53:41 EXEC SPC_COM_MENU '1';
2019-06-26 16:53:41 EXEC SPC_W002_LST2 '4';
2019-06-26 16:54:46 EXEC SPC_COM_MENU '1';
2019-06-26 16:54:46 EXEC SPC_P003_INQ1
2019-06-26 16:54:47 EXEC SPC_COM_MENU '1';
2019-06-26 16:54:47 EXEC SPC_P003_LST2 '[]';
2019-06-26 16:54:49 EXEC SPC_COM_MENU '1';
2019-06-26 16:54:49 EXEC SPC_P003_LST1 '0','0','0','','','[]','50','1';
2019-06-26 16:54:53 EXEC SPC_COM_MENU '1';
2019-06-26 16:54:53 EXEC SPC_P003_LST3 '[{"vocabulary_code":"16"},{"vocabulary_code":"17"},{"vocabulary_code":"18"},{"vocabulary_code":"19"},{"vocabulary_code":"20"},{"vocabulary_code":"21"},{"vocabulary_code":"22"}]';
2019-06-26 16:54:57 EXEC SPC_COM_MENU '1';
2019-06-26 16:54:57 EXEC SPC_w002_ACT1 '','4','test HV','test nhóm HV','why i'm handsome too much?','[{"tag_id":"1","is_new":0},{"tag_id":"3","is_new":0},{"tag_id":"2","is_new":0}]','<p>đéo hiểu luôn</p>
','','','0','[{"row_id":0,"vocabulary_code":"16"},{"row_id":1,"vocabulary_code":"17"},{"row_id":2,"vocabulary_code":"18"},{"row_id":3,"vocabulary_code":"19"},{"row_id":4,"vocabulary_code":"20"},{"row_id":5,"vocabulary_code":"21"},{"row_id":6,"vocabulary_code":"22"}]','[]','[]','1','::1';
2019-06-26 16:54:58 EXEC SPC_COM_MENU '1';
2019-06-26 16:54:58 EXEC SPC_W002_LST1 '3';
2019-06-26 16:54:59 EXEC SPC_COM_MENU '1';
2019-06-26 16:54:59 EXEC SPC_W002_LST2 '4';
2019-06-26 16:54:59 EXEC SPC_COM_MENU '1';
2019-06-26 16:54:59 EXEC SPC_COMMON_GROUP '6';
2019-06-26 16:55:12 EXEC SPC_COM_PERMISSION '1','2','w002';
2019-06-26 16:55:12 EXEC SPC_COM_MENU '1';
2019-06-26 16:55:12 EXEC SPC_W002_FND1
2019-06-26 16:55:14 EXEC SPC_COM_MENU '1';
2019-06-26 16:55:14 EXEC SPC_W002_LST1 '3';
2019-06-26 16:55:14 EXEC SPC_COM_MENU '1';
2019-06-26 16:55:14 EXEC SPC_W002_LST2 '4';
2019-06-26 16:55:14 EXEC SPC_COM_MENU '1';
2019-06-26 16:55:14 EXEC SPC_COMMON_GROUP '6';
2019-06-26 16:55:22 EXEC SPC_COM_MENU '1';
2019-06-26 16:55:22 EXEC SPC_w002_ACT1 '3','4','6','6','why i'm handsome too much?','[{"tag_id":"1","is_new":0},{"tag_id":"2","is_new":0},{"tag_id":"3","is_new":0}]','<p>đéo hiểu luôn</p>
','','','0','[{"row_id":0,"vocabulary_code":"16"},{"row_id":1,"vocabulary_code":"17"},{"row_id":2,"vocabulary_code":"18"},{"row_id":3,"vocabulary_code":"19"},{"row_id":4,"vocabulary_code":"20"},{"row_id":5,"vocabulary_code":"21"},{"row_id":6,"vocabulary_code":"22"}]','[]','[]','1','::1';
2019-06-26 16:55:23 EXEC SPC_COM_MENU '1';
2019-06-26 16:55:23 EXEC SPC_W002_LST1 '3';
2019-06-26 16:55:24 EXEC SPC_COM_MENU '1';
2019-06-26 16:55:24 EXEC SPC_W002_LST2 '4';
2019-06-26 16:55:24 EXEC SPC_COM_MENU '1';
2019-06-26 16:55:24 EXEC SPC_COMMON_GROUP '6';
2019-06-26 16:56:45 EXEC SPC_COM_PERMISSION '1','2','w001';
2019-06-26 16:56:45 EXEC SPC_COM_MENU '1';
2019-06-26 16:56:45 EXEC SPC_W001_LST1
2019-06-26 16:56:49 EXEC SPC_COM_MENU '1';
2019-06-26 16:56:49 EXEC SPC_W001_LST2 '','','','-1','','10','1';
2019-06-26 16:57:01 EXEC SPC_COM_MENU '1';
2019-06-26 16:57:01 EXEC SPC_W001_LST2 '','','','0','','10','1';
2019-06-26 16:57:05 EXEC SPC_COM_MENU '1';
2019-06-26 16:57:05 EXEC SPC_W001_ACT2 '[{"row_id":"0","id":"3"}]','1','::1';
2019-06-26 16:57:06 EXEC SPC_COM_MENU '1';
2019-06-26 16:57:06 EXEC SPC_W001_LST2 '','','','1','','10','1';
2019-06-26 16:57:10 EXEC SPC_COM_MENU '1';
2019-06-26 16:57:10 EXEC SPC_W001_ACT3 '[{"row_id":"0","id":"3"}]','1','::1';
2019-06-26 16:57:11 EXEC SPC_COM_MENU '1';
2019-06-26 16:57:11 EXEC SPC_W001_LST2 '','','','2','','10','1';
2019-06-26 16:57:17 EXEC SPC_COM_DATA '14','2','1';
2019-06-26 16:57:17 EXEC SPC_WRITING_LST1 '','14','5','5';
2019-06-26 16:57:18 EXEC SPC_COM_DATA '14','2','1';
2019-06-26 16:57:18 EXEC SPC_COMMON_GET_SUGGEST
2019-06-26 16:57:19 EXEC SPC_COM_DATA '14','2','1';
2019-06-26 16:57:19 EXEC SPC_WRITING_LST2 '6','6','14';
2019-06-26 16:57:22 EXEC SPC_COM_DATA '14','2','1';
2019-06-26 16:57:22 EXEC SPC_WRITING_LST1 '','14','6','6';
2019-06-26 16:57:23 EXEC SPC_COM_DATA '14','2','1';
2019-06-26 16:57:23 EXEC SPC_COMMON_GET_SUGGEST
2019-06-26 16:57:23 EXEC SPC_COM_DATA '14','2','1';
2019-06-26 16:57:23 EXEC SPC_WRITING_LST2 '6','6','14';
2019-06-26 17:03:28 EXEC SPC_COM_DATA '14','2','1';
2019-06-26 17:03:28 EXEC SPC_COM_MENU '2';
2019-06-26 17:05:08 EXEC SPC_COM_DATA '14','2','1';
2019-06-26 17:05:08 EXEC SPC_DICTIONARY_LST1 '22','14';
2019-06-26 17:05:09 EXEC SPC_COM_DATA '14','2','1';
2019-06-26 17:05:09 EXEC SPC_DICTIONARY_LST2 '"Business Week"','14','::1';
2019-06-26 17:05:51 EXEC SPC_COM_DATA '14','2','1';
2019-06-26 17:05:51 EXEC SPC_WRITING_LST1 '','14','6','6';
2019-06-26 17:05:52 EXEC SPC_COM_DATA '14','2','1';
2019-06-26 17:05:52 EXEC SPC_COMMON_GET_SUGGEST
2019-06-26 17:05:53 EXEC SPC_COM_DATA '14','2','1';
2019-06-26 17:05:53 EXEC SPC_WRITING_LST2 '6','6','14';
2019-06-26 17:09:31 EXEC SPC_COM_DATA '14','2','1';
2019-06-26 17:09:31 EXEC SPC_WRITING_LST1 '','14','6','6';
2019-06-26 17:09:31 EXEC SPC_COM_DATA '14','2','1';
2019-06-26 17:09:31 EXEC SPC_COMMON_GET_SUGGEST
2019-06-26 17:09:32 EXEC SPC_COM_DATA '14','2','1';
2019-06-26 17:09:32 EXEC SPC_WRITING_LST2 '6','6','14';
2019-06-26 17:10:24 EXEC SPC_USER_P001_INQ1
2019-06-26 17:10:25 EXEC SPC_USER_P001_LST2 '[]';
2019-06-26 17:10:27 EXEC SPC_USER_P001_LST1 '0','0','0','','','-100','[]','50','1';
2019-06-26 17:10:32 EXEC SPC_USER_P001_LST3 '[{"row_id":"-100","id":36},{"row_id":"-100","id":39},{"row_id":"-100","id":44},{"row_id":"-100","id":50},{"row_id":"-100","id":46}]','-100';
2019-06-26 17:10:41 EXEC SPC_COM_DATA '14','2','1';
2019-06-26 17:10:41 EXEC SPC_WRITING_ACT1 '','','[{"tag_id":2,"is_new":"0"},{"tag_nm":"one","is_new":"1"},{"tag_nm":"two","is_new":"1"}]','family','<p>lalala demacia</p>','[{"row_id":"-100","id":36},{"row_id":"-100","id":39},{"row_id":"-100","id":44},{"row_id":"-100","id":50},{"row_id":"-100","id":46}]','14','::1';
2019-06-26 17:10:41 SQLSTATE[42S02]: [Microsoft][ODBC Driver 17 for SQL Server][SQL Server]オブジェクト名 '#WRITING' が無効です。
2019-06-26 17:11:15 EXEC SPC_COM_DATA '14','2','1';
2019-06-26 17:11:15 EXEC SPC_WRITING_ACT1 '','','[{"tag_id":2,"is_new":"0"},{"tag_nm":"one","is_new":"1"},{"tag_nm":"two","is_new":"1"}]','family','<p>lalala demacia</p>','[{"row_id":"-100","id":36},{"row_id":"-100","id":39},{"row_id":"-100","id":44},{"row_id":"-100","id":50},{"row_id":"-100","id":46}]','14','::1';
2019-06-26 17:11:15 SQLSTATE[42S02]: [Microsoft][ODBC Driver 17 for SQL Server][SQL Server]オブジェクト名 '#WRITING' が無効です。
2019-06-26 17:30:07 EXEC SPC_COM_DATA '14','2','1';
2019-06-26 17:30:07 EXEC SPC_WRITING_ACT1 '','','[{"tag_id":2,"is_new":"0"},{"tag_nm":"one","is_new":"1"},{"tag_nm":"two","is_new":"1"}]','family','<p>lalala demacia</p>','[{"row_id":"-100","id":36},{"row_id":"-100","id":39},{"row_id":"-100","id":44},{"row_id":"-100","id":50},{"row_id":"-100","id":46}]','14','::1';
2019-06-26 17:30:07 SQLSTATE[42S02]: [Microsoft][ODBC Driver 17 for SQL Server][SQL Server]オブジェクト名 '#WRITING' が無効です。
2019-06-26 17:30:27 EXEC SPC_COM_DATA '14','2','1';
2019-06-26 17:30:27 EXEC SPC_WRITING_LST1 '','14','6','6';
2019-06-26 17:30:28 EXEC SPC_COM_DATA '14','2','1';
2019-06-26 17:30:28 EXEC SPC_COMMON_GET_SUGGEST
2019-06-26 17:30:29 EXEC SPC_COM_DATA '14','2','1';
2019-06-26 17:30:29 EXEC SPC_WRITING_LST2 '6','6','14';
2019-06-26 17:31:14 EXEC SPC_COM_DATA '14','2','1';
2019-06-26 17:31:14 EXEC SPC_WRITING_LST1 '','14','6','6';
2019-06-26 17:31:15 EXEC SPC_COM_DATA '14','2','1';
2019-06-26 17:31:15 EXEC SPC_COMMON_GET_SUGGEST
2019-06-26 17:31:15 EXEC SPC_COM_DATA '14','2','1';
2019-06-26 17:31:15 EXEC SPC_WRITING_LST2 '6','6','14';
2019-06-26 17:31:43 EXEC SPC_COM_DATA '14','2','1';
2019-06-26 17:31:43 EXEC SPC_WRITING_ACT3 '4','14','::1';
2019-06-26 17:31:45 EXEC SPC_COM_DATA '14','2','1';
2019-06-26 17:31:45 EXEC SPC_SOCIAL_LST1 '','14';
2019-06-26 17:31:46 EXEC SPC_COM_DATA '14','2','1';
2019-06-26 17:31:46 EXEC SPC_SOCIAL_LST2 '','1','[]','14';
2019-06-26 17:31:52 EXEC SPC_COM_DATA '14','2','1';
2019-06-26 17:31:52 EXEC SPC_SOCIAL_ACT2 '4','14','::1';
2019-06-26 17:33:39 EXEC SPC_COM_DATA '14','2','1';
2019-06-26 17:33:39 EXEC SPC_WRITING_LST1 '','14','6','6';
2019-06-26 17:33:40 EXEC SPC_COM_DATA '14','2','1';
2019-06-26 17:33:40 EXEC SPC_COMMON_GET_SUGGEST
2019-06-26 17:33:40 EXEC SPC_COM_DATA '14','2','1';
2019-06-26 17:33:40 EXEC SPC_WRITING_LST2 '6','6','14';
2019-06-26 17:33:41 EXEC SPC_COM_DATA '14','2','1';
2019-06-26 17:33:41 EXEC SPC_LISTENING_LST1 '','14','6','6';
2019-06-26 17:33:48 EXEC SPC_COM_PERMISSION '1','2','w002';
2019-06-26 17:33:48 EXEC SPC_COM_MENU '1';
2019-06-26 17:33:48 EXEC SPC_W002_FND1
2019-06-26 17:33:52 EXEC SPC_COM_MENU '1';
2019-06-26 17:33:52 EXEC SPC_W002_LST2 '3';
2019-06-26 17:35:08 EXEC SPC_COM_PERMISSION '1','2','m007';
2019-06-26 17:35:08 EXEC SPC_COM_MENU '1';
2019-06-26 17:35:08 EXEC SPC_M007_FND1
2019-06-26 17:37:45 EXEC SPC_COM_PERMISSION '1','2','w002';
2019-06-26 17:37:45 EXEC SPC_COM_MENU '1';
2019-06-26 17:37:45 EXEC SPC_W002_FND1
2019-06-26 17:37:48 EXEC SPC_COM_MENU '1';
2019-06-26 17:37:48 EXEC SPC_W002_LST2 '3';
2019-06-26 17:37:48 EXEC SPC_COM_MENU '1';
2019-06-26 17:37:48 EXEC SPC_COMMON_GROUP
2019-06-26 17:37:57 EXEC SPC_COM_MENU '1';
2019-06-26 17:37:57 EXEC SPC_COMMON_GROUP
2019-06-26 17:38:09 EXEC SPC_COM_MENU '1';
2019-06-26 17:38:09 EXEC SPC_COMMON_GROUP '2';
2019-06-26 17:38:13 EXEC SPC_COM_MENU '1';
2019-06-26 17:38:13 EXEC SPC_COMMON_GROUP 'sdasdasada';
2019-06-26 17:38:26 EXEC SPC_COM_MENU '1';
2019-06-26 17:38:26 EXEC SPC_COMMON_GROUP
2019-06-26 17:38:56 EXEC SPC_COM_MENU '1';
2019-06-26 17:38:56 EXEC SPC_P003_INQ1
2019-06-26 17:38:57 EXEC SPC_COM_MENU '1';
2019-06-26 17:38:57 EXEC SPC_P003_LST2 '[]';
2019-06-26 17:39:05 EXEC SPC_COM_MENU '1';
2019-06-26 17:39:05 EXEC SPC_P003_LST1 '0','0','0','','','[]','50','1';
2019-06-26 17:39:12 EXEC SPC_COM_MENU '1';
2019-06-26 17:39:12 EXEC SPC_P003_LST3 '[{"vocabulary_code":"15"},{"vocabulary_code":"26"},{"vocabulary_code":"27"},{"vocabulary_code":"23"},{"vocabulary_code":"22"},{"vocabulary_code":"20"},{"vocabulary_code":"17"},{"vocabulary_code":"2"},{"vocabulary_code":"28"},{"vocabulary_code":"3"},{"vocabulary_code":"34"},{"vocabulary_code":"35"}]';
2019-06-26 17:39:16 EXEC SPC_COM_MENU '1';
2019-06-26 17:39:16 EXEC SPC_w002_ACT1 '','3','TN','TN','khóc thật chớ đùa','[]','<p>mưa rơi cả bầu trời nắng</p>
','/web-content/audio/listeningAudio/audio_5d132f3416780.mp3','audio_5d132f3416780.mp3','1','[{"row_id":0,"vocabulary_code":"15"},{"row_id":1,"vocabulary_code":"26"},{"row_id":2,"vocabulary_code":"27"},{"row_id":3,"vocabulary_code":"23"},{"row_id":4,"vocabulary_code":"22"},{"row_id":5,"vocabulary_code":"20"},{"row_id":6,"vocabulary_code":"17"},{"row_id":7,"vocabulary_code":"2"},{"row_id":8,"vocabulary_code":"28"},{"row_id":9,"vocabulary_code":"3"},{"row_id":10,"vocabulary_code":"34"},{"row_id":11,"vocabulary_code":"35"}]','[]','[]','1','::1';
2019-06-26 17:39:17 EXEC SPC_COM_MENU '1';
2019-06-26 17:39:17 EXEC SPC_W002_LST1 '5';
2019-06-26 17:39:17 EXEC SPC_COM_MENU '1';
2019-06-26 17:39:17 EXEC SPC_W002_LST2 '3';
2019-06-26 17:39:18 EXEC SPC_COM_MENU '1';
2019-06-26 17:39:18 EXEC SPC_COMMON_GROUP
2019-06-26 17:39:18 EXEC SPC_COM_MENU '1';
2019-06-26 17:39:18 EXEC SPC_COMMON_GROUP
2019-06-26 17:39:18 EXEC SPC_COM_MENU '1';
2019-06-26 17:39:18 EXEC SPC_COMMON_GROUP '7';
2019-06-26 17:39:22 EXEC SPC_COM_PERMISSION '1','2','w001';
2019-06-26 17:39:22 EXEC SPC_COM_MENU '1';
2019-06-26 17:39:22 EXEC SPC_W001_LST1
2019-06-26 17:39:25 EXEC SPC_COM_MENU '1';
2019-06-26 17:39:25 EXEC SPC_W001_LST2 '','','','0','','10','1';
2019-06-26 17:39:25 SQLSTATE[22018]: [Microsoft][ODBC Driver 17 for SQL Server][SQL Server]nvarchar の値 'TN' をデータ型 int に変換できませんでした。
2019-06-26 17:39:31 EXEC SPC_COM_MENU '1';
2019-06-26 17:39:31 EXEC SPC_W001_LST2 '','','','0','','10','1';
2019-06-26 17:39:31 SQLSTATE[22018]: [Microsoft][ODBC Driver 17 for SQL Server][SQL Server]nvarchar の値 'TN' をデータ型 int に変換できませんでした。
2019-06-26 17:39:45 EXEC SPC_COM_PERMISSION '1','2','w001';
2019-06-26 17:39:45 EXEC SPC_COM_MENU '1';
2019-06-26 17:39:45 EXEC SPC_W001_LST1
2019-06-26 17:39:48 EXEC SPC_COM_MENU '1';
2019-06-26 17:39:48 EXEC SPC_W001_LST2 '','','','-1','','10','1';
2019-06-26 17:39:48 SQLSTATE[22018]: [Microsoft][ODBC Driver 17 for SQL Server][SQL Server]nvarchar の値 'TN' をデータ型 int に変換できませんでした。
2019-06-26 17:42:14 EXEC SPC_COM_MENU '1';
2019-06-26 17:42:14 EXEC SPC_W001_LST2 '','','','-1','','10','1';
2019-06-26 17:42:18 EXEC SPC_COM_PERMISSION '1','2','w002';
2019-06-26 17:42:18 EXEC SPC_COM_MENU '1';
2019-06-26 17:42:18 EXEC SPC_W002_FND1
2019-06-26 17:42:21 EXEC SPC_COM_MENU '1';
2019-06-26 17:42:21 EXEC SPC_W002_LST2 '3';
2019-06-26 17:42:21 EXEC SPC_COM_MENU '1';
2019-06-26 17:42:21 EXEC SPC_COMMON_GROUP
2019-06-26 17:42:21 EXEC SPC_COM_MENU '1';
2019-06-26 17:42:21 EXEC SPC_COMMON_GROUP
2019-06-26 17:42:23 EXEC SPC_COM_MENU '1';
2019-06-26 17:42:23 EXEC SPC_COMMON_GROUP '7';
2019-06-26 17:42:37 EXEC SPC_COM_MENU '1';
2019-06-26 17:42:37 EXEC SPC_COMMON_GROUP
2019-06-26 17:43:08 EXEC SPC_COM_MENU '1';
2019-06-26 17:43:08 EXEC SPC_P003_INQ1
2019-06-26 17:43:08 EXEC SPC_COM_MENU '1';
2019-06-26 17:43:08 EXEC SPC_P003_LST2 '[]';
2019-06-26 17:43:10 EXEC SPC_COM_MENU '1';
2019-06-26 17:43:10 EXEC SPC_P003_LST1 '0','0','0','','','[]','50','1';
2019-06-26 17:43:15 EXEC SPC_COM_MENU '1';
2019-06-26 17:43:15 EXEC SPC_P003_LST3 '[{"vocabulary_code":"15"},{"vocabulary_code":"16"},{"vocabulary_code":"20"},{"vocabulary_code":"23"},{"vocabulary_code":"28"},{"vocabulary_code":"3"},{"vocabulary_code":"30"},{"vocabulary_code":"27"}]';
2019-06-26 17:43:19 EXEC SPC_COM_MENU '1';
2019-06-26 17:43:19 EXEC SPC_w002_ACT1 '','3','TN1','TN1','khóc thật chớ đùa','[]','<p>mưa rơi cả bầu chời nắng</p>
','/web-content/audio/listeningAudio/audio_5d133027591dc.mp3','audio_5d133027591dc.mp3','1','[{"row_id":0,"vocabulary_code":"15"},{"row_id":1,"vocabulary_code":"16"},{"row_id":2,"vocabulary_code":"20"},{"row_id":3,"vocabulary_code":"23"},{"row_id":4,"vocabulary_code":"28"},{"row_id":5,"vocabulary_code":"3"},{"row_id":6,"vocabulary_code":"30"},{"row_id":7,"vocabulary_code":"27"}]','[]','[]','1','::1';
2019-06-26 17:43:21 EXEC SPC_COM_MENU '1';
2019-06-26 17:43:21 EXEC SPC_W002_LST1 '6';
2019-06-26 17:43:21 EXEC SPC_COM_MENU '1';
2019-06-26 17:43:21 EXEC SPC_W002_LST2 '3';
2019-06-26 17:43:21 EXEC SPC_COM_MENU '1';
2019-06-26 17:43:21 EXEC SPC_COM_MENU '1';
2019-06-26 17:43:21 EXEC SPC_COMMON_GROUP
2019-06-26 17:43:21 EXEC SPC_COMMON_GROUP
2019-06-26 17:43:22 EXEC SPC_COM_MENU '1';
2019-06-26 17:43:22 EXEC SPC_COMMON_GROUP
2019-06-26 17:43:22 EXEC SPC_COM_MENU '1';
2019-06-26 17:43:22 EXEC SPC_COMMON_GROUP '8';
2019-06-26 17:43:27 EXEC SPC_COM_PERMISSION '1','2','w001';
2019-06-26 17:43:27 EXEC SPC_COM_MENU '1';
2019-06-26 17:43:27 EXEC SPC_W001_LST1
2019-06-26 17:43:30 EXEC SPC_COM_MENU '1';
2019-06-26 17:43:30 EXEC SPC_W001_LST2 '','','','0','','10','1';
2019-06-26 17:43:35 EXEC SPC_COM_MENU '1';
2019-06-26 17:43:36 EXEC SPC_COM_MENU '1';
2019-06-26 17:43:36 EXEC SPC_p004_LST1 '6';
2019-06-26 17:43:36 SQLSTATE[42S22]: [Microsoft][ODBC Driver 17 for SQL Server][SQL Server]列名 'explain' が無効です。
2019-06-26 17:43:51 EXEC SPC_COM_MENU '1';
2019-06-26 17:43:51 EXEC SPC_W001_ACT2 '[{"row_id":"0","id":"6"}]','1','::1';
2019-06-26 17:43:52 EXEC SPC_COM_MENU '1';
2019-06-26 17:43:52 EXEC SPC_W001_LST2 '','','','1','','10','1';
2019-06-26 17:43:56 EXEC SPC_COM_MENU '1';
2019-06-26 17:43:56 EXEC SPC_W001_ACT3 '[{"row_id":"0","id":"6"}]','1','::1';
2019-06-26 17:43:58 EXEC SPC_COM_MENU '1';
2019-06-26 17:43:58 EXEC SPC_W001_LST2 '','','','2','','10','1';
2019-06-26 17:44:09 EXEC SPC_COM_DATA '14','2','1';
2019-06-26 17:44:09 EXEC SPC_LISTENING_LST1 '','14','6','6';
2019-06-26 17:44:10 EXEC SPC_COM_DATA '14','2','1';
2019-06-26 17:44:10 EXEC SPC_LISTENING_LST2 '8','8','14';
2019-06-26 17:46:23 EXEC SPC_COM_MENU '1';
2019-06-26 17:46:24 EXEC SPC_COM_MENU '1';
2019-06-26 17:46:24 EXEC SPC_p004_LST1 '6';
2019-06-26 17:46:24 SQLSTATE[42S22]: [Microsoft][ODBC Driver 17 for SQL Server][SQL Server]列名 'explain' が無効です。
2019-06-26 17:46:38 EXEC SPC_COM_MENU '1';
2019-06-26 17:46:39 EXEC SPC_COM_MENU '1';
2019-06-26 17:46:39 EXEC SPC_p004_LST1 '1';
2019-06-26 17:46:39 SQLSTATE[42S22]: [Microsoft][ODBC Driver 17 for SQL Server][SQL Server]列名 'explain' が無効です。
2019-06-26 17:53:27 EXEC SPC_COM_MENU '1';
2019-06-26 17:53:27 EXEC SPC_COM_MENU '1';
2019-06-26 17:53:27 EXEC SPC_p004_LST1 '6';
2019-06-26 17:53:27 SQLSTATE[21S01]: [Microsoft][ODBC Driver 17 for SQL Server][SQL Server]列名または指定された値の数がテーブルの定義と一致しません。
2019-06-26 17:54:13 EXEC SPC_COM_MENU '1';
2019-06-26 17:54:14 EXEC SPC_COM_MENU '1';
2019-06-26 17:54:14 EXEC SPC_p004_LST1 '6';
2019-06-26 17:54:33 EXEC SPC_COM_MENU '1';
2019-06-26 17:54:34 EXEC SPC_COM_MENU '1';
2019-06-26 17:54:34 EXEC SPC_p004_LST1 '3';
