2019-02-15 01:47:06 EXEC SPC_COM_DATA '','','';
2019-02-15 01:47:15 EXEC SPC_COM_DATA '','','';
2019-02-15 01:47:15 EXEC SPC_VOCABULARY_LST1 '','','','';
2019-02-15 01:47:15 EXEC SPC_COM_DATA '','','';
2019-02-15 01:47:15 EXEC SPC_VOCABULARY_LST2 '2','1','';
2019-02-15 01:47:19 EXEC SPC_COM_DATA '','','';
2019-02-15 01:47:19 EXEC SPC_READING_LST1 '','','2','1';
2019-02-15 01:47:20 EXEC SPC_COM_DATA '','','';
2019-02-15 01:47:20 EXEC SPC_READING_LST2 '12','14','';
2019-02-15 01:47:22 EXEC SPC_COM_DATA '','','';
2019-02-15 01:47:22 EXEC SPC_WRITING_LST1 '','','12','14';
2019-02-15 01:47:23 EXEC SPC_COM_DATA '','','';
2019-02-15 01:47:23 EXEC SPC_COMMON_GET_SUGGEST
2019-02-15 01:47:23 EXEC SPC_COM_DATA '','','';
2019-02-15 01:47:23 EXEC SPC_WRITING_LST2 '9','10','';
2019-02-15 01:47:27 EXEC SPC_COM_DATA '','','';
2019-02-15 01:47:27 EXEC SPC_READING_LST1 '','','9','10';
2019-02-15 01:47:28 EXEC SPC_COM_DATA '','','';
2019-02-15 01:47:28 EXEC SPC_READING_LST2 '12','14','';
2019-02-15 01:47:29 EXEC SPC_COM_DATA '','','';
2019-02-15 01:47:29 EXEC SPC_SOCIAL_LST1 '','';
2019-02-15 01:47:30 EXEC SPC_COM_DATA '','','';
2019-02-15 01:47:30 EXEC SPC_SOCIAL_LST2 '','1','','';
2019-02-15 01:47:32 EXEC SPC_COM_DATA '','','';
2019-02-15 01:47:32 EXEC SPC_READING_LST1 '','','12','14';
2019-02-15 01:47:32 EXEC SPC_COM_DATA '','','';
2019-02-15 01:47:32 EXEC SPC_READING_LST2 '12','14','';
2019-02-15 01:47:33 EXEC SPC_COM_DATA '','','';
2019-02-15 01:47:33 EXEC SPC_WRITING_LST1 '','','12','14';
2019-02-15 01:47:33 EXEC SPC_COM_DATA '','','';
2019-02-15 01:47:33 EXEC SPC_COMMON_GET_SUGGEST
2019-02-15 01:47:33 EXEC SPC_COM_DATA '','','';
2019-02-15 01:47:33 EXEC SPC_WRITING_LST2 '9','10','';
2019-02-15 01:47:34 EXEC SPC_COM_DATA '','','';
2019-02-15 01:47:34 EXEC SPC_READING_LST1 '','','9','10';
2019-02-15 01:47:35 EXEC SPC_COM_DATA '','','';
2019-02-15 01:47:35 EXEC SPC_READING_LST2 '12','14','';
2019-02-15 01:47:36 EXEC SPC_COM_DATA '','','';
2019-02-15 01:47:36 EXEC SPC_DISCUSS_LST1 '','';
2019-02-15 01:47:36 EXEC SPC_COM_DATA '','','';
2019-02-15 01:47:36 EXEC SPC_DISCUSS_LST2 '','1','','';
2019-02-15 01:47:42 EXEC SPC_COM_DATA '','','';
2019-02-15 01:47:42 EXEC SPC_DISCUSS_ACT2 '1045','','127.0.0.1';
2019-02-15 01:47:49 EXEC SPC_COMMON_ACCOUNT '2','1';
2019-02-15 01:47:49 EXEC SPC_COM_DATA 'khoai','2','1';
2019-02-15 01:47:49 EXEC SPC_DISCUSS_LST1 '1045','khoai';
2019-02-15 01:47:50 EXEC SPC_COM_DATA 'khoai','2','1';
2019-02-15 01:47:50 EXEC SPC_DISCUSS_LST2 '1045','1','','khoai';
2019-02-15 01:47:55 EXEC SPC_COM_DATA 'khoai','2','1';
2019-02-15 01:47:55 EXEC SPC_DISCUSS_LST1 '1045','khoai';
2019-02-15 01:47:55 EXEC SPC_COM_DATA 'khoai','2','1';
2019-02-15 01:47:55 EXEC SPC_DISCUSS_LST2 '1045','1','','khoai';
2019-02-15 01:48:01 EXEC SPC_COM_DATA 'khoai','2','1';
2019-02-15 01:48:01 EXEC SPC_DISCUSS_ACT2 '1045','khoai','127.0.0.1';
2019-02-15 01:48:01 EXEC SPC_COM_DATA 'khoai','2','1';
2019-02-15 01:48:01 EXEC SPC_DISCUSS_LST1 '50','khoai';
2019-02-15 01:48:01 EXEC SPC_COM_DATA 'khoai','2','1';
2019-02-15 01:48:01 EXEC SPC_DISCUSS_LST2 '50','1','','khoai';
2019-02-15 01:48:08 EXEC SPC_COM_DATA 'khoai','2','1';
2019-02-15 01:48:08 EXEC SPC_DISCUSS_ACT2 '50','khoai','127.0.0.1';
2019-02-15 02:16:48 EXEC SPC_COM_DATA 'khoai','2','1';
2019-02-15 02:16:48 EXEC SPC_DICTIONARY_LST1 '','khoai';
2019-02-15 02:16:49 EXEC SPC_COM_DATA 'khoai','2','1';
2019-02-15 02:16:49 EXEC SPC_DISCUSS_LST1 '','khoai';
2019-02-15 02:16:50 EXEC SPC_COM_DATA 'khoai','2','1';
2019-02-15 02:16:50 EXEC SPC_DISCUSS_LST2 '','1','','khoai';
2019-02-15 02:16:56 EXEC SPC_COM_DATA 'khoai','2','1';
2019-02-15 02:16:56 EXEC SPC_DISCUSS_ACT2 '50','khoai','127.0.0.1';
2019-02-15 02:17:06 EXEC SPC_COM_DATA 'khoai','2','1';
2019-02-15 02:17:06 EXEC SPC_COM_ADD_QUESTION '49','ăn quả nhớ kẻ trồng cây','<p>sao m&eacute;o c&oacute; c&aacute;i g&igrave; thế n&agrave;y?</p>','<row tag_id="1086" is_new="0" />','khoai','127.0.0.1';
2019-02-15 02:17:08 EXEC SPC_COM_DATA 'khoai','2','1';
2019-02-15 02:17:08 EXEC SPC_DISCUSS_LST1 '49','khoai';
2019-02-15 02:17:09 EXEC SPC_COM_DATA 'khoai','2','1';
2019-02-15 02:17:09 EXEC SPC_DISCUSS_LST2 '49','1','','khoai';
2019-02-15 02:17:14 EXEC SPC_COM_DATA 'khoai','2','1';
2019-02-15 02:17:14 EXEC SPC_DISCUSS_ACT2 '49','khoai','127.0.0.1';
2019-02-15 02:18:37 EXEC SPC_COM_DATA 'khoai','2','1';
2019-02-15 02:18:39 EXEC SPC_COM_DATA 'khoai','2','1';
2019-02-15 02:18:39 EXEC SPC_TRANSLATION_LST1 '','khoai';
2019-02-15 02:22:57 EXEC SPC_COM_DATA 'khoai','2','1';
2019-02-15 02:22:57 EXEC SPC_DISCUSS_LST1 '49','khoai';
2019-02-15 02:22:58 EXEC SPC_COM_DATA 'khoai','2','1';
2019-02-15 02:22:58 EXEC SPC_DISCUSS_LST2 '49','1','','khoai';
2019-02-15 02:23:04 EXEC SPC_COM_DATA 'khoai','2','1';
2019-02-15 02:23:04 EXEC SPC_DISCUSS_ACT2 '49','khoai','127.0.0.1';
2019-02-15 02:23:58 EXEC SPC_COM_DATA 'khoai','2','1';
2019-02-15 02:23:58 EXEC SPC_DISCUSS_LST1 '49','khoai';
2019-02-15 02:23:59 EXEC SPC_COM_DATA 'khoai','2','1';
2019-02-15 02:23:59 EXEC SPC_DISCUSS_LST2 '49','1','','khoai';
2019-02-15 02:24:05 EXEC SPC_COM_DATA 'khoai','2','1';
2019-02-15 02:24:05 EXEC SPC_DISCUSS_ACT2 '49','khoai','127.0.0.1';
2019-02-15 02:24:32 EXEC SPC_COM_DATA 'khoai','2','1';
2019-02-15 02:24:32 EXEC SPC_DISCUSS_LST1 '49','khoai';
2019-02-15 02:24:33 EXEC SPC_COM_DATA 'khoai','2','1';
2019-02-15 02:24:33 EXEC SPC_DISCUSS_LST2 '49','1','','khoai';
2019-02-15 02:24:39 EXEC SPC_COM_DATA 'khoai','2','1';
2019-02-15 02:24:39 EXEC SPC_DISCUSS_ACT2 '49','khoai','127.0.0.1';
2019-02-15 02:25:12 EXEC SPC_COM_DATA 'khoai','2','1';
2019-02-15 02:25:12 EXEC SPC_DISCUSS_LST1 '49','khoai';
2019-02-15 02:25:13 EXEC SPC_COM_DATA 'khoai','2','1';
2019-02-15 02:25:13 EXEC SPC_DISCUSS_LST2 '49','1','','khoai';
2019-02-15 02:25:19 EXEC SPC_COM_DATA 'khoai','2','1';
2019-02-15 02:25:19 EXEC SPC_DISCUSS_ACT2 '49','khoai','127.0.0.1';
2019-02-15 02:26:25 EXEC SPC_COM_DATA 'khoai','2','1';
2019-02-15 02:26:25 EXEC SPC_DISCUSS_LST1 '49','khoai';
2019-02-15 02:26:26 EXEC SPC_COM_DATA 'khoai','2','1';
2019-02-15 02:26:26 EXEC SPC_DISCUSS_LST2 '49','1','','khoai';
2019-02-15 02:26:32 EXEC SPC_COM_DATA 'khoai','2','1';
2019-02-15 02:26:32 EXEC SPC_DISCUSS_ACT2 '49','khoai','127.0.0.1';
2019-02-15 02:27:15 EXEC SPC_COM_DATA 'khoai','2','1';
2019-02-15 02:27:15 EXEC SPC_DISCUSS_LST1 '49','khoai';
2019-02-15 02:27:15 EXEC SPC_COM_DATA 'khoai','2','1';
2019-02-15 02:27:16 EXEC SPC_DISCUSS_LST2 '49','1','','khoai';
2019-02-15 02:27:21 EXEC SPC_COM_DATA 'khoai','2','1';
2019-02-15 02:27:21 EXEC SPC_DISCUSS_ACT2 '49','khoai','127.0.0.1';
2019-02-15 02:28:39 EXEC SPC_COM_DATA 'khoai','2','1';
2019-02-15 02:28:40 EXEC SPC_COM_DATA 'khoai','2','1';
2019-02-15 02:28:40 EXEC SPC_TRANSLATION_LST1 '','khoai';
2019-02-15 02:28:42 EXEC SPC_COM_DATA 'khoai','2','1';
2019-02-15 02:28:42 EXEC SPC_DISCUSS_LST1 '49','khoai';
2019-02-15 02:28:43 EXEC SPC_COM_DATA 'khoai','2','1';
2019-02-15 02:28:43 EXEC SPC_DISCUSS_LST2 '49','1','','khoai';
2019-02-15 02:28:48 EXEC SPC_COM_DATA 'khoai','2','1';
2019-02-15 02:28:48 EXEC SPC_DISCUSS_ACT2 '49','khoai','127.0.0.1';
2019-02-15 02:29:36 EXEC SPC_COM_DATA 'khoai','2','1';
2019-02-15 02:29:36 EXEC SPC_DISCUSS_LST1 '49','khoai';
2019-02-15 02:29:37 EXEC SPC_COM_DATA 'khoai','2','1';
2019-02-15 02:29:37 EXEC SPC_DISCUSS_LST2 '49','1','','khoai';
2019-02-15 02:29:43 EXEC SPC_COM_DATA 'khoai','2','1';
2019-02-15 02:29:43 EXEC SPC_DISCUSS_ACT2 '49','khoai','127.0.0.1';
2019-02-15 04:30:38 EXEC SPC_COM_DATA '','','';
2019-02-15 04:30:41 EXEC SPC_COM_DATA '','','';
2019-02-15 04:30:41 EXEC SPC_DISCUSS_LST1 '49','';
2019-02-15 04:30:42 EXEC SPC_COM_DATA '','','';
2019-02-15 04:30:42 EXEC SPC_DISCUSS_LST2 '49','1','','';
2019-02-15 04:30:48 EXEC SPC_COM_DATA '','','';
2019-02-15 04:30:48 EXEC SPC_DISCUSS_ACT2 '49','','127.0.0.1';
2019-02-15 04:30:53 EXEC SPC_COMMON_ACCOUNT '2','1';
2019-02-15 04:30:54 EXEC SPC_COM_DATA 'khoai','2','1';
2019-02-15 04:30:54 EXEC SPC_DISCUSS_LST1 '49','khoai';
2019-02-15 04:30:55 EXEC SPC_COM_DATA 'khoai','2','1';
2019-02-15 04:30:55 EXEC SPC_DISCUSS_LST2 '49','1','','khoai';
2019-02-15 04:31:00 EXEC SPC_COM_DATA 'khoai','2','1';
2019-02-15 04:31:00 EXEC SPC_DISCUSS_ACT2 '49','khoai','127.0.0.1';
2019-02-15 04:31:15 EXEC SPC_COM_DATA '','','';
2019-02-15 04:31:15 EXEC SPC_DISCUSS_LST1 '49','';
2019-02-15 04:31:17 EXEC SPC_COM_DATA '','','';
2019-02-15 04:31:17 EXEC SPC_DISCUSS_LST2 '49','1','','';
2019-02-15 04:31:22 EXEC SPC_COM_DATA '','','';
2019-02-15 04:31:22 EXEC SPC_DISCUSS_ACT2 '49','','127.0.0.1';
2019-02-15 04:32:06 EXEC SPC_COMMON_ACCOUNT '2','1';
2019-02-15 04:32:06 EXEC SPC_COM_DATA 'khoai','2','1';
2019-02-15 04:32:06 EXEC SPC_DISCUSS_LST1 '49','khoai';
2019-02-15 04:32:07 EXEC SPC_COM_DATA 'khoai','2','1';
2019-02-15 04:32:07 EXEC SPC_DISCUSS_LST2 '49','1','','khoai';
2019-02-15 04:32:12 EXEC SPC_COM_DATA 'khoai','2','1';
2019-02-15 04:32:12 EXEC SPC_DISCUSS_ACT2 '49','khoai','127.0.0.1';
2019-02-15 04:40:03 EXEC SPC_COM_DATA 'khoai','2','1';
2019-02-15 04:40:03 EXEC SPC_DISCUSS_LST2 '','1','<row tag_id="1086" />','khoai';
2019-02-15 04:40:13 EXEC SPC_COM_DATA 'khoai','2','1';
2019-02-15 04:40:13 EXEC SPC_DISCUSS_ACT2 '49','khoai','127.0.0.1';
2019-02-15 04:40:18 EXEC SPC_COM_DATA 'khoai','2','1';
2019-02-15 04:40:18 EXEC SPC_DISCUSS_ACT1 '1045','1','khoai','127.0.0.1';
2019-02-15 04:40:19 EXEC SPC_COM_DATA 'khoai','2','1';
2019-02-15 04:40:19 EXEC SPC_DISCUSS_ACT1 '1045','1','khoai','127.0.0.1';
2019-02-15 04:40:19 EXEC SPC_COM_DATA 'khoai','2','1';
2019-02-15 04:40:19 EXEC SPC_DISCUSS_ACT2 '1045','khoai','127.0.0.1';
2019-02-15 04:40:21 EXEC SPC_COM_DATA 'khoai','2','1';
2019-02-15 04:40:21 EXEC SPC_DISCUSS_LST1 '1045','khoai';
2019-02-15 04:40:22 EXEC SPC_COM_DATA 'khoai','2','1';
2019-02-15 04:40:22 EXEC SPC_DISCUSS_LST2 '1045','1','','khoai';
2019-02-15 04:40:28 EXEC SPC_COM_DATA 'khoai','2','1';
2019-02-15 04:40:28 EXEC SPC_DISCUSS_ACT2 '1045','khoai','127.0.0.1';
2019-02-15 04:42:35 EXEC SPC_COM_DATA 'khoai','2','1';
2019-02-15 04:42:35 EXEC SPC_DISCUSS_LST1 '1045','khoai';
2019-02-15 04:42:35 EXEC SPC_COM_DATA 'khoai','2','1';
2019-02-15 04:42:35 EXEC SPC_DISCUSS_LST2 '1045','1','','khoai';
2019-02-15 04:42:40 EXEC SPC_COM_DATA 'khoai','2','1';
2019-02-15 04:42:40 EXEC SPC_RELAX_LST1 '','khoai';
2019-02-15 04:42:41 EXEC SPC_COM_DATA 'khoai','2','1';
2019-02-15 04:42:41 EXEC SPC_DISCUSS_ACT2 '1045','khoai','127.0.0.1';
2019-02-15 04:42:43 EXEC SPC_COM_DATA 'khoai','2','1';
2019-02-15 04:42:43 EXEC SPC_RELAX_LST2 '','1','1','1','0','','khoai';
2019-02-15 04:42:48 EXEC SPC_COM_DATA 'khoai','2','1';
2019-02-15 04:42:48 EXEC SPC_RELAX_ACT2 '46','khoai','127.0.0.1';
2019-02-15 04:42:52 EXEC SPC_COM_DATA 'khoai','2','1';
2019-02-15 04:42:52 EXEC SPC_RELAX_LST1 '40','khoai';
2019-02-15 04:42:53 EXEC SPC_COM_DATA 'khoai','2','1';
2019-02-15 04:42:53 EXEC SPC_RELAX_LST2 '40','1','1','1','0','','khoai';
2019-02-15 04:42:56 EXEC SPC_COM_DATA 'khoai','2','1';
2019-02-15 04:42:56 EXEC SPC_RELAX_LST1 '','khoai';
2019-02-15 04:42:57 EXEC SPC_COM_DATA 'khoai','2','1';
2019-02-15 04:42:57 EXEC SPC_RELAX_LST2 '','1','1','1','0','','khoai';
2019-02-15 04:43:02 EXEC SPC_COM_DATA 'khoai','2','1';
2019-02-15 04:43:02 EXEC SPC_RELAX_ACT2 '46','khoai','127.0.0.1';
2019-02-15 05:27:07 EXEC SPC_COM_DATA 'khoai','2','1';
2019-02-15 05:27:07 EXEC SPC_RELAX_LST1 '46','khoai';
2019-02-15 05:27:08 EXEC SPC_COM_DATA 'khoai','2','1';
2019-02-15 05:27:08 EXEC SPC_RELAX_LST2 '46','1','1','1','0','','khoai';
2019-02-15 05:27:14 EXEC SPC_COM_DATA 'khoai','2','1';
2019-02-15 05:27:14 EXEC SPC_RELAX_ACT2 '46','khoai','127.0.0.1';
2019-02-15 06:00:57 EXEC SPC_COM_DATA 'khoai','2','1';
2019-02-15 06:00:57 EXEC SPC_RELAX_LST1 '46','khoai';
2019-02-15 06:00:59 EXEC SPC_COM_DATA 'khoai','2','1';
2019-02-15 06:00:59 EXEC SPC_RELAX_LST2 '46','1','1','1','0','','khoai';
2019-02-15 06:01:04 EXEC SPC_COM_DATA 'khoai','2','1';
2019-02-15 06:01:04 EXEC SPC_RELAX_ACT2 '46','khoai','127.0.0.1';
2019-02-15 06:04:55 EXEC SPC_COM_DATA 'khoai','2','1';
2019-02-15 06:04:55 EXEC SPC_DISCUSS_LST1 '','khoai';
2019-02-15 06:04:56 EXEC SPC_COM_DATA 'khoai','2','1';
2019-02-15 06:04:56 EXEC SPC_DISCUSS_LST2 '','1','','khoai';
2019-02-15 06:05:01 EXEC SPC_COM_DATA 'khoai','2','1';
2019-02-15 06:05:01 EXEC SPC_DISCUSS_ACT2 '1045','khoai','127.0.0.1';
2019-02-15 06:10:46 EXEC SPC_COM_DATA 'khoai','2','1';
2019-02-15 06:10:46 EXEC SPC_DISCUSS_LST1 '1045','khoai';
2019-02-15 06:10:47 EXEC SPC_COM_DATA 'khoai','2','1';
2019-02-15 06:10:47 EXEC SPC_DISCUSS_LST2 '1045','1','','khoai';
2019-02-15 06:10:53 EXEC SPC_COM_DATA 'khoai','2','1';
2019-02-15 06:10:53 EXEC SPC_DISCUSS_ACT2 '1045','khoai','127.0.0.1';
2019-02-15 06:14:05 EXEC SPC_COM_DATA 'khoai','2','1';
2019-02-15 06:14:05 EXEC SPC_DISCUSS_LST1 '52','khoai';
2019-02-15 06:14:05 EXEC SPC_COM_DATA 'khoai','2','1';
2019-02-15 06:14:05 EXEC SPC_DISCUSS_LST2 '52','1','','khoai';
2019-02-15 06:14:10 EXEC SPC_COM_DATA 'khoai','2','1';
2019-02-15 06:14:11 EXEC SPC_DISCUSS_ACT2 '52','khoai','127.0.0.1';
2019-02-15 06:16:07 EXEC SPC_COM_DATA 'khoai','2','1';
2019-02-15 06:16:07 EXEC SPC_COM_ADD_QUESTION '1046','đi đâu quẩy tết','<pre>
+-----------+---------------+----------------+--------------+
| LastName  |  DepartmentID | DepartmentName | DepartmentID |
+-----------+---------------+----------------+--------------+
| Smith     |            34 | Sales          |           31 |
| Smith     |            34 | Engineering    |           33 |
| Smith     |            34 | Clerical       |           34 |
| Smith     |            34 | Marketing      |           35 |
| Jones     |            33 | Sales          |           31 |
| Jones     |            33 | Engineering    |           33 |
| Jones     |            33 | Clerical       |           34 |
| Jones     |            33 | Marketing      |           35 |
| Robinson  |            34 | Sales          |           31 |
| Robinson  |            34 | Engineering    |           33 |
| Robinson  |            34 | Clerical       |           34 |
| Robinson  |            34 | Marketing      |           35 |
| Jasper    |            36 | Sales          |           31 |
| Jasper    |            36 | Engineering    |           33 |
| Jasper    |            36 | Clerical       |           34 |
| Jasper    |            36 | Marketing      |           35 |
| Steinberg |            33 | Sales          |           31 |
| Steinberg |            33 | Engineering    |           33 |
| Steinberg |            33 | Clerical       |           34 |
| Steinberg |            33 | Marketing      |           35 |
| Rafferty  |            31 | Sales          |           31 |
| Rafferty  |            31 | Engineering    |           33 |
| Rafferty  |            31 | Clerical       |           34 |
| Rafferty  |            31 | Marketing      |           35 |
+-----------+---------------+----------------+--------------+</pre>','<row tag_id="1088" is_new="0" /><row tag_id="1089" is_new="0" /><row tag_id="2084" is_new="0" /><row tag_id="2088" is_new="0" />','khoai','127.0.0.1';
2019-02-15 06:16:11 EXEC SPC_COM_DATA 'khoai','2','1';
2019-02-15 06:16:11 EXEC SPC_DISCUSS_LST2 '','2','','khoai';
2019-02-15 06:16:16 EXEC SPC_COM_DATA 'khoai','2','1';
2019-02-15 06:16:16 EXEC SPC_DISCUSS_ACT2 '1046','khoai','127.0.0.1';
2019-02-15 06:18:33 EXEC SPC_COM_DATA 'khoai','2','1';
2019-02-15 06:18:33 EXEC SPC_DISCUSS_LST1 '1046','khoai';
2019-02-15 06:18:55 EXEC SPC_COM_DATA 'khoai','2','1';
2019-02-15 06:18:55 EXEC SPC_DISCUSS_LST1 '1046','khoai';
2019-02-15 06:18:55 EXEC SPC_COM_DATA 'khoai','2','1';
2019-02-15 06:18:55 EXEC SPC_DISCUSS_LST2 '1046','1','','khoai';
2019-02-15 06:19:06 EXEC SPC_COM_DATA 'khoai','2','1';
2019-02-15 06:19:06 EXEC SPC_COM_ADD_QUESTION '49','ăn quả nhớ kẻ trồng cây','<p>sao m&eacute;o c&oacute; c&aacute;i g&igrave; thế n&agrave;y?</p>','<row tag_id="1086" is_new="0" />','khoai','127.0.0.1';
2019-02-15 06:19:09 EXEC SPC_COM_DATA 'khoai','2','1';
2019-02-15 06:19:09 EXEC SPC_DISCUSS_LST2 '','2','','khoai';
2019-02-15 06:19:14 EXEC SPC_COM_DATA 'khoai','2','1';
2019-02-15 06:19:14 EXEC SPC_DISCUSS_ACT2 '49','khoai','127.0.0.1';
2019-02-15 06:19:23 EXEC SPC_COM_DATA 'khoai','2','1';
2019-02-15 06:19:23 EXEC SPC_COM_ADD_QUESTION '49','ăn quả nhớ kẻ trồng cây','<p>sao m&eacute;o c&oacute; c&aacute;i g&igrave; thế n&agrave;y?</p>','<row tag_id="1086" is_new="0" />','khoai','127.0.0.1';
2019-02-15 06:19:25 EXEC SPC_COM_DATA 'khoai','2','1';
2019-02-15 06:19:25 EXEC SPC_DISCUSS_LST1 '49','khoai';
2019-02-15 06:19:25 EXEC SPC_COM_DATA 'khoai','2','1';
2019-02-15 06:19:25 EXEC SPC_DISCUSS_LST2 '49','1','','khoai';
2019-02-15 06:19:31 EXEC SPC_COM_DATA 'khoai','2','1';
2019-02-15 06:19:31 EXEC SPC_DISCUSS_ACT2 '49','khoai','127.0.0.1';
2019-02-15 06:21:35 EXEC SPC_COM_DATA 'khoai','2','1';
2019-02-15 06:21:35 EXEC SPC_DISCUSS_LST1 '1054','khoai';
2019-02-15 06:21:36 EXEC SPC_COM_DATA 'khoai','2','1';
2019-02-15 06:21:36 EXEC SPC_DISCUSS_LST2 '1054','1','','khoai';
2019-02-15 06:21:37 EXEC SPC_COM_DATA 'khoai','2','1';
2019-02-15 06:21:37 EXEC SPC_DISCUSS_LST1 '51','khoai';
2019-02-15 06:21:38 EXEC SPC_COM_DATA 'khoai','2','1';
2019-02-15 06:21:38 EXEC SPC_DISCUSS_LST2 '51','1','','khoai';
2019-02-15 06:21:40 EXEC SPC_COM_DATA 'khoai','2','1';
2019-02-15 06:21:40 EXEC SPC_DISCUSS_LST1 '49','khoai';
2019-02-15 06:21:41 EXEC SPC_COM_DATA 'khoai','2','1';
2019-02-15 06:21:41 EXEC SPC_DISCUSS_LST2 '49','1','','khoai';
2019-02-15 06:21:42 EXEC SPC_COM_DATA 'khoai','2','1';
2019-02-15 06:21:42 EXEC SPC_DISCUSS_LST1 '50','khoai';
2019-02-15 06:21:43 EXEC SPC_COM_DATA 'khoai','2','1';
2019-02-15 06:21:43 EXEC SPC_DISCUSS_LST2 '50','1','','khoai';
2019-02-15 06:21:48 EXEC SPC_COM_DATA 'khoai','2','1';
2019-02-15 06:21:48 EXEC SPC_DISCUSS_ACT2 '50','khoai','127.0.0.1';
2019-02-15 06:51:00 EXEC SPC_COM_DATA 'khoai','2','1';
2019-02-15 06:51:00 EXEC SPC_WRITING_LST1 '','khoai','','';
2019-02-15 06:51:01 EXEC SPC_COM_DATA 'khoai','2','1';
2019-02-15 06:51:01 EXEC SPC_COMMON_GET_SUGGEST
2019-02-15 06:51:01 EXEC SPC_COM_DATA 'khoai','2','1';
2019-02-15 06:51:01 EXEC SPC_WRITING_LST2 '9','10','khoai';
2019-02-15 07:05:04 EXEC SPC_COM_DATA 'khoai','2','1';
2019-02-15 07:05:04 EXEC SPC_WRITING_LST1 '21','khoai','9','10';
2019-02-15 07:05:05 EXEC SPC_COM_DATA 'khoai','2','1';
2019-02-15 07:05:05 EXEC SPC_COMMON_GET_SUGGEST
2019-02-15 07:05:15 EXEC SPC_COM_DATA 'khoai','2','1';
2019-02-15 07:05:15 EXEC SPC_WRITING_LST1 '21','khoai','9','10';
2019-02-15 07:05:16 EXEC SPC_COM_DATA 'khoai','2','1';
2019-02-15 07:05:16 EXEC SPC_COMMON_GET_SUGGEST
2019-02-15 07:05:25 EXEC SPC_COM_DATA 'khoai','2','1';
2019-02-15 07:05:25 EXEC SPC_READING_LST1 '','khoai','9','10';
2019-02-15 07:05:26 EXEC SPC_COM_DATA 'khoai','2','1';
2019-02-15 07:05:26 EXEC SPC_READING_LST2 '12','14','khoai';
2019-02-15 07:05:27 EXEC SPC_COM_DATA 'khoai','2','1';
2019-02-15 07:05:27 EXEC SPC_WRITING_LST1 '','khoai','12','14';
2019-02-15 07:05:28 EXEC SPC_COM_DATA 'khoai','2','1';
2019-02-15 07:05:28 EXEC SPC_COMMON_GET_SUGGEST
2019-02-15 07:05:28 EXEC SPC_COM_DATA 'khoai','2','1';
2019-02-15 07:05:28 EXEC SPC_WRITING_LST2 '9','10','khoai';
2019-02-15 07:06:04 EXEC SPC_COM_DATA 'khoai','2','1';
2019-02-15 07:06:04 EXEC SPC_COM_DELETE_POST '19','khoai','127.0.0.1';
2019-02-15 07:12:42 EXEC SPC_COM_DATA 'khoai','2','1';
2019-02-15 07:12:42 EXEC SPC_DISCUSS_LST1 '','khoai';
2019-02-15 07:12:42 EXEC SPC_COM_DATA 'khoai','2','1';
2019-02-15 07:12:42 EXEC SPC_DISCUSS_LST2 '','1','','khoai';
2019-02-15 07:12:48 EXEC SPC_COM_DATA 'khoai','2','1';
2019-02-15 07:12:48 EXEC SPC_DISCUSS_ACT2 '50','khoai','127.0.0.1';
2019-02-15 07:17:24 EXEC SPC_COM_DATA 'khoai','2','1';
2019-02-15 07:17:24 EXEC SPC_DISCUSS_LST1 '50','khoai';
2019-02-15 07:17:25 EXEC SPC_COM_DATA 'khoai','2','1';
2019-02-15 07:17:25 EXEC SPC_DISCUSS_LST2 '50','1','','khoai';
2019-02-15 07:17:30 EXEC SPC_COM_DATA 'khoai','2','1';
2019-02-15 07:17:30 EXEC SPC_DISCUSS_ACT2 '50','khoai','127.0.0.1';
2019-02-15 07:17:32 EXEC SPC_COM_DATA 'khoai','2','1';
2019-02-15 07:17:32 EXEC SPC_COM_DELETE_POST '48','khoai','127.0.0.1';
2019-02-15 07:18:15 EXEC SPC_COM_DATA 'khoai','2','1';
2019-02-15 07:18:15 EXEC SPC_DISCUSS_LST1 '50','khoai';
2019-02-15 07:18:16 EXEC SPC_COM_DATA 'khoai','2','1';
2019-02-15 07:18:16 EXEC SPC_DISCUSS_LST2 '50','1','','khoai';
2019-02-15 07:18:21 EXEC SPC_COM_DATA 'khoai','2','1';
2019-02-15 07:18:21 EXEC SPC_DISCUSS_ACT2 '50','khoai','127.0.0.1';
2019-02-15 07:18:27 EXEC SPC_COM_DATA 'khoai','2','1';
2019-02-15 07:18:27 EXEC SPC_COM_DELETE_POST '1054','khoai','127.0.0.1';
2019-02-15 07:21:43 EXEC SPC_COM_DATA 'khoai','2','1';
2019-02-15 07:21:43 EXEC SPC_COM_DELETE_POST '1056','khoai','127.0.0.1';
2019-02-15 07:21:58 EXEC SPC_COM_DATA 'khoai','2','1';
2019-02-15 07:21:58 EXEC SPC_DISCUSS_LST1 '1054','khoai';
2019-02-15 07:22:01 EXEC SPC_COM_DATA 'khoai','2','1';
2019-02-15 07:22:01 EXEC SPC_DISCUSS_LST1 '1053','khoai';
2019-02-15 07:22:12 EXEC SPC_COM_DATA 'khoai','2','1';
2019-02-15 07:22:12 EXEC SPC_DISCUSS_LST1 '','khoai';
2019-02-15 07:22:13 EXEC SPC_COM_DATA 'khoai','2','1';
2019-02-15 07:22:13 EXEC SPC_DISCUSS_LST2 '','1','','khoai';
2019-02-15 07:22:15 EXEC SPC_COM_DATA 'khoai','2','1';
2019-02-15 07:22:15 EXEC SPC_DISCUSS_LST1 '','khoai';
2019-02-15 07:22:15 EXEC SPC_COM_DATA 'khoai','2','1';
2019-02-15 07:22:15 EXEC SPC_DISCUSS_LST2 '','1','','khoai';
2019-02-15 07:22:21 EXEC SPC_COM_DATA 'khoai','2','1';
2019-02-15 07:22:21 EXEC SPC_DISCUSS_ACT2 '50','khoai','127.0.0.1';
2019-02-15 07:23:33 EXEC SPC_COM_DATA 'khoai','2','1';
2019-02-15 07:23:33 EXEC SPC_DISCUSS_LST1 '50','khoai';
2019-02-15 07:23:34 EXEC SPC_COM_DATA 'khoai','2','1';
2019-02-15 07:23:34 EXEC SPC_DISCUSS_LST2 '50','1','','khoai';
2019-02-15 07:23:39 EXEC SPC_COM_DATA 'khoai','2','1';
2019-02-15 07:23:39 EXEC SPC_DISCUSS_ACT2 '50','khoai','127.0.0.1';
2019-02-15 07:30:52 EXEC SPC_COM_DATA 'khoai','2','1';
2019-02-15 07:30:52 EXEC SPC_DISCUSS_LST1 '','khoai';
2019-02-15 07:30:52 EXEC SPC_COM_DATA 'khoai','2','1';
2019-02-15 07:30:52 EXEC SPC_DISCUSS_LST2 '','1','','khoai';
2019-02-15 07:31:02 EXEC SPC_COM_DATA 'khoai','2','1';
2019-02-15 07:31:02 EXEC SPC_DISCUSS_ACT2 '54','khoai','127.0.0.1';
2019-02-15 07:31:22 EXEC SPC_COM_DATA 'khoai','2','1';
2019-02-15 07:31:22 EXEC SPC_DISCUSS_LST1 '','khoai';
2019-02-15 07:31:22 EXEC SPC_COM_DATA 'khoai','2','1';
2019-02-15 07:31:23 EXEC SPC_DISCUSS_LST2 '','1','','khoai';
2019-02-15 07:31:29 EXEC SPC_COM_DATA 'khoai','2','1';
2019-02-15 07:31:29 EXEC SPC_DISCUSS_ACT2 '54','khoai','127.0.0.1';
2019-02-15 07:36:10 EXEC SPC_COM_DATA 'khoai','2','1';
2019-02-15 07:36:10 EXEC SPC_RELAX_LST1 '','khoai';
2019-02-15 07:36:10 EXEC SPC_COM_DATA 'khoai','2','1';
2019-02-15 07:36:10 EXEC SPC_RELAX_LST2 '','1','1','1','0','','khoai';
2019-02-15 07:36:16 EXEC SPC_COM_DATA 'khoai','2','1';
2019-02-15 07:36:16 EXEC SPC_RELAX_ACT2 '46','khoai','127.0.0.1';
2019-02-15 07:41:26 EXEC SPC_COM_DATA 'khoai','2','1';
2019-02-15 07:41:26 EXEC SPC_RELAX_LST1 '','khoai';
2019-02-15 07:41:26 EXEC SPC_COM_DATA 'khoai','2','1';
2019-02-15 07:41:26 EXEC SPC_RELAX_LST2 '','1','1','1','0','','khoai';
2019-02-15 07:41:32 EXEC SPC_COM_DATA 'khoai','2','1';
2019-02-15 07:41:32 EXEC SPC_RELAX_ACT2 '46','khoai','127.0.0.1';
2019-02-15 07:41:38 EXEC SPC_COM_DATA 'khoai','2','1';
2019-02-15 07:41:38 EXEC SPC_RELAX_ACT2 '46','khoai','127.0.0.1';
2019-02-15 07:42:31 EXEC SPC_COM_DATA 'khoai','2','1';
2019-02-15 07:42:31 EXEC SPC_RELAX_LST1 '46','khoai';
2019-02-15 07:42:32 EXEC SPC_COM_DATA 'khoai','2','1';
2019-02-15 07:42:32 EXEC SPC_RELAX_LST2 '46','1','1','1','0','','khoai';
2019-02-15 07:42:33 EXEC SPC_COM_DATA 'khoai','2','1';
2019-02-15 07:42:33 EXEC SPC_RELAX_LST1 '','khoai';
2019-02-15 07:42:34 EXEC SPC_COM_DATA 'khoai','2','1';
2019-02-15 07:42:34 EXEC SPC_RELAX_LST2 '','1','1','1','0','','khoai';
2019-02-15 07:42:39 EXEC SPC_COM_DATA 'khoai','2','1';
2019-02-15 07:42:39 EXEC SPC_RELAX_ACT2 '46','khoai','127.0.0.1';
2019-02-15 07:46:45 EXEC SPC_COM_DATA 'khoai','2','1';
2019-02-15 07:46:45 EXEC SPC_RELAX_LST1 '46','khoai';
2019-02-15 07:46:46 EXEC SPC_COM_DATA 'khoai','2','1';
2019-02-15 07:46:46 EXEC SPC_RELAX_LST2 '46','1','1','1','0','','khoai';
2019-02-15 07:46:51 EXEC SPC_COM_DATA 'khoai','2','1';
2019-02-15 07:46:51 EXEC SPC_RELAX_ACT2 '46','khoai','127.0.0.1';
2019-02-15 07:47:21 EXEC SPC_COM_DATA 'khoai','2','1';
2019-02-15 07:47:21 EXEC SPC_RELAX_LST1 '46','khoai';
2019-02-15 07:47:22 EXEC SPC_COM_DATA 'khoai','2','1';
2019-02-15 07:47:22 EXEC SPC_RELAX_LST2 '46','1','1','1','0','','khoai';
2019-02-15 07:47:28 EXEC SPC_COM_DATA 'khoai','2','1';
2019-02-15 07:47:28 EXEC SPC_RELAX_ACT2 '46','khoai','127.0.0.1';
2019-02-15 07:49:12 EXEC SPC_COM_DATA 'khoai','2','1';
2019-02-15 07:49:12 EXEC SPC_RELAX_LST1 '46','khoai';
2019-02-15 07:49:13 EXEC SPC_COM_DATA 'khoai','2','1';
2019-02-15 07:49:13 EXEC SPC_RELAX_LST2 '46','1','1','1','0','','khoai';
2019-02-15 07:49:18 EXEC SPC_COM_DATA 'khoai','2','1';
2019-02-15 07:49:18 EXEC SPC_RELAX_ACT2 '46','khoai','127.0.0.1';
2019-02-15 07:50:34 EXEC SPC_COM_DATA 'khoai','2','1';
2019-02-15 07:50:34 EXEC SPC_RELAX_LST1 '46','khoai';
2019-02-15 07:50:34 EXEC SPC_COM_DATA 'khoai','2','1';
2019-02-15 07:50:35 EXEC SPC_RELAX_LST2 '46','1','1','1','0','','khoai';
2019-02-15 07:50:40 EXEC SPC_COM_DATA 'khoai','2','1';
2019-02-15 07:50:40 EXEC SPC_RELAX_ACT2 '46','khoai','127.0.0.1';
2019-02-15 07:51:30 EXEC SPC_COM_DATA 'khoai','2','1';
2019-02-15 07:51:30 EXEC SPC_RELAX_LST1 '46','khoai';
2019-02-15 07:51:31 EXEC SPC_COM_DATA 'khoai','2','1';
2019-02-15 07:51:31 EXEC SPC_RELAX_LST2 '46','1','1','1','0','','khoai';
2019-02-15 07:51:36 EXEC SPC_COM_DATA 'khoai','2','1';
2019-02-15 07:51:36 EXEC SPC_RELAX_ACT2 '46','khoai','127.0.0.1';
2019-02-15 07:51:52 EXEC SPC_COM_DATA 'khoai','2','1';
2019-02-15 07:51:52 EXEC SPC_RELAX_LST1 '46','khoai';
2019-02-15 07:51:53 EXEC SPC_COM_DATA 'khoai','2','1';
2019-02-15 07:51:53 EXEC SPC_RELAX_LST2 '46','1','1','1','0','','khoai';
2019-02-15 07:51:59 EXEC SPC_COM_DATA 'khoai','2','1';
2019-02-15 07:51:59 EXEC SPC_RELAX_ACT2 '46','khoai','127.0.0.1';
2019-02-15 08:02:39 EXEC SPC_COM_DATA 'khoai','2','1';
2019-02-15 08:02:39 EXEC SPC_RELAX_LST1 '46','khoai';
2019-02-15 08:02:40 EXEC SPC_COM_DATA 'khoai','2','1';
2019-02-15 08:02:40 EXEC SPC_RELAX_LST2 '46','1','1','1','0','','khoai';
2019-02-15 08:02:45 EXEC SPC_COM_DATA 'khoai','2','1';
2019-02-15 08:02:45 EXEC SPC_RELAX_ACT2 '46','khoai','127.0.0.1';
2019-02-15 08:12:11 EXEC SPC_COM_DATA 'khoai','2','1';
2019-02-15 08:12:11 EXEC SPC_RELAX_LST1 '46','khoai';
2019-02-15 08:12:12 EXEC SPC_COM_DATA 'khoai','2','1';
2019-02-15 08:12:12 EXEC SPC_RELAX_LST2 '46','1','1','1','0','','khoai';
2019-02-15 08:12:18 EXEC SPC_COM_DATA 'khoai','2','1';
2019-02-15 08:12:18 EXEC SPC_RELAX_ACT2 '46','khoai','127.0.0.1';
2019-02-15 08:13:42 EXEC SPC_COM_DATA 'khoai','2','1';
2019-02-15 08:13:42 EXEC SPC_RELAX_ACT2 '42','khoai','127.0.0.1';
2019-02-15 08:13:57 EXEC SPC_COM_DATA 'khoai','2','1';
2019-02-15 08:13:57 EXEC SPC_RELAX_ACT2 '46','khoai','127.0.0.1';
2019-02-15 08:14:41 EXEC SPC_COM_DATA 'khoai','2','1';
2019-02-15 08:14:41 EXEC SPC_RELAX_ACT2 '46','khoai','127.0.0.1';
2019-02-15 08:20:15 EXEC SPC_COM_DATA 'khoai','2','1';
2019-02-15 08:20:15 EXEC SPC_RELAX_LST1 '46','khoai';
2019-02-15 08:20:16 EXEC SPC_COM_DATA 'khoai','2','1';
2019-02-15 08:20:16 EXEC SPC_RELAX_LST2 '46','1','1','1','0','','khoai';
2019-02-15 08:20:21 EXEC SPC_COM_DATA 'khoai','2','1';
2019-02-15 08:20:21 EXEC SPC_RELAX_ACT2 '46','khoai','127.0.0.1';
2019-02-15 08:21:35 EXEC SPC_COM_DATA 'khoai','2','1';
2019-02-15 08:21:35 EXEC SPC_RELAX_LST1 '46','khoai';
2019-02-15 08:21:35 EXEC SPC_COM_DATA 'khoai','2','1';
2019-02-15 08:21:35 EXEC SPC_RELAX_LST2 '46','1','1','1','0','','khoai';
2019-02-15 08:21:41 EXEC SPC_COM_DATA 'khoai','2','1';
2019-02-15 08:21:41 EXEC SPC_RELAX_ACT2 '46','khoai','127.0.0.1';
2019-02-15 08:22:04 EXEC SPC_COM_DATA 'khoai','2','1';
2019-02-15 08:22:05 EXEC SPC_RELAX_LST1 '46','khoai';
2019-02-15 08:22:05 EXEC SPC_COM_DATA 'khoai','2','1';
2019-02-15 08:22:05 EXEC SPC_RELAX_LST2 '46','1','1','1','0','','khoai';
2019-02-15 08:22:11 EXEC SPC_COM_DATA 'khoai','2','1';
2019-02-15 08:22:11 EXEC SPC_RELAX_ACT2 '46','khoai','127.0.0.1';
2019-02-15 08:22:37 EXEC SPC_COM_DATA 'khoai','2','1';
2019-02-15 08:22:37 EXEC SPC_RELAX_LST1 '46','khoai';
2019-02-15 08:22:38 EXEC SPC_COM_DATA 'khoai','2','1';
2019-02-15 08:22:38 EXEC SPC_RELAX_LST2 '46','1','1','1','0','','khoai';
2019-02-15 08:22:43 EXEC SPC_COM_DATA 'khoai','2','1';
2019-02-15 08:22:43 EXEC SPC_RELAX_ACT2 '46','khoai','127.0.0.1';
2019-02-15 08:25:21 EXEC SPC_COM_DATA 'khoai','2','1';
2019-02-15 08:25:21 EXEC SPC_RELAX_LST1 '46','khoai';
2019-02-15 08:25:22 EXEC SPC_COM_DATA 'khoai','2','1';
2019-02-15 08:25:22 EXEC SPC_RELAX_LST2 '46','1','1','1','0','','khoai';
2019-02-15 08:25:27 EXEC SPC_COM_DATA 'khoai','2','1';
2019-02-15 08:25:27 EXEC SPC_RELAX_ACT2 '46','khoai','127.0.0.1';
2019-02-15 08:26:04 EXEC SPC_COM_DATA 'khoai','2','1';
2019-02-15 08:26:04 EXEC SPC_RELAX_LST1 '46','khoai';
2019-02-15 08:26:05 EXEC SPC_COM_DATA 'khoai','2','1';
2019-02-15 08:26:05 EXEC SPC_RELAX_LST2 '46','1','1','1','0','','khoai';
2019-02-15 08:26:10 EXEC SPC_COM_DATA 'khoai','2','1';
2019-02-15 08:26:10 EXEC SPC_RELAX_ACT2 '46','khoai','127.0.0.1';
2019-02-15 08:26:40 EXEC SPC_COM_DATA 'khoai','2','1';
2019-02-15 08:26:40 EXEC SPC_RELAX_LST1 '46','khoai';
2019-02-15 08:26:41 EXEC SPC_COM_DATA 'khoai','2','1';
2019-02-15 08:26:41 EXEC SPC_RELAX_LST2 '46','1','1','1','0','','khoai';
2019-02-15 08:26:46 EXEC SPC_COM_DATA 'khoai','2','1';
2019-02-15 08:26:46 EXEC SPC_RELAX_ACT2 '46','khoai','127.0.0.1';
2019-02-15 08:27:06 EXEC SPC_COM_DATA 'khoai','2','1';
2019-02-15 08:27:06 EXEC SPC_RELAX_LST1 '46','khoai';
2019-02-15 08:27:07 EXEC SPC_COM_DATA 'khoai','2','1';
2019-02-15 08:27:07 EXEC SPC_RELAX_LST2 '46','1','1','1','0','','khoai';
2019-02-15 08:27:13 EXEC SPC_COM_DATA 'khoai','2','1';
2019-02-15 08:27:13 EXEC SPC_RELAX_ACT2 '46','khoai','127.0.0.1';
2019-02-15 08:30:05 EXEC SPC_COM_DATA 'khoai','2','1';
2019-02-15 08:30:05 EXEC SPC_RELAX_ACT2 '43','khoai','127.0.0.1';
2019-02-15 08:35:09 EXEC SPC_COM_DATA 'khoai','2','1';
2019-02-15 08:35:09 EXEC SPC_RELAX_LST1 '43','khoai';
2019-02-15 08:35:10 EXEC SPC_COM_DATA 'khoai','2','1';
2019-02-15 08:35:10 EXEC SPC_RELAX_LST2 '43','1','1','1','0','','khoai';
2019-02-15 08:35:15 EXEC SPC_COM_DATA 'khoai','2','1';
2019-02-15 08:35:15 EXEC SPC_RELAX_ACT2 '43','khoai','127.0.0.1';
2019-02-15 08:36:12 EXEC SPC_COM_DATA 'khoai','2','1';
2019-02-15 08:36:12 EXEC SPC_RELAX_LST1 '43','khoai';
2019-02-15 08:36:13 EXEC SPC_COM_DATA 'khoai','2','1';
2019-02-15 08:36:13 EXEC SPC_RELAX_LST2 '43','1','1','1','0','','khoai';
2019-02-15 08:36:18 EXEC SPC_COM_DATA 'khoai','2','1';
2019-02-15 08:36:18 EXEC SPC_RELAX_ACT2 '43','khoai','127.0.0.1';
2019-02-15 08:36:57 EXEC SPC_COM_DATA 'khoai','2','1';
2019-02-15 08:36:57 EXEC SPC_RELAX_LST1 '43','khoai';
2019-02-15 08:36:58 EXEC SPC_COM_DATA 'khoai','2','1';
2019-02-15 08:36:58 EXEC SPC_RELAX_LST2 '43','1','1','1','0','','khoai';
2019-02-15 08:37:04 EXEC SPC_COM_DATA 'khoai','2','1';
2019-02-15 08:37:04 EXEC SPC_RELAX_ACT2 '43','khoai','127.0.0.1';
2019-02-15 08:37:36 EXEC SPC_COM_DATA 'khoai','2','1';
2019-02-15 08:37:36 EXEC SPC_RELAX_LST1 '43','khoai';
2019-02-15 08:37:37 EXEC SPC_COM_DATA 'khoai','2','1';
2019-02-15 08:37:37 EXEC SPC_RELAX_LST2 '43','1','1','1','0','','khoai';
2019-02-15 08:37:43 EXEC SPC_COM_DATA 'khoai','2','1';
2019-02-15 08:37:43 EXEC SPC_RELAX_ACT2 '43','khoai','127.0.0.1';
2019-02-15 08:38:03 EXEC SPC_COM_DATA 'khoai','2','1';
2019-02-15 08:38:03 EXEC SPC_RELAX_LST1 '43','khoai';
2019-02-15 08:38:04 EXEC SPC_COM_DATA 'khoai','2','1';
2019-02-15 08:38:04 EXEC SPC_RELAX_LST2 '43','1','1','1','0','','khoai';
2019-02-15 08:38:10 EXEC SPC_COM_DATA 'khoai','2','1';
2019-02-15 08:38:10 EXEC SPC_RELAX_ACT2 '43','khoai','127.0.0.1';
2019-02-15 08:38:22 EXEC SPC_COM_DATA 'khoai','2','1';
2019-02-15 08:38:22 EXEC SPC_RELAX_LST1 '43','khoai';
2019-02-15 08:38:23 EXEC SPC_COM_DATA 'khoai','2','1';
2019-02-15 08:38:23 EXEC SPC_RELAX_LST2 '43','1','1','1','0','','khoai';
2019-02-15 08:38:28 EXEC SPC_COM_DATA 'khoai','2','1';
2019-02-15 08:38:28 EXEC SPC_RELAX_ACT2 '43','khoai','127.0.0.1';
2019-02-15 08:39:08 EXEC SPC_COM_DATA 'khoai','2','1';
2019-02-15 08:39:08 EXEC SPC_RELAX_LST1 '43','khoai';
2019-02-15 08:39:09 EXEC SPC_COM_DATA 'khoai','2','1';
2019-02-15 08:39:09 EXEC SPC_RELAX_LST2 '43','1','1','1','0','','khoai';
2019-02-15 08:39:14 EXEC SPC_COM_DATA 'khoai','2','1';
2019-02-15 08:39:14 EXEC SPC_RELAX_ACT2 '43','khoai','127.0.0.1';
2019-02-15 08:42:47 EXEC SPC_COM_DATA 'khoai','2','1';
2019-02-15 08:42:47 EXEC SPC_RELAX_LST1 '43','khoai';
2019-02-15 08:42:48 EXEC SPC_COM_DATA 'khoai','2','1';
2019-02-15 08:42:48 EXEC SPC_RELAX_LST2 '43','1','1','1','0','','khoai';
2019-02-15 08:42:54 EXEC SPC_COM_DATA 'khoai','2','1';
2019-02-15 08:42:54 EXEC SPC_RELAX_ACT2 '43','khoai','127.0.0.1';
2019-02-15 08:43:38 EXEC SPC_COM_DATA 'khoai','2','1';
2019-02-15 08:43:38 EXEC SPC_RELAX_LST1 '43','khoai';
2019-02-15 08:43:39 EXEC SPC_COM_DATA 'khoai','2','1';
2019-02-15 08:43:39 EXEC SPC_RELAX_LST2 '43','1','1','1','0','','khoai';
2019-02-15 08:43:45 EXEC SPC_COM_DATA 'khoai','2','1';
2019-02-15 08:43:45 EXEC SPC_RELAX_ACT2 '43','khoai','127.0.0.1';
2019-02-15 08:45:04 EXEC SPC_COM_DATA 'khoai','2','1';
2019-02-15 08:45:04 EXEC SPC_RELAX_LST1 '43','khoai';
2019-02-15 08:45:05 EXEC SPC_COM_DATA 'khoai','2','1';
2019-02-15 08:45:05 EXEC SPC_RELAX_LST2 '43','1','1','1','0','','khoai';
2019-02-15 08:45:13 EXEC SPC_COM_DATA 'khoai','2','1';
2019-02-15 08:45:13 EXEC SPC_RELAX_ACT2 '46','khoai','127.0.0.1';
2019-02-15 08:47:49 EXEC SPC_COM_DATA 'khoai','2','1';
2019-02-15 08:47:49 EXEC SPC_RELAX_LST1 '46','khoai';
2019-02-15 08:47:50 EXEC SPC_COM_DATA 'khoai','2','1';
2019-02-15 08:47:50 EXEC SPC_RELAX_LST2 '46','1','1','1','0','','khoai';
2019-02-15 08:47:56 EXEC SPC_COM_DATA 'khoai','2','1';
2019-02-15 08:47:56 EXEC SPC_RELAX_ACT2 '46','khoai','127.0.0.1';
2019-02-15 08:50:37 EXEC SPC_COM_DATA 'khoai','2','1';
2019-02-15 08:50:37 EXEC SPC_RELAX_LST1 '46','khoai';
2019-02-15 08:50:37 EXEC SPC_COM_DATA 'khoai','2','1';
2019-02-15 08:50:37 EXEC SPC_RELAX_LST2 '46','1','1','1','0','','khoai';
2019-02-15 08:50:43 EXEC SPC_COM_DATA 'khoai','2','1';
2019-02-15 08:50:43 EXEC SPC_RELAX_ACT2 '46','khoai','127.0.0.1';
2019-02-15 08:52:55 EXEC SPC_COM_DATA 'khoai','2','1';
2019-02-15 08:52:55 EXEC SPC_RELAX_LST1 '46','khoai';
2019-02-15 08:52:56 EXEC SPC_COM_DATA 'khoai','2','1';
2019-02-15 08:52:56 EXEC SPC_RELAX_LST2 '46','1','1','1','0','','khoai';
2019-02-15 08:53:01 EXEC SPC_COM_DATA 'khoai','2','1';
2019-02-15 08:53:01 EXEC SPC_RELAX_ACT2 '46','khoai','127.0.0.1';
2019-02-15 08:53:12 EXEC SPC_COM_DATA 'khoai','2','1';
2019-02-15 08:53:12 EXEC SPC_COM_DELETE_POST '42','khoai','127.0.0.1';
2019-02-15 08:54:11 EXEC SPC_COM_DATA 'khoai','2','1';
2019-02-15 08:54:11 EXEC SPC_RELAX_LST1 '46','khoai';
2019-02-15 08:54:12 EXEC SPC_COM_DATA 'khoai','2','1';
2019-02-15 08:54:12 EXEC SPC_RELAX_LST2 '46','1','1','1','0','','khoai';
2019-02-15 08:54:17 EXEC SPC_COM_DATA 'khoai','2','1';
2019-02-15 08:54:17 EXEC SPC_RELAX_ACT2 '46','khoai','127.0.0.1';
2019-02-15 08:54:31 EXEC SPC_COM_DATA 'khoai','2','1';
2019-02-15 08:54:31 EXEC SPC_COM_DELETE_POST '43','khoai','127.0.0.1';
2019-02-15 08:54:32 EXEC SPC_COM_DATA 'khoai','2','1';
2019-02-15 08:54:32 EXEC SPC_RELAX_LST2 '','1','1','1','<row tag_id="69" /><row tag_id="70" /><row tag_id="72" />','0','khoai';
2019-02-15 08:54:38 EXEC SPC_COM_DATA 'khoai','2','1';
2019-02-15 08:54:38 EXEC SPC_RELAX_ACT2 '46','khoai','127.0.0.1';
2019-02-15 08:56:09 EXEC SPC_COM_DATA 'khoai','2','1';
2019-02-15 08:56:09 EXEC SPC_RELAX_LST1 '46','khoai';
2019-02-15 08:56:10 EXEC SPC_COM_DATA 'khoai','2','1';
2019-02-15 08:56:10 EXEC SPC_RELAX_LST2 '46','1','1','1','0','','khoai';
2019-02-15 08:56:15 EXEC SPC_COM_DATA 'khoai','2','1';
2019-02-15 08:56:15 EXEC SPC_RELAX_ACT2 '46','khoai','127.0.0.1';
2019-02-15 09:01:06 EXEC SPC_COM_DATA 'khoai','2','1';
2019-02-15 09:01:06 EXEC SPC_RELAX_LST1 '46','khoai';
2019-02-15 09:01:07 EXEC SPC_COM_DATA 'khoai','2','1';
2019-02-15 09:01:07 EXEC SPC_RELAX_LST2 '46','1','1','1','0','','khoai';
2019-02-15 09:01:08 EXEC SPC_COM_DATA 'khoai','2','1';
2019-02-15 09:01:08 EXEC SPC_RELAX_LST2 '','1','1','1','<row tag_id="69" /><row tag_id="70" /><row tag_id="72" />','0','khoai';
2019-02-15 09:01:10 EXEC SPC_COM_DATA 'khoai','2','1';
2019-02-15 09:01:10 EXEC SPC_RELAX_LST2 '','1','1','1','<row tag_id="69" /><row tag_id="70" /><row tag_id="72" />','0','khoai';
2019-02-15 09:01:15 EXEC SPC_COM_DATA 'khoai','2','1';
2019-02-15 09:01:15 EXEC SPC_RELAX_ACT2 '46','khoai','127.0.0.1';
2019-02-15 09:01:16 EXEC SPC_COM_DATA 'khoai','2','1';
2019-02-15 09:01:16 EXEC SPC_RELAX_LST2 '','1','1','1','<row tag_id="69" />','0','khoai';
2019-02-15 09:01:21 EXEC SPC_COM_DATA 'khoai','2','1';
2019-02-15 09:01:21 EXEC SPC_RELAX_ACT2 '46','khoai','127.0.0.1';
2019-02-15 09:01:28 EXEC SPC_COM_DATA 'khoai','2','1';
2019-02-15 09:01:28 EXEC SPC_RELAX_ACT2 '46','khoai','127.0.0.1';
