2019-07-08 13:13:51 EXEC SPC_COM_DATA '','','';
2019-07-08 13:14:04 EXEC SPC_COM_DATA '','','';
2019-07-08 13:14:04 EXEC SPC_VOCABULARY_LST1 '','','','';
2019-07-08 13:14:05 EXEC SPC_COM_DATA '','','';
2019-07-08 13:14:05 EXEC SPC_VOCABULARY_LST2 '4','4','';
2019-07-08 13:14:12 EXEC SPC_COM_DATA '','','';
2019-07-08 13:14:12 EXEC SPC_DICTIONARY_LST1 '20','';
2019-07-08 13:14:13 EXEC SPC_COM_DATA '','','';
2019-07-08 13:14:13 EXEC SPC_DICTIONARY_LST2 '"blister" copper','','::1';
2019-07-08 13:19:32 EXEC SPC_COM_DATA '','','';
2019-07-08 13:19:34 EXEC SPC_COM_DATA '','','';
2019-07-08 13:19:34 EXEC SPC_TRANSLATION_LST1 '','';
2019-07-08 13:19:38 EXEC SPC_COM_DATA '','','';
2019-07-08 13:19:39 EXEC SPC_COM_DATA '','','';
2019-07-08 13:19:40 EXEC SPC_COMMON_ACCOUNT '18','1';
2019-07-08 13:19:41 EXEC SPC_COM_DATA '14','2','1';
2019-07-08 13:19:42 EXEC SPC_COM_DATA '14','2','1';
2019-07-08 13:19:42 EXEC SPC_TRANSLATION_LST1 '','14';
2019-07-08 13:19:46 EXEC SPC_COM_DATA '14','2','1';
2019-07-08 13:19:50 EXEC SPC_COM_DATA '14','2','1';
2019-07-08 13:19:51 EXEC SPC_COM_DATA '14','2','1';
2019-07-08 13:19:51 EXEC SPC_COM_DATA '14','2','1';
2019-07-08 13:19:53 EXEC SPC_COM_DATA '14','2','1';
2019-07-08 13:19:55 EXEC SPC_COM_DATA '14','2','1';
2019-07-08 13:20:00 EXEC SPC_COM_DATA '14','2','1';
2019-07-08 13:20:03 EXEC SPC_COM_DATA '14','2','1';
2019-07-08 13:20:05 EXEC SPC_COM_DATA '14','2','1';
2019-07-08 13:20:06 EXEC SPC_COM_DATA '14','2','1';
2019-07-08 13:20:07 EXEC SPC_COM_DATA '14','2','1';
2019-07-08 13:20:08 EXEC SPC_COM_DATA '14','2','1';
2019-07-08 13:20:11 EXEC SPC_COM_DATA '14','2','1';
2019-07-08 13:20:12 EXEC SPC_COM_DATA '14','2','1';
2019-07-08 13:20:15 EXEC SPC_COM_DATA '14','2','1';
2019-07-08 13:20:18 EXEC SPC_COM_DATA '14','2','1';
2019-07-08 13:20:54 EXEC SPC_COM_DATA '14','2','1';
2019-07-08 13:20:54 EXEC SPC_DICTIONARY_LST1 '','14';
2019-07-08 13:20:56 EXEC SPC_COM_DATA '14','2','1';
2019-07-08 13:20:56 EXEC SPC_DICTIONARY_LST2 'Money','14','::1';
2019-07-08 13:20:56 EXEC SPC_COM_DATA '14','2','1';
2019-07-08 13:20:56 EXEC SPC_DICTIONARY_LST3 'Money';
2019-07-08 13:21:14 EXEC SPC_COM_DATA '14','2','1';
2019-07-08 13:21:14 EXEC SPC_COM_MENU '2';
2019-07-08 13:22:33 EXEC SPC_COMMON_ACCOUNT '1','2';
2019-07-08 13:22:34 EXEC SPC_COM_PERMISSION '1','2','v003';
2019-07-08 13:22:34 EXEC SPC_COM_MENU '1';
2019-07-08 13:22:35 EXEC SPC_COM_MENU '1';
2019-07-08 13:22:55 EXEC SPC_COM_PERMISSION '1','2','w001';
2019-07-08 13:22:55 EXEC SPC_COM_MENU '1';
2019-07-08 13:22:55 EXEC SPC_W001_LST1
2019-07-08 13:23:12 EXEC SPC_COM_MENU '1';
2019-07-08 13:23:12 EXEC SPC_COMMON_CATALORUE '10';
2019-07-08 13:23:14 EXEC SPC_COM_MENU '1';
2019-07-08 13:23:14 EXEC SPC_COMMON_CATALORUE '4';
2019-07-08 13:23:16 EXEC SPC_COM_MENU '1';
2019-07-08 13:23:16 EXEC SPC_COMMON_CATALORUE '7';
2019-07-08 13:23:17 EXEC SPC_COM_MENU '1';
2019-07-08 13:23:17 EXEC SPC_COMMON_CATALORUE '4';
2019-07-08 13:23:33 EXEC SPC_COM_MENU '1';
2019-07-08 13:23:33 EXEC SPC_COMMON_CATALORUE '1';
2019-07-08 13:23:35 EXEC SPC_COM_MENU '1';
2019-07-08 13:23:35 EXEC SPC_COMMON_CATALORUE '2';
2019-07-08 13:23:37 EXEC SPC_COM_MENU '1';
2019-07-08 13:23:37 EXEC SPC_COMMON_CATALORUE '4';
2019-07-08 13:23:38 EXEC SPC_COM_MENU '1';
2019-07-08 13:23:38 EXEC SPC_COMMON_GROUP '1';
2019-07-08 13:23:39 EXEC SPC_COM_MENU '1';
2019-07-08 13:23:39 EXEC SPC_COMMON_GROUP '6';
2019-07-08 13:23:41 EXEC SPC_COM_PERMISSION '1','2','w002';
2019-07-08 13:23:41 EXEC SPC_COM_MENU '1';
2019-07-08 13:23:41 EXEC SPC_W002_FND1
2019-07-08 13:23:47 EXEC SPC_COM_MENU '1';
2019-07-08 13:23:47 EXEC SPC_W002_LST2 '2';
2019-07-08 13:23:47 EXEC SPC_COM_MENU '1';
2019-07-08 13:23:47 EXEC SPC_COMMON_GROUP
2019-07-08 13:23:49 EXEC SPC_COM_MENU '1';
2019-07-08 13:23:49 EXEC SPC_W002_LST2 '6';
2019-07-08 13:23:51 EXEC SPC_COM_MENU '1';
2019-07-08 13:23:52 EXEC SPC_W002_LST2 '9';
2019-07-08 13:23:53 EXEC SPC_COM_MENU '1';
2019-07-08 13:23:53 EXEC SPC_W002_LST2 '7';
2019-07-08 13:23:54 EXEC SPC_COM_MENU '1';
2019-07-08 13:23:54 EXEC SPC_COMMON_GROUP
2019-07-08 13:23:56 EXEC SPC_COM_MENU '1';
2019-07-08 13:23:56 EXEC SPC_W002_LST2 '2';
2019-07-08 13:23:56 EXEC SPC_COM_MENU '1';
2019-07-08 13:23:56 EXEC SPC_COMMON_GROUP
2019-07-08 13:23:58 EXEC SPC_COM_MENU '1';
2019-07-08 13:23:58 EXEC SPC_W002_LST2 '1';
2019-07-08 13:23:58 EXEC SPC_COM_MENU '1';
2019-07-08 13:23:58 EXEC SPC_COMMON_GROUP
2019-07-08 13:24:04 EXEC SPC_COM_MENU '1';
2019-07-08 13:24:04 EXEC SPC_W002_LST2 '3';
2019-07-08 13:24:04 EXEC SPC_COM_MENU '1';
2019-07-08 13:24:04 EXEC SPC_COMMON_GROUP
2019-07-08 13:24:04 EXEC SPC_COM_MENU '1';
2019-07-08 13:24:04 EXEC SPC_COM_MENU '1';
2019-07-08 13:24:04 EXEC SPC_COMMON_GROUP
2019-07-08 13:24:04 EXEC SPC_COMMON_GROUP
2019-07-08 13:27:23 EXEC SPC_COM_DATA '14','2','1';
2019-07-08 13:27:23 EXEC SPC_VOCABULARY_LST1 '','14','4','4';
2019-07-08 13:27:25 EXEC SPC_COM_DATA '14','2','1';
2019-07-08 13:27:25 EXEC SPC_VOCABULARY_LST2 '4','4','14';
2019-07-08 13:31:06 EXEC SPC_COM_DATA '14','2','1';
2019-07-08 13:31:06 EXEC SPC_VOCABULARY_LST1 '21','14','4','4';
2019-07-08 13:31:08 EXEC SPC_COM_DATA '14','2','1';
2019-07-08 13:31:08 EXEC SPC_VOCABULARY_LST2 '4','4','14';
2019-07-08 13:38:09 EXEC SPC_COM_PERMISSION '1','2','m004';
2019-07-08 13:38:09 EXEC SPC_COM_MENU '1';
2019-07-08 13:38:09 EXEC SPC_M004_FND1
2019-07-08 13:38:15 EXEC SPC_COM_PERMISSION '1','2','m007';
2019-07-08 13:38:15 EXEC SPC_COM_MENU '1';
2019-07-08 13:38:15 EXEC SPC_M007_FND1
2019-07-08 13:38:22 EXEC SPC_COM_PERMISSION '1','2','g005';
2019-07-08 13:38:22 EXEC SPC_COM_MENU '1';
2019-07-08 13:38:22 EXEC SPC_COM_M999_INQ1 '7';
2019-07-08 13:38:25 EXEC SPC_COM_MENU '1';
2019-07-08 13:38:25 EXEC SPC_G005_LST1 '','','','10','1';
2019-07-08 13:38:27 EXEC SPC_COM_MENU '1';
2019-07-08 13:38:27 EXEC SPC_COMMON_CATALORUE '4';
2019-07-08 13:38:28 EXEC SPC_COM_MENU '1';
2019-07-08 13:38:28 EXEC SPC_COMMON_GROUP '1';
2019-07-08 14:12:55 EXEC SPC_COM_DATA '14','2','1';
2019-07-08 14:12:56 EXEC SPC_DICTIONARY_LST1 '1','14';
2019-07-08 14:12:59 EXEC SPC_COM_DATA '14','2','1';
2019-07-08 14:12:59 EXEC SPC_DICTIONARY_LST2 '"A" licence','14','::1';
2019-07-08 14:13:17 EXEC SPC_COM_DATA '14','2','1';
2019-07-08 14:13:18 EXEC SPC_DICTIONARY_LST2 'doctor','14','::1';
2019-07-08 14:13:20 EXEC SPC_COM_DATA '14','2','1';
2019-07-08 14:13:20 EXEC SPC_DICTIONARY_LST2 'doctor','14','::1';
2019-07-08 14:13:22 EXEC SPC_COM_DATA '14','2','1';
2019-07-08 14:13:22 EXEC SPC_DICTIONARY_LST2 '"Buddhist" economy','14','::1';
2019-07-08 14:13:23 EXEC SPC_COM_DATA '14','2','1';
2019-07-08 14:13:23 EXEC SPC_DICTIONARY_LST2 '"B" stock','14','::1';
2019-07-08 14:13:25 EXEC SPC_COM_DATA '14','2','1';
2019-07-08 14:13:25 EXEC SPC_DICTIONARY_LST2 'doctor assistant's consulting room','14','::1';
2019-07-08 14:13:28 EXEC SPC_COM_DATA '14','2','1';
2019-07-08 14:13:28 EXEC SPC_DICTIONARY_LST2 '"GO" side','14','::1';
2019-07-08 14:13:37 EXEC SPC_COM_DATA '14','2','1';
2019-07-08 14:13:37 EXEC SPC_DICTIONARY_LST2 '"A" licence','14','::1';
2019-07-08 14:15:06 EXEC SPC_COM_DATA '14','2','1';
2019-07-08 14:15:06 EXEC SPC_DICTIONARY_LST2 '"A" licence','14','::1';
2019-07-08 14:15:27 EXEC SPC_COM_DATA '14','2','1';
2019-07-08 14:15:27 EXEC SPC_COM_FORGET '1','1','2','14';
2019-07-08 14:15:30 EXEC SPC_COM_DATA '14','2','1';
2019-07-08 14:15:30 EXEC SPC_DICTIONARY_LST2 '"A" licence','14','::1';
2019-07-08 14:18:42 EXEC SPC_COM_DATA '14','2','1';
2019-07-08 14:18:42 EXEC SPC_DICTIONARY_LST2 '"A" licence','14','::1';
2019-07-08 14:18:44 EXEC SPC_COM_DATA '14','2','1';
2019-07-08 14:18:44 EXEC SPC_DICTIONARY_LST1 '2','14';
2019-07-08 14:18:45 EXEC SPC_COM_DATA '14','2','1';
2019-07-08 14:18:45 EXEC SPC_DICTIONARY_LST2 '"A" licence','14','::1';
2019-07-08 14:18:48 EXEC SPC_COM_DATA '14','2','1';
2019-07-08 14:18:48 EXEC SPC_COM_REMEMBER '1','2','1','1','14','::1';
2019-07-08 14:18:51 EXEC SPC_COM_DATA '14','2','1';
2019-07-08 14:18:51 EXEC SPC_DICTIONARY_LST2 '"A" licence','14','::1';
2019-07-08 14:18:54 EXEC SPC_COM_DATA '14','2','1';
2019-07-08 14:18:54 EXEC SPC_DICTIONARY_LST1 '2','14';
2019-07-08 14:18:55 EXEC SPC_COM_DATA '14','2','1';
2019-07-08 14:18:55 EXEC SPC_DICTIONARY_LST2 '"A" licence','14','::1';
2019-07-08 14:18:57 EXEC SPC_COM_DATA '14','2','1';
2019-07-08 14:18:57 EXEC SPC_DICTIONARY_LST2 '"A" licence','14','::1';
2019-07-08 14:21:52 EXEC SPC_COM_DATA '14','2','1';
2019-07-08 14:21:52 EXEC SPC_DICTIONARY_LST1 '','14';
2019-07-08 14:22:07 EXEC SPC_COM_DATA '14','2','1';
2019-07-08 14:22:07 EXEC SPC_DICTIONARY_LST1 '','14';
2019-07-08 14:22:10 EXEC SPC_COM_DATA '14','2','1';
2019-07-08 14:22:10 EXEC SPC_DICTIONARY_LST2 '"A" licence','14','::1';
2019-07-08 14:22:57 EXEC SPC_COM_DATA '14','2','1';
2019-07-08 14:22:57 EXEC SPC_DICTIONARY_LST2 'doctor','14','::1';
2019-07-08 14:23:14 EXEC SPC_COM_DATA '14','2','1';
2019-07-08 14:23:14 EXEC SPC_DICTIONARY_LST2 'doctor','14','::1';
2019-07-08 14:23:35 EXEC SPC_COM_DATA '14','2','1';
2019-07-08 14:23:35 EXEC SPC_DICTIONARY_LST1 '','14';
2019-07-08 14:23:36 EXEC SPC_COM_DATA '14','2','1';
2019-07-08 14:23:36 EXEC SPC_DICTIONARY_LST2 'doctor','14','::1';
2019-07-08 14:23:43 EXEC SPC_COM_DATA '14','2','1';
2019-07-08 14:23:43 EXEC SPC_COM_REMEMBER '1','2','15','57','14','::1';
2019-07-08 14:23:54 EXEC SPC_COM_DATA '14','2','1';
2019-07-08 14:23:54 EXEC SPC_DICTIONARY_LST2 'doctor','14','::1';
2019-07-08 14:24:06 EXEC SPC_COM_DATA '14','2','1';
2019-07-08 14:24:06 EXEC SPC_COM_REMEMBER '1','2','18','60','14','::1';
2019-07-08 14:24:10 EXEC SPC_COM_DATA '14','2','1';
2019-07-08 14:24:10 EXEC SPC_DICTIONARY_LST1 '','14';
2019-07-08 14:24:12 EXEC SPC_COM_DATA '14','2','1';
2019-07-08 14:24:12 EXEC SPC_DICTIONARY_LST2 'doctor','14','::1';
2019-07-08 14:29:11 EXEC SPC_COM_DATA '14','2','1';
2019-07-08 14:29:11 EXEC SPC_DICTIONARY_LST1 '','14';
2019-07-08 14:29:14 EXEC SPC_COM_DATA '14','2','1';
2019-07-08 14:29:14 EXEC SPC_DICTIONARY_LST2 'doctor','14','::1';
2019-07-08 14:31:28 EXEC SPC_COM_DATA '14','2','1';
2019-07-08 14:31:28 EXEC SPC_COM_REMEMBER '1','2','14','56','14','::1';
2019-07-08 14:31:31 EXEC SPC_COM_DATA '14','2','1';
2019-07-08 14:31:31 EXEC SPC_DICTIONARY_LST2 'doctor','14','::1';
2019-07-08 14:32:10 EXEC SPC_COM_DATA '14','2','1';
2019-07-08 14:32:10 EXEC SPC_DICTIONARY_LST2 'doctor','14','::1';
2019-07-08 14:33:45 EXEC SPC_COM_DATA '14','2','1';
2019-07-08 14:33:45 EXEC SPC_DICTIONARY_LST1 '45','14';
2019-07-08 14:33:46 EXEC SPC_COM_DATA '14','2','1';
2019-07-08 14:33:46 EXEC SPC_DICTIONARY_LST2 'doctor','14','::1';
2019-07-08 14:33:49 EXEC SPC_COM_DATA '14','2','1';
2019-07-08 14:33:49 EXEC SPC_COM_REMEMBER '1','2','6','48','14','::1';
2019-07-08 14:33:50 EXEC SPC_COM_DATA '14','2','1';
2019-07-08 14:33:50 EXEC SPC_DICTIONARY_LST2 'doctor','14','::1';
2019-07-08 14:33:55 EXEC SPC_COM_DATA '14','2','1';
2019-07-08 14:33:55 EXEC SPC_COM_REMEMBER '1','2','1','43','14','::1';
2019-07-08 14:33:55 EXEC SPC_COM_DATA '14','2','1';
2019-07-08 14:33:55 EXEC SPC_DICTIONARY_LST2 'doctor','14','::1';
2019-07-08 14:34:29 EXEC SPC_COM_DATA '14','2','1';
2019-07-08 14:34:29 EXEC SPC_COM_REMEMBER '1','2','16','58','14','::1';
2019-07-08 14:34:29 EXEC SPC_COM_DATA '14','2','1';
2019-07-08 14:34:29 EXEC SPC_DICTIONARY_LST2 'doctor','14','::1';
2019-07-08 14:42:59 EXEC SPC_COM_PERMISSION '1','2','w001';
2019-07-08 14:42:59 EXEC SPC_COM_MENU '1';
2019-07-08 14:42:59 EXEC SPC_W001_LST1
2019-07-08 14:43:05 EXEC SPC_COM_PERMISSION '1','2','w002';
2019-07-08 14:43:05 EXEC SPC_COM_MENU '1';
2019-07-08 14:43:05 EXEC SPC_W002_FND1
2019-07-08 14:43:09 EXEC SPC_COM_MENU '1';
2019-07-08 14:43:09 EXEC SPC_W002_LST1 '2';
2019-07-08 14:43:09 EXEC SPC_COM_MENU '1';
2019-07-08 14:43:09 EXEC SPC_W002_LST2 '2';
2019-07-08 14:43:10 EXEC SPC_COM_MENU '1';
2019-07-08 14:43:10 EXEC SPC_COMMON_GROUP
2019-07-08 14:43:10 EXEC SPC_COM_MENU '1';
2019-07-08 14:43:10 EXEC SPC_COMMON_GROUP '5';
2019-07-08 14:43:37 EXEC SPC_COM_MENU '1';
2019-07-08 14:43:37 EXEC SPC_W002_LST1 '7';
2019-07-08 14:43:38 EXEC SPC_COM_MENU '1';
2019-07-08 14:43:38 EXEC SPC_W002_LST2 '5';
2019-07-08 14:43:38 EXEC SPC_COM_MENU '1';
2019-07-08 14:43:38 EXEC SPC_COM_MENU '1';
2019-07-08 14:43:38 EXEC SPC_COMMON_GROUP
2019-07-08 14:43:38 EXEC SPC_COMMON_GROUP
2019-07-08 14:43:38 EXEC SPC_COM_MENU '1';
2019-07-08 14:43:38 EXEC SPC_COMMON_GROUP '9';
2019-07-08 14:54:06 EXEC SPC_COM_DATA '14','2','1';
2019-07-08 14:54:06 EXEC SPC_COM_MENU '2';
2019-07-08 14:59:42 EXEC SPC_COM_DATA '14','2','1';
2019-07-08 14:59:42 EXEC SPC_COM_MENU '2';
2019-07-08 15:00:49 EXEC SPC_COM_DATA '14','2','1';
2019-07-08 15:00:49 EXEC SPC_DICTIONARY_LST2 '"A" licence','14','::1';
2019-07-08 15:00:52 EXEC SPC_COM_DATA '14','2','1';
2019-07-08 15:00:52 EXEC SPC_COM_FORGET '1','1','2','14';
2019-07-08 15:00:52 EXEC SPC_COM_DATA '14','2','1';
2019-07-08 15:00:52 EXEC SPC_DICTIONARY_LST2 '"A" licence','14','::1';
2019-07-08 15:01:03 EXEC SPC_COM_DATA '14','2','1';
2019-07-08 15:01:03 EXEC SPC_DICTIONARY_LST2 '"GO" side','14','::1';
2019-07-08 15:01:07 EXEC SPC_COM_DATA '14','2','1';
2019-07-08 15:01:07 EXEC SPC_COM_REMEMBER '1','2','1','29','14','::1';
2019-07-08 15:01:07 EXEC SPC_COM_DATA '14','2','1';
2019-07-08 15:01:07 EXEC SPC_DICTIONARY_LST2 '"GO" side','14','::1';
2019-07-08 15:01:12 EXEC SPC_COM_DATA '14','2','1';
2019-07-08 15:01:12 EXEC SPC_COM_FORGET '1','29','2','14';
2019-07-08 15:01:12 EXEC SPC_COM_DATA '14','2','1';
2019-07-08 15:01:12 EXEC SPC_DICTIONARY_LST2 '"GO" side','14','::1';
2019-07-08 15:01:16 EXEC SPC_COM_DATA '14','2','1';
2019-07-08 15:01:16 EXEC SPC_DICTIONARY_LST2 'doctor','14','::1';
2019-07-08 15:03:53 EXEC SPC_COM_DATA '14','2','1';
2019-07-08 15:03:54 EXEC SPC_DICTIONARY_LST2 '"A" licence','14','::1';
2019-07-08 15:04:04 EXEC SPC_COM_DATA '14','2','1';
2019-07-08 15:04:04 EXEC SPC_DICTIONARY_LST1 '20','14';
2019-07-08 15:04:05 EXEC SPC_COM_DATA '14','2','1';
2019-07-08 15:04:05 EXEC SPC_DICTIONARY_LST2 '"blister" copper','14','::1';
2019-07-08 15:11:08 EXEC SPC_COM_DATA '14','2','1';
2019-07-08 15:11:08 EXEC SPC_COM_MENU '2';
2019-07-08 16:13:46 EXEC SPC_COM_DATA '14','2','1';
2019-07-08 16:13:46 EXEC SPC_COM_MENU '2';
2019-07-08 16:23:03 EXEC SPC_COM_DATA '1','1','2';
2019-07-08 16:23:03 EXEC SPC_COM_MENU '1';
2019-07-08 16:34:05 EXEC SPC_COM_DATA '14','2','1';
2019-07-08 16:34:05 EXEC SPC_COM_MENU '2';
2019-07-08 16:39:41 EXEC SPC_COM_DATA '14','2','1';
2019-07-08 16:39:41 EXEC SPC_COM_MENU '2';
2019-07-08 16:51:09 EXEC SPC_COM_DATA '14','2','1';
2019-07-08 16:51:09 EXEC SPC_COM_MENU '2';
2019-07-08 17:53:49 EXEC SPC_COM_DATA '14','2','1';
2019-07-08 17:53:49 EXEC SPC_COM_MENU '2';
2019-07-08 18:03:06 EXEC SPC_COM_DATA '1','1','2';
2019-07-08 18:03:06 EXEC SPC_COM_MENU '1';
2019-07-08 18:14:07 EXEC SPC_COM_DATA '14','2','1';
2019-07-08 18:14:07 EXEC SPC_COM_MENU '2';
2019-07-08 18:19:43 EXEC SPC_COM_DATA '14','2','1';
2019-07-08 18:19:43 EXEC SPC_COM_MENU '2';
2019-07-08 18:31:12 EXEC SPC_COM_DATA '14','2','1';
2019-07-08 18:31:12 EXEC SPC_COM_MENU '2';
