2019-06-17 09:05:02 EXEC SPC_COM_DATA '','','';
2019-06-17 09:05:27 EXEC SPC_COMMON_ACCOUNT '1','2';
2019-06-17 09:05:28 EXEC SPC_COM_DATA '1','1','2';
2019-06-17 09:05:28 EXEC SPC_COM_MENU '1';
2019-06-17 09:05:30 EXEC SPC_COM_PERMISSION '1','2','g001';
2019-06-17 09:05:30 EXEC SPC_COM_MENU '1';
2019-06-17 09:05:30 EXEC SPC_G001_LST1 '1','1';
2019-06-17 09:05:36 EXEC SPC_COM_PERMISSION '1','2','v003';
2019-06-17 09:05:36 EXEC SPC_COM_MENU '1';
2019-06-17 09:05:44 EXEC SPC_COM_MENU '1';
2019-06-17 09:07:20 EXEC SPC_COM_PERMISSION '1','2','v003';
2019-06-17 09:07:20 EXEC SPC_COM_MENU '1';
2019-06-17 09:07:30 EXEC SPC_COM_MENU '1';
2019-06-17 09:10:22 EXEC SPC_COM_MENU '1';
2019-06-17 09:15:07 EXEC SPC_COM_PERMISSION '1','2','v003';
2019-06-17 09:15:07 EXEC SPC_COM_MENU '1';
2019-06-17 09:15:11 EXEC SPC_COM_MENU '1';
2019-06-17 09:15:44 EXEC SPC_COM_MENU '1';
2019-06-17 10:08:42 EXEC SPC_COM_PERMISSION '1','2','v003';
2019-06-17 10:08:42 EXEC SPC_COM_MENU '1';
2019-06-17 10:08:47 EXEC SPC_COM_MENU '1';
2019-06-17 10:10:09 EXEC SPC_COM_MENU '1';
2019-06-17 10:10:55 EXEC SPC_COM_PERMISSION '1','2','v003';
2019-06-17 10:10:55 EXEC SPC_COM_MENU '1';
2019-06-17 10:10:56 EXEC SPC_COM_MENU '1';
2019-06-17 10:11:03 EXEC SPC_COM_MENU '1';
2019-06-17 10:11:37 EXEC SPC_COM_PERMISSION '1','2','v003';
2019-06-17 10:11:37 EXEC SPC_COM_MENU '1';
2019-06-17 10:11:44 EXEC SPC_COM_MENU '1';
2019-06-17 10:12:11 EXEC SPC_COM_PERMISSION '1','2','v003';
2019-06-17 10:12:11 EXEC SPC_COM_MENU '1';
2019-06-17 10:12:13 EXEC SPC_COM_MENU '1';
2019-06-17 10:12:21 EXEC SPC_COM_MENU '1';
2019-06-17 10:12:32 EXEC SPC_COM_MENU '1';
2019-06-17 10:52:48 EXEC SPC_COM_MENU '1';
2019-06-17 10:52:56 EXEC SPC_COM_MENU '1';
2019-06-17 10:53:44 EXEC SPC_COM_MENU '1';
2019-06-17 10:53:51 EXEC SPC_COM_MENU '1';
2019-06-17 10:53:59 EXEC SPC_COM_MENU '1';
2019-06-17 10:56:48 EXEC SPC_COM_MENU '1';
2019-06-17 10:58:01 EXEC SPC_COM_MENU '1';
2019-06-17 10:59:44 EXEC SPC_COM_PERMISSION '1','2','v003';
2019-06-17 10:59:44 EXEC SPC_COM_MENU '1';
2019-06-17 11:11:30 EXEC SPC_COM_MENU '1';
2019-06-17 11:13:47 EXEC SPC_COM_PERMISSION '1','2','v003';
2019-06-17 11:13:47 EXEC SPC_COM_MENU '1';
2019-06-17 11:15:09 EXEC SPC_COM_MENU '1';
2019-06-17 11:15:51 EXEC SPC_COM_PERMISSION '1','2','v003';
2019-06-17 11:15:51 EXEC SPC_COM_MENU '1';
2019-06-17 11:18:26 EXEC SPC_COM_MENU '1';
2019-06-17 11:38:13 EXEC SPC_COM_PERMISSION '1','2','v003';
2019-06-17 11:38:13 EXEC SPC_COM_MENU '1';
2019-06-17 11:38:15 EXEC SPC_COM_MENU '1';
2019-06-17 11:40:39 EXEC SPC_COM_PERMISSION '1','2','v003';
2019-06-17 11:40:39 EXEC SPC_COM_MENU '1';
2019-06-17 11:40:42 EXEC SPC_COM_MENU '1';
2019-06-17 11:42:00 EXEC SPC_COM_PERMISSION '1','2','v003';
2019-06-17 11:42:00 EXEC SPC_COM_MENU '1';
2019-06-17 11:42:02 EXEC SPC_COM_MENU '1';
2019-06-17 11:44:37 EXEC SPC_COM_PERMISSION '1','2','v003';
2019-06-17 11:44:37 EXEC SPC_COM_MENU '1';
2019-06-17 11:44:39 EXEC SPC_COM_MENU '1';
2019-06-17 11:44:59 EXEC SPC_COM_PERMISSION '1','2','v003';
2019-06-17 11:44:59 EXEC SPC_COM_MENU '1';
2019-06-17 11:45:01 EXEC SPC_COM_MENU '1';
2019-06-17 11:46:20 EXEC SPC_COM_PERMISSION '1','2','v003';
2019-06-17 11:46:20 EXEC SPC_COM_MENU '1';
2019-06-17 11:46:22 EXEC SPC_COM_MENU '1';
2019-06-17 11:48:18 EXEC SPC_COM_PERMISSION '1','2','v003';
2019-06-17 11:48:18 EXEC SPC_COM_MENU '1';
2019-06-17 11:48:20 EXEC SPC_COM_MENU '1';
2019-06-17 11:48:36 EXEC SPC_COM_MENU '1';
2019-06-17 11:49:10 EXEC SPC_COM_MENU '1';
2019-06-17 11:52:13 EXEC SPC_COM_PERMISSION '1','2','v003';
2019-06-17 11:52:13 EXEC SPC_COM_MENU '1';
2019-06-17 11:52:16 EXEC SPC_COM_MENU '1';
2019-06-17 11:54:33 EXEC SPC_COM_PERMISSION '1','2','v003';
2019-06-17 11:54:33 EXEC SPC_COM_MENU '1';
2019-06-17 11:54:36 EXEC SPC_COM_MENU '1';
2019-06-17 11:57:05 EXEC SPC_COM_PERMISSION '1','2','v003';
2019-06-17 11:57:05 EXEC SPC_COM_MENU '1';
2019-06-17 11:58:06 EXEC SPC_COM_PERMISSION '1','2','v003';
2019-06-17 11:58:06 EXEC SPC_COM_MENU '1';
2019-06-17 11:58:08 EXEC SPC_COM_PERMISSION '1','2','v003';
2019-06-17 11:58:08 EXEC SPC_COM_MENU '1';
2019-06-17 11:58:09 EXEC SPC_COM_PERMISSION '1','2','v003';
2019-06-17 11:58:09 EXEC SPC_COM_MENU '1';
2019-06-17 11:58:11 EXEC SPC_COM_PERMISSION '1','2','v003';
2019-06-17 11:58:11 EXEC SPC_COM_MENU '1';
2019-06-17 11:58:31 EXEC SPC_COM_PERMISSION '1','2','v003';
2019-06-17 11:58:31 EXEC SPC_COM_MENU '1';
2019-06-17 11:58:51 EXEC SPC_COM_PERMISSION '1','2','v003';
2019-06-17 11:58:51 EXEC SPC_COM_MENU '1';
2019-06-17 11:59:06 EXEC SPC_COM_MENU '1';
2019-06-17 11:59:42 EXEC SPC_COM_PERMISSION '1','2','v003';
2019-06-17 11:59:42 EXEC SPC_COM_MENU '1';
2019-06-17 11:59:45 EXEC SPC_COM_MENU '1';
2019-06-17 12:00:13 EXEC SPC_COM_PERMISSION '1','2','v003';
2019-06-17 12:00:13 EXEC SPC_COM_MENU '1';
2019-06-17 12:00:15 EXEC SPC_COM_MENU '1';
2019-06-17 13:01:00 EXEC SPC_COM_PERMISSION '1','2','v003';
2019-06-17 13:01:00 EXEC SPC_COM_MENU '1';
2019-06-17 13:01:03 EXEC SPC_COM_MENU '1';
2019-06-17 13:06:38 EXEC SPC_COM_PERMISSION '1','2','v003';
2019-06-17 13:06:38 EXEC SPC_COM_MENU '1';
2019-06-17 13:06:40 EXEC SPC_COM_MENU '1';
2019-06-17 13:07:16 EXEC SPC_COM_PERMISSION '1','2','v003';
2019-06-17 13:07:16 EXEC SPC_COM_MENU '1';
2019-06-17 13:07:18 EXEC SPC_COM_MENU '1';
2019-06-17 13:49:01 EXEC SPC_COM_PERMISSION '1','2','v003';
2019-06-17 13:49:01 EXEC SPC_COM_MENU '1';
2019-06-17 13:49:03 EXEC SPC_COM_MENU '1';
2019-06-17 13:49:44 EXEC SPC_COM_PERMISSION '1','2','v003';
2019-06-17 13:49:44 EXEC SPC_COM_MENU '1';
2019-06-17 13:49:46 EXEC SPC_COM_MENU '1';
2019-06-17 13:51:18 EXEC SPC_COM_PERMISSION '1','2','v003';
2019-06-17 13:51:18 EXEC SPC_COM_MENU '1';
2019-06-17 13:51:20 EXEC SPC_COM_MENU '1';
2019-06-17 13:51:55 EXEC SPC_COM_PERMISSION '1','2','v003';
2019-06-17 13:51:55 EXEC SPC_COM_MENU '1';
2019-06-17 13:51:56 EXEC SPC_COM_MENU '1';
2019-06-17 13:52:09 EXEC SPC_COM_PERMISSION '1','2','v003';
2019-06-17 13:52:09 EXEC SPC_COM_MENU '1';
2019-06-17 13:52:12 EXEC SPC_COM_MENU '1';
2019-06-17 13:54:35 EXEC SPC_COM_PERMISSION '1','2','v003';
2019-06-17 13:54:35 EXEC SPC_COM_MENU '1';
2019-06-17 13:54:37 EXEC SPC_COM_MENU '1';
2019-06-17 13:55:11 EXEC SPC_COM_MENU '1';
2019-06-17 13:58:04 EXEC SPC_COM_PERMISSION '1','2','v003';
2019-06-17 13:58:04 EXEC SPC_COM_MENU '1';
2019-06-17 13:58:07 EXEC SPC_COM_MENU '1';
2019-06-17 13:58:17 EXEC SPC_COM_MENU '1';
2019-06-17 14:05:58 EXEC SPC_COM_PERMISSION '1','2','v001';
2019-06-17 14:05:58 EXEC SPC_COM_MENU '1';
2019-06-17 14:05:58 EXEC SPC_V001_LST1
2019-06-17 14:06:01 EXEC SPC_COM_MENU '1';
2019-06-17 14:06:01 EXEC SPC_V001_LST2 '0','','','-1','50','1';
2019-06-17 14:13:01 EXEC SPC_COM_PERMISSION '1','2','v001';
2019-06-17 14:13:01 EXEC SPC_COM_MENU '1';
2019-06-17 14:13:01 EXEC SPC_V001_LST1
2019-06-17 14:13:22 EXEC SPC_COM_PERMISSION '1','2','v001';
2019-06-17 14:13:22 EXEC SPC_COM_MENU '1';
2019-06-17 14:13:22 EXEC SPC_V001_LST1
2019-06-17 14:13:26 EXEC SPC_COM_PERMISSION '1','2','v003';
2019-06-17 14:13:26 EXEC SPC_COM_MENU '1';
2019-06-17 14:13:33 EXEC SPC_COM_MENU '1';
2019-06-17 14:15:57 EXEC SPC_COM_PERMISSION '1','2','v003';
2019-06-17 14:15:57 EXEC SPC_COM_MENU '1';
2019-06-17 14:15:59 EXEC SPC_COM_MENU '1';
2019-06-17 14:16:46 EXEC SPC_COM_PERMISSION '1','2','v003';
2019-06-17 14:16:46 EXEC SPC_COM_MENU '1';
2019-06-17 14:16:53 EXEC SPC_COM_MENU '1';
2019-06-17 14:19:37 EXEC SPC_COM_PERMISSION '1','2','v003';
2019-06-17 14:19:37 EXEC SPC_COM_MENU '1';
2019-06-17 14:19:41 EXEC SPC_COM_MENU '1';
2019-06-17 14:21:13 EXEC SPC_COM_PERMISSION '1','2','v003';
2019-06-17 14:21:13 EXEC SPC_COM_MENU '1';
2019-06-17 14:21:15 EXEC SPC_COM_MENU '1';
2019-06-17 14:26:56 EXEC SPC_COM_PERMISSION '1','2','v003';
2019-06-17 14:26:56 EXEC SPC_COM_MENU '1';
2019-06-17 14:27:01 EXEC SPC_COM_MENU '1';
2019-06-17 14:28:55 EXEC SPC_COM_PERMISSION '1','2','v003';
2019-06-17 14:28:55 EXEC SPC_COM_MENU '1';
2019-06-17 14:28:58 EXEC SPC_COM_MENU '1';
2019-06-17 14:30:22 EXEC SPC_COM_PERMISSION '1','2','v003';
2019-06-17 14:30:22 EXEC SPC_COM_MENU '1';
2019-06-17 14:30:24 EXEC SPC_COM_MENU '1';
2019-06-17 14:31:13 EXEC SPC_COM_PERMISSION '1','2','v003';
2019-06-17 14:31:13 EXEC SPC_COM_MENU '1';
2019-06-17 14:31:15 EXEC SPC_COM_MENU '1';
2019-06-17 14:31:43 EXEC SPC_COM_MENU '1';
2019-06-17 14:34:47 EXEC SPC_COM_PERMISSION '1','2','v003';
2019-06-17 14:34:47 EXEC SPC_COM_MENU '1';
2019-06-17 14:34:59 EXEC SPC_COM_MENU '1';
2019-06-17 14:38:14 EXEC SPC_COM_PERMISSION '1','2','v003';
2019-06-17 14:38:14 EXEC SPC_COM_MENU '1';
2019-06-17 14:38:21 EXEC SPC_COM_MENU '1';
2019-06-17 14:38:59 EXEC SPC_COM_PERMISSION '1','2','v003';
2019-06-17 14:38:59 EXEC SPC_COM_MENU '1';
2019-06-17 14:39:04 EXEC SPC_COM_MENU '1';
2019-06-17 14:40:04 EXEC SPC_COM_PERMISSION '1','2','v003';
2019-06-17 14:40:04 EXEC SPC_COM_MENU '1';
2019-06-17 14:40:10 EXEC SPC_COM_MENU '1';
2019-06-17 14:43:05 EXEC SPC_COM_PERMISSION '1','2','v003';
2019-06-17 14:43:05 EXEC SPC_COM_MENU '1';
2019-06-17 14:43:09 EXEC SPC_COM_MENU '1';
2019-06-17 14:43:49 EXEC SPC_COM_PERMISSION '1','2','v003';
2019-06-17 14:43:49 EXEC SPC_COM_MENU '1';
2019-06-17 14:43:54 EXEC SPC_COM_MENU '1';
2019-06-17 14:46:03 EXEC SPC_COM_MENU '1';
2019-06-17 14:46:38 EXEC SPC_COM_MENU '1';
2019-06-17 14:46:56 EXEC SPC_COM_MENU '1';
2019-06-17 14:47:03 EXEC SPC_COM_MENU '1';
2019-06-17 14:48:54 EXEC SPC_COM_PERMISSION '1','2','v003';
2019-06-17 14:48:54 EXEC SPC_COM_MENU '1';
2019-06-17 14:48:59 EXEC SPC_COM_MENU '1';
2019-06-17 14:49:46 EXEC SPC_COM_MENU '1';
2019-06-17 14:49:58 EXEC SPC_COM_MENU '1';
2019-06-17 14:56:38 EXEC SPC_COM_PERMISSION '1','2','v003';
2019-06-17 14:56:38 EXEC SPC_COM_MENU '1';
2019-06-17 14:57:00 EXEC SPC_COM_PERMISSION '1','2','v003';
2019-06-17 14:57:00 EXEC SPC_COM_MENU '1';
2019-06-17 14:57:12 EXEC SPC_COM_MENU '1';
2019-06-17 14:58:26 EXEC SPC_COM_PERMISSION '1','2','v003';
2019-06-17 14:58:26 EXEC SPC_COM_MENU '1';
2019-06-17 14:58:31 EXEC SPC_COM_MENU '1';
2019-06-17 14:59:09 EXEC SPC_COM_PERMISSION '1','2','v003';
2019-06-17 14:59:09 EXEC SPC_COM_MENU '1';
2019-06-17 14:59:12 EXEC SPC_COM_MENU '1';
2019-06-17 15:02:13 EXEC SPC_COM_PERMISSION '1','2','v003';
2019-06-17 15:02:13 EXEC SPC_COM_MENU '1';
2019-06-17 15:02:18 EXEC SPC_COM_MENU '1';
2019-06-17 15:02:30 EXEC SPC_COM_PERMISSION '1','2','v003';
2019-06-17 15:02:30 EXEC SPC_COM_MENU '1';
2019-06-17 15:02:34 EXEC SPC_COM_MENU '1';
2019-06-17 15:03:01 EXEC SPC_COM_PERMISSION '1','2','v003';
2019-06-17 15:03:01 EXEC SPC_COM_MENU '1';
2019-06-17 15:03:06 EXEC SPC_COM_MENU '1';
2019-06-17 15:04:50 EXEC SPC_COM_MENU '1';
2019-06-17 15:08:11 EXEC SPC_COM_PERMISSION '1','2','v003';
2019-06-17 15:08:11 EXEC SPC_COM_MENU '1';
2019-06-17 15:08:16 EXEC SPC_COM_MENU '1';
2019-06-17 15:09:20 EXEC SPC_COM_PERMISSION '1','2','v003';
2019-06-17 15:09:20 EXEC SPC_COM_MENU '1';
2019-06-17 15:09:24 EXEC SPC_COM_MENU '1';
2019-06-17 15:10:25 EXEC SPC_COM_PERMISSION '1','2','v003';
2019-06-17 15:10:25 EXEC SPC_COM_MENU '1';
2019-06-17 15:10:30 EXEC SPC_COM_MENU '1';
2019-06-17 15:17:32 EXEC SPC_COM_PERMISSION '1','2','v003';
2019-06-17 15:17:32 EXEC SPC_COM_MENU '1';
2019-06-17 15:17:37 EXEC SPC_COM_MENU '1';
2019-06-17 15:20:40 EXEC SPC_COM_PERMISSION '1','2','v003';
2019-06-17 15:20:40 EXEC SPC_COM_MENU '1';
2019-06-17 15:20:44 EXEC SPC_COM_MENU '1';
2019-06-17 15:49:26 EXEC SPC_COM_PERMISSION '1','2','v003';
2019-06-17 15:49:26 EXEC SPC_COM_MENU '1';
2019-06-17 15:49:30 EXEC SPC_COM_MENU '1';
2019-06-17 15:52:27 EXEC SPC_COM_PERMISSION '1','2','v003';
2019-06-17 15:52:27 EXEC SPC_COM_MENU '1';
2019-06-17 15:52:31 EXEC SPC_COM_MENU '1';
2019-06-17 15:56:27 EXEC SPC_COM_PERMISSION '1','2','v003';
2019-06-17 15:56:27 EXEC SPC_COM_MENU '1';
2019-06-17 15:56:32 EXEC SPC_COM_MENU '1';
2019-06-17 15:58:35 EXEC SPC_COM_PERMISSION '1','2','v003';
2019-06-17 15:58:35 EXEC SPC_COM_MENU '1';
2019-06-17 15:58:39 EXEC SPC_COM_MENU '1';
2019-06-17 16:04:25 EXEC SPC_COM_PERMISSION '1','2','v003';
2019-06-17 16:04:25 EXEC SPC_COM_MENU '1';
2019-06-17 16:04:29 EXEC SPC_COM_MENU '1';
2019-06-17 16:07:29 EXEC SPC_COM_PERMISSION '1','2','v003';
2019-06-17 16:07:29 EXEC SPC_COM_MENU '1';
2019-06-17 16:07:34 EXEC SPC_COM_MENU '1';
2019-06-17 16:09:46 EXEC SPC_COM_PERMISSION '1','2','v003';
2019-06-17 16:09:46 EXEC SPC_COM_MENU '1';
2019-06-17 16:09:48 EXEC SPC_COM_MENU '1';
2019-06-17 16:09:56 EXEC SPC_COM_MENU '1';
2019-06-17 16:14:43 EXEC SPC_COM_PERMISSION '1','2','v003';
2019-06-17 16:14:43 EXEC SPC_COM_MENU '1';
2019-06-17 16:15:01 EXEC SPC_COM_MENU '1';
2019-06-17 16:15:18 EXEC SPC_COM_PERMISSION '1','2','v003';
2019-06-17 16:15:18 EXEC SPC_COM_MENU '1';
2019-06-17 16:15:30 EXEC SPC_COM_MENU '1';
2019-06-17 16:17:38 EXEC SPC_COM_MENU '1';
2019-06-17 16:20:15 EXEC SPC_COM_MENU '1';
2019-06-17 16:20:17 EXEC SPC_COM_PERMISSION '1','2','v003';
2019-06-17 16:20:17 EXEC SPC_COM_MENU '1';
2019-06-17 16:20:22 EXEC SPC_COM_MENU '1';
2019-06-17 16:24:30 EXEC SPC_COM_PERMISSION '1','2','v003';
2019-06-17 16:24:30 EXEC SPC_COM_MENU '1';
2019-06-17 16:24:35 EXEC SPC_COM_MENU '1';
2019-06-17 16:26:44 EXEC SPC_COM_PERMISSION '1','2','v003';
2019-06-17 16:26:44 EXEC SPC_COM_MENU '1';
2019-06-17 16:26:49 EXEC SPC_COM_MENU '1';
2019-06-17 16:29:22 EXEC SPC_COM_PERMISSION '1','2','v003';
2019-06-17 16:29:22 EXEC SPC_COM_MENU '1';
2019-06-17 16:29:27 EXEC SPC_COM_MENU '1';
2019-06-17 16:38:58 EXEC SPC_COM_PERMISSION '1','2','v003';
2019-06-17 16:38:58 EXEC SPC_COM_MENU '1';
2019-06-17 16:39:06 EXEC SPC_COM_MENU '1';
2019-06-17 16:40:28 EXEC SPC_COM_PERMISSION '1','2','v003';
2019-06-17 16:40:28 EXEC SPC_COM_MENU '1';
2019-06-17 16:40:33 EXEC SPC_COM_MENU '1';
2019-06-17 16:47:29 EXEC SPC_COM_PERMISSION '1','2','v003';
2019-06-17 16:47:29 EXEC SPC_COM_MENU '1';
2019-06-17 16:47:34 EXEC SPC_COM_MENU '1';
2019-06-17 16:47:54 EXEC SPC_COM_PERMISSION '1','2','v003';
2019-06-17 16:47:54 EXEC SPC_COM_MENU '1';
2019-06-17 16:47:58 EXEC SPC_COM_MENU '1';
2019-06-17 16:53:12 EXEC SPC_COM_PERMISSION '1','2','v003';
2019-06-17 16:53:12 EXEC SPC_COM_MENU '1';
2019-06-17 16:53:47 EXEC SPC_COM_PERMISSION '1','2','v003';
2019-06-17 16:53:47 EXEC SPC_COM_MENU '1';
2019-06-17 16:53:53 EXEC SPC_COM_MENU '1';
2019-06-17 16:57:49 EXEC SPC_COM_PERMISSION '1','2','v003';
2019-06-17 16:57:49 EXEC SPC_COM_MENU '1';
2019-06-17 16:57:55 EXEC SPC_COM_MENU '1';
2019-06-17 16:58:58 EXEC SPC_COM_MENU '1';
2019-06-17 17:02:43 EXEC SPC_COM_MENU '1';
2019-06-17 17:21:20 EXEC SPC_COM_PERMISSION '1','2','v003';
2019-06-17 17:21:20 EXEC SPC_COM_MENU '1';
2019-06-17 17:21:22 EXEC SPC_COM_MENU '1';
2019-06-17 17:22:25 EXEC SPC_COM_PERMISSION '1','2','v003';
2019-06-17 17:22:25 EXEC SPC_COM_MENU '1';
2019-06-17 17:22:42 EXEC SPC_COM_MENU '1';
2019-06-17 17:24:31 EXEC SPC_COM_PERMISSION '1','2','v003';
2019-06-17 17:24:31 EXEC SPC_COM_MENU '1';
2019-06-17 17:24:45 EXEC SPC_COM_MENU '1';
2019-06-17 17:24:51 EXEC SPC_COM_MENU '1';
2019-06-17 17:26:45 EXEC SPC_COM_PERMISSION '1','2','v003';
2019-06-17 17:26:45 EXEC SPC_COM_MENU '1';
2019-06-17 17:26:48 EXEC SPC_COM_MENU '1';
2019-06-17 17:28:50 EXEC SPC_COM_PERMISSION '1','2','v003';
2019-06-17 17:28:50 EXEC SPC_COM_MENU '1';
2019-06-17 17:29:03 EXEC SPC_COM_MENU '1';
2019-06-17 17:35:28 EXEC SPC_COM_PERMISSION '1','2','v003';
2019-06-17 17:35:28 EXEC SPC_COM_MENU '1';
2019-06-17 17:35:30 EXEC SPC_COM_MENU '1';
2019-06-17 17:37:58 EXEC SPC_COM_PERMISSION '1','2','v003';
2019-06-17 17:37:58 EXEC SPC_COM_MENU '1';
2019-06-17 17:38:00 EXEC SPC_COM_MENU '1';
2019-06-17 17:39:35 EXEC SPC_COM_PERMISSION '1','2','v003';
2019-06-17 17:39:35 EXEC SPC_COM_MENU '1';
2019-06-17 17:39:43 EXEC SPC_COM_MENU '1';
2019-06-17 17:48:37 EXEC SPC_COM_MENU '1';
