2019-06-07 16:21:25 EXEC SPC_COM_PERMISSION '1','1','g001';
2019-06-07 16:21:34 EXEC SPC_COM_DATA '','','';
2019-06-07 16:21:39 EXEC SPC_COM_DATA '','','';
2019-06-07 16:21:39 EXEC SPC_VOCABULARY_LST1 '','','','';
2019-06-07 16:21:41 EXEC SPC_COM_DATA '','','';
2019-06-07 16:21:41 EXEC SPC_VOCABULARY_LST2 '1','1','';
2019-06-07 16:21:47 EXEC SPC_COM_DATA '','','';
2019-06-07 16:21:47 EXEC SPC_COM_EXAM_LIST '1','1','0','2','1','';
2019-06-07 16:21:48 EXEC SPC_COM_DATA '','','';
2019-06-07 16:21:48 EXEC SPC_COM_EXAM_LIST '1','1','0','1','1','';
2019-06-07 16:21:49 EXEC SPC_COM_DATA '','','';
2019-06-07 16:21:49 EXEC SPC_COM_EXAM_LIST '1','1','0','2','1','';
2019-06-07 16:22:03 EXEC SPC_COM_DATA '','','';
2019-06-07 16:22:03 EXEC SPC_VOCABULARY_LST2 '1','2','';
2019-06-07 16:22:12 EXEC SPC_COM_DATA '','','';
2019-06-07 16:22:12 EXEC SPC_VOCABULARY_LST2 '2','3','';
2019-06-07 16:22:23 EXEC SPC_COM_DATA '','','';
2019-06-07 16:22:23 EXEC SPC_GRAMMAR_LST1 '','','2','3';
2019-06-07 16:22:24 EXEC SPC_COM_DATA '','','';
2019-06-07 16:22:24 EXEC SPC_GRAMMAR_LST2 '4','6','';
2019-06-07 16:22:40 EXEC SPC_COM_DATA '','','';
2019-06-07 16:22:40 EXEC SPC_LISTENING_LST1 '','','4','6';
2019-06-07 16:22:42 EXEC SPC_COM_DATA '','','';
2019-06-07 16:22:42 EXEC SPC_LISTENING_LST2 '6','8','';
2019-06-07 16:22:45 EXEC SPC_COM_DATA '','','';
2019-06-07 16:22:45 EXEC SPC_WRITING_LST1 '','','6','8';
2019-06-07 16:22:47 EXEC SPC_COM_DATA '','','';
2019-06-07 16:22:47 EXEC SPC_COMMON_GET_SUGGEST
2019-06-07 16:22:47 EXEC SPC_COM_DATA '','','';
2019-06-07 16:22:47 EXEC SPC_WRITING_LST2 '7','9','';
2019-06-07 16:22:51 EXEC SPC_COM_DATA '','','';
2019-06-07 16:22:51 EXEC SPC_LISTENING_LST1 '','','7','9';
2019-06-07 16:22:52 EXEC SPC_COM_DATA '','','';
2019-06-07 16:22:52 EXEC SPC_LISTENING_LST2 '6','8','';
2019-06-07 16:22:57 EXEC SPC_COM_DATA '','','';
2019-06-07 16:22:57 EXEC SPC_WRITING_LST1 '','','6','8';
2019-06-07 16:22:58 EXEC SPC_COM_DATA '','','';
2019-06-07 16:22:58 EXEC SPC_COMMON_GET_SUGGEST
2019-06-07 16:22:59 EXEC SPC_COM_DATA '','','';
2019-06-07 16:22:59 EXEC SPC_WRITING_LST2 '7','9','';
2019-06-07 16:23:04 EXEC SPC_COM_DATA '','','';
2019-06-07 16:23:04 EXEC SPC_COM_GET_PAGE_COMMENT '1','4','8','1','1','';
2019-06-07 16:23:07 EXEC SPC_COM_DATA '','','';
2019-06-07 16:23:07 EXEC SPC_READING_LST1 '','','7','9';
2019-06-07 16:23:08 EXEC SPC_COM_DATA '','','';
2019-06-07 16:23:08 EXEC SPC_READING_LST2 '3','5','';
2019-06-07 16:23:40 EXEC SPC_COM_DATA '','','';
2019-06-07 16:23:40 EXEC SPC_COM_QUESTION_LIST '3','1';
2019-06-07 16:23:54 EXEC SPC_COM_DATA '','','';
2019-06-07 16:23:54 EXEC SPC_COM_QUESTION_LIST '3','1';
2019-06-07 16:23:56 EXEC SPC_COM_DATA '','','';
2019-06-07 16:23:56 EXEC SPC_COM_QUESTION_LIST '3','1';
2019-06-07 16:23:57 EXEC SPC_COM_DATA '','','';
2019-06-07 16:23:57 EXEC SPC_COM_QUESTION_LIST '3','1';
2019-06-07 16:23:58 EXEC SPC_COM_DATA '','','';
2019-06-07 16:23:58 EXEC SPC_COM_QUESTION_LIST '3','1';
2019-06-07 16:24:10 EXEC SPC_COM_DATA '','','';
2019-06-07 16:24:10 EXEC SPC_SOCIAL_LST1 '','';
2019-06-07 16:24:11 EXEC SPC_COM_DATA '','','';
2019-06-07 16:24:11 EXEC SPC_SOCIAL_LST2 '','1','','';
2019-06-07 16:24:16 EXEC SPC_COM_DATA '','','';
2019-06-07 16:24:16 EXEC SPC_COM_GET_PAGE_COMMENT '1','6','17','2','2','';
2019-06-07 16:24:17 EXEC SPC_COM_DATA '','','';
2019-06-07 16:24:17 EXEC SPC_COM_GET_PAGE_COMMENT '1','6','17','3','2','';
2019-06-07 16:24:19 EXEC SPC_COM_DATA '','','';
2019-06-07 16:24:19 EXEC SPC_COM_GET_PAGE_COMMENT '1','6','17','4','2','';
2019-06-07 16:24:20 EXEC SPC_COM_DATA '','','';
2019-06-07 16:24:20 EXEC SPC_COM_GET_PAGE_COMMENT '1','6','17','1','2','';
2019-06-07 16:24:22 EXEC SPC_COM_DATA '','','';
2019-06-07 16:24:22 EXEC SPC_COM_GET_PAGE_COMMENT '1','6','17','2','2','';
2019-06-07 16:24:31 EXEC SPC_COM_DATA '','','';
2019-06-07 16:24:31 EXEC SPC_SOCIAL_ACT2 '22','','::1';
2019-06-07 16:24:38 EXEC SPC_COM_DATA '','','';
2019-06-07 16:24:38 EXEC SPC_DISCUSS_LST1 '','';
2019-06-07 16:24:40 EXEC SPC_COM_DATA '','','';
2019-06-07 16:24:40 EXEC SPC_DISCUSS_LST2 '','1','','';
2019-06-07 16:24:45 EXEC SPC_COM_DATA '','','';
2019-06-07 16:24:45 EXEC SPC_DISCUSS_ACT2 '23','','::1';
2019-06-07 16:24:51 EXEC SPC_COM_DATA '','','';
2019-06-07 16:24:51 EXEC SPC_DISCUSS_LST1 '','';
2019-06-07 16:24:53 EXEC SPC_COM_DATA '','','';
2019-06-07 16:24:53 EXEC SPC_DISCUSS_LST2 '','1','','';
2019-06-07 16:24:56 EXEC SPC_COM_DATA '','','';
2019-06-07 16:24:56 EXEC SPC_DICTIONARY_LST1 '','';
2019-06-07 16:25:00 EXEC SPC_COM_DATA '','','';
2019-06-07 16:25:00 EXEC SPC_RELAX_LST1 '','';
2019-06-07 16:25:02 EXEC SPC_COM_DATA '','','';
2019-06-07 16:25:02 EXEC SPC_RELAX_LST2 '','1','1','1','0','','';
2019-06-07 16:25:02 EXEC SPC_COM_DATA '','','';
2019-06-07 16:25:02 EXEC SPC_DICTIONARY_LST1 '','';
2019-06-07 16:27:11 EXEC SPC_COM_DATA '','','';
2019-06-07 16:27:11 EXEC SPC_DICTIONARY_LST1 '','';
2019-06-07 16:27:13 EXEC SPC_COM_DATA '','','';
2019-06-07 16:27:13 EXEC SPC_DICTIONARY_LST3 'a';
2019-06-07 16:27:44 EXEC SPC_COM_DATA '','','';
2019-06-07 16:27:44 EXEC SPC_DICTIONARY_LST1 '','';
2019-06-07 16:29:21 EXEC SPC_COM_DATA '','','';
2019-06-07 16:29:21 EXEC SPC_DICTIONARY_LST3 'a';
2019-06-07 16:29:28 EXEC SPC_COM_DATA '','','';
2019-06-07 16:29:28 EXEC SPC_DICTIONARY_LST1 '','';
2019-06-07 16:29:33 EXEC SPC_COM_DATA '','','';
2019-06-07 16:29:33 EXEC SPC_DICTIONARY_LST3 'a';
2019-06-07 16:29:39 EXEC SPC_COM_DATA '','','';
2019-06-07 16:29:39 EXEC SPC_DICTIONARY_LST3 'a';
2019-06-07 16:29:44 EXEC SPC_COM_DATA '','','';
2019-06-07 16:29:44 EXEC SPC_DICTIONARY_LST3 'a';
2019-06-07 16:29:45 EXEC SPC_COM_DATA '','','';
2019-06-07 16:29:45 EXEC SPC_DICTIONARY_LST3 'a';
2019-06-07 16:30:37 EXEC SPC_COM_DATA '','','';
2019-06-07 16:30:37 EXEC SPC_DICTIONARY_LST3 'a';
2019-06-07 16:31:17 EXEC SPC_COM_DATA '','','';
2019-06-07 16:31:17 EXEC SPC_DICTIONARY_LST3 'a';
2019-06-07 16:31:17 EXEC SPC_COM_DATA '','','';
2019-06-07 16:31:17 EXEC SPC_DICTIONARY_LST1 '','';
2019-06-07 16:31:20 EXEC SPC_COM_DATA '','','';
2019-06-07 16:31:20 EXEC SPC_DICTIONARY_LST3 'a';
2019-06-07 16:31:22 EXEC SPC_COM_DATA '','','';
2019-06-07 16:31:22 EXEC SPC_DICTIONARY_LST3 'a';
2019-06-07 16:31:50 EXEC SPC_COM_DATA '','','';
2019-06-07 16:31:50 EXEC SPC_DICTIONARY_LST1 '','';
2019-06-07 16:31:52 EXEC SPC_COM_DATA '','','';
2019-06-07 16:31:52 EXEC SPC_DICTIONARY_LST3 'a';
2019-06-07 16:32:01 EXEC SPC_COM_DATA '','','';
2019-06-07 16:32:01 EXEC SPC_DICTIONARY_LST3 'a';
2019-06-07 16:32:03 EXEC SPC_COM_DATA '','','';
2019-06-07 16:32:03 EXEC SPC_DICTIONARY_LST1 '','';
2019-06-07 16:32:05 EXEC SPC_COM_DATA '','','';
2019-06-07 16:32:05 EXEC SPC_DICTIONARY_LST3 'a';
2019-06-07 16:32:18 EXEC SPC_COM_DATA '','','';
2019-06-07 16:32:18 EXEC SPC_DICTIONARY_LST3 'a';
2019-06-07 16:32:18 EXEC SPC_COM_DATA '','','';
2019-06-07 16:32:18 EXEC SPC_DICTIONARY_LST1 '','';
2019-06-07 16:32:21 EXEC SPC_COM_DATA '','','';
2019-06-07 16:32:21 EXEC SPC_DICTIONARY_LST3 'a';
2019-06-07 16:32:27 EXEC SPC_COM_DATA '','','';
2019-06-07 16:32:27 EXEC SPC_DICTIONARY_LST2 'Aqqqq132','','::1';
2019-06-07 16:32:52 EXEC SPC_COM_DATA '','','';
2019-06-07 16:32:52 EXEC SPC_DICTIONARY_LST3 'Aqqqq132';
2019-06-07 16:32:55 EXEC SPC_COM_DATA '','','';
2019-06-07 16:32:55 EXEC SPC_DICTIONARY_LST2 'Aqqqq13268','','::1';
2019-06-07 16:33:35 EXEC SPC_COM_DATA '','','';
2019-06-07 16:33:35 EXEC SPC_DICTIONARY_LST3 'Aqqqq13268';
2019-06-07 16:33:38 EXEC SPC_COM_DATA '','','';
2019-06-07 16:33:39 EXEC SPC_DICTIONARY_LST2 'Aqqqq13268','','::1';
2019-06-07 16:33:39 EXEC SPC_COM_DATA '','','';
2019-06-07 16:33:39 EXEC SPC_DICTIONARY_LST3 'Aqqqq13268';
2019-06-07 16:33:41 EXEC SPC_COM_DATA '','','';
2019-06-07 16:33:41 EXEC SPC_DICTIONARY_LST2 'Aqqqq13268','','::1';
2019-06-07 16:33:57 EXEC SPC_COM_DATA '','','';
2019-06-07 16:33:57 EXEC SPC_DICTIONARY_LST1 '13268','';
2019-06-07 16:33:58 EXEC SPC_COM_DATA '','','';
2019-06-07 16:33:58 EXEC SPC_DICTIONARY_LST2 'Aqqqq13268','','::1';
2019-06-07 16:34:00 EXEC SPC_COM_DATA '','','';
2019-06-07 16:34:00 EXEC SPC_DICTIONARY_LST3 'Aqqqq13268';
2019-06-07 16:34:02 EXEC SPC_COM_DATA '','','';
2019-06-07 16:34:02 EXEC SPC_DICTIONARY_LST2 'Aqqqq13268','','::1';
2019-06-07 16:34:41 EXEC SPC_COM_DATA '','','';
2019-06-07 16:34:41 EXEC SPC_DICTIONARY_LST3 'Aqqqq13268';
2019-06-07 16:34:42 EXEC SPC_COM_DATA '','','';
2019-06-07 16:34:42 EXEC SPC_DICTIONARY_LST2 'Aqqqq13268','','::1';
2019-06-07 16:34:55 EXEC SPC_COM_DATA '','','';
2019-06-07 16:35:13 EXEC SPC_COMMON_ACCOUNT '1','2';
2019-06-07 16:35:14 EXEC SPC_COM_DATA '1','1','2';
2019-06-07 16:35:14 EXEC SPC_COM_MENU '1';
2019-06-07 16:35:17 EXEC SPC_COM_PERMISSION '1','2','g001';
2019-06-07 16:35:17 EXEC SPC_COM_MENU '1';
2019-06-07 16:35:17 EXEC SPC_G001_LST1 '1','1';
2019-06-07 16:35:22 EXEC SPC_COM_PERMISSION '1','2','v001';
2019-06-07 16:35:22 EXEC SPC_COM_MENU '1';
2019-06-07 16:35:22 EXEC SPC_V001_LST1
2019-06-07 16:35:26 EXEC SPC_COM_PERMISSION '1','2','v002';
2019-06-07 16:35:26 EXEC SPC_COM_MENU '1';
2019-06-07 16:35:26 EXEC SPC_V002_FND1
2019-06-07 16:35:26 EXEC SPC_COM_PERMISSION '1','2','v002';
2019-06-07 16:35:26 EXEC SPC_COM_MENU '1';
2019-06-07 16:35:26 EXEC SPC_V002_FND1
2019-06-07 16:35:30 EXEC SPC_COM_MENU '1';
2019-06-07 16:35:30 EXEC SPC_v002_LST1 '1','0';
2019-06-07 16:35:33 EXEC SPC_COM_MENU '1';
2019-06-07 16:35:33 EXEC SPC_v002_LST1 '1','1';
2019-06-07 16:35:38 EXEC SPC_COM_MENU '1';
2019-06-07 16:35:38 EXEC SPC_v002_LST1 '1','2';
2019-06-07 16:35:38 EXEC SPC_COM_PERMISSION '1','2','v002';
2019-06-07 16:35:38 EXEC SPC_COM_MENU '1';
2019-06-07 16:35:38 EXEC SPC_V002_FND1
2019-06-07 16:35:41 EXEC SPC_COM_MENU '1';
2019-06-07 16:35:41 EXEC SPC_v002_LST1 '1','1';
2019-06-07 16:36:05 EXEC SPC_COM_MENU '1';
2019-06-07 16:36:05 EXEC SPC_V002_ACT3 '1','1','A111111','1','a','chữ 'A' trong bảng chữ cái','/web-content/images/vocabulary/cropped-colorful-alphabet-chart_20190326 1111030320201553567000649.jpg','ăn cơm ko','','','<row language1_content="apple" language2_content="Quả táo" /><row language1_content="alive" language2_content="cuộc sống" /><row language1_content="angel" language2_content="thiên thần" /><row language1_content="angel" language2_content="thiên thần" /><row language1_content="amount" language2_content="tổng cộng" /><row language1_content="apple" language2_content="Quả táo" /><row language1_content="alive" language2_content="cuộc sống" /><row language1_content="angel" language2_content="thiên thần" /><row language1_content="angel" language2_content="thiên thần" /><row language1_content="amount" language2_content="tổng cộng" />','1','::1';
2019-06-07 16:36:07 EXEC SPC_COM_MENU '1';
2019-06-07 16:36:07 EXEC SPC_v002_LST1 '1','2';
2019-06-07 16:36:31 EXEC SPC_COM_MENU '1';
2019-06-07 16:36:31 EXEC SPC_V002_ACT1 '1','2','A11','1','a','chữ 'A' trong bảng chữ cái','/web-content/images/vocabulary/cropped-colorful-alphabet-chart_20190326 1111030320201553567000649.jpg','ăn cơm ko','','','','1','::1';
2019-06-07 16:36:33 EXEC SPC_COM_MENU '1';
2019-06-07 16:36:33 EXEC SPC_v002_LST1 '1','2';
2019-06-07 16:36:41 EXEC SPC_COM_MENU '1';
2019-06-07 16:36:41 EXEC SPC_V002_ACT3 '1','2','A12','1','a','chữ 'A' trong bảng chữ cái','/web-content/images/vocabulary/cropped-colorful-alphabet-chart_20190326 1111030320201553567000649.jpg','ăn cơm ko','','','','1','::1';
2019-06-07 16:36:42 EXEC SPC_COM_MENU '1';
2019-06-07 16:36:42 EXEC SPC_v002_LST1 '16385','3';
2019-06-07 16:36:43 EXEC SPC_COM_PERMISSION '1','2','v002';
2019-06-07 16:36:43 EXEC SPC_COM_MENU '1';
2019-06-07 16:36:43 EXEC SPC_V002_FND1
2019-06-07 16:36:46 EXEC SPC_COM_MENU '1';
2019-06-07 16:36:46 EXEC SPC_v002_LST1 '1','3';
2019-06-07 16:36:52 EXEC SPC_COM_MENU '1';
2019-06-07 16:36:52 EXEC SPC_V002_ACT3 '1','3','A13','1','a','chữ 'A' trong bảng chữ cái','/web-content/images/vocabulary/cropped-colorful-alphabet-chart_20190326 1111030320201553567000649.jpg','ăn cơm ko','','','','1','::1';
2019-06-07 16:36:53 EXEC SPC_COM_MENU '1';
2019-06-07 16:36:53 EXEC SPC_v002_LST1 '16386','4';
2019-06-07 16:36:54 EXEC SPC_COM_PERMISSION '1','2','v002';
2019-06-07 16:36:54 EXEC SPC_COM_MENU '1';
2019-06-07 16:36:54 EXEC SPC_V002_FND1
2019-06-07 16:36:57 EXEC SPC_COM_MENU '1';
2019-06-07 16:36:57 EXEC SPC_v002_LST1 '1','4';
2019-06-07 16:37:05 EXEC SPC_COM_DATA '','','';
2019-06-07 16:37:05 EXEC SPC_DICTIONARY_LST3 'Aqqqq13268';
2019-06-07 16:37:06 EXEC SPC_COM_DATA '','','';
2019-06-07 16:37:06 EXEC SPC_DICTIONARY_LST3 'a';
2019-06-07 16:37:08 EXEC SPC_COM_DATA '','','';
2019-06-07 16:37:08 EXEC SPC_DICTIONARY_LST3 'a1';
2019-06-07 16:37:11 EXEC SPC_COM_DATA '','','';
2019-06-07 16:37:11 EXEC SPC_DICTIONARY_LST2 'A129','','::1';
2019-06-07 16:37:11 EXEC SPC_COM_DATA '','','';
2019-06-07 16:37:11 EXEC SPC_DICTIONARY_LST2 'A129','','::1';
2019-06-07 16:37:12 EXEC SPC_COM_DATA '','','';
2019-06-07 16:37:12 EXEC SPC_DICTIONARY_LST3 'A129';
2019-06-07 16:37:14 EXEC SPC_COM_DATA '','','';
2019-06-07 16:37:14 EXEC SPC_DICTIONARY_LST2 'A1','','::1';
2019-06-07 16:37:28 EXEC SPC_COM_DATA '','','';
2019-06-07 16:37:28 EXEC SPC_DICTIONARY_LST3 'A1';
2019-06-07 16:37:31 EXEC SPC_COM_DATA '','','';
2019-06-07 16:37:31 EXEC SPC_DICTIONARY_LST3 'A1';
2019-06-07 16:37:33 EXEC SPC_COM_DATA '','','';
2019-06-07 16:37:33 EXEC SPC_DICTIONARY_LST3 'A11';
2019-06-07 16:37:40 EXEC SPC_COM_DATA '','','';
2019-06-07 16:37:40 EXEC SPC_DICTIONARY_LST2 'A11','','::1';
2019-06-07 16:37:53 EXEC SPC_COM_MENU '1';
2019-06-07 16:37:53 EXEC SPC_v002_LST1 '1','1';
2019-06-07 16:37:55 EXEC SPC_COM_MENU '1';
2019-06-07 16:37:55 EXEC SPC_v002_LST1 '1','2';
2019-06-07 16:38:04 EXEC SPC_COM_DATA '','','';
2019-06-07 16:38:04 EXEC SPC_DICTIONARY_LST3 'A11';
2019-06-07 16:38:05 EXEC SPC_COM_DATA '','','';
2019-06-07 16:38:05 EXEC SPC_DICTIONARY_LST3 'A12';
2019-06-07 16:38:07 EXEC SPC_COM_DATA '','','';
2019-06-07 16:38:07 EXEC SPC_DICTIONARY_LST2 'A12','','::1';
2019-06-07 16:38:19 EXEC SPC_COM_DATA '','','';
2019-06-07 16:38:19 EXEC SPC_VOCABULARY_LST1 '','','3','5';
2019-06-07 16:38:21 EXEC SPC_COM_DATA '','','';
2019-06-07 16:38:21 EXEC SPC_VOCABULARY_LST2 '1','1','';
2019-06-07 16:38:25 EXEC SPC_COM_DATA '','','';
2019-06-07 16:38:25 EXEC SPC_DICTIONARY_LST1 '1','';
2019-06-07 16:38:25 EXEC SPC_COM_DATA '','','';
2019-06-07 16:38:25 EXEC SPC_DICTIONARY_LST2 'A1','','::1';
2019-06-07 16:38:39 EXEC SPC_COM_PERMISSION '1','2','v001';
2019-06-07 16:38:39 EXEC SPC_COM_MENU '1';
2019-06-07 16:38:39 EXEC SPC_V001_LST1
2019-06-07 16:38:41 EXEC SPC_COM_MENU '1';
2019-06-07 16:38:41 EXEC SPC_V001_LST2 '0','','','0','50','1';
2019-06-07 16:38:46 EXEC SPC_COM_MENU '1';
2019-06-07 16:38:46 EXEC SPC_V001_ACT2 '<row row_id="0" id="1" dtl_id="2" /><row row_id="1" id="1" dtl_id="3" /><row row_id="2" id="1" dtl_id="4" />','1','::1';
2019-06-07 16:38:48 EXEC SPC_COM_MENU '1';
2019-06-07 16:38:48 EXEC SPC_V001_LST2 '0','','','1','50','1';
2019-06-07 16:38:53 EXEC SPC_COM_MENU '1';
2019-06-07 16:38:53 EXEC SPC_V001_ACT3 '<row row_id="0" id="1" dtl_id="2" /><row row_id="1" id="1" dtl_id="3" /><row row_id="2" id="1" dtl_id="4" />','1','::1';
2019-06-07 16:38:55 EXEC SPC_COM_MENU '1';
2019-06-07 16:38:55 EXEC SPC_V001_LST2 '0','','','2','50','1';
2019-06-07 16:39:06 EXEC SPC_COM_DATA '','','';
2019-06-07 16:39:06 EXEC SPC_DICTIONARY_LST3 'A1';
2019-06-07 16:39:08 EXEC SPC_COM_DATA '','','';
2019-06-07 16:39:08 EXEC SPC_DICTIONARY_LST3 'A12';
2019-06-07 16:39:09 EXEC SPC_COM_DATA '','','';
2019-06-07 16:39:09 EXEC SPC_DICTIONARY_LST2 'A12','','::1';
2019-06-07 16:44:11 EXEC SPC_COM_DATA '','','';
2019-06-07 16:44:11 EXEC SPC_DICTIONARY_LST1 '16386','';
2019-06-07 16:44:12 EXEC SPC_COM_DATA '','','';
2019-06-07 16:44:12 EXEC SPC_DICTIONARY_LST2 'A12','','::1';
2019-06-07 16:44:13 EXEC SPC_COM_DATA '','','';
2019-06-07 16:44:13 EXEC SPC_DICTIONARY_LST3 'A12';
2019-06-07 16:44:19 EXEC SPC_COM_DATA '','','';
2019-06-07 16:44:19 EXEC SPC_DICTIONARY_LST3 'A1';
2019-06-07 16:44:27 EXEC SPC_COM_DATA '','','';
2019-06-07 16:44:27 EXEC SPC_DICTIONARY_LST2 'A1','','::1';
2019-06-07 16:44:28 EXEC SPC_COM_DATA '','','';
2019-06-07 16:44:28 EXEC SPC_DICTIONARY_LST2 'A1','','::1';
2019-06-07 16:44:33 EXEC SPC_COM_DATA '','','';
2019-06-07 16:44:33 EXEC SPC_DICTIONARY_LST3 'A11';
2019-06-07 16:44:36 EXEC SPC_COM_DATA '','','';
2019-06-07 16:44:36 EXEC SPC_DICTIONARY_LST2 'A11','','::1';
2019-06-07 16:44:36 EXEC SPC_COM_DATA '','','';
2019-06-07 16:44:36 EXEC SPC_DICTIONARY_LST2 'A11','','::1';
2019-06-07 16:44:37 EXEC SPC_COM_DATA '','','';
2019-06-07 16:44:37 EXEC SPC_DICTIONARY_LST3 'A11';
2019-06-07 16:44:40 EXEC SPC_COM_DATA '','','';
2019-06-07 16:44:40 EXEC SPC_DICTIONARY_LST3 'A12';
2019-06-07 16:44:41 EXEC SPC_COM_DATA '','','';
2019-06-07 16:44:41 EXEC SPC_DICTIONARY_LST2 'A12','','::1';
2019-06-07 16:44:41 EXEC SPC_COM_DATA '','','';
2019-06-07 16:44:41 EXEC SPC_DICTIONARY_LST2 'A12','','::1';
2019-06-07 16:44:49 EXEC SPC_COM_DATA '','','';
2019-06-07 16:44:49 EXEC SPC_DICTIONARY_LST3 'A12';
2019-06-07 16:44:50 EXEC SPC_COM_DATA '','','';
2019-06-07 16:44:50 EXEC SPC_DICTIONARY_LST2 'A12273','','::1';
2019-06-07 16:45:31 EXEC SPC_COM_DATA '','','';
2019-06-07 16:45:31 EXEC SPC_DICTIONARY_LST3 'A12273';
2019-06-07 16:45:34 EXEC SPC_COM_DATA '','','';
2019-06-07 16:45:34 EXEC SPC_DICTIONARY_LST3 'A1227';
2019-06-07 16:45:36 EXEC SPC_COM_DATA '','','';
2019-06-07 16:45:36 EXEC SPC_DICTIONARY_LST3 'A12';
2019-06-07 16:45:56 EXEC SPC_COM_DATA '','','';
2019-06-07 16:45:56 EXEC SPC_COM_DATA '','','';
2019-06-07 16:45:56 EXEC SPC_DICTIONARY_LST2 'A12285','','::1';
2019-06-07 16:46:05 EXEC SPC_COM_DATA '','','';
2019-06-07 16:46:05 EXEC SPC_DICTIONARY_LST3 'A12285';
2019-06-07 16:46:07 EXEC SPC_COM_DATA '','','';
2019-06-07 16:46:07 EXEC SPC_DICTIONARY_LST3 'A12285';
2019-06-07 16:46:16 EXEC SPC_COM_DATA '','','';
2019-06-07 16:46:16 EXEC SPC_DICTIONARY_LST3 'A12285';
2019-06-07 16:46:18 EXEC SPC_COM_DATA '','','';
2019-06-07 16:46:18 EXEC SPC_DICTIONARY_LST3 'A';
2019-06-07 16:46:36 EXEC SPC_COM_DATA '','','';
2019-06-07 16:46:36 EXEC SPC_DICTIONARY_LST3 'A1';
2019-06-07 16:46:40 EXEC SPC_COM_DATA '','','';
2019-06-07 16:46:40 EXEC SPC_DICTIONARY_LST2 'A1','','::1';
2019-06-07 16:46:40 EXEC SPC_COM_DATA '','','';
2019-06-07 16:46:40 EXEC SPC_DICTIONARY_LST2 'A1','','::1';
2019-06-07 16:46:47 EXEC SPC_COM_DATA '','','';
2019-06-07 16:46:50 EXEC SPC_COM_DATA '','','';
2019-06-07 16:46:50 EXEC SPC_GRAMMAR_LST1 '','','1','1';
2019-06-07 16:46:51 EXEC SPC_COM_DATA '','','';
2019-06-07 16:46:51 EXEC SPC_GRAMMAR_LST2 '4','6','';
2019-06-07 16:47:06 EXEC SPC_COM_DATA '','','';
2019-06-07 16:47:06 EXEC SPC_GRAMMAR_LST1 '4','','4','6';
2019-06-07 16:47:07 EXEC SPC_COM_DATA '','','';
2019-06-07 16:47:07 EXEC SPC_GRAMMAR_LST2 '4','6','';
2019-06-07 16:49:05 EXEC SPC_COM_DATA '','','';
2019-06-07 16:49:06 EXEC SPC_COM_DATA '','','';
2019-06-07 16:49:06 EXEC SPC_TRANSLATION_LST1 '','';
2019-06-07 16:49:13 EXEC SPC_COM_DATA '','','';
2019-06-07 16:49:14 EXEC SPC_COM_DATA '','','';
2019-06-07 16:49:16 EXEC SPC_COMMON_ACCOUNT '18','1';
2019-06-07 16:49:16 EXEC SPC_COM_DATA '14','1','1';
2019-06-07 16:49:17 EXEC SPC_COM_DATA '14','1','1';
2019-06-07 16:49:17 EXEC SPC_TRANSLATION_LST1 '','14';
2019-06-07 16:49:21 EXEC SPC_COM_DATA '14','1','1';
2019-06-07 16:49:24 EXEC SPC_COM_DATA '14','1','1';
2019-06-07 16:49:26 EXEC SPC_COM_DATA '14','1','1';
2019-06-07 16:49:27 EXEC SPC_COM_DATA '14','1','1';
2019-06-07 16:49:30 EXEC SPC_COM_DATA '14','1','1';
2019-06-07 16:49:32 EXEC SPC_COM_DATA '14','1','1';
2019-06-07 16:49:33 EXEC SPC_COM_DATA '14','1','1';
2019-06-07 16:49:33 EXEC SPC_COM_DATA '14','1','1';
2019-06-07 16:49:34 EXEC SPC_COM_DATA '14','1','1';
2019-06-07 16:49:36 EXEC SPC_COM_DATA '14','1','1';
2019-06-07 16:49:36 EXEC SPC_COM_DATA '14','1','1';
2019-06-07 16:49:37 EXEC SPC_COM_DATA '14','1','1';
2019-06-07 16:53:17 EXEC SPC_COM_DATA '14','1','1';
2019-06-07 16:53:18 EXEC SPC_RELAX_LST1 '','14';
2019-06-07 16:53:19 EXEC SPC_COM_DATA '14','1','1';
2019-06-07 16:53:19 EXEC SPC_RELAX_LST2 '','1','1','1','0','','14';
2019-06-07 16:53:29 EXEC SPC_COM_DATA '14','1','1';
2019-06-07 16:53:29 EXEC SPC_RELAX_ACT2 '25','14','::1';
2019-06-07 16:53:33 EXEC SPC_COM_DATA '14','1','1';
2019-06-07 16:53:33 EXEC SPC_DISCUSS_LST1 '','14';
2019-06-07 16:53:34 EXEC SPC_COM_DATA '14','1','1';
2019-06-07 16:53:34 EXEC SPC_DISCUSS_LST2 '','1','','14';
2019-06-07 16:53:37 EXEC SPC_COM_DATA '14','1','1';
2019-06-07 16:53:37 EXEC SPC_READING_LST1 '','14','4','6';
2019-06-07 16:53:38 EXEC SPC_COM_DATA '14','1','1';
2019-06-07 16:53:38 EXEC SPC_READING_LST2 '3','5','14';
2019-06-07 16:54:00 EXEC SPC_COM_PERMISSION '1','2','w001';
2019-06-07 16:54:00 EXEC SPC_COM_MENU '1';
2019-06-07 16:54:00 EXEC SPC_W001_LST1
2019-06-07 16:54:09 EXEC SPC_COM_MENU '1';
2019-06-07 16:54:09 EXEC SPC_COMMON_CATALORUE '5';
2019-06-07 16:54:10 EXEC SPC_COM_MENU '1';
2019-06-07 16:54:10 EXEC SPC_W001_LST2 '5','','','-1','','10','1';
2019-06-07 16:54:43 EXEC SPC_COM_MENU '1';
2019-06-07 16:54:43 EXEC SPC_COMMON_GROUP '3';
2019-06-07 16:54:46 EXEC SPC_COM_MENU '1';
2019-06-07 16:54:46 EXEC SPC_W001_LST2 '5','3','5','-1','','10','1';
2019-06-07 16:55:31 EXEC SPC_COM_MENU '1';
2019-06-07 16:55:31 EXEC SPC_W001_LST2 '5','3','5','-1','','10','1';
2019-06-07 16:55:40 EXEC SPC_COM_MENU '1';
2019-06-07 16:55:40 EXEC SPC_W001_LST2 '5','3','5','2','','10','1';
2019-06-07 17:02:04 EXEC SPC_COM_DATA '14','1','1';
2019-06-07 17:02:04 EXEC SPC_GRAMMAR_LST1 '','14','3','5';
2019-06-07 17:02:07 EXEC SPC_COM_DATA '14','1','1';
2019-06-07 17:02:08 EXEC SPC_GRAMMAR_LST2 '4','6','14';
2019-06-07 17:02:50 EXEC SPC_COM_PERMISSION '1','2','g005';
2019-06-07 17:02:50 EXEC SPC_COM_MENU '1';
2019-06-07 17:02:50 EXEC SPC_COM_M999_INQ1 '7';
2019-06-07 17:02:53 EXEC SPC_COM_MENU '1';
2019-06-07 17:02:53 EXEC SPC_COMMON_CATALORUE '4';
2019-06-07 17:02:57 EXEC SPC_COM_PERMISSION '1','2','g006';
2019-06-07 17:02:57 EXEC SPC_COM_MENU '1';
2019-06-07 17:02:57 EXEC SPC_COM_M999_INQ1 '7';
2019-06-07 17:03:03 EXEC SPC_COM_MENU '1';
2019-06-07 17:03:03 EXEC SPC_COMMON_CATALORUE '5';
2019-06-07 17:03:03 EXEC SPC_COM_MENU '1';
2019-06-07 17:03:03 EXEC SPC_COMMON_GROUP '';
2019-06-07 17:03:11 EXEC SPC_COM_MENU '1';
2019-06-07 17:03:11 EXEC SPC_COMMON_GROUP '3';
