2019-02-19 00:03:40 EXEC SPC_COM_DATA '','','';
2019-02-19 00:03:54 EXEC SPC_COM_DATA '','','';
2019-02-19 00:03:54 EXEC SPC_DISCUSS_LST1 '','';
2019-02-19 00:03:55 EXEC SPC_COM_DATA '','','';
2019-02-19 00:03:55 EXEC SPC_DISCUSS_LST2 '','1','','';
2019-02-19 00:03:56 EXEC SPC_COM_DATA '','','';
2019-02-19 00:03:56 EXEC SPC_RELAX_LST1 '','';
2019-02-19 00:03:57 EXEC SPC_COM_DATA '','','';
2019-02-19 00:03:57 EXEC SPC_RELAX_LST2 '','1','1','1','0','','';
2019-02-19 00:03:58 EXEC SPC_COM_DATA '','','';
2019-02-19 00:03:58 EXEC SPC_DISCUSS_LST1 '','';
2019-02-19 00:03:59 EXEC SPC_COM_DATA '','','';
2019-02-19 00:03:59 EXEC SPC_DISCUSS_LST2 '','1','','';
2019-02-19 00:04:04 EXEC SPC_COM_DATA '','','';
2019-02-19 00:04:04 EXEC SPC_COM_DATA '','','';
2019-02-19 00:04:04 EXEC SPC_DISCUSS_ACT2 '54','','127.0.0.1';
2019-02-19 00:04:04 EXEC SPC_DICTIONARY_LST1 '','';
2019-02-19 00:04:06 EXEC SPC_COM_DATA '','','';
2019-02-19 00:04:06 EXEC SPC_RELAX_LST1 '','';
2019-02-19 00:04:07 EXEC SPC_COM_DATA '','','';
2019-02-19 00:04:07 EXEC SPC_RELAX_LST2 '','1','1','1','0','','';
2019-02-19 00:04:45 EXEC SPC_COM_DATA '','','';
2019-02-19 00:04:46 EXEC SPC_COM_DATA '','','';
2019-02-19 00:04:46 EXEC SPC_TRANSLATION_LST1 '','';
2019-02-19 00:06:38 EXEC SPC_COMMON_ACCOUNT '2','1';
2019-02-19 00:06:39 EXEC SPC_COM_DATA 'khoai','2','1';
2019-02-19 00:06:39 EXEC SPC_COM_DATA 'khoai','2','1';
2019-02-19 00:06:39 EXEC SPC_TRANSLATION_LST1 '','khoai';
2019-02-19 00:06:43 EXEC SPC_COM_DATA 'khoai','2','1';
2019-02-19 00:06:45 EXEC SPC_COM_DATA 'khoai','2','1';
2019-02-19 00:06:47 EXEC SPC_COM_DATA 'khoai','2','1';
2019-02-19 00:06:49 EXEC SPC_COM_DATA 'khoai','2','1';
2019-02-19 00:06:51 EXEC SPC_COM_DATA 'khoai','2','1';
2019-02-19 00:06:52 EXEC SPC_COM_DATA 'khoai','2','1';
2019-02-19 00:06:54 EXEC SPC_COM_DATA 'khoai','2','1';
2019-02-19 00:06:55 EXEC SPC_COM_DATA 'khoai','2','1';
2019-02-19 00:06:57 EXEC SPC_COM_DATA 'khoai','2','1';
2019-02-19 00:06:58 EXEC SPC_COM_DATA 'khoai','2','1';
2019-02-19 00:07:01 EXEC SPC_COM_DATA 'khoai','2','1';
2019-02-19 00:07:07 EXEC SPC_COM_DATA 'khoai','2','1';
2019-02-19 00:07:08 EXEC SPC_COM_DATA 'khoai','2','1';
2019-02-19 00:07:10 EXEC SPC_COM_DATA 'khoai','2','1';
2019-02-19 00:07:11 EXEC SPC_COM_DATA 'khoai','2','1';
2019-02-19 00:07:12 EXEC SPC_COM_DATA 'khoai','2','1';
2019-02-19 00:07:13 EXEC SPC_COM_DATA 'khoai','2','1';
2019-02-19 00:07:14 EXEC SPC_COM_DATA 'khoai','2','1';
2019-02-19 00:07:15 EXEC SPC_COM_DATA 'khoai','2','1';
2019-02-19 00:09:50 EXEC SPC_COM_DATA 'khoai','2','1';
2019-02-19 00:09:51 EXEC SPC_COM_DATA 'khoai','2','1';
2019-02-19 00:09:51 EXEC SPC_TRANSLATION_LST1 '','khoai';
2019-02-19 00:10:18 EXEC SPC_COM_DATA 'khoai','2','1';
2019-02-19 00:10:20 EXEC SPC_COM_DATA 'khoai','2','1';
2019-02-19 00:10:21 EXEC SPC_COM_DATA 'khoai','2','1';
2019-02-19 00:10:22 EXEC SPC_COM_DATA 'khoai','2','1';
2019-02-19 00:10:24 EXEC SPC_COM_DATA 'khoai','2','1';
2019-02-19 00:10:26 EXEC SPC_COM_DATA 'khoai','2','1';
2019-02-19 00:10:27 EXEC SPC_COM_DATA 'khoai','2','1';
2019-02-19 00:10:28 EXEC SPC_COM_DATA 'khoai','2','1';
2019-02-19 00:10:30 EXEC SPC_COM_DATA 'khoai','2','1';
2019-02-19 00:10:31 EXEC SPC_COM_DATA 'khoai','2','1';
2019-02-19 00:10:32 EXEC SPC_COM_DATA 'khoai','2','1';
2019-02-19 00:10:33 EXEC SPC_COM_DATA 'khoai','2','1';
2019-02-19 00:10:34 EXEC SPC_COM_DATA 'khoai','2','1';
2019-02-19 00:10:37 EXEC SPC_COM_DATA 'khoai','2','1';
2019-02-19 00:10:38 EXEC SPC_COM_DATA 'khoai','2','1';
2019-02-19 00:10:39 EXEC SPC_COM_DATA 'khoai','2','1';
2019-02-19 00:10:41 EXEC SPC_COM_DATA 'khoai','2','1';
2019-02-19 00:10:42 EXEC SPC_COM_DATA 'khoai','2','1';
2019-02-19 00:10:44 EXEC SPC_COM_DATA 'khoai','2','1';
2019-02-19 00:10:45 EXEC SPC_COM_DATA 'khoai','2','1';
2019-02-19 00:10:46 EXEC SPC_COM_DATA 'khoai','2','1';
2019-02-19 00:10:59 EXEC SPC_COM_DATA 'khoai','2','1';
2019-02-19 00:10:59 EXEC SPC_VOCABULARY_LST1 '','khoai','','';
2019-02-19 00:11:00 EXEC SPC_COM_DATA 'khoai','2','1';
2019-02-19 00:11:00 EXEC SPC_VOCABULARY_LST2 '2','1','khoai';
2019-02-19 00:11:02 EXEC SPC_COM_DATA 'khoai','2','1';
2019-02-19 00:11:02 EXEC SPC_GRAMMAR_LST1 '','khoai','2','1';
2019-02-19 00:11:02 EXEC SPC_COM_DATA 'khoai','2','1';
2019-02-19 00:11:02 EXEC SPC_GRAMMAR_LST2 '6','7','khoai';
2019-02-19 00:11:03 EXEC SPC_COM_DATA 'khoai','2','1';
2019-02-19 00:11:03 EXEC SPC_LISTENING_LST1 '','khoai','6','7';
2019-02-19 00:11:04 EXEC SPC_COM_DATA 'khoai','2','1';
2019-02-19 00:11:04 EXEC SPC_LISTENING_LST2 '8','8','khoai';
2019-02-19 00:11:05 EXEC SPC_COM_DATA 'khoai','2','1';
2019-02-19 00:11:05 EXEC SPC_WRITING_LST1 '','khoai','8','8';
2019-02-19 00:11:06 EXEC SPC_COM_DATA 'khoai','2','1';
2019-02-19 00:11:06 EXEC SPC_COMMON_GET_SUGGEST
2019-02-19 00:11:06 EXEC SPC_COM_DATA 'khoai','2','1';
2019-02-19 00:11:06 EXEC SPC_WRITING_LST2 '9','10','khoai';
2019-02-19 00:11:08 EXEC SPC_COM_DATA 'khoai','2','1';
2019-02-19 00:11:08 EXEC SPC_READING_LST1 '','khoai','9','10';
2019-02-19 00:11:08 EXEC SPC_COM_DATA 'khoai','2','1';
2019-02-19 00:11:08 EXEC SPC_READING_LST2 '12','14','khoai';
2019-02-19 00:12:00 EXEC SPC_COM_DATA 'khoai','2','1';
2019-02-19 00:12:00 EXEC SPC_READING_LST1 '','khoai','12','14';
2019-02-19 00:12:00 EXEC SPC_COM_DATA 'khoai','2','1';
2019-02-19 00:12:00 EXEC SPC_READING_LST2 '12','14','khoai';
2019-02-19 00:12:02 EXEC SPC_COM_DATA 'khoai','2','1';
2019-02-19 00:12:02 EXEC SPC_SOCIAL_LST1 '','khoai';
2019-02-19 00:12:03 EXEC SPC_COM_DATA 'khoai','2','1';
2019-02-19 00:12:03 EXEC SPC_SOCIAL_LST2 '','1','','khoai';
2019-02-19 00:12:04 EXEC SPC_COM_DATA 'khoai','2','1';
2019-02-19 00:12:04 EXEC SPC_READING_LST1 '','khoai','12','14';
2019-02-19 00:12:04 EXEC SPC_COM_DATA 'khoai','2','1';
2019-02-19 00:12:04 EXEC SPC_READING_LST2 '12','14','khoai';
2019-02-19 00:12:05 EXEC SPC_COM_DATA 'khoai','2','1';
2019-02-19 00:12:05 EXEC SPC_WRITING_LST1 '','khoai','12','14';
2019-02-19 00:12:06 EXEC SPC_COM_DATA 'khoai','2','1';
2019-02-19 00:12:06 EXEC SPC_COMMON_GET_SUGGEST
2019-02-19 00:12:06 EXEC SPC_COM_DATA 'khoai','2','1';
2019-02-19 00:12:06 EXEC SPC_WRITING_LST2 '9','10','khoai';
2019-02-19 00:12:08 EXEC SPC_COM_DATA 'khoai','2','1';
2019-02-19 00:12:08 EXEC SPC_READING_LST1 '','khoai','9','10';
2019-02-19 00:12:09 EXEC SPC_COM_DATA 'khoai','2','1';
2019-02-19 00:12:09 EXEC SPC_READING_LST2 '12','14','khoai';
2019-02-19 00:12:14 EXEC SPC_COM_DATA 'khoai','2','1';
2019-02-19 00:12:14 EXEC SPC_DISCUSS_LST1 '','khoai';
2019-02-19 00:12:15 EXEC SPC_COM_DATA 'khoai','2','1';
2019-02-19 00:12:15 EXEC SPC_DISCUSS_LST2 '','1','','khoai';
2019-02-19 00:12:17 EXEC SPC_COM_DATA 'khoai','2','1';
2019-02-19 00:12:17 EXEC SPC_DISCUSS_LST2 '','1','<row tag_id="1085" /><row tag_id="1088" />','khoai';
2019-02-19 00:12:18 EXEC SPC_COM_DATA 'khoai','2','1';
2019-02-19 00:12:18 EXEC SPC_DISCUSS_LST2 '','1','<row tag_id="1085" /><row tag_id="1088" />','khoai';
2019-02-19 00:12:20 EXEC SPC_COM_DATA 'khoai','2','1';
2019-02-19 00:12:20 EXEC SPC_DISCUSS_LST2 '','1','<row tag_id="1085" /><row tag_id="1088" />','khoai';
2019-02-19 00:12:25 EXEC SPC_COM_DATA 'khoai','2','1';
2019-02-19 00:12:25 EXEC SPC_DISCUSS_ACT2 '54','khoai','127.0.0.1';
2019-02-19 00:16:12 EXEC SPC_COM_DATA '','','';
2019-02-19 00:17:14 EXEC SPC_COMMON_ACCOUNT '2','1';
2019-02-19 00:17:14 EXEC SPC_COM_DATA 'khoai','2','1';
2019-02-19 00:17:14 EXEC SPC_COM_MENU '2';
2019-02-19 00:17:25 EXEC SPC_COM_DATA '','','';
2019-02-19 00:17:25 EXEC SPC_DISCUSS_LST1 '54','';
2019-02-19 00:17:26 EXEC SPC_COM_DATA '','','';
2019-02-19 00:17:26 EXEC SPC_DISCUSS_LST2 '54','1','','';
2019-02-19 00:17:31 EXEC SPC_COM_DATA '','','';
2019-02-19 00:17:31 EXEC SPC_DISCUSS_ACT2 '54','','127.0.0.1';
2019-02-19 00:18:16 EXEC SPC_COM_DATA 'khoai','2','1';
2019-02-19 00:18:16 EXEC SPC_DISCUSS_LST1 '','khoai';
2019-02-19 00:18:17 EXEC SPC_COM_DATA 'khoai','2','1';
2019-02-19 00:18:17 EXEC SPC_DISCUSS_LST2 '','1','','khoai';
2019-02-19 00:18:22 EXEC SPC_COM_DATA 'khoai','2','1';
2019-02-19 00:18:22 EXEC SPC_DISCUSS_ACT2 '54','khoai','127.0.0.1';
2019-02-19 00:19:27 EXEC SPC_COM_DATA 'khoai','2','1';
2019-02-19 00:19:28 EXEC SPC_COM_ADD_QUESTION '','khi nào nhậu?','<p>Nhậu c&aacute;i cc nh&aacute;</p>','<row tag_nm="khoai" is_new="1" />','khoai','127.0.0.1';
2019-02-19 00:22:50 EXEC SPC_COM_DATA 'khoai','2','1';
2019-02-19 00:22:50 EXEC SPC_DISCUSS_LST1 '54','khoai';
2019-02-19 00:22:50 EXEC SPC_COM_DATA 'khoai','2','1';
2019-02-19 00:22:50 EXEC SPC_DISCUSS_LST2 '54','1','','khoai';
2019-02-19 00:22:56 EXEC SPC_COM_DATA 'khoai','2','1';
2019-02-19 00:22:56 EXEC SPC_DISCUSS_ACT2 '54','khoai','127.0.0.1';
2019-02-19 00:23:09 EXEC SPC_COM_DATA 'khoai','2','1';
2019-02-19 00:23:09 EXEC SPC_COM_ADD_QUESTION '2054','khi nào nhậu?','<p>Nhậu c&aacute;i cc nh&aacute;</p>','<row tag_id="3090" is_new="0" />','khoai','127.0.0.1';
2019-02-19 00:23:18 EXEC SPC_COM_DATA 'khoai','2','1';
2019-02-19 00:23:18 EXEC SPC_DISCUSS_LST2 '','2','','khoai';
2019-02-19 00:23:24 EXEC SPC_COM_DATA 'khoai','2','1';
2019-02-19 00:23:24 EXEC SPC_DISCUSS_ACT2 '2054','khoai','127.0.0.1';
2019-02-19 00:25:06 EXEC SPC_COM_DATA 'khoai','2','1';
2019-02-19 00:25:06 EXEC SPC_DISCUSS_LST1 '2054','khoai';
2019-02-19 00:25:07 EXEC SPC_COM_DATA 'khoai','2','1';
2019-02-19 00:25:07 EXEC SPC_DISCUSS_LST2 '2054','1','','khoai';
2019-02-19 00:25:12 EXEC SPC_COM_DATA 'khoai','2','1';
2019-02-19 00:25:12 EXEC SPC_DISCUSS_ACT2 '2054','khoai','127.0.0.1';
2019-02-19 00:27:03 EXEC SPC_COM_DATA 'khoai','2','1';
2019-02-19 00:27:03 EXEC SPC_DISCUSS_LST1 '2054','khoai';
2019-02-19 00:27:04 EXEC SPC_COM_DATA 'khoai','2','1';
2019-02-19 00:27:04 EXEC SPC_DISCUSS_LST2 '2054','1','','khoai';
2019-02-19 00:27:10 EXEC SPC_COM_DATA 'khoai','2','1';
2019-02-19 00:27:10 EXEC SPC_DISCUSS_ACT2 '2054','khoai','127.0.0.1';
2019-02-19 00:27:18 EXEC SPC_COM_DATA 'khoai','2','1';
2019-02-19 00:27:18 EXEC SPC_DISCUSS_LST1 '2054','khoai';
2019-02-19 00:27:19 EXEC SPC_COM_DATA 'khoai','2','1';
2019-02-19 00:27:19 EXEC SPC_DISCUSS_LST2 '2054','1','','khoai';
2019-02-19 00:27:25 EXEC SPC_COM_DATA 'khoai','2','1';
2019-02-19 00:27:25 EXEC SPC_DISCUSS_ACT2 '2054','khoai','127.0.0.1';
2019-02-19 00:28:27 EXEC SPC_COMMON_ACCOUNT '2','1';
2019-02-19 00:28:27 EXEC SPC_COM_DATA 'khoai','2','1';
2019-02-19 00:28:27 EXEC SPC_DISCUSS_LST1 '54','khoai';
2019-02-19 00:28:28 EXEC SPC_COM_DATA 'khoai','2','1';
2019-02-19 00:28:28 EXEC SPC_DISCUSS_LST2 '54','1','','khoai';
2019-02-19 00:28:33 EXEC SPC_COM_DATA 'khoai','2','1';
2019-02-19 00:28:33 EXEC SPC_DISCUSS_ACT2 '54','khoai','127.0.0.1';
2019-02-19 00:30:59 EXEC SPC_COM_DATA 'khoai','2','1';
2019-02-19 00:30:59 EXEC SPC_DISCUSS_LST1 '54','khoai';
2019-02-19 00:31:00 EXEC SPC_COM_DATA 'khoai','2','1';
2019-02-19 00:31:00 EXEC SPC_DISCUSS_LST2 '54','1','','khoai';
2019-02-19 00:31:05 EXEC SPC_COM_DATA 'khoai','2','1';
2019-02-19 00:31:05 EXEC SPC_DISCUSS_ACT2 '54','khoai','127.0.0.1';
2019-02-19 00:31:49 EXEC SPC_COM_DATA 'khoai','2','1';
2019-02-19 00:31:49 EXEC SPC_DISCUSS_LST1 '54','khoai';
2019-02-19 00:31:50 EXEC SPC_COM_DATA 'khoai','2','1';
2019-02-19 00:31:50 EXEC SPC_DISCUSS_LST2 '54','1','','khoai';
2019-02-19 00:31:55 EXEC SPC_COM_DATA 'khoai','2','1';
2019-02-19 00:31:55 EXEC SPC_DISCUSS_ACT2 '54','khoai','127.0.0.1';
2019-02-19 00:37:59 EXEC SPC_COM_DATA 'khoai','2','1';
2019-02-19 00:37:59 EXEC SPC_DISCUSS_LST1 '54','khoai';
2019-02-19 00:38:00 EXEC SPC_COM_DATA 'khoai','2','1';
2019-02-19 00:38:00 EXEC SPC_DISCUSS_LST2 '54','1','','khoai';
2019-02-19 00:38:05 EXEC SPC_COM_DATA 'khoai','2','1';
2019-02-19 00:38:05 EXEC SPC_DISCUSS_ACT2 '54','khoai','127.0.0.1';
2019-02-19 00:38:18 EXEC SPC_COM_DATA 'khoai','2','1';
2019-02-19 00:38:18 EXEC SPC_DISCUSS_LST1 '54','khoai';
2019-02-19 00:38:19 EXEC SPC_COM_DATA 'khoai','2','1';
2019-02-19 00:38:19 EXEC SPC_DISCUSS_LST2 '54','1','','khoai';
2019-02-19 00:38:24 EXEC SPC_COM_DATA 'khoai','2','1';
2019-02-19 00:38:24 EXEC SPC_DISCUSS_ACT2 '54','khoai','127.0.0.1';
2019-02-19 00:41:05 EXEC SPC_COM_DATA 'khoai','2','1';
2019-02-19 00:41:05 EXEC SPC_DISCUSS_LST1 '54','khoai';
2019-02-19 00:41:06 EXEC SPC_COM_DATA 'khoai','2','1';
2019-02-19 00:41:06 EXEC SPC_DISCUSS_LST2 '54','1','','khoai';
2019-02-19 00:41:11 EXEC SPC_COM_DATA 'khoai','2','1';
2019-02-19 00:41:11 EXEC SPC_DISCUSS_ACT2 '54','khoai','127.0.0.1';
2019-02-19 00:42:21 EXEC SPC_COM_DATA 'khoai','2','1';
2019-02-19 00:42:21 EXEC SPC_DISCUSS_LST1 '54','khoai';
2019-02-19 00:42:22 EXEC SPC_COM_DATA 'khoai','2','1';
2019-02-19 00:42:22 EXEC SPC_DISCUSS_LST2 '54','1','','khoai';
2019-02-19 00:42:27 EXEC SPC_COM_DATA 'khoai','2','1';
2019-02-19 00:42:27 EXEC SPC_DISCUSS_ACT2 '54','khoai','127.0.0.1';
2019-02-19 00:43:14 EXEC SPC_COM_DATA 'khoai','2','1';
2019-02-19 00:43:14 EXEC SPC_COM_ADD_QUESTION '1045','VỀ NƯỚC CHO RỒI','<p>về nh&agrave; ăn tết tết</p>

<p>anh về đ&acirc;u?</p>

<p>hền gia lại n&agrave;y =))</p>

<p>quẩy th&ocirc;i&nbsp;em iu</p>','<row tag_id="1085" is_new="0" /><row tag_id="1086" is_new="0" /><row tag_id="2084" is_new="0" /><row tag_id="2085" is_new="0" />','khoai','127.0.0.1';
2019-02-19 00:43:16 EXEC SPC_COM_DATA 'khoai','2','1';
2019-02-19 00:43:16 EXEC SPC_DISCUSS_LST1 '1045','khoai';
2019-02-19 00:43:17 EXEC SPC_COM_DATA 'khoai','2','1';
2019-02-19 00:43:17 EXEC SPC_DISCUSS_LST2 '1045','1','','khoai';
2019-02-19 00:43:19 EXEC SPC_COM_DATA 'khoai','2','1';
2019-02-19 00:43:19 EXEC SPC_RELAX_LST1 '','khoai';
2019-02-19 00:43:20 EXEC SPC_COM_DATA 'khoai','2','1';
2019-02-19 00:43:20 EXEC SPC_RELAX_LST2 '','1','1','1','0','','khoai';
2019-02-19 00:43:25 EXEC SPC_COM_DATA 'khoai','2','1';
2019-02-19 00:43:25 EXEC SPC_RELAX_ACT3 '44','9','This is my story','<row tag_id="78" is_new="0" />','<p>.hero-image&nbsp;{<br />
&nbsp; background-image:&nbsp;url(&quot;photographer.jpg&quot;);&nbsp;/* The image used */<br />
&nbsp; background-color:&nbsp;#cccccc;&nbsp;/* Used if the image is unavailable */<br />
&nbsp; height:&nbsp;500px;&nbsp;/* You must set a specified height */<br />
&nbsp; background-position:&nbsp;center;&nbsp;/* Center the image */<br />
&nbsp; background-repeat:&nbsp;no-repeat;&nbsp;/* Do not repeat the image */<br />
&nbsp; background-size:&nbsp;cover;&nbsp;/* Resize the background image to cover the entire container */<br />
}</p>
','','','0','khoai','127.0.0.1';
2019-02-19 00:43:26 EXEC SPC_COM_DATA 'khoai','2','1';
2019-02-19 00:43:26 EXEC SPC_RELAX_ACT2 '2053','khoai','127.0.0.1';
2019-02-19 00:43:28 EXEC SPC_COM_DATA 'khoai','2','1';
2019-02-19 00:43:28 EXEC SPC_RELAX_LST2 '','1','1','1','<row tag_id="3089" />','0','khoai';
2019-02-19 00:43:34 EXEC SPC_COM_DATA 'khoai','2','1';
2019-02-19 00:43:34 EXEC SPC_RELAX_ACT2 '2053','khoai','127.0.0.1';
2019-02-19 00:43:39 EXEC SPC_COM_DATA 'khoai','2','1';
2019-02-19 00:43:40 EXEC SPC_RELAX_ACT3 '44','9','This is my story','<row tag_id="78" is_new="0" />','<p>.hero-image&nbsp;{<br />
&nbsp; background-image:&nbsp;url(&quot;photographer.jpg&quot;);&nbsp;/* The image used */<br />
&nbsp; background-color:&nbsp;#cccccc;&nbsp;/* Used if the image is unavailable */<br />
&nbsp; height:&nbsp;500px;&nbsp;/* You must set a specified height */<br />
&nbsp; background-position:&nbsp;center;&nbsp;/* Center the image */<br />
&nbsp; background-repeat:&nbsp;no-repeat;&nbsp;/* Do not repeat the image */<br />
&nbsp; background-size:&nbsp;cover;&nbsp;/* Resize the background image to cover the entire container */<br />
}</p>
','','','0','khoai','127.0.0.1';
2019-02-19 00:43:56 EXEC SPC_COM_DATA 'khoai','2','1';
2019-02-19 00:43:56 EXEC SPC_RELAX_ACT3 '44','9','This is my story','<row tag_id="78" is_new="0" />','<p>.hero-image&nbsp;{<br />
&nbsp; background-image:&nbsp;url(&quot;photographer.jpg&quot;);&nbsp;/* The image used */<br />
&nbsp; background-color:&nbsp;#cccccc;&nbsp;/* Used if the image is unavailable */<br />
&nbsp; height:&nbsp;500px;&nbsp;/* You must set a specified height */<br />
&nbsp; background-position:&nbsp;center;&nbsp;/* Center the image */<br />
&nbsp; background-repeat:&nbsp;no-repeat;&nbsp;/* Do not repeat the image */<br />
&nbsp; background-size:&nbsp;cover;&nbsp;/* Resize the background image to cover the entire container */<br />
}</p>
','','','0','khoai','127.0.0.1';
2019-02-19 00:44:10 EXEC SPC_COM_DATA 'khoai','2','1';
2019-02-19 00:44:10 EXEC SPC_RELAX_LST2 '','1','1','1','0','','khoai';
2019-02-19 00:44:16 EXEC SPC_COM_DATA 'khoai','2','1';
2019-02-19 00:44:16 EXEC SPC_RELAX_ACT2 '44','khoai','127.0.0.1';
2019-02-19 00:44:22 EXEC SPC_COM_DATA 'khoai','2','1';
2019-02-19 00:44:22 EXEC SPC_RELAX_ACT3 '44','9','This is my story :(','<row tag_id="78" is_new="0" />','<p>.hero-image&nbsp;{<br />
&nbsp; background-image:&nbsp;url(&quot;photographer.jpg&quot;);&nbsp;/* The image used */<br />
&nbsp; background-color:&nbsp;#cccccc;&nbsp;/* Used if the image is unavailable */<br />
&nbsp; height:&nbsp;500px;&nbsp;/* You must set a specified height */<br />
&nbsp; background-position:&nbsp;center;&nbsp;/* Center the image */<br />
&nbsp; background-repeat:&nbsp;no-repeat;&nbsp;/* Do not repeat the image */<br />
&nbsp; background-size:&nbsp;cover;&nbsp;/* Resize the background image to cover the entire container */<br />
}</p>
','','','0','khoai','127.0.0.1';
2019-02-19 00:44:24 EXEC SPC_COM_DATA 'khoai','2','1';
2019-02-19 00:44:24 EXEC SPC_RELAX_LST2 '','1','1','1','<row tag_id="78" />','0','khoai';
2019-02-19 00:44:29 EXEC SPC_COM_DATA 'khoai','2','1';
2019-02-19 00:44:29 EXEC SPC_RELAX_ACT2 '44','khoai','127.0.0.1';
2019-02-19 00:44:35 EXEC SPC_COM_DATA 'khoai','2','1';
2019-02-19 00:44:35 EXEC SPC_RELAX_ACT3 '44','9','This is my story :((','<row tag_id="78" is_new="0" />','<p>.hero-image&nbsp;{<br />
&nbsp; background-image:&nbsp;url(&quot;photographer.jpg&quot;);&nbsp;/* The image used */<br />
&nbsp; background-color:&nbsp;#cccccc;&nbsp;/* Used if the image is unavailable */<br />
&nbsp; height:&nbsp;500px;&nbsp;/* You must set a specified height */<br />
&nbsp; background-position:&nbsp;center;&nbsp;/* Center the image */<br />
&nbsp; background-repeat:&nbsp;no-repeat;&nbsp;/* Do not repeat the image */<br />
&nbsp; background-size:&nbsp;cover;&nbsp;/* Resize the background image to cover the entire container */<br />
}</p>
','','','0','khoai','127.0.0.1';
2019-02-19 00:46:31 EXEC SPC_COM_DATA 'khoai','2','1';
2019-02-19 00:46:31 EXEC SPC_RELAX_LST1 '44','khoai';
2019-02-19 00:46:31 EXEC SPC_COM_DATA 'khoai','2','1';
2019-02-19 00:46:31 EXEC SPC_RELAX_LST2 '44','1','1','1','0','','khoai';
2019-02-19 00:46:43 EXEC SPC_COM_DATA 'khoai','2','1';
2019-02-19 00:46:43 EXEC SPC_RELAX_ACT2 '44','khoai','127.0.0.1';
2019-02-19 00:46:44 EXEC SPC_COM_DATA 'khoai','2','1';
2019-02-19 00:46:44 EXEC SPC_RELAX_LST1 '44','khoai';
2019-02-19 00:46:45 EXEC SPC_COM_DATA 'khoai','2','1';
2019-02-19 00:46:45 EXEC SPC_RELAX_LST2 '44','1','1','1','0','','khoai';
2019-02-19 00:46:51 EXEC SPC_COM_DATA 'khoai','2','1';
2019-02-19 00:46:51 EXEC SPC_RELAX_ACT3 '44','9','This is my story :((','<row tag_id="78" is_new="0" />','<p>.hero-image&nbsp;{<br />
&nbsp; background-image:&nbsp;url(&quot;photographer.jpg&quot;);&nbsp;/* The image used */<br />
&nbsp; background-color:&nbsp;#cccccc;&nbsp;/* Used if the image is unavailable */<br />
&nbsp; height:&nbsp;500px;&nbsp;/* You must set a specified height */<br />
&nbsp; background-position:&nbsp;center;&nbsp;/* Center the image */<br />
&nbsp; background-repeat:&nbsp;no-repeat;&nbsp;/* Do not repeat the image */<br />
&nbsp; background-size:&nbsp;cover;&nbsp;/* Resize the background image to cover the entire container */<br />
}</p>
','','','0','khoai','127.0.0.1';
2019-02-19 00:46:57 EXEC SPC_COM_DATA 'khoai','2','1';
2019-02-19 00:46:57 EXEC SPC_RELAX_ACT2 '44','khoai','127.0.0.1';
2019-02-19 00:47:17 EXEC SPC_COM_DATA 'khoai','2','1';
2019-02-19 00:47:17 EXEC SPC_RELAX_LST1 '44','khoai';
2019-02-19 00:47:17 EXEC SPC_COM_DATA 'khoai','2','1';
2019-02-19 00:47:17 EXEC SPC_RELAX_LST2 '44','1','1','1','0','','khoai';
2019-02-19 00:47:26 EXEC SPC_COM_DATA 'khoai','2','1';
2019-02-19 00:47:26 EXEC SPC_RELAX_ACT3 '40','8','why i'm handsome too much?','<row tag_id="73" is_new="0" /><row tag_id="75" is_new="0" />','<p>This&nbsp;<em>video</em>&nbsp;was a collaboration with the creative agency Sagmeister &amp; Walsh as a contribution to their ...</p>
','https://www.youtube.com/watch?v=-O5kNPlUV7w','','3','khoai','127.0.0.1';
2019-02-19 00:47:29 EXEC SPC_COM_DATA 'khoai','2','1';
2019-02-19 00:47:29 EXEC SPC_RELAX_ACT2 '44','khoai','127.0.0.1';
2019-02-19 00:47:33 EXEC SPC_COM_DATA 'khoai','2','1';
2019-02-19 00:47:33 EXEC SPC_RELAX_LST2 '','1','1','1','<row tag_id="78" />','0','khoai';
2019-02-19 00:47:38 EXEC SPC_COM_DATA 'khoai','2','1';
2019-02-19 00:47:38 EXEC SPC_RELAX_ACT2 '44','khoai','127.0.0.1';
2019-02-19 00:47:50 EXEC SPC_COM_DATA 'khoai','2','1';
2019-02-19 00:47:50 EXEC SPC_RELAX_LST1 '44','khoai';
2019-02-19 00:47:51 EXEC SPC_COM_DATA 'khoai','2','1';
2019-02-19 00:47:51 EXEC SPC_RELAX_LST2 '44','1','1','1','0','','khoai';
2019-02-19 00:48:02 EXEC SPC_COM_DATA 'khoai','2','1';
2019-02-19 00:48:02 EXEC SPC_RELAX_ACT2 '44','khoai','127.0.0.1';
2019-02-19 01:06:32 EXEC SPC_COM_DATA 'khoai','2','1';
2019-02-19 01:06:32 EXEC SPC_COM_MENU '2';
2019-02-19 01:06:39 EXEC SPC_COM_DATA 'khoai','2','1';
2019-02-19 01:06:39 EXEC SPC_VOCABULARY_LST1 '','khoai','','';
2019-02-19 01:06:39 EXEC SPC_COM_DATA 'khoai','2','1';
2019-02-19 01:06:39 EXEC SPC_VOCABULARY_LST2 '2','1','khoai';
2019-02-19 01:29:10 EXEC SPC_COM_DATA 'khoai','2','1';
2019-02-19 01:29:10 EXEC SPC_GRAMMAR_LST1 '','khoai','2','1';
2019-02-19 01:29:11 EXEC SPC_COM_DATA 'khoai','2','1';
2019-02-19 01:29:11 EXEC SPC_GRAMMAR_LST2 '6','7','khoai';
2019-02-19 01:29:45 EXEC SPC_COM_DATA '','','';
2019-02-19 01:29:45 EXEC SPC_DISCUSS_LST1 '2054','';
2019-02-19 01:29:46 EXEC SPC_COM_DATA '','','';
2019-02-19 01:29:46 EXEC SPC_DISCUSS_LST2 '2054','1','','';
2019-02-19 01:29:52 EXEC SPC_COM_DATA '','','';
2019-02-19 01:29:52 EXEC SPC_DISCUSS_ACT2 '2054','','127.0.0.1';
2019-02-19 01:29:58 EXEC SPC_COM_DATA 'khoai','2','1';
2019-02-19 01:29:58 EXEC SPC_DISCUSS_LST1 '','khoai';
2019-02-19 01:29:59 EXEC SPC_COM_DATA 'khoai','2','1';
2019-02-19 01:29:59 EXEC SPC_DISCUSS_LST2 '','1','','khoai';
2019-02-19 01:30:04 EXEC SPC_COM_DATA 'khoai','2','1';
2019-02-19 01:30:04 EXEC SPC_COM_DATA 'khoai','2','1';
2019-02-19 01:30:04 EXEC SPC_DISCUSS_ACT2 '2054','khoai','127.0.0.1';
2019-02-19 01:31:49 EXEC SPC_COM_DATA 'khoai','2','1';
2019-02-19 01:31:49 EXEC SPC_RELAX_LST1 '','khoai';
2019-02-19 01:31:49 EXEC SPC_COM_DATA 'khoai','2','1';
2019-02-19 01:31:49 EXEC SPC_RELAX_LST2 '','1','1','1','0','','khoai';
2019-02-19 01:31:55 EXEC SPC_COM_DATA 'khoai','2','1';
2019-02-19 01:31:55 EXEC SPC_RELAX_ACT2 '2053','khoai','127.0.0.1';
2019-02-19 01:31:57 EXEC SPC_COM_DATA 'khoai','2','1';
2019-02-19 01:33:25 EXEC SPC_COM_DATA 'khoai','2','1';
2019-02-19 01:33:25 EXEC SPC_RELAX_LST1 '2053','khoai';
2019-02-19 01:33:26 EXEC SPC_COM_DATA 'khoai','2','1';
2019-02-19 01:33:26 EXEC SPC_RELAX_LST2 '2053','1','1','1','0','','khoai';
2019-02-19 01:33:29 EXEC SPC_COM_DATA 'khoai','2','1';
2019-02-19 01:33:31 EXEC SPC_COM_DATA 'khoai','2','1';
2019-02-19 01:33:31 EXEC SPC_RELAX_ACT2 '2053','khoai','127.0.0.1';
2019-02-19 01:33:48 EXEC SPC_COM_DATA 'khoai','2','1';
2019-02-19 01:33:48 EXEC SPC_RELAX_LST1 '2053','khoai';
2019-02-19 01:33:49 EXEC SPC_COM_DATA 'khoai','2','1';
2019-02-19 01:33:49 EXEC SPC_RELAX_LST2 '2053','1','1','1','0','','khoai';
2019-02-19 01:33:51 EXEC SPC_COM_DATA 'khoai','2','1';
2019-02-19 01:33:54 EXEC SPC_COM_DATA 'khoai','2','1';
2019-02-19 01:33:54 EXEC SPC_RELAX_ACT2 '2053','khoai','127.0.0.1';
2019-02-19 01:34:06 EXEC SPC_COM_DATA 'khoai','2','1';
2019-02-19 01:34:07 EXEC SPC_COM_DATA 'khoai','2','1';
2019-02-19 01:34:07 EXEC SPC_TRANSLATION_LST1 '','khoai';
2019-02-19 01:45:43 EXEC SPC_COM_DATA 'khoai','2','1';
2019-02-19 01:45:43 EXEC SPC_GRAMMAR_LST1 '','khoai','6','7';
2019-02-19 01:45:43 EXEC SPC_COM_DATA 'khoai','2','1';
2019-02-19 01:45:43 EXEC SPC_GRAMMAR_LST2 '6','7','khoai';
2019-02-19 02:08:14 EXEC SPC_COM_DATA 'khoai','2','1';
2019-02-19 02:08:15 EXEC SPC_COM_MENU '2';
2019-02-19 02:08:17 EXEC SPC_COM_DATA 'khoai','2','1';
2019-02-19 02:08:17 EXEC SPC_VOCABULARY_LST1 '','khoai','6','7';
2019-02-19 02:08:18 EXEC SPC_COM_DATA 'khoai','2','1';
2019-02-19 02:08:18 EXEC SPC_VOCABULARY_LST2 '2','1','khoai';
2019-02-19 02:08:19 EXEC SPC_COM_DATA 'khoai','2','1';
2019-02-19 02:08:19 EXEC SPC_GRAMMAR_LST1 '','khoai','2','1';
2019-02-19 02:08:19 EXEC SPC_COM_DATA 'khoai','2','1';
2019-02-19 02:08:19 EXEC SPC_GRAMMAR_LST2 '6','7','khoai';
2019-02-19 02:08:20 EXEC SPC_COM_DATA 'khoai','2','1';
2019-02-19 02:08:20 EXEC SPC_LISTENING_LST1 '','khoai','6','7';
2019-02-19 02:08:21 EXEC SPC_COM_DATA 'khoai','2','1';
2019-02-19 02:08:21 EXEC SPC_LISTENING_LST2 '8','8','khoai';
2019-02-19 02:08:21 EXEC SPC_COM_DATA 'khoai','2','1';
2019-02-19 02:08:21 EXEC SPC_WRITING_LST1 '','khoai','8','8';
2019-02-19 02:08:22 EXEC SPC_COM_DATA 'khoai','2','1';
2019-02-19 02:08:22 EXEC SPC_COMMON_GET_SUGGEST
2019-02-19 02:08:22 EXEC SPC_COM_DATA 'khoai','2','1';
2019-02-19 02:08:22 EXEC SPC_WRITING_LST2 '9','10','khoai';
2019-02-19 02:08:23 EXEC SPC_COM_DATA 'khoai','2','1';
2019-02-19 02:08:23 EXEC SPC_READING_LST1 '','khoai','9','10';
2019-02-19 02:08:23 EXEC SPC_COM_DATA 'khoai','2','1';
2019-02-19 02:08:23 EXEC SPC_READING_LST2 '12','14','khoai';
2019-02-19 02:08:23 EXEC SPC_COM_DATA 'khoai','2','1';
2019-02-19 02:08:23 EXEC SPC_SOCIAL_LST1 '','khoai';
2019-02-19 02:08:24 EXEC SPC_COM_DATA 'khoai','2','1';
2019-02-19 02:08:24 EXEC SPC_SOCIAL_LST2 '','1','','khoai';
2019-02-19 02:08:25 EXEC SPC_COM_DATA 'khoai','2','1';
2019-02-19 02:08:25 EXEC SPC_DISCUSS_LST1 '','khoai';
2019-02-19 02:08:25 EXEC SPC_COM_DATA 'khoai','2','1';
2019-02-19 02:08:25 EXEC SPC_DISCUSS_LST2 '','1','','khoai';
2019-02-19 02:08:26 EXEC SPC_COM_DATA 'khoai','2','1';
2019-02-19 02:08:26 EXEC SPC_DICTIONARY_LST1 '','khoai';
2019-02-19 02:08:27 EXEC SPC_COM_DATA 'khoai','2','1';
2019-02-19 02:08:27 EXEC SPC_RELAX_LST1 '','khoai';
2019-02-19 02:08:27 EXEC SPC_COM_DATA 'khoai','2','1';
2019-02-19 02:08:27 EXEC SPC_RELAX_LST2 '','1','1','1','0','','khoai';
2019-02-19 02:08:29 EXEC SPC_COM_DATA 'khoai','2','1';
2019-02-19 02:08:29 EXEC SPC_COM_DATA 'khoai','2','1';
2019-02-19 02:08:29 EXEC SPC_TRANSLATION_LST1 '','khoai';
2019-02-19 02:08:30 EXEC SPC_COM_DATA 'khoai','2','1';
2019-02-19 02:08:30 EXEC SPC_COM_MENU '2';
2019-02-19 02:19:29 EXEC SPC_COM_DATA '','','';
2019-02-19 02:19:31 EXEC SPC_COM_DATA '','','';
2019-02-19 02:19:31 EXEC SPC_VOCABULARY_LST1 '','','','';
2019-02-19 02:19:32 EXEC SPC_COM_DATA '','','';
2019-02-19 02:19:32 EXEC SPC_VOCABULARY_LST2 '2','1','';
2019-02-19 02:19:34 EXEC SPC_COM_DATA '','','';
2019-02-19 02:19:34 EXEC SPC_GRAMMAR_LST1 '','','2','1';
2019-02-19 02:19:34 EXEC SPC_COM_DATA '','','';
2019-02-19 02:19:34 EXEC SPC_GRAMMAR_LST2 '6','7','';
2019-02-19 02:19:35 EXEC SPC_COM_DATA '','','';
2019-02-19 02:19:35 EXEC SPC_LISTENING_LST1 '','','6','7';
2019-02-19 02:19:36 EXEC SPC_COM_DATA '','','';
2019-02-19 02:19:36 EXEC SPC_LISTENING_LST2 '8','8','';
2019-02-19 02:19:49 EXEC SPC_COM_DATA '','','';
2019-02-19 02:19:49 EXEC SPC_WRITING_LST1 '','','8','8';
2019-02-19 02:19:50 EXEC SPC_COM_DATA '','','';
2019-02-19 02:19:50 EXEC SPC_COMMON_GET_SUGGEST
2019-02-19 02:19:50 EXEC SPC_COM_DATA '','','';
2019-02-19 02:19:50 EXEC SPC_WRITING_LST2 '9','10','';
2019-02-19 02:19:50 EXEC SPC_COM_DATA '','','';
2019-02-19 02:19:50 EXEC SPC_READING_LST1 '','','9','10';
2019-02-19 02:19:51 EXEC SPC_COM_DATA '','','';
2019-02-19 02:19:51 EXEC SPC_READING_LST2 '12','14','';
2019-02-19 02:19:52 EXEC SPC_COM_DATA '','','';
2019-02-19 02:19:52 EXEC SPC_SOCIAL_LST1 '','';
2019-02-19 02:19:52 EXEC SPC_COM_DATA '','','';
2019-02-19 02:19:52 EXEC SPC_SOCIAL_LST2 '','1','','';
2019-02-19 02:19:53 EXEC SPC_COM_DATA '','','';
2019-02-19 02:19:53 EXEC SPC_DISCUSS_LST1 '','';
2019-02-19 02:19:53 EXEC SPC_COM_DATA '','','';
2019-02-19 02:19:53 EXEC SPC_DISCUSS_LST2 '','1','','';
2019-02-19 02:19:54 EXEC SPC_COM_DATA '','','';
2019-02-19 02:19:54 EXEC SPC_DICTIONARY_LST1 '','';
2019-02-19 02:19:54 EXEC SPC_COM_DATA '','','';
2019-02-19 02:19:54 EXEC SPC_RELAX_LST1 '','';
2019-02-19 02:19:55 EXEC SPC_COM_DATA '','','';
2019-02-19 02:19:55 EXEC SPC_RELAX_LST2 '','1','1','1','0','','';
2019-02-19 02:20:00 EXEC SPC_COM_DATA '','','';
2019-02-19 02:20:00 EXEC SPC_RELAX_ACT2 '2053','','127.0.0.1';
2019-02-19 02:22:37 EXEC SPC_COM_DATA '','','';
2019-02-19 02:22:38 EXEC SPC_COM_DATA '','','';
2019-02-19 02:22:38 EXEC SPC_VOCABULARY_LST1 '','','12','14';
2019-02-19 02:22:39 EXEC SPC_COM_DATA '','','';
2019-02-19 02:22:39 EXEC SPC_VOCABULARY_LST2 '2','1','';
2019-02-19 02:22:42 EXEC SPC_COM_DATA '','','';
2019-02-19 02:22:42 EXEC SPC_GRAMMAR_LST1 '','','2','1';
2019-02-19 02:22:42 EXEC SPC_COM_DATA '','','';
2019-02-19 02:22:42 EXEC SPC_GRAMMAR_LST2 '6','7','';
2019-02-19 02:22:43 EXEC SPC_COM_DATA '','','';
2019-02-19 02:22:43 EXEC SPC_LISTENING_LST1 '','','6','7';
2019-02-19 02:22:44 EXEC SPC_COM_DATA '','','';
2019-02-19 02:22:44 EXEC SPC_LISTENING_LST2 '8','8','';
2019-02-19 02:22:44 EXEC SPC_COM_DATA '','','';
2019-02-19 02:22:44 EXEC SPC_WRITING_LST1 '','','8','8';
2019-02-19 02:22:45 EXEC SPC_COM_DATA '','','';
2019-02-19 02:22:45 EXEC SPC_COMMON_GET_SUGGEST
2019-02-19 02:22:45 EXEC SPC_COM_DATA '','','';
2019-02-19 02:22:45 EXEC SPC_WRITING_LST2 '9','10','';
2019-02-19 02:22:45 EXEC SPC_COM_DATA '','','';
2019-02-19 02:22:45 EXEC SPC_READING_LST1 '','','9','10';
2019-02-19 02:22:46 EXEC SPC_COM_DATA '','','';
2019-02-19 02:22:46 EXEC SPC_READING_LST2 '12','14','';
2019-02-19 02:22:46 EXEC SPC_COM_DATA '','','';
2019-02-19 02:22:46 EXEC SPC_SOCIAL_LST1 '','';
2019-02-19 02:22:47 EXEC SPC_COM_DATA '','','';
2019-02-19 02:22:47 EXEC SPC_SOCIAL_LST2 '','1','','';
2019-02-19 02:22:52 EXEC SPC_COM_DATA '','','';
2019-02-19 02:22:52 EXEC SPC_SOCIAL_ACT2 '21','','127.0.0.1';
2019-02-19 02:23:55 EXEC SPC_COM_DATA '','','';
2019-02-19 02:23:55 EXEC SPC_READING_LST1 '9','','','';
2019-02-19 02:23:56 EXEC SPC_COM_DATA '','','';
2019-02-19 02:23:56 EXEC SPC_READING_LST2 '12','14','';
2019-02-19 02:24:15 EXEC SPC_COM_DATA '','','';
2019-02-19 02:24:15 EXEC SPC_READING_LST1 '9','','','';
2019-02-19 02:24:15 EXEC SPC_COM_DATA '','','';
2019-02-19 02:24:15 EXEC SPC_READING_LST2 '12','14','';
2019-02-19 02:24:26 EXEC SPC_COM_DATA '','','';
2019-02-19 02:24:26 EXEC SPC_READING_LST1 '9','','12','14';
2019-02-19 02:24:27 EXEC SPC_COM_DATA '','','';
2019-02-19 02:24:27 EXEC SPC_READING_LST2 '12','14','';
2019-02-19 02:31:50 EXEC SPC_COM_DATA '','','';
2019-02-19 02:31:50 EXEC SPC_READING_LST1 '9','','','';
2019-02-19 02:31:51 EXEC SPC_COM_DATA '','','';
2019-02-19 02:31:51 EXEC SPC_READING_LST2 '12','14','';
2019-02-19 02:32:02 EXEC SPC_COMMON_ACCOUNT '2','1';
2019-02-19 02:32:03 EXEC SPC_COM_DATA 'khoai','2','1';
2019-02-19 02:32:03 EXEC SPC_READING_LST1 '9','khoai','12','14';
2019-02-19 02:32:03 EXEC SPC_COM_DATA 'khoai','2','1';
2019-02-19 02:32:04 EXEC SPC_READING_LST2 '12','14','khoai';
2019-02-19 02:33:04 EXEC SPC_COM_DATA '','','';
2019-02-19 02:33:04 EXEC SPC_READING_LST1 '9','','','';
2019-02-19 02:33:04 EXEC SPC_COM_DATA '','','';
2019-02-19 02:33:05 EXEC SPC_READING_LST2 '12','14','';
2019-02-19 02:35:47 EXEC SPC_COM_DATA '','','';
2019-02-19 02:35:47 EXEC SPC_READING_LST1 '9','','12','14';
2019-02-19 02:35:48 EXEC SPC_COM_DATA '','','';
2019-02-19 02:35:48 EXEC SPC_READING_LST2 '12','14','';
2019-02-19 02:38:12 EXEC SPC_COM_DATA '','','';
2019-02-19 02:38:12 EXEC SPC_READING_LST1 '11','','','';
2019-02-19 02:38:13 EXEC SPC_COM_DATA '','','';
2019-02-19 02:38:13 EXEC SPC_READING_LST2 '12','14','';
2019-02-19 11:39:26 EXEC SPC_COM_DATA '','','';
2019-02-19 11:39:26 EXEC SPC_READING_LST1 '11','','','';
2019-02-19 11:39:27 EXEC SPC_COM_DATA '','','';
2019-02-19 11:39:27 EXEC SPC_READING_LST2 '12','14','';
2019-02-19 02:39:36 EXEC SPC_COM_DATA '','','';
2019-02-19 02:39:36 EXEC SPC_READING_LST1 '11','','12','14';
2019-02-19 02:39:37 EXEC SPC_COM_DATA '','','';
2019-02-19 02:39:37 EXEC SPC_READING_LST2 '12','14','';
2019-02-19 11:39:56 EXEC SPC_COM_DATA '','','';
2019-02-19 11:39:56 EXEC SPC_READING_LST1 '11','','12','14';
2019-02-19 11:39:57 EXEC SPC_COM_DATA '','','';
2019-02-19 11:39:57 EXEC SPC_READING_LST2 '12','14','';
2019-02-19 02:40:04 EXEC SPC_COM_DATA '','','';
2019-02-19 02:40:04 EXEC SPC_READING_LST1 '11','','12','14';
2019-02-19 02:40:05 EXEC SPC_COM_DATA '','','';
2019-02-19 02:40:05 EXEC SPC_READING_LST2 '12','14','';
2019-02-19 04:22:05 EXEC SPC_COM_DATA '','','';
2019-02-19 04:22:05 EXEC SPC_READING_LST1 '11','','12','14';
2019-02-19 04:22:07 EXEC SPC_COM_DATA '','','';
2019-02-19 04:22:07 EXEC SPC_READING_LST2 '12','14','';
2019-02-19 04:34:42 EXEC SPC_COM_DATA '','','';
2019-02-19 04:34:42 EXEC SPC_READING_LST1 '11','','','';
2019-02-19 04:34:43 EXEC SPC_COM_DATA '','','';
2019-02-19 04:34:43 EXEC SPC_READING_LST2 '12','14','';
2019-02-19 04:48:30 EXEC SPC_COM_DATA '','','';
2019-02-19 04:48:30 EXEC SPC_READING_LST1 '11','','','';
2019-02-19 04:48:31 EXEC SPC_COM_DATA '','','';
2019-02-19 04:48:31 EXEC SPC_READING_LST2 '12','14','';
2019-02-19 04:48:43 EXEC SPC_COM_DATA '','','';
2019-02-19 04:48:43 EXEC SPC_READING_LST1 '11','','','';
2019-02-19 04:48:44 EXEC SPC_COM_DATA '','','';
2019-02-19 04:48:44 EXEC SPC_READING_LST2 '12','14','';
2019-02-19 04:49:06 EXEC SPC_COM_DATA '','','';
2019-02-19 04:49:06 EXEC SPC_READING_LST1 '11','','12','14';
2019-02-19 04:49:07 EXEC SPC_COM_DATA '','','';
2019-02-19 04:49:07 EXEC SPC_READING_LST2 '12','14','';
2019-02-19 14:02:38 EXEC SPC_COM_DATA '','','';
2019-02-19 14:02:38 EXEC SPC_READING_LST1 '11','','12','14';
2019-02-19 14:02:40 EXEC SPC_COM_DATA '','','';
2019-02-19 14:02:40 EXEC SPC_READING_LST2 '12','14','';
2019-02-19 14:03:09 EXEC SPC_COM_DATA '','','';
2019-02-19 14:03:09 EXEC SPC_READING_LST1 '11','','12','14';
2019-02-19 14:03:10 EXEC SPC_COM_DATA '','','';
2019-02-19 14:03:10 EXEC SPC_READING_LST2 '12','14','';
2019-02-19 14:03:49 EXEC SPC_COM_DATA '','','';
2019-02-19 14:03:49 EXEC SPC_READING_LST1 '11','','','';
2019-02-19 14:03:50 EXEC SPC_COM_DATA '','','';
2019-02-19 14:03:50 EXEC SPC_READING_LST2 '12','14','';
2019-02-19 14:04:01 EXEC SPC_COMMON_ACCOUNT '2','1';
2019-02-19 14:04:01 EXEC SPC_COM_DATA 'khoai','2','1';
2019-02-19 14:04:01 EXEC SPC_READING_LST1 '11','khoai','12','14';
2019-02-19 14:04:02 EXEC SPC_COM_DATA 'khoai','2','1';
2019-02-19 14:04:02 EXEC SPC_READING_LST2 '12','14','khoai';
2019-02-19 14:13:33 EXEC SPC_COM_DATA '','','';
2019-02-19 14:13:33 EXEC SPC_READING_LST1 '11','','','';
2019-02-19 14:13:34 EXEC SPC_COM_DATA '','','';
2019-02-19 14:13:34 EXEC SPC_READING_LST2 '12','14','';
2019-02-19 14:13:46 EXEC SPC_COMMON_ACCOUNT '2','1';
2019-02-19 14:13:47 EXEC SPC_COM_DATA 'khoai','2','1';
2019-02-19 14:13:47 EXEC SPC_READING_LST1 '11','khoai','12','14';
2019-02-19 14:13:48 EXEC SPC_COM_DATA 'khoai','2','1';
2019-02-19 14:13:48 EXEC SPC_READING_LST2 '12','14','khoai';
2019-02-19 14:14:13 EXEC SPC_COM_DATA '','','';
2019-02-19 14:14:13 EXEC SPC_READING_LST1 '11','','','';
2019-02-19 14:14:14 EXEC SPC_COM_DATA '','','';
2019-02-19 14:14:14 EXEC SPC_READING_LST2 '12','14','';
2019-02-19 14:14:18 EXEC SPC_COM_DATA '','','';
2019-02-19 14:14:19 EXEC SPC_READING_LST1 '11','','12','14';
2019-02-19 14:14:19 EXEC SPC_COM_DATA '','','';
2019-02-19 14:14:19 EXEC SPC_READING_LST2 '12','14','';
2019-02-19 14:17:39 EXEC SPC_COM_DATA '','','';
2019-02-19 14:17:39 EXEC SPC_READING_LST1 '11','','','';
2019-02-19 14:17:40 EXEC SPC_COM_DATA '','','';
2019-02-19 14:17:40 EXEC SPC_READING_LST2 '12','14','';
2019-02-19 14:18:09 EXEC SPC_COM_DATA '','','';
2019-02-19 14:18:09 EXEC SPC_READING_LST1 '11','','','';
2019-02-19 14:18:10 EXEC SPC_COM_DATA '','','';
2019-02-19 14:18:10 EXEC SPC_READING_LST2 '12','14','';
2019-02-19 14:18:35 EXEC SPC_COM_DATA '','','';
2019-02-19 14:18:35 EXEC SPC_READING_LST1 '11','','','';
2019-02-19 14:18:36 EXEC SPC_COM_DATA '','','';
2019-02-19 14:18:36 EXEC SPC_READING_LST2 '12','14','';
2019-02-19 14:19:33 EXEC SPC_COM_DATA '','','';
2019-02-19 14:19:33 EXEC SPC_READING_LST1 '11','','','';
2019-02-19 14:19:34 EXEC SPC_COM_DATA '','','';
2019-02-19 14:19:34 EXEC SPC_READING_LST2 '12','14','';
2019-02-19 14:21:07 EXEC SPC_COM_DATA '','','';
2019-02-19 14:21:07 EXEC SPC_READING_LST1 '11','','12','14';
2019-02-19 14:21:07 EXEC SPC_COM_DATA '','','';
2019-02-19 14:21:07 EXEC SPC_READING_LST2 '12','14','';
2019-02-19 14:21:35 EXEC SPC_COM_DATA '','','';
2019-02-19 14:21:35 EXEC SPC_READING_LST1 '11','','','';
2019-02-19 14:21:36 EXEC SPC_COM_DATA '','','';
2019-02-19 14:21:36 EXEC SPC_READING_LST2 '12','14','';
2019-02-19 14:21:54 EXEC SPC_COM_DATA '','','';
2019-02-19 14:21:54 EXEC SPC_READING_LST1 '11','','','';
2019-02-19 14:21:54 EXEC SPC_COM_DATA '','','';
2019-02-19 14:21:54 EXEC SPC_READING_LST2 '12','14','';
2019-02-19 14:23:43 EXEC SPC_COM_DATA '','','';
2019-02-19 14:23:43 EXEC SPC_READING_LST1 '11','','','';
2019-02-19 14:23:44 EXEC SPC_COM_DATA '','','';
2019-02-19 14:23:44 EXEC SPC_READING_LST2 '12','14','';
2019-02-19 14:24:40 EXEC SPC_COM_DATA '','','';
2019-02-19 14:24:40 EXEC SPC_READING_LST1 '11','','','';
2019-02-19 14:24:41 EXEC SPC_COM_DATA '','','';
2019-02-19 14:24:41 EXEC SPC_READING_LST2 '12','14','';
2019-02-19 14:27:27 EXEC SPC_COM_DATA '','','';
2019-02-19 14:27:27 EXEC SPC_READING_LST1 '11','','','';
2019-02-19 14:27:28 EXEC SPC_COM_DATA '','','';
2019-02-19 14:27:28 EXEC SPC_READING_LST2 '12','14','';
2019-02-19 14:29:53 EXEC SPC_COM_DATA '','','';
2019-02-19 14:29:53 EXEC SPC_READING_LST1 '11','','','';
2019-02-19 14:29:54 EXEC SPC_COM_DATA '','','';
2019-02-19 14:29:54 EXEC SPC_READING_LST2 '12','14','';
2019-02-19 14:30:02 EXEC SPC_COMMON_ACCOUNT '2','1';
2019-02-19 14:30:02 EXEC SPC_COM_DATA '','','';
2019-02-19 14:30:02 EXEC SPC_READING_LST1 '11','','','';
2019-02-19 14:30:03 EXEC SPC_COM_DATA '','','';
2019-02-19 14:30:03 EXEC SPC_READING_LST2 '12','14','';
2019-02-19 14:30:20 EXEC SPC_COMMON_ACCOUNT '2','1';
2019-02-19 14:30:20 EXEC SPC_COM_DATA '','','';
2019-02-19 14:30:20 EXEC SPC_READING_LST1 '11','','','';
2019-02-19 14:30:21 EXEC SPC_COM_DATA '','','';
2019-02-19 14:30:21 EXEC SPC_READING_LST2 '12','14','';
2019-02-19 14:32:32 EXEC SPC_COM_DATA '','','';
2019-02-19 14:32:32 EXEC SPC_READING_LST1 '11','','12','14';
2019-02-19 14:32:33 EXEC SPC_COM_DATA '','','';
2019-02-19 14:32:33 EXEC SPC_READING_LST2 '12','14','';
2019-02-19 14:35:36 EXEC SPC_COM_DATA '','','';
2019-02-19 14:35:36 EXEC SPC_READING_LST1 '11','','','';
2019-02-19 14:35:38 EXEC SPC_COM_DATA '','','';
2019-02-19 14:35:38 EXEC SPC_READING_LST2 '12','14','';
2019-02-19 14:52:18 EXEC SPC_COM_DATA '','','';
2019-02-19 14:52:18 EXEC SPC_READING_LST1 '11','','','';
2019-02-19 14:52:19 EXEC SPC_COM_DATA '','','';
2019-02-19 14:52:19 EXEC SPC_READING_LST2 '12','14','';
2019-02-19 15:00:19 EXEC SPC_COM_DATA '','','';
2019-02-19 15:00:19 EXEC SPC_READING_LST1 '11','','12','14';
2019-02-19 15:00:20 EXEC SPC_COM_DATA '','','';
2019-02-19 15:00:20 EXEC SPC_READING_LST2 '12','14','';
2019-02-19 15:01:06 EXEC SPC_COM_DATA '','','';
2019-02-19 15:01:06 EXEC SPC_READING_LST1 '11','','','';
2019-02-19 15:01:07 EXEC SPC_COM_DATA '','','';
2019-02-19 15:01:07 EXEC SPC_READING_LST2 '12','14','';
2019-02-19 15:01:23 EXEC SPC_COM_DATA '','','';
2019-02-19 15:01:23 EXEC SPC_READING_LST1 '11','','','';
2019-02-19 15:01:24 EXEC SPC_COM_DATA '','','';
2019-02-19 15:01:24 EXEC SPC_READING_LST2 '12','14','';
2019-02-19 15:03:15 EXEC SPC_COM_DATA '','','';
2019-02-19 15:03:15 EXEC SPC_READING_LST1 '11','','','';
2019-02-19 15:03:16 EXEC SPC_COM_DATA '','','';
2019-02-19 15:03:16 EXEC SPC_READING_LST2 '12','14','';
2019-02-19 15:03:42 EXEC SPC_COM_DATA '','','';
2019-02-19 15:03:43 EXEC SPC_READING_LST1 '11','','','';
2019-02-19 15:03:43 EXEC SPC_COM_DATA '','','';
2019-02-19 15:03:43 EXEC SPC_READING_LST2 '12','14','';
2019-02-19 15:04:35 EXEC SPC_COM_DATA '','','';
2019-02-19 15:04:35 EXEC SPC_READING_LST1 '11','','','';
2019-02-19 15:04:36 EXEC SPC_COM_DATA '','','';
2019-02-19 15:04:36 EXEC SPC_READING_LST2 '12','14','';
2019-02-19 15:23:36 EXEC SPC_COM_DATA '','','';
2019-02-19 15:23:36 EXEC SPC_READING_LST1 '11','','','';
2019-02-19 15:23:37 EXEC SPC_COM_DATA '','','';
2019-02-19 15:23:37 EXEC SPC_READING_LST2 '12','14','';
2019-02-19 15:28:59 EXEC SPC_COM_DATA '','','';
2019-02-19 15:28:59 EXEC SPC_READING_LST1 '11','','','';
2019-02-19 15:29:00 EXEC SPC_COM_DATA '','','';
2019-02-19 15:29:00 EXEC SPC_READING_LST2 '12','14','';
2019-02-19 15:29:30 EXEC SPC_COM_DATA '','','';
2019-02-19 15:29:30 EXEC SPC_READING_LST1 '11','','','';
2019-02-19 15:29:32 EXEC SPC_COM_DATA '','','';
2019-02-19 15:29:32 EXEC SPC_READING_LST2 '12','14','';
2019-02-19 15:30:35 EXEC SPC_COM_DATA '','','';
2019-02-19 15:30:35 EXEC SPC_READING_LST1 '11','','','';
2019-02-19 15:30:36 EXEC SPC_COM_DATA '','','';
2019-02-19 15:30:36 EXEC SPC_READING_LST2 '12','14','';
2019-02-19 15:30:56 EXEC SPC_COM_DATA '','','';
2019-02-19 15:30:56 EXEC SPC_READING_LST1 '11','','','';
2019-02-19 15:30:57 EXEC SPC_COM_DATA '','','';
2019-02-19 15:30:57 EXEC SPC_READING_LST2 '12','14','';
2019-02-19 15:45:32 EXEC SPC_COM_DATA '','','';
2019-02-19 15:45:32 EXEC SPC_READING_LST1 '11','','','';
2019-02-19 15:45:33 EXEC SPC_COM_DATA '','','';
2019-02-19 15:45:33 EXEC SPC_READING_LST2 '12','14','';
2019-02-19 15:45:53 EXEC SPC_COM_DATA '','','';
2019-02-19 15:45:53 EXEC SPC_READING_LST1 '11','','','';
2019-02-19 15:45:54 EXEC SPC_COM_DATA '','','';
2019-02-19 15:45:54 EXEC SPC_READING_LST2 '12','14','';
2019-02-19 15:46:27 EXEC SPC_COM_DATA '','','';
2019-02-19 15:46:27 EXEC SPC_READING_LST1 '11','','','';
2019-02-19 15:46:28 EXEC SPC_COM_DATA '','','';
2019-02-19 15:46:28 EXEC SPC_READING_LST2 '12','14','';
2019-02-19 15:47:48 EXEC SPC_COM_DATA '','','';
2019-02-19 15:47:48 EXEC SPC_READING_LST1 '11','','','';
2019-02-19 15:47:49 EXEC SPC_COM_DATA '','','';
2019-02-19 15:47:49 EXEC SPC_READING_LST2 '12','14','';
2019-02-19 15:50:58 EXEC SPC_COM_DATA '','','';
2019-02-19 15:50:58 EXEC SPC_READING_LST1 '11','','','';
2019-02-19 15:50:59 EXEC SPC_COM_DATA '','','';
2019-02-19 15:50:59 EXEC SPC_READING_LST2 '12','14','';
2019-02-19 15:51:27 EXEC SPC_COM_DATA '','','';
2019-02-19 15:51:27 EXEC SPC_READING_LST1 '11','','','';
2019-02-19 15:51:28 EXEC SPC_COM_DATA '','','';
2019-02-19 15:51:28 EXEC SPC_READING_LST2 '12','14','';
2019-02-19 15:56:05 EXEC SPC_COM_DATA '','','';
2019-02-19 15:56:05 EXEC SPC_READING_LST1 '11','','12','14';
2019-02-19 15:56:06 EXEC SPC_COM_DATA '','','';
2019-02-19 15:56:06 EXEC SPC_READING_LST2 '12','14','';
2019-02-19 15:56:27 EXEC SPC_COM_DATA '','','';
2019-02-19 15:56:27 EXEC SPC_READING_LST1 '11','','','';
2019-02-19 15:56:28 EXEC SPC_COM_DATA '','','';
2019-02-19 15:56:28 EXEC SPC_READING_LST2 '12','14','';
2019-02-19 15:57:58 EXEC SPC_COM_DATA '','','';
2019-02-19 15:57:58 EXEC SPC_READING_LST1 '11','','','';
2019-02-19 15:57:59 EXEC SPC_COM_DATA '','','';
2019-02-19 15:57:59 EXEC SPC_READING_LST2 '12','14','';
2019-02-19 15:59:00 EXEC SPC_COM_DATA '','','';
2019-02-19 15:59:00 EXEC SPC_READING_LST1 '11','','','';
2019-02-19 15:59:01 EXEC SPC_COM_DATA '','','';
2019-02-19 15:59:01 EXEC SPC_READING_LST2 '12','14','';
2019-02-19 16:05:20 EXEC SPC_COM_DATA '','','';
2019-02-19 16:05:20 EXEC SPC_READING_LST1 '11','','','';
2019-02-19 16:05:21 EXEC SPC_COM_DATA '','','';
2019-02-19 16:05:21 EXEC SPC_READING_LST2 '12','14','';
2019-02-19 16:06:16 EXEC SPC_COM_DATA '','','';
2019-02-19 16:06:16 EXEC SPC_READING_LST1 '11','','','';
2019-02-19 16:06:16 EXEC SPC_COM_DATA '','','';
2019-02-19 16:06:16 EXEC SPC_READING_LST2 '12','14','';
2019-02-19 16:07:18 EXEC SPC_COM_DATA '','','';
2019-02-19 16:07:18 EXEC SPC_READING_LST1 '11','','','';
2019-02-19 16:07:19 EXEC SPC_COM_DATA '','','';
2019-02-19 16:07:19 EXEC SPC_READING_LST2 '12','14','';
2019-02-19 16:07:57 EXEC SPC_COM_DATA '','','';
2019-02-19 16:07:57 EXEC SPC_READING_LST1 '11','','','';
2019-02-19 16:07:57 EXEC SPC_COM_DATA '','','';
2019-02-19 16:07:57 EXEC SPC_READING_LST2 '12','14','';
2019-02-19 16:09:02 EXEC SPC_COM_DATA '','','';
2019-02-19 16:09:02 EXEC SPC_READING_LST1 '11','','','';
2019-02-19 16:09:03 EXEC SPC_COM_DATA '','','';
2019-02-19 16:09:03 EXEC SPC_READING_LST2 '12','14','';
2019-02-19 16:10:05 EXEC SPC_COM_DATA '','','';
2019-02-19 16:10:05 EXEC SPC_READING_LST1 '11','','','';
2019-02-19 16:10:06 EXEC SPC_COM_DATA '','','';
2019-02-19 16:10:06 EXEC SPC_READING_LST2 '12','14','';
2019-02-19 16:11:51 EXEC SPC_COM_DATA '','','';
2019-02-19 16:11:51 EXEC SPC_READING_LST1 '11','','','';
2019-02-19 16:11:52 EXEC SPC_COM_DATA '','','';
2019-02-19 16:11:52 EXEC SPC_READING_LST2 '12','14','';
2019-02-19 16:12:51 EXEC SPC_COM_DATA '','','';
2019-02-19 16:12:51 EXEC SPC_READING_LST1 '11','','','';
2019-02-19 16:12:52 EXEC SPC_COM_DATA '','','';
2019-02-19 16:12:52 EXEC SPC_READING_LST2 '12','14','';
2019-02-19 16:14:16 EXEC SPC_COM_DATA '','','';
2019-02-19 16:14:16 EXEC SPC_READING_LST1 '11','','','';
2019-02-19 16:14:17 EXEC SPC_COM_DATA '','','';
2019-02-19 16:14:17 EXEC SPC_READING_LST2 '12','14','';
2019-02-19 16:14:54 EXEC SPC_COM_DATA '','','';
2019-02-19 16:14:54 EXEC SPC_READING_LST1 '11','','','';
2019-02-19 16:14:55 EXEC SPC_COM_DATA '','','';
2019-02-19 16:14:55 EXEC SPC_READING_LST2 '12','14','';
2019-02-19 16:16:03 EXEC SPC_COM_DATA '','','';
2019-02-19 16:16:03 EXEC SPC_READING_LST1 '11','','','';
2019-02-19 16:16:04 EXEC SPC_COM_DATA '','','';
2019-02-19 16:16:04 EXEC SPC_READING_LST2 '12','14','';
2019-02-19 16:16:46 EXEC SPC_COM_DATA '','','';
2019-02-19 16:16:46 EXEC SPC_READING_LST1 '11','','','';
2019-02-19 16:16:47 EXEC SPC_COM_DATA '','','';
2019-02-19 16:16:47 EXEC SPC_READING_LST2 '12','14','';
2019-02-19 16:17:10 EXEC SPC_COM_DATA '','','';
2019-02-19 16:17:10 EXEC SPC_READING_LST1 '11','','','';
2019-02-19 16:17:11 EXEC SPC_COM_DATA '','','';
2019-02-19 16:17:11 EXEC SPC_READING_LST2 '12','14','';
2019-02-19 16:17:49 EXEC SPC_COM_DATA '','','';
2019-02-19 16:17:49 EXEC SPC_READING_LST1 '11','','','';
2019-02-19 16:17:50 EXEC SPC_COM_DATA '','','';
2019-02-19 16:17:50 EXEC SPC_READING_LST2 '12','14','';
2019-02-19 16:21:17 EXEC SPC_COM_DATA '','','';
2019-02-19 16:21:17 EXEC SPC_READING_LST1 '11','','','';
2019-02-19 16:21:18 EXEC SPC_COM_DATA '','','';
2019-02-19 16:21:18 EXEC SPC_READING_LST2 '12','14','';
2019-02-19 16:22:39 EXEC SPC_COM_DATA '','','';
2019-02-19 16:22:39 EXEC SPC_READING_LST1 '11','','','';
2019-02-19 16:22:40 EXEC SPC_COM_DATA '','','';
2019-02-19 16:22:40 EXEC SPC_READING_LST2 '12','14','';
2019-02-19 16:23:21 EXEC SPC_COM_DATA '','','';
2019-02-19 16:23:21 EXEC SPC_READING_LST1 '11','','','';
2019-02-19 16:23:22 EXEC SPC_COM_DATA '','','';
2019-02-19 16:23:22 EXEC SPC_READING_LST2 '12','14','';
2019-02-19 16:24:09 EXEC SPC_COM_DATA '','','';
2019-02-19 16:24:09 EXEC SPC_READING_LST1 '11','','','';
2019-02-19 16:24:10 EXEC SPC_COM_DATA '','','';
2019-02-19 16:24:10 EXEC SPC_READING_LST2 '12','14','';
2019-02-19 16:35:37 EXEC SPC_COM_DATA '','','';
2019-02-19 16:35:37 EXEC SPC_READING_LST1 '11','','12','14';
2019-02-19 16:35:38 EXEC SPC_COM_DATA '','','';
2019-02-19 16:35:38 EXEC SPC_READING_LST2 '12','14','';
2019-02-19 16:37:16 EXEC SPC_COM_DATA '','','';
2019-02-19 16:37:16 EXEC SPC_READING_LST1 '11','','12','14';
2019-02-19 16:37:17 EXEC SPC_COM_DATA '','','';
2019-02-19 16:37:18 EXEC SPC_READING_LST2 '12','14','';
2019-02-19 16:37:26 EXEC SPC_COMMON_ACCOUNT '2','1';
2019-02-19 16:37:26 EXEC SPC_COM_DATA '','','';
2019-02-19 16:37:26 EXEC SPC_READING_LST1 '11','','','';
2019-02-19 16:37:27 EXEC SPC_COM_DATA '','','';
2019-02-19 16:37:27 EXEC SPC_READING_LST2 '12','14','';
2019-02-19 16:37:40 EXEC SPC_COMMON_ACCOUNT '2','1';
2019-02-19 16:37:41 EXEC SPC_COM_DATA '','','';
2019-02-19 16:37:41 EXEC SPC_READING_LST1 '11','','','';
2019-02-19 16:37:42 EXEC SPC_COM_DATA '','','';
2019-02-19 16:37:42 EXEC SPC_READING_LST2 '12','14','';
2019-02-19 16:40:03 EXEC SPC_COM_DATA '','','';
2019-02-19 16:40:03 EXEC SPC_READING_LST1 '11','','12','14';
2019-02-19 16:40:04 EXEC SPC_COM_DATA '','','';
2019-02-19 16:40:04 EXEC SPC_READING_LST2 '12','14','';
2019-02-19 16:41:26 EXEC SPC_COM_DATA '','','';
2019-02-19 16:41:26 EXEC SPC_READING_LST1 '11','','12','14';
2019-02-19 16:41:27 EXEC SPC_COM_DATA '','','';
2019-02-19 16:41:27 EXEC SPC_READING_LST2 '12','14','';
2019-02-19 16:41:47 EXEC SPC_COM_DATA '','','';
2019-02-19 16:41:47 EXEC SPC_READING_LST1 '11','','','';
2019-02-19 16:41:48 EXEC SPC_COM_DATA '','','';
2019-02-19 16:41:48 EXEC SPC_READING_LST2 '12','14','';
2019-02-19 16:41:56 EXEC SPC_COMMON_ACCOUNT '2','1';
2019-02-19 16:41:57 EXEC SPC_COM_DATA 'khoai','2','1';
2019-02-19 16:41:57 EXEC SPC_READING_LST1 '11','khoai','12','14';
2019-02-19 16:41:57 EXEC SPC_COM_DATA 'khoai','2','1';
2019-02-19 16:41:57 EXEC SPC_READING_LST2 '12','14','khoai';
2019-02-19 16:46:56 EXEC SPC_COM_DATA 'khoai','2','1';
2019-02-19 16:46:56 EXEC SPC_WRITING_LST1 '','khoai','12','14';
2019-02-19 16:46:57 EXEC SPC_COM_DATA 'khoai','2','1';
2019-02-19 16:46:57 EXEC SPC_COMMON_GET_SUGGEST
2019-02-19 16:46:57 EXEC SPC_COM_DATA 'khoai','2','1';
2019-02-19 16:46:57 EXEC SPC_WRITING_LST2 '9','10','khoai';
2019-02-19 16:46:59 EXEC SPC_COM_DATA 'khoai','2','1';
2019-02-19 16:46:59 EXEC SPC_LISTENING_LST1 '','khoai','9','10';
2019-02-19 16:46:59 EXEC SPC_COM_DATA 'khoai','2','1';
2019-02-19 16:46:59 EXEC SPC_LISTENING_LST2 '8','8','khoai';
2019-02-19 16:47:00 EXEC SPC_COM_DATA 'khoai','2','1';
2019-02-19 16:47:00 EXEC SPC_GRAMMAR_LST1 '','khoai','8','8';
2019-02-19 16:47:00 EXEC SPC_COM_DATA 'khoai','2','1';
2019-02-19 16:47:00 EXEC SPC_GRAMMAR_LST2 '6','7','khoai';
2019-02-19 16:47:00 EXEC SPC_COM_DATA 'khoai','2','1';
2019-02-19 16:47:00 EXEC SPC_VOCABULARY_LST1 '','khoai','6','7';
2019-02-19 16:47:01 EXEC SPC_COM_DATA 'khoai','2','1';
2019-02-19 16:47:01 EXEC SPC_VOCABULARY_LST2 '2','1','khoai';
2019-02-19 16:47:02 EXEC SPC_COM_DATA 'khoai','2','1';
2019-02-19 16:47:02 EXEC SPC_DISCUSS_LST1 '','khoai';
2019-02-19 16:47:02 EXEC SPC_COM_DATA 'khoai','2','1';
2019-02-19 16:47:02 EXEC SPC_DISCUSS_LST2 '','1','','khoai';
2019-02-19 16:47:03 EXEC SPC_COM_DATA 'khoai','2','1';
2019-02-19 16:47:03 EXEC SPC_DICTIONARY_LST1 '','khoai';
2019-02-19 16:47:04 EXEC SPC_COM_DATA 'khoai','2','1';
2019-02-19 16:47:04 EXEC SPC_LISTENING_LST1 '','khoai','2','1';
2019-02-19 16:47:04 EXEC SPC_COM_DATA 'khoai','2','1';
2019-02-19 16:47:04 EXEC SPC_LISTENING_LST2 '8','8','khoai';
2019-02-19 16:47:11 EXEC SPC_COM_DATA 'khoai','2','1';
2019-02-19 16:47:11 EXEC SPC_VOCABULARY_LST1 '','khoai','8','8';
2019-02-19 16:47:12 EXEC SPC_COM_DATA 'khoai','2','1';
2019-02-19 16:47:12 EXEC SPC_VOCABULARY_LST2 '2','1','khoai';
2019-02-19 16:47:13 EXEC SPC_COM_DATA 'khoai','2','1';
2019-02-19 16:47:13 EXEC SPC_COM_DATA 'khoai','2','1';
2019-02-19 16:47:13 EXEC SPC_TRANSLATION_LST1 '','khoai';
2019-02-19 16:47:15 EXEC SPC_COM_DATA 'khoai','2','1';
2019-02-19 16:47:15 EXEC SPC_WRITING_LST1 '','khoai','2','1';
2019-02-19 16:47:15 EXEC SPC_COM_DATA 'khoai','2','1';
2019-02-19 16:47:15 EXEC SPC_COMMON_GET_SUGGEST
2019-02-19 16:47:16 EXEC SPC_COM_DATA 'khoai','2','1';
2019-02-19 16:47:16 EXEC SPC_WRITING_LST2 '9','10','khoai';
2019-02-19 16:47:16 EXEC SPC_COM_DATA 'khoai','2','1';
2019-02-19 16:47:16 EXEC SPC_LISTENING_LST1 '','khoai','9','10';
2019-02-19 16:47:17 EXEC SPC_COM_DATA 'khoai','2','1';
2019-02-19 16:47:17 EXEC SPC_LISTENING_LST2 '8','8','khoai';
2019-02-19 16:47:17 EXEC SPC_COM_DATA 'khoai','2','1';
2019-02-19 16:47:17 EXEC SPC_GRAMMAR_LST1 '','khoai','8','8';
2019-02-19 16:47:18 EXEC SPC_COM_DATA 'khoai','2','1';
2019-02-19 16:47:18 EXEC SPC_GRAMMAR_LST2 '6','7','khoai';
2019-02-19 16:47:19 EXEC SPC_COM_DATA 'khoai','2','1';
2019-02-19 16:47:19 EXEC SPC_DICTIONARY_LST1 '','khoai';
2019-02-19 16:47:20 EXEC SPC_COM_DATA 'khoai','2','1';
2019-02-19 16:47:20 EXEC SPC_VOCABULARY_LST1 '','khoai','6','7';
2019-02-19 16:47:21 EXEC SPC_COM_DATA 'khoai','2','1';
2019-02-19 16:47:21 EXEC SPC_VOCABULARY_LST2 '2','1','khoai';
2019-02-19 16:47:21 EXEC SPC_COM_DATA 'khoai','2','1';
2019-02-19 16:47:21 EXEC SPC_COM_MENU '2';
2019-02-19 16:54:48 EXEC SPC_COM_DATA 'khoai','2','1';
2019-02-19 16:54:49 EXEC SPC_COM_MENU '2';
2019-02-19 16:54:51 EXEC SPC_COM_DATA 'khoai','2','1';
2019-02-19 16:54:51 EXEC SPC_GRAMMAR_LST1 '','khoai','2','1';
2019-02-19 16:54:51 EXEC SPC_COM_DATA 'khoai','2','1';
2019-02-19 16:54:51 EXEC SPC_GRAMMAR_LST2 '6','7','khoai';
2019-02-19 16:54:53 EXEC SPC_COM_DATA 'khoai','2','1';
2019-02-19 16:54:53 EXEC SPC_READING_LST1 '','khoai','6','7';
2019-02-19 16:54:53 EXEC SPC_COM_DATA 'khoai','2','1';
2019-02-19 16:54:53 EXEC SPC_READING_LST2 '12','14','khoai';
2019-02-19 16:54:55 EXEC SPC_COM_DATA 'khoai','2','1';
2019-02-19 16:54:55 EXEC SPC_DICTIONARY_LST1 '','khoai';
2019-02-19 16:54:56 EXEC SPC_COM_DATA 'khoai','2','1';
2019-02-19 16:54:56 EXEC SPC_VOCABULARY_LST1 '','khoai','12','14';
2019-02-19 16:54:57 EXEC SPC_COM_DATA 'khoai','2','1';
2019-02-19 16:54:57 EXEC SPC_VOCABULARY_LST2 '2','1','khoai';
2019-02-19 16:54:59 EXEC SPC_COM_DATA '','','';
2019-02-19 16:54:59 EXEC SPC_VOCABULARY_LST1 '3','','','';
2019-02-19 16:54:59 EXEC SPC_COM_DATA '','','';
2019-02-19 16:54:59 EXEC SPC_VOCABULARY_LST2 '2','1','';
2019-02-19 16:55:15 EXEC SPC_COM_DATA '','','';
2019-02-19 16:55:15 EXEC SPC_VOCABULARY_LST1 '3','','','';
2019-02-19 16:55:16 EXEC SPC_COM_DATA '','','';
2019-02-19 16:55:16 EXEC SPC_VOCABULARY_LST2 '2','1','';
2019-02-19 17:06:31 EXEC SPC_COM_DATA '','','';
2019-02-19 17:06:31 EXEC SPC_VOCABULARY_LST1 '3','','','';
2019-02-19 17:06:32 EXEC SPC_COM_DATA '','','';
2019-02-19 17:06:32 EXEC SPC_VOCABULARY_LST2 '2','1','';
2019-02-19 17:07:55 EXEC SPC_COM_DATA '','','';
2019-02-19 17:07:55 EXEC SPC_VOCABULARY_LST1 '3','','','';
2019-02-19 17:07:56 EXEC SPC_COM_DATA '','','';
2019-02-19 17:07:56 EXEC SPC_VOCABULARY_LST2 '2','1','';
2019-02-19 17:08:15 EXEC SPC_COM_DATA '','','';
2019-02-19 17:08:15 EXEC SPC_VOCABULARY_LST1 '3','','','';
2019-02-19 17:08:16 EXEC SPC_COM_DATA '','','';
2019-02-19 17:08:16 EXEC SPC_VOCABULARY_LST2 '2','1','';
2019-02-19 17:09:05 EXEC SPC_COM_DATA '','','';
2019-02-19 17:09:05 EXEC SPC_VOCABULARY_LST1 '3','','','';
2019-02-19 17:09:06 EXEC SPC_COM_DATA '','','';
2019-02-19 17:09:06 EXEC SPC_VOCABULARY_LST2 '2','1','';
2019-02-19 17:09:34 EXEC SPC_COM_DATA '','','';
2019-02-19 17:09:34 EXEC SPC_VOCABULARY_LST1 '3','','','';
2019-02-19 17:09:35 EXEC SPC_COM_DATA '','','';
2019-02-19 17:09:35 EXEC SPC_VOCABULARY_LST2 '2','1','';
2019-02-19 17:10:35 EXEC SPC_COM_DATA '','','';
2019-02-19 17:10:35 EXEC SPC_VOCABULARY_LST1 '3','','','';
2019-02-19 17:10:36 EXEC SPC_COM_DATA '','','';
2019-02-19 17:10:36 EXEC SPC_VOCABULARY_LST2 '2','1','';
2019-02-19 17:10:54 EXEC SPC_COM_DATA '','','';
2019-02-19 17:10:54 EXEC SPC_VOCABULARY_LST1 '3','','','';
2019-02-19 17:10:55 EXEC SPC_COM_DATA '','','';
2019-02-19 17:10:55 EXEC SPC_VOCABULARY_LST2 '2','1','';
2019-02-19 17:12:09 EXEC SPC_COM_DATA '','','';
2019-02-19 17:12:09 EXEC SPC_VOCABULARY_LST1 '3','','','';
2019-02-19 17:12:09 EXEC SPC_COM_DATA '','','';
2019-02-19 17:12:09 EXEC SPC_VOCABULARY_LST2 '2','1','';
2019-02-19 17:15:18 EXEC SPC_COM_DATA '','','';
2019-02-19 17:15:18 EXEC SPC_VOCABULARY_LST1 '3','','','';
2019-02-19 17:15:19 EXEC SPC_COM_DATA '','','';
2019-02-19 17:15:19 EXEC SPC_VOCABULARY_LST2 '2','1','';
2019-02-19 17:16:24 EXEC SPC_COM_DATA '','','';
2019-02-19 17:16:24 EXEC SPC_VOCABULARY_LST1 '3','','','';
2019-02-19 17:16:25 EXEC SPC_COM_DATA '','','';
2019-02-19 17:16:25 EXEC SPC_VOCABULARY_LST2 '2','1','';
2019-02-19 17:17:10 EXEC SPC_COM_DATA '','','';
2019-02-19 17:17:10 EXEC SPC_VOCABULARY_LST1 '3','','','';
2019-02-19 17:17:11 EXEC SPC_COM_DATA '','','';
2019-02-19 17:17:11 EXEC SPC_VOCABULARY_LST2 '2','1','';
2019-02-19 17:31:17 EXEC SPC_COM_DATA '','','';
2019-02-19 17:31:17 EXEC SPC_VOCABULARY_LST1 '3','','','';
2019-02-19 17:31:18 EXEC SPC_COM_DATA '','','';
2019-02-19 17:31:18 EXEC SPC_VOCABULARY_LST2 '2','1','';
2019-02-19 17:32:24 EXEC SPC_COM_DATA '','','';
2019-02-19 17:32:24 EXEC SPC_VOCABULARY_LST1 '3','','','';
2019-02-19 17:32:25 EXEC SPC_COM_DATA '','','';
2019-02-19 17:32:25 EXEC SPC_VOCABULARY_LST2 '2','1','';
2019-02-19 17:51:42 EXEC SPC_COM_DATA '','','';
2019-02-19 17:51:42 EXEC SPC_VOCABULARY_LST1 '3','','','';
2019-02-19 17:51:44 EXEC SPC_COM_DATA '','','';
2019-02-19 17:51:44 EXEC SPC_VOCABULARY_LST2 '2','1','';
2019-02-19 17:57:44 EXEC SPC_COM_DATA '','','';
2019-02-19 17:57:44 EXEC SPC_VOCABULARY_LST1 '3','','','';
2019-02-19 17:57:45 EXEC SPC_COM_DATA '','','';
2019-02-19 17:57:45 EXEC SPC_VOCABULARY_LST2 '2','1','';
2019-02-19 17:58:18 EXEC SPC_COM_DATA '','','';
2019-02-19 17:58:18 EXEC SPC_VOCABULARY_LST1 '3','','','';
2019-02-19 17:58:19 EXEC SPC_COM_DATA '','','';
2019-02-19 17:58:19 EXEC SPC_VOCABULARY_LST2 '2','1','';
2019-02-19 17:59:31 EXEC SPC_COM_DATA '','','';
2019-02-19 17:59:31 EXEC SPC_VOCABULARY_LST1 '3','','','';
2019-02-19 17:59:32 EXEC SPC_COM_DATA '','','';
2019-02-19 17:59:32 EXEC SPC_VOCABULARY_LST2 '2','1','';
2019-02-19 18:00:04 EXEC SPC_COM_DATA '','','';
2019-02-19 18:00:04 EXEC SPC_VOCABULARY_LST1 '3','','','';
2019-02-19 18:00:04 EXEC SPC_COM_DATA '','','';
2019-02-19 18:00:04 EXEC SPC_VOCABULARY_LST2 '2','1','';
2019-02-19 18:00:27 EXEC SPC_COM_DATA '','','';
2019-02-19 18:00:27 EXEC SPC_VOCABULARY_LST1 '3','','','';
2019-02-19 18:00:28 EXEC SPC_COM_DATA '','','';
2019-02-19 18:00:28 EXEC SPC_VOCABULARY_LST2 '2','1','';
2019-02-19 18:01:30 EXEC SPC_COM_DATA '','','';
2019-02-19 18:01:30 EXEC SPC_VOCABULARY_LST1 '3','','','';
2019-02-19 18:01:31 EXEC SPC_COM_DATA '','','';
2019-02-19 18:01:31 EXEC SPC_VOCABULARY_LST2 '2','1','';
2019-02-19 18:02:41 EXEC SPC_COM_DATA '','','';
2019-02-19 18:02:41 EXEC SPC_VOCABULARY_LST1 '3','','','';
2019-02-19 18:02:42 EXEC SPC_COM_DATA '','','';
2019-02-19 18:02:42 EXEC SPC_VOCABULARY_LST2 '2','1','';
2019-02-19 18:03:08 EXEC SPC_COM_DATA '','','';
2019-02-19 18:03:08 EXEC SPC_VOCABULARY_LST1 '3','','','';
2019-02-19 18:03:09 EXEC SPC_COM_DATA '','','';
2019-02-19 18:03:09 EXEC SPC_VOCABULARY_LST2 '2','1','';
2019-02-19 18:03:56 EXEC SPC_COM_DATA '','','';
2019-02-19 18:03:56 EXEC SPC_VOCABULARY_LST1 '3','','','';
2019-02-19 18:03:57 EXEC SPC_COM_DATA '','','';
2019-02-19 18:03:57 EXEC SPC_VOCABULARY_LST2 '2','1','';
2019-02-19 18:04:50 EXEC SPC_COM_DATA '','','';
2019-02-19 18:04:50 EXEC SPC_VOCABULARY_LST1 '3','','','';
2019-02-19 18:04:51 EXEC SPC_COM_DATA '','','';
2019-02-19 18:04:51 EXEC SPC_VOCABULARY_LST2 '2','1','';
2019-02-19 18:05:24 EXEC SPC_COM_DATA '','','';
2019-02-19 18:05:24 EXEC SPC_VOCABULARY_LST1 '3','','','';
2019-02-19 18:05:25 EXEC SPC_COM_DATA '','','';
2019-02-19 18:05:25 EXEC SPC_VOCABULARY_LST2 '2','1','';
