2019-06-13 09:48:41 EXEC SPC_COMMON_ACCOUNT '1','2';
2019-06-13 09:48:41 EXEC SPC_COM_DATA '1','1','2';
2019-06-13 09:48:42 EXEC SPC_COM_MENU '1';
2019-06-13 09:48:44 EXEC SPC_COM_PERMISSION '1','2','g001';
2019-06-13 09:48:45 EXEC SPC_COM_MENU '1';
2019-06-13 09:48:45 EXEC SPC_G001_LST1 '1','1';
2019-06-13 09:48:52 EXEC SPC_COM_PERMISSION '1','2','v001';
2019-06-13 09:48:52 EXEC SPC_COM_MENU '1';
2019-06-13 09:48:52 EXEC SPC_V001_LST1
2019-06-13 09:48:55 EXEC SPC_COM_PERMISSION '1','2','v003';
2019-06-13 09:48:55 EXEC SPC_COM_MENU '1';
2019-06-13 09:48:55 EXEC SPC_COM_PERMISSION '1','2','v003';
2019-06-13 09:48:55 EXEC SPC_COM_MENU '1';
2019-06-13 09:49:03 EXEC SPC_COM_MENU '1';
2019-06-13 09:49:39 EXEC SPC_COM_MENU '1';
2019-06-13 09:52:56 EXEC SPC_COM_PERMISSION '1','2','v003';
2019-06-13 09:52:56 EXEC SPC_COM_MENU '1';
2019-06-13 09:52:57 EXEC SPC_COM_PERMISSION '1','2','v003';
2019-06-13 09:52:57 EXEC SPC_COM_MENU '1';
2019-06-13 09:53:00 EXEC SPC_COM_MENU '1';
2019-06-13 09:53:25 EXEC SPC_COM_PERMISSION '1','2','v003';
2019-06-13 09:53:25 EXEC SPC_COM_MENU '1';
2019-06-13 09:53:26 EXEC SPC_COM_PERMISSION '1','2','v003';
2019-06-13 09:53:26 EXEC SPC_COM_MENU '1';
2019-06-13 09:53:33 EXEC SPC_COM_MENU '1';
2019-06-13 09:53:45 EXEC SPC_COM_MENU '1';
2019-06-13 09:54:17 EXEC SPC_COM_PERMISSION '1','2','v003';
2019-06-13 09:54:17 EXEC SPC_COM_MENU '1';
2019-06-13 09:54:17 EXEC SPC_COM_PERMISSION '1','2','v003';
2019-06-13 09:54:17 EXEC SPC_COM_MENU '1';
2019-06-13 09:54:19 EXEC SPC_COM_MENU '1';
2019-06-13 09:54:22 EXEC SPC_COM_MENU '1';
2019-06-13 09:54:53 EXEC SPC_COM_PERMISSION '1','2','v003';
2019-06-13 09:54:53 EXEC SPC_COM_MENU '1';
2019-06-13 09:54:54 EXEC SPC_COM_PERMISSION '1','2','v003';
2019-06-13 09:54:54 EXEC SPC_COM_MENU '1';
2019-06-13 09:54:56 EXEC SPC_COM_MENU '1';
2019-06-13 09:55:12 EXEC SPC_COM_MENU '1';
2019-06-13 09:57:45 EXEC SPC_COM_PERMISSION '1','2','v003';
2019-06-13 09:57:45 EXEC SPC_COM_MENU '1';
2019-06-13 09:57:46 EXEC SPC_COM_PERMISSION '1','2','v003';
2019-06-13 09:57:46 EXEC SPC_COM_MENU '1';
2019-06-13 09:57:48 EXEC SPC_COM_MENU '1';
2019-06-13 09:57:57 EXEC SPC_COM_MENU '1';
2019-06-13 10:11:12 EXEC SPC_COM_PERMISSION '1','2','v003';
2019-06-13 10:11:12 EXEC SPC_COM_MENU '1';
2019-06-13 10:11:13 EXEC SPC_COM_PERMISSION '1','2','v003';
2019-06-13 10:11:13 EXEC SPC_COM_MENU '1';
2019-06-13 10:11:18 EXEC SPC_COM_MENU '1';
2019-06-13 10:11:21 EXEC SPC_COM_MENU '1';
2019-06-13 10:12:22 EXEC SPC_COM_PERMISSION '1','2','v003';
2019-06-13 10:12:22 EXEC SPC_COM_MENU '1';
2019-06-13 10:12:23 EXEC SPC_COM_PERMISSION '1','2','v003';
2019-06-13 10:12:23 EXEC SPC_COM_MENU '1';
2019-06-13 10:12:28 EXEC SPC_COM_MENU '1';
2019-06-13 10:12:33 EXEC SPC_COM_MENU '1';
2019-06-13 10:13:02 EXEC SPC_COM_PERMISSION '1','2','v003';
2019-06-13 10:13:02 EXEC SPC_COM_MENU '1';
2019-06-13 10:13:02 EXEC SPC_COM_PERMISSION '1','2','v003';
2019-06-13 10:13:02 EXEC SPC_COM_MENU '1';
2019-06-13 10:13:05 EXEC SPC_COM_MENU '1';
2019-06-13 10:13:08 EXEC SPC_COM_MENU '1';
2019-06-13 10:13:36 EXEC SPC_COM_PERMISSION '1','2','v003';
2019-06-13 10:13:36 EXEC SPC_COM_MENU '1';
2019-06-13 10:13:37 EXEC SPC_COM_PERMISSION '1','2','v003';
2019-06-13 10:13:37 EXEC SPC_COM_MENU '1';
2019-06-13 10:15:39 EXEC SPC_COM_PERMISSION '1','2','v003';
2019-06-13 10:15:39 EXEC SPC_COM_MENU '1';
2019-06-13 10:15:40 EXEC SPC_COM_PERMISSION '1','2','v003';
2019-06-13 10:15:40 EXEC SPC_COM_MENU '1';
2019-06-13 10:15:44 EXEC SPC_COM_MENU '1';
2019-06-13 10:15:50 EXEC SPC_COM_MENU '1';
2019-06-13 10:16:30 EXEC SPC_COM_PERMISSION '1','2','v003';
2019-06-13 10:16:30 EXEC SPC_COM_MENU '1';
2019-06-13 10:16:31 EXEC SPC_COM_PERMISSION '1','2','v003';
2019-06-13 10:16:31 EXEC SPC_COM_MENU '1';
2019-06-13 10:16:34 EXEC SPC_COM_MENU '1';
2019-06-13 10:18:22 EXEC SPC_COM_PERMISSION '1','2','v003';
2019-06-13 10:18:22 EXEC SPC_COM_MENU '1';
2019-06-13 10:18:22 EXEC SPC_COM_PERMISSION '1','2','v003';
2019-06-13 10:18:22 EXEC SPC_COM_MENU '1';
2019-06-13 10:18:26 EXEC SPC_COM_MENU '1';
2019-06-13 10:18:29 EXEC SPC_COM_MENU '1';
2019-06-13 10:20:21 EXEC SPC_COM_PERMISSION '1','2','v003';
2019-06-13 10:20:21 EXEC SPC_COM_MENU '1';
2019-06-13 10:20:21 EXEC SPC_COM_PERMISSION '1','2','v003';
2019-06-13 10:20:21 EXEC SPC_COM_MENU '1';
2019-06-13 10:20:26 EXEC SPC_COM_MENU '1';
2019-06-13 10:20:30 EXEC SPC_COM_MENU '1';
2019-06-13 10:25:48 EXEC SPC_COM_PERMISSION '1','2','v003';
2019-06-13 10:25:48 EXEC SPC_COM_MENU '1';
2019-06-13 10:25:49 EXEC SPC_COM_PERMISSION '1','2','v003';
2019-06-13 10:25:49 EXEC SPC_COM_MENU '1';
2019-06-13 10:25:50 EXEC SPC_COM_MENU '1';
2019-06-13 10:25:55 EXEC SPC_COM_MENU '1';
2019-06-13 10:29:40 EXEC SPC_COM_PERMISSION '1','2','v003';
2019-06-13 10:29:40 EXEC SPC_COM_MENU '1';
2019-06-13 10:29:40 EXEC SPC_COM_PERMISSION '1','2','v003';
2019-06-13 10:29:40 EXEC SPC_COM_MENU '1';
2019-06-13 10:29:43 EXEC SPC_COM_MENU '1';
2019-06-13 10:29:49 EXEC SPC_COM_MENU '1';
2019-06-13 10:30:08 EXEC SPC_COM_MENU '1';
2019-06-13 10:55:47 EXEC SPC_COM_MENU '1';
2019-06-13 10:55:56 EXEC SPC_COM_MENU '1';
2019-06-13 10:58:04 EXEC SPC_COM_MENU '1';
2019-06-13 10:58:14 EXEC SPC_COM_MENU '1';
2019-06-13 10:58:48 EXEC SPC_COM_MENU '1';
2019-06-13 11:00:53 EXEC SPC_COM_MENU '1';
2019-06-13 12:09:42 EXEC SPC_COM_DATA '1','1','2';
2019-06-13 12:09:42 EXEC SPC_COM_MENU '1';
2019-06-13 13:23:04 EXEC SPC_COM_PERMISSION '1','2','g001';
2019-06-13 13:23:04 EXEC SPC_COM_MENU '1';
2019-06-13 13:23:04 EXEC SPC_G001_LST1 '1','1';
2019-06-13 13:23:13 EXEC SPC_COM_PERMISSION '1','2','v003';
2019-06-13 13:23:13 EXEC SPC_COM_MENU '1';
2019-06-13 13:23:14 EXEC SPC_COM_PERMISSION '1','2','v003';
2019-06-13 13:23:14 EXEC SPC_COM_MENU '1';
2019-06-13 13:23:30 EXEC SPC_COM_MENU '1';
2019-06-13 13:30:12 EXEC SPC_COM_MENU '1';
2019-06-13 13:31:59 EXEC SPC_COM_MENU '1';
2019-06-13 13:32:04 EXEC SPC_COM_MENU '1';
2019-06-13 13:33:11 EXEC SPC_COM_MENU '1';
2019-06-13 15:03:21 EXEC SPC_COM_DATA '1','1','2';
2019-06-13 15:03:23 EXEC SPC_COM_MENU '1';
2019-06-13 15:14:19 EXEC SPC_COM_PERMISSION '1','2','g001';
2019-06-13 15:14:19 EXEC SPC_COM_MENU '1';
2019-06-13 15:14:19 EXEC SPC_G001_LST1 '1','1';
2019-06-13 15:14:29 EXEC SPC_COM_PERMISSION '1','2','v003';
2019-06-13 15:14:29 EXEC SPC_COM_MENU '1';
2019-06-13 15:14:29 EXEC SPC_COM_PERMISSION '1','2','v003';
2019-06-13 15:14:29 EXEC SPC_COM_MENU '1';
2019-06-13 15:14:36 EXEC SPC_COM_MENU '1';
2019-06-13 15:14:39 EXEC SPC_COM_MENU '1';
2019-06-13 15:18:32 EXEC SPC_COM_MENU '1';
2019-06-13 15:25:18 EXEC SPC_COM_PERMISSION '1','2','v003';
2019-06-13 15:25:18 EXEC SPC_COM_MENU '1';
2019-06-13 15:25:18 EXEC SPC_COM_PERMISSION '1','2','v003';
2019-06-13 15:25:18 EXEC SPC_COM_MENU '1';
2019-06-13 15:25:21 EXEC SPC_COM_MENU '1';
2019-06-13 15:25:26 EXEC SPC_COM_MENU '1';
2019-06-13 15:25:56 EXEC SPC_COM_PERMISSION '1','2','v003';
2019-06-13 15:25:56 EXEC SPC_COM_MENU '1';
2019-06-13 15:25:56 EXEC SPC_COM_PERMISSION '1','2','v003';
2019-06-13 15:25:56 EXEC SPC_COM_MENU '1';
2019-06-13 15:25:59 EXEC SPC_COM_MENU '1';
2019-06-13 15:26:05 EXEC SPC_COM_MENU '1';
2019-06-13 15:26:51 EXEC SPC_COM_PERMISSION '1','2','v003';
2019-06-13 15:26:51 EXEC SPC_COM_MENU '1';
2019-06-13 15:26:52 EXEC SPC_COM_PERMISSION '1','2','v003';
2019-06-13 15:26:52 EXEC SPC_COM_MENU '1';
2019-06-13 15:26:54 EXEC SPC_COM_MENU '1';
2019-06-13 15:26:57 EXEC SPC_COM_MENU '1';
2019-06-13 15:27:52 EXEC SPC_COM_MENU '1';
2019-06-13 15:29:18 EXEC SPC_COM_MENU '1';
2019-06-13 15:29:21 EXEC SPC_COM_MENU '1';
2019-06-13 15:46:32 EXEC SPC_COM_MENU '1';
2019-06-13 15:46:36 EXEC SPC_COM_MENU '1';
2019-06-13 15:52:53 EXEC SPC_COM_PERMISSION '1','2','v003';
2019-06-13 15:52:53 EXEC SPC_COM_MENU '1';
2019-06-13 15:52:54 EXEC SPC_COM_PERMISSION '1','2','v003';
2019-06-13 15:52:54 EXEC SPC_COM_MENU '1';
2019-06-13 15:53:00 EXEC SPC_COM_MENU '1';
2019-06-13 15:54:00 EXEC SPC_COM_PERMISSION '1','2','v003';
2019-06-13 15:54:00 EXEC SPC_COM_MENU '1';
2019-06-13 15:54:01 EXEC SPC_COM_PERMISSION '1','2','v003';
2019-06-13 15:54:01 EXEC SPC_COM_MENU '1';
2019-06-13 15:54:06 EXEC SPC_COM_MENU '1';
2019-06-13 15:54:10 EXEC SPC_COM_MENU '1';
2019-06-13 16:02:13 EXEC SPC_COM_MENU '1';
2019-06-13 16:06:33 EXEC SPC_COM_MENU '1';
2019-06-13 16:06:46 EXEC SPC_COM_MENU '1';
2019-06-13 16:33:46 EXEC SPC_COM_MENU '1';
2019-06-13 16:50:07 EXEC SPC_COM_PERMISSION '1','2','v003';
2019-06-13 16:50:07 EXEC SPC_COM_MENU '1';
2019-06-13 16:50:08 EXEC SPC_COM_PERMISSION '1','2','v003';
2019-06-13 16:50:08 EXEC SPC_COM_MENU '1';
2019-06-13 16:50:11 EXEC SPC_COM_MENU '1';
2019-06-13 16:50:19 EXEC SPC_COM_MENU '1';
2019-06-13 16:50:36 EXEC SPC_COM_PERMISSION '1','2','v003';
2019-06-13 16:50:36 EXEC SPC_COM_MENU '1';
2019-06-13 16:50:37 EXEC SPC_COM_PERMISSION '1','2','v003';
2019-06-13 16:50:37 EXEC SPC_COM_MENU '1';
2019-06-13 16:50:41 EXEC SPC_COM_MENU '1';
2019-06-13 16:50:45 EXEC SPC_COM_MENU '1';
2019-06-13 17:00:57 EXEC SPC_COM_PERMISSION '1','2','v003';
2019-06-13 17:00:57 EXEC SPC_COM_MENU '1';
2019-06-13 17:00:58 EXEC SPC_COM_PERMISSION '1','2','v003';
2019-06-13 17:00:58 EXEC SPC_COM_MENU '1';
2019-06-13 17:01:01 EXEC SPC_COM_MENU '1';
2019-06-13 17:01:06 EXEC SPC_COM_MENU '1';
2019-06-13 17:01:25 EXEC SPC_COM_PERMISSION '1','2','v003';
2019-06-13 17:01:25 EXEC SPC_COM_MENU '1';
2019-06-13 17:01:25 EXEC SPC_COM_PERMISSION '1','2','v003';
2019-06-13 17:01:25 EXEC SPC_COM_MENU '1';
2019-06-13 17:01:30 EXEC SPC_COM_MENU '1';
2019-06-13 17:01:40 EXEC SPC_COM_MENU '1';
2019-06-13 17:05:03 EXEC SPC_COM_MENU '1';
2019-06-13 17:05:19 EXEC SPC_COM_MENU '1';
2019-06-13 17:05:28 EXEC SPC_COM_MENU '1';
2019-06-13 17:06:58 EXEC SPC_COM_MENU '1';
2019-06-13 17:12:39 EXEC SPC_COM_MENU '1';
2019-06-13 17:12:49 EXEC SPC_COM_MENU '1';
2019-06-13 17:13:40 EXEC SPC_COM_MENU '1';
2019-06-13 17:13:54 EXEC SPC_COM_MENU '1';
2019-06-13 17:17:30 EXEC SPC_COM_MENU '1';
2019-06-13 17:25:50 EXEC SPC_COM_PERMISSION '1','2','v003';
2019-06-13 17:25:50 EXEC SPC_COM_MENU '1';
2019-06-13 17:25:51 EXEC SPC_COM_PERMISSION '1','2','v003';
2019-06-13 17:25:51 EXEC SPC_COM_MENU '1';
2019-06-13 17:26:00 EXEC SPC_COM_MENU '1';
2019-06-13 17:26:03 EXEC SPC_COM_MENU '1';
