2019-05-30 13:14:02 EXEC SPC_COM_DATA '','','';
2019-05-30 13:14:09 EXEC SPC_COM_DATA '','','';
2019-05-30 13:14:09 EXEC SPC_VOCABULARY_LST1 '','','','';
2019-05-30 13:14:11 EXEC SPC_COM_DATA '','','';
2019-05-30 13:14:11 EXEC SPC_VOCABULARY_LST2 '1','1','';
2019-05-30 13:16:38 EXEC SPC_COM_DATA '','','';
2019-05-30 13:16:38 EXEC SPC_VOCABULARY_LST1 '','','1','1';
2019-05-30 13:16:39 EXEC SPC_COM_DATA '','','';
2019-05-30 13:16:39 EXEC SPC_VOCABULARY_LST2 '1','1','';
2019-05-30 13:16:41 EXEC SPC_COM_DATA '','','';
2019-05-30 13:16:41 EXEC SPC_VOCABULARY_LST1 '','','1','1';
2019-05-30 13:16:43 EXEC SPC_COM_DATA '','','';
2019-05-30 13:16:43 EXEC SPC_VOCABULARY_LST2 '1','1','';
2019-05-30 13:16:46 EXEC SPC_COM_DATA '','','';
2019-05-30 13:16:46 EXEC SPC_VOCABULARY_LST1 '','','1','1';
2019-05-30 13:16:47 EXEC SPC_COM_DATA '','','';
2019-05-30 13:16:47 EXEC SPC_VOCABULARY_LST2 '1','1','';
2019-05-30 13:17:09 EXEC SPC_COM_DATA '','','';
2019-05-30 13:17:09 EXEC SPC_VOCABULARY_LST1 '','','1','1';
2019-05-30 13:17:11 EXEC SPC_COM_DATA '','','';
2019-05-30 13:17:11 EXEC SPC_VOCABULARY_LST2 '1','1','';
2019-05-30 13:18:08 EXEC SPC_COM_DATA '','','';
2019-05-30 13:18:08 EXEC SPC_VOCABULARY_LST1 '','','1','1';
2019-05-30 13:18:09 EXEC SPC_COM_DATA '','','';
2019-05-30 13:18:09 EXEC SPC_VOCABULARY_LST2 '1','1','';
2019-05-30 13:18:12 EXEC SPC_COM_DATA '','','';
2019-05-30 13:18:12 EXEC SPC_VOCABULARY_LST1 '','','1','1';
2019-05-30 13:18:13 EXEC SPC_COM_DATA '','','';
2019-05-30 13:18:13 EXEC SPC_VOCABULARY_LST2 '1','1','';
2019-05-30 13:18:15 EXEC SPC_COM_DATA '','','';
2019-05-30 13:18:15 EXEC SPC_GRAMMAR_LST1 '','','1','1';
2019-05-30 13:18:16 EXEC SPC_COM_DATA '','','';
2019-05-30 13:18:16 EXEC SPC_GRAMMAR_LST2 '4','6','';
2019-05-30 13:18:50 EXEC SPC_COM_DATA '','','';
2019-05-30 13:18:50 EXEC SPC_GRAMMAR_LST1 '','','4','6';
2019-05-30 13:18:51 EXEC SPC_COM_DATA '','','';
2019-05-30 13:18:51 EXEC SPC_GRAMMAR_LST2 '4','6','';
2019-05-30 13:19:09 EXEC SPC_COM_DATA '','','';
2019-05-30 13:19:09 EXEC SPC_GRAMMAR_LST1 '','','4','6';
2019-05-30 13:19:10 EXEC SPC_COM_DATA '','','';
2019-05-30 13:19:10 EXEC SPC_GRAMMAR_LST2 '4','6','';
2019-05-30 13:19:13 EXEC SPC_COM_DATA '','','';
2019-05-30 13:19:13 EXEC SPC_GRAMMAR_LST1 '','','4','6';
2019-05-30 13:19:14 EXEC SPC_COM_DATA '','','';
2019-05-30 13:19:14 EXEC SPC_GRAMMAR_LST2 '4','6','';
2019-05-30 13:22:36 EXEC SPC_COM_DATA '','','';
2019-05-30 13:22:36 EXEC SPC_GRAMMAR_LST1 '','','4','6';
2019-05-30 13:22:37 EXEC SPC_COM_DATA '','','';
2019-05-30 13:22:37 EXEC SPC_GRAMMAR_LST2 '4','6','';
2019-05-30 13:22:41 EXEC SPC_COM_DATA '','','';
2019-05-30 13:22:41 EXEC SPC_GRAMMAR_LST1 '','','4','6';
2019-05-30 13:22:42 EXEC SPC_COM_DATA '','','';
2019-05-30 13:22:42 EXEC SPC_GRAMMAR_LST2 '4','6','';
2019-05-30 13:25:06 EXEC SPC_COM_DATA '','','';
2019-05-30 13:25:06 EXEC SPC_GRAMMAR_LST1 '','','4','6';
2019-05-30 13:25:07 EXEC SPC_COM_DATA '','','';
2019-05-30 13:25:07 EXEC SPC_GRAMMAR_LST2 '4','6','';
2019-05-30 13:27:48 EXEC SPC_COM_DATA '','','';
2019-05-30 13:27:48 EXEC SPC_GRAMMAR_LST1 '','','4','6';
2019-05-30 13:27:49 EXEC SPC_COM_DATA '','','';
2019-05-30 13:27:49 EXEC SPC_GRAMMAR_LST2 '4','6','';
2019-05-30 13:28:06 EXEC SPC_COM_DATA '','','';
2019-05-30 13:28:06 EXEC SPC_GRAMMAR_LST1 '','','4','6';
2019-05-30 13:28:07 EXEC SPC_COM_DATA '','','';
2019-05-30 13:28:07 EXEC SPC_GRAMMAR_LST2 '4','6','';
2019-05-30 13:30:43 EXEC SPC_COM_DATA '','','';
2019-05-30 13:30:43 EXEC SPC_GRAMMAR_LST1 '','','4','6';
2019-05-30 13:30:44 EXEC SPC_COM_DATA '','','';
2019-05-30 13:30:44 EXEC SPC_GRAMMAR_LST2 '4','6','';
2019-05-30 13:43:46 EXEC SPC_COM_DATA '','','';
2019-05-30 13:43:46 EXEC SPC_GRAMMAR_LST1 '','','4','6';
2019-05-30 13:43:47 EXEC SPC_COM_DATA '','','';
2019-05-30 13:43:47 EXEC SPC_GRAMMAR_LST2 '4','6','';
2019-05-30 13:44:32 EXEC SPC_COM_DATA '','','';
2019-05-30 13:44:32 EXEC SPC_GRAMMAR_LST1 '','','4','6';
2019-05-30 13:44:33 EXEC SPC_COM_DATA '','','';
2019-05-30 13:44:33 EXEC SPC_GRAMMAR_LST2 '4','6','';
2019-05-30 13:44:40 EXEC SPC_COM_DATA '','','';
2019-05-30 13:44:40 EXEC SPC_GRAMMAR_LST1 '','','4','6';
2019-05-30 13:44:41 EXEC SPC_COM_DATA '','','';
2019-05-30 13:44:41 EXEC SPC_GRAMMAR_LST2 '4','6','';
2019-05-30 13:45:48 EXEC SPC_COM_DATA '','','';
2019-05-30 13:45:49 EXEC SPC_GRAMMAR_LST1 '','','4','6';
2019-05-30 13:45:50 EXEC SPC_COM_DATA '','','';
2019-05-30 13:45:50 EXEC SPC_GRAMMAR_LST2 '4','6','';
2019-05-30 13:48:07 EXEC SPC_COM_DATA '','','';
2019-05-30 13:48:07 EXEC SPC_GRAMMAR_LST1 '','','4','6';
2019-05-30 13:48:08 EXEC SPC_COM_DATA '','','';
2019-05-30 13:48:08 EXEC SPC_GRAMMAR_LST2 '4','6','';
2019-05-30 13:48:40 EXEC SPC_COM_DATA '','','';
2019-05-30 13:48:40 EXEC SPC_GRAMMAR_LST1 '','','4','6';
2019-05-30 13:48:41 EXEC SPC_COM_DATA '','','';
2019-05-30 13:48:41 EXEC SPC_GRAMMAR_LST2 '4','6','';
2019-05-30 13:49:39 EXEC SPC_COM_DATA '','','';
2019-05-30 13:49:39 EXEC SPC_GRAMMAR_LST1 '','','4','6';
2019-05-30 13:49:40 EXEC SPC_COM_DATA '','','';
2019-05-30 13:49:40 EXEC SPC_GRAMMAR_LST2 '4','6','';
2019-05-30 13:50:00 EXEC SPC_COM_DATA '','','';
2019-05-30 13:50:00 EXEC SPC_GRAMMAR_LST1 '','','4','6';
2019-05-30 13:50:01 EXEC SPC_COM_DATA '','','';
2019-05-30 13:50:01 EXEC SPC_GRAMMAR_LST2 '4','6','';
2019-05-30 13:50:06 EXEC SPC_COM_DATA '','','';
2019-05-30 13:50:06 EXEC SPC_GRAMMAR_LST1 '','','4','6';
2019-05-30 13:50:07 EXEC SPC_COM_DATA '','','';
2019-05-30 13:50:08 EXEC SPC_GRAMMAR_LST2 '4','6','';
2019-05-30 13:50:18 EXEC SPC_COM_DATA '','','';
2019-05-30 13:50:18 EXEC SPC_GRAMMAR_LST1 '','','4','6';
2019-05-30 13:50:19 EXEC SPC_COM_DATA '','','';
2019-05-30 13:50:19 EXEC SPC_GRAMMAR_LST2 '4','6','';
2019-05-30 13:50:21 EXEC SPC_COM_DATA '','','';
2019-05-30 13:50:21 EXEC SPC_GRAMMAR_LST1 '','','4','6';
2019-05-30 13:50:22 EXEC SPC_COM_DATA '','','';
2019-05-30 13:50:22 EXEC SPC_GRAMMAR_LST2 '4','6','';
2019-05-30 13:50:38 EXEC SPC_COM_DATA '','','';
2019-05-30 13:50:38 EXEC SPC_GRAMMAR_LST1 '','','4','6';
2019-05-30 13:50:39 EXEC SPC_COM_DATA '','','';
2019-05-30 13:50:39 EXEC SPC_GRAMMAR_LST2 '4','6','';
2019-05-30 13:56:01 EXEC SPC_COM_DATA '','','';
2019-05-30 13:56:01 EXEC SPC_GRAMMAR_LST1 '','','4','6';
2019-05-30 13:56:02 EXEC SPC_COM_DATA '','','';
2019-05-30 13:56:02 EXEC SPC_GRAMMAR_LST2 '4','6','';
2019-05-30 13:56:29 EXEC SPC_COM_DATA '','','';
2019-05-30 13:56:29 EXEC SPC_GRAMMAR_LST1 '','','4','6';
2019-05-30 13:56:30 EXEC SPC_COM_DATA '','','';
2019-05-30 13:56:30 EXEC SPC_GRAMMAR_LST2 '4','6','';
2019-05-30 13:57:00 EXEC SPC_COM_DATA '','','';
2019-05-30 13:57:00 EXEC SPC_GRAMMAR_LST1 '','','4','6';
2019-05-30 13:57:01 EXEC SPC_COM_DATA '','','';
2019-05-30 13:57:01 EXEC SPC_GRAMMAR_LST2 '4','6','';
2019-05-30 13:58:15 EXEC SPC_COM_DATA '','','';
2019-05-30 13:58:15 EXEC SPC_LISTENING_LST1 '','','4','6';
2019-05-30 13:58:17 EXEC SPC_COM_DATA '','','';
2019-05-30 13:58:17 EXEC SPC_LISTENING_LST2 '6','8','';
2019-05-30 13:58:38 EXEC SPC_COM_DATA '','','';
2019-05-30 13:58:38 EXEC SPC_LISTENING_LST1 '','','6','8';
2019-05-30 13:58:40 EXEC SPC_COM_DATA '','','';
2019-05-30 13:58:40 EXEC SPC_LISTENING_LST2 '6','8','';
2019-05-30 13:58:45 EXEC SPC_COM_DATA '','','';
2019-05-30 13:58:45 EXEC SPC_LISTENING_LST1 '','','6','8';
2019-05-30 13:58:47 EXEC SPC_COM_DATA '','','';
2019-05-30 13:58:47 EXEC SPC_LISTENING_LST2 '6','8','';
2019-05-30 13:59:30 EXEC SPC_COM_DATA '','','';
2019-05-30 13:59:30 EXEC SPC_VOCABULARY_LST1 '','','6','8';
2019-05-30 13:59:32 EXEC SPC_COM_DATA '','','';
2019-05-30 13:59:32 EXEC SPC_VOCABULARY_LST2 '1','1','';
2019-05-30 13:59:53 EXEC SPC_COM_DATA '','','';
2019-05-30 13:59:53 EXEC SPC_GRAMMAR_LST1 '','','1','1';
2019-05-30 13:59:54 EXEC SPC_COM_DATA '','','';
2019-05-30 13:59:54 EXEC SPC_GRAMMAR_LST2 '4','6','';
2019-05-30 14:00:16 EXEC SPC_COM_DATA '','','';
2019-05-30 14:00:16 EXEC SPC_GRAMMAR_LST1 '','','4','6';
2019-05-30 14:00:17 EXEC SPC_COM_DATA '','','';
2019-05-30 14:00:17 EXEC SPC_GRAMMAR_LST2 '4','6','';
2019-05-30 14:01:44 EXEC SPC_COM_DATA '','','';
2019-05-30 14:01:44 EXEC SPC_GRAMMAR_LST1 '','','4','6';
2019-05-30 14:01:46 EXEC SPC_COM_DATA '','','';
2019-05-30 14:01:46 EXEC SPC_GRAMMAR_LST2 '4','6','';
2019-05-30 14:01:53 EXEC SPC_COM_DATA '','','';
2019-05-30 14:01:53 EXEC SPC_GRAMMAR_LST1 '','','4','6';
2019-05-30 14:01:55 EXEC SPC_COM_DATA '','','';
2019-05-30 14:01:55 EXEC SPC_GRAMMAR_LST2 '4','6','';
2019-05-30 14:04:43 EXEC SPC_COM_DATA '','','';
2019-05-30 14:04:43 EXEC SPC_GRAMMAR_LST1 '','','4','6';
2019-05-30 14:04:44 EXEC SPC_COM_DATA '','','';
2019-05-30 14:04:44 EXEC SPC_GRAMMAR_LST2 '4','6','';
2019-05-30 14:05:09 EXEC SPC_COM_DATA '','','';
2019-05-30 14:05:09 EXEC SPC_GRAMMAR_LST1 '','','4','6';
2019-05-30 14:05:10 EXEC SPC_COM_DATA '','','';
2019-05-30 14:05:11 EXEC SPC_GRAMMAR_LST2 '4','6','';
2019-05-30 14:05:20 EXEC SPC_COM_DATA '','','';
2019-05-30 14:05:20 EXEC SPC_GRAMMAR_LST1 '','','4','6';
2019-05-30 14:05:21 EXEC SPC_COM_DATA '','','';
2019-05-30 14:05:21 EXEC SPC_GRAMMAR_LST2 '4','6','';
2019-05-30 14:07:24 EXEC SPC_COM_DATA '','','';
2019-05-30 14:07:24 EXEC SPC_GRAMMAR_LST1 '','','4','6';
2019-05-30 14:07:25 EXEC SPC_COM_DATA '','','';
2019-05-30 14:07:25 EXEC SPC_GRAMMAR_LST2 '4','6','';
2019-05-30 14:07:36 EXEC SPC_COM_DATA '','','';
2019-05-30 14:07:36 EXEC SPC_GRAMMAR_LST1 '','','4','6';
2019-05-30 14:07:38 EXEC SPC_COM_DATA '','','';
2019-05-30 14:07:38 EXEC SPC_GRAMMAR_LST2 '4','6','';
2019-05-30 14:07:55 EXEC SPC_COM_DATA '','','';
2019-05-30 14:07:55 EXEC SPC_COM_QUESTION_LIST '18';
2019-05-30 14:09:20 EXEC SPC_COM_DATA '','','';
2019-05-30 14:09:20 EXEC SPC_GRAMMAR_LST1 '','','4','6';
2019-05-30 14:09:21 EXEC SPC_COM_DATA '','','';
2019-05-30 14:09:22 EXEC SPC_GRAMMAR_LST2 '4','6','';
2019-05-30 14:10:49 EXEC SPC_COM_DATA '','','';
2019-05-30 14:10:49 EXEC SPC_GRAMMAR_LST1 '','','4','6';
2019-05-30 14:10:50 EXEC SPC_COM_DATA '','','';
2019-05-30 14:10:50 EXEC SPC_GRAMMAR_LST2 '4','6','';
2019-05-30 14:20:50 EXEC SPC_COM_DATA '','','';
2019-05-30 14:20:50 EXEC SPC_GRAMMAR_LST1 '','','4','6';
2019-05-30 14:20:51 EXEC SPC_COM_DATA '','','';
2019-05-30 14:20:51 EXEC SPC_GRAMMAR_LST2 '4','6','';
2019-05-30 14:21:46 EXEC SPC_COM_DATA '','','';
2019-05-30 14:21:46 EXEC SPC_GRAMMAR_LST1 '','','4','6';
2019-05-30 14:21:47 EXEC SPC_COM_DATA '','','';
2019-05-30 14:21:47 EXEC SPC_GRAMMAR_LST2 '4','6','';
2019-05-30 14:22:40 EXEC SPC_COM_DATA '','','';
2019-05-30 14:22:40 EXEC SPC_GRAMMAR_LST1 '','','4','6';
2019-05-30 14:22:41 EXEC SPC_COM_DATA '','','';
2019-05-30 14:22:41 EXEC SPC_GRAMMAR_LST2 '4','6','';
2019-05-30 14:23:17 EXEC SPC_COM_DATA '','','';
2019-05-30 14:23:17 EXEC SPC_GRAMMAR_LST1 '','','4','6';
2019-05-30 14:23:18 EXEC SPC_COM_DATA '','','';
2019-05-30 14:23:18 EXEC SPC_GRAMMAR_LST2 '4','6','';
2019-05-30 14:26:23 EXEC SPC_COM_DATA '','','';
2019-05-30 14:26:23 EXEC SPC_GRAMMAR_LST1 '','','4','6';
2019-05-30 14:26:24 EXEC SPC_COM_DATA '','','';
2019-05-30 14:26:24 EXEC SPC_GRAMMAR_LST2 '4','6','';
2019-05-30 14:27:08 EXEC SPC_COM_DATA '','','';
2019-05-30 14:27:08 EXEC SPC_GRAMMAR_LST1 '','','4','6';
2019-05-30 14:27:09 EXEC SPC_COM_DATA '','','';
2019-05-30 14:27:09 EXEC SPC_GRAMMAR_LST2 '4','6','';
2019-05-30 14:28:06 EXEC SPC_COM_DATA '','','';
2019-05-30 14:28:06 EXEC SPC_GRAMMAR_LST1 '','','4','6';
2019-05-30 14:28:08 EXEC SPC_COM_DATA '','','';
2019-05-30 14:28:08 EXEC SPC_GRAMMAR_LST2 '4','6','';
2019-05-30 14:30:59 EXEC SPC_COM_DATA '','','';
2019-05-30 14:30:59 EXEC SPC_LISTENING_LST1 '','','4','6';
2019-05-30 14:31:00 EXEC SPC_COM_DATA '','','';
2019-05-30 14:31:00 EXEC SPC_LISTENING_LST2 '6','8','';
2019-05-30 14:31:05 EXEC SPC_COM_DATA '','','';
2019-05-30 14:31:05 EXEC SPC_WRITING_LST1 '','','6','8';
2019-05-30 14:31:06 EXEC SPC_COM_DATA '','','';
2019-05-30 14:31:06 EXEC SPC_COMMON_GET_SUGGEST
2019-05-30 14:31:06 EXEC SPC_COM_DATA '','','';
2019-05-30 14:31:06 EXEC SPC_WRITING_LST2 '7','9','';
2019-05-30 14:31:11 EXEC SPC_COM_DATA '','','';
2019-05-30 14:31:11 EXEC SPC_WRITING_LST1 '','','7','9';
2019-05-30 14:31:12 EXEC SPC_COM_DATA '','','';
2019-05-30 14:31:12 EXEC SPC_COMMON_GET_SUGGEST
2019-05-30 14:31:12 EXEC SPC_COM_DATA '','','';
2019-05-30 14:31:12 EXEC SPC_WRITING_LST2 '7','9','';
2019-05-30 14:31:20 EXEC SPC_COM_DATA '','','';
2019-05-30 14:31:20 EXEC SPC_READING_LST1 '','','7','9';
2019-05-30 14:31:21 EXEC SPC_COM_DATA '','','';
2019-05-30 14:31:21 EXEC SPC_READING_LST2 '3','5','';
2019-05-30 14:31:28 EXEC SPC_COM_DATA '','','';
2019-05-30 14:31:28 EXEC SPC_SOCIAL_LST1 '','';
2019-05-30 14:31:29 EXEC SPC_COM_DATA '','','';
2019-05-30 14:31:29 EXEC SPC_SOCIAL_LST2 '','1','','';
2019-05-30 14:31:31 EXEC SPC_COM_DATA '','','';
2019-05-30 14:31:31 EXEC SPC_SOCIAL_LST1 '','';
2019-05-30 14:31:32 EXEC SPC_COM_DATA '','','';
2019-05-30 14:31:32 EXEC SPC_SOCIAL_LST2 '','1','','';
2019-05-30 14:31:37 EXEC SPC_COM_DATA '','','';
2019-05-30 14:31:37 EXEC SPC_DISCUSS_LST1 '','';
2019-05-30 14:31:37 EXEC SPC_COM_DATA '','','';
2019-05-30 14:31:37 EXEC SPC_DISCUSS_LST2 '','1','','';
2019-05-30 14:31:41 EXEC SPC_COM_DATA '','','';
2019-05-30 14:31:41 EXEC SPC_DICTIONARY_LST1 '','';
2019-05-30 14:31:44 EXEC SPC_COM_DATA '','','';
2019-05-30 14:31:44 EXEC SPC_RELAX_LST1 '','';
2019-05-30 14:31:45 EXEC SPC_COM_DATA '','','';
2019-05-30 14:31:45 EXEC SPC_RELAX_LST2 '','1','1','1','0','','';
2019-05-30 14:31:47 EXEC SPC_COM_DATA '','','';
2019-05-30 14:31:48 EXEC SPC_COM_DATA '','','';
2019-05-30 14:31:48 EXEC SPC_TRANSLATION_LST1 '','';
2019-05-30 14:31:49 EXEC SPC_COM_DATA '','','';
2019-05-30 14:31:54 EXEC SPC_COM_DATA '','','';
2019-05-30 14:31:54 EXEC SPC_SOCIAL_LST1 '','';
2019-05-30 14:31:55 EXEC SPC_COM_DATA '','','';
2019-05-30 14:31:55 EXEC SPC_SOCIAL_LST2 '','1','','';
2019-05-30 14:32:00 EXEC SPC_COM_DATA '','','';
2019-05-30 14:32:00 EXEC SPC_SOCIAL_ACT2 '17','','::1';
2019-05-30 14:32:56 EXEC SPC_COM_DATA '','','';
2019-05-30 14:32:56 EXEC SPC_COM_GET_PAGE_COMMENT '1','6','17','2','1','';
2019-05-30 14:32:58 EXEC SPC_COM_DATA '','','';
2019-05-30 14:32:58 EXEC SPC_COM_GET_PAGE_COMMENT '1','6','17','1','1','';
2019-05-30 14:33:07 EXEC SPC_COM_DATA '','','';
2019-05-30 14:33:07 EXEC SPC_VOCABULARY_LST1 '','','3','5';
2019-05-30 14:33:08 EXEC SPC_COM_DATA '','','';
2019-05-30 14:33:08 EXEC SPC_VOCABULARY_LST2 '1','1','';
2019-05-30 14:33:08 EXEC SPC_COM_DATA '','','';
2019-05-30 14:33:08 EXEC SPC_SOCIAL_ACT2 '17','','::1';
2019-05-30 14:34:09 EXEC SPC_COM_DATA '','','';
2019-05-30 14:34:09 EXEC SPC_SOCIAL_LST1 '','';
2019-05-30 14:34:10 EXEC SPC_COM_DATA '','','';
2019-05-30 14:34:10 EXEC SPC_SOCIAL_LST2 '','1','','';
2019-05-30 14:34:12 EXEC SPC_COM_DATA '','','';
2019-05-30 14:34:12 EXEC SPC_READING_LST1 '','','1','1';
2019-05-30 14:34:12 EXEC SPC_COM_DATA '','','';
2019-05-30 14:34:12 EXEC SPC_READING_LST2 '3','5','';
2019-05-30 14:34:13 EXEC SPC_COM_DATA '','','';
2019-05-30 14:34:13 EXEC SPC_WRITING_LST1 '','','1','1';
2019-05-30 14:34:14 EXEC SPC_COM_DATA '','','';
2019-05-30 14:34:14 EXEC SPC_COMMON_GET_SUGGEST
2019-05-30 14:34:14 EXEC SPC_COM_DATA '','','';
2019-05-30 14:34:14 EXEC SPC_WRITING_LST2 '7','9','';
2019-05-30 14:34:20 EXEC SPC_COM_DATA '','','';
2019-05-30 14:34:20 EXEC SPC_WRITING_LST1 '','','7','9';
2019-05-30 14:34:21 EXEC SPC_COM_DATA '','','';
2019-05-30 14:34:21 EXEC SPC_COMMON_GET_SUGGEST
2019-05-30 14:34:22 EXEC SPC_COM_DATA '','','';
2019-05-30 14:34:22 EXEC SPC_WRITING_LST2 '7','9','';
2019-05-30 14:34:31 EXEC SPC_COM_DATA '','','';
2019-05-30 14:34:31 EXEC SPC_WRITING_LST1 '','','7','9';
2019-05-30 14:34:32 EXEC SPC_COM_DATA '','','';
2019-05-30 14:34:32 EXEC SPC_COMMON_GET_SUGGEST
2019-05-30 14:34:32 EXEC SPC_COM_DATA '','','';
2019-05-30 14:34:33 EXEC SPC_WRITING_LST2 '7','9','';
2019-05-30 14:42:12 EXEC SPC_COM_DATA '','','';
2019-05-30 14:42:12 EXEC SPC_WRITING_LST1 '','','7','9';
2019-05-30 14:42:14 EXEC SPC_COM_DATA '','','';
2019-05-30 14:42:14 EXEC SPC_COMMON_GET_SUGGEST
2019-05-30 14:42:14 EXEC SPC_COM_DATA '','','';
2019-05-30 14:42:14 EXEC SPC_WRITING_LST2 '7','9','';
2019-05-30 14:42:23 EXEC SPC_COM_DATA '','','';
2019-05-30 14:42:23 EXEC SPC_COM_GET_PAGE_COMMENT '1','4','8','1','1','';
2019-05-30 14:42:30 EXEC SPC_COM_DATA '','','';
2019-05-30 14:44:24 EXEC SPC_COM_DATA '','','';
2019-05-30 14:44:24 EXEC SPC_GRAMMAR_LST1 '','','7','9';
2019-05-30 14:44:25 EXEC SPC_COM_DATA '','','';
2019-05-30 14:44:25 EXEC SPC_GRAMMAR_LST2 '4','6','';
2019-05-30 14:44:44 EXEC SPC_COM_DATA '','','';
2019-05-30 14:44:44 EXEC SPC_LISTENING_LST1 '','','4','6';
2019-05-30 14:44:45 EXEC SPC_COM_DATA '','','';
2019-05-30 14:44:45 EXEC SPC_LISTENING_LST2 '6','8','';
2019-05-30 14:45:21 EXEC SPC_COM_DATA '','','';
2019-05-30 14:48:50 EXEC SPC_COMMON_ACCOUNT '1','2';
2019-05-30 14:48:51 EXEC SPC_COM_DATA '1','1','2';
2019-05-30 14:48:51 EXEC SPC_COM_MENU '1';
2019-05-30 14:48:54 EXEC SPC_COM_PERMISSION '1','2','g001';
2019-05-30 14:48:54 EXEC SPC_COM_MENU '1';
2019-05-30 14:48:54 EXEC SPC_G001_LST1 '1','1';
2019-05-30 14:48:58 EXEC SPC_COM_PERMISSION '1','2','w001';
2019-05-30 14:48:58 EXEC SPC_COM_MENU '1';
2019-05-30 14:48:58 EXEC SPC_W001_LST1
2019-05-30 14:49:07 EXEC SPC_COM_MENU '1';
2019-05-30 14:49:08 EXEC SPC_COMMON_CATALORUE '7';
2019-05-30 14:49:10 EXEC SPC_COM_MENU '1';
2019-05-30 14:49:10 EXEC SPC_W001_LST2 '7','','','-1','','10','1';
2019-05-30 14:49:32 EXEC SPC_COM_DATA '','','';
2019-05-30 14:49:32 EXEC SPC_RELAX_LST1 '','';
2019-05-30 14:49:34 EXEC SPC_COM_DATA '','','';
2019-05-30 14:49:34 EXEC SPC_RELAX_LST2 '','1','1','1','0','','';
2019-05-30 14:49:42 EXEC SPC_COM_DATA '','','';
2019-05-30 14:49:42 EXEC SPC_RELAX_ACT2 '24','','::1';
2019-05-30 14:49:48 EXEC SPC_COM_MENU '1';
2019-05-30 14:49:48 EXEC SPC_W001_LST2 '7','','','0','','10','1';
2019-05-30 14:49:51 EXEC SPC_COM_MENU '1';
2019-05-30 14:49:51 EXEC SPC_W001_LST2 '7','','','1','','10','1';
2019-05-30 14:49:53 EXEC SPC_COM_MENU '1';
2019-05-30 14:49:53 EXEC SPC_W001_LST2 '7','','','2','','10','1';
2019-05-30 14:50:21 EXEC SPC_COM_PERMISSION '1','2','w002';
2019-05-30 14:50:21 EXEC SPC_COM_MENU '1';
2019-05-30 14:50:21 EXEC SPC_W002_FND1
2019-05-30 14:50:22 EXEC SPC_COM_MENU '1';
2019-05-30 14:50:22 EXEC SPC_W002_LST1 '53';
2019-05-30 14:50:23 EXEC SPC_COM_MENU '1';
2019-05-30 14:50:23 EXEC SPC_W002_LST2 '7';
2019-05-30 14:50:49 EXEC SPC_COM_DATA '','','';
2019-05-30 14:50:49 EXEC SPC_RELAX_LST2 '','1','1','1','0','','';
2019-05-30 14:51:04 EXEC SPC_COM_DATA '','','';
2019-05-30 14:51:04 EXEC SPC_RELAX_ACT2 '25','','::1';
2019-05-30 14:51:20 EXEC SPC_COM_DATA '','','';
2019-05-30 14:51:20 EXEC SPC_RELAX_ACT2 '25','','::1';
2019-05-30 14:55:18 EXEC SPC_COM_DATA '','','';
2019-05-30 14:55:19 EXEC SPC_COM_DATA '','','';
2019-05-30 14:55:20 EXEC SPC_TRANSLATION_LST1 '','';
2019-05-30 14:55:22 EXEC SPC_COM_DATA '','','';
2019-05-30 14:55:24 EXEC SPC_COM_DATA '','','';
2019-05-30 14:55:25 EXEC SPC_COM_DATA '','','';
2019-05-30 14:55:25 EXEC SPC_TRANSLATION_LST1 '','';
2019-05-30 14:55:26 EXEC SPC_COM_DATA '','','';
2019-05-30 14:55:26 EXEC SPC_DICTIONARY_LST1 '','';
2019-05-30 14:55:29 EXEC SPC_COM_DATA '','','';
2019-05-30 14:55:29 EXEC SPC_DICTIONARY_LST2 'a','','::1';
2019-05-30 14:55:35 EXEC SPC_COM_DATA '','','';
2019-05-30 14:55:35 EXEC SPC_DICTIONARY_LST2 'v','','::1';
2019-05-30 14:55:45 EXEC SPC_COM_DATA '','','';
2019-05-30 14:55:45 EXEC SPC_DICTIONARY_LST2 'king','','::1';
2019-05-30 14:55:46 EXEC SPC_COM_DATA '','','';
2019-05-30 14:55:46 EXEC SPC_DICTIONARY_LST3 'king';
2019-05-30 14:55:54 EXEC SPC_COM_DATA '','','';
2019-05-30 14:55:54 EXEC SPC_DICTIONARY_LST3 'king';
2019-05-30 14:56:13 EXEC SPC_COM_DATA '','','';
2019-05-30 14:56:14 EXEC SPC_VOCABULARY_LST1 '','','6','8';
2019-05-30 14:56:15 EXEC SPC_COM_DATA '','','';
2019-05-30 14:56:15 EXEC SPC_VOCABULARY_LST2 '1','1','';
2019-05-30 14:56:17 EXEC SPC_COM_DATA '','','';
2019-05-30 14:56:17 EXEC SPC_DICTIONARY_LST1 '1','';
2019-05-30 14:56:18 EXEC SPC_COM_DATA '','','';
2019-05-30 14:56:18 EXEC SPC_DICTIONARY_LST2 'A1','','::1';
2019-05-30 14:56:22 EXEC SPC_COM_DATA '','','';
2019-05-30 14:56:22 EXEC SPC_DICTIONARY_LST2 'A2','','::1';
2019-05-30 14:56:28 EXEC SPC_COM_DATA '','','';
2019-05-30 14:56:28 EXEC SPC_DICTIONARY_LST2 'A1','','::1';
2019-05-30 14:56:40 EXEC SPC_COM_DATA '','','';
2019-05-30 14:56:40 EXEC SPC_VOCABULARY_LST1 '','','1','1';
2019-05-30 14:56:41 EXEC SPC_COM_DATA '','','';
2019-05-30 14:56:41 EXEC SPC_VOCABULARY_LST2 '1','1','';
2019-05-30 14:56:44 EXEC SPC_COM_DATA '','','';
2019-05-30 14:56:44 EXEC SPC_GRAMMAR_LST1 '','','1','1';
2019-05-30 14:56:45 EXEC SPC_COM_DATA '','','';
2019-05-30 14:56:45 EXEC SPC_GRAMMAR_LST2 '4','6','';
2019-05-30 14:56:53 EXEC SPC_COM_DATA '','','';
2019-05-30 14:56:54 EXEC SPC_COM_QUESTION_LIST '4';
2019-05-30 14:56:58 EXEC SPC_COM_DATA '','','';
2019-05-30 14:56:58 EXEC SPC_COM_QUESTION_LIST '4';
2019-05-30 14:57:12 EXEC SPC_COM_DATA '','','';
2019-05-30 14:57:12 EXEC SPC_LISTENING_LST1 '','','4','6';
2019-05-30 14:57:13 EXEC SPC_COM_DATA '','','';
2019-05-30 14:57:13 EXEC SPC_LISTENING_LST2 '6','8','';
2019-05-30 14:57:18 EXEC SPC_COM_DATA '','','';
2019-05-30 14:57:18 EXEC SPC_COM_GET_PAGE_COMMENT '1','3','12','1','1','';
2019-05-30 14:57:23 EXEC SPC_COM_DATA '','','';
2019-05-30 14:57:24 EXEC SPC_COM_DATA '','','';
2019-05-30 14:57:28 EXEC SPC_COM_DATA '','','';
2019-05-30 14:57:28 EXEC SPC_LISTENING_LST1 '12','','6','8';
2019-05-30 14:57:29 EXEC SPC_COM_DATA '','','';
2019-05-30 14:57:29 EXEC SPC_LISTENING_LST2 '6','8','';
2019-05-30 14:59:26 EXEC SPC_COM_DATA '','','';
2019-05-30 14:59:27 EXEC SPC_COM_EXAM_LIST '1','1','1','1','1','';
2019-05-30 14:59:31 EXEC SPC_COM_DATA '','','';
2019-05-30 14:59:31 EXEC SPC_COM_EXAM_LIST '1','1','2','1','1','';
2019-05-30 14:59:39 EXEC SPC_COM_DATA '','','';
2019-05-30 14:59:39 EXEC SPC_VOCABULARY_LST2 '1','2','';
2019-05-30 14:59:42 EXEC SPC_COM_DATA '','','';
2019-05-30 14:59:42 EXEC SPC_VOCABULARY_LST2 '1','1','';
2019-05-30 14:59:50 EXEC SPC_COM_DATA '','','';
2019-05-30 14:59:50 EXEC SPC_VOCABULARY_LST2 '1','2','';
2019-05-30 14:59:53 EXEC SPC_COM_DATA '','','';
2019-05-30 14:59:53 EXEC SPC_VOCABULARY_LST2 '1','1','';
2019-05-30 15:00:06 EXEC SPC_COM_DATA '','','';
2019-05-30 15:00:06 EXEC SPC_VOCABULARY_LST2 '1','2','';
2019-05-30 15:00:11 EXEC SPC_COM_DATA '','','';
2019-05-30 15:00:11 EXEC SPC_VOCABULARY_LST2 '1','1','';
2019-05-30 15:00:15 EXEC SPC_COM_DATA '','','';
2019-05-30 15:00:15 EXEC SPC_VOCABULARY_LST2 '1','2','';
2019-05-30 15:00:26 EXEC SPC_COM_DATA '','','';
2019-05-30 15:00:27 EXEC SPC_COM_DATA '','','';
2019-05-30 15:00:27 EXEC SPC_TRANSLATION_LST1 '','';
2019-05-30 15:05:55 EXEC SPC_COM_DATA '','','';
2019-05-30 15:08:20 EXEC SPC_COM_DATA '','','';
2019-05-30 15:08:20 EXEC SPC_TRANSLATION_LST1 '','';
2019-05-30 15:12:05 EXEC SPC_COM_DATA '','','';
2019-05-30 15:12:06 EXEC SPC_COM_DATA '','','';
2019-05-30 15:14:30 EXEC SPC_COM_DATA '','','';
2019-05-30 15:14:33 EXEC SPC_COM_DATA '','','';
2019-05-30 15:14:33 EXEC SPC_TRANSLATION_LST1 '','';
2019-05-30 15:14:36 EXEC SPC_COM_DATA '','','';
2019-05-30 15:14:36 EXEC SPC_VOCABULARY_LST1 '103','','1','2';
2019-05-30 15:14:38 EXEC SPC_COM_DATA '','','';
2019-05-30 15:14:38 EXEC SPC_VOCABULARY_LST2 '1','2','';
2019-05-30 15:14:40 EXEC SPC_COM_DATA '','','';
2019-05-30 15:14:40 EXEC SPC_COM_DATA '','','';
2019-05-30 15:15:33 EXEC SPC_COM_DATA '','','';
2019-05-30 15:15:33 EXEC SPC_VOCABULARY_LST2 '1','2','';
2019-05-30 15:15:33 EXEC SPC_COM_DATA '','','';
2019-05-30 15:15:33 EXEC SPC_VOCABULARY_LST1 '103','','1','2';
2019-05-30 15:15:35 EXEC SPC_COM_DATA '','','';
2019-05-30 15:15:35 EXEC SPC_VOCABULARY_LST2 '1','2','';
2019-05-30 15:15:38 EXEC SPC_COM_DATA '','','';
2019-05-30 15:15:39 EXEC SPC_COM_DATA '','','';
2019-05-30 15:16:21 EXEC SPC_COM_DATA '','','';
2019-05-30 15:16:21 EXEC SPC_VOCABULARY_LST2 '1','2','';
2019-05-30 15:17:22 EXEC SPC_COM_DATA '','','';
2019-05-30 15:17:22 EXEC SPC_VOCABULARY_LST2 '1','2','';
2019-05-30 15:17:25 EXEC SPC_COM_DATA '','','';
2019-05-30 15:17:25 EXEC SPC_VOCABULARY_LST1 '103','','1','2';
2019-05-30 15:17:26 EXEC SPC_COM_DATA '','','';
2019-05-30 15:17:26 EXEC SPC_VOCABULARY_LST2 '1','2','';
2019-05-30 15:17:29 EXEC SPC_COM_DATA '','','';
2019-05-30 15:17:30 EXEC SPC_COM_DATA '','','';
2019-05-30 15:20:56 EXEC SPC_COM_DATA '','','';
2019-05-30 15:20:56 EXEC SPC_LISTENING_LST1 '12','','1','2';
2019-05-30 15:20:57 EXEC SPC_COM_DATA '','','';
2019-05-30 15:20:57 EXEC SPC_LISTENING_LST2 '6','8','';
2019-05-30 15:21:02 EXEC SPC_COM_DATA '','','';
2019-05-30 15:21:02 EXEC SPC_COM_DATA '','','';
2019-05-30 15:21:07 EXEC SPC_COM_DATA '','','';
2019-05-30 15:21:07 EXEC SPC_LISTENING_LST2 '6','8','';
2019-05-30 15:21:15 EXEC SPC_COM_DATA '','','';
2019-05-30 15:21:16 EXEC SPC_COM_DATA '','','';
2019-05-30 15:21:17 EXEC SPC_COM_DATA '','','';
2019-05-30 15:21:17 EXEC SPC_LISTENING_LST1 '19','','6','8';
2019-05-30 15:21:18 EXEC SPC_COM_DATA '','','';
2019-05-30 15:21:18 EXEC SPC_LISTENING_LST2 '6','8','';
2019-05-30 15:21:19 EXEC SPC_COM_DATA '','','';
2019-05-30 15:21:19 EXEC SPC_LISTENING_LST1 '19','','6','8';
2019-05-30 15:21:22 EXEC SPC_COM_DATA '','','';
2019-05-30 15:21:22 EXEC SPC_LISTENING_LST2 '6','8','';
2019-05-30 15:22:04 EXEC SPC_COM_DATA '','','';
2019-05-30 15:22:04 EXEC SPC_LISTENING_LST2 '6','8','';
2019-05-30 15:22:20 EXEC SPC_COM_DATA '','','';
2019-05-30 15:22:20 EXEC SPC_LISTENING_LST1 '','','6','8';
2019-05-30 15:22:21 EXEC SPC_COM_DATA '','','';
2019-05-30 15:22:21 EXEC SPC_LISTENING_LST2 '6','8','';
2019-05-30 15:22:31 EXEC SPC_COM_DATA '','','';
2019-05-30 15:22:32 EXEC SPC_COM_DATA '','','';
2019-05-30 15:23:33 EXEC SPC_COM_DATA '','','';
2019-05-30 15:23:33 EXEC SPC_VOCABULARY_LST1 '1','','6','8';
2019-05-30 15:23:37 EXEC SPC_COM_DATA '','','';
2019-05-30 15:23:37 EXEC SPC_VOCABULARY_LST2 '1','1','';
2019-05-30 15:23:43 EXEC SPC_COM_DATA '','','';
2019-05-30 15:23:44 EXEC SPC_COM_DATA '','','';
2019-05-30 15:25:12 EXEC SPC_COM_DATA '','','';
2019-05-30 15:25:12 EXEC SPC_VOCABULARY_LST1 '1','','1','1';
2019-05-30 15:25:13 EXEC SPC_COM_DATA '','','';
2019-05-30 15:25:13 EXEC SPC_VOCABULARY_LST2 '1','1','';
2019-05-30 15:25:17 EXEC SPC_COM_DATA '','','';
2019-05-30 15:25:18 EXEC SPC_COM_DATA '','','';
2019-05-30 15:27:18 EXEC SPC_COM_DATA '','','';
2019-05-30 15:27:18 EXEC SPC_VOCABULARY_LST2 '1','1','';
2019-05-30 15:27:20 EXEC SPC_COM_DATA '','','';
2019-05-30 15:27:20 EXEC SPC_VOCABULARY_LST1 '1','','1','1';
2019-05-30 15:27:21 EXEC SPC_COM_DATA '','','';
2019-05-30 15:27:21 EXEC SPC_VOCABULARY_LST2 '1','1','';
2019-05-30 15:27:24 EXEC SPC_COM_DATA '','','';
2019-05-30 15:27:25 EXEC SPC_COM_DATA '','','';
2019-05-30 15:28:57 EXEC SPC_COM_DATA '','','';
2019-05-30 15:28:57 EXEC SPC_VOCABULARY_LST2 '1','1','';
2019-05-30 15:28:58 EXEC SPC_COM_DATA '','','';
2019-05-30 15:28:58 EXEC SPC_VOCABULARY_LST1 '1','','1','1';
2019-05-30 15:28:59 EXEC SPC_COM_DATA '','','';
2019-05-30 15:28:59 EXEC SPC_VOCABULARY_LST2 '1','1','';
2019-05-30 15:29:03 EXEC SPC_COM_DATA '','','';
2019-05-30 15:29:04 EXEC SPC_COM_DATA '','','';
2019-05-30 15:33:00 EXEC SPC_COM_DATA '','','';
2019-05-30 15:33:00 EXEC SPC_VOCABULARY_LST2 '1','1','';
2019-05-30 15:33:01 EXEC SPC_COM_DATA '','','';
2019-05-30 15:33:01 EXEC SPC_VOCABULARY_LST1 '1','','1','1';
2019-05-30 15:33:02 EXEC SPC_COM_DATA '','','';
2019-05-30 15:33:02 EXEC SPC_VOCABULARY_LST2 '1','1','';
2019-05-30 15:33:04 EXEC SPC_COM_DATA '','','';
2019-05-30 15:33:05 EXEC SPC_COM_DATA '','','';
2019-05-30 15:33:06 EXEC SPC_COMMON_ACCOUNT '18','1';
2019-05-30 15:33:06 EXEC SPC_COM_DATA '14','1','1';
2019-05-30 15:33:06 EXEC SPC_VOCABULARY_LST1 '1','14','1','1';
2019-05-30 15:33:07 EXEC SPC_COM_DATA '14','1','1';
2019-05-30 15:33:07 EXEC SPC_VOCABULARY_LST2 '1','1','14';
2019-05-30 15:47:44 EXEC SPC_COM_DATA '14','1','1';
2019-05-30 15:47:44 EXEC SPC_LISTENING_LST1 '','14','1','1';
2019-05-30 15:47:45 EXEC SPC_COM_DATA '14','1','1';
2019-05-30 15:47:45 EXEC SPC_LISTENING_LST2 '6','8','14';
2019-05-30 15:54:59 EXEC SPC_COM_DATA '14','1','1';
2019-05-30 15:55:00 EXEC SPC_COM_DATA '14','1','1';
2019-05-30 15:55:00 EXEC SPC_TRANSLATION_LST1 '','14';
2019-05-30 15:55:03 EXEC SPC_COM_DATA '14','1','1';
2019-05-30 15:55:27 EXEC SPC_COM_DATA '14','1','1';
2019-05-30 15:55:27 EXEC SPC_COM_MENU '1';
2019-05-30 16:01:18 EXEC SPC_COM_DATA '14','1','1';
2019-05-30 16:01:18 EXEC SPC_READING_LST1 '','14','6','8';
2019-05-30 16:01:19 EXEC SPC_COM_DATA '14','1','1';
2019-05-30 16:01:19 EXEC SPC_READING_LST2 '3','5','14';
2019-05-30 16:01:38 EXEC SPC_COM_DATA '14','1','1';
2019-05-30 16:01:38 EXEC SPC_VOCABULARY_LST1 '','14','3','5';
2019-05-30 16:01:40 EXEC SPC_COM_DATA '14','1','1';
2019-05-30 16:01:40 EXEC SPC_VOCABULARY_LST2 '1','1','14';
2019-05-30 16:02:12 EXEC SPC_COM_DATA '14','1','1';
2019-05-30 16:02:12 EXEC SPC_GRAMMAR_LST1 '','14','1','1';
2019-05-30 16:02:13 EXEC SPC_COM_DATA '14','1','1';
2019-05-30 16:02:13 EXEC SPC_GRAMMAR_LST2 '4','6','14';
2019-05-30 16:04:08 EXEC SPC_COM_DATA '14','1','1';
2019-05-30 16:04:08 EXEC SPC_COM_QUESTION_LIST '4';
2019-05-30 16:06:32 EXEC SPC_COM_DATA '14','1','1';
2019-05-30 16:06:32 EXEC SPC_COM_QUESTION_LIST '4';
2019-05-30 16:06:40 EXEC SPC_COM_DATA '14','1','1';
2019-05-30 16:06:40 EXEC SPC_LISTENING_LST1 '','14','4','6';
2019-05-30 16:06:42 EXEC SPC_COM_DATA '14','1','1';
2019-05-30 16:06:42 EXEC SPC_LISTENING_LST2 '6','8','14';
2019-05-30 16:07:25 EXEC SPC_COM_DATA '14','1','1';
2019-05-30 16:07:25 EXEC SPC_COM_ADD_LESSON '3','6','8','14','::1';
2019-05-30 16:07:28 EXEC SPC_COM_DATA '14','1','1';
2019-05-30 16:07:28 EXEC SPC_READING_LST1 '','14','6','8';
2019-05-30 16:07:29 EXEC SPC_COM_DATA '14','1','1';
2019-05-30 16:07:29 EXEC SPC_READING_LST2 '','','14';
2019-05-30 16:07:30 EXEC SPC_COM_DATA '14','1','1';
2019-05-30 16:07:30 EXEC SPC_LISTENING_LST1 '','14','','';
2019-05-30 16:07:31 EXEC SPC_COM_DATA '14','1','1';
2019-05-30 16:07:31 EXEC SPC_LISTENING_LST2 '6','8','14';
2019-05-30 16:07:36 EXEC SPC_COM_DATA '14','1','1';
2019-05-30 16:07:36 EXEC SPC_COM_DELETE_LESSON '16','14','::1';
2019-05-30 16:07:43 EXEC SPC_COM_DATA '14','1','1';
2019-05-30 16:07:43 EXEC SPC_GRAMMAR_LST1 '','14','6','8';
2019-05-30 16:07:44 EXEC SPC_COM_DATA '14','1','1';
2019-05-30 16:07:44 EXEC SPC_GRAMMAR_LST2 '4','6','14';
2019-05-30 16:07:53 EXEC SPC_COM_DATA '14','1','1';
2019-05-30 16:07:53 EXEC SPC_VOCABULARY_LST1 '','14','4','6';
2019-05-30 16:07:54 EXEC SPC_COM_DATA '14','1','1';
2019-05-30 16:07:54 EXEC SPC_VOCABULARY_LST2 '1','1','14';
2019-05-30 16:07:56 EXEC SPC_COM_DATA '14','1','1';
2019-05-30 16:07:56 EXEC SPC_VOCABULARY_LST2 '1','2','14';
2019-05-30 16:07:57 EXEC SPC_COM_DATA '14','1','1';
2019-05-30 16:07:57 EXEC SPC_COM_ADD_LESSON '1','1','2','14','::1';
2019-05-30 16:07:59 EXEC SPC_COM_DATA '14','1','1';
2019-05-30 16:07:59 EXEC SPC_LISTENING_LST1 '','14','1','2';
2019-05-30 16:08:00 EXEC SPC_COM_DATA '14','1','1';
2019-05-30 16:08:00 EXEC SPC_LISTENING_LST2 '6','8','14';
2019-05-30 16:08:05 EXEC SPC_COM_DATA '14','1','1';
2019-05-30 16:08:05 EXEC SPC_VOCABULARY_LST1 '','14','6','8';
2019-05-30 16:08:06 EXEC SPC_COM_DATA '14','1','1';
2019-05-30 16:08:06 EXEC SPC_VOCABULARY_LST2 '1','2','14';
2019-05-30 16:08:16 EXEC SPC_COM_DATA '14','1','1';
2019-05-30 16:08:16 EXEC SPC_COM_MENU '1';
2019-05-30 16:08:49 EXEC SPC_COM_DATA '14','1','1';
2019-05-30 16:08:50 EXEC SPC_VOCABULARY_LST1 '','14','1','2';
2019-05-30 16:08:51 EXEC SPC_COM_DATA '14','1','1';
2019-05-30 16:08:51 EXEC SPC_VOCABULARY_LST2 '1','2','14';
2019-05-30 16:08:54 EXEC SPC_COM_DATA '14','1','1';
2019-05-30 16:08:54 EXEC SPC_GRAMMAR_LST1 '','14','1','2';
2019-05-30 16:08:55 EXEC SPC_COM_DATA '14','1','1';
2019-05-30 16:08:55 EXEC SPC_GRAMMAR_LST2 '4','6','14';
2019-05-30 16:09:23 EXEC SPC_COM_DATA '14','1','1';
2019-05-30 16:09:23 EXEC SPC_COM_ADD_EXAM '1','4','2','can i love u','tau iu mi đc hok_????','14','::1';
2019-05-30 16:09:23 EXEC SPC_COM_ADD_NOTIFY '2','4','','7','14','::1';
2019-05-30 16:09:40 EXEC SPC_COM_DATA '14','1','1';
2019-05-30 16:09:40 EXEC SPC_GRAMMAR_LST1 '4','14','4','6';
2019-05-30 16:09:41 EXEC SPC_COM_DATA '14','1','1';
2019-05-30 16:09:41 EXEC SPC_GRAMMAR_LST2 '4','6','14';
2019-05-30 16:09:54 EXEC SPC_COM_DATA '14','1','1';
2019-05-30 16:09:54 EXEC SPC_COM_EXAM_LIST '1','4','1','1','2','14';
2019-05-30 16:09:57 EXEC SPC_COM_DATA '14','1','1';
2019-05-30 16:09:57 EXEC SPC_COM_EXAM_LIST '1','4','1','2','2','14';
2019-05-30 16:10:00 EXEC SPC_COM_DATA '14','1','1';
2019-05-30 16:10:00 EXEC SPC_COM_EXAM_LIST '1','4','1','1','2','14';
2019-05-30 16:10:02 EXEC SPC_COM_DATA '14','1','1';
2019-05-30 16:10:02 EXEC SPC_COM_EXAM_LIST '1','4','1','2','2','14';
2019-05-30 16:10:03 EXEC SPC_COM_DATA '14','1','1';
2019-05-30 16:10:03 EXEC SPC_COM_EXAM_LIST '1','4','1','1','2','14';
2019-05-30 16:10:04 EXEC SPC_COM_DATA '14','1','1';
2019-05-30 16:10:04 EXEC SPC_COM_EXAM_LIST '1','4','1','2','2','14';
2019-05-30 16:10:05 EXEC SPC_COM_DATA '14','1','1';
2019-05-30 16:10:05 EXEC SPC_COM_EXAM_LIST '1','4','1','1','2','14';
2019-05-30 16:10:06 EXEC SPC_COM_DATA '14','1','1';
2019-05-30 16:10:06 EXEC SPC_COM_EXAM_LIST '1','4','1','2','2','14';
2019-05-30 16:10:16 EXEC SPC_COM_DATA '14','1','1';
2019-05-30 16:10:16 EXEC SPC_VOCABULARY_LST1 '','14','4','6';
2019-05-30 16:10:17 EXEC SPC_COM_DATA '14','1','1';
2019-05-30 16:10:17 EXEC SPC_VOCABULARY_LST2 '1','2','14';
2019-05-30 17:29:29 EXEC SPC_COM_DATA '14','1','1';
2019-05-30 17:29:29 EXEC SPC_GRAMMAR_LST1 '','14','1','2';
2019-05-30 17:29:32 EXEC SPC_COM_DATA '14','1','1';
2019-05-30 17:29:32 EXEC SPC_GRAMMAR_LST2 '4','6','14';
2019-05-30 17:29:38 EXEC SPC_COM_DATA '14','1','1';
2019-05-30 17:29:38 EXEC SPC_COM_QUESTION_LIST '4';
2019-05-30 17:29:47 EXEC SPC_COM_DATA '14','1','1';
2019-05-30 17:29:47 EXEC SPC_COM_EXAM_LIST '1','4','1','1','2','14';
2019-05-30 17:29:49 EXEC SPC_COM_DATA '14','1','1';
2019-05-30 17:29:49 EXEC SPC_COM_EXAM_LIST '1','4','2','1','2','14';
2019-05-30 17:29:51 EXEC SPC_COM_DATA '14','1','1';
2019-05-30 17:29:51 EXEC SPC_COM_EXAM_LIST '1','4','0','1','2','14';
2019-05-30 17:29:52 EXEC SPC_COM_DATA '14','1','1';
2019-05-30 17:29:52 EXEC SPC_COM_EXAM_LIST '1','4','1','1','2','14';
2019-05-30 17:29:53 EXEC SPC_COM_DATA '14','1','1';
2019-05-30 17:29:53 EXEC SPC_COM_EXAM_LIST '1','4','1','2','2','14';
2019-05-30 17:29:54 EXEC SPC_COM_DATA '14','1','1';
2019-05-30 17:29:54 EXEC SPC_COM_EXAM_LIST '1','4','1','1','2','14';
2019-05-30 17:34:36 EXEC SPC_COM_DATA '14','1','1';
2019-05-30 17:34:36 EXEC SPC_GRAMMAR_LST1 '4','14','4','6';
2019-05-30 17:34:37 EXEC SPC_COM_DATA '14','1','1';
2019-05-30 17:34:37 EXEC SPC_GRAMMAR_LST2 '4','6','14';
2019-05-30 17:34:45 EXEC SPC_COM_DATA '14','1','1';
2019-05-30 17:34:45 EXEC SPC_COM_EXAM_LIST '1','4','0','2','2','14';
2019-05-30 17:34:46 EXEC SPC_COM_DATA '14','1','1';
2019-05-30 17:34:46 EXEC SPC_COM_EXAM_LIST '1','4','0','1','2','14';
2019-05-30 17:37:49 EXEC SPC_COM_DATA '14','1','1';
2019-05-30 17:37:49 EXEC SPC_SOCIAL_LST1 '','14';
2019-05-30 17:37:50 EXEC SPC_COM_DATA '14','1','1';
2019-05-30 17:37:50 EXEC SPC_SOCIAL_LST2 '','1','','14';
2019-05-30 17:37:56 EXEC SPC_COM_DATA '14','1','1';
2019-05-30 17:37:56 EXEC SPC_SOCIAL_ACT2 '17','14','::1';
2019-05-30 17:38:01 EXEC SPC_COM_DATA '14','1','1';
2019-05-30 17:38:01 EXEC SPC_SOCIAL_LST1 '','14';
2019-05-30 17:38:02 EXEC SPC_COM_DATA '14','1','1';
2019-05-30 17:38:02 EXEC SPC_SOCIAL_LST2 '','1','','14';
2019-05-30 17:38:04 EXEC SPC_COM_DATA '14','1','1';
2019-05-30 17:38:04 EXEC SPC_COM_GET_PAGE_COMMENT '1','6','17','2','1','14';
2019-05-30 17:38:05 EXEC SPC_COM_DATA '14','1','1';
2019-05-30 17:38:05 EXEC SPC_COM_GET_PAGE_COMMENT '1','6','17','1','1','14';
2019-05-30 17:38:11 EXEC SPC_COM_DATA '14','1','1';
2019-05-30 17:38:11 EXEC SPC_SOCIAL_ACT2 '17','14','::1';
2019-05-30 17:42:26 EXEC SPC_COM_DATA '14','1','1';
2019-05-30 17:42:27 EXEC SPC_SOCIAL_ACT2 '17','14','::1';
2019-05-30 17:43:49 EXEC SPC_COM_DATA '14','1','1';
2019-05-30 17:43:49 EXEC SPC_SOCIAL_ACT2 '22','14','::1';
2019-05-30 17:43:59 EXEC SPC_COM_DATA '14','1','1';
2019-05-30 17:43:59 EXEC SPC_SOCIAL_ACT2 '17','14','::1';
2019-05-30 17:44:51 EXEC SPC_COM_DATA '14','1','1';
2019-05-30 17:44:51 EXEC SPC_COM_GET_PAGE_COMMENT '1','6','17','2','1','14';
2019-05-30 17:44:52 EXEC SPC_COM_DATA '14','1','1';
2019-05-30 17:44:52 EXEC SPC_COM_GET_PAGE_COMMENT '1','6','17','1','1','14';
2019-05-30 17:44:58 EXEC SPC_COM_DATA '14','1','1';
2019-05-30 17:44:58 EXEC SPC_COM_GET_PAGE_COMMENT '2','6','22','1','2','14';
2019-05-30 17:44:59 EXEC SPC_COM_DATA '14','1','1';
2019-05-30 17:44:59 EXEC SPC_COM_GET_PAGE_COMMENT '2','6','22','1','2','14';
2019-05-30 17:44:59 EXEC SPC_COM_DATA '14','1','1';
2019-05-30 17:44:59 EXEC SPC_COM_GET_PAGE_COMMENT '2','6','22','1','2','14';
2019-05-30 17:45:06 EXEC SPC_COM_DATA '14','1','1';
2019-05-30 17:45:06 EXEC SPC_COM_GET_PAGE_COMMENT '1','6','17','2','1','14';
2019-05-30 17:45:11 EXEC SPC_COM_DATA '14','1','1';
2019-05-30 17:45:11 EXEC SPC_SOCIAL_ACT2 '17','14','::1';
