2019-02-22 09:08:22 EXEC SPC_COM_DATA '','','';
2019-02-22 09:13:41 EXEC SPC_COM_DATA '','','';
2019-02-22 09:13:42 EXEC SPC_COM_DATA '','','';
2019-02-22 09:15:05 EXEC SPC_COM_DATA '','','';
2019-02-22 09:15:09 EXEC SPC_COM_DATA '','','';
2019-02-22 09:15:09 EXEC SPC_COM_DATA '','','';
2019-02-22 09:16:34 EXEC SPC_COM_DATA '','','';
2019-02-22 09:16:37 EXEC SPC_COM_DATA '','','';
2019-02-22 09:16:45 EXEC SPC_COM_DATA '','','';
2019-02-22 09:16:45 EXEC SPC_COM_DATA '','','';
2019-02-22 09:17:27 EXEC SPC_COM_DATA '','','';
2019-02-22 09:17:30 EXEC SPC_COMMON_ACCOUNT '2','1';
2019-02-22 09:17:31 EXEC SPC_COM_DATA 'khoai','2','1';
2019-02-22 09:17:31 EXEC SPC_COM_MENU '2';
2019-02-22 09:17:34 EXEC SPC_COM_DATA '','','';
2019-02-22 09:17:35 EXEC SPC_COM_DATA '','','';
2019-02-22 09:17:39 EXEC SPC_COM_DATA '','','';
2019-02-22 09:17:42 EXEC SPC_COM_DATA '','','';
2019-02-22 09:17:42 EXEC SPC_COM_DATA '','','';
2019-02-22 09:18:25 EXEC SPC_COM_DATA '','','';
2019-02-22 09:18:28 EXEC SPC_COM_DATA '','','';
2019-02-22 09:18:28 EXEC SPC_COM_DATA '','','';
2019-02-22 09:18:55 EXEC SPC_COM_DATA '','','';
2019-02-22 09:18:59 EXEC SPC_COM_DATA '','','';
2019-02-22 09:19:04 EXEC SPC_COM_DATA '','','';
2019-02-22 09:19:04 EXEC SPC_COM_DATA '','','';
2019-02-22 09:19:45 EXEC SPC_COM_DATA '','','';
2019-02-22 09:19:48 EXEC SPC_COM_DATA '','','';
2019-02-22 09:19:48 EXEC SPC_COM_DATA '','','';
2019-02-22 09:20:40 EXEC SPC_COM_DATA '','','';
2019-02-22 09:20:40 EXEC SPC_COM_DATA '','','';
2019-02-22 09:23:55 EXEC SPC_COM_DATA '','','';
2019-02-22 09:23:59 EXEC SPC_COM_DATA '','','';
2019-02-22 09:23:59 EXEC SPC_COM_DATA '','','';
2019-02-22 09:26:24 EXEC SPC_COM_DATA '','','';
2019-02-22 09:26:26 EXEC SPC_COM_DATA '','','';
2019-02-22 09:26:27 EXEC SPC_COM_DATA '','','';
2019-02-22 09:29:31 EXEC SPC_COM_DATA '','','';
2019-02-22 09:29:34 EXEC SPC_COM_DATA '','','';
2019-02-22 09:29:35 EXEC SPC_COM_DATA '','','';
2019-02-22 09:30:10 EXEC SPC_COM_DATA '','','';
2019-02-22 09:30:13 EXEC SPC_COM_DATA '','','';
2019-02-22 09:30:13 EXEC SPC_COM_DATA '','','';
2019-02-22 09:32:27 EXEC SPC_COM_DATA '','','';
2019-02-22 09:32:30 EXEC SPC_COM_DATA '','','';
2019-02-22 09:32:31 EXEC SPC_COM_DATA '','','';
2019-02-22 09:32:49 EXEC SPC_COM_DATA '','','';
2019-02-22 09:32:53 EXEC SPC_COM_DATA '','','';
2019-02-22 09:32:54 EXEC SPC_COM_DATA '','','';
2019-02-22 11:15:50 EXEC SPC_COM_DATA '','','';
2019-02-22 11:15:53 EXEC SPC_COM_DATA '','','';
2019-02-22 11:15:53 EXEC SPC_COM_DATA '','','';
2019-02-22 11:15:55 EXEC SPC_COM_DATA '','','';
2019-02-22 11:17:09 EXEC SPC_COM_DATA '','','';
2019-02-22 11:19:27 EXEC SPC_COM_DATA '','','';
2019-02-22 11:19:30 EXEC SPC_COM_DATA '','','';
2019-02-22 11:19:49 EXEC SPC_COM_DATA '','','';
2019-02-22 11:20:23 EXEC SPC_COM_DATA '','','';
2019-02-22 11:20:27 EXEC SPC_COM_DATA '','','';
2019-02-22 11:20:34 EXEC SPC_COM_DATA '','','';
2019-02-22 11:20:37 EXEC SPC_COM_DATA '','','';
2019-02-22 11:22:22 EXEC SPC_COM_DATA '','','';
2019-02-22 11:22:27 EXEC SPC_COM_DATA '','','';
2019-02-22 11:23:54 EXEC SPC_COM_DATA '','','';
2019-02-22 11:23:56 EXEC SPC_COM_DATA '','','';
2019-02-22 11:25:27 EXEC SPC_COM_DATA '','','';
2019-02-22 11:25:30 EXEC SPC_COM_DATA '','','';
2019-02-22 11:25:55 EXEC SPC_COM_DATA '','','';
2019-02-22 11:25:57 EXEC SPC_COM_DATA '','','';
2019-02-22 11:26:44 EXEC SPC_COM_DATA '','','';
2019-02-22 11:26:48 EXEC SPC_COM_DATA '','','';
2019-02-22 11:27:04 EXEC SPC_COM_DATA '','','';
2019-02-22 11:27:06 EXEC SPC_COM_DATA '','','';
2019-02-22 11:27:21 EXEC SPC_COM_DATA '','','';
2019-02-22 11:27:23 EXEC SPC_COM_DATA '','','';
2019-02-22 11:30:15 EXEC SPC_COM_DATA '','','';
2019-02-22 11:30:17 EXEC SPC_COM_DATA '','','';
2019-02-22 11:30:44 EXEC SPC_COM_DATA '','','';
2019-02-22 11:30:46 EXEC SPC_COM_DATA '','','';
2019-02-22 11:31:04 EXEC SPC_COM_DATA '','','';
2019-02-22 11:31:06 EXEC SPC_COM_DATA '','','';
2019-02-22 11:38:29 EXEC SPC_COM_DATA '','','';
2019-02-22 11:38:32 EXEC SPC_COM_DATA '','','';
2019-02-22 11:47:39 EXEC SPC_COM_DATA '','','';
2019-02-22 11:47:42 EXEC SPC_COM_DATA '','','';
2019-02-22 11:49:08 EXEC SPC_COM_DATA '','','';
2019-02-22 11:49:11 EXEC SPC_COM_DATA '','','';
2019-02-22 11:50:28 EXEC SPC_COM_DATA '','','';
2019-02-22 11:50:31 EXEC SPC_COM_DATA '','','';
2019-02-22 11:51:18 EXEC SPC_COM_DATA '','','';
2019-02-22 11:51:21 EXEC SPC_COM_DATA '','','';
2019-02-22 11:52:04 EXEC SPC_COM_DATA '','','';
2019-02-22 11:52:06 EXEC SPC_COM_DATA '','','';
2019-02-22 11:52:43 EXEC SPC_COM_DATA '','','';
2019-02-22 11:53:16 EXEC SPC_COM_DATA '','','';
2019-02-22 11:53:22 EXEC SPC_COM_DATA '','','';
2019-02-22 11:53:36 EXEC SPC_COM_DATA '','','';
2019-02-22 11:53:41 EXEC SPC_COM_DATA '','','';
2019-02-22 11:53:44 EXEC SPC_COM_DATA '','','';
2019-02-22 11:53:50 EXEC SPC_COM_DATA '','','';
2019-02-22 11:55:35 EXEC SPC_COM_DATA '','','';
2019-02-22 11:55:39 EXEC SPC_COM_DATA '','','';
2019-02-22 11:55:41 EXEC SPC_COM_DATA '','','';
2019-02-22 11:55:50 EXEC SPC_COM_DATA '','','';
2019-02-22 11:55:55 EXEC SPC_COM_DATA '','','';
2019-02-22 11:55:57 EXEC SPC_COM_DATA '','','';
2019-02-22 11:56:24 EXEC SPC_COM_DATA '','','';
2019-02-22 11:56:28 EXEC SPC_COM_DATA '','','';
2019-02-22 11:56:30 EXEC SPC_COM_DATA '','','';
2019-02-22 12:00:49 EXEC SPC_COM_DATA '','','';
2019-02-22 12:00:53 EXEC SPC_COM_DATA '','','';
2019-02-22 12:00:56 EXEC SPC_COM_DATA '','','';
2019-02-22 12:01:52 EXEC SPC_COM_DATA '','','';
2019-02-22 12:01:52 EXEC SPC_COM_DATA '','','';
2019-02-22 12:01:53 EXEC SPC_COM_DATA '','','';
2019-02-22 12:01:57 EXEC SPC_COM_DATA '','','';
2019-02-22 12:02:41 EXEC SPC_COM_DATA '','','';
2019-02-22 12:02:46 EXEC SPC_COM_DATA '','','';
2019-02-22 15:51:18 EXEC SPC_COM_DATA '','','';
2019-02-22 15:51:22 EXEC SPC_COM_DATA '','','';
2019-02-22 15:51:24 EXEC SPC_COM_DATA '','','';
2019-02-22 15:51:52 EXEC SPC_COM_DATA '','','';
2019-02-22 15:51:56 EXEC SPC_COM_DATA '','','';
2019-02-22 15:51:58 EXEC SPC_COM_DATA '','','';
2019-02-22 15:54:09 EXEC SPC_COM_DATA '','','';
2019-02-22 15:54:13 EXEC SPC_COM_DATA '','','';
2019-02-22 15:54:15 EXEC SPC_COM_DATA '','','';
2019-02-22 15:55:26 EXEC SPC_COM_DATA '','','';
2019-02-22 15:55:31 EXEC SPC_COM_DATA '','','';
2019-02-22 15:55:34 EXEC SPC_COM_DATA '','','';
2019-02-22 15:55:36 EXEC SPC_COM_DATA '','','';
2019-02-22 15:56:35 EXEC SPC_COM_DATA '','','';
2019-02-22 15:56:38 EXEC SPC_COM_DATA '','','';
2019-02-22 15:56:40 EXEC SPC_COM_DATA '','','';
2019-02-22 15:58:07 EXEC SPC_COM_DATA '','','';
2019-02-22 15:58:07 EXEC SPC_COM_DATA '','','';
2019-02-22 15:58:15 EXEC SPC_COM_DATA '','','';
2019-02-22 15:59:09 EXEC SPC_COM_DATA '','','';
2019-02-22 15:59:15 EXEC SPC_COM_DATA '','','';
2019-02-22 15:59:19 EXEC SPC_COM_DATA '','','';
2019-02-22 15:59:57 EXEC SPC_COM_DATA '','','';
2019-02-22 16:00:05 EXEC SPC_COM_DATA '','','';
2019-02-22 16:00:08 EXEC SPC_COM_DATA '','','';
2019-02-22 16:04:27 EXEC SPC_COM_DATA '','','';
2019-02-22 16:04:31 EXEC SPC_COM_DATA '','','';
2019-02-22 16:04:35 EXEC SPC_COM_DATA '','','';
2019-02-22 16:07:03 EXEC SPC_COM_DATA '','','';
2019-02-22 16:07:09 EXEC SPC_COM_DATA '','','';
2019-02-22 16:07:13 EXEC SPC_COM_DATA '','','';
2019-02-22 16:07:48 EXEC SPC_COM_DATA '','','';
2019-02-22 16:07:53 EXEC SPC_COM_DATA '','','';
2019-02-22 16:07:54 EXEC SPC_COM_DATA '','','';
2019-02-22 16:09:58 EXEC SPC_COM_DATA '','','';
2019-02-22 16:10:04 EXEC SPC_COM_DATA '','','';
2019-02-22 16:10:11 EXEC SPC_COM_DATA '','','';
2019-02-22 16:10:15 EXEC SPC_COM_DATA '','','';
2019-02-22 16:10:19 EXEC SPC_COM_DATA '','','';
2019-02-22 16:11:06 EXEC SPC_COM_DATA '','','';
2019-02-22 16:11:18 EXEC SPC_COM_DATA '','','';
2019-02-22 16:11:25 EXEC SPC_COM_DATA '','','';
2019-02-22 16:11:35 EXEC SPC_COM_DATA '','','';
2019-02-22 16:15:40 EXEC SPC_COM_DATA '','','';
2019-02-22 16:15:47 EXEC SPC_COM_DATA '','','';
2019-02-22 16:15:49 EXEC SPC_COM_DATA '','','';
2019-02-22 16:15:51 EXEC SPC_COM_DATA '','','';
2019-02-22 16:15:55 EXEC SPC_COM_DATA '','','';
2019-02-22 16:15:56 EXEC SPC_COM_DATA '','','';
2019-02-22 16:15:58 EXEC SPC_COM_DATA '','','';
2019-02-22 16:16:03 EXEC SPC_COM_DATA '','','';
2019-02-22 16:17:18 EXEC SPC_COM_DATA '','','';
2019-02-22 16:17:24 EXEC SPC_COM_DATA '','','';
2019-02-22 16:18:06 EXEC SPC_COM_DATA '','','';
2019-02-22 16:18:11 EXEC SPC_COM_DATA '','','';
2019-02-22 16:19:00 EXEC SPC_COM_DATA '','','';
2019-02-22 16:19:04 EXEC SPC_COM_DATA '','','';
2019-02-22 16:19:33 EXEC SPC_COM_DATA '','','';
2019-02-22 16:19:37 EXEC SPC_COM_DATA '','','';
2019-02-22 16:22:32 EXEC SPC_COM_DATA '','','';
2019-02-22 16:22:38 EXEC SPC_COM_DATA '','','';
2019-02-22 16:23:06 EXEC SPC_COM_DATA '','','';
2019-02-22 16:23:40 EXEC SPC_COM_DATA '','','';
2019-02-22 16:23:44 EXEC SPC_COM_DATA '','','';
2019-02-22 16:24:53 EXEC SPC_COM_DATA '','','';
2019-02-22 16:24:58 EXEC SPC_COM_DATA '','','';
2019-02-22 16:25:13 EXEC SPC_COM_DATA '','','';
2019-02-22 16:25:21 EXEC SPC_COM_DATA '','','';
2019-02-22 16:25:23 EXEC SPC_COM_DATA '','','';
2019-02-22 16:26:05 EXEC SPC_COM_DATA '','','';
2019-02-22 16:26:15 EXEC SPC_COM_DATA '','','';
2019-02-22 16:26:42 EXEC SPC_COM_DATA '','','';
2019-02-22 16:26:46 EXEC SPC_COM_DATA '','','';
2019-02-22 16:27:17 EXEC SPC_COM_DATA '','','';
2019-02-22 16:27:20 EXEC SPC_COM_DATA '','','';
2019-02-22 16:27:23 EXEC SPC_COM_DATA '','','';
2019-02-22 16:27:25 EXEC SPC_COM_DATA '','','';
2019-02-22 16:27:31 EXEC SPC_COM_DATA '','','';
2019-02-22 16:27:33 EXEC SPC_COM_DATA '','','';
2019-02-22 16:27:41 EXEC SPC_COM_DATA '','','';
2019-02-22 16:28:05 EXEC SPC_COM_DATA '','','';
2019-02-22 16:30:19 EXEC SPC_COM_DATA '','','';
2019-02-22 16:30:22 EXEC SPC_COM_DATA '','','';
2019-02-22 16:51:25 EXEC SPC_COM_DATA '','','';
2019-02-22 16:51:30 EXEC SPC_COM_DATA '','','';
2019-02-22 16:52:00 EXEC SPC_COM_DATA '','','';
2019-02-22 16:52:02 EXEC SPC_COM_DATA '','','';
2019-02-22 16:52:03 EXEC SPC_COM_DATA '','','';
2019-02-22 16:52:42 EXEC SPC_COM_DATA '','','';
2019-02-22 16:52:43 EXEC SPC_COM_DATA '','','';
2019-02-22 16:52:45 EXEC SPC_COM_DATA '','','';
2019-02-22 16:52:50 EXEC SPC_COM_DATA '','','';
2019-02-22 16:53:00 EXEC SPC_COM_DATA '','','';
2019-02-22 16:53:12 EXEC SPC_COM_DATA '','','';
2019-02-22 16:53:17 EXEC SPC_COM_DATA '','','';
2019-02-22 16:53:25 EXEC SPC_COM_DATA '','','';
2019-02-22 16:53:30 EXEC SPC_COM_DATA '','','';
2019-02-22 16:53:35 EXEC SPC_COM_DATA '','','';
2019-02-22 16:53:38 EXEC SPC_COM_DATA '','','';
2019-02-22 16:53:43 EXEC SPC_COM_DATA '','','';
2019-02-22 16:55:24 EXEC SPC_COM_DATA '','','';
2019-02-22 16:55:25 EXEC SPC_COM_DATA '','','';
2019-02-22 16:55:26 EXEC SPC_COM_DATA '','','';
2019-02-22 16:55:43 EXEC SPC_COM_DATA '','','';
2019-02-22 16:55:49 EXEC SPC_COM_DATA '','','';
2019-02-22 16:56:09 EXEC SPC_COM_DATA '','','';
2019-02-22 16:56:14 EXEC SPC_COM_DATA '','','';
2019-02-22 16:56:15 EXEC SPC_COM_DATA '','','';
2019-02-22 16:56:15 EXEC SPC_COM_DATA '','','';
2019-02-22 16:56:20 EXEC SPC_COM_DATA '','','';
2019-02-22 17:01:37 EXEC SPC_COM_DATA '','','';
2019-02-22 17:02:11 EXEC SPC_COM_DATA '','','';
2019-02-22 17:09:02 EXEC SPC_COM_DATA '','','';
2019-02-22 17:09:03 EXEC SPC_COM_DATA '','','';
2019-02-22 17:09:04 EXEC SPC_COM_DATA '','','';
2019-02-22 17:32:26 EXEC SPC_COM_DATA '','','';
2019-02-22 17:32:46 EXEC SPC_COMMON_ACCOUNT '1','2';
2019-02-22 17:32:47 EXEC SPC_COM_DATA 'ndq809','1','2';
2019-02-22 17:32:47 EXEC SPC_COM_MENU '1';
2019-02-22 17:32:49 EXEC SPC_COM_PERMISSION '1','2','g001';
2019-02-22 17:32:49 EXEC SPC_COM_MENU '1';
2019-02-22 17:32:57 EXEC SPC_COM_PERMISSION '1','2','m007';
2019-02-22 17:32:57 EXEC SPC_COM_MENU '1';
2019-02-22 17:32:57 EXEC SPC_M007_FND1
2019-02-22 17:35:43 EXEC SPC_COM_PERMISSION '1','2','m007';
2019-02-22 17:35:43 EXEC SPC_COM_MENU '1';
2019-02-22 17:35:43 EXEC SPC_M007_FND1
2019-02-22 17:40:25 EXEC SPC_COM_MENU '1';
2019-02-22 17:40:25 EXEC SPC_M007_ACT2 'Nghề nghiệp','<row row_id="0" number_id="0" content="" num_remark1="" num_remark2="" num_remark3="" text_remark1="" text_remark2="" text_remark3="" /><row row_id="1" number_id="1" content="Học sinh" num_remark1="" num_remark2="" num_remark3="" text_remark1="" text_remark2="" text_remark3="" /><row row_id="2" number_id="2" content="Sinh viên" num_remark1="" num_remark2="" num_remark3="" text_remark1="" text_remark2="" text_remark3="" /><row row_id="3" number_id="3" content="Giáo viên(không dạy tiếng anh)" num_remark1="" num_remark2="" num_remark3="" text_remark1="" text_remark2="" text_remark3="" /><row row_id="4" number_id="4" content="Giáo viên(dạy tiếng anh)" num_remark1="" num_remark2="" num_remark3="" text_remark1="" text_remark2="" text_remark3="" /><row row_id="5" number_id="5" content="Công nhân viên chức" num_remark1="" num_remark2="" num_remark3="" text_remark1="" text_remark2="" text_remark3="" /><row row_id="6" number_id="6" content="Lĩnh vực giải trí" num_remark1="" num_remark2="" num_remark3="" text_remark1="" text_remark2="" text_remark3="" /><row row_id="7" number_id="7" content="Kinh doanh" num_remark1="" num_remark2="" num_remark3="" text_remark1="" text_remark2="" text_remark3="" />','ndq809','::1';
2019-02-22 17:40:27 EXEC SPC_COM_MENU '1';
2019-02-22 17:40:27 EXEC SPC_m007_LST1 '';
2019-02-22 17:40:27 EXEC SPC_M007_FND1
2019-02-22 17:40:27 EXEC SPC_COM_MENU '1';
2019-02-22 17:40:27 EXEC SPC_m007_LST1 '15';
2019-02-22 17:40:27 EXEC SPC_M007_FND1
2019-02-22 17:47:40 EXEC SPC_COM_MENU '1';
2019-02-22 17:47:40 EXEC SPC_M007_ACT2 'Trình độ tiếng anh','<row row_id="0" number_id="0" content="" num_remark1="" num_remark2="" num_remark3="" text_remark1="" text_remark2="" text_remark3="" /><row row_id="1" number_id="1" content="Người mới bắt đầu" num_remark1="" num_remark2="" num_remark3="" text_remark1="" text_remark2="" text_remark3="" /><row row_id="2" number_id="2" content="Sơ cấp" num_remark1="" num_remark2="" num_remark3="" text_remark1="" text_remark2="" text_remark3="" /><row row_id="3" number_id="3" content="Trung cấp" num_remark1="" num_remark2="" num_remark3="" text_remark1="" text_remark2="" text_remark3="" /><row row_id="4" number_id="4" content="Cao cấp" num_remark1="" num_remark2="" num_remark3="" text_remark1="" text_remark2="" text_remark3="" /><row row_id="5" number_id="5" content="Người bản xứ" num_remark1="" num_remark2="" num_remark3="" text_remark1="" text_remark2="" text_remark3="" /><row row_id="6" number_id="6" content="Du học sinh (Tiếng anh)" num_remark1="" num_remark2="" num_remark3="" text_remark1="" text_remark2="" text_remark3="" /><row row_id="7" number_id="7" content="Giáo viên tiếng anh" num_remark1="" num_remark2="" num_remark3="" text_remark1="" text_remark2="" text_remark3="" />','ndq809','::1';
2019-02-22 17:47:41 EXEC SPC_COM_MENU '1';
2019-02-22 17:47:41 EXEC SPC_m007_LST1 '';
2019-02-22 17:47:41 EXEC SPC_M007_FND1
2019-02-22 17:47:41 EXEC SPC_COM_MENU '1';
2019-02-22 17:47:41 EXEC SPC_m007_LST1 '16';
2019-02-22 17:47:41 EXEC SPC_M007_FND1
2019-02-22 17:47:45 EXEC SPC_COM_MENU '1';
2019-02-22 17:47:45 EXEC SPC_m007_LST1 '15';
2019-02-22 17:47:45 EXEC SPC_M007_FND1
2019-02-22 17:47:48 EXEC SPC_COM_MENU '1';
2019-02-22 17:47:48 EXEC SPC_m007_LST1 '16';
2019-02-22 17:47:48 EXEC SPC_M007_FND1
2019-02-22 18:02:30 EXEC SPC_COM_DATA '','','';
2019-02-22 18:02:30 EXEC SPC_REGISTER_LST1
2019-02-22 18:03:10 EXEC SPC_COM_DATA '','','';
2019-02-22 18:03:10 EXEC SPC_REGISTER_LST1
