2019-07-10 09:28:47 EXEC SPC_COM_DATA '','','';
2019-07-10 09:46:04 EXEC SPC_COM_DATA '','','';
2019-07-10 09:51:34 EXEC SPC_COM_DATA '','','';
2019-07-10 09:51:34 EXEC SPC_RELAX_LST1 '','';
2019-07-10 09:51:37 EXEC SPC_COM_DATA '','','';
2019-07-10 09:51:37 EXEC SPC_RELAX_LST2 '','1','1','1','0','[]','';
2019-07-10 09:51:43 EXEC SPC_COM_DATA '','','';
2019-07-10 09:51:43 EXEC SPC_RELAX_ACT2 '8','','::1';
2019-07-10 09:51:44 EXEC SPC_COM_DATA '','','';
2019-07-10 09:58:38 EXEC SPC_COM_DATA '','','';
2019-07-10 10:00:06 EXEC SPC_COM_DATA '','','';
2019-07-10 10:01:56 EXEC SPC_COM_DATA '','','';
2019-07-10 10:21:13 EXEC SPC_COM_DATA '','','';
2019-07-10 10:21:13 EXEC SPC_VOCABULARY_LST1 '','','','';
2019-07-10 10:21:14 EXEC SPC_COM_DATA '','','';
2019-07-10 10:21:14 EXEC SPC_VOCABULARY_LST2 '4','4','';
2019-07-10 11:12:08 EXEC SPC_COM_DATA '','','';
2019-07-10 11:12:09 EXEC SPC_COM_DATA '','','';
2019-07-10 11:12:11 EXEC SPC_COMMON_ACCOUNT '18','1';
2019-07-10 11:12:12 EXEC SPC_COM_DATA '14','2','1';
2019-07-10 11:12:12 EXEC SPC_VOCABULARY_LST1 '1','14','4','4';
2019-07-10 11:12:13 EXEC SPC_COM_DATA '14','2','1';
2019-07-10 11:12:13 EXEC SPC_VOCABULARY_LST2 '4','4','14';
2019-07-10 11:12:16 EXEC SPC_COM_DATA '14','2','1';
2019-07-10 11:12:16 EXEC SPC_COM_MENU '2';
2019-07-10 11:12:16 EXEC SPC_PROFILE_LST1 'kirito';
2019-07-10 11:22:44 EXEC SPC_COM_DATA '14','2','1';
2019-07-10 11:22:44 EXEC SPC_COM_MENU '2';
2019-07-10 11:22:44 EXEC SPC_PROFILE_LST1 'kirito';
2019-07-10 11:23:52 EXEC SPC_COM_DATA '14','2','1';
2019-07-10 11:23:52 EXEC SPC_COM_MENU '2';
2019-07-10 11:23:52 EXEC SPC_PROFILE_LST1 'kirito';
2019-07-10 11:27:52 EXEC SPC_COM_DATA '14','2','1';
2019-07-10 11:27:52 EXEC SPC_COM_MENU '2';
2019-07-10 11:27:52 EXEC SPC_PROFILE_LST1 'kirito';
2019-07-10 11:30:21 EXEC SPC_COM_DATA '14','2','1';
2019-07-10 11:30:21 EXEC SPC_COM_MENU '2';
2019-07-10 11:30:21 EXEC SPC_PROFILE_LST1 'kirito';
2019-07-10 11:31:38 EXEC SPC_COM_DATA '14','2','1';
2019-07-10 11:31:38 EXEC SPC_COM_MENU '2';
2019-07-10 11:31:38 EXEC SPC_PROFILE_LST1 'kirito';
2019-07-10 11:32:01 EXEC SPC_COM_DATA '14','2','1';
2019-07-10 11:32:01 EXEC SPC_COM_MENU '2';
2019-07-10 11:32:01 EXEC SPC_PROFILE_LST1 'kirito';
2019-07-10 11:32:38 EXEC SPC_COM_DATA '14','2','1';
2019-07-10 11:32:38 EXEC SPC_COM_MENU '2';
2019-07-10 11:32:38 EXEC SPC_PROFILE_LST1 'kirito';
2019-07-10 11:32:59 EXEC SPC_COM_DATA '14','2','1';
2019-07-10 11:32:59 EXEC SPC_COM_MENU '2';
2019-07-10 11:32:59 EXEC SPC_PROFILE_LST1 'kirito';
2019-07-10 11:41:22 EXEC SPC_COM_DATA '14','2','1';
2019-07-10 11:41:22 EXEC SPC_COM_MENU '2';
2019-07-10 11:41:22 EXEC SPC_PROFILE_LST1 'kirito';
2019-07-10 11:54:28 EXEC SPC_COM_DATA '14','2','1';
2019-07-10 11:54:28 EXEC SPC_COM_MENU '2';
2019-07-10 11:54:28 EXEC SPC_PROFILE_LST1 'kirito';
2019-07-10 11:55:41 EXEC SPC_COM_DATA '14','2','1';
2019-07-10 11:55:41 EXEC SPC_COM_MENU '2';
2019-07-10 11:55:41 EXEC SPC_PROFILE_LST1 'kirito';
2019-07-10 11:56:05 EXEC SPC_COM_DATA '14','2','1';
2019-07-10 11:56:05 EXEC SPC_COM_MENU '2';
2019-07-10 11:56:05 EXEC SPC_PROFILE_LST1 'kirito';
2019-07-10 11:56:43 EXEC SPC_COM_DATA '14','2','1';
2019-07-10 11:56:43 EXEC SPC_COM_MENU '2';
2019-07-10 11:56:43 EXEC SPC_PROFILE_LST1 'kirito';
2019-07-10 11:57:41 EXEC SPC_COM_DATA '14','2','1';
2019-07-10 11:57:41 EXEC SPC_COM_MENU '2';
2019-07-10 11:57:41 EXEC SPC_PROFILE_LST1 'kirito';
2019-07-10 11:58:00 EXEC SPC_COM_DATA '14','2','1';
2019-07-10 11:58:00 EXEC SPC_COM_MENU '2';
2019-07-10 11:58:00 EXEC SPC_PROFILE_LST1 'kirito';
2019-07-10 11:59:31 EXEC SPC_COM_DATA '14','2','1';
2019-07-10 11:59:31 EXEC SPC_COM_MENU '2';
2019-07-10 11:59:31 EXEC SPC_PROFILE_LST1 'kirito';
2019-07-10 12:02:04 EXEC SPC_COM_DATA '14','2','1';
2019-07-10 12:02:04 EXEC SPC_COM_MENU '2';
2019-07-10 12:02:04 EXEC SPC_PROFILE_LST1 'kirito';
2019-07-10 13:42:07 EXEC SPC_COM_DATA '14','2','1';
2019-07-10 13:42:07 EXEC SPC_COM_MENU '2';
2019-07-10 15:22:12 EXEC SPC_COM_DATA '14','2','1';
2019-07-10 15:22:12 EXEC SPC_COM_MENU '2';
2019-07-10 15:35:39 EXEC SPC_COM_DATA '14','2','1';
2019-07-10 15:35:39 EXEC SPC_COM_MENU '2';
2019-07-10 15:35:39 EXEC SPC_PROFILE_LST1 'kirito';
2019-07-10 17:15:41 EXEC SPC_COM_DATA '14','2','1';
2019-07-10 17:15:41 EXEC SPC_COM_MENU '2';
2019-07-10 17:57:21 EXEC SPC_COM_DATA '14','2','1';
2019-07-10 17:57:21 EXEC SPC_COM_MENU '2';
2019-07-10 17:57:26 EXEC SPC_COM_DATA '14','2','1';
2019-07-10 17:57:26 EXEC SPC_COM_MENU '2';
2019-07-10 17:57:26 EXEC SPC_PROFILE_LST1 'kirito';
