2019-03-26 08:59:54 EXEC SPC_COM_DATA '','','';
2019-03-26 09:17:39 EXEC SPC_COMMON_ACCOUNT '4','2';
2019-03-26 09:17:40 EXEC SPC_COM_DATA 'クイ','6','2';
2019-03-26 09:17:40 EXEC SPC_COM_MENU '6';
2019-03-26 09:17:44 EXEC SPC_COM_PERMISSION '6','2','g001';
2019-03-26 09:17:44 EXEC SPC_COM_MENU '6';
2019-03-26 09:17:44 EXEC SPC_G001_LST1 '1013';
2019-03-26 09:17:52 EXEC SPC_COM_MENU '6';
2019-03-26 09:17:52 EXEC SPC_G001_LST2 '11/02/2019','10/03/2020','1013','6';
2019-03-26 09:18:21 EXEC SPC_COM_PERMISSION '6','2','v002';
2019-03-26 09:18:21 EXEC SPC_COM_MENU '6';
2019-03-26 09:18:21 EXEC SPC_V002_FND1
2019-03-26 09:18:22 EXEC SPC_COM_PERMISSION '6','2','v002';
2019-03-26 09:18:22 EXEC SPC_COM_MENU '6';
2019-03-26 09:18:22 EXEC SPC_V002_FND1
2019-03-26 09:19:12 EXEC SPC_COM_MENU '6';
2019-03-26 09:19:26 EXEC SPC_COM_MENU '6';
2019-03-26 09:19:56 EXEC SPC_COM_MENU '6';
2019-03-26 09:19:56 EXEC SPC_V002_ACT1 '','','クイ','1','kui','tên của tao =))','/web-content/images/vocabulary/cropped-croped5c6fa33e158f1_20190326 0909030312121553559552965.jpg','giải gì nữa 3','','/web-content/audio/listeningAudio/audio_5c99702c89ab4.mp3','','1013','::1';
2019-03-26 09:19:56 SQLSTATE[21S01]: [Microsoft][ODBC Driver 13 for SQL Server][SQL Server]列名または指定された値の数がテーブルの定義と一致しません。
2019-03-26 09:20:10 EXEC SPC_COM_MENU '6';
2019-03-26 09:20:10 EXEC SPC_V002_ACT1 '','','クイ','1','kui','tên của tao =))','/web-content/images/vocabulary/cropped-croped5c6fa33e158f1_20190326 0909030312121553559552965.jpg','giải gì nữa 3','','/web-content/audio/listeningAudio/audio_5c99703ad02a5.mp3','','1013','::1';
2019-03-26 09:20:10 SQLSTATE[21S01]: [Microsoft][ODBC Driver 13 for SQL Server][SQL Server]列名または指定された値の数がテーブルの定義と一致しません。
2019-03-26 09:21:37 EXEC SPC_COM_MENU '6';
2019-03-26 09:21:37 EXEC SPC_V002_ACT1 '','','クイ','1','kui','tên của tao =))','/web-content/images/vocabulary/cropped-croped5c6fa33e158f1_20190326 0909030312121553559552965.jpg','giải gì nữa 3','','/web-content/audio/listeningAudio/audio_5c9970919655e.mp3','','1013','::1';
2019-03-26 09:21:44 EXEC SPC_COM_MENU '6';
2019-03-26 09:21:44 EXEC SPC_v002_LST1 '10','1';
2019-03-26 09:21:55 EXEC SPC_COM_PERMISSION '6','2','g001';
2019-03-26 09:21:55 EXEC SPC_COM_MENU '6';
2019-03-26 09:21:55 EXEC SPC_G001_LST1 '1013';
2019-03-26 09:22:02 EXEC SPC_COM_MENU '6';
2019-03-26 09:22:02 EXEC SPC_G001_LST2 '11/02/2019','10/03/2020','1013','6';
2019-03-26 09:22:32 EXEC SPC_COM_MENU '6';
2019-03-26 09:22:32 EXEC SPC_G001_LST2 '11/02/2019','10/03/2020','1013','6';
2019-03-26 10:06:00 EXEC SPC_COM_DATA '','','';
2019-03-26 10:06:05 EXEC SPC_COM_DATA '','','';
2019-03-26 10:06:05 EXEC SPC_VOCABULARY_LST1 '','','','';
2019-03-26 10:06:06 EXEC SPC_COM_DATA '','','';
2019-03-26 10:06:06 EXEC SPC_VOCABULARY_LST2 '2','1','';
2019-03-26 10:06:10 EXEC SPC_COM_DATA '','','';
2019-03-26 10:06:10 EXEC SPC_VOCABULARY_LST2 '3','5','';
2019-03-26 10:06:19 EXEC SPC_COM_DATA '','','';
2019-03-26 10:06:19 EXEC SPC_VOCABULARY_LST2 '2','1','';
2019-03-26 10:06:22 EXEC SPC_COM_DATA '','','';
2019-03-26 10:06:22 EXEC SPC_VOCABULARY_LST2 '3','5','';
2019-03-26 10:07:26 EXEC SPC_COM_DATA '','','';
2019-03-26 10:07:26 EXEC SPC_VOCABULARY_LST1 '','','3','5';
2019-03-26 10:07:27 EXEC SPC_COM_DATA '','','';
2019-03-26 10:07:27 EXEC SPC_VOCABULARY_LST2 '2','1','';
2019-03-26 10:09:27 EXEC SPC_COM_DATA '','','';
2019-03-26 10:09:27 EXEC SPC_VOCABULARY_LST1 '','','2','1';
2019-03-26 10:09:32 EXEC SPC_COM_DATA '','','';
2019-03-26 10:09:32 EXEC SPC_GRAMMAR_LST1 '','','2','1';
2019-03-26 10:09:35 EXEC SPC_COM_DATA '','','';
2019-03-26 10:09:35 EXEC SPC_LISTENING_LST1 '','','2','1';
2019-03-26 10:09:36 EXEC SPC_COM_DATA '','','';
2019-03-26 10:09:36 EXEC SPC_WRITING_LST1 '','','2','1';
2019-03-26 10:09:37 EXEC SPC_COM_DATA '','','';
2019-03-26 10:09:37 EXEC SPC_COMMON_GET_SUGGEST
2019-03-26 10:09:38 EXEC SPC_COM_DATA '','','';
2019-03-26 10:09:38 EXEC SPC_READING_LST1 '','','2','1';
2019-03-26 10:09:40 EXEC SPC_COM_DATA '','','';
2019-03-26 10:09:40 EXEC SPC_SOCIAL_LST1 '','';
2019-03-26 10:09:40 EXEC SPC_COM_DATA '','','';
2019-03-26 10:09:40 EXEC SPC_SOCIAL_LST2 '','1','','';
2019-03-26 10:09:41 EXEC SPC_COM_DATA '','','';
2019-03-26 10:09:41 EXEC SPC_DISCUSS_LST1 '','';
2019-03-26 10:09:42 EXEC SPC_COM_DATA '','','';
2019-03-26 10:09:42 EXEC SPC_DISCUSS_LST2 '','1','','';
2019-03-26 10:09:45 EXEC SPC_COM_DATA '','','';
2019-03-26 10:09:45 EXEC SPC_SOCIAL_LST1 '','';
2019-03-26 10:09:46 EXEC SPC_COM_DATA '','','';
2019-03-26 10:09:46 EXEC SPC_SOCIAL_LST2 '','1','','';
2019-03-26 10:09:48 EXEC SPC_COM_DATA '','','';
2019-03-26 10:09:48 EXEC SPC_DISCUSS_LST1 '','';
2019-03-26 10:09:48 EXEC SPC_COM_DATA '','','';
2019-03-26 10:09:48 EXEC SPC_DISCUSS_LST2 '','1','','';
2019-03-26 10:19:26 EXEC SPC_COM_DATA '','','';
2019-03-26 10:19:26 EXEC SPC_DISCUSS_LST1 '','';
2019-03-26 10:19:27 EXEC SPC_COM_DATA '','','';
2019-03-26 10:19:27 EXEC SPC_DISCUSS_LST2 '','1','','';
2019-03-26 10:20:31 EXEC SPC_COM_DATA '','','';
2019-03-26 10:20:31 EXEC SPC_DISCUSS_LST1 '','';
2019-03-26 10:20:32 EXEC SPC_COM_DATA '','','';
2019-03-26 10:20:32 EXEC SPC_DISCUSS_LST2 '','1','','';
2019-03-26 10:21:33 EXEC SPC_COM_DATA '','','';
2019-03-26 10:21:33 EXEC SPC_DISCUSS_LST1 '','';
2019-03-26 10:21:34 EXEC SPC_COM_DATA '','','';
2019-03-26 10:21:34 EXEC SPC_DISCUSS_LST2 '','1','','';
2019-03-26 10:21:39 EXEC SPC_COM_DATA '','','';
2019-03-26 10:21:39 EXEC SPC_DISCUSS_ACT2 '2057','','::1';
2019-03-26 10:23:19 EXEC SPC_COM_DATA '','','';
2019-03-26 10:23:19 EXEC SPC_DISCUSS_LST1 '2057','';
2019-03-26 10:23:26 EXEC SPC_COM_DATA '','','';
2019-03-26 10:23:26 EXEC SPC_DISCUSS_LST1 '','';
2019-03-26 10:23:27 EXEC SPC_COM_DATA '','','';
2019-03-26 10:23:27 EXEC SPC_DISCUSS_LST2 '','1','','';
2019-03-26 10:25:39 EXEC SPC_COM_DATA '','','';
2019-03-26 10:25:39 EXEC SPC_DISCUSS_LST1 '','';
2019-03-26 10:25:40 EXEC SPC_COM_DATA '','','';
2019-03-26 10:25:40 EXEC SPC_DISCUSS_LST2 '','1','','';
2019-03-26 10:25:56 EXEC SPC_COM_DATA '','','';
2019-03-26 10:25:56 EXEC SPC_DISCUSS_LST1 '','';
2019-03-26 10:25:57 EXEC SPC_COM_DATA '','','';
2019-03-26 10:25:57 EXEC SPC_DISCUSS_LST2 '','1','','';
2019-03-26 10:26:02 EXEC SPC_COM_DATA '','','';
2019-03-26 10:26:02 EXEC SPC_DISCUSS_ACT2 '2057','','::1';
2019-03-26 10:26:12 EXEC SPC_COM_DATA '','','';
2019-03-26 10:26:12 EXEC SPC_DISCUSS_LST1 '2057','';
2019-03-26 10:26:13 EXEC SPC_COM_DATA '','','';
2019-03-26 10:26:13 EXEC SPC_DISCUSS_LST2 '2057','1','','';
2019-03-26 10:26:18 EXEC SPC_COM_DATA '','','';
2019-03-26 10:26:18 EXEC SPC_DISCUSS_ACT2 '2057','','::1';
2019-03-26 10:30:30 EXEC SPC_COM_DATA '','','';
2019-03-26 10:30:30 EXEC SPC_DISCUSS_LST1 '2057','';
2019-03-26 10:30:30 EXEC SPC_COM_DATA '','','';
2019-03-26 10:30:30 EXEC SPC_DISCUSS_LST2 '2057','1','','';
2019-03-26 10:30:36 EXEC SPC_COM_DATA '','','';
2019-03-26 10:30:36 EXEC SPC_DISCUSS_ACT2 '2057','','::1';
2019-03-26 10:31:16 EXEC SPC_COM_DATA '','','';
2019-03-26 10:31:16 EXEC SPC_DISCUSS_LST1 '2057','';
2019-03-26 10:31:16 EXEC SPC_COM_DATA '','','';
2019-03-26 10:31:16 EXEC SPC_DISCUSS_LST2 '2057','1','','';
2019-03-26 10:31:22 EXEC SPC_COM_DATA '','','';
2019-03-26 10:31:22 EXEC SPC_DISCUSS_ACT2 '2057','','::1';
2019-03-26 10:31:46 EXEC SPC_COM_DATA '','','';
2019-03-26 10:31:46 EXEC SPC_DISCUSS_LST1 '2057','';
2019-03-26 10:31:46 EXEC SPC_COM_DATA '','','';
2019-03-26 10:31:46 EXEC SPC_DISCUSS_LST2 '2057','1','','';
2019-03-26 10:31:51 EXEC SPC_COM_DATA '','','';
2019-03-26 10:31:51 EXEC SPC_DISCUSS_ACT2 '2057','','::1';
2019-03-26 10:35:02 EXEC SPC_COM_DATA '','','';
2019-03-26 10:35:02 EXEC SPC_LISTENING_LST1 '','','2','1';
2019-03-26 10:35:38 EXEC SPC_COM_DATA '','','';
2019-03-26 10:35:38 EXEC SPC_LISTENING_LST1 '','','2','1';
2019-03-26 10:35:39 EXEC SPC_COM_DATA '','','';
2019-03-26 10:35:39 EXEC SPC_LISTENING_LST2 '8','8','';
2019-03-26 10:35:58 EXEC SPC_COMMON_ACCOUNT '18','1';
2019-03-26 10:35:59 EXEC SPC_COM_DATA 'kirito','1','1';
2019-03-26 10:35:59 EXEC SPC_LISTENING_LST1 '22','14','8','8';
2019-03-26 10:35:59 EXEC SPC_COM_DATA 'kirito','1','1';
2019-03-26 10:35:59 EXEC SPC_LISTENING_LST2 '8','8','14';
2019-03-26 10:36:11 EXEC SPC_COM_DATA 'kirito','1','1';
2019-03-26 10:36:11 EXEC SPC_COM_ADD_COMMENT '1','3','22','đm hay đấy =))','','14','::1','1';
2019-03-26 10:36:16 EXEC SPC_COM_DATA 'kirito','1','1';
2019-03-26 10:36:16 EXEC SPC_LISTENING_LST1 '','14','8','8';
2019-03-26 10:36:16 EXEC SPC_COM_DATA 'kirito','1','1';
2019-03-26 10:36:16 EXEC SPC_LISTENING_LST2 '8','8','14';
2019-03-26 10:38:14 EXEC SPC_COM_DATA 'kirito','1','1';
2019-03-26 10:38:14 EXEC SPC_READING_LST1 '','14','8','8';
2019-03-26 10:38:20 EXEC SPC_COM_DATA 'kirito','1','1';
2019-03-26 10:38:20 EXEC SPC_READING_LST1 '','14','8','8';
2019-03-26 10:38:37 EXEC SPC_COM_DATA 'kirito','1','1';
2019-03-26 10:38:37 EXEC SPC_READING_LST1 '','14','8','8';
2019-03-26 10:38:38 EXEC SPC_COM_DATA 'kirito','1','1';
2019-03-26 10:38:38 EXEC SPC_READING_LST2 '12','14','14';
2019-03-26 10:38:38 SQLSTATE[22018]: [Microsoft][ODBC Driver 13 for SQL Server][SQL Server]nvarchar の値 'quypro' をデータ型 int に変換できませんでした。
2019-03-26 10:38:45 EXEC SPC_COM_DATA 'kirito','1','1';
2019-03-26 10:38:45 EXEC SPC_READING_LST1 '','14','8','8';
2019-03-26 10:38:46 EXEC SPC_COM_DATA 'kirito','1','1';
2019-03-26 10:38:46 EXEC SPC_READING_LST2 '12','14','14';
2019-03-26 10:38:46 SQLSTATE[22018]: [Microsoft][ODBC Driver 13 for SQL Server][SQL Server]nvarchar の値 'quypro' をデータ型 int に変換できませんでした。
2019-03-26 10:38:52 EXEC SPC_COM_DATA 'kirito','1','1';
2019-03-26 10:38:52 EXEC SPC_READING_LST1 '','14','8','8';
2019-03-26 10:38:53 EXEC SPC_COM_DATA 'kirito','1','1';
2019-03-26 10:38:53 EXEC SPC_READING_LST2 '12','14','14';
2019-03-26 10:38:53 SQLSTATE[22018]: [Microsoft][ODBC Driver 13 for SQL Server][SQL Server]nvarchar の値 'quypro' をデータ型 int に変換できませんでした。
2019-03-26 11:01:37 EXEC SPC_COM_DATA 'kirito','1','1';
2019-03-26 11:01:37 EXEC SPC_READING_LST1 '','14','8','8';
2019-03-26 11:01:38 EXEC SPC_COM_DATA 'kirito','1','1';
2019-03-26 11:01:38 EXEC SPC_READING_LST2 '12','14','14';
2019-03-26 11:01:38 SQLSTATE[22018]: [Microsoft][ODBC Driver 13 for SQL Server][SQL Server]nvarchar の値 'quypro' をデータ型 int に変換できませんでした。
2019-03-26 11:06:11 EXEC SPC_COM_DATA 'kirito','1','1';
2019-03-26 11:06:11 EXEC SPC_READING_LST1 '','14','8','8';
2019-03-26 11:07:48 EXEC SPC_COM_PERMISSION '6','2','g003';
2019-03-26 11:07:48 EXEC SPC_COM_MENU '6';
2019-03-26 11:07:48 EXEC SPC_COM_M999_INQ1 '7';
2019-03-26 11:07:52 EXEC SPC_COM_PERMISSION '6','2','g001';
2019-03-26 11:07:52 EXEC SPC_COM_MENU '6';
2019-03-26 11:07:52 EXEC SPC_G001_LST1 '1013';
2019-03-26 11:08:03 EXEC SPC_COMMON_ACCOUNT '1','2';
2019-03-26 11:08:04 EXEC SPC_COM_PERMISSION '1','2','g001';
2019-03-26 11:08:04 EXEC SPC_COM_MENU '1';
2019-03-26 11:08:04 EXEC SPC_G001_LST1 '1';
2019-03-26 11:08:11 EXEC SPC_COM_PERMISSION '1','2','g003';
2019-03-26 11:08:11 EXEC SPC_COM_MENU '1';
2019-03-26 11:08:11 EXEC SPC_COM_M999_INQ1 '7';
2019-03-26 11:08:16 EXEC SPC_COM_MENU '1';
2019-03-26 11:08:16 EXEC SPC_G003_LST1 '','','10','1';
2019-03-26 11:08:19 EXEC SPC_COM_PERMISSION '1','2','g004';
2019-03-26 11:08:19 EXEC SPC_COM_MENU '1';
2019-03-26 11:08:19 EXEC SPC_COM_M999_INQ1 '7';
2019-03-26 11:08:30 EXEC SPC_COM_MENU '1';
2019-03-26 11:08:30 EXEC SPC_COMMON_CATALORUE '1';
2019-03-26 11:09:21 EXEC SPC_COM_MENU '1';
2019-03-26 11:09:21 EXEC SPC_G004_ACT1 '1','Tiếng anh cơ bản','1','::1';
2019-03-26 11:09:35 EXEC SPC_COM_MENU '1';
2019-03-26 11:09:35 EXEC SPC_G004_ACT1 '1','Tiếng anh nâng cao','1','::1';
2019-03-26 11:09:41 EXEC SPC_COM_PERMISSION '1','2','g006';
2019-03-26 11:09:41 EXEC SPC_COM_MENU '1';
2019-03-26 11:09:41 EXEC SPC_COM_M999_INQ1 '7';
2019-03-26 11:09:45 EXEC SPC_COM_MENU '1';
2019-03-26 11:09:45 EXEC SPC_COMMON_CATALORUE '1';
2019-03-26 11:09:45 EXEC SPC_COM_MENU '1';
2019-03-26 11:09:45 EXEC SPC_COMMON_GROUP '';
2019-03-26 11:09:47 EXEC SPC_COM_MENU '1';
2019-03-26 11:09:47 EXEC SPC_COMMON_GROUP '1';
2019-03-26 11:09:59 EXEC SPC_COM_MENU '1';
2019-03-26 11:09:59 EXEC SPC_G006_ACT1 '1','1','Bảng chữ cái','1','::1';
2019-03-26 11:11:32 EXEC SPC_COM_MENU '1';
2019-03-26 11:11:32 EXEC SPC_G006_ACT1 '1','1','Từ tiếng anh thông dụng','1','::1';
2019-03-26 11:11:36 EXEC SPC_COM_MENU '1';
2019-03-26 11:11:36 EXEC SPC_COMMON_GROUP '2';
2019-03-26 11:12:01 EXEC SPC_COM_MENU '1';
2019-03-26 11:12:01 EXEC SPC_G006_ACT1 '1','2','Tiếng anh IT','1','::1';
2019-03-26 11:12:16 EXEC SPC_COM_MENU '1';
2019-03-26 11:12:16 EXEC SPC_G006_ACT1 '1','2','Tiếng anh kinh tế','1','::1';
2019-03-26 11:12:19 EXEC SPC_COM_PERMISSION '1','2','w002';
2019-03-26 11:12:19 EXEC SPC_COM_MENU '1';
2019-03-26 11:12:19 EXEC SPC_W002_FND1
2019-03-26 11:12:22 EXEC SPC_COM_MENU '1';
2019-03-26 11:12:22 EXEC SPC_W002_LST2 '1';
2019-03-26 11:12:26 EXEC SPC_COM_MENU '1';
2019-03-26 11:12:26 EXEC SPC_COMMON_GROUP '1';
2019-03-26 11:12:33 EXEC SPC_COM_MENU '1';
2019-03-26 11:12:33 EXEC SPC_COM_M999_INQ1 '8';
2019-03-26 11:12:34 EXEC SPC_COM_MENU '1';
2019-03-26 11:12:34 EXEC SPC_p003_LST2 '';
2019-03-26 11:12:36 EXEC SPC_COM_MENU '1';
2019-03-26 11:12:36 EXEC SPC_p003_LST1 '0','','','','50','1';
2019-03-26 11:12:42 EXEC SPC_COM_PERMISSION '1','2','v001';
2019-03-26 11:12:42 EXEC SPC_COM_MENU '1';
2019-03-26 11:12:42 EXEC SPC_COM_M999_INQ1 '8';
2019-03-26 11:12:43 EXEC SPC_COM_PERMISSION '1','2','v002';
2019-03-26 11:12:43 EXEC SPC_COM_MENU '1';
2019-03-26 11:12:43 EXEC SPC_V002_FND1
2019-03-26 11:12:43 EXEC SPC_COM_PERMISSION '1','2','v002';
2019-03-26 11:12:43 EXEC SPC_COM_MENU '1';
2019-03-26 11:12:43 EXEC SPC_V002_FND1
2019-03-26 11:14:36 EXEC SPC_COM_MENU '1';
2019-03-26 11:18:06 EXEC SPC_COM_DATA 'ndq809','1','2';
2019-03-26 11:18:11 EXEC SPC_COM_MENU '1';
2019-03-26 11:18:19 EXEC SPC_COM_DATA 'ndq809','1','2';
2019-03-26 11:23:20 EXEC SPC_COM_MENU '1';
2019-03-26 11:23:46 EXEC SPC_COM_MENU '1';
2019-03-26 11:24:39 EXEC SPC_COM_MENU '1';
2019-03-26 11:24:39 EXEC SPC_V002_ACT1 '','','A','1','a','chữ 'A' trong bảng chữ cái','/web-content/images/vocabulary/cropped-colorful-alphabet-chart_20190326 1111030320201553567000649.jpg','','','/web-content/audio/listeningAudio/audio_5c998d672b4e0.mp3','','1','::1';
2019-03-26 11:24:40 EXEC SPC_COM_MENU '1';
2019-03-26 11:24:40 EXEC SPC_v002_LST1 '1','1';
2019-03-26 11:25:38 EXEC SPC_COM_DATA 'kirito','1','1';
2019-03-26 11:25:38 EXEC SPC_VOCABULARY_LST1 '','14','8','8';
2019-03-26 11:25:41 EXEC SPC_COM_DATA 'kirito','1','1';
2019-03-26 11:25:41 EXEC SPC_VOCABULARY_LST1 '','14','8','8';
2019-03-26 11:25:43 EXEC SPC_COM_DATA 'kirito','1','1';
2019-03-26 11:25:43 EXEC SPC_VOCABULARY_LST1 '','14','8','8';
2019-03-26 11:26:10 EXEC SPC_COM_DATA 'kirito','1','1';
2019-03-26 11:26:10 EXEC SPC_VOCABULARY_LST1 '','14','8','8';
2019-03-26 11:35:38 EXEC SPC_COM_PERMISSION '1','2','w002';
2019-03-26 11:35:38 EXEC SPC_COM_MENU '1';
2019-03-26 11:35:38 EXEC SPC_W002_FND1
2019-03-26 11:35:40 EXEC SPC_COM_MENU '1';
2019-03-26 11:35:40 EXEC SPC_W002_LST2 '1';
2019-03-26 11:35:42 EXEC SPC_COM_MENU '1';
2019-03-26 11:35:42 EXEC SPC_COMMON_GROUP '1';
2019-03-26 11:35:45 EXEC SPC_COM_MENU '1';
2019-03-26 11:35:45 EXEC SPC_COM_M999_INQ1 '8';
2019-03-26 11:35:46 EXEC SPC_COM_MENU '1';
2019-03-26 11:35:46 EXEC SPC_p003_LST2 '';
2019-03-26 11:35:47 EXEC SPC_COM_MENU '1';
2019-03-26 11:35:47 EXEC SPC_p003_LST1 '0','','','','50','1';
2019-03-26 11:35:52 EXEC SPC_COM_MENU '1';
2019-03-26 11:35:52 EXEC SPC_p003_LST3 '<row vocabulary_code="1" />';
2019-03-26 11:35:57 EXEC SPC_COM_MENU '1';
2019-03-26 11:35:57 EXEC SPC_w002_ACT1 '','1','1','1','','','','','','0','<row row_id="0" vocabulary_code="1" vocabulary_div="Danh từ" vocabulary_nm="A" spelling="a" mean="chữ &amp;#39;A&amp;#39; trong bảng chữ cái" explain="" />','','','1','::1';
2019-03-26 11:35:58 EXEC SPC_COM_MENU '1';
2019-03-26 11:35:58 EXEC SPC_W002_LST1 '1';
2019-03-26 11:35:59 EXEC SPC_COM_MENU '1';
2019-03-26 11:35:59 EXEC SPC_W002_LST2 '1';
2019-03-26 11:35:59 EXEC SPC_COM_MENU '1';
2019-03-26 11:35:59 EXEC SPC_COMMON_GROUP '1';
2019-03-26 11:36:13 EXEC SPC_COM_DATA 'kirito','1','1';
2019-03-26 11:36:13 EXEC SPC_VOCABULARY_LST1 '','14','8','8';
2019-03-26 11:36:14 EXEC SPC_COM_DATA 'kirito','1','1';
2019-03-26 11:36:14 EXEC SPC_VOCABULARY_LST2 '1','1','14';
2019-03-26 11:39:11 EXEC SPC_COM_DATA 'kirito','1','1';
2019-03-26 11:39:11 EXEC SPC_COM_ADD_EXAM '1','1','1','apple','trái táo','14','::1';
2019-03-26 11:39:11 EXEC SPC_COM_DATA 'kirito','1','1';
2019-03-26 11:39:11 EXEC SPC_COM_EXAM_LIST '1','1','1','1','1','14';
2019-03-26 11:40:02 EXEC SPC_COM_PERMISSION '1','2','w002';
2019-03-26 11:40:02 EXEC SPC_COM_MENU '1';
2019-03-26 11:40:02 EXEC SPC_W002_FND1
2019-03-26 11:40:04 EXEC SPC_COM_MENU '1';
2019-03-26 11:40:04 EXEC SPC_W002_LST1 '1';
2019-03-26 11:40:04 EXEC SPC_COM_MENU '1';
2019-03-26 11:40:04 EXEC SPC_W002_LST2 '1';
2019-03-26 11:40:04 EXEC SPC_COM_MENU '1';
2019-03-26 11:40:04 EXEC SPC_COMMON_GROUP '1';
2019-03-26 13:41:51 EXEC SPC_COM_DATA 'kirito','1','1';
2019-03-26 13:41:51 EXEC SPC_COM_MENU '1';
2019-03-26 13:41:53 EXEC SPC_COM_DATA 'kirito','1','1';
2019-03-26 13:41:53 EXEC SPC_VOCABULARY_LST1 '','14','1','1';
2019-03-26 13:41:54 EXEC SPC_COM_DATA 'kirito','1','1';
2019-03-26 13:41:54 EXEC SPC_VOCABULARY_LST2 '1','1','14';
2019-03-26 13:47:13 EXEC SPC_COM_DATA 'kirito','1','1';
2019-03-26 13:47:13 EXEC SPC_VOCABULARY_LST1 '1','14','1','1';
2019-03-26 13:47:14 EXEC SPC_COM_DATA 'kirito','1','1';
2019-03-26 13:47:14 EXEC SPC_VOCABULARY_LST2 '1','1','14';
2019-03-26 13:50:19 EXEC SPC_COM_DATA 'kirito','1','1';
2019-03-26 13:50:19 EXEC SPC_VOCABULARY_LST1 '1','14','1','1';
2019-03-26 13:50:20 EXEC SPC_COM_DATA 'kirito','1','1';
2019-03-26 13:50:20 EXEC SPC_VOCABULARY_LST2 '1','1','14';
2019-03-26 13:51:01 EXEC SPC_COM_DATA 'kirito','1','1';
2019-03-26 13:51:01 EXEC SPC_VOCABULARY_LST1 '1','14','1','1';
2019-03-26 13:51:02 EXEC SPC_COM_DATA 'kirito','1','1';
2019-03-26 13:51:02 EXEC SPC_VOCABULARY_LST2 '1','1','14';
2019-03-26 13:51:14 EXEC SPC_COM_DATA 'kirito','1','1';
2019-03-26 13:51:14 EXEC SPC_VOCABULARY_LST1 '1','14','1','1';
2019-03-26 13:51:15 EXEC SPC_COM_DATA 'kirito','1','1';
2019-03-26 13:51:15 EXEC SPC_VOCABULARY_LST2 '1','1','14';
2019-03-26 13:52:24 EXEC SPC_COM_DATA 'kirito','1','1';
2019-03-26 13:52:25 EXEC SPC_VOCABULARY_LST1 '1','14','1','1';
2019-03-26 13:52:25 EXEC SPC_COM_DATA 'kirito','1','1';
2019-03-26 13:52:25 EXEC SPC_VOCABULARY_LST2 '1','1','14';
2019-03-26 13:53:37 EXEC SPC_COM_DATA 'kirito','1','1';
2019-03-26 13:53:37 EXEC SPC_VOCABULARY_LST1 '1','14','1','1';
2019-03-26 13:53:38 EXEC SPC_COM_DATA 'kirito','1','1';
2019-03-26 13:53:38 EXEC SPC_VOCABULARY_LST2 '1','1','14';
2019-03-26 13:54:16 EXEC SPC_COM_DATA 'kirito','1','1';
2019-03-26 13:54:16 EXEC SPC_VOCABULARY_LST1 '1','14','1','1';
2019-03-26 13:54:17 EXEC SPC_COM_DATA 'kirito','1','1';
2019-03-26 13:54:17 EXEC SPC_VOCABULARY_LST2 '1','1','14';
2019-03-26 13:55:15 EXEC SPC_COM_DATA 'kirito','1','1';
2019-03-26 13:55:15 EXEC SPC_VOCABULARY_LST1 '1','14','1','1';
2019-03-26 13:55:16 EXEC SPC_COM_DATA 'kirito','1','1';
2019-03-26 13:55:16 EXEC SPC_VOCABULARY_LST2 '1','1','14';
2019-03-26 13:57:18 EXEC SPC_COM_DATA 'kirito','1','1';
2019-03-26 13:57:18 EXEC SPC_VOCABULARY_LST1 '1','14','1','1';
2019-03-26 13:57:37 EXEC SPC_COM_DATA 'kirito','1','1';
2019-03-26 13:57:37 EXEC SPC_VOCABULARY_LST1 '1','14','1','1';
2019-03-26 13:57:38 EXEC SPC_COM_DATA 'kirito','1','1';
2019-03-26 13:57:38 EXEC SPC_VOCABULARY_LST2 '1','1','14';
2019-03-26 13:58:08 EXEC SPC_COM_DATA 'kirito','1','1';
2019-03-26 13:58:08 EXEC SPC_VOCABULARY_LST1 '1','14','1','1';
2019-03-26 13:58:09 EXEC SPC_COM_DATA 'kirito','1','1';
2019-03-26 13:58:09 EXEC SPC_VOCABULARY_LST2 '1','1','14';
2019-03-26 13:58:17 EXEC SPC_COM_DATA 'kirito','1','1';
2019-03-26 13:58:17 EXEC SPC_VOCABULARY_LST1 '1','14','1','1';
2019-03-26 13:58:18 EXEC SPC_COM_DATA 'kirito','1','1';
2019-03-26 13:58:18 EXEC SPC_VOCABULARY_LST2 '1','1','14';
2019-03-26 13:59:14 EXEC SPC_COM_DATA 'kirito','1','1';
2019-03-26 13:59:15 EXEC SPC_VOCABULARY_LST1 '1','14','1','1';
2019-03-26 13:59:15 EXEC SPC_COM_DATA 'kirito','1','1';
2019-03-26 13:59:15 EXEC SPC_VOCABULARY_LST2 '1','1','14';
2019-03-26 13:59:43 EXEC SPC_COM_DATA 'kirito','1','1';
2019-03-26 13:59:43 EXEC SPC_VOCABULARY_LST1 '1','14','1','1';
2019-03-26 13:59:44 EXEC SPC_COM_DATA 'kirito','1','1';
2019-03-26 13:59:44 EXEC SPC_VOCABULARY_LST2 '1','1','14';
2019-03-26 14:00:52 EXEC SPC_COM_DATA 'kirito','1','1';
2019-03-26 14:00:52 EXEC SPC_VOCABULARY_LST1 '1','14','1','1';
2019-03-26 14:00:53 EXEC SPC_COM_DATA 'kirito','1','1';
2019-03-26 14:00:53 EXEC SPC_VOCABULARY_LST2 '1','1','14';
2019-03-26 14:01:03 EXEC SPC_COM_DATA 'kirito','1','1';
2019-03-26 14:01:03 EXEC SPC_VOCABULARY_LST2 '1','1','14';
2019-03-26 14:01:06 EXEC SPC_COM_DATA 'kirito','1','1';
2019-03-26 14:01:07 EXEC SPC_VOCABULARY_LST1 '1','14','1','1';
2019-03-26 14:01:08 EXEC SPC_COM_DATA 'kirito','1','1';
2019-03-26 14:01:08 EXEC SPC_VOCABULARY_LST2 '1','1','14';
2019-03-26 14:01:44 EXEC SPC_COM_DATA 'kirito','1','1';
2019-03-26 14:01:44 EXEC SPC_VOCABULARY_LST1 '1','14','1','1';
2019-03-26 14:01:45 EXEC SPC_COM_DATA 'kirito','1','1';
2019-03-26 14:01:45 EXEC SPC_VOCABULARY_LST2 '1','1','14';
2019-03-26 14:02:24 EXEC SPC_COM_DATA 'kirito','1','1';
2019-03-26 14:02:24 EXEC SPC_VOCABULARY_LST1 '1','14','1','1';
2019-03-26 14:02:25 EXEC SPC_COM_DATA 'kirito','1','1';
2019-03-26 14:02:25 EXEC SPC_VOCABULARY_LST2 '1','1','14';
2019-03-26 14:03:03 EXEC SPC_COM_DATA 'kirito','1','1';
2019-03-26 14:03:03 EXEC SPC_VOCABULARY_LST1 '1','14','1','1';
2019-03-26 14:03:04 EXEC SPC_COM_DATA 'kirito','1','1';
2019-03-26 14:03:04 EXEC SPC_VOCABULARY_LST2 '1','1','14';
2019-03-26 14:03:14 EXEC SPC_COM_DATA 'kirito','1','1';
2019-03-26 14:03:14 EXEC SPC_VOCABULARY_LST1 '1','14','1','1';
2019-03-26 14:03:15 EXEC SPC_COM_DATA 'kirito','1','1';
2019-03-26 14:03:15 EXEC SPC_VOCABULARY_LST2 '1','1','14';
2019-03-26 14:03:30 EXEC SPC_COM_DATA 'kirito','1','1';
2019-03-26 14:03:30 EXEC SPC_VOCABULARY_LST1 '1','14','1','1';
2019-03-26 14:03:31 EXEC SPC_COM_DATA 'kirito','1','1';
2019-03-26 14:03:31 EXEC SPC_VOCABULARY_LST2 '1','1','14';
2019-03-26 14:04:04 EXEC SPC_COM_DATA 'kirito','1','1';
2019-03-26 14:04:04 EXEC SPC_VOCABULARY_LST1 '1','14','1','1';
2019-03-26 14:04:05 EXEC SPC_COM_DATA 'kirito','1','1';
2019-03-26 14:04:05 EXEC SPC_VOCABULARY_LST2 '1','1','14';
2019-03-26 14:05:40 EXEC SPC_COM_DATA 'kirito','1','1';
2019-03-26 14:05:40 EXEC SPC_VOCABULARY_LST1 '1','14','1','1';
2019-03-26 14:05:41 EXEC SPC_COM_DATA 'kirito','1','1';
2019-03-26 14:05:41 EXEC SPC_VOCABULARY_LST2 '1','1','14';
2019-03-26 14:07:03 EXEC SPC_COM_DATA 'kirito','1','1';
2019-03-26 14:07:03 EXEC SPC_VOCABULARY_LST1 '1','14','1','1';
2019-03-26 14:07:04 EXEC SPC_COM_DATA 'kirito','1','1';
2019-03-26 14:07:04 EXEC SPC_VOCABULARY_LST2 '1','1','14';
2019-03-26 14:08:28 EXEC SPC_COM_DATA 'kirito','1','1';
2019-03-26 14:08:29 EXEC SPC_VOCABULARY_LST1 '1','14','1','1';
2019-03-26 14:08:29 EXEC SPC_COM_DATA 'kirito','1','1';
2019-03-26 14:08:29 EXEC SPC_VOCABULARY_LST2 '1','1','14';
2019-03-26 14:09:26 EXEC SPC_COM_DATA 'kirito','1','1';
2019-03-26 14:09:26 EXEC SPC_VOCABULARY_LST1 '1','14','1','1';
2019-03-26 14:09:27 EXEC SPC_COM_DATA 'kirito','1','1';
2019-03-26 14:09:27 EXEC SPC_VOCABULARY_LST2 '1','1','14';
2019-03-26 14:10:41 EXEC SPC_COM_DATA 'kirito','1','1';
2019-03-26 14:10:41 EXEC SPC_VOCABULARY_LST1 '1','14','1','1';
2019-03-26 14:10:42 EXEC SPC_COM_DATA 'kirito','1','1';
2019-03-26 14:10:42 EXEC SPC_VOCABULARY_LST2 '1','1','14';
2019-03-26 14:11:19 EXEC SPC_COM_PERMISSION '1','2','w002';
2019-03-26 14:11:19 EXEC SPC_COM_MENU '1';
2019-03-26 14:11:19 EXEC SPC_W002_FND1
2019-03-26 14:11:24 EXEC SPC_COM_MENU '1';
2019-03-26 14:11:24 EXEC SPC_W002_LST2 '2';
2019-03-26 14:11:27 EXEC SPC_COM_MENU '1';
2019-03-26 14:11:27 EXEC SPC_W002_LST2 '5';
2019-03-26 14:11:29 EXEC SPC_COM_MENU '1';
2019-03-26 14:11:29 EXEC SPC_W002_LST2 '1';
2019-03-26 14:11:32 EXEC SPC_COM_MENU '1';
2019-03-26 14:11:32 EXEC SPC_W002_LST2 '6';
2019-03-26 14:11:36 EXEC SPC_COM_MENU '1';
2019-03-26 14:11:36 EXEC SPC_W002_LST2 '10';
2019-03-26 14:21:36 EXEC SPC_COM_DATA 'kirito','1','1';
2019-03-26 14:21:36 EXEC SPC_VOCABULARY_LST1 '1','14','1','1';
2019-03-26 14:21:37 EXEC SPC_COM_DATA 'kirito','1','1';
2019-03-26 14:21:37 EXEC SPC_VOCABULARY_LST2 '1','1','14';
2019-03-26 14:22:11 EXEC SPC_COM_DATA 'kirito','1','1';
2019-03-26 14:22:11 EXEC SPC_VOCABULARY_LST1 '1','14','1','1';
2019-03-26 14:22:12 EXEC SPC_COM_DATA 'kirito','1','1';
2019-03-26 14:22:12 EXEC SPC_VOCABULARY_LST2 '1','1','14';
2019-03-26 14:28:45 EXEC SPC_COM_DATA 'kirito','1','1';
2019-03-26 14:28:45 EXEC SPC_VOCABULARY_LST1 '1','14','1','1';
2019-03-26 14:28:46 EXEC SPC_COM_DATA 'kirito','1','1';
2019-03-26 14:28:46 EXEC SPC_VOCABULARY_LST2 '1','1','14';
2019-03-26 14:29:36 EXEC SPC_COM_DATA 'kirito','1','1';
2019-03-26 14:29:36 EXEC SPC_VOCABULARY_LST1 '1','14','1','1';
2019-03-26 14:29:37 EXEC SPC_COM_DATA 'kirito','1','1';
2019-03-26 14:29:37 EXEC SPC_VOCABULARY_LST2 '1','1','14';
2019-03-26 14:40:07 EXEC SPC_COM_DATA 'kirito','1','1';
2019-03-26 14:40:07 EXEC SPC_VOCABULARY_LST1 '1','14','1','1';
2019-03-26 14:40:30 EXEC SPC_COM_DATA 'kirito','1','1';
2019-03-26 14:40:30 EXEC SPC_VOCABULARY_LST1 '1','14','1','1';
2019-03-26 14:41:51 EXEC SPC_COM_DATA 'kirito','1','1';
2019-03-26 14:41:51 EXEC SPC_VOCABULARY_LST1 '1','14','1','1';
2019-03-26 14:42:28 EXEC SPC_COM_DATA 'kirito','1','1';
2019-03-26 14:42:28 EXEC SPC_VOCABULARY_LST1 '1','14','1','1';
2019-03-26 14:49:36 EXEC SPC_COM_DATA 'kirito','1','1';
2019-03-26 14:49:36 EXEC SPC_VOCABULARY_LST1 '1','14','1','1';
2019-03-26 14:49:37 EXEC SPC_COM_DATA 'kirito','1','1';
2019-03-26 14:49:37 EXEC SPC_VOCABULARY_LST2 '1','1','14';
2019-03-26 14:51:48 EXEC SPC_COM_DATA 'kirito','1','1';
2019-03-26 14:51:49 EXEC SPC_VOCABULARY_LST1 '1','14','1','1';
2019-03-26 14:51:49 EXEC SPC_COM_DATA 'kirito','1','1';
2019-03-26 14:51:49 EXEC SPC_VOCABULARY_LST2 '1','1','14';
2019-03-26 14:52:22 EXEC SPC_COM_DATA 'kirito','1','1';
2019-03-26 14:52:22 EXEC SPC_VOCABULARY_LST1 '1','14','1','1';
2019-03-26 14:52:23 EXEC SPC_COM_DATA 'kirito','1','1';
2019-03-26 14:52:23 EXEC SPC_VOCABULARY_LST2 '1','1','14';
2019-03-26 14:53:25 EXEC SPC_COM_DATA 'kirito','1','1';
2019-03-26 14:53:25 EXEC SPC_VOCABULARY_LST1 '1','14','1','1';
2019-03-26 14:53:26 EXEC SPC_COM_DATA 'kirito','1','1';
2019-03-26 14:53:26 EXEC SPC_VOCABULARY_LST2 '1','1','14';
2019-03-26 14:54:20 EXEC SPC_COM_DATA 'kirito','1','1';
2019-03-26 14:54:20 EXEC SPC_VOCABULARY_LST1 '1','14','1','1';
2019-03-26 14:54:21 EXEC SPC_COM_DATA 'kirito','1','1';
2019-03-26 14:54:21 EXEC SPC_VOCABULARY_LST2 '1','1','14';
2019-03-26 14:54:32 EXEC SPC_COM_DATA 'kirito','1','1';
2019-03-26 14:54:32 EXEC SPC_VOCABULARY_LST1 '1','14','1','1';
2019-03-26 14:54:33 EXEC SPC_COM_DATA 'kirito','1','1';
2019-03-26 14:54:33 EXEC SPC_VOCABULARY_LST2 '1','1','14';
2019-03-26 14:54:41 EXEC SPC_COM_DATA 'kirito','1','1';
2019-03-26 14:54:42 EXEC SPC_VOCABULARY_LST1 '1','14','1','1';
2019-03-26 14:54:42 EXEC SPC_COM_DATA 'kirito','1','1';
2019-03-26 14:54:42 EXEC SPC_VOCABULARY_LST2 '1','1','14';
2019-03-26 14:54:50 EXEC SPC_COM_DATA 'kirito','1','1';
2019-03-26 14:54:50 EXEC SPC_VOCABULARY_LST1 '1','14','1','1';
2019-03-26 14:54:51 EXEC SPC_COM_DATA 'kirito','1','1';
2019-03-26 14:54:51 EXEC SPC_VOCABULARY_LST2 '1','1','14';
2019-03-26 14:55:39 EXEC SPC_COM_DATA 'kirito','1','1';
2019-03-26 14:55:39 EXEC SPC_VOCABULARY_LST1 '1','14','1','1';
2019-03-26 14:55:40 EXEC SPC_COM_DATA 'kirito','1','1';
2019-03-26 14:55:40 EXEC SPC_VOCABULARY_LST2 '1','1','14';
2019-03-26 14:55:45 EXEC SPC_COM_DATA 'kirito','1','1';
2019-03-26 14:55:45 EXEC SPC_VOCABULARY_LST1 '1','14','1','1';
2019-03-26 14:55:46 EXEC SPC_COM_DATA 'kirito','1','1';
2019-03-26 14:55:46 EXEC SPC_VOCABULARY_LST2 '1','1','14';
2019-03-26 14:55:50 EXEC SPC_COM_DATA 'kirito','1','1';
2019-03-26 14:55:50 EXEC SPC_VOCABULARY_LST1 '1','14','1','1';
2019-03-26 14:55:51 EXEC SPC_COM_DATA 'kirito','1','1';
2019-03-26 14:55:51 EXEC SPC_VOCABULARY_LST2 '1','1','14';
2019-03-26 14:55:59 EXEC SPC_COM_DATA 'kirito','1','1';
2019-03-26 14:55:59 EXEC SPC_VOCABULARY_LST1 '1','14','1','1';
2019-03-26 14:55:59 EXEC SPC_COM_DATA 'kirito','1','1';
2019-03-26 14:55:59 EXEC SPC_VOCABULARY_LST2 '1','1','14';
2019-03-26 14:56:04 EXEC SPC_COM_DATA 'kirito','1','1';
2019-03-26 14:56:04 EXEC SPC_VOCABULARY_LST1 '1','14','1','1';
2019-03-26 14:56:04 EXEC SPC_COM_DATA 'kirito','1','1';
2019-03-26 14:56:04 EXEC SPC_VOCABULARY_LST2 '1','1','14';
2019-03-26 14:56:24 EXEC SPC_COM_DATA 'kirito','1','1';
2019-03-26 14:56:24 EXEC SPC_VOCABULARY_LST1 '1','14','1','1';
2019-03-26 14:56:25 EXEC SPC_COM_DATA 'kirito','1','1';
2019-03-26 14:56:25 EXEC SPC_VOCABULARY_LST2 '1','1','14';
2019-03-26 14:56:37 EXEC SPC_COM_DATA 'kirito','1','1';
2019-03-26 14:56:37 EXEC SPC_VOCABULARY_LST1 '1','14','1','1';
2019-03-26 14:56:38 EXEC SPC_COM_DATA 'kirito','1','1';
2019-03-26 14:56:38 EXEC SPC_VOCABULARY_LST2 '1','1','14';
2019-03-26 14:56:52 EXEC SPC_COM_DATA 'kirito','1','1';
2019-03-26 14:56:52 EXEC SPC_VOCABULARY_LST1 '1','14','1','1';
2019-03-26 14:56:53 EXEC SPC_COM_DATA 'kirito','1','1';
2019-03-26 14:56:53 EXEC SPC_VOCABULARY_LST2 '1','1','14';
2019-03-26 15:01:56 EXEC SPC_COM_DATA 'kirito','1','1';
2019-03-26 15:01:56 EXEC SPC_VOCABULARY_LST1 '1','14','1','1';
2019-03-26 15:01:57 EXEC SPC_COM_DATA 'kirito','1','1';
2019-03-26 15:01:57 EXEC SPC_VOCABULARY_LST2 '1','1','14';
2019-03-26 15:02:52 EXEC SPC_COM_DATA 'kirito','1','1';
2019-03-26 15:02:52 EXEC SPC_VOCABULARY_LST1 '1','14','1','1';
2019-03-26 15:02:53 EXEC SPC_COM_DATA 'kirito','1','1';
2019-03-26 15:02:53 EXEC SPC_VOCABULARY_LST2 '1','1','14';
2019-03-26 15:03:55 EXEC SPC_COM_DATA 'kirito','1','1';
2019-03-26 15:03:55 EXEC SPC_VOCABULARY_LST1 '1','14','1','1';
2019-03-26 15:03:56 EXEC SPC_COM_DATA 'kirito','1','1';
2019-03-26 15:03:56 EXEC SPC_VOCABULARY_LST2 '1','1','14';
2019-03-26 15:04:54 EXEC SPC_COM_DATA 'kirito','1','1';
2019-03-26 15:04:54 EXEC SPC_VOCABULARY_LST1 '1','14','1','1';
2019-03-26 15:05:14 EXEC SPC_COM_DATA 'kirito','1','1';
2019-03-26 15:05:14 EXEC SPC_VOCABULARY_LST1 '1','14','1','1';
2019-03-26 15:05:15 EXEC SPC_COM_DATA 'kirito','1','1';
2019-03-26 15:05:15 EXEC SPC_VOCABULARY_LST2 '1','1','14';
2019-03-26 15:13:47 EXEC SPC_COM_DATA 'kirito','1','1';
2019-03-26 15:13:47 EXEC SPC_VOCABULARY_LST1 '1','14','1','1';
2019-03-26 15:13:48 EXEC SPC_COM_DATA 'kirito','1','1';
2019-03-26 15:13:48 EXEC SPC_VOCABULARY_LST2 '1','1','14';
2019-03-26 15:17:17 EXEC SPC_COM_DATA 'kirito','1','1';
2019-03-26 15:17:17 EXEC SPC_VOCABULARY_LST1 '1','14','1','1';
2019-03-26 15:17:18 EXEC SPC_COM_DATA 'kirito','1','1';
2019-03-26 15:17:18 EXEC SPC_VOCABULARY_LST2 '1','1','14';
2019-03-26 15:20:01 EXEC SPC_COM_DATA 'kirito','1','1';
2019-03-26 15:20:01 EXEC SPC_VOCABULARY_LST1 '1','14','1','1';
2019-03-26 15:20:02 EXEC SPC_COM_DATA 'kirito','1','1';
2019-03-26 15:20:02 EXEC SPC_VOCABULARY_LST2 '1','1','14';
2019-03-26 15:20:32 EXEC SPC_COM_DATA 'kirito','1','1';
2019-03-26 15:20:32 EXEC SPC_VOCABULARY_LST1 '1','14','1','1';
2019-03-26 15:20:33 EXEC SPC_COM_DATA 'kirito','1','1';
2019-03-26 15:20:33 EXEC SPC_VOCABULARY_LST2 '1','1','14';
2019-03-26 15:20:52 EXEC SPC_COM_DATA 'kirito','1','1';
2019-03-26 15:20:52 EXEC SPC_VOCABULARY_LST1 '1','14','1','1';
2019-03-26 15:20:53 EXEC SPC_COM_DATA 'kirito','1','1';
2019-03-26 15:20:53 EXEC SPC_VOCABULARY_LST2 '1','1','14';
2019-03-26 15:21:27 EXEC SPC_COM_DATA 'kirito','1','1';
2019-03-26 15:21:27 EXEC SPC_VOCABULARY_LST1 '1','14','1','1';
2019-03-26 15:21:28 EXEC SPC_COM_DATA 'kirito','1','1';
2019-03-26 15:21:28 EXEC SPC_VOCABULARY_LST2 '1','1','14';
2019-03-26 15:23:17 EXEC SPC_COM_DATA 'kirito','1','1';
2019-03-26 15:23:17 EXEC SPC_VOCABULARY_LST1 '1','14','1','1';
2019-03-26 15:23:18 EXEC SPC_COM_DATA 'kirito','1','1';
2019-03-26 15:23:18 EXEC SPC_VOCABULARY_LST2 '1','1','14';
2019-03-26 15:26:48 EXEC SPC_COM_DATA 'kirito','1','1';
2019-03-26 15:26:48 EXEC SPC_VOCABULARY_LST1 '1','14','1','1';
2019-03-26 15:26:49 EXEC SPC_COM_DATA 'kirito','1','1';
2019-03-26 15:26:49 EXEC SPC_VOCABULARY_LST2 '1','1','14';
2019-03-26 15:27:02 EXEC SPC_COM_DATA 'kirito','1','1';
2019-03-26 15:27:02 EXEC SPC_VOCABULARY_LST1 '1','14','1','1';
2019-03-26 15:27:02 EXEC SPC_COM_DATA 'kirito','1','1';
2019-03-26 15:27:02 EXEC SPC_VOCABULARY_LST2 '1','1','14';
2019-03-26 15:27:38 EXEC SPC_COM_DATA 'kirito','1','1';
2019-03-26 15:27:38 EXEC SPC_VOCABULARY_LST1 '1','14','1','1';
2019-03-26 15:27:39 EXEC SPC_COM_DATA 'kirito','1','1';
2019-03-26 15:27:39 EXEC SPC_VOCABULARY_LST2 '1','1','14';
2019-03-26 15:28:09 EXEC SPC_COM_DATA 'kirito','1','1';
2019-03-26 15:28:09 EXEC SPC_VOCABULARY_LST1 '1','14','1','1';
2019-03-26 15:28:10 EXEC SPC_COM_DATA 'kirito','1','1';
2019-03-26 15:28:10 EXEC SPC_VOCABULARY_LST2 '1','1','14';
2019-03-26 15:28:40 EXEC SPC_COM_DATA 'kirito','1','1';
2019-03-26 15:28:40 EXEC SPC_VOCABULARY_LST1 '1','14','1','1';
2019-03-26 15:28:41 EXEC SPC_COM_DATA 'kirito','1','1';
2019-03-26 15:28:41 EXEC SPC_VOCABULARY_LST2 '1','1','14';
2019-03-26 15:28:57 EXEC SPC_COM_DATA 'kirito','1','1';
2019-03-26 15:28:57 EXEC SPC_VOCABULARY_LST1 '1','14','1','1';
2019-03-26 15:28:57 EXEC SPC_COM_DATA 'kirito','1','1';
2019-03-26 15:28:57 EXEC SPC_VOCABULARY_LST2 '1','1','14';
2019-03-26 15:29:19 EXEC SPC_COM_DATA 'kirito','1','1';
2019-03-26 15:29:19 EXEC SPC_VOCABULARY_LST1 '1','14','1','1';
2019-03-26 15:29:20 EXEC SPC_COM_DATA 'kirito','1','1';
2019-03-26 15:29:20 EXEC SPC_VOCABULARY_LST2 '1','1','14';
2019-03-26 15:46:28 EXEC SPC_COM_DATA 'kirito','1','1';
2019-03-26 15:46:28 EXEC SPC_VOCABULARY_LST1 '1','14','1','1';
2019-03-26 15:46:29 EXEC SPC_COM_DATA 'kirito','1','1';
2019-03-26 15:46:29 EXEC SPC_VOCABULARY_LST2 '1','1','14';
2019-03-26 15:46:51 EXEC SPC_COM_DATA 'kirito','1','1';
2019-03-26 15:46:51 EXEC SPC_VOCABULARY_LST1 '1','14','1','1';
2019-03-26 15:46:52 EXEC SPC_COM_DATA 'kirito','1','1';
2019-03-26 15:46:52 EXEC SPC_VOCABULARY_LST2 '1','1','14';
2019-03-26 15:48:27 EXEC SPC_COM_DATA 'kirito','1','1';
2019-03-26 15:48:27 EXEC SPC_VOCABULARY_LST1 '1','14','1','1';
2019-03-26 15:48:28 EXEC SPC_COM_DATA 'kirito','1','1';
2019-03-26 15:48:28 EXEC SPC_VOCABULARY_LST2 '1','1','14';
2019-03-26 15:48:38 EXEC SPC_COM_DATA 'kirito','1','1';
2019-03-26 15:48:38 EXEC SPC_VOCABULARY_LST1 '1','14','1','1';
2019-03-26 15:48:39 EXEC SPC_COM_DATA 'kirito','1','1';
2019-03-26 15:48:39 EXEC SPC_VOCABULARY_LST2 '1','1','14';
2019-03-26 15:48:53 EXEC SPC_COM_DATA 'kirito','1','1';
2019-03-26 15:48:53 EXEC SPC_VOCABULARY_LST1 '1','14','1','1';
2019-03-26 15:48:53 EXEC SPC_COM_DATA 'kirito','1','1';
2019-03-26 15:48:53 EXEC SPC_VOCABULARY_LST2 '1','1','14';
2019-03-26 15:51:58 EXEC SPC_COM_DATA 'kirito','1','1';
2019-03-26 15:51:58 EXEC SPC_VOCABULARY_LST1 '1','14','1','1';
2019-03-26 15:51:59 EXEC SPC_COM_DATA 'kirito','1','1';
2019-03-26 15:51:59 EXEC SPC_VOCABULARY_LST2 '1','1','14';
2019-03-26 15:52:18 EXEC SPC_COM_DATA 'kirito','1','1';
2019-03-26 15:52:18 EXEC SPC_VOCABULARY_LST2 '1','1','14';
2019-03-26 15:52:26 EXEC SPC_COM_DATA 'kirito','1','1';
2019-03-26 15:52:26 EXEC SPC_VOCABULARY_LST1 '1','14','1','1';
2019-03-26 15:52:27 EXEC SPC_COM_DATA 'kirito','1','1';
2019-03-26 15:52:27 EXEC SPC_VOCABULARY_LST2 '1','1','14';
2019-03-26 15:52:42 EXEC SPC_COM_DATA 'kirito','1','1';
2019-03-26 15:52:42 EXEC SPC_VOCABULARY_LST1 '1','14','1','1';
2019-03-26 15:52:43 EXEC SPC_COM_DATA 'kirito','1','1';
2019-03-26 15:52:43 EXEC SPC_VOCABULARY_LST2 '1','1','14';
2019-03-26 15:53:02 EXEC SPC_COM_DATA 'kirito','1','1';
2019-03-26 15:53:02 EXEC SPC_VOCABULARY_LST1 '1','14','1','1';
2019-03-26 15:53:03 EXEC SPC_COM_DATA 'kirito','1','1';
2019-03-26 15:53:03 EXEC SPC_VOCABULARY_LST2 '1','1','14';
2019-03-26 15:53:58 EXEC SPC_COM_DATA 'kirito','1','1';
2019-03-26 15:53:58 EXEC SPC_VOCABULARY_LST1 '1','14','1','1';
2019-03-26 15:53:59 EXEC SPC_COM_DATA 'kirito','1','1';
2019-03-26 15:53:59 EXEC SPC_VOCABULARY_LST2 '1','1','14';
2019-03-26 15:54:37 EXEC SPC_COM_DATA 'kirito','1','1';
2019-03-26 15:54:37 EXEC SPC_VOCABULARY_LST1 '1','14','1','1';
2019-03-26 15:54:38 EXEC SPC_COM_DATA 'kirito','1','1';
2019-03-26 15:54:38 EXEC SPC_VOCABULARY_LST2 '1','1','14';
2019-03-26 16:06:29 EXEC SPC_COM_DATA 'kirito','1','1';
2019-03-26 16:06:29 EXEC SPC_VOCABULARY_LST1 '1','14','1','1';
2019-03-26 16:06:30 EXEC SPC_COM_DATA 'kirito','1','1';
2019-03-26 16:06:30 EXEC SPC_VOCABULARY_LST2 '1','1','14';
2019-03-26 16:07:02 EXEC SPC_COM_DATA 'kirito','1','1';
2019-03-26 16:07:02 EXEC SPC_VOCABULARY_LST1 '1','14','1','1';
2019-03-26 16:07:03 EXEC SPC_COM_DATA 'kirito','1','1';
2019-03-26 16:07:03 EXEC SPC_VOCABULARY_LST2 '1','1','14';
2019-03-26 16:09:07 EXEC SPC_COM_DATA 'kirito','1','1';
2019-03-26 16:09:07 EXEC SPC_VOCABULARY_LST1 '1','14','1','1';
2019-03-26 16:09:08 EXEC SPC_COM_DATA 'kirito','1','1';
2019-03-26 16:09:08 EXEC SPC_VOCABULARY_LST2 '1','1','14';
2019-03-26 16:09:37 EXEC SPC_COM_DATA 'kirito','1','1';
2019-03-26 16:09:37 EXEC SPC_VOCABULARY_LST1 '1','14','1','1';
2019-03-26 16:09:38 EXEC SPC_COM_DATA 'kirito','1','1';
2019-03-26 16:09:38 EXEC SPC_VOCABULARY_LST2 '1','1','14';
2019-03-26 16:11:27 EXEC SPC_COM_DATA 'kirito','1','1';
2019-03-26 16:11:27 EXEC SPC_VOCABULARY_LST1 '1','14','1','1';
2019-03-26 16:11:28 EXEC SPC_COM_DATA 'kirito','1','1';
2019-03-26 16:11:28 EXEC SPC_VOCABULARY_LST2 '1','1','14';
2019-03-26 16:12:08 EXEC SPC_COM_DATA 'kirito','1','1';
2019-03-26 16:12:08 EXEC SPC_VOCABULARY_LST1 '1','14','1','1';
2019-03-26 16:12:08 EXEC SPC_COM_DATA 'kirito','1','1';
2019-03-26 16:12:08 EXEC SPC_VOCABULARY_LST2 '1','1','14';
2019-03-26 16:12:40 EXEC SPC_COM_DATA 'kirito','1','1';
2019-03-26 16:12:40 EXEC SPC_VOCABULARY_LST1 '1','14','1','1';
2019-03-26 16:12:41 EXEC SPC_COM_DATA 'kirito','1','1';
2019-03-26 16:12:41 EXEC SPC_VOCABULARY_LST2 '1','1','14';
2019-03-26 16:12:56 EXEC SPC_COM_DATA 'kirito','1','1';
2019-03-26 16:12:56 EXEC SPC_VOCABULARY_LST1 '1','14','1','1';
2019-03-26 16:12:57 EXEC SPC_COM_DATA 'kirito','1','1';
2019-03-26 16:12:57 EXEC SPC_VOCABULARY_LST2 '1','1','14';
2019-03-26 16:14:51 EXEC SPC_COM_DATA 'kirito','1','1';
2019-03-26 16:14:51 EXEC SPC_VOCABULARY_LST1 '1','14','1','1';
2019-03-26 16:14:52 EXEC SPC_COM_DATA 'kirito','1','1';
2019-03-26 16:14:52 EXEC SPC_VOCABULARY_LST2 '1','1','14';
2019-03-26 16:15:31 EXEC SPC_COM_DATA 'kirito','1','1';
2019-03-26 16:15:31 EXEC SPC_VOCABULARY_LST1 '1','14','1','1';
2019-03-26 16:15:32 EXEC SPC_COM_DATA 'kirito','1','1';
2019-03-26 16:15:32 EXEC SPC_VOCABULARY_LST2 '1','1','14';
2019-03-26 16:17:13 EXEC SPC_COM_DATA 'kirito','1','1';
2019-03-26 16:17:13 EXEC SPC_VOCABULARY_LST1 '1','14','1','1';
2019-03-26 16:17:14 EXEC SPC_COM_DATA 'kirito','1','1';
2019-03-26 16:17:14 EXEC SPC_VOCABULARY_LST2 '1','1','14';
2019-03-26 16:17:37 EXEC SPC_COM_DATA 'kirito','1','1';
2019-03-26 16:17:37 EXEC SPC_VOCABULARY_LST1 '1','14','1','1';
2019-03-26 16:17:37 EXEC SPC_COM_DATA 'kirito','1','1';
2019-03-26 16:17:37 EXEC SPC_VOCABULARY_LST2 '1','1','14';
2019-03-26 16:18:02 EXEC SPC_COM_DATA 'kirito','1','1';
2019-03-26 16:18:02 EXEC SPC_VOCABULARY_LST1 '1','14','1','1';
2019-03-26 16:18:03 EXEC SPC_COM_DATA 'kirito','1','1';
2019-03-26 16:18:03 EXEC SPC_VOCABULARY_LST2 '1','1','14';
2019-03-26 16:20:11 EXEC SPC_COM_DATA 'kirito','1','1';
2019-03-26 16:20:11 EXEC SPC_VOCABULARY_LST1 '1','14','1','1';
2019-03-26 16:20:12 EXEC SPC_COM_DATA 'kirito','1','1';
2019-03-26 16:20:12 EXEC SPC_VOCABULARY_LST2 '1','1','14';
2019-03-26 16:21:03 EXEC SPC_COM_DATA 'kirito','1','1';
2019-03-26 16:21:03 EXEC SPC_VOCABULARY_LST1 '1','14','1','1';
2019-03-26 16:21:04 EXEC SPC_COM_DATA 'kirito','1','1';
2019-03-26 16:21:04 EXEC SPC_VOCABULARY_LST2 '1','1','14';
2019-03-26 16:21:27 EXEC SPC_COM_DATA 'kirito','1','1';
2019-03-26 16:21:27 EXEC SPC_VOCABULARY_LST1 '1','14','1','1';
2019-03-26 16:21:28 EXEC SPC_COM_DATA 'kirito','1','1';
2019-03-26 16:21:28 EXEC SPC_VOCABULARY_LST2 '1','1','14';
2019-03-26 16:23:53 EXEC SPC_COM_DATA 'kirito','1','1';
2019-03-26 16:23:53 EXEC SPC_VOCABULARY_LST1 '1','14','1','1';
2019-03-26 16:23:54 EXEC SPC_COM_DATA 'kirito','1','1';
2019-03-26 16:23:54 EXEC SPC_VOCABULARY_LST2 '1','1','14';
2019-03-26 16:24:16 EXEC SPC_COM_DATA 'kirito','1','1';
2019-03-26 16:24:16 EXEC SPC_VOCABULARY_LST1 '1','14','1','1';
2019-03-26 16:24:17 EXEC SPC_COM_DATA 'kirito','1','1';
2019-03-26 16:24:17 EXEC SPC_VOCABULARY_LST2 '1','1','14';
2019-03-26 16:24:38 EXEC SPC_COM_DATA 'kirito','1','1';
2019-03-26 16:24:38 EXEC SPC_VOCABULARY_LST1 '1','14','1','1';
2019-03-26 16:24:39 EXEC SPC_COM_DATA 'kirito','1','1';
2019-03-26 16:24:39 EXEC SPC_VOCABULARY_LST2 '1','1','14';
2019-03-26 16:25:55 EXEC SPC_COM_DATA 'kirito','1','1';
2019-03-26 16:25:55 EXEC SPC_VOCABULARY_LST1 '1','14','1','1';
2019-03-26 16:25:56 EXEC SPC_COM_DATA 'kirito','1','1';
2019-03-26 16:25:56 EXEC SPC_VOCABULARY_LST2 '1','1','14';
2019-03-26 16:26:06 EXEC SPC_COM_DATA 'kirito','1','1';
2019-03-26 16:26:06 EXEC SPC_VOCABULARY_LST1 '1','14','1','1';
2019-03-26 16:26:07 EXEC SPC_COM_DATA 'kirito','1','1';
2019-03-26 16:26:07 EXEC SPC_VOCABULARY_LST2 '1','1','14';
2019-03-26 16:26:46 EXEC SPC_COM_DATA 'kirito','1','1';
2019-03-26 16:26:46 EXEC SPC_VOCABULARY_LST1 '1','14','1','1';
2019-03-26 16:26:47 EXEC SPC_COM_DATA 'kirito','1','1';
2019-03-26 16:26:47 EXEC SPC_VOCABULARY_LST2 '1','1','14';
2019-03-26 16:27:46 EXEC SPC_COM_DATA 'kirito','1','1';
2019-03-26 16:27:46 EXEC SPC_VOCABULARY_LST1 '1','14','1','1';
2019-03-26 16:27:47 EXEC SPC_COM_DATA 'kirito','1','1';
2019-03-26 16:27:47 EXEC SPC_VOCABULARY_LST2 '1','1','14';
2019-03-26 16:28:13 EXEC SPC_COM_DATA 'kirito','1','1';
2019-03-26 16:28:13 EXEC SPC_VOCABULARY_LST1 '1','14','1','1';
2019-03-26 16:28:14 EXEC SPC_COM_DATA 'kirito','1','1';
2019-03-26 16:28:14 EXEC SPC_VOCABULARY_LST2 '1','1','14';
2019-03-26 16:29:01 EXEC SPC_COM_DATA 'kirito','1','1';
2019-03-26 16:29:01 EXEC SPC_VOCABULARY_LST1 '1','14','1','1';
2019-03-26 16:29:02 EXEC SPC_COM_DATA 'kirito','1','1';
2019-03-26 16:29:02 EXEC SPC_VOCABULARY_LST2 '1','1','14';
2019-03-26 16:29:44 EXEC SPC_COM_DATA 'kirito','1','1';
2019-03-26 16:29:44 EXEC SPC_VOCABULARY_LST1 '1','14','1','1';
2019-03-26 16:29:45 EXEC SPC_COM_DATA 'kirito','1','1';
2019-03-26 16:29:45 EXEC SPC_VOCABULARY_LST2 '1','1','14';
2019-03-26 16:30:21 EXEC SPC_COM_PERMISSION '1','2','w002';
2019-03-26 16:30:21 EXEC SPC_COM_MENU '1';
2019-03-26 16:30:21 EXEC SPC_W002_FND1
2019-03-26 16:32:11 EXEC SPC_COM_PERMISSION '1','2','w002';
2019-03-26 16:32:11 EXEC SPC_COM_MENU '1';
2019-03-26 16:32:11 EXEC SPC_W002_FND1
2019-03-26 16:33:54 EXEC SPC_COM_PERMISSION '1','2','w002';
2019-03-26 16:33:54 EXEC SPC_COM_MENU '1';
2019-03-26 16:33:54 EXEC SPC_W002_FND1
2019-03-26 16:34:15 EXEC SPC_COM_PERMISSION '1','2','m003';
2019-03-26 16:34:15 EXEC SPC_COM_MENU '1';
2019-03-26 16:34:15 EXEC SPC_M003_FND1
2019-03-26 16:35:32 EXEC SPC_COM_PERMISSION '1','2','m003';
2019-03-26 16:35:32 EXEC SPC_COM_MENU '1';
2019-03-26 16:35:32 EXEC SPC_M003_FND1
2019-03-26 16:35:45 EXEC SPC_COM_PERMISSION '1','2','m003';
2019-03-26 16:35:45 EXEC SPC_COM_MENU '1';
2019-03-26 16:35:45 EXEC SPC_M003_FND1
2019-03-26 16:36:03 EXEC SPC_COM_PERMISSION '1','2','m003';
2019-03-26 16:36:03 EXEC SPC_COM_MENU '1';
2019-03-26 16:36:03 EXEC SPC_M003_FND1
2019-03-26 16:37:11 EXEC SPC_COM_DATA 'kirito','1','1';
2019-03-26 16:37:11 EXEC SPC_VOCABULARY_LST1 '1','14','1','1';
2019-03-26 16:37:12 EXEC SPC_COM_DATA 'kirito','1','1';
2019-03-26 16:37:12 EXEC SPC_VOCABULARY_LST2 '1','1','14';
2019-03-26 16:38:30 EXEC SPC_COM_PERMISSION '1','2','m003';
2019-03-26 16:38:30 EXEC SPC_COM_MENU '1';
2019-03-26 16:38:30 EXEC SPC_M003_FND1
2019-03-26 16:38:43 EXEC SPC_COM_PERMISSION '1','2','m003';
2019-03-26 16:38:43 EXEC SPC_COM_MENU '1';
2019-03-26 16:38:43 EXEC SPC_M003_FND1
2019-03-26 16:39:11 EXEC SPC_COM_PERMISSION '1','2','m003';
2019-03-26 16:39:11 EXEC SPC_COM_MENU '1';
2019-03-26 16:39:11 EXEC SPC_M003_FND1
2019-03-26 16:40:32 EXEC SPC_COM_DATA 'kirito','1','1';
2019-03-26 16:40:32 EXEC SPC_VOCABULARY_LST1 '1','14','1','1';
2019-03-26 16:40:33 EXEC SPC_COM_DATA 'kirito','1','1';
2019-03-26 16:40:33 EXEC SPC_VOCABULARY_LST2 '1','1','14';
2019-03-26 16:40:44 EXEC SPC_COM_DATA 'kirito','1','1';
2019-03-26 16:40:44 EXEC SPC_VOCABULARY_LST1 '1','14','1','1';
2019-03-26 16:40:45 EXEC SPC_COM_DATA 'kirito','1','1';
2019-03-26 16:40:45 EXEC SPC_VOCABULARY_LST2 '1','1','14';
2019-03-26 16:41:22 EXEC SPC_COM_DATA 'kirito','1','1';
2019-03-26 16:41:22 EXEC SPC_VOCABULARY_LST1 '1','14','1','1';
2019-03-26 16:41:23 EXEC SPC_COM_DATA 'kirito','1','1';
2019-03-26 16:41:23 EXEC SPC_VOCABULARY_LST2 '1','1','14';
2019-03-26 16:42:02 EXEC SPC_COM_DATA 'kirito','1','1';
2019-03-26 16:42:02 EXEC SPC_VOCABULARY_LST1 '1','14','1','1';
2019-03-26 16:42:03 EXEC SPC_COM_DATA 'kirito','1','1';
2019-03-26 16:42:03 EXEC SPC_VOCABULARY_LST2 '1','1','14';
2019-03-26 16:42:11 EXEC SPC_COM_DATA 'kirito','1','1';
2019-03-26 16:42:11 EXEC SPC_VOCABULARY_LST1 '1','14','1','1';
2019-03-26 16:42:11 EXEC SPC_COM_DATA 'kirito','1','1';
2019-03-26 16:42:11 EXEC SPC_VOCABULARY_LST2 '1','1','14';
2019-03-26 16:42:52 EXEC SPC_COM_DATA 'kirito','1','1';
2019-03-26 16:42:52 EXEC SPC_VOCABULARY_LST1 '1','14','1','1';
2019-03-26 16:42:53 EXEC SPC_COM_DATA 'kirito','1','1';
2019-03-26 16:42:53 EXEC SPC_VOCABULARY_LST2 '1','1','14';
2019-03-26 16:43:03 EXEC SPC_COM_DATA 'kirito','1','1';
2019-03-26 16:43:03 EXEC SPC_VOCABULARY_LST1 '1','14','1','1';
2019-03-26 16:43:04 EXEC SPC_COM_DATA 'kirito','1','1';
2019-03-26 16:43:04 EXEC SPC_VOCABULARY_LST2 '1','1','14';
2019-03-26 16:43:37 EXEC SPC_COM_DATA 'kirito','1','1';
2019-03-26 16:43:37 EXEC SPC_VOCABULARY_LST1 '1','14','1','1';
2019-03-26 16:43:38 EXEC SPC_COM_DATA 'kirito','1','1';
2019-03-26 16:43:38 EXEC SPC_VOCABULARY_LST2 '1','1','14';
2019-03-26 16:44:13 EXEC SPC_COM_DATA 'kirito','1','1';
2019-03-26 16:44:13 EXEC SPC_VOCABULARY_LST1 '1','14','1','1';
2019-03-26 16:44:14 EXEC SPC_COM_DATA 'kirito','1','1';
2019-03-26 16:44:14 EXEC SPC_VOCABULARY_LST2 '1','1','14';
2019-03-26 16:47:38 EXEC SPC_COM_DATA 'kirito','1','1';
2019-03-26 16:47:38 EXEC SPC_VOCABULARY_LST1 '1','14','1','1';
2019-03-26 16:47:54 EXEC SPC_COM_DATA 'kirito','1','1';
2019-03-26 16:47:54 EXEC SPC_VOCABULARY_LST1 '1','14','1','1';
2019-03-26 16:48:28 EXEC SPC_COM_DATA 'kirito','1','1';
2019-03-26 16:48:28 EXEC SPC_VOCABULARY_LST1 '1','14','1','1';
2019-03-26 16:48:29 EXEC SPC_COM_DATA 'kirito','1','1';
2019-03-26 16:48:29 EXEC SPC_VOCABULARY_LST2 '1','1','14';
2019-03-26 16:49:06 EXEC SPC_COM_DATA 'kirito','1','1';
2019-03-26 16:49:06 EXEC SPC_VOCABULARY_LST1 '1','14','1','1';
2019-03-26 16:49:07 EXEC SPC_COM_DATA 'kirito','1','1';
2019-03-26 16:49:07 EXEC SPC_VOCABULARY_LST2 '1','1','14';
2019-03-26 16:49:24 EXEC SPC_COM_DATA 'kirito','1','1';
2019-03-26 16:49:24 EXEC SPC_VOCABULARY_LST1 '1','14','1','1';
2019-03-26 16:49:25 EXEC SPC_COM_DATA 'kirito','1','1';
2019-03-26 16:49:25 EXEC SPC_VOCABULARY_LST2 '1','1','14';
2019-03-26 16:50:03 EXEC SPC_COM_DATA 'kirito','1','1';
2019-03-26 16:50:03 EXEC SPC_VOCABULARY_LST1 '1','14','1','1';
2019-03-26 16:50:04 EXEC SPC_COM_DATA 'kirito','1','1';
2019-03-26 16:50:04 EXEC SPC_VOCABULARY_LST2 '1','1','14';
2019-03-26 16:50:39 EXEC SPC_COM_DATA 'kirito','1','1';
2019-03-26 16:50:39 EXEC SPC_VOCABULARY_LST1 '1','14','1','1';
2019-03-26 16:50:40 EXEC SPC_COM_DATA 'kirito','1','1';
2019-03-26 16:50:40 EXEC SPC_VOCABULARY_LST2 '1','1','14';
2019-03-26 16:50:47 EXEC SPC_COM_DATA 'kirito','1','1';
2019-03-26 16:50:47 EXEC SPC_COM_ADD_LESSON '1','1','1','14','::1';
2019-03-26 16:50:56 EXEC SPC_COM_DATA 'kirito','1','1';
2019-03-26 16:50:56 EXEC SPC_COM_DELETE_LESSON '1','14','::1';
2019-03-26 16:51:13 EXEC SPC_COM_DATA 'kirito','1','1';
2019-03-26 16:51:13 EXEC SPC_VOCABULARY_LST1 '1','14','1','1';
2019-03-26 16:51:14 EXEC SPC_COM_DATA 'kirito','1','1';
2019-03-26 16:51:14 EXEC SPC_VOCABULARY_LST2 '1','1','14';
2019-03-26 16:51:20 EXEC SPC_COM_DATA 'kirito','1','1';
2019-03-26 16:51:20 EXEC SPC_COM_ADD_LESSON '1','1','1','14','::1';
2019-03-26 16:51:22 EXEC SPC_COM_DATA 'kirito','1','1';
2019-03-26 16:51:22 EXEC SPC_VOCABULARY_LST2 '1','1','14';
2019-03-26 16:51:23 EXEC SPC_COM_DATA 'kirito','1','1';
2019-03-26 16:51:23 EXEC SPC_VOCABULARY_LST2 '1','1','14';
2019-03-26 16:51:25 EXEC SPC_COM_DATA 'kirito','1','1';
2019-03-26 16:51:25 EXEC SPC_VOCABULARY_LST2 '1','1','14';
2019-03-26 16:51:27 EXEC SPC_COM_DATA 'kirito','1','1';
2019-03-26 16:51:27 EXEC SPC_VOCABULARY_LST2 '1','1','14';
2019-03-26 16:51:28 EXEC SPC_COM_DATA 'kirito','1','1';
2019-03-26 16:51:28 EXEC SPC_VOCABULARY_LST2 '1','1','14';
2019-03-26 16:56:46 EXEC SPC_COM_DATA 'kirito','1','1';
2019-03-26 16:56:46 EXEC SPC_VOCABULARY_LST1 '1','14','1','1';
2019-03-26 16:56:47 EXEC SPC_COM_DATA 'kirito','1','1';
2019-03-26 16:56:47 EXEC SPC_VOCABULARY_LST2 '1','1','14';
2019-03-26 16:57:00 EXEC SPC_COM_DATA 'kirito','1','1';
2019-03-26 16:57:00 EXEC SPC_VOCABULARY_LST2 '1','1','14';
2019-03-26 16:57:02 EXEC SPC_COM_DATA 'kirito','1','1';
2019-03-26 16:57:02 EXEC SPC_VOCABULARY_LST2 '1','1','14';
2019-03-26 16:57:03 EXEC SPC_COM_DATA 'kirito','1','1';
2019-03-26 16:57:03 EXEC SPC_VOCABULARY_LST2 '1','1','14';
2019-03-26 16:57:13 EXEC SPC_COM_DATA 'kirito','1','1';
2019-03-26 16:57:13 EXEC SPC_VOCABULARY_LST1 '1','14','1','1';
2019-03-26 16:57:14 EXEC SPC_COM_DATA 'kirito','1','1';
2019-03-26 16:57:14 EXEC SPC_VOCABULARY_LST2 '1','1','14';
2019-03-26 16:59:42 EXEC SPC_COM_DATA 'kirito','1','1';
2019-03-26 16:59:42 EXEC SPC_VOCABULARY_LST1 '1','14','1','1';
2019-03-26 16:59:43 EXEC SPC_COM_DATA 'kirito','1','1';
2019-03-26 16:59:43 EXEC SPC_VOCABULARY_LST2 '1','1','14';
2019-03-26 16:59:55 EXEC SPC_COM_DATA 'kirito','1','1';
2019-03-26 16:59:55 EXEC SPC_VOCABULARY_LST1 '1','14','1','1';
2019-03-26 16:59:56 EXEC SPC_COM_DATA 'kirito','1','1';
2019-03-26 16:59:56 EXEC SPC_VOCABULARY_LST2 '1','1','14';
2019-03-26 17:02:16 EXEC SPC_COM_DATA 'kirito','1','1';
2019-03-26 17:02:16 EXEC SPC_VOCABULARY_LST1 '1','14','1','1';
2019-03-26 17:02:17 EXEC SPC_COM_DATA 'kirito','1','1';
2019-03-26 17:02:17 EXEC SPC_VOCABULARY_LST2 '1','1','14';
2019-03-26 17:02:39 EXEC SPC_COM_DATA 'kirito','1','1';
2019-03-26 17:02:39 EXEC SPC_VOCABULARY_LST1 '1','14','1','1';
2019-03-26 17:02:40 EXEC SPC_COM_DATA 'kirito','1','1';
2019-03-26 17:02:40 EXEC SPC_VOCABULARY_LST2 '1','1','14';
2019-03-26 17:02:59 EXEC SPC_COM_DATA 'kirito','1','1';
2019-03-26 17:02:59 EXEC SPC_VOCABULARY_LST1 '1','14','1','1';
2019-03-26 17:02:59 EXEC SPC_COM_DATA 'kirito','1','1';
2019-03-26 17:02:59 EXEC SPC_VOCABULARY_LST2 '1','1','14';
2019-03-26 17:03:23 EXEC SPC_COM_DATA 'kirito','1','1';
2019-03-26 17:03:23 EXEC SPC_VOCABULARY_LST1 '1','14','1','1';
2019-03-26 17:03:24 EXEC SPC_COM_DATA 'kirito','1','1';
2019-03-26 17:03:24 EXEC SPC_VOCABULARY_LST2 '1','1','14';
2019-03-26 17:04:01 EXEC SPC_COM_DATA 'kirito','1','1';
2019-03-26 17:04:01 EXEC SPC_VOCABULARY_LST1 '1','14','1','1';
2019-03-26 17:04:01 EXEC SPC_COM_DATA 'kirito','1','1';
2019-03-26 17:04:01 EXEC SPC_VOCABULARY_LST2 '1','1','14';
2019-03-26 17:05:03 EXEC SPC_COM_DATA 'kirito','1','1';
2019-03-26 17:05:03 EXEC SPC_VOCABULARY_LST1 '1','14','1','1';
2019-03-26 17:05:04 EXEC SPC_COM_DATA 'kirito','1','1';
2019-03-26 17:05:04 EXEC SPC_VOCABULARY_LST2 '1','1','14';
2019-03-26 17:05:42 EXEC SPC_COM_DATA 'kirito','1','1';
2019-03-26 17:05:42 EXEC SPC_VOCABULARY_LST1 '1','14','1','1';
2019-03-26 17:05:43 EXEC SPC_COM_DATA 'kirito','1','1';
2019-03-26 17:05:43 EXEC SPC_VOCABULARY_LST2 '1','1','14';
2019-03-26 17:06:03 EXEC SPC_COM_DATA 'kirito','1','1';
2019-03-26 17:06:03 EXEC SPC_VOCABULARY_LST1 '1','14','1','1';
2019-03-26 17:06:04 EXEC SPC_COM_DATA 'kirito','1','1';
2019-03-26 17:06:04 EXEC SPC_VOCABULARY_LST2 '1','1','14';
2019-03-26 17:07:02 EXEC SPC_COM_PERMISSION '1','2','m003';
2019-03-26 17:07:02 EXEC SPC_COM_MENU '1';
2019-03-26 17:07:02 EXEC SPC_M003_FND1
2019-03-26 17:07:25 EXEC SPC_COM_PERMISSION '1','2','m003';
2019-03-26 17:07:25 EXEC SPC_COM_MENU '1';
2019-03-26 17:07:25 EXEC SPC_M003_FND1
2019-03-26 17:10:50 EXEC SPC_COM_PERMISSION '1','2','m003';
2019-03-26 17:10:50 EXEC SPC_COM_MENU '1';
2019-03-26 17:10:51 EXEC SPC_M003_FND1
2019-03-26 17:10:57 EXEC SPC_COM_PERMISSION '1','2','m004';
2019-03-26 17:10:57 EXEC SPC_COM_MENU '1';
2019-03-26 17:10:57 EXEC SPC_M004_FND1
2019-03-26 17:11:05 EXEC SPC_COM_PERMISSION '1','2','s001';
2019-03-26 17:11:05 EXEC SPC_COM_MENU '1';
2019-03-26 17:11:05 EXEC SPC_S001_FND1
2019-03-26 17:11:11 EXEC SPC_COM_PERMISSION '1','2','s002';
2019-03-26 17:11:11 EXEC SPC_COM_MENU '1';
2019-03-26 17:11:11 EXEC SPC_S002_FND1
2019-03-26 17:12:07 EXEC SPC_COM_PERMISSION '1','2','s002';
2019-03-26 17:12:07 EXEC SPC_COM_MENU '1';
2019-03-26 17:12:07 EXEC SPC_S002_FND1
2019-03-26 17:12:17 EXEC SPC_COM_PERMISSION '1','2','s002';
2019-03-26 17:12:17 EXEC SPC_COM_MENU '1';
2019-03-26 17:12:17 EXEC SPC_S002_FND1
2019-03-26 17:12:34 EXEC SPC_COM_DATA 'kirito','1','1';
2019-03-26 17:12:34 EXEC SPC_VOCABULARY_LST1 '1','14','1','1';
2019-03-26 17:12:35 EXEC SPC_COM_DATA 'kirito','1','1';
2019-03-26 17:12:35 EXEC SPC_VOCABULARY_LST2 '1','1','14';
2019-03-26 17:14:30 EXEC SPC_COM_PERMISSION '1','2','s002';
2019-03-26 17:14:30 EXEC SPC_COM_MENU '1';
2019-03-26 17:14:30 EXEC SPC_S002_FND1
2019-03-26 17:16:03 EXEC SPC_COM_PERMISSION '1','2','s001';
2019-03-26 17:16:03 EXEC SPC_COM_MENU '1';
2019-03-26 17:16:04 EXEC SPC_S001_FND1
2019-03-26 17:16:06 EXEC SPC_COM_PERMISSION '1','2','s002';
2019-03-26 17:16:06 EXEC SPC_COM_MENU '1';
2019-03-26 17:16:06 EXEC SPC_S002_FND1
2019-03-26 17:16:13 EXEC SPC_COM_PERMISSION '1','2','m007';
2019-03-26 17:16:13 EXEC SPC_COM_MENU '1';
2019-03-26 17:16:13 EXEC SPC_M007_FND1
2019-03-26 17:17:15 EXEC SPC_COM_PERMISSION '1','2','m007';
2019-03-26 17:17:15 EXEC SPC_COM_MENU '1';
2019-03-26 17:17:15 EXEC SPC_M007_FND1
2019-03-26 17:20:20 EXEC SPC_COM_PERMISSION '1','2','m007';
2019-03-26 17:20:20 EXEC SPC_COM_MENU '1';
2019-03-26 17:20:20 EXEC SPC_M007_FND1
2019-03-26 17:21:11 EXEC SPC_COM_PERMISSION '1','2','m007';
2019-03-26 17:21:11 EXEC SPC_COM_MENU '1';
2019-03-26 17:21:11 EXEC SPC_M007_FND1
2019-03-26 17:21:46 EXEC SPC_COM_PERMISSION '1','2','m007';
2019-03-26 17:21:46 EXEC SPC_COM_MENU '1';
2019-03-26 17:21:46 EXEC SPC_M007_FND1
2019-03-26 17:23:12 EXEC SPC_COM_PERMISSION '1','2','m007';
2019-03-26 17:23:12 EXEC SPC_COM_MENU '1';
2019-03-26 17:23:12 EXEC SPC_M007_FND1
2019-03-26 17:24:23 EXEC SPC_COM_PERMISSION '1','2','m007';
2019-03-26 17:24:23 EXEC SPC_COM_MENU '1';
2019-03-26 17:24:23 EXEC SPC_M007_FND1
2019-03-26 17:24:31 EXEC SPC_COM_PERMISSION '1','2','m007';
2019-03-26 17:24:31 EXEC SPC_COM_MENU '1';
2019-03-26 17:24:31 EXEC SPC_M007_FND1
2019-03-26 17:25:25 EXEC SPC_COM_PERMISSION '1','2','m007';
2019-03-26 17:25:25 EXEC SPC_COM_MENU '1';
2019-03-26 17:25:25 EXEC SPC_M007_FND1
2019-03-26 17:25:36 EXEC SPC_COM_PERMISSION '1','2','m007';
2019-03-26 17:25:36 EXEC SPC_COM_MENU '1';
2019-03-26 17:25:36 EXEC SPC_M007_FND1
2019-03-26 17:25:55 EXEC SPC_COM_PERMISSION '1','2','m007';
2019-03-26 17:25:55 EXEC SPC_COM_MENU '1';
2019-03-26 17:25:55 EXEC SPC_M007_FND1
2019-03-26 17:26:06 EXEC SPC_COM_PERMISSION '1','2','m007';
2019-03-26 17:26:06 EXEC SPC_COM_MENU '1';
2019-03-26 17:26:06 EXEC SPC_M007_FND1
2019-03-26 17:26:36 EXEC SPC_COM_PERMISSION '1','2','m007';
2019-03-26 17:26:36 EXEC SPC_COM_MENU '1';
2019-03-26 17:26:36 EXEC SPC_M007_FND1
2019-03-26 17:28:36 EXEC SPC_COM_PERMISSION '1','2','m007';
2019-03-26 17:28:36 EXEC SPC_COM_MENU '1';
2019-03-26 17:28:36 EXEC SPC_M007_FND1
2019-03-26 17:30:07 EXEC SPC_COM_PERMISSION '1','2','m007';
2019-03-26 17:30:07 EXEC SPC_COM_MENU '1';
2019-03-26 17:30:07 EXEC SPC_M007_FND1
2019-03-26 17:30:29 EXEC SPC_COM_PERMISSION '1','2','m007';
2019-03-26 17:30:29 EXEC SPC_COM_MENU '1';
2019-03-26 17:30:29 EXEC SPC_M007_FND1
2019-03-26 17:30:33 EXEC SPC_COM_MENU '1';
2019-03-26 17:30:33 EXEC SPC_m007_LST1 '';
2019-03-26 17:30:33 EXEC SPC_M007_FND1
2019-03-26 17:30:35 EXEC SPC_COM_MENU '1';
2019-03-26 17:30:35 EXEC SPC_m007_LST1 '';
2019-03-26 17:30:35 EXEC SPC_M007_FND1
2019-03-26 17:30:36 EXEC SPC_COM_MENU '1';
2019-03-26 17:30:36 EXEC SPC_m007_LST1 '';
2019-03-26 17:30:36 EXEC SPC_M007_FND1
2019-03-26 17:30:37 EXEC SPC_COM_MENU '1';
2019-03-26 17:30:37 EXEC SPC_m007_LST1 '';
2019-03-26 17:30:37 EXEC SPC_M007_FND1
2019-03-26 17:30:39 EXEC SPC_COM_MENU '1';
2019-03-26 17:30:39 EXEC SPC_m007_LST1 '';
2019-03-26 17:30:39 EXEC SPC_M007_FND1
2019-03-26 17:30:40 EXEC SPC_COM_MENU '1';
2019-03-26 17:30:40 EXEC SPC_m007_LST1 '';
2019-03-26 17:30:40 EXEC SPC_M007_FND1
2019-03-26 17:31:34 EXEC SPC_COM_PERMISSION '1','2','m007';
2019-03-26 17:31:34 EXEC SPC_COM_MENU '1';
2019-03-26 17:31:34 EXEC SPC_M007_FND1
2019-03-26 17:32:02 EXEC SPC_COM_MENU '1';
2019-03-26 17:32:02 EXEC SPC_m007_LST1 '17';
2019-03-26 17:32:02 EXEC SPC_M007_FND1
2019-03-26 17:32:29 EXEC SPC_COM_MENU '1';
2019-03-26 17:32:29 EXEC SPC_m007_LST1 '13';
2019-03-26 17:32:29 EXEC SPC_M007_FND1
2019-03-26 17:34:07 EXEC SPC_COM_PERMISSION '1','2','w001';
2019-03-26 17:34:07 EXEC SPC_COM_MENU '1';
2019-03-26 17:34:07 EXEC SPC_COM_M999_INQ1 '7';
2019-03-26 17:34:13 EXEC SPC_COM_PERMISSION '1','2','w002';
2019-03-26 17:34:13 EXEC SPC_COM_MENU '1';
2019-03-26 17:34:13 EXEC SPC_W002_FND1
2019-03-26 17:34:16 EXEC SPC_COM_MENU '1';
2019-03-26 17:34:16 EXEC SPC_W002_LST2 '1';
2019-03-26 17:34:18 EXEC SPC_COM_MENU '1';
2019-03-26 17:34:18 EXEC SPC_COMMON_GROUP '1';
2019-03-26 17:34:54 EXEC SPC_COM_PERMISSION '1','2','w001';
2019-03-26 17:34:54 EXEC SPC_COM_MENU '1';
2019-03-26 17:34:54 EXEC SPC_COM_M999_INQ1 '7';
2019-03-26 17:34:57 EXEC SPC_COM_MENU '1';
2019-03-26 17:34:57 EXEC SPC_COMMON_CATALORUE '1';
2019-03-26 17:34:59 EXEC SPC_COM_MENU '1';
2019-03-26 17:34:59 EXEC SPC_COMMON_GROUP '1';
2019-03-26 17:35:02 EXEC SPC_COM_MENU '1';
2019-03-26 17:35:02 EXEC SPC_w001_LST1 '1','1','1','','10','1';
2019-03-26 17:35:09 EXEC SPC_COM_MENU '1';
2019-03-26 17:35:10 EXEC SPC_COM_M999_INQ1 '8';
2019-03-26 17:35:10 EXEC SPC_COM_MENU '1';
2019-03-26 17:35:10 EXEC SPC_p004_LST1 '1';
2019-03-26 17:35:18 EXEC SPC_COM_MENU '1';
2019-03-26 17:35:18 EXEC SPC_COM_M999_INQ1 '8';
2019-03-26 17:35:19 EXEC SPC_COM_MENU '1';
2019-03-26 17:35:19 EXEC SPC_p004_LST1 '1';
2019-03-26 17:35:43 EXEC SPC_COM_MENU '1';
2019-03-26 17:35:43 EXEC SPC_COM_M999_INQ1 '8';
2019-03-26 17:35:44 EXEC SPC_COM_MENU '1';
2019-03-26 17:35:44 EXEC SPC_p004_LST1 '1';
2019-03-26 17:35:47 EXEC SPC_COM_MENU '1';
2019-03-26 17:35:47 EXEC SPC_COM_M999_INQ1 '8';
2019-03-26 17:35:47 EXEC SPC_COM_MENU '1';
2019-03-26 17:35:47 EXEC SPC_p004_LST1 '1';
2019-03-26 17:35:49 EXEC SPC_COM_MENU '1';
2019-03-26 17:35:49 EXEC SPC_COM_M999_INQ1 '8';
2019-03-26 17:35:49 EXEC SPC_COM_MENU '1';
2019-03-26 17:35:49 EXEC SPC_p004_LST1 '1';
2019-03-26 17:38:33 EXEC SPC_COM_MENU '1';
2019-03-26 17:38:34 EXEC SPC_COM_M999_INQ1 '8';
2019-03-26 17:38:34 EXEC SPC_COM_MENU '1';
2019-03-26 17:38:34 EXEC SPC_p004_LST1 '1';
2019-03-26 17:39:36 EXEC SPC_COM_PERMISSION '1','2','v001';
2019-03-26 17:39:36 EXEC SPC_COM_MENU '1';
2019-03-26 17:39:36 EXEC SPC_COM_M999_INQ1 '8';
2019-03-26 17:39:37 EXEC SPC_COM_MENU '1';
2019-03-26 17:39:37 EXEC SPC_V001_LST1 '0','','','50','1';
2019-03-26 17:43:01 EXEC SPC_COM_PERMISSION '1','2','w001';
2019-03-26 17:43:01 EXEC SPC_COM_MENU '1';
2019-03-26 17:43:02 EXEC SPC_COM_M999_INQ1 '7';
2019-03-26 17:43:03 EXEC SPC_COM_MENU '1';
2019-03-26 17:43:03 EXEC SPC_w001_LST1 '','','','','10','1';
2019-03-26 17:43:05 EXEC SPC_COM_PERMISSION '1','2','w002';
2019-03-26 17:43:05 EXEC SPC_COM_MENU '1';
2019-03-26 17:43:05 EXEC SPC_W002_FND1
2019-03-26 17:43:05 EXEC SPC_COM_MENU '1';
2019-03-26 17:43:05 EXEC SPC_W002_LST1 '1';
2019-03-26 17:43:06 EXEC SPC_COM_MENU '1';
2019-03-26 17:43:06 EXEC SPC_W002_LST2 '1';
2019-03-26 17:43:06 EXEC SPC_COM_MENU '1';
2019-03-26 17:43:06 EXEC SPC_COMMON_GROUP '1';
2019-03-26 17:43:12 EXEC SPC_COM_MENU '1';
2019-03-26 17:43:12 EXEC SPC_COM_M999_INQ1 '8';
2019-03-26 17:43:12 EXEC SPC_COM_MENU '1';
2019-03-26 17:43:12 EXEC SPC_p003_LST2 '<row vocabulary_code="1" vocabulary_id="1" vocabulary_div="Danh từ" vocabulary_nm="A" spelling="a" mean="chữ &amp;#39;A&amp;#39; trong bảng chữ cái" explain="" />';
2019-03-26 17:44:46 EXEC SPC_COM_MENU '1';
2019-03-26 17:44:46 EXEC SPC_COM_M999_INQ1 '8';
2019-03-26 17:44:47 EXEC SPC_COM_MENU '1';
2019-03-26 17:44:47 EXEC SPC_p003_LST2 '<row vocabulary_code="1" vocabulary_id="1" vocabulary_div="Danh từ" vocabulary_nm="A" spelling="a" mean="chữ &amp;#39;A&amp;#39; trong bảng chữ cái" explain="" />';
2019-03-26 17:45:02 EXEC SPC_COM_PERMISSION '1','2','v002';
2019-03-26 17:45:02 EXEC SPC_COM_MENU '1';
2019-03-26 17:45:02 EXEC SPC_V002_FND1
2019-03-26 17:45:03 EXEC SPC_COM_PERMISSION '1','2','v002';
2019-03-26 17:45:03 EXEC SPC_COM_MENU '1';
2019-03-26 17:45:03 EXEC SPC_V002_FND1
2019-03-26 17:45:29 EXEC SPC_COM_MENU '1';
2019-03-26 17:45:32 EXEC SPC_COM_DATA 'ndq809','1','2';
2019-03-26 17:45:35 EXEC SPC_COM_MENU '1';
2019-03-26 17:45:56 EXEC SPC_COM_MENU '1';
2019-03-26 17:46:26 EXEC SPC_COM_MENU '1';
2019-03-26 17:46:27 EXEC SPC_V002_ACT1 '','','B','1','B','Chữ cái 'B'','/web-content/images/vocabulary/cropped-colorful-alphabet-chart_20190326 1717030335351553589935239.jpg','','','/web-content/audio/listeningAudio/audio_5c99e6e2eec14.mp3','','1','::1';
2019-03-26 17:46:28 EXEC SPC_COM_MENU '1';
2019-03-26 17:46:28 EXEC SPC_v002_LST1 '2','1';
2019-03-26 17:46:32 EXEC SPC_COM_PERMISSION '1','2','v001';
2019-03-26 17:46:32 EXEC SPC_COM_MENU '1';
2019-03-26 17:46:32 EXEC SPC_COM_M999_INQ1 '8';
2019-03-26 17:46:33 EXEC SPC_COM_MENU '1';
2019-03-26 17:46:33 EXEC SPC_V001_LST1 '0','','','50','1';
2019-03-26 17:46:57 EXEC SPC_COM_PERMISSION '1','2','w002';
2019-03-26 17:46:57 EXEC SPC_COM_MENU '1';
2019-03-26 17:46:57 EXEC SPC_W002_FND1
2019-03-26 17:46:59 EXEC SPC_COM_MENU '1';
2019-03-26 17:46:59 EXEC SPC_W002_LST1 '1';
2019-03-26 17:47:00 EXEC SPC_COM_MENU '1';
2019-03-26 17:47:00 EXEC SPC_W002_LST2 '1';
2019-03-26 17:47:00 EXEC SPC_COM_MENU '1';
2019-03-26 17:47:00 EXEC SPC_COMMON_GROUP '1';
2019-03-26 17:47:01 EXEC SPC_COM_MENU '1';
2019-03-26 17:47:01 EXEC SPC_COM_M999_INQ1 '8';
2019-03-26 17:47:02 EXEC SPC_COM_MENU '1';
2019-03-26 17:47:02 EXEC SPC_p003_LST2 '<row vocabulary_code="1" vocabulary_id="1" vocabulary_div="Danh từ" vocabulary_nm="A" spelling="a" mean="chữ &amp;#39;A&amp;#39; trong bảng chữ cái" explain="" />';
2019-03-26 17:47:03 EXEC SPC_COM_MENU '1';
2019-03-26 17:47:03 EXEC SPC_p003_LST1 '0','','','<row vocabulary_code="1" />','50','1';
2019-03-26 17:49:15 EXEC SPC_COM_PERMISSION '1','2','v001';
2019-03-26 17:49:15 EXEC SPC_COM_MENU '1';
2019-03-26 17:49:15 EXEC SPC_COM_M999_INQ1 '8';
2019-03-26 17:49:17 EXEC SPC_COM_MENU '1';
2019-03-26 17:49:17 EXEC SPC_V001_LST1 '0','','','50','1';
2019-03-26 17:50:56 EXEC SPC_COM_PERMISSION '1','2','v001';
2019-03-26 17:50:56 EXEC SPC_COM_MENU '1';
2019-03-26 17:50:56 EXEC SPC_COM_M999_INQ1 '8';
2019-03-26 17:51:26 EXEC SPC_COM_PERMISSION '1','2','v001';
2019-03-26 17:51:26 EXEC SPC_COM_MENU '1';
2019-03-26 17:51:26 EXEC SPC_COM_M999_INQ1 '8';
2019-03-26 17:52:00 EXEC SPC_COM_DATA 'kirito','1','1';
2019-03-26 17:52:00 EXEC SPC_VOCABULARY_LST1 '1','14','1','1';
2019-03-26 17:52:01 EXEC SPC_COM_DATA 'kirito','1','1';
2019-03-26 17:52:01 EXEC SPC_VOCABULARY_LST2 '1','1','14';
2019-03-26 17:52:05 EXEC SPC_COM_PERMISSION '1','2','v001';
2019-03-26 17:52:05 EXEC SPC_COM_MENU '1';
2019-03-26 17:52:05 EXEC SPC_COM_M999_INQ1 '8';
2019-03-26 17:52:18 EXEC SPC_COM_PERMISSION '1','2','m007';
2019-03-26 17:52:18 EXEC SPC_COM_MENU '1';
2019-03-26 17:52:18 EXEC SPC_M007_FND1
2019-03-26 17:55:17 EXEC SPC_COM_MENU '1';
2019-03-26 17:55:17 EXEC SPC_M007_ACT2 'Trạng thái record','<row row_id="0" number_id="0" content="" num_remark1="" num_remark2="" num_remark3="" text_remark1="" text_remark2="" text_remark3="" /><row row_id="1" number_id="1" content="Chưa phê duyệt" num_remark1="" num_remark2="" num_remark3="" text_remark1="" text_remark2="" text_remark3="" /><row row_id="2" number_id="2" content="Đã phê duyệt" num_remark1="" num_remark2="" num_remark3="" text_remark1="" text_remark2="" text_remark3="" /><row row_id="3" number_id="3" content="Đã công khai" num_remark1="" num_remark2="" num_remark3="" text_remark1="" text_remark2="" text_remark3="" />','1','::1';
2019-03-26 17:55:20 EXEC SPC_COM_MENU '1';
2019-03-26 17:55:20 EXEC SPC_m007_LST1 '';
2019-03-26 17:55:20 EXEC SPC_M007_FND1
2019-03-26 17:55:20 EXEC SPC_COM_MENU '1';
2019-03-26 17:55:20 EXEC SPC_m007_LST1 '20';
2019-03-26 17:55:20 EXEC SPC_M007_FND1
2019-03-26 17:59:55 EXEC SPC_COM_PERMISSION '1','2','v001';
2019-03-26 17:59:55 EXEC SPC_COM_MENU '1';
2019-03-26 17:59:55 EXEC SPC_V001_LST1
