2019-07-17 09:02:45 EXEC SPC_COM_DATA '','','';
2019-07-17 09:13:26 EXEC SPC_COM_DATA '','','';
2019-07-17 09:13:28 EXEC SPC_COM_DATA '','','';
2019-07-17 09:13:28 EXEC SPC_VOCABULARY_LST1 '','','','';
2019-07-17 09:13:29 EXEC SPC_COM_DATA '','','';
2019-07-17 09:13:29 EXEC SPC_VOCABULARY_LST2 '4','4','';
2019-07-17 09:13:32 EXEC SPC_COM_DATA '','','';
2019-07-17 09:13:32 EXEC SPC_DICTIONARY_LST1 '21','';
2019-07-17 09:13:33 EXEC SPC_COM_DATA '','','';
2019-07-17 09:13:33 EXEC SPC_DICTIONARY_LST2 '"Buddhist" economy','','::1';
2019-07-17 09:13:48 EXEC SPC_COM_DATA '','','';
2019-07-17 09:13:48 EXEC SPC_DICTIONARY_LST1 '3','';
2019-07-17 09:13:48 EXEC SPC_COM_DATA '','','';
2019-07-17 09:13:48 EXEC SPC_DICTIONARY_LST2 '"acid test" (ratio)','','::1';
2019-07-17 09:36:46 EXEC SPC_COM_DATA '','','';
2019-07-17 09:36:46 EXEC SPC_VOCABULARY_LST1 '1','','4','4';
2019-07-17 09:36:47 EXEC SPC_COM_DATA '','','';
2019-07-17 09:36:47 EXEC SPC_VOCABULARY_LST2 '4','4','';
2019-07-17 09:44:34 EXEC SPC_COM_DATA '','','';
2019-07-17 09:44:34 EXEC SPC_GRAMMAR_LST1 '','','4','4';
2019-07-17 09:44:35 EXEC SPC_COM_DATA '','','';
2019-07-17 09:44:35 EXEC SPC_GRAMMAR_LST2 '5','5','';
2019-07-17 09:44:37 EXEC SPC_COM_DATA '','','';
2019-07-17 09:44:37 EXEC SPC_COM_QUESTION_LIST '2';
2019-07-17 09:44:44 EXEC SPC_COM_DATA '','','';
2019-07-17 09:44:44 EXEC SPC_COM_QUESTION_LIST '2';
2019-07-17 09:44:55 EXEC SPC_COM_DATA '','','';
2019-07-17 09:44:56 EXEC SPC_COM_QUESTION_LIST '2';
2019-07-17 09:48:29 EXEC SPC_COM_DATA '','','';
2019-07-17 09:48:29 EXEC SPC_VOCABULARY_LST1 '','','5','5';
2019-07-17 09:48:30 EXEC SPC_COM_DATA '','','';
2019-07-17 09:48:30 EXEC SPC_VOCABULARY_LST2 '4','4','';
2019-07-17 09:50:29 EXEC SPC_COM_DATA '','','';
2019-07-17 09:50:29 EXEC SPC_VOCABULARY_LST1 '1','','4','4';
2019-07-17 09:50:30 EXEC SPC_COM_DATA '','','';
2019-07-17 09:50:30 EXEC SPC_VOCABULARY_LST2 '4','4','';
2019-07-17 09:50:36 EXEC SPC_COM_DATA '','','';
2019-07-17 09:50:36 EXEC SPC_VOCABULARY_LST1 '','','4','4';
2019-07-17 09:50:37 EXEC SPC_COM_DATA '','','';
2019-07-17 09:50:37 EXEC SPC_VOCABULARY_LST2 '4','4','';
2019-07-17 09:50:39 EXEC SPC_COM_DATA '','','';
2019-07-17 09:50:39 EXEC SPC_VOCABULARY_LST1 '','','4','4';
2019-07-17 09:50:39 EXEC SPC_COM_DATA '','','';
2019-07-17 09:50:39 EXEC SPC_VOCABULARY_LST2 '4','4','';
2019-07-17 09:50:40 EXEC SPC_COM_DATA '','','';
2019-07-17 09:50:40 EXEC SPC_VOCABULARY_LST1 '','','4','4';
2019-07-17 09:50:41 EXEC SPC_COM_DATA '','','';
2019-07-17 09:50:41 EXEC SPC_VOCABULARY_LST2 '4','4','';
2019-07-17 09:51:03 EXEC SPC_COM_DATA '','','';
2019-07-17 09:51:03 EXEC SPC_VOCABULARY_LST1 '','','4','4';
2019-07-17 09:51:04 EXEC SPC_COM_DATA '','','';
2019-07-17 09:51:04 EXEC SPC_VOCABULARY_LST2 '4','4','';
2019-07-17 09:51:16 EXEC SPC_COM_DATA '','','';
2019-07-17 09:51:16 EXEC SPC_VOCABULARY_LST1 '','','4','4';
2019-07-17 09:51:17 EXEC SPC_COM_DATA '','','';
2019-07-17 09:51:17 EXEC SPC_VOCABULARY_LST2 '4','4','';
2019-07-17 09:54:56 EXEC SPC_COM_DATA '','','';
2019-07-17 09:54:56 EXEC SPC_VOCABULARY_LST1 '1','','4','4';
2019-07-17 09:54:56 EXEC SPC_COM_DATA '','','';
2019-07-17 09:54:56 EXEC SPC_VOCABULARY_LST2 '4','4','';
2019-07-17 11:27:43 EXEC SPC_COM_DATA '','','';
2019-07-17 11:27:43 EXEC SPC_VOCABULARY_LST1 '','','4','4';
2019-07-17 11:27:44 EXEC SPC_COM_DATA '','','';
2019-07-17 11:27:44 EXEC SPC_VOCABULARY_LST2 '4','4','';
2019-07-17 11:29:09 EXEC SPC_COM_DATA '','','';
2019-07-17 11:29:09 EXEC SPC_COM_QUESTION_LIST '4','4';
2019-07-17 11:29:33 EXEC SPC_COM_DATA '','','';
2019-07-17 11:29:33 EXEC SPC_VOCABULARY_LST1 '','','4','4';
2019-07-17 11:29:34 EXEC SPC_COM_DATA '','','';
2019-07-17 11:29:34 EXEC SPC_VOCABULARY_LST2 '4','4','';
2019-07-17 11:44:12 EXEC SPC_COM_DATA '','','';
2019-07-17 11:44:13 EXEC SPC_VOCABULARY_LST1 '1','','4','4';
2019-07-17 11:44:13 EXEC SPC_COM_DATA '','','';
2019-07-17 11:44:13 EXEC SPC_VOCABULARY_LST2 '4','4','';
2019-07-17 15:06:50 EXEC SPC_COM_DATA '','','';
2019-07-17 15:06:51 EXEC SPC_VOCABULARY_LST1 '1','','4','4';
2019-07-17 15:06:52 EXEC SPC_COM_DATA '','','';
2019-07-17 15:06:52 EXEC SPC_VOCABULARY_LST2 '4','4','';
2019-07-17 15:06:56 EXEC SPC_COM_DATA '','','';
2019-07-17 15:06:56 EXEC SPC_VOCABULARY_LST1 '1','','4','4';
2019-07-17 15:06:57 EXEC SPC_COM_DATA '','','';
2019-07-17 15:06:57 EXEC SPC_VOCABULARY_LST2 '4','4','';
2019-07-17 15:08:02 EXEC SPC_COM_DATA '','','';
2019-07-17 15:08:02 EXEC SPC_VOCABULARY_LST1 '1','','4','4';
2019-07-17 15:08:03 EXEC SPC_COM_DATA '','','';
2019-07-17 15:08:03 EXEC SPC_VOCABULARY_LST2 '4','4','';
2019-07-17 15:10:45 EXEC SPC_COM_DATA '','','';
2019-07-17 15:10:45 EXEC SPC_VOCABULARY_LST1 '1','','4','4';
2019-07-17 15:10:46 EXEC SPC_COM_DATA '','','';
2019-07-17 15:10:46 EXEC SPC_VOCABULARY_LST2 '4','4','';
2019-07-17 15:13:25 EXEC SPC_COM_DATA '','','';
2019-07-17 15:13:25 EXEC SPC_VOCABULARY_LST1 '1','','4','4';
2019-07-17 15:13:26 EXEC SPC_COM_DATA '','','';
2019-07-17 15:13:26 EXEC SPC_VOCABULARY_LST2 '4','4','';
2019-07-17 15:14:16 EXEC SPC_COM_DATA '','','';
2019-07-17 15:14:16 EXEC SPC_VOCABULARY_LST1 '1','','4','4';
2019-07-17 15:14:18 EXEC SPC_COM_DATA '','','';
2019-07-17 15:14:18 EXEC SPC_VOCABULARY_LST2 '4','4','';
2019-07-17 15:16:09 EXEC SPC_COM_DATA '','','';
2019-07-17 15:16:09 EXEC SPC_VOCABULARY_LST1 '1','','4','4';
2019-07-17 15:16:10 EXEC SPC_COM_DATA '','','';
2019-07-17 15:16:10 EXEC SPC_VOCABULARY_LST2 '4','4','';
2019-07-17 15:21:25 EXEC SPC_COM_DATA '','','';
2019-07-17 15:21:25 EXEC SPC_VOCABULARY_LST1 '1','','4','4';
2019-07-17 15:21:26 EXEC SPC_COM_DATA '','','';
2019-07-17 15:21:26 EXEC SPC_VOCABULARY_LST2 '4','4','';
2019-07-17 15:57:08 EXEC SPC_COM_DATA '','','';
2019-07-17 15:57:08 EXEC SPC_VOCABULARY_LST1 '1','','4','4';
2019-07-17 15:57:09 EXEC SPC_COM_DATA '','','';
2019-07-17 15:57:09 EXEC SPC_VOCABULARY_LST2 '4','4','';
2019-07-17 16:01:30 EXEC SPC_COM_DATA '','','';
2019-07-17 16:01:30 EXEC SPC_VOCABULARY_LST1 '','','4','4';
2019-07-17 16:01:31 EXEC SPC_COM_DATA '','','';
2019-07-17 16:01:31 EXEC SPC_VOCABULARY_LST2 '4','4','';
2019-07-17 16:01:55 EXEC SPC_COM_DATA '','','';
2019-07-17 16:01:55 EXEC SPC_VOCABULARY_LST1 '1','','4','4';
2019-07-17 16:01:56 EXEC SPC_COM_DATA '','','';
2019-07-17 16:01:56 EXEC SPC_VOCABULARY_LST2 '4','4','';
2019-07-17 16:02:17 EXEC SPC_COM_DATA '','','';
2019-07-17 16:02:17 EXEC SPC_VOCABULARY_LST1 '1','','4','4';
2019-07-17 16:02:18 EXEC SPC_COM_DATA '','','';
2019-07-17 16:02:18 EXEC SPC_VOCABULARY_LST2 '4','4','';
2019-07-17 16:04:38 EXEC SPC_COM_DATA '','','';
2019-07-17 16:04:38 EXEC SPC_VOCABULARY_LST1 '1','','4','4';
2019-07-17 16:04:39 EXEC SPC_COM_DATA '','','';
2019-07-17 16:04:39 EXEC SPC_VOCABULARY_LST2 '4','4','';
2019-07-17 16:05:38 EXEC SPC_COM_DATA '','','';
2019-07-17 16:05:38 EXEC SPC_VOCABULARY_LST1 '1','','4','4';
2019-07-17 16:05:39 EXEC SPC_COM_DATA '','','';
2019-07-17 16:05:39 EXEC SPC_VOCABULARY_LST2 '4','4','';
2019-07-17 16:06:05 EXEC SPC_COM_DATA '','','';
2019-07-17 16:06:05 EXEC SPC_VOCABULARY_LST1 '1','','4','4';
2019-07-17 16:06:06 EXEC SPC_COM_DATA '','','';
2019-07-17 16:06:06 EXEC SPC_VOCABULARY_LST2 '4','4','';
2019-07-17 16:06:36 EXEC SPC_COM_DATA '','','';
2019-07-17 16:06:36 EXEC SPC_VOCABULARY_LST1 '1','','4','4';
2019-07-17 16:06:37 EXEC SPC_COM_DATA '','','';
2019-07-17 16:06:37 EXEC SPC_VOCABULARY_LST2 '4','4','';
2019-07-17 16:07:38 EXEC SPC_COM_DATA '','','';
2019-07-17 16:07:38 EXEC SPC_VOCABULARY_LST1 '1','','4','4';
2019-07-17 16:07:39 EXEC SPC_COM_DATA '','','';
2019-07-17 16:07:39 EXEC SPC_VOCABULARY_LST2 '4','4','';
2019-07-17 16:12:00 EXEC SPC_COM_DATA '','','';
2019-07-17 16:12:00 EXEC SPC_VOCABULARY_LST1 '1','','4','4';
2019-07-17 16:12:01 EXEC SPC_COM_DATA '','','';
2019-07-17 16:12:01 EXEC SPC_VOCABULARY_LST2 '4','4','';
2019-07-17 16:15:30 EXEC SPC_COM_DATA '','','';
2019-07-17 16:15:30 EXEC SPC_VOCABULARY_LST1 '1','','4','4';
2019-07-17 16:15:32 EXEC SPC_COM_DATA '','','';
2019-07-17 16:15:32 EXEC SPC_VOCABULARY_LST2 '4','4','';
2019-07-17 16:16:45 EXEC SPC_COM_DATA '','','';
2019-07-17 16:16:45 EXEC SPC_VOCABULARY_LST1 '1','','4','4';
2019-07-17 16:16:46 EXEC SPC_COM_DATA '','','';
2019-07-17 16:16:46 EXEC SPC_VOCABULARY_LST2 '4','4','';
2019-07-17 16:20:04 EXEC SPC_COM_DATA '','','';
2019-07-17 16:20:04 EXEC SPC_VOCABULARY_LST1 '1','','4','4';
2019-07-17 16:20:05 EXEC SPC_COM_DATA '','','';
2019-07-17 16:20:05 EXEC SPC_VOCABULARY_LST2 '4','4','';
2019-07-17 16:21:18 EXEC SPC_COM_DATA '','','';
2019-07-17 16:21:18 EXEC SPC_VOCABULARY_LST1 '1','','4','4';
2019-07-17 16:21:19 EXEC SPC_COM_DATA '','','';
2019-07-17 16:21:19 EXEC SPC_VOCABULARY_LST2 '4','4','';
